2024-08-24 08:14:58.633189: I tensorflow/core/platform/cpu_feature_guard.cc:193] This TensorFlow binary is optimized with oneAPI Deep Neural Network Library (oneDNN) to use the following CPU instructions in performance-critical operations:  AVX AVX2
To enable them in other operations, rebuild TensorFlow with the appropriate compiler flags.
2024-08-24 08:14:59.597647: I tensorflow/core/common_runtime/gpu/gpu_device.cc:1616] Created device /job:localhost/replica:0/task:0/device:GPU:0 with 13575 MB memory:  -> device: 0, name: NVIDIA GeForce RTX 4060 Ti, pci bus id: 0000:01:00.0, compute capability: 8.9
1 Physical GPUs, 1 Logical GPUs
Fold:  0
Model: "sequential"
_________________________________________________________________
 Layer (type)                Output Shape              Param #   
=================================================================
 conv2d (Conv2D)             (None, 32, 32, 32)        896       
                                                                 
 max_pooling2d (MaxPooling2D  (None, 16, 16, 32)       0         
 )                                                               
                                                                 
 dropout (Dropout)           (None, 16, 16, 32)        0         
                                                                 
 flatten (Flatten)           (None, 8192)              0         
                                                                 
 dense (Dense)               (None, 10)                81930     
                                                                 
=================================================================
Total params: 82,826
Trainable params: 82,826
Non-trainable params: 0
_________________________________________________________________
Taxa de aprendizado:  1 Num de épocas:  164 Tamanho do lote:  64 Dropout:  0.14
Epoch 1/164
2024-08-24 08:15:01.266035: I tensorflow/stream_executor/cuda/cuda_dnn.cc:384] Loaded cuDNN version 8100
2024-08-24 08:15:02.697965: W tensorflow/stream_executor/gpu/redzone_allocator.cc:314] INTERNAL: ptxas exited with non-zero error code -1, output: 
Relying on driver to perform ptx compilation. 
Modify $PATH to customize ptxas location.
This message will be only logged once.
2024-08-24 08:15:03.947985: I tensorflow/stream_executor/cuda/cuda_blas.cc:1614] TensorFloat-32 will be used for the matrix multiplication. This will only be logged once.

  1/844 [..............................] - ETA: 1:02:55 - loss: 2.3273 - accuracy: 0.0938
 12/844 [..............................] - ETA: 3s - loss: 3633.6375 - accuracy: 0.0833  
 26/844 [..............................] - ETA: 3s - loss: 1678.4446 - accuracy: 0.0805
 41/844 [>.............................] - ETA: 3s - loss: 1065.2534 - accuracy: 0.0873
 55/844 [>.............................] - ETA: 3s - loss: 794.6937 - accuracy: 0.0949 
 70/844 [=>............................] - ETA: 3s - loss: 624.9288 - accuracy: 0.0996
 85/844 [==>...........................] - ETA: 3s - loss: 515.0608 - accuracy: 0.1013
100/844 [==>...........................] - ETA: 3s - loss: 438.1527 - accuracy: 0.1025
114/844 [===>..........................] - ETA: 3s - loss: 384.6342 - accuracy: 0.1020
129/844 [===>..........................] - ETA: 3s - loss: 340.1830 - accuracy: 0.1015
144/844 [====>.........................] - ETA: 2s - loss: 304.9950 - accuracy: 0.1007
158/844 [====>.........................] - ETA: 2s - loss: 278.1813 - accuracy: 0.1004
172/844 [=====>........................] - ETA: 2s - loss: 255.7329 - accuracy: 0.0997
187/844 [=====>........................] - ETA: 2s - loss: 235.4077 - accuracy: 0.0998
202/844 [======>.......................] - ETA: 2s - loss: 218.1031 - accuracy: 0.0999
217/844 [======>.......................] - ETA: 2s - loss: 203.1893 - accuracy: 0.0991
232/844 [=======>......................] - ETA: 2s - loss: 190.2042 - accuracy: 0.0985
247/844 [=======>......................] - ETA: 2s - loss: 178.7965 - accuracy: 0.0987
261/844 [========>.....................] - ETA: 2s - loss: 169.3324 - accuracy: 0.0988
276/844 [========>.....................] - ETA: 2s - loss: 160.2579 - accuracy: 0.0990
291/844 [=========>....................] - ETA: 2s - loss: 152.1204 - accuracy: 0.0989
307/844 [=========>....................] - ETA: 2s - loss: 144.3150 - accuracy: 0.0998
321/844 [==========>...................] - ETA: 2s - loss: 138.1245 - accuracy: 0.0999
336/844 [==========>...................] - ETA: 2s - loss: 132.0634 - accuracy: 0.1000
351/844 [===========>..................] - ETA: 2s - loss: 126.5221 - accuracy: 0.1010
366/844 [============>.................] - ETA: 2s - loss: 121.4346 - accuracy: 0.1008
381/844 [============>.................] - ETA: 1s - loss: 116.7468 - accuracy: 0.1008
395/844 [=============>................] - ETA: 1s - loss: 112.6935 - accuracy: 0.1010
409/844 [=============>................] - ETA: 1s - loss: 108.9172 - accuracy: 0.1012
424/844 [==============>...............] - ETA: 1s - loss: 105.1482 - accuracy: 0.1013
436/844 [==============>...............] - ETA: 1s - loss: 102.3772 - accuracy: 0.1015
450/844 [==============>...............] - ETA: 1s - loss: 99.2639 - accuracy: 0.1013 
464/844 [===============>..............] - ETA: 1s - loss: 96.3381 - accuracy: 0.1013
478/844 [===============>..............] - ETA: 1s - loss: 93.5845 - accuracy: 0.1013
492/844 [================>.............] - ETA: 1s - loss: 90.9868 - accuracy: 0.1010
507/844 [=================>............] - ETA: 1s - loss: 88.3645 - accuracy: 0.1005
522/844 [=================>............] - ETA: 1s - loss: 85.8944 - accuracy: 0.1002
537/844 [==================>...........] - ETA: 1s - loss: 83.5608 - accuracy: 0.1005
552/844 [==================>...........] - ETA: 1s - loss: 81.3544 - accuracy: 0.1005
567/844 [===================>..........] - ETA: 1s - loss: 79.2642 - accuracy: 0.1008
581/844 [===================>..........] - ETA: 1s - loss: 77.4094 - accuracy: 0.1012
595/844 [====================>.........] - ETA: 1s - loss: 75.6428 - accuracy: 0.1015
610/844 [====================>.........] - ETA: 1s - loss: 73.8399 - accuracy: 0.1012
625/844 [=====================>........] - ETA: 0s - loss: 72.1241 - accuracy: 0.1011
640/844 [=====================>........] - ETA: 0s - loss: 70.4891 - accuracy: 0.1012
655/844 [======================>.......] - ETA: 0s - loss: 68.9283 - accuracy: 0.1012
669/844 [======================>.......] - ETA: 0s - loss: 67.5349 - accuracy: 0.1009
681/844 [=======================>......] - ETA: 0s - loss: 66.3870 - accuracy: 0.1006
695/844 [=======================>......] - ETA: 0s - loss: 65.0972 - accuracy: 0.1008
710/844 [========================>.....] - ETA: 0s - loss: 63.7718 - accuracy: 0.1011
724/844 [========================>.....] - ETA: 0s - loss: 62.5838 - accuracy: 0.1009
739/844 [=========================>....] - ETA: 0s - loss: 61.3607 - accuracy: 0.1009
753/844 [=========================>....] - ETA: 0s - loss: 60.2630 - accuracy: 0.1007
768/844 [==========================>...] - ETA: 0s - loss: 59.1316 - accuracy: 0.1006
782/844 [==========================>...] - ETA: 0s - loss: 58.1155 - accuracy: 0.1009
797/844 [===========================>..] - ETA: 0s - loss: 57.0657 - accuracy: 0.1008
812/844 [===========================>..] - ETA: 0s - loss: 56.0548 - accuracy: 0.1008
826/844 [============================>.] - ETA: 0s - loss: 55.1452 - accuracy: 0.1008
841/844 [============================>.] - ETA: 0s - loss: 54.2035 - accuracy: 0.1007
844/844 [==============================] - 9s 5ms/step - loss: 54.0192 - accuracy: 0.1007 - val_loss: 2.3850 - val_accuracy: 0.1022
Epoch 2/164

  1/844 [..............................] - ETA: 13s - loss: 2.4273 - accuracy: 0.1250
 16/844 [..............................] - ETA: 3s - loss: 2.3808 - accuracy: 0.0889 
 30/844 [>.............................] - ETA: 3s - loss: 2.3681 - accuracy: 0.0922
 44/844 [>.............................] - ETA: 3s - loss: 2.3684 - accuracy: 0.0952
 59/844 [=>............................] - ETA: 3s - loss: 2.3702 - accuracy: 0.0964
 73/844 [=>............................] - ETA: 3s - loss: 2.3629 - accuracy: 0.0980
 87/844 [==>...........................] - ETA: 3s - loss: 2.3649 - accuracy: 0.0972
103/844 [==>...........................] - ETA: 3s - loss: 2.3645 - accuracy: 0.0968
117/844 [===>..........................] - ETA: 3s - loss: 2.3680 - accuracy: 0.0971
132/844 [===>..........................] - ETA: 3s - loss: 2.3682 - accuracy: 0.0988
146/844 [====>.........................] - ETA: 3s - loss: 2.3722 - accuracy: 0.0994
161/844 [====>.........................] - ETA: 2s - loss: 2.3709 - accuracy: 0.1004
175/844 [=====>........................] - ETA: 2s - loss: 2.3693 - accuracy: 0.1008
190/844 [=====>........................] - ETA: 2s - loss: 2.3682 - accuracy: 0.1019
205/844 [======>.......................] - ETA: 2s - loss: 2.3698 - accuracy: 0.1017
219/844 [======>.......................] - ETA: 2s - loss: 2.3690 - accuracy: 0.1009
233/844 [=======>......................] - ETA: 2s - loss: 2.3678 - accuracy: 0.0999
248/844 [=======>......................] - ETA: 2s - loss: 2.3668 - accuracy: 0.0992
262/844 [========>.....................] - ETA: 2s - loss: 2.3655 - accuracy: 0.0989
277/844 [========>.....................] - ETA: 2s - loss: 2.3660 - accuracy: 0.0988
292/844 [=========>....................] - ETA: 2s - loss: 2.3688 - accuracy: 0.0989
306/844 [=========>....................] - ETA: 2s - loss: 2.3705 - accuracy: 0.0998
321/844 [==========>...................] - ETA: 2s - loss: 2.3707 - accuracy: 0.1003
336/844 [==========>...................] - ETA: 2s - loss: 2.3706 - accuracy: 0.1001
350/844 [===========>..................] - ETA: 2s - loss: 2.3712 - accuracy: 0.0998
365/844 [===========>..................] - ETA: 2s - loss: 2.3721 - accuracy: 0.0996
378/844 [============>.................] - ETA: 2s - loss: 2.3717 - accuracy: 0.0994
391/844 [============>.................] - ETA: 1s - loss: 2.3719 - accuracy: 0.0994
406/844 [=============>................] - ETA: 1s - loss: 2.3719 - accuracy: 0.0992
418/844 [=============>................] - ETA: 1s - loss: 2.3712 - accuracy: 0.0989
432/844 [==============>...............] - ETA: 1s - loss: 2.3707 - accuracy: 0.0991
446/844 [==============>...............] - ETA: 1s - loss: 2.3701 - accuracy: 0.0992
461/844 [===============>..............] - ETA: 1s - loss: 2.3704 - accuracy: 0.0988
476/844 [===============>..............] - ETA: 1s - loss: 2.3709 - accuracy: 0.0987
490/844 [================>.............] - ETA: 1s - loss: 2.3702 - accuracy: 0.0988
504/844 [================>.............] - ETA: 1s - loss: 2.3700 - accuracy: 0.0988
519/844 [=================>............] - ETA: 1s - loss: 2.3696 - accuracy: 0.0988
534/844 [=================>............] - ETA: 1s - loss: 2.3689 - accuracy: 0.0988
549/844 [==================>...........] - ETA: 1s - loss: 2.3689 - accuracy: 0.0990
563/844 [===================>..........] - ETA: 1s - loss: 2.3695 - accuracy: 0.0985
578/844 [===================>..........] - ETA: 1s - loss: 2.3696 - accuracy: 0.0983
592/844 [====================>.........] - ETA: 1s - loss: 2.3693 - accuracy: 0.0981
604/844 [====================>.........] - ETA: 1s - loss: 2.3689 - accuracy: 0.0982
618/844 [====================>.........] - ETA: 0s - loss: 2.3684 - accuracy: 0.0981
633/844 [=====================>........] - ETA: 0s - loss: 2.3683 - accuracy: 0.0979
647/844 [=====================>........] - ETA: 0s - loss: 2.3686 - accuracy: 0.0977
662/844 [======================>.......] - ETA: 0s - loss: 2.3692 - accuracy: 0.0978
676/844 [=======================>......] - ETA: 0s - loss: 2.3694 - accuracy: 0.0980
692/844 [=======================>......] - ETA: 0s - loss: 2.3699 - accuracy: 0.0981
707/844 [========================>.....] - ETA: 0s - loss: 2.3703 - accuracy: 0.0981
721/844 [========================>.....] - ETA: 0s - loss: 2.3713 - accuracy: 0.0980
736/844 [=========================>....] - ETA: 0s - loss: 2.3715 - accuracy: 0.0982
752/844 [=========================>....] - ETA: 0s - loss: 2.3712 - accuracy: 0.0982
766/844 [==========================>...] - ETA: 0s - loss: 2.3709 - accuracy: 0.0982
780/844 [==========================>...] - ETA: 0s - loss: 2.3705 - accuracy: 0.0983
794/844 [===========================>..] - ETA: 0s - loss: 2.3702 - accuracy: 0.0988
809/844 [===========================>..] - ETA: 0s - loss: 2.3708 - accuracy: 0.0986
823/844 [============================>.] - ETA: 0s - loss: 2.3707 - accuracy: 0.0984
839/844 [============================>.] - ETA: 0s - loss: 2.3707 - accuracy: 0.0985
844/844 [==============================] - 4s 5ms/step - loss: 2.3706 - accuracy: 0.0986 - val_loss: 2.3847 - val_accuracy: 0.0972
Epoch 3/164

  1/844 [..............................] - ETA: 13s - loss: 2.3275 - accuracy: 0.1250
 15/844 [..............................] - ETA: 3s - loss: 2.3762 - accuracy: 0.1042 
 30/844 [>.............................] - ETA: 3s - loss: 2.3716 - accuracy: 0.0935
 45/844 [>.............................] - ETA: 3s - loss: 2.3699 - accuracy: 0.0943
 61/844 [=>............................] - ETA: 3s - loss: 2.3637 - accuracy: 0.0985
 75/844 [=>............................] - ETA: 3s - loss: 2.3684 - accuracy: 0.0972
 89/844 [==>...........................] - ETA: 3s - loss: 2.3671 - accuracy: 0.0975
104/844 [==>...........................] - ETA: 3s - loss: 2.3673 - accuracy: 0.0964
118/844 [===>..........................] - ETA: 3s - loss: 2.3671 - accuracy: 0.0979
133/844 [===>..........................] - ETA: 3s - loss: 2.3668 - accuracy: 0.0990
147/844 [====>.........................] - ETA: 2s - loss: 2.3687 - accuracy: 0.1001
162/844 [====>.........................] - ETA: 2s - loss: 2.3666 - accuracy: 0.1005
177/844 [=====>........................] - ETA: 2s - loss: 2.3656 - accuracy: 0.1009
192/844 [=====>........................] - ETA: 2s - loss: 2.3650 - accuracy: 0.1015
207/844 [======>.......................] - ETA: 2s - loss: 2.3634 - accuracy: 0.1022
221/844 [======>.......................] - ETA: 2s - loss: 2.3618 - accuracy: 0.1021
236/844 [=======>......................] - ETA: 2s - loss: 2.3643 - accuracy: 0.1015
250/844 [=======>......................] - ETA: 2s - loss: 2.3640 - accuracy: 0.1014
264/844 [========>.....................] - ETA: 2s - loss: 2.3628 - accuracy: 0.1012
279/844 [========>.....................] - ETA: 2s - loss: 2.3628 - accuracy: 0.1012
294/844 [=========>....................] - ETA: 2s - loss: 2.3653 - accuracy: 0.1012
309/844 [=========>....................] - ETA: 2s - loss: 2.3675 - accuracy: 0.1012
324/844 [==========>...................] - ETA: 2s - loss: 2.3704 - accuracy: 0.1005
339/844 [===========>..................] - ETA: 2s - loss: 2.3707 - accuracy: 0.1008
354/844 [===========>..................] - ETA: 2s - loss: 2.3705 - accuracy: 0.1007
370/844 [============>.................] - ETA: 2s - loss: 2.3707 - accuracy: 0.1003
384/844 [============>.................] - ETA: 1s - loss: 2.3721 - accuracy: 0.1004
396/844 [=============>................] - ETA: 1s - loss: 2.3726 - accuracy: 0.1006
410/844 [=============>................] - ETA: 1s - loss: 2.3731 - accuracy: 0.1007
425/844 [==============>...............] - ETA: 1s - loss: 2.3727 - accuracy: 0.1009
440/844 [==============>...............] - ETA: 1s - loss: 2.3713 - accuracy: 0.1009
454/844 [===============>..............] - ETA: 1s - loss: 2.3705 - accuracy: 0.1006
469/844 [===============>..............] - ETA: 1s - loss: 2.3700 - accuracy: 0.1010
483/844 [================>.............] - ETA: 1s - loss: 2.3699 - accuracy: 0.1012
497/844 [================>.............] - ETA: 1s - loss: 2.3701 - accuracy: 0.1018
512/844 [=================>............] - ETA: 1s - loss: 2.3698 - accuracy: 0.1013
526/844 [=================>............] - ETA: 1s - loss: 2.3698 - accuracy: 0.1010
541/844 [==================>...........] - ETA: 1s - loss: 2.3695 - accuracy: 0.1007
556/844 [==================>...........] - ETA: 1s - loss: 2.3694 - accuracy: 0.1012
570/844 [===================>..........] - ETA: 1s - loss: 2.3693 - accuracy: 0.1015
585/844 [===================>..........] - ETA: 1s - loss: 2.3688 - accuracy: 0.1012
600/844 [====================>.........] - ETA: 1s - loss: 2.3685 - accuracy: 0.1010
614/844 [====================>.........] - ETA: 0s - loss: 2.3679 - accuracy: 0.1012
629/844 [=====================>........] - ETA: 0s - loss: 2.3690 - accuracy: 0.1014
644/844 [=====================>........] - ETA: 0s - loss: 2.3690 - accuracy: 0.1014
660/844 [======================>.......] - ETA: 0s - loss: 2.3688 - accuracy: 0.1015
674/844 [======================>.......] - ETA: 0s - loss: 2.3685 - accuracy: 0.1017
689/844 [=======================>......] - ETA: 0s - loss: 2.3689 - accuracy: 0.1018
705/844 [========================>.....] - ETA: 0s - loss: 2.3688 - accuracy: 0.1017
716/844 [========================>.....] - ETA: 0s - loss: 2.3688 - accuracy: 0.1016
730/844 [========================>.....] - ETA: 0s - loss: 2.3693 - accuracy: 0.1015
742/844 [=========================>....] - ETA: 0s - loss: 2.3700 - accuracy: 0.1020
755/844 [=========================>....] - ETA: 0s - loss: 2.3705 - accuracy: 0.1020
767/844 [==========================>...] - ETA: 0s - loss: 2.3705 - accuracy: 0.1022
780/844 [==========================>...] - ETA: 0s - loss: 2.3704 - accuracy: 0.1023
792/844 [===========================>..] - ETA: 0s - loss: 2.3706 - accuracy: 0.1024
806/844 [===========================>..] - ETA: 0s - loss: 2.3707 - accuracy: 0.1024
820/844 [============================>.] - ETA: 0s - loss: 2.3707 - accuracy: 0.1024
834/844 [============================>.] - ETA: 0s - loss: 2.3709 - accuracy: 0.1023
844/844 [==============================] - 4s 5ms/step - loss: 2.3707 - accuracy: 0.1024 - val_loss: 2.3822 - val_accuracy: 0.1022
Epoch 4/164

  1/844 [..............................] - ETA: 12s - loss: 2.3518 - accuracy: 0.1094
 16/844 [..............................] - ETA: 3s - loss: 2.3657 - accuracy: 0.1025 
 31/844 [>.............................] - ETA: 3s - loss: 2.3725 - accuracy: 0.0968
 45/844 [>.............................] - ETA: 3s - loss: 2.3704 - accuracy: 0.0944
 61/844 [=>............................] - ETA: 3s - loss: 2.3726 - accuracy: 0.0930
 75/844 [=>............................] - ETA: 3s - loss: 2.3675 - accuracy: 0.0919
 90/844 [==>...........................] - ETA: 3s - loss: 2.3707 - accuracy: 0.0951
105/844 [==>...........................] - ETA: 3s - loss: 2.3676 - accuracy: 0.0973
119/844 [===>..........................] - ETA: 3s - loss: 2.3678 - accuracy: 0.0965
134/844 [===>..........................] - ETA: 3s - loss: 2.3731 - accuracy: 0.0965
150/844 [====>.........................] - ETA: 2s - loss: 2.3756 - accuracy: 0.0977
165/844 [====>.........................] - ETA: 2s - loss: 2.3775 - accuracy: 0.0975
179/844 [=====>........................] - ETA: 2s - loss: 2.3756 - accuracy: 0.0984
193/844 [=====>........................] - ETA: 2s - loss: 2.3762 - accuracy: 0.0982
208/844 [======>.......................] - ETA: 2s - loss: 2.3750 - accuracy: 0.0981
222/844 [======>.......................] - ETA: 2s - loss: 2.3756 - accuracy: 0.0990
236/844 [=======>......................] - ETA: 2s - loss: 2.3754 - accuracy: 0.0996
251/844 [=======>......................] - ETA: 2s - loss: 2.3772 - accuracy: 0.1000
266/844 [========>.....................] - ETA: 2s - loss: 2.3772 - accuracy: 0.1002
280/844 [========>.....................] - ETA: 2s - loss: 2.3763 - accuracy: 0.1002
295/844 [=========>....................] - ETA: 2s - loss: 2.3766 - accuracy: 0.0999
310/844 [==========>...................] - ETA: 2s - loss: 2.3755 - accuracy: 0.0989
325/844 [==========>...................] - ETA: 2s - loss: 2.3756 - accuracy: 0.0988
340/844 [===========>..................] - ETA: 2s - loss: 2.3755 - accuracy: 0.0989
355/844 [===========>..................] - ETA: 2s - loss: 2.3758 - accuracy: 0.0985
369/844 [============>.................] - ETA: 2s - loss: 2.3753 - accuracy: 0.0990
381/844 [============>.................] - ETA: 1s - loss: 2.3747 - accuracy: 0.0991
395/844 [=============>................] - ETA: 1s - loss: 2.3738 - accuracy: 0.0998
410/844 [=============>................] - ETA: 1s - loss: 2.3756 - accuracy: 0.0998
425/844 [==============>...............] - ETA: 1s - loss: 2.3762 - accuracy: 0.0999
440/844 [==============>...............] - ETA: 1s - loss: 2.3771 - accuracy: 0.0998
455/844 [===============>..............] - ETA: 1s - loss: 2.3771 - accuracy: 0.0998
470/844 [===============>..............] - ETA: 1s - loss: 2.3770 - accuracy: 0.1000
484/844 [================>.............] - ETA: 1s - loss: 2.3772 - accuracy: 0.0996
500/844 [================>.............] - ETA: 1s - loss: 2.3763 - accuracy: 0.0991
515/844 [=================>............] - ETA: 1s - loss: 2.3758 - accuracy: 0.0989
529/844 [=================>............] - ETA: 1s - loss: 2.3754 - accuracy: 0.0989
544/844 [==================>...........] - ETA: 1s - loss: 2.3762 - accuracy: 0.0988
559/844 [==================>...........] - ETA: 1s - loss: 2.3760 - accuracy: 0.0985
574/844 [===================>..........] - ETA: 1s - loss: 2.3763 - accuracy: 0.0985
587/844 [===================>..........] - ETA: 1s - loss: 2.3756 - accuracy: 0.0989
600/844 [====================>.........] - ETA: 1s - loss: 2.3762 - accuracy: 0.0989
615/844 [====================>.........] - ETA: 0s - loss: 2.3758 - accuracy: 0.0993
629/844 [=====================>........] - ETA: 0s - loss: 2.3766 - accuracy: 0.0996
644/844 [=====================>........] - ETA: 0s - loss: 2.3780 - accuracy: 0.0997
659/844 [======================>.......] - ETA: 0s - loss: 2.3779 - accuracy: 0.0993
674/844 [======================>.......] - ETA: 0s - loss: 2.3774 - accuracy: 0.0991
689/844 [=======================>......] - ETA: 0s - loss: 2.3770 - accuracy: 0.0995
704/844 [========================>.....] - ETA: 0s - loss: 2.3766 - accuracy: 0.0994
718/844 [========================>.....] - ETA: 0s - loss: 2.3766 - accuracy: 0.0995
734/844 [=========================>....] - ETA: 0s - loss: 2.3770 - accuracy: 0.0999
749/844 [=========================>....] - ETA: 0s - loss: 2.3775 - accuracy: 0.1002
764/844 [==========================>...] - ETA: 0s - loss: 2.3771 - accuracy: 0.1002
777/844 [==========================>...] - ETA: 0s - loss: 2.3770 - accuracy: 0.1001
792/844 [===========================>..] - ETA: 0s - loss: 2.3771 - accuracy: 0.0996
807/844 [===========================>..] - ETA: 0s - loss: 2.3773 - accuracy: 0.0996
822/844 [============================>.] - ETA: 0s - loss: 2.3773 - accuracy: 0.0995
837/844 [============================>.] - ETA: 0s - loss: 2.3772 - accuracy: 0.0995
844/844 [==============================] - 4s 5ms/step - loss: 2.3769 - accuracy: 0.0996 - val_loss: 2.3257 - val_accuracy: 0.1033
Epoch 5/164

  1/844 [..............................] - ETA: 13s - loss: 2.3163 - accuracy: 0.0938
 14/844 [..............................] - ETA: 3s - loss: 2.3372 - accuracy: 0.1105 
 30/844 [>.............................] - ETA: 3s - loss: 2.3544 - accuracy: 0.1042
 45/844 [>.............................] - ETA: 3s - loss: 2.3628 - accuracy: 0.0990
 59/844 [=>............................] - ETA: 3s - loss: 2.3620 - accuracy: 0.0988
 74/844 [=>............................] - ETA: 3s - loss: 2.3610 - accuracy: 0.0982
 88/844 [==>...........................] - ETA: 3s - loss: 2.3583 - accuracy: 0.0987
102/844 [==>...........................] - ETA: 3s - loss: 2.3643 - accuracy: 0.0982
116/844 [===>..........................] - ETA: 3s - loss: 2.3656 - accuracy: 0.0995
131/844 [===>..........................] - ETA: 3s - loss: 2.3668 - accuracy: 0.0990
146/844 [====>.........................] - ETA: 3s - loss: 2.3671 - accuracy: 0.0999
160/844 [====>.........................] - ETA: 2s - loss: 2.3679 - accuracy: 0.1002
175/844 [=====>........................] - ETA: 2s - loss: 2.3712 - accuracy: 0.1002
189/844 [=====>........................] - ETA: 2s - loss: 2.3731 - accuracy: 0.0993
203/844 [======>.......................] - ETA: 2s - loss: 2.3729 - accuracy: 0.0984
218/844 [======>.......................] - ETA: 2s - loss: 2.3704 - accuracy: 0.0993
233/844 [=======>......................] - ETA: 2s - loss: 2.3705 - accuracy: 0.0986
247/844 [=======>......................] - ETA: 2s - loss: 2.3703 - accuracy: 0.0988
262/844 [========>.....................] - ETA: 2s - loss: 2.3718 - accuracy: 0.0992
277/844 [========>.....................] - ETA: 2s - loss: 2.3739 - accuracy: 0.0998
291/844 [=========>....................] - ETA: 2s - loss: 2.3761 - accuracy: 0.1005
305/844 [=========>....................] - ETA: 2s - loss: 2.3807 - accuracy: 0.1004
320/844 [==========>...................] - ETA: 2s - loss: 2.3828 - accuracy: 0.0996
335/844 [==========>...................] - ETA: 2s - loss: 2.3834 - accuracy: 0.0999
349/844 [===========>..................] - ETA: 2s - loss: 2.3824 - accuracy: 0.1001
365/844 [===========>..................] - ETA: 2s - loss: 2.3801 - accuracy: 0.1002
380/844 [============>.................] - ETA: 1s - loss: 2.3782 - accuracy: 0.1000
395/844 [=============>................] - ETA: 1s - loss: 2.3771 - accuracy: 0.1005
409/844 [=============>................] - ETA: 1s - loss: 2.3776 - accuracy: 0.1004
424/844 [==============>...............] - ETA: 1s - loss: 2.3763 - accuracy: 0.1010
439/844 [==============>...............] - ETA: 1s - loss: 2.3752 - accuracy: 0.1016
453/844 [===============>..............] - ETA: 1s - loss: 2.3747 - accuracy: 0.1011
468/844 [===============>..............] - ETA: 1s - loss: 2.3749 - accuracy: 0.1011
483/844 [================>.............] - ETA: 1s - loss: 2.3773 - accuracy: 0.1013
498/844 [================>.............] - ETA: 1s - loss: 2.3784 - accuracy: 0.1013
513/844 [=================>............] - ETA: 1s - loss: 2.3789 - accuracy: 0.1013
526/844 [=================>............] - ETA: 1s - loss: 2.3782 - accuracy: 0.1015
539/844 [==================>...........] - ETA: 1s - loss: 2.3774 - accuracy: 0.1011
553/844 [==================>...........] - ETA: 1s - loss: 2.3771 - accuracy: 0.1007
568/844 [===================>..........] - ETA: 1s - loss: 2.3762 - accuracy: 0.1005
582/844 [===================>..........] - ETA: 1s - loss: 2.3760 - accuracy: 0.1005
597/844 [====================>.........] - ETA: 1s - loss: 2.3761 - accuracy: 0.1005
612/844 [====================>.........] - ETA: 0s - loss: 2.3769 - accuracy: 0.1001
627/844 [=====================>........] - ETA: 0s - loss: 2.3770 - accuracy: 0.0998
642/844 [=====================>........] - ETA: 0s - loss: 2.3762 - accuracy: 0.0999
655/844 [======================>.......] - ETA: 0s - loss: 2.3756 - accuracy: 0.0998
669/844 [======================>.......] - ETA: 0s - loss: 2.3752 - accuracy: 0.0994
684/844 [=======================>......] - ETA: 0s - loss: 2.3749 - accuracy: 0.0993
699/844 [=======================>......] - ETA: 0s - loss: 2.3747 - accuracy: 0.0993
714/844 [========================>.....] - ETA: 0s - loss: 2.3744 - accuracy: 0.0997
729/844 [========================>.....] - ETA: 0s - loss: 2.3739 - accuracy: 0.0999
743/844 [=========================>....] - ETA: 0s - loss: 2.3735 - accuracy: 0.0997
758/844 [=========================>....] - ETA: 0s - loss: 2.3732 - accuracy: 0.0995
773/844 [==========================>...] - ETA: 0s - loss: 2.3734 - accuracy: 0.0997
788/844 [===========================>..] - ETA: 0s - loss: 2.3732 - accuracy: 0.0997
803/844 [===========================>..] - ETA: 0s - loss: 2.3734 - accuracy: 0.1000
818/844 [============================>.] - ETA: 0s - loss: 2.3732 - accuracy: 0.0999
833/844 [============================>.] - ETA: 0s - loss: 2.3730 - accuracy: 0.1000
844/844 [==============================] - 4s 5ms/step - loss: 2.3736 - accuracy: 0.1000 - val_loss: 2.4735 - val_accuracy: 0.1018
Epoch 6/164

  1/844 [..............................] - ETA: 13s - loss: 2.5119 - accuracy: 0.0312
 13/844 [..............................] - ETA: 4s - loss: 2.4207 - accuracy: 0.1046 
 27/844 [..............................] - ETA: 3s - loss: 2.3971 - accuracy: 0.1024
 42/844 [>.............................] - ETA: 3s - loss: 2.3846 - accuracy: 0.1016
 56/844 [>.............................] - ETA: 3s - loss: 2.3787 - accuracy: 0.1035
 71/844 [=>............................] - ETA: 3s - loss: 2.3753 - accuracy: 0.1008
 86/844 [==>...........................] - ETA: 3s - loss: 2.3747 - accuracy: 0.1005
100/844 [==>...........................] - ETA: 3s - loss: 2.3760 - accuracy: 0.0977
115/844 [===>..........................] - ETA: 3s - loss: 2.3716 - accuracy: 0.0976
129/844 [===>..........................] - ETA: 3s - loss: 2.3693 - accuracy: 0.0974
143/844 [====>.........................] - ETA: 3s - loss: 2.3679 - accuracy: 0.0978
157/844 [====>.........................] - ETA: 3s - loss: 2.3693 - accuracy: 0.0963
172/844 [=====>........................] - ETA: 2s - loss: 2.3671 - accuracy: 0.0971
187/844 [=====>........................] - ETA: 2s - loss: 2.3693 - accuracy: 0.0972
202/844 [======>.......................] - ETA: 2s - loss: 2.3695 - accuracy: 0.0969
216/844 [======>.......................] - ETA: 2s - loss: 2.3743 - accuracy: 0.0966
230/844 [=======>......................] - ETA: 2s - loss: 2.3765 - accuracy: 0.0965
245/844 [=======>......................] - ETA: 2s - loss: 2.3764 - accuracy: 0.0961
260/844 [========>.....................] - ETA: 2s - loss: 2.3752 - accuracy: 0.0964
275/844 [========>.....................] - ETA: 2s - loss: 2.3754 - accuracy: 0.0966
289/844 [=========>....................] - ETA: 2s - loss: 2.3752 - accuracy: 0.0966
304/844 [=========>....................] - ETA: 2s - loss: 2.3751 - accuracy: 0.0968
319/844 [==========>...................] - ETA: 2s - loss: 2.3731 - accuracy: 0.0979
335/844 [==========>...................] - ETA: 2s - loss: 2.3734 - accuracy: 0.0983
350/844 [===========>..................] - ETA: 2s - loss: 2.3733 - accuracy: 0.0982
362/844 [===========>..................] - ETA: 2s - loss: 2.3723 - accuracy: 0.0982
375/844 [============>.................] - ETA: 2s - loss: 2.3715 - accuracy: 0.0977
389/844 [============>.................] - ETA: 1s - loss: 2.3714 - accuracy: 0.0981
404/844 [=============>................] - ETA: 1s - loss: 2.3717 - accuracy: 0.0981
418/844 [=============>................] - ETA: 1s - loss: 2.3718 - accuracy: 0.0978
434/844 [==============>...............] - ETA: 1s - loss: 2.3730 - accuracy: 0.0978
448/844 [==============>...............] - ETA: 1s - loss: 2.3746 - accuracy: 0.0976
462/844 [===============>..............] - ETA: 1s - loss: 2.3743 - accuracy: 0.0972
477/844 [===============>..............] - ETA: 1s - loss: 2.3747 - accuracy: 0.0975
492/844 [================>.............] - ETA: 1s - loss: 2.3753 - accuracy: 0.0978
506/844 [================>.............] - ETA: 1s - loss: 2.3757 - accuracy: 0.0979
521/844 [=================>............] - ETA: 1s - loss: 2.3760 - accuracy: 0.0979
536/844 [==================>...........] - ETA: 1s - loss: 2.3753 - accuracy: 0.0985
550/844 [==================>...........] - ETA: 1s - loss: 2.3749 - accuracy: 0.0983
565/844 [===================>..........] - ETA: 1s - loss: 2.3743 - accuracy: 0.0984
580/844 [===================>..........] - ETA: 1s - loss: 2.3752 - accuracy: 0.0985
594/844 [====================>.........] - ETA: 1s - loss: 2.3747 - accuracy: 0.0987
609/844 [====================>.........] - ETA: 1s - loss: 2.3743 - accuracy: 0.0985
624/844 [=====================>........] - ETA: 0s - loss: 2.3743 - accuracy: 0.0992
638/844 [=====================>........] - ETA: 0s - loss: 2.3741 - accuracy: 0.0991
653/844 [======================>.......] - ETA: 0s - loss: 2.3740 - accuracy: 0.0993
668/844 [======================>.......] - ETA: 0s - loss: 2.3746 - accuracy: 0.0995
683/844 [=======================>......] - ETA: 0s - loss: 2.3750 - accuracy: 0.0993
698/844 [=======================>......] - ETA: 0s - loss: 2.3751 - accuracy: 0.0995
713/844 [========================>.....] - ETA: 0s - loss: 2.3752 - accuracy: 0.0994
728/844 [========================>.....] - ETA: 0s - loss: 2.3750 - accuracy: 0.0996
743/844 [=========================>....] - ETA: 0s - loss: 2.3754 - accuracy: 0.0998
758/844 [=========================>....] - ETA: 0s - loss: 2.3764 - accuracy: 0.0998
772/844 [==========================>...] - ETA: 0s - loss: 2.3773 - accuracy: 0.0996
788/844 [===========================>..] - ETA: 0s - loss: 2.3773 - accuracy: 0.0995
803/844 [===========================>..] - ETA: 0s - loss: 2.3774 - accuracy: 0.0995
817/844 [============================>.] - ETA: 0s - loss: 2.3781 - accuracy: 0.0993
832/844 [============================>.] - ETA: 0s - loss: 2.3776 - accuracy: 0.0995
844/844 [==============================] - 4s 5ms/step - loss: 2.3771 - accuracy: 0.0996 - val_loss: 2.4417 - val_accuracy: 0.0918
Epoch 7/164

  1/844 [..............................] - ETA: 13s - loss: 2.3406 - accuracy: 0.1562
 16/844 [..............................] - ETA: 3s - loss: 2.3941 - accuracy: 0.1104 
 28/844 [..............................] - ETA: 3s - loss: 2.4040 - accuracy: 0.1099
 41/844 [>.............................] - ETA: 3s - loss: 2.4027 - accuracy: 0.1094
 56/844 [>.............................] - ETA: 3s - loss: 2.3963 - accuracy: 0.1083
 69/844 [=>............................] - ETA: 3s - loss: 2.3930 - accuracy: 0.1069
 84/844 [=>............................] - ETA: 3s - loss: 2.3964 - accuracy: 0.1062
 98/844 [==>...........................] - ETA: 3s - loss: 2.3957 - accuracy: 0.1044
114/844 [===>..........................] - ETA: 3s - loss: 2.3899 - accuracy: 0.1054
128/844 [===>..........................] - ETA: 3s - loss: 2.3884 - accuracy: 0.1045
143/844 [====>.........................] - ETA: 3s - loss: 2.3874 - accuracy: 0.1031
158/844 [====>.........................] - ETA: 2s - loss: 2.3852 - accuracy: 0.1020
173/844 [=====>........................] - ETA: 2s - loss: 2.3833 - accuracy: 0.1017
188/844 [=====>........................] - ETA: 2s - loss: 2.3816 - accuracy: 0.1014
202/844 [======>.......................] - ETA: 2s - loss: 2.3840 - accuracy: 0.1013
217/844 [======>.......................] - ETA: 2s - loss: 2.3846 - accuracy: 0.1005
232/844 [=======>......................] - ETA: 2s - loss: 2.3827 - accuracy: 0.0993
247/844 [=======>......................] - ETA: 2s - loss: 2.3814 - accuracy: 0.0983
262/844 [========>.....................] - ETA: 2s - loss: 2.3808 - accuracy: 0.1001
277/844 [========>.....................] - ETA: 2s - loss: 2.3820 - accuracy: 0.1002
292/844 [=========>....................] - ETA: 2s - loss: 2.3806 - accuracy: 0.1003
306/844 [=========>....................] - ETA: 2s - loss: 2.3790 - accuracy: 0.0999
321/844 [==========>...................] - ETA: 2s - loss: 2.3781 - accuracy: 0.1002
336/844 [==========>...................] - ETA: 2s - loss: 2.3796 - accuracy: 0.1001
348/844 [===========>..................] - ETA: 2s - loss: 2.3798 - accuracy: 0.1004
362/844 [===========>..................] - ETA: 2s - loss: 2.3802 - accuracy: 0.1013
376/844 [============>.................] - ETA: 1s - loss: 2.3812 - accuracy: 0.1006
392/844 [============>.................] - ETA: 1s - loss: 2.3816 - accuracy: 0.1008
406/844 [=============>................] - ETA: 1s - loss: 2.3814 - accuracy: 0.1007
421/844 [=============>................] - ETA: 1s - loss: 2.3809 - accuracy: 0.1007
437/844 [==============>...............] - ETA: 1s - loss: 2.3802 - accuracy: 0.1008
452/844 [===============>..............] - ETA: 1s - loss: 2.3808 - accuracy: 0.1012
466/844 [===============>..............] - ETA: 1s - loss: 2.3805 - accuracy: 0.1013
481/844 [================>.............] - ETA: 1s - loss: 2.3820 - accuracy: 0.1013
495/844 [================>.............] - ETA: 1s - loss: 2.3815 - accuracy: 0.1011
510/844 [=================>............] - ETA: 1s - loss: 2.3806 - accuracy: 0.1011
525/844 [=================>............] - ETA: 1s - loss: 2.3801 - accuracy: 0.1009
540/844 [==================>...........] - ETA: 1s - loss: 2.3793 - accuracy: 0.1009
555/844 [==================>...........] - ETA: 1s - loss: 2.3786 - accuracy: 0.1009
570/844 [===================>..........] - ETA: 1s - loss: 2.3789 - accuracy: 0.1006
585/844 [===================>..........] - ETA: 1s - loss: 2.3786 - accuracy: 0.1007
599/844 [====================>.........] - ETA: 1s - loss: 2.3783 - accuracy: 0.1005
615/844 [====================>.........] - ETA: 0s - loss: 2.3779 - accuracy: 0.1009
630/844 [=====================>........] - ETA: 0s - loss: 2.3780 - accuracy: 0.1010
644/844 [=====================>........] - ETA: 0s - loss: 2.3774 - accuracy: 0.1008
659/844 [======================>.......] - ETA: 0s - loss: 2.3767 - accuracy: 0.1010
671/844 [======================>.......] - ETA: 0s - loss: 2.3769 - accuracy: 0.1010
685/844 [=======================>......] - ETA: 0s - loss: 2.3765 - accuracy: 0.1010
700/844 [=======================>......] - ETA: 0s - loss: 2.3761 - accuracy: 0.1008
714/844 [========================>.....] - ETA: 0s - loss: 2.3760 - accuracy: 0.1010
728/844 [========================>.....] - ETA: 0s - loss: 2.3756 - accuracy: 0.1011
743/844 [=========================>....] - ETA: 0s - loss: 2.3756 - accuracy: 0.1010
758/844 [=========================>....] - ETA: 0s - loss: 2.3755 - accuracy: 0.1008
772/844 [==========================>...] - ETA: 0s - loss: 2.3753 - accuracy: 0.1009
787/844 [==========================>...] - ETA: 0s - loss: 2.3751 - accuracy: 0.1009
801/844 [===========================>..] - ETA: 0s - loss: 2.3743 - accuracy: 0.1012
815/844 [===========================>..] - ETA: 0s - loss: 2.3742 - accuracy: 0.1011
830/844 [============================>.] - ETA: 0s - loss: 2.3737 - accuracy: 0.1010
844/844 [==============================] - ETA: 0s - loss: 2.3737 - accuracy: 0.1012
844/844 [==============================] - 4s 5ms/step - loss: 2.3737 - accuracy: 0.1012 - val_loss: 2.3799 - val_accuracy: 0.1018
Epoch 8/164

  1/844 [..............................] - ETA: 5s - loss: 2.4266 - accuracy: 0.0938
 14/844 [..............................] - ETA: 4s - loss: 2.3801 - accuracy: 0.0871
 27/844 [..............................] - ETA: 3s - loss: 2.3740 - accuracy: 0.0897
 42/844 [>.............................] - ETA: 3s - loss: 2.3934 - accuracy: 0.0919
 57/844 [=>............................] - ETA: 3s - loss: 2.3888 - accuracy: 0.0948
 72/844 [=>............................] - ETA: 3s - loss: 2.3810 - accuracy: 0.0994
 88/844 [==>...........................] - ETA: 3s - loss: 2.3780 - accuracy: 0.0982
103/844 [==>...........................] - ETA: 3s - loss: 2.3772 - accuracy: 0.0988
118/844 [===>..........................] - ETA: 3s - loss: 2.3763 - accuracy: 0.0980
132/844 [===>..........................] - ETA: 3s - loss: 2.3768 - accuracy: 0.0971
147/844 [====>.........................] - ETA: 2s - loss: 2.3778 - accuracy: 0.0977
162/844 [====>.........................] - ETA: 2s - loss: 2.3781 - accuracy: 0.0983
178/844 [=====>........................] - ETA: 2s - loss: 2.3767 - accuracy: 0.0975
192/844 [=====>........................] - ETA: 2s - loss: 2.3770 - accuracy: 0.0972
207/844 [======>.......................] - ETA: 2s - loss: 2.3761 - accuracy: 0.0987
222/844 [======>.......................] - ETA: 2s - loss: 2.3760 - accuracy: 0.0987
237/844 [=======>......................] - ETA: 2s - loss: 2.3753 - accuracy: 0.0986
252/844 [=======>......................] - ETA: 2s - loss: 2.3743 - accuracy: 0.0982
266/844 [========>.....................] - ETA: 2s - loss: 2.3736 - accuracy: 0.0985
281/844 [========>.....................] - ETA: 2s - loss: 2.3741 - accuracy: 0.0980
296/844 [=========>....................] - ETA: 2s - loss: 2.3733 - accuracy: 0.0988
310/844 [==========>...................] - ETA: 2s - loss: 2.3724 - accuracy: 0.0991
326/844 [==========>...................] - ETA: 2s - loss: 2.3725 - accuracy: 0.0990
341/844 [===========>..................] - ETA: 2s - loss: 2.3735 - accuracy: 0.0991
356/844 [===========>..................] - ETA: 2s - loss: 2.3745 - accuracy: 0.0990
371/844 [============>.................] - ETA: 1s - loss: 2.3748 - accuracy: 0.0995
385/844 [============>.................] - ETA: 1s - loss: 2.3743 - accuracy: 0.0999
399/844 [=============>................] - ETA: 1s - loss: 2.3738 - accuracy: 0.0993
414/844 [=============>................] - ETA: 1s - loss: 2.3730 - accuracy: 0.0998
429/844 [==============>...............] - ETA: 1s - loss: 2.3720 - accuracy: 0.1004
443/844 [==============>...............] - ETA: 1s - loss: 2.3717 - accuracy: 0.1009
458/844 [===============>..............] - ETA: 1s - loss: 2.3719 - accuracy: 0.1008
473/844 [===============>..............] - ETA: 1s - loss: 2.3712 - accuracy: 0.1011
485/844 [================>.............] - ETA: 1s - loss: 2.3720 - accuracy: 0.1013
499/844 [================>.............] - ETA: 1s - loss: 2.3725 - accuracy: 0.1006
514/844 [=================>............] - ETA: 1s - loss: 2.3737 - accuracy: 0.1007
527/844 [=================>............] - ETA: 1s - loss: 2.3745 - accuracy: 0.1009
539/844 [==================>...........] - ETA: 1s - loss: 2.3744 - accuracy: 0.1004
554/844 [==================>...........] - ETA: 1s - loss: 2.3739 - accuracy: 0.1006
569/844 [===================>..........] - ETA: 1s - loss: 2.3736 - accuracy: 0.1011
584/844 [===================>..........] - ETA: 1s - loss: 2.3749 - accuracy: 0.1008
598/844 [====================>.........] - ETA: 1s - loss: 2.3746 - accuracy: 0.1010
614/844 [====================>.........] - ETA: 0s - loss: 2.3749 - accuracy: 0.1009
628/844 [=====================>........] - ETA: 0s - loss: 2.3747 - accuracy: 0.1010
643/844 [=====================>........] - ETA: 0s - loss: 2.3750 - accuracy: 0.1011
658/844 [======================>.......] - ETA: 0s - loss: 2.3755 - accuracy: 0.1010
673/844 [======================>.......] - ETA: 0s - loss: 2.3760 - accuracy: 0.1008
688/844 [=======================>......] - ETA: 0s - loss: 2.3760 - accuracy: 0.1010
702/844 [=======================>......] - ETA: 0s - loss: 2.3760 - accuracy: 0.1010
718/844 [========================>.....] - ETA: 0s - loss: 2.3759 - accuracy: 0.1010
732/844 [=========================>....] - ETA: 0s - loss: 2.3759 - accuracy: 0.1007
747/844 [=========================>....] - ETA: 0s - loss: 2.3757 - accuracy: 0.1009
762/844 [==========================>...] - ETA: 0s - loss: 2.3759 - accuracy: 0.1006
776/844 [==========================>...] - ETA: 0s - loss: 2.3751 - accuracy: 0.1008
790/844 [===========================>..] - ETA: 0s - loss: 2.3745 - accuracy: 0.1012
805/844 [===========================>..] - ETA: 0s - loss: 2.3743 - accuracy: 0.1009
820/844 [============================>.] - ETA: 0s - loss: 2.3739 - accuracy: 0.1009
835/844 [============================>.] - ETA: 0s - loss: 2.3738 - accuracy: 0.1013
844/844 [==============================] - 4s 5ms/step - loss: 2.3736 - accuracy: 0.1014 - val_loss: 2.3897 - val_accuracy: 0.1033
Epoch 9/164

  1/844 [..............................] - ETA: 13s - loss: 2.2668 - accuracy: 0.1406
 14/844 [..............................] - ETA: 3s - loss: 2.3637 - accuracy: 0.0971 
 28/844 [..............................] - ETA: 3s - loss: 2.3602 - accuracy: 0.1016
 44/844 [>.............................] - ETA: 3s - loss: 2.3637 - accuracy: 0.0948
 59/844 [=>............................] - ETA: 3s - loss: 2.3630 - accuracy: 0.0976
 73/844 [=>............................] - ETA: 3s - loss: 2.3644 - accuracy: 0.0990
 88/844 [==>...........................] - ETA: 3s - loss: 2.3668 - accuracy: 0.1008
103/844 [==>...........................] - ETA: 3s - loss: 2.3664 - accuracy: 0.0990
117/844 [===>..........................] - ETA: 3s - loss: 2.3648 - accuracy: 0.1000
131/844 [===>..........................] - ETA: 3s - loss: 2.3661 - accuracy: 0.0995
146/844 [====>.........................] - ETA: 3s - loss: 2.3661 - accuracy: 0.0994
161/844 [====>.........................] - ETA: 2s - loss: 2.3702 - accuracy: 0.1007
177/844 [=====>........................] - ETA: 2s - loss: 2.3733 - accuracy: 0.1003
191/844 [=====>........................] - ETA: 2s - loss: 2.3732 - accuracy: 0.1003
206/844 [======>.......................] - ETA: 2s - loss: 2.3738 - accuracy: 0.0991
220/844 [======>.......................] - ETA: 2s - loss: 2.3724 - accuracy: 0.0993
234/844 [=======>......................] - ETA: 2s - loss: 2.3701 - accuracy: 0.0996
249/844 [=======>......................] - ETA: 2s - loss: 2.3693 - accuracy: 0.0992
263/844 [========>.....................] - ETA: 2s - loss: 2.3685 - accuracy: 0.0991
278/844 [========>.....................] - ETA: 2s - loss: 2.3682 - accuracy: 0.0996
292/844 [=========>....................] - ETA: 2s - loss: 2.3685 - accuracy: 0.0991
307/844 [=========>....................] - ETA: 2s - loss: 2.3682 - accuracy: 0.0989
322/844 [==========>...................] - ETA: 2s - loss: 2.3676 - accuracy: 0.0992
336/844 [==========>...................] - ETA: 2s - loss: 2.3674 - accuracy: 0.1000
350/844 [===========>..................] - ETA: 2s - loss: 2.3677 - accuracy: 0.0996
365/844 [===========>..................] - ETA: 2s - loss: 2.3681 - accuracy: 0.1002
379/844 [============>.................] - ETA: 2s - loss: 2.3687 - accuracy: 0.1002
394/844 [=============>................] - ETA: 1s - loss: 2.3682 - accuracy: 0.1000
408/844 [=============>................] - ETA: 1s - loss: 2.3697 - accuracy: 0.0994
423/844 [==============>...............] - ETA: 1s - loss: 2.3693 - accuracy: 0.1002
438/844 [==============>...............] - ETA: 1s - loss: 2.3697 - accuracy: 0.1004
453/844 [===============>..............] - ETA: 1s - loss: 2.3703 - accuracy: 0.1003
467/844 [===============>..............] - ETA: 1s - loss: 2.3707 - accuracy: 0.1005
482/844 [================>.............] - ETA: 1s - loss: 2.3718 - accuracy: 0.1004
497/844 [================>.............] - ETA: 1s - loss: 2.3713 - accuracy: 0.1001
511/844 [=================>............] - ETA: 1s - loss: 2.3709 - accuracy: 0.1002
526/844 [=================>............] - ETA: 1s - loss: 2.3709 - accuracy: 0.1002
540/844 [==================>...........] - ETA: 1s - loss: 2.3706 - accuracy: 0.0998
555/844 [==================>...........] - ETA: 1s - loss: 2.3708 - accuracy: 0.0997
569/844 [===================>..........] - ETA: 1s - loss: 2.3714 - accuracy: 0.0997
584/844 [===================>..........] - ETA: 1s - loss: 2.3715 - accuracy: 0.0997
599/844 [====================>.........] - ETA: 1s - loss: 2.3717 - accuracy: 0.0998
614/844 [====================>.........] - ETA: 0s - loss: 2.3712 - accuracy: 0.0998
628/844 [=====================>........] - ETA: 0s - loss: 2.3706 - accuracy: 0.0997
643/844 [=====================>........] - ETA: 0s - loss: 2.3701 - accuracy: 0.0997
656/844 [======================>.......] - ETA: 0s - loss: 2.3701 - accuracy: 0.0998
671/844 [======================>.......] - ETA: 0s - loss: 2.3698 - accuracy: 0.1000
685/844 [=======================>......] - ETA: 0s - loss: 2.3701 - accuracy: 0.1002
700/844 [=======================>......] - ETA: 0s - loss: 2.3711 - accuracy: 0.1002
714/844 [========================>.....] - ETA: 0s - loss: 2.3708 - accuracy: 0.1003
729/844 [========================>.....] - ETA: 0s - loss: 2.3704 - accuracy: 0.1004
743/844 [=========================>....] - ETA: 0s - loss: 2.3707 - accuracy: 0.1005
758/844 [=========================>....] - ETA: 0s - loss: 2.3706 - accuracy: 0.1010
772/844 [==========================>...] - ETA: 0s - loss: 2.3709 - accuracy: 0.1010
787/844 [==========================>...] - ETA: 0s - loss: 2.3705 - accuracy: 0.1012
802/844 [===========================>..] - ETA: 0s - loss: 2.3707 - accuracy: 0.1007
817/844 [============================>.] - ETA: 0s - loss: 2.3710 - accuracy: 0.1008
832/844 [============================>.] - ETA: 0s - loss: 2.3712 - accuracy: 0.1008
844/844 [==============================] - 4s 5ms/step - loss: 2.3715 - accuracy: 0.1009 - val_loss: 2.3907 - val_accuracy: 0.0972
Epoch 10/164

  1/844 [..............................] - ETA: 13s - loss: 2.3187 - accuracy: 0.0469
 15/844 [..............................] - ETA: 3s - loss: 2.3676 - accuracy: 0.0990 
 30/844 [>.............................] - ETA: 3s - loss: 2.3598 - accuracy: 0.0969
 45/844 [>.............................] - ETA: 3s - loss: 2.3629 - accuracy: 0.0962
 59/844 [=>............................] - ETA: 3s - loss: 2.3654 - accuracy: 0.0977
 74/844 [=>............................] - ETA: 3s - loss: 2.3693 - accuracy: 0.1005
 89/844 [==>...........................] - ETA: 3s - loss: 2.3683 - accuracy: 0.0964
104/844 [==>...........................] - ETA: 3s - loss: 2.3659 - accuracy: 0.0975
118/844 [===>..........................] - ETA: 3s - loss: 2.3618 - accuracy: 0.0985
131/844 [===>..........................] - ETA: 3s - loss: 2.3656 - accuracy: 0.0960
145/844 [====>.........................] - ETA: 2s - loss: 2.3685 - accuracy: 0.0956
160/844 [====>.........................] - ETA: 2s - loss: 2.3733 - accuracy: 0.0964
175/844 [=====>........................] - ETA: 2s - loss: 2.3736 - accuracy: 0.0966
190/844 [=====>........................] - ETA: 2s - loss: 2.3734 - accuracy: 0.0960
205/844 [======>.......................] - ETA: 2s - loss: 2.3719 - accuracy: 0.0960
220/844 [======>.......................] - ETA: 2s - loss: 2.3704 - accuracy: 0.0964
234/844 [=======>......................] - ETA: 2s - loss: 2.3706 - accuracy: 0.0961
248/844 [=======>......................] - ETA: 2s - loss: 2.3695 - accuracy: 0.0972
263/844 [========>.....................] - ETA: 2s - loss: 2.3692 - accuracy: 0.0974
277/844 [========>.....................] - ETA: 2s - loss: 2.3698 - accuracy: 0.0973
292/844 [=========>....................] - ETA: 2s - loss: 2.3699 - accuracy: 0.0971
306/844 [=========>....................] - ETA: 2s - loss: 2.3700 - accuracy: 0.0973
320/844 [==========>...................] - ETA: 2s - loss: 2.3696 - accuracy: 0.0971
334/844 [==========>...................] - ETA: 2s - loss: 2.3698 - accuracy: 0.0971
349/844 [===========>..................] - ETA: 2s - loss: 2.3693 - accuracy: 0.0978
363/844 [===========>..................] - ETA: 2s - loss: 2.3688 - accuracy: 0.0980
379/844 [============>.................] - ETA: 1s - loss: 2.3682 - accuracy: 0.0984
393/844 [============>.................] - ETA: 1s - loss: 2.3683 - accuracy: 0.0979
407/844 [=============>................] - ETA: 1s - loss: 2.3682 - accuracy: 0.0977
422/844 [==============>...............] - ETA: 1s - loss: 2.3689 - accuracy: 0.0975
437/844 [==============>...............] - ETA: 1s - loss: 2.3693 - accuracy: 0.0980
451/844 [===============>..............] - ETA: 1s - loss: 2.3687 - accuracy: 0.0982
467/844 [===============>..............] - ETA: 1s - loss: 2.3683 - accuracy: 0.0982
481/844 [================>.............] - ETA: 1s - loss: 2.3679 - accuracy: 0.0983
497/844 [================>.............] - ETA: 1s - loss: 2.3679 - accuracy: 0.0984
511/844 [=================>............] - ETA: 1s - loss: 2.3686 - accuracy: 0.0985
526/844 [=================>............] - ETA: 1s - loss: 2.3696 - accuracy: 0.0984
540/844 [==================>...........] - ETA: 1s - loss: 2.3700 - accuracy: 0.0984
555/844 [==================>...........] - ETA: 1s - loss: 2.3701 - accuracy: 0.0985
570/844 [===================>..........] - ETA: 1s - loss: 2.3702 - accuracy: 0.0985
585/844 [===================>..........] - ETA: 1s - loss: 2.3704 - accuracy: 0.0986
600/844 [====================>.........] - ETA: 1s - loss: 2.3704 - accuracy: 0.0984
615/844 [====================>.........] - ETA: 0s - loss: 2.3706 - accuracy: 0.0985
626/844 [=====================>........] - ETA: 0s - loss: 2.3710 - accuracy: 0.0986
639/844 [=====================>........] - ETA: 0s - loss: 2.3711 - accuracy: 0.0988
653/844 [======================>.......] - ETA: 0s - loss: 2.3713 - accuracy: 0.0991
668/844 [======================>.......] - ETA: 0s - loss: 2.3714 - accuracy: 0.0993
684/844 [=======================>......] - ETA: 0s - loss: 2.3725 - accuracy: 0.0993
698/844 [=======================>......] - ETA: 0s - loss: 2.3728 - accuracy: 0.0993
712/844 [========================>.....] - ETA: 0s - loss: 2.3729 - accuracy: 0.0990
727/844 [========================>.....] - ETA: 0s - loss: 2.3726 - accuracy: 0.0990
742/844 [=========================>....] - ETA: 0s - loss: 2.3722 - accuracy: 0.0990
758/844 [=========================>....] - ETA: 0s - loss: 2.3719 - accuracy: 0.0992
773/844 [==========================>...] - ETA: 0s - loss: 2.3716 - accuracy: 0.0990
788/844 [===========================>..] - ETA: 0s - loss: 2.3713 - accuracy: 0.0990
802/844 [===========================>..] - ETA: 0s - loss: 2.3712 - accuracy: 0.0988
817/844 [============================>.] - ETA: 0s - loss: 2.3710 - accuracy: 0.0987
832/844 [============================>.] - ETA: 0s - loss: 2.3711 - accuracy: 0.0988
844/844 [==============================] - 4s 5ms/step - loss: 2.3710 - accuracy: 0.0987 - val_loss: 2.3867 - val_accuracy: 0.0995
Epoch 11/164

  1/844 [..............................] - ETA: 0s - loss: 2.3791 - accuracy: 0.0781
 12/844 [..............................] - ETA: 4s - loss: 2.3654 - accuracy: 0.0885
 28/844 [..............................] - ETA: 3s - loss: 2.3582 - accuracy: 0.0960
 42/844 [>.............................] - ETA: 3s - loss: 2.3566 - accuracy: 0.0975
 57/844 [=>............................] - ETA: 3s - loss: 2.3567 - accuracy: 0.0987
 72/844 [=>............................] - ETA: 3s - loss: 2.3618 - accuracy: 0.0994
 86/844 [==>...........................] - ETA: 3s - loss: 2.3630 - accuracy: 0.1005
101/844 [==>...........................] - ETA: 3s - loss: 2.3642 - accuracy: 0.1010
115/844 [===>..........................] - ETA: 3s - loss: 2.3664 - accuracy: 0.1004
130/844 [===>..........................] - ETA: 3s - loss: 2.3649 - accuracy: 0.0999
144/844 [====>.........................] - ETA: 3s - loss: 2.3657 - accuracy: 0.1004
158/844 [====>.........................] - ETA: 3s - loss: 2.3695 - accuracy: 0.0997
173/844 [=====>........................] - ETA: 2s - loss: 2.3716 - accuracy: 0.1001
188/844 [=====>........................] - ETA: 2s - loss: 2.3716 - accuracy: 0.0987
203/844 [======>.......................] - ETA: 2s - loss: 2.3724 - accuracy: 0.0977
218/844 [======>.......................] - ETA: 2s - loss: 2.3716 - accuracy: 0.0968
232/844 [=======>......................] - ETA: 2s - loss: 2.3702 - accuracy: 0.0964
246/844 [=======>......................] - ETA: 2s - loss: 2.3698 - accuracy: 0.0959
262/844 [========>.....................] - ETA: 2s - loss: 2.3695 - accuracy: 0.0958
276/844 [========>.....................] - ETA: 2s - loss: 2.3695 - accuracy: 0.0952
290/844 [=========>....................] - ETA: 2s - loss: 2.3712 - accuracy: 0.0955
305/844 [=========>....................] - ETA: 2s - loss: 2.3705 - accuracy: 0.0949
319/844 [==========>...................] - ETA: 2s - loss: 2.3707 - accuracy: 0.0952
334/844 [==========>...................] - ETA: 2s - loss: 2.3713 - accuracy: 0.0952
349/844 [===========>..................] - ETA: 2s - loss: 2.3709 - accuracy: 0.0956
363/844 [===========>..................] - ETA: 2s - loss: 2.3712 - accuracy: 0.0962
377/844 [============>.................] - ETA: 2s - loss: 2.3704 - accuracy: 0.0962
392/844 [============>.................] - ETA: 1s - loss: 2.3716 - accuracy: 0.0957
407/844 [=============>................] - ETA: 1s - loss: 2.3722 - accuracy: 0.0955
421/844 [=============>................] - ETA: 1s - loss: 2.3715 - accuracy: 0.0956
435/844 [==============>...............] - ETA: 1s - loss: 2.3711 - accuracy: 0.0959
450/844 [==============>...............] - ETA: 1s - loss: 2.3709 - accuracy: 0.0962
463/844 [===============>..............] - ETA: 1s - loss: 2.3703 - accuracy: 0.0964
479/844 [================>.............] - ETA: 1s - loss: 2.3710 - accuracy: 0.0965
493/844 [================>.............] - ETA: 1s - loss: 2.3709 - accuracy: 0.0964
508/844 [=================>............] - ETA: 1s - loss: 2.3713 - accuracy: 0.0960
523/844 [=================>............] - ETA: 1s - loss: 2.3717 - accuracy: 0.0959
538/844 [==================>...........] - ETA: 1s - loss: 2.3730 - accuracy: 0.0961
552/844 [==================>...........] - ETA: 1s - loss: 2.3731 - accuracy: 0.0965
566/844 [===================>..........] - ETA: 1s - loss: 2.3733 - accuracy: 0.0969
580/844 [===================>..........] - ETA: 1s - loss: 2.3735 - accuracy: 0.0968
595/844 [====================>.........] - ETA: 1s - loss: 2.3754 - accuracy: 0.0970
610/844 [====================>.........] - ETA: 1s - loss: 2.3756 - accuracy: 0.0972
623/844 [=====================>........] - ETA: 0s - loss: 2.3752 - accuracy: 0.0974
638/844 [=====================>........] - ETA: 0s - loss: 2.3746 - accuracy: 0.0972
653/844 [======================>.......] - ETA: 0s - loss: 2.3748 - accuracy: 0.0975
667/844 [======================>.......] - ETA: 0s - loss: 2.3753 - accuracy: 0.0974
682/844 [=======================>......] - ETA: 0s - loss: 2.3756 - accuracy: 0.0969
697/844 [=======================>......] - ETA: 0s - loss: 2.3765 - accuracy: 0.0970
711/844 [========================>.....] - ETA: 0s - loss: 2.3775 - accuracy: 0.0973
726/844 [========================>.....] - ETA: 0s - loss: 2.3783 - accuracy: 0.0970
740/844 [=========================>....] - ETA: 0s - loss: 2.3783 - accuracy: 0.0968
755/844 [=========================>....] - ETA: 0s - loss: 2.3785 - accuracy: 0.0969
769/844 [==========================>...] - ETA: 0s - loss: 2.3790 - accuracy: 0.0967
785/844 [==========================>...] - ETA: 0s - loss: 2.3788 - accuracy: 0.0968
798/844 [===========================>..] - ETA: 0s - loss: 2.3792 - accuracy: 0.0968
813/844 [===========================>..] - ETA: 0s - loss: 2.3793 - accuracy: 0.0968
828/844 [============================>.] - ETA: 0s - loss: 2.3793 - accuracy: 0.0966
843/844 [============================>.] - ETA: 0s - loss: 2.3789 - accuracy: 0.0963
844/844 [==============================] - 4s 5ms/step - loss: 2.3789 - accuracy: 0.0964 - val_loss: 2.3753 - val_accuracy: 0.1027
Epoch 12/164

  1/844 [..............................] - ETA: 13s - loss: 2.4043 - accuracy: 0.0625
 14/844 [..............................] - ETA: 3s - loss: 2.3697 - accuracy: 0.0837 
 29/844 [>.............................] - ETA: 3s - loss: 2.3632 - accuracy: 0.0975
 43/844 [>.............................] - ETA: 3s - loss: 2.3618 - accuracy: 0.0927
 57/844 [=>............................] - ETA: 3s - loss: 2.3630 - accuracy: 0.0981
 72/844 [=>............................] - ETA: 3s - loss: 2.3677 - accuracy: 0.0946
 87/844 [==>...........................] - ETA: 3s - loss: 2.3675 - accuracy: 0.0981
103/844 [==>...........................] - ETA: 3s - loss: 2.3683 - accuracy: 0.0974
118/844 [===>..........................] - ETA: 3s - loss: 2.3686 - accuracy: 0.0973
133/844 [===>..........................] - ETA: 3s - loss: 2.3680 - accuracy: 0.0948
147/844 [====>.........................] - ETA: 2s - loss: 2.3661 - accuracy: 0.0963
162/844 [====>.........................] - ETA: 2s - loss: 2.3668 - accuracy: 0.0969
176/844 [=====>........................] - ETA: 2s - loss: 2.3662 - accuracy: 0.0970
190/844 [=====>........................] - ETA: 2s - loss: 2.3663 - accuracy: 0.0964
204/844 [======>.......................] - ETA: 2s - loss: 2.3690 - accuracy: 0.0955
219/844 [======>.......................] - ETA: 2s - loss: 2.3708 - accuracy: 0.0964
234/844 [=======>......................] - ETA: 2s - loss: 2.3714 - accuracy: 0.0957
248/844 [=======>......................] - ETA: 2s - loss: 2.3699 - accuracy: 0.0961
263/844 [========>.....................] - ETA: 2s - loss: 2.3713 - accuracy: 0.0961
277/844 [========>.....................] - ETA: 2s - loss: 2.3720 - accuracy: 0.0955
292/844 [=========>....................] - ETA: 2s - loss: 2.3720 - accuracy: 0.0957
307/844 [=========>....................] - ETA: 2s - loss: 2.3718 - accuracy: 0.0962
321/844 [==========>...................] - ETA: 2s - loss: 2.3719 - accuracy: 0.0967
336/844 [==========>...................] - ETA: 2s - loss: 2.3724 - accuracy: 0.0969
350/844 [===========>..................] - ETA: 2s - loss: 2.3713 - accuracy: 0.0971
366/844 [============>.................] - ETA: 2s - loss: 2.3703 - accuracy: 0.0971
381/844 [============>.................] - ETA: 1s - loss: 2.3712 - accuracy: 0.0975
395/844 [=============>................] - ETA: 1s - loss: 2.3713 - accuracy: 0.0972
409/844 [=============>................] - ETA: 1s - loss: 2.3719 - accuracy: 0.0974
423/844 [==============>...............] - ETA: 1s - loss: 2.3727 - accuracy: 0.0974
438/844 [==============>...............] - ETA: 1s - loss: 2.3730 - accuracy: 0.0977
452/844 [===============>..............] - ETA: 1s - loss: 2.3749 - accuracy: 0.0981
466/844 [===============>..............] - ETA: 1s - loss: 2.3745 - accuracy: 0.0984
481/844 [================>.............] - ETA: 1s - loss: 2.3748 - accuracy: 0.0988
495/844 [================>.............] - ETA: 1s - loss: 2.3752 - accuracy: 0.0995
510/844 [=================>............] - ETA: 1s - loss: 2.3748 - accuracy: 0.0992
524/844 [=================>............] - ETA: 1s - loss: 2.3747 - accuracy: 0.0990
539/844 [==================>...........] - ETA: 1s - loss: 2.3741 - accuracy: 0.0989
554/844 [==================>...........] - ETA: 1s - loss: 2.3735 - accuracy: 0.0988
568/844 [===================>..........] - ETA: 1s - loss: 2.3739 - accuracy: 0.0992
586/844 [===================>..........] - ETA: 1s - loss: 2.3749 - accuracy: 0.0991
602/844 [====================>.........] - ETA: 1s - loss: 2.3753 - accuracy: 0.0990
618/844 [====================>.........] - ETA: 0s - loss: 2.3761 - accuracy: 0.0984
634/844 [=====================>........] - ETA: 0s - loss: 2.3754 - accuracy: 0.0982
650/844 [======================>.......] - ETA: 0s - loss: 2.3761 - accuracy: 0.0979
666/844 [======================>.......] - ETA: 0s - loss: 2.3763 - accuracy: 0.0978
682/844 [=======================>......] - ETA: 0s - loss: 2.3769 - accuracy: 0.0977
698/844 [=======================>......] - ETA: 0s - loss: 2.3771 - accuracy: 0.0976
715/844 [========================>.....] - ETA: 0s - loss: 2.3776 - accuracy: 0.0976
731/844 [========================>.....] - ETA: 0s - loss: 2.3775 - accuracy: 0.0971
748/844 [=========================>....] - ETA: 0s - loss: 2.3770 - accuracy: 0.0978
764/844 [==========================>...] - ETA: 0s - loss: 2.3766 - accuracy: 0.0978
780/844 [==========================>...] - ETA: 0s - loss: 2.3760 - accuracy: 0.0979
796/844 [===========================>..] - ETA: 0s - loss: 2.3758 - accuracy: 0.0978
808/844 [===========================>..] - ETA: 0s - loss: 2.3759 - accuracy: 0.0976
823/844 [============================>.] - ETA: 0s - loss: 2.3763 - accuracy: 0.0977
840/844 [============================>.] - ETA: 0s - loss: 2.3766 - accuracy: 0.0978
844/844 [==============================] - 4s 5ms/step - loss: 2.3765 - accuracy: 0.0978 - val_loss: 2.3809 - val_accuracy: 0.1027
Epoch 12: early stopping

  1/188 [..............................] - ETA: 2s - loss: 2.4130 - accuracy: 0.1562
 23/188 [==>...........................] - ETA: 0s - loss: 2.3766 - accuracy: 0.1073
 44/188 [======>.......................] - ETA: 0s - loss: 2.3770 - accuracy: 0.1087
 85/188 [============>.................] - ETA: 0s - loss: 2.3801 - accuracy: 0.1022
120/188 [==================>...........] - ETA: 0s - loss: 2.3835 - accuracy: 0.1039
146/188 [======================>.......] - ETA: 0s - loss: 2.3822 - accuracy: 0.1027
170/188 [==========================>...] - ETA: 0s - loss: 2.3794 - accuracy: 0.1050
188/188 [==============================] - 0s 2ms/step - loss: 2.3809 - accuracy: 0.1027
