2024-08-24 13:16:56.363419: I tensorflow/core/platform/cpu_feature_guard.cc:193] This TensorFlow binary is optimized with oneAPI Deep Neural Network Library (oneDNN) to use the following CPU instructions in performance-critical operations:  AVX AVX2
To enable them in other operations, rebuild TensorFlow with the appropriate compiler flags.
2024-08-24 13:16:57.470920: I tensorflow/core/common_runtime/gpu/gpu_device.cc:1616] Created device /job:localhost/replica:0/task:0/device:GPU:0 with 13575 MB memory:  -> device: 0, name: NVIDIA GeForce RTX 4060 Ti, pci bus id: 0000:01:00.0, compute capability: 8.9
1 Physical GPUs, 1 Logical GPUs
Fold:  0
Model: "sequential"
_________________________________________________________________
 Layer (type)                Output Shape              Param #   
=================================================================
 conv2d (Conv2D)             (None, 32, 32, 32)        896       
                                                                 
 max_pooling2d (MaxPooling2D  (None, 16, 16, 32)       0         
 )                                                               
                                                                 
 batch_normalization (BatchN  (None, 16, 16, 32)       128       
 ormalization)                                                   
                                                                 
 dropout (Dropout)           (None, 16, 16, 32)        0         
                                                                 
 flatten (Flatten)           (None, 8192)              0         
                                                                 
 dense (Dense)               (None, 70)                573510    
                                                                 
 dropout_1 (Dropout)         (None, 70)                0         
                                                                 
 dense_1 (Dense)             (None, 10)                710       
                                                                 
=================================================================
Total params: 575,244
Trainable params: 575,180
Non-trainable params: 64
_________________________________________________________________
Taxa de aprendizado:  0.001 Num de épocas:  138 Tamanho do lote:  256 Dropout:  0.3
Epoch 1/138
2024-08-24 13:16:59.381957: I tensorflow/stream_executor/cuda/cuda_dnn.cc:384] Loaded cuDNN version 8100
2024-08-24 13:17:00.570063: W tensorflow/stream_executor/gpu/redzone_allocator.cc:314] INTERNAL: ptxas exited with non-zero error code -1, output: 
Relying on driver to perform ptx compilation. 
Modify $PATH to customize ptxas location.
This message will be only logged once.
2024-08-24 13:17:02.123280: I tensorflow/stream_executor/cuda/cuda_blas.cc:1614] TensorFloat-32 will be used for the matrix multiplication. This will only be logged once.

  1/211 [..............................] - ETA: 16:35 - loss: 2.6751 - accuracy: 0.0977
  8/211 [>.............................] - ETA: 1s - loss: 2.3894 - accuracy: 0.2339   
 15/211 [=>............................] - ETA: 1s - loss: 2.2276 - accuracy: 0.2698
 21/211 [=>............................] - ETA: 1s - loss: 2.1379 - accuracy: 0.2945
 28/211 [==>...........................] - ETA: 1s - loss: 2.0808 - accuracy: 0.3066
 35/211 [===>..........................] - ETA: 1s - loss: 2.0247 - accuracy: 0.3217
 42/211 [====>.........................] - ETA: 1s - loss: 1.9803 - accuracy: 0.3317
 49/211 [=====>........................] - ETA: 1s - loss: 1.9453 - accuracy: 0.3380
 55/211 [======>.......................] - ETA: 1s - loss: 1.9172 - accuracy: 0.3452
 61/211 [=======>......................] - ETA: 1s - loss: 1.8948 - accuracy: 0.3506
 68/211 [========>.....................] - ETA: 1s - loss: 1.8648 - accuracy: 0.3602
 75/211 [=========>....................] - ETA: 1s - loss: 1.8375 - accuracy: 0.3684
 82/211 [==========>...................] - ETA: 1s - loss: 1.8115 - accuracy: 0.3761
 88/211 [===========>..................] - ETA: 1s - loss: 1.7925 - accuracy: 0.3824
 94/211 [============>.................] - ETA: 1s - loss: 1.7770 - accuracy: 0.3875
101/211 [=============>................] - ETA: 1s - loss: 1.7597 - accuracy: 0.3924
107/211 [==============>...............] - ETA: 1s - loss: 1.7455 - accuracy: 0.3960
114/211 [===============>..............] - ETA: 0s - loss: 1.7320 - accuracy: 0.4011
120/211 [================>.............] - ETA: 0s - loss: 1.7188 - accuracy: 0.4057
127/211 [=================>............] - ETA: 0s - loss: 1.7046 - accuracy: 0.4109
133/211 [=================>............] - ETA: 0s - loss: 1.6920 - accuracy: 0.4148
140/211 [==================>...........] - ETA: 0s - loss: 1.6792 - accuracy: 0.4186
147/211 [===================>..........] - ETA: 0s - loss: 1.6666 - accuracy: 0.4221
153/211 [====================>.........] - ETA: 0s - loss: 1.6575 - accuracy: 0.4253
160/211 [=====================>........] - ETA: 0s - loss: 1.6485 - accuracy: 0.4277
166/211 [======================>.......] - ETA: 0s - loss: 1.6393 - accuracy: 0.4306
172/211 [=======================>......] - ETA: 0s - loss: 1.6304 - accuracy: 0.4334
179/211 [========================>.....] - ETA: 0s - loss: 1.6218 - accuracy: 0.4352
185/211 [=========================>....] - ETA: 0s - loss: 1.6138 - accuracy: 0.4377
192/211 [==========================>...] - ETA: 0s - loss: 1.6046 - accuracy: 0.4404
198/211 [===========================>..] - ETA: 0s - loss: 1.5998 - accuracy: 0.4418
205/211 [============================>.] - ETA: 0s - loss: 1.5907 - accuracy: 0.4446
211/211 [==============================] - 8s 14ms/step - loss: 1.5844 - accuracy: 0.4466 - val_loss: 1.5740 - val_accuracy: 0.4668
Epoch 2/138

  1/211 [..............................] - ETA: 6s - loss: 1.3998 - accuracy: 0.5469
  8/211 [>.............................] - ETA: 1s - loss: 1.2721 - accuracy: 0.5547
 14/211 [>.............................] - ETA: 1s - loss: 1.2851 - accuracy: 0.5505
 21/211 [=>............................] - ETA: 1s - loss: 1.2679 - accuracy: 0.5523
 28/211 [==>...........................] - ETA: 1s - loss: 1.2784 - accuracy: 0.5446
 35/211 [===>..........................] - ETA: 1s - loss: 1.2772 - accuracy: 0.5443
 42/211 [====>.........................] - ETA: 1s - loss: 1.2831 - accuracy: 0.5440
 48/211 [=====>........................] - ETA: 1s - loss: 1.2838 - accuracy: 0.5431
 55/211 [======>.......................] - ETA: 1s - loss: 1.2782 - accuracy: 0.5472
 62/211 [=======>......................] - ETA: 1s - loss: 1.2751 - accuracy: 0.5485
 68/211 [========>.....................] - ETA: 1s - loss: 1.2716 - accuracy: 0.5495
 75/211 [=========>....................] - ETA: 1s - loss: 1.2692 - accuracy: 0.5501
 81/211 [==========>...................] - ETA: 1s - loss: 1.2690 - accuracy: 0.5491
 88/211 [===========>..................] - ETA: 1s - loss: 1.2673 - accuracy: 0.5501
 95/211 [============>.................] - ETA: 1s - loss: 1.2650 - accuracy: 0.5506
101/211 [=============>................] - ETA: 1s - loss: 1.2641 - accuracy: 0.5506
107/211 [==============>...............] - ETA: 0s - loss: 1.2632 - accuracy: 0.5508
114/211 [===============>..............] - ETA: 0s - loss: 1.2622 - accuracy: 0.5515
121/211 [================>.............] - ETA: 0s - loss: 1.2615 - accuracy: 0.5526
127/211 [=================>............] - ETA: 0s - loss: 1.2594 - accuracy: 0.5536
134/211 [==================>...........] - ETA: 0s - loss: 1.2585 - accuracy: 0.5533
141/211 [===================>..........] - ETA: 0s - loss: 1.2560 - accuracy: 0.5538
148/211 [====================>.........] - ETA: 0s - loss: 1.2532 - accuracy: 0.5542
154/211 [====================>.........] - ETA: 0s - loss: 1.2514 - accuracy: 0.5551
161/211 [=====================>........] - ETA: 0s - loss: 1.2480 - accuracy: 0.5562
168/211 [======================>.......] - ETA: 0s - loss: 1.2470 - accuracy: 0.5571
174/211 [=======================>......] - ETA: 0s - loss: 1.2462 - accuracy: 0.5571
181/211 [========================>.....] - ETA: 0s - loss: 1.2464 - accuracy: 0.5573
188/211 [=========================>....] - ETA: 0s - loss: 1.2452 - accuracy: 0.5576
194/211 [==========================>...] - ETA: 0s - loss: 1.2440 - accuracy: 0.5581
201/211 [===========================>..] - ETA: 0s - loss: 1.2425 - accuracy: 0.5592
208/211 [============================>.] - ETA: 0s - loss: 1.2424 - accuracy: 0.5594
211/211 [==============================] - 3s 12ms/step - loss: 1.2420 - accuracy: 0.5596 - val_loss: 1.4368 - val_accuracy: 0.5120
Epoch 3/138

  1/211 [..............................] - ETA: 3s - loss: 1.1728 - accuracy: 0.6523
 10/211 [>.............................] - ETA: 1s - loss: 1.1343 - accuracy: 0.6070
 19/211 [=>............................] - ETA: 1s - loss: 1.1415 - accuracy: 0.6003
 26/211 [==>...........................] - ETA: 1s - loss: 1.1628 - accuracy: 0.5962
 33/211 [===>..........................] - ETA: 1s - loss: 1.1575 - accuracy: 0.5947
 42/211 [====>.........................] - ETA: 1s - loss: 1.1539 - accuracy: 0.5951
 51/211 [======>.......................] - ETA: 1s - loss: 1.1383 - accuracy: 0.5983
 60/211 [=======>......................] - ETA: 1s - loss: 1.1382 - accuracy: 0.5993
 68/211 [========>.....................] - ETA: 1s - loss: 1.1360 - accuracy: 0.6011
 76/211 [=========>....................] - ETA: 0s - loss: 1.1363 - accuracy: 0.6002
 82/211 [==========>...................] - ETA: 0s - loss: 1.1334 - accuracy: 0.6009
 87/211 [===========>..................] - ETA: 0s - loss: 1.1341 - accuracy: 0.6004
 94/211 [============>.................] - ETA: 0s - loss: 1.1350 - accuracy: 0.5986
101/211 [=============>................] - ETA: 0s - loss: 1.1308 - accuracy: 0.5997
108/211 [==============>...............] - ETA: 0s - loss: 1.1288 - accuracy: 0.6003
114/211 [===============>..............] - ETA: 0s - loss: 1.1277 - accuracy: 0.6004
119/211 [===============>..............] - ETA: 0s - loss: 1.1262 - accuracy: 0.6009
125/211 [================>.............] - ETA: 0s - loss: 1.1274 - accuracy: 0.6003
132/211 [=================>............] - ETA: 0s - loss: 1.1261 - accuracy: 0.6010
139/211 [==================>...........] - ETA: 0s - loss: 1.1251 - accuracy: 0.6019
146/211 [===================>..........] - ETA: 0s - loss: 1.1239 - accuracy: 0.6027
152/211 [====================>.........] - ETA: 0s - loss: 1.1259 - accuracy: 0.6023
159/211 [=====================>........] - ETA: 0s - loss: 1.1231 - accuracy: 0.6039
166/211 [======================>.......] - ETA: 0s - loss: 1.1230 - accuracy: 0.6040
173/211 [=======================>......] - ETA: 0s - loss: 1.1229 - accuracy: 0.6041
179/211 [========================>.....] - ETA: 0s - loss: 1.1206 - accuracy: 0.6050
185/211 [=========================>....] - ETA: 0s - loss: 1.1200 - accuracy: 0.6058
192/211 [==========================>...] - ETA: 0s - loss: 1.1206 - accuracy: 0.6059
199/211 [===========================>..] - ETA: 0s - loss: 1.1206 - accuracy: 0.6057
205/211 [============================>.] - ETA: 0s - loss: 1.1202 - accuracy: 0.6056
211/211 [==============================] - 2s 11ms/step - loss: 1.1196 - accuracy: 0.6059 - val_loss: 1.1041 - val_accuracy: 0.6140
Epoch 4/138

  1/211 [..............................] - ETA: 3s - loss: 1.0105 - accuracy: 0.6445
  7/211 [..............................] - ETA: 2s - loss: 1.0385 - accuracy: 0.6328
 13/211 [>.............................] - ETA: 2s - loss: 1.0339 - accuracy: 0.6355
 20/211 [=>............................] - ETA: 1s - loss: 1.0286 - accuracy: 0.6373
 27/211 [==>...........................] - ETA: 1s - loss: 1.0233 - accuracy: 0.6402
 33/211 [===>..........................] - ETA: 1s - loss: 1.0133 - accuracy: 0.6452
 40/211 [====>.........................] - ETA: 1s - loss: 1.0142 - accuracy: 0.6456
 46/211 [=====>........................] - ETA: 1s - loss: 1.0204 - accuracy: 0.6427
 53/211 [======>.......................] - ETA: 1s - loss: 1.0270 - accuracy: 0.6385
 60/211 [=======>......................] - ETA: 1s - loss: 1.0372 - accuracy: 0.6348
 67/211 [========>.....................] - ETA: 1s - loss: 1.0401 - accuracy: 0.6337
 74/211 [=========>....................] - ETA: 1s - loss: 1.0389 - accuracy: 0.6336
 80/211 [==========>...................] - ETA: 1s - loss: 1.0419 - accuracy: 0.6335
 87/211 [===========>..................] - ETA: 1s - loss: 1.0435 - accuracy: 0.6326
 93/211 [============>.................] - ETA: 1s - loss: 1.0421 - accuracy: 0.6334
100/211 [=============>................] - ETA: 1s - loss: 1.0409 - accuracy: 0.6337
107/211 [==============>...............] - ETA: 0s - loss: 1.0402 - accuracy: 0.6337
113/211 [===============>..............] - ETA: 0s - loss: 1.0435 - accuracy: 0.6323
120/211 [================>.............] - ETA: 0s - loss: 1.0475 - accuracy: 0.6316
127/211 [=================>............] - ETA: 0s - loss: 1.0474 - accuracy: 0.6324
133/211 [=================>............] - ETA: 0s - loss: 1.0470 - accuracy: 0.6317
140/211 [==================>...........] - ETA: 0s - loss: 1.0481 - accuracy: 0.6318
146/211 [===================>..........] - ETA: 0s - loss: 1.0515 - accuracy: 0.6306
153/211 [====================>.........] - ETA: 0s - loss: 1.0531 - accuracy: 0.6307
160/211 [=====================>........] - ETA: 0s - loss: 1.0531 - accuracy: 0.6306
167/211 [======================>.......] - ETA: 0s - loss: 1.0531 - accuracy: 0.6304
173/211 [=======================>......] - ETA: 0s - loss: 1.0535 - accuracy: 0.6305
180/211 [========================>.....] - ETA: 0s - loss: 1.0552 - accuracy: 0.6299
187/211 [=========================>....] - ETA: 0s - loss: 1.0543 - accuracy: 0.6302
192/211 [==========================>...] - ETA: 0s - loss: 1.0546 - accuracy: 0.6298
198/211 [===========================>..] - ETA: 0s - loss: 1.0563 - accuracy: 0.6297
205/211 [============================>.] - ETA: 0s - loss: 1.0559 - accuracy: 0.6298
211/211 [==============================] - 3s 12ms/step - loss: 1.0561 - accuracy: 0.6297 - val_loss: 1.1729 - val_accuracy: 0.5837
Epoch 5/138

  1/211 [..............................] - ETA: 3s - loss: 0.9593 - accuracy: 0.6445
  7/211 [..............................] - ETA: 2s - loss: 0.9663 - accuracy: 0.6669
 14/211 [>.............................] - ETA: 1s - loss: 0.9819 - accuracy: 0.6585
 21/211 [=>............................] - ETA: 1s - loss: 0.9844 - accuracy: 0.6559
 28/211 [==>...........................] - ETA: 1s - loss: 0.9967 - accuracy: 0.6512
 34/211 [===>..........................] - ETA: 1s - loss: 1.0014 - accuracy: 0.6486
 41/211 [====>.........................] - ETA: 1s - loss: 1.0053 - accuracy: 0.6467
 48/211 [=====>........................] - ETA: 1s - loss: 1.0049 - accuracy: 0.6463
 54/211 [======>.......................] - ETA: 1s - loss: 1.0008 - accuracy: 0.6452
 61/211 [=======>......................] - ETA: 1s - loss: 0.9996 - accuracy: 0.6455
 68/211 [========>.....................] - ETA: 1s - loss: 0.9989 - accuracy: 0.6445
 75/211 [=========>....................] - ETA: 1s - loss: 1.0022 - accuracy: 0.6426
 82/211 [==========>...................] - ETA: 1s - loss: 1.0032 - accuracy: 0.6433
 88/211 [===========>..................] - ETA: 1s - loss: 1.0046 - accuracy: 0.6442
 95/211 [============>.................] - ETA: 1s - loss: 1.0075 - accuracy: 0.6425
102/211 [=============>................] - ETA: 1s - loss: 1.0101 - accuracy: 0.6420
108/211 [==============>...............] - ETA: 0s - loss: 1.0082 - accuracy: 0.6432
115/211 [===============>..............] - ETA: 0s - loss: 1.0100 - accuracy: 0.6428
122/211 [================>.............] - ETA: 0s - loss: 1.0102 - accuracy: 0.6424
129/211 [=================>............] - ETA: 0s - loss: 1.0101 - accuracy: 0.6428
136/211 [==================>...........] - ETA: 0s - loss: 1.0101 - accuracy: 0.6431
142/211 [===================>..........] - ETA: 0s - loss: 1.0093 - accuracy: 0.6434
149/211 [====================>.........] - ETA: 0s - loss: 1.0090 - accuracy: 0.6440
156/211 [=====================>........] - ETA: 0s - loss: 1.0083 - accuracy: 0.6444
162/211 [======================>.......] - ETA: 0s - loss: 1.0078 - accuracy: 0.6449
168/211 [======================>.......] - ETA: 0s - loss: 1.0079 - accuracy: 0.6444
175/211 [=======================>......] - ETA: 0s - loss: 1.0094 - accuracy: 0.6434
182/211 [========================>.....] - ETA: 0s - loss: 1.0087 - accuracy: 0.6437
188/211 [=========================>....] - ETA: 0s - loss: 1.0091 - accuracy: 0.6434
195/211 [==========================>...] - ETA: 0s - loss: 1.0086 - accuracy: 0.6439
202/211 [===========================>..] - ETA: 0s - loss: 1.0084 - accuracy: 0.6442
209/211 [============================>.] - ETA: 0s - loss: 1.0099 - accuracy: 0.6439
211/211 [==============================] - 3s 12ms/step - loss: 1.0099 - accuracy: 0.6441 - val_loss: 1.1031 - val_accuracy: 0.6142
Epoch 6/138

  1/211 [..............................] - ETA: 6s - loss: 0.8962 - accuracy: 0.6758
  8/211 [>.............................] - ETA: 1s - loss: 0.9212 - accuracy: 0.6732
 14/211 [>.............................] - ETA: 1s - loss: 0.9289 - accuracy: 0.6707
 21/211 [=>............................] - ETA: 1s - loss: 0.9408 - accuracy: 0.6660
 28/211 [==>...........................] - ETA: 1s - loss: 0.9471 - accuracy: 0.6655
 35/211 [===>..........................] - ETA: 1s - loss: 0.9440 - accuracy: 0.6648
 41/211 [====>.........................] - ETA: 1s - loss: 0.9443 - accuracy: 0.6663
 48/211 [=====>........................] - ETA: 1s - loss: 0.9432 - accuracy: 0.6683
 54/211 [======>.......................] - ETA: 1s - loss: 0.9484 - accuracy: 0.6667
 61/211 [=======>......................] - ETA: 1s - loss: 0.9465 - accuracy: 0.6666
 68/211 [========>.....................] - ETA: 1s - loss: 0.9452 - accuracy: 0.6671
 74/211 [=========>....................] - ETA: 1s - loss: 0.9451 - accuracy: 0.6674
 84/211 [==========>...................] - ETA: 1s - loss: 0.9441 - accuracy: 0.6676
 94/211 [============>.................] - ETA: 1s - loss: 0.9452 - accuracy: 0.6680
103/211 [=============>................] - ETA: 0s - loss: 0.9487 - accuracy: 0.6664
112/211 [==============>...............] - ETA: 0s - loss: 0.9534 - accuracy: 0.6647
121/211 [================>.............] - ETA: 0s - loss: 0.9542 - accuracy: 0.6644
131/211 [=================>............] - ETA: 0s - loss: 0.9559 - accuracy: 0.6633
140/211 [==================>...........] - ETA: 0s - loss: 0.9553 - accuracy: 0.6636
149/211 [====================>.........] - ETA: 0s - loss: 0.9562 - accuracy: 0.6640
158/211 [=====================>........] - ETA: 0s - loss: 0.9587 - accuracy: 0.6630
168/211 [======================>.......] - ETA: 0s - loss: 0.9619 - accuracy: 0.6616
176/211 [========================>.....] - ETA: 0s - loss: 0.9644 - accuracy: 0.6609
183/211 [=========================>....] - ETA: 0s - loss: 0.9662 - accuracy: 0.6606
189/211 [=========================>....] - ETA: 0s - loss: 0.9662 - accuracy: 0.6609
196/211 [==========================>...] - ETA: 0s - loss: 0.9663 - accuracy: 0.6605
202/211 [===========================>..] - ETA: 0s - loss: 0.9683 - accuracy: 0.6594
209/211 [============================>.] - ETA: 0s - loss: 0.9695 - accuracy: 0.6591
211/211 [==============================] - 2s 11ms/step - loss: 0.9698 - accuracy: 0.6589 - val_loss: 1.0369 - val_accuracy: 0.6365
Epoch 7/138

  1/211 [..............................] - ETA: 3s - loss: 0.9936 - accuracy: 0.6523
  7/211 [..............................] - ETA: 2s - loss: 0.9144 - accuracy: 0.6802
 13/211 [>.............................] - ETA: 2s - loss: 0.9046 - accuracy: 0.6779
 20/211 [=>............................] - ETA: 1s - loss: 0.9139 - accuracy: 0.6746
 27/211 [==>...........................] - ETA: 1s - loss: 0.9209 - accuracy: 0.6722
 34/211 [===>..........................] - ETA: 1s - loss: 0.9226 - accuracy: 0.6727
 41/211 [====>.........................] - ETA: 1s - loss: 0.9179 - accuracy: 0.6777
 47/211 [=====>........................] - ETA: 1s - loss: 0.9224 - accuracy: 0.6781
 54/211 [======>.......................] - ETA: 1s - loss: 0.9329 - accuracy: 0.6755
 60/211 [=======>......................] - ETA: 1s - loss: 0.9346 - accuracy: 0.6744
 67/211 [========>.....................] - ETA: 1s - loss: 0.9374 - accuracy: 0.6731
 74/211 [=========>....................] - ETA: 1s - loss: 0.9356 - accuracy: 0.6738
 81/211 [==========>...................] - ETA: 1s - loss: 0.9366 - accuracy: 0.6731
 87/211 [===========>..................] - ETA: 1s - loss: 0.9366 - accuracy: 0.6727
 94/211 [============>.................] - ETA: 1s - loss: 0.9398 - accuracy: 0.6719
101/211 [=============>................] - ETA: 1s - loss: 0.9391 - accuracy: 0.6710
107/211 [==============>...............] - ETA: 0s - loss: 0.9387 - accuracy: 0.6710
113/211 [===============>..............] - ETA: 0s - loss: 0.9383 - accuracy: 0.6714
120/211 [================>.............] - ETA: 0s - loss: 0.9403 - accuracy: 0.6705
127/211 [=================>............] - ETA: 0s - loss: 0.9387 - accuracy: 0.6710
134/211 [==================>...........] - ETA: 0s - loss: 0.9367 - accuracy: 0.6720
140/211 [==================>...........] - ETA: 0s - loss: 0.9384 - accuracy: 0.6713
147/211 [===================>..........] - ETA: 0s - loss: 0.9378 - accuracy: 0.6711
154/211 [====================>.........] - ETA: 0s - loss: 0.9367 - accuracy: 0.6713
160/211 [=====================>........] - ETA: 0s - loss: 0.9373 - accuracy: 0.6712
167/211 [======================>.......] - ETA: 0s - loss: 0.9387 - accuracy: 0.6704
174/211 [=======================>......] - ETA: 0s - loss: 0.9402 - accuracy: 0.6700
180/211 [========================>.....] - ETA: 0s - loss: 0.9416 - accuracy: 0.6699
187/211 [=========================>....] - ETA: 0s - loss: 0.9420 - accuracy: 0.6698
194/211 [==========================>...] - ETA: 0s - loss: 0.9423 - accuracy: 0.6697
200/211 [===========================>..] - ETA: 0s - loss: 0.9420 - accuracy: 0.6698
207/211 [============================>.] - ETA: 0s - loss: 0.9409 - accuracy: 0.6698
211/211 [==============================] - 3s 12ms/step - loss: 0.9415 - accuracy: 0.6698 - val_loss: 1.3352 - val_accuracy: 0.5662
Epoch 8/138

  1/211 [..............................] - ETA: 6s - loss: 0.7981 - accuracy: 0.7070
  8/211 [>.............................] - ETA: 1s - loss: 0.9153 - accuracy: 0.6855
 15/211 [=>............................] - ETA: 1s - loss: 0.9182 - accuracy: 0.6786
 21/211 [=>............................] - ETA: 1s - loss: 0.8997 - accuracy: 0.6842
 28/211 [==>...........................] - ETA: 1s - loss: 0.9035 - accuracy: 0.6830
 35/211 [===>..........................] - ETA: 1s - loss: 0.9039 - accuracy: 0.6836
 42/211 [====>.........................] - ETA: 1s - loss: 0.9010 - accuracy: 0.6860
 49/211 [=====>........................] - ETA: 1s - loss: 0.9055 - accuracy: 0.6851
 55/211 [======>.......................] - ETA: 1s - loss: 0.9050 - accuracy: 0.6854
 63/211 [=======>......................] - ETA: 1s - loss: 0.9065 - accuracy: 0.6849
 69/211 [========>.....................] - ETA: 1s - loss: 0.9048 - accuracy: 0.6856
 76/211 [=========>....................] - ETA: 1s - loss: 0.9029 - accuracy: 0.6860
 83/211 [==========>...................] - ETA: 1s - loss: 0.9016 - accuracy: 0.6859
 89/211 [===========>..................] - ETA: 1s - loss: 0.9003 - accuracy: 0.6864
 95/211 [============>.................] - ETA: 1s - loss: 0.9019 - accuracy: 0.6858
102/211 [=============>................] - ETA: 1s - loss: 0.9050 - accuracy: 0.6846
109/211 [==============>...............] - ETA: 0s - loss: 0.9049 - accuracy: 0.6846
115/211 [===============>..............] - ETA: 0s - loss: 0.9063 - accuracy: 0.6836
121/211 [================>.............] - ETA: 0s - loss: 0.9092 - accuracy: 0.6822
129/211 [=================>............] - ETA: 0s - loss: 0.9092 - accuracy: 0.6823
135/211 [==================>...........] - ETA: 0s - loss: 0.9124 - accuracy: 0.6809
142/211 [===================>..........] - ETA: 0s - loss: 0.9128 - accuracy: 0.6805
148/211 [====================>.........] - ETA: 0s - loss: 0.9130 - accuracy: 0.6804
155/211 [=====================>........] - ETA: 0s - loss: 0.9149 - accuracy: 0.6797
162/211 [======================>.......] - ETA: 0s - loss: 0.9173 - accuracy: 0.6785
168/211 [======================>.......] - ETA: 0s - loss: 0.9156 - accuracy: 0.6789
175/211 [=======================>......] - ETA: 0s - loss: 0.9150 - accuracy: 0.6792
182/211 [========================>.....] - ETA: 0s - loss: 0.9167 - accuracy: 0.6785
188/211 [=========================>....] - ETA: 0s - loss: 0.9170 - accuracy: 0.6783
195/211 [==========================>...] - ETA: 0s - loss: 0.9170 - accuracy: 0.6781
202/211 [===========================>..] - ETA: 0s - loss: 0.9158 - accuracy: 0.6789
209/211 [============================>.] - ETA: 0s - loss: 0.9145 - accuracy: 0.6790
211/211 [==============================] - 3s 12ms/step - loss: 0.9147 - accuracy: 0.6790 - val_loss: 1.1602 - val_accuracy: 0.5957
Epoch 9/138

  1/211 [..............................] - ETA: 3s - loss: 0.9090 - accuracy: 0.6836
  7/211 [..............................] - ETA: 2s - loss: 0.8434 - accuracy: 0.6925
 14/211 [>.............................] - ETA: 1s - loss: 0.8469 - accuracy: 0.7026
 20/211 [=>............................] - ETA: 1s - loss: 0.8620 - accuracy: 0.6965
 27/211 [==>...........................] - ETA: 1s - loss: 0.8641 - accuracy: 0.6950
 34/211 [===>..........................] - ETA: 1s - loss: 0.8692 - accuracy: 0.6927
 40/211 [====>.........................] - ETA: 1s - loss: 0.8705 - accuracy: 0.6924
 47/211 [=====>........................] - ETA: 1s - loss: 0.8745 - accuracy: 0.6923
 54/211 [======>.......................] - ETA: 1s - loss: 0.8793 - accuracy: 0.6908
 60/211 [=======>......................] - ETA: 1s - loss: 0.8777 - accuracy: 0.6902
 67/211 [========>.....................] - ETA: 1s - loss: 0.8748 - accuracy: 0.6929
 74/211 [=========>....................] - ETA: 1s - loss: 0.8749 - accuracy: 0.6933
 81/211 [==========>...................] - ETA: 1s - loss: 0.8765 - accuracy: 0.6940
 88/211 [===========>..................] - ETA: 1s - loss: 0.8767 - accuracy: 0.6938
 95/211 [============>.................] - ETA: 1s - loss: 0.8796 - accuracy: 0.6928
102/211 [=============>................] - ETA: 1s - loss: 0.8806 - accuracy: 0.6919
108/211 [==============>...............] - ETA: 0s - loss: 0.8808 - accuracy: 0.6913
115/211 [===============>..............] - ETA: 0s - loss: 0.8809 - accuracy: 0.6909
121/211 [================>.............] - ETA: 0s - loss: 0.8824 - accuracy: 0.6908
128/211 [=================>............] - ETA: 0s - loss: 0.8805 - accuracy: 0.6910
135/211 [==================>...........] - ETA: 0s - loss: 0.8816 - accuracy: 0.6902
142/211 [===================>..........] - ETA: 0s - loss: 0.8839 - accuracy: 0.6891
148/211 [====================>.........] - ETA: 0s - loss: 0.8842 - accuracy: 0.6893
155/211 [=====================>........] - ETA: 0s - loss: 0.8832 - accuracy: 0.6897
161/211 [=====================>........] - ETA: 0s - loss: 0.8854 - accuracy: 0.6890
168/211 [======================>.......] - ETA: 0s - loss: 0.8843 - accuracy: 0.6895
175/211 [=======================>......] - ETA: 0s - loss: 0.8849 - accuracy: 0.6899
183/211 [=========================>....] - ETA: 0s - loss: 0.8857 - accuracy: 0.6891
193/211 [==========================>...] - ETA: 0s - loss: 0.8865 - accuracy: 0.6888
202/211 [===========================>..] - ETA: 0s - loss: 0.8878 - accuracy: 0.6883
211/211 [==============================] - 2s 11ms/step - loss: 0.8893 - accuracy: 0.6873 - val_loss: 1.0063 - val_accuracy: 0.6462
Epoch 10/138

  1/211 [..............................] - ETA: 3s - loss: 0.9471 - accuracy: 0.6836
  8/211 [>.............................] - ETA: 1s - loss: 0.8634 - accuracy: 0.6982
 14/211 [>.............................] - ETA: 1s - loss: 0.8416 - accuracy: 0.7070
 21/211 [=>............................] - ETA: 1s - loss: 0.8330 - accuracy: 0.7072
 27/211 [==>...........................] - ETA: 1s - loss: 0.8347 - accuracy: 0.7076
 34/211 [===>..........................] - ETA: 1s - loss: 0.8346 - accuracy: 0.7078
 41/211 [====>.........................] - ETA: 1s - loss: 0.8414 - accuracy: 0.7053
 47/211 [=====>........................] - ETA: 1s - loss: 0.8475 - accuracy: 0.7038
 54/211 [======>.......................] - ETA: 1s - loss: 0.8510 - accuracy: 0.7019
 61/211 [=======>......................] - ETA: 1s - loss: 0.8492 - accuracy: 0.7023
 67/211 [========>.....................] - ETA: 1s - loss: 0.8535 - accuracy: 0.7006
 74/211 [=========>....................] - ETA: 1s - loss: 0.8591 - accuracy: 0.7000
 80/211 [==========>...................] - ETA: 1s - loss: 0.8606 - accuracy: 0.6994
 87/211 [===========>..................] - ETA: 1s - loss: 0.8610 - accuracy: 0.6985
 94/211 [============>.................] - ETA: 1s - loss: 0.8631 - accuracy: 0.6976
100/211 [=============>................] - ETA: 1s - loss: 0.8619 - accuracy: 0.6980
107/211 [==============>...............] - ETA: 0s - loss: 0.8600 - accuracy: 0.6979
114/211 [===============>..............] - ETA: 0s - loss: 0.8606 - accuracy: 0.6976
120/211 [================>.............] - ETA: 0s - loss: 0.8597 - accuracy: 0.6974
127/211 [=================>............] - ETA: 0s - loss: 0.8597 - accuracy: 0.6976
133/211 [=================>............] - ETA: 0s - loss: 0.8596 - accuracy: 0.6979
140/211 [==================>...........] - ETA: 0s - loss: 0.8615 - accuracy: 0.6973
147/211 [===================>..........] - ETA: 0s - loss: 0.8597 - accuracy: 0.6978
154/211 [====================>.........] - ETA: 0s - loss: 0.8599 - accuracy: 0.6978
160/211 [=====================>........] - ETA: 0s - loss: 0.8604 - accuracy: 0.6976
167/211 [======================>.......] - ETA: 0s - loss: 0.8582 - accuracy: 0.6987
174/211 [=======================>......] - ETA: 0s - loss: 0.8573 - accuracy: 0.6991
180/211 [========================>.....] - ETA: 0s - loss: 0.8589 - accuracy: 0.6987
187/211 [=========================>....] - ETA: 0s - loss: 0.8609 - accuracy: 0.6978
194/211 [==========================>...] - ETA: 0s - loss: 0.8615 - accuracy: 0.6979
200/211 [===========================>..] - ETA: 0s - loss: 0.8620 - accuracy: 0.6975
207/211 [============================>.] - ETA: 0s - loss: 0.8638 - accuracy: 0.6971
211/211 [==============================] - 3s 12ms/step - loss: 0.8643 - accuracy: 0.6967 - val_loss: 1.0027 - val_accuracy: 0.6508
Epoch 11/138

  1/211 [..............................] - ETA: 3s - loss: 0.6911 - accuracy: 0.7773
  7/211 [..............................] - ETA: 2s - loss: 0.8062 - accuracy: 0.7143
 14/211 [>.............................] - ETA: 1s - loss: 0.8119 - accuracy: 0.7157
 20/211 [=>............................] - ETA: 1s - loss: 0.8104 - accuracy: 0.7131
 27/211 [==>...........................] - ETA: 1s - loss: 0.8190 - accuracy: 0.7091
 33/211 [===>..........................] - ETA: 1s - loss: 0.8201 - accuracy: 0.7107
 40/211 [====>.........................] - ETA: 1s - loss: 0.8241 - accuracy: 0.7101
 47/211 [=====>........................] - ETA: 1s - loss: 0.8208 - accuracy: 0.7121
 53/211 [======>.......................] - ETA: 1s - loss: 0.8203 - accuracy: 0.7134
 60/211 [=======>......................] - ETA: 1s - loss: 0.8251 - accuracy: 0.7114
 67/211 [========>.....................] - ETA: 1s - loss: 0.8249 - accuracy: 0.7101
 73/211 [=========>....................] - ETA: 1s - loss: 0.8263 - accuracy: 0.7095
 80/211 [==========>...................] - ETA: 1s - loss: 0.8313 - accuracy: 0.7075
 87/211 [===========>..................] - ETA: 1s - loss: 0.8316 - accuracy: 0.7079
 93/211 [============>.................] - ETA: 1s - loss: 0.8296 - accuracy: 0.7095
 99/211 [=============>................] - ETA: 1s - loss: 0.8284 - accuracy: 0.7097
106/211 [==============>...............] - ETA: 0s - loss: 0.8315 - accuracy: 0.7085
112/211 [==============>...............] - ETA: 0s - loss: 0.8313 - accuracy: 0.7086
119/211 [===============>..............] - ETA: 0s - loss: 0.8291 - accuracy: 0.7091
126/211 [================>.............] - ETA: 0s - loss: 0.8295 - accuracy: 0.7090
133/211 [=================>............] - ETA: 0s - loss: 0.8292 - accuracy: 0.7087
139/211 [==================>...........] - ETA: 0s - loss: 0.8302 - accuracy: 0.7084
146/211 [===================>..........] - ETA: 0s - loss: 0.8303 - accuracy: 0.7084
152/211 [====================>.........] - ETA: 0s - loss: 0.8320 - accuracy: 0.7076
159/211 [=====================>........] - ETA: 0s - loss: 0.8344 - accuracy: 0.7072
165/211 [======================>.......] - ETA: 0s - loss: 0.8353 - accuracy: 0.7067
172/211 [=======================>......] - ETA: 0s - loss: 0.8378 - accuracy: 0.7059
179/211 [========================>.....] - ETA: 0s - loss: 0.8396 - accuracy: 0.7051
185/211 [=========================>....] - ETA: 0s - loss: 0.8402 - accuracy: 0.7049
192/211 [==========================>...] - ETA: 0s - loss: 0.8418 - accuracy: 0.7038
199/211 [===========================>..] - ETA: 0s - loss: 0.8411 - accuracy: 0.7041
206/211 [============================>.] - ETA: 0s - loss: 0.8431 - accuracy: 0.7037
211/211 [==============================] - 3s 12ms/step - loss: 0.8429 - accuracy: 0.7037 - val_loss: 1.0429 - val_accuracy: 0.6377
Epoch 12/138

  1/211 [..............................] - ETA: 3s - loss: 0.6961 - accuracy: 0.7617
  7/211 [..............................] - ETA: 2s - loss: 0.8203 - accuracy: 0.7059
 14/211 [>.............................] - ETA: 1s - loss: 0.8209 - accuracy: 0.7087
 20/211 [=>............................] - ETA: 1s - loss: 0.8309 - accuracy: 0.7045
 27/211 [==>...........................] - ETA: 1s - loss: 0.8243 - accuracy: 0.7083
 34/211 [===>..........................] - ETA: 1s - loss: 0.8208 - accuracy: 0.7107
 40/211 [====>.........................] - ETA: 1s - loss: 0.8236 - accuracy: 0.7105
 47/211 [=====>........................] - ETA: 1s - loss: 0.8168 - accuracy: 0.7126
 53/211 [======>.......................] - ETA: 1s - loss: 0.8127 - accuracy: 0.7133
 60/211 [=======>......................] - ETA: 1s - loss: 0.8166 - accuracy: 0.7124
 66/211 [========>.....................] - ETA: 1s - loss: 0.8183 - accuracy: 0.7125
 73/211 [=========>....................] - ETA: 1s - loss: 0.8196 - accuracy: 0.7113
 79/211 [==========>...................] - ETA: 1s - loss: 0.8219 - accuracy: 0.7104
 85/211 [===========>..................] - ETA: 1s - loss: 0.8231 - accuracy: 0.7092
 92/211 [============>.................] - ETA: 1s - loss: 0.8228 - accuracy: 0.7089
 99/211 [=============>................] - ETA: 1s - loss: 0.8241 - accuracy: 0.7088
105/211 [=============>................] - ETA: 1s - loss: 0.8241 - accuracy: 0.7087
110/211 [==============>...............] - ETA: 0s - loss: 0.8241 - accuracy: 0.7085
116/211 [===============>..............] - ETA: 0s - loss: 0.8227 - accuracy: 0.7085
123/211 [================>.............] - ETA: 0s - loss: 0.8236 - accuracy: 0.7088
129/211 [=================>............] - ETA: 0s - loss: 0.8254 - accuracy: 0.7087
136/211 [==================>...........] - ETA: 0s - loss: 0.8259 - accuracy: 0.7089
142/211 [===================>..........] - ETA: 0s - loss: 0.8258 - accuracy: 0.7085
149/211 [====================>.........] - ETA: 0s - loss: 0.8280 - accuracy: 0.7073
155/211 [=====================>........] - ETA: 0s - loss: 0.8306 - accuracy: 0.7065
162/211 [======================>.......] - ETA: 0s - loss: 0.8299 - accuracy: 0.7069
169/211 [=======================>......] - ETA: 0s - loss: 0.8321 - accuracy: 0.7062
175/211 [=======================>......] - ETA: 0s - loss: 0.8316 - accuracy: 0.7064
182/211 [========================>.....] - ETA: 0s - loss: 0.8327 - accuracy: 0.7063
188/211 [=========================>....] - ETA: 0s - loss: 0.8336 - accuracy: 0.7063
194/211 [==========================>...] - ETA: 0s - loss: 0.8327 - accuracy: 0.7068
201/211 [===========================>..] - ETA: 0s - loss: 0.8330 - accuracy: 0.7064
208/211 [============================>.] - ETA: 0s - loss: 0.8342 - accuracy: 0.7060
211/211 [==============================] - 3s 12ms/step - loss: 0.8346 - accuracy: 0.7057 - val_loss: 1.1104 - val_accuracy: 0.6237
Epoch 13/138

  1/211 [..............................] - ETA: 3s - loss: 0.7592 - accuracy: 0.7109
 10/211 [>.............................] - ETA: 1s - loss: 0.8181 - accuracy: 0.7078
 19/211 [=>............................] - ETA: 1s - loss: 0.8110 - accuracy: 0.7087
 28/211 [==>...........................] - ETA: 1s - loss: 0.8079 - accuracy: 0.7093
 38/211 [====>.........................] - ETA: 1s - loss: 0.8087 - accuracy: 0.7113
 47/211 [=====>........................] - ETA: 1s - loss: 0.8111 - accuracy: 0.7102
 55/211 [======>.......................] - ETA: 1s - loss: 0.8102 - accuracy: 0.7125
 64/211 [========>.....................] - ETA: 0s - loss: 0.8102 - accuracy: 0.7121
 71/211 [=========>....................] - ETA: 0s - loss: 0.8129 - accuracy: 0.7112
 78/211 [==========>...................] - ETA: 0s - loss: 0.8108 - accuracy: 0.7113
 84/211 [==========>...................] - ETA: 0s - loss: 0.8115 - accuracy: 0.7114
 91/211 [===========>..................] - ETA: 0s - loss: 0.8107 - accuracy: 0.7115
 97/211 [============>.................] - ETA: 0s - loss: 0.8087 - accuracy: 0.7128
104/211 [=============>................] - ETA: 0s - loss: 0.8100 - accuracy: 0.7128
110/211 [==============>...............] - ETA: 0s - loss: 0.8097 - accuracy: 0.7126
116/211 [===============>..............] - ETA: 0s - loss: 0.8097 - accuracy: 0.7125
123/211 [================>.............] - ETA: 0s - loss: 0.8094 - accuracy: 0.7127
129/211 [=================>............] - ETA: 0s - loss: 0.8111 - accuracy: 0.7122
135/211 [==================>...........] - ETA: 0s - loss: 0.8116 - accuracy: 0.7128
142/211 [===================>..........] - ETA: 0s - loss: 0.8135 - accuracy: 0.7119
148/211 [====================>.........] - ETA: 0s - loss: 0.8144 - accuracy: 0.7116
155/211 [=====================>........] - ETA: 0s - loss: 0.8155 - accuracy: 0.7117
162/211 [======================>.......] - ETA: 0s - loss: 0.8164 - accuracy: 0.7112
168/211 [======================>.......] - ETA: 0s - loss: 0.8166 - accuracy: 0.7110
175/211 [=======================>......] - ETA: 0s - loss: 0.8182 - accuracy: 0.7106
181/211 [========================>.....] - ETA: 0s - loss: 0.8198 - accuracy: 0.7100
188/211 [=========================>....] - ETA: 0s - loss: 0.8194 - accuracy: 0.7101
194/211 [==========================>...] - ETA: 0s - loss: 0.8211 - accuracy: 0.7098
201/211 [===========================>..] - ETA: 0s - loss: 0.8217 - accuracy: 0.7094
208/211 [============================>.] - ETA: 0s - loss: 0.8231 - accuracy: 0.7088
211/211 [==============================] - 2s 12ms/step - loss: 0.8240 - accuracy: 0.7086 - val_loss: 1.1539 - val_accuracy: 0.6095
Epoch 14/138

  1/211 [..............................] - ETA: 3s - loss: 0.7855 - accuracy: 0.7305
  7/211 [..............................] - ETA: 2s - loss: 0.7988 - accuracy: 0.7087
 14/211 [>.............................] - ETA: 1s - loss: 0.7990 - accuracy: 0.7112
 21/211 [=>............................] - ETA: 1s - loss: 0.7998 - accuracy: 0.7093
 27/211 [==>...........................] - ETA: 1s - loss: 0.7956 - accuracy: 0.7131
 33/211 [===>..........................] - ETA: 1s - loss: 0.7986 - accuracy: 0.7153
 40/211 [====>.........................] - ETA: 1s - loss: 0.7950 - accuracy: 0.7171
 47/211 [=====>........................] - ETA: 1s - loss: 0.7945 - accuracy: 0.7176
 53/211 [======>.......................] - ETA: 1s - loss: 0.7911 - accuracy: 0.7193
 60/211 [=======>......................] - ETA: 1s - loss: 0.7859 - accuracy: 0.7210
 66/211 [========>.....................] - ETA: 1s - loss: 0.7869 - accuracy: 0.7218
 73/211 [=========>....................] - ETA: 1s - loss: 0.7849 - accuracy: 0.7228
 80/211 [==========>...................] - ETA: 1s - loss: 0.7846 - accuracy: 0.7232
 86/211 [===========>..................] - ETA: 1s - loss: 0.7898 - accuracy: 0.7215
 92/211 [============>.................] - ETA: 1s - loss: 0.7908 - accuracy: 0.7202
 99/211 [=============>................] - ETA: 1s - loss: 0.7932 - accuracy: 0.7191
106/211 [==============>...............] - ETA: 1s - loss: 0.7933 - accuracy: 0.7193
112/211 [==============>...............] - ETA: 0s - loss: 0.7932 - accuracy: 0.7190
118/211 [===============>..............] - ETA: 0s - loss: 0.7944 - accuracy: 0.7182
125/211 [================>.............] - ETA: 0s - loss: 0.7963 - accuracy: 0.7179
131/211 [=================>............] - ETA: 0s - loss: 0.7959 - accuracy: 0.7181
138/211 [==================>...........] - ETA: 0s - loss: 0.7959 - accuracy: 0.7181
144/211 [===================>..........] - ETA: 0s - loss: 0.7968 - accuracy: 0.7175
151/211 [====================>.........] - ETA: 0s - loss: 0.7997 - accuracy: 0.7166
157/211 [=====================>........] - ETA: 0s - loss: 0.7985 - accuracy: 0.7172
164/211 [======================>.......] - ETA: 0s - loss: 0.7986 - accuracy: 0.7177
171/211 [=======================>......] - ETA: 0s - loss: 0.7982 - accuracy: 0.7177
177/211 [========================>.....] - ETA: 0s - loss: 0.7989 - accuracy: 0.7170
184/211 [=========================>....] - ETA: 0s - loss: 0.7988 - accuracy: 0.7175
190/211 [==========================>...] - ETA: 0s - loss: 0.8003 - accuracy: 0.7173
197/211 [===========================>..] - ETA: 0s - loss: 0.7998 - accuracy: 0.7175
203/211 [===========================>..] - ETA: 0s - loss: 0.8002 - accuracy: 0.7172
210/211 [============================>.] - ETA: 0s - loss: 0.8009 - accuracy: 0.7169
211/211 [==============================] - 3s 12ms/step - loss: 0.8006 - accuracy: 0.7169 - val_loss: 1.0086 - val_accuracy: 0.6497
Epoch 15/138

  1/211 [..............................] - ETA: 6s - loss: 0.7869 - accuracy: 0.7031
  8/211 [>.............................] - ETA: 1s - loss: 0.7603 - accuracy: 0.7288
 15/211 [=>............................] - ETA: 1s - loss: 0.7823 - accuracy: 0.7254
 21/211 [=>............................] - ETA: 1s - loss: 0.7849 - accuracy: 0.7207
 27/211 [==>...........................] - ETA: 1s - loss: 0.7876 - accuracy: 0.7209
 34/211 [===>..........................] - ETA: 1s - loss: 0.7792 - accuracy: 0.7240
 41/211 [====>.........................] - ETA: 1s - loss: 0.7785 - accuracy: 0.7252
 48/211 [=====>........................] - ETA: 1s - loss: 0.7787 - accuracy: 0.7260
 55/211 [======>.......................] - ETA: 1s - loss: 0.7772 - accuracy: 0.7258
 61/211 [=======>......................] - ETA: 1s - loss: 0.7801 - accuracy: 0.7248
 68/211 [========>.....................] - ETA: 1s - loss: 0.7815 - accuracy: 0.7242
 75/211 [=========>....................] - ETA: 1s - loss: 0.7819 - accuracy: 0.7237
 81/211 [==========>...................] - ETA: 1s - loss: 0.7805 - accuracy: 0.7239
 88/211 [===========>..................] - ETA: 1s - loss: 0.7801 - accuracy: 0.7241
 94/211 [============>.................] - ETA: 1s - loss: 0.7790 - accuracy: 0.7243
101/211 [=============>................] - ETA: 1s - loss: 0.7793 - accuracy: 0.7244
107/211 [==============>...............] - ETA: 0s - loss: 0.7789 - accuracy: 0.7244
113/211 [===============>..............] - ETA: 0s - loss: 0.7789 - accuracy: 0.7246
120/211 [================>.............] - ETA: 0s - loss: 0.7777 - accuracy: 0.7252
126/211 [================>.............] - ETA: 0s - loss: 0.7813 - accuracy: 0.7241
133/211 [=================>............] - ETA: 0s - loss: 0.7841 - accuracy: 0.7231
140/211 [==================>...........] - ETA: 0s - loss: 0.7851 - accuracy: 0.7225
147/211 [===================>..........] - ETA: 0s - loss: 0.7837 - accuracy: 0.7228
153/211 [====================>.........] - ETA: 0s - loss: 0.7857 - accuracy: 0.7226
160/211 [=====================>........] - ETA: 0s - loss: 0.7862 - accuracy: 0.7230
166/211 [======================>.......] - ETA: 0s - loss: 0.7860 - accuracy: 0.7232
173/211 [=======================>......] - ETA: 0s - loss: 0.7876 - accuracy: 0.7225
179/211 [========================>.....] - ETA: 0s - loss: 0.7874 - accuracy: 0.7229
186/211 [=========================>....] - ETA: 0s - loss: 0.7876 - accuracy: 0.7227
193/211 [==========================>...] - ETA: 0s - loss: 0.7889 - accuracy: 0.7224
199/211 [===========================>..] - ETA: 0s - loss: 0.7896 - accuracy: 0.7222
206/211 [============================>.] - ETA: 0s - loss: 0.7911 - accuracy: 0.7215
211/211 [==============================] - 3s 12ms/step - loss: 0.7930 - accuracy: 0.7206 - val_loss: 1.0869 - val_accuracy: 0.6245
Epoch 16/138

  1/211 [..............................] - ETA: 3s - loss: 0.7603 - accuracy: 0.7461
  7/211 [..............................] - ETA: 2s - loss: 0.7702 - accuracy: 0.7316
 14/211 [>.............................] - ETA: 1s - loss: 0.7717 - accuracy: 0.7288
 21/211 [=>............................] - ETA: 1s - loss: 0.7754 - accuracy: 0.7286
 27/211 [==>...........................] - ETA: 1s - loss: 0.7868 - accuracy: 0.7241
 34/211 [===>..........................] - ETA: 1s - loss: 0.7835 - accuracy: 0.7241
 41/211 [====>.........................] - ETA: 1s - loss: 0.7787 - accuracy: 0.7247
 47/211 [=====>........................] - ETA: 1s - loss: 0.7758 - accuracy: 0.7236
 57/211 [=======>......................] - ETA: 1s - loss: 0.7776 - accuracy: 0.7235
 66/211 [========>.....................] - ETA: 1s - loss: 0.7759 - accuracy: 0.7242
 76/211 [=========>....................] - ETA: 1s - loss: 0.7693 - accuracy: 0.7259
 85/211 [===========>..................] - ETA: 1s - loss: 0.7686 - accuracy: 0.7267
 95/211 [============>.................] - ETA: 0s - loss: 0.7694 - accuracy: 0.7257
105/211 [=============>................] - ETA: 0s - loss: 0.7711 - accuracy: 0.7252
114/211 [===============>..............] - ETA: 0s - loss: 0.7762 - accuracy: 0.7237
124/211 [================>.............] - ETA: 0s - loss: 0.7770 - accuracy: 0.7236
133/211 [=================>............] - ETA: 0s - loss: 0.7789 - accuracy: 0.7230
142/211 [===================>..........] - ETA: 0s - loss: 0.7797 - accuracy: 0.7229
151/211 [====================>.........] - ETA: 0s - loss: 0.7817 - accuracy: 0.7225
158/211 [=====================>........] - ETA: 0s - loss: 0.7847 - accuracy: 0.7216
165/211 [======================>.......] - ETA: 0s - loss: 0.7853 - accuracy: 0.7213
171/211 [=======================>......] - ETA: 0s - loss: 0.7859 - accuracy: 0.7211
177/211 [========================>.....] - ETA: 0s - loss: 0.7871 - accuracy: 0.7204
184/211 [=========================>....] - ETA: 0s - loss: 0.7877 - accuracy: 0.7202
191/211 [==========================>...] - ETA: 0s - loss: 0.7877 - accuracy: 0.7202
198/211 [===========================>..] - ETA: 0s - loss: 0.7880 - accuracy: 0.7202
204/211 [============================>.] - ETA: 0s - loss: 0.7881 - accuracy: 0.7200
211/211 [==============================] - ETA: 0s - loss: 0.7871 - accuracy: 0.7202
211/211 [==============================] - 2s 11ms/step - loss: 0.7871 - accuracy: 0.7202 - val_loss: 1.0822 - val_accuracy: 0.6310
Epoch 16: early stopping

  1/188 [..............................] - ETA: 2s - loss: 0.6886 - accuracy: 0.7812
 19/188 [==>...........................] - ETA: 0s - loss: 1.0123 - accuracy: 0.6464
 40/188 [=====>........................] - ETA: 0s - loss: 1.0472 - accuracy: 0.6250
 58/188 [========>.....................] - ETA: 0s - loss: 1.0336 - accuracy: 0.6369
 78/188 [===========>..................] - ETA: 0s - loss: 1.0437 - accuracy: 0.6394
 98/188 [==============>...............] - ETA: 0s - loss: 1.0527 - accuracy: 0.6371
118/188 [=================>............] - ETA: 0s - loss: 1.0636 - accuracy: 0.6332
138/188 [=====================>........] - ETA: 0s - loss: 1.0704 - accuracy: 0.6341
158/188 [========================>.....] - ETA: 0s - loss: 1.0783 - accuracy: 0.6307
178/188 [===========================>..] - ETA: 0s - loss: 1.0893 - accuracy: 0.6276
188/188 [==============================] - 1s 3ms/step - loss: 1.0822 - accuracy: 0.6310
