2024-08-24 11:59:16.623553: I tensorflow/core/platform/cpu_feature_guard.cc:193] This TensorFlow binary is optimized with oneAPI Deep Neural Network Library (oneDNN) to use the following CPU instructions in performance-critical operations:  AVX AVX2
To enable them in other operations, rebuild TensorFlow with the appropriate compiler flags.
2024-08-24 11:59:17.048365: I tensorflow/core/common_runtime/gpu/gpu_device.cc:1616] Created device /job:localhost/replica:0/task:0/device:GPU:0 with 13575 MB memory:  -> device: 0, name: NVIDIA GeForce RTX 4060 Ti, pci bus id: 0000:01:00.0, compute capability: 8.9
1 Physical GPUs, 1 Logical GPUs
Fold:  6
Model: "sequential"
_________________________________________________________________
 Layer (type)                Output Shape              Param #   
=================================================================
 conv2d (Conv2D)             (None, 32, 32, 32)        896       
                                                                 
 dropout (Dropout)           (None, 32, 32, 32)        0         
                                                                 
 flatten (Flatten)           (None, 32768)             0         
                                                                 
 dense (Dense)               (None, 90)                2949210   
                                                                 
 dropout_1 (Dropout)         (None, 90)                0         
                                                                 
 dense_1 (Dense)             (None, 10)                910       
                                                                 
=================================================================
Total params: 2,951,016
Trainable params: 2,951,016
Non-trainable params: 0
_________________________________________________________________
Taxa de aprendizado:  0.0001 Num de épocas:  15 Tamanho do lote:  256 Dropout:  0.39
Epoch 1/15
2024-08-24 11:59:18.093361: I tensorflow/stream_executor/cuda/cuda_dnn.cc:384] Loaded cuDNN version 8100
2024-08-24 11:59:18.719975: W tensorflow/stream_executor/gpu/redzone_allocator.cc:314] INTERNAL: ptxas exited with non-zero error code -1, output: 
Relying on driver to perform ptx compilation. 
Modify $PATH to customize ptxas location.
This message will be only logged once.
2024-08-24 11:59:19.229764: I tensorflow/stream_executor/cuda/cuda_blas.cc:1614] TensorFloat-32 will be used for the matrix multiplication. This will only be logged once.

  1/211 [..............................] - ETA: 7:26 - loss: 2.3731 - accuracy: 0.0977
 12/211 [>.............................] - ETA: 1s - loss: 2.2327 - accuracy: 0.1693  
 23/211 [==>...........................] - ETA: 1s - loss: 2.1508 - accuracy: 0.2021
 34/211 [===>..........................] - ETA: 1s - loss: 2.0999 - accuracy: 0.2301
 45/211 [=====>........................] - ETA: 0s - loss: 2.0600 - accuracy: 0.2491
 56/211 [======>.......................] - ETA: 0s - loss: 2.0319 - accuracy: 0.2622
 67/211 [========>.....................] - ETA: 0s - loss: 2.0017 - accuracy: 0.2768
 78/211 [==========>...................] - ETA: 0s - loss: 1.9794 - accuracy: 0.2860
 89/211 [===========>..................] - ETA: 0s - loss: 1.9567 - accuracy: 0.2963
100/211 [=============>................] - ETA: 0s - loss: 1.9421 - accuracy: 0.3031
111/211 [==============>...............] - ETA: 0s - loss: 1.9257 - accuracy: 0.3107
121/211 [================>.............] - ETA: 0s - loss: 1.9122 - accuracy: 0.3157
132/211 [=================>............] - ETA: 0s - loss: 1.9000 - accuracy: 0.3208
143/211 [===================>..........] - ETA: 0s - loss: 1.8855 - accuracy: 0.3274
154/211 [====================>.........] - ETA: 0s - loss: 1.8743 - accuracy: 0.3321
165/211 [======================>.......] - ETA: 0s - loss: 1.8640 - accuracy: 0.3366
176/211 [========================>.....] - ETA: 0s - loss: 1.8526 - accuracy: 0.3407
187/211 [=========================>....] - ETA: 0s - loss: 1.8433 - accuracy: 0.3435
198/211 [===========================>..] - ETA: 0s - loss: 1.8336 - accuracy: 0.3477
209/211 [============================>.] - ETA: 0s - loss: 1.8252 - accuracy: 0.3511
211/211 [==============================] - 4s 8ms/step - loss: 1.8241 - accuracy: 0.3515 - val_loss: 1.6262 - val_accuracy: 0.4427
Epoch 2/15

  1/211 [..............................] - ETA: 3s - loss: 1.5880 - accuracy: 0.3906
 10/211 [>.............................] - ETA: 1s - loss: 1.6320 - accuracy: 0.4191
 21/211 [=>............................] - ETA: 1s - loss: 1.6356 - accuracy: 0.4256
 33/211 [===>..........................] - ETA: 1s - loss: 1.6328 - accuracy: 0.4251
 44/211 [=====>........................] - ETA: 0s - loss: 1.6292 - accuracy: 0.4268
 54/211 [======>.......................] - ETA: 0s - loss: 1.6238 - accuracy: 0.4310
 65/211 [========>.....................] - ETA: 0s - loss: 1.6235 - accuracy: 0.4320
 76/211 [=========>....................] - ETA: 0s - loss: 1.6229 - accuracy: 0.4326
 87/211 [===========>..................] - ETA: 0s - loss: 1.6173 - accuracy: 0.4338
 98/211 [============>.................] - ETA: 0s - loss: 1.6151 - accuracy: 0.4352
109/211 [==============>...............] - ETA: 0s - loss: 1.6121 - accuracy: 0.4357
120/211 [================>.............] - ETA: 0s - loss: 1.6099 - accuracy: 0.4378
131/211 [=================>............] - ETA: 0s - loss: 1.6033 - accuracy: 0.4394
142/211 [===================>..........] - ETA: 0s - loss: 1.5977 - accuracy: 0.4419
153/211 [====================>.........] - ETA: 0s - loss: 1.5949 - accuracy: 0.4427
163/211 [======================>.......] - ETA: 0s - loss: 1.5960 - accuracy: 0.4424
175/211 [=======================>......] - ETA: 0s - loss: 1.5931 - accuracy: 0.4432
185/211 [=========================>....] - ETA: 0s - loss: 1.5911 - accuracy: 0.4438
196/211 [==========================>...] - ETA: 0s - loss: 1.5877 - accuracy: 0.4447
207/211 [============================>.] - ETA: 0s - loss: 1.5841 - accuracy: 0.4457
211/211 [==============================] - 1s 7ms/step - loss: 1.5832 - accuracy: 0.4462 - val_loss: 1.5097 - val_accuracy: 0.4820
Epoch 3/15

  1/211 [..............................] - ETA: 3s - loss: 1.4913 - accuracy: 0.4648
 10/211 [>.............................] - ETA: 1s - loss: 1.5237 - accuracy: 0.4723
 21/211 [=>............................] - ETA: 1s - loss: 1.5383 - accuracy: 0.4660
 32/211 [===>..........................] - ETA: 1s - loss: 1.5169 - accuracy: 0.4781
 43/211 [=====>........................] - ETA: 0s - loss: 1.5115 - accuracy: 0.4761
 54/211 [======>.......................] - ETA: 0s - loss: 1.5142 - accuracy: 0.4731
 65/211 [========>.....................] - ETA: 0s - loss: 1.5117 - accuracy: 0.4739
 76/211 [=========>....................] - ETA: 0s - loss: 1.5120 - accuracy: 0.4742
 87/211 [===========>..................] - ETA: 0s - loss: 1.5072 - accuracy: 0.4759
 99/211 [=============>................] - ETA: 0s - loss: 1.5033 - accuracy: 0.4768
110/211 [==============>...............] - ETA: 0s - loss: 1.5005 - accuracy: 0.4770
121/211 [================>.............] - ETA: 0s - loss: 1.4998 - accuracy: 0.4773
132/211 [=================>............] - ETA: 0s - loss: 1.4962 - accuracy: 0.4790
142/211 [===================>..........] - ETA: 0s - loss: 1.4932 - accuracy: 0.4801
153/211 [====================>.........] - ETA: 0s - loss: 1.4913 - accuracy: 0.4801
164/211 [======================>.......] - ETA: 0s - loss: 1.4882 - accuracy: 0.4810
175/211 [=======================>......] - ETA: 0s - loss: 1.4871 - accuracy: 0.4815
185/211 [=========================>....] - ETA: 0s - loss: 1.4857 - accuracy: 0.4820
196/211 [==========================>...] - ETA: 0s - loss: 1.4842 - accuracy: 0.4823
207/211 [============================>.] - ETA: 0s - loss: 1.4802 - accuracy: 0.4841
211/211 [==============================] - 1s 7ms/step - loss: 1.4790 - accuracy: 0.4846 - val_loss: 1.4312 - val_accuracy: 0.5082
Epoch 4/15

  1/211 [..............................] - ETA: 3s - loss: 1.4502 - accuracy: 0.5039
 12/211 [>.............................] - ETA: 1s - loss: 1.4505 - accuracy: 0.4788
 23/211 [==>...........................] - ETA: 1s - loss: 1.4491 - accuracy: 0.4876
 33/211 [===>..........................] - ETA: 1s - loss: 1.4392 - accuracy: 0.4944
 44/211 [=====>........................] - ETA: 0s - loss: 1.4358 - accuracy: 0.4945
 55/211 [======>.......................] - ETA: 0s - loss: 1.4298 - accuracy: 0.4962
 66/211 [========>.....................] - ETA: 0s - loss: 1.4308 - accuracy: 0.4955
 77/211 [=========>....................] - ETA: 0s - loss: 1.4242 - accuracy: 0.4990
 88/211 [===========>..................] - ETA: 0s - loss: 1.4241 - accuracy: 0.4995
 99/211 [=============>................] - ETA: 0s - loss: 1.4240 - accuracy: 0.5006
110/211 [==============>...............] - ETA: 0s - loss: 1.4218 - accuracy: 0.5009
121/211 [================>.............] - ETA: 0s - loss: 1.4207 - accuracy: 0.5022
132/211 [=================>............] - ETA: 0s - loss: 1.4204 - accuracy: 0.5030
142/211 [===================>..........] - ETA: 0s - loss: 1.4198 - accuracy: 0.5043
153/211 [====================>.........] - ETA: 0s - loss: 1.4210 - accuracy: 0.5033
164/211 [======================>.......] - ETA: 0s - loss: 1.4184 - accuracy: 0.5036
175/211 [=======================>......] - ETA: 0s - loss: 1.4182 - accuracy: 0.5039
186/211 [=========================>....] - ETA: 0s - loss: 1.4165 - accuracy: 0.5043
197/211 [===========================>..] - ETA: 0s - loss: 1.4141 - accuracy: 0.5047
208/211 [============================>.] - ETA: 0s - loss: 1.4114 - accuracy: 0.5057
211/211 [==============================] - 1s 7ms/step - loss: 1.4123 - accuracy: 0.5057 - val_loss: 1.3901 - val_accuracy: 0.5200
Epoch 5/15

  1/211 [..............................] - ETA: 3s - loss: 1.3254 - accuracy: 0.4961
 10/211 [>.............................] - ETA: 1s - loss: 1.3551 - accuracy: 0.5238
 21/211 [=>............................] - ETA: 1s - loss: 1.3558 - accuracy: 0.5260
 32/211 [===>..........................] - ETA: 1s - loss: 1.3544 - accuracy: 0.5262
 42/211 [====>.........................] - ETA: 1s - loss: 1.3625 - accuracy: 0.5240
 53/211 [======>.......................] - ETA: 0s - loss: 1.3589 - accuracy: 0.5284
 64/211 [========>.....................] - ETA: 0s - loss: 1.3587 - accuracy: 0.5275
 75/211 [=========>....................] - ETA: 0s - loss: 1.3661 - accuracy: 0.5245
 86/211 [===========>..................] - ETA: 0s - loss: 1.3638 - accuracy: 0.5263
 97/211 [============>.................] - ETA: 0s - loss: 1.3649 - accuracy: 0.5257
108/211 [==============>...............] - ETA: 0s - loss: 1.3648 - accuracy: 0.5248
120/211 [================>.............] - ETA: 0s - loss: 1.3625 - accuracy: 0.5249
130/211 [=================>............] - ETA: 0s - loss: 1.3613 - accuracy: 0.5255
141/211 [===================>..........] - ETA: 0s - loss: 1.3625 - accuracy: 0.5251
152/211 [====================>.........] - ETA: 0s - loss: 1.3633 - accuracy: 0.5242
163/211 [======================>.......] - ETA: 0s - loss: 1.3632 - accuracy: 0.5238
174/211 [=======================>......] - ETA: 0s - loss: 1.3618 - accuracy: 0.5240
185/211 [=========================>....] - ETA: 0s - loss: 1.3603 - accuracy: 0.5244
196/211 [==========================>...] - ETA: 0s - loss: 1.3608 - accuracy: 0.5243
207/211 [============================>.] - ETA: 0s - loss: 1.3619 - accuracy: 0.5234
211/211 [==============================] - 1s 7ms/step - loss: 1.3620 - accuracy: 0.5236 - val_loss: 1.3473 - val_accuracy: 0.5375
Epoch 6/15

  1/211 [..............................] - ETA: 3s - loss: 1.3518 - accuracy: 0.5039
 11/211 [>.............................] - ETA: 1s - loss: 1.3733 - accuracy: 0.5185
 22/211 [==>...........................] - ETA: 1s - loss: 1.3436 - accuracy: 0.5312
 33/211 [===>..........................] - ETA: 1s - loss: 1.3392 - accuracy: 0.5339
 44/211 [=====>........................] - ETA: 0s - loss: 1.3378 - accuracy: 0.5311
 55/211 [======>.......................] - ETA: 0s - loss: 1.3386 - accuracy: 0.5304
 65/211 [========>.....................] - ETA: 0s - loss: 1.3371 - accuracy: 0.5322
 76/211 [=========>....................] - ETA: 0s - loss: 1.3344 - accuracy: 0.5332
 87/211 [===========>..................] - ETA: 0s - loss: 1.3339 - accuracy: 0.5324
 96/211 [============>.................] - ETA: 0s - loss: 1.3351 - accuracy: 0.5313
106/211 [==============>...............] - ETA: 0s - loss: 1.3340 - accuracy: 0.5317
117/211 [===============>..............] - ETA: 0s - loss: 1.3312 - accuracy: 0.5317
128/211 [=================>............] - ETA: 0s - loss: 1.3317 - accuracy: 0.5319
139/211 [==================>...........] - ETA: 0s - loss: 1.3312 - accuracy: 0.5327
150/211 [====================>.........] - ETA: 0s - loss: 1.3281 - accuracy: 0.5331
161/211 [=====================>........] - ETA: 0s - loss: 1.3282 - accuracy: 0.5332
172/211 [=======================>......] - ETA: 0s - loss: 1.3263 - accuracy: 0.5339
183/211 [=========================>....] - ETA: 0s - loss: 1.3270 - accuracy: 0.5342
194/211 [==========================>...] - ETA: 0s - loss: 1.3264 - accuracy: 0.5348
205/211 [============================>.] - ETA: 0s - loss: 1.3237 - accuracy: 0.5357
211/211 [==============================] - 1s 7ms/step - loss: 1.3238 - accuracy: 0.5355 - val_loss: 1.3204 - val_accuracy: 0.5445
Epoch 7/15

  1/211 [..............................] - ETA: 3s - loss: 1.3202 - accuracy: 0.5664
 11/211 [>.............................] - ETA: 1s - loss: 1.3173 - accuracy: 0.5394
 22/211 [==>...........................] - ETA: 1s - loss: 1.3047 - accuracy: 0.5439
 33/211 [===>..........................] - ETA: 1s - loss: 1.3039 - accuracy: 0.5437
 41/211 [====>.........................] - ETA: 1s - loss: 1.3017 - accuracy: 0.5454
 51/211 [======>.......................] - ETA: 0s - loss: 1.3005 - accuracy: 0.5453
 61/211 [=======>......................] - ETA: 0s - loss: 1.2988 - accuracy: 0.5466
 71/211 [=========>....................] - ETA: 0s - loss: 1.3017 - accuracy: 0.5462
 81/211 [==========>...................] - ETA: 0s - loss: 1.3030 - accuracy: 0.5461
 89/211 [===========>..................] - ETA: 0s - loss: 1.2999 - accuracy: 0.5482
100/211 [=============>................] - ETA: 0s - loss: 1.3000 - accuracy: 0.5485
111/211 [==============>...............] - ETA: 0s - loss: 1.2995 - accuracy: 0.5492
122/211 [================>.............] - ETA: 0s - loss: 1.2973 - accuracy: 0.5496
133/211 [=================>............] - ETA: 0s - loss: 1.2935 - accuracy: 0.5511
144/211 [===================>..........] - ETA: 0s - loss: 1.2937 - accuracy: 0.5511
155/211 [=====================>........] - ETA: 0s - loss: 1.2920 - accuracy: 0.5513
166/211 [======================>.......] - ETA: 0s - loss: 1.2903 - accuracy: 0.5521
177/211 [========================>.....] - ETA: 0s - loss: 1.2904 - accuracy: 0.5516
188/211 [=========================>....] - ETA: 0s - loss: 1.2885 - accuracy: 0.5520
199/211 [===========================>..] - ETA: 0s - loss: 1.2886 - accuracy: 0.5526
210/211 [============================>.] - ETA: 0s - loss: 1.2873 - accuracy: 0.5533
211/211 [==============================] - 1s 7ms/step - loss: 1.2876 - accuracy: 0.5532 - val_loss: 1.2982 - val_accuracy: 0.5473
Epoch 8/15

  1/211 [..............................] - ETA: 3s - loss: 1.1427 - accuracy: 0.5977
 12/211 [>.............................] - ETA: 1s - loss: 1.2703 - accuracy: 0.5566
 23/211 [==>...........................] - ETA: 1s - loss: 1.2607 - accuracy: 0.5557
 34/211 [===>..........................] - ETA: 1s - loss: 1.2685 - accuracy: 0.5549
 45/211 [=====>........................] - ETA: 0s - loss: 1.2701 - accuracy: 0.5586
 56/211 [======>.......................] - ETA: 0s - loss: 1.2651 - accuracy: 0.5615
 67/211 [========>.....................] - ETA: 0s - loss: 1.2619 - accuracy: 0.5629
 78/211 [==========>...................] - ETA: 0s - loss: 1.2611 - accuracy: 0.5618
 89/211 [===========>..................] - ETA: 0s - loss: 1.2606 - accuracy: 0.5611
100/211 [=============>................] - ETA: 0s - loss: 1.2619 - accuracy: 0.5608
111/211 [==============>...............] - ETA: 0s - loss: 1.2609 - accuracy: 0.5607
122/211 [================>.............] - ETA: 0s - loss: 1.2590 - accuracy: 0.5614
131/211 [=================>............] - ETA: 0s - loss: 1.2588 - accuracy: 0.5616
142/211 [===================>..........] - ETA: 0s - loss: 1.2583 - accuracy: 0.5623
153/211 [====================>.........] - ETA: 0s - loss: 1.2574 - accuracy: 0.5628
164/211 [======================>.......] - ETA: 0s - loss: 1.2570 - accuracy: 0.5627
175/211 [=======================>......] - ETA: 0s - loss: 1.2595 - accuracy: 0.5620
186/211 [=========================>....] - ETA: 0s - loss: 1.2588 - accuracy: 0.5621
198/211 [===========================>..] - ETA: 0s - loss: 1.2585 - accuracy: 0.5617
209/211 [============================>.] - ETA: 0s - loss: 1.2609 - accuracy: 0.5605
211/211 [==============================] - 1s 7ms/step - loss: 1.2605 - accuracy: 0.5606 - val_loss: 1.2802 - val_accuracy: 0.5570
Epoch 9/15

  1/211 [..............................] - ETA: 3s - loss: 1.1985 - accuracy: 0.5703
 10/211 [>.............................] - ETA: 1s - loss: 1.1991 - accuracy: 0.5801
 22/211 [==>...........................] - ETA: 1s - loss: 1.2172 - accuracy: 0.5783
 33/211 [===>..........................] - ETA: 1s - loss: 1.2299 - accuracy: 0.5705
 43/211 [=====>........................] - ETA: 1s - loss: 1.2391 - accuracy: 0.5669
 54/211 [======>.......................] - ETA: 0s - loss: 1.2404 - accuracy: 0.5692
 66/211 [========>.....................] - ETA: 0s - loss: 1.2369 - accuracy: 0.5723
 77/211 [=========>....................] - ETA: 0s - loss: 1.2347 - accuracy: 0.5714
 88/211 [===========>..................] - ETA: 0s - loss: 1.2357 - accuracy: 0.5716
 99/211 [=============>................] - ETA: 0s - loss: 1.2373 - accuracy: 0.5710
110/211 [==============>...............] - ETA: 0s - loss: 1.2344 - accuracy: 0.5719
121/211 [================>.............] - ETA: 0s - loss: 1.2343 - accuracy: 0.5718
132/211 [=================>............] - ETA: 0s - loss: 1.2345 - accuracy: 0.5715
144/211 [===================>..........] - ETA: 0s - loss: 1.2378 - accuracy: 0.5700
155/211 [=====================>........] - ETA: 0s - loss: 1.2352 - accuracy: 0.5704
166/211 [======================>.......] - ETA: 0s - loss: 1.2357 - accuracy: 0.5708
177/211 [========================>.....] - ETA: 0s - loss: 1.2347 - accuracy: 0.5708
188/211 [=========================>....] - ETA: 0s - loss: 1.2342 - accuracy: 0.5707
199/211 [===========================>..] - ETA: 0s - loss: 1.2334 - accuracy: 0.5711
210/211 [============================>.] - ETA: 0s - loss: 1.2331 - accuracy: 0.5714
211/211 [==============================] - 1s 7ms/step - loss: 1.2331 - accuracy: 0.5715 - val_loss: 1.2570 - val_accuracy: 0.5623
Epoch 10/15

  1/211 [..............................] - ETA: 3s - loss: 1.1252 - accuracy: 0.6211
 11/211 [>.............................] - ETA: 1s - loss: 1.1771 - accuracy: 0.5930
 22/211 [==>...........................] - ETA: 1s - loss: 1.1983 - accuracy: 0.5920
 33/211 [===>..........................] - ETA: 1s - loss: 1.2126 - accuracy: 0.5827
 44/211 [=====>........................] - ETA: 0s - loss: 1.2160 - accuracy: 0.5824
 55/211 [======>.......................] - ETA: 0s - loss: 1.2134 - accuracy: 0.5818
 66/211 [========>.....................] - ETA: 0s - loss: 1.2155 - accuracy: 0.5798
 77/211 [=========>....................] - ETA: 0s - loss: 1.2158 - accuracy: 0.5781
 88/211 [===========>..................] - ETA: 0s - loss: 1.2140 - accuracy: 0.5790
 99/211 [=============>................] - ETA: 0s - loss: 1.2135 - accuracy: 0.5793
110/211 [==============>...............] - ETA: 0s - loss: 1.2147 - accuracy: 0.5783
121/211 [================>.............] - ETA: 0s - loss: 1.2150 - accuracy: 0.5779
132/211 [=================>............] - ETA: 0s - loss: 1.2108 - accuracy: 0.5796
140/211 [==================>...........] - ETA: 0s - loss: 1.2124 - accuracy: 0.5795
148/211 [====================>.........] - ETA: 0s - loss: 1.2120 - accuracy: 0.5790
158/211 [=====================>........] - ETA: 0s - loss: 1.2109 - accuracy: 0.5791
169/211 [=======================>......] - ETA: 0s - loss: 1.2106 - accuracy: 0.5793
180/211 [========================>.....] - ETA: 0s - loss: 1.2115 - accuracy: 0.5792
191/211 [==========================>...] - ETA: 0s - loss: 1.2109 - accuracy: 0.5792
202/211 [===========================>..] - ETA: 0s - loss: 1.2100 - accuracy: 0.5793
211/211 [==============================] - 1s 7ms/step - loss: 1.2096 - accuracy: 0.5796 - val_loss: 1.2397 - val_accuracy: 0.5683
Epoch 11/15

  1/211 [..............................] - ETA: 3s - loss: 1.1390 - accuracy: 0.6172
 11/211 [>.............................] - ETA: 1s - loss: 1.1933 - accuracy: 0.5866
 23/211 [==>...........................] - ETA: 1s - loss: 1.1772 - accuracy: 0.5919
 34/211 [===>..........................] - ETA: 1s - loss: 1.1741 - accuracy: 0.5897
 45/211 [=====>........................] - ETA: 0s - loss: 1.1776 - accuracy: 0.5875
 55/211 [======>.......................] - ETA: 0s - loss: 1.1839 - accuracy: 0.5853
 66/211 [========>.....................] - ETA: 0s - loss: 1.1868 - accuracy: 0.5832
 78/211 [==========>...................] - ETA: 0s - loss: 1.1890 - accuracy: 0.5826
 89/211 [===========>..................] - ETA: 0s - loss: 1.1874 - accuracy: 0.5830
100/211 [=============>................] - ETA: 0s - loss: 1.1875 - accuracy: 0.5846
111/211 [==============>...............] - ETA: 0s - loss: 1.1885 - accuracy: 0.5843
122/211 [================>.............] - ETA: 0s - loss: 1.1908 - accuracy: 0.5838
133/211 [=================>............] - ETA: 0s - loss: 1.1912 - accuracy: 0.5836
144/211 [===================>..........] - ETA: 0s - loss: 1.1936 - accuracy: 0.5830
155/211 [=====================>........] - ETA: 0s - loss: 1.1942 - accuracy: 0.5825
166/211 [======================>.......] - ETA: 0s - loss: 1.1923 - accuracy: 0.5837
176/211 [========================>.....] - ETA: 0s - loss: 1.1908 - accuracy: 0.5839
187/211 [=========================>....] - ETA: 0s - loss: 1.1912 - accuracy: 0.5838
199/211 [===========================>..] - ETA: 0s - loss: 1.1904 - accuracy: 0.5840
210/211 [============================>.] - ETA: 0s - loss: 1.1913 - accuracy: 0.5843
211/211 [==============================] - 1s 7ms/step - loss: 1.1914 - accuracy: 0.5841 - val_loss: 1.2272 - val_accuracy: 0.5712
Epoch 12/15

  1/211 [..............................] - ETA: 3s - loss: 1.1421 - accuracy: 0.6133
 11/211 [>.............................] - ETA: 1s - loss: 1.1444 - accuracy: 0.6030
 22/211 [==>...........................] - ETA: 1s - loss: 1.1464 - accuracy: 0.6046
 33/211 [===>..........................] - ETA: 1s - loss: 1.1563 - accuracy: 0.5986
 44/211 [=====>........................] - ETA: 0s - loss: 1.1556 - accuracy: 0.6007
 55/211 [======>.......................] - ETA: 0s - loss: 1.1589 - accuracy: 0.5980
 66/211 [========>.....................] - ETA: 0s - loss: 1.1616 - accuracy: 0.5980
 77/211 [=========>....................] - ETA: 0s - loss: 1.1670 - accuracy: 0.5982
 88/211 [===========>..................] - ETA: 0s - loss: 1.1644 - accuracy: 0.5987
 99/211 [=============>................] - ETA: 0s - loss: 1.1683 - accuracy: 0.5982
107/211 [==============>...............] - ETA: 0s - loss: 1.1693 - accuracy: 0.5968
117/211 [===============>..............] - ETA: 0s - loss: 1.1709 - accuracy: 0.5963
128/211 [=================>............] - ETA: 0s - loss: 1.1683 - accuracy: 0.5962
139/211 [==================>...........] - ETA: 0s - loss: 1.1668 - accuracy: 0.5968
150/211 [====================>.........] - ETA: 0s - loss: 1.1633 - accuracy: 0.5979
161/211 [=====================>........] - ETA: 0s - loss: 1.1659 - accuracy: 0.5961
172/211 [=======================>......] - ETA: 0s - loss: 1.1653 - accuracy: 0.5966
184/211 [=========================>....] - ETA: 0s - loss: 1.1657 - accuracy: 0.5959
195/211 [==========================>...] - ETA: 0s - loss: 1.1668 - accuracy: 0.5959
206/211 [============================>.] - ETA: 0s - loss: 1.1668 - accuracy: 0.5958
211/211 [==============================] - 1s 7ms/step - loss: 1.1682 - accuracy: 0.5953 - val_loss: 1.2105 - val_accuracy: 0.5788
Epoch 13/15

  1/211 [..............................] - ETA: 3s - loss: 1.2301 - accuracy: 0.5391
 10/211 [>.............................] - ETA: 1s - loss: 1.1850 - accuracy: 0.5855
 20/211 [=>............................] - ETA: 1s - loss: 1.1678 - accuracy: 0.5982
 31/211 [===>..........................] - ETA: 1s - loss: 1.1558 - accuracy: 0.6009
 43/211 [=====>........................] - ETA: 1s - loss: 1.1476 - accuracy: 0.6033
 54/211 [======>.......................] - ETA: 0s - loss: 1.1499 - accuracy: 0.6011
 65/211 [========>.....................] - ETA: 0s - loss: 1.1574 - accuracy: 0.5977
 76/211 [=========>....................] - ETA: 0s - loss: 1.1543 - accuracy: 0.5994
 87/211 [===========>..................] - ETA: 0s - loss: 1.1524 - accuracy: 0.6013
 98/211 [============>.................] - ETA: 0s - loss: 1.1542 - accuracy: 0.6008
109/211 [==============>...............] - ETA: 0s - loss: 1.1540 - accuracy: 0.6007
120/211 [================>.............] - ETA: 0s - loss: 1.1546 - accuracy: 0.5994
131/211 [=================>............] - ETA: 0s - loss: 1.1554 - accuracy: 0.5990
140/211 [==================>...........] - ETA: 0s - loss: 1.1545 - accuracy: 0.5986
150/211 [====================>.........] - ETA: 0s - loss: 1.1546 - accuracy: 0.5977
162/211 [======================>.......] - ETA: 0s - loss: 1.1559 - accuracy: 0.5968
173/211 [=======================>......] - ETA: 0s - loss: 1.1540 - accuracy: 0.5978
183/211 [=========================>....] - ETA: 0s - loss: 1.1534 - accuracy: 0.5978
194/211 [==========================>...] - ETA: 0s - loss: 1.1535 - accuracy: 0.5980
206/211 [============================>.] - ETA: 0s - loss: 1.1524 - accuracy: 0.5980
211/211 [==============================] - 1s 7ms/step - loss: 1.1531 - accuracy: 0.5981 - val_loss: 1.2120 - val_accuracy: 0.5762
Epoch 14/15

  1/211 [..............................] - ETA: 2s - loss: 1.0991 - accuracy: 0.5898
 12/211 [>.............................] - ETA: 1s - loss: 1.1346 - accuracy: 0.5990
 23/211 [==>...........................] - ETA: 1s - loss: 1.1453 - accuracy: 0.5968
 34/211 [===>..........................] - ETA: 1s - loss: 1.1371 - accuracy: 0.6002
 45/211 [=====>........................] - ETA: 0s - loss: 1.1406 - accuracy: 0.5985
 57/211 [=======>......................] - ETA: 0s - loss: 1.1328 - accuracy: 0.6018
 68/211 [========>.....................] - ETA: 0s - loss: 1.1341 - accuracy: 0.6013
 79/211 [==========>...................] - ETA: 0s - loss: 1.1325 - accuracy: 0.6019
 90/211 [===========>..................] - ETA: 0s - loss: 1.1373 - accuracy: 0.6007
101/211 [=============>................] - ETA: 0s - loss: 1.1421 - accuracy: 0.5996
112/211 [==============>...............] - ETA: 0s - loss: 1.1426 - accuracy: 0.6001
123/211 [================>.............] - ETA: 0s - loss: 1.1396 - accuracy: 0.6023
134/211 [==================>...........] - ETA: 0s - loss: 1.1387 - accuracy: 0.6025
145/211 [===================>..........] - ETA: 0s - loss: 1.1386 - accuracy: 0.6032
156/211 [=====================>........] - ETA: 0s - loss: 1.1388 - accuracy: 0.6033
168/211 [======================>.......] - ETA: 0s - loss: 1.1390 - accuracy: 0.6031
179/211 [========================>.....] - ETA: 0s - loss: 1.1377 - accuracy: 0.6042
190/211 [==========================>...] - ETA: 0s - loss: 1.1371 - accuracy: 0.6048
201/211 [===========================>..] - ETA: 0s - loss: 1.1380 - accuracy: 0.6041
211/211 [==============================] - 1s 7ms/step - loss: 1.1381 - accuracy: 0.6039 - val_loss: 1.1934 - val_accuracy: 0.5828
Epoch 15/15

  1/211 [..............................] - ETA: 3s - loss: 1.0217 - accuracy: 0.6523
 10/211 [>.............................] - ETA: 1s - loss: 1.0900 - accuracy: 0.6242
 21/211 [=>............................] - ETA: 1s - loss: 1.1011 - accuracy: 0.6198
 32/211 [===>..........................] - ETA: 1s - loss: 1.1050 - accuracy: 0.6190
 43/211 [=====>........................] - ETA: 1s - loss: 1.1107 - accuracy: 0.6184
 53/211 [======>.......................] - ETA: 0s - loss: 1.1119 - accuracy: 0.6184
 65/211 [========>.....................] - ETA: 0s - loss: 1.1199 - accuracy: 0.6151
 76/211 [=========>....................] - ETA: 0s - loss: 1.1158 - accuracy: 0.6174
 87/211 [===========>..................] - ETA: 0s - loss: 1.1180 - accuracy: 0.6160
 98/211 [============>.................] - ETA: 0s - loss: 1.1183 - accuracy: 0.6153
109/211 [==============>...............] - ETA: 0s - loss: 1.1177 - accuracy: 0.6160
120/211 [================>.............] - ETA: 0s - loss: 1.1202 - accuracy: 0.6148
131/211 [=================>............] - ETA: 0s - loss: 1.1175 - accuracy: 0.6148
142/211 [===================>..........] - ETA: 0s - loss: 1.1194 - accuracy: 0.6140
153/211 [====================>.........] - ETA: 0s - loss: 1.1179 - accuracy: 0.6135
163/211 [======================>.......] - ETA: 0s - loss: 1.1194 - accuracy: 0.6125
174/211 [=======================>......] - ETA: 0s - loss: 1.1202 - accuracy: 0.6121
185/211 [=========================>....] - ETA: 0s - loss: 1.1202 - accuracy: 0.6120
196/211 [==========================>...] - ETA: 0s - loss: 1.1202 - accuracy: 0.6117
207/211 [============================>.] - ETA: 0s - loss: 1.1214 - accuracy: 0.6114
211/211 [==============================] - 1s 7ms/step - loss: 1.1213 - accuracy: 0.6117 - val_loss: 1.1910 - val_accuracy: 0.5838

  1/188 [..............................] - ETA: 2s - loss: 1.3915 - accuracy: 0.5000
 34/188 [====>.........................] - ETA: 0s - loss: 1.1607 - accuracy: 0.5846
 78/188 [===========>..................] - ETA: 0s - loss: 1.1923 - accuracy: 0.5781
117/188 [=================>............] - ETA: 0s - loss: 1.1881 - accuracy: 0.5804
160/188 [========================>.....] - ETA: 0s - loss: 1.1928 - accuracy: 0.5816
188/188 [==============================] - 0s 1ms/step - loss: 1.1910 - accuracy: 0.5838
