2024-08-24 16:09:17.722011: I tensorflow/core/platform/cpu_feature_guard.cc:193] This TensorFlow binary is optimized with oneAPI Deep Neural Network Library (oneDNN) to use the following CPU instructions in performance-critical operations:  AVX AVX2
To enable them in other operations, rebuild TensorFlow with the appropriate compiler flags.
2024-08-24 16:09:18.649090: I tensorflow/core/common_runtime/gpu/gpu_device.cc:1616] Created device /job:localhost/replica:0/task:0/device:GPU:0 with 13575 MB memory:  -> device: 0, name: NVIDIA GeForce RTX 4060 Ti, pci bus id: 0000:01:00.0, compute capability: 8.9
1 Physical GPUs, 1 Logical GPUs
Fold:  7
Model: "sequential"
_________________________________________________________________
 Layer (type)                Output Shape              Param #   
=================================================================
 conv2d (Conv2D)             (None, 32, 32, 32)        896       
                                                                 
 dropout (Dropout)           (None, 32, 32, 32)        0         
                                                                 
 flatten (Flatten)           (None, 32768)             0         
                                                                 
 dense (Dense)               (None, 72)                2359368   
                                                                 
 dropout_1 (Dropout)         (None, 72)                0         
                                                                 
 dense_1 (Dense)             (None, 10)                730       
                                                                 
=================================================================
Total params: 2,360,994
Trainable params: 2,360,994
Non-trainable params: 0
_________________________________________________________________
Taxa de aprendizado:  0.01 Num de épocas:  56 Tamanho do lote:  64 Dropout:  0.14
Epoch 1/56
2024-08-24 16:09:20.443123: I tensorflow/stream_executor/cuda/cuda_dnn.cc:384] Loaded cuDNN version 8100
2024-08-24 16:09:21.823980: W tensorflow/stream_executor/gpu/redzone_allocator.cc:314] INTERNAL: ptxas exited with non-zero error code -1, output: 
Relying on driver to perform ptx compilation. 
Modify $PATH to customize ptxas location.
This message will be only logged once.
2024-08-24 16:09:23.055413: I tensorflow/stream_executor/cuda/cuda_blas.cc:1614] TensorFloat-32 will be used for the matrix multiplication. This will only be logged once.

  1/844 [..............................] - ETA: 1:03:16 - loss: 2.3607 - accuracy: 0.0781
 10/844 [..............................] - ETA: 5s - loss: 3.2205 - accuracy: 0.1000     
 21/844 [..............................] - ETA: 5s - loss: 2.8922 - accuracy: 0.0997
 33/844 [>.............................] - ETA: 4s - loss: 2.7381 - accuracy: 0.1032
 45/844 [>.............................] - ETA: 4s - loss: 2.6643 - accuracy: 0.1024
 57/844 [=>............................] - ETA: 4s - loss: 2.6213 - accuracy: 0.1001
 68/844 [=>............................] - ETA: 4s - loss: 2.5932 - accuracy: 0.1000
 80/844 [=>............................] - ETA: 4s - loss: 2.5682 - accuracy: 0.0971
 92/844 [==>...........................] - ETA: 4s - loss: 2.5513 - accuracy: 0.0985
104/844 [==>...........................] - ETA: 4s - loss: 2.5331 - accuracy: 0.1005
114/844 [===>..........................] - ETA: 4s - loss: 2.5257 - accuracy: 0.0980
126/844 [===>..........................] - ETA: 3s - loss: 2.5160 - accuracy: 0.0981
139/844 [===>..........................] - ETA: 3s - loss: 2.5062 - accuracy: 0.0973
150/844 [====>.........................] - ETA: 3s - loss: 2.4978 - accuracy: 0.0988
162/844 [====>.........................] - ETA: 3s - loss: 2.4920 - accuracy: 0.0987
173/844 [=====>........................] - ETA: 3s - loss: 2.4874 - accuracy: 0.0986
185/844 [=====>........................] - ETA: 3s - loss: 2.4823 - accuracy: 0.0981
197/844 [======>.......................] - ETA: 3s - loss: 2.4782 - accuracy: 0.0984
209/844 [======>.......................] - ETA: 3s - loss: 2.4734 - accuracy: 0.0988
220/844 [======>.......................] - ETA: 3s - loss: 2.4696 - accuracy: 0.0991
232/844 [=======>......................] - ETA: 3s - loss: 2.4650 - accuracy: 0.0995
244/844 [=======>......................] - ETA: 3s - loss: 2.4611 - accuracy: 0.0996
255/844 [========>.....................] - ETA: 3s - loss: 2.4595 - accuracy: 0.0989
266/844 [========>.....................] - ETA: 3s - loss: 2.4567 - accuracy: 0.0994
278/844 [========>.....................] - ETA: 3s - loss: 2.4537 - accuracy: 0.0993
291/844 [=========>....................] - ETA: 2s - loss: 2.4504 - accuracy: 0.0986
303/844 [=========>....................] - ETA: 2s - loss: 2.4470 - accuracy: 0.0993
314/844 [==========>...................] - ETA: 2s - loss: 2.4444 - accuracy: 0.0993
325/844 [==========>...................] - ETA: 2s - loss: 2.4415 - accuracy: 0.0993
337/844 [==========>...................] - ETA: 2s - loss: 2.4387 - accuracy: 0.0993
348/844 [===========>..................] - ETA: 2s - loss: 2.4358 - accuracy: 0.0994
360/844 [===========>..................] - ETA: 2s - loss: 2.4338 - accuracy: 0.0993
365/844 [===========>..................] - ETA: 2s - loss: 2.4328 - accuracy: 0.0992
376/844 [============>.................] - ETA: 2s - loss: 2.4312 - accuracy: 0.0991
387/844 [============>.................] - ETA: 2s - loss: 2.4293 - accuracy: 0.0995
398/844 [=============>................] - ETA: 2s - loss: 2.4287 - accuracy: 0.0991
408/844 [=============>................] - ETA: 2s - loss: 2.4280 - accuracy: 0.0989
419/844 [=============>................] - ETA: 2s - loss: 2.4264 - accuracy: 0.0993
431/844 [==============>...............] - ETA: 2s - loss: 2.4246 - accuracy: 0.0994
443/844 [==============>...............] - ETA: 2s - loss: 2.4237 - accuracy: 0.0992
456/844 [===============>..............] - ETA: 2s - loss: 2.4217 - accuracy: 0.0988
465/844 [===============>..............] - ETA: 2s - loss: 2.4203 - accuracy: 0.0991
475/844 [===============>..............] - ETA: 2s - loss: 2.4192 - accuracy: 0.0990
488/844 [================>.............] - ETA: 1s - loss: 2.4193 - accuracy: 0.0993
499/844 [================>.............] - ETA: 1s - loss: 2.4189 - accuracy: 0.0994
510/844 [=================>............] - ETA: 1s - loss: 2.4176 - accuracy: 0.0997
523/844 [=================>............] - ETA: 1s - loss: 2.4163 - accuracy: 0.0999
533/844 [=================>............] - ETA: 1s - loss: 2.4154 - accuracy: 0.1002
543/844 [==================>...........] - ETA: 1s - loss: 2.4143 - accuracy: 0.1004
555/844 [==================>...........] - ETA: 1s - loss: 2.4133 - accuracy: 0.1003
567/844 [===================>..........] - ETA: 1s - loss: 2.4126 - accuracy: 0.1005
578/844 [===================>..........] - ETA: 1s - loss: 2.4114 - accuracy: 0.1010
588/844 [===================>..........] - ETA: 1s - loss: 2.4108 - accuracy: 0.1009
599/844 [====================>.........] - ETA: 1s - loss: 2.4101 - accuracy: 0.1010
610/844 [====================>.........] - ETA: 1s - loss: 2.4097 - accuracy: 0.1013
622/844 [=====================>........] - ETA: 1s - loss: 2.4099 - accuracy: 0.1011
633/844 [=====================>........] - ETA: 1s - loss: 2.4090 - accuracy: 0.1012
644/844 [=====================>........] - ETA: 1s - loss: 2.4081 - accuracy: 0.1011
656/844 [======================>.......] - ETA: 1s - loss: 2.4069 - accuracy: 0.1012
667/844 [======================>.......] - ETA: 0s - loss: 2.4059 - accuracy: 0.1012
679/844 [=======================>......] - ETA: 0s - loss: 2.4050 - accuracy: 0.1011
691/844 [=======================>......] - ETA: 0s - loss: 2.4044 - accuracy: 0.1011
702/844 [=======================>......] - ETA: 0s - loss: 2.4038 - accuracy: 0.1012
713/844 [========================>.....] - ETA: 0s - loss: 2.4028 - accuracy: 0.1011
725/844 [========================>.....] - ETA: 0s - loss: 2.4020 - accuracy: 0.1008
737/844 [=========================>....] - ETA: 0s - loss: 2.4012 - accuracy: 0.1007
749/844 [=========================>....] - ETA: 0s - loss: 2.4005 - accuracy: 0.1005
760/844 [==========================>...] - ETA: 0s - loss: 2.3999 - accuracy: 0.1004
772/844 [==========================>...] - ETA: 0s - loss: 2.3993 - accuracy: 0.1006
782/844 [==========================>...] - ETA: 0s - loss: 2.3990 - accuracy: 0.1004
793/844 [===========================>..] - ETA: 0s - loss: 2.3989 - accuracy: 0.1002
805/844 [===========================>..] - ETA: 0s - loss: 2.3989 - accuracy: 0.1000
817/844 [============================>.] - ETA: 0s - loss: 2.3982 - accuracy: 0.1003
832/844 [============================>.] - ETA: 0s - loss: 2.3978 - accuracy: 0.1005
844/844 [==============================] - 10s 6ms/step - loss: 2.3976 - accuracy: 0.1005 - val_loss: 2.3555 - val_accuracy: 0.0970
Epoch 2/56

  1/844 [..............................] - ETA: 13s - loss: 2.3043 - accuracy: 0.1406
 15/844 [..............................] - ETA: 3s - loss: 2.3730 - accuracy: 0.1115 
 27/844 [..............................] - ETA: 3s - loss: 2.3821 - accuracy: 0.1082
 39/844 [>.............................] - ETA: 3s - loss: 2.3719 - accuracy: 0.1090
 51/844 [>.............................] - ETA: 3s - loss: 2.3681 - accuracy: 0.1039
 62/844 [=>............................] - ETA: 4s - loss: 2.3645 - accuracy: 0.1021
 74/844 [=>............................] - ETA: 3s - loss: 2.3632 - accuracy: 0.1026
 86/844 [==>...........................] - ETA: 3s - loss: 2.3624 - accuracy: 0.1016
 98/844 [==>...........................] - ETA: 3s - loss: 2.3664 - accuracy: 0.1012
110/844 [==>...........................] - ETA: 3s - loss: 2.3662 - accuracy: 0.1014
122/844 [===>..........................] - ETA: 3s - loss: 2.3666 - accuracy: 0.1021
133/844 [===>..........................] - ETA: 3s - loss: 2.3649 - accuracy: 0.1024
144/844 [====>.........................] - ETA: 3s - loss: 2.3639 - accuracy: 0.1030
157/844 [====>.........................] - ETA: 3s - loss: 2.3635 - accuracy: 0.1036
167/844 [====>.........................] - ETA: 3s - loss: 2.3635 - accuracy: 0.1036
179/844 [=====>........................] - ETA: 3s - loss: 2.3631 - accuracy: 0.1039
191/844 [=====>........................] - ETA: 3s - loss: 2.3626 - accuracy: 0.1025
202/844 [======>.......................] - ETA: 3s - loss: 2.3627 - accuracy: 0.1028
213/844 [======>.......................] - ETA: 3s - loss: 2.3628 - accuracy: 0.1022
225/844 [======>.......................] - ETA: 3s - loss: 2.3635 - accuracy: 0.1019
237/844 [=======>......................] - ETA: 3s - loss: 2.3639 - accuracy: 0.1020
250/844 [=======>......................] - ETA: 3s - loss: 2.3636 - accuracy: 0.1016
262/844 [========>.....................] - ETA: 3s - loss: 2.3633 - accuracy: 0.1015
274/844 [========>.....................] - ETA: 3s - loss: 2.3632 - accuracy: 0.1010
286/844 [=========>....................] - ETA: 2s - loss: 2.3632 - accuracy: 0.1005
297/844 [=========>....................] - ETA: 2s - loss: 2.3626 - accuracy: 0.1002
309/844 [=========>....................] - ETA: 2s - loss: 2.3627 - accuracy: 0.1005
320/844 [==========>...................] - ETA: 2s - loss: 2.3625 - accuracy: 0.1008
333/844 [==========>...................] - ETA: 2s - loss: 2.3617 - accuracy: 0.1012
345/844 [===========>..................] - ETA: 2s - loss: 2.3610 - accuracy: 0.1012
356/844 [===========>..................] - ETA: 2s - loss: 2.3604 - accuracy: 0.1014
367/844 [============>.................] - ETA: 2s - loss: 2.3610 - accuracy: 0.1018
379/844 [============>.................] - ETA: 2s - loss: 2.3608 - accuracy: 0.1022
391/844 [============>.................] - ETA: 2s - loss: 2.3609 - accuracy: 0.1021
402/844 [=============>................] - ETA: 2s - loss: 2.3611 - accuracy: 0.1018
413/844 [=============>................] - ETA: 2s - loss: 2.3612 - accuracy: 0.1019
425/844 [==============>...............] - ETA: 2s - loss: 2.3610 - accuracy: 0.1017
436/844 [==============>...............] - ETA: 2s - loss: 2.3619 - accuracy: 0.1010
449/844 [==============>...............] - ETA: 2s - loss: 2.3629 - accuracy: 0.1011
460/844 [===============>..............] - ETA: 2s - loss: 2.3631 - accuracy: 0.1008
472/844 [===============>..............] - ETA: 1s - loss: 2.3634 - accuracy: 0.1010
483/844 [================>.............] - ETA: 1s - loss: 2.3631 - accuracy: 0.1007
494/844 [================>.............] - ETA: 1s - loss: 2.3623 - accuracy: 0.1010
506/844 [================>.............] - ETA: 1s - loss: 2.3623 - accuracy: 0.1010
517/844 [=================>............] - ETA: 1s - loss: 2.3621 - accuracy: 0.1009
529/844 [=================>............] - ETA: 1s - loss: 2.3620 - accuracy: 0.1009
540/844 [==================>...........] - ETA: 1s - loss: 2.3616 - accuracy: 0.1012
551/844 [==================>...........] - ETA: 1s - loss: 2.3618 - accuracy: 0.1010
563/844 [===================>..........] - ETA: 1s - loss: 2.3617 - accuracy: 0.1014
574/844 [===================>..........] - ETA: 1s - loss: 2.3623 - accuracy: 0.1010
586/844 [===================>..........] - ETA: 1s - loss: 2.3625 - accuracy: 0.1008
598/844 [====================>.........] - ETA: 1s - loss: 2.3626 - accuracy: 0.1006
610/844 [====================>.........] - ETA: 1s - loss: 2.3628 - accuracy: 0.1004
622/844 [=====================>........] - ETA: 1s - loss: 2.3625 - accuracy: 0.1001
634/844 [=====================>........] - ETA: 1s - loss: 2.3626 - accuracy: 0.0999
645/844 [=====================>........] - ETA: 1s - loss: 2.3628 - accuracy: 0.0999
657/844 [======================>.......] - ETA: 0s - loss: 2.3632 - accuracy: 0.0998
670/844 [======================>.......] - ETA: 0s - loss: 2.3632 - accuracy: 0.0994
681/844 [=======================>......] - ETA: 0s - loss: 2.3636 - accuracy: 0.0992
693/844 [=======================>......] - ETA: 0s - loss: 2.3638 - accuracy: 0.0993
704/844 [========================>.....] - ETA: 0s - loss: 2.3641 - accuracy: 0.0993
716/844 [========================>.....] - ETA: 0s - loss: 2.3640 - accuracy: 0.0992
727/844 [========================>.....] - ETA: 0s - loss: 2.3645 - accuracy: 0.0989
739/844 [=========================>....] - ETA: 0s - loss: 2.3646 - accuracy: 0.0989
750/844 [=========================>....] - ETA: 0s - loss: 2.3645 - accuracy: 0.0989
761/844 [==========================>...] - ETA: 0s - loss: 2.3647 - accuracy: 0.0991
773/844 [==========================>...] - ETA: 0s - loss: 2.3646 - accuracy: 0.0993
785/844 [==========================>...] - ETA: 0s - loss: 2.3642 - accuracy: 0.0995
797/844 [===========================>..] - ETA: 0s - loss: 2.3642 - accuracy: 0.0994
809/844 [===========================>..] - ETA: 0s - loss: 2.3637 - accuracy: 0.0998
820/844 [============================>.] - ETA: 0s - loss: 2.3636 - accuracy: 0.0999
832/844 [============================>.] - ETA: 0s - loss: 2.3633 - accuracy: 0.1001
844/844 [==============================] - ETA: 0s - loss: 2.3632 - accuracy: 0.0998
844/844 [==============================] - 5s 6ms/step - loss: 2.3632 - accuracy: 0.0998 - val_loss: 2.3656 - val_accuracy: 0.0963
Epoch 3/56

  1/844 [..............................] - ETA: 13s - loss: 2.3720 - accuracy: 0.0938
 12/844 [..............................] - ETA: 4s - loss: 2.3607 - accuracy: 0.1016 
 24/844 [..............................] - ETA: 4s - loss: 2.3532 - accuracy: 0.1035
 36/844 [>.............................] - ETA: 4s - loss: 2.3551 - accuracy: 0.1050
 47/844 [>.............................] - ETA: 4s - loss: 2.3563 - accuracy: 0.1017
 59/844 [=>............................] - ETA: 4s - loss: 2.3539 - accuracy: 0.1025
 71/844 [=>............................] - ETA: 4s - loss: 2.3524 - accuracy: 0.1037
 83/844 [=>............................] - ETA: 4s - loss: 2.3521 - accuracy: 0.1039
 94/844 [==>...........................] - ETA: 4s - loss: 2.3519 - accuracy: 0.1047
106/844 [==>...........................] - ETA: 3s - loss: 2.3525 - accuracy: 0.1042
118/844 [===>..........................] - ETA: 3s - loss: 2.3509 - accuracy: 0.1038
129/844 [===>..........................] - ETA: 3s - loss: 2.3502 - accuracy: 0.1034
139/844 [===>..........................] - ETA: 3s - loss: 2.3515 - accuracy: 0.1029
151/844 [====>.........................] - ETA: 3s - loss: 2.3534 - accuracy: 0.1020
162/844 [====>.........................] - ETA: 3s - loss: 2.3548 - accuracy: 0.1015
175/844 [=====>........................] - ETA: 3s - loss: 2.3552 - accuracy: 0.1007
186/844 [=====>........................] - ETA: 3s - loss: 2.3577 - accuracy: 0.1001
198/844 [======>.......................] - ETA: 3s - loss: 2.3598 - accuracy: 0.1000
210/844 [======>.......................] - ETA: 3s - loss: 2.3601 - accuracy: 0.1001
222/844 [======>.......................] - ETA: 3s - loss: 2.3600 - accuracy: 0.0997
233/844 [=======>......................] - ETA: 3s - loss: 2.3597 - accuracy: 0.0999
246/844 [=======>......................] - ETA: 3s - loss: 2.3592 - accuracy: 0.1005
258/844 [========>.....................] - ETA: 3s - loss: 2.3592 - accuracy: 0.1001
270/844 [========>.....................] - ETA: 3s - loss: 2.3597 - accuracy: 0.1004
281/844 [========>.....................] - ETA: 2s - loss: 2.3589 - accuracy: 0.1006
293/844 [=========>....................] - ETA: 2s - loss: 2.3584 - accuracy: 0.1011
304/844 [=========>....................] - ETA: 2s - loss: 2.3580 - accuracy: 0.1015
316/844 [==========>...................] - ETA: 2s - loss: 2.3585 - accuracy: 0.1015
328/844 [==========>...................] - ETA: 2s - loss: 2.3584 - accuracy: 0.1015
339/844 [===========>..................] - ETA: 2s - loss: 2.3576 - accuracy: 0.1021
352/844 [===========>..................] - ETA: 2s - loss: 2.3569 - accuracy: 0.1020
364/844 [===========>..................] - ETA: 2s - loss: 2.3566 - accuracy: 0.1016
375/844 [============>.................] - ETA: 2s - loss: 2.3563 - accuracy: 0.1019
386/844 [============>.................] - ETA: 2s - loss: 2.3563 - accuracy: 0.1018
397/844 [=============>................] - ETA: 2s - loss: 2.3560 - accuracy: 0.1016
410/844 [=============>................] - ETA: 2s - loss: 2.3568 - accuracy: 0.1008
422/844 [==============>...............] - ETA: 2s - loss: 2.3569 - accuracy: 0.1011
433/844 [==============>...............] - ETA: 2s - loss: 2.3568 - accuracy: 0.1017
444/844 [==============>...............] - ETA: 2s - loss: 2.3571 - accuracy: 0.1013
456/844 [===============>..............] - ETA: 2s - loss: 2.3572 - accuracy: 0.1018
468/844 [===============>..............] - ETA: 2s - loss: 2.3571 - accuracy: 0.1017
480/844 [================>.............] - ETA: 1s - loss: 2.3567 - accuracy: 0.1017
492/844 [================>.............] - ETA: 1s - loss: 2.3563 - accuracy: 0.1014
503/844 [================>.............] - ETA: 1s - loss: 2.3570 - accuracy: 0.1014
514/844 [=================>............] - ETA: 1s - loss: 2.3576 - accuracy: 0.1014
524/844 [=================>............] - ETA: 1s - loss: 2.3577 - accuracy: 0.1016
535/844 [==================>...........] - ETA: 1s - loss: 2.3575 - accuracy: 0.1021
547/844 [==================>...........] - ETA: 1s - loss: 2.3574 - accuracy: 0.1022
559/844 [==================>...........] - ETA: 1s - loss: 2.3576 - accuracy: 0.1020
571/844 [===================>..........] - ETA: 1s - loss: 2.3582 - accuracy: 0.1020
583/844 [===================>..........] - ETA: 1s - loss: 2.3587 - accuracy: 0.1023
594/844 [====================>.........] - ETA: 1s - loss: 2.3595 - accuracy: 0.1024
606/844 [====================>.........] - ETA: 1s - loss: 2.3597 - accuracy: 0.1024
616/844 [====================>.........] - ETA: 1s - loss: 2.3594 - accuracy: 0.1025
626/844 [=====================>........] - ETA: 1s - loss: 2.3594 - accuracy: 0.1023
637/844 [=====================>........] - ETA: 1s - loss: 2.3598 - accuracy: 0.1024
650/844 [======================>.......] - ETA: 1s - loss: 2.3598 - accuracy: 0.1020
661/844 [======================>.......] - ETA: 0s - loss: 2.3597 - accuracy: 0.1021
673/844 [======================>.......] - ETA: 0s - loss: 2.3590 - accuracy: 0.1020
684/844 [=======================>......] - ETA: 0s - loss: 2.3591 - accuracy: 0.1017
695/844 [=======================>......] - ETA: 0s - loss: 2.3595 - accuracy: 0.1016
707/844 [========================>.....] - ETA: 0s - loss: 2.3594 - accuracy: 0.1018
719/844 [========================>.....] - ETA: 0s - loss: 2.3597 - accuracy: 0.1020
731/844 [========================>.....] - ETA: 0s - loss: 2.3600 - accuracy: 0.1020
742/844 [=========================>....] - ETA: 0s - loss: 2.3601 - accuracy: 0.1018
754/844 [=========================>....] - ETA: 0s - loss: 2.3604 - accuracy: 0.1017
766/844 [==========================>...] - ETA: 0s - loss: 2.3608 - accuracy: 0.1016
778/844 [==========================>...] - ETA: 0s - loss: 2.3609 - accuracy: 0.1017
789/844 [===========================>..] - ETA: 0s - loss: 2.3612 - accuracy: 0.1018
802/844 [===========================>..] - ETA: 0s - loss: 2.3617 - accuracy: 0.1018
814/844 [===========================>..] - ETA: 0s - loss: 2.3619 - accuracy: 0.1019
825/844 [============================>.] - ETA: 0s - loss: 2.3622 - accuracy: 0.1017
837/844 [============================>.] - ETA: 0s - loss: 2.3622 - accuracy: 0.1016
844/844 [==============================] - 5s 6ms/step - loss: 2.3620 - accuracy: 0.1014 - val_loss: 2.3387 - val_accuracy: 0.0970
Epoch 4/56

  1/844 [..............................] - ETA: 13s - loss: 2.3187 - accuracy: 0.1250
 11/844 [..............................] - ETA: 5s - loss: 2.3593 - accuracy: 0.0909 
 22/844 [..............................] - ETA: 4s - loss: 2.3708 - accuracy: 0.0831
 34/844 [>.............................] - ETA: 4s - loss: 2.3758 - accuracy: 0.0855
 45/844 [>.............................] - ETA: 4s - loss: 2.3713 - accuracy: 0.0955
 56/844 [>.............................] - ETA: 4s - loss: 2.3754 - accuracy: 0.0943
 68/844 [=>............................] - ETA: 4s - loss: 2.3709 - accuracy: 0.0944
 78/844 [=>............................] - ETA: 4s - loss: 2.3678 - accuracy: 0.0960
 90/844 [==>...........................] - ETA: 4s - loss: 2.3658 - accuracy: 0.0936
102/844 [==>...........................] - ETA: 4s - loss: 2.3645 - accuracy: 0.0942
113/844 [===>..........................] - ETA: 3s - loss: 2.3643 - accuracy: 0.0949
124/844 [===>..........................] - ETA: 3s - loss: 2.3625 - accuracy: 0.0940
136/844 [===>..........................] - ETA: 3s - loss: 2.3641 - accuracy: 0.0954
148/844 [====>.........................] - ETA: 3s - loss: 2.3651 - accuracy: 0.0964
159/844 [====>.........................] - ETA: 3s - loss: 2.3662 - accuracy: 0.0963
171/844 [=====>........................] - ETA: 3s - loss: 2.3671 - accuracy: 0.0953
183/844 [=====>........................] - ETA: 3s - loss: 2.3670 - accuracy: 0.0936
195/844 [=====>........................] - ETA: 3s - loss: 2.3661 - accuracy: 0.0940
207/844 [======>.......................] - ETA: 3s - loss: 2.3658 - accuracy: 0.0941
219/844 [======>.......................] - ETA: 3s - loss: 2.3651 - accuracy: 0.0943
230/844 [=======>......................] - ETA: 3s - loss: 2.3640 - accuracy: 0.0953
243/844 [=======>......................] - ETA: 3s - loss: 2.3624 - accuracy: 0.0963
254/844 [========>.....................] - ETA: 3s - loss: 2.3627 - accuracy: 0.0961
267/844 [========>.....................] - ETA: 3s - loss: 2.3614 - accuracy: 0.0964
278/844 [========>.....................] - ETA: 3s - loss: 2.3616 - accuracy: 0.0961
290/844 [=========>....................] - ETA: 2s - loss: 2.3623 - accuracy: 0.0956
303/844 [=========>....................] - ETA: 2s - loss: 2.3618 - accuracy: 0.0952
314/844 [==========>...................] - ETA: 2s - loss: 2.3623 - accuracy: 0.0956
325/844 [==========>...................] - ETA: 2s - loss: 2.3622 - accuracy: 0.0960
337/844 [==========>...................] - ETA: 2s - loss: 2.3622 - accuracy: 0.0963
348/844 [===========>..................] - ETA: 2s - loss: 2.3617 - accuracy: 0.0968
360/844 [===========>..................] - ETA: 2s - loss: 2.3611 - accuracy: 0.0972
372/844 [============>.................] - ETA: 2s - loss: 2.3610 - accuracy: 0.0981
384/844 [============>.................] - ETA: 2s - loss: 2.3614 - accuracy: 0.0985
396/844 [=============>................] - ETA: 2s - loss: 2.3614 - accuracy: 0.0983
408/844 [=============>................] - ETA: 2s - loss: 2.3614 - accuracy: 0.0980
419/844 [=============>................] - ETA: 2s - loss: 2.3608 - accuracy: 0.0985
431/844 [==============>...............] - ETA: 2s - loss: 2.3606 - accuracy: 0.0985
443/844 [==============>...............] - ETA: 2s - loss: 2.3603 - accuracy: 0.0988
454/844 [===============>..............] - ETA: 2s - loss: 2.3606 - accuracy: 0.0987
467/844 [===============>..............] - ETA: 2s - loss: 2.3605 - accuracy: 0.0988
478/844 [===============>..............] - ETA: 1s - loss: 2.3602 - accuracy: 0.0989
490/844 [================>.............] - ETA: 1s - loss: 2.3603 - accuracy: 0.0986
501/844 [================>.............] - ETA: 1s - loss: 2.3599 - accuracy: 0.0987
514/844 [=================>............] - ETA: 1s - loss: 2.3598 - accuracy: 0.0985
525/844 [=================>............] - ETA: 1s - loss: 2.3599 - accuracy: 0.0980
536/844 [==================>...........] - ETA: 1s - loss: 2.3598 - accuracy: 0.0979
548/844 [==================>...........] - ETA: 1s - loss: 2.3599 - accuracy: 0.0978
560/844 [==================>...........] - ETA: 1s - loss: 2.3596 - accuracy: 0.0979
572/844 [===================>..........] - ETA: 1s - loss: 2.3598 - accuracy: 0.0975
583/844 [===================>..........] - ETA: 1s - loss: 2.3599 - accuracy: 0.0975
595/844 [====================>.........] - ETA: 1s - loss: 2.3610 - accuracy: 0.0972
606/844 [====================>.........] - ETA: 1s - loss: 2.3616 - accuracy: 0.0969
617/844 [====================>.........] - ETA: 1s - loss: 2.3617 - accuracy: 0.0971
630/844 [=====================>........] - ETA: 1s - loss: 2.3616 - accuracy: 0.0974
641/844 [=====================>........] - ETA: 1s - loss: 2.3616 - accuracy: 0.0978
653/844 [======================>.......] - ETA: 1s - loss: 2.3616 - accuracy: 0.0978
665/844 [======================>.......] - ETA: 0s - loss: 2.3615 - accuracy: 0.0979
676/844 [=======================>......] - ETA: 0s - loss: 2.3611 - accuracy: 0.0978
687/844 [=======================>......] - ETA: 0s - loss: 2.3611 - accuracy: 0.0978
699/844 [=======================>......] - ETA: 0s - loss: 2.3611 - accuracy: 0.0978
711/844 [========================>.....] - ETA: 0s - loss: 2.3608 - accuracy: 0.0978
723/844 [========================>.....] - ETA: 0s - loss: 2.3609 - accuracy: 0.0977
734/844 [=========================>....] - ETA: 0s - loss: 2.3608 - accuracy: 0.0978
745/844 [=========================>....] - ETA: 0s - loss: 2.3610 - accuracy: 0.0979
758/844 [=========================>....] - ETA: 0s - loss: 2.3609 - accuracy: 0.0981
769/844 [==========================>...] - ETA: 0s - loss: 2.3606 - accuracy: 0.0983
781/844 [==========================>...] - ETA: 0s - loss: 2.3609 - accuracy: 0.0983
793/844 [===========================>..] - ETA: 0s - loss: 2.3617 - accuracy: 0.0985
804/844 [===========================>..] - ETA: 0s - loss: 2.3620 - accuracy: 0.0989
815/844 [===========================>..] - ETA: 0s - loss: 2.3626 - accuracy: 0.0987
826/844 [============================>.] - ETA: 0s - loss: 2.3629 - accuracy: 0.0985
838/844 [============================>.] - ETA: 0s - loss: 2.3627 - accuracy: 0.0984
844/844 [==============================] - 5s 6ms/step - loss: 2.3625 - accuracy: 0.0985 - val_loss: 2.3263 - val_accuracy: 0.0998
Epoch 5/56

  1/844 [..............................] - ETA: 0s - loss: 2.3601 - accuracy: 0.0781
 10/844 [..............................] - ETA: 5s - loss: 2.3617 - accuracy: 0.1000
 22/844 [..............................] - ETA: 4s - loss: 2.3634 - accuracy: 0.0916
 34/844 [>.............................] - ETA: 4s - loss: 2.3686 - accuracy: 0.0960
 45/844 [>.............................] - ETA: 4s - loss: 2.3635 - accuracy: 0.0969
 57/844 [=>............................] - ETA: 4s - loss: 2.3689 - accuracy: 0.0979
 69/844 [=>............................] - ETA: 4s - loss: 2.3672 - accuracy: 0.0951
 80/844 [=>............................] - ETA: 4s - loss: 2.3681 - accuracy: 0.0963
 92/844 [==>...........................] - ETA: 4s - loss: 2.3706 - accuracy: 0.0960
104/844 [==>...........................] - ETA: 4s - loss: 2.3673 - accuracy: 0.0977
116/844 [===>..........................] - ETA: 3s - loss: 2.3651 - accuracy: 0.1002
128/844 [===>..........................] - ETA: 3s - loss: 2.3656 - accuracy: 0.0997
139/844 [===>..........................] - ETA: 3s - loss: 2.3629 - accuracy: 0.1004
150/844 [====>.........................] - ETA: 3s - loss: 2.3627 - accuracy: 0.0992
161/844 [====>.........................] - ETA: 3s - loss: 2.3617 - accuracy: 0.1000
174/844 [=====>........................] - ETA: 3s - loss: 2.3641 - accuracy: 0.1000
186/844 [=====>........................] - ETA: 3s - loss: 2.3640 - accuracy: 0.0994
197/844 [======>.......................] - ETA: 3s - loss: 2.3632 - accuracy: 0.0982
209/844 [======>.......................] - ETA: 3s - loss: 2.3637 - accuracy: 0.0977
221/844 [======>.......................] - ETA: 3s - loss: 2.3626 - accuracy: 0.0976
232/844 [=======>......................] - ETA: 3s - loss: 2.3616 - accuracy: 0.0988
243/844 [=======>......................] - ETA: 3s - loss: 2.3616 - accuracy: 0.0984
254/844 [========>.....................] - ETA: 3s - loss: 2.3606 - accuracy: 0.0981
266/844 [========>.....................] - ETA: 3s - loss: 2.3599 - accuracy: 0.0979
278/844 [========>.....................] - ETA: 3s - loss: 2.3589 - accuracy: 0.0986
290/844 [=========>....................] - ETA: 2s - loss: 2.3584 - accuracy: 0.0982
302/844 [=========>....................] - ETA: 2s - loss: 2.3584 - accuracy: 0.0992
315/844 [==========>...................] - ETA: 2s - loss: 2.3586 - accuracy: 0.0994
326/844 [==========>...................] - ETA: 2s - loss: 2.3581 - accuracy: 0.0999
337/844 [==========>...................] - ETA: 2s - loss: 2.3578 - accuracy: 0.0997
349/844 [===========>..................] - ETA: 2s - loss: 2.3582 - accuracy: 0.0999
361/844 [===========>..................] - ETA: 2s - loss: 2.3589 - accuracy: 0.0998
373/844 [============>.................] - ETA: 2s - loss: 2.3586 - accuracy: 0.1001
384/844 [============>.................] - ETA: 2s - loss: 2.3581 - accuracy: 0.1005
396/844 [=============>................] - ETA: 2s - loss: 2.3577 - accuracy: 0.1010
408/844 [=============>................] - ETA: 2s - loss: 2.3574 - accuracy: 0.1011
419/844 [=============>................] - ETA: 2s - loss: 2.3580 - accuracy: 0.1009
431/844 [==============>...............] - ETA: 2s - loss: 2.3592 - accuracy: 0.1006
443/844 [==============>...............] - ETA: 2s - loss: 2.3602 - accuracy: 0.1001
455/844 [===============>..............] - ETA: 2s - loss: 2.3605 - accuracy: 0.1003
467/844 [===============>..............] - ETA: 2s - loss: 2.3603 - accuracy: 0.1002
478/844 [===============>..............] - ETA: 1s - loss: 2.3601 - accuracy: 0.1000
490/844 [================>.............] - ETA: 1s - loss: 2.3608 - accuracy: 0.0997
502/844 [================>.............] - ETA: 1s - loss: 2.3613 - accuracy: 0.0997
513/844 [=================>............] - ETA: 1s - loss: 2.3610 - accuracy: 0.1000
526/844 [=================>............] - ETA: 1s - loss: 2.3611 - accuracy: 0.1003
537/844 [==================>...........] - ETA: 1s - loss: 2.3614 - accuracy: 0.1001
548/844 [==================>...........] - ETA: 1s - loss: 2.3615 - accuracy: 0.1002
560/844 [==================>...........] - ETA: 1s - loss: 2.3611 - accuracy: 0.1006
572/844 [===================>..........] - ETA: 1s - loss: 2.3611 - accuracy: 0.1003
583/844 [===================>..........] - ETA: 1s - loss: 2.3618 - accuracy: 0.1006
595/844 [====================>.........] - ETA: 1s - loss: 2.3621 - accuracy: 0.1005
607/844 [====================>.........] - ETA: 1s - loss: 2.3628 - accuracy: 0.1003
619/844 [=====================>........] - ETA: 1s - loss: 2.3634 - accuracy: 0.1005
631/844 [=====================>........] - ETA: 1s - loss: 2.3635 - accuracy: 0.1004
642/844 [=====================>........] - ETA: 1s - loss: 2.3633 - accuracy: 0.1003
654/844 [======================>.......] - ETA: 1s - loss: 2.3630 - accuracy: 0.1004
664/844 [======================>.......] - ETA: 0s - loss: 2.3632 - accuracy: 0.1003
675/844 [======================>.......] - ETA: 0s - loss: 2.3629 - accuracy: 0.1002
685/844 [=======================>......] - ETA: 0s - loss: 2.3629 - accuracy: 0.1001
698/844 [=======================>......] - ETA: 0s - loss: 2.3626 - accuracy: 0.0999
709/844 [========================>.....] - ETA: 0s - loss: 2.3626 - accuracy: 0.1000
721/844 [========================>.....] - ETA: 0s - loss: 2.3628 - accuracy: 0.0999
733/844 [=========================>....] - ETA: 0s - loss: 2.3634 - accuracy: 0.0998
744/844 [=========================>....] - ETA: 0s - loss: 2.3633 - accuracy: 0.1000
757/844 [=========================>....] - ETA: 0s - loss: 2.3635 - accuracy: 0.0999
769/844 [==========================>...] - ETA: 0s - loss: 2.3632 - accuracy: 0.1000
781/844 [==========================>...] - ETA: 0s - loss: 2.3633 - accuracy: 0.1000
793/844 [===========================>..] - ETA: 0s - loss: 2.3638 - accuracy: 0.1001
805/844 [===========================>..] - ETA: 0s - loss: 2.3636 - accuracy: 0.1000
814/844 [===========================>..] - ETA: 0s - loss: 2.3634 - accuracy: 0.1002
826/844 [============================>.] - ETA: 0s - loss: 2.3634 - accuracy: 0.1000
837/844 [============================>.] - ETA: 0s - loss: 2.3635 - accuracy: 0.1001
844/844 [==============================] - 5s 6ms/step - loss: 2.3635 - accuracy: 0.1001 - val_loss: 2.3166 - val_accuracy: 0.1025
Epoch 6/56

  1/844 [..............................] - ETA: 0s - loss: 2.2878 - accuracy: 0.1406
 11/844 [..............................] - ETA: 5s - loss: 2.3483 - accuracy: 0.1023
 23/844 [..............................] - ETA: 4s - loss: 2.3572 - accuracy: 0.0965
 34/844 [>.............................] - ETA: 4s - loss: 2.3714 - accuracy: 0.0947
 46/844 [>.............................] - ETA: 4s - loss: 2.3747 - accuracy: 0.0910
 55/844 [>.............................] - ETA: 4s - loss: 2.3787 - accuracy: 0.0895
 66/844 [=>............................] - ETA: 4s - loss: 2.3771 - accuracy: 0.0959
 78/844 [=>............................] - ETA: 4s - loss: 2.3787 - accuracy: 0.0960
 91/844 [==>...........................] - ETA: 4s - loss: 2.3764 - accuracy: 0.0970
102/844 [==>...........................] - ETA: 4s - loss: 2.3759 - accuracy: 0.0967
114/844 [===>..........................] - ETA: 3s - loss: 2.3764 - accuracy: 0.0970
125/844 [===>..........................] - ETA: 3s - loss: 2.3756 - accuracy: 0.0979
138/844 [===>..........................] - ETA: 3s - loss: 2.3737 - accuracy: 0.0985
149/844 [====>.........................] - ETA: 3s - loss: 2.3727 - accuracy: 0.0977
161/844 [====>.........................] - ETA: 3s - loss: 2.3696 - accuracy: 0.0991
172/844 [=====>........................] - ETA: 3s - loss: 2.3715 - accuracy: 0.0983
184/844 [=====>........................] - ETA: 3s - loss: 2.3715 - accuracy: 0.0983
196/844 [=====>........................] - ETA: 3s - loss: 2.3708 - accuracy: 0.0984
208/844 [======>.......................] - ETA: 3s - loss: 2.3711 - accuracy: 0.0992
220/844 [======>.......................] - ETA: 3s - loss: 2.3704 - accuracy: 0.0996
233/844 [=======>......................] - ETA: 3s - loss: 2.3707 - accuracy: 0.0995
244/844 [=======>......................] - ETA: 3s - loss: 2.3716 - accuracy: 0.0996
255/844 [========>.....................] - ETA: 3s - loss: 2.3706 - accuracy: 0.0990
268/844 [========>.....................] - ETA: 3s - loss: 2.3699 - accuracy: 0.0986
279/844 [========>.....................] - ETA: 3s - loss: 2.3695 - accuracy: 0.0986
291/844 [=========>....................] - ETA: 2s - loss: 2.3690 - accuracy: 0.0986
303/844 [=========>....................] - ETA: 2s - loss: 2.3695 - accuracy: 0.0992
315/844 [==========>...................] - ETA: 2s - loss: 2.3698 - accuracy: 0.0992
327/844 [==========>...................] - ETA: 2s - loss: 2.3693 - accuracy: 0.0998
338/844 [===========>..................] - ETA: 2s - loss: 2.3685 - accuracy: 0.1002
350/844 [===========>..................] - ETA: 2s - loss: 2.3684 - accuracy: 0.1000
362/844 [===========>..................] - ETA: 2s - loss: 2.3680 - accuracy: 0.0994
374/844 [============>.................] - ETA: 2s - loss: 2.3675 - accuracy: 0.1001
386/844 [============>.................] - ETA: 2s - loss: 2.3668 - accuracy: 0.1003
395/844 [=============>................] - ETA: 2s - loss: 2.3668 - accuracy: 0.1005
406/844 [=============>................] - ETA: 2s - loss: 2.3667 - accuracy: 0.1005
417/844 [=============>................] - ETA: 2s - loss: 2.3670 - accuracy: 0.1005
429/844 [==============>...............] - ETA: 2s - loss: 2.3670 - accuracy: 0.1005
442/844 [==============>...............] - ETA: 2s - loss: 2.3673 - accuracy: 0.1001
453/844 [===============>..............] - ETA: 2s - loss: 2.3678 - accuracy: 0.0999
465/844 [===============>..............] - ETA: 2s - loss: 2.3675 - accuracy: 0.0997
476/844 [===============>..............] - ETA: 1s - loss: 2.3673 - accuracy: 0.0999
487/844 [================>.............] - ETA: 1s - loss: 2.3673 - accuracy: 0.0997
499/844 [================>.............] - ETA: 1s - loss: 2.3671 - accuracy: 0.0999
511/844 [=================>............] - ETA: 1s - loss: 2.3670 - accuracy: 0.0997
521/844 [=================>............] - ETA: 1s - loss: 2.3673 - accuracy: 0.0995
535/844 [==================>...........] - ETA: 1s - loss: 2.3668 - accuracy: 0.0991
545/844 [==================>...........] - ETA: 1s - loss: 2.3662 - accuracy: 0.0991
557/844 [==================>...........] - ETA: 1s - loss: 2.3660 - accuracy: 0.0991
568/844 [===================>..........] - ETA: 1s - loss: 2.3654 - accuracy: 0.0996
579/844 [===================>..........] - ETA: 1s - loss: 2.3652 - accuracy: 0.1001
591/844 [====================>.........] - ETA: 1s - loss: 2.3652 - accuracy: 0.1000
603/844 [====================>.........] - ETA: 1s - loss: 2.3661 - accuracy: 0.0996
615/844 [====================>.........] - ETA: 1s - loss: 2.3666 - accuracy: 0.0997
626/844 [=====================>........] - ETA: 1s - loss: 2.3665 - accuracy: 0.0996
637/844 [=====================>........] - ETA: 1s - loss: 2.3664 - accuracy: 0.0997
649/844 [======================>.......] - ETA: 1s - loss: 2.3666 - accuracy: 0.0996
661/844 [======================>.......] - ETA: 0s - loss: 2.3675 - accuracy: 0.0999
673/844 [======================>.......] - ETA: 0s - loss: 2.3678 - accuracy: 0.0999
684/844 [=======================>......] - ETA: 0s - loss: 2.3679 - accuracy: 0.1000
695/844 [=======================>......] - ETA: 0s - loss: 2.3680 - accuracy: 0.0997
708/844 [========================>.....] - ETA: 0s - loss: 2.3684 - accuracy: 0.0991
720/844 [========================>.....] - ETA: 0s - loss: 2.3680 - accuracy: 0.0992
732/844 [=========================>....] - ETA: 0s - loss: 2.3679 - accuracy: 0.0993
743/844 [=========================>....] - ETA: 0s - loss: 2.3676 - accuracy: 0.0990
755/844 [=========================>....] - ETA: 0s - loss: 2.3672 - accuracy: 0.0992
767/844 [==========================>...] - ETA: 0s - loss: 2.3669 - accuracy: 0.0993
779/844 [==========================>...] - ETA: 0s - loss: 2.3669 - accuracy: 0.0992
791/844 [===========================>..] - ETA: 0s - loss: 2.3669 - accuracy: 0.0992
803/844 [===========================>..] - ETA: 0s - loss: 2.3668 - accuracy: 0.0991
814/844 [===========================>..] - ETA: 0s - loss: 2.3665 - accuracy: 0.0992
826/844 [============================>.] - ETA: 0s - loss: 2.3664 - accuracy: 0.0992
838/844 [============================>.] - ETA: 0s - loss: 2.3661 - accuracy: 0.0994
844/844 [==============================] - 5s 6ms/step - loss: 2.3661 - accuracy: 0.0996 - val_loss: 2.3615 - val_accuracy: 0.1025
Epoch 7/56

  1/844 [..............................] - ETA: 13s - loss: 2.3916 - accuracy: 0.0781
 12/844 [..............................] - ETA: 4s - loss: 2.3570 - accuracy: 0.0898 
 23/844 [..............................] - ETA: 4s - loss: 2.3537 - accuracy: 0.0971
 34/844 [>.............................] - ETA: 4s - loss: 2.3571 - accuracy: 0.0933
 46/844 [>.............................] - ETA: 4s - loss: 2.3541 - accuracy: 0.0985
 57/844 [=>............................] - ETA: 4s - loss: 2.3586 - accuracy: 0.0998
 70/844 [=>............................] - ETA: 4s - loss: 2.3602 - accuracy: 0.0984
 81/844 [=>............................] - ETA: 4s - loss: 2.3678 - accuracy: 0.0968
 93/844 [==>...........................] - ETA: 4s - loss: 2.3674 - accuracy: 0.0973
104/844 [==>...........................] - ETA: 4s - loss: 2.3660 - accuracy: 0.0972
116/844 [===>..........................] - ETA: 3s - loss: 2.3629 - accuracy: 0.0990
128/844 [===>..........................] - ETA: 3s - loss: 2.3624 - accuracy: 0.0979
140/844 [===>..........................] - ETA: 3s - loss: 2.3610 - accuracy: 0.0982
152/844 [====>.........................] - ETA: 3s - loss: 2.3603 - accuracy: 0.0980
163/844 [====>.........................] - ETA: 3s - loss: 2.3612 - accuracy: 0.0974
175/844 [=====>........................] - ETA: 3s - loss: 2.3611 - accuracy: 0.0978
187/844 [=====>........................] - ETA: 3s - loss: 2.3604 - accuracy: 0.0975
198/844 [======>.......................] - ETA: 3s - loss: 2.3598 - accuracy: 0.0984
210/844 [======>.......................] - ETA: 3s - loss: 2.3603 - accuracy: 0.0985
221/844 [======>.......................] - ETA: 3s - loss: 2.3609 - accuracy: 0.0983
233/844 [=======>......................] - ETA: 3s - loss: 2.3606 - accuracy: 0.0980
245/844 [=======>......................] - ETA: 3s - loss: 2.3612 - accuracy: 0.0985
256/844 [========>.....................] - ETA: 3s - loss: 2.3625 - accuracy: 0.0983
268/844 [========>.....................] - ETA: 3s - loss: 2.3619 - accuracy: 0.0979
280/844 [========>.....................] - ETA: 3s - loss: 2.3621 - accuracy: 0.0983
291/844 [=========>....................] - ETA: 2s - loss: 2.3612 - accuracy: 0.0993
303/844 [=========>....................] - ETA: 2s - loss: 2.3616 - accuracy: 0.0996
314/844 [==========>...................] - ETA: 2s - loss: 2.3627 - accuracy: 0.0991
326/844 [==========>...................] - ETA: 2s - loss: 2.3629 - accuracy: 0.0995
338/844 [===========>..................] - ETA: 2s - loss: 2.3623 - accuracy: 0.0997
347/844 [===========>..................] - ETA: 2s - loss: 2.3628 - accuracy: 0.0999
359/844 [===========>..................] - ETA: 2s - loss: 2.3629 - accuracy: 0.0996
372/844 [============>.................] - ETA: 2s - loss: 2.3629 - accuracy: 0.1000
384/844 [============>.................] - ETA: 2s - loss: 2.3629 - accuracy: 0.1003
395/844 [=============>................] - ETA: 2s - loss: 2.3630 - accuracy: 0.0994
407/844 [=============>................] - ETA: 2s - loss: 2.3630 - accuracy: 0.0992
418/844 [=============>................] - ETA: 2s - loss: 2.3635 - accuracy: 0.0991
430/844 [==============>...............] - ETA: 2s - loss: 2.3635 - accuracy: 0.0991
441/844 [==============>...............] - ETA: 2s - loss: 2.3635 - accuracy: 0.0982
453/844 [===============>..............] - ETA: 2s - loss: 2.3635 - accuracy: 0.0987
465/844 [===============>..............] - ETA: 2s - loss: 2.3642 - accuracy: 0.0985
477/844 [===============>..............] - ETA: 1s - loss: 2.3639 - accuracy: 0.0986
489/844 [================>.............] - ETA: 1s - loss: 2.3638 - accuracy: 0.0989
500/844 [================>.............] - ETA: 1s - loss: 2.3638 - accuracy: 0.0992
512/844 [=================>............] - ETA: 1s - loss: 2.3637 - accuracy: 0.0997
524/844 [=================>............] - ETA: 1s - loss: 2.3646 - accuracy: 0.0996
535/844 [==================>...........] - ETA: 1s - loss: 2.3643 - accuracy: 0.0996
544/844 [==================>...........] - ETA: 1s - loss: 2.3640 - accuracy: 0.1000
556/844 [==================>...........] - ETA: 1s - loss: 2.3640 - accuracy: 0.1002
568/844 [===================>..........] - ETA: 1s - loss: 2.3641 - accuracy: 0.1001
579/844 [===================>..........] - ETA: 1s - loss: 2.3646 - accuracy: 0.1001
590/844 [===================>..........] - ETA: 1s - loss: 2.3644 - accuracy: 0.1001
602/844 [====================>.........] - ETA: 1s - loss: 2.3645 - accuracy: 0.1000
613/844 [====================>.........] - ETA: 1s - loss: 2.3645 - accuracy: 0.0999
624/844 [=====================>........] - ETA: 1s - loss: 2.3644 - accuracy: 0.0996
636/844 [=====================>........] - ETA: 1s - loss: 2.3643 - accuracy: 0.0993
648/844 [======================>.......] - ETA: 1s - loss: 2.3645 - accuracy: 0.0994
659/844 [======================>.......] - ETA: 0s - loss: 2.3644 - accuracy: 0.0992
671/844 [======================>.......] - ETA: 0s - loss: 2.3638 - accuracy: 0.0997
682/844 [=======================>......] - ETA: 0s - loss: 2.3636 - accuracy: 0.0998
694/844 [=======================>......] - ETA: 0s - loss: 2.3633 - accuracy: 0.0999
706/844 [========================>.....] - ETA: 0s - loss: 2.3632 - accuracy: 0.0999
718/844 [========================>.....] - ETA: 0s - loss: 2.3632 - accuracy: 0.1003
730/844 [========================>.....] - ETA: 0s - loss: 2.3629 - accuracy: 0.1004
742/844 [=========================>....] - ETA: 0s - loss: 2.3626 - accuracy: 0.1006
754/844 [=========================>....] - ETA: 0s - loss: 2.3627 - accuracy: 0.1007
766/844 [==========================>...] - ETA: 0s - loss: 2.3630 - accuracy: 0.1004
777/844 [==========================>...] - ETA: 0s - loss: 2.3627 - accuracy: 0.1007
788/844 [===========================>..] - ETA: 0s - loss: 2.3633 - accuracy: 0.1007
800/844 [===========================>..] - ETA: 0s - loss: 2.3635 - accuracy: 0.1008
811/844 [===========================>..] - ETA: 0s - loss: 2.3636 - accuracy: 0.1007
823/844 [============================>.] - ETA: 0s - loss: 2.3635 - accuracy: 0.1008
835/844 [============================>.] - ETA: 0s - loss: 2.3633 - accuracy: 0.1006
844/844 [==============================] - 5s 6ms/step - loss: 2.3633 - accuracy: 0.1006 - val_loss: 2.3651 - val_accuracy: 0.1017
Epoch 8/56

  1/844 [..............................] - ETA: 0s - loss: 2.4639 - accuracy: 0.0469
 10/844 [..............................] - ETA: 5s - loss: 2.3766 - accuracy: 0.0906
 23/844 [..............................] - ETA: 4s - loss: 2.3637 - accuracy: 0.1005
 35/844 [>.............................] - ETA: 4s - loss: 2.3615 - accuracy: 0.0964
 47/844 [>.............................] - ETA: 4s - loss: 2.3649 - accuracy: 0.0934
 59/844 [=>............................] - ETA: 4s - loss: 2.3618 - accuracy: 0.0956
 72/844 [=>............................] - ETA: 4s - loss: 2.3559 - accuracy: 0.0957
 83/844 [=>............................] - ETA: 4s - loss: 2.3558 - accuracy: 0.0968
 94/844 [==>...........................] - ETA: 4s - loss: 2.3557 - accuracy: 0.0964
106/844 [==>...........................] - ETA: 3s - loss: 2.3571 - accuracy: 0.0970
117/844 [===>..........................] - ETA: 3s - loss: 2.3576 - accuracy: 0.0975
130/844 [===>..........................] - ETA: 3s - loss: 2.3566 - accuracy: 0.0964
142/844 [====>.........................] - ETA: 3s - loss: 2.3572 - accuracy: 0.0965
153/844 [====>.........................] - ETA: 3s - loss: 2.3562 - accuracy: 0.0978
165/844 [====>.........................] - ETA: 3s - loss: 2.3570 - accuracy: 0.0985
177/844 [=====>........................] - ETA: 3s - loss: 2.3571 - accuracy: 0.0978
188/844 [=====>........................] - ETA: 3s - loss: 2.3613 - accuracy: 0.0983
200/844 [======>.......................] - ETA: 3s - loss: 2.3602 - accuracy: 0.0986
212/844 [======>.......................] - ETA: 3s - loss: 2.3598 - accuracy: 0.0999
224/844 [======>.......................] - ETA: 3s - loss: 2.3590 - accuracy: 0.1001
236/844 [=======>......................] - ETA: 3s - loss: 2.3587 - accuracy: 0.1010
248/844 [=======>......................] - ETA: 3s - loss: 2.3586 - accuracy: 0.1006
260/844 [========>.....................] - ETA: 3s - loss: 2.3590 - accuracy: 0.1005
271/844 [========>.....................] - ETA: 3s - loss: 2.3596 - accuracy: 0.0999
282/844 [=========>....................] - ETA: 3s - loss: 2.3601 - accuracy: 0.0999
294/844 [=========>....................] - ETA: 2s - loss: 2.3623 - accuracy: 0.0995
306/844 [=========>....................] - ETA: 2s - loss: 2.3625 - accuracy: 0.1005
316/844 [==========>...................] - ETA: 2s - loss: 2.3615 - accuracy: 0.1009
326/844 [==========>...................] - ETA: 2s - loss: 2.3604 - accuracy: 0.1013
337/844 [==========>...................] - ETA: 2s - loss: 2.3601 - accuracy: 0.1006
348/844 [===========>..................] - ETA: 2s - loss: 2.3598 - accuracy: 0.1009
360/844 [===========>..................] - ETA: 2s - loss: 2.3594 - accuracy: 0.1005
372/844 [============>.................] - ETA: 2s - loss: 2.3594 - accuracy: 0.1000
383/844 [============>.................] - ETA: 2s - loss: 2.3596 - accuracy: 0.1000
395/844 [=============>................] - ETA: 2s - loss: 2.3607 - accuracy: 0.0994
406/844 [=============>................] - ETA: 2s - loss: 2.3612 - accuracy: 0.0996
418/844 [=============>................] - ETA: 2s - loss: 2.3609 - accuracy: 0.1002
430/844 [==============>...............] - ETA: 2s - loss: 2.3613 - accuracy: 0.1002
441/844 [==============>...............] - ETA: 2s - loss: 2.3609 - accuracy: 0.1003
452/844 [===============>..............] - ETA: 2s - loss: 2.3611 - accuracy: 0.1000
464/844 [===============>..............] - ETA: 2s - loss: 2.3612 - accuracy: 0.1002
475/844 [===============>..............] - ETA: 1s - loss: 2.3611 - accuracy: 0.0999
486/844 [================>.............] - ETA: 1s - loss: 2.3608 - accuracy: 0.1000
497/844 [================>.............] - ETA: 1s - loss: 2.3613 - accuracy: 0.1001
509/844 [=================>............] - ETA: 1s - loss: 2.3617 - accuracy: 0.0993
521/844 [=================>............] - ETA: 1s - loss: 2.3619 - accuracy: 0.0989
533/844 [=================>............] - ETA: 1s - loss: 2.3618 - accuracy: 0.0990
545/844 [==================>...........] - ETA: 1s - loss: 2.3622 - accuracy: 0.0996
557/844 [==================>...........] - ETA: 1s - loss: 2.3629 - accuracy: 0.0994
569/844 [===================>..........] - ETA: 1s - loss: 2.3624 - accuracy: 0.0998
582/844 [===================>..........] - ETA: 1s - loss: 2.3629 - accuracy: 0.0994
594/844 [====================>.........] - ETA: 1s - loss: 2.3631 - accuracy: 0.0997
605/844 [====================>.........] - ETA: 1s - loss: 2.3632 - accuracy: 0.0996
617/844 [====================>.........] - ETA: 1s - loss: 2.3632 - accuracy: 0.0996
627/844 [=====================>........] - ETA: 1s - loss: 2.3627 - accuracy: 0.1001
639/844 [=====================>........] - ETA: 1s - loss: 2.3624 - accuracy: 0.0998
650/844 [======================>.......] - ETA: 1s - loss: 2.3619 - accuracy: 0.1000
663/844 [======================>.......] - ETA: 0s - loss: 2.3616 - accuracy: 0.1003
674/844 [======================>.......] - ETA: 0s - loss: 2.3613 - accuracy: 0.1005
685/844 [=======================>......] - ETA: 0s - loss: 2.3611 - accuracy: 0.1008
695/844 [=======================>......] - ETA: 0s - loss: 2.3614 - accuracy: 0.1006
706/844 [========================>.....] - ETA: 0s - loss: 2.3610 - accuracy: 0.1007
718/844 [========================>.....] - ETA: 0s - loss: 2.3607 - accuracy: 0.1006
729/844 [========================>.....] - ETA: 0s - loss: 2.3606 - accuracy: 0.1005
740/844 [=========================>....] - ETA: 0s - loss: 2.3604 - accuracy: 0.1004
753/844 [=========================>....] - ETA: 0s - loss: 2.3605 - accuracy: 0.1005
764/844 [==========================>...] - ETA: 0s - loss: 2.3607 - accuracy: 0.1006
777/844 [==========================>...] - ETA: 0s - loss: 2.3604 - accuracy: 0.1006
788/844 [===========================>..] - ETA: 0s - loss: 2.3600 - accuracy: 0.1007
799/844 [===========================>..] - ETA: 0s - loss: 2.3600 - accuracy: 0.1007
811/844 [===========================>..] - ETA: 0s - loss: 2.3600 - accuracy: 0.1005
822/844 [============================>.] - ETA: 0s - loss: 2.3599 - accuracy: 0.1005
833/844 [============================>.] - ETA: 0s - loss: 2.3607 - accuracy: 0.1003
843/844 [============================>.] - ETA: 0s - loss: 2.3610 - accuracy: 0.1001
844/844 [==============================] - 5s 6ms/step - loss: 2.3610 - accuracy: 0.1002 - val_loss: 2.4016 - val_accuracy: 0.1025
Epoch 9/56

  1/844 [..............................] - ETA: 0s - loss: 2.4287 - accuracy: 0.1562
 11/844 [..............................] - ETA: 5s - loss: 2.3857 - accuracy: 0.0952
 24/844 [..............................] - ETA: 4s - loss: 2.3819 - accuracy: 0.0931
 36/844 [>.............................] - ETA: 4s - loss: 2.3705 - accuracy: 0.0938
 48/844 [>.............................] - ETA: 4s - loss: 2.3659 - accuracy: 0.0964
 60/844 [=>............................] - ETA: 4s - loss: 2.3623 - accuracy: 0.0958
 71/844 [=>............................] - ETA: 4s - loss: 2.3622 - accuracy: 0.0960
 83/844 [=>............................] - ETA: 4s - loss: 2.3656 - accuracy: 0.0938
 94/844 [==>...........................] - ETA: 4s - loss: 2.3689 - accuracy: 0.0938
106/844 [==>...........................] - ETA: 3s - loss: 2.3709 - accuracy: 0.0967
118/844 [===>..........................] - ETA: 3s - loss: 2.3685 - accuracy: 0.0963
129/844 [===>..........................] - ETA: 3s - loss: 2.3692 - accuracy: 0.0968
141/844 [====>.........................] - ETA: 3s - loss: 2.3676 - accuracy: 0.0971
153/844 [====>.........................] - ETA: 3s - loss: 2.3663 - accuracy: 0.0976
164/844 [====>.........................] - ETA: 3s - loss: 2.3662 - accuracy: 0.0968
176/844 [=====>........................] - ETA: 3s - loss: 2.3646 - accuracy: 0.0962
187/844 [=====>........................] - ETA: 3s - loss: 2.3634 - accuracy: 0.0959
200/844 [======>.......................] - ETA: 3s - loss: 2.3626 - accuracy: 0.0970
211/844 [======>.......................] - ETA: 3s - loss: 2.3617 - accuracy: 0.0968
224/844 [======>.......................] - ETA: 3s - loss: 2.3627 - accuracy: 0.0973
235/844 [=======>......................] - ETA: 3s - loss: 2.3618 - accuracy: 0.0978
247/844 [=======>......................] - ETA: 3s - loss: 2.3619 - accuracy: 0.0979
258/844 [========>.....................] - ETA: 3s - loss: 2.3619 - accuracy: 0.0987
269/844 [========>.....................] - ETA: 3s - loss: 2.3626 - accuracy: 0.0985
282/844 [=========>....................] - ETA: 3s - loss: 2.3627 - accuracy: 0.0978
294/844 [=========>....................] - ETA: 2s - loss: 2.3620 - accuracy: 0.0982
306/844 [=========>....................] - ETA: 2s - loss: 2.3619 - accuracy: 0.0983
318/844 [==========>...................] - ETA: 2s - loss: 2.3626 - accuracy: 0.0990
330/844 [==========>...................] - ETA: 2s - loss: 2.3616 - accuracy: 0.0991
341/844 [===========>..................] - ETA: 2s - loss: 2.3614 - accuracy: 0.0991
353/844 [===========>..................] - ETA: 2s - loss: 2.3616 - accuracy: 0.0988
365/844 [===========>..................] - ETA: 2s - loss: 2.3613 - accuracy: 0.0993
374/844 [============>.................] - ETA: 2s - loss: 2.3610 - accuracy: 0.0993
384/844 [============>.................] - ETA: 2s - loss: 2.3611 - accuracy: 0.0991
395/844 [=============>................] - ETA: 2s - loss: 2.3612 - accuracy: 0.0987
407/844 [=============>................] - ETA: 2s - loss: 2.3619 - accuracy: 0.0982
418/844 [=============>................] - ETA: 2s - loss: 2.3618 - accuracy: 0.0984
430/844 [==============>...............] - ETA: 2s - loss: 2.3614 - accuracy: 0.0986
441/844 [==============>...............] - ETA: 2s - loss: 2.3612 - accuracy: 0.0981
453/844 [===============>..............] - ETA: 2s - loss: 2.3608 - accuracy: 0.0985
465/844 [===============>..............] - ETA: 2s - loss: 2.3609 - accuracy: 0.0989
476/844 [===============>..............] - ETA: 1s - loss: 2.3613 - accuracy: 0.0985
488/844 [================>.............] - ETA: 1s - loss: 2.3614 - accuracy: 0.0986
499/844 [================>.............] - ETA: 1s - loss: 2.3615 - accuracy: 0.0985
511/844 [=================>............] - ETA: 1s - loss: 2.3613 - accuracy: 0.0984
523/844 [=================>............] - ETA: 1s - loss: 2.3617 - accuracy: 0.0984
535/844 [==================>...........] - ETA: 1s - loss: 2.3617 - accuracy: 0.0987
548/844 [==================>...........] - ETA: 1s - loss: 2.3612 - accuracy: 0.0985
560/844 [==================>...........] - ETA: 1s - loss: 2.3609 - accuracy: 0.0984
571/844 [===================>..........] - ETA: 1s - loss: 2.3608 - accuracy: 0.0982
583/844 [===================>..........] - ETA: 1s - loss: 2.3609 - accuracy: 0.0986
595/844 [====================>.........] - ETA: 1s - loss: 2.3612 - accuracy: 0.0982
607/844 [====================>.........] - ETA: 1s - loss: 2.3608 - accuracy: 0.0983
619/844 [=====================>........] - ETA: 1s - loss: 2.3606 - accuracy: 0.0983
630/844 [=====================>........] - ETA: 1s - loss: 2.3602 - accuracy: 0.0984
641/844 [=====================>........] - ETA: 1s - loss: 2.3598 - accuracy: 0.0985
653/844 [======================>.......] - ETA: 1s - loss: 2.3598 - accuracy: 0.0984
665/844 [======================>.......] - ETA: 0s - loss: 2.3605 - accuracy: 0.0981
678/844 [=======================>......] - ETA: 0s - loss: 2.3604 - accuracy: 0.0981
689/844 [=======================>......] - ETA: 0s - loss: 2.3604 - accuracy: 0.0980
702/844 [=======================>......] - ETA: 0s - loss: 2.3606 - accuracy: 0.0982
714/844 [========================>.....] - ETA: 0s - loss: 2.3604 - accuracy: 0.0986
726/844 [========================>.....] - ETA: 0s - loss: 2.3604 - accuracy: 0.0986
738/844 [=========================>....] - ETA: 0s - loss: 2.3605 - accuracy: 0.0985
750/844 [=========================>....] - ETA: 0s - loss: 2.3607 - accuracy: 0.0985
762/844 [==========================>...] - ETA: 0s - loss: 2.3610 - accuracy: 0.0984
773/844 [==========================>...] - ETA: 0s - loss: 2.3612 - accuracy: 0.0983
785/844 [==========================>...] - ETA: 0s - loss: 2.3613 - accuracy: 0.0983
797/844 [===========================>..] - ETA: 0s - loss: 2.3612 - accuracy: 0.0982
809/844 [===========================>..] - ETA: 0s - loss: 2.3610 - accuracy: 0.0981
821/844 [============================>.] - ETA: 0s - loss: 2.3612 - accuracy: 0.0979
833/844 [============================>.] - ETA: 0s - loss: 2.3613 - accuracy: 0.0978
844/844 [==============================] - 5s 6ms/step - loss: 2.3610 - accuracy: 0.0979 - val_loss: 2.3257 - val_accuracy: 0.1087
Epoch 10/56

  1/844 [..............................] - ETA: 13s - loss: 2.3504 - accuracy: 0.1094
 15/844 [..............................] - ETA: 3s - loss: 2.3583 - accuracy: 0.1010 
 30/844 [>.............................] - ETA: 3s - loss: 2.3755 - accuracy: 0.0990
 42/844 [>.............................] - ETA: 3s - loss: 2.3697 - accuracy: 0.1016
 55/844 [>.............................] - ETA: 3s - loss: 2.3654 - accuracy: 0.1017
 67/844 [=>............................] - ETA: 3s - loss: 2.3604 - accuracy: 0.1017
 81/844 [=>............................] - ETA: 3s - loss: 2.3614 - accuracy: 0.0999
 96/844 [==>...........................] - ETA: 3s - loss: 2.3628 - accuracy: 0.1021
111/844 [==>...........................] - ETA: 3s - loss: 2.3692 - accuracy: 0.1028
125/844 [===>..........................] - ETA: 3s - loss: 2.3692 - accuracy: 0.1021
139/844 [===>..........................] - ETA: 3s - loss: 2.3671 - accuracy: 0.1026
156/844 [====>.........................] - ETA: 2s - loss: 2.3656 - accuracy: 0.1032
168/844 [====>.........................] - ETA: 2s - loss: 2.3657 - accuracy: 0.1036
180/844 [=====>........................] - ETA: 2s - loss: 2.3656 - accuracy: 0.1026
189/844 [=====>........................] - ETA: 2s - loss: 2.3666 - accuracy: 0.1019
200/844 [======>.......................] - ETA: 2s - loss: 2.3654 - accuracy: 0.1019
211/844 [======>.......................] - ETA: 2s - loss: 2.3634 - accuracy: 0.1028
222/844 [======>.......................] - ETA: 2s - loss: 2.3636 - accuracy: 0.1032
233/844 [=======>......................] - ETA: 2s - loss: 2.3647 - accuracy: 0.1028
245/844 [=======>......................] - ETA: 2s - loss: 2.3647 - accuracy: 0.1021
256/844 [========>.....................] - ETA: 2s - loss: 2.3646 - accuracy: 0.1017
268/844 [========>.....................] - ETA: 2s - loss: 2.3643 - accuracy: 0.1014
279/844 [========>.....................] - ETA: 2s - loss: 2.3640 - accuracy: 0.1015
291/844 [=========>....................] - ETA: 2s - loss: 2.3630 - accuracy: 0.1022
302/844 [=========>....................] - ETA: 2s - loss: 2.3618 - accuracy: 0.1023
314/844 [==========>...................] - ETA: 2s - loss: 2.3631 - accuracy: 0.1016
326/844 [==========>...................] - ETA: 2s - loss: 2.3637 - accuracy: 0.1014
337/844 [==========>...................] - ETA: 2s - loss: 2.3647 - accuracy: 0.1014
348/844 [===========>..................] - ETA: 2s - loss: 2.3656 - accuracy: 0.1014
360/844 [===========>..................] - ETA: 2s - loss: 2.3661 - accuracy: 0.1013
372/844 [============>.................] - ETA: 2s - loss: 2.3662 - accuracy: 0.1014
384/844 [============>.................] - ETA: 2s - loss: 2.3664 - accuracy: 0.1015
395/844 [=============>................] - ETA: 2s - loss: 2.3665 - accuracy: 0.1010
407/844 [=============>................] - ETA: 2s - loss: 2.3668 - accuracy: 0.1011
420/844 [=============>................] - ETA: 2s - loss: 2.3669 - accuracy: 0.1011
431/844 [==============>...............] - ETA: 2s - loss: 2.3668 - accuracy: 0.1012
443/844 [==============>...............] - ETA: 2s - loss: 2.3664 - accuracy: 0.1011
455/844 [===============>..............] - ETA: 1s - loss: 2.3663 - accuracy: 0.1015
466/844 [===============>..............] - ETA: 1s - loss: 2.3661 - accuracy: 0.1015
477/844 [===============>..............] - ETA: 1s - loss: 2.3656 - accuracy: 0.1015
489/844 [================>.............] - ETA: 1s - loss: 2.3649 - accuracy: 0.1015
501/844 [================>.............] - ETA: 1s - loss: 2.3650 - accuracy: 0.1013
513/844 [=================>............] - ETA: 1s - loss: 2.3646 - accuracy: 0.1013
524/844 [=================>............] - ETA: 1s - loss: 2.3647 - accuracy: 0.1012
536/844 [==================>...........] - ETA: 1s - loss: 2.3640 - accuracy: 0.1013
545/844 [==================>...........] - ETA: 1s - loss: 2.3637 - accuracy: 0.1011
554/844 [==================>...........] - ETA: 1s - loss: 2.3632 - accuracy: 0.1012
563/844 [===================>..........] - ETA: 1s - loss: 2.3629 - accuracy: 0.1015
574/844 [===================>..........] - ETA: 1s - loss: 2.3629 - accuracy: 0.1016
586/844 [===================>..........] - ETA: 1s - loss: 2.3626 - accuracy: 0.1017
598/844 [====================>.........] - ETA: 1s - loss: 2.3626 - accuracy: 0.1017
609/844 [====================>.........] - ETA: 1s - loss: 2.3626 - accuracy: 0.1020
621/844 [=====================>........] - ETA: 1s - loss: 2.3634 - accuracy: 0.1017
633/844 [=====================>........] - ETA: 1s - loss: 2.3635 - accuracy: 0.1014
644/844 [=====================>........] - ETA: 1s - loss: 2.3634 - accuracy: 0.1013
656/844 [======================>.......] - ETA: 0s - loss: 2.3632 - accuracy: 0.1011
668/844 [======================>.......] - ETA: 0s - loss: 2.3638 - accuracy: 0.1010
679/844 [=======================>......] - ETA: 0s - loss: 2.3639 - accuracy: 0.1006
691/844 [=======================>......] - ETA: 0s - loss: 2.3641 - accuracy: 0.1002
703/844 [=======================>......] - ETA: 0s - loss: 2.3640 - accuracy: 0.1001
715/844 [========================>.....] - ETA: 0s - loss: 2.3635 - accuracy: 0.1004
726/844 [========================>.....] - ETA: 0s - loss: 2.3636 - accuracy: 0.1005
738/844 [=========================>....] - ETA: 0s - loss: 2.3634 - accuracy: 0.1009
750/844 [=========================>....] - ETA: 0s - loss: 2.3632 - accuracy: 0.1010
762/844 [==========================>...] - ETA: 0s - loss: 2.3630 - accuracy: 0.1010
773/844 [==========================>...] - ETA: 0s - loss: 2.3628 - accuracy: 0.1012
784/844 [==========================>...] - ETA: 0s - loss: 2.3625 - accuracy: 0.1013
795/844 [===========================>..] - ETA: 0s - loss: 2.3626 - accuracy: 0.1013
807/844 [===========================>..] - ETA: 0s - loss: 2.3626 - accuracy: 0.1014
818/844 [============================>.] - ETA: 0s - loss: 2.3626 - accuracy: 0.1012
830/844 [============================>.] - ETA: 0s - loss: 2.3628 - accuracy: 0.1009
841/844 [============================>.] - ETA: 0s - loss: 2.3630 - accuracy: 0.1009
844/844 [==============================] - 5s 6ms/step - loss: 2.3630 - accuracy: 0.1008 - val_loss: 2.3450 - val_accuracy: 0.1025
Epoch 10: early stopping

  1/188 [..............................] - ETA: 5s - loss: 2.3206 - accuracy: 0.0938
 20/188 [==>...........................] - ETA: 0s - loss: 2.3476 - accuracy: 0.1078
 40/188 [=====>........................] - ETA: 0s - loss: 2.3480 - accuracy: 0.0984
 59/188 [========>.....................] - ETA: 0s - loss: 2.3466 - accuracy: 0.0985
 79/188 [===========>..................] - ETA: 0s - loss: 2.3481 - accuracy: 0.1017
 99/188 [==============>...............] - ETA: 0s - loss: 2.3443 - accuracy: 0.1064
120/188 [==================>...........] - ETA: 0s - loss: 2.3454 - accuracy: 0.1044
139/188 [=====================>........] - ETA: 0s - loss: 2.3481 - accuracy: 0.0998
158/188 [========================>.....] - ETA: 0s - loss: 2.3463 - accuracy: 0.1015
178/188 [===========================>..] - ETA: 0s - loss: 2.3457 - accuracy: 0.1031
188/188 [==============================] - 1s 3ms/step - loss: 2.3450 - accuracy: 0.1025
