2024-08-24 22:01:05.187594: I tensorflow/core/platform/cpu_feature_guard.cc:193] This TensorFlow binary is optimized with oneAPI Deep Neural Network Library (oneDNN) to use the following CPU instructions in performance-critical operations:  AVX AVX2
To enable them in other operations, rebuild TensorFlow with the appropriate compiler flags.
2024-08-24 22:01:06.108136: I tensorflow/core/common_runtime/gpu/gpu_device.cc:1616] Created device /job:localhost/replica:0/task:0/device:GPU:0 with 13575 MB memory:  -> device: 0, name: NVIDIA GeForce RTX 4060 Ti, pci bus id: 0000:01:00.0, compute capability: 8.9
1 Physical GPUs, 1 Logical GPUs
Fold:  0
Model: "sequential"
_________________________________________________________________
 Layer (type)                Output Shape              Param #   
=================================================================
 conv2d (Conv2D)             (None, 32, 32, 32)        896       
                                                                 
 dropout (Dropout)           (None, 32, 32, 32)        0         
                                                                 
 flatten (Flatten)           (None, 32768)             0         
                                                                 
 dense (Dense)               (None, 114)               3735666   
                                                                 
 dropout_1 (Dropout)         (None, 114)               0         
                                                                 
 dense_1 (Dense)             (None, 10)                1150      
                                                                 
=================================================================
Total params: 3,737,712
Trainable params: 3,737,712
Non-trainable params: 0
_________________________________________________________________
Taxa de aprendizado:  0.01 Num de épocas:  181 Tamanho do lote:  128 Dropout:  0.46
Epoch 1/181
2024-08-24 22:01:07.808720: I tensorflow/stream_executor/cuda/cuda_dnn.cc:384] Loaded cuDNN version 8100
2024-08-24 22:01:09.015396: W tensorflow/stream_executor/gpu/redzone_allocator.cc:314] INTERNAL: ptxas exited with non-zero error code -1, output: 
Relying on driver to perform ptx compilation. 
Modify $PATH to customize ptxas location.
This message will be only logged once.
2024-08-24 22:01:10.297715: I tensorflow/stream_executor/cuda/cuda_blas.cc:1614] TensorFloat-32 will be used for the matrix multiplication. This will only be logged once.

  1/422 [..............................] - ETA: 30:16 - loss: 2.4378 - accuracy: 0.0859
  9/422 [..............................] - ETA: 3s - loss: 3.3483 - accuracy: 0.1120   
 17/422 [>.............................] - ETA: 3s - loss: 3.1636 - accuracy: 0.1043
 26/422 [>.............................] - ETA: 2s - loss: 3.0217 - accuracy: 0.1121
 35/422 [=>............................] - ETA: 2s - loss: 2.9297 - accuracy: 0.1125
 43/422 [==>...........................] - ETA: 2s - loss: 2.8806 - accuracy: 0.1119
 52/422 [==>...........................] - ETA: 2s - loss: 2.8214 - accuracy: 0.1151
 61/422 [===>..........................] - ETA: 2s - loss: 2.7672 - accuracy: 0.1172
 70/422 [===>..........................] - ETA: 2s - loss: 2.7344 - accuracy: 0.1176
 80/422 [====>.........................] - ETA: 2s - loss: 2.7011 - accuracy: 0.1168
 88/422 [=====>........................] - ETA: 2s - loss: 2.6784 - accuracy: 0.1152
 97/422 [=====>........................] - ETA: 2s - loss: 2.6571 - accuracy: 0.1140
106/422 [======>.......................] - ETA: 2s - loss: 2.6375 - accuracy: 0.1122
114/422 [=======>......................] - ETA: 2s - loss: 2.6245 - accuracy: 0.1111
123/422 [=======>......................] - ETA: 2s - loss: 2.6086 - accuracy: 0.1103
133/422 [========>.....................] - ETA: 2s - loss: 2.5950 - accuracy: 0.1089
142/422 [=========>....................] - ETA: 1s - loss: 2.5816 - accuracy: 0.1089
151/422 [=========>....................] - ETA: 1s - loss: 2.5710 - accuracy: 0.1088
160/422 [==========>...................] - ETA: 1s - loss: 2.5613 - accuracy: 0.1082
169/422 [===========>..................] - ETA: 1s - loss: 2.5522 - accuracy: 0.1082
178/422 [===========>..................] - ETA: 1s - loss: 2.5450 - accuracy: 0.1074
186/422 [============>.................] - ETA: 1s - loss: 2.5389 - accuracy: 0.1069
196/422 [============>.................] - ETA: 1s - loss: 2.5307 - accuracy: 0.1066
204/422 [=============>................] - ETA: 1s - loss: 2.5240 - accuracy: 0.1064
209/422 [=============>................] - ETA: 1s - loss: 2.5202 - accuracy: 0.1062
216/422 [==============>...............] - ETA: 1s - loss: 2.5150 - accuracy: 0.1060
224/422 [==============>...............] - ETA: 1s - loss: 2.5101 - accuracy: 0.1056
233/422 [===============>..............] - ETA: 1s - loss: 2.5056 - accuracy: 0.1053
241/422 [================>.............] - ETA: 1s - loss: 2.5021 - accuracy: 0.1050
251/422 [================>.............] - ETA: 1s - loss: 2.4977 - accuracy: 0.1045
260/422 [=================>............] - ETA: 1s - loss: 2.4936 - accuracy: 0.1039
269/422 [==================>...........] - ETA: 1s - loss: 2.4897 - accuracy: 0.1036
278/422 [==================>...........] - ETA: 1s - loss: 2.4864 - accuracy: 0.1036
286/422 [===================>..........] - ETA: 0s - loss: 2.4831 - accuracy: 0.1036
293/422 [===================>..........] - ETA: 0s - loss: 2.4803 - accuracy: 0.1038
303/422 [====================>.........] - ETA: 0s - loss: 2.4779 - accuracy: 0.1037
312/422 [=====================>........] - ETA: 0s - loss: 2.4757 - accuracy: 0.1035
321/422 [=====================>........] - ETA: 0s - loss: 2.4728 - accuracy: 0.1032
330/422 [======================>.......] - ETA: 0s - loss: 2.4702 - accuracy: 0.1031
339/422 [=======================>......] - ETA: 0s - loss: 2.4690 - accuracy: 0.1029
348/422 [=======================>......] - ETA: 0s - loss: 2.4672 - accuracy: 0.1024
355/422 [========================>.....] - ETA: 0s - loss: 2.4657 - accuracy: 0.1020
364/422 [========================>.....] - ETA: 0s - loss: 2.4630 - accuracy: 0.1019
372/422 [=========================>....] - ETA: 0s - loss: 2.4614 - accuracy: 0.1018
382/422 [==========================>...] - ETA: 0s - loss: 2.4594 - accuracy: 0.1019
391/422 [==========================>...] - ETA: 0s - loss: 2.4574 - accuracy: 0.1019
400/422 [===========================>..] - ETA: 0s - loss: 2.4553 - accuracy: 0.1017
409/422 [============================>.] - ETA: 0s - loss: 2.4534 - accuracy: 0.1017
417/422 [============================>.] - ETA: 0s - loss: 2.4513 - accuracy: 0.1019
422/422 [==============================] - 8s 9ms/step - loss: 2.4503 - accuracy: 0.1019 - val_loss: 2.3392 - val_accuracy: 0.1017
Epoch 2/181

  1/422 [..............................] - ETA: 6s - loss: 2.3453 - accuracy: 0.1250
  9/422 [..............................] - ETA: 3s - loss: 2.3668 - accuracy: 0.1172
 18/422 [>.............................] - ETA: 2s - loss: 2.3757 - accuracy: 0.1102
 25/422 [>.............................] - ETA: 2s - loss: 2.3782 - accuracy: 0.1066
 34/422 [=>............................] - ETA: 2s - loss: 2.3804 - accuracy: 0.1039
 42/422 [=>............................] - ETA: 2s - loss: 2.3792 - accuracy: 0.1031
 51/422 [==>...........................] - ETA: 2s - loss: 2.3823 - accuracy: 0.0997
 60/422 [===>..........................] - ETA: 2s - loss: 2.3864 - accuracy: 0.0971
 69/422 [===>..........................] - ETA: 2s - loss: 2.3859 - accuracy: 0.0982
 78/422 [====>.........................] - ETA: 2s - loss: 2.3899 - accuracy: 0.0977
 88/422 [=====>........................] - ETA: 2s - loss: 2.3910 - accuracy: 0.0975
 96/422 [=====>........................] - ETA: 2s - loss: 2.3903 - accuracy: 0.0974
105/422 [======>.......................] - ETA: 2s - loss: 2.3887 - accuracy: 0.0975
113/422 [=======>......................] - ETA: 2s - loss: 2.3887 - accuracy: 0.0980
122/422 [=======>......................] - ETA: 2s - loss: 2.3880 - accuracy: 0.0984
131/422 [========>.....................] - ETA: 2s - loss: 2.3897 - accuracy: 0.0981
140/422 [========>.....................] - ETA: 1s - loss: 2.3907 - accuracy: 0.0974
149/422 [=========>....................] - ETA: 1s - loss: 2.3920 - accuracy: 0.0979
157/422 [==========>...................] - ETA: 1s - loss: 2.3911 - accuracy: 0.0976
167/422 [==========>...................] - ETA: 1s - loss: 2.3915 - accuracy: 0.0983
176/422 [===========>..................] - ETA: 1s - loss: 2.3915 - accuracy: 0.0981
185/422 [============>.................] - ETA: 1s - loss: 2.3916 - accuracy: 0.0989
193/422 [============>.................] - ETA: 1s - loss: 2.3908 - accuracy: 0.0989
202/422 [=============>................] - ETA: 1s - loss: 2.3895 - accuracy: 0.0990
210/422 [=============>................] - ETA: 1s - loss: 2.3882 - accuracy: 0.0994
219/422 [==============>...............] - ETA: 1s - loss: 2.3877 - accuracy: 0.0989
228/422 [===============>..............] - ETA: 1s - loss: 2.3869 - accuracy: 0.0988
237/422 [===============>..............] - ETA: 1s - loss: 2.3866 - accuracy: 0.0991
246/422 [================>.............] - ETA: 1s - loss: 2.3865 - accuracy: 0.0988
255/422 [=================>............] - ETA: 1s - loss: 2.3859 - accuracy: 0.0993
264/422 [=================>............] - ETA: 1s - loss: 2.3859 - accuracy: 0.0987
273/422 [==================>...........] - ETA: 1s - loss: 2.3853 - accuracy: 0.0992
281/422 [==================>...........] - ETA: 0s - loss: 2.3844 - accuracy: 0.0995
291/422 [===================>..........] - ETA: 0s - loss: 2.3832 - accuracy: 0.0997
300/422 [====================>.........] - ETA: 0s - loss: 2.3834 - accuracy: 0.0997
308/422 [====================>.........] - ETA: 0s - loss: 2.3831 - accuracy: 0.0999
317/422 [=====================>........] - ETA: 0s - loss: 2.3827 - accuracy: 0.1002
326/422 [======================>.......] - ETA: 0s - loss: 2.3833 - accuracy: 0.1002
335/422 [======================>.......] - ETA: 0s - loss: 2.3840 - accuracy: 0.0999
344/422 [=======================>......] - ETA: 0s - loss: 2.3842 - accuracy: 0.1000
351/422 [=======================>......] - ETA: 0s - loss: 2.3841 - accuracy: 0.1000
359/422 [========================>.....] - ETA: 0s - loss: 2.3837 - accuracy: 0.1000
368/422 [=========================>....] - ETA: 0s - loss: 2.3834 - accuracy: 0.1002
377/422 [=========================>....] - ETA: 0s - loss: 2.3829 - accuracy: 0.1000
385/422 [==========================>...] - ETA: 0s - loss: 2.3827 - accuracy: 0.1003
394/422 [===========================>..] - ETA: 0s - loss: 2.3827 - accuracy: 0.1005
403/422 [===========================>..] - ETA: 0s - loss: 2.3827 - accuracy: 0.1006
412/422 [============================>.] - ETA: 0s - loss: 2.3829 - accuracy: 0.1008
420/422 [============================>.] - ETA: 0s - loss: 2.3832 - accuracy: 0.1009
422/422 [==============================] - 4s 8ms/step - loss: 2.3832 - accuracy: 0.1009 - val_loss: 2.3777 - val_accuracy: 0.1018
Epoch 3/181

  1/422 [..............................] - ETA: 6s - loss: 2.4170 - accuracy: 0.0781
  9/422 [..............................] - ETA: 3s - loss: 2.4017 - accuracy: 0.1016
 18/422 [>.............................] - ETA: 2s - loss: 2.4001 - accuracy: 0.1016
 26/422 [>.............................] - ETA: 3s - loss: 2.3992 - accuracy: 0.1028
 35/422 [=>............................] - ETA: 2s - loss: 2.3951 - accuracy: 0.1056
 44/422 [==>...........................] - ETA: 2s - loss: 2.3925 - accuracy: 0.1037
 53/422 [==>...........................] - ETA: 2s - loss: 2.3896 - accuracy: 0.1013
 62/422 [===>..........................] - ETA: 2s - loss: 2.3909 - accuracy: 0.1004
 71/422 [====>.........................] - ETA: 2s - loss: 2.3867 - accuracy: 0.1010
 80/422 [====>.........................] - ETA: 2s - loss: 2.3873 - accuracy: 0.0999
 88/422 [=====>........................] - ETA: 2s - loss: 2.3911 - accuracy: 0.1017
 97/422 [=====>........................] - ETA: 2s - loss: 2.3932 - accuracy: 0.1015
105/422 [======>.......................] - ETA: 2s - loss: 2.3925 - accuracy: 0.1010
114/422 [=======>......................] - ETA: 2s - loss: 2.3931 - accuracy: 0.1012
122/422 [=======>......................] - ETA: 2s - loss: 2.3925 - accuracy: 0.1009
131/422 [========>.....................] - ETA: 2s - loss: 2.3912 - accuracy: 0.1007
140/422 [========>.....................] - ETA: 2s - loss: 2.3917 - accuracy: 0.0994
149/422 [=========>....................] - ETA: 1s - loss: 2.3919 - accuracy: 0.0983
158/422 [==========>...................] - ETA: 1s - loss: 2.3909 - accuracy: 0.0994
168/422 [==========>...................] - ETA: 1s - loss: 2.3909 - accuracy: 0.0979
177/422 [===========>..................] - ETA: 1s - loss: 2.3919 - accuracy: 0.0976
185/422 [============>.................] - ETA: 1s - loss: 2.3931 - accuracy: 0.0978
195/422 [============>.................] - ETA: 1s - loss: 2.3932 - accuracy: 0.0976
204/422 [=============>................] - ETA: 1s - loss: 2.3921 - accuracy: 0.0977
213/422 [==============>...............] - ETA: 1s - loss: 2.3908 - accuracy: 0.0981
222/422 [==============>...............] - ETA: 1s - loss: 2.3900 - accuracy: 0.0978
231/422 [===============>..............] - ETA: 1s - loss: 2.3893 - accuracy: 0.0982
240/422 [================>.............] - ETA: 1s - loss: 2.3887 - accuracy: 0.0981
248/422 [================>.............] - ETA: 1s - loss: 2.3882 - accuracy: 0.0977
257/422 [=================>............] - ETA: 1s - loss: 2.3878 - accuracy: 0.0976
266/422 [=================>............] - ETA: 1s - loss: 2.3879 - accuracy: 0.0974
275/422 [==================>...........] - ETA: 1s - loss: 2.3884 - accuracy: 0.0974
284/422 [===================>..........] - ETA: 0s - loss: 2.3879 - accuracy: 0.0965
293/422 [===================>..........] - ETA: 0s - loss: 2.3872 - accuracy: 0.0965
302/422 [====================>.........] - ETA: 0s - loss: 2.3868 - accuracy: 0.0964
311/422 [=====================>........] - ETA: 0s - loss: 2.3871 - accuracy: 0.0965
320/422 [=====================>........] - ETA: 0s - loss: 2.3873 - accuracy: 0.0963
329/422 [======================>.......] - ETA: 0s - loss: 2.3866 - accuracy: 0.0962
337/422 [======================>.......] - ETA: 0s - loss: 2.3865 - accuracy: 0.0960
346/422 [=======================>......] - ETA: 0s - loss: 2.3869 - accuracy: 0.0965
356/422 [========================>.....] - ETA: 0s - loss: 2.3870 - accuracy: 0.0967
365/422 [========================>.....] - ETA: 0s - loss: 2.3872 - accuracy: 0.0971
373/422 [=========================>....] - ETA: 0s - loss: 2.3872 - accuracy: 0.0969
383/422 [==========================>...] - ETA: 0s - loss: 2.3869 - accuracy: 0.0972
392/422 [==========================>...] - ETA: 0s - loss: 2.3869 - accuracy: 0.0969
401/422 [===========================>..] - ETA: 0s - loss: 2.3861 - accuracy: 0.0973
410/422 [============================>.] - ETA: 0s - loss: 2.3856 - accuracy: 0.0976
417/422 [============================>.] - ETA: 0s - loss: 2.3857 - accuracy: 0.0973
422/422 [==============================] - 4s 8ms/step - loss: 2.3856 - accuracy: 0.0974 - val_loss: 2.3326 - val_accuracy: 0.0967
Epoch 4/181

  1/422 [..............................] - ETA: 6s - loss: 2.3805 - accuracy: 0.0625
  9/422 [..............................] - ETA: 3s - loss: 2.3659 - accuracy: 0.0938
 17/422 [>.............................] - ETA: 3s - loss: 2.3705 - accuracy: 0.0942
 27/422 [>.............................] - ETA: 2s - loss: 2.3867 - accuracy: 0.0932
 35/422 [=>............................] - ETA: 2s - loss: 2.3890 - accuracy: 0.0953
 44/422 [==>...........................] - ETA: 2s - loss: 2.3850 - accuracy: 0.0968
 53/422 [==>...........................] - ETA: 2s - loss: 2.3885 - accuracy: 0.0977
 60/422 [===>..........................] - ETA: 2s - loss: 2.3884 - accuracy: 0.0975
 69/422 [===>..........................] - ETA: 2s - loss: 2.3927 - accuracy: 0.0953
 78/422 [====>.........................] - ETA: 2s - loss: 2.3931 - accuracy: 0.0962
 87/422 [=====>........................] - ETA: 2s - loss: 2.3925 - accuracy: 0.0973
 96/422 [=====>........................] - ETA: 2s - loss: 2.3923 - accuracy: 0.0968
105/422 [======>.......................] - ETA: 2s - loss: 2.3923 - accuracy: 0.0965
114/422 [=======>......................] - ETA: 2s - loss: 2.3914 - accuracy: 0.0966
122/422 [=======>......................] - ETA: 2s - loss: 2.3905 - accuracy: 0.0962
132/422 [========>.....................] - ETA: 2s - loss: 2.3908 - accuracy: 0.0956
141/422 [=========>....................] - ETA: 1s - loss: 2.3907 - accuracy: 0.0956
150/422 [=========>....................] - ETA: 1s - loss: 2.3894 - accuracy: 0.0968
159/422 [==========>...................] - ETA: 1s - loss: 2.3887 - accuracy: 0.0969
168/422 [==========>...................] - ETA: 1s - loss: 2.3872 - accuracy: 0.0975
177/422 [===========>..................] - ETA: 1s - loss: 2.3880 - accuracy: 0.0971
186/422 [============>.................] - ETA: 1s - loss: 2.3887 - accuracy: 0.0972
195/422 [============>.................] - ETA: 1s - loss: 2.3885 - accuracy: 0.0975
204/422 [=============>................] - ETA: 1s - loss: 2.3881 - accuracy: 0.0970
213/422 [==============>...............] - ETA: 1s - loss: 2.3879 - accuracy: 0.0969
220/422 [==============>...............] - ETA: 1s - loss: 2.3877 - accuracy: 0.0968
228/422 [===============>..............] - ETA: 1s - loss: 2.3866 - accuracy: 0.0974
237/422 [===============>..............] - ETA: 1s - loss: 2.3865 - accuracy: 0.0975
245/422 [================>.............] - ETA: 1s - loss: 2.3867 - accuracy: 0.0975
254/422 [=================>............] - ETA: 1s - loss: 2.3862 - accuracy: 0.0976
263/422 [=================>............] - ETA: 1s - loss: 2.3856 - accuracy: 0.0975
272/422 [==================>...........] - ETA: 1s - loss: 2.3849 - accuracy: 0.0973
280/422 [==================>...........] - ETA: 1s - loss: 2.3851 - accuracy: 0.0974
290/422 [===================>..........] - ETA: 0s - loss: 2.3855 - accuracy: 0.0971
298/422 [====================>.........] - ETA: 0s - loss: 2.3853 - accuracy: 0.0973
307/422 [====================>.........] - ETA: 0s - loss: 2.3847 - accuracy: 0.0981
316/422 [=====================>........] - ETA: 0s - loss: 2.3856 - accuracy: 0.0980
325/422 [======================>.......] - ETA: 0s - loss: 2.3858 - accuracy: 0.0984
333/422 [======================>.......] - ETA: 0s - loss: 2.3863 - accuracy: 0.0987
342/422 [=======================>......] - ETA: 0s - loss: 2.3870 - accuracy: 0.0984
351/422 [=======================>......] - ETA: 0s - loss: 2.3875 - accuracy: 0.0982
359/422 [========================>.....] - ETA: 0s - loss: 2.3879 - accuracy: 0.0981
368/422 [=========================>....] - ETA: 0s - loss: 2.3871 - accuracy: 0.0985
377/422 [=========================>....] - ETA: 0s - loss: 2.3870 - accuracy: 0.0985
385/422 [==========================>...] - ETA: 0s - loss: 2.3873 - accuracy: 0.0989
394/422 [===========================>..] - ETA: 0s - loss: 2.3883 - accuracy: 0.0988
404/422 [===========================>..] - ETA: 0s - loss: 2.3888 - accuracy: 0.0988
412/422 [============================>.] - ETA: 0s - loss: 2.3889 - accuracy: 0.0991
421/422 [============================>.] - ETA: 0s - loss: 2.3886 - accuracy: 0.0990
422/422 [==============================] - 4s 8ms/step - loss: 2.3886 - accuracy: 0.0991 - val_loss: 2.3208 - val_accuracy: 0.1017
Epoch 5/181

  1/422 [..............................] - ETA: 6s - loss: 2.3639 - accuracy: 0.1172
  9/422 [..............................] - ETA: 3s - loss: 2.3619 - accuracy: 0.0946
 19/422 [>.............................] - ETA: 2s - loss: 2.3684 - accuracy: 0.0999
 28/422 [>.............................] - ETA: 2s - loss: 2.3815 - accuracy: 0.0987
 37/422 [=>............................] - ETA: 2s - loss: 2.3830 - accuracy: 0.0975
 46/422 [==>...........................] - ETA: 2s - loss: 2.3852 - accuracy: 0.0981
 55/422 [==>...........................] - ETA: 2s - loss: 2.3835 - accuracy: 0.0982
 64/422 [===>..........................] - ETA: 2s - loss: 2.3798 - accuracy: 0.0985
 73/422 [====>.........................] - ETA: 2s - loss: 2.3796 - accuracy: 0.0971
 82/422 [====>.........................] - ETA: 2s - loss: 2.3761 - accuracy: 0.0984
 91/422 [=====>........................] - ETA: 2s - loss: 2.3766 - accuracy: 0.0988
100/422 [======>.......................] - ETA: 2s - loss: 2.3774 - accuracy: 0.0994
109/422 [======>.......................] - ETA: 2s - loss: 2.3779 - accuracy: 0.1005
116/422 [=======>......................] - ETA: 2s - loss: 2.3781 - accuracy: 0.1004
125/422 [=======>......................] - ETA: 2s - loss: 2.3779 - accuracy: 0.1009
134/422 [========>.....................] - ETA: 1s - loss: 2.3843 - accuracy: 0.1003
142/422 [=========>....................] - ETA: 1s - loss: 2.3856 - accuracy: 0.0997
150/422 [=========>....................] - ETA: 1s - loss: 2.3859 - accuracy: 0.0990
159/422 [==========>...................] - ETA: 1s - loss: 2.3855 - accuracy: 0.0989
168/422 [==========>...................] - ETA: 1s - loss: 2.3864 - accuracy: 0.0990
177/422 [===========>..................] - ETA: 1s - loss: 2.3881 - accuracy: 0.0993
186/422 [============>.................] - ETA: 1s - loss: 2.3885 - accuracy: 0.0990
195/422 [============>.................] - ETA: 1s - loss: 2.3876 - accuracy: 0.0992
204/422 [=============>................] - ETA: 1s - loss: 2.3879 - accuracy: 0.0994
213/422 [==============>...............] - ETA: 1s - loss: 2.3871 - accuracy: 0.0995
222/422 [==============>...............] - ETA: 1s - loss: 2.3866 - accuracy: 0.0994
231/422 [===============>..............] - ETA: 1s - loss: 2.3863 - accuracy: 0.0987
240/422 [================>.............] - ETA: 1s - loss: 2.3848 - accuracy: 0.0991
249/422 [================>.............] - ETA: 1s - loss: 2.3837 - accuracy: 0.0994
257/422 [=================>............] - ETA: 1s - loss: 2.3838 - accuracy: 0.0997
266/422 [=================>............] - ETA: 1s - loss: 2.3836 - accuracy: 0.1000
275/422 [==================>...........] - ETA: 1s - loss: 2.3838 - accuracy: 0.1006
284/422 [===================>..........] - ETA: 0s - loss: 2.3835 - accuracy: 0.1009
292/422 [===================>..........] - ETA: 0s - loss: 2.3844 - accuracy: 0.1009
301/422 [====================>.........] - ETA: 0s - loss: 2.3840 - accuracy: 0.1008
310/422 [=====================>........] - ETA: 0s - loss: 2.3843 - accuracy: 0.1005
318/422 [=====================>........] - ETA: 0s - loss: 2.3843 - accuracy: 0.1007
326/422 [======================>.......] - ETA: 0s - loss: 2.3844 - accuracy: 0.1002
335/422 [======================>.......] - ETA: 0s - loss: 2.3849 - accuracy: 0.0999
344/422 [=======================>......] - ETA: 0s - loss: 2.3853 - accuracy: 0.0997
354/422 [========================>.....] - ETA: 0s - loss: 2.3856 - accuracy: 0.0999
363/422 [========================>.....] - ETA: 0s - loss: 2.3863 - accuracy: 0.0999
372/422 [=========================>....] - ETA: 0s - loss: 2.3872 - accuracy: 0.1000
381/422 [==========================>...] - ETA: 0s - loss: 2.3875 - accuracy: 0.0999
390/422 [==========================>...] - ETA: 0s - loss: 2.3872 - accuracy: 0.1002
398/422 [===========================>..] - ETA: 0s - loss: 2.3873 - accuracy: 0.0999
407/422 [===========================>..] - ETA: 0s - loss: 2.3870 - accuracy: 0.1000
416/422 [============================>.] - ETA: 0s - loss: 2.3864 - accuracy: 0.1000
422/422 [==============================] - 4s 8ms/step - loss: 2.3865 - accuracy: 0.0999 - val_loss: 2.3638 - val_accuracy: 0.0995
Epoch 6/181

  1/422 [..............................] - ETA: 6s - loss: 2.4044 - accuracy: 0.1016
  8/422 [..............................] - ETA: 3s - loss: 2.3823 - accuracy: 0.1113
 17/422 [>.............................] - ETA: 3s - loss: 2.3860 - accuracy: 0.1066
 26/422 [>.............................] - ETA: 2s - loss: 2.3828 - accuracy: 0.1034
 35/422 [=>............................] - ETA: 2s - loss: 2.3765 - accuracy: 0.1025
 44/422 [==>...........................] - ETA: 2s - loss: 2.3835 - accuracy: 0.1010
 53/422 [==>...........................] - ETA: 2s - loss: 2.3843 - accuracy: 0.1020
 62/422 [===>..........................] - ETA: 2s - loss: 2.3804 - accuracy: 0.1016
 71/422 [====>.........................] - ETA: 2s - loss: 2.3795 - accuracy: 0.0999
 80/422 [====>.........................] - ETA: 2s - loss: 2.3792 - accuracy: 0.0996
 89/422 [=====>........................] - ETA: 2s - loss: 2.3778 - accuracy: 0.0985
 98/422 [=====>........................] - ETA: 2s - loss: 2.3759 - accuracy: 0.0985
107/422 [======>.......................] - ETA: 2s - loss: 2.3746 - accuracy: 0.0996
115/422 [=======>......................] - ETA: 2s - loss: 2.3756 - accuracy: 0.0995
124/422 [=======>......................] - ETA: 2s - loss: 2.3775 - accuracy: 0.0981
133/422 [========>.....................] - ETA: 2s - loss: 2.3773 - accuracy: 0.0989
143/422 [=========>....................] - ETA: 1s - loss: 2.3763 - accuracy: 0.0984
152/422 [=========>....................] - ETA: 1s - loss: 2.3782 - accuracy: 0.0992
159/422 [==========>...................] - ETA: 1s - loss: 2.3789 - accuracy: 0.1001
168/422 [==========>...................] - ETA: 1s - loss: 2.3799 - accuracy: 0.1004
176/422 [===========>..................] - ETA: 1s - loss: 2.3806 - accuracy: 0.1001
184/422 [============>.................] - ETA: 1s - loss: 2.3807 - accuracy: 0.0995
194/422 [============>.................] - ETA: 1s - loss: 2.3818 - accuracy: 0.0988
203/422 [=============>................] - ETA: 1s - loss: 2.3840 - accuracy: 0.0988
211/422 [==============>...............] - ETA: 1s - loss: 2.3846 - accuracy: 0.0993
219/422 [==============>...............] - ETA: 1s - loss: 2.3849 - accuracy: 0.0988
228/422 [===============>..............] - ETA: 1s - loss: 2.3843 - accuracy: 0.0996
237/422 [===============>..............] - ETA: 1s - loss: 2.3854 - accuracy: 0.0996
245/422 [================>.............] - ETA: 1s - loss: 2.3857 - accuracy: 0.0999
255/422 [=================>............] - ETA: 1s - loss: 2.3854 - accuracy: 0.1006
263/422 [=================>............] - ETA: 1s - loss: 2.3851 - accuracy: 0.1010
272/422 [==================>...........] - ETA: 1s - loss: 2.3852 - accuracy: 0.1010
281/422 [==================>...........] - ETA: 0s - loss: 2.3857 - accuracy: 0.1007
290/422 [===================>..........] - ETA: 0s - loss: 2.3859 - accuracy: 0.1000
299/422 [====================>.........] - ETA: 0s - loss: 2.3859 - accuracy: 0.0999
307/422 [====================>.........] - ETA: 0s - loss: 2.3861 - accuracy: 0.0999
315/422 [=====================>........] - ETA: 0s - loss: 2.3865 - accuracy: 0.1002
324/422 [======================>.......] - ETA: 0s - loss: 2.3862 - accuracy: 0.1001
332/422 [======================>.......] - ETA: 0s - loss: 2.3864 - accuracy: 0.1002
341/422 [=======================>......] - ETA: 0s - loss: 2.3873 - accuracy: 0.1003
349/422 [=======================>......] - ETA: 0s - loss: 2.3876 - accuracy: 0.1000
358/422 [========================>.....] - ETA: 0s - loss: 2.3884 - accuracy: 0.1000
368/422 [=========================>....] - ETA: 0s - loss: 2.3879 - accuracy: 0.1001
377/422 [=========================>....] - ETA: 0s - loss: 2.3882 - accuracy: 0.1000
385/422 [==========================>...] - ETA: 0s - loss: 2.3880 - accuracy: 0.1005
394/422 [===========================>..] - ETA: 0s - loss: 2.3882 - accuracy: 0.1007
403/422 [===========================>..] - ETA: 0s - loss: 2.3882 - accuracy: 0.1005
412/422 [============================>.] - ETA: 0s - loss: 2.3879 - accuracy: 0.1006
418/422 [============================>.] - ETA: 0s - loss: 2.3877 - accuracy: 0.1005
422/422 [==============================] - 4s 9ms/step - loss: 2.3875 - accuracy: 0.1006 - val_loss: 2.3374 - val_accuracy: 0.0995
Epoch 7/181

  1/422 [..............................] - ETA: 6s - loss: 2.3722 - accuracy: 0.1250
  9/422 [..............................] - ETA: 3s - loss: 2.3696 - accuracy: 0.1042
 18/422 [>.............................] - ETA: 2s - loss: 2.3660 - accuracy: 0.1068
 28/422 [>.............................] - ETA: 2s - loss: 2.3753 - accuracy: 0.1060
 37/422 [=>............................] - ETA: 2s - loss: 2.3786 - accuracy: 0.1030
 45/422 [==>...........................] - ETA: 2s - loss: 2.3780 - accuracy: 0.1061
 54/422 [==>...........................] - ETA: 2s - loss: 2.3809 - accuracy: 0.1036
 62/422 [===>..........................] - ETA: 2s - loss: 2.3799 - accuracy: 0.1017
 71/422 [====>.........................] - ETA: 2s - loss: 2.3789 - accuracy: 0.0996
 80/422 [====>.........................] - ETA: 2s - loss: 2.3808 - accuracy: 0.0993
 90/422 [=====>........................] - ETA: 2s - loss: 2.3837 - accuracy: 0.0977
 99/422 [======>.......................] - ETA: 2s - loss: 2.3868 - accuracy: 0.0975
107/422 [======>.......................] - ETA: 2s - loss: 2.3869 - accuracy: 0.0985
114/422 [=======>......................] - ETA: 2s - loss: 2.3876 - accuracy: 0.0979
123/422 [=======>......................] - ETA: 2s - loss: 2.3873 - accuracy: 0.0989
132/422 [========>.....................] - ETA: 2s - loss: 2.3866 - accuracy: 0.0992
141/422 [=========>....................] - ETA: 1s - loss: 2.3873 - accuracy: 0.0982
150/422 [=========>....................] - ETA: 1s - loss: 2.3868 - accuracy: 0.0985
159/422 [==========>...................] - ETA: 1s - loss: 2.3855 - accuracy: 0.0987
169/422 [===========>..................] - ETA: 1s - loss: 2.3862 - accuracy: 0.0992
177/422 [===========>..................] - ETA: 1s - loss: 2.3869 - accuracy: 0.0989
186/422 [============>.................] - ETA: 1s - loss: 2.3864 - accuracy: 0.0984
195/422 [============>.................] - ETA: 1s - loss: 2.3858 - accuracy: 0.0988
204/422 [=============>................] - ETA: 1s - loss: 2.3870 - accuracy: 0.0989
212/422 [==============>...............] - ETA: 1s - loss: 2.3874 - accuracy: 0.0990
221/422 [==============>...............] - ETA: 1s - loss: 2.3905 - accuracy: 0.0987
230/422 [===============>..............] - ETA: 1s - loss: 2.3918 - accuracy: 0.0987
239/422 [===============>..............] - ETA: 1s - loss: 2.3921 - accuracy: 0.0991
248/422 [================>.............] - ETA: 1s - loss: 2.3916 - accuracy: 0.0989
258/422 [=================>............] - ETA: 1s - loss: 2.3910 - accuracy: 0.0994
266/422 [=================>............] - ETA: 1s - loss: 2.3918 - accuracy: 0.0994
274/422 [==================>...........] - ETA: 1s - loss: 2.3914 - accuracy: 0.0996
284/422 [===================>..........] - ETA: 0s - loss: 2.3911 - accuracy: 0.0994
293/422 [===================>..........] - ETA: 0s - loss: 2.3909 - accuracy: 0.0992
302/422 [====================>.........] - ETA: 0s - loss: 2.3908 - accuracy: 0.0990
311/422 [=====================>........] - ETA: 0s - loss: 2.3904 - accuracy: 0.0987
320/422 [=====================>........] - ETA: 0s - loss: 2.3898 - accuracy: 0.0988
329/422 [======================>.......] - ETA: 0s - loss: 2.3896 - accuracy: 0.0990
337/422 [======================>.......] - ETA: 0s - loss: 2.3895 - accuracy: 0.0991
346/422 [=======================>......] - ETA: 0s - loss: 2.3900 - accuracy: 0.0993
355/422 [========================>.....] - ETA: 0s - loss: 2.3897 - accuracy: 0.0993
364/422 [========================>.....] - ETA: 0s - loss: 2.3894 - accuracy: 0.0998
373/422 [=========================>....] - ETA: 0s - loss: 2.3902 - accuracy: 0.0992
382/422 [==========================>...] - ETA: 0s - loss: 2.3912 - accuracy: 0.0990
391/422 [==========================>...] - ETA: 0s - loss: 2.3910 - accuracy: 0.0991
400/422 [===========================>..] - ETA: 0s - loss: 2.3907 - accuracy: 0.0990
408/422 [============================>.] - ETA: 0s - loss: 2.3909 - accuracy: 0.0989
414/422 [============================>.] - ETA: 0s - loss: 2.3903 - accuracy: 0.0989
422/422 [==============================] - 4s 8ms/step - loss: 2.3905 - accuracy: 0.0989 - val_loss: 2.3739 - val_accuracy: 0.0972
Epoch 8/181

  1/422 [..............................] - ETA: 6s - loss: 2.3961 - accuracy: 0.0859
  8/422 [..............................] - ETA: 3s - loss: 2.4043 - accuracy: 0.0977
 18/422 [>.............................] - ETA: 2s - loss: 2.4077 - accuracy: 0.0942
 27/422 [>.............................] - ETA: 2s - loss: 2.4077 - accuracy: 0.0932
 35/422 [=>............................] - ETA: 2s - loss: 2.4032 - accuracy: 0.0958
 44/422 [==>...........................] - ETA: 2s - loss: 2.3942 - accuracy: 0.0998
 52/422 [==>...........................] - ETA: 2s - loss: 2.3954 - accuracy: 0.0984
 61/422 [===>..........................] - ETA: 2s - loss: 2.3961 - accuracy: 0.0990
 71/422 [====>.........................] - ETA: 2s - loss: 2.3977 - accuracy: 0.0991
 80/422 [====>.........................] - ETA: 2s - loss: 2.3949 - accuracy: 0.0992
 89/422 [=====>........................] - ETA: 2s - loss: 2.3954 - accuracy: 0.0984
 98/422 [=====>........................] - ETA: 2s - loss: 2.3954 - accuracy: 0.0977
106/422 [======>.......................] - ETA: 2s - loss: 2.3960 - accuracy: 0.0976
115/422 [=======>......................] - ETA: 2s - loss: 2.3976 - accuracy: 0.0973
124/422 [=======>......................] - ETA: 2s - loss: 2.3954 - accuracy: 0.0976
133/422 [========>.....................] - ETA: 2s - loss: 2.3959 - accuracy: 0.0975
142/422 [=========>....................] - ETA: 1s - loss: 2.3950 - accuracy: 0.0976
151/422 [=========>....................] - ETA: 1s - loss: 2.3963 - accuracy: 0.0971
159/422 [==========>...................] - ETA: 1s - loss: 2.3965 - accuracy: 0.0975
168/422 [==========>...................] - ETA: 1s - loss: 2.3954 - accuracy: 0.0978
177/422 [===========>..................] - ETA: 1s - loss: 2.3946 - accuracy: 0.0974
186/422 [============>.................] - ETA: 1s - loss: 2.3944 - accuracy: 0.0978
195/422 [============>.................] - ETA: 1s - loss: 2.3938 - accuracy: 0.0982
204/422 [=============>................] - ETA: 1s - loss: 2.3949 - accuracy: 0.0981
211/422 [==============>...............] - ETA: 1s - loss: 2.3943 - accuracy: 0.0985
219/422 [==============>...............] - ETA: 1s - loss: 2.3935 - accuracy: 0.0986
228/422 [===============>..............] - ETA: 1s - loss: 2.3929 - accuracy: 0.0987
237/422 [===============>..............] - ETA: 1s - loss: 2.3921 - accuracy: 0.0991
246/422 [================>.............] - ETA: 1s - loss: 2.3907 - accuracy: 0.0997
255/422 [=================>............] - ETA: 1s - loss: 2.3900 - accuracy: 0.0998
264/422 [=================>............] - ETA: 1s - loss: 2.3887 - accuracy: 0.1001
273/422 [==================>...........] - ETA: 1s - loss: 2.3885 - accuracy: 0.0999
282/422 [===================>..........] - ETA: 0s - loss: 2.3886 - accuracy: 0.0998
291/422 [===================>..........] - ETA: 0s - loss: 2.3892 - accuracy: 0.1000
299/422 [====================>.........] - ETA: 0s - loss: 2.3888 - accuracy: 0.0999
308/422 [====================>.........] - ETA: 0s - loss: 2.3887 - accuracy: 0.0998
317/422 [=====================>........] - ETA: 0s - loss: 2.3888 - accuracy: 0.0997
325/422 [======================>.......] - ETA: 0s - loss: 2.3896 - accuracy: 0.0996
335/422 [======================>.......] - ETA: 0s - loss: 2.3897 - accuracy: 0.0995
344/422 [=======================>......] - ETA: 0s - loss: 2.3898 - accuracy: 0.0993
352/422 [========================>.....] - ETA: 0s - loss: 2.3908 - accuracy: 0.0992
362/422 [========================>.....] - ETA: 0s - loss: 2.3904 - accuracy: 0.0995
370/422 [=========================>....] - ETA: 0s - loss: 2.3904 - accuracy: 0.0993
379/422 [=========================>....] - ETA: 0s - loss: 2.3901 - accuracy: 0.0993
388/422 [==========================>...] - ETA: 0s - loss: 2.3896 - accuracy: 0.0991
397/422 [===========================>..] - ETA: 0s - loss: 2.3892 - accuracy: 0.0989
406/422 [===========================>..] - ETA: 0s - loss: 2.3886 - accuracy: 0.0989
414/422 [============================>.] - ETA: 0s - loss: 2.3883 - accuracy: 0.0990
422/422 [==============================] - 4s 8ms/step - loss: 2.3884 - accuracy: 0.0990 - val_loss: 2.3376 - val_accuracy: 0.1032
Epoch 9/181

  1/422 [..............................] - ETA: 6s - loss: 2.3886 - accuracy: 0.0625
  9/422 [..............................] - ETA: 3s - loss: 2.3681 - accuracy: 0.0981
 18/422 [>.............................] - ETA: 2s - loss: 2.3594 - accuracy: 0.0994
 28/422 [>.............................] - ETA: 2s - loss: 2.3625 - accuracy: 0.0977
 36/422 [=>............................] - ETA: 2s - loss: 2.3688 - accuracy: 0.1003
 45/422 [==>...........................] - ETA: 2s - loss: 2.3736 - accuracy: 0.0984
 54/422 [==>...........................] - ETA: 2s - loss: 2.3782 - accuracy: 0.0978
 62/422 [===>..........................] - ETA: 2s - loss: 2.3785 - accuracy: 0.0983
 71/422 [====>.........................] - ETA: 2s - loss: 2.3776 - accuracy: 0.0982
 80/422 [====>.........................] - ETA: 2s - loss: 2.3757 - accuracy: 0.0979
 89/422 [=====>........................] - ETA: 2s - loss: 2.3750 - accuracy: 0.0976
 98/422 [=====>........................] - ETA: 2s - loss: 2.3741 - accuracy: 0.0986
107/422 [======>.......................] - ETA: 2s - loss: 2.3727 - accuracy: 0.0988
115/422 [=======>......................] - ETA: 2s - loss: 2.3743 - accuracy: 0.1000
124/422 [=======>......................] - ETA: 2s - loss: 2.3768 - accuracy: 0.1004
133/422 [========>.....................] - ETA: 2s - loss: 2.3777 - accuracy: 0.1008
142/422 [=========>....................] - ETA: 1s - loss: 2.3781 - accuracy: 0.1011
151/422 [=========>....................] - ETA: 1s - loss: 2.3773 - accuracy: 0.1005
159/422 [==========>...................] - ETA: 1s - loss: 2.3775 - accuracy: 0.0997
168/422 [==========>...................] - ETA: 1s - loss: 2.3773 - accuracy: 0.0996
178/422 [===========>..................] - ETA: 1s - loss: 2.3762 - accuracy: 0.0995
186/422 [============>.................] - ETA: 1s - loss: 2.3766 - accuracy: 0.0988
195/422 [============>.................] - ETA: 1s - loss: 2.3763 - accuracy: 0.0985
204/422 [=============>................] - ETA: 1s - loss: 2.3763 - accuracy: 0.0988
213/422 [==============>...............] - ETA: 1s - loss: 2.3765 - accuracy: 0.0988
222/422 [==============>...............] - ETA: 1s - loss: 2.3780 - accuracy: 0.0992
231/422 [===============>..............] - ETA: 1s - loss: 2.3779 - accuracy: 0.0993
240/422 [================>.............] - ETA: 1s - loss: 2.3783 - accuracy: 0.0987
249/422 [================>.............] - ETA: 1s - loss: 2.3785 - accuracy: 0.0989
258/422 [=================>............] - ETA: 1s - loss: 2.3793 - accuracy: 0.0988
267/422 [=================>............] - ETA: 1s - loss: 2.3796 - accuracy: 0.0993
276/422 [==================>...........] - ETA: 1s - loss: 2.3799 - accuracy: 0.0992
285/422 [===================>..........] - ETA: 0s - loss: 2.3797 - accuracy: 0.0994
293/422 [===================>..........] - ETA: 0s - loss: 2.3803 - accuracy: 0.0993
302/422 [====================>.........] - ETA: 0s - loss: 2.3801 - accuracy: 0.0999
311/422 [=====================>........] - ETA: 0s - loss: 2.3800 - accuracy: 0.1001
320/422 [=====================>........] - ETA: 0s - loss: 2.3804 - accuracy: 0.0998
329/422 [======================>.......] - ETA: 0s - loss: 2.3806 - accuracy: 0.0997
338/422 [=======================>......] - ETA: 0s - loss: 2.3810 - accuracy: 0.0995
347/422 [=======================>......] - ETA: 0s - loss: 2.3812 - accuracy: 0.0996
356/422 [========================>.....] - ETA: 0s - loss: 2.3810 - accuracy: 0.0996
365/422 [========================>.....] - ETA: 0s - loss: 2.3818 - accuracy: 0.0993
374/422 [=========================>....] - ETA: 0s - loss: 2.3824 - accuracy: 0.0994
382/422 [==========================>...] - ETA: 0s - loss: 2.3832 - accuracy: 0.0995
391/422 [==========================>...] - ETA: 0s - loss: 2.3837 - accuracy: 0.0992
400/422 [===========================>..] - ETA: 0s - loss: 2.3839 - accuracy: 0.0992
408/422 [============================>.] - ETA: 0s - loss: 2.3843 - accuracy: 0.0993
417/422 [============================>.] - ETA: 0s - loss: 2.3848 - accuracy: 0.0995
422/422 [==============================] - 4s 8ms/step - loss: 2.3847 - accuracy: 0.0995 - val_loss: 2.3295 - val_accuracy: 0.1033
Epoch 10/181

  1/422 [..............................] - ETA: 6s - loss: 2.3635 - accuracy: 0.1016
  8/422 [..............................] - ETA: 3s - loss: 2.3778 - accuracy: 0.0967
 16/422 [>.............................] - ETA: 2s - loss: 2.3817 - accuracy: 0.0991
 24/422 [>.............................] - ETA: 2s - loss: 2.3836 - accuracy: 0.0951
 33/422 [=>............................] - ETA: 2s - loss: 2.3891 - accuracy: 0.0926
 43/422 [==>...........................] - ETA: 2s - loss: 2.3940 - accuracy: 0.0929
 52/422 [==>...........................] - ETA: 2s - loss: 2.3951 - accuracy: 0.0955
 61/422 [===>..........................] - ETA: 2s - loss: 2.3902 - accuracy: 0.0975
 70/422 [===>..........................] - ETA: 2s - loss: 2.3881 - accuracy: 0.0964
 79/422 [====>.........................] - ETA: 2s - loss: 2.3857 - accuracy: 0.0984
 88/422 [=====>........................] - ETA: 2s - loss: 2.3841 - accuracy: 0.1002
 97/422 [=====>........................] - ETA: 2s - loss: 2.3826 - accuracy: 0.1006
106/422 [======>.......................] - ETA: 2s - loss: 2.3818 - accuracy: 0.1003
115/422 [=======>......................] - ETA: 2s - loss: 2.3814 - accuracy: 0.1000
124/422 [=======>......................] - ETA: 2s - loss: 2.3816 - accuracy: 0.0991
133/422 [========>.....................] - ETA: 2s - loss: 2.3826 - accuracy: 0.0992
142/422 [=========>....................] - ETA: 1s - loss: 2.3836 - accuracy: 0.0988
149/422 [=========>....................] - ETA: 1s - loss: 2.3825 - accuracy: 0.0998
158/422 [==========>...................] - ETA: 1s - loss: 2.3837 - accuracy: 0.0995
167/422 [==========>...................] - ETA: 1s - loss: 2.3831 - accuracy: 0.1000
176/422 [===========>..................] - ETA: 1s - loss: 2.3834 - accuracy: 0.1001
185/422 [============>.................] - ETA: 1s - loss: 2.3840 - accuracy: 0.1004
194/422 [============>.................] - ETA: 1s - loss: 2.3852 - accuracy: 0.0996
203/422 [=============>................] - ETA: 1s - loss: 2.3851 - accuracy: 0.0991
212/422 [==============>...............] - ETA: 1s - loss: 2.3860 - accuracy: 0.0982
221/422 [==============>...............] - ETA: 1s - loss: 2.3849 - accuracy: 0.0989
230/422 [===============>..............] - ETA: 1s - loss: 2.3858 - accuracy: 0.0987
239/422 [===============>..............] - ETA: 1s - loss: 2.3862 - accuracy: 0.0986
248/422 [================>.............] - ETA: 1s - loss: 2.3871 - accuracy: 0.0981
257/422 [=================>............] - ETA: 1s - loss: 2.3872 - accuracy: 0.0982
266/422 [=================>............] - ETA: 1s - loss: 2.3869 - accuracy: 0.0989
275/422 [==================>...........] - ETA: 1s - loss: 2.3875 - accuracy: 0.0988
284/422 [===================>..........] - ETA: 0s - loss: 2.3876 - accuracy: 0.0992
294/422 [===================>..........] - ETA: 0s - loss: 2.3881 - accuracy: 0.0988
303/422 [====================>.........] - ETA: 0s - loss: 2.3884 - accuracy: 0.0987
311/422 [=====================>........] - ETA: 0s - loss: 2.3883 - accuracy: 0.0989
320/422 [=====================>........] - ETA: 0s - loss: 2.3885 - accuracy: 0.0989
329/422 [======================>.......] - ETA: 0s - loss: 2.3892 - accuracy: 0.0989
338/422 [=======================>......] - ETA: 0s - loss: 2.3882 - accuracy: 0.0994
348/422 [=======================>......] - ETA: 0s - loss: 2.3881 - accuracy: 0.0992
356/422 [========================>.....] - ETA: 0s - loss: 2.3873 - accuracy: 0.0994
365/422 [========================>.....] - ETA: 0s - loss: 2.3870 - accuracy: 0.0997
373/422 [=========================>....] - ETA: 0s - loss: 2.3873 - accuracy: 0.0998
383/422 [==========================>...] - ETA: 0s - loss: 2.3892 - accuracy: 0.0998
390/422 [==========================>...] - ETA: 0s - loss: 2.3904 - accuracy: 0.0999
399/422 [===========================>..] - ETA: 0s - loss: 2.3905 - accuracy: 0.0999
407/422 [===========================>..] - ETA: 0s - loss: 2.3907 - accuracy: 0.0999
417/422 [============================>.] - ETA: 0s - loss: 2.3916 - accuracy: 0.0995
422/422 [==============================] - 4s 8ms/step - loss: 2.3919 - accuracy: 0.0992 - val_loss: 2.3512 - val_accuracy: 0.1033
Epoch 11/181

  1/422 [..............................] - ETA: 6s - loss: 2.4051 - accuracy: 0.0781
  8/422 [..............................] - ETA: 3s - loss: 2.3762 - accuracy: 0.0977
 17/422 [>.............................] - ETA: 3s - loss: 2.3744 - accuracy: 0.0951
 26/422 [>.............................] - ETA: 2s - loss: 2.3751 - accuracy: 0.0956
 35/422 [=>............................] - ETA: 2s - loss: 2.3745 - accuracy: 0.0993
 44/422 [==>...........................] - ETA: 2s - loss: 2.3742 - accuracy: 0.1003
 52/422 [==>...........................] - ETA: 2s - loss: 2.3703 - accuracy: 0.1037
 60/422 [===>..........................] - ETA: 2s - loss: 2.3717 - accuracy: 0.1021
 69/422 [===>..........................] - ETA: 2s - loss: 2.3756 - accuracy: 0.1020
 78/422 [====>.........................] - ETA: 2s - loss: 2.3772 - accuracy: 0.1032
 87/422 [=====>........................] - ETA: 2s - loss: 2.3755 - accuracy: 0.1038
 96/422 [=====>........................] - ETA: 2s - loss: 2.3742 - accuracy: 0.1042
105/422 [======>.......................] - ETA: 2s - loss: 2.3745 - accuracy: 0.1040
114/422 [=======>......................] - ETA: 2s - loss: 2.3733 - accuracy: 0.1041
122/422 [=======>......................] - ETA: 2s - loss: 2.3739 - accuracy: 0.1037
131/422 [========>.....................] - ETA: 2s - loss: 2.3745 - accuracy: 0.1036
139/422 [========>.....................] - ETA: 2s - loss: 2.3773 - accuracy: 0.1036
148/422 [=========>....................] - ETA: 1s - loss: 2.3791 - accuracy: 0.1036
157/422 [==========>...................] - ETA: 1s - loss: 2.3789 - accuracy: 0.1030
166/422 [==========>...................] - ETA: 1s - loss: 2.3807 - accuracy: 0.1033
175/422 [===========>..................] - ETA: 1s - loss: 2.3813 - accuracy: 0.1032
184/422 [============>.................] - ETA: 1s - loss: 2.3820 - accuracy: 0.1032
193/422 [============>.................] - ETA: 1s - loss: 2.3823 - accuracy: 0.1031
202/422 [=============>................] - ETA: 1s - loss: 2.3816 - accuracy: 0.1033
211/422 [==============>...............] - ETA: 1s - loss: 2.3813 - accuracy: 0.1032
220/422 [==============>...............] - ETA: 1s - loss: 2.3816 - accuracy: 0.1028
228/422 [===============>..............] - ETA: 1s - loss: 2.3816 - accuracy: 0.1025
238/422 [===============>..............] - ETA: 1s - loss: 2.3810 - accuracy: 0.1027
247/422 [================>.............] - ETA: 1s - loss: 2.3801 - accuracy: 0.1033
254/422 [=================>............] - ETA: 1s - loss: 2.3795 - accuracy: 0.1034
263/422 [=================>............] - ETA: 1s - loss: 2.3797 - accuracy: 0.1036
271/422 [==================>...........] - ETA: 1s - loss: 2.3805 - accuracy: 0.1032
279/422 [==================>...........] - ETA: 1s - loss: 2.3797 - accuracy: 0.1032
288/422 [===================>..........] - ETA: 0s - loss: 2.3802 - accuracy: 0.1025
297/422 [====================>.........] - ETA: 0s - loss: 2.3805 - accuracy: 0.1024
306/422 [====================>.........] - ETA: 0s - loss: 2.3818 - accuracy: 0.1024
315/422 [=====================>........] - ETA: 0s - loss: 2.3845 - accuracy: 0.1024
324/422 [======================>.......] - ETA: 0s - loss: 2.3848 - accuracy: 0.1022
333/422 [======================>.......] - ETA: 0s - loss: 2.3842 - accuracy: 0.1022
342/422 [=======================>......] - ETA: 0s - loss: 2.3837 - accuracy: 0.1020
350/422 [=======================>......] - ETA: 0s - loss: 2.3835 - accuracy: 0.1020
359/422 [========================>.....] - ETA: 0s - loss: 2.3835 - accuracy: 0.1019
369/422 [=========================>....] - ETA: 0s - loss: 2.3838 - accuracy: 0.1020
378/422 [=========================>....] - ETA: 0s - loss: 2.3838 - accuracy: 0.1020
387/422 [==========================>...] - ETA: 0s - loss: 2.3839 - accuracy: 0.1020
396/422 [===========================>..] - ETA: 0s - loss: 2.3835 - accuracy: 0.1022
405/422 [===========================>..] - ETA: 0s - loss: 2.3831 - accuracy: 0.1021
414/422 [============================>.] - ETA: 0s - loss: 2.3827 - accuracy: 0.1025
422/422 [==============================] - ETA: 0s - loss: 2.3821 - accuracy: 0.1028
422/422 [==============================] - 4s 8ms/step - loss: 2.3821 - accuracy: 0.1028 - val_loss: 2.3298 - val_accuracy: 0.0995
Epoch 12/181

  1/422 [..............................] - ETA: 6s - loss: 2.3756 - accuracy: 0.1016
 10/422 [..............................] - ETA: 2s - loss: 2.3780 - accuracy: 0.1047
 19/422 [>.............................] - ETA: 2s - loss: 2.3808 - accuracy: 0.0999
 27/422 [>.............................] - ETA: 2s - loss: 2.3786 - accuracy: 0.1010
 36/422 [=>............................] - ETA: 2s - loss: 2.3769 - accuracy: 0.1016
 45/422 [==>...........................] - ETA: 2s - loss: 2.3749 - accuracy: 0.1026
 55/422 [==>...........................] - ETA: 2s - loss: 2.3764 - accuracy: 0.0999
 64/422 [===>..........................] - ETA: 2s - loss: 2.3770 - accuracy: 0.1002
 73/422 [====>.........................] - ETA: 2s - loss: 2.3822 - accuracy: 0.1010
 82/422 [====>.........................] - ETA: 2s - loss: 2.3860 - accuracy: 0.1018
 91/422 [=====>........................] - ETA: 2s - loss: 2.3879 - accuracy: 0.0998
 99/422 [======>.......................] - ETA: 2s - loss: 2.3851 - accuracy: 0.1020
109/422 [======>.......................] - ETA: 2s - loss: 2.3866 - accuracy: 0.1013
117/422 [=======>......................] - ETA: 2s - loss: 2.3861 - accuracy: 0.1003
127/422 [========>.....................] - ETA: 2s - loss: 2.3855 - accuracy: 0.0997
135/422 [========>.....................] - ETA: 2s - loss: 2.3865 - accuracy: 0.0994
144/422 [=========>....................] - ETA: 1s - loss: 2.3852 - accuracy: 0.0995
153/422 [=========>....................] - ETA: 1s - loss: 2.3841 - accuracy: 0.0999
162/422 [==========>...................] - ETA: 1s - loss: 2.3840 - accuracy: 0.1000
171/422 [===========>..................] - ETA: 1s - loss: 2.3845 - accuracy: 0.1003
180/422 [===========>..................] - ETA: 1s - loss: 2.3848 - accuracy: 0.1005
189/422 [============>.................] - ETA: 1s - loss: 2.3866 - accuracy: 0.0999
198/422 [=============>................] - ETA: 1s - loss: 2.3869 - accuracy: 0.0996
207/422 [=============>................] - ETA: 1s - loss: 2.3863 - accuracy: 0.1001
215/422 [==============>...............] - ETA: 1s - loss: 2.3861 - accuracy: 0.1000
224/422 [==============>...............] - ETA: 1s - loss: 2.3861 - accuracy: 0.0999
234/422 [===============>..............] - ETA: 1s - loss: 2.3860 - accuracy: 0.1003
246/422 [================>.............] - ETA: 1s - loss: 2.3857 - accuracy: 0.1004
257/422 [=================>............] - ETA: 1s - loss: 2.3855 - accuracy: 0.1006
269/422 [==================>...........] - ETA: 1s - loss: 2.3857 - accuracy: 0.1006
281/422 [==================>...........] - ETA: 0s - loss: 2.3855 - accuracy: 0.1012
293/422 [===================>..........] - ETA: 0s - loss: 2.3852 - accuracy: 0.1008
305/422 [====================>.........] - ETA: 0s - loss: 2.3850 - accuracy: 0.1006
316/422 [=====================>........] - ETA: 0s - loss: 2.3845 - accuracy: 0.1003
327/422 [======================>.......] - ETA: 0s - loss: 2.3848 - accuracy: 0.1001
339/422 [=======================>......] - ETA: 0s - loss: 2.3843 - accuracy: 0.1001
351/422 [=======================>......] - ETA: 0s - loss: 2.3834 - accuracy: 0.1007
363/422 [========================>.....] - ETA: 0s - loss: 2.3839 - accuracy: 0.1009
374/422 [=========================>....] - ETA: 0s - loss: 2.3847 - accuracy: 0.1012
386/422 [==========================>...] - ETA: 0s - loss: 2.3851 - accuracy: 0.1011
398/422 [===========================>..] - ETA: 0s - loss: 2.3855 - accuracy: 0.1009
409/422 [============================>.] - ETA: 0s - loss: 2.3851 - accuracy: 0.1008
420/422 [============================>.] - ETA: 0s - loss: 2.3845 - accuracy: 0.1008
422/422 [==============================] - 3s 8ms/step - loss: 2.3844 - accuracy: 0.1009 - val_loss: 2.3371 - val_accuracy: 0.1027
Epoch 13/181

  1/422 [..............................] - ETA: 6s - loss: 2.3791 - accuracy: 0.0893
  9/422 [..............................] - ETA: 3s - loss: 2.3946 - accuracy: 0.0995
 18/422 [>.............................] - ETA: 2s - loss: 2.3921 - accuracy: 0.0948
 26/422 [>.............................] - ETA: 2s - loss: 2.3846 - accuracy: 0.0981
 34/422 [=>............................] - ETA: 2s - loss: 2.3828 - accuracy: 0.0966
 42/422 [=>............................] - ETA: 2s - loss: 2.3817 - accuracy: 0.0978
 52/422 [==>...........................] - ETA: 2s - loss: 2.3765 - accuracy: 0.0983
 61/422 [===>..........................] - ETA: 2s - loss: 2.3792 - accuracy: 0.0982
 69/422 [===>..........................] - ETA: 2s - loss: 2.3812 - accuracy: 0.0978
 77/422 [====>.........................] - ETA: 2s - loss: 2.3789 - accuracy: 0.1005
 87/422 [=====>........................] - ETA: 2s - loss: 2.3747 - accuracy: 0.1022
 95/422 [=====>........................] - ETA: 2s - loss: 2.3752 - accuracy: 0.1030
104/422 [======>.......................] - ETA: 2s - loss: 2.3745 - accuracy: 0.1036
114/422 [=======>......................] - ETA: 2s - loss: 2.3750 - accuracy: 0.1034
123/422 [=======>......................] - ETA: 2s - loss: 2.3769 - accuracy: 0.1040
131/422 [========>.....................] - ETA: 2s - loss: 2.3777 - accuracy: 0.1039
140/422 [========>.....................] - ETA: 1s - loss: 2.3781 - accuracy: 0.1038
148/422 [=========>....................] - ETA: 1s - loss: 2.3780 - accuracy: 0.1038
157/422 [==========>...................] - ETA: 1s - loss: 2.3782 - accuracy: 0.1041
166/422 [==========>...................] - ETA: 1s - loss: 2.3804 - accuracy: 0.1029
173/422 [===========>..................] - ETA: 1s - loss: 2.3810 - accuracy: 0.1032
181/422 [===========>..................] - ETA: 1s - loss: 2.3815 - accuracy: 0.1030
190/422 [============>.................] - ETA: 1s - loss: 2.3804 - accuracy: 0.1034
199/422 [=============>................] - ETA: 1s - loss: 2.3790 - accuracy: 0.1038
207/422 [=============>................] - ETA: 1s - loss: 2.3788 - accuracy: 0.1037
217/422 [==============>...............] - ETA: 1s - loss: 2.3794 - accuracy: 0.1036
226/422 [===============>..............] - ETA: 1s - loss: 2.3791 - accuracy: 0.1038
235/422 [===============>..............] - ETA: 1s - loss: 2.3795 - accuracy: 0.1037
244/422 [================>.............] - ETA: 1s - loss: 2.3791 - accuracy: 0.1035
253/422 [================>.............] - ETA: 1s - loss: 2.3791 - accuracy: 0.1032
262/422 [=================>............] - ETA: 1s - loss: 2.3793 - accuracy: 0.1030
271/422 [==================>...........] - ETA: 1s - loss: 2.3790 - accuracy: 0.1031
280/422 [==================>...........] - ETA: 1s - loss: 2.3786 - accuracy: 0.1036
289/422 [===================>..........] - ETA: 0s - loss: 2.3781 - accuracy: 0.1038
298/422 [====================>.........] - ETA: 0s - loss: 2.3778 - accuracy: 0.1043
307/422 [====================>.........] - ETA: 0s - loss: 2.3780 - accuracy: 0.1041
316/422 [=====================>........] - ETA: 0s - loss: 2.3782 - accuracy: 0.1041
324/422 [======================>.......] - ETA: 0s - loss: 2.3787 - accuracy: 0.1036
332/422 [======================>.......] - ETA: 0s - loss: 2.3783 - accuracy: 0.1037
340/422 [=======================>......] - ETA: 0s - loss: 2.3779 - accuracy: 0.1038
349/422 [=======================>......] - ETA: 0s - loss: 2.3789 - accuracy: 0.1039
358/422 [========================>.....] - ETA: 0s - loss: 2.3794 - accuracy: 0.1040
367/422 [=========================>....] - ETA: 0s - loss: 2.3798 - accuracy: 0.1039
376/422 [=========================>....] - ETA: 0s - loss: 2.3804 - accuracy: 0.1037
385/422 [==========================>...] - ETA: 0s - loss: 2.3807 - accuracy: 0.1037
394/422 [===========================>..] - ETA: 0s - loss: 2.3810 - accuracy: 0.1040
402/422 [===========================>..] - ETA: 0s - loss: 2.3815 - accuracy: 0.1038
411/422 [============================>.] - ETA: 0s - loss: 2.3819 - accuracy: 0.1037
420/422 [============================>.] - ETA: 0s - loss: 2.3821 - accuracy: 0.1035
422/422 [==============================] - 4s 8ms/step - loss: 2.3820 - accuracy: 0.1034 - val_loss: 2.3691 - val_accuracy: 0.1018
Epoch 13: early stopping

  1/188 [..............................] - ETA: 2s - loss: 2.4221 - accuracy: 0.1250
 18/188 [=>............................] - ETA: 0s - loss: 2.3845 - accuracy: 0.1024
 38/188 [=====>........................] - ETA: 0s - loss: 2.3837 - accuracy: 0.0929
 57/188 [========>.....................] - ETA: 0s - loss: 2.3744 - accuracy: 0.1036
 77/188 [===========>..................] - ETA: 0s - loss: 2.3659 - accuracy: 0.1047
 96/188 [==============>...............] - ETA: 0s - loss: 2.3673 - accuracy: 0.1032
116/188 [=================>............] - ETA: 0s - loss: 2.3662 - accuracy: 0.1034
135/188 [====================>.........] - ETA: 0s - loss: 2.3646 - accuracy: 0.1067
156/188 [=======================>......] - ETA: 0s - loss: 2.3656 - accuracy: 0.1038
175/188 [==========================>...] - ETA: 0s - loss: 2.3693 - accuracy: 0.1020
188/188 [==============================] - 1s 3ms/step - loss: 2.3691 - accuracy: 0.1018
