2024-08-25 02:42:52.214924: I tensorflow/core/platform/cpu_feature_guard.cc:193] This TensorFlow binary is optimized with oneAPI Deep Neural Network Library (oneDNN) to use the following CPU instructions in performance-critical operations:  AVX AVX2
To enable them in other operations, rebuild TensorFlow with the appropriate compiler flags.
2024-08-25 02:42:52.621622: I tensorflow/core/common_runtime/gpu/gpu_device.cc:1616] Created device /job:localhost/replica:0/task:0/device:GPU:0 with 13575 MB memory:  -> device: 0, name: NVIDIA GeForce RTX 4060 Ti, pci bus id: 0000:01:00.0, compute capability: 8.9
1 Physical GPUs, 1 Logical GPUs
Fold:  0
Model: "sequential"
_________________________________________________________________
 Layer (type)                Output Shape              Param #   
=================================================================
 conv2d (Conv2D)             (None, 32, 32, 32)        896       
                                                                 
 conv2d_1 (Conv2D)           (None, 32, 32, 64)        51264     
                                                                 
 dropout (Dropout)           (None, 32, 32, 64)        0         
                                                                 
 flatten (Flatten)           (None, 65536)             0         
                                                                 
 dense (Dense)               (None, 104)               6815848   
                                                                 
 dropout_1 (Dropout)         (None, 104)               0         
                                                                 
 dense_1 (Dense)             (None, 10)                1050      
                                                                 
=================================================================
Total params: 6,869,058
Trainable params: 6,869,058
Non-trainable params: 0
_________________________________________________________________
Taxa de aprendizado:  0.01 Num de épocas:  149 Tamanho do lote:  256 Dropout:  0.19
Epoch 1/149
2024-08-25 02:42:53.719891: I tensorflow/stream_executor/cuda/cuda_dnn.cc:384] Loaded cuDNN version 8100
2024-08-25 02:42:54.373349: W tensorflow/stream_executor/gpu/redzone_allocator.cc:314] INTERNAL: ptxas exited with non-zero error code -1, output: 
Relying on driver to perform ptx compilation. 
Modify $PATH to customize ptxas location.
This message will be only logged once.
2024-08-25 02:42:55.107525: I tensorflow/stream_executor/cuda/cuda_blas.cc:1614] TensorFloat-32 will be used for the matrix multiplication. This will only be logged once.

  1/211 [..............................] - ETA: 9:34 - loss: 2.3211 - accuracy: 0.0977
  4/211 [..............................] - ETA: 4s - loss: 3.8743 - accuracy: 0.0928  
  7/211 [..............................] - ETA: 4s - loss: 3.4067 - accuracy: 0.1010
 10/211 [>.............................] - ETA: 4s - loss: 3.1960 - accuracy: 0.0996
 13/211 [>.............................] - ETA: 4s - loss: 3.0632 - accuracy: 0.0998
 16/211 [=>............................] - ETA: 4s - loss: 2.9599 - accuracy: 0.1030
 19/211 [=>............................] - ETA: 4s - loss: 2.9011 - accuracy: 0.1042
 22/211 [==>...........................] - ETA: 4s - loss: 2.8529 - accuracy: 0.1021
 25/211 [==>...........................] - ETA: 3s - loss: 2.8097 - accuracy: 0.1033
 28/211 [==>...........................] - ETA: 3s - loss: 2.7745 - accuracy: 0.1027
 31/211 [===>..........................] - ETA: 3s - loss: 2.7525 - accuracy: 0.1031
 34/211 [===>..........................] - ETA: 3s - loss: 2.7303 - accuracy: 0.1027
 36/211 [====>.........................] - ETA: 3s - loss: 2.7158 - accuracy: 0.1026
 39/211 [====>.........................] - ETA: 3s - loss: 2.6981 - accuracy: 0.1037
 42/211 [====>.........................] - ETA: 3s - loss: 2.6785 - accuracy: 0.1052
 45/211 [=====>........................] - ETA: 3s - loss: 2.6624 - accuracy: 0.1038
 48/211 [=====>........................] - ETA: 3s - loss: 2.6490 - accuracy: 0.1038
 51/211 [======>.......................] - ETA: 3s - loss: 2.6362 - accuracy: 0.1042
 54/211 [======>.......................] - ETA: 3s - loss: 2.6258 - accuracy: 0.1033
 57/211 [=======>......................] - ETA: 3s - loss: 2.6155 - accuracy: 0.1040
 60/211 [=======>......................] - ETA: 3s - loss: 2.6058 - accuracy: 0.1033
 63/211 [=======>......................] - ETA: 3s - loss: 2.5966 - accuracy: 0.1032
 66/211 [========>.....................] - ETA: 3s - loss: 2.5887 - accuracy: 0.1030
 69/211 [========>.....................] - ETA: 3s - loss: 2.5810 - accuracy: 0.1033
 72/211 [=========>....................] - ETA: 2s - loss: 2.5743 - accuracy: 0.1029
 75/211 [=========>....................] - ETA: 2s - loss: 2.5687 - accuracy: 0.1031
 78/211 [==========>...................] - ETA: 2s - loss: 2.5628 - accuracy: 0.1033
 80/211 [==========>...................] - ETA: 3s - loss: 2.5587 - accuracy: 0.1036
 83/211 [==========>...................] - ETA: 3s - loss: 2.5534 - accuracy: 0.1036
 86/211 [===========>..................] - ETA: 3s - loss: 2.5484 - accuracy: 0.1033
 89/211 [===========>..................] - ETA: 3s - loss: 2.5444 - accuracy: 0.1029
 92/211 [============>.................] - ETA: 3s - loss: 2.5392 - accuracy: 0.1034
 95/211 [============>.................] - ETA: 2s - loss: 2.5348 - accuracy: 0.1031
 98/211 [============>.................] - ETA: 2s - loss: 2.5297 - accuracy: 0.1039
101/211 [=============>................] - ETA: 2s - loss: 2.5254 - accuracy: 0.1041
104/211 [=============>................] - ETA: 2s - loss: 2.5217 - accuracy: 0.1039
107/211 [==============>...............] - ETA: 2s - loss: 2.5186 - accuracy: 0.1040
110/211 [==============>...............] - ETA: 2s - loss: 2.5154 - accuracy: 0.1039
113/211 [===============>..............] - ETA: 2s - loss: 2.5122 - accuracy: 0.1039
116/211 [===============>..............] - ETA: 2s - loss: 2.5085 - accuracy: 0.1037
119/211 [===============>..............] - ETA: 2s - loss: 2.5051 - accuracy: 0.1037
122/211 [================>.............] - ETA: 2s - loss: 2.5023 - accuracy: 0.1034
125/211 [================>.............] - ETA: 2s - loss: 2.4990 - accuracy: 0.1032
128/211 [=================>............] - ETA: 2s - loss: 2.4960 - accuracy: 0.1033
131/211 [=================>............] - ETA: 1s - loss: 2.4944 - accuracy: 0.1027
134/211 [==================>...........] - ETA: 1s - loss: 2.4924 - accuracy: 0.1022
137/211 [==================>...........] - ETA: 1s - loss: 2.4893 - accuracy: 0.1026
140/211 [==================>...........] - ETA: 1s - loss: 2.4865 - accuracy: 0.1024
143/211 [===================>..........] - ETA: 1s - loss: 2.4841 - accuracy: 0.1026
146/211 [===================>..........] - ETA: 1s - loss: 2.4818 - accuracy: 0.1026
149/211 [====================>.........] - ETA: 1s - loss: 2.4792 - accuracy: 0.1025
152/211 [====================>.........] - ETA: 1s - loss: 2.4761 - accuracy: 0.1028
155/211 [=====================>........] - ETA: 1s - loss: 2.4739 - accuracy: 0.1030
158/211 [=====================>........] - ETA: 1s - loss: 2.4716 - accuracy: 0.1028
161/211 [=====================>........] - ETA: 1s - loss: 2.4697 - accuracy: 0.1027
164/211 [======================>.......] - ETA: 1s - loss: 2.4684 - accuracy: 0.1025
167/211 [======================>.......] - ETA: 1s - loss: 2.4668 - accuracy: 0.1022
170/211 [=======================>......] - ETA: 0s - loss: 2.4652 - accuracy: 0.1021
173/211 [=======================>......] - ETA: 0s - loss: 2.4632 - accuracy: 0.1021
176/211 [========================>.....] - ETA: 0s - loss: 2.4617 - accuracy: 0.1020
179/211 [========================>.....] - ETA: 0s - loss: 2.4595 - accuracy: 0.1023
182/211 [========================>.....] - ETA: 0s - loss: 2.4579 - accuracy: 0.1020
185/211 [=========================>....] - ETA: 0s - loss: 2.4562 - accuracy: 0.1019
188/211 [=========================>....] - ETA: 0s - loss: 2.4544 - accuracy: 0.1019
191/211 [==========================>...] - ETA: 0s - loss: 2.4526 - accuracy: 0.1017
194/211 [==========================>...] - ETA: 0s - loss: 2.4513 - accuracy: 0.1017
197/211 [===========================>..] - ETA: 0s - loss: 2.4498 - accuracy: 0.1016
200/211 [===========================>..] - ETA: 0s - loss: 2.4483 - accuracy: 0.1017
203/211 [===========================>..] - ETA: 0s - loss: 2.4467 - accuracy: 0.1015
206/211 [============================>.] - ETA: 0s - loss: 2.4456 - accuracy: 0.1012
209/211 [============================>.] - ETA: 0s - loss: 2.4443 - accuracy: 0.1010
211/211 [==============================] - 8s 26ms/step - loss: 2.4436 - accuracy: 0.1007 - val_loss: 2.3174 - val_accuracy: 0.0972
Epoch 2/149

  1/211 [..............................] - ETA: 6s - loss: 2.3402 - accuracy: 0.0898
  4/211 [..............................] - ETA: 4s - loss: 2.3609 - accuracy: 0.0908
  7/211 [..............................] - ETA: 4s - loss: 2.3508 - accuracy: 0.0943
 10/211 [>.............................] - ETA: 4s - loss: 2.3451 - accuracy: 0.1016
 13/211 [>.............................] - ETA: 4s - loss: 2.3441 - accuracy: 0.1064
 16/211 [=>............................] - ETA: 4s - loss: 2.3443 - accuracy: 0.1074
 19/211 [=>............................] - ETA: 4s - loss: 2.3450 - accuracy: 0.1063
 22/211 [==>...........................] - ETA: 4s - loss: 2.3437 - accuracy: 0.1069
 25/211 [==>...........................] - ETA: 3s - loss: 2.3450 - accuracy: 0.1058
 28/211 [==>...........................] - ETA: 3s - loss: 2.3449 - accuracy: 0.1038
 31/211 [===>..........................] - ETA: 3s - loss: 2.3453 - accuracy: 0.1065
 34/211 [===>..........................] - ETA: 3s - loss: 2.3476 - accuracy: 0.1049
 37/211 [====>.........................] - ETA: 3s - loss: 2.3487 - accuracy: 0.1041
 40/211 [====>.........................] - ETA: 3s - loss: 2.3510 - accuracy: 0.1038
 43/211 [=====>........................] - ETA: 3s - loss: 2.3511 - accuracy: 0.1037
 46/211 [=====>........................] - ETA: 3s - loss: 2.3517 - accuracy: 0.1035
 49/211 [=====>........................] - ETA: 3s - loss: 2.3506 - accuracy: 0.1038
 52/211 [======>.......................] - ETA: 3s - loss: 2.3506 - accuracy: 0.1033
 55/211 [======>.......................] - ETA: 3s - loss: 2.3500 - accuracy: 0.1033
 58/211 [=======>......................] - ETA: 3s - loss: 2.3503 - accuracy: 0.1028
 61/211 [=======>......................] - ETA: 3s - loss: 2.3500 - accuracy: 0.1027
 64/211 [========>.....................] - ETA: 3s - loss: 2.3485 - accuracy: 0.1026
 67/211 [========>.....................] - ETA: 3s - loss: 2.3479 - accuracy: 0.1024
 70/211 [========>.....................] - ETA: 3s - loss: 2.3465 - accuracy: 0.1027
 73/211 [=========>....................] - ETA: 2s - loss: 2.3459 - accuracy: 0.1018
 76/211 [=========>....................] - ETA: 2s - loss: 2.3451 - accuracy: 0.1026
 79/211 [==========>...................] - ETA: 2s - loss: 2.3448 - accuracy: 0.1021
 82/211 [==========>...................] - ETA: 2s - loss: 2.3446 - accuracy: 0.1023
 85/211 [===========>..................] - ETA: 2s - loss: 2.3442 - accuracy: 0.1019
 88/211 [===========>..................] - ETA: 2s - loss: 2.3441 - accuracy: 0.1018
 91/211 [===========>..................] - ETA: 2s - loss: 2.3445 - accuracy: 0.1016
 94/211 [============>.................] - ETA: 2s - loss: 2.3445 - accuracy: 0.1017
 97/211 [============>.................] - ETA: 2s - loss: 2.3447 - accuracy: 0.1022
100/211 [=============>................] - ETA: 2s - loss: 2.3453 - accuracy: 0.1018
103/211 [=============>................] - ETA: 2s - loss: 2.3454 - accuracy: 0.1015
106/211 [==============>...............] - ETA: 2s - loss: 2.3455 - accuracy: 0.1019
109/211 [==============>...............] - ETA: 2s - loss: 2.3462 - accuracy: 0.1017
112/211 [==============>...............] - ETA: 2s - loss: 2.3459 - accuracy: 0.1019
115/211 [===============>..............] - ETA: 2s - loss: 2.3455 - accuracy: 0.1019
118/211 [===============>..............] - ETA: 2s - loss: 2.3453 - accuracy: 0.1017
121/211 [================>.............] - ETA: 1s - loss: 2.3450 - accuracy: 0.1020
124/211 [================>.............] - ETA: 1s - loss: 2.3445 - accuracy: 0.1022
127/211 [=================>............] - ETA: 1s - loss: 2.3448 - accuracy: 0.1019
130/211 [=================>............] - ETA: 1s - loss: 2.3451 - accuracy: 0.1019
133/211 [=================>............] - ETA: 1s - loss: 2.3450 - accuracy: 0.1016
136/211 [==================>...........] - ETA: 1s - loss: 2.3452 - accuracy: 0.1018
139/211 [==================>...........] - ETA: 1s - loss: 2.3453 - accuracy: 0.1018
142/211 [===================>..........] - ETA: 1s - loss: 2.3454 - accuracy: 0.1016
145/211 [===================>..........] - ETA: 1s - loss: 2.3453 - accuracy: 0.1013
148/211 [====================>.........] - ETA: 1s - loss: 2.3451 - accuracy: 0.1012
151/211 [====================>.........] - ETA: 1s - loss: 2.3451 - accuracy: 0.1014
154/211 [====================>.........] - ETA: 1s - loss: 2.3447 - accuracy: 0.1011
157/211 [=====================>........] - ETA: 1s - loss: 2.3446 - accuracy: 0.1009
160/211 [=====================>........] - ETA: 1s - loss: 2.3442 - accuracy: 0.1012
163/211 [======================>.......] - ETA: 1s - loss: 2.3441 - accuracy: 0.1013
166/211 [======================>.......] - ETA: 0s - loss: 2.3438 - accuracy: 0.1011
169/211 [=======================>......] - ETA: 0s - loss: 2.3439 - accuracy: 0.1010
172/211 [=======================>......] - ETA: 0s - loss: 2.3435 - accuracy: 0.1014
175/211 [=======================>......] - ETA: 0s - loss: 2.3435 - accuracy: 0.1016
178/211 [========================>.....] - ETA: 0s - loss: 2.3435 - accuracy: 0.1015
181/211 [========================>.....] - ETA: 0s - loss: 2.3433 - accuracy: 0.1018
184/211 [=========================>....] - ETA: 0s - loss: 2.3430 - accuracy: 0.1018
187/211 [=========================>....] - ETA: 0s - loss: 2.3428 - accuracy: 0.1019
190/211 [==========================>...] - ETA: 0s - loss: 2.3426 - accuracy: 0.1016
193/211 [==========================>...] - ETA: 0s - loss: 2.3424 - accuracy: 0.1015
196/211 [==========================>...] - ETA: 0s - loss: 2.3420 - accuracy: 0.1015
199/211 [===========================>..] - ETA: 0s - loss: 2.3417 - accuracy: 0.1015
202/211 [===========================>..] - ETA: 0s - loss: 2.3418 - accuracy: 0.1015
205/211 [============================>.] - ETA: 0s - loss: 2.3417 - accuracy: 0.1016
208/211 [============================>.] - ETA: 0s - loss: 2.3420 - accuracy: 0.1017
211/211 [==============================] - ETA: 0s - loss: 2.3422 - accuracy: 0.1018
211/211 [==============================] - 5s 23ms/step - loss: 2.3422 - accuracy: 0.1018 - val_loss: 2.3339 - val_accuracy: 0.0972
Epoch 3/149

  1/211 [..............................] - ETA: 6s - loss: 2.3613 - accuracy: 0.1016
  4/211 [..............................] - ETA: 4s - loss: 2.3451 - accuracy: 0.0938
  7/211 [..............................] - ETA: 4s - loss: 2.3446 - accuracy: 0.0938
 10/211 [>.............................] - ETA: 4s - loss: 2.3417 - accuracy: 0.0980
 13/211 [>.............................] - ETA: 4s - loss: 2.3392 - accuracy: 0.0953
 16/211 [=>............................] - ETA: 4s - loss: 2.3395 - accuracy: 0.0964
 19/211 [=>............................] - ETA: 4s - loss: 2.3373 - accuracy: 0.0985
 22/211 [==>...........................] - ETA: 4s - loss: 2.3390 - accuracy: 0.0971
 25/211 [==>...........................] - ETA: 3s - loss: 2.3382 - accuracy: 0.0977
 28/211 [==>...........................] - ETA: 3s - loss: 2.3368 - accuracy: 0.0996
 31/211 [===>..........................] - ETA: 3s - loss: 2.3362 - accuracy: 0.0997
 34/211 [===>..........................] - ETA: 3s - loss: 2.3373 - accuracy: 0.0998
 37/211 [====>.........................] - ETA: 3s - loss: 2.3366 - accuracy: 0.0999
 40/211 [====>.........................] - ETA: 3s - loss: 2.3375 - accuracy: 0.0995
 43/211 [=====>........................] - ETA: 3s - loss: 2.3367 - accuracy: 0.0997
 46/211 [=====>........................] - ETA: 3s - loss: 2.3359 - accuracy: 0.1000
 49/211 [=====>........................] - ETA: 3s - loss: 2.3359 - accuracy: 0.1013
 52/211 [======>.......................] - ETA: 3s - loss: 2.3356 - accuracy: 0.1019
 55/211 [======>.......................] - ETA: 3s - loss: 2.3364 - accuracy: 0.1020
 57/211 [=======>......................] - ETA: 3s - loss: 2.3360 - accuracy: 0.1018
 60/211 [=======>......................] - ETA: 3s - loss: 2.3364 - accuracy: 0.1021
 63/211 [=======>......................] - ETA: 3s - loss: 2.3368 - accuracy: 0.1023
 66/211 [========>.....................] - ETA: 3s - loss: 2.3364 - accuracy: 0.1020
 69/211 [========>.....................] - ETA: 3s - loss: 2.3367 - accuracy: 0.1031
 72/211 [=========>....................] - ETA: 2s - loss: 2.3366 - accuracy: 0.1028
 75/211 [=========>....................] - ETA: 2s - loss: 2.3361 - accuracy: 0.1033
 78/211 [==========>...................] - ETA: 2s - loss: 2.3364 - accuracy: 0.1030
 81/211 [==========>...................] - ETA: 2s - loss: 2.3368 - accuracy: 0.1033
 84/211 [==========>...................] - ETA: 2s - loss: 2.3377 - accuracy: 0.1028
 86/211 [===========>..................] - ETA: 2s - loss: 2.3378 - accuracy: 0.1026
 89/211 [===========>..................] - ETA: 2s - loss: 2.3389 - accuracy: 0.1026
 92/211 [============>.................] - ETA: 2s - loss: 2.3395 - accuracy: 0.1027
 95/211 [============>.................] - ETA: 2s - loss: 2.3411 - accuracy: 0.1023
 98/211 [============>.................] - ETA: 2s - loss: 2.3421 - accuracy: 0.1019
101/211 [=============>................] - ETA: 2s - loss: 2.3427 - accuracy: 0.1017
104/211 [=============>................] - ETA: 2s - loss: 2.3424 - accuracy: 0.1016
107/211 [==============>...............] - ETA: 2s - loss: 2.3421 - accuracy: 0.1015
110/211 [==============>...............] - ETA: 2s - loss: 2.3420 - accuracy: 0.1016
113/211 [===============>..............] - ETA: 2s - loss: 2.3416 - accuracy: 0.1017
116/211 [===============>..............] - ETA: 2s - loss: 2.3425 - accuracy: 0.1015
119/211 [===============>..............] - ETA: 1s - loss: 2.3423 - accuracy: 0.1013
122/211 [================>.............] - ETA: 1s - loss: 2.3425 - accuracy: 0.1017
124/211 [================>.............] - ETA: 1s - loss: 2.3422 - accuracy: 0.1013
127/211 [=================>............] - ETA: 1s - loss: 2.3422 - accuracy: 0.1010
130/211 [=================>............] - ETA: 1s - loss: 2.3419 - accuracy: 0.1006
133/211 [=================>............] - ETA: 1s - loss: 2.3418 - accuracy: 0.1003
136/211 [==================>...........] - ETA: 1s - loss: 2.3416 - accuracy: 0.1001
139/211 [==================>...........] - ETA: 1s - loss: 2.3411 - accuracy: 0.1001
142/211 [===================>..........] - ETA: 1s - loss: 2.3409 - accuracy: 0.1005
145/211 [===================>..........] - ETA: 1s - loss: 2.3408 - accuracy: 0.1003
148/211 [====================>.........] - ETA: 1s - loss: 2.3410 - accuracy: 0.1003
151/211 [====================>.........] - ETA: 1s - loss: 2.3411 - accuracy: 0.1003
154/211 [====================>.........] - ETA: 1s - loss: 2.3412 - accuracy: 0.1003
157/211 [=====================>........] - ETA: 1s - loss: 2.3411 - accuracy: 0.1003
160/211 [=====================>........] - ETA: 1s - loss: 2.3412 - accuracy: 0.1002
163/211 [======================>.......] - ETA: 1s - loss: 2.3415 - accuracy: 0.1003
166/211 [======================>.......] - ETA: 0s - loss: 2.3418 - accuracy: 0.1000
169/211 [=======================>......] - ETA: 0s - loss: 2.3420 - accuracy: 0.0997
172/211 [=======================>......] - ETA: 0s - loss: 2.3418 - accuracy: 0.0998
175/211 [=======================>......] - ETA: 0s - loss: 2.3424 - accuracy: 0.0999
178/211 [========================>.....] - ETA: 0s - loss: 2.3424 - accuracy: 0.0999
181/211 [========================>.....] - ETA: 0s - loss: 2.3427 - accuracy: 0.0995
184/211 [=========================>....] - ETA: 0s - loss: 2.3424 - accuracy: 0.0998
187/211 [=========================>....] - ETA: 0s - loss: 2.3422 - accuracy: 0.0999
190/211 [==========================>...] - ETA: 0s - loss: 2.3421 - accuracy: 0.0999
193/211 [==========================>...] - ETA: 0s - loss: 2.3420 - accuracy: 0.0999
196/211 [==========================>...] - ETA: 0s - loss: 2.3418 - accuracy: 0.1000
199/211 [===========================>..] - ETA: 0s - loss: 2.3420 - accuracy: 0.1000
202/211 [===========================>..] - ETA: 0s - loss: 2.3418 - accuracy: 0.1002
205/211 [============================>.] - ETA: 0s - loss: 2.3423 - accuracy: 0.1000
208/211 [============================>.] - ETA: 0s - loss: 2.3423 - accuracy: 0.0997
211/211 [==============================] - ETA: 0s - loss: 2.3426 - accuracy: 0.0996
211/211 [==============================] - 5s 23ms/step - loss: 2.3426 - accuracy: 0.0996 - val_loss: 2.3186 - val_accuracy: 0.1033
Epoch 4/149

  1/211 [..............................] - ETA: 6s - loss: 2.3511 - accuracy: 0.0898
  4/211 [..............................] - ETA: 4s - loss: 2.3425 - accuracy: 0.0947
  7/211 [..............................] - ETA: 4s - loss: 2.3365 - accuracy: 0.0932
 10/211 [>.............................] - ETA: 4s - loss: 2.3348 - accuracy: 0.0938
 13/211 [>.............................] - ETA: 4s - loss: 2.3318 - accuracy: 0.0977
 16/211 [=>............................] - ETA: 4s - loss: 2.3294 - accuracy: 0.1001
 19/211 [=>............................] - ETA: 4s - loss: 2.3309 - accuracy: 0.0997
 22/211 [==>...........................] - ETA: 4s - loss: 2.3313 - accuracy: 0.0994
 25/211 [==>...........................] - ETA: 4s - loss: 2.3361 - accuracy: 0.0983
 28/211 [==>...........................] - ETA: 3s - loss: 2.3419 - accuracy: 0.0981
 31/211 [===>..........................] - ETA: 3s - loss: 2.3450 - accuracy: 0.0975
 34/211 [===>..........................] - ETA: 3s - loss: 2.3493 - accuracy: 0.0962
 37/211 [====>.........................] - ETA: 3s - loss: 2.3527 - accuracy: 0.0947
 40/211 [====>.........................] - ETA: 3s - loss: 2.3516 - accuracy: 0.0961
 43/211 [=====>........................] - ETA: 3s - loss: 2.3533 - accuracy: 0.0953
 46/211 [=====>........................] - ETA: 3s - loss: 2.3526 - accuracy: 0.0954
 49/211 [=====>........................] - ETA: 3s - loss: 2.3528 - accuracy: 0.0958
 52/211 [======>.......................] - ETA: 3s - loss: 2.3519 - accuracy: 0.0962
 55/211 [======>.......................] - ETA: 3s - loss: 2.3527 - accuracy: 0.0963
 58/211 [=======>......................] - ETA: 3s - loss: 2.3532 - accuracy: 0.0960
 61/211 [=======>......................] - ETA: 3s - loss: 2.3536 - accuracy: 0.0963
 63/211 [=======>......................] - ETA: 3s - loss: 2.3532 - accuracy: 0.0964
 66/211 [========>.....................] - ETA: 3s - loss: 2.3517 - accuracy: 0.0971
 69/211 [========>.....................] - ETA: 3s - loss: 2.3508 - accuracy: 0.0972
 72/211 [=========>....................] - ETA: 2s - loss: 2.3502 - accuracy: 0.0973
 75/211 [=========>....................] - ETA: 2s - loss: 2.3488 - accuracy: 0.0974
 78/211 [==========>...................] - ETA: 2s - loss: 2.3478 - accuracy: 0.0970
 81/211 [==========>...................] - ETA: 2s - loss: 2.3472 - accuracy: 0.0970
 84/211 [==========>...................] - ETA: 2s - loss: 2.3464 - accuracy: 0.0969
 87/211 [===========>..................] - ETA: 2s - loss: 2.3468 - accuracy: 0.0970
 90/211 [===========>..................] - ETA: 2s - loss: 2.3463 - accuracy: 0.0968
 93/211 [============>.................] - ETA: 2s - loss: 2.3463 - accuracy: 0.0961
 96/211 [============>.................] - ETA: 2s - loss: 2.3457 - accuracy: 0.0963
 99/211 [=============>................] - ETA: 2s - loss: 2.3449 - accuracy: 0.0963
102/211 [=============>................] - ETA: 2s - loss: 2.3445 - accuracy: 0.0962
105/211 [=============>................] - ETA: 2s - loss: 2.3441 - accuracy: 0.0959
108/211 [==============>...............] - ETA: 2s - loss: 2.3435 - accuracy: 0.0959
111/211 [==============>...............] - ETA: 2s - loss: 2.3428 - accuracy: 0.0961
114/211 [===============>..............] - ETA: 2s - loss: 2.3422 - accuracy: 0.0960
117/211 [===============>..............] - ETA: 2s - loss: 2.3420 - accuracy: 0.0957
120/211 [================>.............] - ETA: 1s - loss: 2.3421 - accuracy: 0.0954
123/211 [================>.............] - ETA: 1s - loss: 2.3420 - accuracy: 0.0952
126/211 [================>.............] - ETA: 1s - loss: 2.3415 - accuracy: 0.0953
129/211 [=================>............] - ETA: 1s - loss: 2.3416 - accuracy: 0.0949
132/211 [=================>............] - ETA: 1s - loss: 2.3415 - accuracy: 0.0948
135/211 [==================>...........] - ETA: 1s - loss: 2.3414 - accuracy: 0.0947
138/211 [==================>...........] - ETA: 1s - loss: 2.3414 - accuracy: 0.0953
141/211 [===================>..........] - ETA: 1s - loss: 2.3413 - accuracy: 0.0952
144/211 [===================>..........] - ETA: 1s - loss: 2.3412 - accuracy: 0.0953
147/211 [===================>..........] - ETA: 1s - loss: 2.3413 - accuracy: 0.0953
150/211 [====================>.........] - ETA: 1s - loss: 2.3413 - accuracy: 0.0956
153/211 [====================>.........] - ETA: 1s - loss: 2.3412 - accuracy: 0.0958
156/211 [=====================>........] - ETA: 1s - loss: 2.3409 - accuracy: 0.0958
159/211 [=====================>........] - ETA: 1s - loss: 2.3408 - accuracy: 0.0957
162/211 [======================>.......] - ETA: 1s - loss: 2.3407 - accuracy: 0.0959
165/211 [======================>.......] - ETA: 0s - loss: 2.3409 - accuracy: 0.0957
168/211 [======================>.......] - ETA: 0s - loss: 2.3407 - accuracy: 0.0959
171/211 [=======================>......] - ETA: 0s - loss: 2.3405 - accuracy: 0.0960
174/211 [=======================>......] - ETA: 0s - loss: 2.3409 - accuracy: 0.0961
177/211 [========================>.....] - ETA: 0s - loss: 2.3408 - accuracy: 0.0961
180/211 [========================>.....] - ETA: 0s - loss: 2.3410 - accuracy: 0.0963
183/211 [=========================>....] - ETA: 0s - loss: 2.3412 - accuracy: 0.0964
186/211 [=========================>....] - ETA: 0s - loss: 2.3414 - accuracy: 0.0964
189/211 [=========================>....] - ETA: 0s - loss: 2.3413 - accuracy: 0.0968
192/211 [==========================>...] - ETA: 0s - loss: 2.3416 - accuracy: 0.0967
195/211 [==========================>...] - ETA: 0s - loss: 2.3417 - accuracy: 0.0967
198/211 [===========================>..] - ETA: 0s - loss: 2.3422 - accuracy: 0.0966
201/211 [===========================>..] - ETA: 0s - loss: 2.3427 - accuracy: 0.0966
204/211 [============================>.] - ETA: 0s - loss: 2.3432 - accuracy: 0.0969
207/211 [============================>.] - ETA: 0s - loss: 2.3439 - accuracy: 0.0967
210/211 [============================>.] - ETA: 0s - loss: 2.3441 - accuracy: 0.0966
211/211 [==============================] - 5s 23ms/step - loss: 2.3441 - accuracy: 0.0966 - val_loss: 2.3426 - val_accuracy: 0.1027
Epoch 5/149

  1/211 [..............................] - ETA: 6s - loss: 2.3432 - accuracy: 0.1172
  4/211 [..............................] - ETA: 4s - loss: 2.3385 - accuracy: 0.1094
  7/211 [..............................] - ETA: 4s - loss: 2.3326 - accuracy: 0.1127
 10/211 [>.............................] - ETA: 4s - loss: 2.3300 - accuracy: 0.1113
 12/211 [>.............................] - ETA: 4s - loss: 2.3317 - accuracy: 0.1097
 15/211 [=>............................] - ETA: 4s - loss: 2.3339 - accuracy: 0.1047
 18/211 [=>............................] - ETA: 4s - loss: 2.3364 - accuracy: 0.1029
 21/211 [=>............................] - ETA: 4s - loss: 2.3364 - accuracy: 0.1004
 24/211 [==>...........................] - ETA: 4s - loss: 2.3374 - accuracy: 0.0986
 27/211 [==>...........................] - ETA: 3s - loss: 2.3376 - accuracy: 0.1014
 30/211 [===>..........................] - ETA: 3s - loss: 2.3410 - accuracy: 0.1001
 33/211 [===>..........................] - ETA: 3s - loss: 2.3409 - accuracy: 0.0995
 36/211 [====>.........................] - ETA: 3s - loss: 2.3402 - accuracy: 0.0988
 39/211 [====>.........................] - ETA: 3s - loss: 2.3402 - accuracy: 0.0989
 42/211 [====>.........................] - ETA: 3s - loss: 2.3400 - accuracy: 0.0982
 45/211 [=====>........................] - ETA: 3s - loss: 2.3385 - accuracy: 0.0991
 48/211 [=====>........................] - ETA: 3s - loss: 2.3384 - accuracy: 0.0988
 51/211 [======>.......................] - ETA: 3s - loss: 2.3373 - accuracy: 0.0988
 54/211 [======>.......................] - ETA: 3s - loss: 2.3372 - accuracy: 0.0988
 57/211 [=======>......................] - ETA: 3s - loss: 2.3374 - accuracy: 0.0979
 60/211 [=======>......................] - ETA: 3s - loss: 2.3373 - accuracy: 0.0987
 63/211 [=======>......................] - ETA: 3s - loss: 2.3371 - accuracy: 0.0992
 66/211 [========>.....................] - ETA: 3s - loss: 2.3374 - accuracy: 0.0991
 69/211 [========>.....................] - ETA: 3s - loss: 2.3389 - accuracy: 0.0989
 72/211 [=========>....................] - ETA: 3s - loss: 2.3389 - accuracy: 0.0990
 75/211 [=========>....................] - ETA: 2s - loss: 2.3406 - accuracy: 0.0995
 78/211 [==========>...................] - ETA: 2s - loss: 2.3417 - accuracy: 0.0993
 81/211 [==========>...................] - ETA: 2s - loss: 2.3429 - accuracy: 0.0993
 84/211 [==========>...................] - ETA: 2s - loss: 2.3430 - accuracy: 0.0991
 87/211 [===========>..................] - ETA: 2s - loss: 2.3431 - accuracy: 0.0990
 90/211 [===========>..................] - ETA: 2s - loss: 2.3431 - accuracy: 0.0994
 93/211 [============>.................] - ETA: 2s - loss: 2.3433 - accuracy: 0.0992
 96/211 [============>.................] - ETA: 2s - loss: 2.3434 - accuracy: 0.0989
 99/211 [=============>................] - ETA: 2s - loss: 2.3429 - accuracy: 0.0991
102/211 [=============>................] - ETA: 2s - loss: 2.3427 - accuracy: 0.0991
105/211 [=============>................] - ETA: 2s - loss: 2.3424 - accuracy: 0.0991
108/211 [==============>...............] - ETA: 2s - loss: 2.3418 - accuracy: 0.0993
111/211 [==============>...............] - ETA: 2s - loss: 2.3421 - accuracy: 0.0988
114/211 [===============>..............] - ETA: 2s - loss: 2.3417 - accuracy: 0.0989
117/211 [===============>..............] - ETA: 2s - loss: 2.3418 - accuracy: 0.0987
120/211 [================>.............] - ETA: 1s - loss: 2.3419 - accuracy: 0.0987
123/211 [================>.............] - ETA: 1s - loss: 2.3415 - accuracy: 0.0989
126/211 [================>.............] - ETA: 1s - loss: 2.3415 - accuracy: 0.0988
129/211 [=================>............] - ETA: 1s - loss: 2.3411 - accuracy: 0.0991
132/211 [=================>............] - ETA: 1s - loss: 2.3407 - accuracy: 0.0996
135/211 [==================>...........] - ETA: 1s - loss: 2.3404 - accuracy: 0.0993
138/211 [==================>...........] - ETA: 1s - loss: 2.3404 - accuracy: 0.0988
141/211 [===================>..........] - ETA: 1s - loss: 2.3402 - accuracy: 0.0988
144/211 [===================>..........] - ETA: 1s - loss: 2.3401 - accuracy: 0.0984
147/211 [===================>..........] - ETA: 1s - loss: 2.3403 - accuracy: 0.0983
150/211 [====================>.........] - ETA: 1s - loss: 2.3400 - accuracy: 0.0983
153/211 [====================>.........] - ETA: 1s - loss: 2.3399 - accuracy: 0.0979
156/211 [=====================>........] - ETA: 1s - loss: 2.3394 - accuracy: 0.0982
159/211 [=====================>........] - ETA: 1s - loss: 2.3396 - accuracy: 0.0976
162/211 [======================>.......] - ETA: 1s - loss: 2.3395 - accuracy: 0.0976
165/211 [======================>.......] - ETA: 0s - loss: 2.3400 - accuracy: 0.0977
168/211 [======================>.......] - ETA: 0s - loss: 2.3404 - accuracy: 0.0976
171/211 [=======================>......] - ETA: 0s - loss: 2.3406 - accuracy: 0.0975
174/211 [=======================>......] - ETA: 0s - loss: 2.3407 - accuracy: 0.0973
177/211 [========================>.....] - ETA: 0s - loss: 2.3409 - accuracy: 0.0973
180/211 [========================>.....] - ETA: 0s - loss: 2.3409 - accuracy: 0.0975
183/211 [=========================>....] - ETA: 0s - loss: 2.3408 - accuracy: 0.0972
186/211 [=========================>....] - ETA: 0s - loss: 2.3407 - accuracy: 0.0971
189/211 [=========================>....] - ETA: 0s - loss: 2.3404 - accuracy: 0.0972
192/211 [==========================>...] - ETA: 0s - loss: 2.3405 - accuracy: 0.0971
195/211 [==========================>...] - ETA: 0s - loss: 2.3403 - accuracy: 0.0972
198/211 [===========================>..] - ETA: 0s - loss: 2.3402 - accuracy: 0.0974
201/211 [===========================>..] - ETA: 0s - loss: 2.3400 - accuracy: 0.0974
204/211 [============================>.] - ETA: 0s - loss: 2.3398 - accuracy: 0.0972
207/211 [============================>.] - ETA: 0s - loss: 2.3397 - accuracy: 0.0973
210/211 [============================>.] - ETA: 0s - loss: 2.3396 - accuracy: 0.0974
211/211 [==============================] - 5s 23ms/step - loss: 2.3395 - accuracy: 0.0974 - val_loss: 2.3397 - val_accuracy: 0.0972
Epoch 6/149

  1/211 [..............................] - ETA: 6s - loss: 2.3641 - accuracy: 0.1133
  4/211 [..............................] - ETA: 4s - loss: 2.3382 - accuracy: 0.0942
  7/211 [..............................] - ETA: 4s - loss: 2.3334 - accuracy: 0.1036
 10/211 [>.............................] - ETA: 4s - loss: 2.3422 - accuracy: 0.1050
 13/211 [>.............................] - ETA: 4s - loss: 2.3385 - accuracy: 0.1078
 16/211 [=>............................] - ETA: 4s - loss: 2.3384 - accuracy: 0.1051
 19/211 [=>............................] - ETA: 4s - loss: 2.3420 - accuracy: 0.1031
 22/211 [==>...........................] - ETA: 4s - loss: 2.3412 - accuracy: 0.1024
 25/211 [==>...........................] - ETA: 4s - loss: 2.3458 - accuracy: 0.1024
 28/211 [==>...........................] - ETA: 4s - loss: 2.3457 - accuracy: 0.1042
 31/211 [===>..........................] - ETA: 3s - loss: 2.3500 - accuracy: 0.1037
 34/211 [===>..........................] - ETA: 3s - loss: 2.3517 - accuracy: 0.1028
 37/211 [====>.........................] - ETA: 3s - loss: 2.3517 - accuracy: 0.1027
 40/211 [====>.........................] - ETA: 3s - loss: 2.3512 - accuracy: 0.1030
 43/211 [=====>........................] - ETA: 3s - loss: 2.3500 - accuracy: 0.1030
 46/211 [=====>........................] - ETA: 3s - loss: 2.3497 - accuracy: 0.1034
 49/211 [=====>........................] - ETA: 3s - loss: 2.3489 - accuracy: 0.1030
 52/211 [======>.......................] - ETA: 3s - loss: 2.3486 - accuracy: 0.1026
 55/211 [======>.......................] - ETA: 3s - loss: 2.3481 - accuracy: 0.1012
 58/211 [=======>......................] - ETA: 3s - loss: 2.3473 - accuracy: 0.1017
 61/211 [=======>......................] - ETA: 3s - loss: 2.3464 - accuracy: 0.1008
 64/211 [========>.....................] - ETA: 3s - loss: 2.3454 - accuracy: 0.1008
 67/211 [========>.....................] - ETA: 3s - loss: 2.3454 - accuracy: 0.1008
 70/211 [========>.....................] - ETA: 3s - loss: 2.3444 - accuracy: 0.1013
 73/211 [=========>....................] - ETA: 2s - loss: 2.3446 - accuracy: 0.1012
 75/211 [=========>....................] - ETA: 2s - loss: 2.3446 - accuracy: 0.1011
 78/211 [==========>...................] - ETA: 2s - loss: 2.3442 - accuracy: 0.1008
 81/211 [==========>...................] - ETA: 2s - loss: 2.3440 - accuracy: 0.1009
 84/211 [==========>...................] - ETA: 2s - loss: 2.3433 - accuracy: 0.1012
 87/211 [===========>..................] - ETA: 2s - loss: 2.3431 - accuracy: 0.1019
 90/211 [===========>..................] - ETA: 2s - loss: 2.3427 - accuracy: 0.1013
 93/211 [============>.................] - ETA: 2s - loss: 2.3435 - accuracy: 0.1012
 96/211 [============>.................] - ETA: 2s - loss: 2.3434 - accuracy: 0.1011
 99/211 [=============>................] - ETA: 2s - loss: 2.3433 - accuracy: 0.1011
102/211 [=============>................] - ETA: 2s - loss: 2.3434 - accuracy: 0.1010
105/211 [=============>................] - ETA: 2s - loss: 2.3434 - accuracy: 0.1011
108/211 [==============>...............] - ETA: 2s - loss: 2.3432 - accuracy: 0.1011
111/211 [==============>...............] - ETA: 2s - loss: 2.3430 - accuracy: 0.1010
114/211 [===============>..............] - ETA: 2s - loss: 2.3434 - accuracy: 0.1016
117/211 [===============>..............] - ETA: 2s - loss: 2.3436 - accuracy: 0.1015
120/211 [================>.............] - ETA: 1s - loss: 2.3442 - accuracy: 0.1018
123/211 [================>.............] - ETA: 1s - loss: 2.3440 - accuracy: 0.1015
126/211 [================>.............] - ETA: 1s - loss: 2.3437 - accuracy: 0.1018
129/211 [=================>............] - ETA: 1s - loss: 2.3434 - accuracy: 0.1016
132/211 [=================>............] - ETA: 1s - loss: 2.3437 - accuracy: 0.1013
135/211 [==================>...........] - ETA: 1s - loss: 2.3437 - accuracy: 0.1013
138/211 [==================>...........] - ETA: 1s - loss: 2.3435 - accuracy: 0.1012
140/211 [==================>...........] - ETA: 1s - loss: 2.3437 - accuracy: 0.1010
143/211 [===================>..........] - ETA: 1s - loss: 2.3435 - accuracy: 0.1007
146/211 [===================>..........] - ETA: 1s - loss: 2.3430 - accuracy: 0.1008
149/211 [====================>.........] - ETA: 1s - loss: 2.3429 - accuracy: 0.1004
152/211 [====================>.........] - ETA: 1s - loss: 2.3426 - accuracy: 0.1002
155/211 [=====================>........] - ETA: 1s - loss: 2.3424 - accuracy: 0.1001
158/211 [=====================>........] - ETA: 1s - loss: 2.3421 - accuracy: 0.1004
161/211 [=====================>........] - ETA: 1s - loss: 2.3417 - accuracy: 0.1005
164/211 [======================>.......] - ETA: 1s - loss: 2.3416 - accuracy: 0.1003
167/211 [======================>.......] - ETA: 0s - loss: 2.3415 - accuracy: 0.1003
170/211 [=======================>......] - ETA: 0s - loss: 2.3416 - accuracy: 0.1002
173/211 [=======================>......] - ETA: 0s - loss: 2.3415 - accuracy: 0.1002
176/211 [========================>.....] - ETA: 0s - loss: 2.3411 - accuracy: 0.1006
179/211 [========================>.....] - ETA: 0s - loss: 2.3409 - accuracy: 0.1006
182/211 [========================>.....] - ETA: 0s - loss: 2.3409 - accuracy: 0.1005
185/211 [=========================>....] - ETA: 0s - loss: 2.3409 - accuracy: 0.1006
188/211 [=========================>....] - ETA: 0s - loss: 2.3410 - accuracy: 0.1006
191/211 [==========================>...] - ETA: 0s - loss: 2.3410 - accuracy: 0.1006
194/211 [==========================>...] - ETA: 0s - loss: 2.3406 - accuracy: 0.1007
197/211 [===========================>..] - ETA: 0s - loss: 2.3406 - accuracy: 0.1006
200/211 [===========================>..] - ETA: 0s - loss: 2.3404 - accuracy: 0.1007
203/211 [===========================>..] - ETA: 0s - loss: 2.3405 - accuracy: 0.1005
206/211 [============================>.] - ETA: 0s - loss: 2.3406 - accuracy: 0.1005
209/211 [============================>.] - ETA: 0s - loss: 2.3404 - accuracy: 0.1007
211/211 [==============================] - 5s 23ms/step - loss: 2.3404 - accuracy: 0.1008 - val_loss: 2.3217 - val_accuracy: 0.0995
Epoch 7/149

  1/211 [..............................] - ETA: 6s - loss: 2.3480 - accuracy: 0.0938
  4/211 [..............................] - ETA: 5s - loss: 2.3353 - accuracy: 0.1074
  7/211 [..............................] - ETA: 4s - loss: 2.3267 - accuracy: 0.1099
 10/211 [>.............................] - ETA: 4s - loss: 2.3286 - accuracy: 0.1152
 13/211 [>.............................] - ETA: 4s - loss: 2.3301 - accuracy: 0.1082
 16/211 [=>............................] - ETA: 4s - loss: 2.3341 - accuracy: 0.1025
 19/211 [=>............................] - ETA: 4s - loss: 2.3361 - accuracy: 0.1007
 22/211 [==>...........................] - ETA: 4s - loss: 2.3345 - accuracy: 0.1009
 25/211 [==>...........................] - ETA: 4s - loss: 2.3372 - accuracy: 0.0989
 28/211 [==>...........................] - ETA: 3s - loss: 2.3352 - accuracy: 0.0985
 31/211 [===>..........................] - ETA: 3s - loss: 2.3353 - accuracy: 0.0975
 34/211 [===>..........................] - ETA: 3s - loss: 2.3340 - accuracy: 0.0976
 37/211 [====>.........................] - ETA: 3s - loss: 2.3345 - accuracy: 0.0976
 40/211 [====>.........................] - ETA: 3s - loss: 2.3347 - accuracy: 0.0977
 43/211 [=====>........................] - ETA: 3s - loss: 2.3354 - accuracy: 0.0980
 46/211 [=====>........................] - ETA: 3s - loss: 2.3360 - accuracy: 0.0979
 49/211 [=====>........................] - ETA: 3s - loss: 2.3365 - accuracy: 0.0967
 52/211 [======>.......................] - ETA: 3s - loss: 2.3364 - accuracy: 0.0956
 55/211 [======>.......................] - ETA: 3s - loss: 2.3373 - accuracy: 0.0963
 58/211 [=======>......................] - ETA: 3s - loss: 2.3370 - accuracy: 0.0965
 61/211 [=======>......................] - ETA: 3s - loss: 2.3370 - accuracy: 0.0962
 64/211 [========>.....................] - ETA: 3s - loss: 2.3366 - accuracy: 0.0963
 67/211 [========>.....................] - ETA: 3s - loss: 2.3366 - accuracy: 0.0956
 70/211 [========>.....................] - ETA: 3s - loss: 2.3362 - accuracy: 0.0952
 73/211 [=========>....................] - ETA: 2s - loss: 2.3354 - accuracy: 0.0961
 76/211 [=========>....................] - ETA: 2s - loss: 2.3350 - accuracy: 0.0962
 79/211 [==========>...................] - ETA: 2s - loss: 2.3344 - accuracy: 0.0966
 81/211 [==========>...................] - ETA: 2s - loss: 2.3345 - accuracy: 0.0967
 84/211 [==========>...................] - ETA: 2s - loss: 2.3351 - accuracy: 0.0966
 87/211 [===========>..................] - ETA: 2s - loss: 2.3357 - accuracy: 0.0970
 90/211 [===========>..................] - ETA: 2s - loss: 2.3363 - accuracy: 0.0967
 93/211 [============>.................] - ETA: 2s - loss: 2.3372 - accuracy: 0.0965
 96/211 [============>.................] - ETA: 2s - loss: 2.3378 - accuracy: 0.0969
 99/211 [=============>................] - ETA: 2s - loss: 2.3385 - accuracy: 0.0966
102/211 [=============>................] - ETA: 2s - loss: 2.3381 - accuracy: 0.0971
105/211 [=============>................] - ETA: 2s - loss: 2.3376 - accuracy: 0.0980
108/211 [==============>...............] - ETA: 2s - loss: 2.3371 - accuracy: 0.0985
111/211 [==============>...............] - ETA: 2s - loss: 2.3369 - accuracy: 0.0985
114/211 [===============>..............] - ETA: 2s - loss: 2.3369 - accuracy: 0.0982
117/211 [===============>..............] - ETA: 2s - loss: 2.3367 - accuracy: 0.0983
120/211 [================>.............] - ETA: 1s - loss: 2.3368 - accuracy: 0.0980
123/211 [================>.............] - ETA: 1s - loss: 2.3367 - accuracy: 0.0982
126/211 [================>.............] - ETA: 1s - loss: 2.3374 - accuracy: 0.0981
129/211 [=================>............] - ETA: 1s - loss: 2.3379 - accuracy: 0.0982
132/211 [=================>............] - ETA: 1s - loss: 2.3386 - accuracy: 0.0982
135/211 [==================>...........] - ETA: 1s - loss: 2.3388 - accuracy: 0.0981
138/211 [==================>...........] - ETA: 1s - loss: 2.3386 - accuracy: 0.0983
141/211 [===================>..........] - ETA: 1s - loss: 2.3385 - accuracy: 0.0984
144/211 [===================>..........] - ETA: 1s - loss: 2.3388 - accuracy: 0.0984
147/211 [===================>..........] - ETA: 1s - loss: 2.3395 - accuracy: 0.0991
150/211 [====================>.........] - ETA: 1s - loss: 2.3398 - accuracy: 0.0987
153/211 [====================>.........] - ETA: 1s - loss: 2.3408 - accuracy: 0.0985
156/211 [=====================>........] - ETA: 1s - loss: 2.3414 - accuracy: 0.0981
159/211 [=====================>........] - ETA: 1s - loss: 2.3417 - accuracy: 0.0980
162/211 [======================>.......] - ETA: 1s - loss: 2.3418 - accuracy: 0.0981
165/211 [======================>.......] - ETA: 0s - loss: 2.3422 - accuracy: 0.0980
168/211 [======================>.......] - ETA: 0s - loss: 2.3424 - accuracy: 0.0977
171/211 [=======================>......] - ETA: 0s - loss: 2.3420 - accuracy: 0.0979
174/211 [=======================>......] - ETA: 0s - loss: 2.3423 - accuracy: 0.0974
177/211 [========================>.....] - ETA: 0s - loss: 2.3421 - accuracy: 0.0976
180/211 [========================>.....] - ETA: 0s - loss: 2.3418 - accuracy: 0.0980
183/211 [=========================>....] - ETA: 0s - loss: 2.3419 - accuracy: 0.0978
186/211 [=========================>....] - ETA: 0s - loss: 2.3417 - accuracy: 0.0981
189/211 [=========================>....] - ETA: 0s - loss: 2.3420 - accuracy: 0.0980
192/211 [==========================>...] - ETA: 0s - loss: 2.3423 - accuracy: 0.0977
195/211 [==========================>...] - ETA: 0s - loss: 2.3425 - accuracy: 0.0975
198/211 [===========================>..] - ETA: 0s - loss: 2.3424 - accuracy: 0.0975
201/211 [===========================>..] - ETA: 0s - loss: 2.3424 - accuracy: 0.0975
204/211 [============================>.] - ETA: 0s - loss: 2.3424 - accuracy: 0.0974
207/211 [============================>.] - ETA: 0s - loss: 2.3423 - accuracy: 0.0973
210/211 [============================>.] - ETA: 0s - loss: 2.3424 - accuracy: 0.0972
211/211 [==============================] - 5s 23ms/step - loss: 2.3424 - accuracy: 0.0972 - val_loss: 2.3433 - val_accuracy: 0.0918
Epoch 8/149

  1/211 [..............................] - ETA: 6s - loss: 2.3265 - accuracy: 0.1406
  3/211 [..............................] - ETA: 5s - loss: 2.3380 - accuracy: 0.1107
  6/211 [..............................] - ETA: 4s - loss: 2.3398 - accuracy: 0.1113
  9/211 [>.............................] - ETA: 4s - loss: 2.3390 - accuracy: 0.1120
 12/211 [>.............................] - ETA: 4s - loss: 2.3492 - accuracy: 0.1084
 15/211 [=>............................] - ETA: 4s - loss: 2.3498 - accuracy: 0.1083
 18/211 [=>............................] - ETA: 4s - loss: 2.3483 - accuracy: 0.1072
 21/211 [=>............................] - ETA: 4s - loss: 2.3484 - accuracy: 0.1070
 24/211 [==>...........................] - ETA: 4s - loss: 2.3467 - accuracy: 0.1066
 27/211 [==>...........................] - ETA: 3s - loss: 2.3438 - accuracy: 0.1050
 30/211 [===>..........................] - ETA: 3s - loss: 2.3435 - accuracy: 0.1056
 33/211 [===>..........................] - ETA: 3s - loss: 2.3432 - accuracy: 0.1046
 36/211 [====>.........................] - ETA: 3s - loss: 2.3449 - accuracy: 0.1034
 39/211 [====>.........................] - ETA: 3s - loss: 2.3444 - accuracy: 0.1023
 42/211 [====>.........................] - ETA: 3s - loss: 2.3436 - accuracy: 0.1027
 45/211 [=====>........................] - ETA: 3s - loss: 2.3436 - accuracy: 0.1030
 48/211 [=====>........................] - ETA: 3s - loss: 2.3434 - accuracy: 0.1026
 51/211 [======>.......................] - ETA: 3s - loss: 2.3428 - accuracy: 0.1029
 54/211 [======>.......................] - ETA: 3s - loss: 2.3420 - accuracy: 0.1029
 57/211 [=======>......................] - ETA: 3s - loss: 2.3416 - accuracy: 0.1024
 60/211 [=======>......................] - ETA: 3s - loss: 2.3400 - accuracy: 0.1022
 63/211 [=======>......................] - ETA: 3s - loss: 2.3405 - accuracy: 0.1021
 66/211 [========>.....................] - ETA: 3s - loss: 2.3397 - accuracy: 0.1021
 69/211 [========>.....................] - ETA: 3s - loss: 2.3396 - accuracy: 0.1019
 72/211 [=========>....................] - ETA: 3s - loss: 2.3393 - accuracy: 0.1022
 75/211 [=========>....................] - ETA: 2s - loss: 2.3394 - accuracy: 0.1019
 78/211 [==========>...................] - ETA: 2s - loss: 2.3391 - accuracy: 0.1018
 81/211 [==========>...................] - ETA: 2s - loss: 2.3390 - accuracy: 0.1017
 84/211 [==========>...................] - ETA: 2s - loss: 2.3392 - accuracy: 0.1014
 87/211 [===========>..................] - ETA: 2s - loss: 2.3390 - accuracy: 0.1016
 90/211 [===========>..................] - ETA: 2s - loss: 2.3380 - accuracy: 0.1016
 93/211 [============>.................] - ETA: 2s - loss: 2.3380 - accuracy: 0.1017
 96/211 [============>.................] - ETA: 2s - loss: 2.3375 - accuracy: 0.1026
 99/211 [=============>................] - ETA: 2s - loss: 2.3373 - accuracy: 0.1023
102/211 [=============>................] - ETA: 2s - loss: 2.3381 - accuracy: 0.1024
105/211 [=============>................] - ETA: 2s - loss: 2.3380 - accuracy: 0.1021
108/211 [==============>...............] - ETA: 2s - loss: 2.3387 - accuracy: 0.1018
111/211 [==============>...............] - ETA: 2s - loss: 2.3385 - accuracy: 0.1018
114/211 [===============>..............] - ETA: 2s - loss: 2.3402 - accuracy: 0.1018
117/211 [===============>..............] - ETA: 2s - loss: 2.3404 - accuracy: 0.1018
120/211 [================>.............] - ETA: 1s - loss: 2.3413 - accuracy: 0.1017
123/211 [================>.............] - ETA: 1s - loss: 2.3412 - accuracy: 0.1021
126/211 [================>.............] - ETA: 1s - loss: 2.3410 - accuracy: 0.1022
129/211 [=================>............] - ETA: 1s - loss: 2.3411 - accuracy: 0.1023
132/211 [=================>............] - ETA: 1s - loss: 2.3411 - accuracy: 0.1025
135/211 [==================>...........] - ETA: 1s - loss: 2.3417 - accuracy: 0.1023
138/211 [==================>...........] - ETA: 1s - loss: 2.3415 - accuracy: 0.1020
141/211 [===================>..........] - ETA: 1s - loss: 2.3412 - accuracy: 0.1017
144/211 [===================>..........] - ETA: 1s - loss: 2.3412 - accuracy: 0.1011
147/211 [===================>..........] - ETA: 1s - loss: 2.3409 - accuracy: 0.1009
150/211 [====================>.........] - ETA: 1s - loss: 2.3406 - accuracy: 0.1009
153/211 [====================>.........] - ETA: 1s - loss: 2.3405 - accuracy: 0.1006
156/211 [=====================>........] - ETA: 1s - loss: 2.3403 - accuracy: 0.1007
159/211 [=====================>........] - ETA: 1s - loss: 2.3404 - accuracy: 0.1008
162/211 [======================>.......] - ETA: 1s - loss: 2.3409 - accuracy: 0.1006
165/211 [======================>.......] - ETA: 0s - loss: 2.3412 - accuracy: 0.1005
168/211 [======================>.......] - ETA: 0s - loss: 2.3420 - accuracy: 0.1004
171/211 [=======================>......] - ETA: 0s - loss: 2.3421 - accuracy: 0.1004
174/211 [=======================>......] - ETA: 0s - loss: 2.3429 - accuracy: 0.1006
177/211 [========================>.....] - ETA: 0s - loss: 2.3427 - accuracy: 0.1007
180/211 [========================>.....] - ETA: 0s - loss: 2.3426 - accuracy: 0.1008
183/211 [=========================>....] - ETA: 0s - loss: 2.3423 - accuracy: 0.1007
186/211 [=========================>....] - ETA: 0s - loss: 2.3426 - accuracy: 0.1003
189/211 [=========================>....] - ETA: 0s - loss: 2.3426 - accuracy: 0.1002
192/211 [==========================>...] - ETA: 0s - loss: 2.3425 - accuracy: 0.0999
195/211 [==========================>...] - ETA: 0s - loss: 2.3431 - accuracy: 0.0999
198/211 [===========================>..] - ETA: 0s - loss: 2.3427 - accuracy: 0.1002
201/211 [===========================>..] - ETA: 0s - loss: 2.3428 - accuracy: 0.1003
204/211 [============================>.] - ETA: 0s - loss: 2.3428 - accuracy: 0.1002
207/211 [============================>.] - ETA: 0s - loss: 2.3428 - accuracy: 0.1002
210/211 [============================>.] - ETA: 0s - loss: 2.3426 - accuracy: 0.1002
211/211 [==============================] - 5s 23ms/step - loss: 2.3427 - accuracy: 0.1002 - val_loss: 2.3277 - val_accuracy: 0.1017
Epoch 8: early stopping

  1/188 [..............................] - ETA: 2s - loss: 2.3701 - accuracy: 0.0625
 31/188 [===>..........................] - ETA: 0s - loss: 2.3317 - accuracy: 0.1028
 68/188 [=========>....................] - ETA: 0s - loss: 2.3290 - accuracy: 0.1002
104/188 [===============>..............] - ETA: 0s - loss: 2.3296 - accuracy: 0.0992
141/188 [=====================>........] - ETA: 0s - loss: 2.3287 - accuracy: 0.0995
177/188 [===========================>..] - ETA: 0s - loss: 2.3280 - accuracy: 0.1012
188/188 [==============================] - 0s 2ms/step - loss: 2.3277 - accuracy: 0.1017
