2024-08-25 11:59:40.279505: I tensorflow/core/platform/cpu_feature_guard.cc:193] This TensorFlow binary is optimized with oneAPI Deep Neural Network Library (oneDNN) to use the following CPU instructions in performance-critical operations:  AVX AVX2
To enable them in other operations, rebuild TensorFlow with the appropriate compiler flags.
2024-08-25 11:59:41.105878: I tensorflow/core/common_runtime/gpu/gpu_device.cc:1616] Created device /job:localhost/replica:0/task:0/device:GPU:0 with 13575 MB memory:  -> device: 0, name: NVIDIA GeForce RTX 4060 Ti, pci bus id: 0000:01:00.0, compute capability: 8.9
1 Physical GPUs, 1 Logical GPUs
Fold:  0
Model: "sequential"
_________________________________________________________________
 Layer (type)                Output Shape              Param #   
=================================================================
 conv2d (Conv2D)             (None, 32, 32, 32)        896       
                                                                 
 dropout (Dropout)           (None, 32, 32, 32)        0         
                                                                 
 flatten (Flatten)           (None, 32768)             0         
                                                                 
 dense (Dense)               (None, 126)               4128894   
                                                                 
 dropout_1 (Dropout)         (None, 126)               0         
                                                                 
 dense_1 (Dense)             (None, 74)                9398      
                                                                 
 dropout_2 (Dropout)         (None, 74)                0         
                                                                 
 dense_2 (Dense)             (None, 10)                750       
                                                                 
=================================================================
Total params: 4,139,938
Trainable params: 4,139,938
Non-trainable params: 0
_________________________________________________________________
Taxa de aprendizado:  0.001 Num de épocas:  136 Tamanho do lote:  128 Dropout:  0.26
Epoch 1/136
2024-08-25 11:59:42.705254: I tensorflow/stream_executor/cuda/cuda_dnn.cc:384] Loaded cuDNN version 8100
2024-08-25 11:59:43.833478: W tensorflow/stream_executor/gpu/redzone_allocator.cc:314] INTERNAL: ptxas exited with non-zero error code -1, output: 
Relying on driver to perform ptx compilation. 
Modify $PATH to customize ptxas location.
This message will be only logged once.
2024-08-25 11:59:44.875377: I tensorflow/stream_executor/cuda/cuda_blas.cc:1614] TensorFloat-32 will be used for the matrix multiplication. This will only be logged once.

  1/422 [..............................] - ETA: 26:39 - loss: 2.3860 - accuracy: 0.1016
  8/422 [..............................] - ETA: 3s - loss: 2.8637 - accuracy: 0.1201   
 16/422 [>.............................] - ETA: 3s - loss: 2.6916 - accuracy: 0.1172
 24/422 [>.............................] - ETA: 3s - loss: 2.5915 - accuracy: 0.1270
 32/422 [=>............................] - ETA: 3s - loss: 2.5354 - accuracy: 0.1335
 40/422 [=>............................] - ETA: 3s - loss: 2.4879 - accuracy: 0.1426
 49/422 [==>...........................] - ETA: 2s - loss: 2.4350 - accuracy: 0.1551
 56/422 [==>...........................] - ETA: 2s - loss: 2.3982 - accuracy: 0.1646
 64/422 [===>..........................] - ETA: 2s - loss: 2.3688 - accuracy: 0.1700
 73/422 [====>.........................] - ETA: 2s - loss: 2.3347 - accuracy: 0.1782
 81/422 [====>.........................] - ETA: 2s - loss: 2.3155 - accuracy: 0.1834
 89/422 [=====>........................] - ETA: 2s - loss: 2.2903 - accuracy: 0.1895
 97/422 [=====>........................] - ETA: 2s - loss: 2.2690 - accuracy: 0.1949
106/422 [======>.......................] - ETA: 2s - loss: 2.2479 - accuracy: 0.2010
114/422 [=======>......................] - ETA: 2s - loss: 2.2255 - accuracy: 0.2074
123/422 [=======>......................] - ETA: 2s - loss: 2.1972 - accuracy: 0.2165
132/422 [========>.....................] - ETA: 2s - loss: 2.1669 - accuracy: 0.2264
140/422 [========>.....................] - ETA: 2s - loss: 2.1459 - accuracy: 0.2321
148/422 [=========>....................] - ETA: 2s - loss: 2.1234 - accuracy: 0.2398
156/422 [==========>...................] - ETA: 2s - loss: 2.1019 - accuracy: 0.2463
164/422 [==========>...................] - ETA: 1s - loss: 2.0780 - accuracy: 0.2548
172/422 [===========>..................] - ETA: 1s - loss: 2.0568 - accuracy: 0.2630
180/422 [===========>..................] - ETA: 1s - loss: 2.0376 - accuracy: 0.2695
188/422 [============>.................] - ETA: 1s - loss: 2.0201 - accuracy: 0.2755
196/422 [============>.................] - ETA: 1s - loss: 2.0008 - accuracy: 0.2835
205/422 [=============>................] - ETA: 1s - loss: 1.9786 - accuracy: 0.2911
213/422 [==============>...............] - ETA: 1s - loss: 1.9621 - accuracy: 0.2969
220/422 [==============>...............] - ETA: 1s - loss: 1.9497 - accuracy: 0.3015
228/422 [===============>..............] - ETA: 1s - loss: 1.9350 - accuracy: 0.3060
237/422 [===============>..............] - ETA: 1s - loss: 1.9198 - accuracy: 0.3113
245/422 [================>.............] - ETA: 1s - loss: 1.9069 - accuracy: 0.3161
253/422 [================>.............] - ETA: 1s - loss: 1.8924 - accuracy: 0.3214
262/422 [=================>............] - ETA: 1s - loss: 1.8780 - accuracy: 0.3270
271/422 [==================>...........] - ETA: 1s - loss: 1.8645 - accuracy: 0.3319
274/422 [==================>...........] - ETA: 1s - loss: 1.8611 - accuracy: 0.3332
281/422 [==================>...........] - ETA: 1s - loss: 1.8519 - accuracy: 0.3365
289/422 [===================>..........] - ETA: 1s - loss: 1.8414 - accuracy: 0.3405
297/422 [====================>.........] - ETA: 0s - loss: 1.8315 - accuracy: 0.3439
304/422 [====================>.........] - ETA: 0s - loss: 1.8237 - accuracy: 0.3467
311/422 [=====================>........] - ETA: 0s - loss: 1.8145 - accuracy: 0.3501
319/422 [=====================>........] - ETA: 0s - loss: 1.8036 - accuracy: 0.3542
328/422 [======================>.......] - ETA: 0s - loss: 1.7932 - accuracy: 0.3582
337/422 [======================>.......] - ETA: 0s - loss: 1.7807 - accuracy: 0.3628
345/422 [=======================>......] - ETA: 0s - loss: 1.7735 - accuracy: 0.3652
353/422 [========================>.....] - ETA: 0s - loss: 1.7652 - accuracy: 0.3682
362/422 [========================>.....] - ETA: 0s - loss: 1.7567 - accuracy: 0.3712
370/422 [=========================>....] - ETA: 0s - loss: 1.7499 - accuracy: 0.3737
379/422 [=========================>....] - ETA: 0s - loss: 1.7405 - accuracy: 0.3772
387/422 [==========================>...] - ETA: 0s - loss: 1.7325 - accuracy: 0.3796
396/422 [===========================>..] - ETA: 0s - loss: 1.7246 - accuracy: 0.3825
404/422 [===========================>..] - ETA: 0s - loss: 1.7181 - accuracy: 0.3847
413/422 [============================>.] - ETA: 0s - loss: 1.7106 - accuracy: 0.3877
420/422 [============================>.] - ETA: 0s - loss: 1.7049 - accuracy: 0.3901
422/422 [==============================] - 8s 10ms/step - loss: 1.7033 - accuracy: 0.3906 - val_loss: 1.2691 - val_accuracy: 0.5457
Epoch 2/136

  1/422 [..............................] - ETA: 6s - loss: 1.2372 - accuracy: 0.5625
  9/422 [..............................] - ETA: 3s - loss: 1.2572 - accuracy: 0.5425
 17/422 [>.............................] - ETA: 3s - loss: 1.2570 - accuracy: 0.5483
 25/422 [>.............................] - ETA: 3s - loss: 1.2442 - accuracy: 0.5509
 33/422 [=>............................] - ETA: 3s - loss: 1.2522 - accuracy: 0.5473
 41/422 [=>............................] - ETA: 2s - loss: 1.2709 - accuracy: 0.5393
 49/422 [==>...........................] - ETA: 2s - loss: 1.2830 - accuracy: 0.5348
 57/422 [===>..........................] - ETA: 2s - loss: 1.2884 - accuracy: 0.5340
 65/422 [===>..........................] - ETA: 2s - loss: 1.2868 - accuracy: 0.5359
 74/422 [====>.........................] - ETA: 2s - loss: 1.2965 - accuracy: 0.5328
 81/422 [====>.........................] - ETA: 2s - loss: 1.2986 - accuracy: 0.5321
 89/422 [=====>........................] - ETA: 2s - loss: 1.3003 - accuracy: 0.5305
 97/422 [=====>........................] - ETA: 2s - loss: 1.2992 - accuracy: 0.5314
105/422 [======>.......................] - ETA: 2s - loss: 1.3037 - accuracy: 0.5309
114/422 [=======>......................] - ETA: 2s - loss: 1.3010 - accuracy: 0.5316
122/422 [=======>......................] - ETA: 2s - loss: 1.3030 - accuracy: 0.5309
130/422 [========>.....................] - ETA: 2s - loss: 1.3011 - accuracy: 0.5319
139/422 [========>.....................] - ETA: 2s - loss: 1.3010 - accuracy: 0.5318
147/422 [=========>....................] - ETA: 2s - loss: 1.3016 - accuracy: 0.5315
155/422 [==========>...................] - ETA: 2s - loss: 1.3048 - accuracy: 0.5307
164/422 [==========>...................] - ETA: 1s - loss: 1.3046 - accuracy: 0.5311
171/422 [===========>..................] - ETA: 1s - loss: 1.3025 - accuracy: 0.5313
180/422 [===========>..................] - ETA: 1s - loss: 1.2987 - accuracy: 0.5328
188/422 [============>.................] - ETA: 1s - loss: 1.2983 - accuracy: 0.5331
197/422 [=============>................] - ETA: 1s - loss: 1.2961 - accuracy: 0.5339
205/422 [=============>................] - ETA: 1s - loss: 1.2961 - accuracy: 0.5344
214/422 [==============>...............] - ETA: 1s - loss: 1.2950 - accuracy: 0.5352
222/422 [==============>...............] - ETA: 1s - loss: 1.2945 - accuracy: 0.5351
230/422 [===============>..............] - ETA: 1s - loss: 1.2933 - accuracy: 0.5363
238/422 [===============>..............] - ETA: 1s - loss: 1.2928 - accuracy: 0.5368
247/422 [================>.............] - ETA: 1s - loss: 1.2924 - accuracy: 0.5373
255/422 [=================>............] - ETA: 1s - loss: 1.2909 - accuracy: 0.5383
264/422 [=================>............] - ETA: 1s - loss: 1.2888 - accuracy: 0.5386
272/422 [==================>...........] - ETA: 1s - loss: 1.2881 - accuracy: 0.5384
280/422 [==================>...........] - ETA: 1s - loss: 1.2854 - accuracy: 0.5393
288/422 [===================>..........] - ETA: 1s - loss: 1.2837 - accuracy: 0.5401
297/422 [====================>.........] - ETA: 0s - loss: 1.2823 - accuracy: 0.5400
305/422 [====================>.........] - ETA: 0s - loss: 1.2808 - accuracy: 0.5409
314/422 [=====================>........] - ETA: 0s - loss: 1.2798 - accuracy: 0.5412
322/422 [=====================>........] - ETA: 0s - loss: 1.2790 - accuracy: 0.5419
331/422 [======================>.......] - ETA: 0s - loss: 1.2798 - accuracy: 0.5416
339/422 [=======================>......] - ETA: 0s - loss: 1.2785 - accuracy: 0.5426
347/422 [=======================>......] - ETA: 0s - loss: 1.2787 - accuracy: 0.5426
356/422 [========================>.....] - ETA: 0s - loss: 1.2783 - accuracy: 0.5433
363/422 [========================>.....] - ETA: 0s - loss: 1.2767 - accuracy: 0.5438
371/422 [=========================>....] - ETA: 0s - loss: 1.2760 - accuracy: 0.5440
379/422 [=========================>....] - ETA: 0s - loss: 1.2751 - accuracy: 0.5443
387/422 [==========================>...] - ETA: 0s - loss: 1.2754 - accuracy: 0.5439
394/422 [===========================>..] - ETA: 0s - loss: 1.2758 - accuracy: 0.5439
401/422 [===========================>..] - ETA: 0s - loss: 1.2752 - accuracy: 0.5442
408/422 [============================>.] - ETA: 0s - loss: 1.2741 - accuracy: 0.5448
414/422 [============================>.] - ETA: 0s - loss: 1.2741 - accuracy: 0.5451
422/422 [==============================] - ETA: 0s - loss: 1.2741 - accuracy: 0.5449
422/422 [==============================] - 4s 9ms/step - loss: 1.2741 - accuracy: 0.5449 - val_loss: 1.2017 - val_accuracy: 0.5745
Epoch 3/136

  1/422 [..............................] - ETA: 6s - loss: 1.1274 - accuracy: 0.6016
  9/422 [..............................] - ETA: 3s - loss: 1.1544 - accuracy: 0.5920
 18/422 [>.............................] - ETA: 2s - loss: 1.1567 - accuracy: 0.5881
 26/422 [>.............................] - ETA: 2s - loss: 1.1595 - accuracy: 0.5931
 34/422 [=>............................] - ETA: 2s - loss: 1.1512 - accuracy: 0.5933
 42/422 [=>............................] - ETA: 2s - loss: 1.1523 - accuracy: 0.5947
 50/422 [==>...........................] - ETA: 2s - loss: 1.1508 - accuracy: 0.5958
 59/422 [===>..........................] - ETA: 2s - loss: 1.1416 - accuracy: 0.5976
 67/422 [===>..........................] - ETA: 2s - loss: 1.1300 - accuracy: 0.6027
 76/422 [====>.........................] - ETA: 2s - loss: 1.1277 - accuracy: 0.6021
 84/422 [====>.........................] - ETA: 2s - loss: 1.1344 - accuracy: 0.5991
 92/422 [=====>........................] - ETA: 2s - loss: 1.1331 - accuracy: 0.5988
100/422 [======>.......................] - ETA: 2s - loss: 1.1336 - accuracy: 0.5984
109/422 [======>.......................] - ETA: 2s - loss: 1.1330 - accuracy: 0.6000
117/422 [=======>......................] - ETA: 2s - loss: 1.1313 - accuracy: 0.6004
126/422 [=======>......................] - ETA: 2s - loss: 1.1339 - accuracy: 0.6002
134/422 [========>.....................] - ETA: 2s - loss: 1.1362 - accuracy: 0.5988
142/422 [=========>....................] - ETA: 2s - loss: 1.1385 - accuracy: 0.5974
150/422 [=========>....................] - ETA: 2s - loss: 1.1381 - accuracy: 0.5974
159/422 [==========>...................] - ETA: 1s - loss: 1.1352 - accuracy: 0.5971
166/422 [==========>...................] - ETA: 1s - loss: 1.1353 - accuracy: 0.5971
175/422 [===========>..................] - ETA: 1s - loss: 1.1365 - accuracy: 0.5968
183/422 [============>.................] - ETA: 1s - loss: 1.1393 - accuracy: 0.5960
191/422 [============>.................] - ETA: 1s - loss: 1.1375 - accuracy: 0.5967
199/422 [=============>................] - ETA: 1s - loss: 1.1405 - accuracy: 0.5958
207/422 [=============>................] - ETA: 1s - loss: 1.1391 - accuracy: 0.5967
215/422 [==============>...............] - ETA: 1s - loss: 1.1388 - accuracy: 0.5965
223/422 [==============>...............] - ETA: 1s - loss: 1.1400 - accuracy: 0.5963
231/422 [===============>..............] - ETA: 1s - loss: 1.1409 - accuracy: 0.5958
240/422 [================>.............] - ETA: 1s - loss: 1.1425 - accuracy: 0.5956
249/422 [================>.............] - ETA: 1s - loss: 1.1439 - accuracy: 0.5958
257/422 [=================>............] - ETA: 1s - loss: 1.1457 - accuracy: 0.5951
266/422 [=================>............] - ETA: 1s - loss: 1.1455 - accuracy: 0.5952
274/422 [==================>...........] - ETA: 1s - loss: 1.1452 - accuracy: 0.5955
282/422 [===================>..........] - ETA: 1s - loss: 1.1472 - accuracy: 0.5952
291/422 [===================>..........] - ETA: 0s - loss: 1.1470 - accuracy: 0.5949
299/422 [====================>.........] - ETA: 0s - loss: 1.1480 - accuracy: 0.5949
307/422 [====================>.........] - ETA: 0s - loss: 1.1473 - accuracy: 0.5957
315/422 [=====================>........] - ETA: 0s - loss: 1.1470 - accuracy: 0.5959
324/422 [======================>.......] - ETA: 0s - loss: 1.1460 - accuracy: 0.5960
332/422 [======================>.......] - ETA: 0s - loss: 1.1458 - accuracy: 0.5962
341/422 [=======================>......] - ETA: 0s - loss: 1.1455 - accuracy: 0.5964
349/422 [=======================>......] - ETA: 0s - loss: 1.1467 - accuracy: 0.5960
357/422 [========================>.....] - ETA: 0s - loss: 1.1472 - accuracy: 0.5958
365/422 [========================>.....] - ETA: 0s - loss: 1.1468 - accuracy: 0.5959
373/422 [=========================>....] - ETA: 0s - loss: 1.1474 - accuracy: 0.5955
382/422 [==========================>...] - ETA: 0s - loss: 1.1469 - accuracy: 0.5960
390/422 [==========================>...] - ETA: 0s - loss: 1.1456 - accuracy: 0.5966
398/422 [===========================>..] - ETA: 0s - loss: 1.1455 - accuracy: 0.5966
407/422 [===========================>..] - ETA: 0s - loss: 1.1460 - accuracy: 0.5961
415/422 [============================>.] - ETA: 0s - loss: 1.1455 - accuracy: 0.5962
422/422 [==============================] - 4s 9ms/step - loss: 1.1461 - accuracy: 0.5959 - val_loss: 1.1386 - val_accuracy: 0.5890
Epoch 4/136

  1/422 [..............................] - ETA: 6s - loss: 0.9324 - accuracy: 0.6797
  9/422 [..............................] - ETA: 3s - loss: 1.0065 - accuracy: 0.6562
 17/422 [>.............................] - ETA: 3s - loss: 1.0222 - accuracy: 0.6498
 25/422 [>.............................] - ETA: 3s - loss: 1.0142 - accuracy: 0.6488
 34/422 [=>............................] - ETA: 2s - loss: 1.0202 - accuracy: 0.6445
 42/422 [=>............................] - ETA: 2s - loss: 1.0124 - accuracy: 0.6475
 51/422 [==>...........................] - ETA: 2s - loss: 1.0219 - accuracy: 0.6441
 59/422 [===>..........................] - ETA: 2s - loss: 1.0319 - accuracy: 0.6408
 67/422 [===>..........................] - ETA: 2s - loss: 1.0320 - accuracy: 0.6388
 75/422 [====>.........................] - ETA: 2s - loss: 1.0419 - accuracy: 0.6368
 82/422 [====>.........................] - ETA: 2s - loss: 1.0412 - accuracy: 0.6369
 91/422 [=====>........................] - ETA: 2s - loss: 1.0386 - accuracy: 0.6376
 99/422 [======>.......................] - ETA: 2s - loss: 1.0375 - accuracy: 0.6386
108/422 [======>.......................] - ETA: 2s - loss: 1.0425 - accuracy: 0.6356
116/422 [=======>......................] - ETA: 2s - loss: 1.0455 - accuracy: 0.6338
124/422 [=======>......................] - ETA: 2s - loss: 1.0487 - accuracy: 0.6335
132/422 [========>.....................] - ETA: 2s - loss: 1.0524 - accuracy: 0.6312
140/422 [========>.....................] - ETA: 2s - loss: 1.0546 - accuracy: 0.6305
149/422 [=========>....................] - ETA: 2s - loss: 1.0514 - accuracy: 0.6313
158/422 [==========>...................] - ETA: 1s - loss: 1.0532 - accuracy: 0.6304
166/422 [==========>...................] - ETA: 1s - loss: 1.0502 - accuracy: 0.6321
175/422 [===========>..................] - ETA: 1s - loss: 1.0519 - accuracy: 0.6314
183/422 [============>.................] - ETA: 1s - loss: 1.0546 - accuracy: 0.6316
191/422 [============>.................] - ETA: 1s - loss: 1.0519 - accuracy: 0.6320
200/422 [=============>................] - ETA: 1s - loss: 1.0515 - accuracy: 0.6323
208/422 [=============>................] - ETA: 1s - loss: 1.0521 - accuracy: 0.6325
216/422 [==============>...............] - ETA: 1s - loss: 1.0531 - accuracy: 0.6314
223/422 [==============>...............] - ETA: 1s - loss: 1.0556 - accuracy: 0.6304
230/422 [===============>..............] - ETA: 1s - loss: 1.0562 - accuracy: 0.6301
238/422 [===============>..............] - ETA: 1s - loss: 1.0567 - accuracy: 0.6298
247/422 [================>.............] - ETA: 1s - loss: 1.0583 - accuracy: 0.6288
256/422 [=================>............] - ETA: 1s - loss: 1.0582 - accuracy: 0.6296
264/422 [=================>............] - ETA: 1s - loss: 1.0573 - accuracy: 0.6297
272/422 [==================>...........] - ETA: 1s - loss: 1.0563 - accuracy: 0.6294
280/422 [==================>...........] - ETA: 1s - loss: 1.0564 - accuracy: 0.6293
289/422 [===================>..........] - ETA: 1s - loss: 1.0569 - accuracy: 0.6293
297/422 [====================>.........] - ETA: 0s - loss: 1.0585 - accuracy: 0.6287
306/422 [====================>.........] - ETA: 0s - loss: 1.0587 - accuracy: 0.6285
313/422 [=====================>........] - ETA: 0s - loss: 1.0587 - accuracy: 0.6285
320/422 [=====================>........] - ETA: 0s - loss: 1.0584 - accuracy: 0.6284
328/422 [======================>.......] - ETA: 0s - loss: 1.0584 - accuracy: 0.6287
337/422 [======================>.......] - ETA: 0s - loss: 1.0578 - accuracy: 0.6291
346/422 [=======================>......] - ETA: 0s - loss: 1.0578 - accuracy: 0.6289
353/422 [========================>.....] - ETA: 0s - loss: 1.0583 - accuracy: 0.6288
362/422 [========================>.....] - ETA: 0s - loss: 1.0591 - accuracy: 0.6280
371/422 [=========================>....] - ETA: 0s - loss: 1.0597 - accuracy: 0.6278
378/422 [=========================>....] - ETA: 0s - loss: 1.0604 - accuracy: 0.6282
385/422 [==========================>...] - ETA: 0s - loss: 1.0594 - accuracy: 0.6286
392/422 [==========================>...] - ETA: 0s - loss: 1.0599 - accuracy: 0.6285
401/422 [===========================>..] - ETA: 0s - loss: 1.0595 - accuracy: 0.6288
410/422 [============================>.] - ETA: 0s - loss: 1.0597 - accuracy: 0.6287
419/422 [============================>.] - ETA: 0s - loss: 1.0599 - accuracy: 0.6285
422/422 [==============================] - 4s 9ms/step - loss: 1.0602 - accuracy: 0.6282 - val_loss: 1.0815 - val_accuracy: 0.6130
Epoch 5/136

  1/422 [..............................] - ETA: 6s - loss: 0.9424 - accuracy: 0.6641
 10/422 [..............................] - ETA: 2s - loss: 0.9477 - accuracy: 0.6789
 18/422 [>.............................] - ETA: 2s - loss: 0.9454 - accuracy: 0.6797
 26/422 [>.............................] - ETA: 2s - loss: 0.9572 - accuracy: 0.6704
 34/422 [=>............................] - ETA: 2s - loss: 0.9723 - accuracy: 0.6633
 43/422 [==>...........................] - ETA: 2s - loss: 0.9671 - accuracy: 0.6640
 51/422 [==>...........................] - ETA: 2s - loss: 0.9645 - accuracy: 0.6634
 59/422 [===>..........................] - ETA: 2s - loss: 0.9645 - accuracy: 0.6632
 67/422 [===>..........................] - ETA: 2s - loss: 0.9692 - accuracy: 0.6619
 76/422 [====>.........................] - ETA: 2s - loss: 0.9675 - accuracy: 0.6604
 85/422 [=====>........................] - ETA: 2s - loss: 0.9683 - accuracy: 0.6590
 93/422 [=====>........................] - ETA: 2s - loss: 0.9656 - accuracy: 0.6602
101/422 [======>.......................] - ETA: 2s - loss: 0.9637 - accuracy: 0.6605
109/422 [======>.......................] - ETA: 2s - loss: 0.9634 - accuracy: 0.6608
117/422 [=======>......................] - ETA: 2s - loss: 0.9696 - accuracy: 0.6594
125/422 [=======>......................] - ETA: 2s - loss: 0.9714 - accuracy: 0.6594
133/422 [========>.....................] - ETA: 2s - loss: 0.9746 - accuracy: 0.6589
141/422 [=========>....................] - ETA: 2s - loss: 0.9756 - accuracy: 0.6590
150/422 [=========>....................] - ETA: 2s - loss: 0.9773 - accuracy: 0.6575
158/422 [==========>...................] - ETA: 1s - loss: 0.9769 - accuracy: 0.6578
166/422 [==========>...................] - ETA: 1s - loss: 0.9771 - accuracy: 0.6575
174/422 [===========>..................] - ETA: 1s - loss: 0.9801 - accuracy: 0.6568
182/422 [===========>..................] - ETA: 1s - loss: 0.9810 - accuracy: 0.6556
190/422 [============>.................] - ETA: 1s - loss: 0.9814 - accuracy: 0.6559
197/422 [=============>................] - ETA: 1s - loss: 0.9814 - accuracy: 0.6558
206/422 [=============>................] - ETA: 1s - loss: 0.9834 - accuracy: 0.6553
215/422 [==============>...............] - ETA: 1s - loss: 0.9811 - accuracy: 0.6567
223/422 [==============>...............] - ETA: 1s - loss: 0.9816 - accuracy: 0.6569
232/422 [===============>..............] - ETA: 1s - loss: 0.9809 - accuracy: 0.6581
240/422 [================>.............] - ETA: 1s - loss: 0.9807 - accuracy: 0.6577
248/422 [================>.............] - ETA: 1s - loss: 0.9798 - accuracy: 0.6580
257/422 [=================>............] - ETA: 1s - loss: 0.9796 - accuracy: 0.6580
264/422 [=================>............] - ETA: 1s - loss: 0.9811 - accuracy: 0.6575
272/422 [==================>...........] - ETA: 1s - loss: 0.9837 - accuracy: 0.6566
280/422 [==================>...........] - ETA: 1s - loss: 0.9834 - accuracy: 0.6568
288/422 [===================>..........] - ETA: 1s - loss: 0.9842 - accuracy: 0.6565
297/422 [====================>.........] - ETA: 0s - loss: 0.9856 - accuracy: 0.6565
305/422 [====================>.........] - ETA: 0s - loss: 0.9867 - accuracy: 0.6565
314/422 [=====================>........] - ETA: 0s - loss: 0.9868 - accuracy: 0.6563
322/422 [=====================>........] - ETA: 0s - loss: 0.9863 - accuracy: 0.6568
331/422 [======================>.......] - ETA: 0s - loss: 0.9868 - accuracy: 0.6569
339/422 [=======================>......] - ETA: 0s - loss: 0.9876 - accuracy: 0.6564
347/422 [=======================>......] - ETA: 0s - loss: 0.9878 - accuracy: 0.6560
355/422 [========================>.....] - ETA: 0s - loss: 0.9872 - accuracy: 0.6564
363/422 [========================>.....] - ETA: 0s - loss: 0.9867 - accuracy: 0.6565
371/422 [=========================>....] - ETA: 0s - loss: 0.9887 - accuracy: 0.6558
380/422 [==========================>...] - ETA: 0s - loss: 0.9894 - accuracy: 0.6554
388/422 [==========================>...] - ETA: 0s - loss: 0.9893 - accuracy: 0.6554
396/422 [===========================>..] - ETA: 0s - loss: 0.9891 - accuracy: 0.6552
405/422 [===========================>..] - ETA: 0s - loss: 0.9886 - accuracy: 0.6553
413/422 [============================>.] - ETA: 0s - loss: 0.9896 - accuracy: 0.6549
422/422 [==============================] - ETA: 0s - loss: 0.9890 - accuracy: 0.6552
422/422 [==============================] - 4s 9ms/step - loss: 0.9890 - accuracy: 0.6552 - val_loss: 1.0666 - val_accuracy: 0.6252
Epoch 6/136

  1/422 [..............................] - ETA: 6s - loss: 0.9033 - accuracy: 0.6953
  9/422 [..............................] - ETA: 3s - loss: 0.9028 - accuracy: 0.6927
 17/422 [>.............................] - ETA: 3s - loss: 0.9118 - accuracy: 0.6884
 25/422 [>.............................] - ETA: 3s - loss: 0.9281 - accuracy: 0.6781
 34/422 [=>............................] - ETA: 2s - loss: 0.9225 - accuracy: 0.6799
 42/422 [=>............................] - ETA: 2s - loss: 0.9215 - accuracy: 0.6797
 52/422 [==>...........................] - ETA: 2s - loss: 0.9173 - accuracy: 0.6795
 60/422 [===>..........................] - ETA: 2s - loss: 0.9137 - accuracy: 0.6805
 69/422 [===>..........................] - ETA: 2s - loss: 0.9137 - accuracy: 0.6801
 77/422 [====>.........................] - ETA: 2s - loss: 0.9164 - accuracy: 0.6792
 85/422 [=====>........................] - ETA: 2s - loss: 0.9179 - accuracy: 0.6796
 94/422 [=====>........................] - ETA: 2s - loss: 0.9228 - accuracy: 0.6769
102/422 [======>.......................] - ETA: 2s - loss: 0.9212 - accuracy: 0.6788
110/422 [======>.......................] - ETA: 2s - loss: 0.9237 - accuracy: 0.6782
119/422 [=======>......................] - ETA: 2s - loss: 0.9247 - accuracy: 0.6784
127/422 [========>.....................] - ETA: 2s - loss: 0.9253 - accuracy: 0.6785
135/422 [========>.....................] - ETA: 2s - loss: 0.9289 - accuracy: 0.6777
144/422 [=========>....................] - ETA: 2s - loss: 0.9246 - accuracy: 0.6792
152/422 [=========>....................] - ETA: 2s - loss: 0.9231 - accuracy: 0.6798
161/422 [==========>...................] - ETA: 1s - loss: 0.9246 - accuracy: 0.6796
170/422 [===========>..................] - ETA: 1s - loss: 0.9263 - accuracy: 0.6780
179/422 [===========>..................] - ETA: 1s - loss: 0.9265 - accuracy: 0.6778
187/422 [============>.................] - ETA: 1s - loss: 0.9266 - accuracy: 0.6776
196/422 [============>.................] - ETA: 1s - loss: 0.9255 - accuracy: 0.6776
203/422 [=============>................] - ETA: 1s - loss: 0.9245 - accuracy: 0.6777
212/422 [==============>...............] - ETA: 1s - loss: 0.9253 - accuracy: 0.6774
220/422 [==============>...............] - ETA: 1s - loss: 0.9260 - accuracy: 0.6773
228/422 [===============>..............] - ETA: 1s - loss: 0.9270 - accuracy: 0.6768
235/422 [===============>..............] - ETA: 1s - loss: 0.9258 - accuracy: 0.6767
243/422 [================>.............] - ETA: 1s - loss: 0.9251 - accuracy: 0.6771
252/422 [================>.............] - ETA: 1s - loss: 0.9227 - accuracy: 0.6782
261/422 [=================>............] - ETA: 1s - loss: 0.9226 - accuracy: 0.6778
269/422 [==================>...........] - ETA: 1s - loss: 0.9220 - accuracy: 0.6782
277/422 [==================>...........] - ETA: 1s - loss: 0.9227 - accuracy: 0.6780
286/422 [===================>..........] - ETA: 1s - loss: 0.9230 - accuracy: 0.6778
294/422 [===================>..........] - ETA: 0s - loss: 0.9240 - accuracy: 0.6773
303/422 [====================>.........] - ETA: 0s - loss: 0.9229 - accuracy: 0.6776
311/422 [=====================>........] - ETA: 0s - loss: 0.9247 - accuracy: 0.6771
319/422 [=====================>........] - ETA: 0s - loss: 0.9263 - accuracy: 0.6766
328/422 [======================>.......] - ETA: 0s - loss: 0.9264 - accuracy: 0.6764
336/422 [======================>.......] - ETA: 0s - loss: 0.9281 - accuracy: 0.6757
344/422 [=======================>......] - ETA: 0s - loss: 0.9284 - accuracy: 0.6755
353/422 [========================>.....] - ETA: 0s - loss: 0.9287 - accuracy: 0.6754
361/422 [========================>.....] - ETA: 0s - loss: 0.9293 - accuracy: 0.6752
369/422 [=========================>....] - ETA: 0s - loss: 0.9295 - accuracy: 0.6752
377/422 [=========================>....] - ETA: 0s - loss: 0.9281 - accuracy: 0.6757
385/422 [==========================>...] - ETA: 0s - loss: 0.9292 - accuracy: 0.6752
392/422 [==========================>...] - ETA: 0s - loss: 0.9294 - accuracy: 0.6751
401/422 [===========================>..] - ETA: 0s - loss: 0.9298 - accuracy: 0.6747
409/422 [============================>.] - ETA: 0s - loss: 0.9293 - accuracy: 0.6747
418/422 [============================>.] - ETA: 0s - loss: 0.9309 - accuracy: 0.6738
422/422 [==============================] - 4s 9ms/step - loss: 0.9307 - accuracy: 0.6736 - val_loss: 1.0898 - val_accuracy: 0.6243
Epoch 7/136

  1/422 [..............................] - ETA: 6s - loss: 1.0673 - accuracy: 0.6094
 10/422 [..............................] - ETA: 2s - loss: 0.8970 - accuracy: 0.6891
 18/422 [>.............................] - ETA: 2s - loss: 0.8716 - accuracy: 0.7005
 26/422 [>.............................] - ETA: 2s - loss: 0.8697 - accuracy: 0.7034
 34/422 [=>............................] - ETA: 2s - loss: 0.8551 - accuracy: 0.7102
 43/422 [==>...........................] - ETA: 2s - loss: 0.8433 - accuracy: 0.7129
 51/422 [==>...........................] - ETA: 2s - loss: 0.8332 - accuracy: 0.7168
 59/422 [===>..........................] - ETA: 2s - loss: 0.8295 - accuracy: 0.7182
 68/422 [===>..........................] - ETA: 2s - loss: 0.8291 - accuracy: 0.7168
 76/422 [====>.........................] - ETA: 2s - loss: 0.8335 - accuracy: 0.7141
 84/422 [====>.........................] - ETA: 2s - loss: 0.8339 - accuracy: 0.7148
 92/422 [=====>........................] - ETA: 2s - loss: 0.8370 - accuracy: 0.7125
100/422 [======>.......................] - ETA: 2s - loss: 0.8332 - accuracy: 0.7148
109/422 [======>.......................] - ETA: 2s - loss: 0.8315 - accuracy: 0.7144
117/422 [=======>......................] - ETA: 2s - loss: 0.8330 - accuracy: 0.7134
125/422 [=======>......................] - ETA: 2s - loss: 0.8337 - accuracy: 0.7126
133/422 [========>.....................] - ETA: 2s - loss: 0.8354 - accuracy: 0.7108
142/422 [=========>....................] - ETA: 2s - loss: 0.8346 - accuracy: 0.7110
150/422 [=========>....................] - ETA: 2s - loss: 0.8392 - accuracy: 0.7081
158/422 [==========>...................] - ETA: 1s - loss: 0.8364 - accuracy: 0.7090
165/422 [==========>...................] - ETA: 1s - loss: 0.8350 - accuracy: 0.7090
175/422 [===========>..................] - ETA: 1s - loss: 0.8369 - accuracy: 0.7083
182/422 [===========>..................] - ETA: 1s - loss: 0.8382 - accuracy: 0.7077
189/422 [============>.................] - ETA: 1s - loss: 0.8377 - accuracy: 0.7074
196/422 [============>.................] - ETA: 1s - loss: 0.8401 - accuracy: 0.7066
203/422 [=============>................] - ETA: 1s - loss: 0.8412 - accuracy: 0.7058
212/422 [==============>...............] - ETA: 1s - loss: 0.8422 - accuracy: 0.7059
222/422 [==============>...............] - ETA: 1s - loss: 0.8433 - accuracy: 0.7058
232/422 [===============>..............] - ETA: 1s - loss: 0.8403 - accuracy: 0.7064
242/422 [================>.............] - ETA: 1s - loss: 0.8416 - accuracy: 0.7064
253/422 [================>.............] - ETA: 1s - loss: 0.8436 - accuracy: 0.7055
262/422 [=================>............] - ETA: 1s - loss: 0.8430 - accuracy: 0.7055
272/422 [==================>...........] - ETA: 1s - loss: 0.8472 - accuracy: 0.7039
281/422 [==================>...........] - ETA: 1s - loss: 0.8501 - accuracy: 0.7031
290/422 [===================>..........] - ETA: 0s - loss: 0.8503 - accuracy: 0.7029
299/422 [====================>.........] - ETA: 0s - loss: 0.8533 - accuracy: 0.7020
310/422 [=====================>........] - ETA: 0s - loss: 0.8552 - accuracy: 0.7013
321/422 [=====================>........] - ETA: 0s - loss: 0.8571 - accuracy: 0.7009
330/422 [======================>.......] - ETA: 0s - loss: 0.8578 - accuracy: 0.7007
340/422 [=======================>......] - ETA: 0s - loss: 0.8606 - accuracy: 0.6998
350/422 [=======================>......] - ETA: 0s - loss: 0.8609 - accuracy: 0.7000
360/422 [========================>.....] - ETA: 0s - loss: 0.8611 - accuracy: 0.6999
370/422 [=========================>....] - ETA: 0s - loss: 0.8616 - accuracy: 0.6996
378/422 [=========================>....] - ETA: 0s - loss: 0.8614 - accuracy: 0.6998
386/422 [==========================>...] - ETA: 0s - loss: 0.8616 - accuracy: 0.6996
394/422 [===========================>..] - ETA: 0s - loss: 0.8627 - accuracy: 0.6995
402/422 [===========================>..] - ETA: 0s - loss: 0.8627 - accuracy: 0.6997
411/422 [============================>.] - ETA: 0s - loss: 0.8619 - accuracy: 0.6999
419/422 [============================>.] - ETA: 0s - loss: 0.8622 - accuracy: 0.6995
422/422 [==============================] - 4s 8ms/step - loss: 0.8627 - accuracy: 0.6994 - val_loss: 1.0737 - val_accuracy: 0.6305
Epoch 8/136

  1/422 [..............................] - ETA: 6s - loss: 0.6935 - accuracy: 0.7578
  9/422 [..............................] - ETA: 3s - loss: 0.7993 - accuracy: 0.7240
 17/422 [>.............................] - ETA: 3s - loss: 0.8003 - accuracy: 0.7229
 26/422 [>.............................] - ETA: 2s - loss: 0.7927 - accuracy: 0.7212
 33/422 [=>............................] - ETA: 3s - loss: 0.7830 - accuracy: 0.7287
 42/422 [=>............................] - ETA: 2s - loss: 0.7843 - accuracy: 0.7282
 49/422 [==>...........................] - ETA: 2s - loss: 0.7897 - accuracy: 0.7274
 58/422 [===>..........................] - ETA: 2s - loss: 0.7935 - accuracy: 0.7268
 66/422 [===>..........................] - ETA: 2s - loss: 0.7885 - accuracy: 0.7275
 74/422 [====>.........................] - ETA: 2s - loss: 0.7837 - accuracy: 0.7296
 83/422 [====>.........................] - ETA: 2s - loss: 0.7801 - accuracy: 0.7297
 91/422 [=====>........................] - ETA: 2s - loss: 0.7811 - accuracy: 0.7303
 99/422 [======>.......................] - ETA: 2s - loss: 0.7839 - accuracy: 0.7296
107/422 [======>.......................] - ETA: 2s - loss: 0.7879 - accuracy: 0.7284
116/422 [=======>......................] - ETA: 2s - loss: 0.7922 - accuracy: 0.7261
123/422 [=======>......................] - ETA: 2s - loss: 0.7924 - accuracy: 0.7250
132/422 [========>.....................] - ETA: 2s - loss: 0.7923 - accuracy: 0.7258
141/422 [=========>....................] - ETA: 2s - loss: 0.7915 - accuracy: 0.7260
150/422 [=========>....................] - ETA: 2s - loss: 0.7950 - accuracy: 0.7246
158/422 [==========>...................] - ETA: 2s - loss: 0.7972 - accuracy: 0.7246
167/422 [==========>...................] - ETA: 1s - loss: 0.7977 - accuracy: 0.7237
175/422 [===========>..................] - ETA: 1s - loss: 0.7985 - accuracy: 0.7240
183/422 [============>.................] - ETA: 1s - loss: 0.7990 - accuracy: 0.7237
191/422 [============>.................] - ETA: 1s - loss: 0.7975 - accuracy: 0.7245
198/422 [=============>................] - ETA: 1s - loss: 0.7965 - accuracy: 0.7242
207/422 [=============>................] - ETA: 1s - loss: 0.7934 - accuracy: 0.7252
215/422 [==============>...............] - ETA: 1s - loss: 0.7939 - accuracy: 0.7251
223/422 [==============>...............] - ETA: 1s - loss: 0.7961 - accuracy: 0.7243
232/422 [===============>..............] - ETA: 1s - loss: 0.7978 - accuracy: 0.7233
239/422 [===============>..............] - ETA: 1s - loss: 0.7986 - accuracy: 0.7226
246/422 [================>.............] - ETA: 1s - loss: 0.8017 - accuracy: 0.7219
255/422 [=================>............] - ETA: 1s - loss: 0.8035 - accuracy: 0.7210
263/422 [=================>............] - ETA: 1s - loss: 0.8066 - accuracy: 0.7198
271/422 [==================>...........] - ETA: 1s - loss: 0.8071 - accuracy: 0.7196
280/422 [==================>...........] - ETA: 1s - loss: 0.8094 - accuracy: 0.7188
288/422 [===================>..........] - ETA: 1s - loss: 0.8096 - accuracy: 0.7188
297/422 [====================>.........] - ETA: 0s - loss: 0.8092 - accuracy: 0.7188
305/422 [====================>.........] - ETA: 0s - loss: 0.8103 - accuracy: 0.7181
313/422 [=====================>........] - ETA: 0s - loss: 0.8100 - accuracy: 0.7181
321/422 [=====================>........] - ETA: 0s - loss: 0.8097 - accuracy: 0.7184
330/422 [======================>.......] - ETA: 0s - loss: 0.8100 - accuracy: 0.7182
338/422 [=======================>......] - ETA: 0s - loss: 0.8094 - accuracy: 0.7184
347/422 [=======================>......] - ETA: 0s - loss: 0.8091 - accuracy: 0.7186
355/422 [========================>.....] - ETA: 0s - loss: 0.8093 - accuracy: 0.7184
363/422 [========================>.....] - ETA: 0s - loss: 0.8088 - accuracy: 0.7185
371/422 [=========================>....] - ETA: 0s - loss: 0.8098 - accuracy: 0.7182
379/422 [=========================>....] - ETA: 0s - loss: 0.8115 - accuracy: 0.7172
388/422 [==========================>...] - ETA: 0s - loss: 0.8122 - accuracy: 0.7172
396/422 [===========================>..] - ETA: 0s - loss: 0.8133 - accuracy: 0.7169
404/422 [===========================>..] - ETA: 0s - loss: 0.8144 - accuracy: 0.7163
413/422 [============================>.] - ETA: 0s - loss: 0.8149 - accuracy: 0.7164
420/422 [============================>.] - ETA: 0s - loss: 0.8148 - accuracy: 0.7165
422/422 [==============================] - 4s 9ms/step - loss: 0.8148 - accuracy: 0.7165 - val_loss: 1.0942 - val_accuracy: 0.6303
Epoch 9/136

  1/422 [..............................] - ETA: 9s - loss: 0.7022 - accuracy: 0.7812
  9/422 [..............................] - ETA: 2s - loss: 0.7354 - accuracy: 0.7431
 17/422 [>.............................] - ETA: 3s - loss: 0.7207 - accuracy: 0.7472
 25/422 [>.............................] - ETA: 3s - loss: 0.7201 - accuracy: 0.7491
 33/422 [=>............................] - ETA: 2s - loss: 0.7288 - accuracy: 0.7464
 42/422 [=>............................] - ETA: 2s - loss: 0.7267 - accuracy: 0.7472
 50/422 [==>...........................] - ETA: 2s - loss: 0.7286 - accuracy: 0.7480
 58/422 [===>..........................] - ETA: 2s - loss: 0.7248 - accuracy: 0.7505
 66/422 [===>..........................] - ETA: 2s - loss: 0.7238 - accuracy: 0.7517
 74/422 [====>.........................] - ETA: 2s - loss: 0.7184 - accuracy: 0.7533
 82/422 [====>.........................] - ETA: 2s - loss: 0.7174 - accuracy: 0.7532
 90/422 [=====>........................] - ETA: 2s - loss: 0.7169 - accuracy: 0.7533
 98/422 [=====>........................] - ETA: 2s - loss: 0.7209 - accuracy: 0.7533
106/422 [======>.......................] - ETA: 2s - loss: 0.7206 - accuracy: 0.7529
114/422 [=======>......................] - ETA: 2s - loss: 0.7231 - accuracy: 0.7525
122/422 [=======>......................] - ETA: 2s - loss: 0.7271 - accuracy: 0.7513
131/422 [========>.....................] - ETA: 2s - loss: 0.7283 - accuracy: 0.7505
140/422 [========>.....................] - ETA: 2s - loss: 0.7281 - accuracy: 0.7501
148/422 [=========>....................] - ETA: 2s - loss: 0.7284 - accuracy: 0.7496
157/422 [==========>...................] - ETA: 2s - loss: 0.7289 - accuracy: 0.7495
165/422 [==========>...................] - ETA: 1s - loss: 0.7321 - accuracy: 0.7484
174/422 [===========>..................] - ETA: 1s - loss: 0.7321 - accuracy: 0.7487
182/422 [===========>..................] - ETA: 1s - loss: 0.7324 - accuracy: 0.7488
191/422 [============>.................] - ETA: 1s - loss: 0.7330 - accuracy: 0.7489
199/422 [=============>................] - ETA: 1s - loss: 0.7341 - accuracy: 0.7487
206/422 [=============>................] - ETA: 1s - loss: 0.7341 - accuracy: 0.7487
215/422 [==============>...............] - ETA: 1s - loss: 0.7381 - accuracy: 0.7471
224/422 [==============>...............] - ETA: 1s - loss: 0.7395 - accuracy: 0.7461
232/422 [===============>..............] - ETA: 1s - loss: 0.7422 - accuracy: 0.7449
241/422 [================>.............] - ETA: 1s - loss: 0.7443 - accuracy: 0.7440
249/422 [================>.............] - ETA: 1s - loss: 0.7450 - accuracy: 0.7438
258/422 [=================>............] - ETA: 1s - loss: 0.7463 - accuracy: 0.7430
266/422 [=================>............] - ETA: 1s - loss: 0.7488 - accuracy: 0.7424
274/422 [==================>...........] - ETA: 1s - loss: 0.7494 - accuracy: 0.7422
282/422 [===================>..........] - ETA: 1s - loss: 0.7490 - accuracy: 0.7425
290/422 [===================>..........] - ETA: 0s - loss: 0.7514 - accuracy: 0.7415
298/422 [====================>.........] - ETA: 0s - loss: 0.7513 - accuracy: 0.7414
307/422 [====================>.........] - ETA: 0s - loss: 0.7525 - accuracy: 0.7408
314/422 [=====================>........] - ETA: 0s - loss: 0.7519 - accuracy: 0.7406
323/422 [=====================>........] - ETA: 0s - loss: 0.7524 - accuracy: 0.7403
331/422 [======================>.......] - ETA: 0s - loss: 0.7527 - accuracy: 0.7402
339/422 [=======================>......] - ETA: 0s - loss: 0.7537 - accuracy: 0.7399
347/422 [=======================>......] - ETA: 0s - loss: 0.7554 - accuracy: 0.7389
355/422 [========================>.....] - ETA: 0s - loss: 0.7556 - accuracy: 0.7385
363/422 [========================>.....] - ETA: 0s - loss: 0.7567 - accuracy: 0.7379
371/422 [=========================>....] - ETA: 0s - loss: 0.7580 - accuracy: 0.7372
378/422 [=========================>....] - ETA: 0s - loss: 0.7583 - accuracy: 0.7371
385/422 [==========================>...] - ETA: 0s - loss: 0.7593 - accuracy: 0.7367
393/422 [==========================>...] - ETA: 0s - loss: 0.7607 - accuracy: 0.7360
401/422 [===========================>..] - ETA: 0s - loss: 0.7622 - accuracy: 0.7354
409/422 [============================>.] - ETA: 0s - loss: 0.7634 - accuracy: 0.7349
418/422 [============================>.] - ETA: 0s - loss: 0.7639 - accuracy: 0.7348
422/422 [==============================] - 4s 9ms/step - loss: 0.7645 - accuracy: 0.7347 - val_loss: 1.0838 - val_accuracy: 0.6352
Epoch 10/136

  1/422 [..............................] - ETA: 6s - loss: 0.6212 - accuracy: 0.7500
  9/422 [..............................] - ETA: 3s - loss: 0.7059 - accuracy: 0.7474
 18/422 [>.............................] - ETA: 2s - loss: 0.6769 - accuracy: 0.7622
 26/422 [>.............................] - ETA: 2s - loss: 0.6599 - accuracy: 0.7692
 35/422 [=>............................] - ETA: 2s - loss: 0.6648 - accuracy: 0.7632
 43/422 [==>...........................] - ETA: 2s - loss: 0.6755 - accuracy: 0.7608
 51/422 [==>...........................] - ETA: 2s - loss: 0.6750 - accuracy: 0.7631
 60/422 [===>..........................] - ETA: 2s - loss: 0.6820 - accuracy: 0.7611
 67/422 [===>..........................] - ETA: 2s - loss: 0.6854 - accuracy: 0.7618
 75/422 [====>.........................] - ETA: 2s - loss: 0.6858 - accuracy: 0.7619
 83/422 [====>.........................] - ETA: 2s - loss: 0.6848 - accuracy: 0.7627
 91/422 [=====>........................] - ETA: 2s - loss: 0.6845 - accuracy: 0.7632
 99/422 [======>.......................] - ETA: 2s - loss: 0.6855 - accuracy: 0.7624
107/422 [======>.......................] - ETA: 2s - loss: 0.6885 - accuracy: 0.7613
116/422 [=======>......................] - ETA: 2s - loss: 0.6902 - accuracy: 0.7599
124/422 [=======>......................] - ETA: 2s - loss: 0.6906 - accuracy: 0.7599
132/422 [========>.....................] - ETA: 2s - loss: 0.6943 - accuracy: 0.7595
141/422 [=========>....................] - ETA: 2s - loss: 0.6963 - accuracy: 0.7588
148/422 [=========>....................] - ETA: 2s - loss: 0.6980 - accuracy: 0.7581
155/422 [==========>...................] - ETA: 2s - loss: 0.7010 - accuracy: 0.7571
163/422 [==========>...................] - ETA: 1s - loss: 0.7011 - accuracy: 0.7575
171/422 [===========>..................] - ETA: 1s - loss: 0.6991 - accuracy: 0.7579
178/422 [===========>..................] - ETA: 1s - loss: 0.7002 - accuracy: 0.7566
185/422 [============>.................] - ETA: 1s - loss: 0.7020 - accuracy: 0.7557
193/422 [============>.................] - ETA: 1s - loss: 0.7032 - accuracy: 0.7548
200/422 [=============>................] - ETA: 1s - loss: 0.7039 - accuracy: 0.7547
207/422 [=============>................] - ETA: 1s - loss: 0.7038 - accuracy: 0.7548
216/422 [==============>...............] - ETA: 1s - loss: 0.7039 - accuracy: 0.7549
224/422 [==============>...............] - ETA: 1s - loss: 0.7023 - accuracy: 0.7555
233/422 [===============>..............] - ETA: 1s - loss: 0.7032 - accuracy: 0.7557
241/422 [================>.............] - ETA: 1s - loss: 0.7049 - accuracy: 0.7555
249/422 [================>.............] - ETA: 1s - loss: 0.7058 - accuracy: 0.7549
257/422 [=================>............] - ETA: 1s - loss: 0.7065 - accuracy: 0.7541
265/422 [=================>............] - ETA: 1s - loss: 0.7063 - accuracy: 0.7538
274/422 [==================>...........] - ETA: 1s - loss: 0.7091 - accuracy: 0.7530
282/422 [===================>..........] - ETA: 1s - loss: 0.7108 - accuracy: 0.7525
290/422 [===================>..........] - ETA: 0s - loss: 0.7122 - accuracy: 0.7519
298/422 [====================>.........] - ETA: 0s - loss: 0.7133 - accuracy: 0.7517
307/422 [====================>.........] - ETA: 0s - loss: 0.7149 - accuracy: 0.7515
316/422 [=====================>........] - ETA: 0s - loss: 0.7178 - accuracy: 0.7505
324/422 [======================>.......] - ETA: 0s - loss: 0.7198 - accuracy: 0.7496
333/422 [======================>.......] - ETA: 0s - loss: 0.7208 - accuracy: 0.7492
342/422 [=======================>......] - ETA: 0s - loss: 0.7207 - accuracy: 0.7490
350/422 [=======================>......] - ETA: 0s - loss: 0.7218 - accuracy: 0.7484
358/422 [========================>.....] - ETA: 0s - loss: 0.7229 - accuracy: 0.7481
367/422 [=========================>....] - ETA: 0s - loss: 0.7249 - accuracy: 0.7476
375/422 [=========================>....] - ETA: 0s - loss: 0.7251 - accuracy: 0.7475
384/422 [==========================>...] - ETA: 0s - loss: 0.7268 - accuracy: 0.7466
392/422 [==========================>...] - ETA: 0s - loss: 0.7262 - accuracy: 0.7468
400/422 [===========================>..] - ETA: 0s - loss: 0.7269 - accuracy: 0.7466
409/422 [============================>.] - ETA: 0s - loss: 0.7279 - accuracy: 0.7464
416/422 [============================>.] - ETA: 0s - loss: 0.7291 - accuracy: 0.7461
422/422 [==============================] - 4s 9ms/step - loss: 0.7289 - accuracy: 0.7460 - val_loss: 1.0926 - val_accuracy: 0.6422
Epoch 11/136

  1/422 [..............................] - ETA: 13s - loss: 0.6094 - accuracy: 0.8047
 10/422 [..............................] - ETA: 2s - loss: 0.6817 - accuracy: 0.7695 
 18/422 [>.............................] - ETA: 2s - loss: 0.6619 - accuracy: 0.7760
 25/422 [>.............................] - ETA: 2s - loss: 0.6647 - accuracy: 0.7675
 33/422 [=>............................] - ETA: 2s - loss: 0.6581 - accuracy: 0.7661
 41/422 [=>............................] - ETA: 2s - loss: 0.6515 - accuracy: 0.7691
 50/422 [==>...........................] - ETA: 2s - loss: 0.6477 - accuracy: 0.7717
 58/422 [===>..........................] - ETA: 2s - loss: 0.6520 - accuracy: 0.7693
 66/422 [===>..........................] - ETA: 2s - loss: 0.6557 - accuracy: 0.7692
 74/422 [====>.........................] - ETA: 2s - loss: 0.6567 - accuracy: 0.7690
 83/422 [====>.........................] - ETA: 2s - loss: 0.6581 - accuracy: 0.7687
 91/422 [=====>........................] - ETA: 2s - loss: 0.6603 - accuracy: 0.7681
 99/422 [======>.......................] - ETA: 2s - loss: 0.6613 - accuracy: 0.7682
108/422 [======>.......................] - ETA: 2s - loss: 0.6628 - accuracy: 0.7685
117/422 [=======>......................] - ETA: 2s - loss: 0.6624 - accuracy: 0.7680
125/422 [=======>......................] - ETA: 2s - loss: 0.6624 - accuracy: 0.7679
134/422 [========>.....................] - ETA: 2s - loss: 0.6608 - accuracy: 0.7675
142/422 [=========>....................] - ETA: 2s - loss: 0.6608 - accuracy: 0.7670
151/422 [=========>....................] - ETA: 2s - loss: 0.6612 - accuracy: 0.7663
159/422 [==========>...................] - ETA: 1s - loss: 0.6616 - accuracy: 0.7662
167/422 [==========>...................] - ETA: 1s - loss: 0.6629 - accuracy: 0.7655
175/422 [===========>..................] - ETA: 1s - loss: 0.6642 - accuracy: 0.7653
184/422 [============>.................] - ETA: 1s - loss: 0.6676 - accuracy: 0.7638
192/422 [============>.................] - ETA: 1s - loss: 0.6682 - accuracy: 0.7642
199/422 [=============>................] - ETA: 1s - loss: 0.6674 - accuracy: 0.7646
206/422 [=============>................] - ETA: 1s - loss: 0.6671 - accuracy: 0.7647
213/422 [==============>...............] - ETA: 1s - loss: 0.6676 - accuracy: 0.7647
220/422 [==============>...............] - ETA: 1s - loss: 0.6664 - accuracy: 0.7647
228/422 [===============>..............] - ETA: 1s - loss: 0.6673 - accuracy: 0.7644
237/422 [===============>..............] - ETA: 1s - loss: 0.6690 - accuracy: 0.7642
245/422 [================>.............] - ETA: 1s - loss: 0.6708 - accuracy: 0.7637
254/422 [=================>............] - ETA: 1s - loss: 0.6721 - accuracy: 0.7637
262/422 [=================>............] - ETA: 1s - loss: 0.6748 - accuracy: 0.7629
270/422 [==================>...........] - ETA: 1s - loss: 0.6759 - accuracy: 0.7626
278/422 [==================>...........] - ETA: 1s - loss: 0.6768 - accuracy: 0.7621
287/422 [===================>..........] - ETA: 1s - loss: 0.6767 - accuracy: 0.7624
295/422 [===================>..........] - ETA: 0s - loss: 0.6796 - accuracy: 0.7614
302/422 [====================>.........] - ETA: 0s - loss: 0.6801 - accuracy: 0.7612
310/422 [=====================>........] - ETA: 0s - loss: 0.6814 - accuracy: 0.7611
318/422 [=====================>........] - ETA: 0s - loss: 0.6831 - accuracy: 0.7602
327/422 [======================>.......] - ETA: 0s - loss: 0.6846 - accuracy: 0.7598
335/422 [======================>.......] - ETA: 0s - loss: 0.6845 - accuracy: 0.7598
344/422 [=======================>......] - ETA: 0s - loss: 0.6874 - accuracy: 0.7588
353/422 [========================>.....] - ETA: 0s - loss: 0.6881 - accuracy: 0.7585
362/422 [========================>.....] - ETA: 0s - loss: 0.6890 - accuracy: 0.7582
370/422 [=========================>....] - ETA: 0s - loss: 0.6898 - accuracy: 0.7578
378/422 [=========================>....] - ETA: 0s - loss: 0.6902 - accuracy: 0.7576
386/422 [==========================>...] - ETA: 0s - loss: 0.6906 - accuracy: 0.7576
394/422 [===========================>..] - ETA: 0s - loss: 0.6913 - accuracy: 0.7575
401/422 [===========================>..] - ETA: 0s - loss: 0.6915 - accuracy: 0.7575
408/422 [============================>.] - ETA: 0s - loss: 0.6924 - accuracy: 0.7570
417/422 [============================>.] - ETA: 0s - loss: 0.6922 - accuracy: 0.7570
422/422 [==============================] - 4s 9ms/step - loss: 0.6926 - accuracy: 0.7566 - val_loss: 1.1233 - val_accuracy: 0.6362
Epoch 11: early stopping

  1/188 [..............................] - ETA: 2s - loss: 0.8695 - accuracy: 0.6875
 17/188 [=>............................] - ETA: 0s - loss: 1.0521 - accuracy: 0.6581
 38/188 [=====>........................] - ETA: 0s - loss: 1.0632 - accuracy: 0.6505
 58/188 [========>.....................] - ETA: 0s - loss: 1.0744 - accuracy: 0.6536
 79/188 [===========>..................] - ETA: 0s - loss: 1.0749 - accuracy: 0.6547
 96/188 [==============>...............] - ETA: 0s - loss: 1.0914 - accuracy: 0.6494
116/188 [=================>............] - ETA: 0s - loss: 1.1057 - accuracy: 0.6479
137/188 [====================>.........] - ETA: 0s - loss: 1.1102 - accuracy: 0.6446
158/188 [========================>.....] - ETA: 0s - loss: 1.1233 - accuracy: 0.6394
181/188 [===========================>..] - ETA: 0s - loss: 1.1271 - accuracy: 0.6354
188/188 [==============================] - 1s 3ms/step - loss: 1.1233 - accuracy: 0.6362
