2024-08-23 21:57:52.504413: I tensorflow/core/platform/cpu_feature_guard.cc:193] This TensorFlow binary is optimized with oneAPI Deep Neural Network Library (oneDNN) to use the following CPU instructions in performance-critical operations:  AVX AVX2
To enable them in other operations, rebuild TensorFlow with the appropriate compiler flags.
2024-08-23 21:57:53.092382: I tensorflow/core/common_runtime/gpu/gpu_device.cc:1616] Created device /job:localhost/replica:0/task:0/device:GPU:0 with 13575 MB memory:  -> device: 0, name: NVIDIA GeForce RTX 4060 Ti, pci bus id: 0000:01:00.0, compute capability: 8.9
1 Physical GPUs, 1 Logical GPUs
Fold:  2
Model: "sequential"
_________________________________________________________________
 Layer (type)                Output Shape              Param #   
=================================================================
 conv2d (Conv2D)             (None, 32, 32, 32)        896       
                                                                 
 batch_normalization (BatchN  (None, 32, 32, 32)       128       
 ormalization)                                                   
                                                                 
 dropout (Dropout)           (None, 32, 32, 32)        0         
                                                                 
 flatten (Flatten)           (None, 32768)             0         
                                                                 
 dense (Dense)               (None, 58)                1900602   
                                                                 
 dropout_1 (Dropout)         (None, 58)                0         
                                                                 
 dense_1 (Dense)             (None, 56)                3304      
                                                                 
 dropout_2 (Dropout)         (None, 56)                0         
                                                                 
 dense_2 (Dense)             (None, 10)                570       
                                                                 
=================================================================
Total params: 1,905,500
Trainable params: 1,905,436
Non-trainable params: 64
_________________________________________________________________
Taxa de aprendizado:  0.001 Num de épocas:  58 Tamanho do lote:  1024 Dropout:  0.22
Epoch 1/58
2024-08-23 21:57:54.483490: I tensorflow/stream_executor/cuda/cuda_dnn.cc:384] Loaded cuDNN version 8100
2024-08-23 21:57:55.353750: W tensorflow/stream_executor/gpu/redzone_allocator.cc:314] INTERNAL: ptxas exited with non-zero error code -1, output: 
Relying on driver to perform ptx compilation. 
Modify $PATH to customize ptxas location.
This message will be only logged once.
2024-08-23 21:57:56.220425: I tensorflow/stream_executor/cuda/cuda_blas.cc:1614] TensorFloat-32 will be used for the matrix multiplication. This will only be logged once.

 1/53 [..............................] - ETA: 2:35 - loss: 2.5877 - accuracy: 0.0947
 3/53 [>.............................] - ETA: 1s - loss: 2.5631 - accuracy: 0.1621  
 5/53 [=>............................] - ETA: 2s - loss: 2.4474 - accuracy: 0.1801
 6/53 [==>...........................] - ETA: 2s - loss: 2.4062 - accuracy: 0.1883
 7/53 [==>...........................] - ETA: 2s - loss: 2.3704 - accuracy: 0.1953
 8/53 [===>..........................] - ETA: 2s - loss: 2.3298 - accuracy: 0.2031
 9/53 [====>.........................] - ETA: 2s - loss: 2.3064 - accuracy: 0.2066
10/53 [====>.........................] - ETA: 2s - loss: 2.2842 - accuracy: 0.2114
11/53 [=====>........................] - ETA: 2s - loss: 2.2628 - accuracy: 0.2164
12/53 [=====>........................] - ETA: 2s - loss: 2.2408 - accuracy: 0.2218
14/53 [======>.......................] - ETA: 2s - loss: 2.2116 - accuracy: 0.2280
16/53 [========>.....................] - ETA: 2s - loss: 2.1864 - accuracy: 0.2340
18/53 [=========>....................] - ETA: 2s - loss: 2.1653 - accuracy: 0.2402
20/53 [==========>...................] - ETA: 2s - loss: 2.1463 - accuracy: 0.2447
22/53 [===========>..................] - ETA: 1s - loss: 2.1288 - accuracy: 0.2502
23/53 [============>.................] - ETA: 1s - loss: 2.1208 - accuracy: 0.2532
25/53 [=============>................] - ETA: 1s - loss: 2.1034 - accuracy: 0.2578
26/53 [=============>................] - ETA: 1s - loss: 2.0980 - accuracy: 0.2598
28/53 [==============>...............] - ETA: 1s - loss: 2.0826 - accuracy: 0.2642
30/53 [===============>..............] - ETA: 1s - loss: 2.0684 - accuracy: 0.2678
31/53 [================>.............] - ETA: 1s - loss: 2.0626 - accuracy: 0.2699
33/53 [=================>............] - ETA: 1s - loss: 2.0493 - accuracy: 0.2744
35/53 [==================>...........] - ETA: 1s - loss: 2.0368 - accuracy: 0.2781
36/53 [===================>..........] - ETA: 0s - loss: 2.0324 - accuracy: 0.2792
38/53 [====================>.........] - ETA: 0s - loss: 2.0212 - accuracy: 0.2836
39/53 [=====================>........] - ETA: 0s - loss: 2.0159 - accuracy: 0.2851
41/53 [======================>.......] - ETA: 0s - loss: 2.0077 - accuracy: 0.2882
42/53 [======================>.......] - ETA: 0s - loss: 2.0023 - accuracy: 0.2899
44/53 [=======================>......] - ETA: 0s - loss: 1.9919 - accuracy: 0.2933
45/53 [========================>.....] - ETA: 0s - loss: 1.9884 - accuracy: 0.2943
47/53 [=========================>....] - ETA: 0s - loss: 1.9797 - accuracy: 0.2973
48/53 [==========================>...] - ETA: 0s - loss: 1.9759 - accuracy: 0.2984
50/53 [===========================>..] - ETA: 0s - loss: 1.9691 - accuracy: 0.3008
51/53 [===========================>..] - ETA: 0s - loss: 1.9656 - accuracy: 0.3020
53/53 [==============================] - ETA: 0s - loss: 1.9569 - accuracy: 0.3049
53/53 [==============================] - 7s 70ms/step - loss: 1.9569 - accuracy: 0.3049 - val_loss: 2.3548 - val_accuracy: 0.2518
Epoch 2/58

 1/53 [..............................] - ETA: 4s - loss: 1.7980 - accuracy: 0.3730
 2/53 [>.............................] - ETA: 3s - loss: 1.8001 - accuracy: 0.3604
 4/53 [=>............................] - ETA: 2s - loss: 1.7653 - accuracy: 0.3672
 5/53 [=>............................] - ETA: 2s - loss: 1.7618 - accuracy: 0.3672
 7/53 [==>...........................] - ETA: 2s - loss: 1.7598 - accuracy: 0.3697
 9/53 [====>.........................] - ETA: 2s - loss: 1.7455 - accuracy: 0.3758
10/53 [====>.........................] - ETA: 2s - loss: 1.7406 - accuracy: 0.3760
12/53 [=====>........................] - ETA: 2s - loss: 1.7328 - accuracy: 0.3791
13/53 [======>.......................] - ETA: 2s - loss: 1.7316 - accuracy: 0.3790
15/53 [=======>......................] - ETA: 1s - loss: 1.7270 - accuracy: 0.3800
16/53 [========>.....................] - ETA: 1s - loss: 1.7231 - accuracy: 0.3825
18/53 [=========>....................] - ETA: 1s - loss: 1.7134 - accuracy: 0.3859
20/53 [==========>...................] - ETA: 1s - loss: 1.7097 - accuracy: 0.3864
21/53 [==========>...................] - ETA: 1s - loss: 1.7050 - accuracy: 0.3893
23/53 [============>.................] - ETA: 1s - loss: 1.6969 - accuracy: 0.3921
24/53 [============>.................] - ETA: 1s - loss: 1.6982 - accuracy: 0.3912
26/53 [=============>................] - ETA: 1s - loss: 1.6931 - accuracy: 0.3939
27/53 [==============>...............] - ETA: 1s - loss: 1.6898 - accuracy: 0.3955
29/53 [===============>..............] - ETA: 1s - loss: 1.6843 - accuracy: 0.3963
31/53 [================>.............] - ETA: 1s - loss: 1.6785 - accuracy: 0.3975
32/53 [=================>............] - ETA: 1s - loss: 1.6755 - accuracy: 0.3988
34/53 [==================>...........] - ETA: 0s - loss: 1.6678 - accuracy: 0.4026
35/53 [==================>...........] - ETA: 0s - loss: 1.6663 - accuracy: 0.4027
37/53 [===================>..........] - ETA: 0s - loss: 1.6614 - accuracy: 0.4042
39/53 [=====================>........] - ETA: 0s - loss: 1.6568 - accuracy: 0.4054
40/53 [=====================>........] - ETA: 0s - loss: 1.6537 - accuracy: 0.4069
42/53 [======================>.......] - ETA: 0s - loss: 1.6501 - accuracy: 0.4086
44/53 [=======================>......] - ETA: 0s - loss: 1.6445 - accuracy: 0.4111
45/53 [========================>.....] - ETA: 0s - loss: 1.6425 - accuracy: 0.4118
47/53 [=========================>....] - ETA: 0s - loss: 1.6395 - accuracy: 0.4129
48/53 [==========================>...] - ETA: 0s - loss: 1.6373 - accuracy: 0.4136
50/53 [===========================>..] - ETA: 0s - loss: 1.6319 - accuracy: 0.4154
52/53 [============================>.] - ETA: 0s - loss: 1.6282 - accuracy: 0.4167
53/53 [==============================] - ETA: 0s - loss: 1.6271 - accuracy: 0.4171
53/53 [==============================] - 3s 63ms/step - loss: 1.6271 - accuracy: 0.4171 - val_loss: 1.9260 - val_accuracy: 0.3222
Epoch 3/58

 1/53 [..............................] - ETA: 4s - loss: 1.4993 - accuracy: 0.4482
 3/53 [>.............................] - ETA: 2s - loss: 1.4949 - accuracy: 0.4593
 4/53 [=>............................] - ETA: 2s - loss: 1.4907 - accuracy: 0.4634
 6/53 [==>...........................] - ETA: 2s - loss: 1.4972 - accuracy: 0.4604
 7/53 [==>...........................] - ETA: 2s - loss: 1.4925 - accuracy: 0.4601
 9/53 [====>.........................] - ETA: 2s - loss: 1.4915 - accuracy: 0.4593
11/53 [=====>........................] - ETA: 2s - loss: 1.4895 - accuracy: 0.4577
12/53 [=====>........................] - ETA: 2s - loss: 1.4905 - accuracy: 0.4578
14/53 [======>.......................] - ETA: 2s - loss: 1.4867 - accuracy: 0.4604
15/53 [=======>......................] - ETA: 1s - loss: 1.4807 - accuracy: 0.4632
17/53 [========>.....................] - ETA: 1s - loss: 1.4792 - accuracy: 0.4650
18/53 [=========>....................] - ETA: 1s - loss: 1.4800 - accuracy: 0.4645
19/53 [=========>....................] - ETA: 1s - loss: 1.4777 - accuracy: 0.4659
20/53 [==========>...................] - ETA: 1s - loss: 1.4773 - accuracy: 0.4666
22/53 [===========>..................] - ETA: 1s - loss: 1.4746 - accuracy: 0.4684
23/53 [============>.................] - ETA: 1s - loss: 1.4743 - accuracy: 0.4687
25/53 [=============>................] - ETA: 1s - loss: 1.4713 - accuracy: 0.4693
27/53 [==============>...............] - ETA: 1s - loss: 1.4706 - accuracy: 0.4692
29/53 [===============>..............] - ETA: 1s - loss: 1.4706 - accuracy: 0.4690
31/53 [================>.............] - ETA: 1s - loss: 1.4670 - accuracy: 0.4705
32/53 [=================>............] - ETA: 1s - loss: 1.4675 - accuracy: 0.4707
34/53 [==================>...........] - ETA: 1s - loss: 1.4659 - accuracy: 0.4712
36/53 [===================>..........] - ETA: 0s - loss: 1.4648 - accuracy: 0.4719
37/53 [===================>..........] - ETA: 0s - loss: 1.4642 - accuracy: 0.4723
39/53 [=====================>........] - ETA: 0s - loss: 1.4626 - accuracy: 0.4729
40/53 [=====================>........] - ETA: 0s - loss: 1.4615 - accuracy: 0.4737
42/53 [======================>.......] - ETA: 0s - loss: 1.4616 - accuracy: 0.4743
44/53 [=======================>......] - ETA: 0s - loss: 1.4621 - accuracy: 0.4739
45/53 [========================>.....] - ETA: 0s - loss: 1.4623 - accuracy: 0.4734
47/53 [=========================>....] - ETA: 0s - loss: 1.4604 - accuracy: 0.4741
49/53 [==========================>...] - ETA: 0s - loss: 1.4614 - accuracy: 0.4738
50/53 [===========================>..] - ETA: 0s - loss: 1.4612 - accuracy: 0.4740
52/53 [============================>.] - ETA: 0s - loss: 1.4608 - accuracy: 0.4748
53/53 [==============================] - 3s 63ms/step - loss: 1.4608 - accuracy: 0.4748 - val_loss: 1.7871 - val_accuracy: 0.3835
Epoch 4/58

 1/53 [..............................] - ETA: 4s - loss: 1.3550 - accuracy: 0.5244
 3/53 [>.............................] - ETA: 2s - loss: 1.3660 - accuracy: 0.5208
 5/53 [=>............................] - ETA: 2s - loss: 1.3700 - accuracy: 0.5168
 6/53 [==>...........................] - ETA: 2s - loss: 1.3717 - accuracy: 0.5133
 8/53 [===>..........................] - ETA: 2s - loss: 1.3785 - accuracy: 0.5103
 9/53 [====>.........................] - ETA: 2s - loss: 1.3802 - accuracy: 0.5102
11/53 [=====>........................] - ETA: 2s - loss: 1.3832 - accuracy: 0.5086
13/53 [======>.......................] - ETA: 2s - loss: 1.3848 - accuracy: 0.5058
14/53 [======>.......................] - ETA: 2s - loss: 1.3864 - accuracy: 0.5055
16/53 [========>.....................] - ETA: 1s - loss: 1.3866 - accuracy: 0.5048
17/53 [========>.....................] - ETA: 1s - loss: 1.3851 - accuracy: 0.5054
19/53 [=========>....................] - ETA: 1s - loss: 1.3832 - accuracy: 0.5052
21/53 [==========>...................] - ETA: 1s - loss: 1.3842 - accuracy: 0.5054
22/53 [===========>..................] - ETA: 1s - loss: 1.3830 - accuracy: 0.5061
24/53 [============>.................] - ETA: 1s - loss: 1.3782 - accuracy: 0.5072
26/53 [=============>................] - ETA: 1s - loss: 1.3773 - accuracy: 0.5072
27/53 [==============>...............] - ETA: 1s - loss: 1.3770 - accuracy: 0.5068
29/53 [===============>..............] - ETA: 1s - loss: 1.3740 - accuracy: 0.5070
30/53 [===============>..............] - ETA: 1s - loss: 1.3728 - accuracy: 0.5074
32/53 [=================>............] - ETA: 1s - loss: 1.3715 - accuracy: 0.5083
33/53 [=================>............] - ETA: 1s - loss: 1.3701 - accuracy: 0.5089
35/53 [==================>...........] - ETA: 0s - loss: 1.3686 - accuracy: 0.5094
36/53 [===================>..........] - ETA: 0s - loss: 1.3692 - accuracy: 0.5095
38/53 [====================>.........] - ETA: 0s - loss: 1.3668 - accuracy: 0.5108
40/53 [=====================>........] - ETA: 0s - loss: 1.3648 - accuracy: 0.5117
41/53 [======================>.......] - ETA: 0s - loss: 1.3641 - accuracy: 0.5115
43/53 [=======================>......] - ETA: 0s - loss: 1.3632 - accuracy: 0.5118
44/53 [=======================>......] - ETA: 0s - loss: 1.3632 - accuracy: 0.5122
46/53 [=========================>....] - ETA: 0s - loss: 1.3632 - accuracy: 0.5124
48/53 [==========================>...] - ETA: 0s - loss: 1.3616 - accuracy: 0.5131
49/53 [==========================>...] - ETA: 0s - loss: 1.3604 - accuracy: 0.5132
51/53 [===========================>..] - ETA: 0s - loss: 1.3599 - accuracy: 0.5131
52/53 [============================>.] - ETA: 0s - loss: 1.3614 - accuracy: 0.5126
53/53 [==============================] - 3s 62ms/step - loss: 1.3619 - accuracy: 0.5127 - val_loss: 1.5843 - val_accuracy: 0.4293
Epoch 5/58

 1/53 [..............................] - ETA: 4s - loss: 1.2591 - accuracy: 0.5371
 3/53 [>.............................] - ETA: 2s - loss: 1.3012 - accuracy: 0.5241
 4/53 [=>............................] - ETA: 2s - loss: 1.3004 - accuracy: 0.5283
 6/53 [==>...........................] - ETA: 2s - loss: 1.2998 - accuracy: 0.5342
 8/53 [===>..........................] - ETA: 2s - loss: 1.2920 - accuracy: 0.5374
 9/53 [====>.........................] - ETA: 2s - loss: 1.2897 - accuracy: 0.5362
11/53 [=====>........................] - ETA: 2s - loss: 1.2902 - accuracy: 0.5355
13/53 [======>.......................] - ETA: 2s - loss: 1.2948 - accuracy: 0.5333
14/53 [======>.......................] - ETA: 2s - loss: 1.2895 - accuracy: 0.5355
16/53 [========>.....................] - ETA: 1s - loss: 1.2881 - accuracy: 0.5361
17/53 [========>.....................] - ETA: 1s - loss: 1.2869 - accuracy: 0.5362
19/53 [=========>....................] - ETA: 1s - loss: 1.2888 - accuracy: 0.5348
20/53 [==========>...................] - ETA: 1s - loss: 1.2874 - accuracy: 0.5360
22/53 [===========>..................] - ETA: 1s - loss: 1.2839 - accuracy: 0.5379
24/53 [============>.................] - ETA: 1s - loss: 1.2865 - accuracy: 0.5381
25/53 [=============>................] - ETA: 1s - loss: 1.2866 - accuracy: 0.5385
27/53 [==============>...............] - ETA: 1s - loss: 1.2839 - accuracy: 0.5395
29/53 [===============>..............] - ETA: 1s - loss: 1.2874 - accuracy: 0.5388
30/53 [===============>..............] - ETA: 1s - loss: 1.2903 - accuracy: 0.5379
32/53 [=================>............] - ETA: 1s - loss: 1.2909 - accuracy: 0.5374
34/53 [==================>...........] - ETA: 0s - loss: 1.2924 - accuracy: 0.5372
35/53 [==================>...........] - ETA: 0s - loss: 1.2922 - accuracy: 0.5376
37/53 [===================>..........] - ETA: 0s - loss: 1.2936 - accuracy: 0.5372
38/53 [====================>.........] - ETA: 0s - loss: 1.2932 - accuracy: 0.5373
40/53 [=====================>........] - ETA: 0s - loss: 1.2933 - accuracy: 0.5375
42/53 [======================>.......] - ETA: 0s - loss: 1.2943 - accuracy: 0.5376
43/53 [=======================>......] - ETA: 0s - loss: 1.2954 - accuracy: 0.5371
45/53 [========================>.....] - ETA: 0s - loss: 1.2937 - accuracy: 0.5380
46/53 [=========================>....] - ETA: 0s - loss: 1.2936 - accuracy: 0.5380
48/53 [==========================>...] - ETA: 0s - loss: 1.2935 - accuracy: 0.5372
50/53 [===========================>..] - ETA: 0s - loss: 1.2926 - accuracy: 0.5378
51/53 [===========================>..] - ETA: 0s - loss: 1.2930 - accuracy: 0.5376
53/53 [==============================] - ETA: 0s - loss: 1.2922 - accuracy: 0.5376
53/53 [==============================] - 3s 63ms/step - loss: 1.2922 - accuracy: 0.5376 - val_loss: 1.4618 - val_accuracy: 0.4790
Epoch 6/58

 1/53 [..............................] - ETA: 3s - loss: 1.2657 - accuracy: 0.5557
 2/53 [>.............................] - ETA: 3s - loss: 1.2520 - accuracy: 0.5625
 4/53 [=>............................] - ETA: 2s - loss: 1.2338 - accuracy: 0.5679
 6/53 [==>...........................] - ETA: 2s - loss: 1.2247 - accuracy: 0.5711
 7/53 [==>...........................] - ETA: 2s - loss: 1.2217 - accuracy: 0.5725
 9/53 [====>.........................] - ETA: 2s - loss: 1.2211 - accuracy: 0.5728
10/53 [====>.........................] - ETA: 2s - loss: 1.2214 - accuracy: 0.5723
12/53 [=====>........................] - ETA: 2s - loss: 1.2196 - accuracy: 0.5739
14/53 [======>.......................] - ETA: 2s - loss: 1.2136 - accuracy: 0.5755
15/53 [=======>......................] - ETA: 2s - loss: 1.2142 - accuracy: 0.5753
17/53 [========>.....................] - ETA: 1s - loss: 1.2186 - accuracy: 0.5725
18/53 [=========>....................] - ETA: 1s - loss: 1.2175 - accuracy: 0.5726
20/53 [==========>...................] - ETA: 1s - loss: 1.2200 - accuracy: 0.5706
21/53 [==========>...................] - ETA: 1s - loss: 1.2181 - accuracy: 0.5710
23/53 [============>.................] - ETA: 1s - loss: 1.2163 - accuracy: 0.5715
24/53 [============>.................] - ETA: 1s - loss: 1.2136 - accuracy: 0.5726
25/53 [=============>................] - ETA: 1s - loss: 1.2129 - accuracy: 0.5723
26/53 [=============>................] - ETA: 1s - loss: 1.2132 - accuracy: 0.5723
28/53 [==============>...............] - ETA: 1s - loss: 1.2114 - accuracy: 0.5735
29/53 [===============>..............] - ETA: 1s - loss: 1.2104 - accuracy: 0.5738
31/53 [================>.............] - ETA: 1s - loss: 1.2117 - accuracy: 0.5731
33/53 [=================>............] - ETA: 1s - loss: 1.2125 - accuracy: 0.5723
34/53 [==================>...........] - ETA: 0s - loss: 1.2130 - accuracy: 0.5717
36/53 [===================>..........] - ETA: 0s - loss: 1.2155 - accuracy: 0.5712
38/53 [====================>.........] - ETA: 0s - loss: 1.2170 - accuracy: 0.5707
39/53 [=====================>........] - ETA: 0s - loss: 1.2152 - accuracy: 0.5715
41/53 [======================>.......] - ETA: 0s - loss: 1.2138 - accuracy: 0.5723
43/53 [=======================>......] - ETA: 0s - loss: 1.2137 - accuracy: 0.5722
44/53 [=======================>......] - ETA: 0s - loss: 1.2132 - accuracy: 0.5720
46/53 [=========================>....] - ETA: 0s - loss: 1.2128 - accuracy: 0.5725
47/53 [=========================>....] - ETA: 0s - loss: 1.2116 - accuracy: 0.5730
49/53 [==========================>...] - ETA: 0s - loss: 1.2106 - accuracy: 0.5735
51/53 [===========================>..] - ETA: 0s - loss: 1.2111 - accuracy: 0.5732
52/53 [============================>.] - ETA: 0s - loss: 1.2113 - accuracy: 0.5732
53/53 [==============================] - 3s 62ms/step - loss: 1.2108 - accuracy: 0.5732 - val_loss: 1.4183 - val_accuracy: 0.5030
Epoch 7/58

 1/53 [..............................] - ETA: 4s - loss: 1.1556 - accuracy: 0.5986
 3/53 [>.............................] - ETA: 2s - loss: 1.1285 - accuracy: 0.6019
 5/53 [=>............................] - ETA: 2s - loss: 1.1406 - accuracy: 0.5936
 6/53 [==>...........................] - ETA: 2s - loss: 1.1385 - accuracy: 0.5944
 8/53 [===>..........................] - ETA: 2s - loss: 1.1458 - accuracy: 0.5951
 9/53 [====>.........................] - ETA: 2s - loss: 1.1423 - accuracy: 0.5934
11/53 [=====>........................] - ETA: 2s - loss: 1.1436 - accuracy: 0.5945
12/53 [=====>........................] - ETA: 2s - loss: 1.1413 - accuracy: 0.5964
14/53 [======>.......................] - ETA: 2s - loss: 1.1457 - accuracy: 0.5956
16/53 [========>.....................] - ETA: 1s - loss: 1.1438 - accuracy: 0.5961
17/53 [========>.....................] - ETA: 1s - loss: 1.1474 - accuracy: 0.5953
19/53 [=========>....................] - ETA: 1s - loss: 1.1519 - accuracy: 0.5931
20/53 [==========>...................] - ETA: 1s - loss: 1.1539 - accuracy: 0.5928
22/53 [===========>..................] - ETA: 1s - loss: 1.1538 - accuracy: 0.5923
24/53 [============>.................] - ETA: 1s - loss: 1.1533 - accuracy: 0.5927
25/53 [=============>................] - ETA: 1s - loss: 1.1525 - accuracy: 0.5926
27/53 [==============>...............] - ETA: 1s - loss: 1.1521 - accuracy: 0.5931
28/53 [==============>...............] - ETA: 1s - loss: 1.1516 - accuracy: 0.5938
30/53 [===============>..............] - ETA: 1s - loss: 1.1502 - accuracy: 0.5935
32/53 [=================>............] - ETA: 1s - loss: 1.1496 - accuracy: 0.5939
33/53 [=================>............] - ETA: 1s - loss: 1.1496 - accuracy: 0.5939
35/53 [==================>...........] - ETA: 0s - loss: 1.1488 - accuracy: 0.5941
37/53 [===================>..........] - ETA: 0s - loss: 1.1477 - accuracy: 0.5940
38/53 [====================>.........] - ETA: 0s - loss: 1.1481 - accuracy: 0.5937
40/53 [=====================>........] - ETA: 0s - loss: 1.1477 - accuracy: 0.5943
42/53 [======================>.......] - ETA: 0s - loss: 1.1489 - accuracy: 0.5941
43/53 [=======================>......] - ETA: 0s - loss: 1.1484 - accuracy: 0.5945
45/53 [========================>.....] - ETA: 0s - loss: 1.1490 - accuracy: 0.5945
46/53 [=========================>....] - ETA: 0s - loss: 1.1503 - accuracy: 0.5938
48/53 [==========================>...] - ETA: 0s - loss: 1.1483 - accuracy: 0.5942
49/53 [==========================>...] - ETA: 0s - loss: 1.1480 - accuracy: 0.5945
51/53 [===========================>..] - ETA: 0s - loss: 1.1481 - accuracy: 0.5945
53/53 [==============================] - ETA: 0s - loss: 1.1479 - accuracy: 0.5944
53/53 [==============================] - 3s 63ms/step - loss: 1.1479 - accuracy: 0.5944 - val_loss: 1.3010 - val_accuracy: 0.5390
Epoch 8/58

 1/53 [..............................] - ETA: 4s - loss: 1.0930 - accuracy: 0.6113
 2/53 [>.............................] - ETA: 2s - loss: 1.1291 - accuracy: 0.5952
 3/53 [>.............................] - ETA: 2s - loss: 1.1051 - accuracy: 0.6081
 5/53 [=>............................] - ETA: 2s - loss: 1.0834 - accuracy: 0.6211
 6/53 [==>...........................] - ETA: 2s - loss: 1.0871 - accuracy: 0.6209
 8/53 [===>..........................] - ETA: 2s - loss: 1.0820 - accuracy: 0.6207
10/53 [====>.........................] - ETA: 2s - loss: 1.0787 - accuracy: 0.6212
11/53 [=====>........................] - ETA: 2s - loss: 1.0768 - accuracy: 0.6220
13/53 [======>.......................] - ETA: 2s - loss: 1.0753 - accuracy: 0.6222
15/53 [=======>......................] - ETA: 1s - loss: 1.0782 - accuracy: 0.6214
16/53 [========>.....................] - ETA: 1s - loss: 1.0766 - accuracy: 0.6212
18/53 [=========>....................] - ETA: 1s - loss: 1.0780 - accuracy: 0.6209
19/53 [=========>....................] - ETA: 1s - loss: 1.0793 - accuracy: 0.6207
21/53 [==========>...................] - ETA: 1s - loss: 1.0778 - accuracy: 0.6209
22/53 [===========>..................] - ETA: 1s - loss: 1.0803 - accuracy: 0.6195
24/53 [============>.................] - ETA: 1s - loss: 1.0816 - accuracy: 0.6202
26/53 [=============>................] - ETA: 1s - loss: 1.0838 - accuracy: 0.6193
27/53 [==============>...............] - ETA: 1s - loss: 1.0834 - accuracy: 0.6192
28/53 [==============>...............] - ETA: 1s - loss: 1.0815 - accuracy: 0.6198
30/53 [===============>..............] - ETA: 1s - loss: 1.0824 - accuracy: 0.6193
32/53 [=================>............] - ETA: 1s - loss: 1.0832 - accuracy: 0.6195
34/53 [==================>...........] - ETA: 0s - loss: 1.0850 - accuracy: 0.6186
35/53 [==================>...........] - ETA: 0s - loss: 1.0876 - accuracy: 0.6175
37/53 [===================>..........] - ETA: 0s - loss: 1.0892 - accuracy: 0.6165
38/53 [====================>.........] - ETA: 0s - loss: 1.0899 - accuracy: 0.6165
40/53 [=====================>........] - ETA: 0s - loss: 1.0911 - accuracy: 0.6163
42/53 [======================>.......] - ETA: 0s - loss: 1.0907 - accuracy: 0.6168
43/53 [=======================>......] - ETA: 0s - loss: 1.0918 - accuracy: 0.6168
45/53 [========================>.....] - ETA: 0s - loss: 1.0927 - accuracy: 0.6165
46/53 [=========================>....] - ETA: 0s - loss: 1.0935 - accuracy: 0.6162
48/53 [==========================>...] - ETA: 0s - loss: 1.0939 - accuracy: 0.6153
50/53 [===========================>..] - ETA: 0s - loss: 1.0942 - accuracy: 0.6152
51/53 [===========================>..] - ETA: 0s - loss: 1.0939 - accuracy: 0.6154
53/53 [==============================] - ETA: 0s - loss: 1.0945 - accuracy: 0.6151
53/53 [==============================] - 3s 62ms/step - loss: 1.0945 - accuracy: 0.6151 - val_loss: 1.3018 - val_accuracy: 0.5407
Epoch 9/58

 1/53 [..............................] - ETA: 3s - loss: 1.0563 - accuracy: 0.6303
 4/53 [=>............................] - ETA: 1s - loss: 1.0546 - accuracy: 0.6292
 6/53 [==>...........................] - ETA: 1s - loss: 1.0333 - accuracy: 0.6417
 9/53 [====>.........................] - ETA: 1s - loss: 1.0425 - accuracy: 0.6336
11/53 [=====>........................] - ETA: 1s - loss: 1.0454 - accuracy: 0.6315
13/53 [======>.......................] - ETA: 1s - loss: 1.0397 - accuracy: 0.6322
15/53 [=======>......................] - ETA: 1s - loss: 1.0361 - accuracy: 0.6329
17/53 [========>.....................] - ETA: 1s - loss: 1.0371 - accuracy: 0.6332
19/53 [=========>....................] - ETA: 1s - loss: 1.0352 - accuracy: 0.6341
21/53 [==========>...................] - ETA: 1s - loss: 1.0344 - accuracy: 0.6356
23/53 [============>.................] - ETA: 1s - loss: 1.0333 - accuracy: 0.6360
25/53 [=============>................] - ETA: 1s - loss: 1.0318 - accuracy: 0.6356
27/53 [==============>...............] - ETA: 1s - loss: 1.0316 - accuracy: 0.6357
29/53 [===============>..............] - ETA: 0s - loss: 1.0343 - accuracy: 0.6342
30/53 [===============>..............] - ETA: 0s - loss: 1.0336 - accuracy: 0.6346
32/53 [=================>............] - ETA: 0s - loss: 1.0312 - accuracy: 0.6357
34/53 [==================>...........] - ETA: 0s - loss: 1.0328 - accuracy: 0.6355
36/53 [===================>..........] - ETA: 0s - loss: 1.0310 - accuracy: 0.6360
37/53 [===================>..........] - ETA: 0s - loss: 1.0308 - accuracy: 0.6361
39/53 [=====================>........] - ETA: 0s - loss: 1.0287 - accuracy: 0.6369
40/53 [=====================>........] - ETA: 0s - loss: 1.0291 - accuracy: 0.6365
42/53 [======================>.......] - ETA: 0s - loss: 1.0297 - accuracy: 0.6363
43/53 [=======================>......] - ETA: 0s - loss: 1.0299 - accuracy: 0.6362
45/53 [========================>.....] - ETA: 0s - loss: 1.0298 - accuracy: 0.6361
47/53 [=========================>....] - ETA: 0s - loss: 1.0313 - accuracy: 0.6356
48/53 [==========================>...] - ETA: 0s - loss: 1.0317 - accuracy: 0.6354
50/53 [===========================>..] - ETA: 0s - loss: 1.0326 - accuracy: 0.6357
51/53 [===========================>..] - ETA: 0s - loss: 1.0343 - accuracy: 0.6353
53/53 [==============================] - ETA: 0s - loss: 1.0365 - accuracy: 0.6345
53/53 [==============================] - 3s 54ms/step - loss: 1.0365 - accuracy: 0.6345 - val_loss: 1.2730 - val_accuracy: 0.5572
Epoch 10/58

 1/53 [..............................] - ETA: 4s - loss: 1.0467 - accuracy: 0.6182
 3/53 [>.............................] - ETA: 2s - loss: 1.0077 - accuracy: 0.6478
 4/53 [=>............................] - ETA: 2s - loss: 1.0000 - accuracy: 0.6499
 6/53 [==>...........................] - ETA: 2s - loss: 0.9883 - accuracy: 0.6538
 7/53 [==>...........................] - ETA: 2s - loss: 0.9864 - accuracy: 0.6518
 9/53 [====>.........................] - ETA: 2s - loss: 0.9825 - accuracy: 0.6532
11/53 [=====>........................] - ETA: 2s - loss: 0.9792 - accuracy: 0.6528
12/53 [=====>........................] - ETA: 2s - loss: 0.9771 - accuracy: 0.6536
14/53 [======>.......................] - ETA: 2s - loss: 0.9844 - accuracy: 0.6512
15/53 [=======>......................] - ETA: 1s - loss: 0.9821 - accuracy: 0.6526
17/53 [========>.....................] - ETA: 1s - loss: 0.9809 - accuracy: 0.6535
18/53 [=========>....................] - ETA: 1s - loss: 0.9808 - accuracy: 0.6542
20/53 [==========>...................] - ETA: 1s - loss: 0.9787 - accuracy: 0.6550
21/53 [==========>...................] - ETA: 1s - loss: 0.9819 - accuracy: 0.6540
23/53 [============>.................] - ETA: 1s - loss: 0.9824 - accuracy: 0.6535
25/53 [=============>................] - ETA: 1s - loss: 0.9846 - accuracy: 0.6531
26/53 [=============>................] - ETA: 1s - loss: 0.9846 - accuracy: 0.6535
28/53 [==============>...............] - ETA: 1s - loss: 0.9797 - accuracy: 0.6558
30/53 [===============>..............] - ETA: 1s - loss: 0.9792 - accuracy: 0.6560
31/53 [================>.............] - ETA: 1s - loss: 0.9792 - accuracy: 0.6557
33/53 [=================>............] - ETA: 1s - loss: 0.9766 - accuracy: 0.6560
34/53 [==================>...........] - ETA: 0s - loss: 0.9777 - accuracy: 0.6556
36/53 [===================>..........] - ETA: 0s - loss: 0.9805 - accuracy: 0.6555
38/53 [====================>.........] - ETA: 0s - loss: 0.9797 - accuracy: 0.6563
39/53 [=====================>........] - ETA: 0s - loss: 0.9799 - accuracy: 0.6563
41/53 [======================>.......] - ETA: 0s - loss: 0.9787 - accuracy: 0.6564
42/53 [======================>.......] - ETA: 0s - loss: 0.9788 - accuracy: 0.6563
44/53 [=======================>......] - ETA: 0s - loss: 0.9778 - accuracy: 0.6565
45/53 [========================>.....] - ETA: 0s - loss: 0.9779 - accuracy: 0.6564
47/53 [=========================>....] - ETA: 0s - loss: 0.9797 - accuracy: 0.6554
49/53 [==========================>...] - ETA: 0s - loss: 0.9794 - accuracy: 0.6557
51/53 [===========================>..] - ETA: 0s - loss: 0.9789 - accuracy: 0.6559
52/53 [============================>.] - ETA: 0s - loss: 0.9780 - accuracy: 0.6566
53/53 [==============================] - 3s 62ms/step - loss: 0.9788 - accuracy: 0.6565 - val_loss: 1.1734 - val_accuracy: 0.5963
Epoch 11/58

 1/53 [..............................] - ETA: 4s - loss: 0.8632 - accuracy: 0.7041
 2/53 [>.............................] - ETA: 2s - loss: 0.9090 - accuracy: 0.6880
 4/53 [=>............................] - ETA: 2s - loss: 0.9131 - accuracy: 0.6885
 5/53 [=>............................] - ETA: 2s - loss: 0.9200 - accuracy: 0.6854
 7/53 [==>...........................] - ETA: 2s - loss: 0.9250 - accuracy: 0.6802
 9/53 [====>.........................] - ETA: 2s - loss: 0.9253 - accuracy: 0.6774
10/53 [====>.........................] - ETA: 2s - loss: 0.9276 - accuracy: 0.6765
12/53 [=====>........................] - ETA: 2s - loss: 0.9272 - accuracy: 0.6757
13/53 [======>.......................] - ETA: 2s - loss: 0.9252 - accuracy: 0.6757
15/53 [=======>......................] - ETA: 1s - loss: 0.9266 - accuracy: 0.6753
17/53 [========>.....................] - ETA: 1s - loss: 0.9254 - accuracy: 0.6766
18/53 [=========>....................] - ETA: 1s - loss: 0.9253 - accuracy: 0.6766
20/53 [==========>...................] - ETA: 1s - loss: 0.9284 - accuracy: 0.6750
22/53 [===========>..................] - ETA: 1s - loss: 0.9293 - accuracy: 0.6742
23/53 [============>.................] - ETA: 1s - loss: 0.9312 - accuracy: 0.6734
25/53 [=============>................] - ETA: 1s - loss: 0.9306 - accuracy: 0.6739
27/53 [==============>...............] - ETA: 1s - loss: 0.9290 - accuracy: 0.6744
29/53 [===============>..............] - ETA: 1s - loss: 0.9310 - accuracy: 0.6742
31/53 [================>.............] - ETA: 1s - loss: 0.9321 - accuracy: 0.6742
33/53 [=================>............] - ETA: 1s - loss: 0.9325 - accuracy: 0.6740
34/53 [==================>...........] - ETA: 0s - loss: 0.9335 - accuracy: 0.6735
36/53 [===================>..........] - ETA: 0s - loss: 0.9354 - accuracy: 0.6731
37/53 [===================>..........] - ETA: 0s - loss: 0.9359 - accuracy: 0.6730
39/53 [=====================>........] - ETA: 0s - loss: 0.9380 - accuracy: 0.6727
40/53 [=====================>........] - ETA: 0s - loss: 0.9380 - accuracy: 0.6726
42/53 [======================>.......] - ETA: 0s - loss: 0.9351 - accuracy: 0.6735
43/53 [=======================>......] - ETA: 0s - loss: 0.9342 - accuracy: 0.6739
45/53 [========================>.....] - ETA: 0s - loss: 0.9350 - accuracy: 0.6740
47/53 [=========================>....] - ETA: 0s - loss: 0.9351 - accuracy: 0.6740
48/53 [==========================>...] - ETA: 0s - loss: 0.9349 - accuracy: 0.6738
50/53 [===========================>..] - ETA: 0s - loss: 0.9354 - accuracy: 0.6741
52/53 [============================>.] - ETA: 0s - loss: 0.9374 - accuracy: 0.6738
53/53 [==============================] - ETA: 0s - loss: 0.9379 - accuracy: 0.6736
53/53 [==============================] - 3s 62ms/step - loss: 0.9379 - accuracy: 0.6736 - val_loss: 1.1479 - val_accuracy: 0.6015
Epoch 12/58

 1/53 [..............................] - ETA: 3s - loss: 0.8661 - accuracy: 0.6855
 2/53 [>.............................] - ETA: 3s - loss: 0.8534 - accuracy: 0.6992
 4/53 [=>............................] - ETA: 2s - loss: 0.8555 - accuracy: 0.7029
 5/53 [=>............................] - ETA: 2s - loss: 0.8626 - accuracy: 0.6979
 7/53 [==>...........................] - ETA: 2s - loss: 0.8657 - accuracy: 0.6974
 8/53 [===>..........................] - ETA: 2s - loss: 0.8698 - accuracy: 0.6965
10/53 [====>.........................] - ETA: 2s - loss: 0.8630 - accuracy: 0.7010
12/53 [=====>........................] - ETA: 2s - loss: 0.8630 - accuracy: 0.7009
13/53 [======>.......................] - ETA: 2s - loss: 0.8624 - accuracy: 0.7013
15/53 [=======>......................] - ETA: 1s - loss: 0.8679 - accuracy: 0.6992
16/53 [========>.....................] - ETA: 1s - loss: 0.8694 - accuracy: 0.6995
18/53 [=========>....................] - ETA: 1s - loss: 0.8735 - accuracy: 0.6974
20/53 [==========>...................] - ETA: 1s - loss: 0.8734 - accuracy: 0.6977
22/53 [===========>..................] - ETA: 1s - loss: 0.8736 - accuracy: 0.6976
23/53 [============>.................] - ETA: 1s - loss: 0.8773 - accuracy: 0.6961
25/53 [=============>................] - ETA: 1s - loss: 0.8824 - accuracy: 0.6932
26/53 [=============>................] - ETA: 1s - loss: 0.8848 - accuracy: 0.6920
28/53 [==============>...............] - ETA: 1s - loss: 0.8846 - accuracy: 0.6928
29/53 [===============>..............] - ETA: 1s - loss: 0.8871 - accuracy: 0.6923
31/53 [================>.............] - ETA: 1s - loss: 0.8885 - accuracy: 0.6915
32/53 [=================>............] - ETA: 1s - loss: 0.8865 - accuracy: 0.6927
34/53 [==================>...........] - ETA: 0s - loss: 0.8888 - accuracy: 0.6916
35/53 [==================>...........] - ETA: 0s - loss: 0.8894 - accuracy: 0.6919
37/53 [===================>..........] - ETA: 0s - loss: 0.8899 - accuracy: 0.6919
39/53 [=====================>........] - ETA: 0s - loss: 0.8916 - accuracy: 0.6911
40/53 [=====================>........] - ETA: 0s - loss: 0.8920 - accuracy: 0.6906
42/53 [======================>.......] - ETA: 0s - loss: 0.8915 - accuracy: 0.6905
43/53 [=======================>......] - ETA: 0s - loss: 0.8917 - accuracy: 0.6908
45/53 [========================>.....] - ETA: 0s - loss: 0.8927 - accuracy: 0.6901
47/53 [=========================>....] - ETA: 0s - loss: 0.8946 - accuracy: 0.6896
48/53 [==========================>...] - ETA: 0s - loss: 0.8943 - accuracy: 0.6893
50/53 [===========================>..] - ETA: 0s - loss: 0.8940 - accuracy: 0.6898
52/53 [============================>.] - ETA: 0s - loss: 0.8952 - accuracy: 0.6892
53/53 [==============================] - ETA: 0s - loss: 0.8961 - accuracy: 0.6889
53/53 [==============================] - 3s 63ms/step - loss: 0.8961 - accuracy: 0.6889 - val_loss: 1.1653 - val_accuracy: 0.6043
Epoch 13/58

 1/53 [..............................] - ETA: 4s - loss: 0.8294 - accuracy: 0.7031
 3/53 [>.............................] - ETA: 2s - loss: 0.8580 - accuracy: 0.6954
 5/53 [=>............................] - ETA: 2s - loss: 0.8555 - accuracy: 0.6953
 7/53 [==>...........................] - ETA: 2s - loss: 0.8621 - accuracy: 0.6948
 8/53 [===>..........................] - ETA: 2s - loss: 0.8517 - accuracy: 0.7009
10/53 [====>.........................] - ETA: 2s - loss: 0.8429 - accuracy: 0.7044
11/53 [=====>........................] - ETA: 2s - loss: 0.8428 - accuracy: 0.7040
13/53 [======>.......................] - ETA: 2s - loss: 0.8467 - accuracy: 0.7027
14/53 [======>.......................] - ETA: 2s - loss: 0.8439 - accuracy: 0.7034
16/53 [========>.....................] - ETA: 1s - loss: 0.8451 - accuracy: 0.7037
18/53 [=========>....................] - ETA: 1s - loss: 0.8453 - accuracy: 0.7042
19/53 [=========>....................] - ETA: 1s - loss: 0.8454 - accuracy: 0.7040
21/53 [==========>...................] - ETA: 1s - loss: 0.8427 - accuracy: 0.7054
22/53 [===========>..................] - ETA: 1s - loss: 0.8413 - accuracy: 0.7064
24/53 [============>.................] - ETA: 1s - loss: 0.8392 - accuracy: 0.7077
26/53 [=============>................] - ETA: 1s - loss: 0.8397 - accuracy: 0.7077
27/53 [==============>...............] - ETA: 1s - loss: 0.8409 - accuracy: 0.7073
29/53 [===============>..............] - ETA: 1s - loss: 0.8416 - accuracy: 0.7067
30/53 [===============>..............] - ETA: 1s - loss: 0.8413 - accuracy: 0.7075
32/53 [=================>............] - ETA: 1s - loss: 0.8418 - accuracy: 0.7073
34/53 [==================>...........] - ETA: 0s - loss: 0.8416 - accuracy: 0.7079
35/53 [==================>...........] - ETA: 0s - loss: 0.8414 - accuracy: 0.7081
37/53 [===================>..........] - ETA: 0s - loss: 0.8423 - accuracy: 0.7070
38/53 [====================>.........] - ETA: 0s - loss: 0.8425 - accuracy: 0.7071
40/53 [=====================>........] - ETA: 0s - loss: 0.8418 - accuracy: 0.7072
42/53 [======================>.......] - ETA: 0s - loss: 0.8433 - accuracy: 0.7066
43/53 [=======================>......] - ETA: 0s - loss: 0.8445 - accuracy: 0.7066
45/53 [========================>.....] - ETA: 0s - loss: 0.8471 - accuracy: 0.7059
46/53 [=========================>....] - ETA: 0s - loss: 0.8488 - accuracy: 0.7055
48/53 [==========================>...] - ETA: 0s - loss: 0.8486 - accuracy: 0.7057
50/53 [===========================>..] - ETA: 0s - loss: 0.8492 - accuracy: 0.7059
51/53 [===========================>..] - ETA: 0s - loss: 0.8496 - accuracy: 0.7058
53/53 [==============================] - ETA: 0s - loss: 0.8508 - accuracy: 0.7053
53/53 [==============================] - 3s 63ms/step - loss: 0.8508 - accuracy: 0.7053 - val_loss: 1.1712 - val_accuracy: 0.6048
Epoch 14/58

 1/53 [..............................] - ETA: 4s - loss: 0.7977 - accuracy: 0.7373
 3/53 [>.............................] - ETA: 2s - loss: 0.7884 - accuracy: 0.7288
 5/53 [=>............................] - ETA: 2s - loss: 0.7887 - accuracy: 0.7277
 7/53 [==>...........................] - ETA: 2s - loss: 0.7966 - accuracy: 0.7268
 8/53 [===>..........................] - ETA: 2s - loss: 0.8030 - accuracy: 0.7232
10/53 [====>.........................] - ETA: 2s - loss: 0.8055 - accuracy: 0.7211
11/53 [=====>........................] - ETA: 2s - loss: 0.8054 - accuracy: 0.7210
13/53 [======>.......................] - ETA: 2s - loss: 0.8009 - accuracy: 0.7225
14/53 [======>.......................] - ETA: 2s - loss: 0.7986 - accuracy: 0.7228
16/53 [========>.....................] - ETA: 1s - loss: 0.7979 - accuracy: 0.7240
18/53 [=========>....................] - ETA: 1s - loss: 0.7980 - accuracy: 0.7249
19/53 [=========>....................] - ETA: 1s - loss: 0.7960 - accuracy: 0.7259
21/53 [==========>...................] - ETA: 1s - loss: 0.7993 - accuracy: 0.7249
22/53 [===========>..................] - ETA: 1s - loss: 0.8019 - accuracy: 0.7239
24/53 [============>.................] - ETA: 1s - loss: 0.7986 - accuracy: 0.7250
26/53 [=============>................] - ETA: 1s - loss: 0.8002 - accuracy: 0.7241
27/53 [==============>...............] - ETA: 1s - loss: 0.7994 - accuracy: 0.7245
29/53 [===============>..............] - ETA: 1s - loss: 0.8005 - accuracy: 0.7247
30/53 [===============>..............] - ETA: 1s - loss: 0.7996 - accuracy: 0.7249
32/53 [=================>............] - ETA: 1s - loss: 0.8009 - accuracy: 0.7241
34/53 [==================>...........] - ETA: 0s - loss: 0.8002 - accuracy: 0.7246
35/53 [==================>...........] - ETA: 0s - loss: 0.8013 - accuracy: 0.7239
37/53 [===================>..........] - ETA: 0s - loss: 0.8017 - accuracy: 0.7237
39/53 [=====================>........] - ETA: 0s - loss: 0.8029 - accuracy: 0.7229
40/53 [=====================>........] - ETA: 0s - loss: 0.8031 - accuracy: 0.7224
42/53 [======================>.......] - ETA: 0s - loss: 0.8052 - accuracy: 0.7222
43/53 [=======================>......] - ETA: 0s - loss: 0.8065 - accuracy: 0.7214
45/53 [========================>.....] - ETA: 0s - loss: 0.8089 - accuracy: 0.7213
47/53 [=========================>....] - ETA: 0s - loss: 0.8079 - accuracy: 0.7219
48/53 [==========================>...] - ETA: 0s - loss: 0.8078 - accuracy: 0.7216
50/53 [===========================>..] - ETA: 0s - loss: 0.8069 - accuracy: 0.7213
51/53 [===========================>..] - ETA: 0s - loss: 0.8078 - accuracy: 0.7210
53/53 [==============================] - ETA: 0s - loss: 0.8085 - accuracy: 0.7207
53/53 [==============================] - 3s 63ms/step - loss: 0.8085 - accuracy: 0.7207 - val_loss: 1.1503 - val_accuracy: 0.6117
Epoch 15/58

 1/53 [..............................] - ETA: 4s - loss: 0.7348 - accuracy: 0.7451
 3/53 [>.............................] - ETA: 2s - loss: 0.7585 - accuracy: 0.7438
 4/53 [=>............................] - ETA: 2s - loss: 0.7639 - accuracy: 0.7385
 6/53 [==>...........................] - ETA: 2s - loss: 0.7684 - accuracy: 0.7354
 8/53 [===>..........................] - ETA: 2s - loss: 0.7627 - accuracy: 0.7394
 9/53 [====>.........................] - ETA: 2s - loss: 0.7572 - accuracy: 0.7412
11/53 [=====>........................] - ETA: 2s - loss: 0.7609 - accuracy: 0.7385
13/53 [======>.......................] - ETA: 2s - loss: 0.7677 - accuracy: 0.7348
14/53 [======>.......................] - ETA: 2s - loss: 0.7682 - accuracy: 0.7349
16/53 [========>.....................] - ETA: 1s - loss: 0.7657 - accuracy: 0.7366
17/53 [========>.....................] - ETA: 1s - loss: 0.7663 - accuracy: 0.7364
19/53 [=========>....................] - ETA: 1s - loss: 0.7653 - accuracy: 0.7371
21/53 [==========>...................] - ETA: 1s - loss: 0.7653 - accuracy: 0.7375
22/53 [===========>..................] - ETA: 1s - loss: 0.7659 - accuracy: 0.7370
24/53 [============>.................] - ETA: 1s - loss: 0.7665 - accuracy: 0.7361
25/53 [=============>................] - ETA: 1s - loss: 0.7641 - accuracy: 0.7372
27/53 [==============>...............] - ETA: 1s - loss: 0.7650 - accuracy: 0.7353
29/53 [===============>..............] - ETA: 1s - loss: 0.7675 - accuracy: 0.7338
30/53 [===============>..............] - ETA: 1s - loss: 0.7709 - accuracy: 0.7326
32/53 [=================>............] - ETA: 1s - loss: 0.7734 - accuracy: 0.7319
33/53 [=================>............] - ETA: 1s - loss: 0.7742 - accuracy: 0.7316
35/53 [==================>...........] - ETA: 0s - loss: 0.7746 - accuracy: 0.7322
36/53 [===================>..........] - ETA: 0s - loss: 0.7763 - accuracy: 0.7316
38/53 [====================>.........] - ETA: 0s - loss: 0.7764 - accuracy: 0.7312
40/53 [=====================>........] - ETA: 0s - loss: 0.7776 - accuracy: 0.7305
41/53 [======================>.......] - ETA: 0s - loss: 0.7778 - accuracy: 0.7307
43/53 [=======================>......] - ETA: 0s - loss: 0.7769 - accuracy: 0.7314
45/53 [========================>.....] - ETA: 0s - loss: 0.7789 - accuracy: 0.7308
46/53 [=========================>....] - ETA: 0s - loss: 0.7783 - accuracy: 0.7314
48/53 [==========================>...] - ETA: 0s - loss: 0.7808 - accuracy: 0.7305
49/53 [==========================>...] - ETA: 0s - loss: 0.7822 - accuracy: 0.7304
51/53 [===========================>..] - ETA: 0s - loss: 0.7839 - accuracy: 0.7298
52/53 [============================>.] - ETA: 0s - loss: 0.7857 - accuracy: 0.7292
53/53 [==============================] - 3s 62ms/step - loss: 0.7859 - accuracy: 0.7292 - val_loss: 1.1921 - val_accuracy: 0.6037
Epoch 16/58

 1/53 [..............................] - ETA: 4s - loss: 0.6978 - accuracy: 0.7695
 3/53 [>.............................] - ETA: 2s - loss: 0.7561 - accuracy: 0.7396
 4/53 [=>............................] - ETA: 2s - loss: 0.7576 - accuracy: 0.7410
 6/53 [==>...........................] - ETA: 2s - loss: 0.7532 - accuracy: 0.7381
 7/53 [==>...........................] - ETA: 2s - loss: 0.7456 - accuracy: 0.7400
 9/53 [====>.........................] - ETA: 2s - loss: 0.7445 - accuracy: 0.7413
11/53 [=====>........................] - ETA: 2s - loss: 0.7423 - accuracy: 0.7437
12/53 [=====>........................] - ETA: 2s - loss: 0.7432 - accuracy: 0.7436
14/53 [======>.......................] - ETA: 2s - loss: 0.7439 - accuracy: 0.7430
15/53 [=======>......................] - ETA: 1s - loss: 0.7387 - accuracy: 0.7447
17/53 [========>.....................] - ETA: 1s - loss: 0.7345 - accuracy: 0.7463
19/53 [=========>....................] - ETA: 1s - loss: 0.7368 - accuracy: 0.7457
20/53 [==========>...................] - ETA: 1s - loss: 0.7368 - accuracy: 0.7454
22/53 [===========>..................] - ETA: 1s - loss: 0.7397 - accuracy: 0.7442
23/53 [============>.................] - ETA: 1s - loss: 0.7392 - accuracy: 0.7446
25/53 [=============>................] - ETA: 1s - loss: 0.7427 - accuracy: 0.7426
27/53 [==============>...............] - ETA: 1s - loss: 0.7434 - accuracy: 0.7423
28/53 [==============>...............] - ETA: 1s - loss: 0.7444 - accuracy: 0.7421
30/53 [===============>..............] - ETA: 1s - loss: 0.7433 - accuracy: 0.7429
32/53 [=================>............] - ETA: 1s - loss: 0.7427 - accuracy: 0.7434
33/53 [=================>............] - ETA: 1s - loss: 0.7447 - accuracy: 0.7424
35/53 [==================>...........] - ETA: 0s - loss: 0.7433 - accuracy: 0.7434
36/53 [===================>..........] - ETA: 0s - loss: 0.7447 - accuracy: 0.7430
38/53 [====================>.........] - ETA: 0s - loss: 0.7458 - accuracy: 0.7429
40/53 [=====================>........] - ETA: 0s - loss: 0.7469 - accuracy: 0.7426
41/53 [======================>.......] - ETA: 0s - loss: 0.7488 - accuracy: 0.7418
43/53 [=======================>......] - ETA: 0s - loss: 0.7474 - accuracy: 0.7426
44/53 [=======================>......] - ETA: 0s - loss: 0.7461 - accuracy: 0.7432
46/53 [=========================>....] - ETA: 0s - loss: 0.7475 - accuracy: 0.7429
47/53 [=========================>....] - ETA: 0s - loss: 0.7488 - accuracy: 0.7423
49/53 [==========================>...] - ETA: 0s - loss: 0.7484 - accuracy: 0.7427
50/53 [===========================>..] - ETA: 0s - loss: 0.7490 - accuracy: 0.7424
52/53 [============================>.] - ETA: 0s - loss: 0.7482 - accuracy: 0.7430
53/53 [==============================] - 3s 62ms/step - loss: 0.7487 - accuracy: 0.7426 - val_loss: 1.1753 - val_accuracy: 0.6088
Epoch 16: early stopping

  1/188 [..............................] - ETA: 2s - loss: 0.9937 - accuracy: 0.6562
 18/188 [=>............................] - ETA: 0s - loss: 1.2224 - accuracy: 0.6007
 38/188 [=====>........................] - ETA: 0s - loss: 1.2455 - accuracy: 0.5954
 59/188 [========>.....................] - ETA: 0s - loss: 1.2024 - accuracy: 0.6065
 81/188 [===========>..................] - ETA: 0s - loss: 1.1897 - accuracy: 0.6057
102/188 [===============>..............] - ETA: 0s - loss: 1.1902 - accuracy: 0.6051
124/188 [==================>...........] - ETA: 0s - loss: 1.1920 - accuracy: 0.6048
144/188 [=====================>........] - ETA: 0s - loss: 1.1847 - accuracy: 0.6066
165/188 [=========================>....] - ETA: 0s - loss: 1.1710 - accuracy: 0.6110
187/188 [============================>.] - ETA: 0s - loss: 1.1758 - accuracy: 0.6091
188/188 [==============================] - 1s 3ms/step - loss: 1.1753 - accuracy: 0.6088
