2024-08-26 07:30:43.391651: I tensorflow/core/platform/cpu_feature_guard.cc:193] This TensorFlow binary is optimized with oneAPI Deep Neural Network Library (oneDNN) to use the following CPU instructions in performance-critical operations:  AVX AVX2
To enable them in other operations, rebuild TensorFlow with the appropriate compiler flags.
2024-08-26 07:30:43.826544: I tensorflow/core/common_runtime/gpu/gpu_device.cc:1616] Created device /job:localhost/replica:0/task:0/device:GPU:0 with 13575 MB memory:  -> device: 0, name: NVIDIA GeForce RTX 4060 Ti, pci bus id: 0000:01:00.0, compute capability: 8.9
1 Physical GPUs, 1 Logical GPUs
Fold:  0
Model: "sequential"
_________________________________________________________________
 Layer (type)                Output Shape              Param #   
=================================================================
 conv2d (Conv2D)             (None, 32, 32, 32)        896       
                                                                 
 dropout (Dropout)           (None, 32, 32, 32)        0         
                                                                 
 flatten (Flatten)           (None, 32768)             0         
                                                                 
 dense (Dense)               (None, 86)                2818134   
                                                                 
 dropout_1 (Dropout)         (None, 86)                0         
                                                                 
 dense_1 (Dense)             (None, 10)                870       
                                                                 
=================================================================
Total params: 2,819,900
Trainable params: 2,819,900
Non-trainable params: 0
_________________________________________________________________
Taxa de aprendizado:  0.001 Num de épocas:  182 Tamanho do lote:  64 Dropout:  0.23
Epoch 1/182
2024-08-26 07:30:44.880302: I tensorflow/stream_executor/cuda/cuda_dnn.cc:384] Loaded cuDNN version 8100
2024-08-26 07:30:45.525296: W tensorflow/stream_executor/gpu/redzone_allocator.cc:314] INTERNAL: ptxas exited with non-zero error code -1, output: 
Relying on driver to perform ptx compilation. 
Modify $PATH to customize ptxas location.
This message will be only logged once.
2024-08-26 07:30:46.082642: I tensorflow/stream_executor/cuda/cuda_blas.cc:1614] TensorFloat-32 will be used for the matrix multiplication. This will only be logged once.

  1/844 [..............................] - ETA: 30:54 - loss: 2.4913 - accuracy: 0.0625
 19/844 [..............................] - ETA: 2s - loss: 3.6090 - accuracy: 0.1061   
 44/844 [>.............................] - ETA: 2s - loss: 2.9685 - accuracy: 0.1364
 69/844 [=>............................] - ETA: 2s - loss: 2.6425 - accuracy: 0.1778
 94/844 [==>...........................] - ETA: 2s - loss: 2.4304 - accuracy: 0.2204
114/844 [===>..........................] - ETA: 1s - loss: 2.3117 - accuracy: 0.2478
138/844 [===>..........................] - ETA: 1s - loss: 2.2066 - accuracy: 0.2732
163/844 [====>.........................] - ETA: 1s - loss: 2.1172 - accuracy: 0.2941
184/844 [=====>........................] - ETA: 1s - loss: 2.0529 - accuracy: 0.3121
207/844 [======>.......................] - ETA: 1s - loss: 1.9953 - accuracy: 0.3268
228/844 [=======>......................] - ETA: 1s - loss: 1.9550 - accuracy: 0.3380
253/844 [=======>......................] - ETA: 1s - loss: 1.9072 - accuracy: 0.3515
278/844 [========>.....................] - ETA: 1s - loss: 1.8696 - accuracy: 0.3621
304/844 [=========>....................] - ETA: 1s - loss: 1.8291 - accuracy: 0.3732
329/844 [==========>...................] - ETA: 1s - loss: 1.8011 - accuracy: 0.3818
354/844 [===========>..................] - ETA: 1s - loss: 1.7741 - accuracy: 0.3900
379/844 [============>.................] - ETA: 1s - loss: 1.7537 - accuracy: 0.3959
405/844 [=============>................] - ETA: 1s - loss: 1.7337 - accuracy: 0.4014
425/844 [==============>...............] - ETA: 1s - loss: 1.7161 - accuracy: 0.4074
444/844 [==============>...............] - ETA: 1s - loss: 1.7028 - accuracy: 0.4105
469/844 [===============>..............] - ETA: 0s - loss: 1.6856 - accuracy: 0.4155
494/844 [================>.............] - ETA: 0s - loss: 1.6684 - accuracy: 0.4205
515/844 [=================>............] - ETA: 0s - loss: 1.6554 - accuracy: 0.4244
539/844 [==================>...........] - ETA: 0s - loss: 1.6429 - accuracy: 0.4283
565/844 [===================>..........] - ETA: 0s - loss: 1.6308 - accuracy: 0.4316
590/844 [===================>..........] - ETA: 0s - loss: 1.6187 - accuracy: 0.4355
616/844 [====================>.........] - ETA: 0s - loss: 1.6095 - accuracy: 0.4381
641/844 [=====================>........] - ETA: 0s - loss: 1.5983 - accuracy: 0.4413
668/844 [======================>.......] - ETA: 0s - loss: 1.5879 - accuracy: 0.4451
694/844 [=======================>......] - ETA: 0s - loss: 1.5787 - accuracy: 0.4482
720/844 [========================>.....] - ETA: 0s - loss: 1.5692 - accuracy: 0.4508
745/844 [=========================>....] - ETA: 0s - loss: 1.5609 - accuracy: 0.4530
770/844 [==========================>...] - ETA: 0s - loss: 1.5538 - accuracy: 0.4551
795/844 [===========================>..] - ETA: 0s - loss: 1.5470 - accuracy: 0.4570
821/844 [============================>.] - ETA: 0s - loss: 1.5419 - accuracy: 0.4586
844/844 [==============================] - 5s 3ms/step - loss: 1.5360 - accuracy: 0.4607 - val_loss: 1.2603 - val_accuracy: 0.5540
Epoch 2/182

  1/844 [..............................] - ETA: 13s - loss: 1.1652 - accuracy: 0.5156
 25/844 [..............................] - ETA: 2s - loss: 1.1777 - accuracy: 0.5813 
 51/844 [>.............................] - ETA: 1s - loss: 1.2004 - accuracy: 0.5778
 77/844 [=>............................] - ETA: 1s - loss: 1.2076 - accuracy: 0.5728
104/844 [==>...........................] - ETA: 1s - loss: 1.2076 - accuracy: 0.5718
130/844 [===>..........................] - ETA: 1s - loss: 1.2159 - accuracy: 0.5708
157/844 [====>.........................] - ETA: 1s - loss: 1.2144 - accuracy: 0.5718
183/844 [=====>........................] - ETA: 1s - loss: 1.2204 - accuracy: 0.5704
210/844 [======>.......................] - ETA: 1s - loss: 1.2220 - accuracy: 0.5699
235/844 [=======>......................] - ETA: 1s - loss: 1.2225 - accuracy: 0.5689
261/844 [========>.....................] - ETA: 1s - loss: 1.2193 - accuracy: 0.5702
286/844 [=========>....................] - ETA: 1s - loss: 1.2174 - accuracy: 0.5710
312/844 [==========>...................] - ETA: 1s - loss: 1.2189 - accuracy: 0.5705
337/844 [==========>...................] - ETA: 1s - loss: 1.2133 - accuracy: 0.5716
362/844 [===========>..................] - ETA: 1s - loss: 1.2109 - accuracy: 0.5714
388/844 [============>.................] - ETA: 1s - loss: 1.2081 - accuracy: 0.5719
414/844 [=============>................] - ETA: 1s - loss: 1.2062 - accuracy: 0.5727
439/844 [==============>...............] - ETA: 0s - loss: 1.2066 - accuracy: 0.5738
466/844 [===============>..............] - ETA: 0s - loss: 1.2076 - accuracy: 0.5736
492/844 [================>.............] - ETA: 0s - loss: 1.2059 - accuracy: 0.5739
517/844 [=================>............] - ETA: 0s - loss: 1.2038 - accuracy: 0.5738
543/844 [==================>...........] - ETA: 0s - loss: 1.2016 - accuracy: 0.5745
568/844 [===================>..........] - ETA: 0s - loss: 1.2014 - accuracy: 0.5753
594/844 [====================>.........] - ETA: 0s - loss: 1.1984 - accuracy: 0.5759
620/844 [=====================>........] - ETA: 0s - loss: 1.1968 - accuracy: 0.5766
645/844 [=====================>........] - ETA: 0s - loss: 1.1977 - accuracy: 0.5762
671/844 [======================>.......] - ETA: 0s - loss: 1.1946 - accuracy: 0.5774
694/844 [=======================>......] - ETA: 0s - loss: 1.1941 - accuracy: 0.5773
712/844 [========================>.....] - ETA: 0s - loss: 1.1936 - accuracy: 0.5779
736/844 [=========================>....] - ETA: 0s - loss: 1.1941 - accuracy: 0.5779
762/844 [==========================>...] - ETA: 0s - loss: 1.1943 - accuracy: 0.5781
786/844 [==========================>...] - ETA: 0s - loss: 1.1935 - accuracy: 0.5784
812/844 [===========================>..] - ETA: 0s - loss: 1.1910 - accuracy: 0.5792
836/844 [============================>.] - ETA: 0s - loss: 1.1909 - accuracy: 0.5793
844/844 [==============================] - 2s 3ms/step - loss: 1.1909 - accuracy: 0.5794 - val_loss: 1.1614 - val_accuracy: 0.5900
Epoch 3/182

  1/844 [..............................] - ETA: 13s - loss: 1.1468 - accuracy: 0.5781
 26/844 [..............................] - ETA: 2s - loss: 1.0458 - accuracy: 0.6256 
 53/844 [>.............................] - ETA: 1s - loss: 1.0484 - accuracy: 0.6280
 80/844 [=>............................] - ETA: 1s - loss: 1.0436 - accuracy: 0.6326
105/844 [==>...........................] - ETA: 1s - loss: 1.0409 - accuracy: 0.6344
133/844 [===>..........................] - ETA: 1s - loss: 1.0506 - accuracy: 0.6312
159/844 [====>.........................] - ETA: 1s - loss: 1.0497 - accuracy: 0.6331
184/844 [=====>........................] - ETA: 1s - loss: 1.0482 - accuracy: 0.6336
210/844 [======>.......................] - ETA: 1s - loss: 1.0493 - accuracy: 0.6338
236/844 [=======>......................] - ETA: 1s - loss: 1.0472 - accuracy: 0.6341
262/844 [========>.....................] - ETA: 1s - loss: 1.0527 - accuracy: 0.6319
289/844 [=========>....................] - ETA: 1s - loss: 1.0567 - accuracy: 0.6290
314/844 [==========>...................] - ETA: 1s - loss: 1.0569 - accuracy: 0.6282
340/844 [===========>..................] - ETA: 1s - loss: 1.0566 - accuracy: 0.6283
367/844 [============>.................] - ETA: 1s - loss: 1.0571 - accuracy: 0.6278
394/844 [=============>................] - ETA: 1s - loss: 1.0585 - accuracy: 0.6272
420/844 [=============>................] - ETA: 1s - loss: 1.0560 - accuracy: 0.6282
446/844 [==============>...............] - ETA: 0s - loss: 1.0562 - accuracy: 0.6277
469/844 [===============>..............] - ETA: 0s - loss: 1.0592 - accuracy: 0.6268
492/844 [================>.............] - ETA: 0s - loss: 1.0593 - accuracy: 0.6270
518/844 [=================>............] - ETA: 0s - loss: 1.0610 - accuracy: 0.6255
544/844 [==================>...........] - ETA: 0s - loss: 1.0622 - accuracy: 0.6250
570/844 [===================>..........] - ETA: 0s - loss: 1.0599 - accuracy: 0.6264
597/844 [====================>.........] - ETA: 0s - loss: 1.0608 - accuracy: 0.6267
622/844 [=====================>........] - ETA: 0s - loss: 1.0595 - accuracy: 0.6269
648/844 [======================>.......] - ETA: 0s - loss: 1.0607 - accuracy: 0.6259
674/844 [======================>.......] - ETA: 0s - loss: 1.0611 - accuracy: 0.6254
701/844 [=======================>......] - ETA: 0s - loss: 1.0610 - accuracy: 0.6254
726/844 [========================>.....] - ETA: 0s - loss: 1.0611 - accuracy: 0.6253
753/844 [=========================>....] - ETA: 0s - loss: 1.0603 - accuracy: 0.6258
779/844 [==========================>...] - ETA: 0s - loss: 1.0590 - accuracy: 0.6261
806/844 [===========================>..] - ETA: 0s - loss: 1.0583 - accuracy: 0.6266
833/844 [============================>.] - ETA: 0s - loss: 1.0590 - accuracy: 0.6264
844/844 [==============================] - 2s 3ms/step - loss: 1.0582 - accuracy: 0.6269 - val_loss: 1.1138 - val_accuracy: 0.6073
Epoch 4/182

  1/844 [..............................] - ETA: 13s - loss: 0.8973 - accuracy: 0.7500
 26/844 [..............................] - ETA: 2s - loss: 0.9497 - accuracy: 0.6815 
 53/844 [>.............................] - ETA: 1s - loss: 0.9418 - accuracy: 0.6822
 79/844 [=>............................] - ETA: 1s - loss: 0.9332 - accuracy: 0.6853
104/844 [==>...........................] - ETA: 1s - loss: 0.9205 - accuracy: 0.6864
130/844 [===>..........................] - ETA: 1s - loss: 0.9198 - accuracy: 0.6841
157/844 [====>.........................] - ETA: 1s - loss: 0.9220 - accuracy: 0.6821
182/844 [=====>........................] - ETA: 1s - loss: 0.9234 - accuracy: 0.6816
206/844 [======>.......................] - ETA: 1s - loss: 0.9290 - accuracy: 0.6782
230/844 [=======>......................] - ETA: 1s - loss: 0.9343 - accuracy: 0.6774
252/844 [=======>......................] - ETA: 1s - loss: 0.9328 - accuracy: 0.6790
276/844 [========>.....................] - ETA: 1s - loss: 0.9325 - accuracy: 0.6791
301/844 [=========>....................] - ETA: 1s - loss: 0.9339 - accuracy: 0.6776
326/844 [==========>...................] - ETA: 1s - loss: 0.9360 - accuracy: 0.6761
350/844 [===========>..................] - ETA: 1s - loss: 0.9398 - accuracy: 0.6745
369/844 [============>.................] - ETA: 1s - loss: 0.9447 - accuracy: 0.6722
389/844 [============>.................] - ETA: 1s - loss: 0.9434 - accuracy: 0.6724
412/844 [=============>................] - ETA: 1s - loss: 0.9455 - accuracy: 0.6717
438/844 [==============>...............] - ETA: 1s - loss: 0.9477 - accuracy: 0.6709
464/844 [===============>..............] - ETA: 0s - loss: 0.9488 - accuracy: 0.6706
491/844 [================>.............] - ETA: 0s - loss: 0.9500 - accuracy: 0.6699
516/844 [=================>............] - ETA: 0s - loss: 0.9463 - accuracy: 0.6709
542/844 [==================>...........] - ETA: 0s - loss: 0.9477 - accuracy: 0.6703
568/844 [===================>..........] - ETA: 0s - loss: 0.9476 - accuracy: 0.6698
594/844 [====================>.........] - ETA: 0s - loss: 0.9502 - accuracy: 0.6686
620/844 [=====================>........] - ETA: 0s - loss: 0.9519 - accuracy: 0.6682
641/844 [=====================>........] - ETA: 0s - loss: 0.9526 - accuracy: 0.6679
664/844 [======================>.......] - ETA: 0s - loss: 0.9515 - accuracy: 0.6680
690/844 [=======================>......] - ETA: 0s - loss: 0.9522 - accuracy: 0.6678
717/844 [========================>.....] - ETA: 0s - loss: 0.9526 - accuracy: 0.6671
743/844 [=========================>....] - ETA: 0s - loss: 0.9523 - accuracy: 0.6672
769/844 [==========================>...] - ETA: 0s - loss: 0.9525 - accuracy: 0.6667
796/844 [===========================>..] - ETA: 0s - loss: 0.9554 - accuracy: 0.6657
822/844 [============================>.] - ETA: 0s - loss: 0.9562 - accuracy: 0.6655
844/844 [==============================] - 2s 3ms/step - loss: 0.9569 - accuracy: 0.6650 - val_loss: 1.0782 - val_accuracy: 0.6217
Epoch 5/182

  1/844 [..............................] - ETA: 13s - loss: 0.8765 - accuracy: 0.7500
 24/844 [..............................] - ETA: 2s - loss: 0.8619 - accuracy: 0.6986 
 49/844 [>.............................] - ETA: 2s - loss: 0.8407 - accuracy: 0.6996
 75/844 [=>............................] - ETA: 1s - loss: 0.8366 - accuracy: 0.7008
101/844 [==>...........................] - ETA: 1s - loss: 0.8394 - accuracy: 0.6996
127/844 [===>..........................] - ETA: 1s - loss: 0.8346 - accuracy: 0.7032
154/844 [====>.........................] - ETA: 1s - loss: 0.8420 - accuracy: 0.7004
181/844 [=====>........................] - ETA: 1s - loss: 0.8460 - accuracy: 0.6990
207/844 [======>.......................] - ETA: 1s - loss: 0.8492 - accuracy: 0.6990
234/844 [=======>......................] - ETA: 1s - loss: 0.8470 - accuracy: 0.6993
260/844 [========>.....................] - ETA: 1s - loss: 0.8513 - accuracy: 0.6974
286/844 [=========>....................] - ETA: 1s - loss: 0.8531 - accuracy: 0.6976
312/844 [==========>...................] - ETA: 1s - loss: 0.8575 - accuracy: 0.6958
338/844 [===========>..................] - ETA: 1s - loss: 0.8584 - accuracy: 0.6957
364/844 [===========>..................] - ETA: 1s - loss: 0.8584 - accuracy: 0.6961
390/844 [============>.................] - ETA: 1s - loss: 0.8577 - accuracy: 0.6976
417/844 [=============>................] - ETA: 1s - loss: 0.8607 - accuracy: 0.6968
443/844 [==============>...............] - ETA: 0s - loss: 0.8594 - accuracy: 0.6980
469/844 [===============>..............] - ETA: 0s - loss: 0.8601 - accuracy: 0.6977
495/844 [================>.............] - ETA: 0s - loss: 0.8595 - accuracy: 0.6979
521/844 [=================>............] - ETA: 0s - loss: 0.8593 - accuracy: 0.6984
543/844 [==================>...........] - ETA: 0s - loss: 0.8595 - accuracy: 0.6984
566/844 [===================>..........] - ETA: 0s - loss: 0.8602 - accuracy: 0.6983
592/844 [====================>.........] - ETA: 0s - loss: 0.8590 - accuracy: 0.6987
619/844 [=====================>........] - ETA: 0s - loss: 0.8601 - accuracy: 0.6986
646/844 [=====================>........] - ETA: 0s - loss: 0.8615 - accuracy: 0.6979
673/844 [======================>.......] - ETA: 0s - loss: 0.8629 - accuracy: 0.6975
700/844 [=======================>......] - ETA: 0s - loss: 0.8635 - accuracy: 0.6969
727/844 [========================>.....] - ETA: 0s - loss: 0.8656 - accuracy: 0.6963
754/844 [=========================>....] - ETA: 0s - loss: 0.8667 - accuracy: 0.6959
781/844 [==========================>...] - ETA: 0s - loss: 0.8682 - accuracy: 0.6956
808/844 [===========================>..] - ETA: 0s - loss: 0.8690 - accuracy: 0.6954
834/844 [============================>.] - ETA: 0s - loss: 0.8704 - accuracy: 0.6945
844/844 [==============================] - 2s 3ms/step - loss: 0.8703 - accuracy: 0.6943 - val_loss: 1.0469 - val_accuracy: 0.6362
Epoch 6/182

  1/844 [..............................] - ETA: 0s - loss: 0.6561 - accuracy: 0.7969
 22/844 [..............................] - ETA: 2s - loss: 0.7422 - accuracy: 0.7450
 49/844 [>.............................] - ETA: 2s - loss: 0.7339 - accuracy: 0.7513
 76/844 [=>............................] - ETA: 1s - loss: 0.7310 - accuracy: 0.7492
102/844 [==>...........................] - ETA: 1s - loss: 0.7321 - accuracy: 0.7469
130/844 [===>..........................] - ETA: 1s - loss: 0.7396 - accuracy: 0.7424
157/844 [====>.........................] - ETA: 1s - loss: 0.7554 - accuracy: 0.7377
183/844 [=====>........................] - ETA: 1s - loss: 0.7580 - accuracy: 0.7367
211/844 [======>.......................] - ETA: 1s - loss: 0.7620 - accuracy: 0.7337
238/844 [=======>......................] - ETA: 1s - loss: 0.7679 - accuracy: 0.7308
266/844 [========>.....................] - ETA: 1s - loss: 0.7661 - accuracy: 0.7314
293/844 [=========>....................] - ETA: 1s - loss: 0.7710 - accuracy: 0.7280
320/844 [==========>...................] - ETA: 1s - loss: 0.7714 - accuracy: 0.7284
342/844 [===========>..................] - ETA: 1s - loss: 0.7720 - accuracy: 0.7279
367/844 [============>.................] - ETA: 1s - loss: 0.7697 - accuracy: 0.7288
394/844 [=============>................] - ETA: 1s - loss: 0.7719 - accuracy: 0.7279
422/844 [==============>...............] - ETA: 0s - loss: 0.7736 - accuracy: 0.7277
449/844 [==============>...............] - ETA: 0s - loss: 0.7735 - accuracy: 0.7275
475/844 [===============>..............] - ETA: 0s - loss: 0.7751 - accuracy: 0.7265
502/844 [================>.............] - ETA: 0s - loss: 0.7752 - accuracy: 0.7264
530/844 [=================>............] - ETA: 0s - loss: 0.7787 - accuracy: 0.7255
557/844 [==================>...........] - ETA: 0s - loss: 0.7808 - accuracy: 0.7242
584/844 [===================>..........] - ETA: 0s - loss: 0.7801 - accuracy: 0.7247
610/844 [====================>.........] - ETA: 0s - loss: 0.7827 - accuracy: 0.7237
637/844 [=====================>........] - ETA: 0s - loss: 0.7859 - accuracy: 0.7224
663/844 [======================>.......] - ETA: 0s - loss: 0.7862 - accuracy: 0.7223
688/844 [=======================>......] - ETA: 0s - loss: 0.7880 - accuracy: 0.7213
715/844 [========================>.....] - ETA: 0s - loss: 0.7900 - accuracy: 0.7209
741/844 [=========================>....] - ETA: 0s - loss: 0.7913 - accuracy: 0.7204
762/844 [==========================>...] - ETA: 0s - loss: 0.7915 - accuracy: 0.7205
784/844 [==========================>...] - ETA: 0s - loss: 0.7915 - accuracy: 0.7203
808/844 [===========================>..] - ETA: 0s - loss: 0.7916 - accuracy: 0.7201
834/844 [============================>.] - ETA: 0s - loss: 0.7918 - accuracy: 0.7200
844/844 [==============================] - 2s 3ms/step - loss: 0.7919 - accuracy: 0.7201 - val_loss: 1.0755 - val_accuracy: 0.6323
Epoch 7/182

  1/844 [..............................] - ETA: 13s - loss: 0.6035 - accuracy: 0.7656
 26/844 [..............................] - ETA: 2s - loss: 0.6966 - accuracy: 0.7476 
 53/844 [>.............................] - ETA: 1s - loss: 0.6673 - accuracy: 0.7683
 79/844 [=>............................] - ETA: 1s - loss: 0.6705 - accuracy: 0.7676
105/844 [==>...........................] - ETA: 1s - loss: 0.6740 - accuracy: 0.7677
131/844 [===>..........................] - ETA: 1s - loss: 0.6720 - accuracy: 0.7663
157/844 [====>.........................] - ETA: 1s - loss: 0.6704 - accuracy: 0.7683
183/844 [=====>........................] - ETA: 1s - loss: 0.6761 - accuracy: 0.7655
209/844 [======>.......................] - ETA: 1s - loss: 0.6816 - accuracy: 0.7627
235/844 [=======>......................] - ETA: 1s - loss: 0.6834 - accuracy: 0.7626
262/844 [========>.....................] - ETA: 1s - loss: 0.6855 - accuracy: 0.7610
288/844 [=========>....................] - ETA: 1s - loss: 0.6894 - accuracy: 0.7598
314/844 [==========>...................] - ETA: 1s - loss: 0.6901 - accuracy: 0.7591
340/844 [===========>..................] - ETA: 1s - loss: 0.6941 - accuracy: 0.7577
363/844 [===========>..................] - ETA: 1s - loss: 0.6986 - accuracy: 0.7552
387/844 [============>.................] - ETA: 1s - loss: 0.7005 - accuracy: 0.7544
413/844 [=============>................] - ETA: 1s - loss: 0.7031 - accuracy: 0.7540
441/844 [==============>...............] - ETA: 0s - loss: 0.7034 - accuracy: 0.7539
468/844 [===============>..............] - ETA: 0s - loss: 0.7046 - accuracy: 0.7532
495/844 [================>.............] - ETA: 0s - loss: 0.7075 - accuracy: 0.7526
522/844 [=================>............] - ETA: 0s - loss: 0.7092 - accuracy: 0.7519
548/844 [==================>...........] - ETA: 0s - loss: 0.7115 - accuracy: 0.7510
573/844 [===================>..........] - ETA: 0s - loss: 0.7132 - accuracy: 0.7504
599/844 [====================>.........] - ETA: 0s - loss: 0.7153 - accuracy: 0.7491
625/844 [=====================>........] - ETA: 0s - loss: 0.7152 - accuracy: 0.7492
645/844 [=====================>........] - ETA: 0s - loss: 0.7172 - accuracy: 0.7490
672/844 [======================>.......] - ETA: 0s - loss: 0.7190 - accuracy: 0.7483
699/844 [=======================>......] - ETA: 0s - loss: 0.7202 - accuracy: 0.7478
726/844 [========================>.....] - ETA: 0s - loss: 0.7204 - accuracy: 0.7476
753/844 [=========================>....] - ETA: 0s - loss: 0.7209 - accuracy: 0.7475
780/844 [==========================>...] - ETA: 0s - loss: 0.7218 - accuracy: 0.7474
807/844 [===========================>..] - ETA: 0s - loss: 0.7212 - accuracy: 0.7474
834/844 [============================>.] - ETA: 0s - loss: 0.7229 - accuracy: 0.7468
844/844 [==============================] - 2s 3ms/step - loss: 0.7226 - accuracy: 0.7471 - val_loss: 1.0939 - val_accuracy: 0.6382
Epoch 8/182

  1/844 [..............................] - ETA: 13s - loss: 0.4514 - accuracy: 0.9062
 23/844 [..............................] - ETA: 2s - loss: 0.6244 - accuracy: 0.7908 
 49/844 [>.............................] - ETA: 2s - loss: 0.6272 - accuracy: 0.7883
 75/844 [=>............................] - ETA: 1s - loss: 0.6194 - accuracy: 0.7906
101/844 [==>...........................] - ETA: 1s - loss: 0.6139 - accuracy: 0.7898
127/844 [===>..........................] - ETA: 1s - loss: 0.6230 - accuracy: 0.7857
154/844 [====>.........................] - ETA: 1s - loss: 0.6225 - accuracy: 0.7866
180/844 [=====>........................] - ETA: 1s - loss: 0.6193 - accuracy: 0.7858
205/844 [======>.......................] - ETA: 1s - loss: 0.6211 - accuracy: 0.7850
231/844 [=======>......................] - ETA: 1s - loss: 0.6238 - accuracy: 0.7834
256/844 [========>.....................] - ETA: 1s - loss: 0.6273 - accuracy: 0.7817
280/844 [========>.....................] - ETA: 1s - loss: 0.6267 - accuracy: 0.7809
305/844 [=========>....................] - ETA: 1s - loss: 0.6299 - accuracy: 0.7793
330/844 [==========>...................] - ETA: 1s - loss: 0.6297 - accuracy: 0.7792
355/844 [===========>..................] - ETA: 1s - loss: 0.6348 - accuracy: 0.7769
381/844 [============>.................] - ETA: 1s - loss: 0.6369 - accuracy: 0.7763
406/844 [=============>................] - ETA: 1s - loss: 0.6402 - accuracy: 0.7755
433/844 [==============>...............] - ETA: 1s - loss: 0.6376 - accuracy: 0.7768
459/844 [===============>..............] - ETA: 0s - loss: 0.6377 - accuracy: 0.7766
486/844 [================>.............] - ETA: 0s - loss: 0.6407 - accuracy: 0.7756
512/844 [=================>............] - ETA: 0s - loss: 0.6427 - accuracy: 0.7745
537/844 [==================>...........] - ETA: 0s - loss: 0.6448 - accuracy: 0.7733
561/844 [==================>...........] - ETA: 0s - loss: 0.6475 - accuracy: 0.7723
587/844 [===================>..........] - ETA: 0s - loss: 0.6498 - accuracy: 0.7714
613/844 [====================>.........] - ETA: 0s - loss: 0.6517 - accuracy: 0.7701
639/844 [=====================>........] - ETA: 0s - loss: 0.6556 - accuracy: 0.7687
664/844 [======================>.......] - ETA: 0s - loss: 0.6577 - accuracy: 0.7680
690/844 [=======================>......] - ETA: 0s - loss: 0.6597 - accuracy: 0.7673
716/844 [========================>.....] - ETA: 0s - loss: 0.6588 - accuracy: 0.7676
741/844 [=========================>....] - ETA: 0s - loss: 0.6594 - accuracy: 0.7671
766/844 [==========================>...] - ETA: 0s - loss: 0.6595 - accuracy: 0.7671
792/844 [===========================>..] - ETA: 0s - loss: 0.6601 - accuracy: 0.7671
817/844 [============================>.] - ETA: 0s - loss: 0.6611 - accuracy: 0.7668
843/844 [============================>.] - ETA: 0s - loss: 0.6623 - accuracy: 0.7665
844/844 [==============================] - 2s 3ms/step - loss: 0.6623 - accuracy: 0.7665 - val_loss: 1.0943 - val_accuracy: 0.6413
Epoch 9/182

  1/844 [..............................] - ETA: 13s - loss: 0.5135 - accuracy: 0.8281
 23/844 [..............................] - ETA: 2s - loss: 0.5539 - accuracy: 0.8030 
 50/844 [>.............................] - ETA: 2s - loss: 0.5488 - accuracy: 0.8050
 76/844 [=>............................] - ETA: 1s - loss: 0.5526 - accuracy: 0.8047
101/844 [==>...........................] - ETA: 1s - loss: 0.5587 - accuracy: 0.8023
127/844 [===>..........................] - ETA: 1s - loss: 0.5659 - accuracy: 0.7994
152/844 [====>.........................] - ETA: 1s - loss: 0.5638 - accuracy: 0.8001
176/844 [=====>........................] - ETA: 1s - loss: 0.5647 - accuracy: 0.7999
201/844 [======>.......................] - ETA: 1s - loss: 0.5732 - accuracy: 0.7959
227/844 [=======>......................] - ETA: 1s - loss: 0.5740 - accuracy: 0.7964
252/844 [=======>......................] - ETA: 1s - loss: 0.5757 - accuracy: 0.7971
277/844 [========>.....................] - ETA: 1s - loss: 0.5821 - accuracy: 0.7949
302/844 [=========>....................] - ETA: 1s - loss: 0.5863 - accuracy: 0.7943
327/844 [==========>...................] - ETA: 1s - loss: 0.5837 - accuracy: 0.7961
352/844 [===========>..................] - ETA: 1s - loss: 0.5846 - accuracy: 0.7952
378/844 [============>.................] - ETA: 1s - loss: 0.5868 - accuracy: 0.7942
403/844 [=============>................] - ETA: 1s - loss: 0.5897 - accuracy: 0.7931
428/844 [==============>...............] - ETA: 1s - loss: 0.5902 - accuracy: 0.7929
455/844 [===============>..............] - ETA: 0s - loss: 0.5908 - accuracy: 0.7924
481/844 [================>.............] - ETA: 0s - loss: 0.5925 - accuracy: 0.7922
506/844 [================>.............] - ETA: 0s - loss: 0.5951 - accuracy: 0.7908
531/844 [=================>............] - ETA: 0s - loss: 0.5954 - accuracy: 0.7903
558/844 [==================>...........] - ETA: 0s - loss: 0.5953 - accuracy: 0.7903
583/844 [===================>..........] - ETA: 0s - loss: 0.5980 - accuracy: 0.7888
608/844 [====================>.........] - ETA: 0s - loss: 0.5990 - accuracy: 0.7883
633/844 [=====================>........] - ETA: 0s - loss: 0.5991 - accuracy: 0.7877
660/844 [======================>.......] - ETA: 0s - loss: 0.5996 - accuracy: 0.7879
686/844 [=======================>......] - ETA: 0s - loss: 0.6017 - accuracy: 0.7868
710/844 [========================>.....] - ETA: 0s - loss: 0.6023 - accuracy: 0.7868
736/844 [=========================>....] - ETA: 0s - loss: 0.6036 - accuracy: 0.7865
762/844 [==========================>...] - ETA: 0s - loss: 0.6042 - accuracy: 0.7863
787/844 [==========================>...] - ETA: 0s - loss: 0.6059 - accuracy: 0.7859
812/844 [===========================>..] - ETA: 0s - loss: 0.6067 - accuracy: 0.7856
838/844 [============================>.] - ETA: 0s - loss: 0.6065 - accuracy: 0.7858
844/844 [==============================] - 2s 3ms/step - loss: 0.6065 - accuracy: 0.7858 - val_loss: 1.1378 - val_accuracy: 0.6365
Epoch 10/182

  1/844 [..............................] - ETA: 0s - loss: 0.5726 - accuracy: 0.7500
 22/844 [..............................] - ETA: 2s - loss: 0.5366 - accuracy: 0.8104
 48/844 [>.............................] - ETA: 2s - loss: 0.5234 - accuracy: 0.8128
 74/844 [=>............................] - ETA: 1s - loss: 0.5107 - accuracy: 0.8224
100/844 [==>...........................] - ETA: 1s - loss: 0.5183 - accuracy: 0.8181
126/844 [===>..........................] - ETA: 1s - loss: 0.5097 - accuracy: 0.8222
152/844 [====>.........................] - ETA: 1s - loss: 0.5165 - accuracy: 0.8197
177/844 [=====>........................] - ETA: 1s - loss: 0.5165 - accuracy: 0.8195
204/844 [======>.......................] - ETA: 1s - loss: 0.5193 - accuracy: 0.8195
230/844 [=======>......................] - ETA: 1s - loss: 0.5218 - accuracy: 0.8181
255/844 [========>.....................] - ETA: 1s - loss: 0.5235 - accuracy: 0.8173
282/844 [=========>....................] - ETA: 1s - loss: 0.5261 - accuracy: 0.8158
306/844 [=========>....................] - ETA: 1s - loss: 0.5308 - accuracy: 0.8143
331/844 [==========>...................] - ETA: 1s - loss: 0.5314 - accuracy: 0.8134
356/844 [===========>..................] - ETA: 1s - loss: 0.5332 - accuracy: 0.8129
382/844 [============>.................] - ETA: 1s - loss: 0.5362 - accuracy: 0.8123
407/844 [=============>................] - ETA: 1s - loss: 0.5378 - accuracy: 0.8115
433/844 [==============>...............] - ETA: 1s - loss: 0.5394 - accuracy: 0.8106
458/844 [===============>..............] - ETA: 0s - loss: 0.5401 - accuracy: 0.8107
483/844 [================>.............] - ETA: 0s - loss: 0.5403 - accuracy: 0.8102
510/844 [=================>............] - ETA: 0s - loss: 0.5421 - accuracy: 0.8093
537/844 [==================>...........] - ETA: 0s - loss: 0.5451 - accuracy: 0.8078
563/844 [===================>..........] - ETA: 0s - loss: 0.5470 - accuracy: 0.8074
587/844 [===================>..........] - ETA: 0s - loss: 0.5478 - accuracy: 0.8070
612/844 [====================>.........] - ETA: 0s - loss: 0.5501 - accuracy: 0.8060
638/844 [=====================>........] - ETA: 0s - loss: 0.5505 - accuracy: 0.8062
663/844 [======================>.......] - ETA: 0s - loss: 0.5487 - accuracy: 0.8068
690/844 [=======================>......] - ETA: 0s - loss: 0.5516 - accuracy: 0.8054
717/844 [========================>.....] - ETA: 0s - loss: 0.5536 - accuracy: 0.8043
744/844 [=========================>....] - ETA: 0s - loss: 0.5557 - accuracy: 0.8036
772/844 [==========================>...] - ETA: 0s - loss: 0.5544 - accuracy: 0.8039
797/844 [===========================>..] - ETA: 0s - loss: 0.5560 - accuracy: 0.8036
824/844 [============================>.] - ETA: 0s - loss: 0.5570 - accuracy: 0.8030
844/844 [==============================] - 2s 3ms/step - loss: 0.5580 - accuracy: 0.8027 - val_loss: 1.1694 - val_accuracy: 0.6337
Epoch 11/182

  1/844 [..............................] - ETA: 0s - loss: 0.3904 - accuracy: 0.8594
 23/844 [..............................] - ETA: 2s - loss: 0.4678 - accuracy: 0.8336
 49/844 [>.............................] - ETA: 2s - loss: 0.4829 - accuracy: 0.8345
 75/844 [=>............................] - ETA: 1s - loss: 0.4703 - accuracy: 0.8392
101/844 [==>...........................] - ETA: 1s - loss: 0.4643 - accuracy: 0.8410
125/844 [===>..........................] - ETA: 1s - loss: 0.4684 - accuracy: 0.8379
149/844 [====>.........................] - ETA: 1s - loss: 0.4789 - accuracy: 0.8354
175/844 [=====>........................] - ETA: 1s - loss: 0.4784 - accuracy: 0.8350
203/844 [======>.......................] - ETA: 1s - loss: 0.4793 - accuracy: 0.8340
229/844 [=======>......................] - ETA: 1s - loss: 0.4823 - accuracy: 0.8326
254/844 [========>.....................] - ETA: 1s - loss: 0.4844 - accuracy: 0.8318
280/844 [========>.....................] - ETA: 1s - loss: 0.4890 - accuracy: 0.8301
305/844 [=========>....................] - ETA: 1s - loss: 0.4911 - accuracy: 0.8291
331/844 [==========>...................] - ETA: 1s - loss: 0.4923 - accuracy: 0.8277
356/844 [===========>..................] - ETA: 1s - loss: 0.4941 - accuracy: 0.8274
383/844 [============>.................] - ETA: 1s - loss: 0.4955 - accuracy: 0.8264
411/844 [=============>................] - ETA: 1s - loss: 0.4956 - accuracy: 0.8266
437/844 [==============>...............] - ETA: 0s - loss: 0.4981 - accuracy: 0.8257
463/844 [===============>..............] - ETA: 0s - loss: 0.4996 - accuracy: 0.8251
489/844 [================>.............] - ETA: 0s - loss: 0.5019 - accuracy: 0.8242
513/844 [=================>............] - ETA: 0s - loss: 0.5016 - accuracy: 0.8243
539/844 [==================>...........] - ETA: 0s - loss: 0.5027 - accuracy: 0.8237
564/844 [===================>..........] - ETA: 0s - loss: 0.5039 - accuracy: 0.8232
589/844 [===================>..........] - ETA: 0s - loss: 0.5066 - accuracy: 0.8222
612/844 [====================>.........] - ETA: 0s - loss: 0.5080 - accuracy: 0.8213
636/844 [=====================>........] - ETA: 0s - loss: 0.5088 - accuracy: 0.8215
662/844 [======================>.......] - ETA: 0s - loss: 0.5091 - accuracy: 0.8214
688/844 [=======================>......] - ETA: 0s - loss: 0.5102 - accuracy: 0.8212
713/844 [========================>.....] - ETA: 0s - loss: 0.5119 - accuracy: 0.8206
739/844 [=========================>....] - ETA: 0s - loss: 0.5120 - accuracy: 0.8206
765/844 [==========================>...] - ETA: 0s - loss: 0.5151 - accuracy: 0.8193
790/844 [===========================>..] - ETA: 0s - loss: 0.5182 - accuracy: 0.8181
815/844 [===========================>..] - ETA: 0s - loss: 0.5183 - accuracy: 0.8181
840/844 [============================>.] - ETA: 0s - loss: 0.5199 - accuracy: 0.8175
844/844 [==============================] - 2s 3ms/step - loss: 0.5200 - accuracy: 0.8175 - val_loss: 1.2126 - val_accuracy: 0.6290
Epoch 12/182

  1/844 [..............................] - ETA: 13s - loss: 0.3952 - accuracy: 0.8594
 25/844 [..............................] - ETA: 2s - loss: 0.4523 - accuracy: 0.8462 
 51/844 [>.............................] - ETA: 1s - loss: 0.4633 - accuracy: 0.8404
 79/844 [=>............................] - ETA: 1s - loss: 0.4510 - accuracy: 0.8424
105/844 [==>...........................] - ETA: 1s - loss: 0.4459 - accuracy: 0.8435
130/844 [===>..........................] - ETA: 1s - loss: 0.4415 - accuracy: 0.8465
155/844 [====>.........................] - ETA: 1s - loss: 0.4417 - accuracy: 0.8480
180/844 [=====>........................] - ETA: 1s - loss: 0.4460 - accuracy: 0.8462
207/844 [======>.......................] - ETA: 1s - loss: 0.4451 - accuracy: 0.8472
233/844 [=======>......................] - ETA: 1s - loss: 0.4485 - accuracy: 0.8464
259/844 [========>.....................] - ETA: 1s - loss: 0.4487 - accuracy: 0.8462
285/844 [=========>....................] - ETA: 1s - loss: 0.4476 - accuracy: 0.8465
310/844 [==========>...................] - ETA: 1s - loss: 0.4493 - accuracy: 0.8444
335/844 [==========>...................] - ETA: 1s - loss: 0.4510 - accuracy: 0.8430
361/844 [===========>..................] - ETA: 1s - loss: 0.4505 - accuracy: 0.8435
387/844 [============>.................] - ETA: 1s - loss: 0.4524 - accuracy: 0.8421
411/844 [=============>................] - ETA: 1s - loss: 0.4520 - accuracy: 0.8418
437/844 [==============>...............] - ETA: 0s - loss: 0.4527 - accuracy: 0.8415
463/844 [===============>..............] - ETA: 0s - loss: 0.4547 - accuracy: 0.8405
489/844 [================>.............] - ETA: 0s - loss: 0.4563 - accuracy: 0.8401
515/844 [=================>............] - ETA: 0s - loss: 0.4552 - accuracy: 0.8398
542/844 [==================>...........] - ETA: 0s - loss: 0.4559 - accuracy: 0.8393
568/844 [===================>..........] - ETA: 0s - loss: 0.4586 - accuracy: 0.8380
594/844 [====================>.........] - ETA: 0s - loss: 0.4594 - accuracy: 0.8375
620/844 [=====================>........] - ETA: 0s - loss: 0.4621 - accuracy: 0.8363
645/844 [=====================>........] - ETA: 0s - loss: 0.4625 - accuracy: 0.8359
671/844 [======================>.......] - ETA: 0s - loss: 0.4656 - accuracy: 0.8349
696/844 [=======================>......] - ETA: 0s - loss: 0.4666 - accuracy: 0.8346
721/844 [========================>.....] - ETA: 0s - loss: 0.4686 - accuracy: 0.8336
747/844 [=========================>....] - ETA: 0s - loss: 0.4694 - accuracy: 0.8330
773/844 [==========================>...] - ETA: 0s - loss: 0.4706 - accuracy: 0.8327
798/844 [===========================>..] - ETA: 0s - loss: 0.4716 - accuracy: 0.8324
823/844 [============================>.] - ETA: 0s - loss: 0.4729 - accuracy: 0.8320
844/844 [==============================] - 2s 3ms/step - loss: 0.4738 - accuracy: 0.8317 - val_loss: 1.2360 - val_accuracy: 0.6353
Epoch 13/182

  1/844 [..............................] - ETA: 13s - loss: 0.3731 - accuracy: 0.8750
 21/844 [..............................] - ETA: 2s - loss: 0.4257 - accuracy: 0.8534 
 44/844 [>.............................] - ETA: 2s - loss: 0.3963 - accuracy: 0.8640
 71/844 [=>............................] - ETA: 1s - loss: 0.4005 - accuracy: 0.8622
 97/844 [==>...........................] - ETA: 1s - loss: 0.3980 - accuracy: 0.8637
124/844 [===>..........................] - ETA: 1s - loss: 0.3975 - accuracy: 0.8638
151/844 [====>.........................] - ETA: 1s - loss: 0.4008 - accuracy: 0.8608
177/844 [=====>........................] - ETA: 1s - loss: 0.4051 - accuracy: 0.8581
203/844 [======>.......................] - ETA: 1s - loss: 0.4023 - accuracy: 0.8585
229/844 [=======>......................] - ETA: 1s - loss: 0.4055 - accuracy: 0.8571
255/844 [========>.....................] - ETA: 1s - loss: 0.4062 - accuracy: 0.8567
280/844 [========>.....................] - ETA: 1s - loss: 0.4075 - accuracy: 0.8570
306/844 [=========>....................] - ETA: 1s - loss: 0.4122 - accuracy: 0.8550
331/844 [==========>...................] - ETA: 1s - loss: 0.4139 - accuracy: 0.8546
357/844 [===========>..................] - ETA: 1s - loss: 0.4168 - accuracy: 0.8531
383/844 [============>.................] - ETA: 1s - loss: 0.4161 - accuracy: 0.8535
409/844 [=============>................] - ETA: 1s - loss: 0.4173 - accuracy: 0.8527
436/844 [==============>...............] - ETA: 0s - loss: 0.4179 - accuracy: 0.8527
462/844 [===============>..............] - ETA: 0s - loss: 0.4177 - accuracy: 0.8530
489/844 [================>.............] - ETA: 0s - loss: 0.4178 - accuracy: 0.8529
515/844 [=================>............] - ETA: 0s - loss: 0.4193 - accuracy: 0.8523
542/844 [==================>...........] - ETA: 0s - loss: 0.4218 - accuracy: 0.8520
567/844 [===================>..........] - ETA: 0s - loss: 0.4233 - accuracy: 0.8516
588/844 [===================>..........] - ETA: 0s - loss: 0.4252 - accuracy: 0.8509
611/844 [====================>.........] - ETA: 0s - loss: 0.4265 - accuracy: 0.8504
636/844 [=====================>........] - ETA: 0s - loss: 0.4276 - accuracy: 0.8500
662/844 [======================>.......] - ETA: 0s - loss: 0.4306 - accuracy: 0.8488
687/844 [=======================>......] - ETA: 0s - loss: 0.4322 - accuracy: 0.8480
715/844 [========================>.....] - ETA: 0s - loss: 0.4331 - accuracy: 0.8474
741/844 [=========================>....] - ETA: 0s - loss: 0.4341 - accuracy: 0.8469
766/844 [==========================>...] - ETA: 0s - loss: 0.4369 - accuracy: 0.8458
791/844 [===========================>..] - ETA: 0s - loss: 0.4388 - accuracy: 0.8452
817/844 [============================>.] - ETA: 0s - loss: 0.4396 - accuracy: 0.8450
843/844 [============================>.] - ETA: 0s - loss: 0.4409 - accuracy: 0.8445
844/844 [==============================] - 2s 3ms/step - loss: 0.4410 - accuracy: 0.8446 - val_loss: 1.2697 - val_accuracy: 0.6273
Epoch 14/182

  1/844 [..............................] - ETA: 0s - loss: 0.5287 - accuracy: 0.8281
 21/844 [..............................] - ETA: 2s - loss: 0.3905 - accuracy: 0.8668
 47/844 [>.............................] - ETA: 2s - loss: 0.3763 - accuracy: 0.8720
 72/844 [=>............................] - ETA: 2s - loss: 0.3720 - accuracy: 0.8720
 98/844 [==>...........................] - ETA: 1s - loss: 0.3728 - accuracy: 0.8694
124/844 [===>..........................] - ETA: 1s - loss: 0.3673 - accuracy: 0.8724
147/844 [====>.........................] - ETA: 1s - loss: 0.3690 - accuracy: 0.8711
167/844 [====>.........................] - ETA: 1s - loss: 0.3666 - accuracy: 0.8715
193/844 [=====>........................] - ETA: 1s - loss: 0.3711 - accuracy: 0.8696
220/844 [======>.......................] - ETA: 1s - loss: 0.3686 - accuracy: 0.8702
246/844 [=======>......................] - ETA: 1s - loss: 0.3718 - accuracy: 0.8685
272/844 [========>.....................] - ETA: 1s - loss: 0.3765 - accuracy: 0.8671
300/844 [=========>....................] - ETA: 1s - loss: 0.3804 - accuracy: 0.8657
327/844 [==========>...................] - ETA: 1s - loss: 0.3851 - accuracy: 0.8643
353/844 [===========>..................] - ETA: 1s - loss: 0.3862 - accuracy: 0.8639
379/844 [============>.................] - ETA: 1s - loss: 0.3868 - accuracy: 0.8633
405/844 [=============>................] - ETA: 1s - loss: 0.3866 - accuracy: 0.8635
430/844 [==============>...............] - ETA: 1s - loss: 0.3848 - accuracy: 0.8641
455/844 [===============>..............] - ETA: 0s - loss: 0.3858 - accuracy: 0.8637
480/844 [================>.............] - ETA: 0s - loss: 0.3861 - accuracy: 0.8635
505/844 [================>.............] - ETA: 0s - loss: 0.3877 - accuracy: 0.8628
530/844 [=================>............] - ETA: 0s - loss: 0.3890 - accuracy: 0.8621
556/844 [==================>...........] - ETA: 0s - loss: 0.3910 - accuracy: 0.8611
583/844 [===================>..........] - ETA: 0s - loss: 0.3932 - accuracy: 0.8605
605/844 [====================>.........] - ETA: 0s - loss: 0.3935 - accuracy: 0.8601
630/844 [=====================>........] - ETA: 0s - loss: 0.3954 - accuracy: 0.8597
656/844 [======================>.......] - ETA: 0s - loss: 0.3970 - accuracy: 0.8589
682/844 [=======================>......] - ETA: 0s - loss: 0.3994 - accuracy: 0.8578
708/844 [========================>.....] - ETA: 0s - loss: 0.4004 - accuracy: 0.8573
735/844 [=========================>....] - ETA: 0s - loss: 0.4025 - accuracy: 0.8562
761/844 [==========================>...] - ETA: 0s - loss: 0.4045 - accuracy: 0.8554
787/844 [==========================>...] - ETA: 0s - loss: 0.4048 - accuracy: 0.8555
813/844 [===========================>..] - ETA: 0s - loss: 0.4055 - accuracy: 0.8551
838/844 [============================>.] - ETA: 0s - loss: 0.4077 - accuracy: 0.8541
844/844 [==============================] - 2s 3ms/step - loss: 0.4078 - accuracy: 0.8541 - val_loss: 1.3163 - val_accuracy: 0.6293
Epoch 14: early stopping

  1/188 [..............................] - ETA: 2s - loss: 0.9078 - accuracy: 0.6250
 37/188 [====>.........................] - ETA: 0s - loss: 1.2974 - accuracy: 0.6377
 81/188 [===========>..................] - ETA: 0s - loss: 1.2984 - accuracy: 0.6370
124/188 [==================>...........] - ETA: 0s - loss: 1.3091 - accuracy: 0.6303
168/188 [=========================>....] - ETA: 0s - loss: 1.3276 - accuracy: 0.6272
188/188 [==============================] - 0s 1ms/step - loss: 1.3163 - accuracy: 0.6293
