2024-08-26 08:19:03.613136: I tensorflow/core/platform/cpu_feature_guard.cc:193] This TensorFlow binary is optimized with oneAPI Deep Neural Network Library (oneDNN) to use the following CPU instructions in performance-critical operations:  AVX AVX2
To enable them in other operations, rebuild TensorFlow with the appropriate compiler flags.
2024-08-26 08:19:04.168623: I tensorflow/core/common_runtime/gpu/gpu_device.cc:1616] Created device /job:localhost/replica:0/task:0/device:GPU:0 with 13575 MB memory:  -> device: 0, name: NVIDIA GeForce RTX 4060 Ti, pci bus id: 0000:01:00.0, compute capability: 8.9
1 Physical GPUs, 1 Logical GPUs
Fold:  0
Model: "sequential"
_________________________________________________________________
 Layer (type)                Output Shape              Param #   
=================================================================
 conv2d (Conv2D)             (None, 32, 32, 32)        896       
                                                                 
 dropout (Dropout)           (None, 32, 32, 32)        0         
                                                                 
 flatten (Flatten)           (None, 32768)             0         
                                                                 
 dense (Dense)               (None, 94)                3080286   
                                                                 
 dropout_1 (Dropout)         (None, 94)                0         
                                                                 
 dense_1 (Dense)             (None, 10)                950       
                                                                 
=================================================================
Total params: 3,082,132
Trainable params: 3,082,132
Non-trainable params: 0
_________________________________________________________________
Taxa de aprendizado:  0.001 Num de épocas:  72 Tamanho do lote:  128 Dropout:  0.46
Epoch 1/72
2024-08-26 08:19:05.404564: I tensorflow/stream_executor/cuda/cuda_dnn.cc:384] Loaded cuDNN version 8100
2024-08-26 08:19:06.262326: W tensorflow/stream_executor/gpu/redzone_allocator.cc:314] INTERNAL: ptxas exited with non-zero error code -1, output: 
Relying on driver to perform ptx compilation. 
Modify $PATH to customize ptxas location.
This message will be only logged once.
2024-08-26 08:19:06.936616: I tensorflow/stream_executor/cuda/cuda_blas.cc:1614] TensorFloat-32 will be used for the matrix multiplication. This will only be logged once.

  1/422 [..............................] - ETA: 19:45 - loss: 2.4239 - accuracy: 0.1328
 15/422 [>.............................] - ETA: 1s - loss: 3.0032 - accuracy: 0.1135   
 29/422 [=>............................] - ETA: 1s - loss: 2.7289 - accuracy: 0.1471
 43/422 [==>...........................] - ETA: 1s - loss: 2.5421 - accuracy: 0.1733
 53/422 [==>...........................] - ETA: 1s - loss: 2.4233 - accuracy: 0.2015
 61/422 [===>..........................] - ETA: 1s - loss: 2.3479 - accuracy: 0.2186
 69/422 [===>..........................] - ETA: 1s - loss: 2.2807 - accuracy: 0.2382
 75/422 [====>.........................] - ETA: 2s - loss: 2.2360 - accuracy: 0.2505
 82/422 [====>.........................] - ETA: 2s - loss: 2.1891 - accuracy: 0.2629
 90/422 [=====>........................] - ETA: 2s - loss: 2.1462 - accuracy: 0.2754
 98/422 [=====>........................] - ETA: 2s - loss: 2.1051 - accuracy: 0.2879
106/422 [======>.......................] - ETA: 2s - loss: 2.0689 - accuracy: 0.2973
114/422 [=======>......................] - ETA: 2s - loss: 2.0366 - accuracy: 0.3078
122/422 [=======>......................] - ETA: 1s - loss: 2.0064 - accuracy: 0.3168
132/422 [========>.....................] - ETA: 1s - loss: 1.9749 - accuracy: 0.3262
141/422 [=========>....................] - ETA: 1s - loss: 1.9500 - accuracy: 0.3333
151/422 [=========>....................] - ETA: 1s - loss: 1.9218 - accuracy: 0.3406
161/422 [==========>...................] - ETA: 1s - loss: 1.8963 - accuracy: 0.3480
170/422 [===========>..................] - ETA: 1s - loss: 1.8755 - accuracy: 0.3545
179/422 [===========>..................] - ETA: 1s - loss: 1.8583 - accuracy: 0.3593
189/422 [============>.................] - ETA: 1s - loss: 1.8425 - accuracy: 0.3635
198/422 [=============>................] - ETA: 1s - loss: 1.8298 - accuracy: 0.3663
207/422 [=============>................] - ETA: 1s - loss: 1.8172 - accuracy: 0.3697
210/422 [=============>................] - ETA: 1s - loss: 1.8125 - accuracy: 0.3711
219/422 [==============>...............] - ETA: 1s - loss: 1.7990 - accuracy: 0.3745
229/422 [===============>..............] - ETA: 1s - loss: 1.7851 - accuracy: 0.3784
238/422 [===============>..............] - ETA: 1s - loss: 1.7727 - accuracy: 0.3826
247/422 [================>.............] - ETA: 1s - loss: 1.7622 - accuracy: 0.3859
257/422 [=================>............] - ETA: 1s - loss: 1.7492 - accuracy: 0.3897
266/422 [=================>............] - ETA: 1s - loss: 1.7404 - accuracy: 0.3928
275/422 [==================>...........] - ETA: 0s - loss: 1.7293 - accuracy: 0.3961
284/422 [===================>..........] - ETA: 0s - loss: 1.7211 - accuracy: 0.3988
294/422 [===================>..........] - ETA: 0s - loss: 1.7112 - accuracy: 0.4019
303/422 [====================>.........] - ETA: 0s - loss: 1.7034 - accuracy: 0.4038
313/422 [=====================>........] - ETA: 0s - loss: 1.6939 - accuracy: 0.4068
322/422 [=====================>........] - ETA: 0s - loss: 1.6863 - accuracy: 0.4090
332/422 [======================>.......] - ETA: 0s - loss: 1.6782 - accuracy: 0.4120
341/422 [=======================>......] - ETA: 0s - loss: 1.6717 - accuracy: 0.4144
350/422 [=======================>......] - ETA: 0s - loss: 1.6667 - accuracy: 0.4158
360/422 [========================>.....] - ETA: 0s - loss: 1.6607 - accuracy: 0.4178
369/422 [=========================>....] - ETA: 0s - loss: 1.6552 - accuracy: 0.4197
378/422 [=========================>....] - ETA: 0s - loss: 1.6496 - accuracy: 0.4216
388/422 [==========================>...] - ETA: 0s - loss: 1.6431 - accuracy: 0.4235
396/422 [===========================>..] - ETA: 0s - loss: 1.6372 - accuracy: 0.4255
405/422 [===========================>..] - ETA: 0s - loss: 1.6315 - accuracy: 0.4272
415/422 [============================>.] - ETA: 0s - loss: 1.6260 - accuracy: 0.4289
422/422 [==============================] - 6s 9ms/step - loss: 1.6223 - accuracy: 0.4302 - val_loss: 1.2679 - val_accuracy: 0.5557
Epoch 2/72

  1/422 [..............................] - ETA: 4s - loss: 1.1609 - accuracy: 0.5938
  9/422 [..............................] - ETA: 3s - loss: 1.3284 - accuracy: 0.5200
 19/422 [>.............................] - ETA: 2s - loss: 1.3885 - accuracy: 0.4967
 28/422 [>.............................] - ETA: 2s - loss: 1.3838 - accuracy: 0.5089
 38/422 [=>............................] - ETA: 2s - loss: 1.3535 - accuracy: 0.5189
 47/422 [==>...........................] - ETA: 2s - loss: 1.3365 - accuracy: 0.5248
 56/422 [==>...........................] - ETA: 2s - loss: 1.3323 - accuracy: 0.5279
 66/422 [===>..........................] - ETA: 2s - loss: 1.3385 - accuracy: 0.5271
 75/422 [====>.........................] - ETA: 2s - loss: 1.3324 - accuracy: 0.5268
 85/422 [=====>........................] - ETA: 2s - loss: 1.3321 - accuracy: 0.5277
 94/422 [=====>........................] - ETA: 2s - loss: 1.3254 - accuracy: 0.5320
103/422 [======>.......................] - ETA: 2s - loss: 1.3219 - accuracy: 0.5326
113/422 [=======>......................] - ETA: 2s - loss: 1.3175 - accuracy: 0.5342
122/422 [=======>......................] - ETA: 2s - loss: 1.3164 - accuracy: 0.5344
131/422 [========>.....................] - ETA: 1s - loss: 1.3129 - accuracy: 0.5352
141/422 [=========>....................] - ETA: 1s - loss: 1.3130 - accuracy: 0.5344
150/422 [=========>....................] - ETA: 1s - loss: 1.3106 - accuracy: 0.5350
160/422 [==========>...................] - ETA: 1s - loss: 1.3088 - accuracy: 0.5358
169/422 [===========>..................] - ETA: 1s - loss: 1.3122 - accuracy: 0.5355
179/422 [===========>..................] - ETA: 1s - loss: 1.3134 - accuracy: 0.5353
189/422 [============>.................] - ETA: 1s - loss: 1.3128 - accuracy: 0.5354
198/422 [=============>................] - ETA: 1s - loss: 1.3120 - accuracy: 0.5357
208/422 [=============>................] - ETA: 1s - loss: 1.3098 - accuracy: 0.5371
217/422 [==============>...............] - ETA: 1s - loss: 1.3094 - accuracy: 0.5365
227/422 [===============>..............] - ETA: 1s - loss: 1.3088 - accuracy: 0.5360
236/422 [===============>..............] - ETA: 1s - loss: 1.3104 - accuracy: 0.5355
244/422 [================>.............] - ETA: 1s - loss: 1.3101 - accuracy: 0.5357
253/422 [================>.............] - ETA: 1s - loss: 1.3088 - accuracy: 0.5359
262/422 [=================>............] - ETA: 1s - loss: 1.3089 - accuracy: 0.5357
271/422 [==================>...........] - ETA: 1s - loss: 1.3103 - accuracy: 0.5353
281/422 [==================>...........] - ETA: 0s - loss: 1.3102 - accuracy: 0.5358
291/422 [===================>..........] - ETA: 0s - loss: 1.3112 - accuracy: 0.5353
300/422 [====================>.........] - ETA: 0s - loss: 1.3132 - accuracy: 0.5349
309/422 [====================>.........] - ETA: 0s - loss: 1.3123 - accuracy: 0.5354
319/422 [=====================>........] - ETA: 0s - loss: 1.3116 - accuracy: 0.5354
328/422 [======================>.......] - ETA: 0s - loss: 1.3113 - accuracy: 0.5356
338/422 [=======================>......] - ETA: 0s - loss: 1.3115 - accuracy: 0.5357
347/422 [=======================>......] - ETA: 0s - loss: 1.3107 - accuracy: 0.5360
356/422 [========================>.....] - ETA: 0s - loss: 1.3099 - accuracy: 0.5362
366/422 [=========================>....] - ETA: 0s - loss: 1.3090 - accuracy: 0.5364
376/422 [=========================>....] - ETA: 0s - loss: 1.3080 - accuracy: 0.5366
385/422 [==========================>...] - ETA: 0s - loss: 1.3072 - accuracy: 0.5370
395/422 [===========================>..] - ETA: 0s - loss: 1.3061 - accuracy: 0.5377
404/422 [===========================>..] - ETA: 0s - loss: 1.3052 - accuracy: 0.5381
413/422 [============================>.] - ETA: 0s - loss: 1.3046 - accuracy: 0.5387
422/422 [==============================] - 3s 8ms/step - loss: 1.3036 - accuracy: 0.5389 - val_loss: 1.2114 - val_accuracy: 0.5767
Epoch 3/72

  1/422 [..............................] - ETA: 6s - loss: 1.0778 - accuracy: 0.6328
 10/422 [..............................] - ETA: 2s - loss: 1.2026 - accuracy: 0.5695
 19/422 [>.............................] - ETA: 2s - loss: 1.2339 - accuracy: 0.5559
 28/422 [>.............................] - ETA: 2s - loss: 1.2339 - accuracy: 0.5580
 37/422 [=>............................] - ETA: 2s - loss: 1.2347 - accuracy: 0.5595
 47/422 [==>...........................] - ETA: 2s - loss: 1.2375 - accuracy: 0.5597
 57/422 [===>..........................] - ETA: 2s - loss: 1.2432 - accuracy: 0.5567
 67/422 [===>..........................] - ETA: 2s - loss: 1.2347 - accuracy: 0.5606
 76/422 [====>.........................] - ETA: 2s - loss: 1.2253 - accuracy: 0.5657
 86/422 [=====>........................] - ETA: 2s - loss: 1.2199 - accuracy: 0.5680
 96/422 [=====>........................] - ETA: 2s - loss: 1.2171 - accuracy: 0.5697
105/422 [======>.......................] - ETA: 2s - loss: 1.2175 - accuracy: 0.5708
114/422 [=======>......................] - ETA: 2s - loss: 1.2168 - accuracy: 0.5711
123/422 [=======>......................] - ETA: 1s - loss: 1.2166 - accuracy: 0.5713
133/422 [========>.....................] - ETA: 1s - loss: 1.2216 - accuracy: 0.5681
143/422 [=========>....................] - ETA: 1s - loss: 1.2220 - accuracy: 0.5687
151/422 [=========>....................] - ETA: 1s - loss: 1.2222 - accuracy: 0.5681
161/422 [==========>...................] - ETA: 1s - loss: 1.2236 - accuracy: 0.5672
170/422 [===========>..................] - ETA: 1s - loss: 1.2215 - accuracy: 0.5674
179/422 [===========>..................] - ETA: 1s - loss: 1.2210 - accuracy: 0.5681
187/422 [============>.................] - ETA: 1s - loss: 1.2237 - accuracy: 0.5672
197/422 [=============>................] - ETA: 1s - loss: 1.2204 - accuracy: 0.5685
206/422 [=============>................] - ETA: 1s - loss: 1.2209 - accuracy: 0.5686
216/422 [==============>...............] - ETA: 1s - loss: 1.2187 - accuracy: 0.5690
226/422 [===============>..............] - ETA: 1s - loss: 1.2161 - accuracy: 0.5696
236/422 [===============>..............] - ETA: 1s - loss: 1.2148 - accuracy: 0.5701
245/422 [================>.............] - ETA: 1s - loss: 1.2129 - accuracy: 0.5710
255/422 [=================>............] - ETA: 1s - loss: 1.2116 - accuracy: 0.5717
264/422 [=================>............] - ETA: 1s - loss: 1.2108 - accuracy: 0.5725
274/422 [==================>...........] - ETA: 0s - loss: 1.2100 - accuracy: 0.5727
284/422 [===================>..........] - ETA: 0s - loss: 1.2090 - accuracy: 0.5734
293/422 [===================>..........] - ETA: 0s - loss: 1.2101 - accuracy: 0.5733
303/422 [====================>.........] - ETA: 0s - loss: 1.2086 - accuracy: 0.5735
312/422 [=====================>........] - ETA: 0s - loss: 1.2090 - accuracy: 0.5735
321/422 [=====================>........] - ETA: 0s - loss: 1.2097 - accuracy: 0.5739
330/422 [======================>.......] - ETA: 0s - loss: 1.2101 - accuracy: 0.5733
340/422 [=======================>......] - ETA: 0s - loss: 1.2118 - accuracy: 0.5730
349/422 [=======================>......] - ETA: 0s - loss: 1.2112 - accuracy: 0.5730
358/422 [========================>.....] - ETA: 0s - loss: 1.2100 - accuracy: 0.5734
367/422 [=========================>....] - ETA: 0s - loss: 1.2107 - accuracy: 0.5733
376/422 [=========================>....] - ETA: 0s - loss: 1.2113 - accuracy: 0.5732
386/422 [==========================>...] - ETA: 0s - loss: 1.2103 - accuracy: 0.5738
395/422 [===========================>..] - ETA: 0s - loss: 1.2104 - accuracy: 0.5737
405/422 [===========================>..] - ETA: 0s - loss: 1.2108 - accuracy: 0.5736
413/422 [============================>.] - ETA: 0s - loss: 1.2111 - accuracy: 0.5736
422/422 [==============================] - 3s 8ms/step - loss: 1.2108 - accuracy: 0.5739 - val_loss: 1.1561 - val_accuracy: 0.5950
Epoch 4/72

  1/422 [..............................] - ETA: 6s - loss: 1.1564 - accuracy: 0.5703
 11/422 [..............................] - ETA: 2s - loss: 1.1698 - accuracy: 0.5838
 20/422 [>.............................] - ETA: 2s - loss: 1.1821 - accuracy: 0.5719
 29/422 [=>............................] - ETA: 2s - loss: 1.1809 - accuracy: 0.5746
 38/422 [=>............................] - ETA: 2s - loss: 1.1698 - accuracy: 0.5796
 45/422 [==>...........................] - ETA: 2s - loss: 1.1637 - accuracy: 0.5819
 55/422 [==>...........................] - ETA: 2s - loss: 1.1513 - accuracy: 0.5884
 64/422 [===>..........................] - ETA: 2s - loss: 1.1524 - accuracy: 0.5913
 73/422 [====>.........................] - ETA: 2s - loss: 1.1496 - accuracy: 0.5924
 82/422 [====>.........................] - ETA: 2s - loss: 1.1487 - accuracy: 0.5929
 92/422 [=====>........................] - ETA: 2s - loss: 1.1461 - accuracy: 0.5936
102/422 [======>.......................] - ETA: 2s - loss: 1.1425 - accuracy: 0.5957
110/422 [======>.......................] - ETA: 2s - loss: 1.1457 - accuracy: 0.5946
120/422 [=======>......................] - ETA: 2s - loss: 1.1516 - accuracy: 0.5930
129/422 [========>.....................] - ETA: 1s - loss: 1.1526 - accuracy: 0.5935
138/422 [========>.....................] - ETA: 1s - loss: 1.1541 - accuracy: 0.5930
148/422 [=========>....................] - ETA: 1s - loss: 1.1553 - accuracy: 0.5919
158/422 [==========>...................] - ETA: 1s - loss: 1.1517 - accuracy: 0.5935
165/422 [==========>...................] - ETA: 1s - loss: 1.1519 - accuracy: 0.5930
174/422 [===========>..................] - ETA: 1s - loss: 1.1507 - accuracy: 0.5935
183/422 [============>.................] - ETA: 1s - loss: 1.1502 - accuracy: 0.5934
192/422 [============>.................] - ETA: 1s - loss: 1.1490 - accuracy: 0.5945
202/422 [=============>................] - ETA: 1s - loss: 1.1497 - accuracy: 0.5944
210/422 [=============>................] - ETA: 1s - loss: 1.1476 - accuracy: 0.5955
219/422 [==============>...............] - ETA: 1s - loss: 1.1483 - accuracy: 0.5952
228/422 [===============>..............] - ETA: 1s - loss: 1.1476 - accuracy: 0.5947
237/422 [===============>..............] - ETA: 1s - loss: 1.1458 - accuracy: 0.5958
246/422 [================>.............] - ETA: 1s - loss: 1.1454 - accuracy: 0.5956
256/422 [=================>............] - ETA: 1s - loss: 1.1452 - accuracy: 0.5953
265/422 [=================>............] - ETA: 1s - loss: 1.1451 - accuracy: 0.5955
274/422 [==================>...........] - ETA: 0s - loss: 1.1460 - accuracy: 0.5957
284/422 [===================>..........] - ETA: 0s - loss: 1.1485 - accuracy: 0.5944
293/422 [===================>..........] - ETA: 0s - loss: 1.1499 - accuracy: 0.5945
303/422 [====================>.........] - ETA: 0s - loss: 1.1509 - accuracy: 0.5943
313/422 [=====================>........] - ETA: 0s - loss: 1.1526 - accuracy: 0.5935
321/422 [=====================>........] - ETA: 0s - loss: 1.1519 - accuracy: 0.5938
329/422 [======================>.......] - ETA: 0s - loss: 1.1510 - accuracy: 0.5940
337/422 [======================>.......] - ETA: 0s - loss: 1.1512 - accuracy: 0.5938
345/422 [=======================>......] - ETA: 0s - loss: 1.1524 - accuracy: 0.5935
353/422 [========================>.....] - ETA: 0s - loss: 1.1532 - accuracy: 0.5931
359/422 [========================>.....] - ETA: 0s - loss: 1.1547 - accuracy: 0.5928
367/422 [=========================>....] - ETA: 0s - loss: 1.1548 - accuracy: 0.5930
374/422 [=========================>....] - ETA: 0s - loss: 1.1556 - accuracy: 0.5925
382/422 [==========================>...] - ETA: 0s - loss: 1.1559 - accuracy: 0.5919
391/422 [==========================>...] - ETA: 0s - loss: 1.1564 - accuracy: 0.5919
401/422 [===========================>..] - ETA: 0s - loss: 1.1572 - accuracy: 0.5918
410/422 [============================>.] - ETA: 0s - loss: 1.1565 - accuracy: 0.5921
420/422 [============================>.] - ETA: 0s - loss: 1.1563 - accuracy: 0.5919
422/422 [==============================] - 3s 8ms/step - loss: 1.1559 - accuracy: 0.5921 - val_loss: 1.1436 - val_accuracy: 0.5950
Epoch 5/72

  1/422 [..............................] - ETA: 6s - loss: 1.1068 - accuracy: 0.6406
  9/422 [..............................] - ETA: 3s - loss: 1.0811 - accuracy: 0.6328
 19/422 [>.............................] - ETA: 2s - loss: 1.1024 - accuracy: 0.6160
 28/422 [>.............................] - ETA: 2s - loss: 1.0929 - accuracy: 0.6225
 37/422 [=>............................] - ETA: 2s - loss: 1.0866 - accuracy: 0.6237
 46/422 [==>...........................] - ETA: 2s - loss: 1.0909 - accuracy: 0.6214
 56/422 [==>...........................] - ETA: 2s - loss: 1.0865 - accuracy: 0.6195
 65/422 [===>..........................] - ETA: 2s - loss: 1.0911 - accuracy: 0.6201
 74/422 [====>.........................] - ETA: 2s - loss: 1.0865 - accuracy: 0.6213
 84/422 [====>.........................] - ETA: 2s - loss: 1.0950 - accuracy: 0.6179
 93/422 [=====>........................] - ETA: 2s - loss: 1.0963 - accuracy: 0.6167
102/422 [======>.......................] - ETA: 2s - loss: 1.0915 - accuracy: 0.6175
112/422 [======>.......................] - ETA: 2s - loss: 1.0880 - accuracy: 0.6172
121/422 [=======>......................] - ETA: 2s - loss: 1.0874 - accuracy: 0.6162
130/422 [========>.....................] - ETA: 1s - loss: 1.0909 - accuracy: 0.6154
139/422 [========>.....................] - ETA: 1s - loss: 1.0951 - accuracy: 0.6150
148/422 [=========>....................] - ETA: 1s - loss: 1.0947 - accuracy: 0.6153
158/422 [==========>...................] - ETA: 1s - loss: 1.0965 - accuracy: 0.6146
168/422 [==========>...................] - ETA: 1s - loss: 1.0994 - accuracy: 0.6136
177/422 [===========>..................] - ETA: 1s - loss: 1.1002 - accuracy: 0.6138
186/422 [============>.................] - ETA: 1s - loss: 1.0990 - accuracy: 0.6136
196/422 [============>.................] - ETA: 1s - loss: 1.0982 - accuracy: 0.6135
205/422 [=============>................] - ETA: 1s - loss: 1.0976 - accuracy: 0.6141
213/422 [==============>...............] - ETA: 1s - loss: 1.0979 - accuracy: 0.6145
222/422 [==============>...............] - ETA: 1s - loss: 1.0976 - accuracy: 0.6154
231/422 [===============>..............] - ETA: 1s - loss: 1.0948 - accuracy: 0.6160
241/422 [================>.............] - ETA: 1s - loss: 1.0931 - accuracy: 0.6169
250/422 [================>.............] - ETA: 1s - loss: 1.0935 - accuracy: 0.6168
260/422 [=================>............] - ETA: 1s - loss: 1.0941 - accuracy: 0.6162
270/422 [==================>...........] - ETA: 1s - loss: 1.0952 - accuracy: 0.6161
279/422 [==================>...........] - ETA: 0s - loss: 1.0975 - accuracy: 0.6152
289/422 [===================>..........] - ETA: 0s - loss: 1.0981 - accuracy: 0.6153
298/422 [====================>.........] - ETA: 0s - loss: 1.0974 - accuracy: 0.6152
308/422 [====================>.........] - ETA: 0s - loss: 1.0985 - accuracy: 0.6141
317/422 [=====================>........] - ETA: 0s - loss: 1.0990 - accuracy: 0.6141
327/422 [======================>.......] - ETA: 0s - loss: 1.0992 - accuracy: 0.6143
337/422 [======================>.......] - ETA: 0s - loss: 1.0989 - accuracy: 0.6141
347/422 [=======================>......] - ETA: 0s - loss: 1.1005 - accuracy: 0.6136
356/422 [========================>.....] - ETA: 0s - loss: 1.1011 - accuracy: 0.6133
365/422 [========================>.....] - ETA: 0s - loss: 1.1011 - accuracy: 0.6133
374/422 [=========================>....] - ETA: 0s - loss: 1.1021 - accuracy: 0.6131
383/422 [==========================>...] - ETA: 0s - loss: 1.1023 - accuracy: 0.6130
393/422 [==========================>...] - ETA: 0s - loss: 1.1014 - accuracy: 0.6134
403/422 [===========================>..] - ETA: 0s - loss: 1.1014 - accuracy: 0.6137
412/422 [============================>.] - ETA: 0s - loss: 1.1006 - accuracy: 0.6138
421/422 [============================>.] - ETA: 0s - loss: 1.1003 - accuracy: 0.6139
422/422 [==============================] - 3s 7ms/step - loss: 1.1000 - accuracy: 0.6141 - val_loss: 1.0971 - val_accuracy: 0.6158
Epoch 6/72

  1/422 [..............................] - ETA: 0s - loss: 1.0753 - accuracy: 0.5938
 11/422 [..............................] - ETA: 2s - loss: 1.0375 - accuracy: 0.6257
 23/422 [>.............................] - ETA: 2s - loss: 1.0351 - accuracy: 0.6359
 35/422 [=>............................] - ETA: 2s - loss: 1.0372 - accuracy: 0.6339
 48/422 [==>...........................] - ETA: 1s - loss: 1.0393 - accuracy: 0.6361
 60/422 [===>..........................] - ETA: 1s - loss: 1.0496 - accuracy: 0.6327
 72/422 [====>.........................] - ETA: 1s - loss: 1.0576 - accuracy: 0.6302
 84/422 [====>.........................] - ETA: 1s - loss: 1.0528 - accuracy: 0.6322
 96/422 [=====>........................] - ETA: 1s - loss: 1.0619 - accuracy: 0.6282
108/422 [======>.......................] - ETA: 1s - loss: 1.0555 - accuracy: 0.6310
120/422 [=======>......................] - ETA: 1s - loss: 1.0540 - accuracy: 0.6306
132/422 [========>.....................] - ETA: 1s - loss: 1.0548 - accuracy: 0.6302
142/422 [=========>....................] - ETA: 1s - loss: 1.0553 - accuracy: 0.6299
154/422 [=========>....................] - ETA: 1s - loss: 1.0524 - accuracy: 0.6311
164/422 [==========>...................] - ETA: 1s - loss: 1.0521 - accuracy: 0.6311
174/422 [===========>..................] - ETA: 1s - loss: 1.0525 - accuracy: 0.6319
184/422 [============>.................] - ETA: 1s - loss: 1.0556 - accuracy: 0.6303
193/422 [============>.................] - ETA: 1s - loss: 1.0591 - accuracy: 0.6287
202/422 [=============>................] - ETA: 1s - loss: 1.0625 - accuracy: 0.6269
212/422 [==============>...............] - ETA: 1s - loss: 1.0630 - accuracy: 0.6268
221/422 [==============>...............] - ETA: 1s - loss: 1.0639 - accuracy: 0.6264
231/422 [===============>..............] - ETA: 1s - loss: 1.0628 - accuracy: 0.6269
240/422 [================>.............] - ETA: 1s - loss: 1.0642 - accuracy: 0.6259
250/422 [================>.............] - ETA: 0s - loss: 1.0636 - accuracy: 0.6263
260/422 [=================>............] - ETA: 0s - loss: 1.0641 - accuracy: 0.6264
269/422 [==================>...........] - ETA: 0s - loss: 1.0658 - accuracy: 0.6255
278/422 [==================>...........] - ETA: 0s - loss: 1.0667 - accuracy: 0.6257
287/422 [===================>..........] - ETA: 0s - loss: 1.0660 - accuracy: 0.6258
298/422 [====================>.........] - ETA: 0s - loss: 1.0666 - accuracy: 0.6256
307/422 [====================>.........] - ETA: 0s - loss: 1.0681 - accuracy: 0.6255
316/422 [=====================>........] - ETA: 0s - loss: 1.0696 - accuracy: 0.6250
325/422 [======================>.......] - ETA: 0s - loss: 1.0705 - accuracy: 0.6246
335/422 [======================>.......] - ETA: 0s - loss: 1.0697 - accuracy: 0.6248
345/422 [=======================>......] - ETA: 0s - loss: 1.0708 - accuracy: 0.6241
355/422 [========================>.....] - ETA: 0s - loss: 1.0709 - accuracy: 0.6239
364/422 [========================>.....] - ETA: 0s - loss: 1.0699 - accuracy: 0.6241
374/422 [=========================>....] - ETA: 0s - loss: 1.0703 - accuracy: 0.6242
384/422 [==========================>...] - ETA: 0s - loss: 1.0691 - accuracy: 0.6246
393/422 [==========================>...] - ETA: 0s - loss: 1.0687 - accuracy: 0.6251
403/422 [===========================>..] - ETA: 0s - loss: 1.0675 - accuracy: 0.6253
412/422 [============================>.] - ETA: 0s - loss: 1.0675 - accuracy: 0.6252
422/422 [==============================] - ETA: 0s - loss: 1.0668 - accuracy: 0.6256
422/422 [==============================] - 3s 7ms/step - loss: 1.0668 - accuracy: 0.6256 - val_loss: 1.1001 - val_accuracy: 0.6158
Epoch 7/72

  1/422 [..............................] - ETA: 6s - loss: 0.9487 - accuracy: 0.6484
  9/422 [..............................] - ETA: 3s - loss: 0.9590 - accuracy: 0.6606
 19/422 [>.............................] - ETA: 2s - loss: 0.9533 - accuracy: 0.6600
 28/422 [>.............................] - ETA: 2s - loss: 0.9743 - accuracy: 0.6546
 37/422 [=>............................] - ETA: 2s - loss: 0.9806 - accuracy: 0.6543
 47/422 [==>...........................] - ETA: 2s - loss: 0.9884 - accuracy: 0.6523
 56/422 [==>...........................] - ETA: 2s - loss: 0.9878 - accuracy: 0.6519
 65/422 [===>..........................] - ETA: 2s - loss: 0.9885 - accuracy: 0.6524
 74/422 [====>.........................] - ETA: 2s - loss: 0.9898 - accuracy: 0.6534
 84/422 [====>.........................] - ETA: 2s - loss: 0.9908 - accuracy: 0.6550
 94/422 [=====>........................] - ETA: 2s - loss: 0.9942 - accuracy: 0.6532
103/422 [======>.......................] - ETA: 2s - loss: 0.9963 - accuracy: 0.6520
113/422 [=======>......................] - ETA: 2s - loss: 0.9966 - accuracy: 0.6512
120/422 [=======>......................] - ETA: 2s - loss: 0.9993 - accuracy: 0.6493
130/422 [========>.....................] - ETA: 1s - loss: 1.0021 - accuracy: 0.6488
139/422 [========>.....................] - ETA: 1s - loss: 1.0003 - accuracy: 0.6503
148/422 [=========>....................] - ETA: 1s - loss: 1.0020 - accuracy: 0.6503
157/422 [==========>...................] - ETA: 1s - loss: 1.0050 - accuracy: 0.6499
166/422 [==========>...................] - ETA: 1s - loss: 1.0069 - accuracy: 0.6491
176/422 [===========>..................] - ETA: 1s - loss: 1.0092 - accuracy: 0.6478
186/422 [============>.................] - ETA: 1s - loss: 1.0090 - accuracy: 0.6480
195/422 [============>.................] - ETA: 1s - loss: 1.0079 - accuracy: 0.6487
205/422 [=============>................] - ETA: 1s - loss: 1.0093 - accuracy: 0.6481
214/422 [==============>...............] - ETA: 1s - loss: 1.0120 - accuracy: 0.6474
223/422 [==============>...............] - ETA: 1s - loss: 1.0155 - accuracy: 0.6456
232/422 [===============>..............] - ETA: 1s - loss: 1.0161 - accuracy: 0.6456
241/422 [================>.............] - ETA: 1s - loss: 1.0160 - accuracy: 0.6458
250/422 [================>.............] - ETA: 1s - loss: 1.0156 - accuracy: 0.6464
259/422 [=================>............] - ETA: 1s - loss: 1.0176 - accuracy: 0.6465
269/422 [==================>...........] - ETA: 1s - loss: 1.0195 - accuracy: 0.6458
279/422 [==================>...........] - ETA: 0s - loss: 1.0176 - accuracy: 0.6466
288/422 [===================>..........] - ETA: 0s - loss: 1.0174 - accuracy: 0.6468
297/422 [====================>.........] - ETA: 0s - loss: 1.0191 - accuracy: 0.6459
307/422 [====================>.........] - ETA: 0s - loss: 1.0207 - accuracy: 0.6455
316/422 [=====================>........] - ETA: 0s - loss: 1.0214 - accuracy: 0.6448
325/422 [======================>.......] - ETA: 0s - loss: 1.0218 - accuracy: 0.6446
334/422 [======================>.......] - ETA: 0s - loss: 1.0218 - accuracy: 0.6447
342/422 [=======================>......] - ETA: 0s - loss: 1.0221 - accuracy: 0.6444
350/422 [=======================>......] - ETA: 0s - loss: 1.0211 - accuracy: 0.6446
359/422 [========================>.....] - ETA: 0s - loss: 1.0232 - accuracy: 0.6439
368/422 [=========================>....] - ETA: 0s - loss: 1.0230 - accuracy: 0.6434
378/422 [=========================>....] - ETA: 0s - loss: 1.0244 - accuracy: 0.6428
387/422 [==========================>...] - ETA: 0s - loss: 1.0242 - accuracy: 0.6426
396/422 [===========================>..] - ETA: 0s - loss: 1.0253 - accuracy: 0.6422
405/422 [===========================>..] - ETA: 0s - loss: 1.0243 - accuracy: 0.6426
415/422 [============================>.] - ETA: 0s - loss: 1.0235 - accuracy: 0.6425
422/422 [==============================] - 3s 8ms/step - loss: 1.0233 - accuracy: 0.6425 - val_loss: 1.0979 - val_accuracy: 0.6177
Epoch 8/72

  1/422 [..............................] - ETA: 0s - loss: 1.0835 - accuracy: 0.5781
  8/422 [..............................] - ETA: 3s - loss: 0.9899 - accuracy: 0.6553
 17/422 [>.............................] - ETA: 3s - loss: 0.9768 - accuracy: 0.6613
 27/422 [>.............................] - ETA: 2s - loss: 0.9911 - accuracy: 0.6519
 34/422 [=>............................] - ETA: 2s - loss: 0.9848 - accuracy: 0.6535
 43/422 [==>...........................] - ETA: 2s - loss: 0.9797 - accuracy: 0.6553
 52/422 [==>...........................] - ETA: 2s - loss: 0.9828 - accuracy: 0.6543
 61/422 [===>..........................] - ETA: 2s - loss: 0.9847 - accuracy: 0.6518
 71/422 [====>.........................] - ETA: 2s - loss: 0.9842 - accuracy: 0.6503
 80/422 [====>.........................] - ETA: 2s - loss: 0.9849 - accuracy: 0.6489
 89/422 [=====>........................] - ETA: 2s - loss: 0.9886 - accuracy: 0.6491
 99/422 [======>.......................] - ETA: 2s - loss: 0.9848 - accuracy: 0.6511
109/422 [======>.......................] - ETA: 2s - loss: 0.9824 - accuracy: 0.6532
118/422 [=======>......................] - ETA: 2s - loss: 0.9814 - accuracy: 0.6536
128/422 [========>.....................] - ETA: 1s - loss: 0.9824 - accuracy: 0.6537
137/422 [========>.....................] - ETA: 1s - loss: 0.9870 - accuracy: 0.6513
147/422 [=========>....................] - ETA: 1s - loss: 0.9893 - accuracy: 0.6499
155/422 [==========>...................] - ETA: 1s - loss: 0.9933 - accuracy: 0.6492
164/422 [==========>...................] - ETA: 1s - loss: 0.9950 - accuracy: 0.6489
173/422 [===========>..................] - ETA: 1s - loss: 0.9950 - accuracy: 0.6494
183/422 [============>.................] - ETA: 1s - loss: 0.9927 - accuracy: 0.6502
191/422 [============>.................] - ETA: 1s - loss: 0.9935 - accuracy: 0.6501
200/422 [=============>................] - ETA: 1s - loss: 0.9933 - accuracy: 0.6506
209/422 [=============>................] - ETA: 1s - loss: 0.9920 - accuracy: 0.6517
218/422 [==============>...............] - ETA: 1s - loss: 0.9940 - accuracy: 0.6514
228/422 [===============>..............] - ETA: 1s - loss: 0.9936 - accuracy: 0.6516
237/422 [===============>..............] - ETA: 1s - loss: 0.9936 - accuracy: 0.6515
246/422 [================>.............] - ETA: 1s - loss: 0.9923 - accuracy: 0.6522
255/422 [=================>............] - ETA: 1s - loss: 0.9932 - accuracy: 0.6520
264/422 [=================>............] - ETA: 1s - loss: 0.9931 - accuracy: 0.6521
273/422 [==================>...........] - ETA: 1s - loss: 0.9938 - accuracy: 0.6518
282/422 [===================>..........] - ETA: 0s - loss: 0.9924 - accuracy: 0.6520
292/422 [===================>..........] - ETA: 0s - loss: 0.9945 - accuracy: 0.6513
300/422 [====================>.........] - ETA: 0s - loss: 0.9933 - accuracy: 0.6518
310/422 [=====================>........] - ETA: 0s - loss: 0.9934 - accuracy: 0.6521
319/422 [=====================>........] - ETA: 0s - loss: 0.9935 - accuracy: 0.6520
329/422 [======================>.......] - ETA: 0s - loss: 0.9926 - accuracy: 0.6520
338/422 [=======================>......] - ETA: 0s - loss: 0.9934 - accuracy: 0.6516
347/422 [=======================>......] - ETA: 0s - loss: 0.9937 - accuracy: 0.6515
354/422 [========================>.....] - ETA: 0s - loss: 0.9946 - accuracy: 0.6515
363/422 [========================>.....] - ETA: 0s - loss: 0.9960 - accuracy: 0.6507
372/422 [=========================>....] - ETA: 0s - loss: 0.9962 - accuracy: 0.6507
381/422 [==========================>...] - ETA: 0s - loss: 0.9964 - accuracy: 0.6505
390/422 [==========================>...] - ETA: 0s - loss: 0.9958 - accuracy: 0.6506
399/422 [===========================>..] - ETA: 0s - loss: 0.9968 - accuracy: 0.6500
408/422 [============================>.] - ETA: 0s - loss: 0.9972 - accuracy: 0.6503
418/422 [============================>.] - ETA: 0s - loss: 0.9983 - accuracy: 0.6499
422/422 [==============================] - 3s 8ms/step - loss: 0.9986 - accuracy: 0.6497 - val_loss: 1.0752 - val_accuracy: 0.6270
Epoch 9/72

  1/422 [..............................] - ETA: 6s - loss: 1.0211 - accuracy: 0.6484
 10/422 [..............................] - ETA: 2s - loss: 0.9329 - accuracy: 0.6711
 19/422 [>.............................] - ETA: 2s - loss: 0.9262 - accuracy: 0.6776
 28/422 [>.............................] - ETA: 2s - loss: 0.9269 - accuracy: 0.6744
 38/422 [=>............................] - ETA: 2s - loss: 0.9265 - accuracy: 0.6748
 45/422 [==>...........................] - ETA: 2s - loss: 0.9220 - accuracy: 0.6734
 54/422 [==>...........................] - ETA: 2s - loss: 0.9312 - accuracy: 0.6678
 63/422 [===>..........................] - ETA: 2s - loss: 0.9341 - accuracy: 0.6675
 73/422 [====>.........................] - ETA: 2s - loss: 0.9360 - accuracy: 0.6668
 82/422 [====>.........................] - ETA: 2s - loss: 0.9321 - accuracy: 0.6682
 91/422 [=====>........................] - ETA: 2s - loss: 0.9368 - accuracy: 0.6683
100/422 [======>.......................] - ETA: 2s - loss: 0.9379 - accuracy: 0.6680
110/422 [======>.......................] - ETA: 2s - loss: 0.9390 - accuracy: 0.6675
119/422 [=======>......................] - ETA: 2s - loss: 0.9439 - accuracy: 0.6652
128/422 [========>.....................] - ETA: 1s - loss: 0.9421 - accuracy: 0.6665
138/422 [========>.....................] - ETA: 1s - loss: 0.9405 - accuracy: 0.6679
147/422 [=========>....................] - ETA: 1s - loss: 0.9438 - accuracy: 0.6667
157/422 [==========>...................] - ETA: 1s - loss: 0.9453 - accuracy: 0.6661
167/422 [==========>...................] - ETA: 1s - loss: 0.9478 - accuracy: 0.6657
176/422 [===========>..................] - ETA: 1s - loss: 0.9490 - accuracy: 0.6652
186/422 [============>.................] - ETA: 1s - loss: 0.9495 - accuracy: 0.6650
195/422 [============>.................] - ETA: 1s - loss: 0.9491 - accuracy: 0.6662
205/422 [=============>................] - ETA: 1s - loss: 0.9498 - accuracy: 0.6661
214/422 [==============>...............] - ETA: 1s - loss: 0.9503 - accuracy: 0.6657
224/422 [==============>...............] - ETA: 1s - loss: 0.9514 - accuracy: 0.6651
234/422 [===============>..............] - ETA: 1s - loss: 0.9531 - accuracy: 0.6640
244/422 [================>.............] - ETA: 1s - loss: 0.9528 - accuracy: 0.6642
251/422 [================>.............] - ETA: 1s - loss: 0.9554 - accuracy: 0.6629
260/422 [=================>............] - ETA: 1s - loss: 0.9552 - accuracy: 0.6630
269/422 [==================>...........] - ETA: 1s - loss: 0.9562 - accuracy: 0.6627
278/422 [==================>...........] - ETA: 0s - loss: 0.9569 - accuracy: 0.6623
288/422 [===================>..........] - ETA: 0s - loss: 0.9572 - accuracy: 0.6625
297/422 [====================>.........] - ETA: 0s - loss: 0.9585 - accuracy: 0.6621
306/422 [====================>.........] - ETA: 0s - loss: 0.9591 - accuracy: 0.6622
316/422 [=====================>........] - ETA: 0s - loss: 0.9602 - accuracy: 0.6620
325/422 [======================>.......] - ETA: 0s - loss: 0.9617 - accuracy: 0.6615
334/422 [======================>.......] - ETA: 0s - loss: 0.9624 - accuracy: 0.6611
344/422 [=======================>......] - ETA: 0s - loss: 0.9626 - accuracy: 0.6615
353/422 [========================>.....] - ETA: 0s - loss: 0.9620 - accuracy: 0.6619
363/422 [========================>.....] - ETA: 0s - loss: 0.9638 - accuracy: 0.6615
372/422 [=========================>....] - ETA: 0s - loss: 0.9646 - accuracy: 0.6611
381/422 [==========================>...] - ETA: 0s - loss: 0.9645 - accuracy: 0.6612
390/422 [==========================>...] - ETA: 0s - loss: 0.9653 - accuracy: 0.6612
399/422 [===========================>..] - ETA: 0s - loss: 0.9669 - accuracy: 0.6605
408/422 [============================>.] - ETA: 0s - loss: 0.9679 - accuracy: 0.6599
418/422 [============================>.] - ETA: 0s - loss: 0.9676 - accuracy: 0.6604
422/422 [==============================] - 3s 8ms/step - loss: 0.9670 - accuracy: 0.6604 - val_loss: 1.0527 - val_accuracy: 0.6305
Epoch 10/72

  1/422 [..............................] - ETA: 6s - loss: 0.8483 - accuracy: 0.7344
  9/422 [..............................] - ETA: 3s - loss: 0.9181 - accuracy: 0.6719
 18/422 [>.............................] - ETA: 2s - loss: 0.9388 - accuracy: 0.6654
 28/422 [>.............................] - ETA: 2s - loss: 0.9168 - accuracy: 0.6733
 38/422 [=>............................] - ETA: 2s - loss: 0.9252 - accuracy: 0.6704
 48/422 [==>...........................] - ETA: 2s - loss: 0.9192 - accuracy: 0.6754
 57/422 [===>..........................] - ETA: 2s - loss: 0.9190 - accuracy: 0.6736
 66/422 [===>..........................] - ETA: 2s - loss: 0.9214 - accuracy: 0.6737
 76/422 [====>.........................] - ETA: 2s - loss: 0.9213 - accuracy: 0.6743
 85/422 [=====>........................] - ETA: 2s - loss: 0.9215 - accuracy: 0.6744
 94/422 [=====>........................] - ETA: 2s - loss: 0.9235 - accuracy: 0.6744
101/422 [======>.......................] - ETA: 2s - loss: 0.9252 - accuracy: 0.6740
110/422 [======>.......................] - ETA: 2s - loss: 0.9242 - accuracy: 0.6738
119/422 [=======>......................] - ETA: 2s - loss: 0.9258 - accuracy: 0.6740
128/422 [========>.....................] - ETA: 1s - loss: 0.9251 - accuracy: 0.6741
137/422 [========>.....................] - ETA: 1s - loss: 0.9278 - accuracy: 0.6727
147/422 [=========>....................] - ETA: 1s - loss: 0.9242 - accuracy: 0.6740
156/422 [==========>...................] - ETA: 1s - loss: 0.9277 - accuracy: 0.6724
166/422 [==========>...................] - ETA: 1s - loss: 0.9299 - accuracy: 0.6720
175/422 [===========>..................] - ETA: 1s - loss: 0.9310 - accuracy: 0.6714
185/422 [============>.................] - ETA: 1s - loss: 0.9315 - accuracy: 0.6709
193/422 [============>.................] - ETA: 1s - loss: 0.9301 - accuracy: 0.6715
202/422 [=============>................] - ETA: 1s - loss: 0.9309 - accuracy: 0.6713
212/422 [==============>...............] - ETA: 1s - loss: 0.9299 - accuracy: 0.6717
221/422 [==============>...............] - ETA: 1s - loss: 0.9307 - accuracy: 0.6717
231/422 [===============>..............] - ETA: 1s - loss: 0.9302 - accuracy: 0.6723
241/422 [================>.............] - ETA: 1s - loss: 0.9302 - accuracy: 0.6726
250/422 [================>.............] - ETA: 1s - loss: 0.9316 - accuracy: 0.6723
259/422 [=================>............] - ETA: 1s - loss: 0.9327 - accuracy: 0.6716
268/422 [==================>...........] - ETA: 1s - loss: 0.9329 - accuracy: 0.6715
278/422 [==================>...........] - ETA: 0s - loss: 0.9339 - accuracy: 0.6709
287/422 [===================>..........] - ETA: 0s - loss: 0.9345 - accuracy: 0.6706
296/422 [====================>.........] - ETA: 0s - loss: 0.9345 - accuracy: 0.6707
306/422 [====================>.........] - ETA: 0s - loss: 0.9331 - accuracy: 0.6717
315/422 [=====================>........] - ETA: 0s - loss: 0.9354 - accuracy: 0.6714
325/422 [======================>.......] - ETA: 0s - loss: 0.9344 - accuracy: 0.6716
333/422 [======================>.......] - ETA: 0s - loss: 0.9345 - accuracy: 0.6713
343/422 [=======================>......] - ETA: 0s - loss: 0.9353 - accuracy: 0.6710
353/422 [========================>.....] - ETA: 0s - loss: 0.9350 - accuracy: 0.6710
362/422 [========================>.....] - ETA: 0s - loss: 0.9362 - accuracy: 0.6705
371/422 [=========================>....] - ETA: 0s - loss: 0.9359 - accuracy: 0.6709
380/422 [==========================>...] - ETA: 0s - loss: 0.9368 - accuracy: 0.6704
389/422 [==========================>...] - ETA: 0s - loss: 0.9391 - accuracy: 0.6696
398/422 [===========================>..] - ETA: 0s - loss: 0.9395 - accuracy: 0.6695
408/422 [============================>.] - ETA: 0s - loss: 0.9396 - accuracy: 0.6696
422/422 [==============================] - ETA: 0s - loss: 0.9409 - accuracy: 0.6690
422/422 [==============================] - 3s 8ms/step - loss: 0.9409 - accuracy: 0.6690 - val_loss: 1.0939 - val_accuracy: 0.6235
Epoch 11/72

  1/422 [..............................] - ETA: 6s - loss: 0.8202 - accuracy: 0.7266
 11/422 [..............................] - ETA: 2s - loss: 0.9118 - accuracy: 0.6825
 23/422 [>.............................] - ETA: 2s - loss: 0.9125 - accuracy: 0.6770
 38/422 [=>............................] - ETA: 1s - loss: 0.8921 - accuracy: 0.6867
 47/422 [==>...........................] - ETA: 2s - loss: 0.8823 - accuracy: 0.6898
 57/422 [===>..........................] - ETA: 2s - loss: 0.8830 - accuracy: 0.6919
 66/422 [===>..........................] - ETA: 2s - loss: 0.8879 - accuracy: 0.6889
 75/422 [====>.........................] - ETA: 2s - loss: 0.8832 - accuracy: 0.6909
 82/422 [====>.........................] - ETA: 2s - loss: 0.8868 - accuracy: 0.6905
 92/422 [=====>........................] - ETA: 1s - loss: 0.8957 - accuracy: 0.6878
101/422 [======>.......................] - ETA: 1s - loss: 0.8970 - accuracy: 0.6863
110/422 [======>.......................] - ETA: 1s - loss: 0.8973 - accuracy: 0.6858
120/422 [=======>......................] - ETA: 1s - loss: 0.8987 - accuracy: 0.6853
129/422 [========>.....................] - ETA: 1s - loss: 0.8970 - accuracy: 0.6860
139/422 [========>.....................] - ETA: 1s - loss: 0.8966 - accuracy: 0.6850
149/422 [=========>....................] - ETA: 1s - loss: 0.8971 - accuracy: 0.6849
158/422 [==========>...................] - ETA: 1s - loss: 0.8984 - accuracy: 0.6850
167/422 [==========>...................] - ETA: 1s - loss: 0.8965 - accuracy: 0.6856
177/422 [===========>..................] - ETA: 1s - loss: 0.8983 - accuracy: 0.6848
187/422 [============>.................] - ETA: 1s - loss: 0.8989 - accuracy: 0.6845
196/422 [============>.................] - ETA: 1s - loss: 0.9018 - accuracy: 0.6834
206/422 [=============>................] - ETA: 1s - loss: 0.9026 - accuracy: 0.6829
215/422 [==============>...............] - ETA: 1s - loss: 0.9012 - accuracy: 0.6836
225/422 [==============>...............] - ETA: 1s - loss: 0.9026 - accuracy: 0.6827
235/422 [===============>..............] - ETA: 1s - loss: 0.9038 - accuracy: 0.6823
244/422 [================>.............] - ETA: 1s - loss: 0.9046 - accuracy: 0.6825
253/422 [================>.............] - ETA: 1s - loss: 0.9038 - accuracy: 0.6834
262/422 [=================>............] - ETA: 1s - loss: 0.9037 - accuracy: 0.6834
272/422 [==================>...........] - ETA: 0s - loss: 0.9054 - accuracy: 0.6824
281/422 [==================>...........] - ETA: 0s - loss: 0.9042 - accuracy: 0.6828
289/422 [===================>..........] - ETA: 0s - loss: 0.9059 - accuracy: 0.6828
298/422 [====================>.........] - ETA: 0s - loss: 0.9069 - accuracy: 0.6824
308/422 [====================>.........] - ETA: 0s - loss: 0.9088 - accuracy: 0.6817
317/422 [=====================>........] - ETA: 0s - loss: 0.9088 - accuracy: 0.6815
327/422 [======================>.......] - ETA: 0s - loss: 0.9090 - accuracy: 0.6810
336/422 [======================>.......] - ETA: 0s - loss: 0.9084 - accuracy: 0.6808
346/422 [=======================>......] - ETA: 0s - loss: 0.9099 - accuracy: 0.6804
355/422 [========================>.....] - ETA: 0s - loss: 0.9101 - accuracy: 0.6805
364/422 [========================>.....] - ETA: 0s - loss: 0.9112 - accuracy: 0.6798
373/422 [=========================>....] - ETA: 0s - loss: 0.9128 - accuracy: 0.6793
382/422 [==========================>...] - ETA: 0s - loss: 0.9124 - accuracy: 0.6795
391/422 [==========================>...] - ETA: 0s - loss: 0.9132 - accuracy: 0.6794
401/422 [===========================>..] - ETA: 0s - loss: 0.9130 - accuracy: 0.6795
410/422 [============================>.] - ETA: 0s - loss: 0.9129 - accuracy: 0.6794
419/422 [============================>.] - ETA: 0s - loss: 0.9134 - accuracy: 0.6790
422/422 [==============================] - 3s 8ms/step - loss: 0.9136 - accuracy: 0.6788 - val_loss: 1.0511 - val_accuracy: 0.6343
Epoch 12/72

  1/422 [..............................] - ETA: 6s - loss: 0.9196 - accuracy: 0.6719
 10/422 [..............................] - ETA: 2s - loss: 0.8796 - accuracy: 0.6992
 19/422 [>.............................] - ETA: 2s - loss: 0.8605 - accuracy: 0.7048
 29/422 [=>............................] - ETA: 2s - loss: 0.8562 - accuracy: 0.7039
 39/422 [=>............................] - ETA: 2s - loss: 0.8443 - accuracy: 0.7061
 48/422 [==>...........................] - ETA: 2s - loss: 0.8478 - accuracy: 0.7039
 57/422 [===>..........................] - ETA: 2s - loss: 0.8570 - accuracy: 0.6981
 67/422 [===>..........................] - ETA: 2s - loss: 0.8636 - accuracy: 0.6950
 76/422 [====>.........................] - ETA: 2s - loss: 0.8659 - accuracy: 0.6958
 86/422 [=====>........................] - ETA: 2s - loss: 0.8685 - accuracy: 0.6937
 95/422 [=====>........................] - ETA: 2s - loss: 0.8609 - accuracy: 0.6963
104/422 [======>.......................] - ETA: 2s - loss: 0.8602 - accuracy: 0.6958
113/422 [=======>......................] - ETA: 2s - loss: 0.8626 - accuracy: 0.6951
122/422 [=======>......................] - ETA: 2s - loss: 0.8628 - accuracy: 0.6945
131/422 [========>.....................] - ETA: 1s - loss: 0.8616 - accuracy: 0.6948
140/422 [========>.....................] - ETA: 1s - loss: 0.8624 - accuracy: 0.6953
150/422 [=========>....................] - ETA: 1s - loss: 0.8632 - accuracy: 0.6951
159/422 [==========>...................] - ETA: 1s - loss: 0.8717 - accuracy: 0.6917
169/422 [===========>..................] - ETA: 1s - loss: 0.8744 - accuracy: 0.6909
179/422 [===========>..................] - ETA: 1s - loss: 0.8758 - accuracy: 0.6899
188/422 [============>.................] - ETA: 1s - loss: 0.8761 - accuracy: 0.6901
197/422 [=============>................] - ETA: 1s - loss: 0.8759 - accuracy: 0.6900
206/422 [=============>................] - ETA: 1s - loss: 0.8770 - accuracy: 0.6901
215/422 [==============>...............] - ETA: 1s - loss: 0.8786 - accuracy: 0.6892
225/422 [==============>...............] - ETA: 1s - loss: 0.8796 - accuracy: 0.6894
234/422 [===============>..............] - ETA: 1s - loss: 0.8812 - accuracy: 0.6888
243/422 [================>.............] - ETA: 1s - loss: 0.8797 - accuracy: 0.6893
252/422 [================>.............] - ETA: 1s - loss: 0.8800 - accuracy: 0.6895
262/422 [=================>............] - ETA: 1s - loss: 0.8804 - accuracy: 0.6891
271/422 [==================>...........] - ETA: 1s - loss: 0.8807 - accuracy: 0.6891
281/422 [==================>...........] - ETA: 0s - loss: 0.8829 - accuracy: 0.6883
290/422 [===================>..........] - ETA: 0s - loss: 0.8831 - accuracy: 0.6884
300/422 [====================>.........] - ETA: 0s - loss: 0.8845 - accuracy: 0.6880
310/422 [=====================>........] - ETA: 0s - loss: 0.8865 - accuracy: 0.6870
319/422 [=====================>........] - ETA: 0s - loss: 0.8874 - accuracy: 0.6867
329/422 [======================>.......] - ETA: 0s - loss: 0.8875 - accuracy: 0.6867
338/422 [=======================>......] - ETA: 0s - loss: 0.8878 - accuracy: 0.6865
348/422 [=======================>......] - ETA: 0s - loss: 0.8892 - accuracy: 0.6866
357/422 [========================>.....] - ETA: 0s - loss: 0.8896 - accuracy: 0.6865
367/422 [=========================>....] - ETA: 0s - loss: 0.8898 - accuracy: 0.6868
377/422 [=========================>....] - ETA: 0s - loss: 0.8911 - accuracy: 0.6863
386/422 [==========================>...] - ETA: 0s - loss: 0.8919 - accuracy: 0.6862
394/422 [===========================>..] - ETA: 0s - loss: 0.8928 - accuracy: 0.6861
402/422 [===========================>..] - ETA: 0s - loss: 0.8946 - accuracy: 0.6855
413/422 [============================>.] - ETA: 0s - loss: 0.8944 - accuracy: 0.6858
422/422 [==============================] - ETA: 0s - loss: 0.8943 - accuracy: 0.6855
422/422 [==============================] - 3s 8ms/step - loss: 0.8943 - accuracy: 0.6855 - val_loss: 1.0433 - val_accuracy: 0.6438
Epoch 13/72

  1/422 [..............................] - ETA: 6s - loss: 0.7148 - accuracy: 0.7143
 10/422 [..............................] - ETA: 2s - loss: 0.8436 - accuracy: 0.6986
 19/422 [>.............................] - ETA: 2s - loss: 0.8504 - accuracy: 0.7028
 29/422 [=>............................] - ETA: 2s - loss: 0.8435 - accuracy: 0.7029
 39/422 [=>............................] - ETA: 2s - loss: 0.8479 - accuracy: 0.7012
 48/422 [==>...........................] - ETA: 2s - loss: 0.8475 - accuracy: 0.6999
 57/422 [===>..........................] - ETA: 2s - loss: 0.8361 - accuracy: 0.7045
 67/422 [===>..........................] - ETA: 2s - loss: 0.8413 - accuracy: 0.7030
 77/422 [====>.........................] - ETA: 2s - loss: 0.8402 - accuracy: 0.7033
 86/422 [=====>........................] - ETA: 2s - loss: 0.8445 - accuracy: 0.7028
 95/422 [=====>........................] - ETA: 2s - loss: 0.8461 - accuracy: 0.7019
104/422 [======>.......................] - ETA: 2s - loss: 0.8509 - accuracy: 0.7007
114/422 [=======>......................] - ETA: 2s - loss: 0.8525 - accuracy: 0.7003
123/422 [=======>......................] - ETA: 1s - loss: 0.8543 - accuracy: 0.6996
133/422 [========>.....................] - ETA: 1s - loss: 0.8538 - accuracy: 0.6999
142/422 [=========>....................] - ETA: 1s - loss: 0.8542 - accuracy: 0.7006
151/422 [=========>....................] - ETA: 1s - loss: 0.8565 - accuracy: 0.6992
161/422 [==========>...................] - ETA: 1s - loss: 0.8541 - accuracy: 0.6998
170/422 [===========>..................] - ETA: 1s - loss: 0.8560 - accuracy: 0.6996
179/422 [===========>..................] - ETA: 1s - loss: 0.8557 - accuracy: 0.6986
189/422 [============>.................] - ETA: 1s - loss: 0.8563 - accuracy: 0.6983
199/422 [=============>................] - ETA: 1s - loss: 0.8587 - accuracy: 0.6971
208/422 [=============>................] - ETA: 1s - loss: 0.8617 - accuracy: 0.6963
217/422 [==============>...............] - ETA: 1s - loss: 0.8618 - accuracy: 0.6961
226/422 [===============>..............] - ETA: 1s - loss: 0.8621 - accuracy: 0.6952
236/422 [===============>..............] - ETA: 1s - loss: 0.8615 - accuracy: 0.6956
245/422 [================>.............] - ETA: 1s - loss: 0.8614 - accuracy: 0.6957
254/422 [=================>............] - ETA: 1s - loss: 0.8602 - accuracy: 0.6962
263/422 [=================>............] - ETA: 1s - loss: 0.8602 - accuracy: 0.6964
273/422 [==================>...........] - ETA: 0s - loss: 0.8610 - accuracy: 0.6964
282/422 [===================>..........] - ETA: 0s - loss: 0.8627 - accuracy: 0.6956
291/422 [===================>..........] - ETA: 0s - loss: 0.8618 - accuracy: 0.6958
301/422 [====================>.........] - ETA: 0s - loss: 0.8618 - accuracy: 0.6957
311/422 [=====================>........] - ETA: 0s - loss: 0.8626 - accuracy: 0.6954
320/422 [=====================>........] - ETA: 0s - loss: 0.8639 - accuracy: 0.6950
330/422 [======================>.......] - ETA: 0s - loss: 0.8628 - accuracy: 0.6954
339/422 [=======================>......] - ETA: 0s - loss: 0.8638 - accuracy: 0.6951
349/422 [=======================>......] - ETA: 0s - loss: 0.8642 - accuracy: 0.6947
358/422 [========================>.....] - ETA: 0s - loss: 0.8655 - accuracy: 0.6944
367/422 [=========================>....] - ETA: 0s - loss: 0.8672 - accuracy: 0.6940
377/422 [=========================>....] - ETA: 0s - loss: 0.8676 - accuracy: 0.6935
386/422 [==========================>...] - ETA: 0s - loss: 0.8675 - accuracy: 0.6935
395/422 [===========================>..] - ETA: 0s - loss: 0.8669 - accuracy: 0.6936
405/422 [===========================>..] - ETA: 0s - loss: 0.8691 - accuracy: 0.6931
415/422 [============================>.] - ETA: 0s - loss: 0.8712 - accuracy: 0.6923
422/422 [==============================] - 3s 8ms/step - loss: 0.8717 - accuracy: 0.6921 - val_loss: 1.0764 - val_accuracy: 0.6342
Epoch 14/72

  1/422 [..............................] - ETA: 13s - loss: 0.8847 - accuracy: 0.6797
 11/422 [..............................] - ETA: 2s - loss: 0.9003 - accuracy: 0.6889 
 21/422 [>.............................] - ETA: 2s - loss: 0.8641 - accuracy: 0.7009
 30/422 [=>............................] - ETA: 2s - loss: 0.8503 - accuracy: 0.6992
 39/422 [=>............................] - ETA: 2s - loss: 0.8415 - accuracy: 0.7043
 48/422 [==>...........................] - ETA: 2s - loss: 0.8323 - accuracy: 0.7082
 57/422 [===>..........................] - ETA: 2s - loss: 0.8297 - accuracy: 0.7081
 67/422 [===>..........................] - ETA: 2s - loss: 0.8325 - accuracy: 0.7079
 77/422 [====>.........................] - ETA: 2s - loss: 0.8298 - accuracy: 0.7073
 86/422 [=====>........................] - ETA: 2s - loss: 0.8333 - accuracy: 0.7064
 96/422 [=====>........................] - ETA: 2s - loss: 0.8351 - accuracy: 0.7075
105/422 [======>.......................] - ETA: 2s - loss: 0.8344 - accuracy: 0.7094
115/422 [=======>......................] - ETA: 2s - loss: 0.8346 - accuracy: 0.7094
124/422 [=======>......................] - ETA: 1s - loss: 0.8348 - accuracy: 0.7091
133/422 [========>.....................] - ETA: 1s - loss: 0.8319 - accuracy: 0.7100
142/422 [=========>....................] - ETA: 1s - loss: 0.8301 - accuracy: 0.7102
152/422 [=========>....................] - ETA: 1s - loss: 0.8304 - accuracy: 0.7106
161/422 [==========>...................] - ETA: 1s - loss: 0.8299 - accuracy: 0.7111
170/422 [===========>..................] - ETA: 1s - loss: 0.8333 - accuracy: 0.7102
179/422 [===========>..................] - ETA: 1s - loss: 0.8348 - accuracy: 0.7098
188/422 [============>.................] - ETA: 1s - loss: 0.8323 - accuracy: 0.7109
195/422 [============>.................] - ETA: 1s - loss: 0.8314 - accuracy: 0.7118
204/422 [=============>................] - ETA: 1s - loss: 0.8328 - accuracy: 0.7106
213/422 [==============>...............] - ETA: 1s - loss: 0.8314 - accuracy: 0.7108
222/422 [==============>...............] - ETA: 1s - loss: 0.8325 - accuracy: 0.7100
232/422 [===============>..............] - ETA: 1s - loss: 0.8331 - accuracy: 0.7098
242/422 [================>.............] - ETA: 1s - loss: 0.8347 - accuracy: 0.7091
251/422 [================>.............] - ETA: 1s - loss: 0.8353 - accuracy: 0.7087
262/422 [=================>............] - ETA: 1s - loss: 0.8356 - accuracy: 0.7082
271/422 [==================>...........] - ETA: 1s - loss: 0.8370 - accuracy: 0.7074
281/422 [==================>...........] - ETA: 0s - loss: 0.8382 - accuracy: 0.7071
290/422 [===================>..........] - ETA: 0s - loss: 0.8400 - accuracy: 0.7056
300/422 [====================>.........] - ETA: 0s - loss: 0.8399 - accuracy: 0.7059
309/422 [====================>.........] - ETA: 0s - loss: 0.8403 - accuracy: 0.7058
318/422 [=====================>........] - ETA: 0s - loss: 0.8414 - accuracy: 0.7054
327/422 [======================>.......] - ETA: 0s - loss: 0.8406 - accuracy: 0.7060
336/422 [======================>.......] - ETA: 0s - loss: 0.8405 - accuracy: 0.7059
346/422 [=======================>......] - ETA: 0s - loss: 0.8407 - accuracy: 0.7054
355/422 [========================>.....] - ETA: 0s - loss: 0.8418 - accuracy: 0.7050
365/422 [========================>.....] - ETA: 0s - loss: 0.8424 - accuracy: 0.7047
374/422 [=========================>....] - ETA: 0s - loss: 0.8431 - accuracy: 0.7044
383/422 [==========================>...] - ETA: 0s - loss: 0.8458 - accuracy: 0.7035
393/422 [==========================>...] - ETA: 0s - loss: 0.8462 - accuracy: 0.7035
402/422 [===========================>..] - ETA: 0s - loss: 0.8476 - accuracy: 0.7030
411/422 [============================>.] - ETA: 0s - loss: 0.8474 - accuracy: 0.7030
421/422 [============================>.] - ETA: 0s - loss: 0.8481 - accuracy: 0.7026
422/422 [==============================] - 3s 8ms/step - loss: 0.8484 - accuracy: 0.7024 - val_loss: 1.0497 - val_accuracy: 0.6433
Epoch 15/72

  1/422 [..............................] - ETA: 6s - loss: 0.6492 - accuracy: 0.7734
 10/422 [..............................] - ETA: 2s - loss: 0.8300 - accuracy: 0.7086
 20/422 [>.............................] - ETA: 2s - loss: 0.8046 - accuracy: 0.7172
 29/422 [=>............................] - ETA: 2s - loss: 0.8064 - accuracy: 0.7161
 38/422 [=>............................] - ETA: 2s - loss: 0.8130 - accuracy: 0.7148
 47/422 [==>...........................] - ETA: 2s - loss: 0.8152 - accuracy: 0.7146
 56/422 [==>...........................] - ETA: 2s - loss: 0.8148 - accuracy: 0.7157
 65/422 [===>..........................] - ETA: 2s - loss: 0.8192 - accuracy: 0.7125
 75/422 [====>.........................] - ETA: 2s - loss: 0.8100 - accuracy: 0.7155
 84/422 [====>.........................] - ETA: 2s - loss: 0.8100 - accuracy: 0.7154
 94/422 [=====>........................] - ETA: 2s - loss: 0.8057 - accuracy: 0.7175
103/422 [======>.......................] - ETA: 2s - loss: 0.8073 - accuracy: 0.7163
112/422 [======>.......................] - ETA: 2s - loss: 0.8083 - accuracy: 0.7158
121/422 [=======>......................] - ETA: 2s - loss: 0.8091 - accuracy: 0.7148
129/422 [========>.....................] - ETA: 1s - loss: 0.8066 - accuracy: 0.7154
137/422 [========>.....................] - ETA: 1s - loss: 0.8077 - accuracy: 0.7160
147/422 [=========>....................] - ETA: 1s - loss: 0.8093 - accuracy: 0.7150
156/422 [==========>...................] - ETA: 1s - loss: 0.8093 - accuracy: 0.7146
166/422 [==========>...................] - ETA: 1s - loss: 0.8100 - accuracy: 0.7139
175/422 [===========>..................] - ETA: 1s - loss: 0.8126 - accuracy: 0.7133
186/422 [============>.................] - ETA: 1s - loss: 0.8146 - accuracy: 0.7128
196/422 [============>.................] - ETA: 1s - loss: 0.8155 - accuracy: 0.7124
203/422 [=============>................] - ETA: 1s - loss: 0.8146 - accuracy: 0.7131
211/422 [==============>...............] - ETA: 1s - loss: 0.8148 - accuracy: 0.7128
220/422 [==============>...............] - ETA: 1s - loss: 0.8171 - accuracy: 0.7120
229/422 [===============>..............] - ETA: 1s - loss: 0.8165 - accuracy: 0.7120
238/422 [===============>..............] - ETA: 1s - loss: 0.8161 - accuracy: 0.7126
248/422 [================>.............] - ETA: 1s - loss: 0.8174 - accuracy: 0.7123
258/422 [=================>............] - ETA: 1s - loss: 0.8182 - accuracy: 0.7119
266/422 [=================>............] - ETA: 1s - loss: 0.8185 - accuracy: 0.7119
276/422 [==================>...........] - ETA: 0s - loss: 0.8204 - accuracy: 0.7112
285/422 [===================>..........] - ETA: 0s - loss: 0.8209 - accuracy: 0.7106
293/422 [===================>..........] - ETA: 0s - loss: 0.8217 - accuracy: 0.7106
303/422 [====================>.........] - ETA: 0s - loss: 0.8225 - accuracy: 0.7104
313/422 [=====================>........] - ETA: 0s - loss: 0.8220 - accuracy: 0.7108
325/422 [======================>.......] - ETA: 0s - loss: 0.8221 - accuracy: 0.7107
337/422 [======================>.......] - ETA: 0s - loss: 0.8227 - accuracy: 0.7104
348/422 [=======================>......] - ETA: 0s - loss: 0.8240 - accuracy: 0.7099
360/422 [========================>.....] - ETA: 0s - loss: 0.8241 - accuracy: 0.7099
372/422 [=========================>....] - ETA: 0s - loss: 0.8239 - accuracy: 0.7096
385/422 [==========================>...] - ETA: 0s - loss: 0.8253 - accuracy: 0.7091
397/422 [===========================>..] - ETA: 0s - loss: 0.8252 - accuracy: 0.7093
409/422 [============================>.] - ETA: 0s - loss: 0.8257 - accuracy: 0.7095
422/422 [==============================] - ETA: 0s - loss: 0.8253 - accuracy: 0.7098
422/422 [==============================] - 3s 7ms/step - loss: 0.8253 - accuracy: 0.7098 - val_loss: 1.0364 - val_accuracy: 0.6478
Epoch 16/72

  1/422 [..............................] - ETA: 6s - loss: 0.7804 - accuracy: 0.7188
 10/422 [..............................] - ETA: 2s - loss: 0.7155 - accuracy: 0.7578
 20/422 [>.............................] - ETA: 2s - loss: 0.7432 - accuracy: 0.7422
 28/422 [>.............................] - ETA: 2s - loss: 0.7669 - accuracy: 0.7316
 37/422 [=>............................] - ETA: 2s - loss: 0.7679 - accuracy: 0.7283
 46/422 [==>...........................] - ETA: 2s - loss: 0.7718 - accuracy: 0.7269
 56/422 [==>...........................] - ETA: 2s - loss: 0.7735 - accuracy: 0.7247
 66/422 [===>..........................] - ETA: 2s - loss: 0.7706 - accuracy: 0.7283
 75/422 [====>.........................] - ETA: 2s - loss: 0.7773 - accuracy: 0.7258
 84/422 [====>.........................] - ETA: 2s - loss: 0.7758 - accuracy: 0.7280
 94/422 [=====>........................] - ETA: 2s - loss: 0.7808 - accuracy: 0.7261
104/422 [======>.......................] - ETA: 2s - loss: 0.7763 - accuracy: 0.7272
113/422 [=======>......................] - ETA: 2s - loss: 0.7791 - accuracy: 0.7257
122/422 [=======>......................] - ETA: 1s - loss: 0.7784 - accuracy: 0.7256
132/422 [========>.....................] - ETA: 1s - loss: 0.7820 - accuracy: 0.7246
142/422 [=========>....................] - ETA: 1s - loss: 0.7862 - accuracy: 0.7229
151/422 [=========>....................] - ETA: 1s - loss: 0.7883 - accuracy: 0.7226
160/422 [==========>...................] - ETA: 1s - loss: 0.7931 - accuracy: 0.7212
170/422 [===========>..................] - ETA: 1s - loss: 0.7953 - accuracy: 0.7206
179/422 [===========>..................] - ETA: 1s - loss: 0.7999 - accuracy: 0.7191
188/422 [============>.................] - ETA: 1s - loss: 0.7985 - accuracy: 0.7192
198/422 [=============>................] - ETA: 1s - loss: 0.7976 - accuracy: 0.7197
207/422 [=============>................] - ETA: 1s - loss: 0.7986 - accuracy: 0.7188
217/422 [==============>...............] - ETA: 1s - loss: 0.8008 - accuracy: 0.7183
226/422 [===============>..............] - ETA: 1s - loss: 0.8017 - accuracy: 0.7185
234/422 [===============>..............] - ETA: 1s - loss: 0.8026 - accuracy: 0.7182
243/422 [================>.............] - ETA: 1s - loss: 0.8026 - accuracy: 0.7182
252/422 [================>.............] - ETA: 1s - loss: 0.8033 - accuracy: 0.7178
262/422 [=================>............] - ETA: 1s - loss: 0.8042 - accuracy: 0.7172
271/422 [==================>...........] - ETA: 0s - loss: 0.8050 - accuracy: 0.7172
281/422 [==================>...........] - ETA: 0s - loss: 0.8041 - accuracy: 0.7177
290/422 [===================>..........] - ETA: 0s - loss: 0.8043 - accuracy: 0.7173
299/422 [====================>.........] - ETA: 0s - loss: 0.8038 - accuracy: 0.7177
309/422 [====================>.........] - ETA: 0s - loss: 0.8043 - accuracy: 0.7172
318/422 [=====================>........] - ETA: 0s - loss: 0.8059 - accuracy: 0.7166
327/422 [======================>.......] - ETA: 0s - loss: 0.8053 - accuracy: 0.7167
337/422 [======================>.......] - ETA: 0s - loss: 0.8055 - accuracy: 0.7162
347/422 [=======================>......] - ETA: 0s - loss: 0.8068 - accuracy: 0.7160
357/422 [========================>.....] - ETA: 0s - loss: 0.8072 - accuracy: 0.7160
366/422 [=========================>....] - ETA: 0s - loss: 0.8075 - accuracy: 0.7158
376/422 [=========================>....] - ETA: 0s - loss: 0.8082 - accuracy: 0.7153
386/422 [==========================>...] - ETA: 0s - loss: 0.8087 - accuracy: 0.7154
395/422 [===========================>..] - ETA: 0s - loss: 0.8102 - accuracy: 0.7148
405/422 [===========================>..] - ETA: 0s - loss: 0.8121 - accuracy: 0.7141
415/422 [============================>.] - ETA: 0s - loss: 0.8121 - accuracy: 0.7143
422/422 [==============================] - 3s 8ms/step - loss: 0.8123 - accuracy: 0.7143 - val_loss: 1.0569 - val_accuracy: 0.6425
Epoch 17/72

  1/422 [..............................] - ETA: 6s - loss: 0.8787 - accuracy: 0.6797
 11/422 [..............................] - ETA: 2s - loss: 0.7934 - accuracy: 0.7152
 20/422 [>.............................] - ETA: 2s - loss: 0.7730 - accuracy: 0.7238
 29/422 [=>............................] - ETA: 2s - loss: 0.7650 - accuracy: 0.7328
 38/422 [=>............................] - ETA: 2s - loss: 0.7678 - accuracy: 0.7296
 47/422 [==>...........................] - ETA: 2s - loss: 0.7603 - accuracy: 0.7337
 56/422 [==>...........................] - ETA: 2s - loss: 0.7533 - accuracy: 0.7359
 65/422 [===>..........................] - ETA: 2s - loss: 0.7569 - accuracy: 0.7329
 75/422 [====>.........................] - ETA: 2s - loss: 0.7579 - accuracy: 0.7349
 85/422 [=====>........................] - ETA: 2s - loss: 0.7550 - accuracy: 0.7337
 95/422 [=====>........................] - ETA: 2s - loss: 0.7560 - accuracy: 0.7327
104/422 [======>.......................] - ETA: 2s - loss: 0.7600 - accuracy: 0.7317
113/422 [=======>......................] - ETA: 2s - loss: 0.7605 - accuracy: 0.7314
123/422 [=======>......................] - ETA: 1s - loss: 0.7627 - accuracy: 0.7309
133/422 [========>.....................] - ETA: 1s - loss: 0.7614 - accuracy: 0.7302
142/422 [=========>....................] - ETA: 1s - loss: 0.7625 - accuracy: 0.7299
151/422 [=========>....................] - ETA: 1s - loss: 0.7675 - accuracy: 0.7276
161/422 [==========>...................] - ETA: 1s - loss: 0.7672 - accuracy: 0.7274
170/422 [===========>..................] - ETA: 1s - loss: 0.7692 - accuracy: 0.7267
180/422 [===========>..................] - ETA: 1s - loss: 0.7716 - accuracy: 0.7262
190/422 [============>.................] - ETA: 1s - loss: 0.7715 - accuracy: 0.7264
200/422 [=============>................] - ETA: 1s - loss: 0.7742 - accuracy: 0.7257
209/422 [=============>................] - ETA: 1s - loss: 0.7746 - accuracy: 0.7254
218/422 [==============>...............] - ETA: 1s - loss: 0.7738 - accuracy: 0.7256
226/422 [===============>..............] - ETA: 1s - loss: 0.7741 - accuracy: 0.7260
235/422 [===============>..............] - ETA: 1s - loss: 0.7742 - accuracy: 0.7261
245/422 [================>.............] - ETA: 1s - loss: 0.7753 - accuracy: 0.7260
254/422 [=================>............] - ETA: 1s - loss: 0.7778 - accuracy: 0.7253
264/422 [=================>............] - ETA: 1s - loss: 0.7787 - accuracy: 0.7249
272/422 [==================>...........] - ETA: 0s - loss: 0.7784 - accuracy: 0.7251
281/422 [==================>...........] - ETA: 0s - loss: 0.7790 - accuracy: 0.7244
291/422 [===================>..........] - ETA: 0s - loss: 0.7794 - accuracy: 0.7244
299/422 [====================>.........] - ETA: 0s - loss: 0.7811 - accuracy: 0.7233
308/422 [====================>.........] - ETA: 0s - loss: 0.7823 - accuracy: 0.7232
317/422 [=====================>........] - ETA: 0s - loss: 0.7832 - accuracy: 0.7228
327/422 [======================>.......] - ETA: 0s - loss: 0.7847 - accuracy: 0.7224
336/422 [======================>.......] - ETA: 0s - loss: 0.7864 - accuracy: 0.7219
346/422 [=======================>......] - ETA: 0s - loss: 0.7872 - accuracy: 0.7220
355/422 [========================>.....] - ETA: 0s - loss: 0.7880 - accuracy: 0.7217
365/422 [========================>.....] - ETA: 0s - loss: 0.7874 - accuracy: 0.7222
374/422 [=========================>....] - ETA: 0s - loss: 0.7883 - accuracy: 0.7218
384/422 [==========================>...] - ETA: 0s - loss: 0.7892 - accuracy: 0.7214
393/422 [==========================>...] - ETA: 0s - loss: 0.7888 - accuracy: 0.7215
403/422 [===========================>..] - ETA: 0s - loss: 0.7900 - accuracy: 0.7210
413/422 [============================>.] - ETA: 0s - loss: 0.7914 - accuracy: 0.7205
422/422 [==============================] - ETA: 0s - loss: 0.7922 - accuracy: 0.7206
422/422 [==============================] - 3s 8ms/step - loss: 0.7922 - accuracy: 0.7206 - val_loss: 1.0381 - val_accuracy: 0.6442
Epoch 18/72

  1/422 [..............................] - ETA: 6s - loss: 0.5387 - accuracy: 0.7891
  9/422 [..............................] - ETA: 3s - loss: 0.7569 - accuracy: 0.7240
 19/422 [>.............................] - ETA: 2s - loss: 0.7585 - accuracy: 0.7237
 29/422 [=>............................] - ETA: 2s - loss: 0.7355 - accuracy: 0.7349
 37/422 [=>............................] - ETA: 2s - loss: 0.7386 - accuracy: 0.7346
 46/422 [==>...........................] - ETA: 2s - loss: 0.7322 - accuracy: 0.7391
 55/422 [==>...........................] - ETA: 2s - loss: 0.7301 - accuracy: 0.7401
 64/422 [===>..........................] - ETA: 2s - loss: 0.7363 - accuracy: 0.7391
 74/422 [====>.........................] - ETA: 2s - loss: 0.7367 - accuracy: 0.7407
 84/422 [====>.........................] - ETA: 2s - loss: 0.7317 - accuracy: 0.7417
 94/422 [=====>........................] - ETA: 2s - loss: 0.7321 - accuracy: 0.7409
103/422 [======>.......................] - ETA: 2s - loss: 0.7383 - accuracy: 0.7381
113/422 [=======>......................] - ETA: 2s - loss: 0.7399 - accuracy: 0.7381
123/422 [=======>......................] - ETA: 1s - loss: 0.7402 - accuracy: 0.7388
132/422 [========>.....................] - ETA: 1s - loss: 0.7442 - accuracy: 0.7368
141/422 [=========>....................] - ETA: 1s - loss: 0.7479 - accuracy: 0.7366
151/422 [=========>....................] - ETA: 1s - loss: 0.7493 - accuracy: 0.7362
161/422 [==========>...................] - ETA: 1s - loss: 0.7516 - accuracy: 0.7356
170/422 [===========>..................] - ETA: 1s - loss: 0.7554 - accuracy: 0.7347
179/422 [===========>..................] - ETA: 1s - loss: 0.7550 - accuracy: 0.7346
189/422 [============>.................] - ETA: 1s - loss: 0.7553 - accuracy: 0.7339
199/422 [=============>................] - ETA: 1s - loss: 0.7558 - accuracy: 0.7340
208/422 [=============>................] - ETA: 1s - loss: 0.7562 - accuracy: 0.7338
217/422 [==============>...............] - ETA: 1s - loss: 0.7597 - accuracy: 0.7323
227/422 [===============>..............] - ETA: 1s - loss: 0.7623 - accuracy: 0.7308
235/422 [===============>..............] - ETA: 1s - loss: 0.7603 - accuracy: 0.7319
243/422 [================>.............] - ETA: 1s - loss: 0.7628 - accuracy: 0.7314
252/422 [================>.............] - ETA: 1s - loss: 0.7627 - accuracy: 0.7312
261/422 [=================>............] - ETA: 1s - loss: 0.7639 - accuracy: 0.7309
271/422 [==================>...........] - ETA: 1s - loss: 0.7652 - accuracy: 0.7305
281/422 [==================>...........] - ETA: 0s - loss: 0.7658 - accuracy: 0.7305
290/422 [===================>..........] - ETA: 0s - loss: 0.7681 - accuracy: 0.7300
300/422 [====================>.........] - ETA: 0s - loss: 0.7685 - accuracy: 0.7298
309/422 [====================>.........] - ETA: 0s - loss: 0.7687 - accuracy: 0.7296
319/422 [=====================>........] - ETA: 0s - loss: 0.7689 - accuracy: 0.7296
328/422 [======================>.......] - ETA: 0s - loss: 0.7699 - accuracy: 0.7294
338/422 [=======================>......] - ETA: 0s - loss: 0.7692 - accuracy: 0.7294
347/422 [=======================>......] - ETA: 0s - loss: 0.7688 - accuracy: 0.7293
357/422 [========================>.....] - ETA: 0s - loss: 0.7682 - accuracy: 0.7294
366/422 [=========================>....] - ETA: 0s - loss: 0.7704 - accuracy: 0.7287
375/422 [=========================>....] - ETA: 0s - loss: 0.7713 - accuracy: 0.7286
385/422 [==========================>...] - ETA: 0s - loss: 0.7731 - accuracy: 0.7279
394/422 [===========================>..] - ETA: 0s - loss: 0.7741 - accuracy: 0.7276
403/422 [===========================>..] - ETA: 0s - loss: 0.7753 - accuracy: 0.7270
413/422 [============================>.] - ETA: 0s - loss: 0.7761 - accuracy: 0.7267
422/422 [==============================] - 3s 8ms/step - loss: 0.7773 - accuracy: 0.7265 - val_loss: 1.0390 - val_accuracy: 0.6513
Epoch 19/72

  1/422 [..............................] - ETA: 6s - loss: 0.7520 - accuracy: 0.6953
 10/422 [..............................] - ETA: 2s - loss: 0.7881 - accuracy: 0.7133
 20/422 [>.............................] - ETA: 2s - loss: 0.7620 - accuracy: 0.7207
 29/422 [=>............................] - ETA: 2s - loss: 0.7533 - accuracy: 0.7276
 38/422 [=>............................] - ETA: 2s - loss: 0.7383 - accuracy: 0.7336
 48/422 [==>...........................] - ETA: 2s - loss: 0.7282 - accuracy: 0.7402
 58/422 [===>..........................] - ETA: 2s - loss: 0.7229 - accuracy: 0.7435
 67/422 [===>..........................] - ETA: 2s - loss: 0.7211 - accuracy: 0.7445
 76/422 [====>.........................] - ETA: 2s - loss: 0.7187 - accuracy: 0.7459
 86/422 [=====>........................] - ETA: 2s - loss: 0.7207 - accuracy: 0.7439
 96/422 [=====>........................] - ETA: 2s - loss: 0.7262 - accuracy: 0.7433
105/422 [======>.......................] - ETA: 2s - loss: 0.7318 - accuracy: 0.7417
114/422 [=======>......................] - ETA: 2s - loss: 0.7368 - accuracy: 0.7401
124/422 [=======>......................] - ETA: 1s - loss: 0.7372 - accuracy: 0.7386
133/422 [========>.....................] - ETA: 1s - loss: 0.7399 - accuracy: 0.7370
142/422 [=========>....................] - ETA: 1s - loss: 0.7420 - accuracy: 0.7370
152/422 [=========>....................] - ETA: 1s - loss: 0.7454 - accuracy: 0.7348
161/422 [==========>...................] - ETA: 1s - loss: 0.7459 - accuracy: 0.7349
170/422 [===========>..................] - ETA: 1s - loss: 0.7439 - accuracy: 0.7352
180/422 [===========>..................] - ETA: 1s - loss: 0.7420 - accuracy: 0.7355
190/422 [============>.................] - ETA: 1s - loss: 0.7435 - accuracy: 0.7356
199/422 [=============>................] - ETA: 1s - loss: 0.7424 - accuracy: 0.7359
208/422 [=============>................] - ETA: 1s - loss: 0.7433 - accuracy: 0.7348
217/422 [==============>...............] - ETA: 1s - loss: 0.7430 - accuracy: 0.7345
227/422 [===============>..............] - ETA: 1s - loss: 0.7438 - accuracy: 0.7339
236/422 [===============>..............] - ETA: 1s - loss: 0.7457 - accuracy: 0.7338
243/422 [================>.............] - ETA: 1s - loss: 0.7472 - accuracy: 0.7333
253/422 [================>.............] - ETA: 1s - loss: 0.7484 - accuracy: 0.7331
262/422 [=================>............] - ETA: 1s - loss: 0.7484 - accuracy: 0.7327
272/422 [==================>...........] - ETA: 0s - loss: 0.7486 - accuracy: 0.7334
282/422 [===================>..........] - ETA: 0s - loss: 0.7478 - accuracy: 0.7337
292/422 [===================>..........] - ETA: 0s - loss: 0.7481 - accuracy: 0.7338
301/422 [====================>.........] - ETA: 0s - loss: 0.7485 - accuracy: 0.7337
310/422 [=====================>........] - ETA: 0s - loss: 0.7499 - accuracy: 0.7332
319/422 [=====================>........] - ETA: 0s - loss: 0.7489 - accuracy: 0.7336
329/422 [======================>.......] - ETA: 0s - loss: 0.7487 - accuracy: 0.7335
338/422 [=======================>......] - ETA: 0s - loss: 0.7494 - accuracy: 0.7334
347/422 [=======================>......] - ETA: 0s - loss: 0.7502 - accuracy: 0.7332
357/422 [========================>.....] - ETA: 0s - loss: 0.7521 - accuracy: 0.7329
367/422 [=========================>....] - ETA: 0s - loss: 0.7520 - accuracy: 0.7328
376/422 [=========================>....] - ETA: 0s - loss: 0.7531 - accuracy: 0.7324
386/422 [==========================>...] - ETA: 0s - loss: 0.7542 - accuracy: 0.7318
395/422 [===========================>..] - ETA: 0s - loss: 0.7555 - accuracy: 0.7311
405/422 [===========================>..] - ETA: 0s - loss: 0.7559 - accuracy: 0.7308
414/422 [============================>.] - ETA: 0s - loss: 0.7553 - accuracy: 0.7308
422/422 [==============================] - 3s 8ms/step - loss: 0.7559 - accuracy: 0.7310 - val_loss: 1.0438 - val_accuracy: 0.6513
Epoch 20/72

  1/422 [..............................] - ETA: 6s - loss: 0.7735 - accuracy: 0.7266
  9/422 [..............................] - ETA: 3s - loss: 0.7095 - accuracy: 0.7370
 18/422 [>.............................] - ETA: 2s - loss: 0.6922 - accuracy: 0.7422
 27/422 [>.............................] - ETA: 2s - loss: 0.6940 - accuracy: 0.7465
 36/422 [=>............................] - ETA: 2s - loss: 0.6966 - accuracy: 0.7485
 46/422 [==>...........................] - ETA: 2s - loss: 0.7000 - accuracy: 0.7495
 55/422 [==>...........................] - ETA: 2s - loss: 0.7040 - accuracy: 0.7474
 65/422 [===>..........................] - ETA: 2s - loss: 0.7069 - accuracy: 0.7486
 75/422 [====>.........................] - ETA: 2s - loss: 0.7079 - accuracy: 0.7490
 85/422 [=====>........................] - ETA: 2s - loss: 0.7141 - accuracy: 0.7472
 94/422 [=====>........................] - ETA: 2s - loss: 0.7147 - accuracy: 0.7477
103/422 [======>.......................] - ETA: 2s - loss: 0.7181 - accuracy: 0.7462
113/422 [=======>......................] - ETA: 2s - loss: 0.7148 - accuracy: 0.7472
122/422 [=======>......................] - ETA: 2s - loss: 0.7126 - accuracy: 0.7471
132/422 [========>.....................] - ETA: 1s - loss: 0.7147 - accuracy: 0.7456
141/422 [=========>....................] - ETA: 1s - loss: 0.7167 - accuracy: 0.7453
151/422 [=========>....................] - ETA: 1s - loss: 0.7155 - accuracy: 0.7461
160/422 [==========>...................] - ETA: 1s - loss: 0.7154 - accuracy: 0.7459
170/422 [===========>..................] - ETA: 1s - loss: 0.7164 - accuracy: 0.7455
179/422 [===========>..................] - ETA: 1s - loss: 0.7175 - accuracy: 0.7451
188/422 [============>.................] - ETA: 1s - loss: 0.7186 - accuracy: 0.7452
198/422 [=============>................] - ETA: 1s - loss: 0.7183 - accuracy: 0.7450
207/422 [=============>................] - ETA: 1s - loss: 0.7189 - accuracy: 0.7445
216/422 [==============>...............] - ETA: 1s - loss: 0.7211 - accuracy: 0.7441
226/422 [===============>..............] - ETA: 1s - loss: 0.7225 - accuracy: 0.7440
240/422 [================>.............] - ETA: 1s - loss: 0.7229 - accuracy: 0.7442
252/422 [================>.............] - ETA: 1s - loss: 0.7260 - accuracy: 0.7432
262/422 [=================>............] - ETA: 1s - loss: 0.7281 - accuracy: 0.7429
273/422 [==================>...........] - ETA: 0s - loss: 0.7302 - accuracy: 0.7423
286/422 [===================>..........] - ETA: 0s - loss: 0.7304 - accuracy: 0.7424
297/422 [====================>.........] - ETA: 0s - loss: 0.7313 - accuracy: 0.7421
309/422 [====================>.........] - ETA: 0s - loss: 0.7327 - accuracy: 0.7420
321/422 [=====================>........] - ETA: 0s - loss: 0.7337 - accuracy: 0.7414
333/422 [======================>.......] - ETA: 0s - loss: 0.7330 - accuracy: 0.7414
345/422 [=======================>......] - ETA: 0s - loss: 0.7344 - accuracy: 0.7412
357/422 [========================>.....] - ETA: 0s - loss: 0.7345 - accuracy: 0.7411
369/422 [=========================>....] - ETA: 0s - loss: 0.7356 - accuracy: 0.7407
379/422 [=========================>....] - ETA: 0s - loss: 0.7362 - accuracy: 0.7405
389/422 [==========================>...] - ETA: 0s - loss: 0.7378 - accuracy: 0.7401
398/422 [===========================>..] - ETA: 0s - loss: 0.7391 - accuracy: 0.7393
407/422 [===========================>..] - ETA: 0s - loss: 0.7402 - accuracy: 0.7388
417/422 [============================>.] - ETA: 0s - loss: 0.7404 - accuracy: 0.7388
422/422 [==============================] - 3s 7ms/step - loss: 0.7410 - accuracy: 0.7385 - val_loss: 1.0494 - val_accuracy: 0.6503
Epoch 20: early stopping

  1/188 [..............................] - ETA: 2s - loss: 0.7713 - accuracy: 0.7500
 20/188 [==>...........................] - ETA: 0s - loss: 1.0232 - accuracy: 0.6594
 39/188 [=====>........................] - ETA: 0s - loss: 1.0297 - accuracy: 0.6506
 58/188 [========>.....................] - ETA: 0s - loss: 1.0337 - accuracy: 0.6530
 78/188 [===========>..................] - ETA: 0s - loss: 1.0323 - accuracy: 0.6526
 98/188 [==============>...............] - ETA: 0s - loss: 1.0351 - accuracy: 0.6502
118/188 [=================>............] - ETA: 0s - loss: 1.0374 - accuracy: 0.6486
138/188 [=====================>........] - ETA: 0s - loss: 1.0403 - accuracy: 0.6492
157/188 [========================>.....] - ETA: 0s - loss: 1.0521 - accuracy: 0.6491
177/188 [===========================>..] - ETA: 0s - loss: 1.0567 - accuracy: 0.6483
188/188 [==============================] - 1s 3ms/step - loss: 1.0494 - accuracy: 0.6503
