2024-08-23 18:54:49.097992: I tensorflow/core/platform/cpu_feature_guard.cc:193] This TensorFlow binary is optimized with oneAPI Deep Neural Network Library (oneDNN) to use the following CPU instructions in performance-critical operations:  AVX AVX2
To enable them in other operations, rebuild TensorFlow with the appropriate compiler flags.
2024-08-23 18:54:49.730185: I tensorflow/core/common_runtime/gpu/gpu_device.cc:1616] Created device /job:localhost/replica:0/task:0/device:GPU:0 with 13575 MB memory:  -> device: 0, name: NVIDIA GeForce RTX 4060 Ti, pci bus id: 0000:01:00.0, compute capability: 8.9
1 Physical GPUs, 1 Logical GPUs
Fold:  0
Model: "sequential"
_________________________________________________________________
 Layer (type)                Output Shape              Param #   
=================================================================
 conv2d (Conv2D)             (None, 32, 32, 32)        896       
                                                                 
 max_pooling2d (MaxPooling2D  (None, 16, 16, 32)       0         
 )                                                               
                                                                 
 dropout (Dropout)           (None, 16, 16, 32)        0         
                                                                 
 flatten (Flatten)           (None, 8192)              0         
                                                                 
 dense (Dense)               (None, 108)               884844    
                                                                 
 dropout_1 (Dropout)         (None, 108)               0         
                                                                 
 dense_1 (Dense)             (None, 10)                1090      
                                                                 
=================================================================
Total params: 886,830
Trainable params: 886,830
Non-trainable params: 0
_________________________________________________________________
Taxa de aprendizado:  0.1 Num de épocas:  29 Tamanho do lote:  256 Dropout:  0.32
Epoch 1/29
2024-08-23 18:54:51.227144: I tensorflow/stream_executor/cuda/cuda_dnn.cc:384] Loaded cuDNN version 8100
2024-08-23 18:54:52.120885: W tensorflow/stream_executor/gpu/redzone_allocator.cc:314] INTERNAL: ptxas exited with non-zero error code -1, output: 
Relying on driver to perform ptx compilation. 
Modify $PATH to customize ptxas location.
This message will be only logged once.
2024-08-23 18:54:53.040397: I tensorflow/stream_executor/cuda/cuda_blas.cc:1614] TensorFloat-32 will be used for the matrix multiplication. This will only be logged once.

  1/211 [..............................] - ETA: 11:31 - loss: 2.3683 - accuracy: 0.1133
  9/211 [>.............................] - ETA: 1s - loss: 6.5127 - accuracy: 0.1037   
 17/211 [=>............................] - ETA: 1s - loss: 6.2797 - accuracy: 0.0986
 26/211 [==>...........................] - ETA: 1s - loss: 5.8248 - accuracy: 0.0986
 35/211 [===>..........................] - ETA: 1s - loss: 5.3214 - accuracy: 0.1003
 44/211 [=====>........................] - ETA: 1s - loss: 4.8979 - accuracy: 0.1002
 53/211 [======>.......................] - ETA: 1s - loss: 4.5829 - accuracy: 0.1012
 55/211 [======>.......................] - ETA: 1s - loss: 4.5240 - accuracy: 0.1011
 63/211 [=======>......................] - ETA: 1s - loss: 4.3056 - accuracy: 0.1002
 73/211 [=========>....................] - ETA: 1s - loss: 4.0914 - accuracy: 0.0996
 83/211 [==========>...................] - ETA: 0s - loss: 3.9230 - accuracy: 0.1003
 92/211 [============>.................] - ETA: 0s - loss: 3.7999 - accuracy: 0.1006
102/211 [=============>................] - ETA: 0s - loss: 3.6798 - accuracy: 0.0995
112/211 [==============>...............] - ETA: 0s - loss: 3.5796 - accuracy: 0.0994
123/211 [================>.............] - ETA: 0s - loss: 3.4848 - accuracy: 0.0997
134/211 [==================>...........] - ETA: 0s - loss: 3.4066 - accuracy: 0.0998
143/211 [===================>..........] - ETA: 0s - loss: 3.3507 - accuracy: 0.0996
152/211 [====================>.........] - ETA: 0s - loss: 3.3021 - accuracy: 0.0992
158/211 [=====================>........] - ETA: 0s - loss: 3.2711 - accuracy: 0.0997
166/211 [======================>.......] - ETA: 0s - loss: 3.2352 - accuracy: 0.1000
174/211 [=======================>......] - ETA: 0s - loss: 3.2057 - accuracy: 0.1003
183/211 [=========================>....] - ETA: 0s - loss: 3.1755 - accuracy: 0.1008
191/211 [==========================>...] - ETA: 0s - loss: 3.1519 - accuracy: 0.1012
199/211 [===========================>..] - ETA: 0s - loss: 3.1329 - accuracy: 0.1010
208/211 [============================>.] - ETA: 0s - loss: 3.1263 - accuracy: 0.1014
211/211 [==============================] - 6s 11ms/step - loss: 3.1245 - accuracy: 0.1014 - val_loss: 2.8902 - val_accuracy: 0.0972
Epoch 2/29

  1/211 [..............................] - ETA: 6s - loss: 2.7985 - accuracy: 0.1055
 10/211 [>.............................] - ETA: 1s - loss: 3.0039 - accuracy: 0.0914
 18/211 [=>............................] - ETA: 1s - loss: 2.9719 - accuracy: 0.0940
 25/211 [==>...........................] - ETA: 1s - loss: 2.8610 - accuracy: 0.0945
 33/211 [===>..........................] - ETA: 1s - loss: 2.7879 - accuracy: 0.0961
 42/211 [====>.........................] - ETA: 1s - loss: 2.7392 - accuracy: 0.0998
 50/211 [======>.......................] - ETA: 1s - loss: 2.7266 - accuracy: 0.1013
 58/211 [=======>......................] - ETA: 1s - loss: 2.7296 - accuracy: 0.1016
 70/211 [========>.....................] - ETA: 0s - loss: 2.7066 - accuracy: 0.1014
 81/211 [==========>...................] - ETA: 0s - loss: 2.6766 - accuracy: 0.1021
 92/211 [============>.................] - ETA: 0s - loss: 2.6577 - accuracy: 0.1023
103/211 [=============>................] - ETA: 0s - loss: 2.6376 - accuracy: 0.1026
115/211 [===============>..............] - ETA: 0s - loss: 2.6282 - accuracy: 0.1022
126/211 [================>.............] - ETA: 0s - loss: 2.6261 - accuracy: 0.1024
135/211 [==================>...........] - ETA: 0s - loss: 2.6252 - accuracy: 0.1019
144/211 [===================>..........] - ETA: 0s - loss: 2.6245 - accuracy: 0.1015
153/211 [====================>.........] - ETA: 0s - loss: 2.6211 - accuracy: 0.1018
162/211 [======================>.......] - ETA: 0s - loss: 2.6175 - accuracy: 0.1016
170/211 [=======================>......] - ETA: 0s - loss: 2.6186 - accuracy: 0.1014
178/211 [========================>.....] - ETA: 0s - loss: 2.6254 - accuracy: 0.1014
186/211 [=========================>....] - ETA: 0s - loss: 2.6341 - accuracy: 0.1012
193/211 [==========================>...] - ETA: 0s - loss: 2.6392 - accuracy: 0.1010
200/211 [===========================>..] - ETA: 0s - loss: 2.6430 - accuracy: 0.1012
207/211 [============================>.] - ETA: 0s - loss: 2.6545 - accuracy: 0.1010
211/211 [==============================] - 2s 9ms/step - loss: 2.6810 - accuracy: 0.1008 - val_loss: 4.3234 - val_accuracy: 0.0995
Epoch 3/29

  1/211 [..............................] - ETA: 3s - loss: 4.4741 - accuracy: 0.0898
  9/211 [>.............................] - ETA: 1s - loss: 5.4199 - accuracy: 0.1007
 18/211 [=>............................] - ETA: 1s - loss: 4.9260 - accuracy: 0.0964
 26/211 [==>...........................] - ETA: 1s - loss: 5.0339 - accuracy: 0.0968
 35/211 [===>..........................] - ETA: 1s - loss: 5.1776 - accuracy: 0.0991
 44/211 [=====>........................] - ETA: 1s - loss: 5.2127 - accuracy: 0.1018
 52/211 [======>.......................] - ETA: 1s - loss: 5.3107 - accuracy: 0.1023
 61/211 [=======>......................] - ETA: 1s - loss: 5.6538 - accuracy: 0.1023
 69/211 [========>.....................] - ETA: 1s - loss: 5.7141 - accuracy: 0.1021
 78/211 [==========>...................] - ETA: 0s - loss: 5.6578 - accuracy: 0.1024
 87/211 [===========>..................] - ETA: 0s - loss: 5.5540 - accuracy: 0.1023
 96/211 [============>.................] - ETA: 0s - loss: 5.3934 - accuracy: 0.1026
105/211 [=============>................] - ETA: 0s - loss: 5.2454 - accuracy: 0.1025
115/211 [===============>..............] - ETA: 0s - loss: 5.0561 - accuracy: 0.1022
126/211 [================>.............] - ETA: 0s - loss: 4.8434 - accuracy: 0.1033
136/211 [==================>...........] - ETA: 0s - loss: 4.6753 - accuracy: 0.1030
147/211 [===================>..........] - ETA: 0s - loss: 4.5153 - accuracy: 0.1026
158/211 [=====================>........] - ETA: 0s - loss: 4.3749 - accuracy: 0.1026
167/211 [======================>.......] - ETA: 0s - loss: 4.2721 - accuracy: 0.1027
178/211 [========================>.....] - ETA: 0s - loss: 4.1634 - accuracy: 0.1019
187/211 [=========================>....] - ETA: 0s - loss: 4.0847 - accuracy: 0.1020
195/211 [==========================>...] - ETA: 0s - loss: 4.0197 - accuracy: 0.1023
204/211 [============================>.] - ETA: 0s - loss: 3.9509 - accuracy: 0.1021
211/211 [==============================] - 2s 9ms/step - loss: 3.9014 - accuracy: 0.1018 - val_loss: 2.4509 - val_accuracy: 0.1022
Epoch 4/29

  1/211 [..............................] - ETA: 3s - loss: 2.4350 - accuracy: 0.1094
  9/211 [>.............................] - ETA: 1s - loss: 2.5142 - accuracy: 0.1115
 17/211 [=>............................] - ETA: 1s - loss: 2.4816 - accuracy: 0.1110
 26/211 [==>...........................] - ETA: 1s - loss: 2.4670 - accuracy: 0.1050
 34/211 [===>..........................] - ETA: 1s - loss: 2.4577 - accuracy: 0.1033
 43/211 [=====>........................] - ETA: 1s - loss: 2.4475 - accuracy: 0.1022
 51/211 [======>.......................] - ETA: 1s - loss: 2.4486 - accuracy: 0.1017
 60/211 [=======>......................] - ETA: 1s - loss: 2.4574 - accuracy: 0.1002
 68/211 [========>.....................] - ETA: 1s - loss: 2.4632 - accuracy: 0.0998
 75/211 [=========>....................] - ETA: 1s - loss: 2.4664 - accuracy: 0.1001
 83/211 [==========>...................] - ETA: 0s - loss: 2.4743 - accuracy: 0.1001
 91/211 [===========>..................] - ETA: 0s - loss: 2.4812 - accuracy: 0.1005
 99/211 [=============>................] - ETA: 0s - loss: 2.4845 - accuracy: 0.0995
108/211 [==============>...............] - ETA: 0s - loss: 2.4895 - accuracy: 0.0998
116/211 [===============>..............] - ETA: 0s - loss: 2.4906 - accuracy: 0.1007
125/211 [================>.............] - ETA: 0s - loss: 2.4931 - accuracy: 0.1002
133/211 [=================>............] - ETA: 0s - loss: 2.4893 - accuracy: 0.1002
141/211 [===================>..........] - ETA: 0s - loss: 2.4899 - accuracy: 0.0999
151/211 [====================>.........] - ETA: 0s - loss: 2.4883 - accuracy: 0.0999
160/211 [=====================>........] - ETA: 0s - loss: 2.4913 - accuracy: 0.0999
167/211 [======================>.......] - ETA: 0s - loss: 2.4949 - accuracy: 0.1000
177/211 [========================>.....] - ETA: 0s - loss: 2.4999 - accuracy: 0.1000
187/211 [=========================>....] - ETA: 0s - loss: 2.5043 - accuracy: 0.0995
196/211 [==========================>...] - ETA: 0s - loss: 2.5009 - accuracy: 0.0995
206/211 [============================>.] - ETA: 0s - loss: 2.5016 - accuracy: 0.0996
211/211 [==============================] - 2s 10ms/step - loss: 2.5025 - accuracy: 0.0995 - val_loss: 2.4279 - val_accuracy: 0.0918
Epoch 5/29

  1/211 [..............................] - ETA: 3s - loss: 2.4093 - accuracy: 0.1328
  9/211 [>.............................] - ETA: 1s - loss: 2.4864 - accuracy: 0.1042
 18/211 [=>............................] - ETA: 1s - loss: 2.4894 - accuracy: 0.1083
 27/211 [==>...........................] - ETA: 1s - loss: 2.4966 - accuracy: 0.1094
 36/211 [====>.........................] - ETA: 1s - loss: 2.4945 - accuracy: 0.1068
 44/211 [=====>........................] - ETA: 1s - loss: 2.4990 - accuracy: 0.1061
 52/211 [======>.......................] - ETA: 1s - loss: 2.5168 - accuracy: 0.1063
 61/211 [=======>......................] - ETA: 1s - loss: 2.5315 - accuracy: 0.1068
 69/211 [========>.....................] - ETA: 1s - loss: 2.5394 - accuracy: 0.1066
 77/211 [=========>....................] - ETA: 0s - loss: 2.5407 - accuracy: 0.1073
 86/211 [===========>..................] - ETA: 0s - loss: 2.5434 - accuracy: 0.1069
 95/211 [============>.................] - ETA: 0s - loss: 2.5436 - accuracy: 0.1062
103/211 [=============>................] - ETA: 0s - loss: 2.5415 - accuracy: 0.1061
110/211 [==============>...............] - ETA: 0s - loss: 2.5431 - accuracy: 0.1053
118/211 [===============>..............] - ETA: 0s - loss: 2.5434 - accuracy: 0.1058
127/211 [=================>............] - ETA: 0s - loss: 2.5543 - accuracy: 0.1049
134/211 [==================>...........] - ETA: 0s - loss: 2.5587 - accuracy: 0.1050
142/211 [===================>..........] - ETA: 0s - loss: 2.5672 - accuracy: 0.1051
150/211 [====================>.........] - ETA: 0s - loss: 2.5827 - accuracy: 0.1050
157/211 [=====================>........] - ETA: 0s - loss: 2.6085 - accuracy: 0.1047
164/211 [======================>.......] - ETA: 0s - loss: 2.6492 - accuracy: 0.1049
173/211 [=======================>......] - ETA: 0s - loss: 2.6994 - accuracy: 0.1049
181/211 [========================>.....] - ETA: 0s - loss: 2.7516 - accuracy: 0.1050
191/211 [==========================>...] - ETA: 0s - loss: 2.8339 - accuracy: 0.1048
201/211 [===========================>..] - ETA: 0s - loss: 2.9640 - accuracy: 0.1043
211/211 [==============================] - 2s 9ms/step - loss: 3.0819 - accuracy: 0.1039 - val_loss: 4.8802 - val_accuracy: 0.0918
Epoch 6/29

  1/211 [..............................] - ETA: 4s - loss: 4.9172 - accuracy: 0.0898
  9/211 [>.............................] - ETA: 1s - loss: 5.6798 - accuracy: 0.0900
 18/211 [=>............................] - ETA: 1s - loss: 5.6613 - accuracy: 0.0926
 27/211 [==>...........................] - ETA: 1s - loss: 5.6857 - accuracy: 0.0953
 36/211 [====>.........................] - ETA: 1s - loss: 5.7087 - accuracy: 0.0952
 43/211 [=====>........................] - ETA: 1s - loss: 5.7979 - accuracy: 0.0945
 50/211 [======>.......................] - ETA: 1s - loss: 5.5695 - accuracy: 0.0937
 58/211 [=======>......................] - ETA: 1s - loss: 5.2682 - accuracy: 0.0966
 67/211 [========>.....................] - ETA: 1s - loss: 4.9737 - accuracy: 0.0979
 76/211 [=========>....................] - ETA: 0s - loss: 4.7082 - accuracy: 0.0988
 84/211 [==========>...................] - ETA: 0s - loss: 4.5094 - accuracy: 0.0990
 92/211 [============>.................] - ETA: 0s - loss: 4.3360 - accuracy: 0.0991
 99/211 [=============>................] - ETA: 0s - loss: 4.2036 - accuracy: 0.0993
107/211 [==============>...............] - ETA: 0s - loss: 4.0724 - accuracy: 0.0994
115/211 [===============>..............] - ETA: 0s - loss: 3.9635 - accuracy: 0.0991
124/211 [================>.............] - ETA: 0s - loss: 3.8571 - accuracy: 0.0990
131/211 [=================>............] - ETA: 0s - loss: 3.7864 - accuracy: 0.0985
140/211 [==================>...........] - ETA: 0s - loss: 3.7082 - accuracy: 0.0983
148/211 [====================>.........] - ETA: 0s - loss: 3.6416 - accuracy: 0.0981
158/211 [=====================>........] - ETA: 0s - loss: 3.5681 - accuracy: 0.0985
166/211 [======================>.......] - ETA: 0s - loss: 3.5168 - accuracy: 0.0988
173/211 [=======================>......] - ETA: 0s - loss: 3.4751 - accuracy: 0.0991
181/211 [========================>.....] - ETA: 0s - loss: 3.4292 - accuracy: 0.0992
188/211 [=========================>....] - ETA: 0s - loss: 3.3938 - accuracy: 0.0992
195/211 [==========================>...] - ETA: 0s - loss: 3.3628 - accuracy: 0.0985
202/211 [===========================>..] - ETA: 0s - loss: 3.3344 - accuracy: 0.0989
211/211 [==============================] - ETA: 0s - loss: 3.3022 - accuracy: 0.0990
211/211 [==============================] - 2s 9ms/step - loss: 3.3022 - accuracy: 0.0990 - val_loss: 2.5354 - val_accuracy: 0.0972
Epoch 7/29

  1/211 [..............................] - ETA: 3s - loss: 2.4958 - accuracy: 0.1172
  9/211 [>.............................] - ETA: 1s - loss: 2.5428 - accuracy: 0.1007
 20/211 [=>............................] - ETA: 1s - loss: 2.5363 - accuracy: 0.0980
 32/211 [===>..........................] - ETA: 1s - loss: 2.5248 - accuracy: 0.1010
 40/211 [====>.........................] - ETA: 1s - loss: 2.5173 - accuracy: 0.1010
 49/211 [=====>........................] - ETA: 1s - loss: 2.5110 - accuracy: 0.1032
 57/211 [=======>......................] - ETA: 1s - loss: 2.5071 - accuracy: 0.1021
 66/211 [========>.....................] - ETA: 0s - loss: 2.5076 - accuracy: 0.1014
 75/211 [=========>....................] - ETA: 0s - loss: 2.4995 - accuracy: 0.1012
 83/211 [==========>...................] - ETA: 0s - loss: 2.4944 - accuracy: 0.1012
 92/211 [============>.................] - ETA: 0s - loss: 2.4947 - accuracy: 0.1013
101/211 [=============>................] - ETA: 0s - loss: 2.5037 - accuracy: 0.1014
109/211 [==============>...............] - ETA: 0s - loss: 2.5101 - accuracy: 0.1019
117/211 [===============>..............] - ETA: 0s - loss: 2.5174 - accuracy: 0.1016
125/211 [================>.............] - ETA: 0s - loss: 2.5254 - accuracy: 0.1012
134/211 [==================>...........] - ETA: 0s - loss: 2.5294 - accuracy: 0.1014
141/211 [===================>..........] - ETA: 0s - loss: 2.5287 - accuracy: 0.1016
148/211 [====================>.........] - ETA: 0s - loss: 2.5267 - accuracy: 0.1020
157/211 [=====================>........] - ETA: 0s - loss: 2.5254 - accuracy: 0.1022
166/211 [======================>.......] - ETA: 0s - loss: 2.5232 - accuracy: 0.1023
175/211 [=======================>......] - ETA: 0s - loss: 2.5272 - accuracy: 0.1020
184/211 [=========================>....] - ETA: 0s - loss: 2.5271 - accuracy: 0.1024
191/211 [==========================>...] - ETA: 0s - loss: 2.5296 - accuracy: 0.1022
199/211 [===========================>..] - ETA: 0s - loss: 2.5332 - accuracy: 0.1021
208/211 [============================>.] - ETA: 0s - loss: 2.5356 - accuracy: 0.1016
211/211 [==============================] - 2s 9ms/step - loss: 2.5348 - accuracy: 0.1016 - val_loss: 2.3751 - val_accuracy: 0.0995
Epoch 8/29

  1/211 [..............................] - ETA: 6s - loss: 2.4207 - accuracy: 0.1094
 12/211 [>.............................] - ETA: 1s - loss: 2.6192 - accuracy: 0.0999
 23/211 [==>...........................] - ETA: 1s - loss: 2.6382 - accuracy: 0.1017
 33/211 [===>..........................] - ETA: 1s - loss: 2.6346 - accuracy: 0.0999
 42/211 [====>.........................] - ETA: 1s - loss: 2.6290 - accuracy: 0.0975
 53/211 [======>.......................] - ETA: 0s - loss: 2.5963 - accuracy: 0.0999
 63/211 [=======>......................] - ETA: 0s - loss: 2.5784 - accuracy: 0.1000
 73/211 [=========>....................] - ETA: 0s - loss: 2.5734 - accuracy: 0.0997
 83/211 [==========>...................] - ETA: 0s - loss: 2.5736 - accuracy: 0.0990
 92/211 [============>.................] - ETA: 0s - loss: 2.5731 - accuracy: 0.0987
100/211 [=============>................] - ETA: 0s - loss: 2.5707 - accuracy: 0.0980
109/211 [==============>...............] - ETA: 0s - loss: 2.5692 - accuracy: 0.0984
117/211 [===============>..............] - ETA: 0s - loss: 2.5691 - accuracy: 0.0984
125/211 [================>.............] - ETA: 0s - loss: 2.5742 - accuracy: 0.0977
134/211 [==================>...........] - ETA: 0s - loss: 2.5781 - accuracy: 0.0978
141/211 [===================>..........] - ETA: 0s - loss: 2.5845 - accuracy: 0.0973
149/211 [====================>.........] - ETA: 0s - loss: 2.5987 - accuracy: 0.0973
158/211 [=====================>........] - ETA: 0s - loss: 2.6118 - accuracy: 0.0977
167/211 [======================>.......] - ETA: 0s - loss: 2.6266 - accuracy: 0.0979
174/211 [=======================>......] - ETA: 0s - loss: 2.6514 - accuracy: 0.0979
182/211 [========================>.....] - ETA: 0s - loss: 2.6950 - accuracy: 0.0971
191/211 [==========================>...] - ETA: 0s - loss: 2.7541 - accuracy: 0.0970
200/211 [===========================>..] - ETA: 0s - loss: 2.8124 - accuracy: 0.0974
209/211 [============================>.] - ETA: 0s - loss: 2.8457 - accuracy: 0.0973
211/211 [==============================] - 2s 9ms/step - loss: 2.8497 - accuracy: 0.0974 - val_loss: 3.0184 - val_accuracy: 0.1032
Epoch 9/29

  1/211 [..............................] - ETA: 3s - loss: 3.3237 - accuracy: 0.1172
  8/211 [>.............................] - ETA: 1s - loss: 3.0166 - accuracy: 0.0991
 17/211 [=>............................] - ETA: 1s - loss: 2.9682 - accuracy: 0.0910
 26/211 [==>...........................] - ETA: 1s - loss: 2.9362 - accuracy: 0.0948
 35/211 [===>..........................] - ETA: 1s - loss: 2.9402 - accuracy: 0.0992
 44/211 [=====>........................] - ETA: 1s - loss: 2.9126 - accuracy: 0.1013
 53/211 [======>.......................] - ETA: 1s - loss: 2.8982 - accuracy: 0.0999
 63/211 [=======>......................] - ETA: 1s - loss: 2.8768 - accuracy: 0.0988
 74/211 [=========>....................] - ETA: 0s - loss: 2.8483 - accuracy: 0.0991
 84/211 [==========>...................] - ETA: 0s - loss: 2.8177 - accuracy: 0.0997
 95/211 [============>.................] - ETA: 0s - loss: 2.7903 - accuracy: 0.0993
106/211 [==============>...............] - ETA: 0s - loss: 2.7660 - accuracy: 0.0986
117/211 [===============>..............] - ETA: 0s - loss: 2.7415 - accuracy: 0.0986
129/211 [=================>............] - ETA: 0s - loss: 2.7182 - accuracy: 0.0989
139/211 [==================>...........] - ETA: 0s - loss: 2.7039 - accuracy: 0.0990
148/211 [====================>.........] - ETA: 0s - loss: 2.6898 - accuracy: 0.0996
156/211 [=====================>........] - ETA: 0s - loss: 2.6788 - accuracy: 0.1001
165/211 [======================>.......] - ETA: 0s - loss: 2.6699 - accuracy: 0.0998
173/211 [=======================>......] - ETA: 0s - loss: 2.6688 - accuracy: 0.0998
182/211 [========================>.....] - ETA: 0s - loss: 2.6695 - accuracy: 0.1000
191/211 [==========================>...] - ETA: 0s - loss: 2.6644 - accuracy: 0.1001
200/211 [===========================>..] - ETA: 0s - loss: 2.6607 - accuracy: 0.1001
208/211 [============================>.] - ETA: 0s - loss: 2.6568 - accuracy: 0.1004
211/211 [==============================] - 2s 9ms/step - loss: 2.6549 - accuracy: 0.1006 - val_loss: 2.4897 - val_accuracy: 0.0918
Epoch 10/29

  1/211 [..............................] - ETA: 4s - loss: 2.4496 - accuracy: 0.1172
  9/211 [>.............................] - ETA: 1s - loss: 2.4594 - accuracy: 0.1050
 18/211 [=>............................] - ETA: 1s - loss: 2.4555 - accuracy: 0.1115
 27/211 [==>...........................] - ETA: 1s - loss: 2.4627 - accuracy: 0.1101
 34/211 [===>..........................] - ETA: 1s - loss: 2.4598 - accuracy: 0.1077
 41/211 [====>.........................] - ETA: 1s - loss: 2.4602 - accuracy: 0.1078
 49/211 [=====>........................] - ETA: 1s - loss: 2.4681 - accuracy: 0.1051
 58/211 [=======>......................] - ETA: 1s - loss: 2.4820 - accuracy: 0.1051
 65/211 [========>.....................] - ETA: 1s - loss: 2.4945 - accuracy: 0.1043
 72/211 [=========>....................] - ETA: 1s - loss: 2.5071 - accuracy: 0.1040
 81/211 [==========>...................] - ETA: 0s - loss: 2.5138 - accuracy: 0.1029
 90/211 [===========>..................] - ETA: 0s - loss: 2.5147 - accuracy: 0.1030
 98/211 [============>.................] - ETA: 0s - loss: 2.5151 - accuracy: 0.1030
109/211 [==============>...............] - ETA: 0s - loss: 2.5122 - accuracy: 0.1025
119/211 [===============>..............] - ETA: 0s - loss: 2.5190 - accuracy: 0.1022
128/211 [=================>............] - ETA: 0s - loss: 2.5298 - accuracy: 0.1016
138/211 [==================>...........] - ETA: 0s - loss: 2.5506 - accuracy: 0.1007
148/211 [====================>.........] - ETA: 0s - loss: 2.5613 - accuracy: 0.1008
157/211 [=====================>........] - ETA: 0s - loss: 2.5916 - accuracy: 0.1006
166/211 [======================>.......] - ETA: 0s - loss: 2.6724 - accuracy: 0.1003
173/211 [=======================>......] - ETA: 0s - loss: 2.7781 - accuracy: 0.1007
181/211 [========================>.....] - ETA: 0s - loss: 2.8854 - accuracy: 0.1005
190/211 [==========================>...] - ETA: 0s - loss: 3.0528 - accuracy: 0.1007
198/211 [===========================>..] - ETA: 0s - loss: 3.1825 - accuracy: 0.1006
207/211 [============================>.] - ETA: 0s - loss: 3.3357 - accuracy: 0.1004
211/211 [==============================] - 2s 9ms/step - loss: 3.3654 - accuracy: 0.1003 - val_loss: 4.2805 - val_accuracy: 0.1017
Epoch 11/29

  1/211 [..............................] - ETA: 3s - loss: 4.5365 - accuracy: 0.1133
  9/211 [>.............................] - ETA: 1s - loss: 4.1917 - accuracy: 0.1063
 16/211 [=>............................] - ETA: 1s - loss: 3.9170 - accuracy: 0.1021
 24/211 [==>...........................] - ETA: 1s - loss: 3.8944 - accuracy: 0.1042
 33/211 [===>..........................] - ETA: 1s - loss: 3.8963 - accuracy: 0.1038
 41/211 [====>.........................] - ETA: 1s - loss: 3.7726 - accuracy: 0.1029
 50/211 [======>.......................] - ETA: 1s - loss: 3.6175 - accuracy: 0.1032
 59/211 [=======>......................] - ETA: 1s - loss: 3.4872 - accuracy: 0.1013
 68/211 [========>.....................] - ETA: 1s - loss: 3.3837 - accuracy: 0.1009
 77/211 [=========>....................] - ETA: 0s - loss: 3.2851 - accuracy: 0.0997
 84/211 [==========>...................] - ETA: 0s - loss: 3.2203 - accuracy: 0.0999
 92/211 [============>.................] - ETA: 0s - loss: 3.1582 - accuracy: 0.1006
100/211 [=============>................] - ETA: 0s - loss: 3.1078 - accuracy: 0.1006
109/211 [==============>...............] - ETA: 0s - loss: 3.0572 - accuracy: 0.1013
117/211 [===============>..............] - ETA: 0s - loss: 3.0183 - accuracy: 0.1011
126/211 [================>.............] - ETA: 0s - loss: 2.9785 - accuracy: 0.1010
132/211 [=================>............] - ETA: 0s - loss: 2.9569 - accuracy: 0.1004
142/211 [===================>..........] - ETA: 0s - loss: 2.9239 - accuracy: 0.1005
152/211 [====================>.........] - ETA: 0s - loss: 2.8974 - accuracy: 0.1002
160/211 [=====================>........] - ETA: 0s - loss: 2.8763 - accuracy: 0.0996
170/211 [=======================>......] - ETA: 0s - loss: 2.8539 - accuracy: 0.1002
181/211 [========================>.....] - ETA: 0s - loss: 2.8365 - accuracy: 0.1004
192/211 [==========================>...] - ETA: 0s - loss: 2.8209 - accuracy: 0.1002
203/211 [===========================>..] - ETA: 0s - loss: 2.8116 - accuracy: 0.1002
211/211 [==============================] - 2s 9ms/step - loss: 2.8084 - accuracy: 0.1000 - val_loss: 2.8412 - val_accuracy: 0.1033
Epoch 12/29

  1/211 [..............................] - ETA: 3s - loss: 2.8596 - accuracy: 0.0703
 10/211 [>.............................] - ETA: 1s - loss: 2.7331 - accuracy: 0.0953
 18/211 [=>............................] - ETA: 1s - loss: 2.6684 - accuracy: 0.0959
 25/211 [==>...........................] - ETA: 1s - loss: 2.6374 - accuracy: 0.0980
 32/211 [===>..........................] - ETA: 1s - loss: 2.6677 - accuracy: 0.0969
 41/211 [====>.........................] - ETA: 1s - loss: 2.7235 - accuracy: 0.0964
 50/211 [======>.......................] - ETA: 1s - loss: 2.7157 - accuracy: 0.0960
 58/211 [=======>......................] - ETA: 1s - loss: 2.7019 - accuracy: 0.0965
 67/211 [========>.....................] - ETA: 1s - loss: 2.6831 - accuracy: 0.0968
 75/211 [=========>....................] - ETA: 0s - loss: 2.6653 - accuracy: 0.0957
 85/211 [===========>..................] - ETA: 0s - loss: 2.6406 - accuracy: 0.0964
 94/211 [============>.................] - ETA: 0s - loss: 2.6260 - accuracy: 0.0960
102/211 [=============>................] - ETA: 0s - loss: 2.6211 - accuracy: 0.0967
112/211 [==============>...............] - ETA: 0s - loss: 2.6206 - accuracy: 0.0975
119/211 [===============>..............] - ETA: 0s - loss: 2.6241 - accuracy: 0.0972
126/211 [================>.............] - ETA: 0s - loss: 2.6182 - accuracy: 0.0980
134/211 [==================>...........] - ETA: 0s - loss: 2.6090 - accuracy: 0.0988
142/211 [===================>..........] - ETA: 0s - loss: 2.6016 - accuracy: 0.0992
151/211 [====================>.........] - ETA: 0s - loss: 2.5956 - accuracy: 0.0988
159/211 [=====================>........] - ETA: 0s - loss: 2.5920 - accuracy: 0.0991
168/211 [======================>.......] - ETA: 0s - loss: 2.5889 - accuracy: 0.0986
176/211 [========================>.....] - ETA: 0s - loss: 2.5867 - accuracy: 0.0988
185/211 [=========================>....] - ETA: 0s - loss: 2.5807 - accuracy: 0.0989
197/211 [===========================>..] - ETA: 0s - loss: 2.5812 - accuracy: 0.0977
207/211 [============================>.] - ETA: 0s - loss: 2.5804 - accuracy: 0.0977
211/211 [==============================] - 2s 9ms/step - loss: 2.5792 - accuracy: 0.0977 - val_loss: 2.6861 - val_accuracy: 0.0972
Epoch 12: early stopping

  1/188 [..............................] - ETA: 4s - loss: 2.9659 - accuracy: 0.0312
 19/188 [==>...........................] - ETA: 0s - loss: 2.7005 - accuracy: 0.0789
 40/188 [=====>........................] - ETA: 0s - loss: 2.7044 - accuracy: 0.0875
 59/188 [========>.....................] - ETA: 0s - loss: 2.6986 - accuracy: 0.0900
 81/188 [===========>..................] - ETA: 0s - loss: 2.6905 - accuracy: 0.0941
 98/188 [==============>...............] - ETA: 0s - loss: 2.6946 - accuracy: 0.0950
116/188 [=================>............] - ETA: 0s - loss: 2.6951 - accuracy: 0.0978
133/188 [====================>.........] - ETA: 0s - loss: 2.6947 - accuracy: 0.0968
154/188 [=======================>......] - ETA: 0s - loss: 2.6865 - accuracy: 0.0978
174/188 [==========================>...] - ETA: 0s - loss: 2.6869 - accuracy: 0.0972
188/188 [==============================] - 1s 3ms/step - loss: 2.6861 - accuracy: 0.0972
