2024-08-23 18:48:04.154573: I tensorflow/core/platform/cpu_feature_guard.cc:193] This TensorFlow binary is optimized with oneAPI Deep Neural Network Library (oneDNN) to use the following CPU instructions in performance-critical operations:  AVX AVX2
To enable them in other operations, rebuild TensorFlow with the appropriate compiler flags.
2024-08-23 18:48:05.552848: I tensorflow/core/common_runtime/gpu/gpu_device.cc:1616] Created device /job:localhost/replica:0/task:0/device:GPU:0 with 13575 MB memory:  -> device: 0, name: NVIDIA GeForce RTX 4060 Ti, pci bus id: 0000:01:00.0, compute capability: 8.9
1 Physical GPUs, 1 Logical GPUs
Fold:  0
Model: "sequential"
_________________________________________________________________
 Layer (type)                Output Shape              Param #   
=================================================================
 conv2d (Conv2D)             (None, 32, 32, 32)        896       
                                                                 
 max_pooling2d (MaxPooling2D  (None, 16, 16, 32)       0         
 )                                                               
                                                                 
 dropout (Dropout)           (None, 16, 16, 32)        0         
                                                                 
 flatten (Flatten)           (None, 8192)              0         
                                                                 
 dense (Dense)               (None, 100)               819300    
                                                                 
 dropout_1 (Dropout)         (None, 100)               0         
                                                                 
 dense_1 (Dense)             (None, 44)                4444      
                                                                 
 dropout_2 (Dropout)         (None, 44)                0         
                                                                 
 dense_2 (Dense)             (None, 10)                450       
                                                                 
=================================================================
Total params: 825,090
Trainable params: 825,090
Non-trainable params: 0
_________________________________________________________________
Taxa de aprendizado:  0.1 Num de épocas:  93 Tamanho do lote:  512 Dropout:  0.23
Epoch 1/93
2024-08-23 18:48:07.887093: I tensorflow/stream_executor/cuda/cuda_dnn.cc:384] Loaded cuDNN version 8100
2024-08-23 18:48:09.884324: W tensorflow/stream_executor/gpu/redzone_allocator.cc:314] INTERNAL: ptxas exited with non-zero error code -1, output: 
Relying on driver to perform ptx compilation. 
Modify $PATH to customize ptxas location.
This message will be only logged once.
2024-08-23 18:48:11.845688: I tensorflow/stream_executor/cuda/cuda_blas.cc:1614] TensorFloat-32 will be used for the matrix multiplication. This will only be logged once.

  1/106 [..............................] - ETA: 11:31 - loss: 2.3776 - accuracy: 0.1016
  4/106 [>.............................] - ETA: 2s - loss: 3.1052 - accuracy: 0.0996   
  8/106 [=>............................] - ETA: 1s - loss: 3.3115 - accuracy: 0.0964
 11/106 [==>...........................] - ETA: 1s - loss: 3.3073 - accuracy: 0.0984
 15/106 [===>..........................] - ETA: 1s - loss: 3.2219 - accuracy: 0.1016
 18/106 [====>.........................] - ETA: 1s - loss: 3.1451 - accuracy: 0.1017
 20/106 [====>.........................] - ETA: 1s - loss: 3.1114 - accuracy: 0.1007
 24/106 [=====>........................] - ETA: 1s - loss: 3.0271 - accuracy: 0.1000
 27/106 [======>.......................] - ETA: 1s - loss: 2.9707 - accuracy: 0.0990
 31/106 [=======>......................] - ETA: 1s - loss: 2.9081 - accuracy: 0.0994
 35/106 [========>.....................] - ETA: 1s - loss: 2.8566 - accuracy: 0.0989
 39/106 [==========>...................] - ETA: 1s - loss: 2.8117 - accuracy: 0.0985
 42/106 [==========>...................] - ETA: 1s - loss: 2.7816 - accuracy: 0.0985
 46/106 [============>.................] - ETA: 1s - loss: 2.7469 - accuracy: 0.0988
 49/106 [============>.................] - ETA: 1s - loss: 2.7248 - accuracy: 0.0986
 53/106 [==============>...............] - ETA: 1s - loss: 2.6988 - accuracy: 0.0985
 57/106 [===============>..............] - ETA: 0s - loss: 2.6753 - accuracy: 0.0995
 60/106 [===============>..............] - ETA: 0s - loss: 2.6593 - accuracy: 0.0997
 64/106 [=================>............] - ETA: 0s - loss: 2.6422 - accuracy: 0.0999
 68/106 [==================>...........] - ETA: 0s - loss: 2.6248 - accuracy: 0.1001
 72/106 [===================>..........] - ETA: 0s - loss: 2.6098 - accuracy: 0.0995
 75/106 [====================>.........] - ETA: 0s - loss: 2.5992 - accuracy: 0.0995
 79/106 [=====================>........] - ETA: 0s - loss: 2.5868 - accuracy: 0.0996
 82/106 [======================>.......] - ETA: 0s - loss: 2.5786 - accuracy: 0.0998
 86/106 [=======================>......] - ETA: 0s - loss: 2.5690 - accuracy: 0.1000
 89/106 [========================>.....] - ETA: 0s - loss: 2.5628 - accuracy: 0.0998
 93/106 [=========================>....] - ETA: 0s - loss: 2.5551 - accuracy: 0.0996
 97/106 [==========================>...] - ETA: 0s - loss: 2.5475 - accuracy: 0.1000
100/106 [===========================>..] - ETA: 0s - loss: 2.5424 - accuracy: 0.1000
104/106 [============================>.] - ETA: 0s - loss: 2.5353 - accuracy: 0.1003
106/106 [==============================] - 9s 27ms/step - loss: 2.5323 - accuracy: 0.1004 - val_loss: 2.3514 - val_accuracy: 0.1032
Epoch 2/93

  1/106 [..............................] - ETA: 3s - loss: 2.3885 - accuracy: 0.1035
  5/106 [>.............................] - ETA: 1s - loss: 2.3741 - accuracy: 0.0969
  9/106 [=>............................] - ETA: 1s - loss: 2.3630 - accuracy: 0.0998
 12/106 [==>...........................] - ETA: 1s - loss: 2.3587 - accuracy: 0.1001
 16/106 [===>..........................] - ETA: 1s - loss: 2.3538 - accuracy: 0.0964
 19/106 [====>.........................] - ETA: 1s - loss: 2.3544 - accuracy: 0.0978
 23/106 [=====>........................] - ETA: 1s - loss: 2.3580 - accuracy: 0.0993
 26/106 [======>.......................] - ETA: 1s - loss: 2.3601 - accuracy: 0.1003
 30/106 [=======>......................] - ETA: 1s - loss: 2.3599 - accuracy: 0.1000
 34/106 [========>.....................] - ETA: 1s - loss: 2.3595 - accuracy: 0.1005
 37/106 [=========>....................] - ETA: 1s - loss: 2.3601 - accuracy: 0.1000
 41/106 [==========>...................] - ETA: 1s - loss: 2.3620 - accuracy: 0.1000
 44/106 [===========>..................] - ETA: 1s - loss: 2.3620 - accuracy: 0.1001
 48/106 [============>.................] - ETA: 1s - loss: 2.3654 - accuracy: 0.1001
 51/106 [=============>................] - ETA: 0s - loss: 2.3663 - accuracy: 0.1006
 55/106 [==============>...............] - ETA: 0s - loss: 2.3678 - accuracy: 0.1006
 58/106 [===============>..............] - ETA: 0s - loss: 2.3704 - accuracy: 0.1005
 62/106 [================>.............] - ETA: 0s - loss: 2.3730 - accuracy: 0.1000
 65/106 [=================>............] - ETA: 0s - loss: 2.3739 - accuracy: 0.1000
 69/106 [==================>...........] - ETA: 0s - loss: 2.3739 - accuracy: 0.0998
 72/106 [===================>..........] - ETA: 0s - loss: 2.3742 - accuracy: 0.0997
 76/106 [====================>.........] - ETA: 0s - loss: 2.3749 - accuracy: 0.0998
 79/106 [=====================>........] - ETA: 0s - loss: 2.3752 - accuracy: 0.0996
 82/106 [======================>.......] - ETA: 0s - loss: 2.3751 - accuracy: 0.0996
 85/106 [=======================>......] - ETA: 0s - loss: 2.3752 - accuracy: 0.0993
 89/106 [========================>.....] - ETA: 0s - loss: 2.3744 - accuracy: 0.0996
 92/106 [=========================>....] - ETA: 0s - loss: 2.3740 - accuracy: 0.0995
 96/106 [==========================>...] - ETA: 0s - loss: 2.3731 - accuracy: 0.0996
100/106 [===========================>..] - ETA: 0s - loss: 2.3718 - accuracy: 0.0998
104/106 [============================>.] - ETA: 0s - loss: 2.3709 - accuracy: 0.1001
106/106 [==============================] - 3s 24ms/step - loss: 2.3703 - accuracy: 0.1002 - val_loss: 2.3339 - val_accuracy: 0.1033
Epoch 3/93

  1/106 [..............................] - ETA: 3s - loss: 2.3445 - accuracy: 0.1016
  5/106 [>.............................] - ETA: 1s - loss: 2.3590 - accuracy: 0.0969
  8/106 [=>............................] - ETA: 1s - loss: 2.3528 - accuracy: 0.0947
 12/106 [==>...........................] - ETA: 1s - loss: 2.3526 - accuracy: 0.0967
 15/106 [===>..........................] - ETA: 1s - loss: 2.3524 - accuracy: 0.0962
 19/106 [====>.........................] - ETA: 1s - loss: 2.3555 - accuracy: 0.0969
 22/106 [=====>........................] - ETA: 1s - loss: 2.3574 - accuracy: 0.0970
 26/106 [======>.......................] - ETA: 1s - loss: 2.3686 - accuracy: 0.0956
 29/106 [=======>......................] - ETA: 1s - loss: 2.3756 - accuracy: 0.0945
 33/106 [========>.....................] - ETA: 1s - loss: 2.3828 - accuracy: 0.0941
 37/106 [=========>....................] - ETA: 1s - loss: 2.3879 - accuracy: 0.0943
 41/106 [==========>...................] - ETA: 1s - loss: 2.3864 - accuracy: 0.0941
 44/106 [===========>..................] - ETA: 1s - loss: 2.3852 - accuracy: 0.0943
 48/106 [============>.................] - ETA: 1s - loss: 2.3860 - accuracy: 0.0951
 51/106 [=============>................] - ETA: 0s - loss: 2.3859 - accuracy: 0.0947
 55/106 [==============>...............] - ETA: 0s - loss: 2.3840 - accuracy: 0.0954
 58/106 [===============>..............] - ETA: 0s - loss: 2.3830 - accuracy: 0.0956
 62/106 [================>.............] - ETA: 0s - loss: 2.3841 - accuracy: 0.0955
 66/106 [=================>............] - ETA: 0s - loss: 2.3845 - accuracy: 0.0961
 70/106 [==================>...........] - ETA: 0s - loss: 2.3845 - accuracy: 0.0962
 74/106 [===================>..........] - ETA: 0s - loss: 2.3832 - accuracy: 0.0967
 77/106 [====================>.........] - ETA: 0s - loss: 2.3831 - accuracy: 0.0968
 80/106 [=====================>........] - ETA: 0s - loss: 2.3825 - accuracy: 0.0970
 84/106 [======================>.......] - ETA: 0s - loss: 2.3813 - accuracy: 0.0971
 88/106 [=======================>......] - ETA: 0s - loss: 2.3805 - accuracy: 0.0970
 91/106 [========================>.....] - ETA: 0s - loss: 2.3800 - accuracy: 0.0965
 95/106 [=========================>....] - ETA: 0s - loss: 2.3792 - accuracy: 0.0974
 99/106 [===========================>..] - ETA: 0s - loss: 2.3801 - accuracy: 0.0974
102/106 [===========================>..] - ETA: 0s - loss: 2.3796 - accuracy: 0.0974
106/106 [==============================] - ETA: 0s - loss: 2.3798 - accuracy: 0.0969
106/106 [==============================] - 3s 24ms/step - loss: 2.3798 - accuracy: 0.0969 - val_loss: 2.3616 - val_accuracy: 0.0967
Epoch 4/93

  1/106 [..............................] - ETA: 3s - loss: 2.3895 - accuracy: 0.0898
  4/106 [>.............................] - ETA: 1s - loss: 2.3968 - accuracy: 0.0894
  7/106 [>.............................] - ETA: 1s - loss: 2.3790 - accuracy: 0.0938
 11/106 [==>...........................] - ETA: 1s - loss: 2.3788 - accuracy: 0.0982
 14/106 [==>...........................] - ETA: 1s - loss: 2.3757 - accuracy: 0.0991
 18/106 [====>.........................] - ETA: 1s - loss: 2.3733 - accuracy: 0.1007
 21/106 [====>.........................] - ETA: 1s - loss: 2.3701 - accuracy: 0.1028
 25/106 [======>.......................] - ETA: 1s - loss: 2.3740 - accuracy: 0.1020
 28/106 [======>.......................] - ETA: 1s - loss: 2.3757 - accuracy: 0.1010
 32/106 [========>.....................] - ETA: 1s - loss: 2.3809 - accuracy: 0.1000
 35/106 [========>.....................] - ETA: 1s - loss: 2.3825 - accuracy: 0.0995
 39/106 [==========>...................] - ETA: 1s - loss: 2.3841 - accuracy: 0.1000
 42/106 [==========>...................] - ETA: 1s - loss: 2.3849 - accuracy: 0.0990
 46/106 [============>.................] - ETA: 1s - loss: 2.3837 - accuracy: 0.0989
 49/106 [============>.................] - ETA: 1s - loss: 2.3834 - accuracy: 0.0985
 53/106 [==============>...............] - ETA: 0s - loss: 2.3809 - accuracy: 0.0987
 56/106 [==============>...............] - ETA: 0s - loss: 2.3805 - accuracy: 0.0981
 60/106 [===============>..............] - ETA: 0s - loss: 2.3821 - accuracy: 0.0975
 63/106 [================>.............] - ETA: 0s - loss: 2.3830 - accuracy: 0.0978
 67/106 [=================>............] - ETA: 0s - loss: 2.3845 - accuracy: 0.0978
 70/106 [==================>...........] - ETA: 0s - loss: 2.3856 - accuracy: 0.0979
 74/106 [===================>..........] - ETA: 0s - loss: 2.3854 - accuracy: 0.0979
 77/106 [====================>.........] - ETA: 0s - loss: 2.3858 - accuracy: 0.0981
 81/106 [=====================>........] - ETA: 0s - loss: 2.3865 - accuracy: 0.0985
 85/106 [=======================>......] - ETA: 0s - loss: 2.3887 - accuracy: 0.0984
 88/106 [=======================>......] - ETA: 0s - loss: 2.3902 - accuracy: 0.0983
 92/106 [=========================>....] - ETA: 0s - loss: 2.3909 - accuracy: 0.0988
 95/106 [=========================>....] - ETA: 0s - loss: 2.3925 - accuracy: 0.0986
 99/106 [===========================>..] - ETA: 0s - loss: 2.3938 - accuracy: 0.0985
102/106 [===========================>..] - ETA: 0s - loss: 2.3954 - accuracy: 0.0986
105/106 [============================>.] - ETA: 0s - loss: 2.3957 - accuracy: 0.0984
106/106 [==============================] - 3s 24ms/step - loss: 2.3964 - accuracy: 0.0984 - val_loss: 2.3714 - val_accuracy: 0.1018
Epoch 5/93

  1/106 [..............................] - ETA: 3s - loss: 2.3817 - accuracy: 0.0977
  5/106 [>.............................] - ETA: 1s - loss: 2.3776 - accuracy: 0.0996
  8/106 [=>............................] - ETA: 1s - loss: 2.3817 - accuracy: 0.0974
 12/106 [==>...........................] - ETA: 1s - loss: 2.3736 - accuracy: 0.1001
 16/106 [===>..........................] - ETA: 1s - loss: 2.3740 - accuracy: 0.1006
 20/106 [====>.........................] - ETA: 1s - loss: 2.3811 - accuracy: 0.0988
 23/106 [=====>........................] - ETA: 1s - loss: 2.3883 - accuracy: 0.0995
 27/106 [======>.......................] - ETA: 1s - loss: 2.3931 - accuracy: 0.1003
 30/106 [=======>......................] - ETA: 1s - loss: 2.3982 - accuracy: 0.1004
 34/106 [========>.....................] - ETA: 1s - loss: 2.4101 - accuracy: 0.1004
 38/106 [=========>....................] - ETA: 1s - loss: 2.4218 - accuracy: 0.1008
 42/106 [==========>...................] - ETA: 1s - loss: 2.4265 - accuracy: 0.1017
 45/106 [===========>..................] - ETA: 1s - loss: 2.4300 - accuracy: 0.1023
 49/106 [============>.................] - ETA: 1s - loss: 2.4369 - accuracy: 0.1020
 52/106 [=============>................] - ETA: 0s - loss: 2.4385 - accuracy: 0.1018
 56/106 [==============>...............] - ETA: 0s - loss: 2.4402 - accuracy: 0.1017
 59/106 [===============>..............] - ETA: 0s - loss: 2.4425 - accuracy: 0.1011
 63/106 [================>.............] - ETA: 0s - loss: 2.4440 - accuracy: 0.1004
 66/106 [=================>............] - ETA: 0s - loss: 2.4442 - accuracy: 0.1008
 70/106 [==================>...........] - ETA: 0s - loss: 2.4454 - accuracy: 0.1005
 74/106 [===================>..........] - ETA: 0s - loss: 2.4455 - accuracy: 0.1005
 77/106 [====================>.........] - ETA: 0s - loss: 2.4453 - accuracy: 0.1002
 81/106 [=====================>........] - ETA: 0s - loss: 2.4428 - accuracy: 0.1001
 84/106 [======================>.......] - ETA: 0s - loss: 2.4406 - accuracy: 0.1000
 88/106 [=======================>......] - ETA: 0s - loss: 2.4393 - accuracy: 0.0996
 91/106 [========================>.....] - ETA: 0s - loss: 2.4393 - accuracy: 0.0992
 95/106 [=========================>....] - ETA: 0s - loss: 2.4369 - accuracy: 0.0993
 99/106 [===========================>..] - ETA: 0s - loss: 2.4345 - accuracy: 0.0994
103/106 [============================>.] - ETA: 0s - loss: 2.4325 - accuracy: 0.0996
106/106 [==============================] - 3s 24ms/step - loss: 2.4312 - accuracy: 0.0993 - val_loss: 2.3821 - val_accuracy: 0.1017
Epoch 6/93

  1/106 [..............................] - ETA: 3s - loss: 2.3824 - accuracy: 0.0957
  5/106 [>.............................] - ETA: 1s - loss: 2.3830 - accuracy: 0.0988
  8/106 [=>............................] - ETA: 1s - loss: 2.3901 - accuracy: 0.0984
 12/106 [==>...........................] - ETA: 1s - loss: 2.3926 - accuracy: 0.0975
 15/106 [===>..........................] - ETA: 1s - loss: 2.3895 - accuracy: 0.0984
 19/106 [====>.........................] - ETA: 1s - loss: 2.3850 - accuracy: 0.0987
 23/106 [=====>........................] - ETA: 1s - loss: 2.3784 - accuracy: 0.0979
 26/106 [======>.......................] - ETA: 1s - loss: 2.3773 - accuracy: 0.0978
 30/106 [=======>......................] - ETA: 1s - loss: 2.3717 - accuracy: 0.0988
 33/106 [========>.....................] - ETA: 1s - loss: 2.3688 - accuracy: 0.0987
 37/106 [=========>....................] - ETA: 1s - loss: 2.3684 - accuracy: 0.0986
 41/106 [==========>...................] - ETA: 1s - loss: 2.3673 - accuracy: 0.0974
 45/106 [===========>..................] - ETA: 1s - loss: 2.3666 - accuracy: 0.0982
 49/106 [============>.................] - ETA: 0s - loss: 2.3654 - accuracy: 0.0980
 52/106 [=============>................] - ETA: 0s - loss: 2.3657 - accuracy: 0.0978
 56/106 [==============>...............] - ETA: 0s - loss: 2.3664 - accuracy: 0.0981
 59/106 [===============>..............] - ETA: 0s - loss: 2.3673 - accuracy: 0.0986
 63/106 [================>.............] - ETA: 0s - loss: 2.3680 - accuracy: 0.0983
 66/106 [=================>............] - ETA: 0s - loss: 2.3698 - accuracy: 0.0980
 70/106 [==================>...........] - ETA: 0s - loss: 2.3703 - accuracy: 0.0983
 73/106 [===================>..........] - ETA: 0s - loss: 2.3708 - accuracy: 0.0985
 77/106 [====================>.........] - ETA: 0s - loss: 2.3713 - accuracy: 0.0983
 81/106 [=====================>........] - ETA: 0s - loss: 2.3713 - accuracy: 0.0985
 85/106 [=======================>......] - ETA: 0s - loss: 2.3720 - accuracy: 0.0985
 88/106 [=======================>......] - ETA: 0s - loss: 2.3730 - accuracy: 0.0983
 92/106 [=========================>....] - ETA: 0s - loss: 2.3734 - accuracy: 0.0982
 95/106 [=========================>....] - ETA: 0s - loss: 2.3739 - accuracy: 0.0984
 99/106 [===========================>..] - ETA: 0s - loss: 2.3753 - accuracy: 0.0982
102/106 [===========================>..] - ETA: 0s - loss: 2.3760 - accuracy: 0.0983
106/106 [==============================] - ETA: 0s - loss: 2.3758 - accuracy: 0.0984
106/106 [==============================] - 3s 24ms/step - loss: 2.3758 - accuracy: 0.0984 - val_loss: 2.3680 - val_accuracy: 0.1027
Epoch 7/93

  1/106 [..............................] - ETA: 1s - loss: 2.4087 - accuracy: 0.0879
  4/106 [>.............................] - ETA: 2s - loss: 2.3891 - accuracy: 0.0918
  8/106 [=>............................] - ETA: 1s - loss: 2.3860 - accuracy: 0.0977
 11/106 [==>...........................] - ETA: 1s - loss: 2.3785 - accuracy: 0.0980
 14/106 [==>...........................] - ETA: 1s - loss: 2.3753 - accuracy: 0.0984
 18/106 [====>.........................] - ETA: 1s - loss: 2.3745 - accuracy: 0.0970
 22/106 [=====>........................] - ETA: 1s - loss: 2.3750 - accuracy: 0.0962
 25/106 [======>.......................] - ETA: 1s - loss: 2.3714 - accuracy: 0.0981
 29/106 [=======>......................] - ETA: 1s - loss: 2.3706 - accuracy: 0.0985
 32/106 [========>.....................] - ETA: 1s - loss: 2.3717 - accuracy: 0.0983
 36/106 [=========>....................] - ETA: 1s - loss: 2.3720 - accuracy: 0.0988
 39/106 [==========>...................] - ETA: 1s - loss: 2.3713 - accuracy: 0.0980
 43/106 [===========>..................] - ETA: 1s - loss: 2.3709 - accuracy: 0.0980
 47/106 [============>.................] - ETA: 1s - loss: 2.3733 - accuracy: 0.0985
 51/106 [=============>................] - ETA: 0s - loss: 2.3764 - accuracy: 0.0987
 55/106 [==============>...............] - ETA: 0s - loss: 2.3781 - accuracy: 0.0990
 59/106 [===============>..............] - ETA: 0s - loss: 2.3786 - accuracy: 0.0991
 63/106 [================>.............] - ETA: 0s - loss: 2.3779 - accuracy: 0.0996
 66/106 [=================>............] - ETA: 0s - loss: 2.3782 - accuracy: 0.1002
 70/106 [==================>...........] - ETA: 0s - loss: 2.3802 - accuracy: 0.0999
 74/106 [===================>..........] - ETA: 0s - loss: 2.3814 - accuracy: 0.0997
 78/106 [=====================>........] - ETA: 0s - loss: 2.3812 - accuracy: 0.0995
 81/106 [=====================>........] - ETA: 0s - loss: 2.3803 - accuracy: 0.0996
 85/106 [=======================>......] - ETA: 0s - loss: 2.3798 - accuracy: 0.1002
 89/106 [========================>.....] - ETA: 0s - loss: 2.3796 - accuracy: 0.1001
 92/106 [=========================>....] - ETA: 0s - loss: 2.3800 - accuracy: 0.1002
 97/106 [==========================>...] - ETA: 0s - loss: 2.3797 - accuracy: 0.1005
102/106 [===========================>..] - ETA: 0s - loss: 2.3789 - accuracy: 0.1007
106/106 [==============================] - 2s 22ms/step - loss: 2.3784 - accuracy: 0.1005 - val_loss: 2.3663 - val_accuracy: 0.1032
Epoch 7: early stopping

  1/188 [..............................] - ETA: 2s - loss: 2.2480 - accuracy: 0.1250
 19/188 [==>...........................] - ETA: 0s - loss: 2.3482 - accuracy: 0.0921
 41/188 [=====>........................] - ETA: 0s - loss: 2.3543 - accuracy: 0.0998
 59/188 [========>.....................] - ETA: 0s - loss: 2.3565 - accuracy: 0.1028
 77/188 [===========>..................] - ETA: 0s - loss: 2.3642 - accuracy: 0.1015
 95/188 [==============>...............] - ETA: 0s - loss: 2.3603 - accuracy: 0.1069
113/188 [=================>............] - ETA: 0s - loss: 2.3642 - accuracy: 0.1079
129/188 [===================>..........] - ETA: 0s - loss: 2.3638 - accuracy: 0.1059
147/188 [======================>.......] - ETA: 0s - loss: 2.3640 - accuracy: 0.1052
164/188 [=========================>....] - ETA: 0s - loss: 2.3648 - accuracy: 0.1037
183/188 [============================>.] - ETA: 0s - loss: 2.3660 - accuracy: 0.1031
188/188 [==============================] - 1s 3ms/step - loss: 2.3663 - accuracy: 0.1032
