2024-08-24 08:20:19.571188: I tensorflow/core/platform/cpu_feature_guard.cc:193] This TensorFlow binary is optimized with oneAPI Deep Neural Network Library (oneDNN) to use the following CPU instructions in performance-critical operations:  AVX AVX2
To enable them in other operations, rebuild TensorFlow with the appropriate compiler flags.
2024-08-24 08:20:20.112063: I tensorflow/core/common_runtime/gpu/gpu_device.cc:1616] Created device /job:localhost/replica:0/task:0/device:GPU:0 with 13575 MB memory:  -> device: 0, name: NVIDIA GeForce RTX 4060 Ti, pci bus id: 0000:01:00.0, compute capability: 8.9
1 Physical GPUs, 1 Logical GPUs
Fold:  0
Model: "sequential"
_________________________________________________________________
 Layer (type)                Output Shape              Param #   
=================================================================
 conv2d (Conv2D)             (None, 32, 32, 32)        896       
                                                                 
 dropout (Dropout)           (None, 32, 32, 32)        0         
                                                                 
 flatten (Flatten)           (None, 32768)             0         
                                                                 
 dense (Dense)               (None, 10)                327690    
                                                                 
=================================================================
Total params: 328,586
Trainable params: 328,586
Non-trainable params: 0
_________________________________________________________________
Taxa de aprendizado:  0.01 Num de épocas:  62 Tamanho do lote:  32 Dropout:  0.22
Epoch 1/62
2024-08-24 08:20:21.360569: I tensorflow/stream_executor/cuda/cuda_dnn.cc:384] Loaded cuDNN version 8100
2024-08-24 08:20:22.203370: W tensorflow/stream_executor/gpu/redzone_allocator.cc:314] INTERNAL: ptxas exited with non-zero error code -1, output: 
Relying on driver to perform ptx compilation. 
Modify $PATH to customize ptxas location.
This message will be only logged once.
2024-08-24 08:20:22.887126: I tensorflow/stream_executor/cuda/cuda_blas.cc:1614] TensorFloat-32 will be used for the matrix multiplication. This will only be logged once.

   1/1688 [..............................] - ETA: 1:17:49 - loss: 2.3006 - accuracy: 0.1250
  25/1688 [..............................] - ETA: 4s - loss: 4.0419 - accuracy: 0.1187     
  48/1688 [..............................] - ETA: 4s - loss: 3.1980 - accuracy: 0.1217
  74/1688 [>.............................] - ETA: 4s - loss: 2.8621 - accuracy: 0.1406
  97/1688 [>.............................] - ETA: 4s - loss: 2.7152 - accuracy: 0.1527
 120/1688 [=>............................] - ETA: 4s - loss: 2.6217 - accuracy: 0.1628
 144/1688 [=>............................] - ETA: 4s - loss: 2.5366 - accuracy: 0.1808
 167/1688 [=>............................] - ETA: 4s - loss: 2.4844 - accuracy: 0.1907
 191/1688 [==>...........................] - ETA: 3s - loss: 2.4328 - accuracy: 0.1985
 214/1688 [==>...........................] - ETA: 3s - loss: 2.3943 - accuracy: 0.2062
 233/1688 [===>..........................] - ETA: 3s - loss: 2.3709 - accuracy: 0.2104
 256/1688 [===>..........................] - ETA: 3s - loss: 2.3402 - accuracy: 0.2173
 278/1688 [===>..........................] - ETA: 3s - loss: 2.3194 - accuracy: 0.2211
 302/1688 [====>.........................] - ETA: 3s - loss: 2.2982 - accuracy: 0.2250
 327/1688 [====>.........................] - ETA: 3s - loss: 2.2745 - accuracy: 0.2298
 351/1688 [=====>........................] - ETA: 3s - loss: 2.2601 - accuracy: 0.2321
 376/1688 [=====>........................] - ETA: 3s - loss: 2.2443 - accuracy: 0.2342
 397/1688 [======>.......................] - ETA: 3s - loss: 2.2333 - accuracy: 0.2362
 418/1688 [======>.......................] - ETA: 3s - loss: 2.2217 - accuracy: 0.2394
 439/1688 [======>.......................] - ETA: 3s - loss: 2.2086 - accuracy: 0.2437
 462/1688 [=======>......................] - ETA: 3s - loss: 2.1974 - accuracy: 0.2453
 485/1688 [=======>......................] - ETA: 3s - loss: 2.1886 - accuracy: 0.2479
 505/1688 [=======>......................] - ETA: 3s - loss: 2.1818 - accuracy: 0.2491
 524/1688 [========>.....................] - ETA: 3s - loss: 2.1746 - accuracy: 0.2504
 541/1688 [========>.....................] - ETA: 3s - loss: 2.1689 - accuracy: 0.2512
 560/1688 [========>.....................] - ETA: 3s - loss: 2.1634 - accuracy: 0.2527
 583/1688 [=========>....................] - ETA: 3s - loss: 2.1546 - accuracy: 0.2550
 607/1688 [=========>....................] - ETA: 2s - loss: 2.1472 - accuracy: 0.2561
 630/1688 [==========>...................] - ETA: 2s - loss: 2.1430 - accuracy: 0.2576
 654/1688 [==========>...................] - ETA: 2s - loss: 2.1368 - accuracy: 0.2585
 676/1688 [===========>..................] - ETA: 2s - loss: 2.1297 - accuracy: 0.2608
 700/1688 [===========>..................] - ETA: 2s - loss: 2.1236 - accuracy: 0.2624
 723/1688 [===========>..................] - ETA: 2s - loss: 2.1194 - accuracy: 0.2629
 747/1688 [============>.................] - ETA: 2s - loss: 2.1175 - accuracy: 0.2631
 766/1688 [============>.................] - ETA: 2s - loss: 2.1140 - accuracy: 0.2639
 786/1688 [============>.................] - ETA: 2s - loss: 2.1093 - accuracy: 0.2652
 810/1688 [=============>................] - ETA: 2s - loss: 2.1041 - accuracy: 0.2668
 832/1688 [=============>................] - ETA: 2s - loss: 2.1008 - accuracy: 0.2674
 855/1688 [==============>...............] - ETA: 2s - loss: 2.0989 - accuracy: 0.2676
 880/1688 [==============>...............] - ETA: 2s - loss: 2.0929 - accuracy: 0.2688
 902/1688 [===============>..............] - ETA: 2s - loss: 2.0907 - accuracy: 0.2692
 925/1688 [===============>..............] - ETA: 2s - loss: 2.0861 - accuracy: 0.2703
 950/1688 [===============>..............] - ETA: 1s - loss: 2.0807 - accuracy: 0.2719
 975/1688 [================>.............] - ETA: 1s - loss: 2.0785 - accuracy: 0.2719
 999/1688 [================>.............] - ETA: 1s - loss: 2.0764 - accuracy: 0.2717
1023/1688 [=================>............] - ETA: 1s - loss: 2.0728 - accuracy: 0.2731
1048/1688 [=================>............] - ETA: 1s - loss: 2.0684 - accuracy: 0.2746
1074/1688 [==================>...........] - ETA: 1s - loss: 2.0650 - accuracy: 0.2752
1098/1688 [==================>...........] - ETA: 1s - loss: 2.0623 - accuracy: 0.2762
1124/1688 [==================>...........] - ETA: 1s - loss: 2.0592 - accuracy: 0.2776
1146/1688 [===================>..........] - ETA: 1s - loss: 2.0565 - accuracy: 0.2785
1164/1688 [===================>..........] - ETA: 1s - loss: 2.0545 - accuracy: 0.2792
1187/1688 [====================>.........] - ETA: 1s - loss: 2.0521 - accuracy: 0.2795
1212/1688 [====================>.........] - ETA: 1s - loss: 2.0503 - accuracy: 0.2794
1239/1688 [=====================>........] - ETA: 1s - loss: 2.0471 - accuracy: 0.2804
1260/1688 [=====================>........] - ETA: 1s - loss: 2.0446 - accuracy: 0.2811
1284/1688 [=====================>........] - ETA: 1s - loss: 2.0430 - accuracy: 0.2817
1307/1688 [======================>.......] - ETA: 1s - loss: 2.0414 - accuracy: 0.2822
1330/1688 [======================>.......] - ETA: 0s - loss: 2.0385 - accuracy: 0.2829
1355/1688 [=======================>......] - ETA: 0s - loss: 2.0344 - accuracy: 0.2846
1381/1688 [=======================>......] - ETA: 0s - loss: 2.0318 - accuracy: 0.2853
1404/1688 [=======================>......] - ETA: 0s - loss: 2.0289 - accuracy: 0.2858
1427/1688 [========================>.....] - ETA: 0s - loss: 2.0273 - accuracy: 0.2861
1454/1688 [========================>.....] - ETA: 0s - loss: 2.0249 - accuracy: 0.2866
1478/1688 [=========================>....] - ETA: 0s - loss: 2.0218 - accuracy: 0.2874
1503/1688 [=========================>....] - ETA: 0s - loss: 2.0201 - accuracy: 0.2872
1526/1688 [==========================>...] - ETA: 0s - loss: 2.0186 - accuracy: 0.2873
1550/1688 [==========================>...] - ETA: 0s - loss: 2.0166 - accuracy: 0.2880
1574/1688 [==========================>...] - ETA: 0s - loss: 2.0147 - accuracy: 0.2885
1596/1688 [===========================>..] - ETA: 0s - loss: 2.0128 - accuracy: 0.2888
1621/1688 [===========================>..] - ETA: 0s - loss: 2.0107 - accuracy: 0.2894
1644/1688 [============================>.] - ETA: 0s - loss: 2.0091 - accuracy: 0.2895
1669/1688 [============================>.] - ETA: 0s - loss: 2.0070 - accuracy: 0.2898
1688/1688 [==============================] - 8s 3ms/step - loss: 2.0054 - accuracy: 0.2903 - val_loss: 1.9719 - val_accuracy: 0.2822
Epoch 2/62

   1/1688 [..............................] - ETA: 26s - loss: 1.9433 - accuracy: 0.2812
  23/1688 [..............................] - ETA: 4s - loss: 1.8891 - accuracy: 0.3193 
  49/1688 [..............................] - ETA: 4s - loss: 1.8932 - accuracy: 0.3284
  74/1688 [>.............................] - ETA: 4s - loss: 1.8649 - accuracy: 0.3366
  99/1688 [>.............................] - ETA: 4s - loss: 1.8817 - accuracy: 0.3283
 126/1688 [=>............................] - ETA: 3s - loss: 1.8768 - accuracy: 0.3341
 150/1688 [=>............................] - ETA: 3s - loss: 1.8756 - accuracy: 0.3321
 173/1688 [==>...........................] - ETA: 3s - loss: 1.8702 - accuracy: 0.3332
 198/1688 [==>...........................] - ETA: 3s - loss: 1.8728 - accuracy: 0.3323
 224/1688 [==>...........................] - ETA: 3s - loss: 1.8620 - accuracy: 0.3347
 250/1688 [===>..........................] - ETA: 3s - loss: 1.8630 - accuracy: 0.3376
 274/1688 [===>..........................] - ETA: 3s - loss: 1.8680 - accuracy: 0.3355
 298/1688 [====>.........................] - ETA: 3s - loss: 1.8723 - accuracy: 0.3341
 327/1688 [====>.........................] - ETA: 3s - loss: 1.8767 - accuracy: 0.3305
 355/1688 [=====>........................] - ETA: 3s - loss: 1.8738 - accuracy: 0.3300
 381/1688 [=====>........................] - ETA: 3s - loss: 1.8802 - accuracy: 0.3274
 405/1688 [======>.......................] - ETA: 3s - loss: 1.8833 - accuracy: 0.3272
 432/1688 [======>.......................] - ETA: 3s - loss: 1.8796 - accuracy: 0.3283
 458/1688 [=======>......................] - ETA: 3s - loss: 1.8785 - accuracy: 0.3284
 487/1688 [=======>......................] - ETA: 2s - loss: 1.8744 - accuracy: 0.3290
 511/1688 [========>.....................] - ETA: 2s - loss: 1.8724 - accuracy: 0.3292
 529/1688 [========>.....................] - ETA: 2s - loss: 1.8755 - accuracy: 0.3270
 552/1688 [========>.....................] - ETA: 2s - loss: 1.8740 - accuracy: 0.3272
 576/1688 [=========>....................] - ETA: 2s - loss: 1.8747 - accuracy: 0.3278
 602/1688 [=========>....................] - ETA: 2s - loss: 1.8747 - accuracy: 0.3278
 627/1688 [==========>...................] - ETA: 2s - loss: 1.8771 - accuracy: 0.3272
 653/1688 [==========>...................] - ETA: 2s - loss: 1.8770 - accuracy: 0.3270
 677/1688 [===========>..................] - ETA: 2s - loss: 1.8774 - accuracy: 0.3261
 703/1688 [===========>..................] - ETA: 2s - loss: 1.8779 - accuracy: 0.3264
 727/1688 [===========>..................] - ETA: 2s - loss: 1.8772 - accuracy: 0.3269
 753/1688 [============>.................] - ETA: 2s - loss: 1.8768 - accuracy: 0.3263
 776/1688 [============>.................] - ETA: 2s - loss: 1.8765 - accuracy: 0.3257
 801/1688 [=============>................] - ETA: 2s - loss: 1.8766 - accuracy: 0.3255
 824/1688 [=============>................] - ETA: 2s - loss: 1.8758 - accuracy: 0.3263
 850/1688 [==============>...............] - ETA: 2s - loss: 1.8765 - accuracy: 0.3267
 875/1688 [==============>...............] - ETA: 2s - loss: 1.8757 - accuracy: 0.3268
 899/1688 [==============>...............] - ETA: 1s - loss: 1.8754 - accuracy: 0.3270
 924/1688 [===============>..............] - ETA: 1s - loss: 1.8741 - accuracy: 0.3281
 950/1688 [===============>..............] - ETA: 1s - loss: 1.8750 - accuracy: 0.3273
 974/1688 [================>.............] - ETA: 1s - loss: 1.8756 - accuracy: 0.3269
 998/1688 [================>.............] - ETA: 1s - loss: 1.8752 - accuracy: 0.3270
1024/1688 [=================>............] - ETA: 1s - loss: 1.8747 - accuracy: 0.3267
1050/1688 [=================>............] - ETA: 1s - loss: 1.8744 - accuracy: 0.3268
1073/1688 [==================>...........] - ETA: 1s - loss: 1.8737 - accuracy: 0.3265
1097/1688 [==================>...........] - ETA: 1s - loss: 1.8741 - accuracy: 0.3264
1123/1688 [==================>...........] - ETA: 1s - loss: 1.8741 - accuracy: 0.3262
1149/1688 [===================>..........] - ETA: 1s - loss: 1.8743 - accuracy: 0.3264
1174/1688 [===================>..........] - ETA: 1s - loss: 1.8738 - accuracy: 0.3266
1197/1688 [====================>.........] - ETA: 1s - loss: 1.8750 - accuracy: 0.3261
1220/1688 [====================>.........] - ETA: 1s - loss: 1.8773 - accuracy: 0.3254
1244/1688 [=====================>........] - ETA: 1s - loss: 1.8764 - accuracy: 0.3256
1262/1688 [=====================>........] - ETA: 1s - loss: 1.8776 - accuracy: 0.3249
1284/1688 [=====================>........] - ETA: 1s - loss: 1.8782 - accuracy: 0.3245
1307/1688 [======================>.......] - ETA: 0s - loss: 1.8779 - accuracy: 0.3247
1330/1688 [======================>.......] - ETA: 0s - loss: 1.8766 - accuracy: 0.3252
1350/1688 [======================>.......] - ETA: 0s - loss: 1.8767 - accuracy: 0.3251
1372/1688 [=======================>......] - ETA: 0s - loss: 1.8766 - accuracy: 0.3257
1397/1688 [=======================>......] - ETA: 0s - loss: 1.8769 - accuracy: 0.3259
1422/1688 [========================>.....] - ETA: 0s - loss: 1.8777 - accuracy: 0.3258
1448/1688 [========================>.....] - ETA: 0s - loss: 1.8761 - accuracy: 0.3260
1473/1688 [=========================>....] - ETA: 0s - loss: 1.8762 - accuracy: 0.3258
1499/1688 [=========================>....] - ETA: 0s - loss: 1.8762 - accuracy: 0.3259
1524/1688 [==========================>...] - ETA: 0s - loss: 1.8762 - accuracy: 0.3259
1550/1688 [==========================>...] - ETA: 0s - loss: 1.8755 - accuracy: 0.3264
1574/1688 [==========================>...] - ETA: 0s - loss: 1.8762 - accuracy: 0.3262
1593/1688 [===========================>..] - ETA: 0s - loss: 1.8762 - accuracy: 0.3262
1614/1688 [===========================>..] - ETA: 0s - loss: 1.8752 - accuracy: 0.3264
1635/1688 [============================>.] - ETA: 0s - loss: 1.8754 - accuracy: 0.3263
1656/1688 [============================>.] - ETA: 0s - loss: 1.8748 - accuracy: 0.3265
1678/1688 [============================>.] - ETA: 0s - loss: 1.8731 - accuracy: 0.3268
1688/1688 [==============================] - 5s 3ms/step - loss: 1.8737 - accuracy: 0.3266 - val_loss: 1.8699 - val_accuracy: 0.3448
Epoch 3/62

   1/1688 [..............................] - ETA: 0s - loss: 2.0031 - accuracy: 0.3125
  20/1688 [..............................] - ETA: 5s - loss: 1.9007 - accuracy: 0.3125
  43/1688 [..............................] - ETA: 4s - loss: 1.8565 - accuracy: 0.3249
  62/1688 [>.............................] - ETA: 4s - loss: 1.8292 - accuracy: 0.3377
  83/1688 [>.............................] - ETA: 4s - loss: 1.8091 - accuracy: 0.3502
 106/1688 [>.............................] - ETA: 4s - loss: 1.8094 - accuracy: 0.3479
 132/1688 [=>............................] - ETA: 4s - loss: 1.8268 - accuracy: 0.3393
 155/1688 [=>............................] - ETA: 4s - loss: 1.8310 - accuracy: 0.3363
 180/1688 [==>...........................] - ETA: 4s - loss: 1.8292 - accuracy: 0.3399
 206/1688 [==>...........................] - ETA: 3s - loss: 1.8234 - accuracy: 0.3422
 231/1688 [===>..........................] - ETA: 3s - loss: 1.8276 - accuracy: 0.3427
 256/1688 [===>..........................] - ETA: 3s - loss: 1.8308 - accuracy: 0.3395
 280/1688 [===>..........................] - ETA: 3s - loss: 1.8273 - accuracy: 0.3412
 304/1688 [====>.........................] - ETA: 3s - loss: 1.8226 - accuracy: 0.3416
 330/1688 [====>.........................] - ETA: 3s - loss: 1.8220 - accuracy: 0.3430
 352/1688 [=====>........................] - ETA: 3s - loss: 1.8199 - accuracy: 0.3451
 376/1688 [=====>........................] - ETA: 3s - loss: 1.8221 - accuracy: 0.3428
 399/1688 [======>.......................] - ETA: 3s - loss: 1.8193 - accuracy: 0.3437
 422/1688 [======>.......................] - ETA: 3s - loss: 1.8180 - accuracy: 0.3437
 448/1688 [======>.......................] - ETA: 3s - loss: 1.8244 - accuracy: 0.3419
 474/1688 [=======>......................] - ETA: 3s - loss: 1.8221 - accuracy: 0.3428
 499/1688 [=======>......................] - ETA: 3s - loss: 1.8238 - accuracy: 0.3421
 523/1688 [========>.....................] - ETA: 3s - loss: 1.8241 - accuracy: 0.3420
 547/1688 [========>.....................] - ETA: 2s - loss: 1.8263 - accuracy: 0.3409
 569/1688 [=========>....................] - ETA: 2s - loss: 1.8275 - accuracy: 0.3415
 590/1688 [=========>....................] - ETA: 2s - loss: 1.8283 - accuracy: 0.3414
 613/1688 [=========>....................] - ETA: 2s - loss: 1.8274 - accuracy: 0.3406
 635/1688 [==========>...................] - ETA: 2s - loss: 1.8254 - accuracy: 0.3413
 661/1688 [==========>...................] - ETA: 2s - loss: 1.8263 - accuracy: 0.3416
 688/1688 [===========>..................] - ETA: 2s - loss: 1.8257 - accuracy: 0.3418
 714/1688 [===========>..................] - ETA: 2s - loss: 1.8267 - accuracy: 0.3412
 741/1688 [============>.................] - ETA: 2s - loss: 1.8273 - accuracy: 0.3411
 767/1688 [============>.................] - ETA: 2s - loss: 1.8278 - accuracy: 0.3412
 792/1688 [=============>................] - ETA: 2s - loss: 1.8265 - accuracy: 0.3421
 816/1688 [=============>................] - ETA: 2s - loss: 1.8288 - accuracy: 0.3420
 836/1688 [=============>................] - ETA: 2s - loss: 1.8284 - accuracy: 0.3422
 857/1688 [==============>...............] - ETA: 2s - loss: 1.8355 - accuracy: 0.3393
 880/1688 [==============>...............] - ETA: 2s - loss: 1.8372 - accuracy: 0.3384
 903/1688 [===============>..............] - ETA: 2s - loss: 1.8364 - accuracy: 0.3391
 930/1688 [===============>..............] - ETA: 1s - loss: 1.8372 - accuracy: 0.3383
 955/1688 [===============>..............] - ETA: 1s - loss: 1.8363 - accuracy: 0.3387
 981/1688 [================>.............] - ETA: 1s - loss: 1.8376 - accuracy: 0.3379
1007/1688 [================>.............] - ETA: 1s - loss: 1.8386 - accuracy: 0.3375
1032/1688 [=================>............] - ETA: 1s - loss: 1.8384 - accuracy: 0.3369
1056/1688 [=================>............] - ETA: 1s - loss: 1.8374 - accuracy: 0.3376
1080/1688 [==================>...........] - ETA: 1s - loss: 1.8376 - accuracy: 0.3378
1105/1688 [==================>...........] - ETA: 1s - loss: 1.8395 - accuracy: 0.3370
1129/1688 [===================>..........] - ETA: 1s - loss: 1.8414 - accuracy: 0.3364
1154/1688 [===================>..........] - ETA: 1s - loss: 1.8418 - accuracy: 0.3359
1179/1688 [===================>..........] - ETA: 1s - loss: 1.8415 - accuracy: 0.3357
1205/1688 [====================>.........] - ETA: 1s - loss: 1.8414 - accuracy: 0.3362
1231/1688 [====================>.........] - ETA: 1s - loss: 1.8416 - accuracy: 0.3358
1257/1688 [=====================>........] - ETA: 1s - loss: 1.8401 - accuracy: 0.3361
1281/1688 [=====================>........] - ETA: 1s - loss: 1.8404 - accuracy: 0.3358
1307/1688 [======================>.......] - ETA: 0s - loss: 1.8408 - accuracy: 0.3359
1333/1688 [======================>.......] - ETA: 0s - loss: 1.8407 - accuracy: 0.3359
1359/1688 [=======================>......] - ETA: 0s - loss: 1.8416 - accuracy: 0.3358
1386/1688 [=======================>......] - ETA: 0s - loss: 1.8419 - accuracy: 0.3357
1412/1688 [========================>.....] - ETA: 0s - loss: 1.8410 - accuracy: 0.3357
1432/1688 [========================>.....] - ETA: 0s - loss: 1.8410 - accuracy: 0.3358
1453/1688 [========================>.....] - ETA: 0s - loss: 1.8416 - accuracy: 0.3357
1479/1688 [=========================>....] - ETA: 0s - loss: 1.8433 - accuracy: 0.3351
1501/1688 [=========================>....] - ETA: 0s - loss: 1.8440 - accuracy: 0.3348
1527/1688 [==========================>...] - ETA: 0s - loss: 1.8443 - accuracy: 0.3344
1551/1688 [==========================>...] - ETA: 0s - loss: 1.8449 - accuracy: 0.3340
1576/1688 [===========================>..] - ETA: 0s - loss: 1.8443 - accuracy: 0.3342
1602/1688 [===========================>..] - ETA: 0s - loss: 1.8436 - accuracy: 0.3345
1628/1688 [===========================>..] - ETA: 0s - loss: 1.8444 - accuracy: 0.3340
1652/1688 [============================>.] - ETA: 0s - loss: 1.8445 - accuracy: 0.3341
1675/1688 [============================>.] - ETA: 0s - loss: 1.8454 - accuracy: 0.3336
1688/1688 [==============================] - 5s 3ms/step - loss: 1.8464 - accuracy: 0.3334 - val_loss: 1.8588 - val_accuracy: 0.3247
Epoch 4/62

   1/1688 [..............................] - ETA: 0s - loss: 1.9486 - accuracy: 0.2188
  21/1688 [..............................] - ETA: 5s - loss: 1.8671 - accuracy: 0.3170
  47/1688 [..............................] - ETA: 4s - loss: 1.8283 - accuracy: 0.3305
  73/1688 [>.............................] - ETA: 4s - loss: 1.8257 - accuracy: 0.3416
  98/1688 [>.............................] - ETA: 4s - loss: 1.8106 - accuracy: 0.3428
 123/1688 [=>............................] - ETA: 4s - loss: 1.8014 - accuracy: 0.3476
 143/1688 [=>............................] - ETA: 3s - loss: 1.7977 - accuracy: 0.3510
 164/1688 [=>............................] - ETA: 3s - loss: 1.7973 - accuracy: 0.3510
 189/1688 [==>...........................] - ETA: 3s - loss: 1.8016 - accuracy: 0.3502
 213/1688 [==>...........................] - ETA: 3s - loss: 1.8052 - accuracy: 0.3496
 237/1688 [===>..........................] - ETA: 3s - loss: 1.8085 - accuracy: 0.3478
 260/1688 [===>..........................] - ETA: 3s - loss: 1.8066 - accuracy: 0.3500
 284/1688 [====>.........................] - ETA: 3s - loss: 1.8075 - accuracy: 0.3519
 307/1688 [====>.........................] - ETA: 3s - loss: 1.8094 - accuracy: 0.3503
 331/1688 [====>.........................] - ETA: 3s - loss: 1.8075 - accuracy: 0.3504
 355/1688 [=====>........................] - ETA: 3s - loss: 1.8133 - accuracy: 0.3508
 379/1688 [=====>........................] - ETA: 3s - loss: 1.8147 - accuracy: 0.3505
 402/1688 [======>.......................] - ETA: 3s - loss: 1.8187 - accuracy: 0.3483
 425/1688 [======>.......................] - ETA: 3s - loss: 1.8188 - accuracy: 0.3481
 450/1688 [======>.......................] - ETA: 3s - loss: 1.8222 - accuracy: 0.3471
 477/1688 [=======>......................] - ETA: 3s - loss: 1.8197 - accuracy: 0.3483
 502/1688 [=======>......................] - ETA: 3s - loss: 1.8193 - accuracy: 0.3478
 527/1688 [========>.....................] - ETA: 3s - loss: 1.8201 - accuracy: 0.3483
 550/1688 [========>.....................] - ETA: 2s - loss: 1.8202 - accuracy: 0.3476
 574/1688 [=========>....................] - ETA: 2s - loss: 1.8208 - accuracy: 0.3480
 599/1688 [=========>....................] - ETA: 2s - loss: 1.8216 - accuracy: 0.3471
 621/1688 [==========>...................] - ETA: 2s - loss: 1.8201 - accuracy: 0.3471
 642/1688 [==========>...................] - ETA: 2s - loss: 1.8206 - accuracy: 0.3474
 668/1688 [==========>...................] - ETA: 2s - loss: 1.8212 - accuracy: 0.3463
 691/1688 [===========>..................] - ETA: 2s - loss: 1.8225 - accuracy: 0.3449
 714/1688 [===========>..................] - ETA: 2s - loss: 1.8231 - accuracy: 0.3439
 735/1688 [============>.................] - ETA: 2s - loss: 1.8238 - accuracy: 0.3436
 759/1688 [============>.................] - ETA: 2s - loss: 1.8264 - accuracy: 0.3429
 783/1688 [============>.................] - ETA: 2s - loss: 1.8285 - accuracy: 0.3423
 810/1688 [=============>................] - ETA: 2s - loss: 1.8268 - accuracy: 0.3432
 833/1688 [=============>................] - ETA: 2s - loss: 1.8255 - accuracy: 0.3433
 857/1688 [==============>...............] - ETA: 2s - loss: 1.8249 - accuracy: 0.3441
 880/1688 [==============>...............] - ETA: 2s - loss: 1.8242 - accuracy: 0.3443
 905/1688 [===============>..............] - ETA: 2s - loss: 1.8249 - accuracy: 0.3446
 930/1688 [===============>..............] - ETA: 1s - loss: 1.8251 - accuracy: 0.3443
 954/1688 [===============>..............] - ETA: 1s - loss: 1.8249 - accuracy: 0.3444
 976/1688 [================>.............] - ETA: 1s - loss: 1.8242 - accuracy: 0.3443
 999/1688 [================>.............] - ETA: 1s - loss: 1.8238 - accuracy: 0.3440
1025/1688 [=================>............] - ETA: 1s - loss: 1.8248 - accuracy: 0.3434
1048/1688 [=================>............] - ETA: 1s - loss: 1.8264 - accuracy: 0.3426
1072/1688 [==================>...........] - ETA: 1s - loss: 1.8314 - accuracy: 0.3402
1097/1688 [==================>...........] - ETA: 1s - loss: 1.8321 - accuracy: 0.3393
1122/1688 [==================>...........] - ETA: 1s - loss: 1.8323 - accuracy: 0.3393
1142/1688 [===================>..........] - ETA: 1s - loss: 1.8328 - accuracy: 0.3389
1164/1688 [===================>..........] - ETA: 1s - loss: 1.8337 - accuracy: 0.3387
1187/1688 [====================>.........] - ETA: 1s - loss: 1.8342 - accuracy: 0.3382
1212/1688 [====================>.........] - ETA: 1s - loss: 1.8349 - accuracy: 0.3380
1235/1688 [====================>.........] - ETA: 1s - loss: 1.8344 - accuracy: 0.3381
1258/1688 [=====================>........] - ETA: 1s - loss: 1.8349 - accuracy: 0.3377
1281/1688 [=====================>........] - ETA: 1s - loss: 1.8340 - accuracy: 0.3378
1306/1688 [======================>.......] - ETA: 0s - loss: 1.8335 - accuracy: 0.3384
1328/1688 [======================>.......] - ETA: 0s - loss: 1.8330 - accuracy: 0.3385
1353/1688 [=======================>......] - ETA: 0s - loss: 1.8336 - accuracy: 0.3387
1382/1688 [=======================>......] - ETA: 0s - loss: 1.8334 - accuracy: 0.3385
1406/1688 [=======================>......] - ETA: 0s - loss: 1.8342 - accuracy: 0.3381
1432/1688 [========================>.....] - ETA: 0s - loss: 1.8344 - accuracy: 0.3383
1459/1688 [========================>.....] - ETA: 0s - loss: 1.8363 - accuracy: 0.3377
1481/1688 [=========================>....] - ETA: 0s - loss: 1.8365 - accuracy: 0.3377
1503/1688 [=========================>....] - ETA: 0s - loss: 1.8371 - accuracy: 0.3375
1531/1688 [==========================>...] - ETA: 0s - loss: 1.8369 - accuracy: 0.3376
1557/1688 [==========================>...] - ETA: 0s - loss: 1.8367 - accuracy: 0.3377
1582/1688 [===========================>..] - ETA: 0s - loss: 1.8355 - accuracy: 0.3383
1606/1688 [===========================>..] - ETA: 0s - loss: 1.8356 - accuracy: 0.3382
1632/1688 [============================>.] - ETA: 0s - loss: 1.8355 - accuracy: 0.3384
1657/1688 [============================>.] - ETA: 0s - loss: 1.8356 - accuracy: 0.3381
1683/1688 [============================>.] - ETA: 0s - loss: 1.8348 - accuracy: 0.3387
1688/1688 [==============================] - 5s 3ms/step - loss: 1.8345 - accuracy: 0.3387 - val_loss: 1.7923 - val_accuracy: 0.3625
Epoch 5/62

   1/1688 [..............................] - ETA: 0s - loss: 1.7352 - accuracy: 0.3750
  23/1688 [..............................] - ETA: 4s - loss: 1.7463 - accuracy: 0.3764
  43/1688 [..............................] - ETA: 4s - loss: 1.7608 - accuracy: 0.3634
  63/1688 [>.............................] - ETA: 4s - loss: 1.7592 - accuracy: 0.3666
  86/1688 [>.............................] - ETA: 4s - loss: 1.7725 - accuracy: 0.3623
 109/1688 [>.............................] - ETA: 4s - loss: 1.7767 - accuracy: 0.3598
 135/1688 [=>............................] - ETA: 4s - loss: 1.7883 - accuracy: 0.3539
 159/1688 [=>............................] - ETA: 4s - loss: 1.7888 - accuracy: 0.3538
 184/1688 [==>...........................] - ETA: 3s - loss: 1.8027 - accuracy: 0.3505
 208/1688 [==>...........................] - ETA: 3s - loss: 1.8038 - accuracy: 0.3499
 233/1688 [===>..........................] - ETA: 3s - loss: 1.8032 - accuracy: 0.3511
 256/1688 [===>..........................] - ETA: 3s - loss: 1.7949 - accuracy: 0.3555
 282/1688 [====>.........................] - ETA: 3s - loss: 1.7958 - accuracy: 0.3554
 309/1688 [====>.........................] - ETA: 3s - loss: 1.7985 - accuracy: 0.3532
 334/1688 [====>.........................] - ETA: 3s - loss: 1.8063 - accuracy: 0.3498
 358/1688 [=====>........................] - ETA: 3s - loss: 1.8068 - accuracy: 0.3486
 376/1688 [=====>........................] - ETA: 3s - loss: 1.8056 - accuracy: 0.3497
 398/1688 [======>.......................] - ETA: 3s - loss: 1.8051 - accuracy: 0.3501
 423/1688 [======>.......................] - ETA: 3s - loss: 1.8039 - accuracy: 0.3500
 449/1688 [======>.......................] - ETA: 3s - loss: 1.8077 - accuracy: 0.3492
 470/1688 [=======>......................] - ETA: 3s - loss: 1.8052 - accuracy: 0.3490
 493/1688 [=======>......................] - ETA: 3s - loss: 1.8073 - accuracy: 0.3497
 519/1688 [========>.....................] - ETA: 3s - loss: 1.8122 - accuracy: 0.3480
 538/1688 [========>.....................] - ETA: 2s - loss: 1.8123 - accuracy: 0.3471
 561/1688 [========>.....................] - ETA: 2s - loss: 1.8160 - accuracy: 0.3469
 586/1688 [=========>....................] - ETA: 2s - loss: 1.8202 - accuracy: 0.3448
 611/1688 [=========>....................] - ETA: 2s - loss: 1.8203 - accuracy: 0.3450
 633/1688 [==========>...................] - ETA: 2s - loss: 1.8220 - accuracy: 0.3450
 658/1688 [==========>...................] - ETA: 2s - loss: 1.8225 - accuracy: 0.3455
 683/1688 [===========>..................] - ETA: 2s - loss: 1.8220 - accuracy: 0.3454
 708/1688 [===========>..................] - ETA: 2s - loss: 1.8195 - accuracy: 0.3458
 730/1688 [===========>..................] - ETA: 2s - loss: 1.8196 - accuracy: 0.3452
 750/1688 [============>.................] - ETA: 2s - loss: 1.8209 - accuracy: 0.3446
 771/1688 [============>.................] - ETA: 2s - loss: 1.8203 - accuracy: 0.3440
 794/1688 [=============>................] - ETA: 2s - loss: 1.8214 - accuracy: 0.3441
 818/1688 [=============>................] - ETA: 2s - loss: 1.8224 - accuracy: 0.3442
 842/1688 [=============>................] - ETA: 2s - loss: 1.8267 - accuracy: 0.3434
 867/1688 [==============>...............] - ETA: 2s - loss: 1.8275 - accuracy: 0.3427
 892/1688 [==============>...............] - ETA: 2s - loss: 1.8296 - accuracy: 0.3418
 919/1688 [===============>..............] - ETA: 1s - loss: 1.8300 - accuracy: 0.3418
 943/1688 [===============>..............] - ETA: 1s - loss: 1.8308 - accuracy: 0.3417
 969/1688 [================>.............] - ETA: 1s - loss: 1.8299 - accuracy: 0.3417
 995/1688 [================>.............] - ETA: 1s - loss: 1.8302 - accuracy: 0.3409
1019/1688 [=================>............] - ETA: 1s - loss: 1.8313 - accuracy: 0.3409
1044/1688 [=================>............] - ETA: 1s - loss: 1.8322 - accuracy: 0.3404
1068/1688 [=================>............] - ETA: 1s - loss: 1.8324 - accuracy: 0.3399
1093/1688 [==================>...........] - ETA: 1s - loss: 1.8333 - accuracy: 0.3398
1118/1688 [==================>...........] - ETA: 1s - loss: 1.8329 - accuracy: 0.3394
1142/1688 [===================>..........] - ETA: 1s - loss: 1.8314 - accuracy: 0.3397
1165/1688 [===================>..........] - ETA: 1s - loss: 1.8306 - accuracy: 0.3401
1189/1688 [====================>.........] - ETA: 1s - loss: 1.8312 - accuracy: 0.3398
1213/1688 [====================>.........] - ETA: 1s - loss: 1.8336 - accuracy: 0.3387
1239/1688 [=====================>........] - ETA: 1s - loss: 1.8342 - accuracy: 0.3385
1263/1688 [=====================>........] - ETA: 1s - loss: 1.8360 - accuracy: 0.3384
1283/1688 [=====================>........] - ETA: 1s - loss: 1.8358 - accuracy: 0.3384
1305/1688 [======================>.......] - ETA: 0s - loss: 1.8346 - accuracy: 0.3389
1327/1688 [======================>.......] - ETA: 0s - loss: 1.8343 - accuracy: 0.3388
1351/1688 [=======================>......] - ETA: 0s - loss: 1.8335 - accuracy: 0.3392
1376/1688 [=======================>......] - ETA: 0s - loss: 1.8343 - accuracy: 0.3393
1403/1688 [=======================>......] - ETA: 0s - loss: 1.8343 - accuracy: 0.3392
1430/1688 [========================>.....] - ETA: 0s - loss: 1.8351 - accuracy: 0.3391
1455/1688 [========================>.....] - ETA: 0s - loss: 1.8351 - accuracy: 0.3392
1481/1688 [=========================>....] - ETA: 0s - loss: 1.8349 - accuracy: 0.3394
1505/1688 [=========================>....] - ETA: 0s - loss: 1.8352 - accuracy: 0.3394
1531/1688 [==========================>...] - ETA: 0s - loss: 1.8348 - accuracy: 0.3397
1554/1688 [==========================>...] - ETA: 0s - loss: 1.8348 - accuracy: 0.3398
1580/1688 [===========================>..] - ETA: 0s - loss: 1.8346 - accuracy: 0.3398
1603/1688 [===========================>..] - ETA: 0s - loss: 1.8350 - accuracy: 0.3398
1623/1688 [===========================>..] - ETA: 0s - loss: 1.8352 - accuracy: 0.3397
1643/1688 [============================>.] - ETA: 0s - loss: 1.8354 - accuracy: 0.3397
1667/1688 [============================>.] - ETA: 0s - loss: 1.8343 - accuracy: 0.3401
1688/1688 [==============================] - 5s 3ms/step - loss: 1.8342 - accuracy: 0.3399 - val_loss: 1.8014 - val_accuracy: 0.3518
Epoch 6/62

   1/1688 [..............................] - ETA: 13s - loss: 1.7125 - accuracy: 0.2812
  19/1688 [..............................] - ETA: 4s - loss: 1.8052 - accuracy: 0.3734 
  42/1688 [..............................] - ETA: 4s - loss: 1.8357 - accuracy: 0.3445
  68/1688 [>.............................] - ETA: 4s - loss: 1.8062 - accuracy: 0.3635
  94/1688 [>.............................] - ETA: 4s - loss: 1.8084 - accuracy: 0.3617
 119/1688 [=>............................] - ETA: 3s - loss: 1.7837 - accuracy: 0.3690
 143/1688 [=>............................] - ETA: 3s - loss: 1.7891 - accuracy: 0.3628
 168/1688 [=>............................] - ETA: 3s - loss: 1.7968 - accuracy: 0.3596
 192/1688 [==>...........................] - ETA: 3s - loss: 1.7935 - accuracy: 0.3581
 217/1688 [==>...........................] - ETA: 3s - loss: 1.7957 - accuracy: 0.3620
 243/1688 [===>..........................] - ETA: 3s - loss: 1.7966 - accuracy: 0.3620
 268/1688 [===>..........................] - ETA: 3s - loss: 1.8018 - accuracy: 0.3590
 294/1688 [====>.........................] - ETA: 3s - loss: 1.8029 - accuracy: 0.3578
 321/1688 [====>.........................] - ETA: 3s - loss: 1.8023 - accuracy: 0.3581
 339/1688 [=====>........................] - ETA: 3s - loss: 1.8004 - accuracy: 0.3579
 365/1688 [=====>........................] - ETA: 3s - loss: 1.8007 - accuracy: 0.3572
 389/1688 [=====>........................] - ETA: 3s - loss: 1.7997 - accuracy: 0.3577
 415/1688 [======>.......................] - ETA: 3s - loss: 1.8017 - accuracy: 0.3567
 441/1688 [======>.......................] - ETA: 3s - loss: 1.8036 - accuracy: 0.3553
 467/1688 [=======>......................] - ETA: 3s - loss: 1.8043 - accuracy: 0.3541
 493/1688 [=======>......................] - ETA: 2s - loss: 1.8052 - accuracy: 0.3534
 518/1688 [========>.....................] - ETA: 2s - loss: 1.8054 - accuracy: 0.3524
 542/1688 [========>.....................] - ETA: 2s - loss: 1.8054 - accuracy: 0.3527
 569/1688 [=========>....................] - ETA: 2s - loss: 1.8049 - accuracy: 0.3519
 594/1688 [=========>....................] - ETA: 2s - loss: 1.8019 - accuracy: 0.3524
 619/1688 [==========>...................] - ETA: 2s - loss: 1.8032 - accuracy: 0.3520
 643/1688 [==========>...................] - ETA: 2s - loss: 1.8034 - accuracy: 0.3520
 667/1688 [==========>...................] - ETA: 2s - loss: 1.8059 - accuracy: 0.3517
 693/1688 [===========>..................] - ETA: 2s - loss: 1.8085 - accuracy: 0.3503
 719/1688 [===========>..................] - ETA: 2s - loss: 1.8079 - accuracy: 0.3516
 746/1688 [============>.................] - ETA: 2s - loss: 1.8074 - accuracy: 0.3519
 772/1688 [============>.................] - ETA: 2s - loss: 1.8079 - accuracy: 0.3518
 795/1688 [=============>................] - ETA: 2s - loss: 1.8110 - accuracy: 0.3508
 821/1688 [=============>................] - ETA: 2s - loss: 1.8088 - accuracy: 0.3512
 846/1688 [==============>...............] - ETA: 2s - loss: 1.8091 - accuracy: 0.3517
 872/1688 [==============>...............] - ETA: 2s - loss: 1.8102 - accuracy: 0.3515
 893/1688 [==============>...............] - ETA: 1s - loss: 1.8103 - accuracy: 0.3515
 915/1688 [===============>..............] - ETA: 1s - loss: 1.8100 - accuracy: 0.3516
 935/1688 [===============>..............] - ETA: 1s - loss: 1.8102 - accuracy: 0.3515
 961/1688 [================>.............] - ETA: 1s - loss: 1.8083 - accuracy: 0.3515
 987/1688 [================>.............] - ETA: 1s - loss: 1.8085 - accuracy: 0.3510
1012/1688 [================>.............] - ETA: 1s - loss: 1.8086 - accuracy: 0.3513
1038/1688 [=================>............] - ETA: 1s - loss: 1.8089 - accuracy: 0.3511
1064/1688 [=================>............] - ETA: 1s - loss: 1.8074 - accuracy: 0.3514
1091/1688 [==================>...........] - ETA: 1s - loss: 1.8070 - accuracy: 0.3508
1118/1688 [==================>...........] - ETA: 1s - loss: 1.8085 - accuracy: 0.3501
1145/1688 [===================>..........] - ETA: 1s - loss: 1.8077 - accuracy: 0.3502
1170/1688 [===================>..........] - ETA: 1s - loss: 1.8092 - accuracy: 0.3493
1195/1688 [====================>.........] - ETA: 1s - loss: 1.8088 - accuracy: 0.3492
1221/1688 [====================>.........] - ETA: 1s - loss: 1.8103 - accuracy: 0.3483
1245/1688 [=====================>........] - ETA: 1s - loss: 1.8110 - accuracy: 0.3481
1272/1688 [=====================>........] - ETA: 1s - loss: 1.8118 - accuracy: 0.3475
1298/1688 [======================>.......] - ETA: 0s - loss: 1.8132 - accuracy: 0.3464
1324/1688 [======================>.......] - ETA: 0s - loss: 1.8136 - accuracy: 0.3462
1349/1688 [======================>.......] - ETA: 0s - loss: 1.8134 - accuracy: 0.3459
1375/1688 [=======================>......] - ETA: 0s - loss: 1.8149 - accuracy: 0.3457
1401/1688 [=======================>......] - ETA: 0s - loss: 1.8149 - accuracy: 0.3459
1428/1688 [========================>.....] - ETA: 0s - loss: 1.8163 - accuracy: 0.3452
1454/1688 [========================>.....] - ETA: 0s - loss: 1.8158 - accuracy: 0.3451
1474/1688 [=========================>....] - ETA: 0s - loss: 1.8157 - accuracy: 0.3454
1496/1688 [=========================>....] - ETA: 0s - loss: 1.8154 - accuracy: 0.3456
1517/1688 [=========================>....] - ETA: 0s - loss: 1.8168 - accuracy: 0.3448
1538/1688 [==========================>...] - ETA: 0s - loss: 1.8190 - accuracy: 0.3438
1559/1688 [==========================>...] - ETA: 0s - loss: 1.8199 - accuracy: 0.3433
1584/1688 [===========================>..] - ETA: 0s - loss: 1.8199 - accuracy: 0.3434
1610/1688 [===========================>..] - ETA: 0s - loss: 1.8200 - accuracy: 0.3435
1630/1688 [===========================>..] - ETA: 0s - loss: 1.8197 - accuracy: 0.3437
1653/1688 [============================>.] - ETA: 0s - loss: 1.8198 - accuracy: 0.3435
1680/1688 [============================>.] - ETA: 0s - loss: 1.8201 - accuracy: 0.3435
1688/1688 [==============================] - 5s 3ms/step - loss: 1.8201 - accuracy: 0.3434 - val_loss: 1.8105 - val_accuracy: 0.3503
Epoch 7/62

   1/1688 [..............................] - ETA: 0s - loss: 1.6376 - accuracy: 0.4062
  23/1688 [..............................] - ETA: 4s - loss: 1.7752 - accuracy: 0.3560
  49/1688 [..............................] - ETA: 4s - loss: 1.7647 - accuracy: 0.3514
  72/1688 [>.............................] - ETA: 4s - loss: 1.7635 - accuracy: 0.3529
  96/1688 [>.............................] - ETA: 3s - loss: 1.7712 - accuracy: 0.3548
 120/1688 [=>............................] - ETA: 3s - loss: 1.7807 - accuracy: 0.3552
 146/1688 [=>............................] - ETA: 3s - loss: 1.7951 - accuracy: 0.3521
 171/1688 [==>...........................] - ETA: 3s - loss: 1.7974 - accuracy: 0.3527
 197/1688 [==>...........................] - ETA: 3s - loss: 1.7898 - accuracy: 0.3553
 218/1688 [==>...........................] - ETA: 3s - loss: 1.7943 - accuracy: 0.3549
 239/1688 [===>..........................] - ETA: 3s - loss: 1.7956 - accuracy: 0.3573
 263/1688 [===>..........................] - ETA: 3s - loss: 1.7973 - accuracy: 0.3547
 290/1688 [====>.........................] - ETA: 3s - loss: 1.7997 - accuracy: 0.3522
 313/1688 [====>.........................] - ETA: 3s - loss: 1.8045 - accuracy: 0.3485
 339/1688 [=====>........................] - ETA: 3s - loss: 1.8101 - accuracy: 0.3453
 364/1688 [=====>........................] - ETA: 3s - loss: 1.8094 - accuracy: 0.3435
 390/1688 [=====>........................] - ETA: 3s - loss: 1.8087 - accuracy: 0.3434
 416/1688 [======>.......................] - ETA: 3s - loss: 1.8066 - accuracy: 0.3447
 442/1688 [======>.......................] - ETA: 3s - loss: 1.8067 - accuracy: 0.3442
 467/1688 [=======>......................] - ETA: 3s - loss: 1.8042 - accuracy: 0.3457
 489/1688 [=======>......................] - ETA: 2s - loss: 1.8038 - accuracy: 0.3459
 510/1688 [========>.....................] - ETA: 2s - loss: 1.8034 - accuracy: 0.3468
 532/1688 [========>.....................] - ETA: 2s - loss: 1.8111 - accuracy: 0.3438
 553/1688 [========>.....................] - ETA: 2s - loss: 1.8110 - accuracy: 0.3424
 580/1688 [=========>....................] - ETA: 2s - loss: 1.8084 - accuracy: 0.3436
 607/1688 [=========>....................] - ETA: 2s - loss: 1.8069 - accuracy: 0.3447
 635/1688 [==========>...................] - ETA: 2s - loss: 1.8053 - accuracy: 0.3456
 663/1688 [==========>...................] - ETA: 2s - loss: 1.8088 - accuracy: 0.3438
 692/1688 [===========>..................] - ETA: 2s - loss: 1.8136 - accuracy: 0.3424
 721/1688 [===========>..................] - ETA: 2s - loss: 1.8128 - accuracy: 0.3433
 748/1688 [============>.................] - ETA: 2s - loss: 1.8127 - accuracy: 0.3439
 775/1688 [============>.................] - ETA: 2s - loss: 1.8140 - accuracy: 0.3428
 800/1688 [=============>................] - ETA: 2s - loss: 1.8153 - accuracy: 0.3423
 821/1688 [=============>................] - ETA: 2s - loss: 1.8160 - accuracy: 0.3414
 845/1688 [==============>...............] - ETA: 2s - loss: 1.8160 - accuracy: 0.3414
 872/1688 [==============>...............] - ETA: 1s - loss: 1.8178 - accuracy: 0.3405
 896/1688 [==============>...............] - ETA: 1s - loss: 1.8191 - accuracy: 0.3404
 919/1688 [===============>..............] - ETA: 1s - loss: 1.8196 - accuracy: 0.3411
 944/1688 [===============>..............] - ETA: 1s - loss: 1.8211 - accuracy: 0.3411
 970/1688 [================>.............] - ETA: 1s - loss: 1.8206 - accuracy: 0.3414
 995/1688 [================>.............] - ETA: 1s - loss: 1.8199 - accuracy: 0.3412
1021/1688 [=================>............] - ETA: 1s - loss: 1.8192 - accuracy: 0.3418
1046/1688 [=================>............] - ETA: 1s - loss: 1.8195 - accuracy: 0.3414
1070/1688 [==================>...........] - ETA: 1s - loss: 1.8199 - accuracy: 0.3410
1091/1688 [==================>...........] - ETA: 1s - loss: 1.8203 - accuracy: 0.3407
1118/1688 [==================>...........] - ETA: 1s - loss: 1.8217 - accuracy: 0.3399
1140/1688 [===================>..........] - ETA: 1s - loss: 1.8219 - accuracy: 0.3405
1163/1688 [===================>..........] - ETA: 1s - loss: 1.8220 - accuracy: 0.3409
1187/1688 [====================>.........] - ETA: 1s - loss: 1.8224 - accuracy: 0.3409
1210/1688 [====================>.........] - ETA: 1s - loss: 1.8225 - accuracy: 0.3413
1234/1688 [====================>.........] - ETA: 1s - loss: 1.8236 - accuracy: 0.3407
1259/1688 [=====================>........] - ETA: 1s - loss: 1.8235 - accuracy: 0.3408
1285/1688 [=====================>........] - ETA: 0s - loss: 1.8235 - accuracy: 0.3410
1311/1688 [======================>.......] - ETA: 0s - loss: 1.8250 - accuracy: 0.3411
1337/1688 [======================>.......] - ETA: 0s - loss: 1.8263 - accuracy: 0.3409
1360/1688 [=======================>......] - ETA: 0s - loss: 1.8267 - accuracy: 0.3403
1380/1688 [=======================>......] - ETA: 0s - loss: 1.8267 - accuracy: 0.3400
1406/1688 [=======================>......] - ETA: 0s - loss: 1.8277 - accuracy: 0.3397
1430/1688 [========================>.....] - ETA: 0s - loss: 1.8276 - accuracy: 0.3398
1454/1688 [========================>.....] - ETA: 0s - loss: 1.8277 - accuracy: 0.3397
1478/1688 [=========================>....] - ETA: 0s - loss: 1.8282 - accuracy: 0.3391
1502/1688 [=========================>....] - ETA: 0s - loss: 1.8304 - accuracy: 0.3383
1524/1688 [==========================>...] - ETA: 0s - loss: 1.8315 - accuracy: 0.3381
1547/1688 [==========================>...] - ETA: 0s - loss: 1.8310 - accuracy: 0.3383
1572/1688 [==========================>...] - ETA: 0s - loss: 1.8318 - accuracy: 0.3383
1599/1688 [===========================>..] - ETA: 0s - loss: 1.8314 - accuracy: 0.3388
1623/1688 [===========================>..] - ETA: 0s - loss: 1.8314 - accuracy: 0.3390
1647/1688 [============================>.] - ETA: 0s - loss: 1.8313 - accuracy: 0.3386
1669/1688 [============================>.] - ETA: 0s - loss: 1.8310 - accuracy: 0.3388
1688/1688 [==============================] - 4s 3ms/step - loss: 1.8306 - accuracy: 0.3385 - val_loss: 1.7953 - val_accuracy: 0.3545
Epoch 8/62

   1/1688 [..............................] - ETA: 16s - loss: 1.7271 - accuracy: 0.3750
  24/1688 [..............................] - ETA: 4s - loss: 1.8347 - accuracy: 0.3320 
  49/1688 [..............................] - ETA: 4s - loss: 1.8239 - accuracy: 0.3450
  74/1688 [>.............................] - ETA: 4s - loss: 1.8421 - accuracy: 0.3357
  98/1688 [>.............................] - ETA: 4s - loss: 1.8504 - accuracy: 0.3339
 123/1688 [=>............................] - ETA: 4s - loss: 1.8337 - accuracy: 0.3417
 145/1688 [=>............................] - ETA: 4s - loss: 1.8226 - accuracy: 0.3409
 170/1688 [==>...........................] - ETA: 3s - loss: 1.8172 - accuracy: 0.3436
 195/1688 [==>...........................] - ETA: 3s - loss: 1.8073 - accuracy: 0.3487
 219/1688 [==>...........................] - ETA: 3s - loss: 1.8110 - accuracy: 0.3490
 244/1688 [===>..........................] - ETA: 3s - loss: 1.8082 - accuracy: 0.3509
 269/1688 [===>..........................] - ETA: 3s - loss: 1.8037 - accuracy: 0.3534
 294/1688 [====>.........................] - ETA: 3s - loss: 1.8039 - accuracy: 0.3527
 318/1688 [====>.........................] - ETA: 3s - loss: 1.8094 - accuracy: 0.3516
 343/1688 [=====>........................] - ETA: 3s - loss: 1.8065 - accuracy: 0.3510
 368/1688 [=====>........................] - ETA: 3s - loss: 1.8028 - accuracy: 0.3519
 389/1688 [=====>........................] - ETA: 3s - loss: 1.8032 - accuracy: 0.3515
 411/1688 [======>.......................] - ETA: 3s - loss: 1.8052 - accuracy: 0.3510
 434/1688 [======>.......................] - ETA: 3s - loss: 1.8096 - accuracy: 0.3494
 459/1688 [=======>......................] - ETA: 3s - loss: 1.8085 - accuracy: 0.3510
 484/1688 [=======>......................] - ETA: 3s - loss: 1.8099 - accuracy: 0.3504
 510/1688 [========>.....................] - ETA: 3s - loss: 1.8088 - accuracy: 0.3512
 534/1688 [========>.....................] - ETA: 2s - loss: 1.8103 - accuracy: 0.3501
 558/1688 [========>.....................] - ETA: 2s - loss: 1.8134 - accuracy: 0.3490
 585/1688 [=========>....................] - ETA: 2s - loss: 1.8101 - accuracy: 0.3500
 609/1688 [=========>....................] - ETA: 2s - loss: 1.8113 - accuracy: 0.3498
 631/1688 [==========>...................] - ETA: 2s - loss: 1.8124 - accuracy: 0.3501
 654/1688 [==========>...................] - ETA: 2s - loss: 1.8129 - accuracy: 0.3494
 673/1688 [==========>...................] - ETA: 2s - loss: 1.8150 - accuracy: 0.3485
 696/1688 [===========>..................] - ETA: 2s - loss: 1.8154 - accuracy: 0.3482
 722/1688 [===========>..................] - ETA: 2s - loss: 1.8158 - accuracy: 0.3488
 746/1688 [============>.................] - ETA: 2s - loss: 1.8187 - accuracy: 0.3475
 771/1688 [============>.................] - ETA: 2s - loss: 1.8209 - accuracy: 0.3462
 798/1688 [=============>................] - ETA: 2s - loss: 1.8253 - accuracy: 0.3454
 822/1688 [=============>................] - ETA: 2s - loss: 1.8268 - accuracy: 0.3448
 847/1688 [==============>...............] - ETA: 2s - loss: 1.8288 - accuracy: 0.3443
 874/1688 [==============>...............] - ETA: 2s - loss: 1.8273 - accuracy: 0.3446
 897/1688 [==============>...............] - ETA: 2s - loss: 1.8274 - accuracy: 0.3443
 920/1688 [===============>..............] - ETA: 1s - loss: 1.8257 - accuracy: 0.3443
 942/1688 [===============>..............] - ETA: 1s - loss: 1.8259 - accuracy: 0.3436
 965/1688 [================>.............] - ETA: 1s - loss: 1.8275 - accuracy: 0.3432
 986/1688 [================>.............] - ETA: 1s - loss: 1.8270 - accuracy: 0.3438
1009/1688 [================>.............] - ETA: 1s - loss: 1.8264 - accuracy: 0.3436
1034/1688 [=================>............] - ETA: 1s - loss: 1.8249 - accuracy: 0.3439
1059/1688 [=================>............] - ETA: 1s - loss: 1.8245 - accuracy: 0.3439
1084/1688 [==================>...........] - ETA: 1s - loss: 1.8246 - accuracy: 0.3434
1110/1688 [==================>...........] - ETA: 1s - loss: 1.8228 - accuracy: 0.3440
1135/1688 [===================>..........] - ETA: 1s - loss: 1.8228 - accuracy: 0.3438
1160/1688 [===================>..........] - ETA: 1s - loss: 1.8232 - accuracy: 0.3438
1180/1688 [===================>..........] - ETA: 1s - loss: 1.8231 - accuracy: 0.3437
1202/1688 [====================>.........] - ETA: 1s - loss: 1.8220 - accuracy: 0.3444
1226/1688 [====================>.........] - ETA: 1s - loss: 1.8216 - accuracy: 0.3445
1251/1688 [=====================>........] - ETA: 1s - loss: 1.8216 - accuracy: 0.3444
1276/1688 [=====================>........] - ETA: 1s - loss: 1.8214 - accuracy: 0.3452
1300/1688 [======================>.......] - ETA: 0s - loss: 1.8210 - accuracy: 0.3449
1325/1688 [======================>.......] - ETA: 0s - loss: 1.8207 - accuracy: 0.3444
1350/1688 [======================>.......] - ETA: 0s - loss: 1.8216 - accuracy: 0.3443
1374/1688 [=======================>......] - ETA: 0s - loss: 1.8208 - accuracy: 0.3442
1397/1688 [=======================>......] - ETA: 0s - loss: 1.8206 - accuracy: 0.3441
1422/1688 [========================>.....] - ETA: 0s - loss: 1.8212 - accuracy: 0.3438
1448/1688 [========================>.....] - ETA: 0s - loss: 1.8201 - accuracy: 0.3443
1471/1688 [=========================>....] - ETA: 0s - loss: 1.8212 - accuracy: 0.3440
1491/1688 [=========================>....] - ETA: 0s - loss: 1.8213 - accuracy: 0.3439
1516/1688 [=========================>....] - ETA: 0s - loss: 1.8215 - accuracy: 0.3437
1542/1688 [==========================>...] - ETA: 0s - loss: 1.8221 - accuracy: 0.3436
1568/1688 [==========================>...] - ETA: 0s - loss: 1.8232 - accuracy: 0.3431
1595/1688 [===========================>..] - ETA: 0s - loss: 1.8237 - accuracy: 0.3427
1620/1688 [===========================>..] - ETA: 0s - loss: 1.8236 - accuracy: 0.3429
1643/1688 [============================>.] - ETA: 0s - loss: 1.8225 - accuracy: 0.3431
1667/1688 [============================>.] - ETA: 0s - loss: 1.8223 - accuracy: 0.3428
1688/1688 [==============================] - 5s 3ms/step - loss: 1.8232 - accuracy: 0.3424 - val_loss: 1.8064 - val_accuracy: 0.3625
Epoch 9/62

   1/1688 [..............................] - ETA: 16s - loss: 2.0684 - accuracy: 0.2188
  25/1688 [..............................] - ETA: 4s - loss: 1.7838 - accuracy: 0.3613 
  50/1688 [..............................] - ETA: 4s - loss: 1.7509 - accuracy: 0.3725
  76/1688 [>.............................] - ETA: 4s - loss: 1.8033 - accuracy: 0.3553
 102/1688 [>.............................] - ETA: 3s - loss: 1.7920 - accuracy: 0.3594
 128/1688 [=>............................] - ETA: 3s - loss: 1.8154 - accuracy: 0.3516
 153/1688 [=>............................] - ETA: 3s - loss: 1.8149 - accuracy: 0.3495
 178/1688 [==>...........................] - ETA: 3s - loss: 1.8100 - accuracy: 0.3508
 203/1688 [==>...........................] - ETA: 3s - loss: 1.8098 - accuracy: 0.3522
 227/1688 [===>..........................] - ETA: 3s - loss: 1.8064 - accuracy: 0.3512
 251/1688 [===>..........................] - ETA: 3s - loss: 1.8088 - accuracy: 0.3511
 277/1688 [===>..........................] - ETA: 3s - loss: 1.8324 - accuracy: 0.3405
 303/1688 [====>.........................] - ETA: 3s - loss: 1.8381 - accuracy: 0.3385
 327/1688 [====>.........................] - ETA: 3s - loss: 1.8409 - accuracy: 0.3378
 354/1688 [=====>........................] - ETA: 3s - loss: 1.8376 - accuracy: 0.3396
 379/1688 [=====>........................] - ETA: 3s - loss: 1.8362 - accuracy: 0.3389
 405/1688 [======>.......................] - ETA: 3s - loss: 1.8379 - accuracy: 0.3374
 432/1688 [======>.......................] - ETA: 3s - loss: 1.8398 - accuracy: 0.3380
 457/1688 [=======>......................] - ETA: 3s - loss: 1.8393 - accuracy: 0.3376
 478/1688 [=======>......................] - ETA: 3s - loss: 1.8396 - accuracy: 0.3381
 500/1688 [=======>......................] - ETA: 2s - loss: 1.8405 - accuracy: 0.3377
 527/1688 [========>.....................] - ETA: 2s - loss: 1.8384 - accuracy: 0.3389
 552/1688 [========>.....................] - ETA: 2s - loss: 1.8373 - accuracy: 0.3394
 577/1688 [=========>....................] - ETA: 2s - loss: 1.8379 - accuracy: 0.3392
 603/1688 [=========>....................] - ETA: 2s - loss: 1.8406 - accuracy: 0.3377
 629/1688 [==========>...................] - ETA: 2s - loss: 1.8395 - accuracy: 0.3389
 654/1688 [==========>...................] - ETA: 2s - loss: 1.8406 - accuracy: 0.3382
 679/1688 [===========>..................] - ETA: 2s - loss: 1.8401 - accuracy: 0.3383
 704/1688 [===========>..................] - ETA: 2s - loss: 1.8392 - accuracy: 0.3382
 730/1688 [===========>..................] - ETA: 2s - loss: 1.8381 - accuracy: 0.3381
 757/1688 [============>.................] - ETA: 2s - loss: 1.8381 - accuracy: 0.3384
 782/1688 [============>.................] - ETA: 2s - loss: 1.8393 - accuracy: 0.3378
 808/1688 [=============>................] - ETA: 2s - loss: 1.8412 - accuracy: 0.3376
 833/1688 [=============>................] - ETA: 2s - loss: 1.8424 - accuracy: 0.3368
 861/1688 [==============>...............] - ETA: 2s - loss: 1.8413 - accuracy: 0.3370
 886/1688 [==============>...............] - ETA: 1s - loss: 1.8409 - accuracy: 0.3371
 911/1688 [===============>..............] - ETA: 1s - loss: 1.8398 - accuracy: 0.3375
 936/1688 [===============>..............] - ETA: 1s - loss: 1.8403 - accuracy: 0.3376
 962/1688 [================>.............] - ETA: 1s - loss: 1.8399 - accuracy: 0.3379
 987/1688 [================>.............] - ETA: 1s - loss: 1.8395 - accuracy: 0.3378
1012/1688 [================>.............] - ETA: 1s - loss: 1.8397 - accuracy: 0.3376
1037/1688 [=================>............] - ETA: 1s - loss: 1.8392 - accuracy: 0.3376
1063/1688 [=================>............] - ETA: 1s - loss: 1.8383 - accuracy: 0.3374
1087/1688 [==================>...........] - ETA: 1s - loss: 1.8375 - accuracy: 0.3378
1112/1688 [==================>...........] - ETA: 1s - loss: 1.8357 - accuracy: 0.3384
1138/1688 [===================>..........] - ETA: 1s - loss: 1.8362 - accuracy: 0.3383
1164/1688 [===================>..........] - ETA: 1s - loss: 1.8362 - accuracy: 0.3384
1190/1688 [====================>.........] - ETA: 1s - loss: 1.8356 - accuracy: 0.3383
1216/1688 [====================>.........] - ETA: 1s - loss: 1.8384 - accuracy: 0.3370
1242/1688 [=====================>........] - ETA: 1s - loss: 1.8397 - accuracy: 0.3364
1267/1688 [=====================>........] - ETA: 1s - loss: 1.8410 - accuracy: 0.3360
1292/1688 [=====================>........] - ETA: 0s - loss: 1.8404 - accuracy: 0.3364
1317/1688 [======================>.......] - ETA: 0s - loss: 1.8405 - accuracy: 0.3365
1338/1688 [======================>.......] - ETA: 0s - loss: 1.8408 - accuracy: 0.3366
1360/1688 [=======================>......] - ETA: 0s - loss: 1.8406 - accuracy: 0.3362
1385/1688 [=======================>......] - ETA: 0s - loss: 1.8402 - accuracy: 0.3359
1410/1688 [========================>.....] - ETA: 0s - loss: 1.8394 - accuracy: 0.3360
1436/1688 [========================>.....] - ETA: 0s - loss: 1.8390 - accuracy: 0.3367
1461/1688 [========================>.....] - ETA: 0s - loss: 1.8398 - accuracy: 0.3366
1485/1688 [=========================>....] - ETA: 0s - loss: 1.8396 - accuracy: 0.3368
1510/1688 [=========================>....] - ETA: 0s - loss: 1.8396 - accuracy: 0.3367
1536/1688 [==========================>...] - ETA: 0s - loss: 1.8400 - accuracy: 0.3359
1562/1688 [==========================>...] - ETA: 0s - loss: 1.8401 - accuracy: 0.3361
1587/1688 [===========================>..] - ETA: 0s - loss: 1.8399 - accuracy: 0.3360
1607/1688 [===========================>..] - ETA: 0s - loss: 1.8396 - accuracy: 0.3360
1632/1688 [============================>.] - ETA: 0s - loss: 1.8390 - accuracy: 0.3362
1660/1688 [============================>.] - ETA: 0s - loss: 1.8405 - accuracy: 0.3358
1688/1688 [==============================] - ETA: 0s - loss: 1.8400 - accuracy: 0.3360
1688/1688 [==============================] - 4s 3ms/step - loss: 1.8400 - accuracy: 0.3360 - val_loss: 1.8118 - val_accuracy: 0.3565
Epoch 9: early stopping

  1/188 [..............................] - ETA: 2s - loss: 1.9445 - accuracy: 0.3438
 29/188 [===>..........................] - ETA: 0s - loss: 1.8212 - accuracy: 0.3556
 61/188 [========>.....................] - ETA: 0s - loss: 1.7953 - accuracy: 0.3560
 94/188 [==============>...............] - ETA: 0s - loss: 1.8149 - accuracy: 0.3531
128/188 [===================>..........] - ETA: 0s - loss: 1.8238 - accuracy: 0.3501
162/188 [========================>.....] - ETA: 0s - loss: 1.8206 - accuracy: 0.3520
188/188 [==============================] - 0s 2ms/step - loss: 1.8118 - accuracy: 0.3565
