2024-08-24 08:01:49.743049: I tensorflow/core/platform/cpu_feature_guard.cc:193] This TensorFlow binary is optimized with oneAPI Deep Neural Network Library (oneDNN) to use the following CPU instructions in performance-critical operations:  AVX AVX2
To enable them in other operations, rebuild TensorFlow with the appropriate compiler flags.
2024-08-24 08:01:50.283119: I tensorflow/core/common_runtime/gpu/gpu_device.cc:1616] Created device /job:localhost/replica:0/task:0/device:GPU:0 with 13575 MB memory:  -> device: 0, name: NVIDIA GeForce RTX 4060 Ti, pci bus id: 0000:01:00.0, compute capability: 8.9
1 Physical GPUs, 1 Logical GPUs
Fold:  0
Model: "sequential"
_________________________________________________________________
 Layer (type)                Output Shape              Param #   
=================================================================
 conv2d (Conv2D)             (None, 32, 32, 32)        896       
                                                                 
 conv2d_1 (Conv2D)           (None, 32, 32, 64)        51264     
                                                                 
 dropout (Dropout)           (None, 32, 32, 64)        0         
                                                                 
 flatten (Flatten)           (None, 65536)             0         
                                                                 
 dense (Dense)               (None, 34)                2228258   
                                                                 
 dropout_1 (Dropout)         (None, 34)                0         
                                                                 
 dense_1 (Dense)             (None, 10)                350       
                                                                 
=================================================================
Total params: 2,280,768
Trainable params: 2,280,768
Non-trainable params: 0
_________________________________________________________________
Taxa de aprendizado:  0.01 Num de épocas:  71 Tamanho do lote:  128 Dropout:  0.06
Epoch 1/71
2024-08-24 08:01:51.497425: I tensorflow/stream_executor/cuda/cuda_dnn.cc:384] Loaded cuDNN version 8100
2024-08-24 08:01:52.367022: W tensorflow/stream_executor/gpu/redzone_allocator.cc:314] INTERNAL: ptxas exited with non-zero error code -1, output: 
Relying on driver to perform ptx compilation. 
Modify $PATH to customize ptxas location.
This message will be only logged once.
2024-08-24 08:01:53.212536: I tensorflow/stream_executor/cuda/cuda_blas.cc:1614] TensorFloat-32 will be used for the matrix multiplication. This will only be logged once.

  1/422 [..............................] - ETA: 22:29 - loss: 2.3077 - accuracy: 0.1016
  5/422 [..............................] - ETA: 7s - loss: 3.2260 - accuracy: 0.1078   
  9/422 [..............................] - ETA: 6s - loss: 3.0828 - accuracy: 0.1016
 13/422 [..............................] - ETA: 6s - loss: 2.9012 - accuracy: 0.1046
 18/422 [>.............................] - ETA: 6s - loss: 2.7688 - accuracy: 0.1089
 21/422 [>.............................] - ETA: 6s - loss: 2.7248 - accuracy: 0.1105
 25/422 [>.............................] - ETA: 6s - loss: 2.6768 - accuracy: 0.1066
 29/422 [=>............................] - ETA: 6s - loss: 2.6391 - accuracy: 0.1040
 32/422 [=>............................] - ETA: 6s - loss: 2.6139 - accuracy: 0.1045
 35/422 [=>............................] - ETA: 6s - loss: 2.5947 - accuracy: 0.1025
 37/422 [=>............................] - ETA: 6s - loss: 2.5816 - accuracy: 0.1043
 40/422 [=>............................] - ETA: 6s - loss: 2.5655 - accuracy: 0.1033
 43/422 [==>...........................] - ETA: 7s - loss: 2.5525 - accuracy: 0.1027
 46/422 [==>...........................] - ETA: 7s - loss: 2.5389 - accuracy: 0.1031
 49/422 [==>...........................] - ETA: 7s - loss: 2.5281 - accuracy: 0.1036
 52/422 [==>...........................] - ETA: 7s - loss: 2.5169 - accuracy: 0.1038
 55/422 [==>...........................] - ETA: 7s - loss: 2.5078 - accuracy: 0.1031
 58/422 [===>..........................] - ETA: 7s - loss: 2.5018 - accuracy: 0.1028
 60/422 [===>..........................] - ETA: 7s - loss: 2.4976 - accuracy: 0.1020
 63/422 [===>..........................] - ETA: 7s - loss: 2.4910 - accuracy: 0.1006
 66/422 [===>..........................] - ETA: 7s - loss: 2.4850 - accuracy: 0.1005
 69/422 [===>..........................] - ETA: 7s - loss: 2.4792 - accuracy: 0.1010
 72/422 [====>.........................] - ETA: 7s - loss: 2.4746 - accuracy: 0.1011
 74/422 [====>.........................] - ETA: 7s - loss: 2.4712 - accuracy: 0.1009
 77/422 [====>.........................] - ETA: 7s - loss: 2.4666 - accuracy: 0.1011
 80/422 [====>.........................] - ETA: 7s - loss: 2.4625 - accuracy: 0.1013
 83/422 [====>.........................] - ETA: 7s - loss: 2.4591 - accuracy: 0.1015
 85/422 [=====>........................] - ETA: 7s - loss: 2.4562 - accuracy: 0.1012
 88/422 [=====>........................] - ETA: 7s - loss: 2.4528 - accuracy: 0.1008
 91/422 [=====>........................] - ETA: 7s - loss: 2.4498 - accuracy: 0.1005
 94/422 [=====>........................] - ETA: 7s - loss: 2.4460 - accuracy: 0.1007
 97/422 [=====>........................] - ETA: 7s - loss: 2.4430 - accuracy: 0.1005
100/422 [======>.......................] - ETA: 7s - loss: 2.4397 - accuracy: 0.1009
103/422 [======>.......................] - ETA: 7s - loss: 2.4369 - accuracy: 0.1013
106/422 [======>.......................] - ETA: 7s - loss: 2.4339 - accuracy: 0.1016
109/422 [======>.......................] - ETA: 7s - loss: 2.4320 - accuracy: 0.1020
112/422 [======>.......................] - ETA: 6s - loss: 2.4294 - accuracy: 0.1027
115/422 [=======>......................] - ETA: 6s - loss: 2.4278 - accuracy: 0.1022
117/422 [=======>......................] - ETA: 6s - loss: 2.4264 - accuracy: 0.1019
120/422 [=======>......................] - ETA: 6s - loss: 2.4245 - accuracy: 0.1016
123/422 [=======>......................] - ETA: 6s - loss: 2.4226 - accuracy: 0.1014
126/422 [=======>......................] - ETA: 6s - loss: 2.4205 - accuracy: 0.1018
129/422 [========>.....................] - ETA: 6s - loss: 2.4186 - accuracy: 0.1022
131/422 [========>.....................] - ETA: 6s - loss: 2.4170 - accuracy: 0.1024
134/422 [========>.....................] - ETA: 6s - loss: 2.4158 - accuracy: 0.1019
137/422 [========>.....................] - ETA: 6s - loss: 2.4142 - accuracy: 0.1018
140/422 [========>.....................] - ETA: 6s - loss: 2.4131 - accuracy: 0.1017
142/422 [=========>....................] - ETA: 6s - loss: 2.4125 - accuracy: 0.1013
145/422 [=========>....................] - ETA: 6s - loss: 2.4112 - accuracy: 0.1013
148/422 [=========>....................] - ETA: 6s - loss: 2.4102 - accuracy: 0.1012
151/422 [=========>....................] - ETA: 6s - loss: 2.4088 - accuracy: 0.1014
154/422 [=========>....................] - ETA: 6s - loss: 2.4076 - accuracy: 0.1014
157/422 [==========>...................] - ETA: 6s - loss: 2.4066 - accuracy: 0.1012
160/422 [==========>...................] - ETA: 6s - loss: 2.4050 - accuracy: 0.1013
163/422 [==========>...................] - ETA: 5s - loss: 2.4039 - accuracy: 0.1011
166/422 [==========>...................] - ETA: 5s - loss: 2.4027 - accuracy: 0.1008
169/422 [===========>..................] - ETA: 5s - loss: 2.4015 - accuracy: 0.1008
172/422 [===========>..................] - ETA: 5s - loss: 2.4006 - accuracy: 0.1009
175/422 [===========>..................] - ETA: 5s - loss: 2.3993 - accuracy: 0.1010
178/422 [===========>..................] - ETA: 5s - loss: 2.3983 - accuracy: 0.1012
181/422 [===========>..................] - ETA: 5s - loss: 2.3978 - accuracy: 0.1010
184/422 [============>.................] - ETA: 5s - loss: 2.3967 - accuracy: 0.1013
187/422 [============>.................] - ETA: 5s - loss: 2.3959 - accuracy: 0.1008
190/422 [============>.................] - ETA: 5s - loss: 2.3949 - accuracy: 0.1008
193/422 [============>.................] - ETA: 5s - loss: 2.3939 - accuracy: 0.1006
196/422 [============>.................] - ETA: 5s - loss: 2.3927 - accuracy: 0.1005
199/422 [=============>................] - ETA: 5s - loss: 2.3922 - accuracy: 0.1005
202/422 [=============>................] - ETA: 5s - loss: 2.3917 - accuracy: 0.1002
205/422 [=============>................] - ETA: 5s - loss: 2.3904 - accuracy: 0.1006
208/422 [=============>................] - ETA: 5s - loss: 2.3900 - accuracy: 0.1000
211/422 [==============>...............] - ETA: 4s - loss: 2.3891 - accuracy: 0.1003
214/422 [==============>...............] - ETA: 4s - loss: 2.3882 - accuracy: 0.1007
217/422 [==============>...............] - ETA: 4s - loss: 2.3876 - accuracy: 0.1004
219/422 [==============>...............] - ETA: 4s - loss: 2.3872 - accuracy: 0.1003
222/422 [==============>...............] - ETA: 4s - loss: 2.3865 - accuracy: 0.1004
225/422 [==============>...............] - ETA: 4s - loss: 2.3862 - accuracy: 0.1002
228/422 [===============>..............] - ETA: 4s - loss: 2.3857 - accuracy: 0.1001
231/422 [===============>..............] - ETA: 4s - loss: 2.3848 - accuracy: 0.1005
233/422 [===============>..............] - ETA: 4s - loss: 2.3842 - accuracy: 0.1003
236/422 [===============>..............] - ETA: 4s - loss: 2.3840 - accuracy: 0.0999
238/422 [===============>..............] - ETA: 4s - loss: 2.3838 - accuracy: 0.0997
241/422 [================>.............] - ETA: 4s - loss: 2.3833 - accuracy: 0.0995
244/422 [================>.............] - ETA: 4s - loss: 2.3826 - accuracy: 0.0996
247/422 [================>.............] - ETA: 4s - loss: 2.3823 - accuracy: 0.0997
250/422 [================>.............] - ETA: 4s - loss: 2.3817 - accuracy: 0.0995
252/422 [================>.............] - ETA: 4s - loss: 2.3816 - accuracy: 0.0994
255/422 [=================>............] - ETA: 3s - loss: 2.3811 - accuracy: 0.0993
257/422 [=================>............] - ETA: 3s - loss: 2.3807 - accuracy: 0.0996
260/422 [=================>............] - ETA: 3s - loss: 2.3802 - accuracy: 0.0995
263/422 [=================>............] - ETA: 3s - loss: 2.3799 - accuracy: 0.0994
266/422 [=================>............] - ETA: 3s - loss: 2.3793 - accuracy: 0.0994
269/422 [==================>...........] - ETA: 3s - loss: 2.3790 - accuracy: 0.0993
271/422 [==================>...........] - ETA: 3s - loss: 2.3786 - accuracy: 0.0993
274/422 [==================>...........] - ETA: 3s - loss: 2.3780 - accuracy: 0.0993
277/422 [==================>...........] - ETA: 3s - loss: 2.3774 - accuracy: 0.0992
280/422 [==================>...........] - ETA: 3s - loss: 2.3771 - accuracy: 0.0992
283/422 [===================>..........] - ETA: 3s - loss: 2.3767 - accuracy: 0.0989
285/422 [===================>..........] - ETA: 3s - loss: 2.3764 - accuracy: 0.0988
288/422 [===================>..........] - ETA: 3s - loss: 2.3758 - accuracy: 0.0990
290/422 [===================>..........] - ETA: 3s - loss: 2.3757 - accuracy: 0.0989
293/422 [===================>..........] - ETA: 3s - loss: 2.3754 - accuracy: 0.0988
296/422 [====================>.........] - ETA: 3s - loss: 2.3749 - accuracy: 0.0988
299/422 [====================>.........] - ETA: 3s - loss: 2.3743 - accuracy: 0.0990
302/422 [====================>.........] - ETA: 3s - loss: 2.3740 - accuracy: 0.0991
305/422 [====================>.........] - ETA: 2s - loss: 2.3732 - accuracy: 0.0991
308/422 [====================>.........] - ETA: 2s - loss: 2.3728 - accuracy: 0.0991
311/422 [=====================>........] - ETA: 2s - loss: 2.3723 - accuracy: 0.0993
313/422 [=====================>........] - ETA: 2s - loss: 2.3719 - accuracy: 0.0994
316/422 [=====================>........] - ETA: 2s - loss: 2.3717 - accuracy: 0.0995
319/422 [=====================>........] - ETA: 2s - loss: 2.3719 - accuracy: 0.0993
321/422 [=====================>........] - ETA: 2s - loss: 2.3717 - accuracy: 0.0992
324/422 [======================>.......] - ETA: 2s - loss: 2.3713 - accuracy: 0.0993
327/422 [======================>.......] - ETA: 2s - loss: 2.3712 - accuracy: 0.0993
329/422 [======================>.......] - ETA: 2s - loss: 2.3710 - accuracy: 0.0992
332/422 [======================>.......] - ETA: 2s - loss: 2.3707 - accuracy: 0.0992
335/422 [======================>.......] - ETA: 2s - loss: 2.3703 - accuracy: 0.0994
338/422 [=======================>......] - ETA: 2s - loss: 2.3698 - accuracy: 0.0995
341/422 [=======================>......] - ETA: 2s - loss: 2.3693 - accuracy: 0.0996
344/422 [=======================>......] - ETA: 1s - loss: 2.3692 - accuracy: 0.0996
347/422 [=======================>......] - ETA: 1s - loss: 2.3693 - accuracy: 0.0995
349/422 [=======================>......] - ETA: 1s - loss: 2.3691 - accuracy: 0.0995
352/422 [========================>.....] - ETA: 1s - loss: 2.3690 - accuracy: 0.0996
355/422 [========================>.....] - ETA: 1s - loss: 2.3689 - accuracy: 0.0997
358/422 [========================>.....] - ETA: 1s - loss: 2.3688 - accuracy: 0.0997
361/422 [========================>.....] - ETA: 1s - loss: 2.3685 - accuracy: 0.0997
363/422 [========================>.....] - ETA: 1s - loss: 2.3683 - accuracy: 0.0998
366/422 [=========================>....] - ETA: 1s - loss: 2.3682 - accuracy: 0.0997
368/422 [=========================>....] - ETA: 1s - loss: 2.3680 - accuracy: 0.0996
371/422 [=========================>....] - ETA: 1s - loss: 2.3677 - accuracy: 0.0996
374/422 [=========================>....] - ETA: 1s - loss: 2.3674 - accuracy: 0.0997
377/422 [=========================>....] - ETA: 1s - loss: 2.3671 - accuracy: 0.0998
379/422 [=========================>....] - ETA: 1s - loss: 2.3668 - accuracy: 0.0999
382/422 [==========================>...] - ETA: 1s - loss: 2.3664 - accuracy: 0.0999
385/422 [==========================>...] - ETA: 0s - loss: 2.3660 - accuracy: 0.0998
388/422 [==========================>...] - ETA: 0s - loss: 2.3659 - accuracy: 0.0996
391/422 [==========================>...] - ETA: 0s - loss: 2.3657 - accuracy: 0.0995
394/422 [===========================>..] - ETA: 0s - loss: 2.3655 - accuracy: 0.0996
397/422 [===========================>..] - ETA: 0s - loss: 2.3653 - accuracy: 0.0996
399/422 [===========================>..] - ETA: 0s - loss: 2.3651 - accuracy: 0.0998
402/422 [===========================>..] - ETA: 0s - loss: 2.3648 - accuracy: 0.0997
405/422 [===========================>..] - ETA: 0s - loss: 2.3648 - accuracy: 0.0995
408/422 [============================>.] - ETA: 0s - loss: 2.3643 - accuracy: 0.0998
411/422 [============================>.] - ETA: 0s - loss: 2.3643 - accuracy: 0.0997
414/422 [============================>.] - ETA: 0s - loss: 2.3641 - accuracy: 0.0995
417/422 [============================>.] - ETA: 0s - loss: 2.3638 - accuracy: 0.0995
420/422 [============================>.] - ETA: 0s - loss: 2.3635 - accuracy: 0.0994
422/422 [==============================] - 15s 27ms/step - loss: 2.3633 - accuracy: 0.0994 - val_loss: 2.3337 - val_accuracy: 0.1022
Epoch 2/71

  1/422 [..............................] - ETA: 13s - loss: 2.3654 - accuracy: 0.1172
  4/422 [..............................] - ETA: 10s - loss: 2.3416 - accuracy: 0.1035
  7/422 [..............................] - ETA: 10s - loss: 2.3365 - accuracy: 0.0982
 10/422 [..............................] - ETA: 10s - loss: 2.3339 - accuracy: 0.1016
 13/422 [..............................] - ETA: 10s - loss: 2.3398 - accuracy: 0.1010
 16/422 [>.............................] - ETA: 10s - loss: 2.3372 - accuracy: 0.1035
 19/422 [>.............................] - ETA: 9s - loss: 2.3377 - accuracy: 0.1032 
 21/422 [>.............................] - ETA: 10s - loss: 2.3363 - accuracy: 0.1034
 24/422 [>.............................] - ETA: 9s - loss: 2.3375 - accuracy: 0.1038 
 27/422 [>.............................] - ETA: 9s - loss: 2.3336 - accuracy: 0.1039
 30/422 [=>............................] - ETA: 9s - loss: 2.3339 - accuracy: 0.1031
 33/422 [=>............................] - ETA: 9s - loss: 2.3341 - accuracy: 0.1020
 36/422 [=>............................] - ETA: 9s - loss: 2.3335 - accuracy: 0.1022
 39/422 [=>............................] - ETA: 9s - loss: 2.3336 - accuracy: 0.1008
 42/422 [=>............................] - ETA: 9s - loss: 2.3317 - accuracy: 0.1019
 45/422 [==>...........................] - ETA: 9s - loss: 2.3324 - accuracy: 0.1009
 48/422 [==>...........................] - ETA: 9s - loss: 2.3332 - accuracy: 0.1001
 51/422 [==>...........................] - ETA: 9s - loss: 2.3333 - accuracy: 0.0994
 54/422 [==>...........................] - ETA: 9s - loss: 2.3332 - accuracy: 0.0988
 57/422 [===>..........................] - ETA: 8s - loss: 2.3336 - accuracy: 0.0992
 60/422 [===>..........................] - ETA: 8s - loss: 2.3329 - accuracy: 0.1000
 63/422 [===>..........................] - ETA: 8s - loss: 2.3328 - accuracy: 0.1000
 66/422 [===>..........................] - ETA: 8s - loss: 2.3326 - accuracy: 0.1009
 69/422 [===>..........................] - ETA: 8s - loss: 2.3316 - accuracy: 0.1024
 72/422 [====>.........................] - ETA: 8s - loss: 2.3316 - accuracy: 0.1012
 75/422 [====>.........................] - ETA: 8s - loss: 2.3310 - accuracy: 0.1011
 78/422 [====>.........................] - ETA: 8s - loss: 2.3312 - accuracy: 0.1009
 81/422 [====>.........................] - ETA: 8s - loss: 2.3308 - accuracy: 0.1003
 83/422 [====>.........................] - ETA: 8s - loss: 2.3304 - accuracy: 0.1003
 86/422 [=====>........................] - ETA: 8s - loss: 2.3302 - accuracy: 0.0997
 89/422 [=====>........................] - ETA: 8s - loss: 2.3299 - accuracy: 0.0998
 92/422 [=====>........................] - ETA: 8s - loss: 2.3297 - accuracy: 0.0999
 95/422 [=====>........................] - ETA: 8s - loss: 2.3291 - accuracy: 0.0997
 98/422 [=====>........................] - ETA: 7s - loss: 2.3294 - accuracy: 0.0992
101/422 [======>.......................] - ETA: 7s - loss: 2.3290 - accuracy: 0.0993
104/422 [======>.......................] - ETA: 7s - loss: 2.3293 - accuracy: 0.0992
107/422 [======>.......................] - ETA: 7s - loss: 2.3290 - accuracy: 0.0992
109/422 [======>.......................] - ETA: 7s - loss: 2.3289 - accuracy: 0.0990
112/422 [======>.......................] - ETA: 7s - loss: 2.3288 - accuracy: 0.0986
115/422 [=======>......................] - ETA: 7s - loss: 2.3287 - accuracy: 0.0979
118/422 [=======>......................] - ETA: 7s - loss: 2.3284 - accuracy: 0.0979
120/422 [=======>......................] - ETA: 7s - loss: 2.3283 - accuracy: 0.0980
123/422 [=======>......................] - ETA: 7s - loss: 2.3281 - accuracy: 0.0978
126/422 [=======>......................] - ETA: 7s - loss: 2.3275 - accuracy: 0.0983
129/422 [========>.....................] - ETA: 7s - loss: 2.3273 - accuracy: 0.0987
132/422 [========>.....................] - ETA: 7s - loss: 2.3273 - accuracy: 0.0988
135/422 [========>.....................] - ETA: 7s - loss: 2.3271 - accuracy: 0.0987
138/422 [========>.....................] - ETA: 6s - loss: 2.3267 - accuracy: 0.0998
140/422 [========>.....................] - ETA: 6s - loss: 2.3266 - accuracy: 0.0999
143/422 [=========>....................] - ETA: 6s - loss: 2.3265 - accuracy: 0.1003
146/422 [=========>....................] - ETA: 6s - loss: 2.3269 - accuracy: 0.1000
149/422 [=========>....................] - ETA: 6s - loss: 2.3267 - accuracy: 0.1000
152/422 [=========>....................] - ETA: 6s - loss: 2.3262 - accuracy: 0.1001
155/422 [==========>...................] - ETA: 6s - loss: 2.3266 - accuracy: 0.1006
158/422 [==========>...................] - ETA: 6s - loss: 2.3263 - accuracy: 0.1008
161/422 [==========>...................] - ETA: 6s - loss: 2.3263 - accuracy: 0.1010
164/422 [==========>...................] - ETA: 6s - loss: 2.3263 - accuracy: 0.1011
167/422 [==========>...................] - ETA: 6s - loss: 2.3262 - accuracy: 0.1007
170/422 [===========>..................] - ETA: 6s - loss: 2.3263 - accuracy: 0.1005
172/422 [===========>..................] - ETA: 6s - loss: 2.3265 - accuracy: 0.1005
175/422 [===========>..................] - ETA: 6s - loss: 2.3264 - accuracy: 0.1007
178/422 [===========>..................] - ETA: 5s - loss: 2.3265 - accuracy: 0.1005
180/422 [===========>..................] - ETA: 5s - loss: 2.3267 - accuracy: 0.1002
183/422 [============>.................] - ETA: 5s - loss: 2.3263 - accuracy: 0.1008
186/422 [============>.................] - ETA: 5s - loss: 2.3265 - accuracy: 0.1004
189/422 [============>.................] - ETA: 5s - loss: 2.3266 - accuracy: 0.1002
192/422 [============>.................] - ETA: 5s - loss: 2.3262 - accuracy: 0.1003
195/422 [============>.................] - ETA: 5s - loss: 2.3264 - accuracy: 0.1003
198/422 [=============>................] - ETA: 5s - loss: 2.3268 - accuracy: 0.1002
201/422 [=============>................] - ETA: 5s - loss: 2.3266 - accuracy: 0.1005
204/422 [=============>................] - ETA: 5s - loss: 2.3265 - accuracy: 0.1007
207/422 [=============>................] - ETA: 5s - loss: 2.3271 - accuracy: 0.1006
210/422 [=============>................] - ETA: 5s - loss: 2.3268 - accuracy: 0.1007
213/422 [==============>...............] - ETA: 5s - loss: 2.3265 - accuracy: 0.1010
216/422 [==============>...............] - ETA: 5s - loss: 2.3265 - accuracy: 0.1012
219/422 [==============>...............] - ETA: 4s - loss: 2.3267 - accuracy: 0.1008
222/422 [==============>...............] - ETA: 4s - loss: 2.3267 - accuracy: 0.1005
225/422 [==============>...............] - ETA: 4s - loss: 2.3268 - accuracy: 0.1006
228/422 [===============>..............] - ETA: 4s - loss: 2.3268 - accuracy: 0.1007
231/422 [===============>..............] - ETA: 4s - loss: 2.3268 - accuracy: 0.1008
233/422 [===============>..............] - ETA: 4s - loss: 2.3268 - accuracy: 0.1008
236/422 [===============>..............] - ETA: 4s - loss: 2.3267 - accuracy: 0.1009
239/422 [===============>..............] - ETA: 4s - loss: 2.3267 - accuracy: 0.1007
242/422 [================>.............] - ETA: 4s - loss: 2.3265 - accuracy: 0.1007
244/422 [================>.............] - ETA: 4s - loss: 2.3264 - accuracy: 0.1006
247/422 [================>.............] - ETA: 4s - loss: 2.3262 - accuracy: 0.1006
250/422 [================>.............] - ETA: 4s - loss: 2.3260 - accuracy: 0.1007
253/422 [================>.............] - ETA: 4s - loss: 2.3260 - accuracy: 0.1009
256/422 [=================>............] - ETA: 4s - loss: 2.3259 - accuracy: 0.1012
259/422 [=================>............] - ETA: 3s - loss: 2.3259 - accuracy: 0.1013
262/422 [=================>............] - ETA: 3s - loss: 2.3257 - accuracy: 0.1016
265/422 [=================>............] - ETA: 3s - loss: 2.3257 - accuracy: 0.1016
268/422 [==================>...........] - ETA: 3s - loss: 2.3259 - accuracy: 0.1013
270/422 [==================>...........] - ETA: 3s - loss: 2.3260 - accuracy: 0.1013
273/422 [==================>...........] - ETA: 3s - loss: 2.3260 - accuracy: 0.1012
276/422 [==================>...........] - ETA: 3s - loss: 2.3260 - accuracy: 0.1011
279/422 [==================>...........] - ETA: 3s - loss: 2.3259 - accuracy: 0.1012
282/422 [===================>..........] - ETA: 3s - loss: 2.3258 - accuracy: 0.1012
285/422 [===================>..........] - ETA: 3s - loss: 2.3258 - accuracy: 0.1011
288/422 [===================>..........] - ETA: 3s - loss: 2.3257 - accuracy: 0.1009
291/422 [===================>..........] - ETA: 3s - loss: 2.3254 - accuracy: 0.1010
294/422 [===================>..........] - ETA: 3s - loss: 2.3253 - accuracy: 0.1009
297/422 [====================>.........] - ETA: 3s - loss: 2.3254 - accuracy: 0.1007
300/422 [====================>.........] - ETA: 2s - loss: 2.3252 - accuracy: 0.1009
302/422 [====================>.........] - ETA: 2s - loss: 2.3252 - accuracy: 0.1010
305/422 [====================>.........] - ETA: 2s - loss: 2.3253 - accuracy: 0.1011
307/422 [====================>.........] - ETA: 2s - loss: 2.3252 - accuracy: 0.1012
310/422 [=====================>........] - ETA: 2s - loss: 2.3253 - accuracy: 0.1011
313/422 [=====================>........] - ETA: 2s - loss: 2.3251 - accuracy: 0.1012
316/422 [=====================>........] - ETA: 2s - loss: 2.3252 - accuracy: 0.1013
319/422 [=====================>........] - ETA: 2s - loss: 2.3252 - accuracy: 0.1010
321/422 [=====================>........] - ETA: 2s - loss: 2.3251 - accuracy: 0.1009
324/422 [======================>.......] - ETA: 2s - loss: 2.3252 - accuracy: 0.1008
327/422 [======================>.......] - ETA: 2s - loss: 2.3251 - accuracy: 0.1009
330/422 [======================>.......] - ETA: 2s - loss: 2.3251 - accuracy: 0.1012
333/422 [======================>.......] - ETA: 2s - loss: 2.3251 - accuracy: 0.1012
336/422 [======================>.......] - ETA: 2s - loss: 2.3250 - accuracy: 0.1012
339/422 [=======================>......] - ETA: 2s - loss: 2.3250 - accuracy: 0.1013
342/422 [=======================>......] - ETA: 1s - loss: 2.3250 - accuracy: 0.1013
345/422 [=======================>......] - ETA: 1s - loss: 2.3251 - accuracy: 0.1014
348/422 [=======================>......] - ETA: 1s - loss: 2.3250 - accuracy: 0.1016
351/422 [=======================>......] - ETA: 1s - loss: 2.3250 - accuracy: 0.1016
354/422 [========================>.....] - ETA: 1s - loss: 2.3250 - accuracy: 0.1017
357/422 [========================>.....] - ETA: 1s - loss: 2.3252 - accuracy: 0.1016
360/422 [========================>.....] - ETA: 1s - loss: 2.3251 - accuracy: 0.1016
363/422 [========================>.....] - ETA: 1s - loss: 2.3252 - accuracy: 0.1016
366/422 [=========================>....] - ETA: 1s - loss: 2.3252 - accuracy: 0.1015
368/422 [=========================>....] - ETA: 1s - loss: 2.3252 - accuracy: 0.1017
371/422 [=========================>....] - ETA: 1s - loss: 2.3252 - accuracy: 0.1015
374/422 [=========================>....] - ETA: 1s - loss: 2.3253 - accuracy: 0.1016
377/422 [=========================>....] - ETA: 1s - loss: 2.3253 - accuracy: 0.1014
380/422 [==========================>...] - ETA: 1s - loss: 2.3254 - accuracy: 0.1015
383/422 [==========================>...] - ETA: 0s - loss: 2.3254 - accuracy: 0.1012
386/422 [==========================>...] - ETA: 0s - loss: 2.3256 - accuracy: 0.1015
388/422 [==========================>...] - ETA: 0s - loss: 2.3256 - accuracy: 0.1016
391/422 [==========================>...] - ETA: 0s - loss: 2.3256 - accuracy: 0.1016
394/422 [===========================>..] - ETA: 0s - loss: 2.3257 - accuracy: 0.1016
397/422 [===========================>..] - ETA: 0s - loss: 2.3260 - accuracy: 0.1015
400/422 [===========================>..] - ETA: 0s - loss: 2.3261 - accuracy: 0.1014
403/422 [===========================>..] - ETA: 0s - loss: 2.3262 - accuracy: 0.1014
406/422 [===========================>..] - ETA: 0s - loss: 2.3262 - accuracy: 0.1012
409/422 [============================>.] - ETA: 0s - loss: 2.3263 - accuracy: 0.1011
412/422 [============================>.] - ETA: 0s - loss: 2.3262 - accuracy: 0.1012
415/422 [============================>.] - ETA: 0s - loss: 2.3262 - accuracy: 0.1010
418/422 [============================>.] - ETA: 0s - loss: 2.3263 - accuracy: 0.1011
421/422 [============================>.] - ETA: 0s - loss: 2.3262 - accuracy: 0.1011
422/422 [==============================] - 11s 26ms/step - loss: 2.3262 - accuracy: 0.1011 - val_loss: 2.3152 - val_accuracy: 0.1022
Epoch 3/71

  1/422 [..............................] - ETA: 13s - loss: 2.3442 - accuracy: 0.1016
  4/422 [..............................] - ETA: 10s - loss: 2.3212 - accuracy: 0.0977
  7/422 [..............................] - ETA: 9s - loss: 2.3167 - accuracy: 0.1016 
 10/422 [..............................] - ETA: 10s - loss: 2.3204 - accuracy: 0.1031
 13/422 [..............................] - ETA: 10s - loss: 2.3223 - accuracy: 0.0980
 16/422 [>.............................] - ETA: 9s - loss: 2.3195 - accuracy: 0.1025 
 18/422 [>.............................] - ETA: 10s - loss: 2.3201 - accuracy: 0.1011
 21/422 [>.............................] - ETA: 9s - loss: 2.3229 - accuracy: 0.1016 
 24/422 [>.............................] - ETA: 9s - loss: 2.3252 - accuracy: 0.0996
 27/422 [>.............................] - ETA: 9s - loss: 2.3248 - accuracy: 0.1001
 30/422 [=>............................] - ETA: 9s - loss: 2.3296 - accuracy: 0.0984
 32/422 [=>............................] - ETA: 9s - loss: 2.3302 - accuracy: 0.0999
 35/422 [=>............................] - ETA: 9s - loss: 2.3303 - accuracy: 0.1025
 37/422 [=>............................] - ETA: 9s - loss: 2.3303 - accuracy: 0.1030
 40/422 [=>............................] - ETA: 9s - loss: 2.3302 - accuracy: 0.1027
 42/422 [=>............................] - ETA: 9s - loss: 2.3306 - accuracy: 0.1017
 45/422 [==>...........................] - ETA: 9s - loss: 2.3306 - accuracy: 0.1028
 48/422 [==>...........................] - ETA: 9s - loss: 2.3305 - accuracy: 0.1024
 51/422 [==>...........................] - ETA: 9s - loss: 2.3311 - accuracy: 0.1016
 53/422 [==>...........................] - ETA: 9s - loss: 2.3311 - accuracy: 0.1020
 56/422 [==>...........................] - ETA: 9s - loss: 2.3303 - accuracy: 0.1013
 59/422 [===>..........................] - ETA: 8s - loss: 2.3313 - accuracy: 0.1012
 62/422 [===>..........................] - ETA: 8s - loss: 2.3305 - accuracy: 0.1012
 65/422 [===>..........................] - ETA: 8s - loss: 2.3298 - accuracy: 0.1007
 68/422 [===>..........................] - ETA: 8s - loss: 2.3292 - accuracy: 0.1006
 71/422 [====>.........................] - ETA: 8s - loss: 2.3289 - accuracy: 0.1009
 74/422 [====>.........................] - ETA: 8s - loss: 2.3284 - accuracy: 0.1009
 77/422 [====>.........................] - ETA: 8s - loss: 2.3281 - accuracy: 0.1009
 80/422 [====>.........................] - ETA: 8s - loss: 2.3282 - accuracy: 0.1010
 83/422 [====>.........................] - ETA: 8s - loss: 2.3277 - accuracy: 0.1010
 86/422 [=====>........................] - ETA: 8s - loss: 2.3273 - accuracy: 0.1011
 88/422 [=====>........................] - ETA: 8s - loss: 2.3273 - accuracy: 0.1009
 91/422 [=====>........................] - ETA: 8s - loss: 2.3272 - accuracy: 0.1003
 93/422 [=====>........................] - ETA: 8s - loss: 2.3269 - accuracy: 0.1006
 96/422 [=====>........................] - ETA: 7s - loss: 2.3267 - accuracy: 0.1000
 99/422 [======>.......................] - ETA: 7s - loss: 2.3265 - accuracy: 0.0995
102/422 [======>.......................] - ETA: 7s - loss: 2.3257 - accuracy: 0.1000
105/422 [======>.......................] - ETA: 7s - loss: 2.3254 - accuracy: 0.1009
108/422 [======>.......................] - ETA: 7s - loss: 2.3253 - accuracy: 0.1000
111/422 [======>.......................] - ETA: 7s - loss: 2.3254 - accuracy: 0.1000
113/422 [=======>......................] - ETA: 7s - loss: 2.3254 - accuracy: 0.0994
116/422 [=======>......................] - ETA: 7s - loss: 2.3253 - accuracy: 0.0994
118/422 [=======>......................] - ETA: 7s - loss: 2.3254 - accuracy: 0.0992
121/422 [=======>......................] - ETA: 7s - loss: 2.3249 - accuracy: 0.0990
124/422 [=======>......................] - ETA: 7s - loss: 2.3248 - accuracy: 0.0988
127/422 [========>.....................] - ETA: 7s - loss: 2.3248 - accuracy: 0.0984
129/422 [========>.....................] - ETA: 7s - loss: 2.3244 - accuracy: 0.0984
132/422 [========>.....................] - ETA: 7s - loss: 2.3248 - accuracy: 0.0985
135/422 [========>.....................] - ETA: 7s - loss: 2.3250 - accuracy: 0.0990
138/422 [========>.....................] - ETA: 6s - loss: 2.3248 - accuracy: 0.0990
141/422 [=========>....................] - ETA: 6s - loss: 2.3247 - accuracy: 0.0984
143/422 [=========>....................] - ETA: 6s - loss: 2.3249 - accuracy: 0.0982
146/422 [=========>....................] - ETA: 6s - loss: 2.3246 - accuracy: 0.0982
149/422 [=========>....................] - ETA: 6s - loss: 2.3243 - accuracy: 0.0990
152/422 [=========>....................] - ETA: 6s - loss: 2.3242 - accuracy: 0.0991
155/422 [==========>...................] - ETA: 6s - loss: 2.3241 - accuracy: 0.0992
158/422 [==========>...................] - ETA: 6s - loss: 2.3240 - accuracy: 0.0989
161/422 [==========>...................] - ETA: 6s - loss: 2.3241 - accuracy: 0.0994
164/422 [==========>...................] - ETA: 6s - loss: 2.3242 - accuracy: 0.0989
167/422 [==========>...................] - ETA: 6s - loss: 2.3242 - accuracy: 0.0987
169/422 [===========>..................] - ETA: 6s - loss: 2.3241 - accuracy: 0.0986
172/422 [===========>..................] - ETA: 6s - loss: 2.3241 - accuracy: 0.0987
175/422 [===========>..................] - ETA: 6s - loss: 2.3240 - accuracy: 0.0988
178/422 [===========>..................] - ETA: 5s - loss: 2.3239 - accuracy: 0.0986
181/422 [===========>..................] - ETA: 5s - loss: 2.3237 - accuracy: 0.0988
183/422 [============>.................] - ETA: 5s - loss: 2.3235 - accuracy: 0.0990
186/422 [============>.................] - ETA: 5s - loss: 2.3233 - accuracy: 0.0993
188/422 [============>.................] - ETA: 5s - loss: 2.3233 - accuracy: 0.0990
191/422 [============>.................] - ETA: 5s - loss: 2.3230 - accuracy: 0.0989
194/422 [============>.................] - ETA: 5s - loss: 2.3230 - accuracy: 0.0985
197/422 [=============>................] - ETA: 5s - loss: 2.3230 - accuracy: 0.0984
199/422 [=============>................] - ETA: 5s - loss: 2.3227 - accuracy: 0.0987
202/422 [=============>................] - ETA: 5s - loss: 2.3225 - accuracy: 0.0985
205/422 [=============>................] - ETA: 5s - loss: 2.3225 - accuracy: 0.0982
208/422 [=============>................] - ETA: 5s - loss: 2.3224 - accuracy: 0.0983
211/422 [==============>...............] - ETA: 5s - loss: 2.3222 - accuracy: 0.0982
214/422 [==============>...............] - ETA: 5s - loss: 2.3224 - accuracy: 0.0981
217/422 [==============>...............] - ETA: 5s - loss: 2.3223 - accuracy: 0.0981
219/422 [==============>...............] - ETA: 4s - loss: 2.3225 - accuracy: 0.0980
222/422 [==============>...............] - ETA: 4s - loss: 2.3225 - accuracy: 0.0981
225/422 [==============>...............] - ETA: 4s - loss: 2.3224 - accuracy: 0.0983
228/422 [===============>..............] - ETA: 4s - loss: 2.3225 - accuracy: 0.0984
231/422 [===============>..............] - ETA: 4s - loss: 2.3225 - accuracy: 0.0985
234/422 [===============>..............] - ETA: 4s - loss: 2.3226 - accuracy: 0.0981
236/422 [===============>..............] - ETA: 4s - loss: 2.3226 - accuracy: 0.0982
239/422 [===============>..............] - ETA: 4s - loss: 2.3226 - accuracy: 0.0978
242/422 [================>.............] - ETA: 4s - loss: 2.3223 - accuracy: 0.0983
245/422 [================>.............] - ETA: 4s - loss: 2.3225 - accuracy: 0.0982
248/422 [================>.............] - ETA: 4s - loss: 2.3224 - accuracy: 0.0984
251/422 [================>.............] - ETA: 4s - loss: 2.3225 - accuracy: 0.0983
254/422 [=================>............] - ETA: 4s - loss: 2.3225 - accuracy: 0.0982
257/422 [=================>............] - ETA: 4s - loss: 2.3227 - accuracy: 0.0979
260/422 [=================>............] - ETA: 3s - loss: 2.3227 - accuracy: 0.0979
263/422 [=================>............] - ETA: 3s - loss: 2.3228 - accuracy: 0.0980
265/422 [=================>............] - ETA: 3s - loss: 2.3231 - accuracy: 0.0979
268/422 [==================>...........] - ETA: 3s - loss: 2.3233 - accuracy: 0.0979
271/422 [==================>...........] - ETA: 3s - loss: 2.3233 - accuracy: 0.0981
274/422 [==================>...........] - ETA: 3s - loss: 2.3235 - accuracy: 0.0981
276/422 [==================>...........] - ETA: 3s - loss: 2.3234 - accuracy: 0.0981
279/422 [==================>...........] - ETA: 3s - loss: 2.3236 - accuracy: 0.0981
282/422 [===================>..........] - ETA: 3s - loss: 2.3236 - accuracy: 0.0980
285/422 [===================>..........] - ETA: 3s - loss: 2.3235 - accuracy: 0.0981
288/422 [===================>..........] - ETA: 3s - loss: 2.3237 - accuracy: 0.0980
291/422 [===================>..........] - ETA: 3s - loss: 2.3239 - accuracy: 0.0978
294/422 [===================>..........] - ETA: 3s - loss: 2.3239 - accuracy: 0.0976
297/422 [====================>.........] - ETA: 3s - loss: 2.3242 - accuracy: 0.0976
300/422 [====================>.........] - ETA: 2s - loss: 2.3242 - accuracy: 0.0975
303/422 [====================>.........] - ETA: 2s - loss: 2.3242 - accuracy: 0.0976
306/422 [====================>.........] - ETA: 2s - loss: 2.3241 - accuracy: 0.0976
309/422 [====================>.........] - ETA: 2s - loss: 2.3241 - accuracy: 0.0978
312/422 [=====================>........] - ETA: 2s - loss: 2.3242 - accuracy: 0.0976
315/422 [=====================>........] - ETA: 2s - loss: 2.3241 - accuracy: 0.0978
318/422 [=====================>........] - ETA: 2s - loss: 2.3241 - accuracy: 0.0976
321/422 [=====================>........] - ETA: 2s - loss: 2.3241 - accuracy: 0.0976
324/422 [======================>.......] - ETA: 2s - loss: 2.3240 - accuracy: 0.0975
326/422 [======================>.......] - ETA: 2s - loss: 2.3239 - accuracy: 0.0976
329/422 [======================>.......] - ETA: 2s - loss: 2.3239 - accuracy: 0.0978
332/422 [======================>.......] - ETA: 2s - loss: 2.3239 - accuracy: 0.0978
335/422 [======================>.......] - ETA: 2s - loss: 2.3239 - accuracy: 0.0978
338/422 [=======================>......] - ETA: 2s - loss: 2.3240 - accuracy: 0.0979
341/422 [=======================>......] - ETA: 1s - loss: 2.3239 - accuracy: 0.0979
344/422 [=======================>......] - ETA: 1s - loss: 2.3238 - accuracy: 0.0979
347/422 [=======================>......] - ETA: 1s - loss: 2.3236 - accuracy: 0.0983
350/422 [=======================>......] - ETA: 1s - loss: 2.3236 - accuracy: 0.0983
353/422 [========================>.....] - ETA: 1s - loss: 2.3235 - accuracy: 0.0982
356/422 [========================>.....] - ETA: 1s - loss: 2.3235 - accuracy: 0.0980
359/422 [========================>.....] - ETA: 1s - loss: 2.3234 - accuracy: 0.0980
362/422 [========================>.....] - ETA: 1s - loss: 2.3236 - accuracy: 0.0978
365/422 [========================>.....] - ETA: 1s - loss: 2.3236 - accuracy: 0.0978
368/422 [=========================>....] - ETA: 1s - loss: 2.3236 - accuracy: 0.0981
370/422 [=========================>....] - ETA: 1s - loss: 2.3237 - accuracy: 0.0980
373/422 [=========================>....] - ETA: 1s - loss: 2.3236 - accuracy: 0.0981
376/422 [=========================>....] - ETA: 1s - loss: 2.3235 - accuracy: 0.0983
379/422 [=========================>....] - ETA: 1s - loss: 2.3235 - accuracy: 0.0984
382/422 [==========================>...] - ETA: 0s - loss: 2.3236 - accuracy: 0.0984
384/422 [==========================>...] - ETA: 0s - loss: 2.3236 - accuracy: 0.0984
387/422 [==========================>...] - ETA: 0s - loss: 2.3235 - accuracy: 0.0984
390/422 [==========================>...] - ETA: 0s - loss: 2.3236 - accuracy: 0.0983
393/422 [==========================>...] - ETA: 0s - loss: 2.3237 - accuracy: 0.0982
396/422 [===========================>..] - ETA: 0s - loss: 2.3236 - accuracy: 0.0984
399/422 [===========================>..] - ETA: 0s - loss: 2.3235 - accuracy: 0.0984
402/422 [===========================>..] - ETA: 0s - loss: 2.3238 - accuracy: 0.0983
405/422 [===========================>..] - ETA: 0s - loss: 2.3239 - accuracy: 0.0982
408/422 [============================>.] - ETA: 0s - loss: 2.3239 - accuracy: 0.0983
410/422 [============================>.] - ETA: 0s - loss: 2.3239 - accuracy: 0.0983
413/422 [============================>.] - ETA: 0s - loss: 2.3239 - accuracy: 0.0982
416/422 [============================>.] - ETA: 0s - loss: 2.3239 - accuracy: 0.0982
419/422 [============================>.] - ETA: 0s - loss: 2.3240 - accuracy: 0.0982
422/422 [==============================] - ETA: 0s - loss: 2.3240 - accuracy: 0.0984
422/422 [==============================] - 11s 26ms/step - loss: 2.3240 - accuracy: 0.0984 - val_loss: 2.3273 - val_accuracy: 0.1018
Epoch 4/71

  1/422 [..............................] - ETA: 10s - loss: 2.3654 - accuracy: 0.0781
  3/422 [..............................] - ETA: 13s - loss: 2.3581 - accuracy: 0.0964
  6/422 [..............................] - ETA: 10s - loss: 2.3498 - accuracy: 0.0885
  9/422 [..............................] - ETA: 10s - loss: 2.3445 - accuracy: 0.0920
 12/422 [..............................] - ETA: 9s - loss: 2.3354 - accuracy: 0.0931 
 14/422 [..............................] - ETA: 10s - loss: 2.3312 - accuracy: 0.0960
 17/422 [>.............................] - ETA: 9s - loss: 2.3299 - accuracy: 0.0947 
 19/422 [>.............................] - ETA: 10s - loss: 2.3269 - accuracy: 0.0975
 22/422 [>.............................] - ETA: 9s - loss: 2.3264 - accuracy: 0.0987 
 25/422 [>.............................] - ETA: 9s - loss: 2.3265 - accuracy: 0.0969
 28/422 [>.............................] - ETA: 9s - loss: 2.3274 - accuracy: 0.0940
 31/422 [=>............................] - ETA: 9s - loss: 2.3286 - accuracy: 0.0925
 34/422 [=>............................] - ETA: 9s - loss: 2.3282 - accuracy: 0.0940
 37/422 [=>............................] - ETA: 9s - loss: 2.3285 - accuracy: 0.0933
 39/422 [=>............................] - ETA: 9s - loss: 2.3276 - accuracy: 0.0938
 42/422 [=>............................] - ETA: 9s - loss: 2.3280 - accuracy: 0.0924
 44/422 [==>...........................] - ETA: 9s - loss: 2.3274 - accuracy: 0.0927
 47/422 [==>...........................] - ETA: 9s - loss: 2.3275 - accuracy: 0.0938
 50/422 [==>...........................] - ETA: 9s - loss: 2.3274 - accuracy: 0.0936
 53/422 [==>...........................] - ETA: 9s - loss: 2.3285 - accuracy: 0.0932
 56/422 [==>...........................] - ETA: 9s - loss: 2.3281 - accuracy: 0.0935
 59/422 [===>..........................] - ETA: 8s - loss: 2.3275 - accuracy: 0.0935
 62/422 [===>..........................] - ETA: 8s - loss: 2.3279 - accuracy: 0.0938
 65/422 [===>..........................] - ETA: 8s - loss: 2.3277 - accuracy: 0.0933
 68/422 [===>..........................] - ETA: 8s - loss: 2.3272 - accuracy: 0.0939
 71/422 [====>.........................] - ETA: 8s - loss: 2.3276 - accuracy: 0.0933
 74/422 [====>.........................] - ETA: 8s - loss: 2.3268 - accuracy: 0.0938
 77/422 [====>.........................] - ETA: 8s - loss: 2.3262 - accuracy: 0.0945
 80/422 [====>.........................] - ETA: 8s - loss: 2.3261 - accuracy: 0.0941
 83/422 [====>.........................] - ETA: 8s - loss: 2.3260 - accuracy: 0.0939
 86/422 [=====>........................] - ETA: 8s - loss: 2.3255 - accuracy: 0.0953
 89/422 [=====>........................] - ETA: 8s - loss: 2.3251 - accuracy: 0.0959
 91/422 [=====>........................] - ETA: 8s - loss: 2.3250 - accuracy: 0.0962
 94/422 [=====>........................] - ETA: 8s - loss: 2.3246 - accuracy: 0.0969
 96/422 [=====>........................] - ETA: 8s - loss: 2.3244 - accuracy: 0.0973
 99/422 [======>.......................] - ETA: 7s - loss: 2.3243 - accuracy: 0.0968
102/422 [======>.......................] - ETA: 7s - loss: 2.3241 - accuracy: 0.0974
105/422 [======>.......................] - ETA: 7s - loss: 2.3239 - accuracy: 0.0975
108/422 [======>.......................] - ETA: 7s - loss: 2.3238 - accuracy: 0.0971
110/422 [======>.......................] - ETA: 7s - loss: 2.3240 - accuracy: 0.0972
113/422 [=======>......................] - ETA: 7s - loss: 2.3242 - accuracy: 0.0973
115/422 [=======>......................] - ETA: 7s - loss: 2.3240 - accuracy: 0.0983
118/422 [=======>......................] - ETA: 7s - loss: 2.3236 - accuracy: 0.0988
121/422 [=======>......................] - ETA: 7s - loss: 2.3239 - accuracy: 0.0991
124/422 [=======>......................] - ETA: 7s - loss: 2.3237 - accuracy: 0.0989
127/422 [========>.....................] - ETA: 7s - loss: 2.3235 - accuracy: 0.0987
130/422 [========>.....................] - ETA: 7s - loss: 2.3238 - accuracy: 0.0988
132/422 [========>.....................] - ETA: 7s - loss: 2.3238 - accuracy: 0.0985
135/422 [========>.....................] - ETA: 7s - loss: 2.3234 - accuracy: 0.0993
138/422 [========>.....................] - ETA: 7s - loss: 2.3237 - accuracy: 0.0993
141/422 [=========>....................] - ETA: 6s - loss: 2.3241 - accuracy: 0.0995
144/422 [=========>....................] - ETA: 6s - loss: 2.3246 - accuracy: 0.0990
147/422 [=========>....................] - ETA: 6s - loss: 2.3247 - accuracy: 0.0995
150/422 [=========>....................] - ETA: 6s - loss: 2.3249 - accuracy: 0.0999
153/422 [=========>....................] - ETA: 6s - loss: 2.3245 - accuracy: 0.0995
155/422 [==========>...................] - ETA: 6s - loss: 2.3248 - accuracy: 0.0993
158/422 [==========>...................] - ETA: 6s - loss: 2.3245 - accuracy: 0.0999
161/422 [==========>...................] - ETA: 6s - loss: 2.3247 - accuracy: 0.0998
164/422 [==========>...................] - ETA: 6s - loss: 2.3246 - accuracy: 0.0996
166/422 [==========>...................] - ETA: 6s - loss: 2.3245 - accuracy: 0.0996
169/422 [===========>..................] - ETA: 6s - loss: 2.3245 - accuracy: 0.1000
172/422 [===========>..................] - ETA: 6s - loss: 2.3244 - accuracy: 0.1002
175/422 [===========>..................] - ETA: 6s - loss: 2.3242 - accuracy: 0.1002
178/422 [===========>..................] - ETA: 5s - loss: 2.3242 - accuracy: 0.1001
181/422 [===========>..................] - ETA: 5s - loss: 2.3243 - accuracy: 0.0999
184/422 [============>.................] - ETA: 5s - loss: 2.3239 - accuracy: 0.1004
187/422 [============>.................] - ETA: 5s - loss: 2.3237 - accuracy: 0.1004
190/422 [============>.................] - ETA: 5s - loss: 2.3237 - accuracy: 0.1005
193/422 [============>.................] - ETA: 5s - loss: 2.3238 - accuracy: 0.1005
196/422 [============>.................] - ETA: 5s - loss: 2.3240 - accuracy: 0.1004
198/422 [=============>................] - ETA: 5s - loss: 2.3239 - accuracy: 0.1002
201/422 [=============>................] - ETA: 5s - loss: 2.3242 - accuracy: 0.1001
204/422 [=============>................] - ETA: 5s - loss: 2.3244 - accuracy: 0.1000
207/422 [=============>................] - ETA: 5s - loss: 2.3242 - accuracy: 0.1001
210/422 [=============>................] - ETA: 5s - loss: 2.3239 - accuracy: 0.1002
212/422 [==============>...............] - ETA: 5s - loss: 2.3238 - accuracy: 0.1001
215/422 [==============>...............] - ETA: 5s - loss: 2.3237 - accuracy: 0.1001
218/422 [==============>...............] - ETA: 5s - loss: 2.3235 - accuracy: 0.1003
221/422 [==============>...............] - ETA: 4s - loss: 2.3235 - accuracy: 0.1003
224/422 [==============>...............] - ETA: 4s - loss: 2.3235 - accuracy: 0.1000
227/422 [===============>..............] - ETA: 4s - loss: 2.3232 - accuracy: 0.1003
230/422 [===============>..............] - ETA: 4s - loss: 2.3231 - accuracy: 0.1003
232/422 [===============>..............] - ETA: 4s - loss: 2.3232 - accuracy: 0.1004
235/422 [===============>..............] - ETA: 4s - loss: 2.3233 - accuracy: 0.1004
237/422 [===============>..............] - ETA: 4s - loss: 2.3234 - accuracy: 0.1003
240/422 [================>.............] - ETA: 4s - loss: 2.3233 - accuracy: 0.1004
243/422 [================>.............] - ETA: 4s - loss: 2.3233 - accuracy: 0.1002
246/422 [================>.............] - ETA: 4s - loss: 2.3234 - accuracy: 0.0999
249/422 [================>.............] - ETA: 4s - loss: 2.3233 - accuracy: 0.1002
251/422 [================>.............] - ETA: 4s - loss: 2.3231 - accuracy: 0.1001
254/422 [=================>............] - ETA: 4s - loss: 2.3232 - accuracy: 0.0997
257/422 [=================>............] - ETA: 4s - loss: 2.3230 - accuracy: 0.0998
260/422 [=================>............] - ETA: 3s - loss: 2.3229 - accuracy: 0.1002
262/422 [=================>............] - ETA: 3s - loss: 2.3229 - accuracy: 0.1000
265/422 [=================>............] - ETA: 3s - loss: 2.3230 - accuracy: 0.0997
267/422 [=================>............] - ETA: 3s - loss: 2.3228 - accuracy: 0.0998
269/422 [==================>...........] - ETA: 3s - loss: 2.3226 - accuracy: 0.1000
272/422 [==================>...........] - ETA: 3s - loss: 2.3230 - accuracy: 0.0999
275/422 [==================>...........] - ETA: 3s - loss: 2.3229 - accuracy: 0.1001
278/422 [==================>...........] - ETA: 3s - loss: 2.3229 - accuracy: 0.0999
281/422 [==================>...........] - ETA: 3s - loss: 2.3229 - accuracy: 0.1001
284/422 [===================>..........] - ETA: 3s - loss: 2.3229 - accuracy: 0.1001
287/422 [===================>..........] - ETA: 3s - loss: 2.3227 - accuracy: 0.1001
290/422 [===================>..........] - ETA: 3s - loss: 2.3227 - accuracy: 0.0999
293/422 [===================>..........] - ETA: 3s - loss: 2.3229 - accuracy: 0.0998
296/422 [====================>.........] - ETA: 3s - loss: 2.3226 - accuracy: 0.1000
299/422 [====================>.........] - ETA: 3s - loss: 2.3229 - accuracy: 0.0999
302/422 [====================>.........] - ETA: 2s - loss: 2.3228 - accuracy: 0.0997
305/422 [====================>.........] - ETA: 2s - loss: 2.3226 - accuracy: 0.0998
307/422 [====================>.........] - ETA: 2s - loss: 2.3225 - accuracy: 0.0999
310/422 [=====================>........] - ETA: 2s - loss: 2.3224 - accuracy: 0.1000
313/422 [=====================>........] - ETA: 2s - loss: 2.3224 - accuracy: 0.1001
316/422 [=====================>........] - ETA: 2s - loss: 2.3226 - accuracy: 0.0999
319/422 [=====================>........] - ETA: 2s - loss: 2.3224 - accuracy: 0.0999
321/422 [=====================>........] - ETA: 2s - loss: 2.3225 - accuracy: 0.0998
324/422 [======================>.......] - ETA: 2s - loss: 2.3224 - accuracy: 0.0998
327/422 [======================>.......] - ETA: 2s - loss: 2.3224 - accuracy: 0.0998
330/422 [======================>.......] - ETA: 2s - loss: 2.3223 - accuracy: 0.0997
333/422 [======================>.......] - ETA: 2s - loss: 2.3221 - accuracy: 0.0998
336/422 [======================>.......] - ETA: 2s - loss: 2.3223 - accuracy: 0.0997
339/422 [=======================>......] - ETA: 2s - loss: 2.3222 - accuracy: 0.0998
342/422 [=======================>......] - ETA: 1s - loss: 2.3220 - accuracy: 0.1001
344/422 [=======================>......] - ETA: 1s - loss: 2.3221 - accuracy: 0.1001
347/422 [=======================>......] - ETA: 1s - loss: 2.3219 - accuracy: 0.1001
349/422 [=======================>......] - ETA: 1s - loss: 2.3219 - accuracy: 0.1000
352/422 [========================>.....] - ETA: 1s - loss: 2.3220 - accuracy: 0.0999
354/422 [========================>.....] - ETA: 1s - loss: 2.3220 - accuracy: 0.0999
357/422 [========================>.....] - ETA: 1s - loss: 2.3220 - accuracy: 0.0999
360/422 [========================>.....] - ETA: 1s - loss: 2.3219 - accuracy: 0.0999
363/422 [========================>.....] - ETA: 1s - loss: 2.3217 - accuracy: 0.1000
366/422 [=========================>....] - ETA: 1s - loss: 2.3219 - accuracy: 0.0999
368/422 [=========================>....] - ETA: 1s - loss: 2.3219 - accuracy: 0.1000
371/422 [=========================>....] - ETA: 1s - loss: 2.3219 - accuracy: 0.1000
374/422 [=========================>....] - ETA: 1s - loss: 2.3221 - accuracy: 0.1000
377/422 [=========================>....] - ETA: 1s - loss: 2.3222 - accuracy: 0.1000
380/422 [==========================>...] - ETA: 1s - loss: 2.3224 - accuracy: 0.1000
383/422 [==========================>...] - ETA: 0s - loss: 2.3225 - accuracy: 0.0998
385/422 [==========================>...] - ETA: 0s - loss: 2.3226 - accuracy: 0.0999
388/422 [==========================>...] - ETA: 0s - loss: 2.3225 - accuracy: 0.1001
391/422 [==========================>...] - ETA: 0s - loss: 2.3224 - accuracy: 0.1000
394/422 [===========================>..] - ETA: 0s - loss: 2.3224 - accuracy: 0.0999
397/422 [===========================>..] - ETA: 0s - loss: 2.3224 - accuracy: 0.1000
400/422 [===========================>..] - ETA: 0s - loss: 2.3226 - accuracy: 0.0999
403/422 [===========================>..] - ETA: 0s - loss: 2.3225 - accuracy: 0.0999
406/422 [===========================>..] - ETA: 0s - loss: 2.3223 - accuracy: 0.1002
409/422 [============================>.] - ETA: 0s - loss: 2.3224 - accuracy: 0.1003
412/422 [============================>.] - ETA: 0s - loss: 2.3225 - accuracy: 0.1002
415/422 [============================>.] - ETA: 0s - loss: 2.3225 - accuracy: 0.1002
418/422 [============================>.] - ETA: 0s - loss: 2.3225 - accuracy: 0.1002
421/422 [============================>.] - ETA: 0s - loss: 2.3225 - accuracy: 0.1002
422/422 [==============================] - 11s 26ms/step - loss: 2.3225 - accuracy: 0.1003 - val_loss: 2.3204 - val_accuracy: 0.1027
Epoch 5/71

  1/422 [..............................] - ETA: 13s - loss: 2.3220 - accuracy: 0.1172
  4/422 [..............................] - ETA: 8s - loss: 2.3196 - accuracy: 0.1113 
  6/422 [..............................] - ETA: 10s - loss: 2.3140 - accuracy: 0.1133
  9/422 [..............................] - ETA: 9s - loss: 2.3231 - accuracy: 0.1085 
 12/422 [..............................] - ETA: 9s - loss: 2.3248 - accuracy: 0.1087
 15/422 [>.............................] - ETA: 10s - loss: 2.3249 - accuracy: 0.1141
 18/422 [>.............................] - ETA: 9s - loss: 2.3250 - accuracy: 0.1120 
 21/422 [>.............................] - ETA: 9s - loss: 2.3235 - accuracy: 0.1094
 24/422 [>.............................] - ETA: 9s - loss: 2.3228 - accuracy: 0.1068
 27/422 [>.............................] - ETA: 9s - loss: 2.3228 - accuracy: 0.1076
 29/422 [=>............................] - ETA: 9s - loss: 2.3224 - accuracy: 0.1061
 32/422 [=>............................] - ETA: 9s - loss: 2.3238 - accuracy: 0.1069
 35/422 [=>............................] - ETA: 9s - loss: 2.3242 - accuracy: 0.1055
 38/422 [=>............................] - ETA: 9s - loss: 2.3232 - accuracy: 0.1052
 40/422 [=>............................] - ETA: 9s - loss: 2.3230 - accuracy: 0.1033
 43/422 [==>...........................] - ETA: 9s - loss: 2.3227 - accuracy: 0.1037
 46/422 [==>...........................] - ETA: 9s - loss: 2.3216 - accuracy: 0.1042
 49/422 [==>...........................] - ETA: 9s - loss: 2.3216 - accuracy: 0.1058
 52/422 [==>...........................] - ETA: 8s - loss: 2.3213 - accuracy: 0.1048
 54/422 [==>...........................] - ETA: 9s - loss: 2.3216 - accuracy: 0.1051
 57/422 [===>..........................] - ETA: 8s - loss: 2.3219 - accuracy: 0.1056
 60/422 [===>..........................] - ETA: 8s - loss: 2.3212 - accuracy: 0.1050
 63/422 [===>..........................] - ETA: 8s - loss: 2.3213 - accuracy: 0.1050
 66/422 [===>..........................] - ETA: 8s - loss: 2.3203 - accuracy: 0.1060
 69/422 [===>..........................] - ETA: 8s - loss: 2.3197 - accuracy: 0.1057
 72/422 [====>.........................] - ETA: 8s - loss: 2.3192 - accuracy: 0.1072
 74/422 [====>.........................] - ETA: 8s - loss: 2.3193 - accuracy: 0.1076
 77/422 [====>.........................] - ETA: 8s - loss: 2.3190 - accuracy: 0.1073
 80/422 [====>.........................] - ETA: 8s - loss: 2.3194 - accuracy: 0.1059
 83/422 [====>.........................] - ETA: 8s - loss: 2.3191 - accuracy: 0.1058
 86/422 [=====>........................] - ETA: 8s - loss: 2.3187 - accuracy: 0.1047
 89/422 [=====>........................] - ETA: 8s - loss: 2.3190 - accuracy: 0.1042
 91/422 [=====>........................] - ETA: 8s - loss: 2.3190 - accuracy: 0.1039
 94/422 [=====>........................] - ETA: 8s - loss: 2.3193 - accuracy: 0.1040
 97/422 [=====>........................] - ETA: 7s - loss: 2.3197 - accuracy: 0.1035
100/422 [======>.......................] - ETA: 7s - loss: 2.3198 - accuracy: 0.1037
103/422 [======>.......................] - ETA: 7s - loss: 2.3196 - accuracy: 0.1046
106/422 [======>.......................] - ETA: 7s - loss: 2.3197 - accuracy: 0.1048
109/422 [======>.......................] - ETA: 7s - loss: 2.3197 - accuracy: 0.1043
112/422 [======>.......................] - ETA: 7s - loss: 2.3199 - accuracy: 0.1040
115/422 [=======>......................] - ETA: 7s - loss: 2.3200 - accuracy: 0.1042
118/422 [=======>......................] - ETA: 7s - loss: 2.3203 - accuracy: 0.1041
121/422 [=======>......................] - ETA: 7s - loss: 2.3204 - accuracy: 0.1037
124/422 [=======>......................] - ETA: 7s - loss: 2.3203 - accuracy: 0.1037
127/422 [========>.....................] - ETA: 7s - loss: 2.3208 - accuracy: 0.1035
130/422 [========>.....................] - ETA: 7s - loss: 2.3204 - accuracy: 0.1039
133/422 [========>.....................] - ETA: 7s - loss: 2.3204 - accuracy: 0.1040
135/422 [========>.....................] - ETA: 7s - loss: 2.3207 - accuracy: 0.1041
138/422 [========>.....................] - ETA: 6s - loss: 2.3207 - accuracy: 0.1043
141/422 [=========>....................] - ETA: 6s - loss: 2.3203 - accuracy: 0.1043
144/422 [=========>....................] - ETA: 6s - loss: 2.3204 - accuracy: 0.1041
147/422 [=========>....................] - ETA: 6s - loss: 2.3200 - accuracy: 0.1048
150/422 [=========>....................] - ETA: 6s - loss: 2.3200 - accuracy: 0.1046
153/422 [=========>....................] - ETA: 6s - loss: 2.3197 - accuracy: 0.1050
156/422 [==========>...................] - ETA: 6s - loss: 2.3196 - accuracy: 0.1048
159/422 [==========>...................] - ETA: 6s - loss: 2.3199 - accuracy: 0.1042
162/422 [==========>...................] - ETA: 6s - loss: 2.3197 - accuracy: 0.1040
165/422 [==========>...................] - ETA: 6s - loss: 2.3197 - accuracy: 0.1044
168/422 [==========>...................] - ETA: 6s - loss: 2.3198 - accuracy: 0.1041
171/422 [===========>..................] - ETA: 6s - loss: 2.3198 - accuracy: 0.1041
174/422 [===========>..................] - ETA: 6s - loss: 2.3200 - accuracy: 0.1037
177/422 [===========>..................] - ETA: 5s - loss: 2.3202 - accuracy: 0.1040
180/422 [===========>..................] - ETA: 5s - loss: 2.3206 - accuracy: 0.1039
183/422 [============>.................] - ETA: 5s - loss: 2.3208 - accuracy: 0.1042
186/422 [============>.................] - ETA: 5s - loss: 2.3207 - accuracy: 0.1045
189/422 [============>.................] - ETA: 5s - loss: 2.3208 - accuracy: 0.1044
192/422 [============>.................] - ETA: 5s - loss: 2.3207 - accuracy: 0.1045
195/422 [============>.................] - ETA: 5s - loss: 2.3208 - accuracy: 0.1043
197/422 [=============>................] - ETA: 5s - loss: 2.3206 - accuracy: 0.1045
200/422 [=============>................] - ETA: 5s - loss: 2.3206 - accuracy: 0.1042
203/422 [=============>................] - ETA: 5s - loss: 2.3205 - accuracy: 0.1040
206/422 [=============>................] - ETA: 5s - loss: 2.3207 - accuracy: 0.1037
209/422 [=============>................] - ETA: 5s - loss: 2.3204 - accuracy: 0.1038
212/422 [==============>...............] - ETA: 5s - loss: 2.3206 - accuracy: 0.1036
214/422 [==============>...............] - ETA: 5s - loss: 2.3208 - accuracy: 0.1036
217/422 [==============>...............] - ETA: 5s - loss: 2.3207 - accuracy: 0.1036
220/422 [==============>...............] - ETA: 4s - loss: 2.3210 - accuracy: 0.1033
222/422 [==============>...............] - ETA: 4s - loss: 2.3209 - accuracy: 0.1032
225/422 [==============>...............] - ETA: 4s - loss: 2.3210 - accuracy: 0.1034
228/422 [===============>..............] - ETA: 4s - loss: 2.3211 - accuracy: 0.1033
231/422 [===============>..............] - ETA: 4s - loss: 2.3212 - accuracy: 0.1033
234/422 [===============>..............] - ETA: 4s - loss: 2.3211 - accuracy: 0.1034
236/422 [===============>..............] - ETA: 4s - loss: 2.3209 - accuracy: 0.1036
239/422 [===============>..............] - ETA: 4s - loss: 2.3210 - accuracy: 0.1032
242/422 [================>.............] - ETA: 4s - loss: 2.3210 - accuracy: 0.1031
245/422 [================>.............] - ETA: 4s - loss: 2.3208 - accuracy: 0.1031
248/422 [================>.............] - ETA: 4s - loss: 2.3211 - accuracy: 0.1032
251/422 [================>.............] - ETA: 4s - loss: 2.3212 - accuracy: 0.1030
254/422 [=================>............] - ETA: 4s - loss: 2.3212 - accuracy: 0.1029
257/422 [=================>............] - ETA: 4s - loss: 2.3212 - accuracy: 0.1031
259/422 [=================>............] - ETA: 3s - loss: 2.3212 - accuracy: 0.1030
262/422 [=================>............] - ETA: 3s - loss: 2.3210 - accuracy: 0.1031
265/422 [=================>............] - ETA: 3s - loss: 2.3212 - accuracy: 0.1030
268/422 [==================>...........] - ETA: 3s - loss: 2.3211 - accuracy: 0.1031
271/422 [==================>...........] - ETA: 3s - loss: 2.3212 - accuracy: 0.1030
273/422 [==================>...........] - ETA: 3s - loss: 2.3214 - accuracy: 0.1030
276/422 [==================>...........] - ETA: 3s - loss: 2.3214 - accuracy: 0.1029
279/422 [==================>...........] - ETA: 3s - loss: 2.3213 - accuracy: 0.1029
282/422 [===================>..........] - ETA: 3s - loss: 2.3215 - accuracy: 0.1028
285/422 [===================>..........] - ETA: 3s - loss: 2.3214 - accuracy: 0.1028
287/422 [===================>..........] - ETA: 3s - loss: 2.3215 - accuracy: 0.1028
290/422 [===================>..........] - ETA: 3s - loss: 2.3215 - accuracy: 0.1027
293/422 [===================>..........] - ETA: 3s - loss: 2.3215 - accuracy: 0.1029
295/422 [===================>..........] - ETA: 3s - loss: 2.3216 - accuracy: 0.1029
298/422 [====================>.........] - ETA: 3s - loss: 2.3219 - accuracy: 0.1027
301/422 [====================>.........] - ETA: 2s - loss: 2.3219 - accuracy: 0.1025
303/422 [====================>.........] - ETA: 2s - loss: 2.3220 - accuracy: 0.1025
306/422 [====================>.........] - ETA: 2s - loss: 2.3221 - accuracy: 0.1024
309/422 [====================>.........] - ETA: 2s - loss: 2.3222 - accuracy: 0.1023
312/422 [=====================>........] - ETA: 2s - loss: 2.3220 - accuracy: 0.1023
315/422 [=====================>........] - ETA: 2s - loss: 2.3220 - accuracy: 0.1022
318/422 [=====================>........] - ETA: 2s - loss: 2.3220 - accuracy: 0.1022
321/422 [=====================>........] - ETA: 2s - loss: 2.3221 - accuracy: 0.1021
324/422 [======================>.......] - ETA: 2s - loss: 2.3222 - accuracy: 0.1020
327/422 [======================>.......] - ETA: 2s - loss: 2.3223 - accuracy: 0.1018
330/422 [======================>.......] - ETA: 2s - loss: 2.3224 - accuracy: 0.1016
333/422 [======================>.......] - ETA: 2s - loss: 2.3223 - accuracy: 0.1015
335/422 [======================>.......] - ETA: 2s - loss: 2.3223 - accuracy: 0.1014
338/422 [=======================>......] - ETA: 2s - loss: 2.3223 - accuracy: 0.1014
341/422 [=======================>......] - ETA: 1s - loss: 2.3222 - accuracy: 0.1015
344/422 [=======================>......] - ETA: 1s - loss: 2.3222 - accuracy: 0.1013
346/422 [=======================>......] - ETA: 1s - loss: 2.3221 - accuracy: 0.1014
349/422 [=======================>......] - ETA: 1s - loss: 2.3221 - accuracy: 0.1015
351/422 [=======================>......] - ETA: 1s - loss: 2.3221 - accuracy: 0.1015
354/422 [========================>.....] - ETA: 1s - loss: 2.3221 - accuracy: 0.1015
357/422 [========================>.....] - ETA: 1s - loss: 2.3221 - accuracy: 0.1016
360/422 [========================>.....] - ETA: 1s - loss: 2.3222 - accuracy: 0.1016
363/422 [========================>.....] - ETA: 1s - loss: 2.3220 - accuracy: 0.1016
366/422 [=========================>....] - ETA: 1s - loss: 2.3221 - accuracy: 0.1017
369/422 [=========================>....] - ETA: 1s - loss: 2.3220 - accuracy: 0.1018
371/422 [=========================>....] - ETA: 1s - loss: 2.3218 - accuracy: 0.1020
374/422 [=========================>....] - ETA: 1s - loss: 2.3217 - accuracy: 0.1021
377/422 [=========================>....] - ETA: 1s - loss: 2.3217 - accuracy: 0.1020
380/422 [==========================>...] - ETA: 1s - loss: 2.3217 - accuracy: 0.1017
383/422 [==========================>...] - ETA: 0s - loss: 2.3217 - accuracy: 0.1016
386/422 [==========================>...] - ETA: 0s - loss: 2.3218 - accuracy: 0.1015
389/422 [==========================>...] - ETA: 0s - loss: 2.3218 - accuracy: 0.1014
391/422 [==========================>...] - ETA: 0s - loss: 2.3219 - accuracy: 0.1013
394/422 [===========================>..] - ETA: 0s - loss: 2.3218 - accuracy: 0.1012
397/422 [===========================>..] - ETA: 0s - loss: 2.3218 - accuracy: 0.1013
400/422 [===========================>..] - ETA: 0s - loss: 2.3218 - accuracy: 0.1012
402/422 [===========================>..] - ETA: 0s - loss: 2.3218 - accuracy: 0.1012
405/422 [===========================>..] - ETA: 0s - loss: 2.3217 - accuracy: 0.1012
408/422 [============================>.] - ETA: 0s - loss: 2.3218 - accuracy: 0.1010
411/422 [============================>.] - ETA: 0s - loss: 2.3216 - accuracy: 0.1010
414/422 [============================>.] - ETA: 0s - loss: 2.3217 - accuracy: 0.1010
416/422 [============================>.] - ETA: 0s - loss: 2.3216 - accuracy: 0.1011
419/422 [============================>.] - ETA: 0s - loss: 2.3215 - accuracy: 0.1013
422/422 [==============================] - ETA: 0s - loss: 2.3214 - accuracy: 0.1013
422/422 [==============================] - 11s 26ms/step - loss: 2.3214 - accuracy: 0.1013 - val_loss: 2.3203 - val_accuracy: 0.0972
Epoch 6/71

  1/422 [..............................] - ETA: 13s - loss: 2.3012 - accuracy: 0.1016
  4/422 [..............................] - ETA: 8s - loss: 2.3274 - accuracy: 0.0977 
  7/422 [..............................] - ETA: 9s - loss: 2.3249 - accuracy: 0.1060
 10/422 [..............................] - ETA: 10s - loss: 2.3251 - accuracy: 0.1102
 13/422 [..............................] - ETA: 9s - loss: 2.3228 - accuracy: 0.1100 
 15/422 [>.............................] - ETA: 10s - loss: 2.3234 - accuracy: 0.1036
 18/422 [>.............................] - ETA: 9s - loss: 2.3216 - accuracy: 0.1037 
 21/422 [>.............................] - ETA: 9s - loss: 2.3228 - accuracy: 0.1045
 24/422 [>.............................] - ETA: 9s - loss: 2.3224 - accuracy: 0.1084
 27/422 [>.............................] - ETA: 9s - loss: 2.3224 - accuracy: 0.1088
 30/422 [=>............................] - ETA: 9s - loss: 2.3223 - accuracy: 0.1073
 33/422 [=>............................] - ETA: 9s - loss: 2.3216 - accuracy: 0.1054
 36/422 [=>............................] - ETA: 9s - loss: 2.3221 - accuracy: 0.1026
 39/422 [=>............................] - ETA: 9s - loss: 2.3211 - accuracy: 0.1016
 42/422 [=>............................] - ETA: 9s - loss: 2.3208 - accuracy: 0.1031
 45/422 [==>...........................] - ETA: 9s - loss: 2.3207 - accuracy: 0.1009
 48/422 [==>...........................] - ETA: 9s - loss: 2.3210 - accuracy: 0.1001
 51/422 [==>...........................] - ETA: 8s - loss: 2.3217 - accuracy: 0.0991
 53/422 [==>...........................] - ETA: 8s - loss: 2.3215 - accuracy: 0.1004
 56/422 [==>...........................] - ETA: 8s - loss: 2.3197 - accuracy: 0.1016
 58/422 [===>..........................] - ETA: 8s - loss: 2.3201 - accuracy: 0.1009
 61/422 [===>..........................] - ETA: 8s - loss: 2.3229 - accuracy: 0.0990
 63/422 [===>..........................] - ETA: 8s - loss: 2.3223 - accuracy: 0.0991
 65/422 [===>..........................] - ETA: 8s - loss: 2.3221 - accuracy: 0.0988
 68/422 [===>..........................] - ETA: 8s - loss: 2.3232 - accuracy: 0.0980
 71/422 [====>.........................] - ETA: 8s - loss: 2.3230 - accuracy: 0.0978
 74/422 [====>.........................] - ETA: 8s - loss: 2.3231 - accuracy: 0.0967
 77/422 [====>.........................] - ETA: 8s - loss: 2.3231 - accuracy: 0.0972
 79/422 [====>.........................] - ETA: 8s - loss: 2.3230 - accuracy: 0.0968
 82/422 [====>.........................] - ETA: 8s - loss: 2.3228 - accuracy: 0.0968
 85/422 [=====>........................] - ETA: 8s - loss: 2.3226 - accuracy: 0.0959
 88/422 [=====>........................] - ETA: 8s - loss: 2.3225 - accuracy: 0.0960
 90/422 [=====>........................] - ETA: 8s - loss: 2.3223 - accuracy: 0.0964
 93/422 [=====>........................] - ETA: 8s - loss: 2.3218 - accuracy: 0.0959
 96/422 [=====>........................] - ETA: 7s - loss: 2.3216 - accuracy: 0.0959
 99/422 [======>.......................] - ETA: 7s - loss: 2.3216 - accuracy: 0.0954
102/422 [======>.......................] - ETA: 7s - loss: 2.3212 - accuracy: 0.0956
105/422 [======>.......................] - ETA: 7s - loss: 2.3215 - accuracy: 0.0952
108/422 [======>.......................] - ETA: 7s - loss: 2.3217 - accuracy: 0.0955
111/422 [======>.......................] - ETA: 7s - loss: 2.3216 - accuracy: 0.0953
114/422 [=======>......................] - ETA: 7s - loss: 2.3222 - accuracy: 0.0956
116/422 [=======>......................] - ETA: 7s - loss: 2.3228 - accuracy: 0.0954
119/422 [=======>......................] - ETA: 7s - loss: 2.3228 - accuracy: 0.0954
122/422 [=======>......................] - ETA: 7s - loss: 2.3231 - accuracy: 0.0957
125/422 [=======>......................] - ETA: 7s - loss: 2.3231 - accuracy: 0.0955
128/422 [========>.....................] - ETA: 7s - loss: 2.3236 - accuracy: 0.0958
131/422 [========>.....................] - ETA: 7s - loss: 2.3237 - accuracy: 0.0961
134/422 [========>.....................] - ETA: 7s - loss: 2.3236 - accuracy: 0.0964
137/422 [========>.....................] - ETA: 6s - loss: 2.3236 - accuracy: 0.0965
140/422 [========>.....................] - ETA: 6s - loss: 2.3236 - accuracy: 0.0964
143/422 [=========>....................] - ETA: 6s - loss: 2.3232 - accuracy: 0.0966
145/422 [=========>....................] - ETA: 6s - loss: 2.3232 - accuracy: 0.0969
148/422 [=========>....................] - ETA: 6s - loss: 2.3228 - accuracy: 0.0971
151/422 [=========>....................] - ETA: 6s - loss: 2.3231 - accuracy: 0.0971
154/422 [=========>....................] - ETA: 6s - loss: 2.3231 - accuracy: 0.0974
157/422 [==========>...................] - ETA: 6s - loss: 2.3228 - accuracy: 0.0972
160/422 [==========>...................] - ETA: 6s - loss: 2.3230 - accuracy: 0.0976
163/422 [==========>...................] - ETA: 6s - loss: 2.3231 - accuracy: 0.0977
166/422 [==========>...................] - ETA: 6s - loss: 2.3233 - accuracy: 0.0971
168/422 [==========>...................] - ETA: 6s - loss: 2.3236 - accuracy: 0.0970
171/422 [===========>..................] - ETA: 6s - loss: 2.3235 - accuracy: 0.0972
174/422 [===========>..................] - ETA: 6s - loss: 2.3235 - accuracy: 0.0972
177/422 [===========>..................] - ETA: 5s - loss: 2.3231 - accuracy: 0.0977
180/422 [===========>..................] - ETA: 5s - loss: 2.3229 - accuracy: 0.0979
183/422 [============>.................] - ETA: 5s - loss: 2.3228 - accuracy: 0.0974
185/422 [============>.................] - ETA: 5s - loss: 2.3227 - accuracy: 0.0976
188/422 [============>.................] - ETA: 5s - loss: 2.3227 - accuracy: 0.0972
191/422 [============>.................] - ETA: 5s - loss: 2.3225 - accuracy: 0.0975
194/422 [============>.................] - ETA: 5s - loss: 2.3225 - accuracy: 0.0972
197/422 [=============>................] - ETA: 5s - loss: 2.3223 - accuracy: 0.0973
199/422 [=============>................] - ETA: 5s - loss: 2.3222 - accuracy: 0.0972
202/422 [=============>................] - ETA: 5s - loss: 2.3223 - accuracy: 0.0974
205/422 [=============>................] - ETA: 5s - loss: 2.3221 - accuracy: 0.0975
208/422 [=============>................] - ETA: 5s - loss: 2.3220 - accuracy: 0.0976
211/422 [==============>...............] - ETA: 5s - loss: 2.3221 - accuracy: 0.0977
214/422 [==============>...............] - ETA: 5s - loss: 2.3222 - accuracy: 0.0980
217/422 [==============>...............] - ETA: 4s - loss: 2.3224 - accuracy: 0.0978
220/422 [==============>...............] - ETA: 4s - loss: 2.3225 - accuracy: 0.0981
223/422 [==============>...............] - ETA: 4s - loss: 2.3226 - accuracy: 0.0983
226/422 [===============>..............] - ETA: 4s - loss: 2.3227 - accuracy: 0.0981
229/422 [===============>..............] - ETA: 4s - loss: 2.3226 - accuracy: 0.0981
232/422 [===============>..............] - ETA: 4s - loss: 2.3228 - accuracy: 0.0980
234/422 [===============>..............] - ETA: 4s - loss: 2.3227 - accuracy: 0.0980
237/422 [===============>..............] - ETA: 4s - loss: 2.3226 - accuracy: 0.0979
240/422 [================>.............] - ETA: 4s - loss: 2.3227 - accuracy: 0.0977
243/422 [================>.............] - ETA: 4s - loss: 2.3227 - accuracy: 0.0975
246/422 [================>.............] - ETA: 4s - loss: 2.3228 - accuracy: 0.0974
249/422 [================>.............] - ETA: 4s - loss: 2.3228 - accuracy: 0.0972
252/422 [================>.............] - ETA: 4s - loss: 2.3226 - accuracy: 0.0974
254/422 [=================>............] - ETA: 4s - loss: 2.3226 - accuracy: 0.0976
257/422 [=================>............] - ETA: 4s - loss: 2.3226 - accuracy: 0.0975
259/422 [=================>............] - ETA: 3s - loss: 2.3226 - accuracy: 0.0974
262/422 [=================>............] - ETA: 3s - loss: 2.3225 - accuracy: 0.0973
265/422 [=================>............] - ETA: 3s - loss: 2.3225 - accuracy: 0.0977
268/422 [==================>...........] - ETA: 3s - loss: 2.3225 - accuracy: 0.0980
271/422 [==================>...........] - ETA: 3s - loss: 2.3224 - accuracy: 0.0980
274/422 [==================>...........] - ETA: 3s - loss: 2.3225 - accuracy: 0.0980
276/422 [==================>...........] - ETA: 3s - loss: 2.3225 - accuracy: 0.0981
279/422 [==================>...........] - ETA: 3s - loss: 2.3224 - accuracy: 0.0981
282/422 [===================>..........] - ETA: 3s - loss: 2.3227 - accuracy: 0.0980
285/422 [===================>..........] - ETA: 3s - loss: 2.3228 - accuracy: 0.0980
288/422 [===================>..........] - ETA: 3s - loss: 2.3229 - accuracy: 0.0979
291/422 [===================>..........] - ETA: 3s - loss: 2.3229 - accuracy: 0.0979
294/422 [===================>..........] - ETA: 3s - loss: 2.3231 - accuracy: 0.0976
297/422 [====================>.........] - ETA: 3s - loss: 2.3230 - accuracy: 0.0975
300/422 [====================>.........] - ETA: 2s - loss: 2.3229 - accuracy: 0.0975
303/422 [====================>.........] - ETA: 2s - loss: 2.3229 - accuracy: 0.0974
306/422 [====================>.........] - ETA: 2s - loss: 2.3227 - accuracy: 0.0976
309/422 [====================>.........] - ETA: 2s - loss: 2.3225 - accuracy: 0.0978
312/422 [=====================>........] - ETA: 2s - loss: 2.3227 - accuracy: 0.0979
315/422 [=====================>........] - ETA: 2s - loss: 2.3229 - accuracy: 0.0978
318/422 [=====================>........] - ETA: 2s - loss: 2.3230 - accuracy: 0.0976
321/422 [=====================>........] - ETA: 2s - loss: 2.3230 - accuracy: 0.0976
324/422 [======================>.......] - ETA: 2s - loss: 2.3230 - accuracy: 0.0973
327/422 [======================>.......] - ETA: 2s - loss: 2.3229 - accuracy: 0.0973
329/422 [======================>.......] - ETA: 2s - loss: 2.3229 - accuracy: 0.0972
332/422 [======================>.......] - ETA: 2s - loss: 2.3229 - accuracy: 0.0974
335/422 [======================>.......] - ETA: 2s - loss: 2.3227 - accuracy: 0.0975
338/422 [=======================>......] - ETA: 2s - loss: 2.3225 - accuracy: 0.0974
340/422 [=======================>......] - ETA: 2s - loss: 2.3225 - accuracy: 0.0975
343/422 [=======================>......] - ETA: 1s - loss: 2.3225 - accuracy: 0.0975
346/422 [=======================>......] - ETA: 1s - loss: 2.3224 - accuracy: 0.0975
349/422 [=======================>......] - ETA: 1s - loss: 2.3225 - accuracy: 0.0975
352/422 [========================>.....] - ETA: 1s - loss: 2.3223 - accuracy: 0.0976
355/422 [========================>.....] - ETA: 1s - loss: 2.3224 - accuracy: 0.0974
358/422 [========================>.....] - ETA: 1s - loss: 2.3224 - accuracy: 0.0975
361/422 [========================>.....] - ETA: 1s - loss: 2.3223 - accuracy: 0.0977
364/422 [========================>.....] - ETA: 1s - loss: 2.3223 - accuracy: 0.0976
367/422 [=========================>....] - ETA: 1s - loss: 2.3222 - accuracy: 0.0976
370/422 [=========================>....] - ETA: 1s - loss: 2.3223 - accuracy: 0.0976
373/422 [=========================>....] - ETA: 1s - loss: 2.3222 - accuracy: 0.0980
376/422 [=========================>....] - ETA: 1s - loss: 2.3222 - accuracy: 0.0979
379/422 [=========================>....] - ETA: 1s - loss: 2.3224 - accuracy: 0.0979
382/422 [==========================>...] - ETA: 0s - loss: 2.3223 - accuracy: 0.0979
385/422 [==========================>...] - ETA: 0s - loss: 2.3223 - accuracy: 0.0979
387/422 [==========================>...] - ETA: 0s - loss: 2.3223 - accuracy: 0.0979
390/422 [==========================>...] - ETA: 0s - loss: 2.3222 - accuracy: 0.0980
393/422 [==========================>...] - ETA: 0s - loss: 2.3222 - accuracy: 0.0981
396/422 [===========================>..] - ETA: 0s - loss: 2.3222 - accuracy: 0.0980
399/422 [===========================>..] - ETA: 0s - loss: 2.3223 - accuracy: 0.0981
402/422 [===========================>..] - ETA: 0s - loss: 2.3222 - accuracy: 0.0983
405/422 [===========================>..] - ETA: 0s - loss: 2.3222 - accuracy: 0.0982
408/422 [============================>.] - ETA: 0s - loss: 2.3222 - accuracy: 0.0983
411/422 [============================>.] - ETA: 0s - loss: 2.3223 - accuracy: 0.0983
414/422 [============================>.] - ETA: 0s - loss: 2.3223 - accuracy: 0.0984
417/422 [============================>.] - ETA: 0s - loss: 2.3224 - accuracy: 0.0986
420/422 [============================>.] - ETA: 0s - loss: 2.3224 - accuracy: 0.0985
422/422 [==============================] - 11s 26ms/step - loss: 2.3225 - accuracy: 0.0984 - val_loss: 2.3222 - val_accuracy: 0.1033
Epoch 7/71

  1/422 [..............................] - ETA: 13s - loss: 2.2781 - accuracy: 0.1250
  3/422 [..............................] - ETA: 13s - loss: 2.3261 - accuracy: 0.0990
  6/422 [..............................] - ETA: 10s - loss: 2.3321 - accuracy: 0.1133
  9/422 [..............................] - ETA: 10s - loss: 2.3279 - accuracy: 0.1068
 12/422 [..............................] - ETA: 10s - loss: 2.3303 - accuracy: 0.0951
 15/422 [>.............................] - ETA: 10s - loss: 2.3261 - accuracy: 0.0948
 18/422 [>.............................] - ETA: 10s - loss: 2.3240 - accuracy: 0.0968
 20/422 [>.............................] - ETA: 10s - loss: 2.3258 - accuracy: 0.0965
 23/422 [>.............................] - ETA: 9s - loss: 2.3239 - accuracy: 0.0978 
 26/422 [>.............................] - ETA: 9s - loss: 2.3235 - accuracy: 0.0956
 29/422 [=>............................] - ETA: 9s - loss: 2.3261 - accuracy: 0.0959
 32/422 [=>............................] - ETA: 9s - loss: 2.3252 - accuracy: 0.0984
 34/422 [=>............................] - ETA: 9s - loss: 2.3257 - accuracy: 0.0997
 37/422 [=>............................] - ETA: 9s - loss: 2.3258 - accuracy: 0.1009
 40/422 [=>............................] - ETA: 9s - loss: 2.3268 - accuracy: 0.1016
 43/422 [==>...........................] - ETA: 9s - loss: 2.3256 - accuracy: 0.1030
 45/422 [==>...........................] - ETA: 9s - loss: 2.3269 - accuracy: 0.1028
 48/422 [==>...........................] - ETA: 9s - loss: 2.3265 - accuracy: 0.1006
 50/422 [==>...........................] - ETA: 9s - loss: 2.3262 - accuracy: 0.1014
 53/422 [==>...........................] - ETA: 9s - loss: 2.3268 - accuracy: 0.1020
 56/422 [==>...........................] - ETA: 9s - loss: 2.3272 - accuracy: 0.1020
 59/422 [===>..........................] - ETA: 9s - loss: 2.3269 - accuracy: 0.1025
 62/422 [===>..........................] - ETA: 8s - loss: 2.3268 - accuracy: 0.1026
 65/422 [===>..........................] - ETA: 8s - loss: 2.3266 - accuracy: 0.1034
 68/422 [===>..........................] - ETA: 8s - loss: 2.3253 - accuracy: 0.1036
 70/422 [===>..........................] - ETA: 8s - loss: 2.3254 - accuracy: 0.1030
 73/422 [====>.........................] - ETA: 8s - loss: 2.3253 - accuracy: 0.1032
 76/422 [====>.........................] - ETA: 8s - loss: 2.3247 - accuracy: 0.1037
 79/422 [====>.........................] - ETA: 8s - loss: 2.3243 - accuracy: 0.1031
 82/422 [====>.........................] - ETA: 8s - loss: 2.3239 - accuracy: 0.1023
 85/422 [=====>........................] - ETA: 8s - loss: 2.3233 - accuracy: 0.1021
 87/422 [=====>........................] - ETA: 8s - loss: 2.3225 - accuracy: 0.1027
 90/422 [=====>........................] - ETA: 8s - loss: 2.3226 - accuracy: 0.1022
 93/422 [=====>........................] - ETA: 8s - loss: 2.3225 - accuracy: 0.1023
 96/422 [=====>........................] - ETA: 8s - loss: 2.3224 - accuracy: 0.1025
 99/422 [======>.......................] - ETA: 7s - loss: 2.3220 - accuracy: 0.1035
102/422 [======>.......................] - ETA: 7s - loss: 2.3218 - accuracy: 0.1046
105/422 [======>.......................] - ETA: 7s - loss: 2.3218 - accuracy: 0.1037
108/422 [======>.......................] - ETA: 7s - loss: 2.3216 - accuracy: 0.1044
110/422 [======>.......................] - ETA: 7s - loss: 2.3218 - accuracy: 0.1040
113/422 [=======>......................] - ETA: 7s - loss: 2.3216 - accuracy: 0.1038
116/422 [=======>......................] - ETA: 7s - loss: 2.3210 - accuracy: 0.1039
119/422 [=======>......................] - ETA: 7s - loss: 2.3212 - accuracy: 0.1035
122/422 [=======>......................] - ETA: 7s - loss: 2.3213 - accuracy: 0.1032
125/422 [=======>......................] - ETA: 7s - loss: 2.3211 - accuracy: 0.1036
128/422 [========>.....................] - ETA: 7s - loss: 2.3209 - accuracy: 0.1042
131/422 [========>.....................] - ETA: 7s - loss: 2.3213 - accuracy: 0.1038
134/422 [========>.....................] - ETA: 7s - loss: 2.3210 - accuracy: 0.1043
137/422 [========>.....................] - ETA: 7s - loss: 2.3209 - accuracy: 0.1039
140/422 [========>.....................] - ETA: 6s - loss: 2.3210 - accuracy: 0.1037
143/422 [=========>....................] - ETA: 6s - loss: 2.3208 - accuracy: 0.1037
145/422 [=========>....................] - ETA: 6s - loss: 2.3211 - accuracy: 0.1036
148/422 [=========>....................] - ETA: 6s - loss: 2.3214 - accuracy: 0.1033
150/422 [=========>....................] - ETA: 6s - loss: 2.3216 - accuracy: 0.1029
153/422 [=========>....................] - ETA: 6s - loss: 2.3214 - accuracy: 0.1032
155/422 [==========>...................] - ETA: 6s - loss: 2.3218 - accuracy: 0.1030
158/422 [==========>...................] - ETA: 6s - loss: 2.3216 - accuracy: 0.1033
161/422 [==========>...................] - ETA: 6s - loss: 2.3214 - accuracy: 0.1037
164/422 [==========>...................] - ETA: 6s - loss: 2.3211 - accuracy: 0.1041
166/422 [==========>...................] - ETA: 6s - loss: 2.3209 - accuracy: 0.1040
169/422 [===========>..................] - ETA: 6s - loss: 2.3208 - accuracy: 0.1045
171/422 [===========>..................] - ETA: 6s - loss: 2.3207 - accuracy: 0.1045
174/422 [===========>..................] - ETA: 6s - loss: 2.3207 - accuracy: 0.1039
177/422 [===========>..................] - ETA: 6s - loss: 2.3204 - accuracy: 0.1038
180/422 [===========>..................] - ETA: 5s - loss: 2.3204 - accuracy: 0.1038
183/422 [============>.................] - ETA: 5s - loss: 2.3204 - accuracy: 0.1037
185/422 [============>.................] - ETA: 5s - loss: 2.3204 - accuracy: 0.1033
188/422 [============>.................] - ETA: 5s - loss: 2.3202 - accuracy: 0.1032
190/422 [============>.................] - ETA: 5s - loss: 2.3200 - accuracy: 0.1034
192/422 [============>.................] - ETA: 5s - loss: 2.3199 - accuracy: 0.1034
195/422 [============>.................] - ETA: 5s - loss: 2.3200 - accuracy: 0.1031
198/422 [=============>................] - ETA: 5s - loss: 2.3199 - accuracy: 0.1028
201/422 [=============>................] - ETA: 5s - loss: 2.3200 - accuracy: 0.1025
203/422 [=============>................] - ETA: 5s - loss: 2.3201 - accuracy: 0.1022
206/422 [=============>................] - ETA: 5s - loss: 2.3199 - accuracy: 0.1020
209/422 [=============>................] - ETA: 5s - loss: 2.3198 - accuracy: 0.1021
212/422 [==============>...............] - ETA: 5s - loss: 2.3200 - accuracy: 0.1020
215/422 [==============>...............] - ETA: 5s - loss: 2.3199 - accuracy: 0.1017
217/422 [==============>...............] - ETA: 5s - loss: 2.3198 - accuracy: 0.1018
220/422 [==============>...............] - ETA: 4s - loss: 2.3198 - accuracy: 0.1018
222/422 [==============>...............] - ETA: 4s - loss: 2.3197 - accuracy: 0.1016
225/422 [==============>...............] - ETA: 4s - loss: 2.3195 - accuracy: 0.1020
228/422 [===============>..............] - ETA: 4s - loss: 2.3197 - accuracy: 0.1021
231/422 [===============>..............] - ETA: 4s - loss: 2.3198 - accuracy: 0.1021
234/422 [===============>..............] - ETA: 4s - loss: 2.3199 - accuracy: 0.1020
236/422 [===============>..............] - ETA: 4s - loss: 2.3200 - accuracy: 0.1020
239/422 [===============>..............] - ETA: 4s - loss: 2.3202 - accuracy: 0.1021
242/422 [================>.............] - ETA: 4s - loss: 2.3206 - accuracy: 0.1022
245/422 [================>.............] - ETA: 4s - loss: 2.3205 - accuracy: 0.1020
248/422 [================>.............] - ETA: 4s - loss: 2.3205 - accuracy: 0.1019
251/422 [================>.............] - ETA: 4s - loss: 2.3207 - accuracy: 0.1022
254/422 [=================>............] - ETA: 4s - loss: 2.3205 - accuracy: 0.1023
257/422 [=================>............] - ETA: 4s - loss: 2.3207 - accuracy: 0.1025
260/422 [=================>............] - ETA: 3s - loss: 2.3206 - accuracy: 0.1028
263/422 [=================>............] - ETA: 3s - loss: 2.3204 - accuracy: 0.1030
266/422 [=================>............] - ETA: 3s - loss: 2.3205 - accuracy: 0.1028
269/422 [==================>...........] - ETA: 3s - loss: 2.3207 - accuracy: 0.1029
272/422 [==================>...........] - ETA: 3s - loss: 2.3207 - accuracy: 0.1026
275/422 [==================>...........] - ETA: 3s - loss: 2.3207 - accuracy: 0.1026
278/422 [==================>...........] - ETA: 3s - loss: 2.3206 - accuracy: 0.1027
280/422 [==================>...........] - ETA: 3s - loss: 2.3206 - accuracy: 0.1026
283/422 [===================>..........] - ETA: 3s - loss: 2.3206 - accuracy: 0.1026
286/422 [===================>..........] - ETA: 3s - loss: 2.3206 - accuracy: 0.1025
288/422 [===================>..........] - ETA: 3s - loss: 2.3205 - accuracy: 0.1026
291/422 [===================>..........] - ETA: 3s - loss: 2.3205 - accuracy: 0.1027
294/422 [===================>..........] - ETA: 3s - loss: 2.3204 - accuracy: 0.1028
297/422 [====================>.........] - ETA: 3s - loss: 2.3202 - accuracy: 0.1030
299/422 [====================>.........] - ETA: 3s - loss: 2.3202 - accuracy: 0.1028
302/422 [====================>.........] - ETA: 2s - loss: 2.3202 - accuracy: 0.1028
304/422 [====================>.........] - ETA: 2s - loss: 2.3202 - accuracy: 0.1027
307/422 [====================>.........] - ETA: 2s - loss: 2.3201 - accuracy: 0.1027
310/422 [=====================>........] - ETA: 2s - loss: 2.3202 - accuracy: 0.1025
313/422 [=====================>........] - ETA: 2s - loss: 2.3201 - accuracy: 0.1027
316/422 [=====================>........] - ETA: 2s - loss: 2.3201 - accuracy: 0.1026
319/422 [=====================>........] - ETA: 2s - loss: 2.3201 - accuracy: 0.1026
322/422 [=====================>........] - ETA: 2s - loss: 2.3203 - accuracy: 0.1023
325/422 [======================>.......] - ETA: 2s - loss: 2.3202 - accuracy: 0.1024
328/422 [======================>.......] - ETA: 2s - loss: 2.3201 - accuracy: 0.1025
331/422 [======================>.......] - ETA: 2s - loss: 2.3202 - accuracy: 0.1025
334/422 [======================>.......] - ETA: 2s - loss: 2.3201 - accuracy: 0.1024
337/422 [======================>.......] - ETA: 2s - loss: 2.3200 - accuracy: 0.1025
340/422 [=======================>......] - ETA: 2s - loss: 2.3199 - accuracy: 0.1024
343/422 [=======================>......] - ETA: 1s - loss: 2.3198 - accuracy: 0.1027
346/422 [=======================>......] - ETA: 1s - loss: 2.3198 - accuracy: 0.1028
348/422 [=======================>......] - ETA: 1s - loss: 2.3197 - accuracy: 0.1029
351/422 [=======================>......] - ETA: 1s - loss: 2.3198 - accuracy: 0.1029
354/422 [========================>.....] - ETA: 1s - loss: 2.3198 - accuracy: 0.1030
357/422 [========================>.....] - ETA: 1s - loss: 2.3198 - accuracy: 0.1029
360/422 [========================>.....] - ETA: 1s - loss: 2.3199 - accuracy: 0.1028
363/422 [========================>.....] - ETA: 1s - loss: 2.3198 - accuracy: 0.1031
366/422 [=========================>....] - ETA: 1s - loss: 2.3199 - accuracy: 0.1030
369/422 [=========================>....] - ETA: 1s - loss: 2.3199 - accuracy: 0.1030
372/422 [=========================>....] - ETA: 1s - loss: 2.3200 - accuracy: 0.1029
374/422 [=========================>....] - ETA: 1s - loss: 2.3200 - accuracy: 0.1028
377/422 [=========================>....] - ETA: 1s - loss: 2.3200 - accuracy: 0.1027
380/422 [==========================>...] - ETA: 1s - loss: 2.3202 - accuracy: 0.1027
382/422 [==========================>...] - ETA: 0s - loss: 2.3202 - accuracy: 0.1029
385/422 [==========================>...] - ETA: 0s - loss: 2.3201 - accuracy: 0.1031
388/422 [==========================>...] - ETA: 0s - loss: 2.3202 - accuracy: 0.1031
390/422 [==========================>...] - ETA: 0s - loss: 2.3203 - accuracy: 0.1029
393/422 [==========================>...] - ETA: 0s - loss: 2.3202 - accuracy: 0.1028
395/422 [===========================>..] - ETA: 0s - loss: 2.3202 - accuracy: 0.1027
398/422 [===========================>..] - ETA: 0s - loss: 2.3202 - accuracy: 0.1028
401/422 [===========================>..] - ETA: 0s - loss: 2.3202 - accuracy: 0.1029
404/422 [===========================>..] - ETA: 0s - loss: 2.3202 - accuracy: 0.1026
406/422 [===========================>..] - ETA: 0s - loss: 2.3201 - accuracy: 0.1026
409/422 [============================>.] - ETA: 0s - loss: 2.3200 - accuracy: 0.1027
412/422 [============================>.] - ETA: 0s - loss: 2.3200 - accuracy: 0.1026
415/422 [============================>.] - ETA: 0s - loss: 2.3200 - accuracy: 0.1026
418/422 [============================>.] - ETA: 0s - loss: 2.3200 - accuracy: 0.1025
421/422 [============================>.] - ETA: 0s - loss: 2.3200 - accuracy: 0.1024
422/422 [==============================] - 11s 26ms/step - loss: 2.3200 - accuracy: 0.1024 - val_loss: 2.3186 - val_accuracy: 0.1017
Epoch 7: early stopping

  1/188 [..............................] - ETA: 3s - loss: 2.3636 - accuracy: 0.0625
 16/188 [=>............................] - ETA: 0s - loss: 2.3183 - accuracy: 0.1016
 32/188 [====>.........................] - ETA: 0s - loss: 2.3179 - accuracy: 0.1006
 47/188 [======>.......................] - ETA: 0s - loss: 2.3185 - accuracy: 0.1031
 62/188 [========>.....................] - ETA: 0s - loss: 2.3198 - accuracy: 0.1008
 78/188 [===========>..................] - ETA: 0s - loss: 2.3190 - accuracy: 0.1014
 94/188 [==============>...............] - ETA: 0s - loss: 2.3195 - accuracy: 0.0994
110/188 [================>.............] - ETA: 0s - loss: 2.3195 - accuracy: 0.0991
127/188 [===================>..........] - ETA: 0s - loss: 2.3207 - accuracy: 0.0992
143/188 [=====================>........] - ETA: 0s - loss: 2.3193 - accuracy: 0.1007
160/188 [========================>.....] - ETA: 0s - loss: 2.3181 - accuracy: 0.1014
175/188 [==========================>...] - ETA: 0s - loss: 2.3187 - accuracy: 0.1009
188/188 [==============================] - 1s 4ms/step - loss: 2.3186 - accuracy: 0.1017
