2024-06-21 15:32:05.103214: I tensorflow/core/platform/cpu_feature_guard.cc:193] This TensorFlow binary is optimized with oneAPI Deep Neural Network Library (oneDNN) to use the following CPU instructions in performance-critical operations:  AVX AVX2
To enable them in other operations, rebuild TensorFlow with the appropriate compiler flags.
2024-06-21 15:32:05.561498: I tensorflow/core/common_runtime/gpu/gpu_device.cc:1616] Created device /job:localhost/replica:0/task:0/device:GPU:0 with 6144 MB memory:  -> device: 0, name: NVIDIA GeForce RTX 4060 Ti, pci bus id: 0000:01:00.0, compute capability: 8.9
1 Physical GPUs, 1 Logical GPUs
Model: "sequential"
_________________________________________________________________
 Layer (type)                Output Shape              Param #   
=================================================================
 conv2d (Conv2D)             (None, 32, 32, 32)        896       
                                                                 
 max_pooling2d (MaxPooling2D  (None, 16, 16, 32)       0         
 )                                                               
                                                                 
 batch_normalization (BatchN  (None, 16, 16, 32)       128       
 ormalization)                                                   
                                                                 
 conv2d_1 (Conv2D)           (None, 16, 16, 64)        165952    
                                                                 
 max_pooling2d_1 (MaxPooling  (None, 8, 8, 64)         0         
 2D)                                                             
                                                                 
 dropout (Dropout)           (None, 8, 8, 64)          0         
                                                                 
 flatten (Flatten)           (None, 4096)              0         
                                                                 
 dense (Dense)               (None, 10)                40970     
                                                                 
=================================================================
Total params: 207,946
Trainable params: 207,882
Non-trainable params: 64
_________________________________________________________________
Taxa de aprendizado:  0.1 Num de épocas:  120 Tamanho do lote:  128 Dropout:  0.47
Epoch 1/120
2024-06-21 15:32:06.620458: I tensorflow/stream_executor/cuda/cuda_dnn.cc:384] Loaded cuDNN version 8100
2024-06-21 15:32:07.299620: W tensorflow/stream_executor/gpu/redzone_allocator.cc:314] INTERNAL: ptxas exited with non-zero error code -1, output: 
Relying on driver to perform ptx compilation. 
Modify $PATH to customize ptxas location.
This message will be only logged once.
2024-06-21 15:32:07.925738: I tensorflow/stream_executor/cuda/cuda_blas.cc:1614] TensorFloat-32 will be used for the matrix multiplication. This will only be logged once.

  1/391 [..............................] - ETA: 15:33 - loss: 2.7044 - accuracy: 0.1094
 10/391 [..............................] - ETA: 2s - loss: 275.3338 - accuracy: 0.1133 
 20/391 [>.............................] - ETA: 2s - loss: 138.8344 - accuracy: 0.0973
 31/391 [=>............................] - ETA: 2s - loss: 90.3911 - accuracy: 0.0973 
 41/391 [==>...........................] - ETA: 2s - loss: 68.9068 - accuracy: 0.0983
 51/391 [==>...........................] - ETA: 2s - loss: 55.8483 - accuracy: 0.1025
 62/391 [===>..........................] - ETA: 2s - loss: 46.3496 - accuracy: 0.1014
 72/391 [====>.........................] - ETA: 1s - loss: 40.2319 - accuracy: 0.1032
 82/391 [=====>........................] - ETA: 1s - loss: 35.6075 - accuracy: 0.1023
 92/391 [======>.......................] - ETA: 1s - loss: 31.9877 - accuracy: 0.1033
103/391 [======>.......................] - ETA: 1s - loss: 28.8181 - accuracy: 0.1027
113/391 [=======>......................] - ETA: 1s - loss: 26.4716 - accuracy: 0.1025
124/391 [========>.....................] - ETA: 1s - loss: 24.3279 - accuracy: 0.1028
134/391 [=========>....................] - ETA: 1s - loss: 22.6849 - accuracy: 0.1020
144/391 [==========>...................] - ETA: 1s - loss: 21.2698 - accuracy: 0.1013
155/391 [==========>...................] - ETA: 1s - loss: 19.9240 - accuracy: 0.1011
165/391 [===========>..................] - ETA: 1s - loss: 18.8565 - accuracy: 0.1013
175/391 [============>.................] - ETA: 1s - loss: 17.9111 - accuracy: 0.1011
185/391 [=============>................] - ETA: 1s - loss: 17.0674 - accuracy: 0.1010
191/391 [=============>................] - ETA: 1s - loss: 16.6318 - accuracy: 0.1010
201/391 [==============>...............] - ETA: 1s - loss: 15.9179 - accuracy: 0.1011
212/391 [===============>..............] - ETA: 1s - loss: 15.2105 - accuracy: 0.1008
222/391 [================>.............] - ETA: 1s - loss: 14.6284 - accuracy: 0.1011
232/391 [================>.............] - ETA: 1s - loss: 14.0965 - accuracy: 0.1006
243/391 [=================>............] - ETA: 0s - loss: 13.5619 - accuracy: 0.1008
253/391 [==================>...........] - ETA: 0s - loss: 13.1167 - accuracy: 0.1002
263/391 [===================>..........] - ETA: 0s - loss: 12.7053 - accuracy: 0.1002
274/391 [====================>.........] - ETA: 0s - loss: 12.2873 - accuracy: 0.0998
284/391 [====================>.........] - ETA: 0s - loss: 11.9355 - accuracy: 0.1000
294/391 [=====================>........] - ETA: 0s - loss: 11.6076 - accuracy: 0.0999
305/391 [======================>.......] - ETA: 0s - loss: 11.2717 - accuracy: 0.0995
315/391 [=======================>......] - ETA: 0s - loss: 10.9867 - accuracy: 0.0995
325/391 [=======================>......] - ETA: 0s - loss: 10.7193 - accuracy: 0.0996
335/391 [========================>.....] - ETA: 0s - loss: 10.4679 - accuracy: 0.0999
346/391 [=========================>....] - ETA: 0s - loss: 10.2082 - accuracy: 0.0997
356/391 [==========================>...] - ETA: 0s - loss: 9.9860 - accuracy: 0.0998 
366/391 [===========================>..] - ETA: 0s - loss: 9.7760 - accuracy: 0.0998
376/391 [===========================>..] - ETA: 0s - loss: 9.5772 - accuracy: 0.0997
387/391 [============================>.] - ETA: 0s - loss: 9.3705 - accuracy: 0.0998
391/391 [==============================] - 6s 8ms/step - loss: 9.2981 - accuracy: 0.0999 - val_loss: 2.3055 - val_accuracy: 0.1000
Epoch 2/120

  1/391 [..............................] - ETA: 6s - loss: 2.3115 - accuracy: 0.1016
 12/391 [..............................] - ETA: 2s - loss: 2.3087 - accuracy: 0.1068
 22/391 [>.............................] - ETA: 2s - loss: 2.3078 - accuracy: 0.1058
 32/391 [=>............................] - ETA: 2s - loss: 2.3073 - accuracy: 0.1038
 43/391 [==>...........................] - ETA: 2s - loss: 2.3077 - accuracy: 0.1036
 53/391 [===>..........................] - ETA: 2s - loss: 2.3072 - accuracy: 0.1035
 64/391 [===>..........................] - ETA: 1s - loss: 2.3075 - accuracy: 0.1033
 74/391 [====>.........................] - ETA: 1s - loss: 2.3072 - accuracy: 0.1041
 84/391 [=====>........................] - ETA: 1s - loss: 2.3074 - accuracy: 0.1040
 94/391 [======>.......................] - ETA: 1s - loss: 2.3074 - accuracy: 0.1033
105/391 [=======>......................] - ETA: 1s - loss: 2.3085 - accuracy: 0.1022
115/391 [=======>......................] - ETA: 1s - loss: 2.3087 - accuracy: 0.1016
125/391 [========>.....................] - ETA: 1s - loss: 2.3088 - accuracy: 0.1007
135/391 [=========>....................] - ETA: 1s - loss: 2.3090 - accuracy: 0.1003
145/391 [==========>...................] - ETA: 1s - loss: 2.3087 - accuracy: 0.1006
155/391 [==========>...................] - ETA: 1s - loss: 2.3088 - accuracy: 0.0999
166/391 [===========>..................] - ETA: 1s - loss: 2.3089 - accuracy: 0.0999
176/391 [============>.................] - ETA: 1s - loss: 2.3089 - accuracy: 0.0999
187/391 [=============>................] - ETA: 1s - loss: 2.3085 - accuracy: 0.0998
197/391 [==============>...............] - ETA: 1s - loss: 2.3085 - accuracy: 0.1002
207/391 [==============>...............] - ETA: 1s - loss: 2.3086 - accuracy: 0.1002
218/391 [===============>..............] - ETA: 1s - loss: 2.3085 - accuracy: 0.1001
228/391 [================>.............] - ETA: 0s - loss: 2.3085 - accuracy: 0.0994
238/391 [=================>............] - ETA: 0s - loss: 2.3083 - accuracy: 0.1000
249/391 [==================>...........] - ETA: 0s - loss: 2.3086 - accuracy: 0.0998
259/391 [==================>...........] - ETA: 0s - loss: 2.3088 - accuracy: 0.0995
270/391 [===================>..........] - ETA: 0s - loss: 2.3089 - accuracy: 0.0995
280/391 [====================>.........] - ETA: 0s - loss: 2.3089 - accuracy: 0.0993
290/391 [=====================>........] - ETA: 0s - loss: 2.3089 - accuracy: 0.0991
301/391 [======================>.......] - ETA: 0s - loss: 2.3088 - accuracy: 0.0991
311/391 [======================>.......] - ETA: 0s - loss: 2.3089 - accuracy: 0.0990
322/391 [=======================>......] - ETA: 0s - loss: 2.3090 - accuracy: 0.0991
325/391 [=======================>......] - ETA: 0s - loss: 2.3091 - accuracy: 0.0989
335/391 [========================>.....] - ETA: 0s - loss: 2.3089 - accuracy: 0.0995
346/391 [=========================>....] - ETA: 0s - loss: 2.3089 - accuracy: 0.0996
356/391 [==========================>...] - ETA: 0s - loss: 2.3089 - accuracy: 0.0995
366/391 [===========================>..] - ETA: 0s - loss: 2.3088 - accuracy: 0.1001
377/391 [===========================>..] - ETA: 0s - loss: 2.3089 - accuracy: 0.1002
387/391 [============================>.] - ETA: 0s - loss: 2.3089 - accuracy: 0.1001
391/391 [==============================] - 3s 7ms/step - loss: 2.3090 - accuracy: 0.0999 - val_loss: 2.3111 - val_accuracy: 0.1000
Epoch 3/120

  1/391 [..............................] - ETA: 6s - loss: 2.3132 - accuracy: 0.1016
  9/391 [..............................] - ETA: 2s - loss: 2.3106 - accuracy: 0.1033
 20/391 [>.............................] - ETA: 2s - loss: 2.3092 - accuracy: 0.0988
 30/391 [=>............................] - ETA: 2s - loss: 2.3095 - accuracy: 0.0987
 40/391 [==>...........................] - ETA: 2s - loss: 2.3100 - accuracy: 0.0969
 51/391 [==>...........................] - ETA: 2s - loss: 2.3088 - accuracy: 0.0976
 61/391 [===>..........................] - ETA: 2s - loss: 2.3085 - accuracy: 0.0993
 72/391 [====>.........................] - ETA: 1s - loss: 2.3091 - accuracy: 0.1025
 82/391 [=====>........................] - ETA: 1s - loss: 2.3096 - accuracy: 0.1026
 92/391 [======>.......................] - ETA: 1s - loss: 2.3096 - accuracy: 0.1035
102/391 [======>.......................] - ETA: 1s - loss: 2.3097 - accuracy: 0.1034
113/391 [=======>......................] - ETA: 1s - loss: 2.3097 - accuracy: 0.1034
123/391 [========>.....................] - ETA: 1s - loss: 2.3098 - accuracy: 0.1030
133/391 [=========>....................] - ETA: 1s - loss: 2.3096 - accuracy: 0.1026
143/391 [=========>....................] - ETA: 1s - loss: 2.3094 - accuracy: 0.1020
153/391 [==========>...................] - ETA: 1s - loss: 2.3091 - accuracy: 0.1027
163/391 [===========>..................] - ETA: 1s - loss: 2.3091 - accuracy: 0.1020
174/391 [============>.................] - ETA: 1s - loss: 2.3089 - accuracy: 0.1022
184/391 [=============>................] - ETA: 1s - loss: 2.3090 - accuracy: 0.1021
194/391 [=============>................] - ETA: 1s - loss: 2.3088 - accuracy: 0.1018
204/391 [==============>...............] - ETA: 1s - loss: 2.3088 - accuracy: 0.1013
215/391 [===============>..............] - ETA: 1s - loss: 2.3085 - accuracy: 0.1017
225/391 [================>.............] - ETA: 1s - loss: 2.3086 - accuracy: 0.1016
235/391 [=================>............] - ETA: 0s - loss: 2.3083 - accuracy: 0.1018
246/391 [=================>............] - ETA: 0s - loss: 2.3085 - accuracy: 0.1013
256/391 [==================>...........] - ETA: 0s - loss: 2.3086 - accuracy: 0.1010
266/391 [===================>..........] - ETA: 0s - loss: 2.3085 - accuracy: 0.1006
277/391 [====================>.........] - ETA: 0s - loss: 2.3085 - accuracy: 0.1009
287/391 [=====================>........] - ETA: 0s - loss: 2.3085 - accuracy: 0.1007
297/391 [=====================>........] - ETA: 0s - loss: 2.3086 - accuracy: 0.1006
307/391 [======================>.......] - ETA: 0s - loss: 2.3087 - accuracy: 0.1003
317/391 [=======================>......] - ETA: 0s - loss: 2.3087 - accuracy: 0.1006
328/391 [========================>.....] - ETA: 0s - loss: 2.3087 - accuracy: 0.1003
338/391 [========================>.....] - ETA: 0s - loss: 2.3086 - accuracy: 0.1006
349/391 [=========================>....] - ETA: 0s - loss: 2.3086 - accuracy: 0.1005
359/391 [==========================>...] - ETA: 0s - loss: 2.3085 - accuracy: 0.1004
369/391 [===========================>..] - ETA: 0s - loss: 2.3085 - accuracy: 0.1005
380/391 [============================>.] - ETA: 0s - loss: 2.3084 - accuracy: 0.1009
390/391 [============================>.] - ETA: 0s - loss: 2.3085 - accuracy: 0.1007
391/391 [==============================] - 3s 7ms/step - loss: 2.3085 - accuracy: 0.1007 - val_loss: 2.3052 - val_accuracy: 0.1000
Epoch 4/120

  1/391 [..............................] - ETA: 6s - loss: 2.2994 - accuracy: 0.1016
 10/391 [..............................] - ETA: 2s - loss: 2.3075 - accuracy: 0.0977
 21/391 [>.............................] - ETA: 2s - loss: 2.3057 - accuracy: 0.1049
 31/391 [=>............................] - ETA: 2s - loss: 2.3071 - accuracy: 0.1018
 42/391 [==>...........................] - ETA: 2s - loss: 2.3068 - accuracy: 0.1040
 52/391 [==>...........................] - ETA: 2s - loss: 2.3070 - accuracy: 0.1035
 62/391 [===>..........................] - ETA: 2s - loss: 2.3078 - accuracy: 0.1043
 73/391 [====>.........................] - ETA: 1s - loss: 2.3080 - accuracy: 0.1057
 81/391 [=====>........................] - ETA: 1s - loss: 2.3091 - accuracy: 0.1042
 90/391 [=====>........................] - ETA: 1s - loss: 2.3088 - accuracy: 0.1047
100/391 [======>.......................] - ETA: 1s - loss: 2.3087 - accuracy: 0.1030
111/391 [=======>......................] - ETA: 1s - loss: 2.3090 - accuracy: 0.1029
121/391 [========>.....................] - ETA: 1s - loss: 2.3087 - accuracy: 0.1031
131/391 [=========>....................] - ETA: 1s - loss: 2.3087 - accuracy: 0.1029
141/391 [=========>....................] - ETA: 1s - loss: 2.3089 - accuracy: 0.1022
152/391 [==========>...................] - ETA: 1s - loss: 2.3087 - accuracy: 0.1027
162/391 [===========>..................] - ETA: 1s - loss: 2.3085 - accuracy: 0.1024
170/391 [============>.................] - ETA: 1s - loss: 2.3084 - accuracy: 0.1020
180/391 [============>.................] - ETA: 1s - loss: 2.3083 - accuracy: 0.1020
190/391 [=============>................] - ETA: 1s - loss: 2.3083 - accuracy: 0.1020
201/391 [==============>...............] - ETA: 1s - loss: 2.3081 - accuracy: 0.1022
210/391 [===============>..............] - ETA: 1s - loss: 2.3084 - accuracy: 0.1018
219/391 [===============>..............] - ETA: 1s - loss: 2.3082 - accuracy: 0.1021
229/391 [================>.............] - ETA: 0s - loss: 2.3081 - accuracy: 0.1020
239/391 [=================>............] - ETA: 0s - loss: 2.3081 - accuracy: 0.1017
250/391 [==================>...........] - ETA: 0s - loss: 2.3081 - accuracy: 0.1014
260/391 [==================>...........] - ETA: 0s - loss: 2.3082 - accuracy: 0.1010
270/391 [===================>..........] - ETA: 0s - loss: 2.3083 - accuracy: 0.1010
281/391 [====================>.........] - ETA: 0s - loss: 2.3082 - accuracy: 0.1008
291/391 [=====================>........] - ETA: 0s - loss: 2.3082 - accuracy: 0.1012
301/391 [======================>.......] - ETA: 0s - loss: 2.3083 - accuracy: 0.1010
312/391 [======================>.......] - ETA: 0s - loss: 2.3083 - accuracy: 0.1015
322/391 [=======================>......] - ETA: 0s - loss: 2.3083 - accuracy: 0.1013
331/391 [========================>.....] - ETA: 0s - loss: 2.3083 - accuracy: 0.1008
342/391 [=========================>....] - ETA: 0s - loss: 2.3083 - accuracy: 0.1010
352/391 [==========================>...] - ETA: 0s - loss: 2.3084 - accuracy: 0.1007
362/391 [==========================>...] - ETA: 0s - loss: 2.3084 - accuracy: 0.1005
372/391 [===========================>..] - ETA: 0s - loss: 2.3083 - accuracy: 0.1005
383/391 [============================>.] - ETA: 0s - loss: 2.3084 - accuracy: 0.1005
391/391 [==============================] - 3s 7ms/step - loss: 2.3084 - accuracy: 0.1003 - val_loss: 2.3070 - val_accuracy: 0.1000
Epoch 5/120

  1/391 [..............................] - ETA: 0s - loss: 2.3046 - accuracy: 0.1250
  9/391 [..............................] - ETA: 2s - loss: 2.3026 - accuracy: 0.1042
 19/391 [>.............................] - ETA: 2s - loss: 2.3108 - accuracy: 0.1053
 30/391 [=>............................] - ETA: 2s - loss: 2.3114 - accuracy: 0.1010
 40/391 [==>...........................] - ETA: 2s - loss: 2.3101 - accuracy: 0.1053
 50/391 [==>...........................] - ETA: 2s - loss: 2.3091 - accuracy: 0.1045
 60/391 [===>..........................] - ETA: 2s - loss: 2.3093 - accuracy: 0.1046
 70/391 [====>.........................] - ETA: 2s - loss: 2.3094 - accuracy: 0.1029
 81/391 [=====>........................] - ETA: 1s - loss: 2.3097 - accuracy: 0.1009
 91/391 [=====>........................] - ETA: 1s - loss: 2.3097 - accuracy: 0.1007
101/391 [======>.......................] - ETA: 1s - loss: 2.3092 - accuracy: 0.1005
112/391 [=======>......................] - ETA: 1s - loss: 2.3094 - accuracy: 0.1005
122/391 [========>.....................] - ETA: 1s - loss: 2.3094 - accuracy: 0.0998
132/391 [=========>....................] - ETA: 1s - loss: 2.3089 - accuracy: 0.1007
142/391 [=========>....................] - ETA: 1s - loss: 2.3095 - accuracy: 0.1005
153/391 [==========>...................] - ETA: 1s - loss: 2.3096 - accuracy: 0.1004
163/391 [===========>..................] - ETA: 1s - loss: 2.3098 - accuracy: 0.1002
173/391 [============>.................] - ETA: 1s - loss: 2.3099 - accuracy: 0.0999
183/391 [=============>................] - ETA: 1s - loss: 2.3100 - accuracy: 0.0996
193/391 [=============>................] - ETA: 1s - loss: 2.3100 - accuracy: 0.0994
204/391 [==============>...............] - ETA: 1s - loss: 2.3097 - accuracy: 0.0998
215/391 [===============>..............] - ETA: 1s - loss: 2.3095 - accuracy: 0.0997
225/391 [================>.............] - ETA: 1s - loss: 2.3095 - accuracy: 0.0999
235/391 [=================>............] - ETA: 0s - loss: 2.3093 - accuracy: 0.1001
246/391 [=================>............] - ETA: 0s - loss: 2.3092 - accuracy: 0.0998
257/391 [==================>...........] - ETA: 0s - loss: 2.3092 - accuracy: 0.0996
267/391 [===================>..........] - ETA: 0s - loss: 2.3092 - accuracy: 0.0991
278/391 [====================>.........] - ETA: 0s - loss: 2.3090 - accuracy: 0.0991
288/391 [=====================>........] - ETA: 0s - loss: 2.3091 - accuracy: 0.0991
298/391 [=====================>........] - ETA: 0s - loss: 2.3091 - accuracy: 0.0994
308/391 [======================>.......] - ETA: 0s - loss: 2.3090 - accuracy: 0.0995
319/391 [=======================>......] - ETA: 0s - loss: 2.3090 - accuracy: 0.0998
329/391 [========================>.....] - ETA: 0s - loss: 2.3091 - accuracy: 0.0994
339/391 [=========================>....] - ETA: 0s - loss: 2.3090 - accuracy: 0.0997
350/391 [=========================>....] - ETA: 0s - loss: 2.3089 - accuracy: 0.0997
360/391 [==========================>...] - ETA: 0s - loss: 2.3087 - accuracy: 0.0997
371/391 [===========================>..] - ETA: 0s - loss: 2.3087 - accuracy: 0.0993
381/391 [============================>.] - ETA: 0s - loss: 2.3087 - accuracy: 0.0991
391/391 [==============================] - ETA: 0s - loss: 2.3088 - accuracy: 0.0989
391/391 [==============================] - 3s 7ms/step - loss: 2.3088 - accuracy: 0.0989 - val_loss: 2.3147 - val_accuracy: 0.1000
Epoch 6/120

  1/391 [..............................] - ETA: 6s - loss: 2.3044 - accuracy: 0.1328
 12/391 [..............................] - ETA: 2s - loss: 2.3161 - accuracy: 0.1003
 22/391 [>.............................] - ETA: 2s - loss: 2.3112 - accuracy: 0.0930
 32/391 [=>............................] - ETA: 2s - loss: 2.3113 - accuracy: 0.0957
 42/391 [==>...........................] - ETA: 2s - loss: 2.3102 - accuracy: 0.0936
 53/391 [===>..........................] - ETA: 2s - loss: 2.3099 - accuracy: 0.0958
 63/391 [===>..........................] - ETA: 1s - loss: 2.3097 - accuracy: 0.0969
 73/391 [====>.........................] - ETA: 1s - loss: 2.3085 - accuracy: 0.0997
 84/391 [=====>........................] - ETA: 1s - loss: 2.3081 - accuracy: 0.1007
 94/391 [======>.......................] - ETA: 1s - loss: 2.3080 - accuracy: 0.0998
105/391 [=======>......................] - ETA: 1s - loss: 2.3083 - accuracy: 0.1003
115/391 [=======>......................] - ETA: 1s - loss: 2.3083 - accuracy: 0.0999
126/391 [========>.....................] - ETA: 1s - loss: 2.3088 - accuracy: 0.1001
136/391 [=========>....................] - ETA: 1s - loss: 2.3085 - accuracy: 0.1005
147/391 [==========>...................] - ETA: 1s - loss: 2.3089 - accuracy: 0.1005
157/391 [===========>..................] - ETA: 1s - loss: 2.3089 - accuracy: 0.1014
168/391 [===========>..................] - ETA: 1s - loss: 2.3091 - accuracy: 0.1009
178/391 [============>.................] - ETA: 1s - loss: 2.3092 - accuracy: 0.1005
189/391 [=============>................] - ETA: 1s - loss: 2.3090 - accuracy: 0.1008
199/391 [==============>...............] - ETA: 1s - loss: 2.3090 - accuracy: 0.0999
210/391 [===============>..............] - ETA: 1s - loss: 2.3088 - accuracy: 0.1006
220/391 [===============>..............] - ETA: 1s - loss: 2.3088 - accuracy: 0.1006
231/391 [================>.............] - ETA: 0s - loss: 2.3088 - accuracy: 0.1004
241/391 [=================>............] - ETA: 0s - loss: 2.3088 - accuracy: 0.1006
251/391 [==================>...........] - ETA: 0s - loss: 2.3088 - accuracy: 0.1007
261/391 [===================>..........] - ETA: 0s - loss: 2.3090 - accuracy: 0.1001
272/391 [===================>..........] - ETA: 0s - loss: 2.3089 - accuracy: 0.1003
282/391 [====================>.........] - ETA: 0s - loss: 2.3088 - accuracy: 0.1005
293/391 [=====================>........] - ETA: 0s - loss: 2.3086 - accuracy: 0.1007
302/391 [======================>.......] - ETA: 0s - loss: 2.3086 - accuracy: 0.1008
312/391 [======================>.......] - ETA: 0s - loss: 2.3086 - accuracy: 0.1006
322/391 [=======================>......] - ETA: 0s - loss: 2.3085 - accuracy: 0.1003
333/391 [========================>.....] - ETA: 0s - loss: 2.3085 - accuracy: 0.1002
343/391 [=========================>....] - ETA: 0s - loss: 2.3084 - accuracy: 0.1001
354/391 [==========================>...] - ETA: 0s - loss: 2.3084 - accuracy: 0.1001
364/391 [==========================>...] - ETA: 0s - loss: 2.3085 - accuracy: 0.1002
374/391 [===========================>..] - ETA: 0s - loss: 2.3085 - accuracy: 0.1003
384/391 [============================>.] - ETA: 0s - loss: 2.3085 - accuracy: 0.1007
391/391 [==============================] - 3s 7ms/step - loss: 2.3085 - accuracy: 0.1004 - val_loss: 2.3083 - val_accuracy: 0.1000
Epoch 7/120

  1/391 [..............................] - ETA: 6s - loss: 2.3136 - accuracy: 0.1016
 10/391 [..............................] - ETA: 2s - loss: 2.3059 - accuracy: 0.1031
 21/391 [>.............................] - ETA: 2s - loss: 2.3063 - accuracy: 0.1098
 31/391 [=>............................] - ETA: 2s - loss: 2.3063 - accuracy: 0.1074
 41/391 [==>...........................] - ETA: 2s - loss: 2.3080 - accuracy: 0.1044
 52/391 [==>...........................] - ETA: 2s - loss: 2.3072 - accuracy: 0.1021
 63/391 [===>..........................] - ETA: 1s - loss: 2.3071 - accuracy: 0.1033
 73/391 [====>.........................] - ETA: 1s - loss: 2.3076 - accuracy: 0.1027
 83/391 [=====>........................] - ETA: 1s - loss: 2.3077 - accuracy: 0.1027
 93/391 [======>.......................] - ETA: 1s - loss: 2.3079 - accuracy: 0.1017
104/391 [======>.......................] - ETA: 1s - loss: 2.3081 - accuracy: 0.1005
114/391 [=======>......................] - ETA: 1s - loss: 2.3081 - accuracy: 0.1003
124/391 [========>.....................] - ETA: 1s - loss: 2.3080 - accuracy: 0.1003
135/391 [=========>....................] - ETA: 1s - loss: 2.3084 - accuracy: 0.0997
145/391 [==========>...................] - ETA: 1s - loss: 2.3086 - accuracy: 0.0997
156/391 [==========>...................] - ETA: 1s - loss: 2.3087 - accuracy: 0.0996
166/391 [===========>..................] - ETA: 1s - loss: 2.3088 - accuracy: 0.1002
177/391 [============>.................] - ETA: 1s - loss: 2.3086 - accuracy: 0.1005
187/391 [=============>................] - ETA: 1s - loss: 2.3085 - accuracy: 0.1014
198/391 [==============>...............] - ETA: 1s - loss: 2.3086 - accuracy: 0.1012
208/391 [==============>...............] - ETA: 1s - loss: 2.3085 - accuracy: 0.1018
219/391 [===============>..............] - ETA: 1s - loss: 2.3089 - accuracy: 0.1009
229/391 [================>.............] - ETA: 0s - loss: 2.3088 - accuracy: 0.1000
239/391 [=================>............] - ETA: 0s - loss: 2.3089 - accuracy: 0.0999
250/391 [==================>...........] - ETA: 0s - loss: 2.3090 - accuracy: 0.0995
260/391 [==================>...........] - ETA: 0s - loss: 2.3091 - accuracy: 0.0989
271/391 [===================>..........] - ETA: 0s - loss: 2.3090 - accuracy: 0.0997
282/391 [====================>.........] - ETA: 0s - loss: 2.3090 - accuracy: 0.1001
292/391 [=====================>........] - ETA: 0s - loss: 2.3091 - accuracy: 0.1000
303/391 [======================>.......] - ETA: 0s - loss: 2.3093 - accuracy: 0.1002
314/391 [=======================>......] - ETA: 0s - loss: 2.3093 - accuracy: 0.0998
324/391 [=======================>......] - ETA: 0s - loss: 2.3093 - accuracy: 0.0998
335/391 [========================>.....] - ETA: 0s - loss: 2.3093 - accuracy: 0.0997
344/391 [=========================>....] - ETA: 0s - loss: 2.3093 - accuracy: 0.0996
353/391 [==========================>...] - ETA: 0s - loss: 2.3093 - accuracy: 0.0998
363/391 [==========================>...] - ETA: 0s - loss: 2.3091 - accuracy: 0.1000
374/391 [===========================>..] - ETA: 0s - loss: 2.3091 - accuracy: 0.1002
385/391 [============================>.] - ETA: 0s - loss: 2.3091 - accuracy: 0.1001
391/391 [==============================] - 3s 7ms/step - loss: 2.3092 - accuracy: 0.0999 - val_loss: 2.3046 - val_accuracy: 0.1000
Epoch 8/120

  1/391 [..............................] - ETA: 6s - loss: 2.3011 - accuracy: 0.1172
 11/391 [..............................] - ETA: 2s - loss: 2.3051 - accuracy: 0.0916
 21/391 [>.............................] - ETA: 2s - loss: 2.3053 - accuracy: 0.0971
 31/391 [=>............................] - ETA: 2s - loss: 2.3051 - accuracy: 0.0975
 42/391 [==>...........................] - ETA: 2s - loss: 2.3054 - accuracy: 0.1017
 52/391 [==>...........................] - ETA: 2s - loss: 2.3056 - accuracy: 0.1014
 62/391 [===>..........................] - ETA: 2s - loss: 2.3056 - accuracy: 0.1023
 73/391 [====>.........................] - ETA: 1s - loss: 2.3061 - accuracy: 0.1021
 83/391 [=====>........................] - ETA: 1s - loss: 2.3065 - accuracy: 0.1028
 93/391 [======>.......................] - ETA: 1s - loss: 2.3069 - accuracy: 0.1024
103/391 [======>.......................] - ETA: 1s - loss: 2.3066 - accuracy: 0.1025
113/391 [=======>......................] - ETA: 1s - loss: 2.3068 - accuracy: 0.1016
124/391 [========>.....................] - ETA: 1s - loss: 2.3065 - accuracy: 0.1019
133/391 [=========>....................] - ETA: 1s - loss: 2.3070 - accuracy: 0.1017
142/391 [=========>....................] - ETA: 1s - loss: 2.3071 - accuracy: 0.1018
153/391 [==========>...................] - ETA: 1s - loss: 2.3072 - accuracy: 0.1013
163/391 [===========>..................] - ETA: 1s - loss: 2.3076 - accuracy: 0.1008
174/391 [============>.................] - ETA: 1s - loss: 2.3077 - accuracy: 0.1008
184/391 [=============>................] - ETA: 1s - loss: 2.3078 - accuracy: 0.1015
194/391 [=============>................] - ETA: 1s - loss: 2.3080 - accuracy: 0.1012
205/391 [==============>...............] - ETA: 1s - loss: 2.3079 - accuracy: 0.1019
215/391 [===============>..............] - ETA: 1s - loss: 2.3078 - accuracy: 0.1022
226/391 [================>.............] - ETA: 0s - loss: 2.3078 - accuracy: 0.1021
236/391 [=================>............] - ETA: 0s - loss: 2.3079 - accuracy: 0.1019
247/391 [=================>............] - ETA: 0s - loss: 2.3078 - accuracy: 0.1021
257/391 [==================>...........] - ETA: 0s - loss: 2.3079 - accuracy: 0.1014
267/391 [===================>..........] - ETA: 0s - loss: 2.3081 - accuracy: 0.1012
277/391 [====================>.........] - ETA: 0s - loss: 2.3083 - accuracy: 0.1014
288/391 [=====================>........] - ETA: 0s - loss: 2.3083 - accuracy: 0.1012
298/391 [=====================>........] - ETA: 0s - loss: 2.3085 - accuracy: 0.1014
308/391 [======================>.......] - ETA: 0s - loss: 2.3085 - accuracy: 0.1014
318/391 [=======================>......] - ETA: 0s - loss: 2.3085 - accuracy: 0.1013
329/391 [========================>.....] - ETA: 0s - loss: 2.3085 - accuracy: 0.1008
339/391 [=========================>....] - ETA: 0s - loss: 2.3085 - accuracy: 0.1009
349/391 [=========================>....] - ETA: 0s - loss: 2.3085 - accuracy: 0.1009
360/391 [==========================>...] - ETA: 0s - loss: 2.3085 - accuracy: 0.1005
370/391 [===========================>..] - ETA: 0s - loss: 2.3084 - accuracy: 0.1004
380/391 [============================>.] - ETA: 0s - loss: 2.3084 - accuracy: 0.1006
391/391 [==============================] - ETA: 0s - loss: 2.3084 - accuracy: 0.1005
391/391 [==============================] - 3s 7ms/step - loss: 2.3084 - accuracy: 0.1005 - val_loss: 2.3052 - val_accuracy: 0.1000
Epoch 9/120

  1/391 [..............................] - ETA: 4s - loss: 2.3044 - accuracy: 0.1328
 11/391 [..............................] - ETA: 2s - loss: 2.3058 - accuracy: 0.1101
 22/391 [>.............................] - ETA: 2s - loss: 2.3072 - accuracy: 0.1087
 32/391 [=>............................] - ETA: 2s - loss: 2.3068 - accuracy: 0.1025
 42/391 [==>...........................] - ETA: 2s - loss: 2.3068 - accuracy: 0.1064
 53/391 [===>..........................] - ETA: 2s - loss: 2.3074 - accuracy: 0.1033
 64/391 [===>..........................] - ETA: 1s - loss: 2.3073 - accuracy: 0.1025
 74/391 [====>.........................] - ETA: 1s - loss: 2.3075 - accuracy: 0.0999
 85/391 [=====>........................] - ETA: 1s - loss: 2.3079 - accuracy: 0.0998
 95/391 [======>.......................] - ETA: 1s - loss: 2.3082 - accuracy: 0.0998
106/391 [=======>......................] - ETA: 1s - loss: 2.3083 - accuracy: 0.0994
116/391 [=======>......................] - ETA: 1s - loss: 2.3083 - accuracy: 0.0995
126/391 [========>.....................] - ETA: 1s - loss: 2.3083 - accuracy: 0.0990
136/391 [=========>....................] - ETA: 1s - loss: 2.3082 - accuracy: 0.1001
147/391 [==========>...................] - ETA: 1s - loss: 2.3082 - accuracy: 0.0996
155/391 [==========>...................] - ETA: 1s - loss: 2.3083 - accuracy: 0.0991
165/391 [===========>..................] - ETA: 1s - loss: 2.3081 - accuracy: 0.0993
175/391 [============>.................] - ETA: 1s - loss: 2.3084 - accuracy: 0.0994
186/391 [=============>................] - ETA: 1s - loss: 2.3083 - accuracy: 0.0995
196/391 [==============>...............] - ETA: 1s - loss: 2.3085 - accuracy: 0.0987
206/391 [==============>...............] - ETA: 1s - loss: 2.3087 - accuracy: 0.0983
217/391 [===============>..............] - ETA: 1s - loss: 2.3087 - accuracy: 0.0988
226/391 [================>.............] - ETA: 0s - loss: 2.3086 - accuracy: 0.0988
235/391 [=================>............] - ETA: 0s - loss: 2.3088 - accuracy: 0.0983
245/391 [=================>............] - ETA: 0s - loss: 2.3087 - accuracy: 0.0984
253/391 [==================>...........] - ETA: 0s - loss: 2.3088 - accuracy: 0.0982
264/391 [===================>..........] - ETA: 0s - loss: 2.3088 - accuracy: 0.0981
274/391 [====================>.........] - ETA: 0s - loss: 2.3089 - accuracy: 0.0981
284/391 [====================>.........] - ETA: 0s - loss: 2.3088 - accuracy: 0.0982
294/391 [=====================>........] - ETA: 0s - loss: 2.3088 - accuracy: 0.0985
303/391 [======================>.......] - ETA: 0s - loss: 2.3088 - accuracy: 0.0988
313/391 [=======================>......] - ETA: 0s - loss: 2.3088 - accuracy: 0.0987
323/391 [=======================>......] - ETA: 0s - loss: 2.3087 - accuracy: 0.0990
334/391 [========================>.....] - ETA: 0s - loss: 2.3087 - accuracy: 0.0987
344/391 [=========================>....] - ETA: 0s - loss: 2.3088 - accuracy: 0.0986
354/391 [==========================>...] - ETA: 0s - loss: 2.3088 - accuracy: 0.0986
364/391 [==========================>...] - ETA: 0s - loss: 2.3087 - accuracy: 0.0986
374/391 [===========================>..] - ETA: 0s - loss: 2.3086 - accuracy: 0.0986
384/391 [============================>.] - ETA: 0s - loss: 2.3086 - accuracy: 0.0984
391/391 [==============================] - 3s 7ms/step - loss: 2.3086 - accuracy: 0.0987 - val_loss: 2.3129 - val_accuracy: 0.1000
Epoch 10/120

  1/391 [..............................] - ETA: 6s - loss: 2.2935 - accuracy: 0.1406
 10/391 [..............................] - ETA: 2s - loss: 2.3098 - accuracy: 0.1039
 21/391 [>.............................] - ETA: 2s - loss: 2.3083 - accuracy: 0.0997
 31/391 [=>............................] - ETA: 2s - loss: 2.3077 - accuracy: 0.1003
 41/391 [==>...........................] - ETA: 2s - loss: 2.3087 - accuracy: 0.1010
 51/391 [==>...........................] - ETA: 2s - loss: 2.3097 - accuracy: 0.1002
 62/391 [===>..........................] - ETA: 2s - loss: 2.3105 - accuracy: 0.1001
 72/391 [====>.........................] - ETA: 1s - loss: 2.3104 - accuracy: 0.1008
 82/391 [=====>........................] - ETA: 1s - loss: 2.3107 - accuracy: 0.0996
 93/391 [======>.......................] - ETA: 1s - loss: 2.3115 - accuracy: 0.1006
103/391 [======>.......................] - ETA: 1s - loss: 2.3115 - accuracy: 0.0995
114/391 [=======>......................] - ETA: 1s - loss: 2.3111 - accuracy: 0.1004
124/391 [========>.....................] - ETA: 1s - loss: 2.3106 - accuracy: 0.0999
134/391 [=========>....................] - ETA: 1s - loss: 2.3110 - accuracy: 0.0992
144/391 [==========>...................] - ETA: 1s - loss: 2.3107 - accuracy: 0.1013
154/391 [==========>...................] - ETA: 1s - loss: 2.3110 - accuracy: 0.1011
164/391 [===========>..................] - ETA: 1s - loss: 2.3107 - accuracy: 0.1016
175/391 [============>.................] - ETA: 1s - loss: 2.3103 - accuracy: 0.1019
185/391 [=============>................] - ETA: 1s - loss: 2.3103 - accuracy: 0.1015
196/391 [==============>...............] - ETA: 1s - loss: 2.3103 - accuracy: 0.1019
206/391 [==============>...............] - ETA: 1s - loss: 2.3102 - accuracy: 0.1024
216/391 [===============>..............] - ETA: 1s - loss: 2.3100 - accuracy: 0.1022
227/391 [================>.............] - ETA: 0s - loss: 2.3099 - accuracy: 0.1026
237/391 [=================>............] - ETA: 0s - loss: 2.3097 - accuracy: 0.1024
247/391 [=================>............] - ETA: 0s - loss: 2.3099 - accuracy: 0.1018
258/391 [==================>...........] - ETA: 0s - loss: 2.3100 - accuracy: 0.1015
268/391 [===================>..........] - ETA: 0s - loss: 2.3099 - accuracy: 0.1014
279/391 [====================>.........] - ETA: 0s - loss: 2.3098 - accuracy: 0.1016
289/391 [=====================>........] - ETA: 0s - loss: 2.3099 - accuracy: 0.1017
300/391 [======================>.......] - ETA: 0s - loss: 2.3098 - accuracy: 0.1017
310/391 [======================>.......] - ETA: 0s - loss: 2.3098 - accuracy: 0.1015
320/391 [=======================>......] - ETA: 0s - loss: 2.3098 - accuracy: 0.1016
330/391 [========================>.....] - ETA: 0s - loss: 2.3096 - accuracy: 0.1022
341/391 [=========================>....] - ETA: 0s - loss: 2.3095 - accuracy: 0.1025
351/391 [=========================>....] - ETA: 0s - loss: 2.3094 - accuracy: 0.1025
361/391 [==========================>...] - ETA: 0s - loss: 2.3095 - accuracy: 0.1018
372/391 [===========================>..] - ETA: 0s - loss: 2.3093 - accuracy: 0.1018
382/391 [============================>.] - ETA: 0s - loss: 2.3092 - accuracy: 0.1020
391/391 [==============================] - 3s 7ms/step - loss: 2.3091 - accuracy: 0.1019 - val_loss: 2.3065 - val_accuracy: 0.1000
Epoch 11/120

  1/391 [..............................] - ETA: 6s - loss: 2.3218 - accuracy: 0.0625
 10/391 [..............................] - ETA: 2s - loss: 2.3089 - accuracy: 0.0930
 21/391 [>.............................] - ETA: 2s - loss: 2.3075 - accuracy: 0.0915
 31/391 [=>............................] - ETA: 2s - loss: 2.3074 - accuracy: 0.0917
 41/391 [==>...........................] - ETA: 2s - loss: 2.3082 - accuracy: 0.0911
 52/391 [==>...........................] - ETA: 2s - loss: 2.3078 - accuracy: 0.0933
 62/391 [===>..........................] - ETA: 2s - loss: 2.3083 - accuracy: 0.0949
 72/391 [====>.........................] - ETA: 1s - loss: 2.3087 - accuracy: 0.0946
 83/391 [=====>........................] - ETA: 1s - loss: 2.3083 - accuracy: 0.0946
 93/391 [======>.......................] - ETA: 1s - loss: 2.3083 - accuracy: 0.0962
104/391 [======>.......................] - ETA: 1s - loss: 2.3083 - accuracy: 0.0961
114/391 [=======>......................] - ETA: 1s - loss: 2.3082 - accuracy: 0.0961
124/391 [========>.....................] - ETA: 1s - loss: 2.3084 - accuracy: 0.0961
135/391 [=========>....................] - ETA: 1s - loss: 2.3083 - accuracy: 0.0969
145/391 [==========>...................] - ETA: 1s - loss: 2.3084 - accuracy: 0.0968
155/391 [==========>...................] - ETA: 1s - loss: 2.3086 - accuracy: 0.0978
166/391 [===========>..................] - ETA: 1s - loss: 2.3086 - accuracy: 0.0978
176/391 [============>.................] - ETA: 1s - loss: 2.3086 - accuracy: 0.0977
186/391 [=============>................] - ETA: 1s - loss: 2.3085 - accuracy: 0.0979
196/391 [==============>...............] - ETA: 1s - loss: 2.3088 - accuracy: 0.0979
207/391 [==============>...............] - ETA: 1s - loss: 2.3087 - accuracy: 0.0981
217/391 [===============>..............] - ETA: 1s - loss: 2.3086 - accuracy: 0.0986
228/391 [================>.............] - ETA: 0s - loss: 2.3088 - accuracy: 0.0990
238/391 [=================>............] - ETA: 0s - loss: 2.3087 - accuracy: 0.0986
248/391 [==================>...........] - ETA: 0s - loss: 2.3087 - accuracy: 0.0982
259/391 [==================>...........] - ETA: 0s - loss: 2.3088 - accuracy: 0.0981
269/391 [===================>..........] - ETA: 0s - loss: 2.3087 - accuracy: 0.0981
279/391 [====================>.........] - ETA: 0s - loss: 2.3086 - accuracy: 0.0985
290/391 [=====================>........] - ETA: 0s - loss: 2.3087 - accuracy: 0.0984
300/391 [======================>.......] - ETA: 0s - loss: 2.3087 - accuracy: 0.0987
310/391 [======================>.......] - ETA: 0s - loss: 2.3087 - accuracy: 0.0986
321/391 [=======================>......] - ETA: 0s - loss: 2.3087 - accuracy: 0.0985
331/391 [========================>.....] - ETA: 0s - loss: 2.3088 - accuracy: 0.0984
341/391 [=========================>....] - ETA: 0s - loss: 2.3087 - accuracy: 0.0987
351/391 [=========================>....] - ETA: 0s - loss: 2.3088 - accuracy: 0.0983
362/391 [==========================>...] - ETA: 0s - loss: 2.3089 - accuracy: 0.0982
372/391 [===========================>..] - ETA: 0s - loss: 2.3088 - accuracy: 0.0982
382/391 [============================>.] - ETA: 0s - loss: 2.3088 - accuracy: 0.0985
391/391 [==============================] - 3s 7ms/step - loss: 2.3088 - accuracy: 0.0986 - val_loss: 2.3091 - val_accuracy: 0.1000
Epoch 12/120

  1/391 [..............................] - ETA: 6s - loss: 2.3173 - accuracy: 0.0938
 11/391 [..............................] - ETA: 2s - loss: 2.3103 - accuracy: 0.1115
 22/391 [>.............................] - ETA: 2s - loss: 2.3083 - accuracy: 0.1051
 32/391 [=>............................] - ETA: 2s - loss: 2.3084 - accuracy: 0.1030
 42/391 [==>...........................] - ETA: 2s - loss: 2.3094 - accuracy: 0.1004
 52/391 [==>...........................] - ETA: 2s - loss: 2.3085 - accuracy: 0.1040
 63/391 [===>..........................] - ETA: 1s - loss: 2.3083 - accuracy: 0.1019
 73/391 [====>.........................] - ETA: 1s - loss: 2.3076 - accuracy: 0.1047
 83/391 [=====>........................] - ETA: 1s - loss: 2.3083 - accuracy: 0.1025
 93/391 [======>.......................] - ETA: 1s - loss: 2.3087 - accuracy: 0.1006
104/391 [======>.......................] - ETA: 1s - loss: 2.3087 - accuracy: 0.1005
114/391 [=======>......................] - ETA: 1s - loss: 2.3090 - accuracy: 0.0999
124/391 [========>.....................] - ETA: 1s - loss: 2.3092 - accuracy: 0.0998
135/391 [=========>....................] - ETA: 1s - loss: 2.3092 - accuracy: 0.1002
145/391 [==========>...................] - ETA: 1s - loss: 2.3091 - accuracy: 0.1003
155/391 [==========>...................] - ETA: 1s - loss: 2.3092 - accuracy: 0.1006
166/391 [===========>..................] - ETA: 1s - loss: 2.3093 - accuracy: 0.0999
176/391 [============>.................] - ETA: 1s - loss: 2.3092 - accuracy: 0.1001
186/391 [=============>................] - ETA: 1s - loss: 2.3092 - accuracy: 0.0997
197/391 [==============>...............] - ETA: 1s - loss: 2.3096 - accuracy: 0.0997
207/391 [==============>...............] - ETA: 1s - loss: 2.3097 - accuracy: 0.0997
217/391 [===============>..............] - ETA: 1s - loss: 2.3096 - accuracy: 0.1000
227/391 [================>.............] - ETA: 0s - loss: 2.3097 - accuracy: 0.1000
238/391 [=================>............] - ETA: 0s - loss: 2.3096 - accuracy: 0.1002
248/391 [==================>...........] - ETA: 0s - loss: 2.3096 - accuracy: 0.0997
258/391 [==================>...........] - ETA: 0s - loss: 2.3095 - accuracy: 0.0996
269/391 [===================>..........] - ETA: 0s - loss: 2.3093 - accuracy: 0.0997
278/391 [====================>.........] - ETA: 0s - loss: 2.3092 - accuracy: 0.0999
287/391 [=====================>........] - ETA: 0s - loss: 2.3092 - accuracy: 0.1000
297/391 [=====================>........] - ETA: 0s - loss: 2.3092 - accuracy: 0.0997
308/391 [======================>.......] - ETA: 0s - loss: 2.3092 - accuracy: 0.0993
318/391 [=======================>......] - ETA: 0s - loss: 2.3092 - accuracy: 0.0994
328/391 [========================>.....] - ETA: 0s - loss: 2.3091 - accuracy: 0.0997
339/391 [=========================>....] - ETA: 0s - loss: 2.3092 - accuracy: 0.0997
349/391 [=========================>....] - ETA: 0s - loss: 2.3092 - accuracy: 0.1002
359/391 [==========================>...] - ETA: 0s - loss: 2.3092 - accuracy: 0.1001
369/391 [===========================>..] - ETA: 0s - loss: 2.3092 - accuracy: 0.1002
379/391 [============================>.] - ETA: 0s - loss: 2.3091 - accuracy: 0.1001
390/391 [============================>.] - ETA: 0s - loss: 2.3091 - accuracy: 0.1000
391/391 [==============================] - 3s 7ms/step - loss: 2.3091 - accuracy: 0.1000 - val_loss: 2.3088 - val_accuracy: 0.1000
Epoch 13/120

  1/391 [..............................] - ETA: 6s - loss: 2.3230 - accuracy: 0.0781
 10/391 [..............................] - ETA: 2s - loss: 2.3122 - accuracy: 0.0914
 20/391 [>.............................] - ETA: 2s - loss: 2.3102 - accuracy: 0.0934
 30/391 [=>............................] - ETA: 2s - loss: 2.3095 - accuracy: 0.1044
 41/391 [==>...........................] - ETA: 2s - loss: 2.3090 - accuracy: 0.1052
 51/391 [==>...........................] - ETA: 2s - loss: 2.3094 - accuracy: 0.1012
 61/391 [===>..........................] - ETA: 2s - loss: 2.3090 - accuracy: 0.1015
 71/391 [====>.........................] - ETA: 2s - loss: 2.3087 - accuracy: 0.1014
 81/391 [=====>........................] - ETA: 1s - loss: 2.3074 - accuracy: 0.1020
 91/391 [=====>........................] - ETA: 1s - loss: 2.3080 - accuracy: 0.1027
102/391 [======>.......................] - ETA: 1s - loss: 2.3076 - accuracy: 0.1022
112/391 [=======>......................] - ETA: 1s - loss: 2.3077 - accuracy: 0.1023
122/391 [========>.....................] - ETA: 1s - loss: 2.3084 - accuracy: 0.1025
133/391 [=========>....................] - ETA: 1s - loss: 2.3082 - accuracy: 0.1011
143/391 [=========>....................] - ETA: 1s - loss: 2.3085 - accuracy: 0.1006
154/391 [==========>...................] - ETA: 1s - loss: 2.3086 - accuracy: 0.0990
164/391 [===========>..................] - ETA: 1s - loss: 2.3084 - accuracy: 0.0999
174/391 [============>.................] - ETA: 1s - loss: 2.3082 - accuracy: 0.0997
184/391 [=============>................] - ETA: 1s - loss: 2.3083 - accuracy: 0.0993
195/391 [=============>................] - ETA: 1s - loss: 2.3083 - accuracy: 0.0995
205/391 [==============>...............] - ETA: 1s - loss: 2.3081 - accuracy: 0.1000
215/391 [===============>..............] - ETA: 1s - loss: 2.3080 - accuracy: 0.1004
226/391 [================>.............] - ETA: 1s - loss: 2.3080 - accuracy: 0.1005
236/391 [=================>............] - ETA: 0s - loss: 2.3080 - accuracy: 0.1000
246/391 [=================>............] - ETA: 0s - loss: 2.3080 - accuracy: 0.1000
257/391 [==================>...........] - ETA: 0s - loss: 2.3080 - accuracy: 0.0999
267/391 [===================>..........] - ETA: 0s - loss: 2.3079 - accuracy: 0.0994
277/391 [====================>.........] - ETA: 0s - loss: 2.3080 - accuracy: 0.1001
288/391 [=====================>........] - ETA: 0s - loss: 2.3079 - accuracy: 0.1002
298/391 [=====================>........] - ETA: 0s - loss: 2.3076 - accuracy: 0.1009
308/391 [======================>.......] - ETA: 0s - loss: 2.3077 - accuracy: 0.1009
319/391 [=======================>......] - ETA: 0s - loss: 2.3077 - accuracy: 0.1007
329/391 [========================>.....] - ETA: 0s - loss: 2.3076 - accuracy: 0.1009
339/391 [=========================>....] - ETA: 0s - loss: 2.3077 - accuracy: 0.1009
350/391 [=========================>....] - ETA: 0s - loss: 2.3078 - accuracy: 0.1007
360/391 [==========================>...] - ETA: 0s - loss: 2.3079 - accuracy: 0.1006
370/391 [===========================>..] - ETA: 0s - loss: 2.3079 - accuracy: 0.1009
380/391 [============================>.] - ETA: 0s - loss: 2.3078 - accuracy: 0.1010
390/391 [============================>.] - ETA: 0s - loss: 2.3079 - accuracy: 0.1012
391/391 [==============================] - 3s 7ms/step - loss: 2.3079 - accuracy: 0.1012 - val_loss: 2.3102 - val_accuracy: 0.1000
Epoch 13: early stopping

  1/313 [..............................] - ETA: 4s - loss: 2.3325 - accuracy: 0.0625
 35/313 [==>...........................] - ETA: 0s - loss: 2.3139 - accuracy: 0.0875
 76/313 [======>.......................] - ETA: 0s - loss: 2.3094 - accuracy: 0.0970
115/313 [==========>...................] - ETA: 0s - loss: 2.3089 - accuracy: 0.1011
154/313 [=============>................] - ETA: 0s - loss: 2.3081 - accuracy: 0.1019
193/313 [=================>............] - ETA: 0s - loss: 2.3103 - accuracy: 0.1038
229/313 [====================>.........] - ETA: 0s - loss: 2.3102 - accuracy: 0.1043
269/313 [========================>.....] - ETA: 0s - loss: 2.3103 - accuracy: 0.1007
309/313 [============================>.] - ETA: 0s - loss: 2.3102 - accuracy: 0.0998
313/313 [==============================] - 1s 2ms/step - loss: 2.3102 - accuracy: 0.1000
