2024-06-21 18:50:23.978477: I tensorflow/core/platform/cpu_feature_guard.cc:193] This TensorFlow binary is optimized with oneAPI Deep Neural Network Library (oneDNN) to use the following CPU instructions in performance-critical operations:  AVX AVX2
To enable them in other operations, rebuild TensorFlow with the appropriate compiler flags.
2024-06-21 18:50:24.559674: I tensorflow/core/common_runtime/gpu/gpu_device.cc:1616] Created device /job:localhost/replica:0/task:0/device:GPU:0 with 6144 MB memory:  -> device: 0, name: NVIDIA GeForce RTX 4060 Ti, pci bus id: 0000:01:00.0, compute capability: 8.9
1 Physical GPUs, 1 Logical GPUs
Model: "sequential"
_________________________________________________________________
 Layer (type)                Output Shape              Param #   
=================================================================
 conv2d (Conv2D)             (None, 32, 32, 32)        896       
                                                                 
 max_pooling2d (MaxPooling2D  (None, 16, 16, 32)       0         
 )                                                               
                                                                 
 batch_normalization (BatchN  (None, 16, 16, 32)       128       
 ormalization)                                                   
                                                                 
 dropout (Dropout)           (None, 16, 16, 32)        0         
                                                                 
 flatten (Flatten)           (None, 8192)              0         
                                                                 
 dense (Dense)               (None, 10)                81930     
                                                                 
=================================================================
Total params: 82,954
Trainable params: 82,890
Non-trainable params: 64
_________________________________________________________________
Taxa de aprendizado:  0.001 Num de épocas:  117 Tamanho do lote:  32 Dropout:  0.31
Epoch 1/117
2024-06-21 18:50:25.862076: I tensorflow/stream_executor/cuda/cuda_dnn.cc:384] Loaded cuDNN version 8100
2024-06-21 18:50:26.736938: W tensorflow/stream_executor/gpu/redzone_allocator.cc:314] INTERNAL: ptxas exited with non-zero error code -1, output: 
Relying on driver to perform ptx compilation. 
Modify $PATH to customize ptxas location.
This message will be only logged once.
2024-06-21 18:50:27.516368: I tensorflow/stream_executor/cuda/cuda_blas.cc:1614] TensorFloat-32 will be used for the matrix multiplication. This will only be logged once.

   1/1563 [..............................] - ETA: 1:14:53 - loss: 2.2831 - accuracy: 0.2188
  20/1563 [..............................] - ETA: 5s - loss: 2.5950 - accuracy: 0.2359     
  43/1563 [..............................] - ETA: 4s - loss: 2.4121 - accuracy: 0.2711
  64/1563 [>.............................] - ETA: 4s - loss: 2.2356 - accuracy: 0.3013
  82/1563 [>.............................] - ETA: 4s - loss: 2.1641 - accuracy: 0.3167
 104/1563 [>.............................] - ETA: 4s - loss: 2.1139 - accuracy: 0.3245
 124/1563 [=>............................] - ETA: 4s - loss: 2.0501 - accuracy: 0.3360
 148/1563 [=>............................] - ETA: 4s - loss: 2.0043 - accuracy: 0.3426
 174/1563 [==>...........................] - ETA: 3s - loss: 1.9654 - accuracy: 0.3489
 198/1563 [==>...........................] - ETA: 3s - loss: 1.9320 - accuracy: 0.3563
 221/1563 [===>..........................] - ETA: 3s - loss: 1.8970 - accuracy: 0.3647
 246/1563 [===>..........................] - ETA: 3s - loss: 1.8693 - accuracy: 0.3732
 270/1563 [====>.........................] - ETA: 3s - loss: 1.8413 - accuracy: 0.3816
 294/1563 [====>.........................] - ETA: 3s - loss: 1.8239 - accuracy: 0.3876
 313/1563 [=====>........................] - ETA: 3s - loss: 1.8061 - accuracy: 0.3945
 335/1563 [=====>........................] - ETA: 3s - loss: 1.7831 - accuracy: 0.4016
 359/1563 [=====>........................] - ETA: 3s - loss: 1.7677 - accuracy: 0.4057
 384/1563 [======>.......................] - ETA: 3s - loss: 1.7421 - accuracy: 0.4140
 411/1563 [======>.......................] - ETA: 3s - loss: 1.7222 - accuracy: 0.4196
 432/1563 [=======>......................] - ETA: 3s - loss: 1.7126 - accuracy: 0.4224
 455/1563 [=======>......................] - ETA: 2s - loss: 1.7047 - accuracy: 0.4235
 477/1563 [========>.....................] - ETA: 2s - loss: 1.6909 - accuracy: 0.4265
 498/1563 [========>.....................] - ETA: 2s - loss: 1.6843 - accuracy: 0.4285
 519/1563 [========>.....................] - ETA: 2s - loss: 1.6751 - accuracy: 0.4310
 541/1563 [=========>....................] - ETA: 2s - loss: 1.6680 - accuracy: 0.4335
 562/1563 [=========>....................] - ETA: 2s - loss: 1.6595 - accuracy: 0.4352
 583/1563 [==========>...................] - ETA: 2s - loss: 1.6518 - accuracy: 0.4373
 605/1563 [==========>...................] - ETA: 2s - loss: 1.6467 - accuracy: 0.4386
 627/1563 [===========>..................] - ETA: 2s - loss: 1.6398 - accuracy: 0.4406
 649/1563 [===========>..................] - ETA: 2s - loss: 1.6320 - accuracy: 0.4424
 670/1563 [===========>..................] - ETA: 2s - loss: 1.6288 - accuracy: 0.4435
 691/1563 [============>.................] - ETA: 2s - loss: 1.6235 - accuracy: 0.4446
 712/1563 [============>.................] - ETA: 2s - loss: 1.6180 - accuracy: 0.4460
 735/1563 [=============>................] - ETA: 2s - loss: 1.6146 - accuracy: 0.4472
 757/1563 [=============>................] - ETA: 2s - loss: 1.6082 - accuracy: 0.4487
 780/1563 [=============>................] - ETA: 2s - loss: 1.6049 - accuracy: 0.4494
 798/1563 [==============>...............] - ETA: 2s - loss: 1.6002 - accuracy: 0.4512
 818/1563 [==============>...............] - ETA: 2s - loss: 1.5955 - accuracy: 0.4528
 840/1563 [===============>..............] - ETA: 2s - loss: 1.5893 - accuracy: 0.4549
 861/1563 [===============>..............] - ETA: 1s - loss: 1.5851 - accuracy: 0.4562
 882/1563 [===============>..............] - ETA: 1s - loss: 1.5807 - accuracy: 0.4576
 904/1563 [================>.............] - ETA: 1s - loss: 1.5774 - accuracy: 0.4590
 928/1563 [================>.............] - ETA: 1s - loss: 1.5726 - accuracy: 0.4604
 950/1563 [=================>............] - ETA: 1s - loss: 1.5682 - accuracy: 0.4617
 972/1563 [=================>............] - ETA: 1s - loss: 1.5646 - accuracy: 0.4627
 996/1563 [==================>...........] - ETA: 1s - loss: 1.5597 - accuracy: 0.4638
1017/1563 [==================>...........] - ETA: 1s - loss: 1.5553 - accuracy: 0.4652
1040/1563 [==================>...........] - ETA: 1s - loss: 1.5513 - accuracy: 0.4670
1060/1563 [===================>..........] - ETA: 1s - loss: 1.5463 - accuracy: 0.4682
1081/1563 [===================>..........] - ETA: 1s - loss: 1.5426 - accuracy: 0.4691
1102/1563 [====================>.........] - ETA: 1s - loss: 1.5392 - accuracy: 0.4703
1124/1563 [====================>.........] - ETA: 1s - loss: 1.5345 - accuracy: 0.4715
1146/1563 [====================>.........] - ETA: 1s - loss: 1.5318 - accuracy: 0.4724
1163/1563 [=====================>........] - ETA: 1s - loss: 1.5286 - accuracy: 0.4735
1183/1563 [=====================>........] - ETA: 1s - loss: 1.5270 - accuracy: 0.4741
1205/1563 [======================>.......] - ETA: 1s - loss: 1.5245 - accuracy: 0.4746
1225/1563 [======================>.......] - ETA: 0s - loss: 1.5226 - accuracy: 0.4753
1245/1563 [======================>.......] - ETA: 0s - loss: 1.5199 - accuracy: 0.4765
1263/1563 [=======================>......] - ETA: 0s - loss: 1.5181 - accuracy: 0.4768
1283/1563 [=======================>......] - ETA: 0s - loss: 1.5160 - accuracy: 0.4776
1303/1563 [========================>.....] - ETA: 0s - loss: 1.5130 - accuracy: 0.4788
1324/1563 [========================>.....] - ETA: 0s - loss: 1.5115 - accuracy: 0.4795
1346/1563 [========================>.....] - ETA: 0s - loss: 1.5091 - accuracy: 0.4802
1367/1563 [=========================>....] - ETA: 0s - loss: 1.5065 - accuracy: 0.4810
1389/1563 [=========================>....] - ETA: 0s - loss: 1.5023 - accuracy: 0.4822
1410/1563 [==========================>...] - ETA: 0s - loss: 1.4999 - accuracy: 0.4828
1432/1563 [==========================>...] - ETA: 0s - loss: 1.4983 - accuracy: 0.4837
1452/1563 [==========================>...] - ETA: 0s - loss: 1.4967 - accuracy: 0.4842
1473/1563 [===========================>..] - ETA: 0s - loss: 1.4953 - accuracy: 0.4848
1496/1563 [===========================>..] - ETA: 0s - loss: 1.4918 - accuracy: 0.4858
1518/1563 [============================>.] - ETA: 0s - loss: 1.4888 - accuracy: 0.4868
1540/1563 [============================>.] - ETA: 0s - loss: 1.4855 - accuracy: 0.4876
1563/1563 [==============================] - ETA: 0s - loss: 1.4823 - accuracy: 0.4887
1563/1563 [==============================] - 8s 3ms/step - loss: 1.4823 - accuracy: 0.4887 - val_loss: 1.3332 - val_accuracy: 0.5388
Epoch 2/117

   1/1563 [..............................] - ETA: 0s - loss: 1.1514 - accuracy: 0.5625
  20/1563 [..............................] - ETA: 5s - loss: 1.2309 - accuracy: 0.5766
  41/1563 [..............................] - ETA: 4s - loss: 1.2366 - accuracy: 0.5655
  63/1563 [>.............................] - ETA: 4s - loss: 1.2341 - accuracy: 0.5704
  85/1563 [>.............................] - ETA: 4s - loss: 1.2247 - accuracy: 0.5710
  90/1563 [>.............................] - ETA: 5s - loss: 1.2241 - accuracy: 0.5694
 112/1563 [=>............................] - ETA: 5s - loss: 1.2080 - accuracy: 0.5792
 134/1563 [=>............................] - ETA: 4s - loss: 1.2010 - accuracy: 0.5807
 156/1563 [=>............................] - ETA: 4s - loss: 1.2021 - accuracy: 0.5811
 176/1563 [==>...........................] - ETA: 4s - loss: 1.2152 - accuracy: 0.5765
 196/1563 [==>...........................] - ETA: 4s - loss: 1.2136 - accuracy: 0.5767
 218/1563 [===>..........................] - ETA: 4s - loss: 1.2184 - accuracy: 0.5737
 240/1563 [===>..........................] - ETA: 4s - loss: 1.2212 - accuracy: 0.5724
 262/1563 [====>.........................] - ETA: 4s - loss: 1.2227 - accuracy: 0.5730
 282/1563 [====>.........................] - ETA: 4s - loss: 1.2224 - accuracy: 0.5730
 305/1563 [====>.........................] - ETA: 3s - loss: 1.2236 - accuracy: 0.5725
 326/1563 [=====>........................] - ETA: 3s - loss: 1.2199 - accuracy: 0.5736
 348/1563 [=====>........................] - ETA: 3s - loss: 1.2182 - accuracy: 0.5736
 370/1563 [======>.......................] - ETA: 3s - loss: 1.2149 - accuracy: 0.5744
 393/1563 [======>.......................] - ETA: 3s - loss: 1.2116 - accuracy: 0.5758
 414/1563 [======>.......................] - ETA: 3s - loss: 1.2128 - accuracy: 0.5763
 437/1563 [=======>......................] - ETA: 3s - loss: 1.2139 - accuracy: 0.5749
 459/1563 [=======>......................] - ETA: 3s - loss: 1.2144 - accuracy: 0.5748
 480/1563 [========>.....................] - ETA: 3s - loss: 1.2158 - accuracy: 0.5754
 502/1563 [========>.....................] - ETA: 3s - loss: 1.2175 - accuracy: 0.5759
 522/1563 [=========>....................] - ETA: 3s - loss: 1.2198 - accuracy: 0.5756
 543/1563 [=========>....................] - ETA: 3s - loss: 1.2221 - accuracy: 0.5763
 565/1563 [=========>....................] - ETA: 3s - loss: 1.2256 - accuracy: 0.5748
 585/1563 [==========>...................] - ETA: 2s - loss: 1.2252 - accuracy: 0.5740
 607/1563 [==========>...................] - ETA: 2s - loss: 1.2259 - accuracy: 0.5744
 629/1563 [===========>..................] - ETA: 2s - loss: 1.2273 - accuracy: 0.5745
 651/1563 [===========>..................] - ETA: 2s - loss: 1.2277 - accuracy: 0.5744
 674/1563 [===========>..................] - ETA: 2s - loss: 1.2252 - accuracy: 0.5747
 697/1563 [============>.................] - ETA: 2s - loss: 1.2243 - accuracy: 0.5751
 718/1563 [============>.................] - ETA: 2s - loss: 1.2245 - accuracy: 0.5753
 738/1563 [=============>................] - ETA: 2s - loss: 1.2257 - accuracy: 0.5750
 758/1563 [=============>................] - ETA: 2s - loss: 1.2276 - accuracy: 0.5743
 779/1563 [=============>................] - ETA: 2s - loss: 1.2266 - accuracy: 0.5749
 801/1563 [==============>...............] - ETA: 2s - loss: 1.2261 - accuracy: 0.5753
 823/1563 [==============>...............] - ETA: 2s - loss: 1.2271 - accuracy: 0.5754
 845/1563 [===============>..............] - ETA: 2s - loss: 1.2259 - accuracy: 0.5762
 868/1563 [===============>..............] - ETA: 2s - loss: 1.2264 - accuracy: 0.5761
 889/1563 [================>.............] - ETA: 2s - loss: 1.2246 - accuracy: 0.5764
 909/1563 [================>.............] - ETA: 1s - loss: 1.2260 - accuracy: 0.5766
 931/1563 [================>.............] - ETA: 1s - loss: 1.2258 - accuracy: 0.5766
 952/1563 [=================>............] - ETA: 1s - loss: 1.2250 - accuracy: 0.5769
 973/1563 [=================>............] - ETA: 1s - loss: 1.2247 - accuracy: 0.5769
 995/1563 [==================>...........] - ETA: 1s - loss: 1.2221 - accuracy: 0.5779
1017/1563 [==================>...........] - ETA: 1s - loss: 1.2217 - accuracy: 0.5782
1036/1563 [==================>...........] - ETA: 1s - loss: 1.2216 - accuracy: 0.5782
1056/1563 [===================>..........] - ETA: 1s - loss: 1.2223 - accuracy: 0.5777
1078/1563 [===================>..........] - ETA: 1s - loss: 1.2224 - accuracy: 0.5772
1095/1563 [====================>.........] - ETA: 1s - loss: 1.2222 - accuracy: 0.5772
1114/1563 [====================>.........] - ETA: 1s - loss: 1.2221 - accuracy: 0.5773
1133/1563 [====================>.........] - ETA: 1s - loss: 1.2217 - accuracy: 0.5778
1153/1563 [=====================>........] - ETA: 1s - loss: 1.2201 - accuracy: 0.5779
1175/1563 [=====================>........] - ETA: 1s - loss: 1.2190 - accuracy: 0.5779
1196/1563 [=====================>........] - ETA: 1s - loss: 1.2189 - accuracy: 0.5783
1218/1563 [======================>.......] - ETA: 1s - loss: 1.2181 - accuracy: 0.5786
1241/1563 [======================>.......] - ETA: 0s - loss: 1.2180 - accuracy: 0.5785
1262/1563 [=======================>......] - ETA: 0s - loss: 1.2193 - accuracy: 0.5776
1283/1563 [=======================>......] - ETA: 0s - loss: 1.2191 - accuracy: 0.5773
1305/1563 [========================>.....] - ETA: 0s - loss: 1.2197 - accuracy: 0.5770
1327/1563 [========================>.....] - ETA: 0s - loss: 1.2191 - accuracy: 0.5772
1349/1563 [========================>.....] - ETA: 0s - loss: 1.2198 - accuracy: 0.5771
1372/1563 [=========================>....] - ETA: 0s - loss: 1.2203 - accuracy: 0.5776
1392/1563 [=========================>....] - ETA: 0s - loss: 1.2203 - accuracy: 0.5776
1414/1563 [==========================>...] - ETA: 0s - loss: 1.2199 - accuracy: 0.5776
1435/1563 [==========================>...] - ETA: 0s - loss: 1.2200 - accuracy: 0.5775
1452/1563 [==========================>...] - ETA: 0s - loss: 1.2199 - accuracy: 0.5777
1470/1563 [===========================>..] - ETA: 0s - loss: 1.2200 - accuracy: 0.5779
1491/1563 [===========================>..] - ETA: 0s - loss: 1.2203 - accuracy: 0.5777
1512/1563 [============================>.] - ETA: 0s - loss: 1.2203 - accuracy: 0.5775
1533/1563 [============================>.] - ETA: 0s - loss: 1.2210 - accuracy: 0.5775
1550/1563 [============================>.] - ETA: 0s - loss: 1.2196 - accuracy: 0.5779
1563/1563 [==============================] - 5s 3ms/step - loss: 1.2195 - accuracy: 0.5779 - val_loss: 1.2716 - val_accuracy: 0.5628
Epoch 3/117

   1/1563 [..............................] - ETA: 24s - loss: 1.1677 - accuracy: 0.5625
  22/1563 [..............................] - ETA: 4s - loss: 1.1084 - accuracy: 0.5852 
  42/1563 [..............................] - ETA: 4s - loss: 1.1009 - accuracy: 0.5967
  64/1563 [>.............................] - ETA: 4s - loss: 1.1091 - accuracy: 0.5923
  86/1563 [>.............................] - ETA: 4s - loss: 1.1072 - accuracy: 0.5988
 108/1563 [=>............................] - ETA: 4s - loss: 1.1079 - accuracy: 0.6010
 129/1563 [=>............................] - ETA: 4s - loss: 1.1108 - accuracy: 0.6005
 151/1563 [=>............................] - ETA: 4s - loss: 1.1065 - accuracy: 0.6055
 173/1563 [==>...........................] - ETA: 4s - loss: 1.1027 - accuracy: 0.6082
 195/1563 [==>...........................] - ETA: 3s - loss: 1.1038 - accuracy: 0.6103
 217/1563 [===>..........................] - ETA: 3s - loss: 1.1008 - accuracy: 0.6115
 239/1563 [===>..........................] - ETA: 3s - loss: 1.1030 - accuracy: 0.6131
 260/1563 [===>..........................] - ETA: 3s - loss: 1.1060 - accuracy: 0.6137
 283/1563 [====>.........................] - ETA: 3s - loss: 1.1099 - accuracy: 0.6129
 303/1563 [====>.........................] - ETA: 3s - loss: 1.1087 - accuracy: 0.6139
 325/1563 [=====>........................] - ETA: 3s - loss: 1.1126 - accuracy: 0.6131
 346/1563 [=====>........................] - ETA: 3s - loss: 1.1109 - accuracy: 0.6144
 368/1563 [======>.......................] - ETA: 3s - loss: 1.1080 - accuracy: 0.6157
 390/1563 [======>.......................] - ETA: 3s - loss: 1.1114 - accuracy: 0.6146
 410/1563 [======>.......................] - ETA: 3s - loss: 1.1091 - accuracy: 0.6153
 432/1563 [=======>......................] - ETA: 3s - loss: 1.1061 - accuracy: 0.6161
 453/1563 [=======>......................] - ETA: 3s - loss: 1.1062 - accuracy: 0.6157
 476/1563 [========>.....................] - ETA: 3s - loss: 1.1038 - accuracy: 0.6169
 498/1563 [========>.....................] - ETA: 3s - loss: 1.1057 - accuracy: 0.6162
 520/1563 [========>.....................] - ETA: 3s - loss: 1.1074 - accuracy: 0.6159
 542/1563 [=========>....................] - ETA: 2s - loss: 1.1079 - accuracy: 0.6165
 564/1563 [=========>....................] - ETA: 2s - loss: 1.1097 - accuracy: 0.6157
 585/1563 [==========>...................] - ETA: 2s - loss: 1.1146 - accuracy: 0.6139
 608/1563 [==========>...................] - ETA: 2s - loss: 1.1131 - accuracy: 0.6147
 630/1563 [===========>..................] - ETA: 2s - loss: 1.1127 - accuracy: 0.6145
 653/1563 [===========>..................] - ETA: 2s - loss: 1.1111 - accuracy: 0.6150
 675/1563 [===========>..................] - ETA: 2s - loss: 1.1100 - accuracy: 0.6154
 698/1563 [============>.................] - ETA: 2s - loss: 1.1094 - accuracy: 0.6160
 720/1563 [============>.................] - ETA: 2s - loss: 1.1081 - accuracy: 0.6167
 743/1563 [=============>................] - ETA: 2s - loss: 1.1083 - accuracy: 0.6164
 768/1563 [=============>................] - ETA: 2s - loss: 1.1078 - accuracy: 0.6169
 791/1563 [==============>...............] - ETA: 2s - loss: 1.1100 - accuracy: 0.6164
 812/1563 [==============>...............] - ETA: 2s - loss: 1.1105 - accuracy: 0.6160
 834/1563 [===============>..............] - ETA: 2s - loss: 1.1113 - accuracy: 0.6156
 857/1563 [===============>..............] - ETA: 2s - loss: 1.1153 - accuracy: 0.6138
 876/1563 [===============>..............] - ETA: 1s - loss: 1.1157 - accuracy: 0.6136
 898/1563 [================>.............] - ETA: 1s - loss: 1.1157 - accuracy: 0.6138
 921/1563 [================>.............] - ETA: 1s - loss: 1.1157 - accuracy: 0.6139
 943/1563 [=================>............] - ETA: 1s - loss: 1.1160 - accuracy: 0.6139
 967/1563 [=================>............] - ETA: 1s - loss: 1.1163 - accuracy: 0.6138
 990/1563 [==================>...........] - ETA: 1s - loss: 1.1177 - accuracy: 0.6134
1010/1563 [==================>...........] - ETA: 1s - loss: 1.1198 - accuracy: 0.6123
1031/1563 [==================>...........] - ETA: 1s - loss: 1.1215 - accuracy: 0.6118
1053/1563 [===================>..........] - ETA: 1s - loss: 1.1231 - accuracy: 0.6115
1074/1563 [===================>..........] - ETA: 1s - loss: 1.1237 - accuracy: 0.6114
1097/1563 [====================>.........] - ETA: 1s - loss: 1.1247 - accuracy: 0.6111
1119/1563 [====================>.........] - ETA: 1s - loss: 1.1259 - accuracy: 0.6107
1141/1563 [====================>.........] - ETA: 1s - loss: 1.1265 - accuracy: 0.6105
1162/1563 [=====================>........] - ETA: 1s - loss: 1.1250 - accuracy: 0.6112
1183/1563 [=====================>........] - ETA: 1s - loss: 1.1233 - accuracy: 0.6119
1204/1563 [======================>.......] - ETA: 1s - loss: 1.1232 - accuracy: 0.6115
1226/1563 [======================>.......] - ETA: 0s - loss: 1.1212 - accuracy: 0.6121
1248/1563 [======================>.......] - ETA: 0s - loss: 1.1211 - accuracy: 0.6121
1267/1563 [=======================>......] - ETA: 0s - loss: 1.1215 - accuracy: 0.6116
1286/1563 [=======================>......] - ETA: 0s - loss: 1.1225 - accuracy: 0.6115
1307/1563 [========================>.....] - ETA: 0s - loss: 1.1228 - accuracy: 0.6112
1329/1563 [========================>.....] - ETA: 0s - loss: 1.1232 - accuracy: 0.6109
1351/1563 [========================>.....] - ETA: 0s - loss: 1.1231 - accuracy: 0.6111
1372/1563 [=========================>....] - ETA: 0s - loss: 1.1231 - accuracy: 0.6110
1394/1563 [=========================>....] - ETA: 0s - loss: 1.1237 - accuracy: 0.6108
1416/1563 [==========================>...] - ETA: 0s - loss: 1.1244 - accuracy: 0.6103
1438/1563 [==========================>...] - ETA: 0s - loss: 1.1253 - accuracy: 0.6097
1459/1563 [===========================>..] - ETA: 0s - loss: 1.1258 - accuracy: 0.6098
1481/1563 [===========================>..] - ETA: 0s - loss: 1.1257 - accuracy: 0.6099
1501/1563 [===========================>..] - ETA: 0s - loss: 1.1262 - accuracy: 0.6095
1524/1563 [============================>.] - ETA: 0s - loss: 1.1268 - accuracy: 0.6093
1543/1563 [============================>.] - ETA: 0s - loss: 1.1276 - accuracy: 0.6090
1563/1563 [==============================] - 5s 3ms/step - loss: 1.1281 - accuracy: 0.6084 - val_loss: 1.2103 - val_accuracy: 0.5791
Epoch 4/117

   1/1563 [..............................] - ETA: 0s - loss: 1.1617 - accuracy: 0.6250
  17/1563 [..............................] - ETA: 6s - loss: 0.9399 - accuracy: 0.6636
  40/1563 [..............................] - ETA: 4s - loss: 1.0088 - accuracy: 0.6438
  61/1563 [>.............................] - ETA: 4s - loss: 1.0221 - accuracy: 0.6388
  82/1563 [>.............................] - ETA: 4s - loss: 1.0282 - accuracy: 0.6395
 103/1563 [>.............................] - ETA: 4s - loss: 1.0550 - accuracy: 0.6317
 125/1563 [=>............................] - ETA: 4s - loss: 1.0466 - accuracy: 0.6363
 146/1563 [=>............................] - ETA: 4s - loss: 1.0503 - accuracy: 0.6351
 166/1563 [==>...........................] - ETA: 4s - loss: 1.0630 - accuracy: 0.6301
 188/1563 [==>...........................] - ETA: 4s - loss: 1.0674 - accuracy: 0.6250
 210/1563 [===>..........................] - ETA: 4s - loss: 1.0560 - accuracy: 0.6290
 232/1563 [===>..........................] - ETA: 3s - loss: 1.0624 - accuracy: 0.6289
 254/1563 [===>..........................] - ETA: 3s - loss: 1.0633 - accuracy: 0.6297
 275/1563 [====>.........................] - ETA: 3s - loss: 1.0650 - accuracy: 0.6284
 297/1563 [====>.........................] - ETA: 3s - loss: 1.0661 - accuracy: 0.6287
 318/1563 [=====>........................] - ETA: 3s - loss: 1.0677 - accuracy: 0.6276
 339/1563 [=====>........................] - ETA: 3s - loss: 1.0659 - accuracy: 0.6277
 361/1563 [=====>........................] - ETA: 3s - loss: 1.0646 - accuracy: 0.6276
 384/1563 [======>.......................] - ETA: 3s - loss: 1.0707 - accuracy: 0.6261
 405/1563 [======>.......................] - ETA: 3s - loss: 1.0661 - accuracy: 0.6271
 425/1563 [=======>......................] - ETA: 3s - loss: 1.0669 - accuracy: 0.6273
 446/1563 [=======>......................] - ETA: 3s - loss: 1.0678 - accuracy: 0.6270
 470/1563 [========>.....................] - ETA: 3s - loss: 1.0680 - accuracy: 0.6265
 492/1563 [========>.....................] - ETA: 3s - loss: 1.0683 - accuracy: 0.6265
 513/1563 [========>.....................] - ETA: 3s - loss: 1.0684 - accuracy: 0.6270
 533/1563 [=========>....................] - ETA: 3s - loss: 1.0680 - accuracy: 0.6266
 555/1563 [=========>....................] - ETA: 2s - loss: 1.0673 - accuracy: 0.6268
 579/1563 [==========>...................] - ETA: 2s - loss: 1.0673 - accuracy: 0.6270
 599/1563 [==========>...................] - ETA: 2s - loss: 1.0704 - accuracy: 0.6258
 622/1563 [==========>...................] - ETA: 2s - loss: 1.0718 - accuracy: 0.6249
 644/1563 [===========>..................] - ETA: 2s - loss: 1.0711 - accuracy: 0.6252
 666/1563 [===========>..................] - ETA: 2s - loss: 1.0717 - accuracy: 0.6244
 687/1563 [============>.................] - ETA: 2s - loss: 1.0710 - accuracy: 0.6252
 707/1563 [============>.................] - ETA: 2s - loss: 1.0682 - accuracy: 0.6265
 729/1563 [============>.................] - ETA: 2s - loss: 1.0703 - accuracy: 0.6265
 751/1563 [=============>................] - ETA: 2s - loss: 1.0695 - accuracy: 0.6268
 773/1563 [=============>................] - ETA: 2s - loss: 1.0684 - accuracy: 0.6273
 794/1563 [==============>...............] - ETA: 2s - loss: 1.0694 - accuracy: 0.6274
 815/1563 [==============>...............] - ETA: 2s - loss: 1.0702 - accuracy: 0.6270
 836/1563 [===============>..............] - ETA: 2s - loss: 1.0716 - accuracy: 0.6265
 857/1563 [===============>..............] - ETA: 2s - loss: 1.0701 - accuracy: 0.6270
 878/1563 [===============>..............] - ETA: 2s - loss: 1.0708 - accuracy: 0.6269
 901/1563 [================>.............] - ETA: 1s - loss: 1.0720 - accuracy: 0.6261
 924/1563 [================>.............] - ETA: 1s - loss: 1.0736 - accuracy: 0.6255
 946/1563 [=================>............] - ETA: 1s - loss: 1.0735 - accuracy: 0.6253
 966/1563 [=================>............] - ETA: 1s - loss: 1.0748 - accuracy: 0.6251
 986/1563 [=================>............] - ETA: 1s - loss: 1.0732 - accuracy: 0.6254
1005/1563 [==================>...........] - ETA: 1s - loss: 1.0744 - accuracy: 0.6252
1026/1563 [==================>...........] - ETA: 1s - loss: 1.0748 - accuracy: 0.6248
1048/1563 [===================>..........] - ETA: 1s - loss: 1.0756 - accuracy: 0.6245
1070/1563 [===================>..........] - ETA: 1s - loss: 1.0768 - accuracy: 0.6242
1091/1563 [===================>..........] - ETA: 1s - loss: 1.0769 - accuracy: 0.6242
1111/1563 [====================>.........] - ETA: 1s - loss: 1.0778 - accuracy: 0.6240
1133/1563 [====================>.........] - ETA: 1s - loss: 1.0763 - accuracy: 0.6243
1155/1563 [=====================>........] - ETA: 1s - loss: 1.0779 - accuracy: 0.6242
1176/1563 [=====================>........] - ETA: 1s - loss: 1.0767 - accuracy: 0.6245
1199/1563 [======================>.......] - ETA: 1s - loss: 1.0774 - accuracy: 0.6245
1220/1563 [======================>.......] - ETA: 0s - loss: 1.0780 - accuracy: 0.6240
1241/1563 [======================>.......] - ETA: 0s - loss: 1.0788 - accuracy: 0.6237
1262/1563 [=======================>......] - ETA: 0s - loss: 1.0791 - accuracy: 0.6239
1283/1563 [=======================>......] - ETA: 0s - loss: 1.0788 - accuracy: 0.6240
1305/1563 [========================>.....] - ETA: 0s - loss: 1.0796 - accuracy: 0.6238
1326/1563 [========================>.....] - ETA: 0s - loss: 1.0795 - accuracy: 0.6239
1346/1563 [========================>.....] - ETA: 0s - loss: 1.0789 - accuracy: 0.6243
1367/1563 [=========================>....] - ETA: 0s - loss: 1.0795 - accuracy: 0.6243
1387/1563 [=========================>....] - ETA: 0s - loss: 1.0808 - accuracy: 0.6239
1408/1563 [==========================>...] - ETA: 0s - loss: 1.0813 - accuracy: 0.6236
1432/1563 [==========================>...] - ETA: 0s - loss: 1.0820 - accuracy: 0.6234
1449/1563 [==========================>...] - ETA: 0s - loss: 1.0812 - accuracy: 0.6233
1468/1563 [===========================>..] - ETA: 0s - loss: 1.0814 - accuracy: 0.6234
1490/1563 [===========================>..] - ETA: 0s - loss: 1.0825 - accuracy: 0.6230
1511/1563 [============================>.] - ETA: 0s - loss: 1.0824 - accuracy: 0.6233
1533/1563 [============================>.] - ETA: 0s - loss: 1.0830 - accuracy: 0.6229
1555/1563 [============================>.] - ETA: 0s - loss: 1.0835 - accuracy: 0.6226
1563/1563 [==============================] - 5s 3ms/step - loss: 1.0836 - accuracy: 0.6228 - val_loss: 1.3899 - val_accuracy: 0.5256
Epoch 5/117

   1/1563 [..............................] - ETA: 0s - loss: 0.7681 - accuracy: 0.7500
  15/1563 [..............................] - ETA: 5s - loss: 0.9176 - accuracy: 0.6604
  35/1563 [..............................] - ETA: 4s - loss: 0.9899 - accuracy: 0.6438
  56/1563 [>.............................] - ETA: 4s - loss: 1.0152 - accuracy: 0.6350
  77/1563 [>.............................] - ETA: 4s - loss: 0.9942 - accuracy: 0.6449
  98/1563 [>.............................] - ETA: 4s - loss: 1.0115 - accuracy: 0.6413
 119/1563 [=>............................] - ETA: 4s - loss: 1.0271 - accuracy: 0.6402
 140/1563 [=>............................] - ETA: 4s - loss: 1.0325 - accuracy: 0.6353
 161/1563 [==>...........................] - ETA: 4s - loss: 1.0253 - accuracy: 0.6347
 183/1563 [==>...........................] - ETA: 4s - loss: 1.0293 - accuracy: 0.6346
 204/1563 [==>...........................] - ETA: 4s - loss: 1.0335 - accuracy: 0.6330
 226/1563 [===>..........................] - ETA: 4s - loss: 1.0340 - accuracy: 0.6326
 248/1563 [===>..........................] - ETA: 3s - loss: 1.0228 - accuracy: 0.6380
 269/1563 [====>.........................] - ETA: 3s - loss: 1.0161 - accuracy: 0.6410
 291/1563 [====>.........................] - ETA: 3s - loss: 1.0129 - accuracy: 0.6420
 312/1563 [====>.........................] - ETA: 3s - loss: 1.0164 - accuracy: 0.6420
 335/1563 [=====>........................] - ETA: 3s - loss: 1.0187 - accuracy: 0.6416
 356/1563 [=====>........................] - ETA: 3s - loss: 1.0198 - accuracy: 0.6407
 378/1563 [======>.......................] - ETA: 3s - loss: 1.0196 - accuracy: 0.6404
 401/1563 [======>.......................] - ETA: 3s - loss: 1.0171 - accuracy: 0.6431
 422/1563 [=======>......................] - ETA: 3s - loss: 1.0186 - accuracy: 0.6417
 445/1563 [=======>......................] - ETA: 3s - loss: 1.0165 - accuracy: 0.6432
 467/1563 [=======>......................] - ETA: 3s - loss: 1.0183 - accuracy: 0.6438
 489/1563 [========>.....................] - ETA: 3s - loss: 1.0184 - accuracy: 0.6442
 511/1563 [========>.....................] - ETA: 3s - loss: 1.0160 - accuracy: 0.6448
 532/1563 [=========>....................] - ETA: 3s - loss: 1.0138 - accuracy: 0.6453
 555/1563 [=========>....................] - ETA: 2s - loss: 1.0142 - accuracy: 0.6468
 578/1563 [==========>...................] - ETA: 2s - loss: 1.0150 - accuracy: 0.6467
 599/1563 [==========>...................] - ETA: 2s - loss: 1.0146 - accuracy: 0.6473
 616/1563 [==========>...................] - ETA: 2s - loss: 1.0139 - accuracy: 0.6477
 636/1563 [===========>..................] - ETA: 2s - loss: 1.0104 - accuracy: 0.6485
 658/1563 [===========>..................] - ETA: 2s - loss: 1.0120 - accuracy: 0.6481
 679/1563 [============>.................] - ETA: 2s - loss: 1.0153 - accuracy: 0.6472
 701/1563 [============>.................] - ETA: 2s - loss: 1.0163 - accuracy: 0.6463
 722/1563 [============>.................] - ETA: 2s - loss: 1.0172 - accuracy: 0.6462
 743/1563 [=============>................] - ETA: 2s - loss: 1.0172 - accuracy: 0.6466
 766/1563 [=============>................] - ETA: 2s - loss: 1.0209 - accuracy: 0.6456
 787/1563 [==============>...............] - ETA: 2s - loss: 1.0217 - accuracy: 0.6447
 810/1563 [==============>...............] - ETA: 2s - loss: 1.0204 - accuracy: 0.6457
 830/1563 [==============>...............] - ETA: 2s - loss: 1.0219 - accuracy: 0.6450
 854/1563 [===============>..............] - ETA: 2s - loss: 1.0230 - accuracy: 0.6446
 875/1563 [===============>..............] - ETA: 1s - loss: 1.0251 - accuracy: 0.6443
 894/1563 [================>.............] - ETA: 1s - loss: 1.0256 - accuracy: 0.6446
 912/1563 [================>.............] - ETA: 1s - loss: 1.0256 - accuracy: 0.6443
 934/1563 [================>.............] - ETA: 1s - loss: 1.0262 - accuracy: 0.6442
 955/1563 [=================>............] - ETA: 1s - loss: 1.0275 - accuracy: 0.6438
 976/1563 [=================>............] - ETA: 1s - loss: 1.0290 - accuracy: 0.6431
 998/1563 [==================>...........] - ETA: 1s - loss: 1.0309 - accuracy: 0.6429
1019/1563 [==================>...........] - ETA: 1s - loss: 1.0305 - accuracy: 0.6432
1039/1563 [==================>...........] - ETA: 1s - loss: 1.0308 - accuracy: 0.6429
1056/1563 [===================>..........] - ETA: 1s - loss: 1.0321 - accuracy: 0.6430
1076/1563 [===================>..........] - ETA: 1s - loss: 1.0331 - accuracy: 0.6425
1099/1563 [====================>.........] - ETA: 1s - loss: 1.0334 - accuracy: 0.6425
1121/1563 [====================>.........] - ETA: 1s - loss: 1.0340 - accuracy: 0.6422
1143/1563 [====================>.........] - ETA: 1s - loss: 1.0343 - accuracy: 0.6419
1161/1563 [=====================>........] - ETA: 1s - loss: 1.0353 - accuracy: 0.6417
1182/1563 [=====================>........] - ETA: 1s - loss: 1.0373 - accuracy: 0.6408
1204/1563 [======================>.......] - ETA: 1s - loss: 1.0377 - accuracy: 0.6407
1221/1563 [======================>.......] - ETA: 0s - loss: 1.0387 - accuracy: 0.6403
1242/1563 [======================>.......] - ETA: 0s - loss: 1.0396 - accuracy: 0.6402
1260/1563 [=======================>......] - ETA: 0s - loss: 1.0393 - accuracy: 0.6403
1281/1563 [=======================>......] - ETA: 0s - loss: 1.0404 - accuracy: 0.6399
1305/1563 [========================>.....] - ETA: 0s - loss: 1.0409 - accuracy: 0.6396
1327/1563 [========================>.....] - ETA: 0s - loss: 1.0416 - accuracy: 0.6389
1350/1563 [========================>.....] - ETA: 0s - loss: 1.0427 - accuracy: 0.6385
1373/1563 [=========================>....] - ETA: 0s - loss: 1.0439 - accuracy: 0.6382
1397/1563 [=========================>....] - ETA: 0s - loss: 1.0444 - accuracy: 0.6380
1420/1563 [==========================>...] - ETA: 0s - loss: 1.0440 - accuracy: 0.6383
1442/1563 [==========================>...] - ETA: 0s - loss: 1.0436 - accuracy: 0.6382
1467/1563 [===========================>..] - ETA: 0s - loss: 1.0447 - accuracy: 0.6378
1491/1563 [===========================>..] - ETA: 0s - loss: 1.0441 - accuracy: 0.6383
1514/1563 [============================>.] - ETA: 0s - loss: 1.0455 - accuracy: 0.6380
1537/1563 [============================>.] - ETA: 0s - loss: 1.0459 - accuracy: 0.6378
1559/1563 [============================>.] - ETA: 0s - loss: 1.0470 - accuracy: 0.6372
1563/1563 [==============================] - 5s 3ms/step - loss: 1.0469 - accuracy: 0.6372 - val_loss: 1.1840 - val_accuracy: 0.5926
Epoch 6/117

   1/1563 [..............................] - ETA: 24s - loss: 0.9424 - accuracy: 0.6562
  23/1563 [..............................] - ETA: 4s - loss: 0.9364 - accuracy: 0.6780 
  46/1563 [..............................] - ETA: 4s - loss: 0.9901 - accuracy: 0.6590
  69/1563 [>.............................] - ETA: 4s - loss: 0.9875 - accuracy: 0.6526
  91/1563 [>.............................] - ETA: 4s - loss: 0.9850 - accuracy: 0.6538
 112/1563 [=>............................] - ETA: 4s - loss: 0.9775 - accuracy: 0.6554
 135/1563 [=>............................] - ETA: 4s - loss: 0.9764 - accuracy: 0.6574
 157/1563 [==>...........................] - ETA: 3s - loss: 0.9709 - accuracy: 0.6604
 179/1563 [==>...........................] - ETA: 3s - loss: 0.9731 - accuracy: 0.6606
 202/1563 [==>...........................] - ETA: 3s - loss: 0.9801 - accuracy: 0.6590
 225/1563 [===>..........................] - ETA: 3s - loss: 0.9784 - accuracy: 0.6596
 247/1563 [===>..........................] - ETA: 3s - loss: 0.9700 - accuracy: 0.6618
 270/1563 [====>.........................] - ETA: 3s - loss: 0.9682 - accuracy: 0.6622
 286/1563 [====>.........................] - ETA: 3s - loss: 0.9710 - accuracy: 0.6611
 306/1563 [====>.........................] - ETA: 3s - loss: 0.9757 - accuracy: 0.6585
 327/1563 [=====>........................] - ETA: 3s - loss: 0.9788 - accuracy: 0.6576
 348/1563 [=====>........................] - ETA: 3s - loss: 0.9835 - accuracy: 0.6554
 369/1563 [======>.......................] - ETA: 3s - loss: 0.9886 - accuracy: 0.6544
 391/1563 [======>.......................] - ETA: 3s - loss: 0.9862 - accuracy: 0.6541
 413/1563 [======>.......................] - ETA: 3s - loss: 0.9854 - accuracy: 0.6540
 434/1563 [=======>......................] - ETA: 3s - loss: 0.9859 - accuracy: 0.6532
 456/1563 [=======>......................] - ETA: 3s - loss: 0.9835 - accuracy: 0.6545
 479/1563 [========>.....................] - ETA: 3s - loss: 0.9846 - accuracy: 0.6543
 500/1563 [========>.....................] - ETA: 3s - loss: 0.9824 - accuracy: 0.6554
 522/1563 [=========>....................] - ETA: 2s - loss: 0.9829 - accuracy: 0.6559
 544/1563 [=========>....................] - ETA: 2s - loss: 0.9828 - accuracy: 0.6562
 566/1563 [=========>....................] - ETA: 2s - loss: 0.9852 - accuracy: 0.6561
 588/1563 [==========>...................] - ETA: 2s - loss: 0.9845 - accuracy: 0.6561
 610/1563 [==========>...................] - ETA: 2s - loss: 0.9831 - accuracy: 0.6570
 634/1563 [===========>..................] - ETA: 2s - loss: 0.9855 - accuracy: 0.6560
 652/1563 [===========>..................] - ETA: 2s - loss: 0.9866 - accuracy: 0.6562
 672/1563 [===========>..................] - ETA: 2s - loss: 0.9875 - accuracy: 0.6552
 690/1563 [============>.................] - ETA: 2s - loss: 0.9886 - accuracy: 0.6545
 710/1563 [============>.................] - ETA: 2s - loss: 0.9899 - accuracy: 0.6542
 732/1563 [=============>................] - ETA: 2s - loss: 0.9927 - accuracy: 0.6529
 752/1563 [=============>................] - ETA: 2s - loss: 0.9945 - accuracy: 0.6527
 773/1563 [=============>................] - ETA: 2s - loss: 0.9937 - accuracy: 0.6535
 792/1563 [==============>...............] - ETA: 2s - loss: 0.9945 - accuracy: 0.6537
 812/1563 [==============>...............] - ETA: 2s - loss: 0.9957 - accuracy: 0.6536
 829/1563 [==============>...............] - ETA: 2s - loss: 0.9973 - accuracy: 0.6527
 845/1563 [===============>..............] - ETA: 2s - loss: 0.9971 - accuracy: 0.6527
 862/1563 [===============>..............] - ETA: 2s - loss: 0.9981 - accuracy: 0.6522
 882/1563 [===============>..............] - ETA: 1s - loss: 1.0013 - accuracy: 0.6508
 899/1563 [================>.............] - ETA: 1s - loss: 1.0028 - accuracy: 0.6502
 920/1563 [================>.............] - ETA: 1s - loss: 1.0049 - accuracy: 0.6498
 942/1563 [=================>............] - ETA: 1s - loss: 1.0054 - accuracy: 0.6499
 963/1563 [=================>............] - ETA: 1s - loss: 1.0048 - accuracy: 0.6506
 979/1563 [=================>............] - ETA: 1s - loss: 1.0061 - accuracy: 0.6500
 998/1563 [==================>...........] - ETA: 1s - loss: 1.0059 - accuracy: 0.6501
1018/1563 [==================>...........] - ETA: 1s - loss: 1.0056 - accuracy: 0.6500
1040/1563 [==================>...........] - ETA: 1s - loss: 1.0059 - accuracy: 0.6497
1061/1563 [===================>..........] - ETA: 1s - loss: 1.0054 - accuracy: 0.6498
1083/1563 [===================>..........] - ETA: 1s - loss: 1.0048 - accuracy: 0.6501
1104/1563 [====================>.........] - ETA: 1s - loss: 1.0049 - accuracy: 0.6502
1126/1563 [====================>.........] - ETA: 1s - loss: 1.0053 - accuracy: 0.6502
1149/1563 [=====================>........] - ETA: 1s - loss: 1.0029 - accuracy: 0.6507
1167/1563 [=====================>........] - ETA: 1s - loss: 1.0034 - accuracy: 0.6507
1186/1563 [=====================>........] - ETA: 1s - loss: 1.0048 - accuracy: 0.6502
1203/1563 [======================>.......] - ETA: 1s - loss: 1.0055 - accuracy: 0.6499
1220/1563 [======================>.......] - ETA: 0s - loss: 1.0061 - accuracy: 0.6498
1240/1563 [======================>.......] - ETA: 0s - loss: 1.0066 - accuracy: 0.6500
1262/1563 [=======================>......] - ETA: 0s - loss: 1.0077 - accuracy: 0.6500
1283/1563 [=======================>......] - ETA: 0s - loss: 1.0074 - accuracy: 0.6499
1302/1563 [=======================>......] - ETA: 0s - loss: 1.0088 - accuracy: 0.6493
1319/1563 [========================>.....] - ETA: 0s - loss: 1.0079 - accuracy: 0.6492
1336/1563 [========================>.....] - ETA: 0s - loss: 1.0103 - accuracy: 0.6486
1355/1563 [=========================>....] - ETA: 0s - loss: 1.0106 - accuracy: 0.6483
1376/1563 [=========================>....] - ETA: 0s - loss: 1.0110 - accuracy: 0.6481
1394/1563 [=========================>....] - ETA: 0s - loss: 1.0120 - accuracy: 0.6477
1413/1563 [==========================>...] - ETA: 0s - loss: 1.0121 - accuracy: 0.6477
1435/1563 [==========================>...] - ETA: 0s - loss: 1.0138 - accuracy: 0.6474
1457/1563 [==========================>...] - ETA: 0s - loss: 1.0141 - accuracy: 0.6474
1479/1563 [===========================>..] - ETA: 0s - loss: 1.0143 - accuracy: 0.6469
1501/1563 [===========================>..] - ETA: 0s - loss: 1.0148 - accuracy: 0.6470
1522/1563 [============================>.] - ETA: 0s - loss: 1.0163 - accuracy: 0.6467
1544/1563 [============================>.] - ETA: 0s - loss: 1.0173 - accuracy: 0.6461
1563/1563 [==============================] - 5s 3ms/step - loss: 1.0181 - accuracy: 0.6459 - val_loss: 1.3932 - val_accuracy: 0.5346
Epoch 7/117

   1/1563 [..............................] - ETA: 24s - loss: 0.9145 - accuracy: 0.6562
  20/1563 [..............................] - ETA: 5s - loss: 0.8982 - accuracy: 0.6953 
  35/1563 [..............................] - ETA: 5s - loss: 0.9184 - accuracy: 0.6777
  57/1563 [>.............................] - ETA: 4s - loss: 0.9212 - accuracy: 0.6672
  78/1563 [>.............................] - ETA: 4s - loss: 0.9287 - accuracy: 0.6715
 100/1563 [>.............................] - ETA: 4s - loss: 0.9473 - accuracy: 0.6666
 122/1563 [=>............................] - ETA: 4s - loss: 0.9444 - accuracy: 0.6647
 145/1563 [=>............................] - ETA: 4s - loss: 0.9435 - accuracy: 0.6672
 166/1563 [==>...........................] - ETA: 4s - loss: 0.9424 - accuracy: 0.6683
 188/1563 [==>...........................] - ETA: 4s - loss: 0.9443 - accuracy: 0.6679
 210/1563 [===>..........................] - ETA: 3s - loss: 0.9524 - accuracy: 0.6667
 233/1563 [===>..........................] - ETA: 3s - loss: 0.9538 - accuracy: 0.6678
 253/1563 [===>..........................] - ETA: 3s - loss: 0.9525 - accuracy: 0.6698
 275/1563 [====>.........................] - ETA: 3s - loss: 0.9508 - accuracy: 0.6720
 295/1563 [====>.........................] - ETA: 3s - loss: 0.9527 - accuracy: 0.6712
 317/1563 [=====>........................] - ETA: 3s - loss: 0.9554 - accuracy: 0.6708
 338/1563 [=====>........................] - ETA: 3s - loss: 0.9525 - accuracy: 0.6699
 360/1563 [=====>........................] - ETA: 3s - loss: 0.9526 - accuracy: 0.6700
 378/1563 [======>.......................] - ETA: 3s - loss: 0.9513 - accuracy: 0.6697
 397/1563 [======>.......................] - ETA: 3s - loss: 0.9509 - accuracy: 0.6692
 414/1563 [======>.......................] - ETA: 3s - loss: 0.9497 - accuracy: 0.6692
 431/1563 [=======>......................] - ETA: 3s - loss: 0.9477 - accuracy: 0.6698
 450/1563 [=======>......................] - ETA: 3s - loss: 0.9479 - accuracy: 0.6701
 470/1563 [========>.....................] - ETA: 3s - loss: 0.9481 - accuracy: 0.6699
 492/1563 [========>.....................] - ETA: 3s - loss: 0.9480 - accuracy: 0.6710
 514/1563 [========>.....................] - ETA: 3s - loss: 0.9518 - accuracy: 0.6700
 535/1563 [=========>....................] - ETA: 3s - loss: 0.9525 - accuracy: 0.6697
 556/1563 [=========>....................] - ETA: 2s - loss: 0.9534 - accuracy: 0.6683
 578/1563 [==========>...................] - ETA: 2s - loss: 0.9565 - accuracy: 0.6670
 599/1563 [==========>...................] - ETA: 2s - loss: 0.9579 - accuracy: 0.6665
 620/1563 [==========>...................] - ETA: 2s - loss: 0.9567 - accuracy: 0.6670
 642/1563 [===========>..................] - ETA: 2s - loss: 0.9585 - accuracy: 0.6662
 665/1563 [===========>..................] - ETA: 2s - loss: 0.9594 - accuracy: 0.6653
 685/1563 [============>.................] - ETA: 2s - loss: 0.9622 - accuracy: 0.6646
 705/1563 [============>.................] - ETA: 2s - loss: 0.9628 - accuracy: 0.6645
 723/1563 [============>.................] - ETA: 2s - loss: 0.9613 - accuracy: 0.6652
 743/1563 [=============>................] - ETA: 2s - loss: 0.9639 - accuracy: 0.6647
 765/1563 [=============>................] - ETA: 2s - loss: 0.9649 - accuracy: 0.6637
 788/1563 [==============>...............] - ETA: 2s - loss: 0.9655 - accuracy: 0.6637
 809/1563 [==============>...............] - ETA: 2s - loss: 0.9669 - accuracy: 0.6630
 825/1563 [==============>...............] - ETA: 2s - loss: 0.9665 - accuracy: 0.6635
 845/1563 [===============>..............] - ETA: 2s - loss: 0.9654 - accuracy: 0.6641
 867/1563 [===============>..............] - ETA: 2s - loss: 0.9652 - accuracy: 0.6642
 888/1563 [================>.............] - ETA: 1s - loss: 0.9656 - accuracy: 0.6641
 904/1563 [================>.............] - ETA: 1s - loss: 0.9652 - accuracy: 0.6643
 925/1563 [================>.............] - ETA: 1s - loss: 0.9656 - accuracy: 0.6645
 946/1563 [=================>............] - ETA: 1s - loss: 0.9661 - accuracy: 0.6640
 966/1563 [=================>............] - ETA: 1s - loss: 0.9677 - accuracy: 0.6638
 987/1563 [=================>............] - ETA: 1s - loss: 0.9695 - accuracy: 0.6633
1009/1563 [==================>...........] - ETA: 1s - loss: 0.9699 - accuracy: 0.6628
1030/1563 [==================>...........] - ETA: 1s - loss: 0.9717 - accuracy: 0.6622
1052/1563 [===================>..........] - ETA: 1s - loss: 0.9723 - accuracy: 0.6622
1074/1563 [===================>..........] - ETA: 1s - loss: 0.9728 - accuracy: 0.6619
1095/1563 [====================>.........] - ETA: 1s - loss: 0.9749 - accuracy: 0.6610
1116/1563 [====================>.........] - ETA: 1s - loss: 0.9764 - accuracy: 0.6606
1134/1563 [====================>.........] - ETA: 1s - loss: 0.9765 - accuracy: 0.6609
1154/1563 [=====================>........] - ETA: 1s - loss: 0.9779 - accuracy: 0.6602
1175/1563 [=====================>........] - ETA: 1s - loss: 0.9791 - accuracy: 0.6597
1198/1563 [=====================>........] - ETA: 1s - loss: 0.9804 - accuracy: 0.6593
1220/1563 [======================>.......] - ETA: 1s - loss: 0.9806 - accuracy: 0.6590
1240/1563 [======================>.......] - ETA: 0s - loss: 0.9811 - accuracy: 0.6585
1262/1563 [=======================>......] - ETA: 0s - loss: 0.9819 - accuracy: 0.6584
1282/1563 [=======================>......] - ETA: 0s - loss: 0.9835 - accuracy: 0.6585
1299/1563 [=======================>......] - ETA: 0s - loss: 0.9834 - accuracy: 0.6585
1318/1563 [========================>.....] - ETA: 0s - loss: 0.9836 - accuracy: 0.6588
1339/1563 [========================>.....] - ETA: 0s - loss: 0.9846 - accuracy: 0.6588
1361/1563 [=========================>....] - ETA: 0s - loss: 0.9862 - accuracy: 0.6582
1383/1563 [=========================>....] - ETA: 0s - loss: 0.9864 - accuracy: 0.6582
1405/1563 [=========================>....] - ETA: 0s - loss: 0.9871 - accuracy: 0.6578
1426/1563 [==========================>...] - ETA: 0s - loss: 0.9878 - accuracy: 0.6578
1448/1563 [==========================>...] - ETA: 0s - loss: 0.9887 - accuracy: 0.6578
1469/1563 [===========================>..] - ETA: 0s - loss: 0.9890 - accuracy: 0.6576
1490/1563 [===========================>..] - ETA: 0s - loss: 0.9892 - accuracy: 0.6579
1512/1563 [============================>.] - ETA: 0s - loss: 0.9891 - accuracy: 0.6578
1535/1563 [============================>.] - ETA: 0s - loss: 0.9888 - accuracy: 0.6578
1556/1563 [============================>.] - ETA: 0s - loss: 0.9898 - accuracy: 0.6573
1563/1563 [==============================] - 5s 3ms/step - loss: 0.9895 - accuracy: 0.6576 - val_loss: 1.1616 - val_accuracy: 0.6109
Epoch 8/117

   1/1563 [..............................] - ETA: 24s - loss: 0.8927 - accuracy: 0.6250
  18/1563 [..............................] - ETA: 5s - loss: 0.9331 - accuracy: 0.6667 
  41/1563 [..............................] - ETA: 4s - loss: 0.9209 - accuracy: 0.6829
  61/1563 [>.............................] - ETA: 4s - loss: 0.9269 - accuracy: 0.6741
  80/1563 [>.............................] - ETA: 4s - loss: 0.9115 - accuracy: 0.6785
 100/1563 [>.............................] - ETA: 4s - loss: 0.9111 - accuracy: 0.6778
 118/1563 [=>............................] - ETA: 4s - loss: 0.9274 - accuracy: 0.6715
 140/1563 [=>............................] - ETA: 4s - loss: 0.9227 - accuracy: 0.6774
 163/1563 [==>...........................] - ETA: 4s - loss: 0.9152 - accuracy: 0.6788
 185/1563 [==>...........................] - ETA: 3s - loss: 0.9177 - accuracy: 0.6768
 206/1563 [==>...........................] - ETA: 3s - loss: 0.9230 - accuracy: 0.6755
 230/1563 [===>..........................] - ETA: 3s - loss: 0.9225 - accuracy: 0.6757
 253/1563 [===>..........................] - ETA: 3s - loss: 0.9219 - accuracy: 0.6743
 275/1563 [====>.........................] - ETA: 3s - loss: 0.9259 - accuracy: 0.6727
 299/1563 [====>.........................] - ETA: 3s - loss: 0.9260 - accuracy: 0.6728
 322/1563 [=====>........................] - ETA: 3s - loss: 0.9276 - accuracy: 0.6721
 346/1563 [=====>........................] - ETA: 3s - loss: 0.9267 - accuracy: 0.6730
 368/1563 [======>.......................] - ETA: 3s - loss: 0.9295 - accuracy: 0.6717
 390/1563 [======>.......................] - ETA: 3s - loss: 0.9310 - accuracy: 0.6723
 413/1563 [======>.......................] - ETA: 3s - loss: 0.9331 - accuracy: 0.6719
 436/1563 [=======>......................] - ETA: 3s - loss: 0.9334 - accuracy: 0.6720
 457/1563 [=======>......................] - ETA: 3s - loss: 0.9370 - accuracy: 0.6713
 477/1563 [========>.....................] - ETA: 3s - loss: 0.9385 - accuracy: 0.6706
 499/1563 [========>.....................] - ETA: 3s - loss: 0.9388 - accuracy: 0.6699
 521/1563 [=========>....................] - ETA: 2s - loss: 0.9413 - accuracy: 0.6683
 544/1563 [=========>....................] - ETA: 2s - loss: 0.9441 - accuracy: 0.6673
 563/1563 [=========>....................] - ETA: 2s - loss: 0.9462 - accuracy: 0.6663
 581/1563 [==========>...................] - ETA: 2s - loss: 0.9465 - accuracy: 0.6659
 603/1563 [==========>...................] - ETA: 2s - loss: 0.9471 - accuracy: 0.6657
 624/1563 [==========>...................] - ETA: 2s - loss: 0.9469 - accuracy: 0.6662
 645/1563 [===========>..................] - ETA: 2s - loss: 0.9483 - accuracy: 0.6661
 667/1563 [===========>..................] - ETA: 2s - loss: 0.9494 - accuracy: 0.6651
 690/1563 [============>.................] - ETA: 2s - loss: 0.9498 - accuracy: 0.6657
 711/1563 [============>.................] - ETA: 2s - loss: 0.9528 - accuracy: 0.6652
 731/1563 [=============>................] - ETA: 2s - loss: 0.9535 - accuracy: 0.6649
 750/1563 [=============>................] - ETA: 2s - loss: 0.9534 - accuracy: 0.6649
 771/1563 [=============>................] - ETA: 2s - loss: 0.9545 - accuracy: 0.6642
 793/1563 [==============>...............] - ETA: 2s - loss: 0.9544 - accuracy: 0.6639
 814/1563 [==============>...............] - ETA: 2s - loss: 0.9549 - accuracy: 0.6640
 835/1563 [===============>..............] - ETA: 2s - loss: 0.9557 - accuracy: 0.6637
 856/1563 [===============>..............] - ETA: 2s - loss: 0.9546 - accuracy: 0.6634
 878/1563 [===============>..............] - ETA: 1s - loss: 0.9565 - accuracy: 0.6634
 898/1563 [================>.............] - ETA: 1s - loss: 0.9566 - accuracy: 0.6634
 919/1563 [================>.............] - ETA: 1s - loss: 0.9551 - accuracy: 0.6636
 937/1563 [================>.............] - ETA: 1s - loss: 0.9545 - accuracy: 0.6632
 957/1563 [=================>............] - ETA: 1s - loss: 0.9543 - accuracy: 0.6634
 979/1563 [=================>............] - ETA: 1s - loss: 0.9546 - accuracy: 0.6633
1002/1563 [==================>...........] - ETA: 1s - loss: 0.9562 - accuracy: 0.6627
1024/1563 [==================>...........] - ETA: 1s - loss: 0.9569 - accuracy: 0.6624
1043/1563 [===================>..........] - ETA: 1s - loss: 0.9572 - accuracy: 0.6628
1061/1563 [===================>..........] - ETA: 1s - loss: 0.9576 - accuracy: 0.6628
1078/1563 [===================>..........] - ETA: 1s - loss: 0.9589 - accuracy: 0.6626
1100/1563 [====================>.........] - ETA: 1s - loss: 0.9595 - accuracy: 0.6629
1123/1563 [====================>.........] - ETA: 1s - loss: 0.9596 - accuracy: 0.6631
1141/1563 [====================>.........] - ETA: 1s - loss: 0.9603 - accuracy: 0.6630
1161/1563 [=====================>........] - ETA: 1s - loss: 0.9611 - accuracy: 0.6625
1181/1563 [=====================>........] - ETA: 1s - loss: 0.9629 - accuracy: 0.6618
1203/1563 [======================>.......] - ETA: 1s - loss: 0.9641 - accuracy: 0.6615
1225/1563 [======================>.......] - ETA: 0s - loss: 0.9638 - accuracy: 0.6620
1247/1563 [======================>.......] - ETA: 0s - loss: 0.9639 - accuracy: 0.6620
1268/1563 [=======================>......] - ETA: 0s - loss: 0.9634 - accuracy: 0.6622
1285/1563 [=======================>......] - ETA: 0s - loss: 0.9639 - accuracy: 0.6622
1305/1563 [========================>.....] - ETA: 0s - loss: 0.9630 - accuracy: 0.6622
1326/1563 [========================>.....] - ETA: 0s - loss: 0.9635 - accuracy: 0.6621
1343/1563 [========================>.....] - ETA: 0s - loss: 0.9639 - accuracy: 0.6621
1365/1563 [=========================>....] - ETA: 0s - loss: 0.9643 - accuracy: 0.6619
1387/1563 [=========================>....] - ETA: 0s - loss: 0.9645 - accuracy: 0.6618
1407/1563 [==========================>...] - ETA: 0s - loss: 0.9653 - accuracy: 0.6613
1427/1563 [==========================>...] - ETA: 0s - loss: 0.9660 - accuracy: 0.6614
1448/1563 [==========================>...] - ETA: 0s - loss: 0.9654 - accuracy: 0.6614
1470/1563 [===========================>..] - ETA: 0s - loss: 0.9671 - accuracy: 0.6610
1490/1563 [===========================>..] - ETA: 0s - loss: 0.9671 - accuracy: 0.6609
1507/1563 [===========================>..] - ETA: 0s - loss: 0.9677 - accuracy: 0.6606
1528/1563 [============================>.] - ETA: 0s - loss: 0.9681 - accuracy: 0.6606
1551/1563 [============================>.] - ETA: 0s - loss: 0.9683 - accuracy: 0.6607
1563/1563 [==============================] - 5s 3ms/step - loss: 0.9685 - accuracy: 0.6607 - val_loss: 1.1009 - val_accuracy: 0.6273
Epoch 9/117

   1/1563 [..............................] - ETA: 24s - loss: 0.7611 - accuracy: 0.7812
  22/1563 [..............................] - ETA: 4s - loss: 0.8525 - accuracy: 0.7031 
  43/1563 [..............................] - ETA: 4s - loss: 0.8392 - accuracy: 0.7071
  65/1563 [>.............................] - ETA: 4s - loss: 0.8682 - accuracy: 0.6986
  87/1563 [>.............................] - ETA: 4s - loss: 0.8748 - accuracy: 0.6958
 104/1563 [>.............................] - ETA: 4s - loss: 0.8783 - accuracy: 0.6956
 124/1563 [=>............................] - ETA: 4s - loss: 0.8775 - accuracy: 0.6953
 145/1563 [=>............................] - ETA: 4s - loss: 0.8853 - accuracy: 0.6922
 167/1563 [==>...........................] - ETA: 4s - loss: 0.8924 - accuracy: 0.6877
 188/1563 [==>...........................] - ETA: 4s - loss: 0.8981 - accuracy: 0.6878
 210/1563 [===>..........................] - ETA: 3s - loss: 0.8929 - accuracy: 0.6903
 232/1563 [===>..........................] - ETA: 3s - loss: 0.8948 - accuracy: 0.6894
 254/1563 [===>..........................] - ETA: 3s - loss: 0.8996 - accuracy: 0.6873
 274/1563 [====>.........................] - ETA: 3s - loss: 0.9027 - accuracy: 0.6869
 295/1563 [====>.........................] - ETA: 3s - loss: 0.9078 - accuracy: 0.6826
 317/1563 [=====>........................] - ETA: 3s - loss: 0.9115 - accuracy: 0.6834
 335/1563 [=====>........................] - ETA: 3s - loss: 0.9135 - accuracy: 0.6825
 353/1563 [=====>........................] - ETA: 3s - loss: 0.9142 - accuracy: 0.6823
 370/1563 [======>.......................] - ETA: 3s - loss: 0.9173 - accuracy: 0.6811
 392/1563 [======>.......................] - ETA: 3s - loss: 0.9206 - accuracy: 0.6789
 415/1563 [======>.......................] - ETA: 3s - loss: 0.9253 - accuracy: 0.6764
 436/1563 [=======>......................] - ETA: 3s - loss: 0.9235 - accuracy: 0.6768
 458/1563 [=======>......................] - ETA: 3s - loss: 0.9231 - accuracy: 0.6777
 477/1563 [========>.....................] - ETA: 3s - loss: 0.9265 - accuracy: 0.6764
 494/1563 [========>.....................] - ETA: 3s - loss: 0.9264 - accuracy: 0.6757
 515/1563 [========>.....................] - ETA: 3s - loss: 0.9276 - accuracy: 0.6750
 537/1563 [=========>....................] - ETA: 3s - loss: 0.9318 - accuracy: 0.6734
 558/1563 [=========>....................] - ETA: 2s - loss: 0.9350 - accuracy: 0.6724
 580/1563 [==========>...................] - ETA: 2s - loss: 0.9370 - accuracy: 0.6717
 603/1563 [==========>...................] - ETA: 2s - loss: 0.9372 - accuracy: 0.6716
 624/1563 [==========>...................] - ETA: 2s - loss: 0.9356 - accuracy: 0.6724
 645/1563 [===========>..................] - ETA: 2s - loss: 0.9391 - accuracy: 0.6720
 668/1563 [===========>..................] - ETA: 2s - loss: 0.9392 - accuracy: 0.6715
 690/1563 [============>.................] - ETA: 2s - loss: 0.9402 - accuracy: 0.6718
 712/1563 [============>.................] - ETA: 2s - loss: 0.9398 - accuracy: 0.6720
 735/1563 [=============>................] - ETA: 2s - loss: 0.9392 - accuracy: 0.6722
 756/1563 [=============>................] - ETA: 2s - loss: 0.9403 - accuracy: 0.6718
 777/1563 [=============>................] - ETA: 2s - loss: 0.9419 - accuracy: 0.6713
 800/1563 [==============>...............] - ETA: 2s - loss: 0.9417 - accuracy: 0.6714
 822/1563 [==============>...............] - ETA: 2s - loss: 0.9434 - accuracy: 0.6714
 844/1563 [===============>..............] - ETA: 2s - loss: 0.9443 - accuracy: 0.6709
 865/1563 [===============>..............] - ETA: 2s - loss: 0.9445 - accuracy: 0.6708
 888/1563 [================>.............] - ETA: 1s - loss: 0.9461 - accuracy: 0.6698
 910/1563 [================>.............] - ETA: 1s - loss: 0.9500 - accuracy: 0.6685
 932/1563 [================>.............] - ETA: 1s - loss: 0.9497 - accuracy: 0.6684
 953/1563 [=================>............] - ETA: 1s - loss: 0.9508 - accuracy: 0.6683
 976/1563 [=================>............] - ETA: 1s - loss: 0.9502 - accuracy: 0.6685
 997/1563 [==================>...........] - ETA: 1s - loss: 0.9498 - accuracy: 0.6684
1020/1563 [==================>...........] - ETA: 1s - loss: 0.9498 - accuracy: 0.6684
1042/1563 [===================>..........] - ETA: 1s - loss: 0.9510 - accuracy: 0.6679
1064/1563 [===================>..........] - ETA: 1s - loss: 0.9511 - accuracy: 0.6684
1083/1563 [===================>..........] - ETA: 1s - loss: 0.9508 - accuracy: 0.6683
1104/1563 [====================>.........] - ETA: 1s - loss: 0.9497 - accuracy: 0.6686
1125/1563 [====================>.........] - ETA: 1s - loss: 0.9506 - accuracy: 0.6684
1148/1563 [=====================>........] - ETA: 1s - loss: 0.9492 - accuracy: 0.6692
1170/1563 [=====================>........] - ETA: 1s - loss: 0.9496 - accuracy: 0.6693
1188/1563 [=====================>........] - ETA: 1s - loss: 0.9508 - accuracy: 0.6687
1209/1563 [======================>.......] - ETA: 1s - loss: 0.9516 - accuracy: 0.6682
1229/1563 [======================>.......] - ETA: 0s - loss: 0.9509 - accuracy: 0.6683
1251/1563 [=======================>......] - ETA: 0s - loss: 0.9522 - accuracy: 0.6680
1272/1563 [=======================>......] - ETA: 0s - loss: 0.9516 - accuracy: 0.6678
1293/1563 [=======================>......] - ETA: 0s - loss: 0.9531 - accuracy: 0.6675
1315/1563 [========================>.....] - ETA: 0s - loss: 0.9536 - accuracy: 0.6675
1338/1563 [========================>.....] - ETA: 0s - loss: 0.9528 - accuracy: 0.6682
1360/1563 [=========================>....] - ETA: 0s - loss: 0.9533 - accuracy: 0.6679
1383/1563 [=========================>....] - ETA: 0s - loss: 0.9539 - accuracy: 0.6678
1405/1563 [=========================>....] - ETA: 0s - loss: 0.9534 - accuracy: 0.6680
1427/1563 [==========================>...] - ETA: 0s - loss: 0.9528 - accuracy: 0.6682
1449/1563 [==========================>...] - ETA: 0s - loss: 0.9525 - accuracy: 0.6684
1474/1563 [===========================>..] - ETA: 0s - loss: 0.9531 - accuracy: 0.6685
1496/1563 [===========================>..] - ETA: 0s - loss: 0.9537 - accuracy: 0.6682
1517/1563 [============================>.] - ETA: 0s - loss: 0.9530 - accuracy: 0.6684
1540/1563 [============================>.] - ETA: 0s - loss: 0.9530 - accuracy: 0.6683
1562/1563 [============================>.] - ETA: 0s - loss: 0.9530 - accuracy: 0.6684
1563/1563 [==============================] - 5s 3ms/step - loss: 0.9529 - accuracy: 0.6684 - val_loss: 1.2160 - val_accuracy: 0.5953
Epoch 10/117

   1/1563 [..............................] - ETA: 24s - loss: 0.8444 - accuracy: 0.7500
  20/1563 [..............................] - ETA: 5s - loss: 0.8099 - accuracy: 0.7141 
  41/1563 [..............................] - ETA: 4s - loss: 0.8651 - accuracy: 0.6944
  64/1563 [>.............................] - ETA: 4s - loss: 0.8929 - accuracy: 0.6938
  86/1563 [>.............................] - ETA: 4s - loss: 0.8807 - accuracy: 0.6948
 108/1563 [=>............................] - ETA: 4s - loss: 0.8876 - accuracy: 0.6904
 129/1563 [=>............................] - ETA: 4s - loss: 0.8865 - accuracy: 0.6902
 150/1563 [=>............................] - ETA: 4s - loss: 0.8903 - accuracy: 0.6898
 170/1563 [==>...........................] - ETA: 4s - loss: 0.8890 - accuracy: 0.6901
 188/1563 [==>...........................] - ETA: 4s - loss: 0.8909 - accuracy: 0.6885
 210/1563 [===>..........................] - ETA: 3s - loss: 0.8916 - accuracy: 0.6884
 226/1563 [===>..........................] - ETA: 3s - loss: 0.8878 - accuracy: 0.6905
 246/1563 [===>..........................] - ETA: 3s - loss: 0.8935 - accuracy: 0.6872
 268/1563 [====>.........................] - ETA: 3s - loss: 0.8982 - accuracy: 0.6863
 289/1563 [====>.........................] - ETA: 3s - loss: 0.8987 - accuracy: 0.6863
 311/1563 [====>.........................] - ETA: 3s - loss: 0.8936 - accuracy: 0.6892
 332/1563 [=====>........................] - ETA: 3s - loss: 0.8912 - accuracy: 0.6902
 352/1563 [=====>........................] - ETA: 3s - loss: 0.8941 - accuracy: 0.6908
 375/1563 [======>.......................] - ETA: 3s - loss: 0.8962 - accuracy: 0.6894
 397/1563 [======>.......................] - ETA: 3s - loss: 0.8969 - accuracy: 0.6886
 418/1563 [=======>......................] - ETA: 3s - loss: 0.8997 - accuracy: 0.6874
 440/1563 [=======>......................] - ETA: 3s - loss: 0.8999 - accuracy: 0.6873
 462/1563 [=======>......................] - ETA: 3s - loss: 0.9005 - accuracy: 0.6870
 480/1563 [========>.....................] - ETA: 3s - loss: 0.9023 - accuracy: 0.6868
 498/1563 [========>.....................] - ETA: 3s - loss: 0.9022 - accuracy: 0.6867
 518/1563 [========>.....................] - ETA: 3s - loss: 0.9033 - accuracy: 0.6864
 541/1563 [=========>....................] - ETA: 2s - loss: 0.9025 - accuracy: 0.6861
 564/1563 [=========>....................] - ETA: 2s - loss: 0.9026 - accuracy: 0.6854
 586/1563 [==========>...................] - ETA: 2s - loss: 0.9029 - accuracy: 0.6847
 609/1563 [==========>...................] - ETA: 2s - loss: 0.9006 - accuracy: 0.6849
 630/1563 [===========>..................] - ETA: 2s - loss: 0.9012 - accuracy: 0.6848
 648/1563 [===========>..................] - ETA: 2s - loss: 0.9050 - accuracy: 0.6831
 670/1563 [===========>..................] - ETA: 2s - loss: 0.9089 - accuracy: 0.6818
 690/1563 [============>.................] - ETA: 2s - loss: 0.9117 - accuracy: 0.6807
 709/1563 [============>.................] - ETA: 2s - loss: 0.9110 - accuracy: 0.6814
 729/1563 [============>.................] - ETA: 2s - loss: 0.9133 - accuracy: 0.6807
 748/1563 [=============>................] - ETA: 2s - loss: 0.9145 - accuracy: 0.6800
 769/1563 [=============>................] - ETA: 2s - loss: 0.9143 - accuracy: 0.6801
 790/1563 [==============>...............] - ETA: 2s - loss: 0.9158 - accuracy: 0.6797
 814/1563 [==============>...............] - ETA: 2s - loss: 0.9175 - accuracy: 0.6800
 837/1563 [===============>..............] - ETA: 2s - loss: 0.9175 - accuracy: 0.6794
 856/1563 [===============>..............] - ETA: 2s - loss: 0.9171 - accuracy: 0.6800
 877/1563 [===============>..............] - ETA: 1s - loss: 0.9193 - accuracy: 0.6792
 902/1563 [================>.............] - ETA: 1s - loss: 0.9213 - accuracy: 0.6792
 925/1563 [================>.............] - ETA: 1s - loss: 0.9237 - accuracy: 0.6782
 947/1563 [=================>............] - ETA: 1s - loss: 0.9233 - accuracy: 0.6786
 971/1563 [=================>............] - ETA: 1s - loss: 0.9238 - accuracy: 0.6788
 995/1563 [==================>...........] - ETA: 1s - loss: 0.9241 - accuracy: 0.6785
1014/1563 [==================>...........] - ETA: 1s - loss: 0.9255 - accuracy: 0.6779
1036/1563 [==================>...........] - ETA: 1s - loss: 0.9257 - accuracy: 0.6774
1061/1563 [===================>..........] - ETA: 1s - loss: 0.9259 - accuracy: 0.6771
1083/1563 [===================>..........] - ETA: 1s - loss: 0.9257 - accuracy: 0.6768
1105/1563 [====================>.........] - ETA: 1s - loss: 0.9257 - accuracy: 0.6772
1127/1563 [====================>.........] - ETA: 1s - loss: 0.9258 - accuracy: 0.6774
1149/1563 [=====================>........] - ETA: 1s - loss: 0.9264 - accuracy: 0.6767
1170/1563 [=====================>........] - ETA: 1s - loss: 0.9267 - accuracy: 0.6769
1192/1563 [=====================>........] - ETA: 1s - loss: 0.9269 - accuracy: 0.6766
1214/1563 [======================>.......] - ETA: 0s - loss: 0.9278 - accuracy: 0.6762
1237/1563 [======================>.......] - ETA: 0s - loss: 0.9279 - accuracy: 0.6763
1258/1563 [=======================>......] - ETA: 0s - loss: 0.9280 - accuracy: 0.6762
1278/1563 [=======================>......] - ETA: 0s - loss: 0.9273 - accuracy: 0.6765
1300/1563 [=======================>......] - ETA: 0s - loss: 0.9268 - accuracy: 0.6766
1318/1563 [========================>.....] - ETA: 0s - loss: 0.9280 - accuracy: 0.6759
1336/1563 [========================>.....] - ETA: 0s - loss: 0.9280 - accuracy: 0.6760
1356/1563 [=========================>....] - ETA: 0s - loss: 0.9290 - accuracy: 0.6756
1377/1563 [=========================>....] - ETA: 0s - loss: 0.9299 - accuracy: 0.6754
1400/1563 [=========================>....] - ETA: 0s - loss: 0.9304 - accuracy: 0.6752
1422/1563 [==========================>...] - ETA: 0s - loss: 0.9302 - accuracy: 0.6753
1444/1563 [==========================>...] - ETA: 0s - loss: 0.9309 - accuracy: 0.6752
1467/1563 [===========================>..] - ETA: 0s - loss: 0.9308 - accuracy: 0.6754
1488/1563 [===========================>..] - ETA: 0s - loss: 0.9318 - accuracy: 0.6752
1511/1563 [============================>.] - ETA: 0s - loss: 0.9321 - accuracy: 0.6752
1533/1563 [============================>.] - ETA: 0s - loss: 0.9323 - accuracy: 0.6752
1554/1563 [============================>.] - ETA: 0s - loss: 0.9331 - accuracy: 0.6748
1563/1563 [==============================] - 5s 3ms/step - loss: 0.9326 - accuracy: 0.6750 - val_loss: 1.2082 - val_accuracy: 0.5889
Epoch 11/117

   1/1563 [..............................] - ETA: 24s - loss: 1.1794 - accuracy: 0.5625
  23/1563 [..............................] - ETA: 4s - loss: 0.8808 - accuracy: 0.6848 
  44/1563 [..............................] - ETA: 4s - loss: 0.8681 - accuracy: 0.6797
  67/1563 [>.............................] - ETA: 4s - loss: 0.8600 - accuracy: 0.6875
  89/1563 [>.............................] - ETA: 4s - loss: 0.8888 - accuracy: 0.6857
 111/1563 [=>............................] - ETA: 4s - loss: 0.8836 - accuracy: 0.6872
 132/1563 [=>............................] - ETA: 4s - loss: 0.8799 - accuracy: 0.6899
 154/1563 [=>............................] - ETA: 4s - loss: 0.8793 - accuracy: 0.6885
 172/1563 [==>...........................] - ETA: 3s - loss: 0.8815 - accuracy: 0.6879
 191/1563 [==>...........................] - ETA: 3s - loss: 0.8860 - accuracy: 0.6868
 210/1563 [===>..........................] - ETA: 3s - loss: 0.8929 - accuracy: 0.6854
 232/1563 [===>..........................] - ETA: 3s - loss: 0.8974 - accuracy: 0.6848
 253/1563 [===>..........................] - ETA: 3s - loss: 0.8956 - accuracy: 0.6858
 274/1563 [====>.........................] - ETA: 3s - loss: 0.8906 - accuracy: 0.6872
 293/1563 [====>.........................] - ETA: 3s - loss: 0.8873 - accuracy: 0.6881
 310/1563 [====>.........................] - ETA: 3s - loss: 0.8880 - accuracy: 0.6885
 331/1563 [=====>........................] - ETA: 3s - loss: 0.8884 - accuracy: 0.6874
 355/1563 [=====>........................] - ETA: 3s - loss: 0.8868 - accuracy: 0.6882
 372/1563 [======>.......................] - ETA: 3s - loss: 0.8891 - accuracy: 0.6861
 393/1563 [======>.......................] - ETA: 3s - loss: 0.8889 - accuracy: 0.6863
 415/1563 [======>.......................] - ETA: 3s - loss: 0.8877 - accuracy: 0.6860
 435/1563 [=======>......................] - ETA: 3s - loss: 0.8899 - accuracy: 0.6858
 455/1563 [=======>......................] - ETA: 3s - loss: 0.8911 - accuracy: 0.6851
 475/1563 [========>.....................] - ETA: 3s - loss: 0.8929 - accuracy: 0.6833
 495/1563 [========>.....................] - ETA: 3s - loss: 0.8936 - accuracy: 0.6827
 516/1563 [========>.....................] - ETA: 3s - loss: 0.8936 - accuracy: 0.6831
 535/1563 [=========>....................] - ETA: 2s - loss: 0.8949 - accuracy: 0.6826
 555/1563 [=========>....................] - ETA: 2s - loss: 0.8960 - accuracy: 0.6829
 577/1563 [==========>...................] - ETA: 2s - loss: 0.8959 - accuracy: 0.6832
 601/1563 [==========>...................] - ETA: 2s - loss: 0.9012 - accuracy: 0.6811
 622/1563 [==========>...................] - ETA: 2s - loss: 0.9012 - accuracy: 0.6815
 640/1563 [===========>..................] - ETA: 2s - loss: 0.9028 - accuracy: 0.6812
 657/1563 [===========>..................] - ETA: 2s - loss: 0.9036 - accuracy: 0.6812
 677/1563 [===========>..................] - ETA: 2s - loss: 0.9053 - accuracy: 0.6805
 697/1563 [============>.................] - ETA: 2s - loss: 0.9075 - accuracy: 0.6804
 716/1563 [============>.................] - ETA: 2s - loss: 0.9099 - accuracy: 0.6800
 736/1563 [=============>................] - ETA: 2s - loss: 0.9107 - accuracy: 0.6794
 755/1563 [=============>................] - ETA: 2s - loss: 0.9115 - accuracy: 0.6789
 775/1563 [=============>................] - ETA: 2s - loss: 0.9094 - accuracy: 0.6794
 794/1563 [==============>...............] - ETA: 2s - loss: 0.9112 - accuracy: 0.6793
 814/1563 [==============>...............] - ETA: 2s - loss: 0.9107 - accuracy: 0.6795
 830/1563 [==============>...............] - ETA: 2s - loss: 0.9115 - accuracy: 0.6796
 852/1563 [===============>..............] - ETA: 2s - loss: 0.9109 - accuracy: 0.6801
 874/1563 [===============>..............] - ETA: 1s - loss: 0.9120 - accuracy: 0.6801
 896/1563 [================>.............] - ETA: 1s - loss: 0.9116 - accuracy: 0.6802
 919/1563 [================>.............] - ETA: 1s - loss: 0.9103 - accuracy: 0.6808
 941/1563 [=================>............] - ETA: 1s - loss: 0.9096 - accuracy: 0.6806
 962/1563 [=================>............] - ETA: 1s - loss: 0.9099 - accuracy: 0.6808
 981/1563 [=================>............] - ETA: 1s - loss: 0.9109 - accuracy: 0.6806
1002/1563 [==================>...........] - ETA: 1s - loss: 0.9111 - accuracy: 0.6804
1025/1563 [==================>...........] - ETA: 1s - loss: 0.9120 - accuracy: 0.6798
1044/1563 [===================>..........] - ETA: 1s - loss: 0.9115 - accuracy: 0.6801
1061/1563 [===================>..........] - ETA: 1s - loss: 0.9129 - accuracy: 0.6794
1082/1563 [===================>..........] - ETA: 1s - loss: 0.9140 - accuracy: 0.6792
1100/1563 [====================>.........] - ETA: 1s - loss: 0.9139 - accuracy: 0.6792
1119/1563 [====================>.........] - ETA: 1s - loss: 0.9133 - accuracy: 0.6795
1141/1563 [====================>.........] - ETA: 1s - loss: 0.9135 - accuracy: 0.6797
1161/1563 [=====================>........] - ETA: 1s - loss: 0.9131 - accuracy: 0.6799
1179/1563 [=====================>........] - ETA: 1s - loss: 0.9132 - accuracy: 0.6801
1201/1563 [======================>.......] - ETA: 1s - loss: 0.9151 - accuracy: 0.6797
1222/1563 [======================>.......] - ETA: 0s - loss: 0.9159 - accuracy: 0.6797
1245/1563 [======================>.......] - ETA: 0s - loss: 0.9171 - accuracy: 0.6797
1262/1563 [=======================>......] - ETA: 0s - loss: 0.9176 - accuracy: 0.6796
1280/1563 [=======================>......] - ETA: 0s - loss: 0.9171 - accuracy: 0.6798
1299/1563 [=======================>......] - ETA: 0s - loss: 0.9162 - accuracy: 0.6801
1318/1563 [========================>.....] - ETA: 0s - loss: 0.9179 - accuracy: 0.6795
1336/1563 [========================>.....] - ETA: 0s - loss: 0.9179 - accuracy: 0.6794
1356/1563 [=========================>....] - ETA: 0s - loss: 0.9184 - accuracy: 0.6796
1374/1563 [=========================>....] - ETA: 0s - loss: 0.9195 - accuracy: 0.6796
1392/1563 [=========================>....] - ETA: 0s - loss: 0.9210 - accuracy: 0.6789
1414/1563 [==========================>...] - ETA: 0s - loss: 0.9215 - accuracy: 0.6788
1432/1563 [==========================>...] - ETA: 0s - loss: 0.9219 - accuracy: 0.6785
1452/1563 [==========================>...] - ETA: 0s - loss: 0.9216 - accuracy: 0.6787
1474/1563 [===========================>..] - ETA: 0s - loss: 0.9217 - accuracy: 0.6788
1496/1563 [===========================>..] - ETA: 0s - loss: 0.9227 - accuracy: 0.6786
1517/1563 [============================>.] - ETA: 0s - loss: 0.9236 - accuracy: 0.6784
1536/1563 [============================>.] - ETA: 0s - loss: 0.9236 - accuracy: 0.6782
1553/1563 [============================>.] - ETA: 0s - loss: 0.9234 - accuracy: 0.6784
1563/1563 [==============================] - 5s 3ms/step - loss: 0.9241 - accuracy: 0.6783 - val_loss: 1.1334 - val_accuracy: 0.6139
Epoch 12/117

   1/1563 [..............................] - ETA: 24s - loss: 0.8183 - accuracy: 0.7188
  15/1563 [..............................] - ETA: 5s - loss: 0.8549 - accuracy: 0.6958 
  35/1563 [..............................] - ETA: 4s - loss: 0.8700 - accuracy: 0.7009
  57/1563 [>.............................] - ETA: 4s - loss: 0.8978 - accuracy: 0.6853
  74/1563 [>.............................] - ETA: 4s - loss: 0.8912 - accuracy: 0.6845
  93/1563 [>.............................] - ETA: 4s - loss: 0.8906 - accuracy: 0.6878
 114/1563 [=>............................] - ETA: 4s - loss: 0.8959 - accuracy: 0.6848
 135/1563 [=>............................] - ETA: 4s - loss: 0.8954 - accuracy: 0.6875
 157/1563 [==>...........................] - ETA: 4s - loss: 0.8889 - accuracy: 0.6883
 179/1563 [==>...........................] - ETA: 4s - loss: 0.8935 - accuracy: 0.6858
 197/1563 [==>...........................] - ETA: 4s - loss: 0.8955 - accuracy: 0.6846
 217/1563 [===>..........................] - ETA: 4s - loss: 0.8996 - accuracy: 0.6816
 240/1563 [===>..........................] - ETA: 3s - loss: 0.9040 - accuracy: 0.6815
 262/1563 [====>.........................] - ETA: 3s - loss: 0.9040 - accuracy: 0.6830
 285/1563 [====>.........................] - ETA: 3s - loss: 0.9042 - accuracy: 0.6831
 307/1563 [====>.........................] - ETA: 3s - loss: 0.9044 - accuracy: 0.6828
 327/1563 [=====>........................] - ETA: 3s - loss: 0.8986 - accuracy: 0.6851
 344/1563 [=====>........................] - ETA: 3s - loss: 0.8999 - accuracy: 0.6845
 365/1563 [======>.......................] - ETA: 3s - loss: 0.8954 - accuracy: 0.6860
 386/1563 [======>.......................] - ETA: 3s - loss: 0.8959 - accuracy: 0.6853
 404/1563 [======>.......................] - ETA: 3s - loss: 0.8968 - accuracy: 0.6864
 421/1563 [=======>......................] - ETA: 3s - loss: 0.8975 - accuracy: 0.6859
 441/1563 [=======>......................] - ETA: 3s - loss: 0.8962 - accuracy: 0.6868
 463/1563 [=======>......................] - ETA: 3s - loss: 0.8933 - accuracy: 0.6879
 485/1563 [========>.....................] - ETA: 3s - loss: 0.8952 - accuracy: 0.6869
 505/1563 [========>.....................] - ETA: 3s - loss: 0.8960 - accuracy: 0.6873
 526/1563 [=========>....................] - ETA: 3s - loss: 0.8953 - accuracy: 0.6876
 547/1563 [=========>....................] - ETA: 2s - loss: 0.8970 - accuracy: 0.6868
 564/1563 [=========>....................] - ETA: 2s - loss: 0.8979 - accuracy: 0.6867
 587/1563 [==========>...................] - ETA: 2s - loss: 0.8964 - accuracy: 0.6863
 609/1563 [==========>...................] - ETA: 2s - loss: 0.8975 - accuracy: 0.6857
 627/1563 [===========>..................] - ETA: 2s - loss: 0.8943 - accuracy: 0.6871
 645/1563 [===========>..................] - ETA: 2s - loss: 0.8931 - accuracy: 0.6868
 664/1563 [===========>..................] - ETA: 2s - loss: 0.8960 - accuracy: 0.6859
 685/1563 [============>.................] - ETA: 2s - loss: 0.8977 - accuracy: 0.6856
 705/1563 [============>.................] - ETA: 2s - loss: 0.8992 - accuracy: 0.6852
 724/1563 [============>.................] - ETA: 2s - loss: 0.8997 - accuracy: 0.6853
 746/1563 [=============>................] - ETA: 2s - loss: 0.8983 - accuracy: 0.6857
 768/1563 [=============>................] - ETA: 2s - loss: 0.8987 - accuracy: 0.6861
 788/1563 [==============>...............] - ETA: 2s - loss: 0.9014 - accuracy: 0.6854
 810/1563 [==============>...............] - ETA: 2s - loss: 0.9009 - accuracy: 0.6855
 834/1563 [===============>..............] - ETA: 2s - loss: 0.9007 - accuracy: 0.6856
 856/1563 [===============>..............] - ETA: 2s - loss: 0.9016 - accuracy: 0.6849
 878/1563 [===============>..............] - ETA: 1s - loss: 0.9010 - accuracy: 0.6850
 898/1563 [================>.............] - ETA: 1s - loss: 0.9004 - accuracy: 0.6854
 918/1563 [================>.............] - ETA: 1s - loss: 0.9008 - accuracy: 0.6857
 937/1563 [================>.............] - ETA: 1s - loss: 0.9002 - accuracy: 0.6863
 956/1563 [=================>............] - ETA: 1s - loss: 0.9005 - accuracy: 0.6861
 976/1563 [=================>............] - ETA: 1s - loss: 0.9021 - accuracy: 0.6854
 996/1563 [==================>...........] - ETA: 1s - loss: 0.9028 - accuracy: 0.6856
1018/1563 [==================>...........] - ETA: 1s - loss: 0.9042 - accuracy: 0.6854
1040/1563 [==================>...........] - ETA: 1s - loss: 0.9058 - accuracy: 0.6851
1058/1563 [===================>..........] - ETA: 1s - loss: 0.9059 - accuracy: 0.6851
1076/1563 [===================>..........] - ETA: 1s - loss: 0.9065 - accuracy: 0.6849
1098/1563 [====================>.........] - ETA: 1s - loss: 0.9080 - accuracy: 0.6844
1115/1563 [====================>.........] - ETA: 1s - loss: 0.9083 - accuracy: 0.6843
1134/1563 [====================>.........] - ETA: 1s - loss: 0.9085 - accuracy: 0.6841
1153/1563 [=====================>........] - ETA: 1s - loss: 0.9089 - accuracy: 0.6840
1171/1563 [=====================>........] - ETA: 1s - loss: 0.9084 - accuracy: 0.6838
1193/1563 [=====================>........] - ETA: 1s - loss: 0.9094 - accuracy: 0.6833
1214/1563 [======================>.......] - ETA: 1s - loss: 0.9107 - accuracy: 0.6829
1235/1563 [======================>.......] - ETA: 0s - loss: 0.9120 - accuracy: 0.6830
1253/1563 [=======================>......] - ETA: 0s - loss: 0.9113 - accuracy: 0.6833
1272/1563 [=======================>......] - ETA: 0s - loss: 0.9108 - accuracy: 0.6834
1291/1563 [=======================>......] - ETA: 0s - loss: 0.9108 - accuracy: 0.6835
1308/1563 [========================>.....] - ETA: 0s - loss: 0.9108 - accuracy: 0.6835
1326/1563 [========================>.....] - ETA: 0s - loss: 0.9112 - accuracy: 0.6833
1344/1563 [========================>.....] - ETA: 0s - loss: 0.9122 - accuracy: 0.6830
1363/1563 [=========================>....] - ETA: 0s - loss: 0.9117 - accuracy: 0.6832
1384/1563 [=========================>....] - ETA: 0s - loss: 0.9115 - accuracy: 0.6831
1405/1563 [=========================>....] - ETA: 0s - loss: 0.9119 - accuracy: 0.6827
1426/1563 [==========================>...] - ETA: 0s - loss: 0.9121 - accuracy: 0.6826
1450/1563 [==========================>...] - ETA: 0s - loss: 0.9121 - accuracy: 0.6828
1469/1563 [===========================>..] - ETA: 0s - loss: 0.9128 - accuracy: 0.6825
1488/1563 [===========================>..] - ETA: 0s - loss: 0.9131 - accuracy: 0.6824
1511/1563 [============================>.] - ETA: 0s - loss: 0.9132 - accuracy: 0.6822
1534/1563 [============================>.] - ETA: 0s - loss: 0.9145 - accuracy: 0.6819
1557/1563 [============================>.] - ETA: 0s - loss: 0.9147 - accuracy: 0.6821
1563/1563 [==============================] - 5s 3ms/step - loss: 0.9146 - accuracy: 0.6823 - val_loss: 1.3436 - val_accuracy: 0.5556
Epoch 13/117

   1/1563 [..............................] - ETA: 24s - loss: 0.7893 - accuracy: 0.6562
  23/1563 [..............................] - ETA: 4s - loss: 0.8702 - accuracy: 0.6848 
  40/1563 [..............................] - ETA: 4s - loss: 0.8378 - accuracy: 0.7094
  59/1563 [>.............................] - ETA: 4s - loss: 0.8403 - accuracy: 0.7129
  80/1563 [>.............................] - ETA: 4s - loss: 0.8472 - accuracy: 0.7051
  97/1563 [>.............................] - ETA: 4s - loss: 0.8476 - accuracy: 0.7036
 118/1563 [=>............................] - ETA: 4s - loss: 0.8527 - accuracy: 0.7010
 139/1563 [=>............................] - ETA: 4s - loss: 0.8534 - accuracy: 0.7017
 159/1563 [==>...........................] - ETA: 4s - loss: 0.8575 - accuracy: 0.7013
 176/1563 [==>...........................] - ETA: 4s - loss: 0.8581 - accuracy: 0.7015
 192/1563 [==>...........................] - ETA: 4s - loss: 0.8548 - accuracy: 0.7038
 211/1563 [===>..........................] - ETA: 4s - loss: 0.8551 - accuracy: 0.7032
 229/1563 [===>..........................] - ETA: 3s - loss: 0.8559 - accuracy: 0.7050
 250/1563 [===>..........................] - ETA: 3s - loss: 0.8607 - accuracy: 0.7026
 272/1563 [====>.........................] - ETA: 3s - loss: 0.8605 - accuracy: 0.7028
 293/1563 [====>.........................] - ETA: 3s - loss: 0.8609 - accuracy: 0.7020
 314/1563 [=====>........................] - ETA: 3s - loss: 0.8627 - accuracy: 0.7008
 334/1563 [=====>........................] - ETA: 3s - loss: 0.8618 - accuracy: 0.7015
 352/1563 [=====>........................] - ETA: 3s - loss: 0.8635 - accuracy: 0.7010
 370/1563 [======>.......................] - ETA: 3s - loss: 0.8620 - accuracy: 0.7013
 390/1563 [======>.......................] - ETA: 3s - loss: 0.8599 - accuracy: 0.7018
 410/1563 [======>.......................] - ETA: 3s - loss: 0.8642 - accuracy: 0.7002
 431/1563 [=======>......................] - ETA: 3s - loss: 0.8643 - accuracy: 0.7009
 452/1563 [=======>......................] - ETA: 3s - loss: 0.8664 - accuracy: 0.6990
 469/1563 [========>.....................] - ETA: 3s - loss: 0.8697 - accuracy: 0.6978
 490/1563 [========>.....................] - ETA: 3s - loss: 0.8731 - accuracy: 0.6969
 512/1563 [========>.....................] - ETA: 3s - loss: 0.8737 - accuracy: 0.6965
 534/1563 [=========>....................] - ETA: 3s - loss: 0.8738 - accuracy: 0.6964
 554/1563 [=========>....................] - ETA: 2s - loss: 0.8750 - accuracy: 0.6961
 571/1563 [=========>....................] - ETA: 2s - loss: 0.8764 - accuracy: 0.6957
 593/1563 [==========>...................] - ETA: 2s - loss: 0.8761 - accuracy: 0.6957
 615/1563 [==========>...................] - ETA: 2s - loss: 0.8757 - accuracy: 0.6951
 637/1563 [===========>..................] - ETA: 2s - loss: 0.8736 - accuracy: 0.6953
 657/1563 [===========>..................] - ETA: 2s - loss: 0.8751 - accuracy: 0.6947
 678/1563 [============>.................] - ETA: 2s - loss: 0.8750 - accuracy: 0.6944
 695/1563 [============>.................] - ETA: 2s - loss: 0.8750 - accuracy: 0.6944
 715/1563 [============>.................] - ETA: 2s - loss: 0.8755 - accuracy: 0.6940
 734/1563 [=============>................] - ETA: 2s - loss: 0.8747 - accuracy: 0.6942
 754/1563 [=============>................] - ETA: 2s - loss: 0.8751 - accuracy: 0.6939
 774/1563 [=============>................] - ETA: 2s - loss: 0.8767 - accuracy: 0.6933
 792/1563 [==============>...............] - ETA: 2s - loss: 0.8763 - accuracy: 0.6929
 814/1563 [==============>...............] - ETA: 2s - loss: 0.8780 - accuracy: 0.6926
 833/1563 [==============>...............] - ETA: 2s - loss: 0.8783 - accuracy: 0.6926
 854/1563 [===============>..............] - ETA: 2s - loss: 0.8783 - accuracy: 0.6929
 875/1563 [===============>..............] - ETA: 2s - loss: 0.8793 - accuracy: 0.6925
 896/1563 [================>.............] - ETA: 1s - loss: 0.8822 - accuracy: 0.6917
 914/1563 [================>.............] - ETA: 1s - loss: 0.8838 - accuracy: 0.6909
 934/1563 [================>.............] - ETA: 1s - loss: 0.8852 - accuracy: 0.6900
 956/1563 [=================>............] - ETA: 1s - loss: 0.8859 - accuracy: 0.6905
 977/1563 [=================>............] - ETA: 1s - loss: 0.8868 - accuracy: 0.6901
 997/1563 [==================>...........] - ETA: 1s - loss: 0.8863 - accuracy: 0.6904
1020/1563 [==================>...........] - ETA: 1s - loss: 0.8867 - accuracy: 0.6901
1042/1563 [===================>..........] - ETA: 1s - loss: 0.8877 - accuracy: 0.6895
1060/1563 [===================>..........] - ETA: 1s - loss: 0.8883 - accuracy: 0.6893
1079/1563 [===================>..........] - ETA: 1s - loss: 0.8882 - accuracy: 0.6891
1101/1563 [====================>.........] - ETA: 1s - loss: 0.8883 - accuracy: 0.6891
1123/1563 [====================>.........] - ETA: 1s - loss: 0.8893 - accuracy: 0.6889
1142/1563 [====================>.........] - ETA: 1s - loss: 0.8907 - accuracy: 0.6885
1161/1563 [=====================>........] - ETA: 1s - loss: 0.8905 - accuracy: 0.6886
1183/1563 [=====================>........] - ETA: 1s - loss: 0.8909 - accuracy: 0.6886
1204/1563 [======================>.......] - ETA: 1s - loss: 0.8909 - accuracy: 0.6889
1223/1563 [======================>.......] - ETA: 0s - loss: 0.8906 - accuracy: 0.6891
1241/1563 [======================>.......] - ETA: 0s - loss: 0.8912 - accuracy: 0.6889
1260/1563 [=======================>......] - ETA: 0s - loss: 0.8907 - accuracy: 0.6887
1282/1563 [=======================>......] - ETA: 0s - loss: 0.8906 - accuracy: 0.6888
1302/1563 [=======================>......] - ETA: 0s - loss: 0.8912 - accuracy: 0.6885
1322/1563 [========================>.....] - ETA: 0s - loss: 0.8919 - accuracy: 0.6885
1345/1563 [========================>.....] - ETA: 0s - loss: 0.8947 - accuracy: 0.6880
1364/1563 [=========================>....] - ETA: 0s - loss: 0.8947 - accuracy: 0.6882
1383/1563 [=========================>....] - ETA: 0s - loss: 0.8945 - accuracy: 0.6880
1400/1563 [=========================>....] - ETA: 0s - loss: 0.8947 - accuracy: 0.6880
1418/1563 [==========================>...] - ETA: 0s - loss: 0.8951 - accuracy: 0.6879
1436/1563 [==========================>...] - ETA: 0s - loss: 0.8950 - accuracy: 0.6877
1456/1563 [==========================>...] - ETA: 0s - loss: 0.8970 - accuracy: 0.6873
1479/1563 [===========================>..] - ETA: 0s - loss: 0.8979 - accuracy: 0.6868
1501/1563 [===========================>..] - ETA: 0s - loss: 0.8983 - accuracy: 0.6869
1523/1563 [============================>.] - ETA: 0s - loss: 0.8989 - accuracy: 0.6867
1543/1563 [============================>.] - ETA: 0s - loss: 0.8993 - accuracy: 0.6862
1563/1563 [==============================] - 5s 3ms/step - loss: 0.8995 - accuracy: 0.6862 - val_loss: 1.1130 - val_accuracy: 0.6247
Epoch 13: early stopping

  1/313 [..............................] - ETA: 4s - loss: 0.7982 - accuracy: 0.6562
 25/313 [=>............................] - ETA: 0s - loss: 1.0604 - accuracy: 0.6300
 55/313 [====>.........................] - ETA: 0s - loss: 1.0565 - accuracy: 0.6295
 88/313 [=======>......................] - ETA: 0s - loss: 1.0906 - accuracy: 0.6282
119/313 [==========>...................] - ETA: 0s - loss: 1.1036 - accuracy: 0.6292
148/313 [=============>................] - ETA: 0s - loss: 1.0927 - accuracy: 0.6334
180/313 [================>.............] - ETA: 0s - loss: 1.0885 - accuracy: 0.6342
210/313 [===================>..........] - ETA: 0s - loss: 1.0954 - accuracy: 0.6307
240/313 [======================>.......] - ETA: 0s - loss: 1.0999 - accuracy: 0.6292
271/313 [========================>.....] - ETA: 0s - loss: 1.1094 - accuracy: 0.6272
301/313 [===========================>..] - ETA: 0s - loss: 1.1124 - accuracy: 0.6270
313/313 [==============================] - 1s 2ms/step - loss: 1.1130 - accuracy: 0.6247
