2024-06-21 19:09:49.448797: I tensorflow/core/platform/cpu_feature_guard.cc:193] This TensorFlow binary is optimized with oneAPI Deep Neural Network Library (oneDNN) to use the following CPU instructions in performance-critical operations:  AVX AVX2
To enable them in other operations, rebuild TensorFlow with the appropriate compiler flags.
2024-06-21 19:09:49.879441: I tensorflow/core/common_runtime/gpu/gpu_device.cc:1616] Created device /job:localhost/replica:0/task:0/device:GPU:0 with 6144 MB memory:  -> device: 0, name: NVIDIA GeForce RTX 4060 Ti, pci bus id: 0000:01:00.0, compute capability: 8.9
1 Physical GPUs, 1 Logical GPUs
Model: "sequential"
_________________________________________________________________
 Layer (type)                Output Shape              Param #   
=================================================================
 conv2d (Conv2D)             (None, 32, 32, 32)        896       
                                                                 
 batch_normalization (BatchN  (None, 32, 32, 32)       128       
 ormalization)                                                   
                                                                 
 dropout (Dropout)           (None, 32, 32, 32)        0         
                                                                 
 flatten (Flatten)           (None, 32768)             0         
                                                                 
 dense (Dense)               (None, 10)                327690    
                                                                 
=================================================================
Total params: 328,714
Trainable params: 328,650
Non-trainable params: 64
_________________________________________________________________
Taxa de aprendizado:  0.0001 Num de épocas:  95 Tamanho do lote:  64 Dropout:  0.02
Epoch 1/95
2024-06-21 19:09:50.895934: I tensorflow/stream_executor/cuda/cuda_dnn.cc:384] Loaded cuDNN version 8100
2024-06-21 19:09:51.550692: W tensorflow/stream_executor/gpu/redzone_allocator.cc:314] INTERNAL: ptxas exited with non-zero error code -1, output: 
Relying on driver to perform ptx compilation. 
Modify $PATH to customize ptxas location.
This message will be only logged once.
2024-06-21 19:09:52.129237: I tensorflow/stream_executor/cuda/cuda_blas.cc:1614] TensorFloat-32 will be used for the matrix multiplication. This will only be logged once.

  1/782 [..............................] - ETA: 28:06 - loss: 2.6896 - accuracy: 0.0938
 28/782 [>.............................] - ETA: 1s - loss: 2.1346 - accuracy: 0.2706   
 56/782 [=>............................] - ETA: 1s - loss: 2.0210 - accuracy: 0.3078
 83/782 [==>...........................] - ETA: 1s - loss: 1.9592 - accuracy: 0.3242
110/782 [===>..........................] - ETA: 1s - loss: 1.9089 - accuracy: 0.3369
137/782 [====>.........................] - ETA: 1s - loss: 1.8772 - accuracy: 0.3463
163/782 [=====>........................] - ETA: 1s - loss: 1.8477 - accuracy: 0.3555
189/782 [======>.......................] - ETA: 1s - loss: 1.8258 - accuracy: 0.3627
218/782 [=======>......................] - ETA: 1s - loss: 1.7998 - accuracy: 0.3701
245/782 [========>.....................] - ETA: 1s - loss: 1.7775 - accuracy: 0.3765
273/782 [=========>....................] - ETA: 1s - loss: 1.7571 - accuracy: 0.3825
300/782 [==========>...................] - ETA: 1s - loss: 1.7393 - accuracy: 0.3895
326/782 [===========>..................] - ETA: 1s - loss: 1.7221 - accuracy: 0.3955
353/782 [============>.................] - ETA: 0s - loss: 1.7096 - accuracy: 0.3998
380/782 [=============>................] - ETA: 0s - loss: 1.6919 - accuracy: 0.4047
408/782 [==============>...............] - ETA: 0s - loss: 1.6783 - accuracy: 0.4090
435/782 [===============>..............] - ETA: 0s - loss: 1.6695 - accuracy: 0.4123
463/782 [================>.............] - ETA: 0s - loss: 1.6606 - accuracy: 0.4160
490/782 [=================>............] - ETA: 0s - loss: 1.6489 - accuracy: 0.4205
519/782 [==================>...........] - ETA: 0s - loss: 1.6380 - accuracy: 0.4237
545/782 [===================>..........] - ETA: 0s - loss: 1.6275 - accuracy: 0.4269
572/782 [====================>.........] - ETA: 0s - loss: 1.6179 - accuracy: 0.4304
599/782 [=====================>........] - ETA: 0s - loss: 1.6108 - accuracy: 0.4329
627/782 [=======================>......] - ETA: 0s - loss: 1.6015 - accuracy: 0.4368
654/782 [========================>.....] - ETA: 0s - loss: 1.5923 - accuracy: 0.4398
682/782 [=========================>....] - ETA: 0s - loss: 1.5845 - accuracy: 0.4430
709/782 [==========================>...] - ETA: 0s - loss: 1.5771 - accuracy: 0.4459
737/782 [===========================>..] - ETA: 0s - loss: 1.5706 - accuracy: 0.4486
759/782 [============================>.] - ETA: 0s - loss: 1.5643 - accuracy: 0.4503
782/782 [==============================] - 5s 3ms/step - loss: 1.5588 - accuracy: 0.4522 - val_loss: 1.3711 - val_accuracy: 0.5129
Epoch 2/95

  1/782 [..............................] - ETA: 16s - loss: 0.9787 - accuracy: 0.7188
 27/782 [>.............................] - ETA: 1s - loss: 1.2170 - accuracy: 0.5891 
 53/782 [=>............................] - ETA: 1s - loss: 1.2126 - accuracy: 0.5837
 81/782 [==>...........................] - ETA: 1s - loss: 1.2084 - accuracy: 0.5847
108/782 [===>..........................] - ETA: 1s - loss: 1.2150 - accuracy: 0.5807
135/782 [====>.........................] - ETA: 1s - loss: 1.2129 - accuracy: 0.5774
162/782 [=====>........................] - ETA: 1s - loss: 1.2193 - accuracy: 0.5732
188/782 [======>.......................] - ETA: 1s - loss: 1.2269 - accuracy: 0.5707
215/782 [=======>......................] - ETA: 1s - loss: 1.2276 - accuracy: 0.5696
240/782 [========>.....................] - ETA: 1s - loss: 1.2250 - accuracy: 0.5706
267/782 [=========>....................] - ETA: 1s - loss: 1.2231 - accuracy: 0.5724
295/782 [==========>...................] - ETA: 1s - loss: 1.2166 - accuracy: 0.5733
322/782 [===========>..................] - ETA: 1s - loss: 1.2146 - accuracy: 0.5751
349/782 [============>.................] - ETA: 1s - loss: 1.2179 - accuracy: 0.5735
375/782 [=============>................] - ETA: 0s - loss: 1.2186 - accuracy: 0.5730
403/782 [==============>...............] - ETA: 0s - loss: 1.2182 - accuracy: 0.5741
429/782 [===============>..............] - ETA: 0s - loss: 1.2210 - accuracy: 0.5723
457/782 [================>.............] - ETA: 0s - loss: 1.2174 - accuracy: 0.5743
484/782 [=================>............] - ETA: 0s - loss: 1.2177 - accuracy: 0.5747
510/782 [==================>...........] - ETA: 0s - loss: 1.2168 - accuracy: 0.5758
537/782 [===================>..........] - ETA: 0s - loss: 1.2165 - accuracy: 0.5763
565/782 [====================>.........] - ETA: 0s - loss: 1.2149 - accuracy: 0.5767
591/782 [=====================>........] - ETA: 0s - loss: 1.2132 - accuracy: 0.5770
617/782 [======================>.......] - ETA: 0s - loss: 1.2129 - accuracy: 0.5778
646/782 [=======================>......] - ETA: 0s - loss: 1.2109 - accuracy: 0.5782
673/782 [========================>.....] - ETA: 0s - loss: 1.2113 - accuracy: 0.5783
700/782 [=========================>....] - ETA: 0s - loss: 1.2119 - accuracy: 0.5782
726/782 [==========================>...] - ETA: 0s - loss: 1.2133 - accuracy: 0.5780
752/782 [===========================>..] - ETA: 0s - loss: 1.2132 - accuracy: 0.5778
779/782 [============================>.] - ETA: 0s - loss: 1.2129 - accuracy: 0.5780
782/782 [==============================] - 2s 3ms/step - loss: 1.2129 - accuracy: 0.5781 - val_loss: 1.2287 - val_accuracy: 0.5697
Epoch 3/95

  1/782 [..............................] - ETA: 12s - loss: 0.9467 - accuracy: 0.6562
 27/782 [>.............................] - ETA: 1s - loss: 1.0684 - accuracy: 0.6123 
 55/782 [=>............................] - ETA: 1s - loss: 1.0570 - accuracy: 0.6250
 83/782 [==>...........................] - ETA: 1s - loss: 1.0458 - accuracy: 0.6308
110/782 [===>..........................] - ETA: 1s - loss: 1.0441 - accuracy: 0.6364
139/782 [====>.........................] - ETA: 1s - loss: 1.0426 - accuracy: 0.6376
166/782 [=====>........................] - ETA: 1s - loss: 1.0448 - accuracy: 0.6372
193/782 [======>.......................] - ETA: 1s - loss: 1.0488 - accuracy: 0.6379
219/782 [=======>......................] - ETA: 1s - loss: 1.0445 - accuracy: 0.6386
243/782 [========>.....................] - ETA: 1s - loss: 1.0523 - accuracy: 0.6359
264/782 [=========>....................] - ETA: 1s - loss: 1.0537 - accuracy: 0.6361
292/782 [==========>...................] - ETA: 1s - loss: 1.0556 - accuracy: 0.6348
313/782 [===========>..................] - ETA: 1s - loss: 1.0547 - accuracy: 0.6335
338/782 [===========>..................] - ETA: 1s - loss: 1.0553 - accuracy: 0.6347
366/782 [=============>................] - ETA: 0s - loss: 1.0556 - accuracy: 0.6345
392/782 [==============>...............] - ETA: 0s - loss: 1.0576 - accuracy: 0.6342
420/782 [===============>..............] - ETA: 0s - loss: 1.0595 - accuracy: 0.6330
445/782 [================>.............] - ETA: 0s - loss: 1.0582 - accuracy: 0.6331
468/782 [================>.............] - ETA: 0s - loss: 1.0590 - accuracy: 0.6318
494/782 [=================>............] - ETA: 0s - loss: 1.0601 - accuracy: 0.6317
522/782 [===================>..........] - ETA: 0s - loss: 1.0609 - accuracy: 0.6318
549/782 [====================>.........] - ETA: 0s - loss: 1.0620 - accuracy: 0.6311
575/782 [=====================>........] - ETA: 0s - loss: 1.0642 - accuracy: 0.6307
603/782 [======================>.......] - ETA: 0s - loss: 1.0660 - accuracy: 0.6307
629/782 [=======================>......] - ETA: 0s - loss: 1.0666 - accuracy: 0.6308
656/782 [========================>.....] - ETA: 0s - loss: 1.0683 - accuracy: 0.6297
684/782 [=========================>....] - ETA: 0s - loss: 1.0683 - accuracy: 0.6295
712/782 [==========================>...] - ETA: 0s - loss: 1.0687 - accuracy: 0.6292
740/782 [===========================>..] - ETA: 0s - loss: 1.0665 - accuracy: 0.6299
764/782 [============================>.] - ETA: 0s - loss: 1.0660 - accuracy: 0.6298
782/782 [==============================] - 2s 3ms/step - loss: 1.0648 - accuracy: 0.6305 - val_loss: 1.2350 - val_accuracy: 0.5709
Epoch 4/95

  1/782 [..............................] - ETA: 12s - loss: 0.8981 - accuracy: 0.5625
 27/782 [>.............................] - ETA: 1s - loss: 0.9679 - accuracy: 0.6626 
 54/782 [=>............................] - ETA: 1s - loss: 0.9446 - accuracy: 0.6736
 80/782 [==>...........................] - ETA: 1s - loss: 0.9388 - accuracy: 0.6775
108/782 [===>..........................] - ETA: 1s - loss: 0.9347 - accuracy: 0.6772
134/782 [====>.........................] - ETA: 1s - loss: 0.9360 - accuracy: 0.6763
162/782 [=====>........................] - ETA: 1s - loss: 0.9458 - accuracy: 0.6744
188/782 [======>.......................] - ETA: 1s - loss: 0.9479 - accuracy: 0.6722
215/782 [=======>......................] - ETA: 1s - loss: 0.9519 - accuracy: 0.6706
241/782 [========>.....................] - ETA: 1s - loss: 0.9534 - accuracy: 0.6708
267/782 [=========>....................] - ETA: 1s - loss: 0.9525 - accuracy: 0.6704
294/782 [==========>...................] - ETA: 1s - loss: 0.9546 - accuracy: 0.6699
321/782 [===========>..................] - ETA: 1s - loss: 0.9548 - accuracy: 0.6693
347/782 [============>.................] - ETA: 1s - loss: 0.9566 - accuracy: 0.6691
369/782 [=============>................] - ETA: 0s - loss: 0.9571 - accuracy: 0.6693
393/782 [==============>...............] - ETA: 0s - loss: 0.9578 - accuracy: 0.6689
421/782 [===============>..............] - ETA: 0s - loss: 0.9581 - accuracy: 0.6690
447/782 [================>.............] - ETA: 0s - loss: 0.9582 - accuracy: 0.6694
474/782 [=================>............] - ETA: 0s - loss: 0.9599 - accuracy: 0.6689
501/782 [==================>...........] - ETA: 0s - loss: 0.9614 - accuracy: 0.6682
527/782 [===================>..........] - ETA: 0s - loss: 0.9623 - accuracy: 0.6671
554/782 [====================>.........] - ETA: 0s - loss: 0.9642 - accuracy: 0.6662
582/782 [=====================>........] - ETA: 0s - loss: 0.9649 - accuracy: 0.6662
609/782 [======================>.......] - ETA: 0s - loss: 0.9670 - accuracy: 0.6654
637/782 [=======================>......] - ETA: 0s - loss: 0.9658 - accuracy: 0.6655
664/782 [========================>.....] - ETA: 0s - loss: 0.9662 - accuracy: 0.6650
690/782 [=========================>....] - ETA: 0s - loss: 0.9681 - accuracy: 0.6641
718/782 [==========================>...] - ETA: 0s - loss: 0.9690 - accuracy: 0.6638
744/782 [===========================>..] - ETA: 0s - loss: 0.9695 - accuracy: 0.6635
770/782 [============================>.] - ETA: 0s - loss: 0.9709 - accuracy: 0.6629
782/782 [==============================] - 2s 3ms/step - loss: 0.9715 - accuracy: 0.6626 - val_loss: 1.1903 - val_accuracy: 0.5867
Epoch 5/95

  1/782 [..............................] - ETA: 12s - loss: 1.0589 - accuracy: 0.6719
 27/782 [>.............................] - ETA: 1s - loss: 0.8885 - accuracy: 0.7031 
 54/782 [=>............................] - ETA: 1s - loss: 0.8618 - accuracy: 0.7106
 79/782 [==>...........................] - ETA: 1s - loss: 0.8720 - accuracy: 0.7053
105/782 [===>..........................] - ETA: 1s - loss: 0.8721 - accuracy: 0.7049
131/782 [====>.........................] - ETA: 1s - loss: 0.8744 - accuracy: 0.7056
159/782 [=====>........................] - ETA: 1s - loss: 0.8732 - accuracy: 0.7043
186/782 [======>.......................] - ETA: 1s - loss: 0.8814 - accuracy: 0.7024
215/782 [=======>......................] - ETA: 1s - loss: 0.8838 - accuracy: 0.7011
242/782 [========>.....................] - ETA: 1s - loss: 0.8859 - accuracy: 0.6990
270/782 [=========>....................] - ETA: 1s - loss: 0.8867 - accuracy: 0.6985
291/782 [==========>...................] - ETA: 1s - loss: 0.8850 - accuracy: 0.6993
316/782 [===========>..................] - ETA: 1s - loss: 0.8841 - accuracy: 0.6994
341/782 [============>.................] - ETA: 1s - loss: 0.8867 - accuracy: 0.6973
365/782 [=============>................] - ETA: 1s - loss: 0.8860 - accuracy: 0.6975
391/782 [==============>...............] - ETA: 0s - loss: 0.8835 - accuracy: 0.6978
418/782 [===============>..............] - ETA: 0s - loss: 0.8867 - accuracy: 0.6971
446/782 [================>.............] - ETA: 0s - loss: 0.8859 - accuracy: 0.6972
473/782 [=================>............] - ETA: 0s - loss: 0.8844 - accuracy: 0.6976
500/782 [==================>...........] - ETA: 0s - loss: 0.8846 - accuracy: 0.6975
526/782 [===================>..........] - ETA: 0s - loss: 0.8873 - accuracy: 0.6959
552/782 [====================>.........] - ETA: 0s - loss: 0.8879 - accuracy: 0.6951
579/782 [=====================>........] - ETA: 0s - loss: 0.8896 - accuracy: 0.6945
609/782 [======================>.......] - ETA: 0s - loss: 0.8909 - accuracy: 0.6939
636/782 [=======================>......] - ETA: 0s - loss: 0.8933 - accuracy: 0.6924
663/782 [========================>.....] - ETA: 0s - loss: 0.8942 - accuracy: 0.6921
690/782 [=========================>....] - ETA: 0s - loss: 0.8943 - accuracy: 0.6920
717/782 [==========================>...] - ETA: 0s - loss: 0.8958 - accuracy: 0.6917
745/782 [===========================>..] - ETA: 0s - loss: 0.8960 - accuracy: 0.6913
773/782 [============================>.] - ETA: 0s - loss: 0.8968 - accuracy: 0.6909
782/782 [==============================] - 2s 3ms/step - loss: 0.8976 - accuracy: 0.6906 - val_loss: 1.1809 - val_accuracy: 0.5963
Epoch 6/95

  1/782 [..............................] - ETA: 12s - loss: 0.7285 - accuracy: 0.7344
 27/782 [>.............................] - ETA: 1s - loss: 0.7894 - accuracy: 0.7373 
 53/782 [=>............................] - ETA: 1s - loss: 0.7853 - accuracy: 0.7379
 73/782 [=>............................] - ETA: 1s - loss: 0.7845 - accuracy: 0.7399
 99/782 [==>...........................] - ETA: 1s - loss: 0.7931 - accuracy: 0.7352
126/782 [===>..........................] - ETA: 1s - loss: 0.7961 - accuracy: 0.7329
153/782 [====>.........................] - ETA: 1s - loss: 0.8038 - accuracy: 0.7302
180/782 [=====>........................] - ETA: 1s - loss: 0.8097 - accuracy: 0.7290
206/782 [======>.......................] - ETA: 1s - loss: 0.8067 - accuracy: 0.7289
234/782 [=======>......................] - ETA: 1s - loss: 0.8124 - accuracy: 0.7268
262/782 [=========>....................] - ETA: 1s - loss: 0.8128 - accuracy: 0.7271
289/782 [==========>...................] - ETA: 1s - loss: 0.8131 - accuracy: 0.7272
316/782 [===========>..................] - ETA: 1s - loss: 0.8109 - accuracy: 0.7272
343/782 [============>.................] - ETA: 1s - loss: 0.8123 - accuracy: 0.7271
370/782 [=============>................] - ETA: 0s - loss: 0.8161 - accuracy: 0.7247
396/782 [==============>...............] - ETA: 0s - loss: 0.8170 - accuracy: 0.7241
422/782 [===============>..............] - ETA: 0s - loss: 0.8171 - accuracy: 0.7236
449/782 [================>.............] - ETA: 0s - loss: 0.8182 - accuracy: 0.7229
475/782 [=================>............] - ETA: 0s - loss: 0.8190 - accuracy: 0.7222
503/782 [==================>...........] - ETA: 0s - loss: 0.8214 - accuracy: 0.7207
529/782 [===================>..........] - ETA: 0s - loss: 0.8222 - accuracy: 0.7202
557/782 [====================>.........] - ETA: 0s - loss: 0.8217 - accuracy: 0.7194
583/782 [=====================>........] - ETA: 0s - loss: 0.8244 - accuracy: 0.7189
609/782 [======================>.......] - ETA: 0s - loss: 0.8238 - accuracy: 0.7184
636/782 [=======================>......] - ETA: 0s - loss: 0.8260 - accuracy: 0.7173
657/782 [========================>.....] - ETA: 0s - loss: 0.8280 - accuracy: 0.7165
683/782 [=========================>....] - ETA: 0s - loss: 0.8289 - accuracy: 0.7165
710/782 [==========================>...] - ETA: 0s - loss: 0.8286 - accuracy: 0.7165
736/782 [===========================>..] - ETA: 0s - loss: 0.8291 - accuracy: 0.7162
764/782 [============================>.] - ETA: 0s - loss: 0.8300 - accuracy: 0.7157
782/782 [==============================] - 2s 3ms/step - loss: 0.8304 - accuracy: 0.7155 - val_loss: 1.1603 - val_accuracy: 0.6050
Epoch 7/95

  1/782 [..............................] - ETA: 12s - loss: 0.7334 - accuracy: 0.7812
 24/782 [..............................] - ETA: 2s - loss: 0.6748 - accuracy: 0.7858 
 51/782 [>.............................] - ETA: 1s - loss: 0.6913 - accuracy: 0.7751
 79/782 [==>...........................] - ETA: 1s - loss: 0.7198 - accuracy: 0.7611
105/782 [===>..........................] - ETA: 1s - loss: 0.7252 - accuracy: 0.7543
132/782 [====>.........................] - ETA: 1s - loss: 0.7267 - accuracy: 0.7527
159/782 [=====>........................] - ETA: 1s - loss: 0.7278 - accuracy: 0.7503
181/782 [=====>........................] - ETA: 1s - loss: 0.7328 - accuracy: 0.7491
205/782 [======>.......................] - ETA: 1s - loss: 0.7309 - accuracy: 0.7524
233/782 [=======>......................] - ETA: 1s - loss: 0.7392 - accuracy: 0.7509
259/782 [========>.....................] - ETA: 1s - loss: 0.7454 - accuracy: 0.7488
280/782 [=========>....................] - ETA: 1s - loss: 0.7464 - accuracy: 0.7490
306/782 [==========>...................] - ETA: 1s - loss: 0.7511 - accuracy: 0.7470
332/782 [===========>..................] - ETA: 1s - loss: 0.7526 - accuracy: 0.7465
360/782 [============>.................] - ETA: 0s - loss: 0.7524 - accuracy: 0.7457
387/782 [=============>................] - ETA: 0s - loss: 0.7543 - accuracy: 0.7445
413/782 [==============>...............] - ETA: 0s - loss: 0.7541 - accuracy: 0.7447
441/782 [===============>..............] - ETA: 0s - loss: 0.7574 - accuracy: 0.7438
468/782 [================>.............] - ETA: 0s - loss: 0.7584 - accuracy: 0.7432
494/782 [=================>............] - ETA: 0s - loss: 0.7605 - accuracy: 0.7431
521/782 [==================>...........] - ETA: 0s - loss: 0.7607 - accuracy: 0.7427
548/782 [====================>.........] - ETA: 0s - loss: 0.7614 - accuracy: 0.7425
575/782 [=====================>........] - ETA: 0s - loss: 0.7624 - accuracy: 0.7417
602/782 [======================>.......] - ETA: 0s - loss: 0.7635 - accuracy: 0.7416
629/782 [=======================>......] - ETA: 0s - loss: 0.7637 - accuracy: 0.7409
657/782 [========================>.....] - ETA: 0s - loss: 0.7657 - accuracy: 0.7402
684/782 [=========================>....] - ETA: 0s - loss: 0.7657 - accuracy: 0.7401
710/782 [==========================>...] - ETA: 0s - loss: 0.7676 - accuracy: 0.7396
737/782 [===========================>..] - ETA: 0s - loss: 0.7691 - accuracy: 0.7387
763/782 [============================>.] - ETA: 0s - loss: 0.7701 - accuracy: 0.7378
782/782 [==============================] - 2s 3ms/step - loss: 0.7712 - accuracy: 0.7378 - val_loss: 1.2411 - val_accuracy: 0.5799
Epoch 8/95

  1/782 [..............................] - ETA: 0s - loss: 0.6225 - accuracy: 0.8281
 24/782 [..............................] - ETA: 2s - loss: 0.6474 - accuracy: 0.7949
 52/782 [>.............................] - ETA: 1s - loss: 0.6839 - accuracy: 0.7785
 79/782 [==>...........................] - ETA: 1s - loss: 0.6915 - accuracy: 0.7722
106/782 [===>..........................] - ETA: 1s - loss: 0.6952 - accuracy: 0.7700
134/782 [====>.........................] - ETA: 1s - loss: 0.6917 - accuracy: 0.7715
161/782 [=====>........................] - ETA: 1s - loss: 0.6912 - accuracy: 0.7700
189/782 [======>.......................] - ETA: 1s - loss: 0.6942 - accuracy: 0.7688
217/782 [=======>......................] - ETA: 1s - loss: 0.6963 - accuracy: 0.7681
243/782 [========>.....................] - ETA: 1s - loss: 0.6972 - accuracy: 0.7676
270/782 [=========>....................] - ETA: 1s - loss: 0.7001 - accuracy: 0.7661
298/782 [==========>...................] - ETA: 1s - loss: 0.6978 - accuracy: 0.7671
327/782 [===========>..................] - ETA: 1s - loss: 0.7008 - accuracy: 0.7654
356/782 [============>.................] - ETA: 0s - loss: 0.7019 - accuracy: 0.7644
385/782 [=============>................] - ETA: 0s - loss: 0.7020 - accuracy: 0.7647
413/782 [==============>...............] - ETA: 0s - loss: 0.7064 - accuracy: 0.7632
441/782 [===============>..............] - ETA: 0s - loss: 0.7088 - accuracy: 0.7615
467/782 [================>.............] - ETA: 0s - loss: 0.7084 - accuracy: 0.7615
494/782 [=================>............] - ETA: 0s - loss: 0.7114 - accuracy: 0.7601
521/782 [==================>...........] - ETA: 0s - loss: 0.7119 - accuracy: 0.7605
549/782 [====================>.........] - ETA: 0s - loss: 0.7129 - accuracy: 0.7599
576/782 [=====================>........] - ETA: 0s - loss: 0.7141 - accuracy: 0.7598
604/782 [======================>.......] - ETA: 0s - loss: 0.7151 - accuracy: 0.7594
632/782 [=======================>......] - ETA: 0s - loss: 0.7159 - accuracy: 0.7587
659/782 [========================>.....] - ETA: 0s - loss: 0.7179 - accuracy: 0.7583
686/782 [=========================>....] - ETA: 0s - loss: 0.7186 - accuracy: 0.7578
714/782 [==========================>...] - ETA: 0s - loss: 0.7190 - accuracy: 0.7579
740/782 [===========================>..] - ETA: 0s - loss: 0.7206 - accuracy: 0.7571
769/782 [============================>.] - ETA: 0s - loss: 0.7213 - accuracy: 0.7565
782/782 [==============================] - 2s 3ms/step - loss: 0.7210 - accuracy: 0.7564 - val_loss: 1.1724 - val_accuracy: 0.6026
Epoch 9/95

  1/782 [..............................] - ETA: 12s - loss: 0.6786 - accuracy: 0.7188
 26/782 [..............................] - ETA: 1s - loss: 0.6173 - accuracy: 0.7915 
 51/782 [>.............................] - ETA: 1s - loss: 0.6352 - accuracy: 0.7886
 79/782 [==>...........................] - ETA: 1s - loss: 0.6263 - accuracy: 0.7939
107/782 [===>..........................] - ETA: 1s - loss: 0.6288 - accuracy: 0.7887
135/782 [====>.........................] - ETA: 1s - loss: 0.6293 - accuracy: 0.7890
162/782 [=====>........................] - ETA: 1s - loss: 0.6370 - accuracy: 0.7868
188/782 [======>.......................] - ETA: 1s - loss: 0.6428 - accuracy: 0.7847
215/782 [=======>......................] - ETA: 1s - loss: 0.6410 - accuracy: 0.7853
242/782 [========>.....................] - ETA: 1s - loss: 0.6435 - accuracy: 0.7838
269/782 [=========>....................] - ETA: 1s - loss: 0.6459 - accuracy: 0.7828
296/782 [==========>...................] - ETA: 1s - loss: 0.6508 - accuracy: 0.7811
325/782 [===========>..................] - ETA: 1s - loss: 0.6522 - accuracy: 0.7811
352/782 [============>.................] - ETA: 0s - loss: 0.6540 - accuracy: 0.7802
380/782 [=============>................] - ETA: 0s - loss: 0.6547 - accuracy: 0.7799
405/782 [==============>...............] - ETA: 0s - loss: 0.6548 - accuracy: 0.7803
427/782 [===============>..............] - ETA: 0s - loss: 0.6553 - accuracy: 0.7801
450/782 [================>.............] - ETA: 0s - loss: 0.6571 - accuracy: 0.7794
473/782 [=================>............] - ETA: 0s - loss: 0.6590 - accuracy: 0.7789
499/782 [==================>...........] - ETA: 0s - loss: 0.6584 - accuracy: 0.7792
525/782 [===================>..........] - ETA: 0s - loss: 0.6608 - accuracy: 0.7782
547/782 [===================>..........] - ETA: 0s - loss: 0.6619 - accuracy: 0.7775
570/782 [====================>.........] - ETA: 0s - loss: 0.6624 - accuracy: 0.7769
596/782 [=====================>........] - ETA: 0s - loss: 0.6649 - accuracy: 0.7761
623/782 [======================>.......] - ETA: 0s - loss: 0.6664 - accuracy: 0.7750
650/782 [=======================>......] - ETA: 0s - loss: 0.6681 - accuracy: 0.7742
676/782 [========================>.....] - ETA: 0s - loss: 0.6708 - accuracy: 0.7729
704/782 [==========================>...] - ETA: 0s - loss: 0.6713 - accuracy: 0.7729
731/782 [===========================>..] - ETA: 0s - loss: 0.6732 - accuracy: 0.7719
758/782 [============================>.] - ETA: 0s - loss: 0.6721 - accuracy: 0.7721
782/782 [==============================] - 2s 3ms/step - loss: 0.6739 - accuracy: 0.7716 - val_loss: 1.1586 - val_accuracy: 0.6124
Epoch 10/95

  1/782 [..............................] - ETA: 12s - loss: 0.4868 - accuracy: 0.8281
 26/782 [..............................] - ETA: 1s - loss: 0.6128 - accuracy: 0.8149 
 53/782 [=>............................] - ETA: 1s - loss: 0.6212 - accuracy: 0.8019
 79/782 [==>...........................] - ETA: 1s - loss: 0.6075 - accuracy: 0.8022
106/782 [===>..........................] - ETA: 1s - loss: 0.6089 - accuracy: 0.8022
133/782 [====>.........................] - ETA: 1s - loss: 0.6097 - accuracy: 0.7996
161/782 [=====>........................] - ETA: 1s - loss: 0.6087 - accuracy: 0.8004
188/782 [======>.......................] - ETA: 1s - loss: 0.6079 - accuracy: 0.7995
214/782 [=======>......................] - ETA: 1s - loss: 0.6061 - accuracy: 0.7999
242/782 [========>.....................] - ETA: 1s - loss: 0.6059 - accuracy: 0.7998
269/782 [=========>....................] - ETA: 1s - loss: 0.6071 - accuracy: 0.7998
296/782 [==========>...................] - ETA: 1s - loss: 0.6063 - accuracy: 0.8012
322/782 [===========>..................] - ETA: 1s - loss: 0.6107 - accuracy: 0.8004
345/782 [============>.................] - ETA: 1s - loss: 0.6108 - accuracy: 0.7994
370/782 [=============>................] - ETA: 0s - loss: 0.6130 - accuracy: 0.7981
398/782 [==============>...............] - ETA: 0s - loss: 0.6143 - accuracy: 0.7977
426/782 [===============>..............] - ETA: 0s - loss: 0.6138 - accuracy: 0.7986
453/782 [================>.............] - ETA: 0s - loss: 0.6164 - accuracy: 0.7970
480/782 [=================>............] - ETA: 0s - loss: 0.6201 - accuracy: 0.7954
506/782 [==================>...........] - ETA: 0s - loss: 0.6224 - accuracy: 0.7943
534/782 [===================>..........] - ETA: 0s - loss: 0.6223 - accuracy: 0.7939
560/782 [====================>.........] - ETA: 0s - loss: 0.6231 - accuracy: 0.7931
589/782 [=====================>........] - ETA: 0s - loss: 0.6232 - accuracy: 0.7932
619/782 [======================>.......] - ETA: 0s - loss: 0.6237 - accuracy: 0.7927
647/782 [=======================>......] - ETA: 0s - loss: 0.6252 - accuracy: 0.7921
675/782 [========================>.....] - ETA: 0s - loss: 0.6270 - accuracy: 0.7915
704/782 [==========================>...] - ETA: 0s - loss: 0.6266 - accuracy: 0.7915
730/782 [===========================>..] - ETA: 0s - loss: 0.6273 - accuracy: 0.7910
757/782 [============================>.] - ETA: 0s - loss: 0.6285 - accuracy: 0.7904
782/782 [==============================] - 2s 3ms/step - loss: 0.6284 - accuracy: 0.7900 - val_loss: 1.2146 - val_accuracy: 0.6060
Epoch 11/95

  1/782 [..............................] - ETA: 13s - loss: 0.4879 - accuracy: 0.8906
 27/782 [>.............................] - ETA: 1s - loss: 0.5339 - accuracy: 0.8345 
 55/782 [=>............................] - ETA: 1s - loss: 0.5453 - accuracy: 0.8250
 83/782 [==>...........................] - ETA: 1s - loss: 0.5640 - accuracy: 0.8172
112/782 [===>..........................] - ETA: 1s - loss: 0.5554 - accuracy: 0.8225
140/782 [====>.........................] - ETA: 1s - loss: 0.5581 - accuracy: 0.8231
168/782 [=====>........................] - ETA: 1s - loss: 0.5609 - accuracy: 0.8213
196/782 [======>.......................] - ETA: 1s - loss: 0.5620 - accuracy: 0.8204
222/782 [=======>......................] - ETA: 1s - loss: 0.5617 - accuracy: 0.8208
250/782 [========>.....................] - ETA: 1s - loss: 0.5645 - accuracy: 0.8201
278/782 [=========>....................] - ETA: 1s - loss: 0.5636 - accuracy: 0.8195
305/782 [==========>...................] - ETA: 1s - loss: 0.5645 - accuracy: 0.8191
332/782 [===========>..................] - ETA: 1s - loss: 0.5653 - accuracy: 0.8181
359/782 [============>.................] - ETA: 0s - loss: 0.5687 - accuracy: 0.8166
388/782 [=============>................] - ETA: 0s - loss: 0.5694 - accuracy: 0.8163
415/782 [==============>...............] - ETA: 0s - loss: 0.5717 - accuracy: 0.8142
443/782 [===============>..............] - ETA: 0s - loss: 0.5754 - accuracy: 0.8124
471/782 [=================>............] - ETA: 0s - loss: 0.5754 - accuracy: 0.8128
498/782 [==================>...........] - ETA: 0s - loss: 0.5769 - accuracy: 0.8113
525/782 [===================>..........] - ETA: 0s - loss: 0.5785 - accuracy: 0.8103
553/782 [====================>.........] - ETA: 0s - loss: 0.5803 - accuracy: 0.8095
580/782 [=====================>........] - ETA: 0s - loss: 0.5841 - accuracy: 0.8081
608/782 [======================>.......] - ETA: 0s - loss: 0.5850 - accuracy: 0.8075
634/782 [=======================>......] - ETA: 0s - loss: 0.5865 - accuracy: 0.8066
663/782 [========================>.....] - ETA: 0s - loss: 0.5876 - accuracy: 0.8062
691/782 [=========================>....] - ETA: 0s - loss: 0.5880 - accuracy: 0.8062
718/782 [==========================>...] - ETA: 0s - loss: 0.5887 - accuracy: 0.8059
746/782 [===========================>..] - ETA: 0s - loss: 0.5894 - accuracy: 0.8059
773/782 [============================>.] - ETA: 0s - loss: 0.5896 - accuracy: 0.8059
782/782 [==============================] - 2s 3ms/step - loss: 0.5900 - accuracy: 0.8055 - val_loss: 1.2564 - val_accuracy: 0.5881
Epoch 12/95

  1/782 [..............................] - ETA: 11s - loss: 0.5949 - accuracy: 0.7969
 28/782 [>.............................] - ETA: 1s - loss: 0.4884 - accuracy: 0.8493 
 55/782 [=>............................] - ETA: 1s - loss: 0.5023 - accuracy: 0.8455
 83/782 [==>...........................] - ETA: 1s - loss: 0.5062 - accuracy: 0.8445
110/782 [===>..........................] - ETA: 1s - loss: 0.5091 - accuracy: 0.8422
138/782 [====>.........................] - ETA: 1s - loss: 0.5138 - accuracy: 0.8397
165/782 [=====>........................] - ETA: 1s - loss: 0.5141 - accuracy: 0.8394
193/782 [======>.......................] - ETA: 1s - loss: 0.5185 - accuracy: 0.8369
221/782 [=======>......................] - ETA: 1s - loss: 0.5210 - accuracy: 0.8353
248/782 [========>.....................] - ETA: 1s - loss: 0.5239 - accuracy: 0.8346
275/782 [=========>....................] - ETA: 1s - loss: 0.5278 - accuracy: 0.8323
302/782 [==========>...................] - ETA: 1s - loss: 0.5315 - accuracy: 0.8299
330/782 [===========>..................] - ETA: 1s - loss: 0.5334 - accuracy: 0.8297
357/782 [============>.................] - ETA: 0s - loss: 0.5326 - accuracy: 0.8302
384/782 [=============>................] - ETA: 0s - loss: 0.5336 - accuracy: 0.8301
412/782 [==============>...............] - ETA: 0s - loss: 0.5361 - accuracy: 0.8286
439/782 [===============>..............] - ETA: 0s - loss: 0.5353 - accuracy: 0.8288
466/782 [================>.............] - ETA: 0s - loss: 0.5383 - accuracy: 0.8276
493/782 [=================>............] - ETA: 0s - loss: 0.5409 - accuracy: 0.8266
521/782 [==================>...........] - ETA: 0s - loss: 0.5424 - accuracy: 0.8263
548/782 [====================>.........] - ETA: 0s - loss: 0.5444 - accuracy: 0.8255
574/782 [=====================>........] - ETA: 0s - loss: 0.5452 - accuracy: 0.8250
602/782 [======================>.......] - ETA: 0s - loss: 0.5459 - accuracy: 0.8250
628/782 [=======================>......] - ETA: 0s - loss: 0.5457 - accuracy: 0.8251
656/782 [========================>.....] - ETA: 0s - loss: 0.5466 - accuracy: 0.8245
683/782 [=========================>....] - ETA: 0s - loss: 0.5478 - accuracy: 0.8238
712/782 [==========================>...] - ETA: 0s - loss: 0.5499 - accuracy: 0.8229
739/782 [===========================>..] - ETA: 0s - loss: 0.5517 - accuracy: 0.8223
766/782 [============================>.] - ETA: 0s - loss: 0.5536 - accuracy: 0.8217
782/782 [==============================] - 2s 3ms/step - loss: 0.5537 - accuracy: 0.8214 - val_loss: 1.1914 - val_accuracy: 0.6133
Epoch 13/95

  1/782 [..............................] - ETA: 0s - loss: 0.5043 - accuracy: 0.8281
 23/782 [..............................] - ETA: 2s - loss: 0.4611 - accuracy: 0.8662
 48/782 [>.............................] - ETA: 1s - loss: 0.4714 - accuracy: 0.8545
 76/782 [=>............................] - ETA: 1s - loss: 0.4725 - accuracy: 0.8555
103/782 [==>...........................] - ETA: 1s - loss: 0.4693 - accuracy: 0.8586
131/782 [====>.........................] - ETA: 1s - loss: 0.4809 - accuracy: 0.8527
158/782 [=====>........................] - ETA: 1s - loss: 0.4853 - accuracy: 0.8515
185/782 [======>.......................] - ETA: 1s - loss: 0.4864 - accuracy: 0.8521
212/782 [=======>......................] - ETA: 1s - loss: 0.4899 - accuracy: 0.8501
239/782 [========>.....................] - ETA: 1s - loss: 0.4912 - accuracy: 0.8493
269/782 [=========>....................] - ETA: 1s - loss: 0.4949 - accuracy: 0.8470
296/782 [==========>...................] - ETA: 1s - loss: 0.4950 - accuracy: 0.8466
323/782 [===========>..................] - ETA: 1s - loss: 0.4925 - accuracy: 0.8481
350/782 [============>.................] - ETA: 1s - loss: 0.4934 - accuracy: 0.8472
377/782 [=============>................] - ETA: 0s - loss: 0.4960 - accuracy: 0.8456
404/782 [==============>...............] - ETA: 0s - loss: 0.4964 - accuracy: 0.8450
432/782 [===============>..............] - ETA: 0s - loss: 0.4998 - accuracy: 0.8433
458/782 [================>.............] - ETA: 0s - loss: 0.5017 - accuracy: 0.8420
485/782 [=================>............] - ETA: 0s - loss: 0.5019 - accuracy: 0.8415
512/782 [==================>...........] - ETA: 0s - loss: 0.5040 - accuracy: 0.8406
539/782 [===================>..........] - ETA: 0s - loss: 0.5065 - accuracy: 0.8398
567/782 [====================>.........] - ETA: 0s - loss: 0.5094 - accuracy: 0.8383
595/782 [=====================>........] - ETA: 0s - loss: 0.5106 - accuracy: 0.8374
623/782 [======================>.......] - ETA: 0s - loss: 0.5100 - accuracy: 0.8373
650/782 [=======================>......] - ETA: 0s - loss: 0.5124 - accuracy: 0.8360
677/782 [========================>.....] - ETA: 0s - loss: 0.5135 - accuracy: 0.8353
706/782 [==========================>...] - ETA: 0s - loss: 0.5152 - accuracy: 0.8341
733/782 [===========================>..] - ETA: 0s - loss: 0.5165 - accuracy: 0.8331
763/782 [============================>.] - ETA: 0s - loss: 0.5171 - accuracy: 0.8330
782/782 [==============================] - 2s 3ms/step - loss: 0.5181 - accuracy: 0.8325 - val_loss: 1.2295 - val_accuracy: 0.6134
Epoch 14/95

  1/782 [..............................] - ETA: 12s - loss: 0.4358 - accuracy: 0.8906
 29/782 [>.............................] - ETA: 1s - loss: 0.4329 - accuracy: 0.8777 
 56/782 [=>............................] - ETA: 1s - loss: 0.4346 - accuracy: 0.8792
 78/782 [=>............................] - ETA: 1s - loss: 0.4435 - accuracy: 0.8740
104/782 [==>...........................] - ETA: 1s - loss: 0.4470 - accuracy: 0.8736
131/782 [====>.........................] - ETA: 1s - loss: 0.4512 - accuracy: 0.8688
159/782 [=====>........................] - ETA: 1s - loss: 0.4548 - accuracy: 0.8650
186/782 [======>.......................] - ETA: 1s - loss: 0.4552 - accuracy: 0.8629
214/782 [=======>......................] - ETA: 1s - loss: 0.4549 - accuracy: 0.8625
241/782 [========>.....................] - ETA: 1s - loss: 0.4576 - accuracy: 0.8603
270/782 [=========>....................] - ETA: 1s - loss: 0.4587 - accuracy: 0.8589
298/782 [==========>...................] - ETA: 1s - loss: 0.4619 - accuracy: 0.8573
325/782 [===========>..................] - ETA: 1s - loss: 0.4663 - accuracy: 0.8552
352/782 [============>.................] - ETA: 0s - loss: 0.4704 - accuracy: 0.8533
379/782 [=============>................] - ETA: 0s - loss: 0.4711 - accuracy: 0.8519
406/782 [==============>...............] - ETA: 0s - loss: 0.4745 - accuracy: 0.8504
433/782 [===============>..............] - ETA: 0s - loss: 0.4767 - accuracy: 0.8486
460/782 [================>.............] - ETA: 0s - loss: 0.4803 - accuracy: 0.8474
487/782 [=================>............] - ETA: 0s - loss: 0.4813 - accuracy: 0.8461
514/782 [==================>...........] - ETA: 0s - loss: 0.4847 - accuracy: 0.8451
541/782 [===================>..........] - ETA: 0s - loss: 0.4840 - accuracy: 0.8452
567/782 [====================>.........] - ETA: 0s - loss: 0.4836 - accuracy: 0.8450
595/782 [=====================>........] - ETA: 0s - loss: 0.4844 - accuracy: 0.8448
622/782 [======================>.......] - ETA: 0s - loss: 0.4862 - accuracy: 0.8441
649/782 [=======================>......] - ETA: 0s - loss: 0.4858 - accuracy: 0.8442
676/782 [========================>.....] - ETA: 0s - loss: 0.4865 - accuracy: 0.8439
705/782 [==========================>...] - ETA: 0s - loss: 0.4882 - accuracy: 0.8428
732/782 [===========================>..] - ETA: 0s - loss: 0.4895 - accuracy: 0.8425
759/782 [============================>.] - ETA: 0s - loss: 0.4901 - accuracy: 0.8418
782/782 [==============================] - 2s 3ms/step - loss: 0.4915 - accuracy: 0.8412 - val_loss: 1.2486 - val_accuracy: 0.6073
Epoch 14: early stopping

  1/313 [..............................] - ETA: 4s - loss: 0.6385 - accuracy: 0.6875
 35/313 [==>...........................] - ETA: 0s - loss: 1.1596 - accuracy: 0.6161
 78/313 [======>.......................] - ETA: 0s - loss: 1.2276 - accuracy: 0.6030
121/313 [==========>...................] - ETA: 0s - loss: 1.2273 - accuracy: 0.6105
163/313 [==============>...............] - ETA: 0s - loss: 1.2191 - accuracy: 0.6150
205/313 [==================>...........] - ETA: 0s - loss: 1.2283 - accuracy: 0.6110
248/313 [======================>.......] - ETA: 0s - loss: 1.2340 - accuracy: 0.6118
287/313 [==========================>...] - ETA: 0s - loss: 1.2404 - accuracy: 0.6104
313/313 [==============================] - 0s 2ms/step - loss: 1.2486 - accuracy: 0.6073
