2024-06-21 20:51:55.293468: I tensorflow/core/platform/cpu_feature_guard.cc:193] This TensorFlow binary is optimized with oneAPI Deep Neural Network Library (oneDNN) to use the following CPU instructions in performance-critical operations:  AVX AVX2
To enable them in other operations, rebuild TensorFlow with the appropriate compiler flags.
2024-06-21 20:51:55.748085: I tensorflow/core/common_runtime/gpu/gpu_device.cc:1616] Created device /job:localhost/replica:0/task:0/device:GPU:0 with 6144 MB memory:  -> device: 0, name: NVIDIA GeForce RTX 4060 Ti, pci bus id: 0000:01:00.0, compute capability: 8.9
1 Physical GPUs, 1 Logical GPUs
Model: "sequential"
_________________________________________________________________
 Layer (type)                Output Shape              Param #   
=================================================================
 conv2d (Conv2D)             (None, 32, 32, 32)        896       
                                                                 
 max_pooling2d (MaxPooling2D  (None, 16, 16, 32)       0         
 )                                                               
                                                                 
 batch_normalization (BatchN  (None, 16, 16, 32)       128       
 ormalization)                                                   
                                                                 
 dropout (Dropout)           (None, 16, 16, 32)        0         
                                                                 
 flatten (Flatten)           (None, 8192)              0         
                                                                 
 dense (Dense)               (None, 10)                81930     
                                                                 
=================================================================
Total params: 82,954
Trainable params: 82,890
Non-trainable params: 64
_________________________________________________________________
Taxa de aprendizado:  0.001 Num de épocas:  111 Tamanho do lote:  64 Dropout:  0.14
Epoch 1/111
2024-06-21 20:51:56.794989: I tensorflow/stream_executor/cuda/cuda_dnn.cc:384] Loaded cuDNN version 8100
2024-06-21 20:51:57.461637: W tensorflow/stream_executor/gpu/redzone_allocator.cc:314] INTERNAL: ptxas exited with non-zero error code -1, output: 
Relying on driver to perform ptx compilation. 
Modify $PATH to customize ptxas location.
This message will be only logged once.
2024-06-21 20:51:58.048857: I tensorflow/stream_executor/cuda/cuda_blas.cc:1614] TensorFloat-32 will be used for the matrix multiplication. This will only be logged once.

  1/782 [..............................] - ETA: 28:45 - loss: 2.6858 - accuracy: 0.1406
 21/782 [..............................] - ETA: 1s - loss: 2.2617 - accuracy: 0.2723   
 44/782 [>.............................] - ETA: 1s - loss: 2.0773 - accuracy: 0.3118
 66/782 [=>............................] - ETA: 1s - loss: 1.9899 - accuracy: 0.3284
 88/782 [==>...........................] - ETA: 1s - loss: 1.9059 - accuracy: 0.3528
110/782 [===>..........................] - ETA: 1s - loss: 1.8620 - accuracy: 0.3645
134/782 [====>.........................] - ETA: 1s - loss: 1.8148 - accuracy: 0.3793
156/782 [====>.........................] - ETA: 1s - loss: 1.7745 - accuracy: 0.3898
179/782 [=====>........................] - ETA: 1s - loss: 1.7414 - accuracy: 0.3979
202/782 [======>.......................] - ETA: 1s - loss: 1.7084 - accuracy: 0.4074
225/782 [=======>......................] - ETA: 1s - loss: 1.6779 - accuracy: 0.4176
250/782 [========>.....................] - ETA: 1s - loss: 1.6502 - accuracy: 0.4265
273/782 [=========>....................] - ETA: 1s - loss: 1.6331 - accuracy: 0.4341
290/782 [==========>...................] - ETA: 1s - loss: 1.6219 - accuracy: 0.4371
312/782 [==========>...................] - ETA: 1s - loss: 1.6081 - accuracy: 0.4416
335/782 [===========>..................] - ETA: 1s - loss: 1.5930 - accuracy: 0.4481
358/782 [============>.................] - ETA: 0s - loss: 1.5773 - accuracy: 0.4541
381/782 [=============>................] - ETA: 0s - loss: 1.5611 - accuracy: 0.4588
403/782 [==============>...............] - ETA: 0s - loss: 1.5474 - accuracy: 0.4636
426/782 [===============>..............] - ETA: 0s - loss: 1.5329 - accuracy: 0.4684
449/782 [================>.............] - ETA: 0s - loss: 1.5213 - accuracy: 0.4724
472/782 [=================>............] - ETA: 0s - loss: 1.5121 - accuracy: 0.4757
494/782 [=================>............] - ETA: 0s - loss: 1.5024 - accuracy: 0.4792
516/782 [==================>...........] - ETA: 0s - loss: 1.4961 - accuracy: 0.4814
541/782 [===================>..........] - ETA: 0s - loss: 1.4862 - accuracy: 0.4849
564/782 [====================>.........] - ETA: 0s - loss: 1.4785 - accuracy: 0.4874
585/782 [=====================>........] - ETA: 0s - loss: 1.4718 - accuracy: 0.4899
607/782 [======================>.......] - ETA: 0s - loss: 1.4654 - accuracy: 0.4915
630/782 [=======================>......] - ETA: 0s - loss: 1.4580 - accuracy: 0.4940
653/782 [========================>.....] - ETA: 0s - loss: 1.4476 - accuracy: 0.4975
676/782 [========================>.....] - ETA: 0s - loss: 1.4412 - accuracy: 0.4995
698/782 [=========================>....] - ETA: 0s - loss: 1.4337 - accuracy: 0.5023
719/782 [==========================>...] - ETA: 0s - loss: 1.4303 - accuracy: 0.5037
743/782 [===========================>..] - ETA: 0s - loss: 1.4252 - accuracy: 0.5055
767/782 [============================>.] - ETA: 0s - loss: 1.4205 - accuracy: 0.5073
782/782 [==============================] - 5s 3ms/step - loss: 1.4170 - accuracy: 0.5086 - val_loss: 1.2182 - val_accuracy: 0.5640
Epoch 2/111

  1/782 [..............................] - ETA: 7s - loss: 0.9748 - accuracy: 0.6562
 21/782 [..............................] - ETA: 1s - loss: 1.0185 - accuracy: 0.6525
 43/782 [>.............................] - ETA: 1s - loss: 1.0578 - accuracy: 0.6323
 64/782 [=>............................] - ETA: 1s - loss: 1.1185 - accuracy: 0.6094
 84/782 [==>...........................] - ETA: 1s - loss: 1.1220 - accuracy: 0.6094
107/782 [===>..........................] - ETA: 1s - loss: 1.1159 - accuracy: 0.6111
129/782 [===>..........................] - ETA: 1s - loss: 1.1192 - accuracy: 0.6097
153/782 [====>.........................] - ETA: 1s - loss: 1.1147 - accuracy: 0.6123
176/782 [=====>........................] - ETA: 1s - loss: 1.1160 - accuracy: 0.6126
198/782 [======>.......................] - ETA: 1s - loss: 1.1138 - accuracy: 0.6143
219/782 [=======>......................] - ETA: 1s - loss: 1.1139 - accuracy: 0.6149
241/782 [========>.....................] - ETA: 1s - loss: 1.1138 - accuracy: 0.6151
265/782 [=========>....................] - ETA: 1s - loss: 1.1158 - accuracy: 0.6156
288/782 [==========>...................] - ETA: 1s - loss: 1.1166 - accuracy: 0.6160
310/782 [==========>...................] - ETA: 1s - loss: 1.1187 - accuracy: 0.6144
333/782 [===========>..................] - ETA: 1s - loss: 1.1168 - accuracy: 0.6150
357/782 [============>.................] - ETA: 0s - loss: 1.1178 - accuracy: 0.6141
373/782 [=============>................] - ETA: 0s - loss: 1.1159 - accuracy: 0.6131
395/782 [==============>...............] - ETA: 0s - loss: 1.1137 - accuracy: 0.6148
416/782 [==============>...............] - ETA: 0s - loss: 1.1149 - accuracy: 0.6134
439/782 [===============>..............] - ETA: 0s - loss: 1.1145 - accuracy: 0.6128
462/782 [================>.............] - ETA: 0s - loss: 1.1167 - accuracy: 0.6119
485/782 [=================>............] - ETA: 0s - loss: 1.1178 - accuracy: 0.6116
507/782 [==================>...........] - ETA: 0s - loss: 1.1177 - accuracy: 0.6119
530/782 [===================>..........] - ETA: 0s - loss: 1.1187 - accuracy: 0.6111
555/782 [====================>.........] - ETA: 0s - loss: 1.1177 - accuracy: 0.6116
578/782 [=====================>........] - ETA: 0s - loss: 1.1193 - accuracy: 0.6117
602/782 [======================>.......] - ETA: 0s - loss: 1.1191 - accuracy: 0.6115
625/782 [======================>.......] - ETA: 0s - loss: 1.1182 - accuracy: 0.6116
648/782 [=======================>......] - ETA: 0s - loss: 1.1205 - accuracy: 0.6106
670/782 [========================>.....] - ETA: 0s - loss: 1.1200 - accuracy: 0.6109
696/782 [=========================>....] - ETA: 0s - loss: 1.1193 - accuracy: 0.6117
721/782 [==========================>...] - ETA: 0s - loss: 1.1191 - accuracy: 0.6116
746/782 [===========================>..] - ETA: 0s - loss: 1.1181 - accuracy: 0.6124
769/782 [============================>.] - ETA: 0s - loss: 1.1173 - accuracy: 0.6124
782/782 [==============================] - 2s 3ms/step - loss: 1.1168 - accuracy: 0.6128 - val_loss: 1.3611 - val_accuracy: 0.5440
Epoch 3/111

  1/782 [..............................] - ETA: 7s - loss: 0.9324 - accuracy: 0.6094
 24/782 [..............................] - ETA: 1s - loss: 0.9597 - accuracy: 0.6576
 46/782 [>.............................] - ETA: 1s - loss: 0.9653 - accuracy: 0.6610
 68/782 [=>............................] - ETA: 1s - loss: 0.9682 - accuracy: 0.6654
 91/782 [==>...........................] - ETA: 1s - loss: 0.9814 - accuracy: 0.6602
113/782 [===>..........................] - ETA: 1s - loss: 0.9838 - accuracy: 0.6594
135/782 [====>.........................] - ETA: 1s - loss: 0.9799 - accuracy: 0.6594
157/782 [=====>........................] - ETA: 1s - loss: 0.9819 - accuracy: 0.6593
179/782 [=====>........................] - ETA: 1s - loss: 0.9816 - accuracy: 0.6599
201/782 [======>.......................] - ETA: 1s - loss: 0.9876 - accuracy: 0.6568
223/782 [=======>......................] - ETA: 1s - loss: 0.9924 - accuracy: 0.6547
245/782 [========>.....................] - ETA: 1s - loss: 0.9941 - accuracy: 0.6535
268/782 [=========>....................] - ETA: 1s - loss: 0.9965 - accuracy: 0.6531
291/782 [==========>...................] - ETA: 1s - loss: 0.9974 - accuracy: 0.6535
314/782 [===========>..................] - ETA: 1s - loss: 1.0019 - accuracy: 0.6520
337/782 [===========>..................] - ETA: 1s - loss: 1.0063 - accuracy: 0.6502
360/782 [============>.................] - ETA: 0s - loss: 1.0062 - accuracy: 0.6507
382/782 [=============>................] - ETA: 0s - loss: 1.0087 - accuracy: 0.6497
404/782 [==============>...............] - ETA: 0s - loss: 1.0047 - accuracy: 0.6518
428/782 [===============>..............] - ETA: 0s - loss: 1.0091 - accuracy: 0.6497
450/782 [================>.............] - ETA: 0s - loss: 1.0124 - accuracy: 0.6488
473/782 [=================>............] - ETA: 0s - loss: 1.0134 - accuracy: 0.6485
495/782 [=================>............] - ETA: 0s - loss: 1.0135 - accuracy: 0.6481
517/782 [==================>...........] - ETA: 0s - loss: 1.0126 - accuracy: 0.6483
540/782 [===================>..........] - ETA: 0s - loss: 1.0143 - accuracy: 0.6479
563/782 [====================>.........] - ETA: 0s - loss: 1.0143 - accuracy: 0.6480
584/782 [=====================>........] - ETA: 0s - loss: 1.0135 - accuracy: 0.6478
607/782 [======================>.......] - ETA: 0s - loss: 1.0141 - accuracy: 0.6480
630/782 [=======================>......] - ETA: 0s - loss: 1.0167 - accuracy: 0.6470
653/782 [========================>.....] - ETA: 0s - loss: 1.0181 - accuracy: 0.6470
676/782 [========================>.....] - ETA: 0s - loss: 1.0186 - accuracy: 0.6473
698/782 [=========================>....] - ETA: 0s - loss: 1.0191 - accuracy: 0.6474
724/782 [==========================>...] - ETA: 0s - loss: 1.0191 - accuracy: 0.6471
746/782 [===========================>..] - ETA: 0s - loss: 1.0200 - accuracy: 0.6468
769/782 [============================>.] - ETA: 0s - loss: 1.0206 - accuracy: 0.6468
782/782 [==============================] - 2s 3ms/step - loss: 1.0209 - accuracy: 0.6468 - val_loss: 1.1997 - val_accuracy: 0.5851
Epoch 4/111

  1/782 [..............................] - ETA: 7s - loss: 0.8690 - accuracy: 0.7188
 23/782 [..............................] - ETA: 1s - loss: 0.8989 - accuracy: 0.6868
 44/782 [>.............................] - ETA: 1s - loss: 0.8820 - accuracy: 0.6947
 67/782 [=>............................] - ETA: 1s - loss: 0.8928 - accuracy: 0.6934
 89/782 [==>...........................] - ETA: 1s - loss: 0.8939 - accuracy: 0.6942
111/782 [===>..........................] - ETA: 1s - loss: 0.9084 - accuracy: 0.6878
134/782 [====>.........................] - ETA: 1s - loss: 0.9044 - accuracy: 0.6876
156/782 [====>.........................] - ETA: 1s - loss: 0.9150 - accuracy: 0.6840
178/782 [=====>........................] - ETA: 1s - loss: 0.9164 - accuracy: 0.6836
202/782 [======>.......................] - ETA: 1s - loss: 0.9217 - accuracy: 0.6816
226/782 [=======>......................] - ETA: 1s - loss: 0.9237 - accuracy: 0.6802
249/782 [========>.....................] - ETA: 1s - loss: 0.9258 - accuracy: 0.6805
272/782 [=========>....................] - ETA: 1s - loss: 0.9305 - accuracy: 0.6790
294/782 [==========>...................] - ETA: 1s - loss: 0.9337 - accuracy: 0.6782
316/782 [===========>..................] - ETA: 1s - loss: 0.9350 - accuracy: 0.6781
337/782 [===========>..................] - ETA: 1s - loss: 0.9362 - accuracy: 0.6776
361/782 [============>.................] - ETA: 0s - loss: 0.9394 - accuracy: 0.6756
383/782 [=============>................] - ETA: 0s - loss: 0.9421 - accuracy: 0.6736
404/782 [==============>...............] - ETA: 0s - loss: 0.9413 - accuracy: 0.6738
428/782 [===============>..............] - ETA: 0s - loss: 0.9400 - accuracy: 0.6738
451/782 [================>.............] - ETA: 0s - loss: 0.9395 - accuracy: 0.6732
473/782 [=================>............] - ETA: 0s - loss: 0.9413 - accuracy: 0.6724
496/782 [==================>...........] - ETA: 0s - loss: 0.9423 - accuracy: 0.6718
518/782 [==================>...........] - ETA: 0s - loss: 0.9446 - accuracy: 0.6714
540/782 [===================>..........] - ETA: 0s - loss: 0.9458 - accuracy: 0.6710
563/782 [====================>.........] - ETA: 0s - loss: 0.9507 - accuracy: 0.6697
585/782 [=====================>........] - ETA: 0s - loss: 0.9544 - accuracy: 0.6688
607/782 [======================>.......] - ETA: 0s - loss: 0.9558 - accuracy: 0.6679
630/782 [=======================>......] - ETA: 0s - loss: 0.9570 - accuracy: 0.6671
654/782 [========================>.....] - ETA: 0s - loss: 0.9601 - accuracy: 0.6664
677/782 [========================>.....] - ETA: 0s - loss: 0.9604 - accuracy: 0.6660
702/782 [=========================>....] - ETA: 0s - loss: 0.9629 - accuracy: 0.6652
725/782 [==========================>...] - ETA: 0s - loss: 0.9651 - accuracy: 0.6650
748/782 [===========================>..] - ETA: 0s - loss: 0.9656 - accuracy: 0.6647
772/782 [============================>.] - ETA: 0s - loss: 0.9659 - accuracy: 0.6648
782/782 [==============================] - 2s 3ms/step - loss: 0.9662 - accuracy: 0.6644 - val_loss: 1.2613 - val_accuracy: 0.5719
Epoch 5/111

  1/782 [..............................] - ETA: 7s - loss: 0.8358 - accuracy: 0.8125
 24/782 [..............................] - ETA: 1s - loss: 0.8511 - accuracy: 0.7077
 46/782 [>.............................] - ETA: 1s - loss: 0.8606 - accuracy: 0.7031
 67/782 [=>............................] - ETA: 1s - loss: 0.8741 - accuracy: 0.6954
 88/782 [==>...........................] - ETA: 1s - loss: 0.8709 - accuracy: 0.6978
110/782 [===>..........................] - ETA: 1s - loss: 0.8610 - accuracy: 0.6999
132/782 [====>.........................] - ETA: 1s - loss: 0.8743 - accuracy: 0.6952
154/782 [====>.........................] - ETA: 1s - loss: 0.8825 - accuracy: 0.6916
176/782 [=====>........................] - ETA: 1s - loss: 0.8838 - accuracy: 0.6906
198/782 [======>.......................] - ETA: 1s - loss: 0.8802 - accuracy: 0.6911
220/782 [=======>......................] - ETA: 1s - loss: 0.8818 - accuracy: 0.6911
239/782 [========>.....................] - ETA: 1s - loss: 0.8889 - accuracy: 0.6887
252/782 [========>.....................] - ETA: 1s - loss: 0.8898 - accuracy: 0.6880
271/782 [=========>....................] - ETA: 1s - loss: 0.8904 - accuracy: 0.6887
293/782 [==========>...................] - ETA: 1s - loss: 0.8925 - accuracy: 0.6874
315/782 [===========>..................] - ETA: 1s - loss: 0.8964 - accuracy: 0.6868
340/782 [============>.................] - ETA: 1s - loss: 0.8983 - accuracy: 0.6871
365/782 [=============>................] - ETA: 0s - loss: 0.8993 - accuracy: 0.6861
387/782 [=============>................] - ETA: 0s - loss: 0.9033 - accuracy: 0.6853
411/782 [==============>...............] - ETA: 0s - loss: 0.9056 - accuracy: 0.6848
433/782 [===============>..............] - ETA: 0s - loss: 0.9080 - accuracy: 0.6838
456/782 [================>.............] - ETA: 0s - loss: 0.9109 - accuracy: 0.6831
478/782 [=================>............] - ETA: 0s - loss: 0.9148 - accuracy: 0.6822
501/782 [==================>...........] - ETA: 0s - loss: 0.9159 - accuracy: 0.6817
525/782 [===================>..........] - ETA: 0s - loss: 0.9185 - accuracy: 0.6815
548/782 [====================>.........] - ETA: 0s - loss: 0.9208 - accuracy: 0.6801
571/782 [====================>.........] - ETA: 0s - loss: 0.9203 - accuracy: 0.6807
593/782 [=====================>........] - ETA: 0s - loss: 0.9207 - accuracy: 0.6804
615/782 [======================>.......] - ETA: 0s - loss: 0.9219 - accuracy: 0.6803
638/782 [=======================>......] - ETA: 0s - loss: 0.9227 - accuracy: 0.6795
660/782 [========================>.....] - ETA: 0s - loss: 0.9228 - accuracy: 0.6799
682/782 [=========================>....] - ETA: 0s - loss: 0.9226 - accuracy: 0.6795
703/782 [=========================>....] - ETA: 0s - loss: 0.9248 - accuracy: 0.6788
725/782 [==========================>...] - ETA: 0s - loss: 0.9260 - accuracy: 0.6781
747/782 [===========================>..] - ETA: 0s - loss: 0.9269 - accuracy: 0.6781
769/782 [============================>.] - ETA: 0s - loss: 0.9267 - accuracy: 0.6779
782/782 [==============================] - 2s 3ms/step - loss: 0.9266 - accuracy: 0.6778 - val_loss: 1.1348 - val_accuracy: 0.6209
Epoch 6/111

  1/782 [..............................] - ETA: 7s - loss: 0.7795 - accuracy: 0.7344
 22/782 [..............................] - ETA: 1s - loss: 0.8255 - accuracy: 0.7202
 46/782 [>.............................] - ETA: 1s - loss: 0.8178 - accuracy: 0.7186
 68/782 [=>............................] - ETA: 1s - loss: 0.8156 - accuracy: 0.7175
 91/782 [==>...........................] - ETA: 1s - loss: 0.8184 - accuracy: 0.7166
116/782 [===>..........................] - ETA: 1s - loss: 0.8238 - accuracy: 0.7162
137/782 [====>.........................] - ETA: 1s - loss: 0.8214 - accuracy: 0.7156
160/782 [=====>........................] - ETA: 1s - loss: 0.8312 - accuracy: 0.7128
182/782 [=====>........................] - ETA: 1s - loss: 0.8353 - accuracy: 0.7108
205/782 [======>.......................] - ETA: 1s - loss: 0.8411 - accuracy: 0.7070
228/782 [=======>......................] - ETA: 1s - loss: 0.8480 - accuracy: 0.7040
251/782 [========>.....................] - ETA: 1s - loss: 0.8504 - accuracy: 0.7029
273/782 [=========>....................] - ETA: 1s - loss: 0.8523 - accuracy: 0.7026
294/782 [==========>...................] - ETA: 1s - loss: 0.8539 - accuracy: 0.7008
317/782 [===========>..................] - ETA: 1s - loss: 0.8563 - accuracy: 0.6995
340/782 [============>.................] - ETA: 0s - loss: 0.8567 - accuracy: 0.6995
363/782 [============>.................] - ETA: 0s - loss: 0.8563 - accuracy: 0.6995
386/782 [=============>................] - ETA: 0s - loss: 0.8619 - accuracy: 0.6982
410/782 [==============>...............] - ETA: 0s - loss: 0.8642 - accuracy: 0.6975
433/782 [===============>..............] - ETA: 0s - loss: 0.8642 - accuracy: 0.6980
455/782 [================>.............] - ETA: 0s - loss: 0.8647 - accuracy: 0.6979
478/782 [=================>............] - ETA: 0s - loss: 0.8657 - accuracy: 0.6976
501/782 [==================>...........] - ETA: 0s - loss: 0.8673 - accuracy: 0.6976
524/782 [===================>..........] - ETA: 0s - loss: 0.8677 - accuracy: 0.6975
546/782 [===================>..........] - ETA: 0s - loss: 0.8697 - accuracy: 0.6975
568/782 [====================>.........] - ETA: 0s - loss: 0.8722 - accuracy: 0.6965
590/782 [=====================>........] - ETA: 0s - loss: 0.8741 - accuracy: 0.6955
612/782 [======================>.......] - ETA: 0s - loss: 0.8767 - accuracy: 0.6947
634/782 [=======================>......] - ETA: 0s - loss: 0.8792 - accuracy: 0.6942
658/782 [========================>.....] - ETA: 0s - loss: 0.8825 - accuracy: 0.6928
680/782 [=========================>....] - ETA: 0s - loss: 0.8869 - accuracy: 0.6919
704/782 [==========================>...] - ETA: 0s - loss: 0.8878 - accuracy: 0.6918
727/782 [==========================>...] - ETA: 0s - loss: 0.8898 - accuracy: 0.6909
750/782 [===========================>..] - ETA: 0s - loss: 0.8903 - accuracy: 0.6904
773/782 [============================>.] - ETA: 0s - loss: 0.8924 - accuracy: 0.6898
782/782 [==============================] - 2s 3ms/step - loss: 0.8929 - accuracy: 0.6896 - val_loss: 1.1315 - val_accuracy: 0.6230
Epoch 7/111

  1/782 [..............................] - ETA: 7s - loss: 0.8436 - accuracy: 0.7344
 22/782 [..............................] - ETA: 1s - loss: 0.7887 - accuracy: 0.7273
 44/782 [>.............................] - ETA: 1s - loss: 0.7939 - accuracy: 0.7305
 67/782 [=>............................] - ETA: 1s - loss: 0.7986 - accuracy: 0.7299
 88/782 [==>...........................] - ETA: 1s - loss: 0.7944 - accuracy: 0.7314
111/782 [===>..........................] - ETA: 1s - loss: 0.7933 - accuracy: 0.7318
132/782 [====>.........................] - ETA: 1s - loss: 0.7916 - accuracy: 0.7326
154/782 [====>.........................] - ETA: 1s - loss: 0.8011 - accuracy: 0.7285
176/782 [=====>........................] - ETA: 1s - loss: 0.8094 - accuracy: 0.7240
197/782 [======>.......................] - ETA: 1s - loss: 0.8070 - accuracy: 0.7230
219/782 [=======>......................] - ETA: 1s - loss: 0.8089 - accuracy: 0.7214
240/782 [========>.....................] - ETA: 1s - loss: 0.8176 - accuracy: 0.7174
263/782 [=========>....................] - ETA: 1s - loss: 0.8196 - accuracy: 0.7167
286/782 [=========>....................] - ETA: 1s - loss: 0.8217 - accuracy: 0.7156
308/782 [==========>...................] - ETA: 1s - loss: 0.8280 - accuracy: 0.7126
332/782 [===========>..................] - ETA: 1s - loss: 0.8314 - accuracy: 0.7105
355/782 [============>.................] - ETA: 0s - loss: 0.8329 - accuracy: 0.7093
378/782 [=============>................] - ETA: 0s - loss: 0.8353 - accuracy: 0.7085
401/782 [==============>...............] - ETA: 0s - loss: 0.8373 - accuracy: 0.7074
425/782 [===============>..............] - ETA: 0s - loss: 0.8369 - accuracy: 0.7079
447/782 [================>.............] - ETA: 0s - loss: 0.8371 - accuracy: 0.7075
472/782 [=================>............] - ETA: 0s - loss: 0.8378 - accuracy: 0.7073
496/782 [==================>...........] - ETA: 0s - loss: 0.8408 - accuracy: 0.7059
520/782 [==================>...........] - ETA: 0s - loss: 0.8398 - accuracy: 0.7062
542/782 [===================>..........] - ETA: 0s - loss: 0.8415 - accuracy: 0.7059
565/782 [====================>.........] - ETA: 0s - loss: 0.8441 - accuracy: 0.7051
589/782 [=====================>........] - ETA: 0s - loss: 0.8450 - accuracy: 0.7047
612/782 [======================>.......] - ETA: 0s - loss: 0.8453 - accuracy: 0.7040
635/782 [=======================>......] - ETA: 0s - loss: 0.8477 - accuracy: 0.7033
659/782 [========================>.....] - ETA: 0s - loss: 0.8506 - accuracy: 0.7027
683/782 [=========================>....] - ETA: 0s - loss: 0.8503 - accuracy: 0.7027
707/782 [==========================>...] - ETA: 0s - loss: 0.8547 - accuracy: 0.7012
731/782 [===========================>..] - ETA: 0s - loss: 0.8573 - accuracy: 0.7005
755/782 [===========================>..] - ETA: 0s - loss: 0.8601 - accuracy: 0.7000
778/782 [============================>.] - ETA: 0s - loss: 0.8611 - accuracy: 0.6996
782/782 [==============================] - 2s 3ms/step - loss: 0.8615 - accuracy: 0.6995 - val_loss: 1.6787 - val_accuracy: 0.5335
Epoch 8/111

  1/782 [..............................] - ETA: 7s - loss: 0.6400 - accuracy: 0.7344
 24/782 [..............................] - ETA: 1s - loss: 0.7877 - accuracy: 0.7402
 47/782 [>.............................] - ETA: 1s - loss: 0.7799 - accuracy: 0.7420
 73/782 [=>............................] - ETA: 1s - loss: 0.7909 - accuracy: 0.7354
 98/782 [==>...........................] - ETA: 1s - loss: 0.8012 - accuracy: 0.7299
122/782 [===>..........................] - ETA: 1s - loss: 0.7946 - accuracy: 0.7278
146/782 [====>.........................] - ETA: 1s - loss: 0.8049 - accuracy: 0.7237
170/782 [=====>........................] - ETA: 1s - loss: 0.8004 - accuracy: 0.7245
194/782 [======>.......................] - ETA: 1s - loss: 0.8010 - accuracy: 0.7231
218/782 [=======>......................] - ETA: 1s - loss: 0.8018 - accuracy: 0.7224
243/782 [========>.....................] - ETA: 1s - loss: 0.8051 - accuracy: 0.7209
265/782 [=========>....................] - ETA: 1s - loss: 0.8092 - accuracy: 0.7180
289/782 [==========>...................] - ETA: 1s - loss: 0.8078 - accuracy: 0.7177
313/782 [===========>..................] - ETA: 0s - loss: 0.8082 - accuracy: 0.7179
335/782 [===========>..................] - ETA: 0s - loss: 0.8092 - accuracy: 0.7177
360/782 [============>.................] - ETA: 0s - loss: 0.8114 - accuracy: 0.7178
384/782 [=============>................] - ETA: 0s - loss: 0.8144 - accuracy: 0.7155
408/782 [==============>...............] - ETA: 0s - loss: 0.8145 - accuracy: 0.7156
433/782 [===============>..............] - ETA: 0s - loss: 0.8171 - accuracy: 0.7150
457/782 [================>.............] - ETA: 0s - loss: 0.8186 - accuracy: 0.7144
482/782 [=================>............] - ETA: 0s - loss: 0.8185 - accuracy: 0.7140
504/782 [==================>...........] - ETA: 0s - loss: 0.8199 - accuracy: 0.7135
527/782 [===================>..........] - ETA: 0s - loss: 0.8227 - accuracy: 0.7130
550/782 [====================>.........] - ETA: 0s - loss: 0.8238 - accuracy: 0.7120
574/782 [=====================>........] - ETA: 0s - loss: 0.8247 - accuracy: 0.7121
597/782 [=====================>........] - ETA: 0s - loss: 0.8266 - accuracy: 0.7113
620/782 [======================>.......] - ETA: 0s - loss: 0.8288 - accuracy: 0.7107
645/782 [=======================>......] - ETA: 0s - loss: 0.8292 - accuracy: 0.7110
670/782 [========================>.....] - ETA: 0s - loss: 0.8314 - accuracy: 0.7103
696/782 [=========================>....] - ETA: 0s - loss: 0.8340 - accuracy: 0.7095
720/782 [==========================>...] - ETA: 0s - loss: 0.8340 - accuracy: 0.7095
743/782 [===========================>..] - ETA: 0s - loss: 0.8353 - accuracy: 0.7089
767/782 [============================>.] - ETA: 0s - loss: 0.8373 - accuracy: 0.7081
782/782 [==============================] - 2s 3ms/step - loss: 0.8387 - accuracy: 0.7075 - val_loss: 1.3763 - val_accuracy: 0.5595
Epoch 9/111

  1/782 [..............................] - ETA: 7s - loss: 0.6128 - accuracy: 0.8438
 24/782 [..............................] - ETA: 1s - loss: 0.7568 - accuracy: 0.7493
 46/782 [>.............................] - ETA: 1s - loss: 0.7880 - accuracy: 0.7296
 69/782 [=>............................] - ETA: 1s - loss: 0.7831 - accuracy: 0.7328
 91/782 [==>...........................] - ETA: 1s - loss: 0.7881 - accuracy: 0.7279
114/782 [===>..........................] - ETA: 1s - loss: 0.7844 - accuracy: 0.7267
137/782 [====>.........................] - ETA: 1s - loss: 0.7828 - accuracy: 0.7280
160/782 [=====>........................] - ETA: 1s - loss: 0.7763 - accuracy: 0.7301
183/782 [======>.......................] - ETA: 1s - loss: 0.7777 - accuracy: 0.7300
206/782 [======>.......................] - ETA: 1s - loss: 0.7807 - accuracy: 0.7287
230/782 [=======>......................] - ETA: 1s - loss: 0.7836 - accuracy: 0.7271
253/782 [========>.....................] - ETA: 1s - loss: 0.7874 - accuracy: 0.7270
276/782 [=========>....................] - ETA: 1s - loss: 0.7883 - accuracy: 0.7264
301/782 [==========>...................] - ETA: 1s - loss: 0.7902 - accuracy: 0.7260
323/782 [===========>..................] - ETA: 1s - loss: 0.7937 - accuracy: 0.7247
348/782 [============>.................] - ETA: 0s - loss: 0.7977 - accuracy: 0.7240
372/782 [=============>................] - ETA: 0s - loss: 0.7968 - accuracy: 0.7239
394/782 [==============>...............] - ETA: 0s - loss: 0.7987 - accuracy: 0.7234
417/782 [==============>...............] - ETA: 0s - loss: 0.8001 - accuracy: 0.7222
440/782 [===============>..............] - ETA: 0s - loss: 0.8016 - accuracy: 0.7220
462/782 [================>.............] - ETA: 0s - loss: 0.8040 - accuracy: 0.7215
486/782 [=================>............] - ETA: 0s - loss: 0.8037 - accuracy: 0.7216
511/782 [==================>...........] - ETA: 0s - loss: 0.8047 - accuracy: 0.7214
534/782 [===================>..........] - ETA: 0s - loss: 0.8041 - accuracy: 0.7216
556/782 [====================>.........] - ETA: 0s - loss: 0.8080 - accuracy: 0.7200
579/782 [=====================>........] - ETA: 0s - loss: 0.8100 - accuracy: 0.7195
604/782 [======================>.......] - ETA: 0s - loss: 0.8110 - accuracy: 0.7187
628/782 [=======================>......] - ETA: 0s - loss: 0.8123 - accuracy: 0.7187
651/782 [=======================>......] - ETA: 0s - loss: 0.8127 - accuracy: 0.7184
675/782 [========================>.....] - ETA: 0s - loss: 0.8142 - accuracy: 0.7177
698/782 [=========================>....] - ETA: 0s - loss: 0.8158 - accuracy: 0.7175
722/782 [==========================>...] - ETA: 0s - loss: 0.8164 - accuracy: 0.7169
747/782 [===========================>..] - ETA: 0s - loss: 0.8169 - accuracy: 0.7165
771/782 [============================>.] - ETA: 0s - loss: 0.8183 - accuracy: 0.7161
782/782 [==============================] - 2s 3ms/step - loss: 0.8185 - accuracy: 0.7162 - val_loss: 1.1798 - val_accuracy: 0.6099
Epoch 10/111

  1/782 [..............................] - ETA: 7s - loss: 0.6336 - accuracy: 0.7812
 23/782 [..............................] - ETA: 1s - loss: 0.7174 - accuracy: 0.7622
 46/782 [>.............................] - ETA: 1s - loss: 0.7283 - accuracy: 0.7507
 70/782 [=>............................] - ETA: 1s - loss: 0.7332 - accuracy: 0.7473
 92/782 [==>...........................] - ETA: 1s - loss: 0.7314 - accuracy: 0.7463
114/782 [===>..........................] - ETA: 1s - loss: 0.7440 - accuracy: 0.7422
137/782 [====>.........................] - ETA: 1s - loss: 0.7485 - accuracy: 0.7414
160/782 [=====>........................] - ETA: 1s - loss: 0.7525 - accuracy: 0.7405
182/782 [=====>........................] - ETA: 1s - loss: 0.7491 - accuracy: 0.7414
205/782 [======>.......................] - ETA: 1s - loss: 0.7437 - accuracy: 0.7429
227/782 [=======>......................] - ETA: 1s - loss: 0.7454 - accuracy: 0.7433
249/782 [========>.....................] - ETA: 1s - loss: 0.7448 - accuracy: 0.7430
273/782 [=========>....................] - ETA: 1s - loss: 0.7485 - accuracy: 0.7415
297/782 [==========>...................] - ETA: 1s - loss: 0.7533 - accuracy: 0.7403
322/782 [===========>..................] - ETA: 1s - loss: 0.7557 - accuracy: 0.7389
346/782 [============>.................] - ETA: 0s - loss: 0.7596 - accuracy: 0.7371
370/782 [=============>................] - ETA: 0s - loss: 0.7613 - accuracy: 0.7361
392/782 [==============>...............] - ETA: 0s - loss: 0.7666 - accuracy: 0.7337
415/782 [==============>...............] - ETA: 0s - loss: 0.7696 - accuracy: 0.7332
438/782 [===============>..............] - ETA: 0s - loss: 0.7689 - accuracy: 0.7328
460/782 [================>.............] - ETA: 0s - loss: 0.7701 - accuracy: 0.7326
483/782 [=================>............] - ETA: 0s - loss: 0.7729 - accuracy: 0.7311
504/782 [==================>...........] - ETA: 0s - loss: 0.7756 - accuracy: 0.7301
527/782 [===================>..........] - ETA: 0s - loss: 0.7760 - accuracy: 0.7299
551/782 [====================>.........] - ETA: 0s - loss: 0.7785 - accuracy: 0.7284
574/782 [=====================>........] - ETA: 0s - loss: 0.7809 - accuracy: 0.7274
599/782 [=====================>........] - ETA: 0s - loss: 0.7836 - accuracy: 0.7272
621/782 [======================>.......] - ETA: 0s - loss: 0.7850 - accuracy: 0.7266
643/782 [=======================>......] - ETA: 0s - loss: 0.7865 - accuracy: 0.7262
665/782 [========================>.....] - ETA: 0s - loss: 0.7869 - accuracy: 0.7262
686/782 [=========================>....] - ETA: 0s - loss: 0.7881 - accuracy: 0.7260
709/782 [==========================>...] - ETA: 0s - loss: 0.7919 - accuracy: 0.7245
732/782 [===========================>..] - ETA: 0s - loss: 0.7913 - accuracy: 0.7246
756/782 [============================>.] - ETA: 0s - loss: 0.7923 - accuracy: 0.7243
777/782 [============================>.] - ETA: 0s - loss: 0.7957 - accuracy: 0.7230
782/782 [==============================] - 2s 3ms/step - loss: 0.7965 - accuracy: 0.7227 - val_loss: 1.2084 - val_accuracy: 0.6054
Epoch 11/111

  1/782 [..............................] - ETA: 7s - loss: 0.7686 - accuracy: 0.6875
 23/782 [..............................] - ETA: 1s - loss: 0.7407 - accuracy: 0.7364
 44/782 [>.............................] - ETA: 1s - loss: 0.7380 - accuracy: 0.7369
 66/782 [=>............................] - ETA: 1s - loss: 0.7285 - accuracy: 0.7410
 88/782 [==>...........................] - ETA: 1s - loss: 0.7344 - accuracy: 0.7401
112/782 [===>..........................] - ETA: 1s - loss: 0.7359 - accuracy: 0.7380
135/782 [====>.........................] - ETA: 1s - loss: 0.7441 - accuracy: 0.7366
158/782 [=====>........................] - ETA: 1s - loss: 0.7458 - accuracy: 0.7380
180/782 [=====>........................] - ETA: 1s - loss: 0.7410 - accuracy: 0.7398
202/782 [======>.......................] - ETA: 1s - loss: 0.7399 - accuracy: 0.7414
224/782 [=======>......................] - ETA: 1s - loss: 0.7439 - accuracy: 0.7396
246/782 [========>.....................] - ETA: 1s - loss: 0.7478 - accuracy: 0.7385
268/782 [=========>....................] - ETA: 1s - loss: 0.7507 - accuracy: 0.7382
290/782 [==========>...................] - ETA: 1s - loss: 0.7553 - accuracy: 0.7368
311/782 [==========>...................] - ETA: 1s - loss: 0.7526 - accuracy: 0.7370
335/782 [===========>..................] - ETA: 1s - loss: 0.7519 - accuracy: 0.7364
358/782 [============>.................] - ETA: 0s - loss: 0.7552 - accuracy: 0.7355
381/782 [=============>................] - ETA: 0s - loss: 0.7540 - accuracy: 0.7357
404/782 [==============>...............] - ETA: 0s - loss: 0.7536 - accuracy: 0.7357
426/782 [===============>..............] - ETA: 0s - loss: 0.7554 - accuracy: 0.7352
449/782 [================>.............] - ETA: 0s - loss: 0.7559 - accuracy: 0.7355
471/782 [=================>............] - ETA: 0s - loss: 0.7563 - accuracy: 0.7347
494/782 [=================>............] - ETA: 0s - loss: 0.7574 - accuracy: 0.7346
516/782 [==================>...........] - ETA: 0s - loss: 0.7584 - accuracy: 0.7345
538/782 [===================>..........] - ETA: 0s - loss: 0.7620 - accuracy: 0.7332
561/782 [====================>.........] - ETA: 0s - loss: 0.7649 - accuracy: 0.7322
583/782 [=====================>........] - ETA: 0s - loss: 0.7658 - accuracy: 0.7320
606/782 [======================>.......] - ETA: 0s - loss: 0.7667 - accuracy: 0.7320
629/782 [=======================>......] - ETA: 0s - loss: 0.7692 - accuracy: 0.7308
650/782 [=======================>......] - ETA: 0s - loss: 0.7719 - accuracy: 0.7300
673/782 [========================>.....] - ETA: 0s - loss: 0.7722 - accuracy: 0.7300
696/782 [=========================>....] - ETA: 0s - loss: 0.7738 - accuracy: 0.7292
719/782 [==========================>...] - ETA: 0s - loss: 0.7756 - accuracy: 0.7285
741/782 [===========================>..] - ETA: 0s - loss: 0.7775 - accuracy: 0.7280
764/782 [============================>.] - ETA: 0s - loss: 0.7792 - accuracy: 0.7268
782/782 [==============================] - 2s 3ms/step - loss: 0.7807 - accuracy: 0.7259 - val_loss: 1.2304 - val_accuracy: 0.6031
Epoch 11: early stopping

  1/313 [..............................] - ETA: 4s - loss: 1.1620 - accuracy: 0.5000
 34/313 [==>...........................] - ETA: 0s - loss: 1.2117 - accuracy: 0.5993
 68/313 [=====>........................] - ETA: 0s - loss: 1.2012 - accuracy: 0.6094
103/313 [========>.....................] - ETA: 0s - loss: 1.1993 - accuracy: 0.6162
139/313 [============>.................] - ETA: 0s - loss: 1.2021 - accuracy: 0.6183
174/313 [===============>..............] - ETA: 0s - loss: 1.2124 - accuracy: 0.6144
207/313 [==================>...........] - ETA: 0s - loss: 1.2141 - accuracy: 0.6116
239/313 [=====================>........] - ETA: 0s - loss: 1.2218 - accuracy: 0.6084
270/313 [========================>.....] - ETA: 0s - loss: 1.2266 - accuracy: 0.6064
301/313 [===========================>..] - ETA: 0s - loss: 1.2273 - accuracy: 0.6056
313/313 [==============================] - 0s 2ms/step - loss: 1.2304 - accuracy: 0.6031
