2024-06-21 20:54:42.219151: I tensorflow/core/platform/cpu_feature_guard.cc:193] This TensorFlow binary is optimized with oneAPI Deep Neural Network Library (oneDNN) to use the following CPU instructions in performance-critical operations:  AVX AVX2
To enable them in other operations, rebuild TensorFlow with the appropriate compiler flags.
2024-06-21 20:54:43.542970: I tensorflow/core/common_runtime/gpu/gpu_device.cc:1616] Created device /job:localhost/replica:0/task:0/device:GPU:0 with 6144 MB memory:  -> device: 0, name: NVIDIA GeForce RTX 4060 Ti, pci bus id: 0000:01:00.0, compute capability: 8.9
1 Physical GPUs, 1 Logical GPUs
Model: "sequential"
_________________________________________________________________
 Layer (type)                Output Shape              Param #   
=================================================================
 conv2d (Conv2D)             (None, 32, 32, 32)        896       
                                                                 
 max_pooling2d (MaxPooling2D  (None, 16, 16, 32)       0         
 )                                                               
                                                                 
 batch_normalization (BatchN  (None, 16, 16, 32)       128       
 ormalization)                                                   
                                                                 
 dropout (Dropout)           (None, 16, 16, 32)        0         
                                                                 
 flatten (Flatten)           (None, 8192)              0         
                                                                 
 dense (Dense)               (None, 10)                81930     
                                                                 
=================================================================
Total params: 82,954
Trainable params: 82,890
Non-trainable params: 64
_________________________________________________________________
Taxa de aprendizado:  0.001 Num de épocas:  111 Tamanho do lote:  64 Dropout:  0.14
Epoch 1/111
2024-06-21 20:54:45.364013: I tensorflow/stream_executor/cuda/cuda_dnn.cc:384] Loaded cuDNN version 8100
2024-06-21 20:54:47.179393: W tensorflow/stream_executor/gpu/redzone_allocator.cc:314] INTERNAL: ptxas exited with non-zero error code -1, output: 
Relying on driver to perform ptx compilation. 
Modify $PATH to customize ptxas location.
This message will be only logged once.
2024-06-21 20:54:48.937816: I tensorflow/stream_executor/cuda/cuda_blas.cc:1614] TensorFloat-32 will be used for the matrix multiplication. This will only be logged once.

  1/782 [..............................] - ETA: 1:11:11 - loss: 2.5154 - accuracy: 0.1406
 11/782 [..............................] - ETA: 4s - loss: 2.4659 - accuracy: 0.2088     
 21/782 [..............................] - ETA: 3s - loss: 2.2778 - accuracy: 0.2619
 31/782 [>.............................] - ETA: 3s - loss: 2.1410 - accuracy: 0.2893
 42/782 [>.............................] - ETA: 3s - loss: 2.0629 - accuracy: 0.3103
 52/782 [>.............................] - ETA: 3s - loss: 2.0096 - accuracy: 0.3254
 61/782 [=>............................] - ETA: 3s - loss: 1.9691 - accuracy: 0.3350
 71/782 [=>............................] - ETA: 3s - loss: 1.9216 - accuracy: 0.3468
 81/782 [==>...........................] - ETA: 3s - loss: 1.8815 - accuracy: 0.3561
 92/782 [==>...........................] - ETA: 3s - loss: 1.8505 - accuracy: 0.3651
102/782 [==>...........................] - ETA: 3s - loss: 1.8210 - accuracy: 0.3739
113/782 [===>..........................] - ETA: 3s - loss: 1.7998 - accuracy: 0.3815
123/782 [===>..........................] - ETA: 3s - loss: 1.7785 - accuracy: 0.3881
134/782 [====>.........................] - ETA: 3s - loss: 1.7574 - accuracy: 0.3959
144/782 [====>.........................] - ETA: 3s - loss: 1.7462 - accuracy: 0.3997
154/782 [====>.........................] - ETA: 3s - loss: 1.7285 - accuracy: 0.4054
164/782 [=====>........................] - ETA: 3s - loss: 1.7053 - accuracy: 0.4120
175/782 [=====>........................] - ETA: 3s - loss: 1.6908 - accuracy: 0.4177
186/782 [======>.......................] - ETA: 3s - loss: 1.6736 - accuracy: 0.4232
201/782 [======>.......................] - ETA: 2s - loss: 1.6579 - accuracy: 0.4300
219/782 [=======>......................] - ETA: 2s - loss: 1.6471 - accuracy: 0.4337
236/782 [========>.....................] - ETA: 2s - loss: 1.6305 - accuracy: 0.4375
254/782 [========>.....................] - ETA: 2s - loss: 1.6132 - accuracy: 0.4418
272/782 [=========>....................] - ETA: 2s - loss: 1.5984 - accuracy: 0.4461
292/782 [==========>...................] - ETA: 2s - loss: 1.5853 - accuracy: 0.4510
311/782 [==========>...................] - ETA: 1s - loss: 1.5728 - accuracy: 0.4548
329/782 [===========>..................] - ETA: 1s - loss: 1.5632 - accuracy: 0.4586
347/782 [============>.................] - ETA: 1s - loss: 1.5521 - accuracy: 0.4636
364/782 [============>.................] - ETA: 1s - loss: 1.5415 - accuracy: 0.4667
381/782 [=============>................] - ETA: 1s - loss: 1.5342 - accuracy: 0.4694
399/782 [==============>...............] - ETA: 1s - loss: 1.5268 - accuracy: 0.4718
418/782 [===============>..............] - ETA: 1s - loss: 1.5174 - accuracy: 0.4746
433/782 [===============>..............] - ETA: 1s - loss: 1.5097 - accuracy: 0.4774
443/782 [===============>..............] - ETA: 1s - loss: 1.5049 - accuracy: 0.4788
453/782 [================>.............] - ETA: 1s - loss: 1.4993 - accuracy: 0.4809
464/782 [================>.............] - ETA: 1s - loss: 1.4939 - accuracy: 0.4826
474/782 [=================>............] - ETA: 1s - loss: 1.4892 - accuracy: 0.4842
485/782 [=================>............] - ETA: 1s - loss: 1.4849 - accuracy: 0.4854
495/782 [=================>............] - ETA: 1s - loss: 1.4807 - accuracy: 0.4861
506/782 [==================>...........] - ETA: 1s - loss: 1.4770 - accuracy: 0.4873
517/782 [==================>...........] - ETA: 1s - loss: 1.4719 - accuracy: 0.4892
528/782 [===================>..........] - ETA: 1s - loss: 1.4691 - accuracy: 0.4906
539/782 [===================>..........] - ETA: 0s - loss: 1.4642 - accuracy: 0.4925
549/782 [====================>.........] - ETA: 0s - loss: 1.4604 - accuracy: 0.4939
559/782 [====================>.........] - ETA: 0s - loss: 1.4569 - accuracy: 0.4957
570/782 [====================>.........] - ETA: 0s - loss: 1.4542 - accuracy: 0.4967
581/782 [=====================>........] - ETA: 0s - loss: 1.4506 - accuracy: 0.4981
591/782 [=====================>........] - ETA: 0s - loss: 1.4482 - accuracy: 0.4988
601/782 [======================>.......] - ETA: 0s - loss: 1.4457 - accuracy: 0.4997
611/782 [======================>.......] - ETA: 0s - loss: 1.4424 - accuracy: 0.5008
622/782 [======================>.......] - ETA: 0s - loss: 1.4374 - accuracy: 0.5027
632/782 [=======================>......] - ETA: 0s - loss: 1.4338 - accuracy: 0.5040
643/782 [=======================>......] - ETA: 0s - loss: 1.4318 - accuracy: 0.5047
654/782 [========================>.....] - ETA: 0s - loss: 1.4297 - accuracy: 0.5054
665/782 [========================>.....] - ETA: 0s - loss: 1.4262 - accuracy: 0.5063
675/782 [========================>.....] - ETA: 0s - loss: 1.4234 - accuracy: 0.5069
685/782 [=========================>....] - ETA: 0s - loss: 1.4215 - accuracy: 0.5077
695/782 [=========================>....] - ETA: 0s - loss: 1.4179 - accuracy: 0.5088
705/782 [==========================>...] - ETA: 0s - loss: 1.4172 - accuracy: 0.5089
715/782 [==========================>...] - ETA: 0s - loss: 1.4149 - accuracy: 0.5099
726/782 [==========================>...] - ETA: 0s - loss: 1.4122 - accuracy: 0.5109
736/782 [===========================>..] - ETA: 0s - loss: 1.4089 - accuracy: 0.5120
746/782 [===========================>..] - ETA: 0s - loss: 1.4059 - accuracy: 0.5129
757/782 [============================>.] - ETA: 0s - loss: 1.4025 - accuracy: 0.5141
764/782 [============================>.] - ETA: 0s - loss: 1.4009 - accuracy: 0.5145
774/782 [============================>.] - ETA: 0s - loss: 1.3984 - accuracy: 0.5154
782/782 [==============================] - 10s 6ms/step - loss: 1.3970 - accuracy: 0.5158 - val_loss: 1.2704 - val_accuracy: 0.5512
Epoch 2/111

  1/782 [..............................] - ETA: 10s - loss: 1.0892 - accuracy: 0.6094
 11/782 [..............................] - ETA: 4s - loss: 1.0794 - accuracy: 0.6179 
 21/782 [..............................] - ETA: 3s - loss: 1.1094 - accuracy: 0.6086
 31/782 [>.............................] - ETA: 3s - loss: 1.0717 - accuracy: 0.6215
 41/782 [>.............................] - ETA: 3s - loss: 1.0631 - accuracy: 0.6322
 52/782 [>.............................] - ETA: 3s - loss: 1.0645 - accuracy: 0.6295
 62/782 [=>............................] - ETA: 3s - loss: 1.0819 - accuracy: 0.6232
 72/782 [=>............................] - ETA: 3s - loss: 1.0860 - accuracy: 0.6204
 82/782 [==>...........................] - ETA: 3s - loss: 1.0927 - accuracy: 0.6181
 93/782 [==>...........................] - ETA: 3s - loss: 1.0962 - accuracy: 0.6149
103/782 [==>...........................] - ETA: 3s - loss: 1.0963 - accuracy: 0.6127
113/782 [===>..........................] - ETA: 3s - loss: 1.0928 - accuracy: 0.6156
123/782 [===>..........................] - ETA: 3s - loss: 1.0945 - accuracy: 0.6167
133/782 [====>.........................] - ETA: 3s - loss: 1.0974 - accuracy: 0.6164
143/782 [====>.........................] - ETA: 3s - loss: 1.0988 - accuracy: 0.6154
153/782 [====>.........................] - ETA: 3s - loss: 1.1010 - accuracy: 0.6149
163/782 [=====>........................] - ETA: 3s - loss: 1.0995 - accuracy: 0.6154
174/782 [=====>........................] - ETA: 3s - loss: 1.0977 - accuracy: 0.6161
184/782 [======>.......................] - ETA: 3s - loss: 1.0945 - accuracy: 0.6179
195/782 [======>.......................] - ETA: 3s - loss: 1.0934 - accuracy: 0.6182
205/782 [======>.......................] - ETA: 2s - loss: 1.0937 - accuracy: 0.6186
215/782 [=======>......................] - ETA: 2s - loss: 1.0944 - accuracy: 0.6191
225/782 [=======>......................] - ETA: 2s - loss: 1.0958 - accuracy: 0.6178
236/782 [========>.....................] - ETA: 2s - loss: 1.1001 - accuracy: 0.6157
246/782 [========>.....................] - ETA: 2s - loss: 1.0990 - accuracy: 0.6164
256/782 [========>.....................] - ETA: 2s - loss: 1.1005 - accuracy: 0.6165
266/782 [=========>....................] - ETA: 2s - loss: 1.1009 - accuracy: 0.6163
276/782 [=========>....................] - ETA: 2s - loss: 1.1032 - accuracy: 0.6146
286/782 [=========>....................] - ETA: 2s - loss: 1.0995 - accuracy: 0.6163
296/782 [==========>...................] - ETA: 2s - loss: 1.1010 - accuracy: 0.6157
306/782 [==========>...................] - ETA: 2s - loss: 1.1022 - accuracy: 0.6152
316/782 [===========>..................] - ETA: 2s - loss: 1.1047 - accuracy: 0.6136
326/782 [===========>..................] - ETA: 2s - loss: 1.1048 - accuracy: 0.6136
336/782 [===========>..................] - ETA: 2s - loss: 1.1051 - accuracy: 0.6137
346/782 [============>.................] - ETA: 2s - loss: 1.1040 - accuracy: 0.6137
357/782 [============>.................] - ETA: 2s - loss: 1.1032 - accuracy: 0.6142
367/782 [=============>................] - ETA: 2s - loss: 1.1021 - accuracy: 0.6147
377/782 [=============>................] - ETA: 2s - loss: 1.1042 - accuracy: 0.6142
388/782 [=============>................] - ETA: 2s - loss: 1.1055 - accuracy: 0.6141
398/782 [==============>...............] - ETA: 2s - loss: 1.1064 - accuracy: 0.6139
408/782 [==============>...............] - ETA: 1s - loss: 1.1076 - accuracy: 0.6136
418/782 [===============>..............] - ETA: 1s - loss: 1.1099 - accuracy: 0.6131
428/782 [===============>..............] - ETA: 1s - loss: 1.1116 - accuracy: 0.6127
439/782 [===============>..............] - ETA: 1s - loss: 1.1137 - accuracy: 0.6127
449/782 [================>.............] - ETA: 1s - loss: 1.1131 - accuracy: 0.6124
459/782 [================>.............] - ETA: 1s - loss: 1.1120 - accuracy: 0.6126
469/782 [================>.............] - ETA: 1s - loss: 1.1121 - accuracy: 0.6122
480/782 [=================>............] - ETA: 1s - loss: 1.1126 - accuracy: 0.6126
491/782 [=================>............] - ETA: 1s - loss: 1.1132 - accuracy: 0.6124
502/782 [==================>...........] - ETA: 1s - loss: 1.1136 - accuracy: 0.6125
512/782 [==================>...........] - ETA: 1s - loss: 1.1146 - accuracy: 0.6126
523/782 [===================>..........] - ETA: 1s - loss: 1.1146 - accuracy: 0.6129
533/782 [===================>..........] - ETA: 1s - loss: 1.1146 - accuracy: 0.6127
543/782 [===================>..........] - ETA: 1s - loss: 1.1142 - accuracy: 0.6129
554/782 [====================>.........] - ETA: 1s - loss: 1.1142 - accuracy: 0.6133
572/782 [====================>.........] - ETA: 1s - loss: 1.1141 - accuracy: 0.6137
590/782 [=====================>........] - ETA: 0s - loss: 1.1141 - accuracy: 0.6138
608/782 [======================>.......] - ETA: 0s - loss: 1.1144 - accuracy: 0.6140
626/782 [=======================>......] - ETA: 0s - loss: 1.1146 - accuracy: 0.6141
645/782 [=======================>......] - ETA: 0s - loss: 1.1132 - accuracy: 0.6149
663/782 [========================>.....] - ETA: 0s - loss: 1.1121 - accuracy: 0.6154
681/782 [=========================>....] - ETA: 0s - loss: 1.1122 - accuracy: 0.6153
699/782 [=========================>....] - ETA: 0s - loss: 1.1132 - accuracy: 0.6151
718/782 [==========================>...] - ETA: 0s - loss: 1.1128 - accuracy: 0.6156
736/782 [===========================>..] - ETA: 0s - loss: 1.1118 - accuracy: 0.6163
756/782 [============================>.] - ETA: 0s - loss: 1.1126 - accuracy: 0.6158
775/782 [============================>.] - ETA: 0s - loss: 1.1135 - accuracy: 0.6155
782/782 [==============================] - 5s 6ms/step - loss: 1.1130 - accuracy: 0.6156 - val_loss: 1.3871 - val_accuracy: 0.5307
Epoch 3/111

  1/782 [..............................] - ETA: 9s - loss: 0.9046 - accuracy: 0.6719
 11/782 [..............................] - ETA: 3s - loss: 0.9780 - accuracy: 0.6520
 22/782 [..............................] - ETA: 3s - loss: 0.9775 - accuracy: 0.6428
 32/782 [>.............................] - ETA: 3s - loss: 0.9664 - accuracy: 0.6548
 42/782 [>.............................] - ETA: 3s - loss: 0.9454 - accuracy: 0.6592
 53/782 [=>............................] - ETA: 3s - loss: 0.9550 - accuracy: 0.6598
 63/782 [=>............................] - ETA: 3s - loss: 0.9593 - accuracy: 0.6607
 74/782 [=>............................] - ETA: 3s - loss: 0.9626 - accuracy: 0.6601
 85/782 [==>...........................] - ETA: 3s - loss: 0.9606 - accuracy: 0.6627
 95/782 [==>...........................] - ETA: 3s - loss: 0.9616 - accuracy: 0.6617
106/782 [===>..........................] - ETA: 3s - loss: 0.9564 - accuracy: 0.6623
116/782 [===>..........................] - ETA: 3s - loss: 0.9661 - accuracy: 0.6595
126/782 [===>..........................] - ETA: 3s - loss: 0.9618 - accuracy: 0.6616
136/782 [====>.........................] - ETA: 3s - loss: 0.9634 - accuracy: 0.6611
147/782 [====>.........................] - ETA: 3s - loss: 0.9698 - accuracy: 0.6589
157/782 [=====>........................] - ETA: 3s - loss: 0.9763 - accuracy: 0.6579
168/782 [=====>........................] - ETA: 3s - loss: 0.9742 - accuracy: 0.6584
178/782 [=====>........................] - ETA: 3s - loss: 0.9725 - accuracy: 0.6588
188/782 [======>.......................] - ETA: 3s - loss: 0.9733 - accuracy: 0.6601
198/782 [======>.......................] - ETA: 2s - loss: 0.9744 - accuracy: 0.6592
208/782 [======>.......................] - ETA: 2s - loss: 0.9773 - accuracy: 0.6577
218/782 [=======>......................] - ETA: 2s - loss: 0.9800 - accuracy: 0.6573
229/782 [=======>......................] - ETA: 2s - loss: 0.9790 - accuracy: 0.6573
239/782 [========>.....................] - ETA: 2s - loss: 0.9844 - accuracy: 0.6563
249/782 [========>.....................] - ETA: 2s - loss: 0.9851 - accuracy: 0.6554
259/782 [========>.....................] - ETA: 2s - loss: 0.9868 - accuracy: 0.6552
270/782 [=========>....................] - ETA: 2s - loss: 0.9880 - accuracy: 0.6554
281/782 [=========>....................] - ETA: 2s - loss: 0.9874 - accuracy: 0.6554
291/782 [==========>...................] - ETA: 2s - loss: 0.9909 - accuracy: 0.6547
301/782 [==========>...................] - ETA: 2s - loss: 0.9920 - accuracy: 0.6547
311/782 [==========>...................] - ETA: 2s - loss: 0.9918 - accuracy: 0.6550
321/782 [===========>..................] - ETA: 2s - loss: 0.9923 - accuracy: 0.6551
331/782 [===========>..................] - ETA: 2s - loss: 0.9947 - accuracy: 0.6543
341/782 [============>.................] - ETA: 2s - loss: 0.9940 - accuracy: 0.6543
351/782 [============>.................] - ETA: 2s - loss: 0.9968 - accuracy: 0.6536
361/782 [============>.................] - ETA: 2s - loss: 0.9977 - accuracy: 0.6530
370/782 [=============>................] - ETA: 2s - loss: 0.9967 - accuracy: 0.6533
381/782 [=============>................] - ETA: 2s - loss: 0.9997 - accuracy: 0.6522
391/782 [==============>...............] - ETA: 2s - loss: 1.0001 - accuracy: 0.6523
402/782 [==============>...............] - ETA: 1s - loss: 0.9998 - accuracy: 0.6522
412/782 [==============>...............] - ETA: 1s - loss: 1.0019 - accuracy: 0.6516
423/782 [===============>..............] - ETA: 1s - loss: 1.0020 - accuracy: 0.6517
434/782 [===============>..............] - ETA: 1s - loss: 1.0031 - accuracy: 0.6517
444/782 [================>.............] - ETA: 1s - loss: 1.0032 - accuracy: 0.6523
454/782 [================>.............] - ETA: 1s - loss: 1.0038 - accuracy: 0.6520
464/782 [================>.............] - ETA: 1s - loss: 1.0057 - accuracy: 0.6515
475/782 [=================>............] - ETA: 1s - loss: 1.0053 - accuracy: 0.6517
485/782 [=================>............] - ETA: 1s - loss: 1.0072 - accuracy: 0.6507
495/782 [=================>............] - ETA: 1s - loss: 1.0074 - accuracy: 0.6505
504/782 [==================>...........] - ETA: 1s - loss: 1.0088 - accuracy: 0.6501
515/782 [==================>...........] - ETA: 1s - loss: 1.0101 - accuracy: 0.6495
525/782 [===================>..........] - ETA: 1s - loss: 1.0113 - accuracy: 0.6492
535/782 [===================>..........] - ETA: 1s - loss: 1.0130 - accuracy: 0.6484
545/782 [===================>..........] - ETA: 1s - loss: 1.0146 - accuracy: 0.6483
555/782 [====================>.........] - ETA: 1s - loss: 1.0147 - accuracy: 0.6482
565/782 [====================>.........] - ETA: 1s - loss: 1.0136 - accuracy: 0.6487
575/782 [=====================>........] - ETA: 1s - loss: 1.0142 - accuracy: 0.6487
585/782 [=====================>........] - ETA: 1s - loss: 1.0156 - accuracy: 0.6483
595/782 [=====================>........] - ETA: 0s - loss: 1.0158 - accuracy: 0.6482
605/782 [======================>.......] - ETA: 0s - loss: 1.0153 - accuracy: 0.6481
615/782 [======================>.......] - ETA: 0s - loss: 1.0147 - accuracy: 0.6482
625/782 [======================>.......] - ETA: 0s - loss: 1.0146 - accuracy: 0.6482
635/782 [=======================>......] - ETA: 0s - loss: 1.0153 - accuracy: 0.6476
645/782 [=======================>......] - ETA: 0s - loss: 1.0146 - accuracy: 0.6479
656/782 [========================>.....] - ETA: 0s - loss: 1.0142 - accuracy: 0.6476
666/782 [========================>.....] - ETA: 0s - loss: 1.0151 - accuracy: 0.6475
676/782 [========================>.....] - ETA: 0s - loss: 1.0145 - accuracy: 0.6476
686/782 [=========================>....] - ETA: 0s - loss: 1.0150 - accuracy: 0.6479
697/782 [=========================>....] - ETA: 0s - loss: 1.0158 - accuracy: 0.6475
708/782 [==========================>...] - ETA: 0s - loss: 1.0150 - accuracy: 0.6478
718/782 [==========================>...] - ETA: 0s - loss: 1.0158 - accuracy: 0.6476
728/782 [==========================>...] - ETA: 0s - loss: 1.0168 - accuracy: 0.6476
738/782 [===========================>..] - ETA: 0s - loss: 1.0175 - accuracy: 0.6473
749/782 [===========================>..] - ETA: 0s - loss: 1.0166 - accuracy: 0.6475
760/782 [============================>.] - ETA: 0s - loss: 1.0172 - accuracy: 0.6472
771/782 [============================>.] - ETA: 0s - loss: 1.0171 - accuracy: 0.6471
782/782 [==============================] - ETA: 0s - loss: 1.0171 - accuracy: 0.6472
782/782 [==============================] - 5s 6ms/step - loss: 1.0171 - accuracy: 0.6472 - val_loss: 1.1317 - val_accuracy: 0.6151
Epoch 4/111

  1/782 [..............................] - ETA: 9s - loss: 0.5876 - accuracy: 0.7500
 15/782 [..............................] - ETA: 2s - loss: 0.8650 - accuracy: 0.7010
 33/782 [>.............................] - ETA: 2s - loss: 0.8802 - accuracy: 0.7008
 52/782 [>.............................] - ETA: 2s - loss: 0.8892 - accuracy: 0.6923
 71/782 [=>............................] - ETA: 2s - loss: 0.9116 - accuracy: 0.6838
 88/782 [==>...........................] - ETA: 2s - loss: 0.9138 - accuracy: 0.6843
105/782 [===>..........................] - ETA: 2s - loss: 0.9048 - accuracy: 0.6872
122/782 [===>..........................] - ETA: 1s - loss: 0.9057 - accuracy: 0.6855
139/782 [====>.........................] - ETA: 1s - loss: 0.9039 - accuracy: 0.6863
157/782 [=====>........................] - ETA: 1s - loss: 0.9109 - accuracy: 0.6846
175/782 [=====>........................] - ETA: 1s - loss: 0.9110 - accuracy: 0.6847
193/782 [======>.......................] - ETA: 1s - loss: 0.9170 - accuracy: 0.6824
211/782 [=======>......................] - ETA: 1s - loss: 0.9197 - accuracy: 0.6821
231/782 [=======>......................] - ETA: 1s - loss: 0.9225 - accuracy: 0.6804
246/782 [========>.....................] - ETA: 1s - loss: 0.9256 - accuracy: 0.6790
256/782 [========>.....................] - ETA: 1s - loss: 0.9248 - accuracy: 0.6784
266/782 [=========>....................] - ETA: 1s - loss: 0.9228 - accuracy: 0.6787
276/782 [=========>....................] - ETA: 1s - loss: 0.9221 - accuracy: 0.6784
286/782 [=========>....................] - ETA: 1s - loss: 0.9248 - accuracy: 0.6774
297/782 [==========>...................] - ETA: 1s - loss: 0.9279 - accuracy: 0.6765
308/782 [==========>...................] - ETA: 1s - loss: 0.9264 - accuracy: 0.6769
318/782 [===========>..................] - ETA: 1s - loss: 0.9247 - accuracy: 0.6778
328/782 [===========>..................] - ETA: 1s - loss: 0.9259 - accuracy: 0.6771
338/782 [===========>..................] - ETA: 1s - loss: 0.9250 - accuracy: 0.6775
348/782 [============>.................] - ETA: 1s - loss: 0.9269 - accuracy: 0.6776
358/782 [============>.................] - ETA: 1s - loss: 0.9279 - accuracy: 0.6772
369/782 [=============>................] - ETA: 1s - loss: 0.9285 - accuracy: 0.6773
379/782 [=============>................] - ETA: 1s - loss: 0.9290 - accuracy: 0.6774
389/782 [=============>................] - ETA: 1s - loss: 0.9285 - accuracy: 0.6773
399/782 [==============>...............] - ETA: 1s - loss: 0.9298 - accuracy: 0.6768
409/782 [==============>...............] - ETA: 1s - loss: 0.9306 - accuracy: 0.6768
420/782 [===============>..............] - ETA: 1s - loss: 0.9334 - accuracy: 0.6759
431/782 [===============>..............] - ETA: 1s - loss: 0.9357 - accuracy: 0.6750
441/782 [===============>..............] - ETA: 1s - loss: 0.9354 - accuracy: 0.6747
451/782 [================>.............] - ETA: 1s - loss: 0.9377 - accuracy: 0.6740
461/782 [================>.............] - ETA: 1s - loss: 0.9387 - accuracy: 0.6740
472/782 [=================>............] - ETA: 1s - loss: 0.9400 - accuracy: 0.6740
483/782 [=================>............] - ETA: 1s - loss: 0.9403 - accuracy: 0.6738
493/782 [=================>............] - ETA: 1s - loss: 0.9401 - accuracy: 0.6739
503/782 [==================>...........] - ETA: 1s - loss: 0.9392 - accuracy: 0.6742
513/782 [==================>...........] - ETA: 1s - loss: 0.9410 - accuracy: 0.6738
524/782 [===================>..........] - ETA: 1s - loss: 0.9408 - accuracy: 0.6742
534/782 [===================>..........] - ETA: 1s - loss: 0.9415 - accuracy: 0.6741
544/782 [===================>..........] - ETA: 0s - loss: 0.9418 - accuracy: 0.6742
554/782 [====================>.........] - ETA: 0s - loss: 0.9434 - accuracy: 0.6733
564/782 [====================>.........] - ETA: 0s - loss: 0.9453 - accuracy: 0.6724
574/782 [=====================>........] - ETA: 0s - loss: 0.9456 - accuracy: 0.6722
584/782 [=====================>........] - ETA: 0s - loss: 0.9460 - accuracy: 0.6718
595/782 [=====================>........] - ETA: 0s - loss: 0.9467 - accuracy: 0.6715
605/782 [======================>.......] - ETA: 0s - loss: 0.9474 - accuracy: 0.6713
615/782 [======================>.......] - ETA: 0s - loss: 0.9483 - accuracy: 0.6709
625/782 [======================>.......] - ETA: 0s - loss: 0.9480 - accuracy: 0.6712
636/782 [=======================>......] - ETA: 0s - loss: 0.9479 - accuracy: 0.6714
646/782 [=======================>......] - ETA: 0s - loss: 0.9474 - accuracy: 0.6716
656/782 [========================>.....] - ETA: 0s - loss: 0.9483 - accuracy: 0.6710
666/782 [========================>.....] - ETA: 0s - loss: 0.9469 - accuracy: 0.6715
677/782 [========================>.....] - ETA: 0s - loss: 0.9481 - accuracy: 0.6714
687/782 [=========================>....] - ETA: 0s - loss: 0.9486 - accuracy: 0.6709
698/782 [=========================>....] - ETA: 0s - loss: 0.9495 - accuracy: 0.6705
708/782 [==========================>...] - ETA: 0s - loss: 0.9499 - accuracy: 0.6706
719/782 [==========================>...] - ETA: 0s - loss: 0.9510 - accuracy: 0.6701
730/782 [===========================>..] - ETA: 0s - loss: 0.9504 - accuracy: 0.6706
741/782 [===========================>..] - ETA: 0s - loss: 0.9505 - accuracy: 0.6707
752/782 [===========================>..] - ETA: 0s - loss: 0.9500 - accuracy: 0.6709
763/782 [============================>.] - ETA: 0s - loss: 0.9499 - accuracy: 0.6708
773/782 [============================>.] - ETA: 0s - loss: 0.9507 - accuracy: 0.6706
782/782 [==============================] - 4s 6ms/step - loss: 0.9512 - accuracy: 0.6706 - val_loss: 1.3974 - val_accuracy: 0.5569
Epoch 5/111

  1/782 [..............................] - ETA: 9s - loss: 0.7312 - accuracy: 0.7344
 11/782 [..............................] - ETA: 3s - loss: 0.8597 - accuracy: 0.7045
 21/782 [..............................] - ETA: 3s - loss: 0.8425 - accuracy: 0.7106
 31/782 [>.............................] - ETA: 3s - loss: 0.8169 - accuracy: 0.7213
 42/782 [>.............................] - ETA: 3s - loss: 0.8207 - accuracy: 0.7154
 52/782 [>.............................] - ETA: 3s - loss: 0.8344 - accuracy: 0.7082
 62/782 [=>............................] - ETA: 3s - loss: 0.8410 - accuracy: 0.7064
 72/782 [=>............................] - ETA: 3s - loss: 0.8482 - accuracy: 0.7027
 83/782 [==>...........................] - ETA: 3s - loss: 0.8565 - accuracy: 0.7003
 93/782 [==>...........................] - ETA: 3s - loss: 0.8582 - accuracy: 0.6993
103/782 [==>...........................] - ETA: 3s - loss: 0.8598 - accuracy: 0.6980
113/782 [===>..........................] - ETA: 3s - loss: 0.8561 - accuracy: 0.6983
124/782 [===>..........................] - ETA: 3s - loss: 0.8643 - accuracy: 0.6952
135/782 [====>.........................] - ETA: 3s - loss: 0.8646 - accuracy: 0.6951
146/782 [====>.........................] - ETA: 3s - loss: 0.8649 - accuracy: 0.6966
156/782 [====>.........................] - ETA: 3s - loss: 0.8634 - accuracy: 0.6972
166/782 [=====>........................] - ETA: 3s - loss: 0.8593 - accuracy: 0.6988
176/782 [=====>........................] - ETA: 3s - loss: 0.8604 - accuracy: 0.6972
186/782 [======>.......................] - ETA: 3s - loss: 0.8603 - accuracy: 0.6980
196/782 [======>.......................] - ETA: 3s - loss: 0.8583 - accuracy: 0.6984
206/782 [======>.......................] - ETA: 2s - loss: 0.8581 - accuracy: 0.6984
217/782 [=======>......................] - ETA: 2s - loss: 0.8605 - accuracy: 0.6974
227/782 [=======>......................] - ETA: 2s - loss: 0.8598 - accuracy: 0.6987
237/782 [========>.....................] - ETA: 2s - loss: 0.8608 - accuracy: 0.6983
248/782 [========>.....................] - ETA: 2s - loss: 0.8633 - accuracy: 0.6983
258/782 [========>.....................] - ETA: 2s - loss: 0.8619 - accuracy: 0.6988
268/782 [=========>....................] - ETA: 2s - loss: 0.8593 - accuracy: 0.7002
278/782 [=========>....................] - ETA: 2s - loss: 0.8587 - accuracy: 0.7001
289/782 [==========>...................] - ETA: 2s - loss: 0.8610 - accuracy: 0.6992
299/782 [==========>...................] - ETA: 2s - loss: 0.8638 - accuracy: 0.6993
309/782 [==========>...................] - ETA: 2s - loss: 0.8659 - accuracy: 0.6982
319/782 [===========>..................] - ETA: 2s - loss: 0.8652 - accuracy: 0.6985
329/782 [===========>..................] - ETA: 2s - loss: 0.8640 - accuracy: 0.6992
339/782 [============>.................] - ETA: 2s - loss: 0.8671 - accuracy: 0.6981
349/782 [============>.................] - ETA: 2s - loss: 0.8687 - accuracy: 0.6979
359/782 [============>.................] - ETA: 2s - loss: 0.8716 - accuracy: 0.6972
369/782 [=============>................] - ETA: 2s - loss: 0.8737 - accuracy: 0.6967
379/782 [=============>................] - ETA: 2s - loss: 0.8745 - accuracy: 0.6965
389/782 [=============>................] - ETA: 2s - loss: 0.8748 - accuracy: 0.6965
400/782 [==============>...............] - ETA: 1s - loss: 0.8769 - accuracy: 0.6962
410/782 [==============>...............] - ETA: 1s - loss: 0.8771 - accuracy: 0.6961
421/782 [===============>..............] - ETA: 1s - loss: 0.8778 - accuracy: 0.6958
431/782 [===============>..............] - ETA: 1s - loss: 0.8778 - accuracy: 0.6960
442/782 [===============>..............] - ETA: 1s - loss: 0.8785 - accuracy: 0.6953
452/782 [================>.............] - ETA: 1s - loss: 0.8794 - accuracy: 0.6947
462/782 [================>.............] - ETA: 1s - loss: 0.8807 - accuracy: 0.6947
481/782 [=================>............] - ETA: 1s - loss: 0.8790 - accuracy: 0.6956
499/782 [==================>...........] - ETA: 1s - loss: 0.8795 - accuracy: 0.6953
518/782 [==================>...........] - ETA: 1s - loss: 0.8803 - accuracy: 0.6944
537/782 [===================>..........] - ETA: 1s - loss: 0.8818 - accuracy: 0.6938
554/782 [====================>.........] - ETA: 1s - loss: 0.8855 - accuracy: 0.6934
574/782 [=====================>........] - ETA: 0s - loss: 0.8879 - accuracy: 0.6926
594/782 [=====================>........] - ETA: 0s - loss: 0.8874 - accuracy: 0.6926
613/782 [======================>.......] - ETA: 0s - loss: 0.8907 - accuracy: 0.6912
632/782 [=======================>......] - ETA: 0s - loss: 0.8924 - accuracy: 0.6908
650/782 [=======================>......] - ETA: 0s - loss: 0.8934 - accuracy: 0.6905
667/782 [========================>.....] - ETA: 0s - loss: 0.8938 - accuracy: 0.6901
685/782 [=========================>....] - ETA: 0s - loss: 0.8945 - accuracy: 0.6895
707/782 [==========================>...] - ETA: 0s - loss: 0.8951 - accuracy: 0.6891
717/782 [==========================>...] - ETA: 0s - loss: 0.8965 - accuracy: 0.6885
728/782 [==========================>...] - ETA: 0s - loss: 0.8976 - accuracy: 0.6881
739/782 [===========================>..] - ETA: 0s - loss: 0.8976 - accuracy: 0.6877
749/782 [===========================>..] - ETA: 0s - loss: 0.8988 - accuracy: 0.6874
760/782 [============================>.] - ETA: 0s - loss: 0.8994 - accuracy: 0.6873
770/782 [============================>.] - ETA: 0s - loss: 0.8992 - accuracy: 0.6874
780/782 [============================>.] - ETA: 0s - loss: 0.8998 - accuracy: 0.6872
782/782 [==============================] - 4s 6ms/step - loss: 0.9000 - accuracy: 0.6871 - val_loss: 1.1400 - val_accuracy: 0.6128
Epoch 6/111

  1/782 [..............................] - ETA: 8s - loss: 0.6301 - accuracy: 0.7969
 11/782 [..............................] - ETA: 4s - loss: 0.7772 - accuracy: 0.7173
 21/782 [..............................] - ETA: 3s - loss: 0.7844 - accuracy: 0.7180
 32/782 [>.............................] - ETA: 3s - loss: 0.7851 - accuracy: 0.7168
 42/782 [>.............................] - ETA: 3s - loss: 0.8110 - accuracy: 0.7072
 53/782 [=>............................] - ETA: 3s - loss: 0.8001 - accuracy: 0.7123
 63/782 [=>............................] - ETA: 3s - loss: 0.8058 - accuracy: 0.7096
 73/782 [=>............................] - ETA: 3s - loss: 0.8075 - accuracy: 0.7119
 83/782 [==>...........................] - ETA: 3s - loss: 0.8102 - accuracy: 0.7091
 93/782 [==>...........................] - ETA: 3s - loss: 0.8062 - accuracy: 0.7107
104/782 [==>...........................] - ETA: 3s - loss: 0.8043 - accuracy: 0.7121
114/782 [===>..........................] - ETA: 3s - loss: 0.8027 - accuracy: 0.7120
124/782 [===>..........................] - ETA: 3s - loss: 0.8036 - accuracy: 0.7118
134/782 [====>.........................] - ETA: 3s - loss: 0.8020 - accuracy: 0.7126
145/782 [====>.........................] - ETA: 3s - loss: 0.7999 - accuracy: 0.7145
155/782 [====>.........................] - ETA: 3s - loss: 0.7989 - accuracy: 0.7143
165/782 [=====>........................] - ETA: 3s - loss: 0.8025 - accuracy: 0.7135
176/782 [=====>........................] - ETA: 3s - loss: 0.8031 - accuracy: 0.7127
186/782 [======>.......................] - ETA: 3s - loss: 0.8074 - accuracy: 0.7120
196/782 [======>.......................] - ETA: 3s - loss: 0.8122 - accuracy: 0.7105
207/782 [======>.......................] - ETA: 2s - loss: 0.8148 - accuracy: 0.7096
218/782 [=======>......................] - ETA: 2s - loss: 0.8169 - accuracy: 0.7100
228/782 [=======>......................] - ETA: 2s - loss: 0.8163 - accuracy: 0.7100
238/782 [========>.....................] - ETA: 2s - loss: 0.8166 - accuracy: 0.7101
248/782 [========>.....................] - ETA: 2s - loss: 0.8155 - accuracy: 0.7112
258/782 [========>.....................] - ETA: 2s - loss: 0.8165 - accuracy: 0.7108
267/782 [=========>....................] - ETA: 2s - loss: 0.8178 - accuracy: 0.7102
278/782 [=========>....................] - ETA: 2s - loss: 0.8178 - accuracy: 0.7102
288/782 [==========>...................] - ETA: 2s - loss: 0.8213 - accuracy: 0.7097
298/782 [==========>...................] - ETA: 2s - loss: 0.8229 - accuracy: 0.7095
308/782 [==========>...................] - ETA: 2s - loss: 0.8251 - accuracy: 0.7085
319/782 [===========>..................] - ETA: 2s - loss: 0.8275 - accuracy: 0.7081
329/782 [===========>..................] - ETA: 2s - loss: 0.8300 - accuracy: 0.7076
339/782 [============>.................] - ETA: 2s - loss: 0.8296 - accuracy: 0.7084
350/782 [============>.................] - ETA: 2s - loss: 0.8288 - accuracy: 0.7081
360/782 [============>.................] - ETA: 2s - loss: 0.8285 - accuracy: 0.7089
370/782 [=============>................] - ETA: 2s - loss: 0.8270 - accuracy: 0.7094
381/782 [=============>................] - ETA: 2s - loss: 0.8284 - accuracy: 0.7089
391/782 [==============>...............] - ETA: 2s - loss: 0.8305 - accuracy: 0.7086
402/782 [==============>...............] - ETA: 1s - loss: 0.8308 - accuracy: 0.7084
412/782 [==============>...............] - ETA: 1s - loss: 0.8326 - accuracy: 0.7081
422/782 [===============>..............] - ETA: 1s - loss: 0.8330 - accuracy: 0.7079
432/782 [===============>..............] - ETA: 1s - loss: 0.8352 - accuracy: 0.7072
443/782 [===============>..............] - ETA: 1s - loss: 0.8362 - accuracy: 0.7068
453/782 [================>.............] - ETA: 1s - loss: 0.8365 - accuracy: 0.7070
463/782 [================>.............] - ETA: 1s - loss: 0.8382 - accuracy: 0.7064
473/782 [=================>............] - ETA: 1s - loss: 0.8398 - accuracy: 0.7059
483/782 [=================>............] - ETA: 1s - loss: 0.8412 - accuracy: 0.7051
494/782 [=================>............] - ETA: 1s - loss: 0.8408 - accuracy: 0.7051
504/782 [==================>...........] - ETA: 1s - loss: 0.8415 - accuracy: 0.7050
515/782 [==================>...........] - ETA: 1s - loss: 0.8419 - accuracy: 0.7046
525/782 [===================>..........] - ETA: 1s - loss: 0.8420 - accuracy: 0.7045
536/782 [===================>..........] - ETA: 1s - loss: 0.8426 - accuracy: 0.7041
546/782 [===================>..........] - ETA: 1s - loss: 0.8442 - accuracy: 0.7036
556/782 [====================>.........] - ETA: 1s - loss: 0.8452 - accuracy: 0.7030
566/782 [====================>.........] - ETA: 1s - loss: 0.8456 - accuracy: 0.7030
577/782 [=====================>........] - ETA: 1s - loss: 0.8470 - accuracy: 0.7027
587/782 [=====================>........] - ETA: 0s - loss: 0.8477 - accuracy: 0.7027
597/782 [=====================>........] - ETA: 0s - loss: 0.8474 - accuracy: 0.7028
607/782 [======================>.......] - ETA: 0s - loss: 0.8482 - accuracy: 0.7023
617/782 [======================>.......] - ETA: 0s - loss: 0.8497 - accuracy: 0.7015
628/782 [=======================>......] - ETA: 0s - loss: 0.8504 - accuracy: 0.7013
639/782 [=======================>......] - ETA: 0s - loss: 0.8522 - accuracy: 0.7009
650/782 [=======================>......] - ETA: 0s - loss: 0.8531 - accuracy: 0.7007
660/782 [========================>.....] - ETA: 0s - loss: 0.8543 - accuracy: 0.7002
670/782 [========================>.....] - ETA: 0s - loss: 0.8550 - accuracy: 0.6999
680/782 [=========================>....] - ETA: 0s - loss: 0.8557 - accuracy: 0.6997
691/782 [=========================>....] - ETA: 0s - loss: 0.8556 - accuracy: 0.6993
701/782 [=========================>....] - ETA: 0s - loss: 0.8556 - accuracy: 0.6993
712/782 [==========================>...] - ETA: 0s - loss: 0.8565 - accuracy: 0.6988
723/782 [==========================>...] - ETA: 0s - loss: 0.8581 - accuracy: 0.6982
733/782 [===========================>..] - ETA: 0s - loss: 0.8602 - accuracy: 0.6979
743/782 [===========================>..] - ETA: 0s - loss: 0.8620 - accuracy: 0.6974
753/782 [===========================>..] - ETA: 0s - loss: 0.8632 - accuracy: 0.6971
763/782 [============================>.] - ETA: 0s - loss: 0.8643 - accuracy: 0.6969
774/782 [============================>.] - ETA: 0s - loss: 0.8650 - accuracy: 0.6969
782/782 [==============================] - 5s 6ms/step - loss: 0.8655 - accuracy: 0.6966 - val_loss: 1.2826 - val_accuracy: 0.5755
Epoch 7/111

  1/782 [..............................] - ETA: 8s - loss: 0.6964 - accuracy: 0.7031
 19/782 [..............................] - ETA: 2s - loss: 0.7139 - accuracy: 0.7574
 38/782 [>.............................] - ETA: 2s - loss: 0.7163 - accuracy: 0.7533
 57/782 [=>............................] - ETA: 2s - loss: 0.7241 - accuracy: 0.7440
 76/782 [=>............................] - ETA: 1s - loss: 0.7301 - accuracy: 0.7465
 95/782 [==>...........................] - ETA: 1s - loss: 0.7420 - accuracy: 0.7413
114/782 [===>..........................] - ETA: 1s - loss: 0.7435 - accuracy: 0.7415
133/782 [====>.........................] - ETA: 1s - loss: 0.7507 - accuracy: 0.7394
151/782 [====>.........................] - ETA: 1s - loss: 0.7610 - accuracy: 0.7362
170/782 [=====>........................] - ETA: 1s - loss: 0.7631 - accuracy: 0.7340
186/782 [======>.......................] - ETA: 1s - loss: 0.7613 - accuracy: 0.7336
196/782 [======>.......................] - ETA: 1s - loss: 0.7646 - accuracy: 0.7319
206/782 [======>.......................] - ETA: 1s - loss: 0.7706 - accuracy: 0.7286
216/782 [=======>......................] - ETA: 1s - loss: 0.7750 - accuracy: 0.7264
226/782 [=======>......................] - ETA: 1s - loss: 0.7801 - accuracy: 0.7256
237/782 [========>.....................] - ETA: 1s - loss: 0.7830 - accuracy: 0.7240
247/782 [========>.....................] - ETA: 1s - loss: 0.7838 - accuracy: 0.7237
258/782 [========>.....................] - ETA: 1s - loss: 0.7846 - accuracy: 0.7232
268/782 [=========>....................] - ETA: 1s - loss: 0.7867 - accuracy: 0.7225
278/782 [=========>....................] - ETA: 1s - loss: 0.7891 - accuracy: 0.7215
288/782 [==========>...................] - ETA: 1s - loss: 0.7924 - accuracy: 0.7206
298/782 [==========>...................] - ETA: 1s - loss: 0.7911 - accuracy: 0.7209
308/782 [==========>...................] - ETA: 1s - loss: 0.7913 - accuracy: 0.7207
319/782 [===========>..................] - ETA: 1s - loss: 0.7948 - accuracy: 0.7200
329/782 [===========>..................] - ETA: 1s - loss: 0.7938 - accuracy: 0.7197
339/782 [============>.................] - ETA: 1s - loss: 0.7946 - accuracy: 0.7194
350/782 [============>.................] - ETA: 1s - loss: 0.7946 - accuracy: 0.7196
361/782 [============>.................] - ETA: 1s - loss: 0.7950 - accuracy: 0.7192
371/782 [=============>................] - ETA: 1s - loss: 0.7953 - accuracy: 0.7196
382/782 [=============>................] - ETA: 1s - loss: 0.7977 - accuracy: 0.7193
392/782 [==============>...............] - ETA: 1s - loss: 0.7975 - accuracy: 0.7197
402/782 [==============>...............] - ETA: 1s - loss: 0.8000 - accuracy: 0.7190
413/782 [==============>...............] - ETA: 1s - loss: 0.8012 - accuracy: 0.7187
424/782 [===============>..............] - ETA: 1s - loss: 0.8023 - accuracy: 0.7183
434/782 [===============>..............] - ETA: 1s - loss: 0.8044 - accuracy: 0.7182
444/782 [================>.............] - ETA: 1s - loss: 0.8047 - accuracy: 0.7181
455/782 [================>.............] - ETA: 1s - loss: 0.8052 - accuracy: 0.7183
465/782 [================>.............] - ETA: 1s - loss: 0.8063 - accuracy: 0.7180
475/782 [=================>............] - ETA: 1s - loss: 0.8084 - accuracy: 0.7174
485/782 [=================>............] - ETA: 1s - loss: 0.8086 - accuracy: 0.7168
495/782 [=================>............] - ETA: 1s - loss: 0.8087 - accuracy: 0.7168
505/782 [==================>...........] - ETA: 1s - loss: 0.8084 - accuracy: 0.7170
515/782 [==================>...........] - ETA: 1s - loss: 0.8097 - accuracy: 0.7170
525/782 [===================>..........] - ETA: 1s - loss: 0.8117 - accuracy: 0.7161
535/782 [===================>..........] - ETA: 1s - loss: 0.8125 - accuracy: 0.7160
545/782 [===================>..........] - ETA: 1s - loss: 0.8137 - accuracy: 0.7155
556/782 [====================>.........] - ETA: 0s - loss: 0.8156 - accuracy: 0.7144
566/782 [====================>.........] - ETA: 0s - loss: 0.8168 - accuracy: 0.7141
576/782 [=====================>........] - ETA: 0s - loss: 0.8176 - accuracy: 0.7141
586/782 [=====================>........] - ETA: 0s - loss: 0.8185 - accuracy: 0.7137
597/782 [=====================>........] - ETA: 0s - loss: 0.8181 - accuracy: 0.7138
607/782 [======================>.......] - ETA: 0s - loss: 0.8193 - accuracy: 0.7136
618/782 [======================>.......] - ETA: 0s - loss: 0.8212 - accuracy: 0.7133
628/782 [=======================>......] - ETA: 0s - loss: 0.8223 - accuracy: 0.7132
638/782 [=======================>......] - ETA: 0s - loss: 0.8231 - accuracy: 0.7130
648/782 [=======================>......] - ETA: 0s - loss: 0.8245 - accuracy: 0.7129
658/782 [========================>.....] - ETA: 0s - loss: 0.8252 - accuracy: 0.7127
669/782 [========================>.....] - ETA: 0s - loss: 0.8248 - accuracy: 0.7126
679/782 [=========================>....] - ETA: 0s - loss: 0.8253 - accuracy: 0.7124
689/782 [=========================>....] - ETA: 0s - loss: 0.8267 - accuracy: 0.7122
699/782 [=========================>....] - ETA: 0s - loss: 0.8282 - accuracy: 0.7119
709/782 [==========================>...] - ETA: 0s - loss: 0.8283 - accuracy: 0.7118
719/782 [==========================>...] - ETA: 0s - loss: 0.8288 - accuracy: 0.7118
729/782 [==========================>...] - ETA: 0s - loss: 0.8297 - accuracy: 0.7114
739/782 [===========================>..] - ETA: 0s - loss: 0.8300 - accuracy: 0.7113
749/782 [===========================>..] - ETA: 0s - loss: 0.8306 - accuracy: 0.7110
758/782 [============================>.] - ETA: 0s - loss: 0.8312 - accuracy: 0.7108
768/782 [============================>.] - ETA: 0s - loss: 0.8320 - accuracy: 0.7105
778/782 [============================>.] - ETA: 0s - loss: 0.8319 - accuracy: 0.7104
782/782 [==============================] - 5s 6ms/step - loss: 0.8321 - accuracy: 0.7102 - val_loss: 1.2329 - val_accuracy: 0.6000
Epoch 8/111

  1/782 [..............................] - ETA: 10s - loss: 0.6972 - accuracy: 0.7344
 11/782 [..............................] - ETA: 3s - loss: 0.7547 - accuracy: 0.7528 
 22/782 [..............................] - ETA: 3s - loss: 0.7852 - accuracy: 0.7308
 32/782 [>.............................] - ETA: 3s - loss: 0.7850 - accuracy: 0.7280
 43/782 [>.............................] - ETA: 3s - loss: 0.7851 - accuracy: 0.7289
 53/782 [=>............................] - ETA: 3s - loss: 0.7781 - accuracy: 0.7311
 63/782 [=>............................] - ETA: 3s - loss: 0.7903 - accuracy: 0.7292
 74/782 [=>............................] - ETA: 3s - loss: 0.7945 - accuracy: 0.7264
 84/782 [==>...........................] - ETA: 3s - loss: 0.7924 - accuracy: 0.7262
 95/782 [==>...........................] - ETA: 3s - loss: 0.7883 - accuracy: 0.7281
105/782 [===>..........................] - ETA: 3s - loss: 0.7895 - accuracy: 0.7289
115/782 [===>..........................] - ETA: 3s - loss: 0.7840 - accuracy: 0.7298
125/782 [===>..........................] - ETA: 3s - loss: 0.7776 - accuracy: 0.7297
136/782 [====>.........................] - ETA: 3s - loss: 0.7776 - accuracy: 0.7312
147/782 [====>.........................] - ETA: 3s - loss: 0.7831 - accuracy: 0.7279
158/782 [=====>........................] - ETA: 3s - loss: 0.7848 - accuracy: 0.7287
168/782 [=====>........................] - ETA: 3s - loss: 0.7887 - accuracy: 0.7262
179/782 [=====>........................] - ETA: 3s - loss: 0.7912 - accuracy: 0.7249
189/782 [======>.......................] - ETA: 2s - loss: 0.7912 - accuracy: 0.7243
200/782 [======>.......................] - ETA: 2s - loss: 0.7922 - accuracy: 0.7239
211/782 [=======>......................] - ETA: 2s - loss: 0.7915 - accuracy: 0.7239
222/782 [=======>......................] - ETA: 2s - loss: 0.7933 - accuracy: 0.7238
232/782 [=======>......................] - ETA: 2s - loss: 0.7918 - accuracy: 0.7239
243/782 [========>.....................] - ETA: 2s - loss: 0.7872 - accuracy: 0.7255
253/782 [========>.....................] - ETA: 2s - loss: 0.7844 - accuracy: 0.7254
263/782 [=========>....................] - ETA: 2s - loss: 0.7860 - accuracy: 0.7247
273/782 [=========>....................] - ETA: 2s - loss: 0.7881 - accuracy: 0.7241
284/782 [=========>....................] - ETA: 2s - loss: 0.7850 - accuracy: 0.7246
294/782 [==========>...................] - ETA: 2s - loss: 0.7821 - accuracy: 0.7255
305/782 [==========>...................] - ETA: 2s - loss: 0.7846 - accuracy: 0.7245
316/782 [===========>..................] - ETA: 2s - loss: 0.7848 - accuracy: 0.7239
327/782 [===========>..................] - ETA: 2s - loss: 0.7862 - accuracy: 0.7232
337/782 [===========>..................] - ETA: 2s - loss: 0.7875 - accuracy: 0.7232
348/782 [============>.................] - ETA: 2s - loss: 0.7894 - accuracy: 0.7224
358/782 [============>.................] - ETA: 2s - loss: 0.7908 - accuracy: 0.7213
369/782 [=============>................] - ETA: 2s - loss: 0.7925 - accuracy: 0.7212
379/782 [=============>................] - ETA: 2s - loss: 0.7935 - accuracy: 0.7209
389/782 [=============>................] - ETA: 1s - loss: 0.7936 - accuracy: 0.7207
405/782 [==============>...............] - ETA: 1s - loss: 0.7939 - accuracy: 0.7209
422/782 [===============>..............] - ETA: 1s - loss: 0.7945 - accuracy: 0.7204
439/782 [===============>..............] - ETA: 1s - loss: 0.7934 - accuracy: 0.7203
457/782 [================>.............] - ETA: 1s - loss: 0.7967 - accuracy: 0.7193
476/782 [=================>............] - ETA: 1s - loss: 0.7984 - accuracy: 0.7189
494/782 [=================>............] - ETA: 1s - loss: 0.7976 - accuracy: 0.7190
512/782 [==================>...........] - ETA: 1s - loss: 0.7994 - accuracy: 0.7183
530/782 [===================>..........] - ETA: 1s - loss: 0.8017 - accuracy: 0.7176
548/782 [====================>.........] - ETA: 1s - loss: 0.8029 - accuracy: 0.7170
566/782 [====================>.........] - ETA: 0s - loss: 0.8030 - accuracy: 0.7166
583/782 [=====================>........] - ETA: 0s - loss: 0.8055 - accuracy: 0.7157
601/782 [======================>.......] - ETA: 0s - loss: 0.8072 - accuracy: 0.7154
620/782 [======================>.......] - ETA: 0s - loss: 0.8078 - accuracy: 0.7153
630/782 [=======================>......] - ETA: 0s - loss: 0.8076 - accuracy: 0.7154
640/782 [=======================>......] - ETA: 0s - loss: 0.8078 - accuracy: 0.7151
650/782 [=======================>......] - ETA: 0s - loss: 0.8078 - accuracy: 0.7149
660/782 [========================>.....] - ETA: 0s - loss: 0.8088 - accuracy: 0.7146
670/782 [========================>.....] - ETA: 0s - loss: 0.8080 - accuracy: 0.7149
680/782 [=========================>....] - ETA: 0s - loss: 0.8080 - accuracy: 0.7152
690/782 [=========================>....] - ETA: 0s - loss: 0.8091 - accuracy: 0.7149
700/782 [=========================>....] - ETA: 0s - loss: 0.8096 - accuracy: 0.7148
710/782 [==========================>...] - ETA: 0s - loss: 0.8112 - accuracy: 0.7144
720/782 [==========================>...] - ETA: 0s - loss: 0.8117 - accuracy: 0.7144
731/782 [===========================>..] - ETA: 0s - loss: 0.8124 - accuracy: 0.7141
741/782 [===========================>..] - ETA: 0s - loss: 0.8134 - accuracy: 0.7139
751/782 [===========================>..] - ETA: 0s - loss: 0.8138 - accuracy: 0.7137
762/782 [============================>.] - ETA: 0s - loss: 0.8152 - accuracy: 0.7133
772/782 [============================>.] - ETA: 0s - loss: 0.8157 - accuracy: 0.7132
782/782 [==============================] - ETA: 0s - loss: 0.8157 - accuracy: 0.7133
782/782 [==============================] - 4s 6ms/step - loss: 0.8157 - accuracy: 0.7133 - val_loss: 1.2158 - val_accuracy: 0.6153
Epoch 8: early stopping

  1/313 [..............................] - ETA: 5s - loss: 0.7439 - accuracy: 0.7188
 17/313 [>.............................] - ETA: 0s - loss: 1.2111 - accuracy: 0.6066
 33/313 [==>...........................] - ETA: 0s - loss: 1.2240 - accuracy: 0.6098
 49/313 [===>..........................] - ETA: 0s - loss: 1.1992 - accuracy: 0.6097
 64/313 [=====>........................] - ETA: 0s - loss: 1.2116 - accuracy: 0.6045
 79/313 [======>.......................] - ETA: 0s - loss: 1.2061 - accuracy: 0.6147
 96/313 [========>.....................] - ETA: 0s - loss: 1.2154 - accuracy: 0.6133
111/313 [=========>....................] - ETA: 0s - loss: 1.2137 - accuracy: 0.6151
126/313 [===========>..................] - ETA: 0s - loss: 1.2061 - accuracy: 0.6183
142/313 [============>.................] - ETA: 0s - loss: 1.1971 - accuracy: 0.6235
159/313 [==============>...............] - ETA: 0s - loss: 1.2002 - accuracy: 0.6221
175/313 [===============>..............] - ETA: 0s - loss: 1.2018 - accuracy: 0.6211
191/313 [=================>............] - ETA: 0s - loss: 1.2026 - accuracy: 0.6207
207/313 [==================>...........] - ETA: 0s - loss: 1.2033 - accuracy: 0.6190
223/313 [====================>.........] - ETA: 0s - loss: 1.2134 - accuracy: 0.6153
239/313 [=====================>........] - ETA: 0s - loss: 1.2059 - accuracy: 0.6170
254/313 [=======================>......] - ETA: 0s - loss: 1.2033 - accuracy: 0.6171
270/313 [========================>.....] - ETA: 0s - loss: 1.2124 - accuracy: 0.6152
286/313 [==========================>...] - ETA: 0s - loss: 1.2144 - accuracy: 0.6146
301/313 [===========================>..] - ETA: 0s - loss: 1.2130 - accuracy: 0.6165
313/313 [==============================] - 1s 3ms/step - loss: 1.2158 - accuracy: 0.6153
