2024-07-26 01:19:47.942571: I tensorflow/core/platform/cpu_feature_guard.cc:193] This TensorFlow binary is optimized with oneAPI Deep Neural Network Library (oneDNN) to use the following CPU instructions in performance-critical operations:  AVX AVX2
To enable them in other operations, rebuild TensorFlow with the appropriate compiler flags.
2024-07-26 01:19:48.525665: I tensorflow/core/common_runtime/gpu/gpu_device.cc:1616] Created device /job:localhost/replica:0/task:0/device:GPU:0 with 6656 MB memory:  -> device: 0, name: NVIDIA GeForce RTX 4060 Ti, pci bus id: 0000:01:00.0, compute capability: 8.9
1 Physical GPUs, 1 Logical GPUs
Model: "sequential"
_________________________________________________________________
 Layer (type)                Output Shape              Param #   
=================================================================
 conv2d (Conv2D)             (None, 32, 32, 32)        896       
                                                                 
 batch_normalization (BatchN  (None, 32, 32, 32)       128       
 ormalization)                                                   
                                                                 
 conv2d_1 (Conv2D)           (None, 32, 32, 64)        18496     
                                                                 
 max_pooling2d (MaxPooling2D  (None, 16, 16, 64)       0         
 )                                                               
                                                                 
 conv2d_2 (Conv2D)           (None, 16, 16, 256)       1982720   
                                                                 
 max_pooling2d_1 (MaxPooling  (None, 8, 8, 256)        0         
 2D)                                                             
                                                                 
 conv2d_3 (Conv2D)           (None, 8, 8, 256)         1638656   
                                                                 
 max_pooling2d_2 (MaxPooling  (None, 4, 4, 256)        0         
 2D)                                                             
                                                                 
 conv2d_4 (Conv2D)           (None, 4, 4, 32)          401440    
                                                                 
 batch_normalization_1 (Batc  (None, 4, 4, 32)         128       
 hNormalization)                                                 
                                                                 
 conv2d_5 (Conv2D)           (None, 4, 4, 128)         36992     
                                                                 
 batch_normalization_2 (Batc  (None, 4, 4, 128)        512       
 hNormalization)                                                 
                                                                 
 dropout (Dropout)           (None, 4, 4, 128)         0         
                                                                 
 flatten (Flatten)           (None, 2048)              0         
                                                                 
 dense (Dense)               (None, 122)               249978    
                                                                 
 dropout_1 (Dropout)         (None, 122)               0         
                                                                 
 dense_1 (Dense)             (None, 10)                1230      
                                                                 
=================================================================
Total params: 4,331,176
Trainable params: 4,330,792
Non-trainable params: 384
_________________________________________________________________
Taxa de aprendizado:  0.01 Num de épocas:  117 Tamanho do lote:  1024 Dropout:  0.47
Epoch 1/117
2024-07-26 01:19:50.213549: I tensorflow/stream_executor/cuda/cuda_dnn.cc:384] Loaded cuDNN version 8100
2024-07-26 01:19:51.115829: W tensorflow/stream_executor/gpu/redzone_allocator.cc:314] INTERNAL: ptxas exited with non-zero error code -1, output: 
Relying on driver to perform ptx compilation. 
Modify $PATH to customize ptxas location.
This message will be only logged once.
2024-07-26 01:19:54.466918: I tensorflow/stream_executor/cuda/cuda_blas.cc:1614] TensorFloat-32 will be used for the matrix multiplication. This will only be logged once.

 1/49 [..............................] - ETA: 18:53 - loss: 3.1134 - accuracy: 0.1152
 2/49 [>.............................] - ETA: 19s - loss: 3.5759 - accuracy: 0.1187  
 3/49 [>.............................] - ETA: 19s - loss: 4.3652 - accuracy: 0.1162
 4/49 [=>............................] - ETA: 19s - loss: 4.4576 - accuracy: 0.1145
 5/49 [==>...........................] - ETA: 18s - loss: 4.3559 - accuracy: 0.1191
 6/49 [==>...........................] - ETA: 18s - loss: 4.1941 - accuracy: 0.1253
 7/49 [===>..........................] - ETA: 17s - loss: 4.0456 - accuracy: 0.1282
 8/49 [===>..........................] - ETA: 17s - loss: 3.9141 - accuracy: 0.1284
 9/49 [====>.........................] - ETA: 17s - loss: 3.8077 - accuracy: 0.1312
10/49 [=====>........................] - ETA: 16s - loss: 3.7044 - accuracy: 0.1334
11/49 [=====>........................] - ETA: 16s - loss: 3.6087 - accuracy: 0.1354
12/49 [======>.......................] - ETA: 15s - loss: 3.5371 - accuracy: 0.1363
13/49 [======>.......................] - ETA: 15s - loss: 3.4724 - accuracy: 0.1390
14/49 [=======>......................] - ETA: 14s - loss: 3.4188 - accuracy: 0.1408
15/49 [========>.....................] - ETA: 14s - loss: 3.3676 - accuracy: 0.1427
16/49 [========>.....................] - ETA: 14s - loss: 3.3210 - accuracy: 0.1437
17/49 [=========>....................] - ETA: 13s - loss: 3.2721 - accuracy: 0.1463
18/49 [==========>...................] - ETA: 13s - loss: 3.2343 - accuracy: 0.1477
19/49 [==========>...................] - ETA: 12s - loss: 3.1962 - accuracy: 0.1499
20/49 [===========>..................] - ETA: 12s - loss: 3.1609 - accuracy: 0.1509
21/49 [===========>..................] - ETA: 11s - loss: 3.1329 - accuracy: 0.1510
22/49 [============>.................] - ETA: 11s - loss: 3.1035 - accuracy: 0.1517
23/49 [=============>................] - ETA: 11s - loss: 3.0754 - accuracy: 0.1529
24/49 [=============>................] - ETA: 10s - loss: 3.0490 - accuracy: 0.1537
25/49 [==============>...............] - ETA: 10s - loss: 3.0247 - accuracy: 0.1546
26/49 [==============>...............] - ETA: 9s - loss: 3.0021 - accuracy: 0.1550 
27/49 [===============>..............] - ETA: 9s - loss: 2.9802 - accuracy: 0.1563
28/49 [================>.............] - ETA: 8s - loss: 2.9581 - accuracy: 0.1575
29/49 [================>.............] - ETA: 17s - loss: 2.9412 - accuracy: 0.1585
30/49 [=================>............] - ETA: 16s - loss: 2.9231 - accuracy: 0.1590
31/49 [=================>............] - ETA: 15s - loss: 2.9044 - accuracy: 0.1598
32/49 [==================>...........] - ETA: 14s - loss: 2.8869 - accuracy: 0.1603
33/49 [===================>..........] - ETA: 13s - loss: 2.8706 - accuracy: 0.1604
34/49 [===================>..........] - ETA: 12s - loss: 2.8551 - accuracy: 0.1607
35/49 [====================>.........] - ETA: 11s - loss: 2.8402 - accuracy: 0.1606
36/49 [=====================>........] - ETA: 10s - loss: 2.8253 - accuracy: 0.1610
37/49 [=====================>........] - ETA: 9s - loss: 2.8100 - accuracy: 0.1615 
38/49 [======================>.......] - ETA: 8s - loss: 2.7964 - accuracy: 0.1617
39/49 [======================>.......] - ETA: 7s - loss: 2.7817 - accuracy: 0.1623
40/49 [=======================>......] - ETA: 6s - loss: 2.7681 - accuracy: 0.1632
41/49 [========================>.....] - ETA: 5s - loss: 2.7549 - accuracy: 0.1636
42/49 [========================>.....] - ETA: 5s - loss: 2.7417 - accuracy: 0.1645
43/49 [=========================>....] - ETA: 4s - loss: 2.7299 - accuracy: 0.1649
44/49 [=========================>....] - ETA: 3s - loss: 2.7188 - accuracy: 0.1656
45/49 [==========================>...] - ETA: 2s - loss: 2.7076 - accuracy: 0.1665
46/49 [===========================>..] - ETA: 2s - loss: 2.6955 - accuracy: 0.1676
47/49 [===========================>..] - ETA: 1s - loss: 2.6851 - accuracy: 0.1678
48/49 [============================>.] - ETA: 0s - loss: 2.6747 - accuracy: 0.1684
49/49 [==============================] - ETA: 0s - loss: 2.6646 - accuracy: 0.1688
49/49 [==============================] - 58s 721ms/step - loss: 2.6646 - accuracy: 0.1688 - val_loss: 2.6729 - val_accuracy: 0.1115
Epoch 2/117

 1/49 [..............................] - ETA: 23s - loss: 2.1099 - accuracy: 0.2168
 2/49 [>.............................] - ETA: 21s - loss: 2.1192 - accuracy: 0.2056
 3/49 [>.............................] - ETA: 21s - loss: 2.1407 - accuracy: 0.1982
 4/49 [=>............................] - ETA: 20s - loss: 2.1377 - accuracy: 0.1982
 5/49 [==>...........................] - ETA: 18s - loss: 2.1404 - accuracy: 0.1969
 6/49 [==>...........................] - ETA: 18s - loss: 2.1387 - accuracy: 0.1942
 7/49 [===>..........................] - ETA: 17s - loss: 2.1397 - accuracy: 0.1946
 8/49 [===>..........................] - ETA: 17s - loss: 2.1417 - accuracy: 0.1934
 9/49 [====>.........................] - ETA: 16s - loss: 2.1357 - accuracy: 0.1960
10/49 [=====>........................] - ETA: 16s - loss: 2.1301 - accuracy: 0.1980
11/49 [=====>........................] - ETA: 16s - loss: 2.1276 - accuracy: 0.1982
12/49 [======>.......................] - ETA: 16s - loss: 2.1224 - accuracy: 0.1993
13/49 [======>.......................] - ETA: 15s - loss: 2.1192 - accuracy: 0.1999
14/49 [=======>......................] - ETA: 15s - loss: 2.1174 - accuracy: 0.1996
15/49 [========>.....................] - ETA: 14s - loss: 2.1134 - accuracy: 0.2005
16/49 [========>.....................] - ETA: 14s - loss: 2.1095 - accuracy: 0.2015
17/49 [=========>....................] - ETA: 14s - loss: 2.1083 - accuracy: 0.2017
18/49 [==========>...................] - ETA: 13s - loss: 2.1057 - accuracy: 0.2016
19/49 [==========>...................] - ETA: 13s - loss: 2.1012 - accuracy: 0.2023
20/49 [===========>..................] - ETA: 12s - loss: 2.0985 - accuracy: 0.2029
21/49 [===========>..................] - ETA: 12s - loss: 2.0988 - accuracy: 0.2030
22/49 [============>.................] - ETA: 11s - loss: 2.0953 - accuracy: 0.2036
23/49 [=============>................] - ETA: 11s - loss: 2.0928 - accuracy: 0.2044
24/49 [=============>................] - ETA: 11s - loss: 2.0903 - accuracy: 0.2051
25/49 [==============>...............] - ETA: 10s - loss: 2.0885 - accuracy: 0.2051
26/49 [==============>...............] - ETA: 10s - loss: 2.0856 - accuracy: 0.2055
27/49 [===============>..............] - ETA: 9s - loss: 2.0822 - accuracy: 0.2067 
28/49 [================>.............] - ETA: 9s - loss: 2.0800 - accuracy: 0.2068
29/49 [================>.............] - ETA: 8s - loss: 2.0763 - accuracy: 0.2075
30/49 [=================>............] - ETA: 8s - loss: 2.0736 - accuracy: 0.2084
31/49 [=================>............] - ETA: 7s - loss: 2.0704 - accuracy: 0.2089
32/49 [==================>...........] - ETA: 7s - loss: 2.0680 - accuracy: 0.2106
33/49 [===================>..........] - ETA: 7s - loss: 2.0653 - accuracy: 0.2109
34/49 [===================>..........] - ETA: 6s - loss: 2.0630 - accuracy: 0.2114
35/49 [====================>.........] - ETA: 6s - loss: 2.0611 - accuracy: 0.2114
36/49 [=====================>........] - ETA: 5s - loss: 2.0577 - accuracy: 0.2122
37/49 [=====================>........] - ETA: 5s - loss: 2.0557 - accuracy: 0.2127
38/49 [======================>.......] - ETA: 4s - loss: 2.0542 - accuracy: 0.2131
39/49 [======================>.......] - ETA: 4s - loss: 2.0523 - accuracy: 0.2138
40/49 [=======================>......] - ETA: 3s - loss: 2.0496 - accuracy: 0.2142
41/49 [========================>.....] - ETA: 3s - loss: 2.0485 - accuracy: 0.2148
42/49 [========================>.....] - ETA: 3s - loss: 2.0473 - accuracy: 0.2155
43/49 [=========================>....] - ETA: 2s - loss: 2.0456 - accuracy: 0.2155
44/49 [=========================>....] - ETA: 2s - loss: 2.0433 - accuracy: 0.2159
45/49 [==========================>...] - ETA: 1s - loss: 2.0403 - accuracy: 0.2168
46/49 [===========================>..] - ETA: 1s - loss: 2.0391 - accuracy: 0.2168
47/49 [===========================>..] - ETA: 0s - loss: 2.0374 - accuracy: 0.2170
48/49 [============================>.] - ETA: 0s - loss: 2.0364 - accuracy: 0.2167
49/49 [==============================] - ETA: 0s - loss: 2.0342 - accuracy: 0.2172
49/49 [==============================] - 24s 480ms/step - loss: 2.0342 - accuracy: 0.2172 - val_loss: 2.0057 - val_accuracy: 0.2314
Epoch 3/117

 1/49 [..............................] - ETA: 23s - loss: 1.9626 - accuracy: 0.2275
 2/49 [>.............................] - ETA: 19s - loss: 1.9399 - accuracy: 0.2354
 3/49 [>.............................] - ETA: 18s - loss: 1.9328 - accuracy: 0.2324
 4/49 [=>............................] - ETA: 18s - loss: 1.9353 - accuracy: 0.2354
 5/49 [==>...........................] - ETA: 18s - loss: 1.9382 - accuracy: 0.2373
 6/49 [==>...........................] - ETA: 18s - loss: 1.9371 - accuracy: 0.2399
 7/49 [===>..........................] - ETA: 18s - loss: 1.9430 - accuracy: 0.2374
 8/49 [===>..........................] - ETA: 17s - loss: 1.9440 - accuracy: 0.2361
 9/49 [====>.........................] - ETA: 17s - loss: 1.9417 - accuracy: 0.2357
10/49 [=====>........................] - ETA: 17s - loss: 1.9429 - accuracy: 0.2377
11/49 [=====>........................] - ETA: 16s - loss: 1.9460 - accuracy: 0.2389
12/49 [======>.......................] - ETA: 16s - loss: 1.9450 - accuracy: 0.2390
13/49 [======>.......................] - ETA: 16s - loss: 1.9448 - accuracy: 0.2393
14/49 [=======>......................] - ETA: 15s - loss: 1.9454 - accuracy: 0.2398
15/49 [========>.....................] - ETA: 15s - loss: 1.9442 - accuracy: 0.2410
16/49 [========>.....................] - ETA: 14s - loss: 1.9416 - accuracy: 0.2404
17/49 [=========>....................] - ETA: 13s - loss: 1.9420 - accuracy: 0.2382
18/49 [==========>...................] - ETA: 13s - loss: 1.9407 - accuracy: 0.2382
19/49 [==========>...................] - ETA: 13s - loss: 1.9406 - accuracy: 0.2392
20/49 [===========>..................] - ETA: 12s - loss: 1.9435 - accuracy: 0.2388
21/49 [===========>..................] - ETA: 12s - loss: 1.9419 - accuracy: 0.2395
22/49 [============>.................] - ETA: 11s - loss: 1.9414 - accuracy: 0.2402
23/49 [=============>................] - ETA: 11s - loss: 1.9392 - accuracy: 0.2417
24/49 [=============>................] - ETA: 11s - loss: 1.9394 - accuracy: 0.2415
25/49 [==============>...............] - ETA: 10s - loss: 1.9404 - accuracy: 0.2411
26/49 [==============>...............] - ETA: 10s - loss: 1.9419 - accuracy: 0.2406
27/49 [===============>..............] - ETA: 9s - loss: 1.9413 - accuracy: 0.2398 
28/49 [================>.............] - ETA: 9s - loss: 1.9410 - accuracy: 0.2398
29/49 [================>.............] - ETA: 8s - loss: 1.9396 - accuracy: 0.2399
30/49 [=================>............] - ETA: 8s - loss: 1.9388 - accuracy: 0.2397
31/49 [=================>............] - ETA: 7s - loss: 1.9391 - accuracy: 0.2399
32/49 [==================>...........] - ETA: 7s - loss: 1.9376 - accuracy: 0.2405
33/49 [===================>..........] - ETA: 7s - loss: 1.9369 - accuracy: 0.2401
34/49 [===================>..........] - ETA: 6s - loss: 1.9356 - accuracy: 0.2411
35/49 [====================>.........] - ETA: 6s - loss: 1.9356 - accuracy: 0.2414
36/49 [=====================>........] - ETA: 5s - loss: 1.9358 - accuracy: 0.2408
37/49 [=====================>........] - ETA: 5s - loss: 1.9355 - accuracy: 0.2409
38/49 [======================>.......] - ETA: 4s - loss: 1.9343 - accuracy: 0.2411
39/49 [======================>.......] - ETA: 4s - loss: 1.9343 - accuracy: 0.2414
40/49 [=======================>......] - ETA: 4s - loss: 1.9339 - accuracy: 0.2414
41/49 [========================>.....] - ETA: 3s - loss: 1.9341 - accuracy: 0.2418
42/49 [========================>.....] - ETA: 3s - loss: 1.9336 - accuracy: 0.2424
43/49 [=========================>....] - ETA: 2s - loss: 1.9327 - accuracy: 0.2426
44/49 [=========================>....] - ETA: 2s - loss: 1.9320 - accuracy: 0.2424
45/49 [==========================>...] - ETA: 1s - loss: 1.9323 - accuracy: 0.2418
46/49 [===========================>..] - ETA: 1s - loss: 1.9314 - accuracy: 0.2419
47/49 [===========================>..] - ETA: 0s - loss: 1.9302 - accuracy: 0.2422
48/49 [============================>.] - ETA: 0s - loss: 1.9299 - accuracy: 0.2417
49/49 [==============================] - ETA: 0s - loss: 1.9290 - accuracy: 0.2419
49/49 [==============================] - 24s 481ms/step - loss: 1.9290 - accuracy: 0.2419 - val_loss: 2.6666 - val_accuracy: 0.1296
Epoch 4/117

 1/49 [..............................] - ETA: 20s - loss: 1.8838 - accuracy: 0.2344
 2/49 [>.............................] - ETA: 21s - loss: 1.8917 - accuracy: 0.2476
 3/49 [>.............................] - ETA: 21s - loss: 1.8982 - accuracy: 0.2536
 4/49 [=>............................] - ETA: 20s - loss: 1.9008 - accuracy: 0.2546
 5/49 [==>...........................] - ETA: 20s - loss: 1.9010 - accuracy: 0.2586
 6/49 [==>...........................] - ETA: 19s - loss: 1.8989 - accuracy: 0.2565
 7/49 [===>..........................] - ETA: 19s - loss: 1.9024 - accuracy: 0.2536
 8/49 [===>..........................] - ETA: 18s - loss: 1.9001 - accuracy: 0.2533
 9/49 [====>.........................] - ETA: 18s - loss: 1.9013 - accuracy: 0.2547
10/49 [=====>........................] - ETA: 18s - loss: 1.9036 - accuracy: 0.2531
11/49 [=====>........................] - ETA: 17s - loss: 1.9040 - accuracy: 0.2531
12/49 [======>.......................] - ETA: 16s - loss: 1.9049 - accuracy: 0.2531
13/49 [======>.......................] - ETA: 16s - loss: 1.9017 - accuracy: 0.2539
14/49 [=======>......................] - ETA: 15s - loss: 1.8982 - accuracy: 0.2562
15/49 [========>.....................] - ETA: 15s - loss: 1.8979 - accuracy: 0.2572
16/49 [========>.....................] - ETA: 14s - loss: 1.8982 - accuracy: 0.2587
17/49 [=========>....................] - ETA: 14s - loss: 1.8960 - accuracy: 0.2580
18/49 [==========>...................] - ETA: 13s - loss: 1.8947 - accuracy: 0.2576
19/49 [==========>...................] - ETA: 13s - loss: 1.8944 - accuracy: 0.2568
20/49 [===========>..................] - ETA: 13s - loss: 1.8955 - accuracy: 0.2567
21/49 [===========>..................] - ETA: 12s - loss: 1.8963 - accuracy: 0.2561
22/49 [============>.................] - ETA: 12s - loss: 1.8975 - accuracy: 0.2563
23/49 [=============>................] - ETA: 11s - loss: 1.8984 - accuracy: 0.2565
24/49 [=============>................] - ETA: 11s - loss: 1.8997 - accuracy: 0.2564
25/49 [==============>...............] - ETA: 10s - loss: 1.9016 - accuracy: 0.2561
26/49 [==============>...............] - ETA: 10s - loss: 1.9019 - accuracy: 0.2556
27/49 [===============>..............] - ETA: 9s - loss: 1.9037 - accuracy: 0.2562 
28/49 [================>.............] - ETA: 9s - loss: 1.9026 - accuracy: 0.2567
29/49 [================>.............] - ETA: 8s - loss: 1.9032 - accuracy: 0.2562
30/49 [=================>............] - ETA: 8s - loss: 1.9040 - accuracy: 0.2561
31/49 [=================>............] - ETA: 8s - loss: 1.9056 - accuracy: 0.2555
32/49 [==================>...........] - ETA: 7s - loss: 1.9065 - accuracy: 0.2560
33/49 [===================>..........] - ETA: 7s - loss: 1.9061 - accuracy: 0.2563
34/49 [===================>..........] - ETA: 6s - loss: 1.9051 - accuracy: 0.2564
35/49 [====================>.........] - ETA: 6s - loss: 1.9055 - accuracy: 0.2554
36/49 [=====================>........] - ETA: 5s - loss: 1.9053 - accuracy: 0.2550
37/49 [=====================>........] - ETA: 5s - loss: 1.9059 - accuracy: 0.2542
38/49 [======================>.......] - ETA: 4s - loss: 1.9058 - accuracy: 0.2537
39/49 [======================>.......] - ETA: 4s - loss: 1.9048 - accuracy: 0.2538
40/49 [=======================>......] - ETA: 3s - loss: 1.9043 - accuracy: 0.2539
41/49 [========================>.....] - ETA: 3s - loss: 1.9040 - accuracy: 0.2542
42/49 [========================>.....] - ETA: 3s - loss: 1.9039 - accuracy: 0.2539
43/49 [=========================>....] - ETA: 2s - loss: 1.9053 - accuracy: 0.2535
44/49 [=========================>....] - ETA: 2s - loss: 1.9048 - accuracy: 0.2535
45/49 [==========================>...] - ETA: 1s - loss: 1.9051 - accuracy: 0.2532
46/49 [===========================>..] - ETA: 1s - loss: 1.9057 - accuracy: 0.2525
47/49 [===========================>..] - ETA: 0s - loss: 1.9056 - accuracy: 0.2528
48/49 [============================>.] - ETA: 0s - loss: 1.9052 - accuracy: 0.2529
49/49 [==============================] - ETA: 0s - loss: 1.9048 - accuracy: 0.2534
49/49 [==============================] - 23s 480ms/step - loss: 1.9048 - accuracy: 0.2534 - val_loss: 2.8878 - val_accuracy: 0.1413
Epoch 5/117

 1/49 [..............................] - ETA: 23s - loss: 1.8957 - accuracy: 0.2637
 2/49 [>.............................] - ETA: 21s - loss: 1.8822 - accuracy: 0.2734
 3/49 [>.............................] - ETA: 21s - loss: 1.8869 - accuracy: 0.2663
 4/49 [=>............................] - ETA: 20s - loss: 1.8951 - accuracy: 0.2610
 5/49 [==>...........................] - ETA: 20s - loss: 1.8878 - accuracy: 0.2623
 6/49 [==>...........................] - ETA: 19s - loss: 1.8801 - accuracy: 0.2640
 7/49 [===>..........................] - ETA: 19s - loss: 1.8860 - accuracy: 0.2614
 8/49 [===>..........................] - ETA: 18s - loss: 1.8851 - accuracy: 0.2601
 9/49 [====>.........................] - ETA: 17s - loss: 1.8847 - accuracy: 0.2602
10/49 [=====>........................] - ETA: 17s - loss: 1.8840 - accuracy: 0.2611
11/49 [=====>........................] - ETA: 16s - loss: 1.8864 - accuracy: 0.2608
12/49 [======>.......................] - ETA: 16s - loss: 1.8867 - accuracy: 0.2611
13/49 [======>.......................] - ETA: 15s - loss: 1.8853 - accuracy: 0.2610
14/49 [=======>......................] - ETA: 15s - loss: 1.8858 - accuracy: 0.2613
15/49 [========>.....................] - ETA: 15s - loss: 1.8869 - accuracy: 0.2593
16/49 [========>.....................] - ETA: 14s - loss: 1.8871 - accuracy: 0.2586
17/49 [=========>....................] - ETA: 14s - loss: 1.8855 - accuracy: 0.2585
18/49 [==========>...................] - ETA: 13s - loss: 1.8865 - accuracy: 0.2578
19/49 [==========>...................] - ETA: 13s - loss: 1.8870 - accuracy: 0.2574
20/49 [===========>..................] - ETA: 12s - loss: 1.8866 - accuracy: 0.2587
21/49 [===========>..................] - ETA: 12s - loss: 1.8894 - accuracy: 0.2584
22/49 [============>.................] - ETA: 12s - loss: 1.8901 - accuracy: 0.2590
23/49 [=============>................] - ETA: 11s - loss: 1.8897 - accuracy: 0.2592
24/49 [=============>................] - ETA: 11s - loss: 1.8893 - accuracy: 0.2595
25/49 [==============>...............] - ETA: 10s - loss: 1.8896 - accuracy: 0.2593
26/49 [==============>...............] - ETA: 10s - loss: 1.8901 - accuracy: 0.2587
27/49 [===============>..............] - ETA: 9s - loss: 1.8911 - accuracy: 0.2583 
28/49 [================>.............] - ETA: 9s - loss: 1.8912 - accuracy: 0.2582
29/49 [================>.............] - ETA: 8s - loss: 1.8905 - accuracy: 0.2582
30/49 [=================>............] - ETA: 8s - loss: 1.8910 - accuracy: 0.2576
31/49 [=================>............] - ETA: 8s - loss: 1.8909 - accuracy: 0.2583
32/49 [==================>...........] - ETA: 7s - loss: 1.8906 - accuracy: 0.2581
33/49 [===================>..........] - ETA: 7s - loss: 1.8909 - accuracy: 0.2583
34/49 [===================>..........] - ETA: 6s - loss: 1.8906 - accuracy: 0.2583
35/49 [====================>.........] - ETA: 6s - loss: 1.8903 - accuracy: 0.2582
36/49 [=====================>........] - ETA: 5s - loss: 1.8900 - accuracy: 0.2580
37/49 [=====================>........] - ETA: 5s - loss: 1.8893 - accuracy: 0.2580
38/49 [======================>.......] - ETA: 4s - loss: 1.8888 - accuracy: 0.2581
39/49 [======================>.......] - ETA: 4s - loss: 1.8885 - accuracy: 0.2578
40/49 [=======================>......] - ETA: 4s - loss: 1.8881 - accuracy: 0.2577
41/49 [========================>.....] - ETA: 3s - loss: 1.8886 - accuracy: 0.2572
42/49 [========================>.....] - ETA: 3s - loss: 1.8892 - accuracy: 0.2570
43/49 [=========================>....] - ETA: 2s - loss: 1.8883 - accuracy: 0.2569
44/49 [=========================>....] - ETA: 2s - loss: 1.8874 - accuracy: 0.2575
45/49 [==========================>...] - ETA: 1s - loss: 1.8894 - accuracy: 0.2568
46/49 [===========================>..] - ETA: 1s - loss: 1.8886 - accuracy: 0.2569
47/49 [===========================>..] - ETA: 0s - loss: 1.8887 - accuracy: 0.2565
48/49 [============================>.] - ETA: 0s - loss: 1.8893 - accuracy: 0.2564
49/49 [==============================] - ETA: 0s - loss: 1.8893 - accuracy: 0.2561
49/49 [==============================] - 24s 481ms/step - loss: 1.8893 - accuracy: 0.2561 - val_loss: 2.6480 - val_accuracy: 0.1508
Epoch 6/117

 1/49 [..............................] - ETA: 23s - loss: 1.8601 - accuracy: 0.2783
 2/49 [>.............................] - ETA: 22s - loss: 1.8570 - accuracy: 0.2695
 3/49 [>.............................] - ETA: 21s - loss: 1.8607 - accuracy: 0.2679
 4/49 [=>............................] - ETA: 21s - loss: 1.8537 - accuracy: 0.2703
 5/49 [==>...........................] - ETA: 20s - loss: 1.8608 - accuracy: 0.2660
 6/49 [==>...........................] - ETA: 19s - loss: 1.8613 - accuracy: 0.2689
 7/49 [===>..........................] - ETA: 18s - loss: 1.8601 - accuracy: 0.2656
 8/49 [===>..........................] - ETA: 18s - loss: 1.8598 - accuracy: 0.2632
 9/49 [====>.........................] - ETA: 17s - loss: 1.8616 - accuracy: 0.2631
10/49 [=====>........................] - ETA: 17s - loss: 1.8668 - accuracy: 0.2627
11/49 [=====>........................] - ETA: 16s - loss: 1.8697 - accuracy: 0.2619
12/49 [======>.......................] - ETA: 16s - loss: 1.8704 - accuracy: 0.2599
13/49 [======>.......................] - ETA: 16s - loss: 1.8719 - accuracy: 0.2604
14/49 [=======>......................] - ETA: 15s - loss: 1.8703 - accuracy: 0.2608
15/49 [========>.....................] - ETA: 15s - loss: 1.8673 - accuracy: 0.2624
16/49 [========>.....................] - ETA: 14s - loss: 1.8677 - accuracy: 0.2633
17/49 [=========>....................] - ETA: 14s - loss: 1.8675 - accuracy: 0.2636
18/49 [==========>...................] - ETA: 14s - loss: 1.8683 - accuracy: 0.2634
19/49 [==========>...................] - ETA: 13s - loss: 1.8681 - accuracy: 0.2628
20/49 [===========>..................] - ETA: 12s - loss: 1.8696 - accuracy: 0.2629
21/49 [===========>..................] - ETA: 12s - loss: 1.8707 - accuracy: 0.2623
22/49 [============>.................] - ETA: 12s - loss: 1.8701 - accuracy: 0.2614
23/49 [=============>................] - ETA: 11s - loss: 1.8698 - accuracy: 0.2618
24/49 [=============>................] - ETA: 11s - loss: 1.8692 - accuracy: 0.2611
25/49 [==============>...............] - ETA: 10s - loss: 1.8701 - accuracy: 0.2606
26/49 [==============>...............] - ETA: 10s - loss: 1.8680 - accuracy: 0.2612
27/49 [===============>..............] - ETA: 9s - loss: 1.8682 - accuracy: 0.2610 
28/49 [================>.............] - ETA: 9s - loss: 1.8687 - accuracy: 0.2614
29/49 [================>.............] - ETA: 9s - loss: 1.8695 - accuracy: 0.2620
30/49 [=================>............] - ETA: 8s - loss: 1.8701 - accuracy: 0.2617
31/49 [=================>............] - ETA: 8s - loss: 1.8700 - accuracy: 0.2612
32/49 [==================>...........] - ETA: 7s - loss: 1.8718 - accuracy: 0.2612
33/49 [===================>..........] - ETA: 7s - loss: 1.8719 - accuracy: 0.2606
34/49 [===================>..........] - ETA: 6s - loss: 1.8711 - accuracy: 0.2607
35/49 [====================>.........] - ETA: 6s - loss: 1.8703 - accuracy: 0.2609
36/49 [=====================>........] - ETA: 5s - loss: 1.8703 - accuracy: 0.2612
37/49 [=====================>........] - ETA: 5s - loss: 1.8701 - accuracy: 0.2617
38/49 [======================>.......] - ETA: 4s - loss: 1.8684 - accuracy: 0.2623
39/49 [======================>.......] - ETA: 4s - loss: 1.8690 - accuracy: 0.2621
40/49 [=======================>......] - ETA: 4s - loss: 1.8686 - accuracy: 0.2616
41/49 [========================>.....] - ETA: 3s - loss: 1.8682 - accuracy: 0.2619
42/49 [========================>.....] - ETA: 3s - loss: 1.8675 - accuracy: 0.2625
43/49 [=========================>....] - ETA: 2s - loss: 1.8669 - accuracy: 0.2627
44/49 [=========================>....] - ETA: 2s - loss: 1.8669 - accuracy: 0.2627
45/49 [==========================>...] - ETA: 1s - loss: 1.8673 - accuracy: 0.2624
46/49 [===========================>..] - ETA: 1s - loss: 1.8664 - accuracy: 0.2628
47/49 [===========================>..] - ETA: 0s - loss: 1.8661 - accuracy: 0.2629
48/49 [============================>.] - ETA: 0s - loss: 1.8656 - accuracy: 0.2633
49/49 [==============================] - ETA: 0s - loss: 1.8653 - accuracy: 0.2631
49/49 [==============================] - 24s 483ms/step - loss: 1.8653 - accuracy: 0.2631 - val_loss: 2.8809 - val_accuracy: 0.1514
Epoch 7/117

 1/49 [..............................] - ETA: 23s - loss: 1.8370 - accuracy: 0.2529
 2/49 [>.............................] - ETA: 21s - loss: 1.8332 - accuracy: 0.2637
 3/49 [>.............................] - ETA: 20s - loss: 1.8383 - accuracy: 0.2643
 4/49 [=>............................] - ETA: 18s - loss: 1.8441 - accuracy: 0.2639
 5/49 [==>...........................] - ETA: 18s - loss: 1.8446 - accuracy: 0.2703
 6/49 [==>...........................] - ETA: 18s - loss: 1.8493 - accuracy: 0.2699
 7/49 [===>..........................] - ETA: 18s - loss: 1.8524 - accuracy: 0.2698
 8/49 [===>..........................] - ETA: 17s - loss: 1.8507 - accuracy: 0.2701
 9/49 [====>.........................] - ETA: 17s - loss: 1.8541 - accuracy: 0.2690
10/49 [=====>........................] - ETA: 17s - loss: 1.8541 - accuracy: 0.2688
11/49 [=====>........................] - ETA: 16s - loss: 1.8525 - accuracy: 0.2665
12/49 [======>.......................] - ETA: 16s - loss: 1.8569 - accuracy: 0.2659
13/49 [======>.......................] - ETA: 16s - loss: 1.8563 - accuracy: 0.2659
14/49 [=======>......................] - ETA: 15s - loss: 1.8521 - accuracy: 0.2673
15/49 [========>.....................] - ETA: 15s - loss: 1.8492 - accuracy: 0.2683
16/49 [========>.....................] - ETA: 14s - loss: 1.8491 - accuracy: 0.2693
17/49 [=========>....................] - ETA: 14s - loss: 1.8519 - accuracy: 0.2691
18/49 [==========>...................] - ETA: 13s - loss: 1.8524 - accuracy: 0.2684
19/49 [==========>...................] - ETA: 13s - loss: 1.8503 - accuracy: 0.2686
20/49 [===========>..................] - ETA: 12s - loss: 1.8479 - accuracy: 0.2696
21/49 [===========>..................] - ETA: 12s - loss: 1.8499 - accuracy: 0.2693
22/49 [============>.................] - ETA: 12s - loss: 1.8479 - accuracy: 0.2693
23/49 [=============>................] - ETA: 11s - loss: 1.8484 - accuracy: 0.2694
24/49 [=============>................] - ETA: 11s - loss: 1.8483 - accuracy: 0.2700
25/49 [==============>...............] - ETA: 10s - loss: 1.8462 - accuracy: 0.2713
26/49 [==============>...............] - ETA: 10s - loss: 1.8445 - accuracy: 0.2716
27/49 [===============>..............] - ETA: 9s - loss: 1.8458 - accuracy: 0.2714 
28/49 [================>.............] - ETA: 9s - loss: 1.8450 - accuracy: 0.2724
29/49 [================>.............] - ETA: 8s - loss: 1.8453 - accuracy: 0.2724
30/49 [=================>............] - ETA: 8s - loss: 1.8445 - accuracy: 0.2732
31/49 [=================>............] - ETA: 7s - loss: 1.8429 - accuracy: 0.2731
32/49 [==================>...........] - ETA: 7s - loss: 1.8427 - accuracy: 0.2737
33/49 [===================>..........] - ETA: 7s - loss: 1.8406 - accuracy: 0.2747
34/49 [===================>..........] - ETA: 6s - loss: 1.8400 - accuracy: 0.2750
35/49 [====================>.........] - ETA: 6s - loss: 1.8391 - accuracy: 0.2757
36/49 [=====================>........] - ETA: 5s - loss: 1.8390 - accuracy: 0.2761
37/49 [=====================>........] - ETA: 5s - loss: 1.8388 - accuracy: 0.2766
38/49 [======================>.......] - ETA: 4s - loss: 1.8379 - accuracy: 0.2773
39/49 [======================>.......] - ETA: 4s - loss: 1.8372 - accuracy: 0.2776
40/49 [=======================>......] - ETA: 4s - loss: 1.8364 - accuracy: 0.2778
41/49 [========================>.....] - ETA: 3s - loss: 1.8368 - accuracy: 0.2780
42/49 [========================>.....] - ETA: 3s - loss: 1.8365 - accuracy: 0.2779
43/49 [=========================>....] - ETA: 2s - loss: 1.8350 - accuracy: 0.2790
44/49 [=========================>....] - ETA: 2s - loss: 1.8347 - accuracy: 0.2789
45/49 [==========================>...] - ETA: 1s - loss: 1.8340 - accuracy: 0.2790
46/49 [===========================>..] - ETA: 1s - loss: 1.8333 - accuracy: 0.2790
47/49 [===========================>..] - ETA: 0s - loss: 1.8330 - accuracy: 0.2792
48/49 [============================>.] - ETA: 0s - loss: 1.8317 - accuracy: 0.2801
49/49 [==============================] - ETA: 0s - loss: 1.8303 - accuracy: 0.2804
49/49 [==============================] - 24s 482ms/step - loss: 1.8303 - accuracy: 0.2804 - val_loss: 3.1335 - val_accuracy: 0.1229
Epoch 7: early stopping

  1/313 [..............................] - ETA: 9s - loss: 3.1099 - accuracy: 0.0625
 14/313 [>.............................] - ETA: 1s - loss: 3.2513 - accuracy: 0.0804
 27/313 [=>............................] - ETA: 1s - loss: 3.1389 - accuracy: 0.1065
 41/313 [==>...........................] - ETA: 1s - loss: 3.2004 - accuracy: 0.1090
 53/313 [====>.........................] - ETA: 1s - loss: 3.1605 - accuracy: 0.1191
 66/313 [=====>........................] - ETA: 1s - loss: 3.1571 - accuracy: 0.1155
 79/313 [======>.......................] - ETA: 1s - loss: 3.1682 - accuracy: 0.1127
 95/313 [========>.....................] - ETA: 1s - loss: 3.1468 - accuracy: 0.1145
112/313 [=========>....................] - ETA: 0s - loss: 3.1473 - accuracy: 0.1191
127/313 [===========>..................] - ETA: 0s - loss: 3.1367 - accuracy: 0.1196
141/313 [============>.................] - ETA: 0s - loss: 3.1463 - accuracy: 0.1219
154/313 [=============>................] - ETA: 0s - loss: 3.1402 - accuracy: 0.1246
167/313 [===============>..............] - ETA: 0s - loss: 3.1374 - accuracy: 0.1246
180/313 [================>.............] - ETA: 0s - loss: 3.1224 - accuracy: 0.1255
194/313 [=================>............] - ETA: 0s - loss: 3.1194 - accuracy: 0.1266
207/313 [==================>...........] - ETA: 0s - loss: 3.1209 - accuracy: 0.1271
220/313 [====================>.........] - ETA: 0s - loss: 3.1267 - accuracy: 0.1256
234/313 [=====================>........] - ETA: 0s - loss: 3.1212 - accuracy: 0.1265
247/313 [======================>.......] - ETA: 0s - loss: 3.1223 - accuracy: 0.1246
260/313 [=======================>......] - ETA: 0s - loss: 3.1311 - accuracy: 0.1230
274/313 [=========================>....] - ETA: 0s - loss: 3.1295 - accuracy: 0.1227
287/313 [==========================>...] - ETA: 0s - loss: 3.1313 - accuracy: 0.1229
302/313 [===========================>..] - ETA: 0s - loss: 3.1314 - accuracy: 0.1232
313/313 [==============================] - 1s 5ms/step - loss: 3.1335 - accuracy: 0.1229
