2024-07-26 00:56:17.114315: I tensorflow/core/platform/cpu_feature_guard.cc:193] This TensorFlow binary is optimized with oneAPI Deep Neural Network Library (oneDNN) to use the following CPU instructions in performance-critical operations:  AVX AVX2
To enable them in other operations, rebuild TensorFlow with the appropriate compiler flags.
2024-07-26 00:56:17.988582: I tensorflow/core/common_runtime/gpu/gpu_device.cc:1616] Created device /job:localhost/replica:0/task:0/device:GPU:0 with 6656 MB memory:  -> device: 0, name: NVIDIA GeForce RTX 4060 Ti, pci bus id: 0000:01:00.0, compute capability: 8.9
1 Physical GPUs, 1 Logical GPUs
Model: "sequential"
_________________________________________________________________
 Layer (type)                Output Shape              Param #   
=================================================================
 conv2d (Conv2D)             (None, 32, 32, 32)        896       
                                                                 
 max_pooling2d (MaxPooling2D  (None, 16, 16, 32)       0         
 )                                                               
                                                                 
 dropout (Dropout)           (None, 16, 16, 32)        0         
                                                                 
 flatten (Flatten)           (None, 8192)              0         
                                                                 
 dense (Dense)               (None, 10)                81930     
                                                                 
=================================================================
Total params: 82,826
Trainable params: 82,826
Non-trainable params: 0
_________________________________________________________________
Taxa de aprendizado:  0.01 Num de épocas:  95 Tamanho do lote:  256 Dropout:  0.01
Epoch 1/95
2024-07-26 00:56:19.398445: I tensorflow/stream_executor/cuda/cuda_dnn.cc:384] Loaded cuDNN version 8100
2024-07-26 00:56:20.224331: W tensorflow/stream_executor/gpu/redzone_allocator.cc:314] INTERNAL: ptxas exited with non-zero error code -1, output: 
Relying on driver to perform ptx compilation. 
Modify $PATH to customize ptxas location.
This message will be only logged once.
2024-07-26 00:56:20.854300: I tensorflow/stream_executor/cuda/cuda_blas.cc:1614] TensorFloat-32 will be used for the matrix multiplication. This will only be logged once.

  1/196 [..............................] - ETA: 9:00 - loss: 2.4171 - accuracy: 0.0977
 10/196 [>.............................] - ETA: 1s - loss: 3.3451 - accuracy: 0.1191  
 21/196 [==>...........................] - ETA: 1s - loss: 2.7234 - accuracy: 0.1592
 30/196 [===>..........................] - ETA: 1s - loss: 2.5287 - accuracy: 0.1902
 41/196 [=====>........................] - ETA: 0s - loss: 2.3745 - accuracy: 0.2229
 51/196 [======>.......................] - ETA: 0s - loss: 2.2761 - accuracy: 0.2438
 62/196 [========>.....................] - ETA: 0s - loss: 2.1852 - accuracy: 0.2698
 72/196 [==========>...................] - ETA: 0s - loss: 2.1174 - accuracy: 0.2879
 83/196 [===========>..................] - ETA: 0s - loss: 2.0653 - accuracy: 0.3009
 94/196 [=============>................] - ETA: 0s - loss: 2.0206 - accuracy: 0.3119
104/196 [==============>...............] - ETA: 0s - loss: 1.9891 - accuracy: 0.3214
115/196 [================>.............] - ETA: 0s - loss: 1.9609 - accuracy: 0.3293
125/196 [==================>...........] - ETA: 0s - loss: 1.9374 - accuracy: 0.3365
136/196 [===================>..........] - ETA: 0s - loss: 1.9166 - accuracy: 0.3421
145/196 [=====================>........] - ETA: 0s - loss: 1.8989 - accuracy: 0.3477
156/196 [======================>.......] - ETA: 0s - loss: 1.8818 - accuracy: 0.3516
167/196 [========================>.....] - ETA: 0s - loss: 1.8657 - accuracy: 0.3565
178/196 [==========================>...] - ETA: 0s - loss: 1.8510 - accuracy: 0.3608
189/196 [===========================>..] - ETA: 0s - loss: 1.8424 - accuracy: 0.3632
196/196 [==============================] - 5s 9ms/step - loss: 1.8342 - accuracy: 0.3650 - val_loss: 1.6049 - val_accuracy: 0.4285
Epoch 2/95

  1/196 [..............................] - ETA: 3s - loss: 1.5273 - accuracy: 0.4250
 10/196 [>.............................] - ETA: 1s - loss: 1.7176 - accuracy: 0.3905
 20/196 [==>...........................] - ETA: 1s - loss: 1.6873 - accuracy: 0.4066
 30/196 [===>..........................] - ETA: 1s - loss: 1.6624 - accuracy: 0.4142
 41/196 [=====>........................] - ETA: 0s - loss: 1.6488 - accuracy: 0.4201
 51/196 [======>.......................] - ETA: 0s - loss: 1.6308 - accuracy: 0.4287
 62/196 [========>.....................] - ETA: 0s - loss: 1.6223 - accuracy: 0.4316
 70/196 [=========>....................] - ETA: 0s - loss: 1.6131 - accuracy: 0.4331
 81/196 [===========>..................] - ETA: 0s - loss: 1.6043 - accuracy: 0.4363
 92/196 [=============>................] - ETA: 0s - loss: 1.6003 - accuracy: 0.4373
102/196 [==============>...............] - ETA: 0s - loss: 1.5961 - accuracy: 0.4392
112/196 [================>.............] - ETA: 0s - loss: 1.5954 - accuracy: 0.4396
123/196 [=================>............] - ETA: 0s - loss: 1.5939 - accuracy: 0.4395
134/196 [===================>..........] - ETA: 0s - loss: 1.5929 - accuracy: 0.4389
145/196 [=====================>........] - ETA: 0s - loss: 1.5891 - accuracy: 0.4408
157/196 [=======================>......] - ETA: 0s - loss: 1.5869 - accuracy: 0.4416
167/196 [========================>.....] - ETA: 0s - loss: 1.5874 - accuracy: 0.4409
177/196 [==========================>...] - ETA: 0s - loss: 1.5856 - accuracy: 0.4418
188/196 [===========================>..] - ETA: 0s - loss: 1.5855 - accuracy: 0.4412
196/196 [==============================] - 2s 8ms/step - loss: 1.5825 - accuracy: 0.4425 - val_loss: 1.5396 - val_accuracy: 0.4584
Epoch 3/95

  1/196 [..............................] - ETA: 3s - loss: 1.4636 - accuracy: 0.4844
 11/196 [>.............................] - ETA: 1s - loss: 1.5086 - accuracy: 0.4739
 22/196 [==>...........................] - ETA: 1s - loss: 1.5117 - accuracy: 0.4747
 33/196 [====>.........................] - ETA: 0s - loss: 1.5078 - accuracy: 0.4801
 45/196 [=====>........................] - ETA: 0s - loss: 1.5061 - accuracy: 0.4791
 55/196 [=======>......................] - ETA: 0s - loss: 1.5101 - accuracy: 0.4773
 63/196 [========>.....................] - ETA: 0s - loss: 1.5160 - accuracy: 0.4743
 72/196 [==========>...................] - ETA: 0s - loss: 1.5219 - accuracy: 0.4714
 80/196 [===========>..................] - ETA: 0s - loss: 1.5175 - accuracy: 0.4715
 91/196 [============>.................] - ETA: 0s - loss: 1.5141 - accuracy: 0.4713
102/196 [==============>...............] - ETA: 0s - loss: 1.5152 - accuracy: 0.4704
113/196 [================>.............] - ETA: 0s - loss: 1.5213 - accuracy: 0.4696
124/196 [=================>............] - ETA: 0s - loss: 1.5259 - accuracy: 0.4660
135/196 [===================>..........] - ETA: 0s - loss: 1.5288 - accuracy: 0.4641
146/196 [=====================>........] - ETA: 0s - loss: 1.5266 - accuracy: 0.4654
157/196 [=======================>......] - ETA: 0s - loss: 1.5294 - accuracy: 0.4642
166/196 [========================>.....] - ETA: 0s - loss: 1.5293 - accuracy: 0.4644
176/196 [=========================>....] - ETA: 0s - loss: 1.5286 - accuracy: 0.4643
188/196 [===========================>..] - ETA: 0s - loss: 1.5266 - accuracy: 0.4648
196/196 [==============================] - 2s 8ms/step - loss: 1.5253 - accuracy: 0.4650 - val_loss: 1.5067 - val_accuracy: 0.4677
Epoch 4/95

  1/196 [..............................] - ETA: 3s - loss: 1.5168 - accuracy: 0.4531
 12/196 [>.............................] - ETA: 1s - loss: 1.4810 - accuracy: 0.4850
 23/196 [==>...........................] - ETA: 0s - loss: 1.4939 - accuracy: 0.4795
 34/196 [====>.........................] - ETA: 0s - loss: 1.4769 - accuracy: 0.4842
 43/196 [=====>........................] - ETA: 0s - loss: 1.4855 - accuracy: 0.4825
 53/196 [=======>......................] - ETA: 0s - loss: 1.4848 - accuracy: 0.4813
 62/196 [========>.....................] - ETA: 0s - loss: 1.4881 - accuracy: 0.4800
 71/196 [=========>....................] - ETA: 0s - loss: 1.4837 - accuracy: 0.4826
 81/196 [===========>..................] - ETA: 0s - loss: 1.4824 - accuracy: 0.4846
 91/196 [============>.................] - ETA: 0s - loss: 1.4837 - accuracy: 0.4851
100/196 [==============>...............] - ETA: 0s - loss: 1.4873 - accuracy: 0.4846
107/196 [===============>..............] - ETA: 0s - loss: 1.4886 - accuracy: 0.4834
117/196 [================>.............] - ETA: 0s - loss: 1.4897 - accuracy: 0.4825
126/196 [==================>...........] - ETA: 0s - loss: 1.4881 - accuracy: 0.4829
133/196 [===================>..........] - ETA: 0s - loss: 1.4882 - accuracy: 0.4833
141/196 [====================>.........] - ETA: 0s - loss: 1.4883 - accuracy: 0.4830
150/196 [=====================>........] - ETA: 0s - loss: 1.4910 - accuracy: 0.4810
161/196 [=======================>......] - ETA: 0s - loss: 1.4916 - accuracy: 0.4807
172/196 [=========================>....] - ETA: 0s - loss: 1.4937 - accuracy: 0.4799
183/196 [===========================>..] - ETA: 0s - loss: 1.4925 - accuracy: 0.4802
193/196 [============================>.] - ETA: 0s - loss: 1.4928 - accuracy: 0.4797
196/196 [==============================] - 2s 9ms/step - loss: 1.4929 - accuracy: 0.4799 - val_loss: 1.5140 - val_accuracy: 0.4621
Epoch 5/95

  1/196 [..............................] - ETA: 3s - loss: 1.4665 - accuracy: 0.5078
 11/196 [>.............................] - ETA: 1s - loss: 1.4113 - accuracy: 0.5185
 20/196 [==>...........................] - ETA: 1s - loss: 1.4216 - accuracy: 0.5129
 28/196 [===>..........................] - ETA: 1s - loss: 1.4291 - accuracy: 0.5082
 38/196 [====>.........................] - ETA: 1s - loss: 1.4352 - accuracy: 0.5028
 47/196 [======>.......................] - ETA: 1s - loss: 1.4431 - accuracy: 0.4994
 55/196 [=======>......................] - ETA: 0s - loss: 1.4423 - accuracy: 0.4976
 65/196 [========>.....................] - ETA: 0s - loss: 1.4433 - accuracy: 0.4971
 75/196 [==========>...................] - ETA: 0s - loss: 1.4445 - accuracy: 0.4983
 85/196 [============>.................] - ETA: 0s - loss: 1.4425 - accuracy: 0.4988
 94/196 [=============>................] - ETA: 0s - loss: 1.4457 - accuracy: 0.4983
103/196 [==============>...............] - ETA: 0s - loss: 1.4496 - accuracy: 0.4967
114/196 [================>.............] - ETA: 0s - loss: 1.4504 - accuracy: 0.4967
124/196 [=================>............] - ETA: 0s - loss: 1.4561 - accuracy: 0.4936
134/196 [===================>..........] - ETA: 0s - loss: 1.4583 - accuracy: 0.4920
143/196 [====================>.........] - ETA: 0s - loss: 1.4614 - accuracy: 0.4901
152/196 [======================>.......] - ETA: 0s - loss: 1.4611 - accuracy: 0.4904
163/196 [=======================>......] - ETA: 0s - loss: 1.4629 - accuracy: 0.4899
172/196 [=========================>....] - ETA: 0s - loss: 1.4651 - accuracy: 0.4887
182/196 [==========================>...] - ETA: 0s - loss: 1.4660 - accuracy: 0.4876
191/196 [============================>.] - ETA: 0s - loss: 1.4672 - accuracy: 0.4866
196/196 [==============================] - 2s 9ms/step - loss: 1.4675 - accuracy: 0.4864 - val_loss: 1.4735 - val_accuracy: 0.4783
Epoch 6/95

  1/196 [..............................] - ETA: 3s - loss: 1.4113 - accuracy: 0.5391
  9/196 [>.............................] - ETA: 1s - loss: 1.4373 - accuracy: 0.4944
 20/196 [==>...........................] - ETA: 1s - loss: 1.4577 - accuracy: 0.4941
 29/196 [===>..........................] - ETA: 1s - loss: 1.4584 - accuracy: 0.4964
 37/196 [====>.........................] - ETA: 1s - loss: 1.4505 - accuracy: 0.4964
 45/196 [=====>........................] - ETA: 1s - loss: 1.4548 - accuracy: 0.4944
 52/196 [======>.......................] - ETA: 1s - loss: 1.4519 - accuracy: 0.4959
 59/196 [========>.....................] - ETA: 1s - loss: 1.4478 - accuracy: 0.4972
 65/196 [========>.....................] - ETA: 0s - loss: 1.4447 - accuracy: 0.4983
 72/196 [==========>...................] - ETA: 0s - loss: 1.4463 - accuracy: 0.4977
 81/196 [===========>..................] - ETA: 0s - loss: 1.4470 - accuracy: 0.4956
 91/196 [============>.................] - ETA: 0s - loss: 1.4484 - accuracy: 0.4951
101/196 [==============>...............] - ETA: 0s - loss: 1.4465 - accuracy: 0.4945
108/196 [===============>..............] - ETA: 0s - loss: 1.4442 - accuracy: 0.4951
117/196 [================>.............] - ETA: 0s - loss: 1.4445 - accuracy: 0.4951
126/196 [==================>...........] - ETA: 0s - loss: 1.4448 - accuracy: 0.4953
136/196 [===================>..........] - ETA: 0s - loss: 1.4457 - accuracy: 0.4950
145/196 [=====================>........] - ETA: 0s - loss: 1.4471 - accuracy: 0.4946
155/196 [======================>.......] - ETA: 0s - loss: 1.4466 - accuracy: 0.4945
164/196 [========================>.....] - ETA: 0s - loss: 1.4471 - accuracy: 0.4944
173/196 [=========================>....] - ETA: 0s - loss: 1.4483 - accuracy: 0.4936
182/196 [==========================>...] - ETA: 0s - loss: 1.4507 - accuracy: 0.4926
192/196 [============================>.] - ETA: 0s - loss: 1.4547 - accuracy: 0.4913
196/196 [==============================] - 2s 11ms/step - loss: 1.4571 - accuracy: 0.4903 - val_loss: 1.4997 - val_accuracy: 0.4779
Epoch 7/95

  1/196 [..............................] - ETA: 3s - loss: 1.4393 - accuracy: 0.5117
  8/196 [>.............................] - ETA: 1s - loss: 1.4311 - accuracy: 0.4814
 17/196 [=>............................] - ETA: 1s - loss: 1.4254 - accuracy: 0.4871
 25/196 [==>...........................] - ETA: 1s - loss: 1.4323 - accuracy: 0.4898
 33/196 [====>.........................] - ETA: 1s - loss: 1.4461 - accuracy: 0.4867
 41/196 [=====>........................] - ETA: 1s - loss: 1.4483 - accuracy: 0.4872
 48/196 [======>.......................] - ETA: 1s - loss: 1.4529 - accuracy: 0.4858
 55/196 [=======>......................] - ETA: 1s - loss: 1.4501 - accuracy: 0.4864
 63/196 [========>.....................] - ETA: 0s - loss: 1.4468 - accuracy: 0.4866
 70/196 [=========>....................] - ETA: 0s - loss: 1.4473 - accuracy: 0.4865
 79/196 [===========>..................] - ETA: 0s - loss: 1.4471 - accuracy: 0.4865
 88/196 [============>.................] - ETA: 0s - loss: 1.4441 - accuracy: 0.4876
 98/196 [==============>...............] - ETA: 0s - loss: 1.4448 - accuracy: 0.4873
107/196 [===============>..............] - ETA: 0s - loss: 1.4456 - accuracy: 0.4874
116/196 [================>.............] - ETA: 0s - loss: 1.4456 - accuracy: 0.4880
125/196 [==================>...........] - ETA: 0s - loss: 1.4480 - accuracy: 0.4879
134/196 [===================>..........] - ETA: 0s - loss: 1.4495 - accuracy: 0.4882
144/196 [=====================>........] - ETA: 0s - loss: 1.4510 - accuracy: 0.4878
153/196 [======================>.......] - ETA: 0s - loss: 1.4505 - accuracy: 0.4884
162/196 [=======================>......] - ETA: 0s - loss: 1.4523 - accuracy: 0.4876
171/196 [=========================>....] - ETA: 0s - loss: 1.4539 - accuracy: 0.4870
181/196 [==========================>...] - ETA: 0s - loss: 1.4555 - accuracy: 0.4866
189/196 [===========================>..] - ETA: 0s - loss: 1.4545 - accuracy: 0.4876
196/196 [==============================] - 2s 11ms/step - loss: 1.4548 - accuracy: 0.4873 - val_loss: 1.5094 - val_accuracy: 0.4718
Epoch 8/95

  1/196 [..............................] - ETA: 3s - loss: 1.4105 - accuracy: 0.5195
  9/196 [>.............................] - ETA: 1s - loss: 1.4332 - accuracy: 0.5078
 19/196 [=>............................] - ETA: 1s - loss: 1.4358 - accuracy: 0.5023
 29/196 [===>..........................] - ETA: 1s - loss: 1.4272 - accuracy: 0.5016
 38/196 [====>.........................] - ETA: 1s - loss: 1.4248 - accuracy: 0.5052
 47/196 [======>.......................] - ETA: 1s - loss: 1.4298 - accuracy: 0.5002
 57/196 [=======>......................] - ETA: 0s - loss: 1.4275 - accuracy: 0.4979
 65/196 [========>.....................] - ETA: 0s - loss: 1.4239 - accuracy: 0.4990
 75/196 [==========>...................] - ETA: 0s - loss: 1.4202 - accuracy: 0.5012
 84/196 [===========>..................] - ETA: 0s - loss: 1.4255 - accuracy: 0.4985
 93/196 [=============>................] - ETA: 0s - loss: 1.4303 - accuracy: 0.4973
102/196 [==============>...............] - ETA: 0s - loss: 1.4369 - accuracy: 0.4954
111/196 [===============>..............] - ETA: 0s - loss: 1.4366 - accuracy: 0.4960
121/196 [=================>............] - ETA: 0s - loss: 1.4389 - accuracy: 0.4954
131/196 [===================>..........] - ETA: 0s - loss: 1.4375 - accuracy: 0.4968
139/196 [====================>.........] - ETA: 0s - loss: 1.4357 - accuracy: 0.4974
149/196 [=====================>........] - ETA: 0s - loss: 1.4378 - accuracy: 0.4977
159/196 [=======================>......] - ETA: 0s - loss: 1.4385 - accuracy: 0.4970
168/196 [========================>.....] - ETA: 0s - loss: 1.4405 - accuracy: 0.4963
176/196 [=========================>....] - ETA: 0s - loss: 1.4407 - accuracy: 0.4966
186/196 [===========================>..] - ETA: 0s - loss: 1.4411 - accuracy: 0.4960
195/196 [============================>.] - ETA: 0s - loss: 1.4414 - accuracy: 0.4958
196/196 [==============================] - 2s 10ms/step - loss: 1.4419 - accuracy: 0.4956 - val_loss: 1.5323 - val_accuracy: 0.4557
Epoch 9/95

  1/196 [..............................] - ETA: 3s - loss: 1.4474 - accuracy: 0.4922
  9/196 [>.............................] - ETA: 1s - loss: 1.4256 - accuracy: 0.4922
 19/196 [=>............................] - ETA: 1s - loss: 1.3945 - accuracy: 0.5039
 28/196 [===>..........................] - ETA: 1s - loss: 1.4160 - accuracy: 0.5003
 38/196 [====>.........................] - ETA: 1s - loss: 1.4385 - accuracy: 0.4959
 47/196 [======>.......................] - ETA: 1s - loss: 1.4332 - accuracy: 0.4990
 56/196 [=======>......................] - ETA: 0s - loss: 1.4316 - accuracy: 0.4971
 65/196 [========>.....................] - ETA: 0s - loss: 1.4274 - accuracy: 0.4992
 73/196 [==========>...................] - ETA: 0s - loss: 1.4269 - accuracy: 0.4999
 82/196 [===========>..................] - ETA: 0s - loss: 1.4239 - accuracy: 0.5003
 91/196 [============>.................] - ETA: 0s - loss: 1.4295 - accuracy: 0.4991
100/196 [==============>...............] - ETA: 0s - loss: 1.4290 - accuracy: 0.5000
110/196 [===============>..............] - ETA: 0s - loss: 1.4247 - accuracy: 0.5021
119/196 [=================>............] - ETA: 0s - loss: 1.4255 - accuracy: 0.5016
126/196 [==================>...........] - ETA: 0s - loss: 1.4287 - accuracy: 0.5004
135/196 [===================>..........] - ETA: 0s - loss: 1.4283 - accuracy: 0.5005
143/196 [====================>.........] - ETA: 0s - loss: 1.4272 - accuracy: 0.5014
151/196 [======================>.......] - ETA: 0s - loss: 1.4287 - accuracy: 0.5005
161/196 [=======================>......] - ETA: 0s - loss: 1.4316 - accuracy: 0.4989
169/196 [========================>.....] - ETA: 0s - loss: 1.4342 - accuracy: 0.4979
178/196 [==========================>...] - ETA: 0s - loss: 1.4315 - accuracy: 0.4987
188/196 [===========================>..] - ETA: 0s - loss: 1.4324 - accuracy: 0.4979
196/196 [==============================] - 2s 11ms/step - loss: 1.4337 - accuracy: 0.4977 - val_loss: 1.4744 - val_accuracy: 0.4847
Epoch 10/95

  1/196 [..............................] - ETA: 3s - loss: 1.3980 - accuracy: 0.5195
  8/196 [>.............................] - ETA: 1s - loss: 1.4319 - accuracy: 0.5024
 18/196 [=>............................] - ETA: 1s - loss: 1.4247 - accuracy: 0.5015
 26/196 [==>...........................] - ETA: 1s - loss: 1.4168 - accuracy: 0.5053
 34/196 [====>.........................] - ETA: 1s - loss: 1.4235 - accuracy: 0.5031
 42/196 [=====>........................] - ETA: 1s - loss: 1.4162 - accuracy: 0.5043
 52/196 [======>.......................] - ETA: 0s - loss: 1.4200 - accuracy: 0.5011
 59/196 [========>.....................] - ETA: 0s - loss: 1.4224 - accuracy: 0.5001
 68/196 [=========>....................] - ETA: 0s - loss: 1.4291 - accuracy: 0.4976
 77/196 [==========>...................] - ETA: 0s - loss: 1.4247 - accuracy: 0.4995
 85/196 [============>.................] - ETA: 0s - loss: 1.4230 - accuracy: 0.5005
 94/196 [=============>................] - ETA: 0s - loss: 1.4228 - accuracy: 0.5005
101/196 [==============>...............] - ETA: 0s - loss: 1.4186 - accuracy: 0.5025
109/196 [===============>..............] - ETA: 0s - loss: 1.4166 - accuracy: 0.5035
118/196 [=================>............] - ETA: 0s - loss: 1.4185 - accuracy: 0.5033
124/196 [=================>............] - ETA: 0s - loss: 1.4204 - accuracy: 0.5028
133/196 [===================>..........] - ETA: 0s - loss: 1.4216 - accuracy: 0.5022
143/196 [====================>.........] - ETA: 0s - loss: 1.4231 - accuracy: 0.5020
153/196 [======================>.......] - ETA: 0s - loss: 1.4234 - accuracy: 0.5023
160/196 [=======================>......] - ETA: 0s - loss: 1.4234 - accuracy: 0.5023
167/196 [========================>.....] - ETA: 0s - loss: 1.4232 - accuracy: 0.5027
177/196 [==========================>...] - ETA: 0s - loss: 1.4234 - accuracy: 0.5035
185/196 [===========================>..] - ETA: 0s - loss: 1.4238 - accuracy: 0.5036
192/196 [============================>.] - ETA: 0s - loss: 1.4236 - accuracy: 0.5034
196/196 [==============================] - 2s 11ms/step - loss: 1.4248 - accuracy: 0.5026 - val_loss: 1.4799 - val_accuracy: 0.4794
Epoch 10: early stopping

  1/313 [..............................] - ETA: 4s - loss: 1.0613 - accuracy: 0.6562
 22/313 [=>............................] - ETA: 0s - loss: 1.4958 - accuracy: 0.4730
 41/313 [==>...........................] - ETA: 0s - loss: 1.4865 - accuracy: 0.4848
 63/313 [=====>........................] - ETA: 0s - loss: 1.4736 - accuracy: 0.4836
 83/313 [======>.......................] - ETA: 0s - loss: 1.4745 - accuracy: 0.4812
109/313 [=========>....................] - ETA: 0s - loss: 1.4762 - accuracy: 0.4759
131/313 [===========>..................] - ETA: 0s - loss: 1.4779 - accuracy: 0.4783
157/313 [==============>...............] - ETA: 0s - loss: 1.4636 - accuracy: 0.4845
183/313 [================>.............] - ETA: 0s - loss: 1.4719 - accuracy: 0.4826
203/313 [==================>...........] - ETA: 0s - loss: 1.4676 - accuracy: 0.4825
228/313 [====================>.........] - ETA: 0s - loss: 1.4740 - accuracy: 0.4811
246/313 [======================>.......] - ETA: 0s - loss: 1.4718 - accuracy: 0.4822
266/313 [========================>.....] - ETA: 0s - loss: 1.4777 - accuracy: 0.4798
290/313 [==========================>...] - ETA: 0s - loss: 1.4770 - accuracy: 0.4810
310/313 [============================>.] - ETA: 0s - loss: 1.4789 - accuracy: 0.4797
313/313 [==============================] - 1s 3ms/step - loss: 1.4799 - accuracy: 0.4794
