2024-07-26 01:37:13.382002: I tensorflow/core/platform/cpu_feature_guard.cc:193] This TensorFlow binary is optimized with oneAPI Deep Neural Network Library (oneDNN) to use the following CPU instructions in performance-critical operations:  AVX AVX2
To enable them in other operations, rebuild TensorFlow with the appropriate compiler flags.
2024-07-26 01:37:13.839737: I tensorflow/core/common_runtime/gpu/gpu_device.cc:1616] Created device /job:localhost/replica:0/task:0/device:GPU:0 with 6656 MB memory:  -> device: 0, name: NVIDIA GeForce RTX 4060 Ti, pci bus id: 0000:01:00.0, compute capability: 8.9
1 Physical GPUs, 1 Logical GPUs
Model: "sequential"
_________________________________________________________________
 Layer (type)                Output Shape              Param #   
=================================================================
 conv2d (Conv2D)             (None, 32, 32, 32)        896       
                                                                 
 conv2d_1 (Conv2D)           (None, 32, 32, 64)        18496     
                                                                 
 dropout (Dropout)           (None, 32, 32, 64)        0         
                                                                 
 flatten (Flatten)           (None, 65536)             0         
                                                                 
 dense (Dense)               (None, 50)                3276850   
                                                                 
 dropout_1 (Dropout)         (None, 50)                0         
                                                                 
 dense_1 (Dense)             (None, 72)                3672      
                                                                 
 dropout_2 (Dropout)         (None, 72)                0         
                                                                 
 dense_2 (Dense)             (None, 10)                730       
                                                                 
=================================================================
Total params: 3,300,644
Trainable params: 3,300,644
Non-trainable params: 0
_________________________________________________________________
Taxa de aprendizado:  0.01 Num de épocas:  178 Tamanho do lote:  128 Dropout:  0.01
Epoch 1/178
2024-07-26 01:37:15.065075: I tensorflow/stream_executor/cuda/cuda_dnn.cc:384] Loaded cuDNN version 8100
2024-07-26 01:37:15.770585: W tensorflow/stream_executor/gpu/redzone_allocator.cc:314] INTERNAL: ptxas exited with non-zero error code -1, output: 
Relying on driver to perform ptx compilation. 
Modify $PATH to customize ptxas location.
This message will be only logged once.
2024-07-26 01:37:16.392083: I tensorflow/stream_executor/cuda/cuda_blas.cc:1614] TensorFloat-32 will be used for the matrix multiplication. This will only be logged once.

  1/391 [..............................] - ETA: 16:16 - loss: 2.3024 - accuracy: 0.1094
  8/391 [..............................] - ETA: 3s - loss: 2.5645 - accuracy: 0.1143   
 16/391 [>.............................] - ETA: 3s - loss: 2.4756 - accuracy: 0.1074
 22/391 [>.............................] - ETA: 3s - loss: 2.4405 - accuracy: 0.1037
 29/391 [=>............................] - ETA: 3s - loss: 2.4192 - accuracy: 0.1008
 37/391 [=>............................] - ETA: 2s - loss: 2.4031 - accuracy: 0.0969
 45/391 [==>...........................] - ETA: 2s - loss: 2.3898 - accuracy: 0.0984
 53/391 [===>..........................] - ETA: 2s - loss: 2.3843 - accuracy: 0.0982
 61/391 [===>..........................] - ETA: 2s - loss: 2.3809 - accuracy: 0.0977
 68/391 [====>.........................] - ETA: 2s - loss: 2.3769 - accuracy: 0.0964
 76/391 [====>.........................] - ETA: 2s - loss: 2.3746 - accuracy: 0.0964
 84/391 [=====>........................] - ETA: 2s - loss: 2.3704 - accuracy: 0.0977
 92/391 [======>.......................] - ETA: 2s - loss: 2.3692 - accuracy: 0.0967
100/391 [======>.......................] - ETA: 2s - loss: 2.3666 - accuracy: 0.0968
108/391 [=======>......................] - ETA: 2s - loss: 2.3651 - accuracy: 0.0976
116/391 [=======>......................] - ETA: 2s - loss: 2.3654 - accuracy: 0.0976
123/391 [========>.....................] - ETA: 2s - loss: 2.3636 - accuracy: 0.0990
131/391 [=========>....................] - ETA: 2s - loss: 2.3623 - accuracy: 0.0997
138/391 [=========>....................] - ETA: 2s - loss: 2.3624 - accuracy: 0.0996
146/391 [==========>...................] - ETA: 1s - loss: 2.3626 - accuracy: 0.0989
154/391 [==========>...................] - ETA: 1s - loss: 2.3620 - accuracy: 0.0981
162/391 [===========>..................] - ETA: 1s - loss: 2.3606 - accuracy: 0.0985
170/391 [============>.................] - ETA: 1s - loss: 2.3598 - accuracy: 0.0984
177/391 [============>.................] - ETA: 1s - loss: 2.3585 - accuracy: 0.0981
185/391 [=============>................] - ETA: 1s - loss: 2.3581 - accuracy: 0.0982
193/391 [=============>................] - ETA: 1s - loss: 2.3570 - accuracy: 0.0989
201/391 [==============>...............] - ETA: 1s - loss: 2.3559 - accuracy: 0.0991
209/391 [===============>..............] - ETA: 1s - loss: 2.3552 - accuracy: 0.0991
217/391 [===============>..............] - ETA: 1s - loss: 2.3549 - accuracy: 0.0994
224/391 [================>.............] - ETA: 1s - loss: 2.3543 - accuracy: 0.0995
232/391 [================>.............] - ETA: 1s - loss: 2.3535 - accuracy: 0.0997
241/391 [=================>............] - ETA: 1s - loss: 2.3528 - accuracy: 0.1002
249/391 [==================>...........] - ETA: 1s - loss: 2.3533 - accuracy: 0.0998
256/391 [==================>...........] - ETA: 1s - loss: 2.3528 - accuracy: 0.1000
264/391 [===================>..........] - ETA: 1s - loss: 2.3519 - accuracy: 0.1006
272/391 [===================>..........] - ETA: 0s - loss: 2.3511 - accuracy: 0.1009
280/391 [====================>.........] - ETA: 0s - loss: 2.3508 - accuracy: 0.1011
288/391 [=====================>........] - ETA: 0s - loss: 2.3503 - accuracy: 0.1010
296/391 [=====================>........] - ETA: 0s - loss: 2.3501 - accuracy: 0.1014
304/391 [======================>.......] - ETA: 0s - loss: 2.3495 - accuracy: 0.1016
310/391 [======================>.......] - ETA: 0s - loss: 2.3492 - accuracy: 0.1019
317/391 [=======================>......] - ETA: 0s - loss: 2.3491 - accuracy: 0.1016
325/391 [=======================>......] - ETA: 0s - loss: 2.3489 - accuracy: 0.1013
333/391 [========================>.....] - ETA: 0s - loss: 2.3483 - accuracy: 0.1014
334/391 [========================>.....] - ETA: 0s - loss: 2.3482 - accuracy: 0.1014
341/391 [=========================>....] - ETA: 0s - loss: 2.3479 - accuracy: 0.1016
349/391 [=========================>....] - ETA: 0s - loss: 2.3476 - accuracy: 0.1015
357/391 [==========================>...] - ETA: 0s - loss: 2.3475 - accuracy: 0.1012
365/391 [===========================>..] - ETA: 0s - loss: 2.3471 - accuracy: 0.1013
373/391 [===========================>..] - ETA: 0s - loss: 2.3468 - accuracy: 0.1016
381/391 [============================>.] - ETA: 0s - loss: 2.3465 - accuracy: 0.1017
389/391 [============================>.] - ETA: 0s - loss: 2.3463 - accuracy: 0.1017
391/391 [==============================] - 6s 10ms/step - loss: 2.3462 - accuracy: 0.1017 - val_loss: 2.3319 - val_accuracy: 0.1000
Epoch 2/178

  1/391 [..............................] - ETA: 8s - loss: 2.3864 - accuracy: 0.0859
  8/391 [..............................] - ETA: 3s - loss: 2.3413 - accuracy: 0.0986
 16/391 [>.............................] - ETA: 2s - loss: 2.3392 - accuracy: 0.0972
 24/391 [>.............................] - ETA: 2s - loss: 2.3381 - accuracy: 0.0980
 32/391 [=>............................] - ETA: 2s - loss: 2.3389 - accuracy: 0.0972
 40/391 [==>...........................] - ETA: 2s - loss: 2.3387 - accuracy: 0.0975
 47/391 [==>...........................] - ETA: 2s - loss: 2.3369 - accuracy: 0.0974
 55/391 [===>..........................] - ETA: 2s - loss: 2.3384 - accuracy: 0.0987
 63/391 [===>..........................] - ETA: 2s - loss: 2.3383 - accuracy: 0.1001
 71/391 [====>.........................] - ETA: 2s - loss: 2.3402 - accuracy: 0.0997
 79/391 [=====>........................] - ETA: 2s - loss: 2.3417 - accuracy: 0.0991
 87/391 [=====>........................] - ETA: 2s - loss: 2.3424 - accuracy: 0.0971
 95/391 [======>.......................] - ETA: 2s - loss: 2.3434 - accuracy: 0.0971
103/391 [======>.......................] - ETA: 2s - loss: 2.3431 - accuracy: 0.0976
111/391 [=======>......................] - ETA: 2s - loss: 2.3426 - accuracy: 0.0978
117/391 [=======>......................] - ETA: 2s - loss: 2.3425 - accuracy: 0.0986
124/391 [========>.....................] - ETA: 2s - loss: 2.3426 - accuracy: 0.0975
132/391 [=========>....................] - ETA: 2s - loss: 2.3418 - accuracy: 0.0969
140/391 [=========>....................] - ETA: 1s - loss: 2.3419 - accuracy: 0.0964
148/391 [==========>...................] - ETA: 1s - loss: 2.3409 - accuracy: 0.0964
156/391 [==========>...................] - ETA: 1s - loss: 2.3416 - accuracy: 0.0972
164/391 [===========>..................] - ETA: 1s - loss: 2.3423 - accuracy: 0.0980
172/391 [============>.................] - ETA: 1s - loss: 2.3422 - accuracy: 0.0983
180/391 [============>.................] - ETA: 1s - loss: 2.3434 - accuracy: 0.0980
187/391 [=============>................] - ETA: 1s - loss: 2.3433 - accuracy: 0.0980
195/391 [=============>................] - ETA: 1s - loss: 2.3432 - accuracy: 0.0980
203/391 [==============>...............] - ETA: 1s - loss: 2.3430 - accuracy: 0.0979
211/391 [===============>..............] - ETA: 1s - loss: 2.3429 - accuracy: 0.0982
219/391 [===============>..............] - ETA: 1s - loss: 2.3434 - accuracy: 0.0985
227/391 [================>.............] - ETA: 1s - loss: 2.3433 - accuracy: 0.0989
235/391 [=================>............] - ETA: 1s - loss: 2.3436 - accuracy: 0.0991
243/391 [=================>............] - ETA: 1s - loss: 2.3433 - accuracy: 0.0992
249/391 [==================>...........] - ETA: 1s - loss: 2.3436 - accuracy: 0.0991
257/391 [==================>...........] - ETA: 1s - loss: 2.3436 - accuracy: 0.0994
265/391 [===================>..........] - ETA: 0s - loss: 2.3436 - accuracy: 0.0993
273/391 [===================>..........] - ETA: 0s - loss: 2.3437 - accuracy: 0.0994
279/391 [====================>.........] - ETA: 0s - loss: 2.3437 - accuracy: 0.0995
287/391 [=====================>........] - ETA: 0s - loss: 2.3432 - accuracy: 0.0994
294/391 [=====================>........] - ETA: 0s - loss: 2.3429 - accuracy: 0.0996
302/391 [======================>.......] - ETA: 0s - loss: 2.3426 - accuracy: 0.0995
310/391 [======================>.......] - ETA: 0s - loss: 2.3425 - accuracy: 0.0994
318/391 [=======================>......] - ETA: 0s - loss: 2.3419 - accuracy: 0.0995
324/391 [=======================>......] - ETA: 0s - loss: 2.3416 - accuracy: 0.0994
330/391 [========================>.....] - ETA: 0s - loss: 2.3413 - accuracy: 0.0993
338/391 [========================>.....] - ETA: 0s - loss: 2.3408 - accuracy: 0.0996
346/391 [=========================>....] - ETA: 0s - loss: 2.3409 - accuracy: 0.0993
354/391 [==========================>...] - ETA: 0s - loss: 2.3407 - accuracy: 0.0995
362/391 [==========================>...] - ETA: 0s - loss: 2.3406 - accuracy: 0.0995
370/391 [===========================>..] - ETA: 0s - loss: 2.3404 - accuracy: 0.0998
378/391 [============================>.] - ETA: 0s - loss: 2.3405 - accuracy: 0.0994
386/391 [============================>.] - ETA: 0s - loss: 2.3407 - accuracy: 0.0990
391/391 [==============================] - 4s 9ms/step - loss: 2.3406 - accuracy: 0.0989 - val_loss: 2.3342 - val_accuracy: 0.1000
Epoch 3/178

  1/391 [..............................] - ETA: 6s - loss: 2.3441 - accuracy: 0.1094
  9/391 [..............................] - ETA: 2s - loss: 2.3431 - accuracy: 0.1068
 17/391 [>.............................] - ETA: 2s - loss: 2.3433 - accuracy: 0.1025
 24/391 [>.............................] - ETA: 2s - loss: 2.3410 - accuracy: 0.1094
 32/391 [=>............................] - ETA: 2s - loss: 2.3412 - accuracy: 0.1099
 40/391 [==>...........................] - ETA: 2s - loss: 2.3395 - accuracy: 0.1064
 48/391 [==>...........................] - ETA: 2s - loss: 2.3376 - accuracy: 0.1051
 56/391 [===>..........................] - ETA: 2s - loss: 2.3349 - accuracy: 0.1023
 64/391 [===>..........................] - ETA: 2s - loss: 2.3332 - accuracy: 0.1044
 72/391 [====>.........................] - ETA: 2s - loss: 2.3334 - accuracy: 0.1037
 80/391 [=====>........................] - ETA: 2s - loss: 2.3332 - accuracy: 0.1023
 88/391 [=====>........................] - ETA: 2s - loss: 2.3329 - accuracy: 0.1024
 96/391 [======>.......................] - ETA: 2s - loss: 2.3331 - accuracy: 0.1025
104/391 [======>.......................] - ETA: 2s - loss: 2.3332 - accuracy: 0.1027
111/391 [=======>......................] - ETA: 2s - loss: 2.3325 - accuracy: 0.1029
119/391 [========>.....................] - ETA: 2s - loss: 2.3331 - accuracy: 0.1022
127/391 [========>.....................] - ETA: 2s - loss: 2.3330 - accuracy: 0.1020
135/391 [=========>....................] - ETA: 2s - loss: 2.3327 - accuracy: 0.1023
143/391 [=========>....................] - ETA: 1s - loss: 2.3331 - accuracy: 0.1018
151/391 [==========>...................] - ETA: 1s - loss: 2.3327 - accuracy: 0.1019
159/391 [===========>..................] - ETA: 1s - loss: 2.3333 - accuracy: 0.1019
167/391 [===========>..................] - ETA: 1s - loss: 2.3342 - accuracy: 0.1018
175/391 [============>.................] - ETA: 1s - loss: 2.3349 - accuracy: 0.1018
183/391 [=============>................] - ETA: 1s - loss: 2.3348 - accuracy: 0.1016
191/391 [=============>................] - ETA: 1s - loss: 2.3350 - accuracy: 0.1017
199/391 [==============>...............] - ETA: 1s - loss: 2.3348 - accuracy: 0.1020
207/391 [==============>...............] - ETA: 1s - loss: 2.3348 - accuracy: 0.1019
215/391 [===============>..............] - ETA: 1s - loss: 2.3364 - accuracy: 0.1019
223/391 [================>.............] - ETA: 1s - loss: 2.3368 - accuracy: 0.1016
231/391 [================>.............] - ETA: 1s - loss: 2.3374 - accuracy: 0.1014
238/391 [=================>............] - ETA: 1s - loss: 2.3378 - accuracy: 0.1012
246/391 [=================>............] - ETA: 1s - loss: 2.3381 - accuracy: 0.1010
254/391 [==================>...........] - ETA: 1s - loss: 2.3383 - accuracy: 0.1010
262/391 [===================>..........] - ETA: 1s - loss: 2.3379 - accuracy: 0.1012
269/391 [===================>..........] - ETA: 0s - loss: 2.3378 - accuracy: 0.1012
277/391 [====================>.........] - ETA: 0s - loss: 2.3386 - accuracy: 0.1005
285/391 [====================>.........] - ETA: 0s - loss: 2.3389 - accuracy: 0.1005
293/391 [=====================>........] - ETA: 0s - loss: 2.3390 - accuracy: 0.1001
301/391 [======================>.......] - ETA: 0s - loss: 2.3394 - accuracy: 0.1001
309/391 [======================>.......] - ETA: 0s - loss: 2.3396 - accuracy: 0.0996
317/391 [=======================>......] - ETA: 0s - loss: 2.3396 - accuracy: 0.0997
326/391 [========================>.....] - ETA: 0s - loss: 2.3395 - accuracy: 0.0996
334/391 [========================>.....] - ETA: 0s - loss: 2.3393 - accuracy: 0.0999
342/391 [=========================>....] - ETA: 0s - loss: 2.3392 - accuracy: 0.0999
350/391 [=========================>....] - ETA: 0s - loss: 2.3393 - accuracy: 0.1000
358/391 [==========================>...] - ETA: 0s - loss: 2.3393 - accuracy: 0.1001
366/391 [===========================>..] - ETA: 0s - loss: 2.3393 - accuracy: 0.1005
373/391 [===========================>..] - ETA: 0s - loss: 2.3390 - accuracy: 0.1008
381/391 [============================>.] - ETA: 0s - loss: 2.3388 - accuracy: 0.1010
389/391 [============================>.] - ETA: 0s - loss: 2.3388 - accuracy: 0.1008
391/391 [==============================] - 4s 9ms/step - loss: 2.3387 - accuracy: 0.1007 - val_loss: 2.3349 - val_accuracy: 0.1000
Epoch 4/178

  1/391 [..............................] - ETA: 6s - loss: 2.3180 - accuracy: 0.1328
  9/391 [..............................] - ETA: 2s - loss: 2.3355 - accuracy: 0.1042
 17/391 [>.............................] - ETA: 2s - loss: 2.3404 - accuracy: 0.1002
 25/391 [>.............................] - ETA: 2s - loss: 2.3376 - accuracy: 0.0991
 33/391 [=>............................] - ETA: 2s - loss: 2.3340 - accuracy: 0.1020
 42/391 [==>...........................] - ETA: 2s - loss: 2.3320 - accuracy: 0.1016
 50/391 [==>...........................] - ETA: 2s - loss: 2.3310 - accuracy: 0.0997
 57/391 [===>..........................] - ETA: 2s - loss: 2.3307 - accuracy: 0.1013
 66/391 [====>.........................] - ETA: 2s - loss: 2.3316 - accuracy: 0.1019
 73/391 [====>.........................] - ETA: 2s - loss: 2.3311 - accuracy: 0.1032
 81/391 [=====>........................] - ETA: 2s - loss: 2.3297 - accuracy: 0.1051
 89/391 [=====>........................] - ETA: 2s - loss: 2.3302 - accuracy: 0.1040
 97/391 [======>.......................] - ETA: 2s - loss: 2.3299 - accuracy: 0.1045
105/391 [=======>......................] - ETA: 2s - loss: 2.3285 - accuracy: 0.1042
114/391 [=======>......................] - ETA: 2s - loss: 2.3282 - accuracy: 0.1040
122/391 [========>.....................] - ETA: 2s - loss: 2.3278 - accuracy: 0.1041
130/391 [========>.....................] - ETA: 2s - loss: 2.3278 - accuracy: 0.1037
137/391 [=========>....................] - ETA: 1s - loss: 2.3276 - accuracy: 0.1036
145/391 [==========>...................] - ETA: 1s - loss: 2.3287 - accuracy: 0.1034
154/391 [==========>...................] - ETA: 1s - loss: 2.3293 - accuracy: 0.1035
161/391 [===========>..................] - ETA: 1s - loss: 2.3291 - accuracy: 0.1038
169/391 [===========>..................] - ETA: 1s - loss: 2.3285 - accuracy: 0.1044
177/391 [============>.................] - ETA: 1s - loss: 2.3291 - accuracy: 0.1036
185/391 [=============>................] - ETA: 1s - loss: 2.3297 - accuracy: 0.1034
193/391 [=============>................] - ETA: 1s - loss: 2.3299 - accuracy: 0.1037
201/391 [==============>...............] - ETA: 1s - loss: 2.3296 - accuracy: 0.1043
209/391 [===============>..............] - ETA: 1s - loss: 2.3302 - accuracy: 0.1042
217/391 [===============>..............] - ETA: 1s - loss: 2.3306 - accuracy: 0.1036
226/391 [================>.............] - ETA: 1s - loss: 2.3310 - accuracy: 0.1035
233/391 [================>.............] - ETA: 1s - loss: 2.3305 - accuracy: 0.1038
241/391 [=================>............] - ETA: 1s - loss: 2.3309 - accuracy: 0.1036
250/391 [==================>...........] - ETA: 1s - loss: 2.3309 - accuracy: 0.1034
257/391 [==================>...........] - ETA: 1s - loss: 2.3307 - accuracy: 0.1033
265/391 [===================>..........] - ETA: 0s - loss: 2.3305 - accuracy: 0.1029
273/391 [===================>..........] - ETA: 0s - loss: 2.3303 - accuracy: 0.1031
281/391 [====================>.........] - ETA: 0s - loss: 2.3306 - accuracy: 0.1032
289/391 [=====================>........] - ETA: 0s - loss: 2.3308 - accuracy: 0.1032
297/391 [=====================>........] - ETA: 0s - loss: 2.3314 - accuracy: 0.1026
305/391 [======================>.......] - ETA: 0s - loss: 2.3316 - accuracy: 0.1026
313/391 [=======================>......] - ETA: 0s - loss: 2.3312 - accuracy: 0.1027
321/391 [=======================>......] - ETA: 0s - loss: 2.3313 - accuracy: 0.1025
329/391 [========================>.....] - ETA: 0s - loss: 2.3314 - accuracy: 0.1025
337/391 [========================>.....] - ETA: 0s - loss: 2.3317 - accuracy: 0.1024
343/391 [=========================>....] - ETA: 0s - loss: 2.3319 - accuracy: 0.1024
351/391 [=========================>....] - ETA: 0s - loss: 2.3318 - accuracy: 0.1027
359/391 [==========================>...] - ETA: 0s - loss: 2.3319 - accuracy: 0.1028
367/391 [===========================>..] - ETA: 0s - loss: 2.3320 - accuracy: 0.1025
375/391 [===========================>..] - ETA: 0s - loss: 2.3324 - accuracy: 0.1021
383/391 [============================>.] - ETA: 0s - loss: 2.3328 - accuracy: 0.1020
391/391 [==============================] - 4s 9ms/step - loss: 2.3326 - accuracy: 0.1025 - val_loss: 2.3200 - val_accuracy: 0.1000
Epoch 5/178

  1/391 [..............................] - ETA: 5s - loss: 2.2832 - accuracy: 0.0938
  8/391 [..............................] - ETA: 3s - loss: 2.3312 - accuracy: 0.0996
 16/391 [>.............................] - ETA: 3s - loss: 2.3336 - accuracy: 0.1089
 24/391 [>.............................] - ETA: 2s - loss: 2.3326 - accuracy: 0.1058
 32/391 [=>............................] - ETA: 2s - loss: 2.3365 - accuracy: 0.1040
 40/391 [==>...........................] - ETA: 2s - loss: 2.3362 - accuracy: 0.1070
 48/391 [==>...........................] - ETA: 2s - loss: 2.3359 - accuracy: 0.1037
 56/391 [===>..........................] - ETA: 2s - loss: 2.3341 - accuracy: 0.1010
 64/391 [===>..........................] - ETA: 2s - loss: 2.3340 - accuracy: 0.1000
 72/391 [====>.........................] - ETA: 2s - loss: 2.3326 - accuracy: 0.1010
 80/391 [=====>........................] - ETA: 2s - loss: 2.3313 - accuracy: 0.1014
 88/391 [=====>........................] - ETA: 2s - loss: 2.3317 - accuracy: 0.1009
 96/391 [======>.......................] - ETA: 2s - loss: 2.3324 - accuracy: 0.1012
104/391 [======>.......................] - ETA: 2s - loss: 2.3329 - accuracy: 0.1016
112/391 [=======>......................] - ETA: 2s - loss: 2.3332 - accuracy: 0.1022
120/391 [========>.....................] - ETA: 2s - loss: 2.3345 - accuracy: 0.1027
128/391 [========>.....................] - ETA: 2s - loss: 2.3353 - accuracy: 0.1033
136/391 [=========>....................] - ETA: 2s - loss: 2.3355 - accuracy: 0.1040
144/391 [==========>...................] - ETA: 1s - loss: 2.3352 - accuracy: 0.1035
152/391 [==========>...................] - ETA: 1s - loss: 2.3360 - accuracy: 0.1037
160/391 [===========>..................] - ETA: 1s - loss: 2.3358 - accuracy: 0.1034
168/391 [===========>..................] - ETA: 1s - loss: 2.3360 - accuracy: 0.1032
176/391 [============>.................] - ETA: 1s - loss: 2.3362 - accuracy: 0.1031
184/391 [=============>................] - ETA: 1s - loss: 2.3364 - accuracy: 0.1028
191/391 [=============>................] - ETA: 1s - loss: 2.3361 - accuracy: 0.1025
199/391 [==============>...............] - ETA: 1s - loss: 2.3357 - accuracy: 0.1023
207/391 [==============>...............] - ETA: 1s - loss: 2.3356 - accuracy: 0.1021
215/391 [===============>..............] - ETA: 1s - loss: 2.3358 - accuracy: 0.1019
223/391 [================>.............] - ETA: 1s - loss: 2.3362 - accuracy: 0.1018
231/391 [================>.............] - ETA: 1s - loss: 2.3369 - accuracy: 0.1016
239/391 [=================>............] - ETA: 1s - loss: 2.3370 - accuracy: 0.1011
247/391 [=================>............] - ETA: 1s - loss: 2.3365 - accuracy: 0.1014
255/391 [==================>...........] - ETA: 1s - loss: 2.3364 - accuracy: 0.1015
263/391 [===================>..........] - ETA: 1s - loss: 2.3367 - accuracy: 0.1014
271/391 [===================>..........] - ETA: 0s - loss: 2.3364 - accuracy: 0.1014
279/391 [====================>.........] - ETA: 0s - loss: 2.3366 - accuracy: 0.1013
287/391 [=====================>........] - ETA: 0s - loss: 2.3367 - accuracy: 0.1010
295/391 [=====================>........] - ETA: 0s - loss: 2.3369 - accuracy: 0.1009
303/391 [======================>.......] - ETA: 0s - loss: 2.3372 - accuracy: 0.1011
311/391 [======================>.......] - ETA: 0s - loss: 2.3371 - accuracy: 0.1013
319/391 [=======================>......] - ETA: 0s - loss: 2.3372 - accuracy: 0.1015
327/391 [========================>.....] - ETA: 0s - loss: 2.3373 - accuracy: 0.1014
335/391 [========================>.....] - ETA: 0s - loss: 2.3374 - accuracy: 0.1015
343/391 [=========================>....] - ETA: 0s - loss: 2.3371 - accuracy: 0.1018
350/391 [=========================>....] - ETA: 0s - loss: 2.3373 - accuracy: 0.1015
358/391 [==========================>...] - ETA: 0s - loss: 2.3376 - accuracy: 0.1013
366/391 [===========================>..] - ETA: 0s - loss: 2.3377 - accuracy: 0.1011
374/391 [===========================>..] - ETA: 0s - loss: 2.3374 - accuracy: 0.1015
382/391 [============================>.] - ETA: 0s - loss: 2.3371 - accuracy: 0.1014
390/391 [============================>.] - ETA: 0s - loss: 2.3372 - accuracy: 0.1014
391/391 [==============================] - 4s 9ms/step - loss: 2.3372 - accuracy: 0.1014 - val_loss: 2.3404 - val_accuracy: 0.1000
Epoch 6/178

  1/391 [..............................] - ETA: 6s - loss: 2.3762 - accuracy: 0.0625
  9/391 [..............................] - ETA: 2s - loss: 2.3409 - accuracy: 0.0842
 17/391 [>.............................] - ETA: 2s - loss: 2.3410 - accuracy: 0.0912
 25/391 [>.............................] - ETA: 2s - loss: 2.3436 - accuracy: 0.0882
 33/391 [=>............................] - ETA: 2s - loss: 2.3443 - accuracy: 0.0905
 41/391 [==>...........................] - ETA: 2s - loss: 2.3429 - accuracy: 0.0904
 49/391 [==>...........................] - ETA: 2s - loss: 2.3411 - accuracy: 0.0940
 57/391 [===>..........................] - ETA: 2s - loss: 2.3392 - accuracy: 0.0938
 65/391 [===>..........................] - ETA: 2s - loss: 2.3393 - accuracy: 0.0916
 73/391 [====>.........................] - ETA: 2s - loss: 2.3379 - accuracy: 0.0943
 81/391 [=====>........................] - ETA: 2s - loss: 2.3369 - accuracy: 0.0945
 89/391 [=====>........................] - ETA: 2s - loss: 2.3360 - accuracy: 0.0939
 97/391 [======>.......................] - ETA: 2s - loss: 2.3364 - accuracy: 0.0944
105/391 [=======>......................] - ETA: 2s - loss: 2.3358 - accuracy: 0.0954
113/391 [=======>......................] - ETA: 2s - loss: 2.3358 - accuracy: 0.0954
121/391 [========>.....................] - ETA: 2s - loss: 2.3349 - accuracy: 0.0961
129/391 [========>.....................] - ETA: 2s - loss: 2.3348 - accuracy: 0.0973
137/391 [=========>....................] - ETA: 1s - loss: 2.3342 - accuracy: 0.0976
145/391 [==========>...................] - ETA: 1s - loss: 2.3355 - accuracy: 0.0965
153/391 [==========>...................] - ETA: 1s - loss: 2.3351 - accuracy: 0.0980
161/391 [===========>..................] - ETA: 1s - loss: 2.3365 - accuracy: 0.0982
169/391 [===========>..................] - ETA: 1s - loss: 2.3368 - accuracy: 0.0992
177/391 [============>.................] - ETA: 1s - loss: 2.3364 - accuracy: 0.1000
184/391 [=============>................] - ETA: 1s - loss: 2.3375 - accuracy: 0.1002
192/391 [=============>................] - ETA: 1s - loss: 2.3388 - accuracy: 0.0998
199/391 [==============>...............] - ETA: 1s - loss: 2.3390 - accuracy: 0.1000
207/391 [==============>...............] - ETA: 1s - loss: 2.3389 - accuracy: 0.1004
215/391 [===============>..............] - ETA: 1s - loss: 2.3386 - accuracy: 0.1001
223/391 [================>.............] - ETA: 1s - loss: 2.3386 - accuracy: 0.0999
231/391 [================>.............] - ETA: 1s - loss: 2.3388 - accuracy: 0.1002
239/391 [=================>............] - ETA: 1s - loss: 2.3392 - accuracy: 0.1005
248/391 [==================>...........] - ETA: 1s - loss: 2.3393 - accuracy: 0.1002
256/391 [==================>...........] - ETA: 1s - loss: 2.3403 - accuracy: 0.1000
263/391 [===================>..........] - ETA: 1s - loss: 2.3405 - accuracy: 0.0999
271/391 [===================>..........] - ETA: 0s - loss: 2.3409 - accuracy: 0.0997
279/391 [====================>.........] - ETA: 0s - loss: 2.3408 - accuracy: 0.0997
287/391 [=====================>........] - ETA: 0s - loss: 2.3407 - accuracy: 0.0996
295/391 [=====================>........] - ETA: 0s - loss: 2.3411 - accuracy: 0.0996
303/391 [======================>.......] - ETA: 0s - loss: 2.3406 - accuracy: 0.1001
311/391 [======================>.......] - ETA: 0s - loss: 2.3407 - accuracy: 0.0998
319/391 [=======================>......] - ETA: 0s - loss: 2.3406 - accuracy: 0.0995
327/391 [========================>.....] - ETA: 0s - loss: 2.3405 - accuracy: 0.0991
335/391 [========================>.....] - ETA: 0s - loss: 2.3411 - accuracy: 0.0992
344/391 [=========================>....] - ETA: 0s - loss: 2.3410 - accuracy: 0.0990
351/391 [=========================>....] - ETA: 0s - loss: 2.3407 - accuracy: 0.0988
359/391 [==========================>...] - ETA: 0s - loss: 2.3407 - accuracy: 0.0986
367/391 [===========================>..] - ETA: 0s - loss: 2.3403 - accuracy: 0.0987
375/391 [===========================>..] - ETA: 0s - loss: 2.3399 - accuracy: 0.0987
383/391 [============================>.] - ETA: 0s - loss: 2.3394 - accuracy: 0.0989
391/391 [==============================] - ETA: 0s - loss: 2.3389 - accuracy: 0.0990
391/391 [==============================] - 4s 9ms/step - loss: 2.3389 - accuracy: 0.0990 - val_loss: 2.3241 - val_accuracy: 0.1000
Epoch 7/178

  1/391 [..............................] - ETA: 6s - loss: 2.3188 - accuracy: 0.1094
  8/391 [..............................] - ETA: 3s - loss: 2.3259 - accuracy: 0.1045
 16/391 [>.............................] - ETA: 3s - loss: 2.3319 - accuracy: 0.0957
 25/391 [>.............................] - ETA: 2s - loss: 2.3296 - accuracy: 0.0941
 32/391 [=>............................] - ETA: 2s - loss: 2.3283 - accuracy: 0.0981
 41/391 [==>...........................] - ETA: 2s - loss: 2.3295 - accuracy: 0.0996
 49/391 [==>...........................] - ETA: 2s - loss: 2.3313 - accuracy: 0.1015
 57/391 [===>..........................] - ETA: 2s - loss: 2.3311 - accuracy: 0.0998
 65/391 [===>..........................] - ETA: 2s - loss: 2.3312 - accuracy: 0.0990
 73/391 [====>.........................] - ETA: 2s - loss: 2.3303 - accuracy: 0.1004
 81/391 [=====>........................] - ETA: 2s - loss: 2.3314 - accuracy: 0.1007
 89/391 [=====>........................] - ETA: 2s - loss: 2.3315 - accuracy: 0.0994
 96/391 [======>.......................] - ETA: 2s - loss: 2.3304 - accuracy: 0.1006
104/391 [======>.......................] - ETA: 2s - loss: 2.3306 - accuracy: 0.1003
112/391 [=======>......................] - ETA: 2s - loss: 2.3304 - accuracy: 0.1005
119/391 [========>.....................] - ETA: 2s - loss: 2.3304 - accuracy: 0.1014
127/391 [========>.....................] - ETA: 2s - loss: 2.3308 - accuracy: 0.1016
135/391 [=========>....................] - ETA: 2s - loss: 2.3309 - accuracy: 0.1016
143/391 [=========>....................] - ETA: 1s - loss: 2.3320 - accuracy: 0.1023
151/391 [==========>...................] - ETA: 1s - loss: 2.3316 - accuracy: 0.1027
159/391 [===========>..................] - ETA: 1s - loss: 2.3321 - accuracy: 0.1024
167/391 [===========>..................] - ETA: 1s - loss: 2.3320 - accuracy: 0.1025
175/391 [============>.................] - ETA: 1s - loss: 2.3321 - accuracy: 0.1029
183/391 [=============>................] - ETA: 1s - loss: 2.3322 - accuracy: 0.1027
191/391 [=============>................] - ETA: 1s - loss: 2.3323 - accuracy: 0.1029
199/391 [==============>...............] - ETA: 1s - loss: 2.3329 - accuracy: 0.1026
207/391 [==============>...............] - ETA: 1s - loss: 2.3329 - accuracy: 0.1022
215/391 [===============>..............] - ETA: 1s - loss: 2.3330 - accuracy: 0.1024
223/391 [================>.............] - ETA: 1s - loss: 2.3323 - accuracy: 0.1029
231/391 [================>.............] - ETA: 1s - loss: 2.3321 - accuracy: 0.1028
239/391 [=================>............] - ETA: 1s - loss: 2.3321 - accuracy: 0.1031
247/391 [=================>............] - ETA: 1s - loss: 2.3322 - accuracy: 0.1032
255/391 [==================>...........] - ETA: 1s - loss: 2.3318 - accuracy: 0.1034
263/391 [===================>..........] - ETA: 1s - loss: 2.3315 - accuracy: 0.1033
270/391 [===================>..........] - ETA: 0s - loss: 2.3314 - accuracy: 0.1031
278/391 [====================>.........] - ETA: 0s - loss: 2.3310 - accuracy: 0.1031
287/391 [=====================>........] - ETA: 0s - loss: 2.3309 - accuracy: 0.1029
295/391 [=====================>........] - ETA: 0s - loss: 2.3310 - accuracy: 0.1029
303/391 [======================>.......] - ETA: 0s - loss: 2.3308 - accuracy: 0.1026
311/391 [======================>.......] - ETA: 0s - loss: 2.3309 - accuracy: 0.1021
319/391 [=======================>......] - ETA: 0s - loss: 2.3311 - accuracy: 0.1018
327/391 [========================>.....] - ETA: 0s - loss: 2.3311 - accuracy: 0.1015
335/391 [========================>.....] - ETA: 0s - loss: 2.3309 - accuracy: 0.1019
343/391 [=========================>....] - ETA: 0s - loss: 2.3309 - accuracy: 0.1023
350/391 [=========================>....] - ETA: 0s - loss: 2.3309 - accuracy: 0.1022
358/391 [==========================>...] - ETA: 0s - loss: 2.3305 - accuracy: 0.1022
366/391 [===========================>..] - ETA: 0s - loss: 2.3308 - accuracy: 0.1022
375/391 [===========================>..] - ETA: 0s - loss: 2.3309 - accuracy: 0.1022
383/391 [============================>.] - ETA: 0s - loss: 2.3311 - accuracy: 0.1022
391/391 [==============================] - ETA: 0s - loss: 2.3315 - accuracy: 0.1024
391/391 [==============================] - 4s 9ms/step - loss: 2.3315 - accuracy: 0.1024 - val_loss: 2.3306 - val_accuracy: 0.1000
Epoch 8/178

  1/391 [..............................] - ETA: 6s - loss: 2.3474 - accuracy: 0.0859
  8/391 [..............................] - ETA: 3s - loss: 2.3428 - accuracy: 0.0908
 16/391 [>.............................] - ETA: 3s - loss: 2.3372 - accuracy: 0.0913
 24/391 [>.............................] - ETA: 2s - loss: 2.3374 - accuracy: 0.0954
 31/391 [=>............................] - ETA: 2s - loss: 2.3357 - accuracy: 0.0940
 38/391 [=>............................] - ETA: 2s - loss: 2.3337 - accuracy: 0.0950
 47/391 [==>...........................] - ETA: 2s - loss: 2.3313 - accuracy: 0.0969
 55/391 [===>..........................] - ETA: 2s - loss: 2.3316 - accuracy: 0.0953
 63/391 [===>..........................] - ETA: 2s - loss: 2.3316 - accuracy: 0.0959
 71/391 [====>.........................] - ETA: 2s - loss: 2.3311 - accuracy: 0.0978
 80/391 [=====>........................] - ETA: 2s - loss: 2.3313 - accuracy: 0.0979
 88/391 [=====>........................] - ETA: 2s - loss: 2.3317 - accuracy: 0.0959
 94/391 [======>.......................] - ETA: 2s - loss: 2.3315 - accuracy: 0.0952
102/391 [======>.......................] - ETA: 2s - loss: 2.3309 - accuracy: 0.0963
110/391 [=======>......................] - ETA: 2s - loss: 2.3316 - accuracy: 0.0967
116/391 [=======>......................] - ETA: 2s - loss: 2.3314 - accuracy: 0.0966
124/391 [========>.....................] - ETA: 2s - loss: 2.3303 - accuracy: 0.0978
132/391 [=========>....................] - ETA: 2s - loss: 2.3297 - accuracy: 0.0979
140/391 [=========>....................] - ETA: 1s - loss: 2.3293 - accuracy: 0.0975
148/391 [==========>...................] - ETA: 1s - loss: 2.3293 - accuracy: 0.0966
156/391 [==========>...................] - ETA: 1s - loss: 2.3296 - accuracy: 0.0969
164/391 [===========>..................] - ETA: 1s - loss: 2.3297 - accuracy: 0.0964
172/391 [============>.................] - ETA: 1s - loss: 2.3302 - accuracy: 0.0958
180/391 [============>.................] - ETA: 1s - loss: 2.3297 - accuracy: 0.0963
188/391 [=============>................] - ETA: 1s - loss: 2.3297 - accuracy: 0.0967
196/391 [==============>...............] - ETA: 1s - loss: 2.3297 - accuracy: 0.0966
202/391 [==============>...............] - ETA: 1s - loss: 2.3299 - accuracy: 0.0970
210/391 [===============>..............] - ETA: 1s - loss: 2.3304 - accuracy: 0.0973
218/391 [===============>..............] - ETA: 1s - loss: 2.3307 - accuracy: 0.0972
226/391 [================>.............] - ETA: 1s - loss: 2.3310 - accuracy: 0.0976
234/391 [================>.............] - ETA: 1s - loss: 2.3309 - accuracy: 0.0975
242/391 [=================>............] - ETA: 1s - loss: 2.3309 - accuracy: 0.0975
250/391 [==================>...........] - ETA: 1s - loss: 2.3319 - accuracy: 0.0975
258/391 [==================>...........] - ETA: 1s - loss: 2.3323 - accuracy: 0.0975
266/391 [===================>..........] - ETA: 0s - loss: 2.3324 - accuracy: 0.0976
273/391 [===================>..........] - ETA: 0s - loss: 2.3321 - accuracy: 0.0983
282/391 [====================>.........] - ETA: 0s - loss: 2.3324 - accuracy: 0.0986
289/391 [=====================>........] - ETA: 0s - loss: 2.3330 - accuracy: 0.0982
297/391 [=====================>........] - ETA: 0s - loss: 2.3333 - accuracy: 0.0980
305/391 [======================>.......] - ETA: 0s - loss: 2.3331 - accuracy: 0.0980
313/391 [=======================>......] - ETA: 0s - loss: 2.3331 - accuracy: 0.0981
321/391 [=======================>......] - ETA: 0s - loss: 2.3329 - accuracy: 0.0985
329/391 [========================>.....] - ETA: 0s - loss: 2.3337 - accuracy: 0.0984
337/391 [========================>.....] - ETA: 0s - loss: 2.3335 - accuracy: 0.0982
345/391 [=========================>....] - ETA: 0s - loss: 2.3336 - accuracy: 0.0978
354/391 [==========================>...] - ETA: 0s - loss: 2.3336 - accuracy: 0.0977
362/391 [==========================>...] - ETA: 0s - loss: 2.3338 - accuracy: 0.0974
370/391 [===========================>..] - ETA: 0s - loss: 2.3336 - accuracy: 0.0975
378/391 [============================>.] - ETA: 0s - loss: 2.3335 - accuracy: 0.0976
386/391 [============================>.] - ETA: 0s - loss: 2.3334 - accuracy: 0.0975
391/391 [==============================] - 4s 9ms/step - loss: 2.3332 - accuracy: 0.0975 - val_loss: 2.3367 - val_accuracy: 0.1000
Epoch 9/178

  1/391 [..............................] - ETA: 6s - loss: 2.3709 - accuracy: 0.0625
  8/391 [..............................] - ETA: 3s - loss: 2.3365 - accuracy: 0.0859
 16/391 [>.............................] - ETA: 3s - loss: 2.3405 - accuracy: 0.1050
 24/391 [>.............................] - ETA: 2s - loss: 2.3436 - accuracy: 0.1003
 32/391 [=>............................] - ETA: 2s - loss: 2.3472 - accuracy: 0.0999
 40/391 [==>...........................] - ETA: 2s - loss: 2.3445 - accuracy: 0.0994
 48/391 [==>...........................] - ETA: 2s - loss: 2.3447 - accuracy: 0.1011
 56/391 [===>..........................] - ETA: 2s - loss: 2.3461 - accuracy: 0.1010
 64/391 [===>..........................] - ETA: 2s - loss: 2.3442 - accuracy: 0.1017
 73/391 [====>.........................] - ETA: 2s - loss: 2.3425 - accuracy: 0.1005
 80/391 [=====>........................] - ETA: 2s - loss: 2.3411 - accuracy: 0.1007
 89/391 [=====>........................] - ETA: 2s - loss: 2.3400 - accuracy: 0.1003
 97/391 [======>.......................] - ETA: 2s - loss: 2.3398 - accuracy: 0.1000
105/391 [=======>......................] - ETA: 2s - loss: 2.3390 - accuracy: 0.1008
112/391 [=======>......................] - ETA: 2s - loss: 2.3410 - accuracy: 0.0997
121/391 [========>.....................] - ETA: 2s - loss: 2.3416 - accuracy: 0.1009
129/391 [========>.....................] - ETA: 2s - loss: 2.3417 - accuracy: 0.1010
137/391 [=========>....................] - ETA: 1s - loss: 2.3425 - accuracy: 0.1005
145/391 [==========>...................] - ETA: 1s - loss: 2.3443 - accuracy: 0.1005
153/391 [==========>...................] - ETA: 1s - loss: 2.3438 - accuracy: 0.1012
161/391 [===========>..................] - ETA: 1s - loss: 2.3433 - accuracy: 0.1015
169/391 [===========>..................] - ETA: 1s - loss: 2.3433 - accuracy: 0.1022
178/391 [============>.................] - ETA: 1s - loss: 2.3440 - accuracy: 0.1031
186/391 [=============>................] - ETA: 1s - loss: 2.3441 - accuracy: 0.1030
193/391 [=============>................] - ETA: 1s - loss: 2.3451 - accuracy: 0.1031
201/391 [==============>...............] - ETA: 1s - loss: 2.3456 - accuracy: 0.1028
209/391 [===============>..............] - ETA: 1s - loss: 2.3458 - accuracy: 0.1026
217/391 [===============>..............] - ETA: 1s - loss: 2.3458 - accuracy: 0.1024
225/391 [================>.............] - ETA: 1s - loss: 2.3463 - accuracy: 0.1024
233/391 [================>.............] - ETA: 1s - loss: 2.3466 - accuracy: 0.1024
241/391 [=================>............] - ETA: 1s - loss: 2.3467 - accuracy: 0.1023
249/391 [==================>...........] - ETA: 1s - loss: 2.3473 - accuracy: 0.1020
257/391 [==================>...........] - ETA: 1s - loss: 2.3469 - accuracy: 0.1023
265/391 [===================>..........] - ETA: 0s - loss: 2.3468 - accuracy: 0.1024
273/391 [===================>..........] - ETA: 0s - loss: 2.3465 - accuracy: 0.1030
281/391 [====================>.........] - ETA: 0s - loss: 2.3461 - accuracy: 0.1027
289/391 [=====================>........] - ETA: 0s - loss: 2.3460 - accuracy: 0.1032
297/391 [=====================>........] - ETA: 0s - loss: 2.3457 - accuracy: 0.1032
305/391 [======================>.......] - ETA: 0s - loss: 2.3458 - accuracy: 0.1028
313/391 [=======================>......] - ETA: 0s - loss: 2.3455 - accuracy: 0.1026
321/391 [=======================>......] - ETA: 0s - loss: 2.3452 - accuracy: 0.1028
329/391 [========================>.....] - ETA: 0s - loss: 2.3453 - accuracy: 0.1025
337/391 [========================>.....] - ETA: 0s - loss: 2.3451 - accuracy: 0.1025
345/391 [=========================>....] - ETA: 0s - loss: 2.3447 - accuracy: 0.1025
353/391 [==========================>...] - ETA: 0s - loss: 2.3443 - accuracy: 0.1026
361/391 [==========================>...] - ETA: 0s - loss: 2.3442 - accuracy: 0.1026
369/391 [===========================>..] - ETA: 0s - loss: 2.3440 - accuracy: 0.1027
377/391 [===========================>..] - ETA: 0s - loss: 2.3435 - accuracy: 0.1030
385/391 [============================>.] - ETA: 0s - loss: 2.3434 - accuracy: 0.1032
391/391 [==============================] - 4s 9ms/step - loss: 2.3433 - accuracy: 0.1031 - val_loss: 2.3498 - val_accuracy: 0.1000
Epoch 10/178

  1/391 [..............................] - ETA: 6s - loss: 2.3029 - accuracy: 0.1172
  9/391 [..............................] - ETA: 2s - loss: 2.3367 - accuracy: 0.0998
 16/391 [>.............................] - ETA: 3s - loss: 2.3453 - accuracy: 0.0977
 24/391 [>.............................] - ETA: 2s - loss: 2.3439 - accuracy: 0.0970
 33/391 [=>............................] - ETA: 2s - loss: 2.3405 - accuracy: 0.0954
 41/391 [==>...........................] - ETA: 2s - loss: 2.3440 - accuracy: 0.0985
 49/391 [==>...........................] - ETA: 2s - loss: 2.3484 - accuracy: 0.0976
 57/391 [===>..........................] - ETA: 2s - loss: 2.3479 - accuracy: 0.0984
 64/391 [===>..........................] - ETA: 2s - loss: 2.3465 - accuracy: 0.0975
 73/391 [====>.........................] - ETA: 2s - loss: 2.3467 - accuracy: 0.0974
 81/391 [=====>........................] - ETA: 2s - loss: 2.3456 - accuracy: 0.0968
 89/391 [=====>........................] - ETA: 2s - loss: 2.3452 - accuracy: 0.0966
 97/391 [======>.......................] - ETA: 2s - loss: 2.3447 - accuracy: 0.0960
105/391 [=======>......................] - ETA: 2s - loss: 2.3434 - accuracy: 0.0975
113/391 [=======>......................] - ETA: 2s - loss: 2.3430 - accuracy: 0.0976
121/391 [========>.....................] - ETA: 2s - loss: 2.3421 - accuracy: 0.0974
129/391 [========>.....................] - ETA: 2s - loss: 2.3420 - accuracy: 0.0979
137/391 [=========>....................] - ETA: 1s - loss: 2.3413 - accuracy: 0.0988
145/391 [==========>...................] - ETA: 1s - loss: 2.3406 - accuracy: 0.0995
153/391 [==========>...................] - ETA: 1s - loss: 2.3410 - accuracy: 0.0993
161/391 [===========>..................] - ETA: 1s - loss: 2.3409 - accuracy: 0.0987
169/391 [===========>..................] - ETA: 1s - loss: 2.3405 - accuracy: 0.0980
177/391 [============>.................] - ETA: 1s - loss: 2.3401 - accuracy: 0.0980
185/391 [=============>................] - ETA: 1s - loss: 2.3395 - accuracy: 0.0984
193/391 [=============>................] - ETA: 1s - loss: 2.3395 - accuracy: 0.0986
201/391 [==============>...............] - ETA: 1s - loss: 2.3399 - accuracy: 0.0990
209/391 [===============>..............] - ETA: 1s - loss: 2.3395 - accuracy: 0.0995
217/391 [===============>..............] - ETA: 1s - loss: 2.3393 - accuracy: 0.0996
226/391 [================>.............] - ETA: 1s - loss: 2.3403 - accuracy: 0.0990
234/391 [================>.............] - ETA: 1s - loss: 2.3399 - accuracy: 0.0993
242/391 [=================>............] - ETA: 1s - loss: 2.3399 - accuracy: 0.0992
250/391 [==================>...........] - ETA: 1s - loss: 2.3396 - accuracy: 0.0991
258/391 [==================>...........] - ETA: 1s - loss: 2.3397 - accuracy: 0.0995
265/391 [===================>..........] - ETA: 0s - loss: 2.3396 - accuracy: 0.0993
273/391 [===================>..........] - ETA: 0s - loss: 2.3393 - accuracy: 0.0998
281/391 [====================>.........] - ETA: 0s - loss: 2.3397 - accuracy: 0.0994
289/391 [=====================>........] - ETA: 0s - loss: 2.3399 - accuracy: 0.0996
298/391 [=====================>........] - ETA: 0s - loss: 2.3403 - accuracy: 0.0995
306/391 [======================>.......] - ETA: 0s - loss: 2.3404 - accuracy: 0.0993
314/391 [=======================>......] - ETA: 0s - loss: 2.3415 - accuracy: 0.0990
322/391 [=======================>......] - ETA: 0s - loss: 2.3420 - accuracy: 0.0990
330/391 [========================>.....] - ETA: 0s - loss: 2.3424 - accuracy: 0.0989
338/391 [========================>.....] - ETA: 0s - loss: 2.3428 - accuracy: 0.0987
345/391 [=========================>....] - ETA: 0s - loss: 2.3427 - accuracy: 0.0986
352/391 [==========================>...] - ETA: 0s - loss: 2.3431 - accuracy: 0.0984
360/391 [==========================>...] - ETA: 0s - loss: 2.3437 - accuracy: 0.0985
368/391 [===========================>..] - ETA: 0s - loss: 2.3443 - accuracy: 0.0981
376/391 [===========================>..] - ETA: 0s - loss: 2.3444 - accuracy: 0.0985
384/391 [============================>.] - ETA: 0s - loss: 2.3443 - accuracy: 0.0985
391/391 [==============================] - 4s 9ms/step - loss: 2.3441 - accuracy: 0.0986 - val_loss: 2.3471 - val_accuracy: 0.1000
Epoch 11/178

  1/391 [..............................] - ETA: 12s - loss: 2.3633 - accuracy: 0.1016
  9/391 [..............................] - ETA: 2s - loss: 2.3528 - accuracy: 0.1016 
 17/391 [>.............................] - ETA: 2s - loss: 2.3587 - accuracy: 0.1039
 25/391 [>.............................] - ETA: 2s - loss: 2.3612 - accuracy: 0.1013
 33/391 [=>............................] - ETA: 2s - loss: 2.3542 - accuracy: 0.0999
 41/391 [==>...........................] - ETA: 2s - loss: 2.3508 - accuracy: 0.1021
 48/391 [==>...........................] - ETA: 2s - loss: 2.3493 - accuracy: 0.1009
 56/391 [===>..........................] - ETA: 2s - loss: 2.3452 - accuracy: 0.1035
 64/391 [===>..........................] - ETA: 2s - loss: 2.3436 - accuracy: 0.1028
 72/391 [====>.........................] - ETA: 2s - loss: 2.3444 - accuracy: 0.1023
 80/391 [=====>........................] - ETA: 2s - loss: 2.3423 - accuracy: 0.1029
 88/391 [=====>........................] - ETA: 2s - loss: 2.3428 - accuracy: 0.1015
 96/391 [======>.......................] - ETA: 2s - loss: 2.3411 - accuracy: 0.1010
104/391 [======>.......................] - ETA: 2s - loss: 2.3411 - accuracy: 0.1003
112/391 [=======>......................] - ETA: 2s - loss: 2.3415 - accuracy: 0.0993
120/391 [========>.....................] - ETA: 2s - loss: 2.3420 - accuracy: 0.0997
128/391 [========>.....................] - ETA: 2s - loss: 2.3405 - accuracy: 0.1014
136/391 [=========>....................] - ETA: 2s - loss: 2.3400 - accuracy: 0.1008
144/391 [==========>...................] - ETA: 1s - loss: 2.3398 - accuracy: 0.1016
152/391 [==========>...................] - ETA: 1s - loss: 2.3398 - accuracy: 0.1024
160/391 [===========>..................] - ETA: 1s - loss: 2.3395 - accuracy: 0.1021
168/391 [===========>..................] - ETA: 1s - loss: 2.3401 - accuracy: 0.1015
176/391 [============>.................] - ETA: 1s - loss: 2.3406 - accuracy: 0.1015
184/391 [=============>................] - ETA: 1s - loss: 2.3409 - accuracy: 0.1015
192/391 [=============>................] - ETA: 1s - loss: 2.3412 - accuracy: 0.1015
200/391 [==============>...............] - ETA: 1s - loss: 2.3408 - accuracy: 0.1018
208/391 [==============>...............] - ETA: 1s - loss: 2.3405 - accuracy: 0.1015
216/391 [===============>..............] - ETA: 1s - loss: 2.3404 - accuracy: 0.1016
224/391 [================>.............] - ETA: 1s - loss: 2.3403 - accuracy: 0.1022
232/391 [================>.............] - ETA: 1s - loss: 2.3403 - accuracy: 0.1022
240/391 [=================>............] - ETA: 1s - loss: 2.3399 - accuracy: 0.1018
248/391 [==================>...........] - ETA: 1s - loss: 2.3400 - accuracy: 0.1013
256/391 [==================>...........] - ETA: 1s - loss: 2.3401 - accuracy: 0.1011
264/391 [===================>..........] - ETA: 0s - loss: 2.3403 - accuracy: 0.1012
272/391 [===================>..........] - ETA: 0s - loss: 2.3398 - accuracy: 0.1013
280/391 [====================>.........] - ETA: 0s - loss: 2.3401 - accuracy: 0.1009
288/391 [=====================>........] - ETA: 0s - loss: 2.3406 - accuracy: 0.1009
296/391 [=====================>........] - ETA: 0s - loss: 2.3407 - accuracy: 0.1007
304/391 [======================>.......] - ETA: 0s - loss: 2.3407 - accuracy: 0.1005
312/391 [======================>.......] - ETA: 0s - loss: 2.3407 - accuracy: 0.1006
320/391 [=======================>......] - ETA: 0s - loss: 2.3404 - accuracy: 0.1005
328/391 [========================>.....] - ETA: 0s - loss: 2.3401 - accuracy: 0.1003
336/391 [========================>.....] - ETA: 0s - loss: 2.3399 - accuracy: 0.1003
344/391 [=========================>....] - ETA: 0s - loss: 2.3396 - accuracy: 0.1004
352/391 [==========================>...] - ETA: 0s - loss: 2.3394 - accuracy: 0.1005
360/391 [==========================>...] - ETA: 0s - loss: 2.3401 - accuracy: 0.1007
368/391 [===========================>..] - ETA: 0s - loss: 2.3403 - accuracy: 0.1008
376/391 [===========================>..] - ETA: 0s - loss: 2.3411 - accuracy: 0.1004
384/391 [============================>.] - ETA: 0s - loss: 2.3414 - accuracy: 0.1006
391/391 [==============================] - 4s 9ms/step - loss: 2.3417 - accuracy: 0.1004 - val_loss: 2.3467 - val_accuracy: 0.1000
Epoch 12/178

  1/391 [..............................] - ETA: 6s - loss: 2.3555 - accuracy: 0.0781
  8/391 [..............................] - ETA: 3s - loss: 2.3350 - accuracy: 0.0947
 16/391 [>.............................] - ETA: 3s - loss: 2.3357 - accuracy: 0.1108
 24/391 [>.............................] - ETA: 2s - loss: 2.3371 - accuracy: 0.1084
 33/391 [=>............................] - ETA: 2s - loss: 2.3333 - accuracy: 0.1058
 41/391 [==>...........................] - ETA: 2s - loss: 2.3352 - accuracy: 0.1025
 49/391 [==>...........................] - ETA: 2s - loss: 2.3342 - accuracy: 0.1032
 57/391 [===>..........................] - ETA: 2s - loss: 2.3369 - accuracy: 0.1021
 65/391 [===>..........................] - ETA: 2s - loss: 2.3355 - accuracy: 0.1036
 73/391 [====>.........................] - ETA: 2s - loss: 2.3350 - accuracy: 0.1037
 81/391 [=====>........................] - ETA: 2s - loss: 2.3360 - accuracy: 0.1024
 89/391 [=====>........................] - ETA: 2s - loss: 2.3356 - accuracy: 0.1031
 97/391 [======>.......................] - ETA: 2s - loss: 2.3364 - accuracy: 0.1017
105/391 [=======>......................] - ETA: 2s - loss: 2.3369 - accuracy: 0.1016
113/391 [=======>......................] - ETA: 2s - loss: 2.3371 - accuracy: 0.1022
121/391 [========>.....................] - ETA: 2s - loss: 2.3370 - accuracy: 0.1021
129/391 [========>.....................] - ETA: 2s - loss: 2.3369 - accuracy: 0.1020
137/391 [=========>....................] - ETA: 1s - loss: 2.3368 - accuracy: 0.1026
145/391 [==========>...................] - ETA: 1s - loss: 2.3372 - accuracy: 0.1028
154/391 [==========>...................] - ETA: 1s - loss: 2.3365 - accuracy: 0.1022
162/391 [===========>..................] - ETA: 1s - loss: 2.3366 - accuracy: 0.1022
169/391 [===========>..................] - ETA: 1s - loss: 2.3368 - accuracy: 0.1021
177/391 [============>.................] - ETA: 1s - loss: 2.3370 - accuracy: 0.1018
185/391 [=============>................] - ETA: 1s - loss: 2.3378 - accuracy: 0.1012
194/391 [=============>................] - ETA: 1s - loss: 2.3390 - accuracy: 0.1012
202/391 [==============>...............] - ETA: 1s - loss: 2.3398 - accuracy: 0.1017
210/391 [===============>..............] - ETA: 1s - loss: 2.3400 - accuracy: 0.1019
218/391 [===============>..............] - ETA: 1s - loss: 2.3401 - accuracy: 0.1018
226/391 [================>.............] - ETA: 1s - loss: 2.3398 - accuracy: 0.1017
234/391 [================>.............] - ETA: 1s - loss: 2.3395 - accuracy: 0.1017
242/391 [=================>............] - ETA: 1s - loss: 2.3398 - accuracy: 0.1015
250/391 [==================>...........] - ETA: 1s - loss: 2.3398 - accuracy: 0.1016
257/391 [==================>...........] - ETA: 1s - loss: 2.3398 - accuracy: 0.1015
265/391 [===================>..........] - ETA: 0s - loss: 2.3395 - accuracy: 0.1019
274/391 [====================>.........] - ETA: 0s - loss: 2.3395 - accuracy: 0.1018
282/391 [====================>.........] - ETA: 0s - loss: 2.3399 - accuracy: 0.1018
290/391 [=====================>........] - ETA: 0s - loss: 2.3403 - accuracy: 0.1021
298/391 [=====================>........] - ETA: 0s - loss: 2.3404 - accuracy: 0.1020
306/391 [======================>.......] - ETA: 0s - loss: 2.3399 - accuracy: 0.1023
315/391 [=======================>......] - ETA: 0s - loss: 2.3403 - accuracy: 0.1024
323/391 [=======================>......] - ETA: 0s - loss: 2.3403 - accuracy: 0.1021
331/391 [========================>.....] - ETA: 0s - loss: 2.3404 - accuracy: 0.1026
339/391 [=========================>....] - ETA: 0s - loss: 2.3409 - accuracy: 0.1023
346/391 [=========================>....] - ETA: 0s - loss: 2.3411 - accuracy: 0.1021
354/391 [==========================>...] - ETA: 0s - loss: 2.3410 - accuracy: 0.1019
362/391 [==========================>...] - ETA: 0s - loss: 2.3413 - accuracy: 0.1019
370/391 [===========================>..] - ETA: 0s - loss: 2.3412 - accuracy: 0.1022
378/391 [============================>.] - ETA: 0s - loss: 2.3411 - accuracy: 0.1023
386/391 [============================>.] - ETA: 0s - loss: 2.3409 - accuracy: 0.1024
391/391 [==============================] - 4s 9ms/step - loss: 2.3411 - accuracy: 0.1022 - val_loss: 2.3371 - val_accuracy: 0.1000
Epoch 12: early stopping

  1/313 [..............................] - ETA: 4s - loss: 2.3162 - accuracy: 0.1250
 41/313 [==>...........................] - ETA: 0s - loss: 2.3421 - accuracy: 0.0846
 79/313 [======>.......................] - ETA: 0s - loss: 2.3380 - accuracy: 0.0961
117/313 [==========>...................] - ETA: 0s - loss: 2.3391 - accuracy: 0.0975
157/313 [==============>...............] - ETA: 0s - loss: 2.3399 - accuracy: 0.0973
196/313 [=================>............] - ETA: 0s - loss: 2.3386 - accuracy: 0.1011
234/313 [=====================>........] - ETA: 0s - loss: 2.3362 - accuracy: 0.1020
272/313 [=========================>....] - ETA: 0s - loss: 2.3367 - accuracy: 0.1004
308/313 [============================>.] - ETA: 0s - loss: 2.3376 - accuracy: 0.1000
313/313 [==============================] - 1s 2ms/step - loss: 2.3371 - accuracy: 0.1000
