2024-07-27 01:33:28.640603: I tensorflow/core/platform/cpu_feature_guard.cc:193] This TensorFlow binary is optimized with oneAPI Deep Neural Network Library (oneDNN) to use the following CPU instructions in performance-critical operations:  AVX AVX2
To enable them in other operations, rebuild TensorFlow with the appropriate compiler flags.
2024-07-27 01:33:29.164816: I tensorflow/core/common_runtime/gpu/gpu_device.cc:1616] Created device /job:localhost/replica:0/task:0/device:GPU:0 with 6656 MB memory:  -> device: 0, name: NVIDIA GeForce RTX 4060 Ti, pci bus id: 0000:01:00.0, compute capability: 8.9
1 Physical GPUs, 1 Logical GPUs
Model: "sequential"
_________________________________________________________________
 Layer (type)                Output Shape              Param #   
=================================================================
 conv2d (Conv2D)             (None, 32, 32, 32)        896       
                                                                 
 max_pooling2d (MaxPooling2D  (None, 16, 16, 32)       0         
 )                                                               
                                                                 
 dropout (Dropout)           (None, 16, 16, 32)        0         
                                                                 
 flatten (Flatten)           (None, 8192)              0         
                                                                 
 dense (Dense)               (None, 6)                 49158     
                                                                 
 dropout_1 (Dropout)         (None, 6)                 0         
                                                                 
 dense_1 (Dense)             (None, 10)                70        
                                                                 
=================================================================
Total params: 50,124
Trainable params: 50,124
Non-trainable params: 0
_________________________________________________________________
Taxa de aprendizado:  0.001 Num de épocas:  142 Tamanho do lote:  256 Dropout:  0.22
Epoch 1/142
2024-07-27 01:33:30.477948: I tensorflow/stream_executor/cuda/cuda_dnn.cc:384] Loaded cuDNN version 8100
2024-07-27 01:33:31.324831: W tensorflow/stream_executor/gpu/redzone_allocator.cc:314] INTERNAL: ptxas exited with non-zero error code -1, output: 
Relying on driver to perform ptx compilation. 
Modify $PATH to customize ptxas location.
This message will be only logged once.
2024-07-27 01:33:31.977995: I tensorflow/stream_executor/cuda/cuda_blas.cc:1614] TensorFloat-32 will be used for the matrix multiplication. This will only be logged once.

  1/196 [..............................] - ETA: 9:03 - loss: 2.3125 - accuracy: 0.1055
 10/196 [>.............................] - ETA: 1s - loss: 2.3068 - accuracy: 0.1145  
 17/196 [=>............................] - ETA: 1s - loss: 2.2752 - accuracy: 0.1273
 26/196 [==>...........................] - ETA: 1s - loss: 2.2479 - accuracy: 0.1504
 35/196 [====>.........................] - ETA: 1s - loss: 2.2213 - accuracy: 0.1622
 43/196 [=====>........................] - ETA: 1s - loss: 2.2011 - accuracy: 0.1727
 51/196 [======>.......................] - ETA: 1s - loss: 2.1808 - accuracy: 0.1835
 60/196 [========>.....................] - ETA: 0s - loss: 2.1607 - accuracy: 0.1934
 68/196 [=========>....................] - ETA: 0s - loss: 2.1468 - accuracy: 0.2002
 76/196 [==========>...................] - ETA: 0s - loss: 2.1324 - accuracy: 0.2069
 85/196 [============>.................] - ETA: 0s - loss: 2.1178 - accuracy: 0.2142
 94/196 [=============>................] - ETA: 0s - loss: 2.1043 - accuracy: 0.2214
100/196 [==============>...............] - ETA: 0s - loss: 2.0958 - accuracy: 0.2249
107/196 [===============>..............] - ETA: 0s - loss: 2.0865 - accuracy: 0.2290
116/196 [================>.............] - ETA: 0s - loss: 2.0742 - accuracy: 0.2341
125/196 [==================>...........] - ETA: 0s - loss: 2.0637 - accuracy: 0.2391
133/196 [===================>..........] - ETA: 0s - loss: 2.0541 - accuracy: 0.2432
142/196 [====================>.........] - ETA: 0s - loss: 2.0442 - accuracy: 0.2488
151/196 [======================>.......] - ETA: 0s - loss: 2.0363 - accuracy: 0.2511
160/196 [=======================>......] - ETA: 0s - loss: 2.0273 - accuracy: 0.2546
170/196 [=========================>....] - ETA: 0s - loss: 2.0174 - accuracy: 0.2597
179/196 [==========================>...] - ETA: 0s - loss: 2.0089 - accuracy: 0.2631
190/196 [============================>.] - ETA: 0s - loss: 1.9982 - accuracy: 0.2677
196/196 [==============================] - 5s 11ms/step - loss: 1.9930 - accuracy: 0.2701 - val_loss: 1.7643 - val_accuracy: 0.3973
Epoch 2/142

  1/196 [..............................] - ETA: 4s - loss: 1.7094 - accuracy: 0.3984
 10/196 [>.............................] - ETA: 1s - loss: 1.7944 - accuracy: 0.3527
 20/196 [==>...........................] - ETA: 1s - loss: 1.7999 - accuracy: 0.3475
 31/196 [===>..........................] - ETA: 0s - loss: 1.8038 - accuracy: 0.3430
 41/196 [=====>........................] - ETA: 0s - loss: 1.7940 - accuracy: 0.3503
 52/196 [======>.......................] - ETA: 0s - loss: 1.7883 - accuracy: 0.3516
 63/196 [========>.....................] - ETA: 0s - loss: 1.7862 - accuracy: 0.3513
 74/196 [==========>...................] - ETA: 0s - loss: 1.7848 - accuracy: 0.3508
 86/196 [============>.................] - ETA: 0s - loss: 1.7830 - accuracy: 0.3514
 97/196 [=============>................] - ETA: 0s - loss: 1.7804 - accuracy: 0.3535
108/196 [===============>..............] - ETA: 0s - loss: 1.7742 - accuracy: 0.3557
118/196 [=================>............] - ETA: 0s - loss: 1.7713 - accuracy: 0.3569
127/196 [==================>...........] - ETA: 0s - loss: 1.7689 - accuracy: 0.3570
135/196 [===================>..........] - ETA: 0s - loss: 1.7653 - accuracy: 0.3585
144/196 [=====================>........] - ETA: 0s - loss: 1.7612 - accuracy: 0.3597
153/196 [======================>.......] - ETA: 0s - loss: 1.7584 - accuracy: 0.3608
163/196 [=======================>......] - ETA: 0s - loss: 1.7548 - accuracy: 0.3621
174/196 [=========================>....] - ETA: 0s - loss: 1.7507 - accuracy: 0.3635
185/196 [===========================>..] - ETA: 0s - loss: 1.7491 - accuracy: 0.3630
196/196 [==============================] - ETA: 0s - loss: 1.7471 - accuracy: 0.3633
196/196 [==============================] - 2s 8ms/step - loss: 1.7471 - accuracy: 0.3633 - val_loss: 1.6364 - val_accuracy: 0.4368
Epoch 3/142

  1/196 [..............................] - ETA: 1s - loss: 1.6941 - accuracy: 0.3672
 10/196 [>.............................] - ETA: 1s - loss: 1.6857 - accuracy: 0.3773
 19/196 [=>............................] - ETA: 1s - loss: 1.6846 - accuracy: 0.3853
 29/196 [===>..........................] - ETA: 1s - loss: 1.6676 - accuracy: 0.3886
 38/196 [====>.........................] - ETA: 1s - loss: 1.6653 - accuracy: 0.3880
 46/196 [======>.......................] - ETA: 0s - loss: 1.6596 - accuracy: 0.3899
 56/196 [=======>......................] - ETA: 0s - loss: 1.6586 - accuracy: 0.3895
 66/196 [=========>....................] - ETA: 0s - loss: 1.6591 - accuracy: 0.3872
 77/196 [==========>...................] - ETA: 0s - loss: 1.6607 - accuracy: 0.3870
 86/196 [============>.................] - ETA: 0s - loss: 1.6604 - accuracy: 0.3860
 97/196 [=============>................] - ETA: 0s - loss: 1.6616 - accuracy: 0.3863
107/196 [===============>..............] - ETA: 0s - loss: 1.6582 - accuracy: 0.3889
118/196 [=================>............] - ETA: 0s - loss: 1.6553 - accuracy: 0.3904
129/196 [==================>...........] - ETA: 0s - loss: 1.6532 - accuracy: 0.3907
140/196 [====================>.........] - ETA: 0s - loss: 1.6513 - accuracy: 0.3912
151/196 [======================>.......] - ETA: 0s - loss: 1.6500 - accuracy: 0.3920
162/196 [=======================>......] - ETA: 0s - loss: 1.6485 - accuracy: 0.3937
173/196 [=========================>....] - ETA: 0s - loss: 1.6458 - accuracy: 0.3949
183/196 [===========================>..] - ETA: 0s - loss: 1.6446 - accuracy: 0.3951
193/196 [============================>.] - ETA: 0s - loss: 1.6419 - accuracy: 0.3954
196/196 [==============================] - 2s 9ms/step - loss: 1.6414 - accuracy: 0.3953 - val_loss: 1.5141 - val_accuracy: 0.4710
Epoch 4/142

  1/196 [..............................] - ETA: 3s - loss: 1.6011 - accuracy: 0.4102
 12/196 [>.............................] - ETA: 1s - loss: 1.6080 - accuracy: 0.4106
 24/196 [==>...........................] - ETA: 0s - loss: 1.6023 - accuracy: 0.4137
 35/196 [====>.........................] - ETA: 0s - loss: 1.5922 - accuracy: 0.4209
 47/196 [======>.......................] - ETA: 0s - loss: 1.5898 - accuracy: 0.4172
 58/196 [=======>......................] - ETA: 0s - loss: 1.5909 - accuracy: 0.4169
 70/196 [=========>....................] - ETA: 0s - loss: 1.5864 - accuracy: 0.4194
 81/196 [===========>..................] - ETA: 0s - loss: 1.5816 - accuracy: 0.4203
 92/196 [=============>................] - ETA: 0s - loss: 1.5795 - accuracy: 0.4218
104/196 [==============>...............] - ETA: 0s - loss: 1.5789 - accuracy: 0.4200
114/196 [================>.............] - ETA: 0s - loss: 1.5790 - accuracy: 0.4198
125/196 [==================>...........] - ETA: 0s - loss: 1.5776 - accuracy: 0.4208
135/196 [===================>..........] - ETA: 0s - loss: 1.5772 - accuracy: 0.4212
146/196 [=====================>........] - ETA: 0s - loss: 1.5773 - accuracy: 0.4208
157/196 [=======================>......] - ETA: 0s - loss: 1.5756 - accuracy: 0.4216
167/196 [========================>.....] - ETA: 0s - loss: 1.5740 - accuracy: 0.4225
179/196 [==========================>...] - ETA: 0s - loss: 1.5718 - accuracy: 0.4233
190/196 [============================>.] - ETA: 0s - loss: 1.5716 - accuracy: 0.4233
196/196 [==============================] - 2s 8ms/step - loss: 1.5722 - accuracy: 0.4232 - val_loss: 1.4533 - val_accuracy: 0.4950
Epoch 5/142

  1/196 [..............................] - ETA: 2s - loss: 1.5072 - accuracy: 0.4648
 11/196 [>.............................] - ETA: 1s - loss: 1.5385 - accuracy: 0.4350
 21/196 [==>...........................] - ETA: 1s - loss: 1.5312 - accuracy: 0.4371
 32/196 [===>..........................] - ETA: 0s - loss: 1.5226 - accuracy: 0.4421
 40/196 [=====>........................] - ETA: 0s - loss: 1.5200 - accuracy: 0.4454
 51/196 [======>.......................] - ETA: 0s - loss: 1.5210 - accuracy: 0.4452
 61/196 [========>.....................] - ETA: 0s - loss: 1.5172 - accuracy: 0.4476
 69/196 [=========>....................] - ETA: 0s - loss: 1.5186 - accuracy: 0.4478
 78/196 [==========>...................] - ETA: 0s - loss: 1.5196 - accuracy: 0.4472
 89/196 [============>.................] - ETA: 0s - loss: 1.5192 - accuracy: 0.4467
 99/196 [==============>...............] - ETA: 0s - loss: 1.5217 - accuracy: 0.4465
111/196 [===============>..............] - ETA: 0s - loss: 1.5179 - accuracy: 0.4468
121/196 [=================>............] - ETA: 0s - loss: 1.5195 - accuracy: 0.4471
129/196 [==================>...........] - ETA: 0s - loss: 1.5191 - accuracy: 0.4467
139/196 [====================>.........] - ETA: 0s - loss: 1.5188 - accuracy: 0.4462
150/196 [=====================>........] - ETA: 0s - loss: 1.5182 - accuracy: 0.4470
161/196 [=======================>......] - ETA: 0s - loss: 1.5195 - accuracy: 0.4453
171/196 [=========================>....] - ETA: 0s - loss: 1.5187 - accuracy: 0.4453
182/196 [==========================>...] - ETA: 0s - loss: 1.5180 - accuracy: 0.4452
192/196 [============================>.] - ETA: 0s - loss: 1.5167 - accuracy: 0.4446
196/196 [==============================] - 2s 9ms/step - loss: 1.5166 - accuracy: 0.4447 - val_loss: 1.4102 - val_accuracy: 0.4996
Epoch 6/142

  1/196 [..............................] - ETA: 3s - loss: 1.4913 - accuracy: 0.4766
  9/196 [>.............................] - ETA: 1s - loss: 1.4679 - accuracy: 0.4688
 18/196 [=>............................] - ETA: 1s - loss: 1.4815 - accuracy: 0.4670
 29/196 [===>..........................] - ETA: 1s - loss: 1.4905 - accuracy: 0.4608
 39/196 [====>.........................] - ETA: 1s - loss: 1.4846 - accuracy: 0.4642
 49/196 [======>.......................] - ETA: 0s - loss: 1.4805 - accuracy: 0.4654
 61/196 [========>.....................] - ETA: 0s - loss: 1.4834 - accuracy: 0.4634
 72/196 [==========>...................] - ETA: 0s - loss: 1.4846 - accuracy: 0.4611
 82/196 [===========>..................] - ETA: 0s - loss: 1.4838 - accuracy: 0.4605
 93/196 [=============>................] - ETA: 0s - loss: 1.4813 - accuracy: 0.4612
103/196 [==============>...............] - ETA: 0s - loss: 1.4789 - accuracy: 0.4613
114/196 [================>.............] - ETA: 0s - loss: 1.4791 - accuracy: 0.4617
124/196 [=================>............] - ETA: 0s - loss: 1.4786 - accuracy: 0.4621
133/196 [===================>..........] - ETA: 0s - loss: 1.4777 - accuracy: 0.4627
141/196 [====================>.........] - ETA: 0s - loss: 1.4795 - accuracy: 0.4623
152/196 [======================>.......] - ETA: 0s - loss: 1.4771 - accuracy: 0.4632
163/196 [=======================>......] - ETA: 0s - loss: 1.4754 - accuracy: 0.4632
175/196 [=========================>....] - ETA: 0s - loss: 1.4748 - accuracy: 0.4638
186/196 [===========================>..] - ETA: 0s - loss: 1.4751 - accuracy: 0.4643
194/196 [============================>.] - ETA: 0s - loss: 1.4768 - accuracy: 0.4636
196/196 [==============================] - 2s 9ms/step - loss: 1.4764 - accuracy: 0.4637 - val_loss: 1.3880 - val_accuracy: 0.5112
Epoch 7/142

  1/196 [..............................] - ETA: 3s - loss: 1.4848 - accuracy: 0.4414
 12/196 [>.............................] - ETA: 1s - loss: 1.4727 - accuracy: 0.4512
 23/196 [==>...........................] - ETA: 0s - loss: 1.4729 - accuracy: 0.4594
 33/196 [====>.........................] - ETA: 0s - loss: 1.4593 - accuracy: 0.4652
 44/196 [=====>........................] - ETA: 0s - loss: 1.4559 - accuracy: 0.4664
 55/196 [=======>......................] - ETA: 0s - loss: 1.4594 - accuracy: 0.4657
 65/196 [========>.....................] - ETA: 0s - loss: 1.4544 - accuracy: 0.4696
 75/196 [==========>...................] - ETA: 0s - loss: 1.4534 - accuracy: 0.4723
 86/196 [============>.................] - ETA: 0s - loss: 1.4544 - accuracy: 0.4711
 95/196 [=============>................] - ETA: 0s - loss: 1.4526 - accuracy: 0.4700
103/196 [==============>...............] - ETA: 0s - loss: 1.4534 - accuracy: 0.4698
111/196 [===============>..............] - ETA: 0s - loss: 1.4519 - accuracy: 0.4711
122/196 [=================>............] - ETA: 0s - loss: 1.4499 - accuracy: 0.4722
133/196 [===================>..........] - ETA: 0s - loss: 1.4491 - accuracy: 0.4725
145/196 [=====================>........] - ETA: 0s - loss: 1.4490 - accuracy: 0.4728
156/196 [======================>.......] - ETA: 0s - loss: 1.4475 - accuracy: 0.4726
166/196 [========================>.....] - ETA: 0s - loss: 1.4446 - accuracy: 0.4743
177/196 [==========================>...] - ETA: 0s - loss: 1.4423 - accuracy: 0.4752
186/196 [===========================>..] - ETA: 0s - loss: 1.4402 - accuracy: 0.4755
196/196 [==============================] - ETA: 0s - loss: 1.4410 - accuracy: 0.4749
196/196 [==============================] - 2s 8ms/step - loss: 1.4410 - accuracy: 0.4749 - val_loss: 1.3339 - val_accuracy: 0.5224
Epoch 8/142

  1/196 [..............................] - ETA: 3s - loss: 1.4053 - accuracy: 0.4883
 11/196 [>.............................] - ETA: 1s - loss: 1.3952 - accuracy: 0.4879
 20/196 [==>...........................] - ETA: 1s - loss: 1.4052 - accuracy: 0.4867
 29/196 [===>..........................] - ETA: 0s - loss: 1.3993 - accuracy: 0.4911
 38/196 [====>.........................] - ETA: 0s - loss: 1.4076 - accuracy: 0.4869
 49/196 [======>.......................] - ETA: 0s - loss: 1.4054 - accuracy: 0.4889
 60/196 [========>.....................] - ETA: 0s - loss: 1.4046 - accuracy: 0.4915
 70/196 [=========>....................] - ETA: 0s - loss: 1.4103 - accuracy: 0.4884
 82/196 [===========>..................] - ETA: 0s - loss: 1.4157 - accuracy: 0.4860
 93/196 [=============>................] - ETA: 0s - loss: 1.4123 - accuracy: 0.4879
103/196 [==============>...............] - ETA: 0s - loss: 1.4144 - accuracy: 0.4883
113/196 [================>.............] - ETA: 0s - loss: 1.4132 - accuracy: 0.4882
123/196 [=================>............] - ETA: 0s - loss: 1.4150 - accuracy: 0.4866
133/196 [===================>..........] - ETA: 0s - loss: 1.4137 - accuracy: 0.4874
142/196 [====================>.........] - ETA: 0s - loss: 1.4124 - accuracy: 0.4876
152/196 [======================>.......] - ETA: 0s - loss: 1.4119 - accuracy: 0.4871
161/196 [=======================>......] - ETA: 0s - loss: 1.4114 - accuracy: 0.4874
171/196 [=========================>....] - ETA: 0s - loss: 1.4100 - accuracy: 0.4873
180/196 [==========================>...] - ETA: 0s - loss: 1.4119 - accuracy: 0.4865
190/196 [============================>.] - ETA: 0s - loss: 1.4114 - accuracy: 0.4860
196/196 [==============================] - 2s 8ms/step - loss: 1.4117 - accuracy: 0.4856 - val_loss: 1.2978 - val_accuracy: 0.5464
Epoch 9/142

  1/196 [..............................] - ETA: 2s - loss: 1.3514 - accuracy: 0.4961
  9/196 [>.............................] - ETA: 1s - loss: 1.3678 - accuracy: 0.5052
 18/196 [=>............................] - ETA: 1s - loss: 1.3889 - accuracy: 0.4926
 27/196 [===>..........................] - ETA: 1s - loss: 1.3969 - accuracy: 0.4868
 38/196 [====>.........................] - ETA: 0s - loss: 1.3990 - accuracy: 0.4901
 48/196 [======>.......................] - ETA: 0s - loss: 1.3985 - accuracy: 0.4900
 58/196 [=======>......................] - ETA: 0s - loss: 1.4058 - accuracy: 0.4858
 69/196 [=========>....................] - ETA: 0s - loss: 1.4046 - accuracy: 0.4883
 79/196 [===========>..................] - ETA: 0s - loss: 1.4052 - accuracy: 0.4874
 89/196 [============>.................] - ETA: 0s - loss: 1.4072 - accuracy: 0.4854
 98/196 [==============>...............] - ETA: 0s - loss: 1.4065 - accuracy: 0.4852
106/196 [===============>..............] - ETA: 0s - loss: 1.4056 - accuracy: 0.4850
114/196 [================>.............] - ETA: 0s - loss: 1.4039 - accuracy: 0.4850
123/196 [=================>............] - ETA: 0s - loss: 1.4012 - accuracy: 0.4855
133/196 [===================>..........] - ETA: 0s - loss: 1.3995 - accuracy: 0.4874
144/196 [=====================>........] - ETA: 0s - loss: 1.3978 - accuracy: 0.4877
154/196 [======================>.......] - ETA: 0s - loss: 1.3972 - accuracy: 0.4881
165/196 [========================>.....] - ETA: 0s - loss: 1.3969 - accuracy: 0.4887
175/196 [=========================>....] - ETA: 0s - loss: 1.3948 - accuracy: 0.4898
184/196 [===========================>..] - ETA: 0s - loss: 1.3946 - accuracy: 0.4896
195/196 [============================>.] - ETA: 0s - loss: 1.3938 - accuracy: 0.4899
196/196 [==============================] - 2s 9ms/step - loss: 1.3935 - accuracy: 0.4899 - val_loss: 1.2751 - val_accuracy: 0.5536
Epoch 10/142

  1/196 [..............................] - ETA: 3s - loss: 1.3851 - accuracy: 0.4492
 10/196 [>.............................] - ETA: 1s - loss: 1.3223 - accuracy: 0.5160
 19/196 [=>............................] - ETA: 1s - loss: 1.3405 - accuracy: 0.5070
 28/196 [===>..........................] - ETA: 1s - loss: 1.3529 - accuracy: 0.5040
 39/196 [====>.........................] - ETA: 0s - loss: 1.3601 - accuracy: 0.4992
 49/196 [======>.......................] - ETA: 0s - loss: 1.3631 - accuracy: 0.4985
 58/196 [=======>......................] - ETA: 0s - loss: 1.3633 - accuracy: 0.4978
 67/196 [=========>....................] - ETA: 0s - loss: 1.3649 - accuracy: 0.4971
 78/196 [==========>...................] - ETA: 0s - loss: 1.3609 - accuracy: 0.4974
 87/196 [============>.................] - ETA: 0s - loss: 1.3603 - accuracy: 0.4996
 98/196 [==============>...............] - ETA: 0s - loss: 1.3624 - accuracy: 0.4994
108/196 [===============>..............] - ETA: 0s - loss: 1.3652 - accuracy: 0.4972
117/196 [================>.............] - ETA: 0s - loss: 1.3646 - accuracy: 0.4971
129/196 [==================>...........] - ETA: 0s - loss: 1.3639 - accuracy: 0.4979
139/196 [====================>.........] - ETA: 0s - loss: 1.3645 - accuracy: 0.4977
147/196 [=====================>........] - ETA: 0s - loss: 1.3657 - accuracy: 0.4974
156/196 [======================>.......] - ETA: 0s - loss: 1.3664 - accuracy: 0.4966
166/196 [========================>.....] - ETA: 0s - loss: 1.3674 - accuracy: 0.4965
177/196 [==========================>...] - ETA: 0s - loss: 1.3677 - accuracy: 0.4965
189/196 [===========================>..] - ETA: 0s - loss: 1.3663 - accuracy: 0.4962
196/196 [==============================] - 2s 8ms/step - loss: 1.3660 - accuracy: 0.4963 - val_loss: 1.2510 - val_accuracy: 0.5610
Epoch 11/142

  1/196 [..............................] - ETA: 1s - loss: 1.2592 - accuracy: 0.5742
  8/196 [>.............................] - ETA: 1s - loss: 1.3190 - accuracy: 0.5195
 15/196 [=>............................] - ETA: 1s - loss: 1.3292 - accuracy: 0.5133
 25/196 [==>...........................] - ETA: 1s - loss: 1.3448 - accuracy: 0.5045
 36/196 [====>.........................] - ETA: 1s - loss: 1.3450 - accuracy: 0.5048
 47/196 [======>.......................] - ETA: 0s - loss: 1.3445 - accuracy: 0.5025
 57/196 [=======>......................] - ETA: 0s - loss: 1.3438 - accuracy: 0.5026
 66/196 [=========>....................] - ETA: 0s - loss: 1.3490 - accuracy: 0.5008
 76/196 [==========>...................] - ETA: 0s - loss: 1.3476 - accuracy: 0.5023
 86/196 [============>.................] - ETA: 0s - loss: 1.3462 - accuracy: 0.5037
 96/196 [=============>................] - ETA: 0s - loss: 1.3442 - accuracy: 0.5047
105/196 [===============>..............] - ETA: 0s - loss: 1.3435 - accuracy: 0.5060
115/196 [================>.............] - ETA: 0s - loss: 1.3448 - accuracy: 0.5051
125/196 [==================>...........] - ETA: 0s - loss: 1.3443 - accuracy: 0.5050
136/196 [===================>..........] - ETA: 0s - loss: 1.3462 - accuracy: 0.5048
145/196 [=====================>........] - ETA: 0s - loss: 1.3460 - accuracy: 0.5049
155/196 [======================>.......] - ETA: 0s - loss: 1.3441 - accuracy: 0.5063
164/196 [========================>.....] - ETA: 0s - loss: 1.3444 - accuracy: 0.5071
174/196 [=========================>....] - ETA: 0s - loss: 1.3416 - accuracy: 0.5082
185/196 [===========================>..] - ETA: 0s - loss: 1.3437 - accuracy: 0.5068
196/196 [==============================] - ETA: 0s - loss: 1.3463 - accuracy: 0.5060
196/196 [==============================] - 2s 8ms/step - loss: 1.3463 - accuracy: 0.5060 - val_loss: 1.2470 - val_accuracy: 0.5567
Epoch 12/142

  1/196 [..............................] - ETA: 2s - loss: 1.3012 - accuracy: 0.5234
 10/196 [>.............................] - ETA: 1s - loss: 1.3511 - accuracy: 0.5000
 19/196 [=>............................] - ETA: 1s - loss: 1.3391 - accuracy: 0.5062
 27/196 [===>..........................] - ETA: 1s - loss: 1.3370 - accuracy: 0.5067
 35/196 [====>.........................] - ETA: 1s - loss: 1.3402 - accuracy: 0.5068
 44/196 [=====>........................] - ETA: 1s - loss: 1.3361 - accuracy: 0.5055
 54/196 [=======>......................] - ETA: 0s - loss: 1.3320 - accuracy: 0.5078
 63/196 [========>.....................] - ETA: 0s - loss: 1.3323 - accuracy: 0.5084
 73/196 [==========>...................] - ETA: 0s - loss: 1.3308 - accuracy: 0.5081
 83/196 [===========>..................] - ETA: 0s - loss: 1.3341 - accuracy: 0.5068
 93/196 [=============>................] - ETA: 0s - loss: 1.3328 - accuracy: 0.5073
104/196 [==============>...............] - ETA: 0s - loss: 1.3348 - accuracy: 0.5077
113/196 [================>.............] - ETA: 0s - loss: 1.3337 - accuracy: 0.5085
124/196 [=================>............] - ETA: 0s - loss: 1.3351 - accuracy: 0.5095
134/196 [===================>..........] - ETA: 0s - loss: 1.3349 - accuracy: 0.5096
146/196 [=====================>........] - ETA: 0s - loss: 1.3364 - accuracy: 0.5097
155/196 [======================>.......] - ETA: 0s - loss: 1.3364 - accuracy: 0.5102
164/196 [========================>.....] - ETA: 0s - loss: 1.3391 - accuracy: 0.5091
174/196 [=========================>....] - ETA: 0s - loss: 1.3395 - accuracy: 0.5095
183/196 [===========================>..] - ETA: 0s - loss: 1.3392 - accuracy: 0.5097
194/196 [============================>.] - ETA: 0s - loss: 1.3387 - accuracy: 0.5095
196/196 [==============================] - 2s 9ms/step - loss: 1.3391 - accuracy: 0.5092 - val_loss: 1.2163 - val_accuracy: 0.5682
Epoch 13/142

  1/196 [..............................] - ETA: 1s - loss: 1.2689 - accuracy: 0.5430
  9/196 [>.............................] - ETA: 1s - loss: 1.3028 - accuracy: 0.5174
 17/196 [=>............................] - ETA: 1s - loss: 1.2974 - accuracy: 0.5188
 26/196 [==>...........................] - ETA: 1s - loss: 1.2966 - accuracy: 0.5222
 35/196 [====>.........................] - ETA: 1s - loss: 1.3054 - accuracy: 0.5224
 45/196 [=====>........................] - ETA: 0s - loss: 1.3049 - accuracy: 0.5227
 56/196 [=======>......................] - ETA: 0s - loss: 1.3099 - accuracy: 0.5197
 68/196 [=========>....................] - ETA: 0s - loss: 1.3151 - accuracy: 0.5179
 78/196 [==========>...................] - ETA: 0s - loss: 1.3158 - accuracy: 0.5172
 87/196 [============>.................] - ETA: 0s - loss: 1.3193 - accuracy: 0.5160
 97/196 [=============>................] - ETA: 0s - loss: 1.3203 - accuracy: 0.5152
107/196 [===============>..............] - ETA: 0s - loss: 1.3203 - accuracy: 0.5149
118/196 [=================>............] - ETA: 0s - loss: 1.3190 - accuracy: 0.5160
129/196 [==================>...........] - ETA: 0s - loss: 1.3206 - accuracy: 0.5151
140/196 [====================>.........] - ETA: 0s - loss: 1.3191 - accuracy: 0.5151
151/196 [======================>.......] - ETA: 0s - loss: 1.3209 - accuracy: 0.5144
160/196 [=======================>......] - ETA: 0s - loss: 1.3202 - accuracy: 0.5147
170/196 [=========================>....] - ETA: 0s - loss: 1.3214 - accuracy: 0.5137
181/196 [==========================>...] - ETA: 0s - loss: 1.3183 - accuracy: 0.5156
192/196 [============================>.] - ETA: 0s - loss: 1.3169 - accuracy: 0.5163
196/196 [==============================] - 2s 9ms/step - loss: 1.3168 - accuracy: 0.5163 - val_loss: 1.2128 - val_accuracy: 0.5703
Epoch 14/142

  1/196 [..............................] - ETA: 3s - loss: 1.3773 - accuracy: 0.4844
 10/196 [>.............................] - ETA: 1s - loss: 1.3031 - accuracy: 0.5242
 18/196 [=>............................] - ETA: 1s - loss: 1.3162 - accuracy: 0.5260
 27/196 [===>..........................] - ETA: 1s - loss: 1.3127 - accuracy: 0.5229
 37/196 [====>.........................] - ETA: 0s - loss: 1.3052 - accuracy: 0.5247
 47/196 [======>.......................] - ETA: 0s - loss: 1.3022 - accuracy: 0.5236
 56/196 [=======>......................] - ETA: 0s - loss: 1.2979 - accuracy: 0.5249
 67/196 [=========>....................] - ETA: 0s - loss: 1.2969 - accuracy: 0.5252
 78/196 [==========>...................] - ETA: 0s - loss: 1.2985 - accuracy: 0.5240
 87/196 [============>.................] - ETA: 0s - loss: 1.3008 - accuracy: 0.5241
 97/196 [=============>................] - ETA: 0s - loss: 1.3011 - accuracy: 0.5242
109/196 [===============>..............] - ETA: 0s - loss: 1.3043 - accuracy: 0.5223
120/196 [=================>............] - ETA: 0s - loss: 1.3064 - accuracy: 0.5214
128/196 [==================>...........] - ETA: 0s - loss: 1.3080 - accuracy: 0.5195
137/196 [===================>..........] - ETA: 0s - loss: 1.3065 - accuracy: 0.5205
147/196 [=====================>........] - ETA: 0s - loss: 1.3045 - accuracy: 0.5213
156/196 [======================>.......] - ETA: 0s - loss: 1.3038 - accuracy: 0.5218
168/196 [========================>.....] - ETA: 0s - loss: 1.3040 - accuracy: 0.5214
179/196 [==========================>...] - ETA: 0s - loss: 1.3040 - accuracy: 0.5213
190/196 [============================>.] - ETA: 0s - loss: 1.3053 - accuracy: 0.5214
196/196 [==============================] - 2s 8ms/step - loss: 1.3058 - accuracy: 0.5216 - val_loss: 1.1965 - val_accuracy: 0.5805
Epoch 15/142

  1/196 [..............................] - ETA: 2s - loss: 1.1904 - accuracy: 0.5469
  9/196 [>.............................] - ETA: 1s - loss: 1.2867 - accuracy: 0.5252
 17/196 [=>............................] - ETA: 1s - loss: 1.2870 - accuracy: 0.5223
 26/196 [==>...........................] - ETA: 1s - loss: 1.2924 - accuracy: 0.5165
 36/196 [====>.........................] - ETA: 1s - loss: 1.2875 - accuracy: 0.5228
 44/196 [=====>........................] - ETA: 0s - loss: 1.2856 - accuracy: 0.5260
 53/196 [=======>......................] - ETA: 0s - loss: 1.2822 - accuracy: 0.5283
 63/196 [========>.....................] - ETA: 0s - loss: 1.2787 - accuracy: 0.5312
 74/196 [==========>...................] - ETA: 0s - loss: 1.2820 - accuracy: 0.5309
 84/196 [===========>..................] - ETA: 0s - loss: 1.2841 - accuracy: 0.5290
 94/196 [=============>................] - ETA: 0s - loss: 1.2825 - accuracy: 0.5305
105/196 [===============>..............] - ETA: 0s - loss: 1.2823 - accuracy: 0.5304
116/196 [================>.............] - ETA: 0s - loss: 1.2823 - accuracy: 0.5292
127/196 [==================>...........] - ETA: 0s - loss: 1.2877 - accuracy: 0.5267
136/196 [===================>..........] - ETA: 0s - loss: 1.2889 - accuracy: 0.5261
144/196 [=====================>........] - ETA: 0s - loss: 1.2899 - accuracy: 0.5260
152/196 [======================>.......] - ETA: 0s - loss: 1.2913 - accuracy: 0.5255
161/196 [=======================>......] - ETA: 0s - loss: 1.2924 - accuracy: 0.5253
170/196 [=========================>....] - ETA: 0s - loss: 1.2926 - accuracy: 0.5250
179/196 [==========================>...] - ETA: 0s - loss: 1.2914 - accuracy: 0.5252
191/196 [============================>.] - ETA: 0s - loss: 1.2920 - accuracy: 0.5247
196/196 [==============================] - 2s 9ms/step - loss: 1.2918 - accuracy: 0.5245 - val_loss: 1.1909 - val_accuracy: 0.5776
Epoch 16/142

  1/196 [..............................] - ETA: 3s - loss: 1.3572 - accuracy: 0.5117
 10/196 [>.............................] - ETA: 1s - loss: 1.2739 - accuracy: 0.5367
 21/196 [==>...........................] - ETA: 1s - loss: 1.2676 - accuracy: 0.5319
 30/196 [===>..........................] - ETA: 1s - loss: 1.2739 - accuracy: 0.5344
 38/196 [====>.........................] - ETA: 1s - loss: 1.2741 - accuracy: 0.5336
 49/196 [======>.......................] - ETA: 0s - loss: 1.2799 - accuracy: 0.5310
 59/196 [========>.....................] - ETA: 0s - loss: 1.2778 - accuracy: 0.5301
 69/196 [=========>....................] - ETA: 0s - loss: 1.2728 - accuracy: 0.5310
 79/196 [===========>..................] - ETA: 0s - loss: 1.2705 - accuracy: 0.5316
 88/196 [============>.................] - ETA: 0s - loss: 1.2719 - accuracy: 0.5316
 99/196 [==============>...............] - ETA: 0s - loss: 1.2725 - accuracy: 0.5306
107/196 [===============>..............] - ETA: 0s - loss: 1.2704 - accuracy: 0.5313
118/196 [=================>............] - ETA: 0s - loss: 1.2736 - accuracy: 0.5311
128/196 [==================>...........] - ETA: 0s - loss: 1.2758 - accuracy: 0.5299
137/196 [===================>..........] - ETA: 0s - loss: 1.2761 - accuracy: 0.5301
146/196 [=====================>........] - ETA: 0s - loss: 1.2759 - accuracy: 0.5306
154/196 [======================>.......] - ETA: 0s - loss: 1.2761 - accuracy: 0.5308
164/196 [========================>.....] - ETA: 0s - loss: 1.2748 - accuracy: 0.5316
174/196 [=========================>....] - ETA: 0s - loss: 1.2768 - accuracy: 0.5303
184/196 [===========================>..] - ETA: 0s - loss: 1.2797 - accuracy: 0.5289
194/196 [============================>.] - ETA: 0s - loss: 1.2778 - accuracy: 0.5293
196/196 [==============================] - 2s 9ms/step - loss: 1.2772 - accuracy: 0.5296 - val_loss: 1.1930 - val_accuracy: 0.5726
Epoch 17/142

  1/196 [..............................] - ETA: 3s - loss: 1.2471 - accuracy: 0.5547
 10/196 [>.............................] - ETA: 1s - loss: 1.2476 - accuracy: 0.5426
 19/196 [=>............................] - ETA: 1s - loss: 1.2310 - accuracy: 0.5487
 28/196 [===>..........................] - ETA: 1s - loss: 1.2437 - accuracy: 0.5420
 37/196 [====>.........................] - ETA: 0s - loss: 1.2521 - accuracy: 0.5398
 48/196 [======>.......................] - ETA: 0s - loss: 1.2533 - accuracy: 0.5387
 59/196 [========>.....................] - ETA: 0s - loss: 1.2528 - accuracy: 0.5399
 67/196 [=========>....................] - ETA: 0s - loss: 1.2560 - accuracy: 0.5381
 77/196 [==========>...................] - ETA: 0s - loss: 1.2564 - accuracy: 0.5389
 88/196 [============>.................] - ETA: 0s - loss: 1.2599 - accuracy: 0.5385
 98/196 [==============>...............] - ETA: 0s - loss: 1.2638 - accuracy: 0.5366
106/196 [===============>..............] - ETA: 0s - loss: 1.2659 - accuracy: 0.5356
115/196 [================>.............] - ETA: 0s - loss: 1.2681 - accuracy: 0.5340
126/196 [==================>...........] - ETA: 0s - loss: 1.2671 - accuracy: 0.5339
136/196 [===================>..........] - ETA: 0s - loss: 1.2678 - accuracy: 0.5341
147/196 [=====================>........] - ETA: 0s - loss: 1.2701 - accuracy: 0.5328
158/196 [=======================>......] - ETA: 0s - loss: 1.2700 - accuracy: 0.5330
170/196 [=========================>....] - ETA: 0s - loss: 1.2718 - accuracy: 0.5326
180/196 [==========================>...] - ETA: 0s - loss: 1.2717 - accuracy: 0.5324
191/196 [============================>.] - ETA: 0s - loss: 1.2726 - accuracy: 0.5324
196/196 [==============================] - 2s 9ms/step - loss: 1.2737 - accuracy: 0.5326 - val_loss: 1.1886 - val_accuracy: 0.5805
Epoch 18/142

  1/196 [..............................] - ETA: 3s - loss: 1.1939 - accuracy: 0.5430
 11/196 [>.............................] - ETA: 1s - loss: 1.2687 - accuracy: 0.5206
 21/196 [==>...........................] - ETA: 1s - loss: 1.2604 - accuracy: 0.5309
 31/196 [===>..........................] - ETA: 1s - loss: 1.2630 - accuracy: 0.5330
 40/196 [=====>........................] - ETA: 0s - loss: 1.2643 - accuracy: 0.5312
 50/196 [======>.......................] - ETA: 0s - loss: 1.2656 - accuracy: 0.5309
 60/196 [========>.....................] - ETA: 0s - loss: 1.2674 - accuracy: 0.5326
 69/196 [=========>....................] - ETA: 0s - loss: 1.2681 - accuracy: 0.5320
 79/196 [===========>..................] - ETA: 0s - loss: 1.2679 - accuracy: 0.5331
 88/196 [============>.................] - ETA: 0s - loss: 1.2693 - accuracy: 0.5328
 96/196 [=============>................] - ETA: 0s - loss: 1.2703 - accuracy: 0.5324
106/196 [===============>..............] - ETA: 0s - loss: 1.2689 - accuracy: 0.5323
115/196 [================>.............] - ETA: 0s - loss: 1.2709 - accuracy: 0.5314
125/196 [==================>...........] - ETA: 0s - loss: 1.2716 - accuracy: 0.5311
134/196 [===================>..........] - ETA: 0s - loss: 1.2725 - accuracy: 0.5312
145/196 [=====================>........] - ETA: 0s - loss: 1.2706 - accuracy: 0.5323
154/196 [======================>.......] - ETA: 0s - loss: 1.2714 - accuracy: 0.5316
164/196 [========================>.....] - ETA: 0s - loss: 1.2723 - accuracy: 0.5306
173/196 [=========================>....] - ETA: 0s - loss: 1.2711 - accuracy: 0.5309
183/196 [===========================>..] - ETA: 0s - loss: 1.2708 - accuracy: 0.5313
193/196 [============================>.] - ETA: 0s - loss: 1.2707 - accuracy: 0.5320
196/196 [==============================] - 2s 9ms/step - loss: 1.2706 - accuracy: 0.5319 - val_loss: 1.1705 - val_accuracy: 0.5866
Epoch 19/142

  1/196 [..............................] - ETA: 3s - loss: 1.2573 - accuracy: 0.5547
 12/196 [>.............................] - ETA: 1s - loss: 1.2749 - accuracy: 0.5472
 23/196 [==>...........................] - ETA: 0s - loss: 1.2691 - accuracy: 0.5447
 33/196 [====>.........................] - ETA: 0s - loss: 1.2640 - accuracy: 0.5399
 43/196 [=====>........................] - ETA: 0s - loss: 1.2580 - accuracy: 0.5424
 53/196 [=======>......................] - ETA: 0s - loss: 1.2507 - accuracy: 0.5453
 62/196 [========>.....................] - ETA: 0s - loss: 1.2442 - accuracy: 0.5450
 71/196 [=========>....................] - ETA: 0s - loss: 1.2469 - accuracy: 0.5456
 79/196 [===========>..................] - ETA: 0s - loss: 1.2496 - accuracy: 0.5440
 88/196 [============>.................] - ETA: 0s - loss: 1.2474 - accuracy: 0.5444
 99/196 [==============>...............] - ETA: 0s - loss: 1.2524 - accuracy: 0.5423
110/196 [===============>..............] - ETA: 0s - loss: 1.2526 - accuracy: 0.5422
121/196 [=================>............] - ETA: 0s - loss: 1.2536 - accuracy: 0.5418
133/196 [===================>..........] - ETA: 0s - loss: 1.2561 - accuracy: 0.5411
142/196 [====================>.........] - ETA: 0s - loss: 1.2530 - accuracy: 0.5417
151/196 [======================>.......] - ETA: 0s - loss: 1.2544 - accuracy: 0.5410
162/196 [=======================>......] - ETA: 0s - loss: 1.2544 - accuracy: 0.5407
173/196 [=========================>....] - ETA: 0s - loss: 1.2532 - accuracy: 0.5410
183/196 [===========================>..] - ETA: 0s - loss: 1.2526 - accuracy: 0.5406
193/196 [============================>.] - ETA: 0s - loss: 1.2525 - accuracy: 0.5403
196/196 [==============================] - 2s 8ms/step - loss: 1.2532 - accuracy: 0.5399 - val_loss: 1.1819 - val_accuracy: 0.5832
Epoch 20/142

  1/196 [..............................] - ETA: 1s - loss: 1.2191 - accuracy: 0.5508
  9/196 [>.............................] - ETA: 1s - loss: 1.2332 - accuracy: 0.5486
 18/196 [=>............................] - ETA: 1s - loss: 1.2416 - accuracy: 0.5464
 29/196 [===>..........................] - ETA: 1s - loss: 1.2433 - accuracy: 0.5454
 39/196 [====>.........................] - ETA: 0s - loss: 1.2411 - accuracy: 0.5431
 50/196 [======>.......................] - ETA: 0s - loss: 1.2362 - accuracy: 0.5444
 61/196 [========>.....................] - ETA: 0s - loss: 1.2361 - accuracy: 0.5452
 71/196 [=========>....................] - ETA: 0s - loss: 1.2345 - accuracy: 0.5448
 81/196 [===========>..................] - ETA: 0s - loss: 1.2374 - accuracy: 0.5450
 92/196 [=============>................] - ETA: 0s - loss: 1.2402 - accuracy: 0.5445
101/196 [==============>...............] - ETA: 0s - loss: 1.2391 - accuracy: 0.5459
111/196 [===============>..............] - ETA: 0s - loss: 1.2369 - accuracy: 0.5461
121/196 [=================>............] - ETA: 0s - loss: 1.2408 - accuracy: 0.5451
131/196 [===================>..........] - ETA: 0s - loss: 1.2427 - accuracy: 0.5447
141/196 [====================>.........] - ETA: 0s - loss: 1.2439 - accuracy: 0.5437
150/196 [=====================>........] - ETA: 0s - loss: 1.2425 - accuracy: 0.5437
161/196 [=======================>......] - ETA: 0s - loss: 1.2443 - accuracy: 0.5435
170/196 [=========================>....] - ETA: 0s - loss: 1.2432 - accuracy: 0.5435
179/196 [==========================>...] - ETA: 0s - loss: 1.2435 - accuracy: 0.5430
188/196 [===========================>..] - ETA: 0s - loss: 1.2424 - accuracy: 0.5436
196/196 [==============================] - 2s 9ms/step - loss: 1.2409 - accuracy: 0.5444 - val_loss: 1.1374 - val_accuracy: 0.6000
Epoch 21/142

  1/196 [..............................] - ETA: 3s - loss: 1.3229 - accuracy: 0.5195
  9/196 [>.............................] - ETA: 1s - loss: 1.2335 - accuracy: 0.5386
 17/196 [=>............................] - ETA: 1s - loss: 1.2460 - accuracy: 0.5462
 26/196 [==>...........................] - ETA: 1s - loss: 1.2360 - accuracy: 0.5469
 35/196 [====>.........................] - ETA: 1s - loss: 1.2386 - accuracy: 0.5455
 45/196 [=====>........................] - ETA: 0s - loss: 1.2423 - accuracy: 0.5461
 54/196 [=======>......................] - ETA: 0s - loss: 1.2411 - accuracy: 0.5463
 64/196 [========>.....................] - ETA: 0s - loss: 1.2434 - accuracy: 0.5438
 76/196 [==========>...................] - ETA: 0s - loss: 1.2446 - accuracy: 0.5423
 88/196 [============>.................] - ETA: 0s - loss: 1.2455 - accuracy: 0.5414
100/196 [==============>...............] - ETA: 0s - loss: 1.2449 - accuracy: 0.5417
110/196 [===============>..............] - ETA: 0s - loss: 1.2409 - accuracy: 0.5428
120/196 [=================>............] - ETA: 0s - loss: 1.2423 - accuracy: 0.5432
129/196 [==================>...........] - ETA: 0s - loss: 1.2414 - accuracy: 0.5428
138/196 [====================>.........] - ETA: 0s - loss: 1.2408 - accuracy: 0.5436
146/196 [=====================>........] - ETA: 0s - loss: 1.2420 - accuracy: 0.5433
156/196 [======================>.......] - ETA: 0s - loss: 1.2442 - accuracy: 0.5428
167/196 [========================>.....] - ETA: 0s - loss: 1.2424 - accuracy: 0.5434
177/196 [==========================>...] - ETA: 0s - loss: 1.2424 - accuracy: 0.5432
186/196 [===========================>..] - ETA: 0s - loss: 1.2430 - accuracy: 0.5426
196/196 [==============================] - 2s 8ms/step - loss: 1.2435 - accuracy: 0.5419 - val_loss: 1.1630 - val_accuracy: 0.5880
Epoch 22/142

  1/196 [..............................] - ETA: 2s - loss: 1.1996 - accuracy: 0.5938
 10/196 [>.............................] - ETA: 1s - loss: 1.2358 - accuracy: 0.5469
 20/196 [==>...........................] - ETA: 1s - loss: 1.2436 - accuracy: 0.5430
 28/196 [===>..........................] - ETA: 1s - loss: 1.2402 - accuracy: 0.5444
 38/196 [====>.........................] - ETA: 0s - loss: 1.2368 - accuracy: 0.5459
 48/196 [======>.......................] - ETA: 0s - loss: 1.2411 - accuracy: 0.5449
 58/196 [=======>......................] - ETA: 0s - loss: 1.2414 - accuracy: 0.5432
 68/196 [=========>....................] - ETA: 0s - loss: 1.2410 - accuracy: 0.5445
 77/196 [==========>...................] - ETA: 0s - loss: 1.2362 - accuracy: 0.5462
 87/196 [============>.................] - ETA: 0s - loss: 1.2356 - accuracy: 0.5479
 96/196 [=============>................] - ETA: 0s - loss: 1.2364 - accuracy: 0.5470
105/196 [===============>..............] - ETA: 0s - loss: 1.2339 - accuracy: 0.5481
116/196 [================>.............] - ETA: 0s - loss: 1.2315 - accuracy: 0.5487
125/196 [==================>...........] - ETA: 0s - loss: 1.2300 - accuracy: 0.5496
136/196 [===================>..........] - ETA: 0s - loss: 1.2291 - accuracy: 0.5502
146/196 [=====================>........] - ETA: 0s - loss: 1.2293 - accuracy: 0.5498
155/196 [======================>.......] - ETA: 0s - loss: 1.2318 - accuracy: 0.5485
164/196 [========================>.....] - ETA: 0s - loss: 1.2360 - accuracy: 0.5467
175/196 [=========================>....] - ETA: 0s - loss: 1.2367 - accuracy: 0.5462
184/196 [===========================>..] - ETA: 0s - loss: 1.2367 - accuracy: 0.5461
195/196 [============================>.] - ETA: 0s - loss: 1.2366 - accuracy: 0.5462
196/196 [==============================] - 2s 8ms/step - loss: 1.2362 - accuracy: 0.5463 - val_loss: 1.1394 - val_accuracy: 0.6013
Epoch 23/142

  1/196 [..............................] - ETA: 2s - loss: 1.2706 - accuracy: 0.5039
 13/196 [>.............................] - ETA: 0s - loss: 1.2066 - accuracy: 0.5598
 24/196 [==>...........................] - ETA: 0s - loss: 1.2112 - accuracy: 0.5599
 36/196 [====>.........................] - ETA: 0s - loss: 1.2012 - accuracy: 0.5605
 47/196 [======>.......................] - ETA: 0s - loss: 1.2051 - accuracy: 0.5570
 58/196 [=======>......................] - ETA: 0s - loss: 1.2102 - accuracy: 0.5564
 67/196 [=========>....................] - ETA: 0s - loss: 1.2175 - accuracy: 0.5538
 77/196 [==========>...................] - ETA: 0s - loss: 1.2168 - accuracy: 0.5543
 88/196 [============>.................] - ETA: 0s - loss: 1.2178 - accuracy: 0.5540
 99/196 [==============>...............] - ETA: 0s - loss: 1.2172 - accuracy: 0.5532
111/196 [===============>..............] - ETA: 0s - loss: 1.2162 - accuracy: 0.5542
121/196 [=================>............] - ETA: 0s - loss: 1.2205 - accuracy: 0.5528
133/196 [===================>..........] - ETA: 0s - loss: 1.2205 - accuracy: 0.5520
142/196 [====================>.........] - ETA: 0s - loss: 1.2174 - accuracy: 0.5531
153/196 [======================>.......] - ETA: 0s - loss: 1.2188 - accuracy: 0.5525
164/196 [========================>.....] - ETA: 0s - loss: 1.2196 - accuracy: 0.5522
174/196 [=========================>....] - ETA: 0s - loss: 1.2198 - accuracy: 0.5527
184/196 [===========================>..] - ETA: 0s - loss: 1.2205 - accuracy: 0.5519
194/196 [============================>.] - ETA: 0s - loss: 1.2214 - accuracy: 0.5514
196/196 [==============================] - 2s 8ms/step - loss: 1.2213 - accuracy: 0.5515 - val_loss: 1.1582 - val_accuracy: 0.5858
Epoch 24/142

  1/196 [..............................] - ETA: 3s - loss: 1.2865 - accuracy: 0.5273
 12/196 [>.............................] - ETA: 1s - loss: 1.2167 - accuracy: 0.5570
 23/196 [==>...........................] - ETA: 0s - loss: 1.2005 - accuracy: 0.5661
 34/196 [====>.........................] - ETA: 0s - loss: 1.2000 - accuracy: 0.5656
 44/196 [=====>........................] - ETA: 0s - loss: 1.2000 - accuracy: 0.5659
 54/196 [=======>......................] - ETA: 0s - loss: 1.2052 - accuracy: 0.5635
 65/196 [========>.....................] - ETA: 0s - loss: 1.2081 - accuracy: 0.5607
 77/196 [==========>...................] - ETA: 0s - loss: 1.2135 - accuracy: 0.5578
 89/196 [============>.................] - ETA: 0s - loss: 1.2131 - accuracy: 0.5568
100/196 [==============>...............] - ETA: 0s - loss: 1.2146 - accuracy: 0.5559
110/196 [===============>..............] - ETA: 0s - loss: 1.2170 - accuracy: 0.5550
118/196 [=================>............] - ETA: 0s - loss: 1.2178 - accuracy: 0.5539
128/196 [==================>...........] - ETA: 0s - loss: 1.2158 - accuracy: 0.5545
138/196 [====================>.........] - ETA: 0s - loss: 1.2160 - accuracy: 0.5544
149/196 [=====================>........] - ETA: 0s - loss: 1.2166 - accuracy: 0.5543
158/196 [=======================>......] - ETA: 0s - loss: 1.2193 - accuracy: 0.5536
170/196 [=========================>....] - ETA: 0s - loss: 1.2215 - accuracy: 0.5524
180/196 [==========================>...] - ETA: 0s - loss: 1.2238 - accuracy: 0.5510
189/196 [===========================>..] - ETA: 0s - loss: 1.2238 - accuracy: 0.5505
196/196 [==============================] - 2s 9ms/step - loss: 1.2256 - accuracy: 0.5499 - val_loss: 1.1332 - val_accuracy: 0.6008
Epoch 25/142

  1/196 [..............................] - ETA: 3s - loss: 1.3214 - accuracy: 0.5312
 10/196 [>.............................] - ETA: 1s - loss: 1.2508 - accuracy: 0.5449
 20/196 [==>...........................] - ETA: 1s - loss: 1.2228 - accuracy: 0.5582
 32/196 [===>..........................] - ETA: 0s - loss: 1.2065 - accuracy: 0.5609
 43/196 [=====>........................] - ETA: 0s - loss: 1.2068 - accuracy: 0.5595
 53/196 [=======>......................] - ETA: 0s - loss: 1.2104 - accuracy: 0.5577
 62/196 [========>.....................] - ETA: 0s - loss: 1.2067 - accuracy: 0.5593
 72/196 [==========>...................] - ETA: 0s - loss: 1.2084 - accuracy: 0.5565
 83/196 [===========>..................] - ETA: 0s - loss: 1.2111 - accuracy: 0.5540
 94/196 [=============>................] - ETA: 0s - loss: 1.2135 - accuracy: 0.5526
105/196 [===============>..............] - ETA: 0s - loss: 1.2137 - accuracy: 0.5520
116/196 [================>.............] - ETA: 0s - loss: 1.2147 - accuracy: 0.5517
127/196 [==================>...........] - ETA: 0s - loss: 1.2135 - accuracy: 0.5526
139/196 [====================>.........] - ETA: 0s - loss: 1.2137 - accuracy: 0.5522
149/196 [=====================>........] - ETA: 0s - loss: 1.2140 - accuracy: 0.5518
160/196 [=======================>......] - ETA: 0s - loss: 1.2148 - accuracy: 0.5513
171/196 [=========================>....] - ETA: 0s - loss: 1.2139 - accuracy: 0.5511
182/196 [==========================>...] - ETA: 0s - loss: 1.2164 - accuracy: 0.5502
193/196 [============================>.] - ETA: 0s - loss: 1.2157 - accuracy: 0.5502
196/196 [==============================] - 2s 8ms/step - loss: 1.2159 - accuracy: 0.5502 - val_loss: 1.1273 - val_accuracy: 0.5985
Epoch 26/142

  1/196 [..............................] - ETA: 3s - loss: 1.1313 - accuracy: 0.6016
  9/196 [>.............................] - ETA: 1s - loss: 1.2012 - accuracy: 0.5547
 20/196 [==>...........................] - ETA: 1s - loss: 1.1934 - accuracy: 0.5568
 31/196 [===>..........................] - ETA: 0s - loss: 1.2043 - accuracy: 0.5548
 41/196 [=====>........................] - ETA: 0s - loss: 1.2063 - accuracy: 0.5564
 52/196 [======>.......................] - ETA: 0s - loss: 1.2038 - accuracy: 0.5536
 63/196 [========>.....................] - ETA: 0s - loss: 1.2079 - accuracy: 0.5519
 74/196 [==========>...................] - ETA: 0s - loss: 1.2119 - accuracy: 0.5505
 84/196 [===========>..................] - ETA: 0s - loss: 1.2129 - accuracy: 0.5494
 93/196 [=============>................] - ETA: 0s - loss: 1.2107 - accuracy: 0.5514
103/196 [==============>...............] - ETA: 0s - loss: 1.2092 - accuracy: 0.5530
113/196 [================>.............] - ETA: 0s - loss: 1.2092 - accuracy: 0.5532
123/196 [=================>............] - ETA: 0s - loss: 1.2095 - accuracy: 0.5532
135/196 [===================>..........] - ETA: 0s - loss: 1.2097 - accuracy: 0.5528
146/196 [=====================>........] - ETA: 0s - loss: 1.2106 - accuracy: 0.5530
158/196 [=======================>......] - ETA: 0s - loss: 1.2138 - accuracy: 0.5513
170/196 [=========================>....] - ETA: 0s - loss: 1.2153 - accuracy: 0.5517
178/196 [==========================>...] - ETA: 0s - loss: 1.2139 - accuracy: 0.5519
187/196 [===========================>..] - ETA: 0s - loss: 1.2146 - accuracy: 0.5520
196/196 [==============================] - 2s 9ms/step - loss: 1.2142 - accuracy: 0.5527 - val_loss: 1.1262 - val_accuracy: 0.6052
Epoch 27/142

  1/196 [..............................] - ETA: 3s - loss: 1.1229 - accuracy: 0.6094
 10/196 [>.............................] - ETA: 1s - loss: 1.1479 - accuracy: 0.5813
 22/196 [==>...........................] - ETA: 1s - loss: 1.1856 - accuracy: 0.5641
 30/196 [===>..........................] - ETA: 1s - loss: 1.1992 - accuracy: 0.5618
 39/196 [====>.........................] - ETA: 0s - loss: 1.2001 - accuracy: 0.5625
 51/196 [======>.......................] - ETA: 0s - loss: 1.1975 - accuracy: 0.5618
 61/196 [========>.....................] - ETA: 0s - loss: 1.2010 - accuracy: 0.5594
 71/196 [=========>....................] - ETA: 0s - loss: 1.2042 - accuracy: 0.5572
 80/196 [===========>..................] - ETA: 0s - loss: 1.2019 - accuracy: 0.5561
 92/196 [=============>................] - ETA: 0s - loss: 1.1986 - accuracy: 0.5579
103/196 [==============>...............] - ETA: 0s - loss: 1.1971 - accuracy: 0.5592
113/196 [================>.............] - ETA: 0s - loss: 1.1947 - accuracy: 0.5599
124/196 [=================>............] - ETA: 0s - loss: 1.1949 - accuracy: 0.5605
135/196 [===================>..........] - ETA: 0s - loss: 1.1952 - accuracy: 0.5616
144/196 [=====================>........] - ETA: 0s - loss: 1.1951 - accuracy: 0.5613
154/196 [======================>.......] - ETA: 0s - loss: 1.1976 - accuracy: 0.5601
164/196 [========================>.....] - ETA: 0s - loss: 1.1972 - accuracy: 0.5604
175/196 [=========================>....] - ETA: 0s - loss: 1.1982 - accuracy: 0.5602
187/196 [===========================>..] - ETA: 0s - loss: 1.1998 - accuracy: 0.5596
196/196 [==============================] - 2s 9ms/step - loss: 1.2020 - accuracy: 0.5586 - val_loss: 1.1193 - val_accuracy: 0.6015
Epoch 28/142

  1/196 [..............................] - ETA: 2s - loss: 1.0920 - accuracy: 0.5742
 10/196 [>.............................] - ETA: 1s - loss: 1.2061 - accuracy: 0.5562
 19/196 [=>............................] - ETA: 1s - loss: 1.1976 - accuracy: 0.5576
 30/196 [===>..........................] - ETA: 1s - loss: 1.1905 - accuracy: 0.5611
 41/196 [=====>........................] - ETA: 0s - loss: 1.1961 - accuracy: 0.5583
 53/196 [=======>......................] - ETA: 0s - loss: 1.1938 - accuracy: 0.5581
 63/196 [========>.....................] - ETA: 0s - loss: 1.1932 - accuracy: 0.5592
 74/196 [==========>...................] - ETA: 0s - loss: 1.1927 - accuracy: 0.5585
 85/196 [============>.................] - ETA: 0s - loss: 1.1936 - accuracy: 0.5570
 96/196 [=============>................] - ETA: 0s - loss: 1.1914 - accuracy: 0.5582
107/196 [===============>..............] - ETA: 0s - loss: 1.1972 - accuracy: 0.5556
118/196 [=================>............] - ETA: 0s - loss: 1.1999 - accuracy: 0.5554
130/196 [==================>...........] - ETA: 0s - loss: 1.2018 - accuracy: 0.5561
141/196 [====================>.........] - ETA: 0s - loss: 1.2042 - accuracy: 0.5558
152/196 [======================>.......] - ETA: 0s - loss: 1.2050 - accuracy: 0.5547
162/196 [=======================>......] - ETA: 0s - loss: 1.2056 - accuracy: 0.5548
173/196 [=========================>....] - ETA: 0s - loss: 1.2071 - accuracy: 0.5538
185/196 [===========================>..] - ETA: 0s - loss: 1.2067 - accuracy: 0.5543
195/196 [============================>.] - ETA: 0s - loss: 1.2058 - accuracy: 0.5543
196/196 [==============================] - 2s 8ms/step - loss: 1.2057 - accuracy: 0.5542 - val_loss: 1.1108 - val_accuracy: 0.6044
Epoch 29/142

  1/196 [..............................] - ETA: 3s - loss: 1.1226 - accuracy: 0.5898
 12/196 [>.............................] - ETA: 1s - loss: 1.1976 - accuracy: 0.5752
 23/196 [==>...........................] - ETA: 0s - loss: 1.1887 - accuracy: 0.5693
 34/196 [====>.........................] - ETA: 0s - loss: 1.1813 - accuracy: 0.5674
 45/196 [=====>........................] - ETA: 0s - loss: 1.1875 - accuracy: 0.5640
 57/196 [=======>......................] - ETA: 0s - loss: 1.1906 - accuracy: 0.5616
 66/196 [=========>....................] - ETA: 0s - loss: 1.1948 - accuracy: 0.5616
 76/196 [==========>...................] - ETA: 0s - loss: 1.1949 - accuracy: 0.5618
 86/196 [============>.................] - ETA: 0s - loss: 1.1945 - accuracy: 0.5620
 95/196 [=============>................] - ETA: 0s - loss: 1.1956 - accuracy: 0.5618
104/196 [==============>...............] - ETA: 0s - loss: 1.1966 - accuracy: 0.5600
114/196 [================>.............] - ETA: 0s - loss: 1.1944 - accuracy: 0.5613
126/196 [==================>...........] - ETA: 0s - loss: 1.1958 - accuracy: 0.5604
136/196 [===================>..........] - ETA: 0s - loss: 1.1952 - accuracy: 0.5596
147/196 [=====================>........] - ETA: 0s - loss: 1.1931 - accuracy: 0.5601
157/196 [=======================>......] - ETA: 0s - loss: 1.1929 - accuracy: 0.5595
167/196 [========================>.....] - ETA: 0s - loss: 1.1915 - accuracy: 0.5605
178/196 [==========================>...] - ETA: 0s - loss: 1.1921 - accuracy: 0.5603
189/196 [===========================>..] - ETA: 0s - loss: 1.1917 - accuracy: 0.5600
196/196 [==============================] - 2s 9ms/step - loss: 1.1919 - accuracy: 0.5597 - val_loss: 1.1114 - val_accuracy: 0.6077
Epoch 30/142

  1/196 [..............................] - ETA: 3s - loss: 1.2027 - accuracy: 0.5195
 11/196 [>.............................] - ETA: 1s - loss: 1.1673 - accuracy: 0.5650
 22/196 [==>...........................] - ETA: 1s - loss: 1.1756 - accuracy: 0.5662
 32/196 [===>..........................] - ETA: 0s - loss: 1.1874 - accuracy: 0.5604
 41/196 [=====>........................] - ETA: 0s - loss: 1.1932 - accuracy: 0.5590
 52/196 [======>.......................] - ETA: 0s - loss: 1.1902 - accuracy: 0.5603
 63/196 [========>.....................] - ETA: 0s - loss: 1.1922 - accuracy: 0.5565
 73/196 [==========>...................] - ETA: 0s - loss: 1.1977 - accuracy: 0.5538
 85/196 [============>.................] - ETA: 0s - loss: 1.1986 - accuracy: 0.5525
 96/196 [=============>................] - ETA: 0s - loss: 1.1999 - accuracy: 0.5530
106/196 [===============>..............] - ETA: 0s - loss: 1.2000 - accuracy: 0.5532
117/196 [================>.............] - ETA: 0s - loss: 1.2014 - accuracy: 0.5541
128/196 [==================>...........] - ETA: 0s - loss: 1.2040 - accuracy: 0.5541
138/196 [====================>.........] - ETA: 0s - loss: 1.2044 - accuracy: 0.5536
150/196 [=====================>........] - ETA: 0s - loss: 1.2065 - accuracy: 0.5533
161/196 [=======================>......] - ETA: 0s - loss: 1.2069 - accuracy: 0.5539
171/196 [=========================>....] - ETA: 0s - loss: 1.2068 - accuracy: 0.5544
182/196 [==========================>...] - ETA: 0s - loss: 1.2062 - accuracy: 0.5542
191/196 [============================>.] - ETA: 0s - loss: 1.2037 - accuracy: 0.5555
196/196 [==============================] - 2s 8ms/step - loss: 1.2039 - accuracy: 0.5554 - val_loss: 1.1068 - val_accuracy: 0.6086
Epoch 31/142

  1/196 [..............................] - ETA: 3s - loss: 1.1850 - accuracy: 0.5781
 10/196 [>.............................] - ETA: 1s - loss: 1.1206 - accuracy: 0.5926
 21/196 [==>...........................] - ETA: 1s - loss: 1.1460 - accuracy: 0.5768
 31/196 [===>..........................] - ETA: 1s - loss: 1.1593 - accuracy: 0.5721
 43/196 [=====>........................] - ETA: 0s - loss: 1.1793 - accuracy: 0.5680
 52/196 [======>.......................] - ETA: 0s - loss: 1.1777 - accuracy: 0.5645
 63/196 [========>.....................] - ETA: 0s - loss: 1.1823 - accuracy: 0.5637
 74/196 [==========>...................] - ETA: 0s - loss: 1.1825 - accuracy: 0.5647
 85/196 [============>.................] - ETA: 0s - loss: 1.1821 - accuracy: 0.5649
 96/196 [=============>................] - ETA: 0s - loss: 1.1840 - accuracy: 0.5636
107/196 [===============>..............] - ETA: 0s - loss: 1.1849 - accuracy: 0.5630
118/196 [=================>............] - ETA: 0s - loss: 1.1835 - accuracy: 0.5617
128/196 [==================>...........] - ETA: 0s - loss: 1.1866 - accuracy: 0.5612
139/196 [====================>.........] - ETA: 0s - loss: 1.1882 - accuracy: 0.5605
150/196 [=====================>........] - ETA: 0s - loss: 1.1899 - accuracy: 0.5598
158/196 [=======================>......] - ETA: 0s - loss: 1.1913 - accuracy: 0.5589
167/196 [========================>.....] - ETA: 0s - loss: 1.1923 - accuracy: 0.5584
176/196 [=========================>....] - ETA: 0s - loss: 1.1935 - accuracy: 0.5580
185/196 [===========================>..] - ETA: 0s - loss: 1.1939 - accuracy: 0.5576
195/196 [============================>.] - ETA: 0s - loss: 1.1934 - accuracy: 0.5575
196/196 [==============================] - 2s 9ms/step - loss: 1.1938 - accuracy: 0.5573 - val_loss: 1.1124 - val_accuracy: 0.6054
Epoch 32/142

  1/196 [..............................] - ETA: 3s - loss: 1.2117 - accuracy: 0.5898
 10/196 [>.............................] - ETA: 1s - loss: 1.1744 - accuracy: 0.5723
 21/196 [==>...........................] - ETA: 1s - loss: 1.1751 - accuracy: 0.5715
 30/196 [===>..........................] - ETA: 1s - loss: 1.1826 - accuracy: 0.5642
 40/196 [=====>........................] - ETA: 1s - loss: 1.1823 - accuracy: 0.5646
 50/196 [======>.......................] - ETA: 0s - loss: 1.1853 - accuracy: 0.5646
 61/196 [========>.....................] - ETA: 0s - loss: 1.1903 - accuracy: 0.5636
 72/196 [==========>...................] - ETA: 0s - loss: 1.1908 - accuracy: 0.5641
 83/196 [===========>..................] - ETA: 0s - loss: 1.1938 - accuracy: 0.5636
 92/196 [=============>................] - ETA: 0s - loss: 1.1880 - accuracy: 0.5649
102/196 [==============>...............] - ETA: 0s - loss: 1.1860 - accuracy: 0.5643
112/196 [================>.............] - ETA: 0s - loss: 1.1880 - accuracy: 0.5645
123/196 [=================>............] - ETA: 0s - loss: 1.1919 - accuracy: 0.5627
132/196 [===================>..........] - ETA: 0s - loss: 1.1912 - accuracy: 0.5621
141/196 [====================>.........] - ETA: 0s - loss: 1.1902 - accuracy: 0.5622
152/196 [======================>.......] - ETA: 0s - loss: 1.1901 - accuracy: 0.5618
163/196 [=======================>......] - ETA: 0s - loss: 1.1928 - accuracy: 0.5617
174/196 [=========================>....] - ETA: 0s - loss: 1.1916 - accuracy: 0.5616
185/196 [===========================>..] - ETA: 0s - loss: 1.1925 - accuracy: 0.5608
196/196 [==============================] - 2s 8ms/step - loss: 1.1944 - accuracy: 0.5609 - val_loss: 1.1128 - val_accuracy: 0.6077
Epoch 33/142

  1/196 [..............................] - ETA: 0s - loss: 1.1059 - accuracy: 0.5781
  9/196 [>.............................] - ETA: 1s - loss: 1.1470 - accuracy: 0.5786
 20/196 [==>...........................] - ETA: 1s - loss: 1.1785 - accuracy: 0.5674
 31/196 [===>..........................] - ETA: 1s - loss: 1.1842 - accuracy: 0.5631
 41/196 [=====>........................] - ETA: 0s - loss: 1.1875 - accuracy: 0.5642
 53/196 [=======>......................] - ETA: 0s - loss: 1.1762 - accuracy: 0.5697
 63/196 [========>.....................] - ETA: 0s - loss: 1.1723 - accuracy: 0.5698
 73/196 [==========>...................] - ETA: 0s - loss: 1.1750 - accuracy: 0.5675
 84/196 [===========>..................] - ETA: 0s - loss: 1.1821 - accuracy: 0.5640
 94/196 [=============>................] - ETA: 0s - loss: 1.1808 - accuracy: 0.5642
105/196 [===============>..............] - ETA: 0s - loss: 1.1817 - accuracy: 0.5638
116/196 [================>.............] - ETA: 0s - loss: 1.1842 - accuracy: 0.5628
126/196 [==================>...........] - ETA: 0s - loss: 1.1872 - accuracy: 0.5626
137/196 [===================>..........] - ETA: 0s - loss: 1.1865 - accuracy: 0.5625
148/196 [=====================>........] - ETA: 0s - loss: 1.1884 - accuracy: 0.5616
158/196 [=======================>......] - ETA: 0s - loss: 1.1912 - accuracy: 0.5602
170/196 [=========================>....] - ETA: 0s - loss: 1.1908 - accuracy: 0.5601
180/196 [==========================>...] - ETA: 0s - loss: 1.1918 - accuracy: 0.5605
191/196 [============================>.] - ETA: 0s - loss: 1.1915 - accuracy: 0.5605
196/196 [==============================] - 2s 8ms/step - loss: 1.1925 - accuracy: 0.5606 - val_loss: 1.1020 - val_accuracy: 0.6123
Epoch 34/142

  1/196 [..............................] - ETA: 3s - loss: 1.2129 - accuracy: 0.5195
 10/196 [>.............................] - ETA: 1s - loss: 1.1834 - accuracy: 0.5527
 21/196 [==>...........................] - ETA: 1s - loss: 1.1673 - accuracy: 0.5610
 32/196 [===>..........................] - ETA: 0s - loss: 1.1477 - accuracy: 0.5709
 43/196 [=====>........................] - ETA: 0s - loss: 1.1566 - accuracy: 0.5696
 54/196 [=======>......................] - ETA: 0s - loss: 1.1595 - accuracy: 0.5693
 64/196 [========>.....................] - ETA: 0s - loss: 1.1656 - accuracy: 0.5659
 75/196 [==========>...................] - ETA: 0s - loss: 1.1631 - accuracy: 0.5660
 85/196 [============>.................] - ETA: 0s - loss: 1.1677 - accuracy: 0.5649
 96/196 [=============>................] - ETA: 0s - loss: 1.1705 - accuracy: 0.5649
107/196 [===============>..............] - ETA: 0s - loss: 1.1733 - accuracy: 0.5638
118/196 [=================>............] - ETA: 0s - loss: 1.1762 - accuracy: 0.5631
129/196 [==================>...........] - ETA: 0s - loss: 1.1746 - accuracy: 0.5650
140/196 [====================>.........] - ETA: 0s - loss: 1.1742 - accuracy: 0.5652
151/196 [======================>.......] - ETA: 0s - loss: 1.1750 - accuracy: 0.5650
159/196 [=======================>......] - ETA: 0s - loss: 1.1765 - accuracy: 0.5636
169/196 [========================>.....] - ETA: 0s - loss: 1.1789 - accuracy: 0.5626
181/196 [==========================>...] - ETA: 0s - loss: 1.1811 - accuracy: 0.5620
191/196 [============================>.] - ETA: 0s - loss: 1.1825 - accuracy: 0.5613
196/196 [==============================] - 2s 8ms/step - loss: 1.1815 - accuracy: 0.5621 - val_loss: 1.1002 - val_accuracy: 0.6112
Epoch 35/142

  1/196 [..............................] - ETA: 3s - loss: 1.0442 - accuracy: 0.6445
 12/196 [>.............................] - ETA: 1s - loss: 1.1417 - accuracy: 0.5807
 22/196 [==>...........................] - ETA: 1s - loss: 1.1521 - accuracy: 0.5756
 32/196 [===>..........................] - ETA: 0s - loss: 1.1630 - accuracy: 0.5684
 43/196 [=====>........................] - ETA: 0s - loss: 1.1617 - accuracy: 0.5731
 54/196 [=======>......................] - ETA: 0s - loss: 1.1659 - accuracy: 0.5701
 65/196 [========>.....................] - ETA: 0s - loss: 1.1730 - accuracy: 0.5679
 75/196 [==========>...................] - ETA: 0s - loss: 1.1763 - accuracy: 0.5670
 86/196 [============>.................] - ETA: 0s - loss: 1.1765 - accuracy: 0.5656
 95/196 [=============>................] - ETA: 0s - loss: 1.1793 - accuracy: 0.5660
107/196 [===============>..............] - ETA: 0s - loss: 1.1833 - accuracy: 0.5641
118/196 [=================>............] - ETA: 0s - loss: 1.1861 - accuracy: 0.5624
129/196 [==================>...........] - ETA: 0s - loss: 1.1846 - accuracy: 0.5630
140/196 [====================>.........] - ETA: 0s - loss: 1.1835 - accuracy: 0.5639
153/196 [======================>.......] - ETA: 0s - loss: 1.1835 - accuracy: 0.5646
164/196 [========================>.....] - ETA: 0s - loss: 1.1813 - accuracy: 0.5656
175/196 [=========================>....] - ETA: 0s - loss: 1.1827 - accuracy: 0.5657
187/196 [===========================>..] - ETA: 0s - loss: 1.1818 - accuracy: 0.5654
196/196 [==============================] - 2s 8ms/step - loss: 1.1806 - accuracy: 0.5661 - val_loss: 1.0925 - val_accuracy: 0.6193
Epoch 36/142

  1/196 [..............................] - ETA: 3s - loss: 1.1997 - accuracy: 0.5742
 10/196 [>.............................] - ETA: 1s - loss: 1.1545 - accuracy: 0.5695
 21/196 [==>...........................] - ETA: 1s - loss: 1.1584 - accuracy: 0.5746
 32/196 [===>..........................] - ETA: 0s - loss: 1.1642 - accuracy: 0.5684
 43/196 [=====>........................] - ETA: 0s - loss: 1.1712 - accuracy: 0.5668
 54/196 [=======>......................] - ETA: 0s - loss: 1.1721 - accuracy: 0.5651
 64/196 [========>.....................] - ETA: 0s - loss: 1.1727 - accuracy: 0.5656
 74/196 [==========>...................] - ETA: 0s - loss: 1.1733 - accuracy: 0.5640
 85/196 [============>.................] - ETA: 0s - loss: 1.1650 - accuracy: 0.5668
 96/196 [=============>................] - ETA: 0s - loss: 1.1649 - accuracy: 0.5661
107/196 [===============>..............] - ETA: 0s - loss: 1.1681 - accuracy: 0.5659
118/196 [=================>............] - ETA: 0s - loss: 1.1708 - accuracy: 0.5656
129/196 [==================>...........] - ETA: 0s - loss: 1.1709 - accuracy: 0.5651
139/196 [====================>.........] - ETA: 0s - loss: 1.1694 - accuracy: 0.5656
151/196 [======================>.......] - ETA: 0s - loss: 1.1713 - accuracy: 0.5650
162/196 [=======================>......] - ETA: 0s - loss: 1.1712 - accuracy: 0.5658
173/196 [=========================>....] - ETA: 0s - loss: 1.1705 - accuracy: 0.5662
184/196 [===========================>..] - ETA: 0s - loss: 1.1722 - accuracy: 0.5653
196/196 [==============================] - ETA: 0s - loss: 1.1750 - accuracy: 0.5640
196/196 [==============================] - 2s 8ms/step - loss: 1.1750 - accuracy: 0.5640 - val_loss: 1.1016 - val_accuracy: 0.6167
Epoch 37/142

  1/196 [..............................] - ETA: 3s - loss: 1.1609 - accuracy: 0.5312
 10/196 [>.............................] - ETA: 1s - loss: 1.1697 - accuracy: 0.5625
 21/196 [==>...........................] - ETA: 1s - loss: 1.1563 - accuracy: 0.5681
 32/196 [===>..........................] - ETA: 0s - loss: 1.1551 - accuracy: 0.5698
 42/196 [=====>........................] - ETA: 0s - loss: 1.1620 - accuracy: 0.5704
 53/196 [=======>......................] - ETA: 0s - loss: 1.1633 - accuracy: 0.5727
 65/196 [========>.....................] - ETA: 0s - loss: 1.1652 - accuracy: 0.5710
 76/196 [==========>...................] - ETA: 0s - loss: 1.1712 - accuracy: 0.5677
 87/196 [============>.................] - ETA: 0s - loss: 1.1712 - accuracy: 0.5667
 98/196 [==============>...............] - ETA: 0s - loss: 1.1747 - accuracy: 0.5664
109/196 [===============>..............] - ETA: 0s - loss: 1.1716 - accuracy: 0.5658
119/196 [=================>............] - ETA: 0s - loss: 1.1748 - accuracy: 0.5648
128/196 [==================>...........] - ETA: 0s - loss: 1.1741 - accuracy: 0.5652
139/196 [====================>.........] - ETA: 0s - loss: 1.1708 - accuracy: 0.5662
150/196 [=====================>........] - ETA: 0s - loss: 1.1700 - accuracy: 0.5671
161/196 [=======================>......] - ETA: 0s - loss: 1.1707 - accuracy: 0.5667
171/196 [=========================>....] - ETA: 0s - loss: 1.1718 - accuracy: 0.5661
181/196 [==========================>...] - ETA: 0s - loss: 1.1743 - accuracy: 0.5656
192/196 [============================>.] - ETA: 0s - loss: 1.1748 - accuracy: 0.5655
196/196 [==============================] - 2s 9ms/step - loss: 1.1747 - accuracy: 0.5656 - val_loss: 1.1199 - val_accuracy: 0.6014
Epoch 38/142

  1/196 [..............................] - ETA: 5s - loss: 1.2479 - accuracy: 0.5195
 10/196 [>.............................] - ETA: 1s - loss: 1.1876 - accuracy: 0.5691
 21/196 [==>...........................] - ETA: 0s - loss: 1.1772 - accuracy: 0.5657
 32/196 [===>..........................] - ETA: 0s - loss: 1.1669 - accuracy: 0.5720
 42/196 [=====>........................] - ETA: 0s - loss: 1.1592 - accuracy: 0.5741
 53/196 [=======>......................] - ETA: 0s - loss: 1.1624 - accuracy: 0.5727
 64/196 [========>.....................] - ETA: 0s - loss: 1.1552 - accuracy: 0.5744
 75/196 [==========>...................] - ETA: 0s - loss: 1.1560 - accuracy: 0.5732
 85/196 [============>.................] - ETA: 0s - loss: 1.1605 - accuracy: 0.5707
 96/196 [=============>................] - ETA: 0s - loss: 1.1618 - accuracy: 0.5712
107/196 [===============>..............] - ETA: 0s - loss: 1.1611 - accuracy: 0.5708
118/196 [=================>............] - ETA: 0s - loss: 1.1611 - accuracy: 0.5709
128/196 [==================>...........] - ETA: 0s - loss: 1.1609 - accuracy: 0.5701
139/196 [====================>.........] - ETA: 0s - loss: 1.1625 - accuracy: 0.5684
149/196 [=====================>........] - ETA: 0s - loss: 1.1627 - accuracy: 0.5680
160/196 [=======================>......] - ETA: 0s - loss: 1.1641 - accuracy: 0.5677
169/196 [========================>.....] - ETA: 0s - loss: 1.1658 - accuracy: 0.5667
180/196 [==========================>...] - ETA: 0s - loss: 1.1657 - accuracy: 0.5663
190/196 [============================>.] - ETA: 0s - loss: 1.1660 - accuracy: 0.5660
196/196 [==============================] - 2s 9ms/step - loss: 1.1676 - accuracy: 0.5657 - val_loss: 1.0976 - val_accuracy: 0.6128
Epoch 39/142

  1/196 [..............................] - ETA: 3s - loss: 1.1874 - accuracy: 0.5742
 10/196 [>.............................] - ETA: 1s - loss: 1.1286 - accuracy: 0.5895
 21/196 [==>...........................] - ETA: 1s - loss: 1.1578 - accuracy: 0.5701
 32/196 [===>..........................] - ETA: 0s - loss: 1.1674 - accuracy: 0.5648
 44/196 [=====>........................] - ETA: 0s - loss: 1.1661 - accuracy: 0.5650
 54/196 [=======>......................] - ETA: 0s - loss: 1.1597 - accuracy: 0.5677
 65/196 [========>.....................] - ETA: 0s - loss: 1.1602 - accuracy: 0.5691
 76/196 [==========>...................] - ETA: 0s - loss: 1.1599 - accuracy: 0.5688
 87/196 [============>.................] - ETA: 0s - loss: 1.1635 - accuracy: 0.5670
 94/196 [=============>................] - ETA: 0s - loss: 1.1643 - accuracy: 0.5674
104/196 [==============>...............] - ETA: 0s - loss: 1.1648 - accuracy: 0.5682
115/196 [================>.............] - ETA: 0s - loss: 1.1659 - accuracy: 0.5683
125/196 [==================>...........] - ETA: 0s - loss: 1.1653 - accuracy: 0.5686
136/196 [===================>..........] - ETA: 0s - loss: 1.1646 - accuracy: 0.5690
147/196 [=====================>........] - ETA: 0s - loss: 1.1647 - accuracy: 0.5696
158/196 [=======================>......] - ETA: 0s - loss: 1.1667 - accuracy: 0.5685
168/196 [========================>.....] - ETA: 0s - loss: 1.1675 - accuracy: 0.5682
180/196 [==========================>...] - ETA: 0s - loss: 1.1692 - accuracy: 0.5668
190/196 [============================>.] - ETA: 0s - loss: 1.1706 - accuracy: 0.5663
196/196 [==============================] - 2s 8ms/step - loss: 1.1706 - accuracy: 0.5661 - val_loss: 1.0869 - val_accuracy: 0.6177
Epoch 40/142

  1/196 [..............................] - ETA: 0s - loss: 1.2607 - accuracy: 0.4875
 10/196 [>.............................] - ETA: 1s - loss: 1.1894 - accuracy: 0.5579
 21/196 [==>...........................] - ETA: 1s - loss: 1.1681 - accuracy: 0.5640
 33/196 [====>.........................] - ETA: 0s - loss: 1.1682 - accuracy: 0.5631
 43/196 [=====>........................] - ETA: 0s - loss: 1.1708 - accuracy: 0.5627
 53/196 [=======>......................] - ETA: 0s - loss: 1.1697 - accuracy: 0.5638
 64/196 [========>.....................] - ETA: 0s - loss: 1.1671 - accuracy: 0.5644
 74/196 [==========>...................] - ETA: 0s - loss: 1.1621 - accuracy: 0.5658
 82/196 [===========>..................] - ETA: 0s - loss: 1.1612 - accuracy: 0.5663
 91/196 [============>.................] - ETA: 0s - loss: 1.1618 - accuracy: 0.5683
100/196 [==============>...............] - ETA: 0s - loss: 1.1596 - accuracy: 0.5688
110/196 [===============>..............] - ETA: 0s - loss: 1.1609 - accuracy: 0.5694
120/196 [=================>............] - ETA: 0s - loss: 1.1611 - accuracy: 0.5692
131/196 [===================>..........] - ETA: 0s - loss: 1.1588 - accuracy: 0.5701
139/196 [====================>.........] - ETA: 0s - loss: 1.1623 - accuracy: 0.5691
148/196 [=====================>........] - ETA: 0s - loss: 1.1618 - accuracy: 0.5691
158/196 [=======================>......] - ETA: 0s - loss: 1.1613 - accuracy: 0.5691
168/196 [========================>.....] - ETA: 0s - loss: 1.1647 - accuracy: 0.5679
177/196 [==========================>...] - ETA: 0s - loss: 1.1650 - accuracy: 0.5681
187/196 [===========================>..] - ETA: 0s - loss: 1.1643 - accuracy: 0.5683
196/196 [==============================] - 2s 9ms/step - loss: 1.1637 - accuracy: 0.5681 - val_loss: 1.1122 - val_accuracy: 0.6019
Epoch 41/142

  1/196 [..............................] - ETA: 3s - loss: 1.1642 - accuracy: 0.5898
 10/196 [>.............................] - ETA: 1s - loss: 1.1358 - accuracy: 0.5816
 20/196 [==>...........................] - ETA: 1s - loss: 1.1373 - accuracy: 0.5764
 31/196 [===>..........................] - ETA: 1s - loss: 1.1266 - accuracy: 0.5835
 40/196 [=====>........................] - ETA: 1s - loss: 1.1332 - accuracy: 0.5823
 50/196 [======>.......................] - ETA: 0s - loss: 1.1351 - accuracy: 0.5814
 60/196 [========>.....................] - ETA: 0s - loss: 1.1380 - accuracy: 0.5814
 71/196 [=========>....................] - ETA: 0s - loss: 1.1369 - accuracy: 0.5821
 81/196 [===========>..................] - ETA: 0s - loss: 1.1409 - accuracy: 0.5792
 91/196 [============>.................] - ETA: 0s - loss: 1.1407 - accuracy: 0.5798
100/196 [==============>...............] - ETA: 0s - loss: 1.1409 - accuracy: 0.5791
110/196 [===============>..............] - ETA: 0s - loss: 1.1467 - accuracy: 0.5761
120/196 [=================>............] - ETA: 0s - loss: 1.1500 - accuracy: 0.5748
130/196 [==================>...........] - ETA: 0s - loss: 1.1494 - accuracy: 0.5746
138/196 [====================>.........] - ETA: 0s - loss: 1.1503 - accuracy: 0.5744
145/196 [=====================>........] - ETA: 0s - loss: 1.1513 - accuracy: 0.5739
156/196 [======================>.......] - ETA: 0s - loss: 1.1521 - accuracy: 0.5738
164/196 [========================>.....] - ETA: 0s - loss: 1.1545 - accuracy: 0.5724
171/196 [=========================>....] - ETA: 0s - loss: 1.1568 - accuracy: 0.5718
177/196 [==========================>...] - ETA: 0s - loss: 1.1566 - accuracy: 0.5718
187/196 [===========================>..] - ETA: 0s - loss: 1.1577 - accuracy: 0.5716
196/196 [==============================] - 2s 9ms/step - loss: 1.1597 - accuracy: 0.5710 - val_loss: 1.1119 - val_accuracy: 0.6027
Epoch 42/142

  1/196 [..............................] - ETA: 3s - loss: 1.1833 - accuracy: 0.5508
 11/196 [>.............................] - ETA: 1s - loss: 1.1432 - accuracy: 0.5781
 21/196 [==>...........................] - ETA: 1s - loss: 1.1475 - accuracy: 0.5753
 32/196 [===>..........................] - ETA: 0s - loss: 1.1668 - accuracy: 0.5667
 43/196 [=====>........................] - ETA: 0s - loss: 1.1658 - accuracy: 0.5654
 53/196 [=======>......................] - ETA: 0s - loss: 1.1651 - accuracy: 0.5664
 64/196 [========>.....................] - ETA: 0s - loss: 1.1619 - accuracy: 0.5685
 72/196 [==========>...................] - ETA: 0s - loss: 1.1634 - accuracy: 0.5681
 82/196 [===========>..................] - ETA: 0s - loss: 1.1671 - accuracy: 0.5681
 90/196 [============>.................] - ETA: 0s - loss: 1.1663 - accuracy: 0.5690
100/196 [==============>...............] - ETA: 0s - loss: 1.1635 - accuracy: 0.5694
111/196 [===============>..............] - ETA: 0s - loss: 1.1651 - accuracy: 0.5691
123/196 [=================>............] - ETA: 0s - loss: 1.1664 - accuracy: 0.5690
134/196 [===================>..........] - ETA: 0s - loss: 1.1692 - accuracy: 0.5685
145/196 [=====================>........] - ETA: 0s - loss: 1.1676 - accuracy: 0.5692
157/196 [=======================>......] - ETA: 0s - loss: 1.1688 - accuracy: 0.5682
168/196 [========================>.....] - ETA: 0s - loss: 1.1667 - accuracy: 0.5687
180/196 [==========================>...] - ETA: 0s - loss: 1.1674 - accuracy: 0.5682
191/196 [============================>.] - ETA: 0s - loss: 1.1677 - accuracy: 0.5679
196/196 [==============================] - 2s 9ms/step - loss: 1.1684 - accuracy: 0.5678 - val_loss: 1.1024 - val_accuracy: 0.6101
Epoch 43/142

  1/196 [..............................] - ETA: 3s - loss: 1.1085 - accuracy: 0.5781
 10/196 [>.............................] - ETA: 1s - loss: 1.0830 - accuracy: 0.5910
 20/196 [==>...........................] - ETA: 1s - loss: 1.1226 - accuracy: 0.5779
 30/196 [===>..........................] - ETA: 1s - loss: 1.1373 - accuracy: 0.5789
 41/196 [=====>........................] - ETA: 0s - loss: 1.1452 - accuracy: 0.5755
 50/196 [======>.......................] - ETA: 0s - loss: 1.1509 - accuracy: 0.5724
 61/196 [========>.....................] - ETA: 0s - loss: 1.1491 - accuracy: 0.5715
 71/196 [=========>....................] - ETA: 0s - loss: 1.1484 - accuracy: 0.5716
 82/196 [===========>..................] - ETA: 0s - loss: 1.1513 - accuracy: 0.5709
 94/196 [=============>................] - ETA: 0s - loss: 1.1510 - accuracy: 0.5708
105/196 [===============>..............] - ETA: 0s - loss: 1.1494 - accuracy: 0.5712
115/196 [================>.............] - ETA: 0s - loss: 1.1491 - accuracy: 0.5722
126/196 [==================>...........] - ETA: 0s - loss: 1.1474 - accuracy: 0.5730
138/196 [====================>.........] - ETA: 0s - loss: 1.1499 - accuracy: 0.5726
149/196 [=====================>........] - ETA: 0s - loss: 1.1516 - accuracy: 0.5720
160/196 [=======================>......] - ETA: 0s - loss: 1.1530 - accuracy: 0.5724
171/196 [=========================>....] - ETA: 0s - loss: 1.1540 - accuracy: 0.5727
180/196 [==========================>...] - ETA: 0s - loss: 1.1540 - accuracy: 0.5728
190/196 [============================>.] - ETA: 0s - loss: 1.1526 - accuracy: 0.5729
196/196 [==============================] - 2s 8ms/step - loss: 1.1521 - accuracy: 0.5732 - val_loss: 1.1030 - val_accuracy: 0.6071
Epoch 44/142

  1/196 [..............................] - ETA: 2s - loss: 1.1122 - accuracy: 0.6016
  8/196 [>.............................] - ETA: 1s - loss: 1.1390 - accuracy: 0.5747
 17/196 [=>............................] - ETA: 1s - loss: 1.1599 - accuracy: 0.5708
 27/196 [===>..........................] - ETA: 1s - loss: 1.1600 - accuracy: 0.5697
 36/196 [====>.........................] - ETA: 1s - loss: 1.1652 - accuracy: 0.5668
 44/196 [=====>........................] - ETA: 1s - loss: 1.1614 - accuracy: 0.5683
 55/196 [=======>......................] - ETA: 0s - loss: 1.1573 - accuracy: 0.5693
 66/196 [=========>....................] - ETA: 0s - loss: 1.1563 - accuracy: 0.5687
 74/196 [==========>...................] - ETA: 0s - loss: 1.1557 - accuracy: 0.5686
 84/196 [===========>..................] - ETA: 0s - loss: 1.1591 - accuracy: 0.5664
 94/196 [=============>................] - ETA: 0s - loss: 1.1539 - accuracy: 0.5694
104/196 [==============>...............] - ETA: 0s - loss: 1.1503 - accuracy: 0.5712
114/196 [================>.............] - ETA: 0s - loss: 1.1509 - accuracy: 0.5703
124/196 [=================>............] - ETA: 0s - loss: 1.1499 - accuracy: 0.5715
134/196 [===================>..........] - ETA: 0s - loss: 1.1515 - accuracy: 0.5708
145/196 [=====================>........] - ETA: 0s - loss: 1.1505 - accuracy: 0.5718
155/196 [======================>.......] - ETA: 0s - loss: 1.1532 - accuracy: 0.5709
164/196 [========================>.....] - ETA: 0s - loss: 1.1508 - accuracy: 0.5718
175/196 [=========================>....] - ETA: 0s - loss: 1.1542 - accuracy: 0.5712
186/196 [===========================>..] - ETA: 0s - loss: 1.1551 - accuracy: 0.5709
196/196 [==============================] - 2s 9ms/step - loss: 1.1590 - accuracy: 0.5690 - val_loss: 1.1209 - val_accuracy: 0.6027
Epoch 45/142

  1/196 [..............................] - ETA: 3s - loss: 1.1270 - accuracy: 0.5898
 11/196 [>.............................] - ETA: 1s - loss: 1.1434 - accuracy: 0.5831
 23/196 [==>...........................] - ETA: 0s - loss: 1.1327 - accuracy: 0.5861
 33/196 [====>.........................] - ETA: 0s - loss: 1.1458 - accuracy: 0.5771
 44/196 [=====>........................] - ETA: 0s - loss: 1.1413 - accuracy: 0.5776
 55/196 [=======>......................] - ETA: 0s - loss: 1.1427 - accuracy: 0.5746
 66/196 [=========>....................] - ETA: 0s - loss: 1.1453 - accuracy: 0.5736
 77/196 [==========>...................] - ETA: 0s - loss: 1.1511 - accuracy: 0.5728
 88/196 [============>.................] - ETA: 0s - loss: 1.1515 - accuracy: 0.5727
 99/196 [==============>...............] - ETA: 0s - loss: 1.1524 - accuracy: 0.5724
110/196 [===============>..............] - ETA: 0s - loss: 1.1533 - accuracy: 0.5719
120/196 [=================>............] - ETA: 0s - loss: 1.1532 - accuracy: 0.5718
130/196 [==================>...........] - ETA: 0s - loss: 1.1541 - accuracy: 0.5720
141/196 [====================>.........] - ETA: 0s - loss: 1.1563 - accuracy: 0.5710
152/196 [======================>.......] - ETA: 0s - loss: 1.1532 - accuracy: 0.5723
163/196 [=======================>......] - ETA: 0s - loss: 1.1536 - accuracy: 0.5724
174/196 [=========================>....] - ETA: 0s - loss: 1.1571 - accuracy: 0.5716
184/196 [===========================>..] - ETA: 0s - loss: 1.1569 - accuracy: 0.5716
195/196 [============================>.] - ETA: 0s - loss: 1.1544 - accuracy: 0.5726
196/196 [==============================] - 2s 8ms/step - loss: 1.1547 - accuracy: 0.5724 - val_loss: 1.0876 - val_accuracy: 0.6195
Epoch 46/142

  1/196 [..............................] - ETA: 3s - loss: 1.1513 - accuracy: 0.5547
 12/196 [>.............................] - ETA: 1s - loss: 1.1331 - accuracy: 0.5846
 20/196 [==>...........................] - ETA: 1s - loss: 1.1597 - accuracy: 0.5732
 30/196 [===>..........................] - ETA: 0s - loss: 1.1582 - accuracy: 0.5689
 40/196 [=====>........................] - ETA: 0s - loss: 1.1536 - accuracy: 0.5701
 50/196 [======>.......................] - ETA: 0s - loss: 1.1482 - accuracy: 0.5702
 62/196 [========>.....................] - ETA: 0s - loss: 1.1491 - accuracy: 0.5695
 73/196 [==========>...................] - ETA: 0s - loss: 1.1492 - accuracy: 0.5705
 84/196 [===========>..................] - ETA: 0s - loss: 1.1507 - accuracy: 0.5685
 95/196 [=============>................] - ETA: 0s - loss: 1.1521 - accuracy: 0.5687
105/196 [===============>..............] - ETA: 0s - loss: 1.1510 - accuracy: 0.5701
116/196 [================>.............] - ETA: 0s - loss: 1.1511 - accuracy: 0.5708
127/196 [==================>...........] - ETA: 0s - loss: 1.1485 - accuracy: 0.5714
139/196 [====================>.........] - ETA: 0s - loss: 1.1460 - accuracy: 0.5726
150/196 [=====================>........] - ETA: 0s - loss: 1.1499 - accuracy: 0.5717
162/196 [=======================>......] - ETA: 0s - loss: 1.1510 - accuracy: 0.5721
173/196 [=========================>....] - ETA: 0s - loss: 1.1517 - accuracy: 0.5723
184/196 [===========================>..] - ETA: 0s - loss: 1.1522 - accuracy: 0.5719
195/196 [============================>.] - ETA: 0s - loss: 1.1529 - accuracy: 0.5718
196/196 [==============================] - 2s 8ms/step - loss: 1.1533 - accuracy: 0.5717 - val_loss: 1.1165 - val_accuracy: 0.6042
Epoch 46: early stopping

  1/313 [..............................] - ETA: 4s - loss: 0.7640 - accuracy: 0.6875
 30/313 [=>............................] - ETA: 0s - loss: 1.0909 - accuracy: 0.6000
 65/313 [=====>........................] - ETA: 0s - loss: 1.0867 - accuracy: 0.6038
101/313 [========>.....................] - ETA: 0s - loss: 1.0972 - accuracy: 0.6083
136/313 [============>.................] - ETA: 0s - loss: 1.1080 - accuracy: 0.6043
174/313 [===============>..............] - ETA: 0s - loss: 1.1073 - accuracy: 0.6072
209/313 [===================>..........] - ETA: 0s - loss: 1.1120 - accuracy: 0.6072
244/313 [======================>.......] - ETA: 0s - loss: 1.1094 - accuracy: 0.6089
279/313 [=========================>....] - ETA: 0s - loss: 1.1164 - accuracy: 0.6057
313/313 [==============================] - ETA: 0s - loss: 1.1165 - accuracy: 0.6042
313/313 [==============================] - 1s 2ms/step - loss: 1.1165 - accuracy: 0.6042
