2024-07-26 01:57:31.923798: I tensorflow/core/platform/cpu_feature_guard.cc:193] This TensorFlow binary is optimized with oneAPI Deep Neural Network Library (oneDNN) to use the following CPU instructions in performance-critical operations:  AVX AVX2
To enable them in other operations, rebuild TensorFlow with the appropriate compiler flags.
2024-07-26 01:57:32.718373: I tensorflow/core/common_runtime/gpu/gpu_device.cc:1616] Created device /job:localhost/replica:0/task:0/device:GPU:0 with 6656 MB memory:  -> device: 0, name: NVIDIA GeForce RTX 4060 Ti, pci bus id: 0000:01:00.0, compute capability: 8.9
1 Physical GPUs, 1 Logical GPUs
Model: "sequential"
_________________________________________________________________
 Layer (type)                Output Shape              Param #   
=================================================================
 conv2d (Conv2D)             (None, 32, 32, 32)        896       
                                                                 
 max_pooling2d (MaxPooling2D  (None, 16, 16, 32)       0         
 )                                                               
                                                                 
 batch_normalization (BatchN  (None, 16, 16, 32)       128       
 ormalization)                                                   
                                                                 
 conv2d_1 (Conv2D)           (None, 16, 16, 32)        82976     
                                                                 
 max_pooling2d_1 (MaxPooling  (None, 8, 8, 32)         0         
 2D)                                                             
                                                                 
 batch_normalization_1 (Batc  (None, 8, 8, 32)         128       
 hNormalization)                                                 
                                                                 
 dropout (Dropout)           (None, 8, 8, 32)          0         
                                                                 
 flatten (Flatten)           (None, 2048)              0         
                                                                 
 dense (Dense)               (None, 10)                20490     
                                                                 
=================================================================
Total params: 104,618
Trainable params: 104,490
Non-trainable params: 128
_________________________________________________________________
Taxa de aprendizado:  0.01 Num de épocas:  161 Tamanho do lote:  128 Dropout:  0.24
Epoch 1/161
2024-07-26 01:57:34.315022: I tensorflow/stream_executor/cuda/cuda_dnn.cc:384] Loaded cuDNN version 8100
2024-07-26 01:57:35.559660: W tensorflow/stream_executor/gpu/redzone_allocator.cc:314] INTERNAL: ptxas exited with non-zero error code -1, output: 
Relying on driver to perform ptx compilation. 
Modify $PATH to customize ptxas location.
This message will be only logged once.
2024-07-26 01:57:36.786664: I tensorflow/stream_executor/cuda/cuda_blas.cc:1614] TensorFloat-32 will be used for the matrix multiplication. This will only be logged once.

  1/391 [..............................] - ETA: 27:13 - loss: 3.0434 - accuracy: 0.1016
  8/391 [..............................] - ETA: 3s - loss: 4.0531 - accuracy: 0.1826   
 14/391 [>.............................] - ETA: 3s - loss: 3.7295 - accuracy: 0.2076
 20/391 [>.............................] - ETA: 3s - loss: 3.5034 - accuracy: 0.2238
 26/391 [>.............................] - ETA: 3s - loss: 3.3313 - accuracy: 0.2377
 32/391 [=>............................] - ETA: 3s - loss: 3.1600 - accuracy: 0.2563
 37/391 [=>............................] - ETA: 3s - loss: 3.0671 - accuracy: 0.2673
 44/391 [==>...........................] - ETA: 3s - loss: 2.9468 - accuracy: 0.2779
 50/391 [==>...........................] - ETA: 3s - loss: 2.8616 - accuracy: 0.2867
 56/391 [===>..........................] - ETA: 3s - loss: 2.7985 - accuracy: 0.2932
 62/391 [===>..........................] - ETA: 3s - loss: 2.7278 - accuracy: 0.3003
 68/391 [====>.........................] - ETA: 3s - loss: 2.6625 - accuracy: 0.3082
 74/391 [====>.........................] - ETA: 3s - loss: 2.6100 - accuracy: 0.3158
 80/391 [=====>........................] - ETA: 3s - loss: 2.5555 - accuracy: 0.3216
 87/391 [=====>........................] - ETA: 3s - loss: 2.4918 - accuracy: 0.3295
 93/391 [======>.......................] - ETA: 3s - loss: 2.4397 - accuracy: 0.3359
 97/391 [======>.......................] - ETA: 3s - loss: 2.4092 - accuracy: 0.3384
103/391 [======>.......................] - ETA: 2s - loss: 2.3681 - accuracy: 0.3431
109/391 [=======>......................] - ETA: 2s - loss: 2.3256 - accuracy: 0.3496
116/391 [=======>......................] - ETA: 2s - loss: 2.2824 - accuracy: 0.3555
122/391 [========>.....................] - ETA: 2s - loss: 2.2440 - accuracy: 0.3607
128/391 [========>.....................] - ETA: 2s - loss: 2.2065 - accuracy: 0.3674
134/391 [=========>....................] - ETA: 2s - loss: 2.1703 - accuracy: 0.3731
140/391 [=========>....................] - ETA: 2s - loss: 2.1388 - accuracy: 0.3790
146/391 [==========>...................] - ETA: 2s - loss: 2.1098 - accuracy: 0.3839
152/391 [==========>...................] - ETA: 2s - loss: 2.0832 - accuracy: 0.3878
158/391 [===========>..................] - ETA: 2s - loss: 2.0582 - accuracy: 0.3926
164/391 [===========>..................] - ETA: 2s - loss: 2.0329 - accuracy: 0.3969
170/391 [============>.................] - ETA: 2s - loss: 2.0101 - accuracy: 0.4005
174/391 [============>.................] - ETA: 2s - loss: 1.9988 - accuracy: 0.4014
181/391 [============>.................] - ETA: 2s - loss: 1.9736 - accuracy: 0.4056
187/391 [=============>................] - ETA: 2s - loss: 1.9556 - accuracy: 0.4088
193/391 [=============>................] - ETA: 2s - loss: 1.9383 - accuracy: 0.4116
199/391 [==============>...............] - ETA: 1s - loss: 1.9194 - accuracy: 0.4161
206/391 [==============>...............] - ETA: 1s - loss: 1.9005 - accuracy: 0.4193
212/391 [===============>..............] - ETA: 1s - loss: 1.8848 - accuracy: 0.4220
214/391 [===============>..............] - ETA: 1s - loss: 1.8804 - accuracy: 0.4228
220/391 [===============>..............] - ETA: 1s - loss: 1.8643 - accuracy: 0.4262
226/391 [================>.............] - ETA: 1s - loss: 1.8503 - accuracy: 0.4287
233/391 [================>.............] - ETA: 1s - loss: 1.8323 - accuracy: 0.4322
239/391 [=================>............] - ETA: 1s - loss: 1.8192 - accuracy: 0.4348
245/391 [=================>............] - ETA: 1s - loss: 1.8070 - accuracy: 0.4376
251/391 [==================>...........] - ETA: 1s - loss: 1.7958 - accuracy: 0.4397
257/391 [==================>...........] - ETA: 1s - loss: 1.7836 - accuracy: 0.4426
263/391 [===================>..........] - ETA: 1s - loss: 1.7717 - accuracy: 0.4452
269/391 [===================>..........] - ETA: 1s - loss: 1.7598 - accuracy: 0.4479
275/391 [====================>.........] - ETA: 1s - loss: 1.7482 - accuracy: 0.4508
281/391 [====================>.........] - ETA: 1s - loss: 1.7366 - accuracy: 0.4530
287/391 [=====================>........] - ETA: 1s - loss: 1.7269 - accuracy: 0.4549
293/391 [=====================>........] - ETA: 1s - loss: 1.7169 - accuracy: 0.4573
298/391 [=====================>........] - ETA: 0s - loss: 1.7095 - accuracy: 0.4591
303/391 [======================>.......] - ETA: 0s - loss: 1.7009 - accuracy: 0.4611
309/391 [======================>.......] - ETA: 0s - loss: 1.6902 - accuracy: 0.4636
315/391 [=======================>......] - ETA: 0s - loss: 1.6813 - accuracy: 0.4655
321/391 [=======================>......] - ETA: 0s - loss: 1.6734 - accuracy: 0.4672
327/391 [========================>.....] - ETA: 0s - loss: 1.6660 - accuracy: 0.4684
333/391 [========================>.....] - ETA: 0s - loss: 1.6573 - accuracy: 0.4703
339/391 [=========================>....] - ETA: 0s - loss: 1.6490 - accuracy: 0.4721
345/391 [=========================>....] - ETA: 0s - loss: 1.6414 - accuracy: 0.4737
351/391 [=========================>....] - ETA: 0s - loss: 1.6327 - accuracy: 0.4758
357/391 [==========================>...] - ETA: 0s - loss: 1.6245 - accuracy: 0.4778
363/391 [==========================>...] - ETA: 0s - loss: 1.6164 - accuracy: 0.4801
369/391 [===========================>..] - ETA: 0s - loss: 1.6100 - accuracy: 0.4815
375/391 [===========================>..] - ETA: 0s - loss: 1.6028 - accuracy: 0.4830
381/391 [============================>.] - ETA: 0s - loss: 1.5965 - accuracy: 0.4844
389/391 [============================>.] - ETA: 0s - loss: 1.5879 - accuracy: 0.4867
391/391 [==============================] - 10s 14ms/step - loss: 1.5851 - accuracy: 0.4876 - val_loss: 1.5268 - val_accuracy: 0.4290
Epoch 2/161

  1/391 [..............................] - ETA: 6s - loss: 1.1096 - accuracy: 0.6094
  6/391 [..............................] - ETA: 4s - loss: 1.1225 - accuracy: 0.6133
 12/391 [..............................] - ETA: 4s - loss: 1.0979 - accuracy: 0.6113
 18/391 [>.............................] - ETA: 4s - loss: 1.0946 - accuracy: 0.6181
 23/391 [>.............................] - ETA: 4s - loss: 1.1127 - accuracy: 0.6148
 29/391 [=>............................] - ETA: 4s - loss: 1.1045 - accuracy: 0.6180
 35/391 [=>............................] - ETA: 3s - loss: 1.1132 - accuracy: 0.6109
 41/391 [==>...........................] - ETA: 3s - loss: 1.1037 - accuracy: 0.6124
 47/391 [==>...........................] - ETA: 3s - loss: 1.1004 - accuracy: 0.6160
 53/391 [===>..........................] - ETA: 3s - loss: 1.0958 - accuracy: 0.6173
 60/391 [===>..........................] - ETA: 3s - loss: 1.0949 - accuracy: 0.6150
 66/391 [====>.........................] - ETA: 3s - loss: 1.0918 - accuracy: 0.6160
 72/391 [====>.........................] - ETA: 3s - loss: 1.0885 - accuracy: 0.6168
 78/391 [====>.........................] - ETA: 3s - loss: 1.0933 - accuracy: 0.6157
 83/391 [=====>........................] - ETA: 3s - loss: 1.0937 - accuracy: 0.6167
 89/391 [=====>........................] - ETA: 3s - loss: 1.0931 - accuracy: 0.6183
 94/391 [======>.......................] - ETA: 3s - loss: 1.0962 - accuracy: 0.6174
100/391 [======>.......................] - ETA: 3s - loss: 1.0970 - accuracy: 0.6167
106/391 [=======>......................] - ETA: 3s - loss: 1.0965 - accuracy: 0.6165
112/391 [=======>......................] - ETA: 2s - loss: 1.0938 - accuracy: 0.6180
118/391 [========>.....................] - ETA: 2s - loss: 1.0943 - accuracy: 0.6177
125/391 [========>.....................] - ETA: 2s - loss: 1.0920 - accuracy: 0.6185
131/391 [=========>....................] - ETA: 2s - loss: 1.0929 - accuracy: 0.6184
137/391 [=========>....................] - ETA: 2s - loss: 1.0909 - accuracy: 0.6187
143/391 [=========>....................] - ETA: 2s - loss: 1.0890 - accuracy: 0.6183
149/391 [==========>...................] - ETA: 2s - loss: 1.0890 - accuracy: 0.6188
155/391 [==========>...................] - ETA: 2s - loss: 1.0892 - accuracy: 0.6189
160/391 [===========>..................] - ETA: 2s - loss: 1.0869 - accuracy: 0.6198
167/391 [===========>..................] - ETA: 2s - loss: 1.0897 - accuracy: 0.6191
173/391 [============>.................] - ETA: 2s - loss: 1.0884 - accuracy: 0.6199
179/391 [============>.................] - ETA: 2s - loss: 1.0872 - accuracy: 0.6205
185/391 [=============>................] - ETA: 2s - loss: 1.0866 - accuracy: 0.6207
190/391 [=============>................] - ETA: 2s - loss: 1.0877 - accuracy: 0.6203
196/391 [==============>...............] - ETA: 2s - loss: 1.0849 - accuracy: 0.6213
202/391 [==============>...............] - ETA: 1s - loss: 1.0860 - accuracy: 0.6207
208/391 [==============>...............] - ETA: 1s - loss: 1.0863 - accuracy: 0.6206
214/391 [===============>..............] - ETA: 1s - loss: 1.0847 - accuracy: 0.6211
220/391 [===============>..............] - ETA: 1s - loss: 1.0842 - accuracy: 0.6213
225/391 [================>.............] - ETA: 1s - loss: 1.0858 - accuracy: 0.6209
231/391 [================>.............] - ETA: 1s - loss: 1.0866 - accuracy: 0.6205
237/391 [=================>............] - ETA: 1s - loss: 1.0861 - accuracy: 0.6207
243/391 [=================>............] - ETA: 1s - loss: 1.0856 - accuracy: 0.6207
249/391 [==================>...........] - ETA: 1s - loss: 1.0839 - accuracy: 0.6211
255/391 [==================>...........] - ETA: 1s - loss: 1.0822 - accuracy: 0.6221
261/391 [===================>..........] - ETA: 1s - loss: 1.0818 - accuracy: 0.6223
267/391 [===================>..........] - ETA: 1s - loss: 1.0816 - accuracy: 0.6225
273/391 [===================>..........] - ETA: 1s - loss: 1.0809 - accuracy: 0.6224
279/391 [====================>.........] - ETA: 1s - loss: 1.0786 - accuracy: 0.6235
285/391 [====================>.........] - ETA: 1s - loss: 1.0772 - accuracy: 0.6235
290/391 [=====================>........] - ETA: 1s - loss: 1.0768 - accuracy: 0.6234
296/391 [=====================>........] - ETA: 0s - loss: 1.0754 - accuracy: 0.6242
302/391 [======================>.......] - ETA: 0s - loss: 1.0751 - accuracy: 0.6240
307/391 [======================>.......] - ETA: 0s - loss: 1.0744 - accuracy: 0.6240
313/391 [=======================>......] - ETA: 0s - loss: 1.0753 - accuracy: 0.6239
320/391 [=======================>......] - ETA: 0s - loss: 1.0741 - accuracy: 0.6244
326/391 [========================>.....] - ETA: 0s - loss: 1.0726 - accuracy: 0.6249
332/391 [========================>.....] - ETA: 0s - loss: 1.0727 - accuracy: 0.6245
338/391 [========================>.....] - ETA: 0s - loss: 1.0721 - accuracy: 0.6246
344/391 [=========================>....] - ETA: 0s - loss: 1.0703 - accuracy: 0.6252
350/391 [=========================>....] - ETA: 0s - loss: 1.0707 - accuracy: 0.6251
355/391 [==========================>...] - ETA: 0s - loss: 1.0696 - accuracy: 0.6253
361/391 [==========================>...] - ETA: 0s - loss: 1.0690 - accuracy: 0.6255
368/391 [===========================>..] - ETA: 0s - loss: 1.0681 - accuracy: 0.6261
374/391 [===========================>..] - ETA: 0s - loss: 1.0679 - accuracy: 0.6258
380/391 [============================>.] - ETA: 0s - loss: 1.0661 - accuracy: 0.6263
386/391 [============================>.] - ETA: 0s - loss: 1.0648 - accuracy: 0.6269
391/391 [==============================] - 5s 13ms/step - loss: 1.0633 - accuracy: 0.6277 - val_loss: 1.0425 - val_accuracy: 0.6350
Epoch 3/161

  1/391 [..............................] - ETA: 12s - loss: 0.9227 - accuracy: 0.6328
  8/391 [..............................] - ETA: 3s - loss: 0.9143 - accuracy: 0.6816 
 14/391 [>.............................] - ETA: 3s - loss: 0.9387 - accuracy: 0.6758
 20/391 [>.............................] - ETA: 3s - loss: 0.9295 - accuracy: 0.6801
 27/391 [=>............................] - ETA: 3s - loss: 0.9217 - accuracy: 0.6782
 33/391 [=>............................] - ETA: 3s - loss: 0.9242 - accuracy: 0.6790
 39/391 [=>............................] - ETA: 3s - loss: 0.9232 - accuracy: 0.6817
 45/391 [==>...........................] - ETA: 3s - loss: 0.9293 - accuracy: 0.6799
 52/391 [==>...........................] - ETA: 3s - loss: 0.9258 - accuracy: 0.6797
 58/391 [===>..........................] - ETA: 3s - loss: 0.9251 - accuracy: 0.6800
 64/391 [===>..........................] - ETA: 3s - loss: 0.9278 - accuracy: 0.6770
 70/391 [====>.........................] - ETA: 3s - loss: 0.9344 - accuracy: 0.6741
 76/391 [====>.........................] - ETA: 3s - loss: 0.9367 - accuracy: 0.6742
 82/391 [=====>........................] - ETA: 3s - loss: 0.9379 - accuracy: 0.6724
 88/391 [=====>........................] - ETA: 3s - loss: 0.9367 - accuracy: 0.6722
 95/391 [======>.......................] - ETA: 2s - loss: 0.9381 - accuracy: 0.6724
101/391 [======>.......................] - ETA: 2s - loss: 0.9402 - accuracy: 0.6719
107/391 [=======>......................] - ETA: 2s - loss: 0.9416 - accuracy: 0.6706
113/391 [=======>......................] - ETA: 2s - loss: 0.9455 - accuracy: 0.6697
119/391 [========>.....................] - ETA: 2s - loss: 0.9447 - accuracy: 0.6712
125/391 [========>.....................] - ETA: 2s - loss: 0.9475 - accuracy: 0.6699
131/391 [=========>....................] - ETA: 2s - loss: 0.9449 - accuracy: 0.6716
137/391 [=========>....................] - ETA: 2s - loss: 0.9477 - accuracy: 0.6702
143/391 [=========>....................] - ETA: 2s - loss: 0.9470 - accuracy: 0.6710
150/391 [==========>...................] - ETA: 2s - loss: 0.9475 - accuracy: 0.6702
156/391 [==========>...................] - ETA: 2s - loss: 0.9480 - accuracy: 0.6694
162/391 [===========>..................] - ETA: 2s - loss: 0.9487 - accuracy: 0.6691
168/391 [===========>..................] - ETA: 2s - loss: 0.9498 - accuracy: 0.6688
174/391 [============>.................] - ETA: 2s - loss: 0.9519 - accuracy: 0.6681
181/391 [============>.................] - ETA: 2s - loss: 0.9518 - accuracy: 0.6683
187/391 [=============>................] - ETA: 2s - loss: 0.9500 - accuracy: 0.6692
193/391 [=============>................] - ETA: 1s - loss: 0.9502 - accuracy: 0.6695
199/391 [==============>...............] - ETA: 1s - loss: 0.9492 - accuracy: 0.6696
205/391 [==============>...............] - ETA: 1s - loss: 0.9518 - accuracy: 0.6685
211/391 [===============>..............] - ETA: 1s - loss: 0.9512 - accuracy: 0.6692
217/391 [===============>..............] - ETA: 1s - loss: 0.9511 - accuracy: 0.6691
223/391 [================>.............] - ETA: 1s - loss: 0.9524 - accuracy: 0.6680
229/391 [================>.............] - ETA: 1s - loss: 0.9519 - accuracy: 0.6678
235/391 [=================>............] - ETA: 1s - loss: 0.9517 - accuracy: 0.6683
242/391 [=================>............] - ETA: 1s - loss: 0.9519 - accuracy: 0.6684
248/391 [==================>...........] - ETA: 1s - loss: 0.9516 - accuracy: 0.6686
254/391 [==================>...........] - ETA: 1s - loss: 0.9513 - accuracy: 0.6690
260/391 [==================>...........] - ETA: 1s - loss: 0.9512 - accuracy: 0.6690
266/391 [===================>..........] - ETA: 1s - loss: 0.9514 - accuracy: 0.6693
273/391 [===================>..........] - ETA: 1s - loss: 0.9510 - accuracy: 0.6695
278/391 [====================>.........] - ETA: 1s - loss: 0.9505 - accuracy: 0.6697
284/391 [====================>.........] - ETA: 1s - loss: 0.9496 - accuracy: 0.6706
291/391 [=====================>........] - ETA: 1s - loss: 0.9493 - accuracy: 0.6707
297/391 [=====================>........] - ETA: 0s - loss: 0.9497 - accuracy: 0.6708
303/391 [======================>.......] - ETA: 0s - loss: 0.9506 - accuracy: 0.6706
308/391 [======================>.......] - ETA: 0s - loss: 0.9499 - accuracy: 0.6708
314/391 [=======================>......] - ETA: 0s - loss: 0.9498 - accuracy: 0.6712
320/391 [=======================>......] - ETA: 0s - loss: 0.9490 - accuracy: 0.6712
326/391 [========================>.....] - ETA: 0s - loss: 0.9474 - accuracy: 0.6717
332/391 [========================>.....] - ETA: 0s - loss: 0.9467 - accuracy: 0.6718
338/391 [========================>.....] - ETA: 0s - loss: 0.9448 - accuracy: 0.6727
344/391 [=========================>....] - ETA: 0s - loss: 0.9445 - accuracy: 0.6728
350/391 [=========================>....] - ETA: 0s - loss: 0.9443 - accuracy: 0.6728
356/391 [==========================>...] - ETA: 0s - loss: 0.9439 - accuracy: 0.6729
362/391 [==========================>...] - ETA: 0s - loss: 0.9436 - accuracy: 0.6730
368/391 [===========================>..] - ETA: 0s - loss: 0.9432 - accuracy: 0.6732
375/391 [===========================>..] - ETA: 0s - loss: 0.9428 - accuracy: 0.6733
381/391 [============================>.] - ETA: 0s - loss: 0.9425 - accuracy: 0.6733
387/391 [============================>.] - ETA: 0s - loss: 0.9437 - accuracy: 0.6730
391/391 [==============================] - 5s 13ms/step - loss: 0.9435 - accuracy: 0.6730 - val_loss: 1.1327 - val_accuracy: 0.6135
Epoch 4/161

  1/391 [..............................] - ETA: 6s - loss: 0.7933 - accuracy: 0.7344
  6/391 [..............................] - ETA: 4s - loss: 0.8282 - accuracy: 0.7266
 12/391 [..............................] - ETA: 4s - loss: 0.8406 - accuracy: 0.7181
 18/391 [>.............................] - ETA: 4s - loss: 0.8430 - accuracy: 0.7118
 24/391 [>.............................] - ETA: 3s - loss: 0.8298 - accuracy: 0.7148
 30/391 [=>............................] - ETA: 3s - loss: 0.8328 - accuracy: 0.7107
 36/391 [=>............................] - ETA: 3s - loss: 0.8469 - accuracy: 0.7064
 42/391 [==>...........................] - ETA: 3s - loss: 0.8543 - accuracy: 0.7057
 48/391 [==>...........................] - ETA: 3s - loss: 0.8667 - accuracy: 0.7012
 54/391 [===>..........................] - ETA: 3s - loss: 0.8688 - accuracy: 0.7007
 60/391 [===>..........................] - ETA: 3s - loss: 0.8688 - accuracy: 0.7013
 66/391 [====>.........................] - ETA: 3s - loss: 0.8693 - accuracy: 0.7005
 72/391 [====>.........................] - ETA: 3s - loss: 0.8739 - accuracy: 0.6980
 78/391 [====>.........................] - ETA: 3s - loss: 0.8760 - accuracy: 0.6979
 84/391 [=====>........................] - ETA: 3s - loss: 0.8765 - accuracy: 0.6981
 90/391 [=====>........................] - ETA: 3s - loss: 0.8759 - accuracy: 0.6984
 97/391 [======>.......................] - ETA: 3s - loss: 0.8744 - accuracy: 0.6993
103/391 [======>.......................] - ETA: 3s - loss: 0.8735 - accuracy: 0.6995
109/391 [=======>......................] - ETA: 2s - loss: 0.8764 - accuracy: 0.6967
115/391 [=======>......................] - ETA: 2s - loss: 0.8722 - accuracy: 0.6982
121/391 [========>.....................] - ETA: 2s - loss: 0.8683 - accuracy: 0.6998
127/391 [========>.....................] - ETA: 2s - loss: 0.8666 - accuracy: 0.7004
133/391 [=========>....................] - ETA: 2s - loss: 0.8682 - accuracy: 0.6999
139/391 [=========>....................] - ETA: 2s - loss: 0.8688 - accuracy: 0.6998
144/391 [==========>...................] - ETA: 2s - loss: 0.8697 - accuracy: 0.6993
150/391 [==========>...................] - ETA: 2s - loss: 0.8697 - accuracy: 0.6988
156/391 [==========>...................] - ETA: 2s - loss: 0.8691 - accuracy: 0.6989
162/391 [===========>..................] - ETA: 2s - loss: 0.8673 - accuracy: 0.6995
168/391 [===========>..................] - ETA: 2s - loss: 0.8670 - accuracy: 0.6991
174/391 [============>.................] - ETA: 2s - loss: 0.8680 - accuracy: 0.6993
180/391 [============>.................] - ETA: 2s - loss: 0.8705 - accuracy: 0.6984
186/391 [=============>................] - ETA: 2s - loss: 0.8709 - accuracy: 0.6983
192/391 [=============>................] - ETA: 2s - loss: 0.8716 - accuracy: 0.6977
198/391 [==============>...............] - ETA: 2s - loss: 0.8723 - accuracy: 0.6978
204/391 [==============>...............] - ETA: 1s - loss: 0.8731 - accuracy: 0.6976
210/391 [===============>..............] - ETA: 1s - loss: 0.8740 - accuracy: 0.6975
216/391 [===============>..............] - ETA: 1s - loss: 0.8733 - accuracy: 0.6978
222/391 [================>.............] - ETA: 1s - loss: 0.8739 - accuracy: 0.6973
229/391 [================>.............] - ETA: 1s - loss: 0.8743 - accuracy: 0.6971
234/391 [================>.............] - ETA: 1s - loss: 0.8747 - accuracy: 0.6971
240/391 [=================>............] - ETA: 1s - loss: 0.8775 - accuracy: 0.6964
247/391 [=================>............] - ETA: 1s - loss: 0.8766 - accuracy: 0.6965
252/391 [==================>...........] - ETA: 1s - loss: 0.8765 - accuracy: 0.6964
259/391 [==================>...........] - ETA: 1s - loss: 0.8786 - accuracy: 0.6959
264/391 [===================>..........] - ETA: 1s - loss: 0.8773 - accuracy: 0.6961
271/391 [===================>..........] - ETA: 1s - loss: 0.8769 - accuracy: 0.6965
277/391 [====================>.........] - ETA: 1s - loss: 0.8758 - accuracy: 0.6967
283/391 [====================>.........] - ETA: 1s - loss: 0.8777 - accuracy: 0.6961
289/391 [=====================>........] - ETA: 1s - loss: 0.8784 - accuracy: 0.6963
295/391 [=====================>........] - ETA: 0s - loss: 0.8787 - accuracy: 0.6959
302/391 [======================>.......] - ETA: 0s - loss: 0.8770 - accuracy: 0.6963
308/391 [======================>.......] - ETA: 0s - loss: 0.8776 - accuracy: 0.6963
314/391 [=======================>......] - ETA: 0s - loss: 0.8772 - accuracy: 0.6961
320/391 [=======================>......] - ETA: 0s - loss: 0.8800 - accuracy: 0.6953
327/391 [========================>.....] - ETA: 0s - loss: 0.8818 - accuracy: 0.6949
333/391 [========================>.....] - ETA: 0s - loss: 0.8830 - accuracy: 0.6947
339/391 [=========================>....] - ETA: 0s - loss: 0.8849 - accuracy: 0.6943
345/391 [=========================>....] - ETA: 0s - loss: 0.8846 - accuracy: 0.6946
351/391 [=========================>....] - ETA: 0s - loss: 0.8840 - accuracy: 0.6946
357/391 [==========================>...] - ETA: 0s - loss: 0.8839 - accuracy: 0.6944
363/391 [==========================>...] - ETA: 0s - loss: 0.8846 - accuracy: 0.6942
370/391 [===========================>..] - ETA: 0s - loss: 0.8846 - accuracy: 0.6937
376/391 [===========================>..] - ETA: 0s - loss: 0.8846 - accuracy: 0.6937
382/391 [============================>.] - ETA: 0s - loss: 0.8838 - accuracy: 0.6939
388/391 [============================>.] - ETA: 0s - loss: 0.8834 - accuracy: 0.6942
391/391 [==============================] - 5s 13ms/step - loss: 0.8838 - accuracy: 0.6942 - val_loss: 1.0624 - val_accuracy: 0.6421
Epoch 5/161

  1/391 [..............................] - ETA: 6s - loss: 0.6317 - accuracy: 0.8047
  7/391 [..............................] - ETA: 4s - loss: 0.7821 - accuracy: 0.7333
 13/391 [..............................] - ETA: 3s - loss: 0.7952 - accuracy: 0.7272
 19/391 [>.............................] - ETA: 3s - loss: 0.7972 - accuracy: 0.7225
 25/391 [>.............................] - ETA: 3s - loss: 0.7906 - accuracy: 0.7234
 30/391 [=>............................] - ETA: 3s - loss: 0.7770 - accuracy: 0.7260
 36/391 [=>............................] - ETA: 3s - loss: 0.7850 - accuracy: 0.7248
 42/391 [==>...........................] - ETA: 3s - loss: 0.7902 - accuracy: 0.7230
 48/391 [==>...........................] - ETA: 3s - loss: 0.7875 - accuracy: 0.7261
 54/391 [===>..........................] - ETA: 3s - loss: 0.7877 - accuracy: 0.7273
 59/391 [===>..........................] - ETA: 3s - loss: 0.7884 - accuracy: 0.7274
 65/391 [===>..........................] - ETA: 3s - loss: 0.7879 - accuracy: 0.7274
 71/391 [====>.........................] - ETA: 3s - loss: 0.7877 - accuracy: 0.7276
 78/391 [====>.........................] - ETA: 3s - loss: 0.7922 - accuracy: 0.7265
 84/391 [=====>........................] - ETA: 3s - loss: 0.7924 - accuracy: 0.7247
 90/391 [=====>........................] - ETA: 3s - loss: 0.7963 - accuracy: 0.7226
 96/391 [======>.......................] - ETA: 3s - loss: 0.7963 - accuracy: 0.7230
102/391 [======>.......................] - ETA: 3s - loss: 0.7962 - accuracy: 0.7230
108/391 [=======>......................] - ETA: 2s - loss: 0.8022 - accuracy: 0.7219
114/391 [=======>......................] - ETA: 2s - loss: 0.8051 - accuracy: 0.7196
120/391 [========>.....................] - ETA: 2s - loss: 0.8060 - accuracy: 0.7188
126/391 [========>.....................] - ETA: 2s - loss: 0.8047 - accuracy: 0.7191
132/391 [=========>....................] - ETA: 2s - loss: 0.8048 - accuracy: 0.7189
138/391 [=========>....................] - ETA: 2s - loss: 0.8056 - accuracy: 0.7185
144/391 [==========>...................] - ETA: 2s - loss: 0.8059 - accuracy: 0.7184
150/391 [==========>...................] - ETA: 2s - loss: 0.8051 - accuracy: 0.7187
156/391 [==========>...................] - ETA: 2s - loss: 0.8035 - accuracy: 0.7195
162/391 [===========>..................] - ETA: 2s - loss: 0.8004 - accuracy: 0.7209
168/391 [===========>..................] - ETA: 2s - loss: 0.8021 - accuracy: 0.7201
174/391 [============>.................] - ETA: 2s - loss: 0.8027 - accuracy: 0.7196
179/391 [============>.................] - ETA: 2s - loss: 0.8050 - accuracy: 0.7188
185/391 [=============>................] - ETA: 2s - loss: 0.8056 - accuracy: 0.7188
191/391 [=============>................] - ETA: 2s - loss: 0.8050 - accuracy: 0.7189
198/391 [==============>...............] - ETA: 2s - loss: 0.8069 - accuracy: 0.7190
203/391 [==============>...............] - ETA: 1s - loss: 0.8088 - accuracy: 0.7186
209/391 [===============>..............] - ETA: 1s - loss: 0.8084 - accuracy: 0.7187
215/391 [===============>..............] - ETA: 1s - loss: 0.8106 - accuracy: 0.7178
221/391 [===============>..............] - ETA: 1s - loss: 0.8112 - accuracy: 0.7173
227/391 [================>.............] - ETA: 1s - loss: 0.8131 - accuracy: 0.7167
233/391 [================>.............] - ETA: 1s - loss: 0.8137 - accuracy: 0.7164
240/391 [=================>............] - ETA: 1s - loss: 0.8163 - accuracy: 0.7156
246/391 [=================>............] - ETA: 1s - loss: 0.8187 - accuracy: 0.7148
252/391 [==================>...........] - ETA: 1s - loss: 0.8183 - accuracy: 0.7150
258/391 [==================>...........] - ETA: 1s - loss: 0.8180 - accuracy: 0.7149
264/391 [===================>..........] - ETA: 1s - loss: 0.8194 - accuracy: 0.7144
271/391 [===================>..........] - ETA: 1s - loss: 0.8202 - accuracy: 0.7137
277/391 [====================>.........] - ETA: 1s - loss: 0.8218 - accuracy: 0.7133
283/391 [====================>.........] - ETA: 1s - loss: 0.8217 - accuracy: 0.7134
289/391 [=====================>........] - ETA: 1s - loss: 0.8221 - accuracy: 0.7132
295/391 [=====================>........] - ETA: 0s - loss: 0.8245 - accuracy: 0.7123
300/391 [======================>.......] - ETA: 0s - loss: 0.8248 - accuracy: 0.7125
306/391 [======================>.......] - ETA: 0s - loss: 0.8253 - accuracy: 0.7123
313/391 [=======================>......] - ETA: 0s - loss: 0.8260 - accuracy: 0.7120
319/391 [=======================>......] - ETA: 0s - loss: 0.8265 - accuracy: 0.7114
324/391 [=======================>......] - ETA: 0s - loss: 0.8259 - accuracy: 0.7113
331/391 [========================>.....] - ETA: 0s - loss: 0.8276 - accuracy: 0.7106
337/391 [========================>.....] - ETA: 0s - loss: 0.8284 - accuracy: 0.7100
343/391 [=========================>....] - ETA: 0s - loss: 0.8288 - accuracy: 0.7099
349/391 [=========================>....] - ETA: 0s - loss: 0.8292 - accuracy: 0.7098
355/391 [==========================>...] - ETA: 0s - loss: 0.8301 - accuracy: 0.7094
363/391 [==========================>...] - ETA: 0s - loss: 0.8315 - accuracy: 0.7092
371/391 [===========================>..] - ETA: 0s - loss: 0.8323 - accuracy: 0.7090
378/391 [============================>.] - ETA: 0s - loss: 0.8320 - accuracy: 0.7093
386/391 [============================>.] - ETA: 0s - loss: 0.8312 - accuracy: 0.7095
391/391 [==============================] - 5s 13ms/step - loss: 0.8323 - accuracy: 0.7091 - val_loss: 1.0965 - val_accuracy: 0.6444
Epoch 6/161

  1/391 [..............................] - ETA: 6s - loss: 0.6649 - accuracy: 0.7578
  6/391 [..............................] - ETA: 4s - loss: 0.7306 - accuracy: 0.7383
 12/391 [..............................] - ETA: 4s - loss: 0.7607 - accuracy: 0.7318
 19/391 [>.............................] - ETA: 3s - loss: 0.7537 - accuracy: 0.7319
 25/391 [>.............................] - ETA: 3s - loss: 0.7750 - accuracy: 0.7272
 31/391 [=>............................] - ETA: 3s - loss: 0.7861 - accuracy: 0.7215
 37/391 [=>............................] - ETA: 3s - loss: 0.7932 - accuracy: 0.7213
 43/391 [==>...........................] - ETA: 3s - loss: 0.7980 - accuracy: 0.7193
 49/391 [==>...........................] - ETA: 3s - loss: 0.7996 - accuracy: 0.7195
 55/391 [===>..........................] - ETA: 3s - loss: 0.7977 - accuracy: 0.7193
 62/391 [===>..........................] - ETA: 3s - loss: 0.7946 - accuracy: 0.7208
 68/391 [====>.........................] - ETA: 3s - loss: 0.7967 - accuracy: 0.7207
 74/391 [====>.........................] - ETA: 3s - loss: 0.7915 - accuracy: 0.7222
 80/391 [=====>........................] - ETA: 3s - loss: 0.7878 - accuracy: 0.7247
 86/391 [=====>........................] - ETA: 3s - loss: 0.7822 - accuracy: 0.7265
 92/391 [======>.......................] - ETA: 3s - loss: 0.7798 - accuracy: 0.7276
 98/391 [======>.......................] - ETA: 3s - loss: 0.7840 - accuracy: 0.7256
103/391 [======>.......................] - ETA: 3s - loss: 0.7807 - accuracy: 0.7271
109/391 [=======>......................] - ETA: 2s - loss: 0.7835 - accuracy: 0.7271
115/391 [=======>......................] - ETA: 2s - loss: 0.7852 - accuracy: 0.7269
121/391 [========>.....................] - ETA: 2s - loss: 0.7840 - accuracy: 0.7273
126/391 [========>.....................] - ETA: 2s - loss: 0.7879 - accuracy: 0.7265
131/391 [=========>....................] - ETA: 2s - loss: 0.7901 - accuracy: 0.7257
138/391 [=========>....................] - ETA: 2s - loss: 0.7926 - accuracy: 0.7244
144/391 [==========>...................] - ETA: 2s - loss: 0.7918 - accuracy: 0.7248
150/391 [==========>...................] - ETA: 2s - loss: 0.7923 - accuracy: 0.7248
156/391 [==========>...................] - ETA: 2s - loss: 0.7913 - accuracy: 0.7248
162/391 [===========>..................] - ETA: 2s - loss: 0.7904 - accuracy: 0.7252
168/391 [===========>..................] - ETA: 2s - loss: 0.7892 - accuracy: 0.7254
174/391 [============>.................] - ETA: 2s - loss: 0.7873 - accuracy: 0.7261
180/391 [============>.................] - ETA: 2s - loss: 0.7891 - accuracy: 0.7250
187/391 [=============>................] - ETA: 2s - loss: 0.7872 - accuracy: 0.7255
193/391 [=============>................] - ETA: 2s - loss: 0.7886 - accuracy: 0.7259
198/391 [==============>...............] - ETA: 2s - loss: 0.7909 - accuracy: 0.7253
205/391 [==============>...............] - ETA: 1s - loss: 0.7914 - accuracy: 0.7254
211/391 [===============>..............] - ETA: 1s - loss: 0.7908 - accuracy: 0.7256
217/391 [===============>..............] - ETA: 1s - loss: 0.7911 - accuracy: 0.7253
223/391 [================>.............] - ETA: 1s - loss: 0.7929 - accuracy: 0.7245
229/391 [================>.............] - ETA: 1s - loss: 0.7931 - accuracy: 0.7245
235/391 [=================>............] - ETA: 1s - loss: 0.7922 - accuracy: 0.7250
240/391 [=================>............] - ETA: 1s - loss: 0.7917 - accuracy: 0.7248
247/391 [=================>............] - ETA: 1s - loss: 0.7925 - accuracy: 0.7247
253/391 [==================>...........] - ETA: 1s - loss: 0.7924 - accuracy: 0.7249
259/391 [==================>...........] - ETA: 1s - loss: 0.7943 - accuracy: 0.7242
264/391 [===================>..........] - ETA: 1s - loss: 0.7951 - accuracy: 0.7242
270/391 [===================>..........] - ETA: 1s - loss: 0.7945 - accuracy: 0.7243
276/391 [====================>.........] - ETA: 1s - loss: 0.7939 - accuracy: 0.7246
282/391 [====================>.........] - ETA: 1s - loss: 0.7940 - accuracy: 0.7249
288/391 [=====================>........] - ETA: 1s - loss: 0.7951 - accuracy: 0.7245
294/391 [=====================>........] - ETA: 1s - loss: 0.7952 - accuracy: 0.7244
300/391 [======================>.......] - ETA: 0s - loss: 0.7949 - accuracy: 0.7239
306/391 [======================>.......] - ETA: 0s - loss: 0.7956 - accuracy: 0.7235
312/391 [======================>.......] - ETA: 0s - loss: 0.7968 - accuracy: 0.7233
318/391 [=======================>......] - ETA: 0s - loss: 0.7981 - accuracy: 0.7231
324/391 [=======================>......] - ETA: 0s - loss: 0.7984 - accuracy: 0.7233
330/391 [========================>.....] - ETA: 0s - loss: 0.7974 - accuracy: 0.7236
337/391 [========================>.....] - ETA: 0s - loss: 0.7973 - accuracy: 0.7236
343/391 [=========================>....] - ETA: 0s - loss: 0.7982 - accuracy: 0.7232
348/391 [=========================>....] - ETA: 0s - loss: 0.7976 - accuracy: 0.7231
355/391 [==========================>...] - ETA: 0s - loss: 0.7986 - accuracy: 0.7227
361/391 [==========================>...] - ETA: 0s - loss: 0.7983 - accuracy: 0.7225
367/391 [===========================>..] - ETA: 0s - loss: 0.7989 - accuracy: 0.7225
373/391 [===========================>..] - ETA: 0s - loss: 0.7993 - accuracy: 0.7221
379/391 [============================>.] - ETA: 0s - loss: 0.7999 - accuracy: 0.7219
385/391 [============================>.] - ETA: 0s - loss: 0.8002 - accuracy: 0.7218
391/391 [==============================] - 5s 13ms/step - loss: 0.8002 - accuracy: 0.7218 - val_loss: 1.0539 - val_accuracy: 0.6470
Epoch 7/161

  1/391 [..............................] - ETA: 6s - loss: 0.6886 - accuracy: 0.7812
  5/391 [..............................] - ETA: 5s - loss: 0.6807 - accuracy: 0.7625
 11/391 [..............................] - ETA: 4s - loss: 0.7116 - accuracy: 0.7585
 17/391 [>.............................] - ETA: 4s - loss: 0.6963 - accuracy: 0.7679
 23/391 [>.............................] - ETA: 3s - loss: 0.6964 - accuracy: 0.7666
 29/391 [=>............................] - ETA: 3s - loss: 0.6984 - accuracy: 0.7632
 35/391 [=>............................] - ETA: 3s - loss: 0.6994 - accuracy: 0.7625
 41/391 [==>...........................] - ETA: 3s - loss: 0.6965 - accuracy: 0.7649
 47/391 [==>...........................] - ETA: 3s - loss: 0.6952 - accuracy: 0.7658
 53/391 [===>..........................] - ETA: 3s - loss: 0.7111 - accuracy: 0.7587
 59/391 [===>..........................] - ETA: 3s - loss: 0.7097 - accuracy: 0.7586
 65/391 [===>..........................] - ETA: 3s - loss: 0.7170 - accuracy: 0.7558
 71/391 [====>.........................] - ETA: 3s - loss: 0.7242 - accuracy: 0.7542
 77/391 [====>.........................] - ETA: 3s - loss: 0.7211 - accuracy: 0.7543
 83/391 [=====>........................] - ETA: 3s - loss: 0.7222 - accuracy: 0.7533
 89/391 [=====>........................] - ETA: 3s - loss: 0.7190 - accuracy: 0.7537
 95/391 [======>.......................] - ETA: 3s - loss: 0.7201 - accuracy: 0.7530
101/391 [======>.......................] - ETA: 3s - loss: 0.7229 - accuracy: 0.7519
107/391 [=======>......................] - ETA: 2s - loss: 0.7243 - accuracy: 0.7510
114/391 [=======>......................] - ETA: 2s - loss: 0.7283 - accuracy: 0.7499
120/391 [========>.....................] - ETA: 2s - loss: 0.7308 - accuracy: 0.7493
126/391 [========>.....................] - ETA: 2s - loss: 0.7307 - accuracy: 0.7484
132/391 [=========>....................] - ETA: 2s - loss: 0.7292 - accuracy: 0.7492
138/391 [=========>....................] - ETA: 2s - loss: 0.7305 - accuracy: 0.7488
144/391 [==========>...................] - ETA: 2s - loss: 0.7317 - accuracy: 0.7486
150/391 [==========>...................] - ETA: 2s - loss: 0.7326 - accuracy: 0.7478
156/391 [==========>...................] - ETA: 2s - loss: 0.7338 - accuracy: 0.7472
161/391 [===========>..................] - ETA: 2s - loss: 0.7356 - accuracy: 0.7464
168/391 [===========>..................] - ETA: 2s - loss: 0.7359 - accuracy: 0.7459
174/391 [============>.................] - ETA: 2s - loss: 0.7377 - accuracy: 0.7457
181/391 [============>.................] - ETA: 2s - loss: 0.7382 - accuracy: 0.7455
187/391 [=============>................] - ETA: 2s - loss: 0.7374 - accuracy: 0.7458
193/391 [=============>................] - ETA: 2s - loss: 0.7386 - accuracy: 0.7453
199/391 [==============>...............] - ETA: 1s - loss: 0.7404 - accuracy: 0.7446
205/391 [==============>...............] - ETA: 1s - loss: 0.7415 - accuracy: 0.7442
211/391 [===============>..............] - ETA: 1s - loss: 0.7423 - accuracy: 0.7435
217/391 [===============>..............] - ETA: 1s - loss: 0.7444 - accuracy: 0.7428
223/391 [================>.............] - ETA: 1s - loss: 0.7447 - accuracy: 0.7423
229/391 [================>.............] - ETA: 1s - loss: 0.7448 - accuracy: 0.7426
235/391 [=================>............] - ETA: 1s - loss: 0.7444 - accuracy: 0.7427
241/391 [=================>............] - ETA: 1s - loss: 0.7459 - accuracy: 0.7421
247/391 [=================>............] - ETA: 1s - loss: 0.7464 - accuracy: 0.7419
253/391 [==================>...........] - ETA: 1s - loss: 0.7465 - accuracy: 0.7420
259/391 [==================>...........] - ETA: 1s - loss: 0.7461 - accuracy: 0.7423
264/391 [===================>..........] - ETA: 1s - loss: 0.7451 - accuracy: 0.7427
271/391 [===================>..........] - ETA: 1s - loss: 0.7462 - accuracy: 0.7420
277/391 [====================>.........] - ETA: 1s - loss: 0.7467 - accuracy: 0.7419
283/391 [====================>.........] - ETA: 1s - loss: 0.7473 - accuracy: 0.7419
289/391 [=====================>........] - ETA: 1s - loss: 0.7470 - accuracy: 0.7421
295/391 [=====================>........] - ETA: 0s - loss: 0.7459 - accuracy: 0.7424
300/391 [======================>.......] - ETA: 0s - loss: 0.7474 - accuracy: 0.7418
306/391 [======================>.......] - ETA: 0s - loss: 0.7475 - accuracy: 0.7417
312/391 [======================>.......] - ETA: 0s - loss: 0.7470 - accuracy: 0.7421
318/391 [=======================>......] - ETA: 0s - loss: 0.7486 - accuracy: 0.7417
324/391 [=======================>......] - ETA: 0s - loss: 0.7501 - accuracy: 0.7411
330/391 [========================>.....] - ETA: 0s - loss: 0.7523 - accuracy: 0.7399
336/391 [========================>.....] - ETA: 0s - loss: 0.7521 - accuracy: 0.7400
342/391 [=========================>....] - ETA: 0s - loss: 0.7524 - accuracy: 0.7396
348/391 [=========================>....] - ETA: 0s - loss: 0.7533 - accuracy: 0.7395
354/391 [==========================>...] - ETA: 0s - loss: 0.7541 - accuracy: 0.7395
360/391 [==========================>...] - ETA: 0s - loss: 0.7547 - accuracy: 0.7392
366/391 [===========================>..] - ETA: 0s - loss: 0.7541 - accuracy: 0.7393
372/391 [===========================>..] - ETA: 0s - loss: 0.7539 - accuracy: 0.7394
378/391 [============================>.] - ETA: 0s - loss: 0.7555 - accuracy: 0.7387
384/391 [============================>.] - ETA: 0s - loss: 0.7581 - accuracy: 0.7377
390/391 [============================>.] - ETA: 0s - loss: 0.7592 - accuracy: 0.7375
391/391 [==============================] - 5s 13ms/step - loss: 0.7592 - accuracy: 0.7375 - val_loss: 1.1002 - val_accuracy: 0.6303
Epoch 8/161

  1/391 [..............................] - ETA: 4s - loss: 0.7398 - accuracy: 0.7344
  7/391 [..............................] - ETA: 4s - loss: 0.7386 - accuracy: 0.7478
 12/391 [..............................] - ETA: 4s - loss: 0.7406 - accuracy: 0.7428
 19/391 [>.............................] - ETA: 3s - loss: 0.7255 - accuracy: 0.7471
 25/391 [>.............................] - ETA: 3s - loss: 0.7254 - accuracy: 0.7444
 31/391 [=>............................] - ETA: 3s - loss: 0.7132 - accuracy: 0.7500
 36/391 [=>............................] - ETA: 3s - loss: 0.7146 - accuracy: 0.7504
 42/391 [==>...........................] - ETA: 3s - loss: 0.7093 - accuracy: 0.7506
 48/391 [==>...........................] - ETA: 3s - loss: 0.7246 - accuracy: 0.7477
 54/391 [===>..........................] - ETA: 3s - loss: 0.7261 - accuracy: 0.7503
 60/391 [===>..........................] - ETA: 3s - loss: 0.7276 - accuracy: 0.7495
 66/391 [====>.........................] - ETA: 3s - loss: 0.7257 - accuracy: 0.7499
 72/391 [====>.........................] - ETA: 3s - loss: 0.7278 - accuracy: 0.7487
 78/391 [====>.........................] - ETA: 3s - loss: 0.7258 - accuracy: 0.7506
 84/391 [=====>........................] - ETA: 3s - loss: 0.7242 - accuracy: 0.7514
 91/391 [=====>........................] - ETA: 3s - loss: 0.7263 - accuracy: 0.7505
 97/391 [======>.......................] - ETA: 3s - loss: 0.7269 - accuracy: 0.7481
102/391 [======>.......................] - ETA: 3s - loss: 0.7288 - accuracy: 0.7469
108/391 [=======>......................] - ETA: 2s - loss: 0.7242 - accuracy: 0.7479
114/391 [=======>......................] - ETA: 2s - loss: 0.7262 - accuracy: 0.7473
121/391 [========>.....................] - ETA: 2s - loss: 0.7236 - accuracy: 0.7483
126/391 [========>.....................] - ETA: 2s - loss: 0.7209 - accuracy: 0.7493
132/391 [=========>....................] - ETA: 2s - loss: 0.7187 - accuracy: 0.7495
138/391 [=========>....................] - ETA: 2s - loss: 0.7178 - accuracy: 0.7492
144/391 [==========>...................] - ETA: 2s - loss: 0.7184 - accuracy: 0.7491
149/391 [==========>...................] - ETA: 2s - loss: 0.7188 - accuracy: 0.7490
155/391 [==========>...................] - ETA: 2s - loss: 0.7196 - accuracy: 0.7490
161/391 [===========>..................] - ETA: 2s - loss: 0.7209 - accuracy: 0.7483
167/391 [===========>..................] - ETA: 2s - loss: 0.7224 - accuracy: 0.7477
174/391 [============>.................] - ETA: 2s - loss: 0.7247 - accuracy: 0.7468
179/391 [============>.................] - ETA: 2s - loss: 0.7242 - accuracy: 0.7473
186/391 [=============>................] - ETA: 2s - loss: 0.7248 - accuracy: 0.7464
192/391 [=============>................] - ETA: 2s - loss: 0.7236 - accuracy: 0.7467
197/391 [==============>...............] - ETA: 2s - loss: 0.7228 - accuracy: 0.7471
204/391 [==============>...............] - ETA: 1s - loss: 0.7222 - accuracy: 0.7472
210/391 [===============>..............] - ETA: 1s - loss: 0.7228 - accuracy: 0.7465
215/391 [===============>..............] - ETA: 1s - loss: 0.7229 - accuracy: 0.7468
221/391 [===============>..............] - ETA: 1s - loss: 0.7230 - accuracy: 0.7467
227/391 [================>.............] - ETA: 1s - loss: 0.7229 - accuracy: 0.7468
233/391 [================>.............] - ETA: 1s - loss: 0.7222 - accuracy: 0.7471
239/391 [=================>............] - ETA: 1s - loss: 0.7241 - accuracy: 0.7467
245/391 [=================>............] - ETA: 1s - loss: 0.7242 - accuracy: 0.7466
251/391 [==================>...........] - ETA: 1s - loss: 0.7247 - accuracy: 0.7461
256/391 [==================>...........] - ETA: 1s - loss: 0.7245 - accuracy: 0.7461
262/391 [===================>..........] - ETA: 1s - loss: 0.7235 - accuracy: 0.7467
268/391 [===================>..........] - ETA: 1s - loss: 0.7236 - accuracy: 0.7466
275/391 [====================>.........] - ETA: 1s - loss: 0.7231 - accuracy: 0.7469
281/391 [====================>.........] - ETA: 1s - loss: 0.7236 - accuracy: 0.7466
287/391 [=====================>........] - ETA: 1s - loss: 0.7242 - accuracy: 0.7465
293/391 [=====================>........] - ETA: 1s - loss: 0.7245 - accuracy: 0.7466
299/391 [=====================>........] - ETA: 0s - loss: 0.7261 - accuracy: 0.7462
305/391 [======================>.......] - ETA: 0s - loss: 0.7276 - accuracy: 0.7456
311/391 [======================>.......] - ETA: 0s - loss: 0.7281 - accuracy: 0.7454
317/391 [=======================>......] - ETA: 0s - loss: 0.7279 - accuracy: 0.7455
323/391 [=======================>......] - ETA: 0s - loss: 0.7270 - accuracy: 0.7459
329/391 [========================>.....] - ETA: 0s - loss: 0.7272 - accuracy: 0.7459
335/391 [========================>.....] - ETA: 0s - loss: 0.7273 - accuracy: 0.7460
341/391 [=========================>....] - ETA: 0s - loss: 0.7273 - accuracy: 0.7458
347/391 [=========================>....] - ETA: 0s - loss: 0.7280 - accuracy: 0.7456
353/391 [==========================>...] - ETA: 0s - loss: 0.7275 - accuracy: 0.7458
359/391 [==========================>...] - ETA: 0s - loss: 0.7291 - accuracy: 0.7453
364/391 [==========================>...] - ETA: 0s - loss: 0.7290 - accuracy: 0.7451
370/391 [===========================>..] - ETA: 0s - loss: 0.7308 - accuracy: 0.7445
376/391 [===========================>..] - ETA: 0s - loss: 0.7313 - accuracy: 0.7446
382/391 [============================>.] - ETA: 0s - loss: 0.7326 - accuracy: 0.7443
387/391 [============================>.] - ETA: 0s - loss: 0.7329 - accuracy: 0.7441
391/391 [==============================] - 5s 13ms/step - loss: 0.7331 - accuracy: 0.7441 - val_loss: 0.9017 - val_accuracy: 0.6979
Epoch 9/161

  1/391 [..............................] - ETA: 6s - loss: 0.6040 - accuracy: 0.8203
  7/391 [..............................] - ETA: 3s - loss: 0.6720 - accuracy: 0.7656
 13/391 [..............................] - ETA: 3s - loss: 0.6482 - accuracy: 0.7764
 19/391 [>.............................] - ETA: 3s - loss: 0.6527 - accuracy: 0.7714
 25/391 [>.............................] - ETA: 3s - loss: 0.6543 - accuracy: 0.7691
 31/391 [=>............................] - ETA: 3s - loss: 0.6584 - accuracy: 0.7681
 37/391 [=>............................] - ETA: 3s - loss: 0.6533 - accuracy: 0.7707
 43/391 [==>...........................] - ETA: 3s - loss: 0.6632 - accuracy: 0.7665
 49/391 [==>...........................] - ETA: 3s - loss: 0.6680 - accuracy: 0.7666
 55/391 [===>..........................] - ETA: 3s - loss: 0.6698 - accuracy: 0.7652
 61/391 [===>..........................] - ETA: 3s - loss: 0.6721 - accuracy: 0.7633
 67/391 [====>.........................] - ETA: 3s - loss: 0.6818 - accuracy: 0.7606
 73/391 [====>.........................] - ETA: 3s - loss: 0.6849 - accuracy: 0.7611
 79/391 [=====>........................] - ETA: 3s - loss: 0.6866 - accuracy: 0.7607
 85/391 [=====>........................] - ETA: 3s - loss: 0.6872 - accuracy: 0.7603
 91/391 [=====>........................] - ETA: 3s - loss: 0.6903 - accuracy: 0.7596
 96/391 [======>.......................] - ETA: 3s - loss: 0.6931 - accuracy: 0.7585
101/391 [======>.......................] - ETA: 3s - loss: 0.6952 - accuracy: 0.7578
108/391 [=======>......................] - ETA: 2s - loss: 0.6978 - accuracy: 0.7571
114/391 [=======>......................] - ETA: 2s - loss: 0.6991 - accuracy: 0.7569
120/391 [========>.....................] - ETA: 2s - loss: 0.7007 - accuracy: 0.7552
126/391 [========>.....................] - ETA: 2s - loss: 0.6993 - accuracy: 0.7551
132/391 [=========>....................] - ETA: 2s - loss: 0.6978 - accuracy: 0.7554
137/391 [=========>....................] - ETA: 2s - loss: 0.6980 - accuracy: 0.7547
143/391 [=========>....................] - ETA: 2s - loss: 0.6985 - accuracy: 0.7549
149/391 [==========>...................] - ETA: 2s - loss: 0.6983 - accuracy: 0.7549
156/391 [==========>...................] - ETA: 2s - loss: 0.6979 - accuracy: 0.7548
161/391 [===========>..................] - ETA: 2s - loss: 0.7015 - accuracy: 0.7531
168/391 [===========>..................] - ETA: 2s - loss: 0.7010 - accuracy: 0.7529
174/391 [============>.................] - ETA: 2s - loss: 0.7014 - accuracy: 0.7524
180/391 [============>.................] - ETA: 2s - loss: 0.7038 - accuracy: 0.7519
185/391 [=============>................] - ETA: 2s - loss: 0.7033 - accuracy: 0.7526
192/391 [=============>................] - ETA: 2s - loss: 0.7031 - accuracy: 0.7528
198/391 [==============>...............] - ETA: 2s - loss: 0.7048 - accuracy: 0.7526
203/391 [==============>...............] - ETA: 1s - loss: 0.7049 - accuracy: 0.7525
209/391 [===============>..............] - ETA: 1s - loss: 0.7058 - accuracy: 0.7530
215/391 [===============>..............] - ETA: 1s - loss: 0.7052 - accuracy: 0.7532
221/391 [===============>..............] - ETA: 1s - loss: 0.7056 - accuracy: 0.7531
228/391 [================>.............] - ETA: 1s - loss: 0.7106 - accuracy: 0.7523
234/391 [================>.............] - ETA: 1s - loss: 0.7111 - accuracy: 0.7518
240/391 [=================>............] - ETA: 1s - loss: 0.7113 - accuracy: 0.7516
246/391 [=================>............] - ETA: 1s - loss: 0.7114 - accuracy: 0.7519
252/391 [==================>...........] - ETA: 1s - loss: 0.7111 - accuracy: 0.7520
258/391 [==================>...........] - ETA: 1s - loss: 0.7109 - accuracy: 0.7523
264/391 [===================>..........] - ETA: 1s - loss: 0.7122 - accuracy: 0.7522
270/391 [===================>..........] - ETA: 1s - loss: 0.7133 - accuracy: 0.7521
276/391 [====================>.........] - ETA: 1s - loss: 0.7139 - accuracy: 0.7516
282/391 [====================>.........] - ETA: 1s - loss: 0.7129 - accuracy: 0.7519
288/391 [=====================>........] - ETA: 1s - loss: 0.7129 - accuracy: 0.7519
294/391 [=====================>........] - ETA: 1s - loss: 0.7133 - accuracy: 0.7518
299/391 [=====================>........] - ETA: 0s - loss: 0.7141 - accuracy: 0.7517
306/391 [======================>.......] - ETA: 0s - loss: 0.7156 - accuracy: 0.7511
312/391 [======================>.......] - ETA: 0s - loss: 0.7159 - accuracy: 0.7513
318/391 [=======================>......] - ETA: 0s - loss: 0.7163 - accuracy: 0.7514
324/391 [=======================>......] - ETA: 0s - loss: 0.7179 - accuracy: 0.7512
330/391 [========================>.....] - ETA: 0s - loss: 0.7169 - accuracy: 0.7517
336/391 [========================>.....] - ETA: 0s - loss: 0.7160 - accuracy: 0.7519
342/391 [=========================>....] - ETA: 0s - loss: 0.7157 - accuracy: 0.7521
348/391 [=========================>....] - ETA: 0s - loss: 0.7166 - accuracy: 0.7517
354/391 [==========================>...] - ETA: 0s - loss: 0.7180 - accuracy: 0.7513
360/391 [==========================>...] - ETA: 0s - loss: 0.7175 - accuracy: 0.7516
366/391 [===========================>..] - ETA: 0s - loss: 0.7170 - accuracy: 0.7517
372/391 [===========================>..] - ETA: 0s - loss: 0.7168 - accuracy: 0.7516
379/391 [============================>.] - ETA: 0s - loss: 0.7175 - accuracy: 0.7515
386/391 [============================>.] - ETA: 0s - loss: 0.7165 - accuracy: 0.7515
391/391 [==============================] - 5s 13ms/step - loss: 0.7169 - accuracy: 0.7513 - val_loss: 1.0426 - val_accuracy: 0.6769
Epoch 10/161

  1/391 [..............................] - ETA: 6s - loss: 0.5550 - accuracy: 0.7734
  7/391 [..............................] - ETA: 4s - loss: 0.6220 - accuracy: 0.7846
 12/391 [..............................] - ETA: 4s - loss: 0.6092 - accuracy: 0.7865
 19/391 [>.............................] - ETA: 3s - loss: 0.6278 - accuracy: 0.7854
 25/391 [>.............................] - ETA: 3s - loss: 0.6219 - accuracy: 0.7853
 31/391 [=>............................] - ETA: 3s - loss: 0.6300 - accuracy: 0.7787
 37/391 [=>............................] - ETA: 3s - loss: 0.6270 - accuracy: 0.7812
 43/391 [==>...........................] - ETA: 3s - loss: 0.6398 - accuracy: 0.7776
 49/391 [==>...........................] - ETA: 3s - loss: 0.6381 - accuracy: 0.7763
 55/391 [===>..........................] - ETA: 3s - loss: 0.6413 - accuracy: 0.7760
 62/391 [===>..........................] - ETA: 3s - loss: 0.6438 - accuracy: 0.7732
 67/391 [====>.........................] - ETA: 3s - loss: 0.6440 - accuracy: 0.7736
 73/391 [====>.........................] - ETA: 3s - loss: 0.6476 - accuracy: 0.7740
 79/391 [=====>........................] - ETA: 3s - loss: 0.6499 - accuracy: 0.7727
 85/391 [=====>........................] - ETA: 3s - loss: 0.6559 - accuracy: 0.7712
 92/391 [======>.......................] - ETA: 3s - loss: 0.6607 - accuracy: 0.7692
 98/391 [======>.......................] - ETA: 3s - loss: 0.6618 - accuracy: 0.7681
104/391 [======>.......................] - ETA: 2s - loss: 0.6622 - accuracy: 0.7677
111/391 [=======>......................] - ETA: 2s - loss: 0.6675 - accuracy: 0.7669
117/391 [=======>......................] - ETA: 2s - loss: 0.6714 - accuracy: 0.7647
123/391 [========>.....................] - ETA: 2s - loss: 0.6718 - accuracy: 0.7647
129/391 [========>.....................] - ETA: 2s - loss: 0.6728 - accuracy: 0.7645
135/391 [=========>....................] - ETA: 2s - loss: 0.6749 - accuracy: 0.7640
141/391 [=========>....................] - ETA: 2s - loss: 0.6754 - accuracy: 0.7629
148/391 [==========>...................] - ETA: 2s - loss: 0.6768 - accuracy: 0.7625
154/391 [==========>...................] - ETA: 2s - loss: 0.6782 - accuracy: 0.7623
160/391 [===========>..................] - ETA: 2s - loss: 0.6784 - accuracy: 0.7622
166/391 [===========>..................] - ETA: 2s - loss: 0.6798 - accuracy: 0.7624
172/391 [============>.................] - ETA: 2s - loss: 0.6821 - accuracy: 0.7611
178/391 [============>.................] - ETA: 2s - loss: 0.6836 - accuracy: 0.7613
184/391 [=============>................] - ETA: 2s - loss: 0.6862 - accuracy: 0.7609
190/391 [=============>................] - ETA: 2s - loss: 0.6887 - accuracy: 0.7599
196/391 [==============>...............] - ETA: 2s - loss: 0.6895 - accuracy: 0.7597
202/391 [==============>...............] - ETA: 1s - loss: 0.6932 - accuracy: 0.7585
209/391 [===============>..............] - ETA: 1s - loss: 0.6965 - accuracy: 0.7577
215/391 [===============>..............] - ETA: 1s - loss: 0.6962 - accuracy: 0.7576
221/391 [===============>..............] - ETA: 1s - loss: 0.6970 - accuracy: 0.7577
227/391 [================>.............] - ETA: 1s - loss: 0.6963 - accuracy: 0.7577
233/391 [================>.............] - ETA: 1s - loss: 0.6969 - accuracy: 0.7578
239/391 [=================>............] - ETA: 1s - loss: 0.6968 - accuracy: 0.7577
245/391 [=================>............] - ETA: 1s - loss: 0.6971 - accuracy: 0.7571
251/391 [==================>...........] - ETA: 1s - loss: 0.6974 - accuracy: 0.7570
257/391 [==================>...........] - ETA: 1s - loss: 0.6968 - accuracy: 0.7569
263/391 [===================>..........] - ETA: 1s - loss: 0.6986 - accuracy: 0.7562
269/391 [===================>..........] - ETA: 1s - loss: 0.6990 - accuracy: 0.7561
275/391 [====================>.........] - ETA: 1s - loss: 0.7000 - accuracy: 0.7557
281/391 [====================>.........] - ETA: 1s - loss: 0.6998 - accuracy: 0.7560
287/391 [=====================>........] - ETA: 1s - loss: 0.6992 - accuracy: 0.7564
293/391 [=====================>........] - ETA: 1s - loss: 0.6997 - accuracy: 0.7562
299/391 [=====================>........] - ETA: 0s - loss: 0.7004 - accuracy: 0.7559
305/391 [======================>.......] - ETA: 0s - loss: 0.7020 - accuracy: 0.7551
311/391 [======================>.......] - ETA: 0s - loss: 0.7033 - accuracy: 0.7545
317/391 [=======================>......] - ETA: 0s - loss: 0.7031 - accuracy: 0.7543
323/391 [=======================>......] - ETA: 0s - loss: 0.7025 - accuracy: 0.7546
329/391 [========================>.....] - ETA: 0s - loss: 0.7024 - accuracy: 0.7546
335/391 [========================>.....] - ETA: 0s - loss: 0.7023 - accuracy: 0.7546
341/391 [=========================>....] - ETA: 0s - loss: 0.7024 - accuracy: 0.7546
347/391 [=========================>....] - ETA: 0s - loss: 0.7028 - accuracy: 0.7544
353/391 [==========================>...] - ETA: 0s - loss: 0.7031 - accuracy: 0.7543
359/391 [==========================>...] - ETA: 0s - loss: 0.7048 - accuracy: 0.7538
365/391 [===========================>..] - ETA: 0s - loss: 0.7051 - accuracy: 0.7537
371/391 [===========================>..] - ETA: 0s - loss: 0.7050 - accuracy: 0.7538
377/391 [===========================>..] - ETA: 0s - loss: 0.7051 - accuracy: 0.7541
383/391 [============================>.] - ETA: 0s - loss: 0.7049 - accuracy: 0.7541
389/391 [============================>.] - ETA: 0s - loss: 0.7052 - accuracy: 0.7540
391/391 [==============================] - 5s 13ms/step - loss: 0.7050 - accuracy: 0.7541 - val_loss: 0.9996 - val_accuracy: 0.6751
Epoch 11/161

  1/391 [..............................] - ETA: 6s - loss: 0.5453 - accuracy: 0.8047
  6/391 [..............................] - ETA: 4s - loss: 0.6081 - accuracy: 0.7865
 12/391 [..............................] - ETA: 4s - loss: 0.5836 - accuracy: 0.7969
 19/391 [>.............................] - ETA: 3s - loss: 0.6039 - accuracy: 0.7940
 25/391 [>.............................] - ETA: 3s - loss: 0.6079 - accuracy: 0.7912
 31/391 [=>............................] - ETA: 3s - loss: 0.6103 - accuracy: 0.7868
 37/391 [=>............................] - ETA: 3s - loss: 0.6064 - accuracy: 0.7893
 43/391 [==>...........................] - ETA: 3s - loss: 0.6260 - accuracy: 0.7836
 49/391 [==>...........................] - ETA: 3s - loss: 0.6247 - accuracy: 0.7844
 55/391 [===>..........................] - ETA: 3s - loss: 0.6254 - accuracy: 0.7830
 61/391 [===>..........................] - ETA: 3s - loss: 0.6271 - accuracy: 0.7820
 67/391 [====>.........................] - ETA: 3s - loss: 0.6296 - accuracy: 0.7817
 73/391 [====>.........................] - ETA: 3s - loss: 0.6289 - accuracy: 0.7814
 79/391 [=====>........................] - ETA: 3s - loss: 0.6271 - accuracy: 0.7816
 85/391 [=====>........................] - ETA: 3s - loss: 0.6315 - accuracy: 0.7794
 91/391 [=====>........................] - ETA: 3s - loss: 0.6343 - accuracy: 0.7794
 96/391 [======>.......................] - ETA: 3s - loss: 0.6388 - accuracy: 0.7778
102/391 [======>.......................] - ETA: 3s - loss: 0.6422 - accuracy: 0.7773
108/391 [=======>......................] - ETA: 2s - loss: 0.6450 - accuracy: 0.7772
114/391 [=======>......................] - ETA: 2s - loss: 0.6477 - accuracy: 0.7757
120/391 [========>.....................] - ETA: 2s - loss: 0.6491 - accuracy: 0.7747
126/391 [========>.....................] - ETA: 2s - loss: 0.6487 - accuracy: 0.7758
132/391 [=========>....................] - ETA: 2s - loss: 0.6505 - accuracy: 0.7753
138/391 [=========>....................] - ETA: 2s - loss: 0.6519 - accuracy: 0.7746
144/391 [==========>...................] - ETA: 2s - loss: 0.6513 - accuracy: 0.7753
150/391 [==========>...................] - ETA: 2s - loss: 0.6525 - accuracy: 0.7749
156/391 [==========>...................] - ETA: 2s - loss: 0.6537 - accuracy: 0.7746
162/391 [===========>..................] - ETA: 2s - loss: 0.6539 - accuracy: 0.7745
168/391 [===========>..................] - ETA: 2s - loss: 0.6552 - accuracy: 0.7738
174/391 [============>.................] - ETA: 2s - loss: 0.6575 - accuracy: 0.7732
180/391 [============>.................] - ETA: 2s - loss: 0.6606 - accuracy: 0.7721
185/391 [=============>................] - ETA: 2s - loss: 0.6596 - accuracy: 0.7722
191/391 [=============>................] - ETA: 2s - loss: 0.6604 - accuracy: 0.7719
197/391 [==============>...............] - ETA: 2s - loss: 0.6606 - accuracy: 0.7717
203/391 [==============>...............] - ETA: 1s - loss: 0.6605 - accuracy: 0.7711
209/391 [===============>..............] - ETA: 1s - loss: 0.6621 - accuracy: 0.7702
215/391 [===============>..............] - ETA: 1s - loss: 0.6627 - accuracy: 0.7697
221/391 [===============>..............] - ETA: 1s - loss: 0.6631 - accuracy: 0.7694
227/391 [================>.............] - ETA: 1s - loss: 0.6648 - accuracy: 0.7689
233/391 [================>.............] - ETA: 1s - loss: 0.6646 - accuracy: 0.7690
239/391 [=================>............] - ETA: 1s - loss: 0.6648 - accuracy: 0.7689
245/391 [=================>............] - ETA: 1s - loss: 0.6659 - accuracy: 0.7684
251/391 [==================>...........] - ETA: 1s - loss: 0.6664 - accuracy: 0.7679
256/391 [==================>...........] - ETA: 1s - loss: 0.6671 - accuracy: 0.7676
262/391 [===================>..........] - ETA: 1s - loss: 0.6680 - accuracy: 0.7672
269/391 [===================>..........] - ETA: 1s - loss: 0.6679 - accuracy: 0.7675
275/391 [====================>.........] - ETA: 1s - loss: 0.6702 - accuracy: 0.7667
281/391 [====================>.........] - ETA: 1s - loss: 0.6706 - accuracy: 0.7665
287/391 [=====================>........] - ETA: 1s - loss: 0.6713 - accuracy: 0.7666
293/391 [=====================>........] - ETA: 1s - loss: 0.6731 - accuracy: 0.7659
298/391 [=====================>........] - ETA: 0s - loss: 0.6742 - accuracy: 0.7657
305/391 [======================>.......] - ETA: 0s - loss: 0.6741 - accuracy: 0.7658
311/391 [======================>.......] - ETA: 0s - loss: 0.6767 - accuracy: 0.7651
317/391 [=======================>......] - ETA: 0s - loss: 0.6778 - accuracy: 0.7645
323/391 [=======================>......] - ETA: 0s - loss: 0.6783 - accuracy: 0.7645
330/391 [========================>.....] - ETA: 0s - loss: 0.6795 - accuracy: 0.7641
336/391 [========================>.....] - ETA: 0s - loss: 0.6801 - accuracy: 0.7638
341/391 [=========================>....] - ETA: 0s - loss: 0.6809 - accuracy: 0.7638
347/391 [=========================>....] - ETA: 0s - loss: 0.6819 - accuracy: 0.7635
353/391 [==========================>...] - ETA: 0s - loss: 0.6824 - accuracy: 0.7633
360/391 [==========================>...] - ETA: 0s - loss: 0.6827 - accuracy: 0.7634
366/391 [===========================>..] - ETA: 0s - loss: 0.6829 - accuracy: 0.7631
372/391 [===========================>..] - ETA: 0s - loss: 0.6830 - accuracy: 0.7630
378/391 [============================>.] - ETA: 0s - loss: 0.6833 - accuracy: 0.7629
384/391 [============================>.] - ETA: 0s - loss: 0.6831 - accuracy: 0.7630
390/391 [============================>.] - ETA: 0s - loss: 0.6838 - accuracy: 0.7627
391/391 [==============================] - 5s 13ms/step - loss: 0.6839 - accuracy: 0.7627 - val_loss: 0.9101 - val_accuracy: 0.6967
Epoch 12/161

  1/391 [..............................] - ETA: 12s - loss: 0.8481 - accuracy: 0.6875
  7/391 [..............................] - ETA: 3s - loss: 0.6312 - accuracy: 0.7812 
 14/391 [>.............................] - ETA: 3s - loss: 0.6317 - accuracy: 0.7768
 20/391 [>.............................] - ETA: 3s - loss: 0.6300 - accuracy: 0.7777
 26/391 [>.............................] - ETA: 3s - loss: 0.6178 - accuracy: 0.7834
 32/391 [=>............................] - ETA: 3s - loss: 0.6227 - accuracy: 0.7805
 38/391 [=>............................] - ETA: 3s - loss: 0.6251 - accuracy: 0.7763
 44/391 [==>...........................] - ETA: 3s - loss: 0.6207 - accuracy: 0.7768
 50/391 [==>...........................] - ETA: 3s - loss: 0.6257 - accuracy: 0.7761
 56/391 [===>..........................] - ETA: 3s - loss: 0.6317 - accuracy: 0.7753
 62/391 [===>..........................] - ETA: 3s - loss: 0.6324 - accuracy: 0.7765
 68/391 [====>.........................] - ETA: 3s - loss: 0.6395 - accuracy: 0.7742
 74/391 [====>.........................] - ETA: 3s - loss: 0.6379 - accuracy: 0.7744
 80/391 [=====>........................] - ETA: 3s - loss: 0.6404 - accuracy: 0.7740
 86/391 [=====>........................] - ETA: 3s - loss: 0.6408 - accuracy: 0.7737
 92/391 [======>.......................] - ETA: 3s - loss: 0.6412 - accuracy: 0.7741
 99/391 [======>.......................] - ETA: 2s - loss: 0.6434 - accuracy: 0.7729
105/391 [=======>......................] - ETA: 2s - loss: 0.6458 - accuracy: 0.7731
111/391 [=======>......................] - ETA: 2s - loss: 0.6495 - accuracy: 0.7717
117/391 [=======>......................] - ETA: 2s - loss: 0.6454 - accuracy: 0.7734
123/391 [========>.....................] - ETA: 2s - loss: 0.6444 - accuracy: 0.7736
129/391 [========>.....................] - ETA: 2s - loss: 0.6455 - accuracy: 0.7731
135/391 [=========>....................] - ETA: 2s - loss: 0.6459 - accuracy: 0.7733
142/391 [=========>....................] - ETA: 2s - loss: 0.6490 - accuracy: 0.7722
147/391 [==========>...................] - ETA: 2s - loss: 0.6477 - accuracy: 0.7726
154/391 [==========>...................] - ETA: 2s - loss: 0.6462 - accuracy: 0.7727
160/391 [===========>..................] - ETA: 2s - loss: 0.6488 - accuracy: 0.7716
166/391 [===========>..................] - ETA: 2s - loss: 0.6485 - accuracy: 0.7717
172/391 [============>.................] - ETA: 2s - loss: 0.6475 - accuracy: 0.7722
179/391 [============>.................] - ETA: 2s - loss: 0.6477 - accuracy: 0.7718
185/391 [=============>................] - ETA: 2s - loss: 0.6465 - accuracy: 0.7723
191/391 [=============>................] - ETA: 2s - loss: 0.6482 - accuracy: 0.7718
197/391 [==============>...............] - ETA: 1s - loss: 0.6495 - accuracy: 0.7718
203/391 [==============>...............] - ETA: 1s - loss: 0.6493 - accuracy: 0.7719
209/391 [===============>..............] - ETA: 1s - loss: 0.6505 - accuracy: 0.7716
215/391 [===============>..............] - ETA: 1s - loss: 0.6512 - accuracy: 0.7708
222/391 [================>.............] - ETA: 1s - loss: 0.6501 - accuracy: 0.7715
228/391 [================>.............] - ETA: 1s - loss: 0.6515 - accuracy: 0.7712
234/391 [================>.............] - ETA: 1s - loss: 0.6522 - accuracy: 0.7711
240/391 [=================>............] - ETA: 1s - loss: 0.6518 - accuracy: 0.7714
246/391 [=================>............] - ETA: 1s - loss: 0.6520 - accuracy: 0.7713
252/391 [==================>...........] - ETA: 1s - loss: 0.6506 - accuracy: 0.7718
258/391 [==================>...........] - ETA: 1s - loss: 0.6518 - accuracy: 0.7717
264/391 [===================>..........] - ETA: 1s - loss: 0.6534 - accuracy: 0.7714
270/391 [===================>..........] - ETA: 1s - loss: 0.6555 - accuracy: 0.7703
276/391 [====================>.........] - ETA: 1s - loss: 0.6561 - accuracy: 0.7704
282/391 [====================>.........] - ETA: 1s - loss: 0.6572 - accuracy: 0.7699
288/391 [=====================>........] - ETA: 1s - loss: 0.6589 - accuracy: 0.7695
294/391 [=====================>........] - ETA: 0s - loss: 0.6590 - accuracy: 0.7696
300/391 [======================>.......] - ETA: 0s - loss: 0.6600 - accuracy: 0.7693
306/391 [======================>.......] - ETA: 0s - loss: 0.6591 - accuracy: 0.7695
312/391 [======================>.......] - ETA: 0s - loss: 0.6596 - accuracy: 0.7691
319/391 [=======================>......] - ETA: 0s - loss: 0.6599 - accuracy: 0.7695
325/391 [=======================>......] - ETA: 0s - loss: 0.6613 - accuracy: 0.7689
332/391 [========================>.....] - ETA: 0s - loss: 0.6628 - accuracy: 0.7684
337/391 [========================>.....] - ETA: 0s - loss: 0.6634 - accuracy: 0.7680
343/391 [=========================>....] - ETA: 0s - loss: 0.6654 - accuracy: 0.7674
349/391 [=========================>....] - ETA: 0s - loss: 0.6660 - accuracy: 0.7672
355/391 [==========================>...] - ETA: 0s - loss: 0.6663 - accuracy: 0.7670
361/391 [==========================>...] - ETA: 0s - loss: 0.6672 - accuracy: 0.7669
367/391 [===========================>..] - ETA: 0s - loss: 0.6672 - accuracy: 0.7666
374/391 [===========================>..] - ETA: 0s - loss: 0.6664 - accuracy: 0.7669
380/391 [============================>.] - ETA: 0s - loss: 0.6672 - accuracy: 0.7665
386/391 [============================>.] - ETA: 0s - loss: 0.6666 - accuracy: 0.7669
391/391 [==============================] - 5s 13ms/step - loss: 0.6660 - accuracy: 0.7670 - val_loss: 1.0208 - val_accuracy: 0.6762
Epoch 13/161

  1/391 [..............................] - ETA: 6s - loss: 0.4514 - accuracy: 0.8281
  7/391 [..............................] - ETA: 3s - loss: 0.5636 - accuracy: 0.7935
 12/391 [..............................] - ETA: 4s - loss: 0.5617 - accuracy: 0.7962
 19/391 [>.............................] - ETA: 3s - loss: 0.5844 - accuracy: 0.7924
 25/391 [>.............................] - ETA: 3s - loss: 0.6156 - accuracy: 0.7806
 31/391 [=>............................] - ETA: 3s - loss: 0.6286 - accuracy: 0.7795
 37/391 [=>............................] - ETA: 3s - loss: 0.6293 - accuracy: 0.7791
 43/391 [==>...........................] - ETA: 3s - loss: 0.6267 - accuracy: 0.7802
 49/391 [==>...........................] - ETA: 3s - loss: 0.6216 - accuracy: 0.7808
 55/391 [===>..........................] - ETA: 3s - loss: 0.6200 - accuracy: 0.7814
 61/391 [===>..........................] - ETA: 3s - loss: 0.6146 - accuracy: 0.7815
 67/391 [====>.........................] - ETA: 3s - loss: 0.6135 - accuracy: 0.7808
 73/391 [====>.........................] - ETA: 3s - loss: 0.6159 - accuracy: 0.7807
 79/391 [=====>........................] - ETA: 3s - loss: 0.6169 - accuracy: 0.7797
 85/391 [=====>........................] - ETA: 3s - loss: 0.6205 - accuracy: 0.7787
 91/391 [=====>........................] - ETA: 3s - loss: 0.6216 - accuracy: 0.7786
 97/391 [======>.......................] - ETA: 3s - loss: 0.6216 - accuracy: 0.7782
103/391 [======>.......................] - ETA: 3s - loss: 0.6213 - accuracy: 0.7778
110/391 [=======>......................] - ETA: 2s - loss: 0.6236 - accuracy: 0.7770
116/391 [=======>......................] - ETA: 2s - loss: 0.6250 - accuracy: 0.7766
122/391 [========>.....................] - ETA: 2s - loss: 0.6245 - accuracy: 0.7773
127/391 [========>.....................] - ETA: 2s - loss: 0.6253 - accuracy: 0.7777
132/391 [=========>....................] - ETA: 2s - loss: 0.6263 - accuracy: 0.7778
138/391 [=========>....................] - ETA: 2s - loss: 0.6262 - accuracy: 0.7778
144/391 [==========>...................] - ETA: 2s - loss: 0.6265 - accuracy: 0.7775
150/391 [==========>...................] - ETA: 2s - loss: 0.6282 - accuracy: 0.7771
156/391 [==========>...................] - ETA: 2s - loss: 0.6315 - accuracy: 0.7762
161/391 [===========>..................] - ETA: 2s - loss: 0.6344 - accuracy: 0.7751
167/391 [===========>..................] - ETA: 2s - loss: 0.6331 - accuracy: 0.7759
174/391 [============>.................] - ETA: 2s - loss: 0.6352 - accuracy: 0.7752
180/391 [============>.................] - ETA: 2s - loss: 0.6385 - accuracy: 0.7747
185/391 [=============>................] - ETA: 2s - loss: 0.6397 - accuracy: 0.7741
192/391 [=============>................] - ETA: 2s - loss: 0.6436 - accuracy: 0.7729
198/391 [==============>...............] - ETA: 2s - loss: 0.6432 - accuracy: 0.7729
204/391 [==============>...............] - ETA: 1s - loss: 0.6449 - accuracy: 0.7723
210/391 [===============>..............] - ETA: 1s - loss: 0.6457 - accuracy: 0.7717
216/391 [===============>..............] - ETA: 1s - loss: 0.6451 - accuracy: 0.7721
222/391 [================>.............] - ETA: 1s - loss: 0.6457 - accuracy: 0.7719
228/391 [================>.............] - ETA: 1s - loss: 0.6455 - accuracy: 0.7717
234/391 [================>.............] - ETA: 1s - loss: 0.6465 - accuracy: 0.7715
239/391 [=================>............] - ETA: 1s - loss: 0.6465 - accuracy: 0.7711
245/391 [=================>............] - ETA: 1s - loss: 0.6470 - accuracy: 0.7714
251/391 [==================>...........] - ETA: 1s - loss: 0.6477 - accuracy: 0.7715
256/391 [==================>...........] - ETA: 1s - loss: 0.6476 - accuracy: 0.7712
261/391 [===================>..........] - ETA: 1s - loss: 0.6479 - accuracy: 0.7715
267/391 [===================>..........] - ETA: 1s - loss: 0.6484 - accuracy: 0.7713
273/391 [===================>..........] - ETA: 1s - loss: 0.6487 - accuracy: 0.7713
279/391 [====================>.........] - ETA: 1s - loss: 0.6489 - accuracy: 0.7711
284/391 [====================>.........] - ETA: 1s - loss: 0.6496 - accuracy: 0.7710
290/391 [=====================>........] - ETA: 1s - loss: 0.6497 - accuracy: 0.7713
296/391 [=====================>........] - ETA: 0s - loss: 0.6497 - accuracy: 0.7712
301/391 [======================>.......] - ETA: 0s - loss: 0.6507 - accuracy: 0.7712
307/391 [======================>.......] - ETA: 0s - loss: 0.6502 - accuracy: 0.7715
313/391 [=======================>......] - ETA: 0s - loss: 0.6494 - accuracy: 0.7718
319/391 [=======================>......] - ETA: 0s - loss: 0.6498 - accuracy: 0.7717
325/391 [=======================>......] - ETA: 0s - loss: 0.6505 - accuracy: 0.7718
331/391 [========================>.....] - ETA: 0s - loss: 0.6518 - accuracy: 0.7716
337/391 [========================>.....] - ETA: 0s - loss: 0.6528 - accuracy: 0.7713
343/391 [=========================>....] - ETA: 0s - loss: 0.6533 - accuracy: 0.7714
349/391 [=========================>....] - ETA: 0s - loss: 0.6532 - accuracy: 0.7716
355/391 [==========================>...] - ETA: 0s - loss: 0.6541 - accuracy: 0.7714
361/391 [==========================>...] - ETA: 0s - loss: 0.6543 - accuracy: 0.7713
367/391 [===========================>..] - ETA: 0s - loss: 0.6548 - accuracy: 0.7710
373/391 [===========================>..] - ETA: 0s - loss: 0.6557 - accuracy: 0.7708
379/391 [============================>.] - ETA: 0s - loss: 0.6549 - accuracy: 0.7711
384/391 [============================>.] - ETA: 0s - loss: 0.6554 - accuracy: 0.7708
389/391 [============================>.] - ETA: 0s - loss: 0.6563 - accuracy: 0.7707
391/391 [==============================] - 5s 13ms/step - loss: 0.6568 - accuracy: 0.7706 - val_loss: 0.9272 - val_accuracy: 0.6987
Epoch 14/161

  1/391 [..............................] - ETA: 12s - loss: 0.5030 - accuracy: 0.8438
 10/391 [..............................] - ETA: 2s - loss: 0.5453 - accuracy: 0.8000 
 15/391 [>.............................] - ETA: 3s - loss: 0.5573 - accuracy: 0.7979
 22/391 [>.............................] - ETA: 3s - loss: 0.5618 - accuracy: 0.7962
 28/391 [=>............................] - ETA: 3s - loss: 0.5598 - accuracy: 0.7974
 34/391 [=>............................] - ETA: 3s - loss: 0.5646 - accuracy: 0.7950
 40/391 [==>...........................] - ETA: 3s - loss: 0.5705 - accuracy: 0.7930
 45/391 [==>...........................] - ETA: 3s - loss: 0.5854 - accuracy: 0.7892
 51/391 [==>...........................] - ETA: 3s - loss: 0.5857 - accuracy: 0.7892
 57/391 [===>..........................] - ETA: 3s - loss: 0.5769 - accuracy: 0.7914
 63/391 [===>..........................] - ETA: 3s - loss: 0.5776 - accuracy: 0.7923
 69/391 [====>.........................] - ETA: 3s - loss: 0.5825 - accuracy: 0.7897
 75/391 [====>.........................] - ETA: 3s - loss: 0.5844 - accuracy: 0.7881
 81/391 [=====>........................] - ETA: 3s - loss: 0.5813 - accuracy: 0.7905
 87/391 [=====>........................] - ETA: 3s - loss: 0.5858 - accuracy: 0.7891
 92/391 [======>.......................] - ETA: 3s - loss: 0.5890 - accuracy: 0.7869
 98/391 [======>.......................] - ETA: 2s - loss: 0.5893 - accuracy: 0.7873
104/391 [======>.......................] - ETA: 2s - loss: 0.5943 - accuracy: 0.7859
108/391 [=======>......................] - ETA: 2s - loss: 0.5929 - accuracy: 0.7866
114/391 [=======>......................] - ETA: 2s - loss: 0.5986 - accuracy: 0.7857
119/391 [========>.....................] - ETA: 2s - loss: 0.5993 - accuracy: 0.7854
123/391 [========>.....................] - ETA: 2s - loss: 0.6011 - accuracy: 0.7849
130/391 [========>.....................] - ETA: 2s - loss: 0.6054 - accuracy: 0.7838
136/391 [=========>....................] - ETA: 2s - loss: 0.6099 - accuracy: 0.7827
142/391 [=========>....................] - ETA: 2s - loss: 0.6124 - accuracy: 0.7820
148/391 [==========>...................] - ETA: 2s - loss: 0.6124 - accuracy: 0.7819
154/391 [==========>...................] - ETA: 2s - loss: 0.6105 - accuracy: 0.7825
161/391 [===========>..................] - ETA: 2s - loss: 0.6136 - accuracy: 0.7816
167/391 [===========>..................] - ETA: 2s - loss: 0.6140 - accuracy: 0.7812
173/391 [============>.................] - ETA: 2s - loss: 0.6149 - accuracy: 0.7809
180/391 [============>.................] - ETA: 2s - loss: 0.6186 - accuracy: 0.7803
186/391 [=============>................] - ETA: 2s - loss: 0.6191 - accuracy: 0.7805
192/391 [=============>................] - ETA: 2s - loss: 0.6206 - accuracy: 0.7803
198/391 [==============>...............] - ETA: 1s - loss: 0.6216 - accuracy: 0.7802
204/391 [==============>...............] - ETA: 1s - loss: 0.6234 - accuracy: 0.7798
210/391 [===============>..............] - ETA: 1s - loss: 0.6224 - accuracy: 0.7803
216/391 [===============>..............] - ETA: 1s - loss: 0.6239 - accuracy: 0.7793
222/391 [================>.............] - ETA: 1s - loss: 0.6250 - accuracy: 0.7788
228/391 [================>.............] - ETA: 1s - loss: 0.6238 - accuracy: 0.7789
234/391 [================>.............] - ETA: 1s - loss: 0.6239 - accuracy: 0.7791
240/391 [=================>............] - ETA: 1s - loss: 0.6249 - accuracy: 0.7789
245/391 [=================>............] - ETA: 1s - loss: 0.6262 - accuracy: 0.7786
251/391 [==================>...........] - ETA: 1s - loss: 0.6275 - accuracy: 0.7779
257/391 [==================>...........] - ETA: 1s - loss: 0.6279 - accuracy: 0.7783
263/391 [===================>..........] - ETA: 1s - loss: 0.6281 - accuracy: 0.7784
269/391 [===================>..........] - ETA: 1s - loss: 0.6273 - accuracy: 0.7787
275/391 [====================>.........] - ETA: 1s - loss: 0.6266 - accuracy: 0.7793
281/391 [====================>.........] - ETA: 1s - loss: 0.6273 - accuracy: 0.7791
287/391 [=====================>........] - ETA: 1s - loss: 0.6295 - accuracy: 0.7783
293/391 [=====================>........] - ETA: 1s - loss: 0.6312 - accuracy: 0.7780
298/391 [=====================>........] - ETA: 0s - loss: 0.6334 - accuracy: 0.7771
304/391 [======================>.......] - ETA: 0s - loss: 0.6334 - accuracy: 0.7771
310/391 [======================>.......] - ETA: 0s - loss: 0.6339 - accuracy: 0.7771
316/391 [=======================>......] - ETA: 0s - loss: 0.6353 - accuracy: 0.7766
323/391 [=======================>......] - ETA: 0s - loss: 0.6354 - accuracy: 0.7767
328/391 [========================>.....] - ETA: 0s - loss: 0.6365 - accuracy: 0.7760
334/391 [========================>.....] - ETA: 0s - loss: 0.6367 - accuracy: 0.7757
340/391 [=========================>....] - ETA: 0s - loss: 0.6378 - accuracy: 0.7753
346/391 [=========================>....] - ETA: 0s - loss: 0.6382 - accuracy: 0.7750
352/391 [==========================>...] - ETA: 0s - loss: 0.6386 - accuracy: 0.7748
358/391 [==========================>...] - ETA: 0s - loss: 0.6396 - accuracy: 0.7746
364/391 [==========================>...] - ETA: 0s - loss: 0.6392 - accuracy: 0.7746
371/391 [===========================>..] - ETA: 0s - loss: 0.6383 - accuracy: 0.7750
376/391 [===========================>..] - ETA: 0s - loss: 0.6384 - accuracy: 0.7748
382/391 [============================>.] - ETA: 0s - loss: 0.6390 - accuracy: 0.7747
389/391 [============================>.] - ETA: 0s - loss: 0.6388 - accuracy: 0.7748
391/391 [==============================] - 5s 13ms/step - loss: 0.6397 - accuracy: 0.7747 - val_loss: 1.1929 - val_accuracy: 0.6459
Epoch 15/161

  1/391 [..............................] - ETA: 6s - loss: 0.5262 - accuracy: 0.8125
  7/391 [..............................] - ETA: 4s - loss: 0.5707 - accuracy: 0.8047
 14/391 [>.............................] - ETA: 3s - loss: 0.5849 - accuracy: 0.7985
 19/391 [>.............................] - ETA: 3s - loss: 0.5789 - accuracy: 0.8018
 25/391 [>.............................] - ETA: 3s - loss: 0.5706 - accuracy: 0.8034
 32/391 [=>............................] - ETA: 3s - loss: 0.5572 - accuracy: 0.8066
 37/391 [=>............................] - ETA: 3s - loss: 0.5585 - accuracy: 0.8053
 43/391 [==>...........................] - ETA: 3s - loss: 0.5562 - accuracy: 0.8056
 49/391 [==>...........................] - ETA: 3s - loss: 0.5637 - accuracy: 0.8036
 55/391 [===>..........................] - ETA: 3s - loss: 0.5744 - accuracy: 0.8003
 62/391 [===>..........................] - ETA: 3s - loss: 0.5761 - accuracy: 0.7988
 68/391 [====>.........................] - ETA: 3s - loss: 0.5737 - accuracy: 0.7989
 74/391 [====>.........................] - ETA: 3s - loss: 0.5748 - accuracy: 0.7989
 80/391 [=====>........................] - ETA: 3s - loss: 0.5771 - accuracy: 0.7990
 85/391 [=====>........................] - ETA: 3s - loss: 0.5821 - accuracy: 0.7972
 92/391 [======>.......................] - ETA: 3s - loss: 0.5839 - accuracy: 0.7954
 97/391 [======>.......................] - ETA: 3s - loss: 0.5865 - accuracy: 0.7943
103/391 [======>.......................] - ETA: 3s - loss: 0.5879 - accuracy: 0.7938
109/391 [=======>......................] - ETA: 2s - loss: 0.5881 - accuracy: 0.7935
115/391 [=======>......................] - ETA: 2s - loss: 0.5918 - accuracy: 0.7916
122/391 [========>.....................] - ETA: 2s - loss: 0.5943 - accuracy: 0.7907
127/391 [========>.....................] - ETA: 2s - loss: 0.5955 - accuracy: 0.7899
133/391 [=========>....................] - ETA: 2s - loss: 0.5954 - accuracy: 0.7897
139/391 [=========>....................] - ETA: 2s - loss: 0.5958 - accuracy: 0.7895
145/391 [==========>...................] - ETA: 2s - loss: 0.5989 - accuracy: 0.7892
151/391 [==========>...................] - ETA: 2s - loss: 0.5997 - accuracy: 0.7885
157/391 [===========>..................] - ETA: 2s - loss: 0.6017 - accuracy: 0.7879
163/391 [===========>..................] - ETA: 2s - loss: 0.6026 - accuracy: 0.7872
169/391 [===========>..................] - ETA: 2s - loss: 0.6035 - accuracy: 0.7868
176/391 [============>.................] - ETA: 2s - loss: 0.6057 - accuracy: 0.7862
182/391 [============>.................] - ETA: 2s - loss: 0.6071 - accuracy: 0.7863
188/391 [=============>................] - ETA: 2s - loss: 0.6119 - accuracy: 0.7847
194/391 [=============>................] - ETA: 2s - loss: 0.6121 - accuracy: 0.7844
200/391 [==============>...............] - ETA: 1s - loss: 0.6137 - accuracy: 0.7842
207/391 [==============>...............] - ETA: 1s - loss: 0.6126 - accuracy: 0.7845
213/391 [===============>..............] - ETA: 1s - loss: 0.6119 - accuracy: 0.7846
219/391 [===============>..............] - ETA: 1s - loss: 0.6113 - accuracy: 0.7846
225/391 [================>.............] - ETA: 1s - loss: 0.6122 - accuracy: 0.7843
231/391 [================>.............] - ETA: 1s - loss: 0.6133 - accuracy: 0.7842
237/391 [=================>............] - ETA: 1s - loss: 0.6149 - accuracy: 0.7839
243/391 [=================>............] - ETA: 1s - loss: 0.6156 - accuracy: 0.7837
249/391 [==================>...........] - ETA: 1s - loss: 0.6159 - accuracy: 0.7835
255/391 [==================>...........] - ETA: 1s - loss: 0.6148 - accuracy: 0.7840
262/391 [===================>..........] - ETA: 1s - loss: 0.6154 - accuracy: 0.7837
267/391 [===================>..........] - ETA: 1s - loss: 0.6164 - accuracy: 0.7838
273/391 [===================>..........] - ETA: 1s - loss: 0.6159 - accuracy: 0.7840
279/391 [====================>.........] - ETA: 1s - loss: 0.6159 - accuracy: 0.7841
285/391 [====================>.........] - ETA: 1s - loss: 0.6172 - accuracy: 0.7837
291/391 [=====================>........] - ETA: 1s - loss: 0.6179 - accuracy: 0.7837
297/391 [=====================>........] - ETA: 0s - loss: 0.6179 - accuracy: 0.7836
303/391 [======================>.......] - ETA: 0s - loss: 0.6202 - accuracy: 0.7829
309/391 [======================>.......] - ETA: 0s - loss: 0.6198 - accuracy: 0.7829
316/391 [=======================>......] - ETA: 0s - loss: 0.6203 - accuracy: 0.7829
322/391 [=======================>......] - ETA: 0s - loss: 0.6212 - accuracy: 0.7824
328/391 [========================>.....] - ETA: 0s - loss: 0.6219 - accuracy: 0.7822
334/391 [========================>.....] - ETA: 0s - loss: 0.6216 - accuracy: 0.7823
340/391 [=========================>....] - ETA: 0s - loss: 0.6213 - accuracy: 0.7823
346/391 [=========================>....] - ETA: 0s - loss: 0.6217 - accuracy: 0.7821
352/391 [==========================>...] - ETA: 0s - loss: 0.6229 - accuracy: 0.7815
359/391 [==========================>...] - ETA: 0s - loss: 0.6237 - accuracy: 0.7813
365/391 [===========================>..] - ETA: 0s - loss: 0.6243 - accuracy: 0.7811
371/391 [===========================>..] - ETA: 0s - loss: 0.6246 - accuracy: 0.7810
377/391 [===========================>..] - ETA: 0s - loss: 0.6249 - accuracy: 0.7811
382/391 [============================>.] - ETA: 0s - loss: 0.6247 - accuracy: 0.7815
388/391 [============================>.] - ETA: 0s - loss: 0.6256 - accuracy: 0.7811
391/391 [==============================] - 5s 13ms/step - loss: 0.6260 - accuracy: 0.7810 - val_loss: 1.1092 - val_accuracy: 0.6523
Epoch 16/161

  1/391 [..............................] - ETA: 12s - loss: 0.4647 - accuracy: 0.8672
  8/391 [..............................] - ETA: 3s - loss: 0.5723 - accuracy: 0.8105 
 14/391 [>.............................] - ETA: 3s - loss: 0.5638 - accuracy: 0.8019
 20/391 [>.............................] - ETA: 3s - loss: 0.5581 - accuracy: 0.8023
 27/391 [=>............................] - ETA: 3s - loss: 0.5537 - accuracy: 0.8079
 33/391 [=>............................] - ETA: 3s - loss: 0.5459 - accuracy: 0.8104
 39/391 [=>............................] - ETA: 3s - loss: 0.5668 - accuracy: 0.8045
 45/391 [==>...........................] - ETA: 3s - loss: 0.5577 - accuracy: 0.8075
 51/391 [==>...........................] - ETA: 3s - loss: 0.5578 - accuracy: 0.8081
 57/391 [===>..........................] - ETA: 3s - loss: 0.5544 - accuracy: 0.8103
 63/391 [===>..........................] - ETA: 3s - loss: 0.5528 - accuracy: 0.8100
 69/391 [====>.........................] - ETA: 3s - loss: 0.5576 - accuracy: 0.8073
 75/391 [====>.........................] - ETA: 3s - loss: 0.5585 - accuracy: 0.8070
 81/391 [=====>........................] - ETA: 3s - loss: 0.5608 - accuracy: 0.8061
 87/391 [=====>........................] - ETA: 3s - loss: 0.5650 - accuracy: 0.8050
 93/391 [======>.......................] - ETA: 3s - loss: 0.5681 - accuracy: 0.8025
 99/391 [======>.......................] - ETA: 2s - loss: 0.5727 - accuracy: 0.8005
105/391 [=======>......................] - ETA: 2s - loss: 0.5757 - accuracy: 0.7986
112/391 [=======>......................] - ETA: 2s - loss: 0.5770 - accuracy: 0.7976
118/391 [========>.....................] - ETA: 2s - loss: 0.5774 - accuracy: 0.7975
124/391 [========>.....................] - ETA: 2s - loss: 0.5772 - accuracy: 0.7978
130/391 [========>.....................] - ETA: 2s - loss: 0.5810 - accuracy: 0.7971
136/391 [=========>....................] - ETA: 2s - loss: 0.5823 - accuracy: 0.7956
142/391 [=========>....................] - ETA: 2s - loss: 0.5818 - accuracy: 0.7956
147/391 [==========>...................] - ETA: 2s - loss: 0.5845 - accuracy: 0.7945
153/391 [==========>...................] - ETA: 2s - loss: 0.5846 - accuracy: 0.7946
159/391 [===========>..................] - ETA: 2s - loss: 0.5868 - accuracy: 0.7942
165/391 [===========>..................] - ETA: 2s - loss: 0.5852 - accuracy: 0.7953
171/391 [============>.................] - ETA: 2s - loss: 0.5867 - accuracy: 0.7950
177/391 [============>.................] - ETA: 2s - loss: 0.5876 - accuracy: 0.7947
183/391 [=============>................] - ETA: 2s - loss: 0.5867 - accuracy: 0.7949
189/391 [=============>................] - ETA: 2s - loss: 0.5862 - accuracy: 0.7952
195/391 [=============>................] - ETA: 2s - loss: 0.5860 - accuracy: 0.7950
202/391 [==============>...............] - ETA: 1s - loss: 0.5866 - accuracy: 0.7949
208/391 [==============>...............] - ETA: 1s - loss: 0.5875 - accuracy: 0.7942
213/391 [===============>..............] - ETA: 1s - loss: 0.5890 - accuracy: 0.7937
219/391 [===============>..............] - ETA: 1s - loss: 0.5908 - accuracy: 0.7931
225/391 [================>.............] - ETA: 1s - loss: 0.5915 - accuracy: 0.7927
232/391 [================>.............] - ETA: 1s - loss: 0.5924 - accuracy: 0.7922
238/391 [=================>............] - ETA: 1s - loss: 0.5935 - accuracy: 0.7923
244/391 [=================>............] - ETA: 1s - loss: 0.5958 - accuracy: 0.7917
250/391 [==================>...........] - ETA: 1s - loss: 0.5965 - accuracy: 0.7918
255/391 [==================>...........] - ETA: 1s - loss: 0.5962 - accuracy: 0.7920
261/391 [===================>..........] - ETA: 1s - loss: 0.5958 - accuracy: 0.7922
267/391 [===================>..........] - ETA: 1s - loss: 0.5967 - accuracy: 0.7915
273/391 [===================>..........] - ETA: 1s - loss: 0.5983 - accuracy: 0.7908
279/391 [====================>.........] - ETA: 1s - loss: 0.5994 - accuracy: 0.7907
285/391 [====================>.........] - ETA: 1s - loss: 0.6012 - accuracy: 0.7900
292/391 [=====================>........] - ETA: 1s - loss: 0.6038 - accuracy: 0.7890
298/391 [=====================>........] - ETA: 0s - loss: 0.6059 - accuracy: 0.7883
303/391 [======================>.......] - ETA: 0s - loss: 0.6078 - accuracy: 0.7878
309/391 [======================>.......] - ETA: 0s - loss: 0.6085 - accuracy: 0.7876
315/391 [=======================>......] - ETA: 0s - loss: 0.6088 - accuracy: 0.7875
321/391 [=======================>......] - ETA: 0s - loss: 0.6090 - accuracy: 0.7874
327/391 [========================>.....] - ETA: 0s - loss: 0.6101 - accuracy: 0.7869
333/391 [========================>.....] - ETA: 0s - loss: 0.6096 - accuracy: 0.7869
340/391 [=========================>....] - ETA: 0s - loss: 0.6116 - accuracy: 0.7862
345/391 [=========================>....] - ETA: 0s - loss: 0.6125 - accuracy: 0.7859
352/391 [==========================>...] - ETA: 0s - loss: 0.6134 - accuracy: 0.7856
358/391 [==========================>...] - ETA: 0s - loss: 0.6148 - accuracy: 0.7849
364/391 [==========================>...] - ETA: 0s - loss: 0.6150 - accuracy: 0.7847
369/391 [===========================>..] - ETA: 0s - loss: 0.6147 - accuracy: 0.7848
375/391 [===========================>..] - ETA: 0s - loss: 0.6155 - accuracy: 0.7845
381/391 [============================>.] - ETA: 0s - loss: 0.6161 - accuracy: 0.7841
387/391 [============================>.] - ETA: 0s - loss: 0.6158 - accuracy: 0.7843
391/391 [==============================] - 5s 13ms/step - loss: 0.6161 - accuracy: 0.7842 - val_loss: 0.9530 - val_accuracy: 0.7000
Epoch 16: early stopping

  1/313 [..............................] - ETA: 4s - loss: 0.5042 - accuracy: 0.8438
 18/313 [>.............................] - ETA: 1s - loss: 0.8934 - accuracy: 0.7292
 37/313 [==>...........................] - ETA: 0s - loss: 0.9243 - accuracy: 0.7213
 56/313 [====>.........................] - ETA: 0s - loss: 0.9239 - accuracy: 0.7171
 75/313 [======>.......................] - ETA: 0s - loss: 0.9426 - accuracy: 0.7113
 95/313 [========>.....................] - ETA: 0s - loss: 0.9598 - accuracy: 0.7102
114/313 [=========>....................] - ETA: 0s - loss: 0.9733 - accuracy: 0.7092
133/313 [===========>..................] - ETA: 0s - loss: 0.9590 - accuracy: 0.7136
152/313 [=============>................] - ETA: 0s - loss: 0.9538 - accuracy: 0.7107
171/313 [===============>..............] - ETA: 0s - loss: 0.9538 - accuracy: 0.7072
189/313 [=================>............] - ETA: 0s - loss: 0.9580 - accuracy: 0.7040
209/313 [===================>..........] - ETA: 0s - loss: 0.9440 - accuracy: 0.7057
228/313 [====================>.........] - ETA: 0s - loss: 0.9462 - accuracy: 0.7039
246/313 [======================>.......] - ETA: 0s - loss: 0.9455 - accuracy: 0.7041
264/313 [========================>.....] - ETA: 0s - loss: 0.9497 - accuracy: 0.7013
284/313 [==========================>...] - ETA: 0s - loss: 0.9526 - accuracy: 0.7005
303/313 [============================>.] - ETA: 0s - loss: 0.9480 - accuracy: 0.7020
313/313 [==============================] - 1s 3ms/step - loss: 0.9530 - accuracy: 0.7000
