2024-07-27 10:36:04.187152: I tensorflow/core/platform/cpu_feature_guard.cc:193] This TensorFlow binary is optimized with oneAPI Deep Neural Network Library (oneDNN) to use the following CPU instructions in performance-critical operations:  AVX AVX2
To enable them in other operations, rebuild TensorFlow with the appropriate compiler flags.
2024-07-27 10:36:04.908795: I tensorflow/core/common_runtime/gpu/gpu_device.cc:1616] Created device /job:localhost/replica:0/task:0/device:GPU:0 with 6656 MB memory:  -> device: 0, name: NVIDIA GeForce RTX 4060 Ti, pci bus id: 0000:01:00.0, compute capability: 8.9
1 Physical GPUs, 1 Logical GPUs
Model: "sequential"
_________________________________________________________________
 Layer (type)                Output Shape              Param #   
=================================================================
 conv2d (Conv2D)             (None, 32, 32, 32)        896       
                                                                 
 dropout (Dropout)           (None, 32, 32, 32)        0         
                                                                 
 flatten (Flatten)           (None, 32768)             0         
                                                                 
 dense (Dense)               (None, 62)                2031678   
                                                                 
 dropout_1 (Dropout)         (None, 62)                0         
                                                                 
 dense_1 (Dense)             (None, 104)               6552      
                                                                 
 dropout_2 (Dropout)         (None, 104)               0         
                                                                 
 dense_2 (Dense)             (None, 10)                1050      
                                                                 
=================================================================
Total params: 2,040,176
Trainable params: 2,040,176
Non-trainable params: 0
_________________________________________________________________
Taxa de aprendizado:  0.01 Num de épocas:  201 Tamanho do lote:  256 Dropout:  0.27
Epoch 1/201
2024-07-27 10:36:07.210185: I tensorflow/stream_executor/cuda/cuda_dnn.cc:384] Loaded cuDNN version 8100
2024-07-27 10:36:09.038574: W tensorflow/stream_executor/gpu/redzone_allocator.cc:314] INTERNAL: ptxas exited with non-zero error code -1, output: 
Relying on driver to perform ptx compilation. 
Modify $PATH to customize ptxas location.
This message will be only logged once.
2024-07-27 10:36:10.830764: I tensorflow/stream_executor/cuda/cuda_blas.cc:1614] TensorFloat-32 will be used for the matrix multiplication. This will only be logged once.

  1/196 [..............................] - ETA: 19:52 - loss: 2.3303 - accuracy: 0.1172
  5/196 [..............................] - ETA: 2s - loss: 2.7091 - accuracy: 0.1055   
  9/196 [>.............................] - ETA: 2s - loss: 2.6697 - accuracy: 0.1063
 13/196 [>.............................] - ETA: 2s - loss: 2.6270 - accuracy: 0.1043
 18/196 [=>............................] - ETA: 2s - loss: 2.5940 - accuracy: 0.1037
 22/196 [==>...........................] - ETA: 2s - loss: 2.5724 - accuracy: 0.1056
 27/196 [===>..........................] - ETA: 2s - loss: 2.5513 - accuracy: 0.1085
 31/196 [===>..........................] - ETA: 2s - loss: 2.5394 - accuracy: 0.1075
 35/196 [====>.........................] - ETA: 2s - loss: 2.5330 - accuracy: 0.1039
 40/196 [=====>........................] - ETA: 2s - loss: 2.5185 - accuracy: 0.1059
 44/196 [=====>........................] - ETA: 2s - loss: 2.5031 - accuracy: 0.1086
 49/196 [======>.......................] - ETA: 2s - loss: 2.4900 - accuracy: 0.1086
 54/196 [=======>......................] - ETA: 1s - loss: 2.4794 - accuracy: 0.1087
 58/196 [=======>......................] - ETA: 1s - loss: 2.4704 - accuracy: 0.1094
 62/196 [========>.....................] - ETA: 1s - loss: 2.4613 - accuracy: 0.1099
 67/196 [=========>....................] - ETA: 1s - loss: 2.4498 - accuracy: 0.1128
 71/196 [=========>....................] - ETA: 1s - loss: 2.4442 - accuracy: 0.1127
 76/196 [==========>...................] - ETA: 1s - loss: 2.4379 - accuracy: 0.1133
 80/196 [===========>..................] - ETA: 1s - loss: 2.4337 - accuracy: 0.1133
 85/196 [============>.................] - ETA: 1s - loss: 2.4280 - accuracy: 0.1140
 89/196 [============>.................] - ETA: 1s - loss: 2.4233 - accuracy: 0.1133
 94/196 [=============>................] - ETA: 1s - loss: 2.4184 - accuracy: 0.1137
 99/196 [==============>...............] - ETA: 1s - loss: 2.4141 - accuracy: 0.1137
103/196 [==============>...............] - ETA: 1s - loss: 2.4108 - accuracy: 0.1135
108/196 [===============>..............] - ETA: 1s - loss: 2.4067 - accuracy: 0.1132
109/196 [===============>..............] - ETA: 1s - loss: 2.4064 - accuracy: 0.1134
114/196 [================>.............] - ETA: 1s - loss: 2.4025 - accuracy: 0.1137
118/196 [=================>............] - ETA: 1s - loss: 2.3981 - accuracy: 0.1139
122/196 [=================>............] - ETA: 1s - loss: 2.3928 - accuracy: 0.1144
127/196 [==================>...........] - ETA: 0s - loss: 2.3867 - accuracy: 0.1158
131/196 [===================>..........] - ETA: 0s - loss: 2.3814 - accuracy: 0.1172
135/196 [===================>..........] - ETA: 0s - loss: 2.3748 - accuracy: 0.1186
140/196 [====================>.........] - ETA: 0s - loss: 2.3685 - accuracy: 0.1205
144/196 [=====================>........] - ETA: 0s - loss: 2.3637 - accuracy: 0.1223
149/196 [=====================>........] - ETA: 0s - loss: 2.3568 - accuracy: 0.1246
153/196 [======================>.......] - ETA: 0s - loss: 2.3552 - accuracy: 0.1245
158/196 [=======================>......] - ETA: 0s - loss: 2.3519 - accuracy: 0.1260
162/196 [=======================>......] - ETA: 0s - loss: 2.3467 - accuracy: 0.1275
167/196 [========================>.....] - ETA: 0s - loss: 2.3411 - accuracy: 0.1291
171/196 [=========================>....] - ETA: 0s - loss: 2.3364 - accuracy: 0.1305
176/196 [=========================>....] - ETA: 0s - loss: 2.3324 - accuracy: 0.1322
181/196 [==========================>...] - ETA: 0s - loss: 2.3285 - accuracy: 0.1336
185/196 [===========================>..] - ETA: 0s - loss: 2.3243 - accuracy: 0.1352
190/196 [============================>.] - ETA: 0s - loss: 2.3193 - accuracy: 0.1368
194/196 [============================>.] - ETA: 0s - loss: 2.3165 - accuracy: 0.1377
196/196 [==============================] - 10s 21ms/step - loss: 2.3147 - accuracy: 0.1382 - val_loss: 2.0809 - val_accuracy: 0.2291
Epoch 2/201

  1/196 [..............................] - ETA: 3s - loss: 2.1619 - accuracy: 0.1992
  5/196 [..............................] - ETA: 2s - loss: 2.1575 - accuracy: 0.2047
 10/196 [>.............................] - ETA: 2s - loss: 2.1425 - accuracy: 0.2035
 14/196 [=>............................] - ETA: 2s - loss: 2.1451 - accuracy: 0.2001
 18/196 [=>............................] - ETA: 2s - loss: 2.1493 - accuracy: 0.1966
 23/196 [==>...........................] - ETA: 2s - loss: 2.1487 - accuracy: 0.1962
 27/196 [===>..........................] - ETA: 2s - loss: 2.1473 - accuracy: 0.1955
 32/196 [===>..........................] - ETA: 2s - loss: 2.1412 - accuracy: 0.1941
 37/196 [====>.........................] - ETA: 2s - loss: 2.1345 - accuracy: 0.1945
 41/196 [=====>........................] - ETA: 2s - loss: 2.1298 - accuracy: 0.1975
 46/196 [======>.......................] - ETA: 2s - loss: 2.1278 - accuracy: 0.1973
 50/196 [======>.......................] - ETA: 2s - loss: 2.1242 - accuracy: 0.1980
 55/196 [=======>......................] - ETA: 1s - loss: 2.1215 - accuracy: 0.2000
 59/196 [========>.....................] - ETA: 1s - loss: 2.1182 - accuracy: 0.2020
 64/196 [========>.....................] - ETA: 1s - loss: 2.1193 - accuracy: 0.2014
 68/196 [=========>....................] - ETA: 1s - loss: 2.1194 - accuracy: 0.2008
 73/196 [==========>...................] - ETA: 1s - loss: 2.1214 - accuracy: 0.1999
 76/196 [==========>...................] - ETA: 1s - loss: 2.1222 - accuracy: 0.1994
 81/196 [===========>..................] - ETA: 1s - loss: 2.1222 - accuracy: 0.2000
 85/196 [============>.................] - ETA: 1s - loss: 2.1232 - accuracy: 0.1993
 90/196 [============>.................] - ETA: 1s - loss: 2.1220 - accuracy: 0.2002
 94/196 [=============>................] - ETA: 1s - loss: 2.1217 - accuracy: 0.1996
 98/196 [==============>...............] - ETA: 1s - loss: 2.1211 - accuracy: 0.1993
103/196 [==============>...............] - ETA: 1s - loss: 2.1210 - accuracy: 0.1995
108/196 [===============>..............] - ETA: 1s - loss: 2.1219 - accuracy: 0.1994
113/196 [================>.............] - ETA: 1s - loss: 2.1235 - accuracy: 0.1993
117/196 [================>.............] - ETA: 1s - loss: 2.1266 - accuracy: 0.1987
122/196 [=================>............] - ETA: 1s - loss: 2.1284 - accuracy: 0.1980
126/196 [==================>...........] - ETA: 0s - loss: 2.1291 - accuracy: 0.1976
131/196 [===================>..........] - ETA: 0s - loss: 2.1288 - accuracy: 0.1988
135/196 [===================>..........] - ETA: 0s - loss: 2.1281 - accuracy: 0.1983
140/196 [====================>.........] - ETA: 0s - loss: 2.1287 - accuracy: 0.1981
144/196 [=====================>........] - ETA: 0s - loss: 2.1291 - accuracy: 0.1980
149/196 [=====================>........] - ETA: 0s - loss: 2.1285 - accuracy: 0.1979
153/196 [======================>.......] - ETA: 0s - loss: 2.1279 - accuracy: 0.1977
158/196 [=======================>......] - ETA: 0s - loss: 2.1293 - accuracy: 0.1973
163/196 [=======================>......] - ETA: 0s - loss: 2.1291 - accuracy: 0.1978
167/196 [========================>.....] - ETA: 0s - loss: 2.1288 - accuracy: 0.1983
172/196 [=========================>....] - ETA: 0s - loss: 2.1291 - accuracy: 0.1981
176/196 [=========================>....] - ETA: 0s - loss: 2.1295 - accuracy: 0.1983
180/196 [==========================>...] - ETA: 0s - loss: 2.1294 - accuracy: 0.1982
185/196 [===========================>..] - ETA: 0s - loss: 2.1290 - accuracy: 0.1979
190/196 [============================>.] - ETA: 0s - loss: 2.1281 - accuracy: 0.1984
194/196 [============================>.] - ETA: 0s - loss: 2.1282 - accuracy: 0.1988
196/196 [==============================] - 4s 19ms/step - loss: 2.1280 - accuracy: 0.1989 - val_loss: 2.0469 - val_accuracy: 0.2440
Epoch 3/201

  1/196 [..............................] - ETA: 3s - loss: 2.1162 - accuracy: 0.2031
  5/196 [..............................] - ETA: 2s - loss: 2.0995 - accuracy: 0.2133
 10/196 [>.............................] - ETA: 2s - loss: 2.1108 - accuracy: 0.2094
 14/196 [=>............................] - ETA: 2s - loss: 2.1048 - accuracy: 0.2134
 19/196 [=>............................] - ETA: 2s - loss: 2.1170 - accuracy: 0.2064
 24/196 [==>...........................] - ETA: 2s - loss: 2.1187 - accuracy: 0.2007
 28/196 [===>..........................] - ETA: 2s - loss: 2.1233 - accuracy: 0.1995
 33/196 [====>.........................] - ETA: 2s - loss: 2.1225 - accuracy: 0.1990
 37/196 [====>.........................] - ETA: 2s - loss: 2.1246 - accuracy: 0.1973
 42/196 [=====>........................] - ETA: 2s - loss: 2.1285 - accuracy: 0.1948
 47/196 [======>.......................] - ETA: 2s - loss: 2.1252 - accuracy: 0.1957
 50/196 [======>.......................] - ETA: 2s - loss: 2.1240 - accuracy: 0.1959
 55/196 [=======>......................] - ETA: 1s - loss: 2.1232 - accuracy: 0.1966
 59/196 [========>.....................] - ETA: 1s - loss: 2.1202 - accuracy: 0.1984
 64/196 [========>.....................] - ETA: 1s - loss: 2.1211 - accuracy: 0.1986
 68/196 [=========>....................] - ETA: 1s - loss: 2.1210 - accuracy: 0.1992
 73/196 [==========>...................] - ETA: 1s - loss: 2.1190 - accuracy: 0.2013
 77/196 [==========>...................] - ETA: 1s - loss: 2.1175 - accuracy: 0.2017
 82/196 [===========>..................] - ETA: 1s - loss: 2.1154 - accuracy: 0.2019
 86/196 [============>.................] - ETA: 1s - loss: 2.1141 - accuracy: 0.2024
 91/196 [============>.................] - ETA: 1s - loss: 2.1165 - accuracy: 0.2018
 96/196 [=============>................] - ETA: 1s - loss: 2.1175 - accuracy: 0.2017
100/196 [==============>...............] - ETA: 1s - loss: 2.1181 - accuracy: 0.2017
105/196 [===============>..............] - ETA: 1s - loss: 2.1157 - accuracy: 0.2024
109/196 [===============>..............] - ETA: 1s - loss: 2.1148 - accuracy: 0.2030
114/196 [================>.............] - ETA: 1s - loss: 2.1136 - accuracy: 0.2029
118/196 [=================>............] - ETA: 1s - loss: 2.1126 - accuracy: 0.2031
123/196 [=================>............] - ETA: 1s - loss: 2.1123 - accuracy: 0.2042
127/196 [==================>...........] - ETA: 0s - loss: 2.1126 - accuracy: 0.2039
132/196 [===================>..........] - ETA: 0s - loss: 2.1107 - accuracy: 0.2053
136/196 [===================>..........] - ETA: 0s - loss: 2.1103 - accuracy: 0.2060
141/196 [====================>.........] - ETA: 0s - loss: 2.1078 - accuracy: 0.2069
145/196 [=====================>........] - ETA: 0s - loss: 2.1080 - accuracy: 0.2070
149/196 [=====================>........] - ETA: 0s - loss: 2.1094 - accuracy: 0.2062
154/196 [======================>.......] - ETA: 0s - loss: 2.1102 - accuracy: 0.2064
159/196 [=======================>......] - ETA: 0s - loss: 2.1115 - accuracy: 0.2064
163/196 [=======================>......] - ETA: 0s - loss: 2.1139 - accuracy: 0.2055
168/196 [========================>.....] - ETA: 0s - loss: 2.1132 - accuracy: 0.2062
172/196 [=========================>....] - ETA: 0s - loss: 2.1124 - accuracy: 0.2069
177/196 [==========================>...] - ETA: 0s - loss: 2.1116 - accuracy: 0.2071
182/196 [==========================>...] - ETA: 0s - loss: 2.1096 - accuracy: 0.2079
186/196 [===========================>..] - ETA: 0s - loss: 2.1077 - accuracy: 0.2090
191/196 [============================>.] - ETA: 0s - loss: 2.1064 - accuracy: 0.2095
195/196 [============================>.] - ETA: 0s - loss: 2.1048 - accuracy: 0.2102
196/196 [==============================] - 4s 19ms/step - loss: 2.1047 - accuracy: 0.2103 - val_loss: 2.0029 - val_accuracy: 0.2342
Epoch 4/201

  1/196 [..............................] - ETA: 3s - loss: 2.1330 - accuracy: 0.2031
  5/196 [..............................] - ETA: 2s - loss: 2.0653 - accuracy: 0.2430
 10/196 [>.............................] - ETA: 2s - loss: 2.0571 - accuracy: 0.2418
 15/196 [=>............................] - ETA: 2s - loss: 2.0633 - accuracy: 0.2391
 18/196 [=>............................] - ETA: 2s - loss: 2.0547 - accuracy: 0.2391
 22/196 [==>...........................] - ETA: 2s - loss: 2.0488 - accuracy: 0.2418
 27/196 [===>..........................] - ETA: 2s - loss: 2.0536 - accuracy: 0.2391
 31/196 [===>..........................] - ETA: 2s - loss: 2.0543 - accuracy: 0.2398
 36/196 [====>.........................] - ETA: 2s - loss: 2.0479 - accuracy: 0.2436
 41/196 [=====>........................] - ETA: 2s - loss: 2.0474 - accuracy: 0.2433
 46/196 [======>.......................] - ETA: 2s - loss: 2.0432 - accuracy: 0.2448
 50/196 [======>.......................] - ETA: 2s - loss: 2.0478 - accuracy: 0.2418
 55/196 [=======>......................] - ETA: 1s - loss: 2.0499 - accuracy: 0.2401
 59/196 [========>.....................] - ETA: 1s - loss: 2.0475 - accuracy: 0.2404
 64/196 [========>.....................] - ETA: 1s - loss: 2.0476 - accuracy: 0.2403
 68/196 [=========>....................] - ETA: 1s - loss: 2.0451 - accuracy: 0.2407
 73/196 [==========>...................] - ETA: 1s - loss: 2.0440 - accuracy: 0.2430
 78/196 [==========>...................] - ETA: 1s - loss: 2.0418 - accuracy: 0.2442
 82/196 [===========>..................] - ETA: 1s - loss: 2.0414 - accuracy: 0.2450
 87/196 [============>.................] - ETA: 1s - loss: 2.0398 - accuracy: 0.2459
 91/196 [============>.................] - ETA: 1s - loss: 2.0367 - accuracy: 0.2470
 96/196 [=============>................] - ETA: 1s - loss: 2.0354 - accuracy: 0.2473
100/196 [==============>...............] - ETA: 1s - loss: 2.0355 - accuracy: 0.2469
104/196 [==============>...............] - ETA: 1s - loss: 2.0372 - accuracy: 0.2468
109/196 [===============>..............] - ETA: 1s - loss: 2.0358 - accuracy: 0.2470
114/196 [================>.............] - ETA: 1s - loss: 2.0370 - accuracy: 0.2465
118/196 [=================>............] - ETA: 1s - loss: 2.0374 - accuracy: 0.2457
123/196 [=================>............] - ETA: 1s - loss: 2.0382 - accuracy: 0.2455
127/196 [==================>...........] - ETA: 0s - loss: 2.0388 - accuracy: 0.2457
132/196 [===================>..........] - ETA: 0s - loss: 2.0395 - accuracy: 0.2457
137/196 [===================>..........] - ETA: 0s - loss: 2.0372 - accuracy: 0.2464
141/196 [====================>.........] - ETA: 0s - loss: 2.0355 - accuracy: 0.2470
146/196 [=====================>........] - ETA: 0s - loss: 2.0338 - accuracy: 0.2488
150/196 [=====================>........] - ETA: 0s - loss: 2.0319 - accuracy: 0.2497
154/196 [======================>.......] - ETA: 0s - loss: 2.0334 - accuracy: 0.2489
159/196 [=======================>......] - ETA: 0s - loss: 2.0351 - accuracy: 0.2486
164/196 [========================>.....] - ETA: 0s - loss: 2.0348 - accuracy: 0.2490
168/196 [========================>.....] - ETA: 0s - loss: 2.0344 - accuracy: 0.2488
173/196 [=========================>....] - ETA: 0s - loss: 2.0361 - accuracy: 0.2487
177/196 [==========================>...] - ETA: 0s - loss: 2.0368 - accuracy: 0.2486
182/196 [==========================>...] - ETA: 0s - loss: 2.0395 - accuracy: 0.2475
187/196 [===========================>..] - ETA: 0s - loss: 2.0423 - accuracy: 0.2460
191/196 [============================>.] - ETA: 0s - loss: 2.0437 - accuracy: 0.2451
196/196 [==============================] - ETA: 0s - loss: 2.0422 - accuracy: 0.2460
196/196 [==============================] - 4s 19ms/step - loss: 2.0422 - accuracy: 0.2460 - val_loss: 1.9072 - val_accuracy: 0.2964
Epoch 5/201

  1/196 [..............................] - ETA: 3s - loss: 2.0030 - accuracy: 0.2578
  5/196 [..............................] - ETA: 3s - loss: 1.9532 - accuracy: 0.2766
 10/196 [>.............................] - ETA: 2s - loss: 1.9872 - accuracy: 0.2621
 14/196 [=>............................] - ETA: 2s - loss: 2.0090 - accuracy: 0.2528
 19/196 [=>............................] - ETA: 2s - loss: 2.0157 - accuracy: 0.2510
 23/196 [==>...........................] - ETA: 2s - loss: 2.0151 - accuracy: 0.2524
 28/196 [===>..........................] - ETA: 2s - loss: 2.0125 - accuracy: 0.2542
 32/196 [===>..........................] - ETA: 2s - loss: 2.0166 - accuracy: 0.2532
 37/196 [====>.........................] - ETA: 2s - loss: 2.0182 - accuracy: 0.2568
 41/196 [=====>........................] - ETA: 2s - loss: 2.0147 - accuracy: 0.2579
 45/196 [=====>........................] - ETA: 2s - loss: 2.0187 - accuracy: 0.2563
 49/196 [======>.......................] - ETA: 2s - loss: 2.0217 - accuracy: 0.2541
 54/196 [=======>......................] - ETA: 1s - loss: 2.0220 - accuracy: 0.2529
 58/196 [=======>......................] - ETA: 1s - loss: 2.0236 - accuracy: 0.2511
 63/196 [========>.....................] - ETA: 1s - loss: 2.0223 - accuracy: 0.2509
 67/196 [=========>....................] - ETA: 1s - loss: 2.0208 - accuracy: 0.2521
 72/196 [==========>...................] - ETA: 1s - loss: 2.0221 - accuracy: 0.2511
 77/196 [==========>...................] - ETA: 1s - loss: 2.0211 - accuracy: 0.2510
 81/196 [===========>..................] - ETA: 1s - loss: 2.0237 - accuracy: 0.2501
 86/196 [============>.................] - ETA: 1s - loss: 2.0261 - accuracy: 0.2486
 90/196 [============>.................] - ETA: 1s - loss: 2.0271 - accuracy: 0.2470
 95/196 [=============>................] - ETA: 1s - loss: 2.0311 - accuracy: 0.2452
100/196 [==============>...............] - ETA: 1s - loss: 2.0317 - accuracy: 0.2436
104/196 [==============>...............] - ETA: 1s - loss: 2.0353 - accuracy: 0.2418
109/196 [===============>..............] - ETA: 1s - loss: 2.0343 - accuracy: 0.2423
113/196 [================>.............] - ETA: 1s - loss: 2.0376 - accuracy: 0.2414
118/196 [=================>............] - ETA: 1s - loss: 2.0415 - accuracy: 0.2400
122/196 [=================>............] - ETA: 1s - loss: 2.0455 - accuracy: 0.2393
127/196 [==================>...........] - ETA: 0s - loss: 2.0490 - accuracy: 0.2383
132/196 [===================>..........] - ETA: 0s - loss: 2.0505 - accuracy: 0.2380
136/196 [===================>..........] - ETA: 0s - loss: 2.0493 - accuracy: 0.2388
141/196 [====================>.........] - ETA: 0s - loss: 2.0490 - accuracy: 0.2381
145/196 [=====================>........] - ETA: 0s - loss: 2.0491 - accuracy: 0.2377
149/196 [=====================>........] - ETA: 0s - loss: 2.0483 - accuracy: 0.2389
153/196 [======================>.......] - ETA: 0s - loss: 2.0467 - accuracy: 0.2384
158/196 [=======================>......] - ETA: 0s - loss: 2.0451 - accuracy: 0.2393
162/196 [=======================>......] - ETA: 0s - loss: 2.0439 - accuracy: 0.2394
167/196 [========================>.....] - ETA: 0s - loss: 2.0477 - accuracy: 0.2375
170/196 [=========================>....] - ETA: 0s - loss: 2.0492 - accuracy: 0.2365
175/196 [=========================>....] - ETA: 0s - loss: 2.0489 - accuracy: 0.2357
179/196 [==========================>...] - ETA: 0s - loss: 2.0490 - accuracy: 0.2350
184/196 [===========================>..] - ETA: 0s - loss: 2.0482 - accuracy: 0.2354
188/196 [===========================>..] - ETA: 0s - loss: 2.0471 - accuracy: 0.2362
193/196 [============================>.] - ETA: 0s - loss: 2.0461 - accuracy: 0.2367
196/196 [==============================] - 4s 19ms/step - loss: 2.0450 - accuracy: 0.2372 - val_loss: 1.9004 - val_accuracy: 0.2879
Epoch 6/201

  1/196 [..............................] - ETA: 3s - loss: 2.0142 - accuracy: 0.2031
  5/196 [..............................] - ETA: 2s - loss: 1.9981 - accuracy: 0.2273
 10/196 [>.............................] - ETA: 2s - loss: 2.0244 - accuracy: 0.2301
 14/196 [=>............................] - ETA: 2s - loss: 2.0065 - accuracy: 0.2402
 19/196 [=>............................] - ETA: 2s - loss: 2.0038 - accuracy: 0.2502
 24/196 [==>...........................] - ETA: 2s - loss: 1.9985 - accuracy: 0.2532
 28/196 [===>..........................] - ETA: 2s - loss: 1.9962 - accuracy: 0.2537
 33/196 [====>.........................] - ETA: 2s - loss: 1.9864 - accuracy: 0.2603
 38/196 [====>.........................] - ETA: 2s - loss: 1.9820 - accuracy: 0.2618
 42/196 [=====>........................] - ETA: 2s - loss: 1.9813 - accuracy: 0.2619
 47/196 [======>.......................] - ETA: 2s - loss: 1.9848 - accuracy: 0.2621
 51/196 [======>.......................] - ETA: 1s - loss: 1.9841 - accuracy: 0.2634
 55/196 [=======>......................] - ETA: 1s - loss: 1.9815 - accuracy: 0.2645
 59/196 [========>.....................] - ETA: 1s - loss: 1.9792 - accuracy: 0.2650
 64/196 [========>.....................] - ETA: 1s - loss: 1.9809 - accuracy: 0.2644
 68/196 [=========>....................] - ETA: 1s - loss: 1.9820 - accuracy: 0.2632
 73/196 [==========>...................] - ETA: 1s - loss: 1.9843 - accuracy: 0.2607
 77/196 [==========>...................] - ETA: 1s - loss: 1.9883 - accuracy: 0.2581
 82/196 [===========>..................] - ETA: 1s - loss: 1.9980 - accuracy: 0.2546
 86/196 [============>.................] - ETA: 1s - loss: 2.0016 - accuracy: 0.2530
 91/196 [============>.................] - ETA: 1s - loss: 2.0018 - accuracy: 0.2523
 95/196 [=============>................] - ETA: 1s - loss: 2.0034 - accuracy: 0.2525
100/196 [==============>...............] - ETA: 1s - loss: 2.0038 - accuracy: 0.2526
105/196 [===============>..............] - ETA: 1s - loss: 2.0018 - accuracy: 0.2543
109/196 [===============>..............] - ETA: 1s - loss: 2.0004 - accuracy: 0.2546
114/196 [================>.............] - ETA: 1s - loss: 1.9993 - accuracy: 0.2556
118/196 [=================>............] - ETA: 1s - loss: 1.9981 - accuracy: 0.2555
123/196 [=================>............] - ETA: 1s - loss: 2.0011 - accuracy: 0.2549
127/196 [==================>...........] - ETA: 0s - loss: 2.0015 - accuracy: 0.2548
132/196 [===================>..........] - ETA: 0s - loss: 1.9996 - accuracy: 0.2559
136/196 [===================>..........] - ETA: 0s - loss: 1.9994 - accuracy: 0.2560
141/196 [====================>.........] - ETA: 0s - loss: 1.9996 - accuracy: 0.2558
145/196 [=====================>........] - ETA: 0s - loss: 1.9989 - accuracy: 0.2564
150/196 [=====================>........] - ETA: 0s - loss: 1.9995 - accuracy: 0.2573
154/196 [======================>.......] - ETA: 0s - loss: 2.0002 - accuracy: 0.2578
159/196 [=======================>......] - ETA: 0s - loss: 2.0014 - accuracy: 0.2584
163/196 [=======================>......] - ETA: 0s - loss: 2.0017 - accuracy: 0.2588
168/196 [========================>.....] - ETA: 0s - loss: 2.0008 - accuracy: 0.2591
173/196 [=========================>....] - ETA: 0s - loss: 2.0006 - accuracy: 0.2593
177/196 [==========================>...] - ETA: 0s - loss: 1.9992 - accuracy: 0.2601
181/196 [==========================>...] - ETA: 0s - loss: 1.9980 - accuracy: 0.2607
186/196 [===========================>..] - ETA: 0s - loss: 1.9983 - accuracy: 0.2609
191/196 [============================>.] - ETA: 0s - loss: 1.9974 - accuracy: 0.2608
195/196 [============================>.] - ETA: 0s - loss: 1.9960 - accuracy: 0.2612
196/196 [==============================] - 4s 19ms/step - loss: 1.9959 - accuracy: 0.2613 - val_loss: 1.8956 - val_accuracy: 0.3041
Epoch 7/201

  1/196 [..............................] - ETA: 3s - loss: 2.0741 - accuracy: 0.2852
  5/196 [..............................] - ETA: 2s - loss: 1.9406 - accuracy: 0.3109
 10/196 [>.............................] - ETA: 2s - loss: 1.9627 - accuracy: 0.3023
 14/196 [=>............................] - ETA: 2s - loss: 1.9587 - accuracy: 0.2963
 19/196 [=>............................] - ETA: 2s - loss: 1.9670 - accuracy: 0.2895
 23/196 [==>...........................] - ETA: 2s - loss: 1.9657 - accuracy: 0.2879
 28/196 [===>..........................] - ETA: 2s - loss: 1.9640 - accuracy: 0.2878
 32/196 [===>..........................] - ETA: 2s - loss: 1.9607 - accuracy: 0.2899
 36/196 [====>.........................] - ETA: 2s - loss: 1.9604 - accuracy: 0.2882
 40/196 [=====>........................] - ETA: 2s - loss: 1.9624 - accuracy: 0.2871
 45/196 [=====>........................] - ETA: 2s - loss: 1.9662 - accuracy: 0.2872
 49/196 [======>.......................] - ETA: 2s - loss: 1.9681 - accuracy: 0.2852
 54/196 [=======>......................] - ETA: 1s - loss: 1.9731 - accuracy: 0.2831
 58/196 [=======>......................] - ETA: 1s - loss: 1.9735 - accuracy: 0.2819
 63/196 [========>.....................] - ETA: 1s - loss: 1.9732 - accuracy: 0.2810
 67/196 [=========>....................] - ETA: 1s - loss: 1.9768 - accuracy: 0.2781
 72/196 [==========>...................] - ETA: 1s - loss: 1.9793 - accuracy: 0.2759
 76/196 [==========>...................] - ETA: 1s - loss: 1.9801 - accuracy: 0.2759
 81/196 [===========>..................] - ETA: 1s - loss: 1.9774 - accuracy: 0.2762
 85/196 [============>.................] - ETA: 1s - loss: 1.9736 - accuracy: 0.2767
 90/196 [============>.................] - ETA: 1s - loss: 1.9771 - accuracy: 0.2758
 94/196 [=============>................] - ETA: 1s - loss: 1.9816 - accuracy: 0.2741
 99/196 [==============>...............] - ETA: 1s - loss: 1.9832 - accuracy: 0.2731
103/196 [==============>...............] - ETA: 1s - loss: 1.9846 - accuracy: 0.2728
108/196 [===============>..............] - ETA: 1s - loss: 1.9841 - accuracy: 0.2725
112/196 [================>.............] - ETA: 1s - loss: 1.9828 - accuracy: 0.2732
116/196 [================>.............] - ETA: 1s - loss: 1.9810 - accuracy: 0.2735
121/196 [=================>............] - ETA: 1s - loss: 1.9815 - accuracy: 0.2734
125/196 [==================>...........] - ETA: 0s - loss: 1.9840 - accuracy: 0.2726
130/196 [==================>...........] - ETA: 0s - loss: 1.9834 - accuracy: 0.2721
134/196 [===================>..........] - ETA: 0s - loss: 1.9820 - accuracy: 0.2725
139/196 [====================>.........] - ETA: 0s - loss: 1.9800 - accuracy: 0.2734
143/196 [====================>.........] - ETA: 0s - loss: 1.9799 - accuracy: 0.2738
148/196 [=====================>........] - ETA: 0s - loss: 1.9805 - accuracy: 0.2733
152/196 [======================>.......] - ETA: 0s - loss: 1.9812 - accuracy: 0.2731
157/196 [=======================>......] - ETA: 0s - loss: 1.9831 - accuracy: 0.2723
161/196 [=======================>......] - ETA: 0s - loss: 1.9840 - accuracy: 0.2715
166/196 [========================>.....] - ETA: 0s - loss: 1.9834 - accuracy: 0.2711
170/196 [=========================>....] - ETA: 0s - loss: 1.9827 - accuracy: 0.2710
176/196 [=========================>....] - ETA: 0s - loss: 1.9820 - accuracy: 0.2708
180/196 [==========================>...] - ETA: 0s - loss: 1.9810 - accuracy: 0.2712
185/196 [===========================>..] - ETA: 0s - loss: 1.9824 - accuracy: 0.2712
189/196 [===========================>..] - ETA: 0s - loss: 1.9835 - accuracy: 0.2704
194/196 [============================>.] - ETA: 0s - loss: 1.9838 - accuracy: 0.2702
196/196 [==============================] - 4s 19ms/step - loss: 1.9833 - accuracy: 0.2705 - val_loss: 1.8494 - val_accuracy: 0.3239
Epoch 8/201

  1/196 [..............................] - ETA: 4s - loss: 1.9778 - accuracy: 0.3242
  6/196 [..............................] - ETA: 2s - loss: 1.9390 - accuracy: 0.2884
 10/196 [>.............................] - ETA: 2s - loss: 1.9348 - accuracy: 0.2945
 15/196 [=>............................] - ETA: 2s - loss: 1.9558 - accuracy: 0.2839
 19/196 [=>............................] - ETA: 2s - loss: 1.9772 - accuracy: 0.2753
 23/196 [==>...........................] - ETA: 2s - loss: 1.9976 - accuracy: 0.2643
 27/196 [===>..........................] - ETA: 2s - loss: 2.0100 - accuracy: 0.2607
 32/196 [===>..........................] - ETA: 2s - loss: 2.0290 - accuracy: 0.2532
 36/196 [====>.........................] - ETA: 2s - loss: 2.0270 - accuracy: 0.2514
 41/196 [=====>........................] - ETA: 2s - loss: 2.0240 - accuracy: 0.2528
 45/196 [=====>........................] - ETA: 2s - loss: 2.0172 - accuracy: 0.2545
 50/196 [======>.......................] - ETA: 2s - loss: 2.0144 - accuracy: 0.2547
 54/196 [=======>......................] - ETA: 1s - loss: 2.0104 - accuracy: 0.2560
 58/196 [=======>......................] - ETA: 2s - loss: 2.0048 - accuracy: 0.2573
 63/196 [========>.....................] - ETA: 1s - loss: 1.9987 - accuracy: 0.2589
 67/196 [=========>....................] - ETA: 1s - loss: 1.9984 - accuracy: 0.2589
 71/196 [=========>....................] - ETA: 1s - loss: 2.0005 - accuracy: 0.2584
 75/196 [==========>...................] - ETA: 1s - loss: 1.9981 - accuracy: 0.2602
 80/196 [===========>..................] - ETA: 1s - loss: 1.9968 - accuracy: 0.2614
 84/196 [===========>..................] - ETA: 1s - loss: 1.9961 - accuracy: 0.2625
 89/196 [============>.................] - ETA: 1s - loss: 1.9961 - accuracy: 0.2624
 94/196 [=============>................] - ETA: 1s - loss: 1.9956 - accuracy: 0.2629
 98/196 [==============>...............] - ETA: 1s - loss: 1.9940 - accuracy: 0.2633
103/196 [==============>...............] - ETA: 1s - loss: 1.9952 - accuracy: 0.2635
107/196 [===============>..............] - ETA: 1s - loss: 1.9958 - accuracy: 0.2633
112/196 [================>.............] - ETA: 1s - loss: 1.9937 - accuracy: 0.2635
117/196 [================>.............] - ETA: 1s - loss: 1.9918 - accuracy: 0.2644
120/196 [=================>............] - ETA: 1s - loss: 1.9911 - accuracy: 0.2646
125/196 [==================>...........] - ETA: 0s - loss: 1.9885 - accuracy: 0.2654
129/196 [==================>...........] - ETA: 0s - loss: 1.9876 - accuracy: 0.2655
134/196 [===================>..........] - ETA: 0s - loss: 1.9862 - accuracy: 0.2660
139/196 [====================>.........] - ETA: 0s - loss: 1.9854 - accuracy: 0.2664
143/196 [====================>.........] - ETA: 0s - loss: 1.9848 - accuracy: 0.2662
147/196 [=====================>........] - ETA: 0s - loss: 1.9833 - accuracy: 0.2662
152/196 [======================>.......] - ETA: 0s - loss: 1.9821 - accuracy: 0.2663
157/196 [=======================>......] - ETA: 0s - loss: 1.9798 - accuracy: 0.2673
161/196 [=======================>......] - ETA: 0s - loss: 1.9790 - accuracy: 0.2682
166/196 [========================>.....] - ETA: 0s - loss: 1.9783 - accuracy: 0.2688
170/196 [=========================>....] - ETA: 0s - loss: 1.9775 - accuracy: 0.2688
175/196 [=========================>....] - ETA: 0s - loss: 1.9749 - accuracy: 0.2702
179/196 [==========================>...] - ETA: 0s - loss: 1.9737 - accuracy: 0.2709
184/196 [===========================>..] - ETA: 0s - loss: 1.9739 - accuracy: 0.2702
188/196 [===========================>..] - ETA: 0s - loss: 1.9741 - accuracy: 0.2703
193/196 [============================>.] - ETA: 0s - loss: 1.9745 - accuracy: 0.2707
196/196 [==============================] - 4s 19ms/step - loss: 1.9746 - accuracy: 0.2704 - val_loss: 1.8596 - val_accuracy: 0.3049
Epoch 9/201

  1/196 [..............................] - ETA: 4s - loss: 1.9652 - accuracy: 0.2578
  5/196 [..............................] - ETA: 2s - loss: 1.9378 - accuracy: 0.2719
  9/196 [>.............................] - ETA: 2s - loss: 1.9523 - accuracy: 0.2695
 14/196 [=>............................] - ETA: 2s - loss: 1.9351 - accuracy: 0.2799
 18/196 [=>............................] - ETA: 2s - loss: 1.9335 - accuracy: 0.2760
 23/196 [==>...........................] - ETA: 2s - loss: 1.9177 - accuracy: 0.2838
 27/196 [===>..........................] - ETA: 2s - loss: 1.9301 - accuracy: 0.2799
 31/196 [===>..........................] - ETA: 2s - loss: 1.9312 - accuracy: 0.2796
 36/196 [====>.........................] - ETA: 2s - loss: 1.9330 - accuracy: 0.2801
 41/196 [=====>........................] - ETA: 2s - loss: 1.9367 - accuracy: 0.2793
 46/196 [======>.......................] - ETA: 2s - loss: 1.9398 - accuracy: 0.2807
 50/196 [======>.......................] - ETA: 2s - loss: 1.9435 - accuracy: 0.2795
 55/196 [=======>......................] - ETA: 1s - loss: 1.9410 - accuracy: 0.2816
 60/196 [========>.....................] - ETA: 1s - loss: 1.9425 - accuracy: 0.2826
 64/196 [========>.....................] - ETA: 1s - loss: 1.9420 - accuracy: 0.2828
 69/196 [=========>....................] - ETA: 1s - loss: 1.9422 - accuracy: 0.2838
 73/196 [==========>...................] - ETA: 1s - loss: 1.9435 - accuracy: 0.2836
 78/196 [==========>...................] - ETA: 1s - loss: 1.9427 - accuracy: 0.2844
 82/196 [===========>..................] - ETA: 1s - loss: 1.9432 - accuracy: 0.2836
 87/196 [============>.................] - ETA: 1s - loss: 1.9430 - accuracy: 0.2832
 92/196 [=============>................] - ETA: 1s - loss: 1.9464 - accuracy: 0.2830
 96/196 [=============>................] - ETA: 1s - loss: 1.9480 - accuracy: 0.2820
101/196 [==============>...............] - ETA: 1s - loss: 1.9512 - accuracy: 0.2805
105/196 [===============>..............] - ETA: 1s - loss: 1.9527 - accuracy: 0.2790
110/196 [===============>..............] - ETA: 1s - loss: 1.9609 - accuracy: 0.2751
114/196 [================>.............] - ETA: 1s - loss: 1.9654 - accuracy: 0.2734
120/196 [=================>............] - ETA: 1s - loss: 1.9703 - accuracy: 0.2711
127/196 [==================>...........] - ETA: 0s - loss: 1.9726 - accuracy: 0.2694
134/196 [===================>..........] - ETA: 0s - loss: 1.9747 - accuracy: 0.2685
140/196 [====================>.........] - ETA: 0s - loss: 1.9765 - accuracy: 0.2671
146/196 [=====================>........] - ETA: 0s - loss: 1.9771 - accuracy: 0.2667
153/196 [======================>.......] - ETA: 0s - loss: 1.9770 - accuracy: 0.2669
159/196 [=======================>......] - ETA: 0s - loss: 1.9782 - accuracy: 0.2665
165/196 [========================>.....] - ETA: 0s - loss: 1.9796 - accuracy: 0.2657
171/196 [=========================>....] - ETA: 0s - loss: 1.9806 - accuracy: 0.2654
178/196 [==========================>...] - ETA: 0s - loss: 1.9792 - accuracy: 0.2654
183/196 [===========================>..] - ETA: 0s - loss: 1.9787 - accuracy: 0.2654
189/196 [===========================>..] - ETA: 0s - loss: 1.9788 - accuracy: 0.2655
195/196 [============================>.] - ETA: 0s - loss: 1.9794 - accuracy: 0.2653
196/196 [==============================] - 3s 16ms/step - loss: 1.9795 - accuracy: 0.2652 - val_loss: 1.8743 - val_accuracy: 0.2696
Epoch 10/201

  1/196 [..............................] - ETA: 3s - loss: 1.9811 - accuracy: 0.2734
  7/196 [>.............................] - ETA: 1s - loss: 1.9670 - accuracy: 0.2723
 14/196 [=>............................] - ETA: 1s - loss: 1.9552 - accuracy: 0.2743
 20/196 [==>...........................] - ETA: 1s - loss: 1.9663 - accuracy: 0.2727
 26/196 [==>...........................] - ETA: 1s - loss: 1.9810 - accuracy: 0.2670
 32/196 [===>..........................] - ETA: 1s - loss: 1.9903 - accuracy: 0.2632
 39/196 [====>.........................] - ETA: 1s - loss: 1.9853 - accuracy: 0.2639
 45/196 [=====>........................] - ETA: 1s - loss: 1.9763 - accuracy: 0.2642
 52/196 [======>.......................] - ETA: 1s - loss: 1.9697 - accuracy: 0.2677
 59/196 [========>.....................] - ETA: 1s - loss: 1.9624 - accuracy: 0.2707
 65/196 [========>.....................] - ETA: 1s - loss: 1.9566 - accuracy: 0.2740
 70/196 [=========>....................] - ETA: 1s - loss: 1.9576 - accuracy: 0.2735
 74/196 [==========>...................] - ETA: 1s - loss: 1.9561 - accuracy: 0.2751
 79/196 [===========>..................] - ETA: 1s - loss: 1.9551 - accuracy: 0.2735
 83/196 [===========>..................] - ETA: 1s - loss: 1.9568 - accuracy: 0.2734
 88/196 [============>.................] - ETA: 1s - loss: 1.9547 - accuracy: 0.2734
 92/196 [=============>................] - ETA: 1s - loss: 1.9527 - accuracy: 0.2743
 97/196 [=============>................] - ETA: 1s - loss: 1.9484 - accuracy: 0.2767
101/196 [==============>...............] - ETA: 1s - loss: 1.9457 - accuracy: 0.2782
106/196 [===============>..............] - ETA: 1s - loss: 1.9437 - accuracy: 0.2786
110/196 [===============>..............] - ETA: 0s - loss: 1.9430 - accuracy: 0.2784
115/196 [================>.............] - ETA: 0s - loss: 1.9433 - accuracy: 0.2781
119/196 [=================>............] - ETA: 0s - loss: 1.9431 - accuracy: 0.2783
124/196 [=================>............] - ETA: 0s - loss: 1.9462 - accuracy: 0.2770
128/196 [==================>...........] - ETA: 0s - loss: 1.9482 - accuracy: 0.2764
133/196 [===================>..........] - ETA: 0s - loss: 1.9491 - accuracy: 0.2763
137/196 [===================>..........] - ETA: 0s - loss: 1.9502 - accuracy: 0.2759
142/196 [====================>.........] - ETA: 0s - loss: 1.9507 - accuracy: 0.2760
147/196 [=====================>........] - ETA: 0s - loss: 1.9497 - accuracy: 0.2764
151/196 [======================>.......] - ETA: 0s - loss: 1.9479 - accuracy: 0.2764
156/196 [======================>.......] - ETA: 0s - loss: 1.9479 - accuracy: 0.2761
160/196 [=======================>......] - ETA: 0s - loss: 1.9477 - accuracy: 0.2766
165/196 [========================>.....] - ETA: 0s - loss: 1.9478 - accuracy: 0.2770
169/196 [========================>.....] - ETA: 0s - loss: 1.9464 - accuracy: 0.2773
174/196 [=========================>....] - ETA: 0s - loss: 1.9464 - accuracy: 0.2777
179/196 [==========================>...] - ETA: 0s - loss: 1.9453 - accuracy: 0.2778
183/196 [===========================>..] - ETA: 0s - loss: 1.9451 - accuracy: 0.2776
188/196 [===========================>..] - ETA: 0s - loss: 1.9471 - accuracy: 0.2770
192/196 [============================>.] - ETA: 0s - loss: 1.9487 - accuracy: 0.2768
196/196 [==============================] - 3s 18ms/step - loss: 1.9505 - accuracy: 0.2769 - val_loss: 1.8681 - val_accuracy: 0.3210
Epoch 11/201

  1/196 [..............................] - ETA: 2s - loss: 1.9537 - accuracy: 0.2773
  5/196 [..............................] - ETA: 2s - loss: 1.9568 - accuracy: 0.2797
 10/196 [>.............................] - ETA: 2s - loss: 1.9244 - accuracy: 0.3000
 14/196 [=>............................] - ETA: 2s - loss: 1.9375 - accuracy: 0.3019
 19/196 [=>............................] - ETA: 2s - loss: 1.9368 - accuracy: 0.2977
 23/196 [==>...........................] - ETA: 2s - loss: 1.9335 - accuracy: 0.2969
 28/196 [===>..........................] - ETA: 2s - loss: 1.9254 - accuracy: 0.2980
 32/196 [===>..........................] - ETA: 2s - loss: 1.9266 - accuracy: 0.2981
 37/196 [====>.........................] - ETA: 2s - loss: 1.9279 - accuracy: 0.2957
 42/196 [=====>........................] - ETA: 2s - loss: 1.9298 - accuracy: 0.2946
 46/196 [======>.......................] - ETA: 2s - loss: 1.9272 - accuracy: 0.2948
 50/196 [======>.......................] - ETA: 2s - loss: 1.9297 - accuracy: 0.2937
 55/196 [=======>......................] - ETA: 1s - loss: 1.9261 - accuracy: 0.2934
 59/196 [========>.....................] - ETA: 1s - loss: 1.9241 - accuracy: 0.2938
 64/196 [========>.....................] - ETA: 1s - loss: 1.9251 - accuracy: 0.2936
 68/196 [=========>....................] - ETA: 1s - loss: 1.9238 - accuracy: 0.2926
 73/196 [==========>...................] - ETA: 1s - loss: 1.9262 - accuracy: 0.2920
 78/196 [==========>...................] - ETA: 1s - loss: 1.9254 - accuracy: 0.2933
 82/196 [===========>..................] - ETA: 1s - loss: 1.9251 - accuracy: 0.2941
 87/196 [============>.................] - ETA: 1s - loss: 1.9254 - accuracy: 0.2940
 91/196 [============>.................] - ETA: 1s - loss: 1.9264 - accuracy: 0.2940
 96/196 [=============>................] - ETA: 1s - loss: 1.9265 - accuracy: 0.2938
100/196 [==============>...............] - ETA: 1s - loss: 1.9269 - accuracy: 0.2937
105/196 [===============>..............] - ETA: 1s - loss: 1.9251 - accuracy: 0.2945
110/196 [===============>..............] - ETA: 1s - loss: 1.9250 - accuracy: 0.2953
115/196 [================>.............] - ETA: 1s - loss: 1.9270 - accuracy: 0.2950
119/196 [=================>............] - ETA: 1s - loss: 1.9284 - accuracy: 0.2939
124/196 [=================>............] - ETA: 0s - loss: 1.9293 - accuracy: 0.2934
127/196 [==================>...........] - ETA: 0s - loss: 1.9320 - accuracy: 0.2922
131/196 [===================>..........] - ETA: 0s - loss: 1.9359 - accuracy: 0.2902
136/196 [===================>..........] - ETA: 0s - loss: 1.9438 - accuracy: 0.2865
141/196 [====================>.........] - ETA: 0s - loss: 1.9477 - accuracy: 0.2848
145/196 [=====================>........] - ETA: 0s - loss: 1.9494 - accuracy: 0.2838
150/196 [=====================>........] - ETA: 0s - loss: 1.9518 - accuracy: 0.2822
154/196 [======================>.......] - ETA: 0s - loss: 1.9543 - accuracy: 0.2808
159/196 [=======================>......] - ETA: 0s - loss: 1.9586 - accuracy: 0.2788
164/196 [========================>.....] - ETA: 0s - loss: 1.9663 - accuracy: 0.2757
168/196 [========================>.....] - ETA: 0s - loss: 1.9708 - accuracy: 0.2737
173/196 [=========================>....] - ETA: 0s - loss: 1.9720 - accuracy: 0.2733
177/196 [==========================>...] - ETA: 0s - loss: 1.9726 - accuracy: 0.2732
182/196 [==========================>...] - ETA: 0s - loss: 1.9729 - accuracy: 0.2728
186/196 [===========================>..] - ETA: 0s - loss: 1.9723 - accuracy: 0.2730
191/196 [============================>.] - ETA: 0s - loss: 1.9716 - accuracy: 0.2736
195/196 [============================>.] - ETA: 0s - loss: 1.9704 - accuracy: 0.2738
196/196 [==============================] - 4s 19ms/step - loss: 1.9701 - accuracy: 0.2738 - val_loss: 1.8072 - val_accuracy: 0.3459
Epoch 12/201

  1/196 [..............................] - ETA: 3s - loss: 1.9393 - accuracy: 0.2773
  5/196 [..............................] - ETA: 2s - loss: 1.8966 - accuracy: 0.3148
 10/196 [>.............................] - ETA: 2s - loss: 1.9789 - accuracy: 0.2746
 14/196 [=>............................] - ETA: 2s - loss: 2.0149 - accuracy: 0.2606
 19/196 [=>............................] - ETA: 2s - loss: 2.0234 - accuracy: 0.2558
 23/196 [==>...........................] - ETA: 2s - loss: 2.0230 - accuracy: 0.2546
 28/196 [===>..........................] - ETA: 2s - loss: 2.0070 - accuracy: 0.2645
 32/196 [===>..........................] - ETA: 2s - loss: 1.9859 - accuracy: 0.2692
 37/196 [====>.........................] - ETA: 2s - loss: 1.9753 - accuracy: 0.2762
 41/196 [=====>........................] - ETA: 2s - loss: 1.9691 - accuracy: 0.2790
 46/196 [======>.......................] - ETA: 2s - loss: 1.9603 - accuracy: 0.2812
 50/196 [======>.......................] - ETA: 2s - loss: 1.9608 - accuracy: 0.2832
 55/196 [=======>......................] - ETA: 1s - loss: 1.9587 - accuracy: 0.2836
 60/196 [========>.....................] - ETA: 1s - loss: 1.9605 - accuracy: 0.2831
 65/196 [========>.....................] - ETA: 1s - loss: 1.9657 - accuracy: 0.2819
 69/196 [=========>....................] - ETA: 1s - loss: 1.9644 - accuracy: 0.2816
 74/196 [==========>...................] - ETA: 1s - loss: 1.9589 - accuracy: 0.2825
 78/196 [==========>...................] - ETA: 1s - loss: 1.9559 - accuracy: 0.2828
 83/196 [===========>..................] - ETA: 1s - loss: 1.9512 - accuracy: 0.2843
 87/196 [============>.................] - ETA: 1s - loss: 1.9509 - accuracy: 0.2839
 92/196 [=============>................] - ETA: 1s - loss: 1.9519 - accuracy: 0.2836
 96/196 [=============>................] - ETA: 1s - loss: 1.9511 - accuracy: 0.2838
101/196 [==============>...............] - ETA: 1s - loss: 1.9488 - accuracy: 0.2835
105/196 [===============>..............] - ETA: 1s - loss: 1.9464 - accuracy: 0.2848
110/196 [===============>..............] - ETA: 1s - loss: 1.9447 - accuracy: 0.2846
114/196 [================>.............] - ETA: 1s - loss: 1.9432 - accuracy: 0.2854
119/196 [=================>............] - ETA: 1s - loss: 1.9423 - accuracy: 0.2851
124/196 [=================>............] - ETA: 0s - loss: 1.9407 - accuracy: 0.2860
128/196 [==================>...........] - ETA: 0s - loss: 1.9381 - accuracy: 0.2867
133/196 [===================>..........] - ETA: 0s - loss: 1.9370 - accuracy: 0.2871
137/196 [===================>..........] - ETA: 0s - loss: 1.9360 - accuracy: 0.2875
142/196 [====================>.........] - ETA: 0s - loss: 1.9356 - accuracy: 0.2877
147/196 [=====================>........] - ETA: 0s - loss: 1.9360 - accuracy: 0.2874
151/196 [======================>.......] - ETA: 0s - loss: 1.9369 - accuracy: 0.2873
155/196 [======================>.......] - ETA: 0s - loss: 1.9369 - accuracy: 0.2874
160/196 [=======================>......] - ETA: 0s - loss: 1.9384 - accuracy: 0.2869
164/196 [========================>.....] - ETA: 0s - loss: 1.9389 - accuracy: 0.2865
169/196 [========================>.....] - ETA: 0s - loss: 1.9392 - accuracy: 0.2863
174/196 [=========================>....] - ETA: 0s - loss: 1.9381 - accuracy: 0.2866
177/196 [==========================>...] - ETA: 0s - loss: 1.9388 - accuracy: 0.2859
181/196 [==========================>...] - ETA: 0s - loss: 1.9406 - accuracy: 0.2851
186/196 [===========================>..] - ETA: 0s - loss: 1.9420 - accuracy: 0.2849
190/196 [============================>.] - ETA: 0s - loss: 1.9427 - accuracy: 0.2843
195/196 [============================>.] - ETA: 0s - loss: 1.9422 - accuracy: 0.2847
196/196 [==============================] - 4s 19ms/step - loss: 1.9419 - accuracy: 0.2848 - val_loss: 1.7863 - val_accuracy: 0.3536
Epoch 13/201

  1/196 [..............................] - ETA: 3s - loss: 1.8097 - accuracy: 0.3164
  6/196 [..............................] - ETA: 2s - loss: 1.8520 - accuracy: 0.3053
 10/196 [>.............................] - ETA: 2s - loss: 1.8631 - accuracy: 0.3090
 15/196 [=>............................] - ETA: 2s - loss: 1.8920 - accuracy: 0.3000
 19/196 [=>............................] - ETA: 2s - loss: 1.8959 - accuracy: 0.2993
 23/196 [==>...........................] - ETA: 2s - loss: 1.9025 - accuracy: 0.2979
 28/196 [===>..........................] - ETA: 2s - loss: 1.9034 - accuracy: 0.2980
 32/196 [===>..........................] - ETA: 2s - loss: 1.9044 - accuracy: 0.2977
 37/196 [====>.........................] - ETA: 2s - loss: 1.9071 - accuracy: 0.2968
 41/196 [=====>........................] - ETA: 2s - loss: 1.9120 - accuracy: 0.2975
 46/196 [======>.......................] - ETA: 2s - loss: 1.9114 - accuracy: 0.2959
 50/196 [======>.......................] - ETA: 2s - loss: 1.9100 - accuracy: 0.2969
 55/196 [=======>......................] - ETA: 1s - loss: 1.9076 - accuracy: 0.2989
 59/196 [========>.....................] - ETA: 1s - loss: 1.9103 - accuracy: 0.2991
 64/196 [========>.....................] - ETA: 1s - loss: 1.9128 - accuracy: 0.2986
 69/196 [=========>....................] - ETA: 1s - loss: 1.9167 - accuracy: 0.2977
 73/196 [==========>...................] - ETA: 1s - loss: 1.9209 - accuracy: 0.2971
 78/196 [==========>...................] - ETA: 1s - loss: 1.9266 - accuracy: 0.2951
 82/196 [===========>..................] - ETA: 1s - loss: 1.9301 - accuracy: 0.2940
 87/196 [============>.................] - ETA: 1s - loss: 1.9363 - accuracy: 0.2912
 91/196 [============>.................] - ETA: 1s - loss: 1.9404 - accuracy: 0.2892
 96/196 [=============>................] - ETA: 1s - loss: 1.9420 - accuracy: 0.2889
100/196 [==============>...............] - ETA: 1s - loss: 1.9442 - accuracy: 0.2869
105/196 [===============>..............] - ETA: 1s - loss: 1.9469 - accuracy: 0.2862
109/196 [===============>..............] - ETA: 1s - loss: 1.9475 - accuracy: 0.2853
115/196 [================>.............] - ETA: 1s - loss: 1.9503 - accuracy: 0.2837
119/196 [=================>............] - ETA: 1s - loss: 1.9505 - accuracy: 0.2834
124/196 [=================>............] - ETA: 0s - loss: 1.9509 - accuracy: 0.2831
128/196 [==================>...........] - ETA: 0s - loss: 1.9522 - accuracy: 0.2832
133/196 [===================>..........] - ETA: 0s - loss: 1.9538 - accuracy: 0.2818
137/196 [===================>..........] - ETA: 0s - loss: 1.9539 - accuracy: 0.2812
142/196 [====================>.........] - ETA: 0s - loss: 1.9548 - accuracy: 0.2802
146/196 [=====================>........] - ETA: 0s - loss: 1.9580 - accuracy: 0.2788
151/196 [======================>.......] - ETA: 0s - loss: 1.9582 - accuracy: 0.2785
156/196 [======================>.......] - ETA: 0s - loss: 1.9584 - accuracy: 0.2777
160/196 [=======================>......] - ETA: 0s - loss: 1.9593 - accuracy: 0.2773
165/196 [========================>.....] - ETA: 0s - loss: 1.9605 - accuracy: 0.2769
169/196 [========================>.....] - ETA: 0s - loss: 1.9639 - accuracy: 0.2757
174/196 [=========================>....] - ETA: 0s - loss: 1.9684 - accuracy: 0.2742
178/196 [==========================>...] - ETA: 0s - loss: 1.9715 - accuracy: 0.2728
183/196 [===========================>..] - ETA: 0s - loss: 1.9736 - accuracy: 0.2711
188/196 [===========================>..] - ETA: 0s - loss: 1.9780 - accuracy: 0.2695
192/196 [============================>.] - ETA: 0s - loss: 1.9803 - accuracy: 0.2686
196/196 [==============================] - 4s 19ms/step - loss: 1.9813 - accuracy: 0.2677 - val_loss: 1.9609 - val_accuracy: 0.2792
Epoch 14/201

  1/196 [..............................] - ETA: 3s - loss: 1.9844 - accuracy: 0.2422
  4/196 [..............................] - ETA: 3s - loss: 2.0506 - accuracy: 0.2295
  9/196 [>.............................] - ETA: 2s - loss: 2.0492 - accuracy: 0.2387
 13/196 [>.............................] - ETA: 2s - loss: 2.0181 - accuracy: 0.2557
 18/196 [=>............................] - ETA: 2s - loss: 2.0085 - accuracy: 0.2619
 22/196 [==>...........................] - ETA: 2s - loss: 1.9896 - accuracy: 0.2695
 27/196 [===>..........................] - ETA: 2s - loss: 1.9842 - accuracy: 0.2704
 31/196 [===>..........................] - ETA: 2s - loss: 1.9777 - accuracy: 0.2742
 36/196 [====>.........................] - ETA: 2s - loss: 1.9683 - accuracy: 0.2785
 40/196 [=====>........................] - ETA: 2s - loss: 1.9648 - accuracy: 0.2784
 45/196 [=====>........................] - ETA: 2s - loss: 1.9589 - accuracy: 0.2793
 49/196 [======>.......................] - ETA: 2s - loss: 1.9569 - accuracy: 0.2799
 54/196 [=======>......................] - ETA: 1s - loss: 1.9562 - accuracy: 0.2771
 59/196 [========>.....................] - ETA: 1s - loss: 1.9526 - accuracy: 0.2781
 64/196 [========>.....................] - ETA: 1s - loss: 1.9528 - accuracy: 0.2786
 68/196 [=========>....................] - ETA: 1s - loss: 1.9535 - accuracy: 0.2775
 73/196 [==========>...................] - ETA: 1s - loss: 1.9535 - accuracy: 0.2778
 77/196 [==========>...................] - ETA: 1s - loss: 1.9546 - accuracy: 0.2776
 82/196 [===========>..................] - ETA: 1s - loss: 1.9564 - accuracy: 0.2754
 86/196 [============>.................] - ETA: 1s - loss: 1.9559 - accuracy: 0.2758
 91/196 [============>.................] - ETA: 1s - loss: 1.9561 - accuracy: 0.2761
 95/196 [=============>................] - ETA: 1s - loss: 1.9569 - accuracy: 0.2755
100/196 [==============>...............] - ETA: 1s - loss: 1.9557 - accuracy: 0.2761
104/196 [==============>...............] - ETA: 1s - loss: 1.9544 - accuracy: 0.2763
108/196 [===============>..............] - ETA: 1s - loss: 1.9523 - accuracy: 0.2768
112/196 [================>.............] - ETA: 1s - loss: 1.9500 - accuracy: 0.2779
117/196 [================>.............] - ETA: 1s - loss: 1.9493 - accuracy: 0.2784
122/196 [=================>............] - ETA: 1s - loss: 1.9483 - accuracy: 0.2787
127/196 [==================>...........] - ETA: 0s - loss: 1.9465 - accuracy: 0.2790
131/196 [===================>..........] - ETA: 0s - loss: 1.9440 - accuracy: 0.2797
136/196 [===================>..........] - ETA: 0s - loss: 1.9415 - accuracy: 0.2801
141/196 [====================>.........] - ETA: 0s - loss: 1.9388 - accuracy: 0.2805
145/196 [=====================>........] - ETA: 0s - loss: 1.9399 - accuracy: 0.2807
150/196 [=====================>........] - ETA: 0s - loss: 1.9399 - accuracy: 0.2808
154/196 [======================>.......] - ETA: 0s - loss: 1.9406 - accuracy: 0.2811
159/196 [=======================>......] - ETA: 0s - loss: 1.9395 - accuracy: 0.2828
163/196 [=======================>......] - ETA: 0s - loss: 1.9391 - accuracy: 0.2836
168/196 [========================>.....] - ETA: 0s - loss: 1.9395 - accuracy: 0.2842
173/196 [=========================>....] - ETA: 0s - loss: 1.9380 - accuracy: 0.2849
177/196 [==========================>...] - ETA: 0s - loss: 1.9394 - accuracy: 0.2848
182/196 [==========================>...] - ETA: 0s - loss: 1.9397 - accuracy: 0.2848
186/196 [===========================>..] - ETA: 0s - loss: 1.9390 - accuracy: 0.2851
191/196 [============================>.] - ETA: 0s - loss: 1.9375 - accuracy: 0.2852
195/196 [============================>.] - ETA: 0s - loss: 1.9375 - accuracy: 0.2855
196/196 [==============================] - 4s 19ms/step - loss: 1.9376 - accuracy: 0.2855 - val_loss: 1.8444 - val_accuracy: 0.3179
Epoch 15/201

  1/196 [..............................] - ETA: 6s - loss: 1.9392 - accuracy: 0.2891
  6/196 [..............................] - ETA: 2s - loss: 1.9709 - accuracy: 0.2637
 11/196 [>.............................] - ETA: 2s - loss: 1.9799 - accuracy: 0.2592
 15/196 [=>............................] - ETA: 2s - loss: 2.0136 - accuracy: 0.2440
 20/196 [==>...........................] - ETA: 2s - loss: 1.9974 - accuracy: 0.2445
 24/196 [==>...........................] - ETA: 2s - loss: 1.9919 - accuracy: 0.2477
 29/196 [===>..........................] - ETA: 2s - loss: 1.9842 - accuracy: 0.2485
 33/196 [====>.........................] - ETA: 2s - loss: 1.9765 - accuracy: 0.2521
 38/196 [====>.........................] - ETA: 2s - loss: 1.9692 - accuracy: 0.2584
 43/196 [=====>........................] - ETA: 2s - loss: 1.9601 - accuracy: 0.2644
 47/196 [======>.......................] - ETA: 2s - loss: 1.9549 - accuracy: 0.2686
 51/196 [======>.......................] - ETA: 1s - loss: 1.9493 - accuracy: 0.2711
 56/196 [=======>......................] - ETA: 1s - loss: 1.9526 - accuracy: 0.2731
 61/196 [========>.....................] - ETA: 1s - loss: 1.9467 - accuracy: 0.2764
 65/196 [========>.....................] - ETA: 1s - loss: 1.9434 - accuracy: 0.2787
 70/196 [=========>....................] - ETA: 1s - loss: 1.9368 - accuracy: 0.2810
 74/196 [==========>...................] - ETA: 1s - loss: 1.9393 - accuracy: 0.2804
 79/196 [===========>..................] - ETA: 1s - loss: 1.9332 - accuracy: 0.2819
 83/196 [===========>..................] - ETA: 1s - loss: 1.9315 - accuracy: 0.2827
 88/196 [============>.................] - ETA: 1s - loss: 1.9280 - accuracy: 0.2839
 92/196 [=============>................] - ETA: 1s - loss: 1.9290 - accuracy: 0.2832
 97/196 [=============>................] - ETA: 1s - loss: 1.9313 - accuracy: 0.2829
101/196 [==============>...............] - ETA: 1s - loss: 1.9320 - accuracy: 0.2832
106/196 [===============>..............] - ETA: 1s - loss: 1.9301 - accuracy: 0.2836
110/196 [===============>..............] - ETA: 1s - loss: 1.9281 - accuracy: 0.2850
115/196 [================>.............] - ETA: 1s - loss: 1.9277 - accuracy: 0.2857
119/196 [=================>............] - ETA: 1s - loss: 1.9275 - accuracy: 0.2856
124/196 [=================>............] - ETA: 0s - loss: 1.9252 - accuracy: 0.2868
129/196 [==================>...........] - ETA: 0s - loss: 1.9239 - accuracy: 0.2873
134/196 [===================>..........] - ETA: 0s - loss: 1.9242 - accuracy: 0.2875
138/196 [====================>.........] - ETA: 0s - loss: 1.9237 - accuracy: 0.2872
142/196 [====================>.........] - ETA: 0s - loss: 1.9227 - accuracy: 0.2873
147/196 [=====================>........] - ETA: 0s - loss: 1.9218 - accuracy: 0.2878
151/196 [======================>.......] - ETA: 0s - loss: 1.9229 - accuracy: 0.2878
156/196 [======================>.......] - ETA: 0s - loss: 1.9230 - accuracy: 0.2879
161/196 [=======================>......] - ETA: 0s - loss: 1.9219 - accuracy: 0.2883
165/196 [========================>.....] - ETA: 0s - loss: 1.9215 - accuracy: 0.2878
170/196 [=========================>....] - ETA: 0s - loss: 1.9204 - accuracy: 0.2882
174/196 [=========================>....] - ETA: 0s - loss: 1.9199 - accuracy: 0.2882
179/196 [==========================>...] - ETA: 0s - loss: 1.9194 - accuracy: 0.2885
184/196 [===========================>..] - ETA: 0s - loss: 1.9201 - accuracy: 0.2881
188/196 [===========================>..] - ETA: 0s - loss: 1.9218 - accuracy: 0.2878
193/196 [============================>.] - ETA: 0s - loss: 1.9236 - accuracy: 0.2871
196/196 [==============================] - 4s 19ms/step - loss: 1.9238 - accuracy: 0.2867 - val_loss: 1.8546 - val_accuracy: 0.3138
Epoch 16/201

  1/196 [..............................] - ETA: 4s - loss: 1.8637 - accuracy: 0.2734
  6/196 [..............................] - ETA: 2s - loss: 1.9308 - accuracy: 0.2786
 10/196 [>.............................] - ETA: 2s - loss: 1.9368 - accuracy: 0.2715
 15/196 [=>............................] - ETA: 2s - loss: 1.9464 - accuracy: 0.2727
 19/196 [=>............................] - ETA: 2s - loss: 1.9650 - accuracy: 0.2681
 24/196 [==>...........................] - ETA: 2s - loss: 1.9736 - accuracy: 0.2713
 28/196 [===>..........................] - ETA: 2s - loss: 1.9803 - accuracy: 0.2684
 32/196 [===>..........................] - ETA: 2s - loss: 1.9801 - accuracy: 0.2679
 37/196 [====>.........................] - ETA: 2s - loss: 1.9814 - accuracy: 0.2696
 42/196 [=====>........................] - ETA: 2s - loss: 1.9816 - accuracy: 0.2691
 46/196 [======>.......................] - ETA: 2s - loss: 1.9832 - accuracy: 0.2692
 51/196 [======>.......................] - ETA: 1s - loss: 1.9815 - accuracy: 0.2701
 55/196 [=======>......................] - ETA: 1s - loss: 1.9790 - accuracy: 0.2722
 60/196 [========>.....................] - ETA: 1s - loss: 1.9731 - accuracy: 0.2745
 65/196 [========>.....................] - ETA: 1s - loss: 1.9676 - accuracy: 0.2769
 69/196 [=========>....................] - ETA: 1s - loss: 1.9625 - accuracy: 0.2779
 74/196 [==========>...................] - ETA: 1s - loss: 1.9544 - accuracy: 0.2799
 78/196 [==========>...................] - ETA: 1s - loss: 1.9529 - accuracy: 0.2794
 83/196 [===========>..................] - ETA: 1s - loss: 1.9480 - accuracy: 0.2804
 87/196 [============>.................] - ETA: 1s - loss: 1.9443 - accuracy: 0.2814
 92/196 [=============>................] - ETA: 1s - loss: 1.9418 - accuracy: 0.2825
 96/196 [=============>................] - ETA: 1s - loss: 1.9408 - accuracy: 0.2820
101/196 [==============>...............] - ETA: 1s - loss: 1.9393 - accuracy: 0.2817
106/196 [===============>..............] - ETA: 1s - loss: 1.9367 - accuracy: 0.2825
111/196 [===============>..............] - ETA: 1s - loss: 1.9360 - accuracy: 0.2831
115/196 [================>.............] - ETA: 1s - loss: 1.9346 - accuracy: 0.2839
120/196 [=================>............] - ETA: 1s - loss: 1.9335 - accuracy: 0.2856
124/196 [=================>............] - ETA: 0s - loss: 1.9340 - accuracy: 0.2862
129/196 [==================>...........] - ETA: 0s - loss: 1.9325 - accuracy: 0.2872
133/196 [===================>..........] - ETA: 0s - loss: 1.9329 - accuracy: 0.2865
138/196 [====================>.........] - ETA: 0s - loss: 1.9320 - accuracy: 0.2858
142/196 [====================>.........] - ETA: 0s - loss: 1.9315 - accuracy: 0.2864
147/196 [=====================>........] - ETA: 0s - loss: 1.9290 - accuracy: 0.2870
151/196 [======================>.......] - ETA: 0s - loss: 1.9284 - accuracy: 0.2872
156/196 [======================>.......] - ETA: 0s - loss: 1.9284 - accuracy: 0.2872
160/196 [=======================>......] - ETA: 0s - loss: 1.9299 - accuracy: 0.2867
165/196 [========================>.....] - ETA: 0s - loss: 1.9310 - accuracy: 0.2868
170/196 [=========================>....] - ETA: 0s - loss: 1.9300 - accuracy: 0.2877
174/196 [=========================>....] - ETA: 0s - loss: 1.9287 - accuracy: 0.2885
179/196 [==========================>...] - ETA: 0s - loss: 1.9280 - accuracy: 0.2889
184/196 [===========================>..] - ETA: 0s - loss: 1.9261 - accuracy: 0.2897
188/196 [===========================>..] - ETA: 0s - loss: 1.9267 - accuracy: 0.2896
193/196 [============================>.] - ETA: 0s - loss: 1.9265 - accuracy: 0.2895
196/196 [==============================] - 4s 19ms/step - loss: 1.9258 - accuracy: 0.2898 - val_loss: 1.7913 - val_accuracy: 0.3412
Epoch 17/201

  1/196 [..............................] - ETA: 3s - loss: 1.8071 - accuracy: 0.3320
  5/196 [..............................] - ETA: 3s - loss: 1.8701 - accuracy: 0.3195
 10/196 [>.............................] - ETA: 2s - loss: 1.8959 - accuracy: 0.3102
 14/196 [=>............................] - ETA: 2s - loss: 1.9011 - accuracy: 0.3092
 18/196 [=>............................] - ETA: 2s - loss: 1.9111 - accuracy: 0.3047
 23/196 [==>...........................] - ETA: 2s - loss: 1.9007 - accuracy: 0.3101
 27/196 [===>..........................] - ETA: 2s - loss: 1.8952 - accuracy: 0.3102
 32/196 [===>..........................] - ETA: 2s - loss: 1.8955 - accuracy: 0.3096
 37/196 [====>.........................] - ETA: 2s - loss: 1.8995 - accuracy: 0.3064
 41/196 [=====>........................] - ETA: 2s - loss: 1.9001 - accuracy: 0.3052
 46/196 [======>.......................] - ETA: 2s - loss: 1.9060 - accuracy: 0.3007
 50/196 [======>.......................] - ETA: 2s - loss: 1.9132 - accuracy: 0.2979
 55/196 [=======>......................] - ETA: 1s - loss: 1.9127 - accuracy: 0.2967
 59/196 [========>.....................] - ETA: 1s - loss: 1.9152 - accuracy: 0.2959
 64/196 [========>.....................] - ETA: 1s - loss: 1.9198 - accuracy: 0.2936
 68/196 [=========>....................] - ETA: 1s - loss: 1.9207 - accuracy: 0.2933
 72/196 [==========>...................] - ETA: 1s - loss: 1.9199 - accuracy: 0.2934
 77/196 [==========>...................] - ETA: 1s - loss: 1.9219 - accuracy: 0.2915
 81/196 [===========>..................] - ETA: 1s - loss: 1.9264 - accuracy: 0.2894
 86/196 [============>.................] - ETA: 1s - loss: 1.9310 - accuracy: 0.2883
 90/196 [============>.................] - ETA: 1s - loss: 1.9393 - accuracy: 0.2852
 95/196 [=============>................] - ETA: 1s - loss: 1.9470 - accuracy: 0.2816
 99/196 [==============>...............] - ETA: 1s - loss: 1.9512 - accuracy: 0.2799
104/196 [==============>...............] - ETA: 1s - loss: 1.9583 - accuracy: 0.2780
108/196 [===============>..............] - ETA: 1s - loss: 1.9631 - accuracy: 0.2758
113/196 [================>.............] - ETA: 1s - loss: 1.9674 - accuracy: 0.2748
118/196 [=================>............] - ETA: 1s - loss: 1.9717 - accuracy: 0.2736
122/196 [=================>............] - ETA: 1s - loss: 1.9742 - accuracy: 0.2729
127/196 [==================>...........] - ETA: 0s - loss: 1.9770 - accuracy: 0.2720
131/196 [===================>..........] - ETA: 0s - loss: 1.9798 - accuracy: 0.2711
136/196 [===================>..........] - ETA: 0s - loss: 1.9823 - accuracy: 0.2704
140/196 [====================>.........] - ETA: 0s - loss: 1.9842 - accuracy: 0.2705
145/196 [=====================>........] - ETA: 0s - loss: 1.9857 - accuracy: 0.2698
149/196 [=====================>........] - ETA: 0s - loss: 1.9878 - accuracy: 0.2688
154/196 [======================>.......] - ETA: 0s - loss: 1.9884 - accuracy: 0.2682
158/196 [=======================>......] - ETA: 0s - loss: 1.9882 - accuracy: 0.2679
163/196 [=======================>......] - ETA: 0s - loss: 1.9894 - accuracy: 0.2673
167/196 [========================>.....] - ETA: 0s - loss: 1.9897 - accuracy: 0.2672
171/196 [=========================>....] - ETA: 0s - loss: 1.9905 - accuracy: 0.2670
175/196 [=========================>....] - ETA: 0s - loss: 1.9922 - accuracy: 0.2665
179/196 [==========================>...] - ETA: 0s - loss: 1.9932 - accuracy: 0.2660
183/196 [===========================>..] - ETA: 0s - loss: 1.9947 - accuracy: 0.2657
188/196 [===========================>..] - ETA: 0s - loss: 1.9954 - accuracy: 0.2653
193/196 [============================>.] - ETA: 0s - loss: 1.9966 - accuracy: 0.2647
196/196 [==============================] - 4s 19ms/step - loss: 1.9969 - accuracy: 0.2646 - val_loss: 1.9294 - val_accuracy: 0.3002
Epoch 18/201

  1/196 [..............................] - ETA: 3s - loss: 2.0216 - accuracy: 0.2539
  5/196 [..............................] - ETA: 3s - loss: 2.0342 - accuracy: 0.2406
 10/196 [>.............................] - ETA: 2s - loss: 2.0035 - accuracy: 0.2508
 14/196 [=>............................] - ETA: 2s - loss: 1.9771 - accuracy: 0.2578
 19/196 [=>............................] - ETA: 2s - loss: 1.9786 - accuracy: 0.2642
 23/196 [==>...........................] - ETA: 2s - loss: 1.9656 - accuracy: 0.2700
 28/196 [===>..........................] - ETA: 2s - loss: 1.9599 - accuracy: 0.2747
 32/196 [===>..........................] - ETA: 2s - loss: 1.9600 - accuracy: 0.2778
 37/196 [====>.........................] - ETA: 2s - loss: 1.9646 - accuracy: 0.2769
 41/196 [=====>........................] - ETA: 2s - loss: 1.9685 - accuracy: 0.2760
 46/196 [======>.......................] - ETA: 2s - loss: 1.9738 - accuracy: 0.2755
 50/196 [======>.......................] - ETA: 2s - loss: 1.9729 - accuracy: 0.2773
 55/196 [=======>......................] - ETA: 1s - loss: 1.9701 - accuracy: 0.2781
 59/196 [========>.....................] - ETA: 1s - loss: 1.9636 - accuracy: 0.2808
 64/196 [========>.....................] - ETA: 1s - loss: 1.9631 - accuracy: 0.2815
 68/196 [=========>....................] - ETA: 1s - loss: 1.9665 - accuracy: 0.2802
 73/196 [==========>...................] - ETA: 1s - loss: 1.9659 - accuracy: 0.2810
 77/196 [==========>...................] - ETA: 1s - loss: 1.9627 - accuracy: 0.2820
 82/196 [===========>..................] - ETA: 1s - loss: 1.9581 - accuracy: 0.2843
 86/196 [============>.................] - ETA: 1s - loss: 1.9538 - accuracy: 0.2857
 91/196 [============>.................] - ETA: 1s - loss: 1.9512 - accuracy: 0.2869
 96/196 [=============>................] - ETA: 1s - loss: 1.9489 - accuracy: 0.2868
100/196 [==============>...............] - ETA: 1s - loss: 1.9492 - accuracy: 0.2871
105/196 [===============>..............] - ETA: 1s - loss: 1.9506 - accuracy: 0.2861
109/196 [===============>..............] - ETA: 1s - loss: 1.9489 - accuracy: 0.2870
114/196 [================>.............] - ETA: 1s - loss: 1.9494 - accuracy: 0.2871
118/196 [=================>............] - ETA: 1s - loss: 1.9489 - accuracy: 0.2869
123/196 [=================>............] - ETA: 1s - loss: 1.9468 - accuracy: 0.2872
127/196 [==================>...........] - ETA: 0s - loss: 1.9461 - accuracy: 0.2870
132/196 [===================>..........] - ETA: 0s - loss: 1.9445 - accuracy: 0.2872
136/196 [===================>..........] - ETA: 0s - loss: 1.9443 - accuracy: 0.2867
141/196 [====================>.........] - ETA: 0s - loss: 1.9427 - accuracy: 0.2872
146/196 [=====================>........] - ETA: 0s - loss: 1.9424 - accuracy: 0.2869
150/196 [=====================>........] - ETA: 0s - loss: 1.9420 - accuracy: 0.2871
154/196 [======================>.......] - ETA: 0s - loss: 1.9419 - accuracy: 0.2870
158/196 [=======================>......] - ETA: 0s - loss: 1.9411 - accuracy: 0.2868
163/196 [=======================>......] - ETA: 0s - loss: 1.9406 - accuracy: 0.2863
168/196 [========================>.....] - ETA: 0s - loss: 1.9400 - accuracy: 0.2861
172/196 [=========================>....] - ETA: 0s - loss: 1.9397 - accuracy: 0.2860
176/196 [=========================>....] - ETA: 0s - loss: 1.9384 - accuracy: 0.2864
181/196 [==========================>...] - ETA: 0s - loss: 1.9373 - accuracy: 0.2869
185/196 [===========================>..] - ETA: 0s - loss: 1.9366 - accuracy: 0.2869
190/196 [============================>.] - ETA: 0s - loss: 1.9367 - accuracy: 0.2867
194/196 [============================>.] - ETA: 0s - loss: 1.9359 - accuracy: 0.2871
196/196 [==============================] - 4s 19ms/step - loss: 1.9352 - accuracy: 0.2874 - val_loss: 1.8134 - val_accuracy: 0.3247
Epoch 19/201

  1/196 [..............................] - ETA: 6s - loss: 1.9344 - accuracy: 0.3125
  6/196 [..............................] - ETA: 2s - loss: 1.9009 - accuracy: 0.2930
 11/196 [>.............................] - ETA: 2s - loss: 1.9016 - accuracy: 0.2955
 15/196 [=>............................] - ETA: 2s - loss: 1.9078 - accuracy: 0.2971
 19/196 [=>............................] - ETA: 2s - loss: 1.8969 - accuracy: 0.2954
 24/196 [==>...........................] - ETA: 2s - loss: 1.8998 - accuracy: 0.2943
 28/196 [===>..........................] - ETA: 2s - loss: 1.8962 - accuracy: 0.2980
 32/196 [===>..........................] - ETA: 2s - loss: 1.9054 - accuracy: 0.2955
 36/196 [====>.........................] - ETA: 2s - loss: 1.9042 - accuracy: 0.2934
 41/196 [=====>........................] - ETA: 2s - loss: 1.9081 - accuracy: 0.2924
 46/196 [======>.......................] - ETA: 2s - loss: 1.9141 - accuracy: 0.2930
 50/196 [======>.......................] - ETA: 2s - loss: 1.9219 - accuracy: 0.2899
 55/196 [=======>......................] - ETA: 1s - loss: 1.9280 - accuracy: 0.2891
 60/196 [========>.....................] - ETA: 1s - loss: 1.9320 - accuracy: 0.2865
 64/196 [========>.....................] - ETA: 1s - loss: 1.9336 - accuracy: 0.2866
 69/196 [=========>....................] - ETA: 1s - loss: 1.9318 - accuracy: 0.2877
 73/196 [==========>...................] - ETA: 1s - loss: 1.9290 - accuracy: 0.2885
 78/196 [==========>...................] - ETA: 1s - loss: 1.9317 - accuracy: 0.2875
 82/196 [===========>..................] - ETA: 1s - loss: 1.9298 - accuracy: 0.2876
 87/196 [============>.................] - ETA: 1s - loss: 1.9309 - accuracy: 0.2869
 92/196 [=============>................] - ETA: 1s - loss: 1.9315 - accuracy: 0.2859
 96/196 [=============>................] - ETA: 1s - loss: 1.9289 - accuracy: 0.2878
101/196 [==============>...............] - ETA: 1s - loss: 1.9268 - accuracy: 0.2889
105/196 [===============>..............] - ETA: 1s - loss: 1.9266 - accuracy: 0.2885
110/196 [===============>..............] - ETA: 1s - loss: 1.9264 - accuracy: 0.2886
115/196 [================>.............] - ETA: 1s - loss: 1.9259 - accuracy: 0.2887
120/196 [=================>............] - ETA: 1s - loss: 1.9257 - accuracy: 0.2883
124/196 [=================>............] - ETA: 0s - loss: 1.9280 - accuracy: 0.2871
129/196 [==================>...........] - ETA: 0s - loss: 1.9295 - accuracy: 0.2865
134/196 [===================>..........] - ETA: 0s - loss: 1.9311 - accuracy: 0.2868
138/196 [====================>.........] - ETA: 0s - loss: 1.9333 - accuracy: 0.2859
142/196 [====================>.........] - ETA: 0s - loss: 1.9347 - accuracy: 0.2845
147/196 [=====================>........] - ETA: 0s - loss: 1.9383 - accuracy: 0.2830
152/196 [======================>.......] - ETA: 0s - loss: 1.9379 - accuracy: 0.2828
156/196 [======================>.......] - ETA: 0s - loss: 1.9374 - accuracy: 0.2836
161/196 [=======================>......] - ETA: 0s - loss: 1.9370 - accuracy: 0.2837
165/196 [========================>.....] - ETA: 0s - loss: 1.9361 - accuracy: 0.2845
170/196 [=========================>....] - ETA: 0s - loss: 1.9355 - accuracy: 0.2849
175/196 [=========================>....] - ETA: 0s - loss: 1.9349 - accuracy: 0.2852
179/196 [==========================>...] - ETA: 0s - loss: 1.9348 - accuracy: 0.2849
183/196 [===========================>..] - ETA: 0s - loss: 1.9337 - accuracy: 0.2856
188/196 [===========================>..] - ETA: 0s - loss: 1.9330 - accuracy: 0.2859
193/196 [============================>.] - ETA: 0s - loss: 1.9318 - accuracy: 0.2859
196/196 [==============================] - 4s 19ms/step - loss: 1.9313 - accuracy: 0.2859 - val_loss: 1.7910 - val_accuracy: 0.3421
Epoch 20/201

  1/196 [..............................] - ETA: 3s - loss: 1.8658 - accuracy: 0.3047
  5/196 [..............................] - ETA: 2s - loss: 1.9077 - accuracy: 0.2898
 10/196 [>.............................] - ETA: 2s - loss: 1.8900 - accuracy: 0.2941
 14/196 [=>............................] - ETA: 2s - loss: 1.8831 - accuracy: 0.2907
 19/196 [=>............................] - ETA: 2s - loss: 1.8774 - accuracy: 0.2954
 23/196 [==>...........................] - ETA: 2s - loss: 1.8800 - accuracy: 0.2947
 28/196 [===>..........................] - ETA: 2s - loss: 1.8933 - accuracy: 0.2889
 32/196 [===>..........................] - ETA: 2s - loss: 1.9017 - accuracy: 0.2859
 37/196 [====>.........................] - ETA: 2s - loss: 1.9138 - accuracy: 0.2812
 41/196 [=====>........................] - ETA: 2s - loss: 1.9191 - accuracy: 0.2771
 46/196 [======>.......................] - ETA: 2s - loss: 1.9233 - accuracy: 0.2770
 51/196 [======>.......................] - ETA: 1s - loss: 1.9209 - accuracy: 0.2771
 54/196 [=======>......................] - ETA: 1s - loss: 1.9186 - accuracy: 0.2771
 59/196 [========>.....................] - ETA: 1s - loss: 1.9191 - accuracy: 0.2789
 63/196 [========>.....................] - ETA: 1s - loss: 1.9186 - accuracy: 0.2799
 68/196 [=========>....................] - ETA: 1s - loss: 1.9189 - accuracy: 0.2809
 72/196 [==========>...................] - ETA: 1s - loss: 1.9175 - accuracy: 0.2809
 77/196 [==========>...................] - ETA: 1s - loss: 1.9190 - accuracy: 0.2817
 82/196 [===========>..................] - ETA: 1s - loss: 1.9206 - accuracy: 0.2807
 86/196 [============>.................] - ETA: 1s - loss: 1.9189 - accuracy: 0.2822
 91/196 [============>.................] - ETA: 1s - loss: 1.9194 - accuracy: 0.2808
 95/196 [=============>................] - ETA: 1s - loss: 1.9212 - accuracy: 0.2803
100/196 [==============>...............] - ETA: 1s - loss: 1.9230 - accuracy: 0.2802
104/196 [==============>...............] - ETA: 1s - loss: 1.9221 - accuracy: 0.2796
109/196 [===============>..............] - ETA: 1s - loss: 1.9237 - accuracy: 0.2787
113/196 [================>.............] - ETA: 1s - loss: 1.9246 - accuracy: 0.2781
118/196 [=================>............] - ETA: 1s - loss: 1.9270 - accuracy: 0.2778
123/196 [=================>............] - ETA: 0s - loss: 1.9295 - accuracy: 0.2772
127/196 [==================>...........] - ETA: 0s - loss: 1.9308 - accuracy: 0.2775
131/196 [===================>..........] - ETA: 0s - loss: 1.9331 - accuracy: 0.2767
136/196 [===================>..........] - ETA: 0s - loss: 1.9346 - accuracy: 0.2764
141/196 [====================>.........] - ETA: 0s - loss: 1.9362 - accuracy: 0.2758
145/196 [=====================>........] - ETA: 0s - loss: 1.9379 - accuracy: 0.2754
150/196 [=====================>........] - ETA: 0s - loss: 1.9418 - accuracy: 0.2743
154/196 [======================>.......] - ETA: 0s - loss: 1.9429 - accuracy: 0.2740
159/196 [=======================>......] - ETA: 0s - loss: 1.9452 - accuracy: 0.2735
163/196 [=======================>......] - ETA: 0s - loss: 1.9462 - accuracy: 0.2732
168/196 [========================>.....] - ETA: 0s - loss: 1.9485 - accuracy: 0.2730
172/196 [=========================>....] - ETA: 0s - loss: 1.9491 - accuracy: 0.2728
177/196 [==========================>...] - ETA: 0s - loss: 1.9498 - accuracy: 0.2730
182/196 [==========================>...] - ETA: 0s - loss: 1.9499 - accuracy: 0.2733
186/196 [===========================>..] - ETA: 0s - loss: 1.9492 - accuracy: 0.2735
190/196 [============================>.] - ETA: 0s - loss: 1.9485 - accuracy: 0.2740
195/196 [============================>.] - ETA: 0s - loss: 1.9480 - accuracy: 0.2742
196/196 [==============================] - 4s 19ms/step - loss: 1.9475 - accuracy: 0.2745 - val_loss: 1.8319 - val_accuracy: 0.3215
Epoch 21/201

  1/196 [..............................] - ETA: 6s - loss: 1.8538 - accuracy: 0.3242
  8/196 [>.............................] - ETA: 1s - loss: 1.9362 - accuracy: 0.2944
 15/196 [=>............................] - ETA: 1s - loss: 1.9689 - accuracy: 0.2737
 21/196 [==>...........................] - ETA: 1s - loss: 1.9785 - accuracy: 0.2686
 28/196 [===>..........................] - ETA: 1s - loss: 1.9812 - accuracy: 0.2701
 34/196 [====>.........................] - ETA: 1s - loss: 1.9720 - accuracy: 0.2731
 40/196 [=====>........................] - ETA: 1s - loss: 1.9666 - accuracy: 0.2708
 46/196 [======>.......................] - ETA: 1s - loss: 1.9602 - accuracy: 0.2739
 52/196 [======>.......................] - ETA: 1s - loss: 1.9519 - accuracy: 0.2788
 58/196 [=======>......................] - ETA: 1s - loss: 1.9437 - accuracy: 0.2816
 63/196 [========>.....................] - ETA: 1s - loss: 1.9379 - accuracy: 0.2836
 69/196 [=========>....................] - ETA: 1s - loss: 1.9304 - accuracy: 0.2878
 74/196 [==========>...................] - ETA: 1s - loss: 1.9240 - accuracy: 0.2901
 80/196 [===========>..................] - ETA: 1s - loss: 1.9183 - accuracy: 0.2936
 86/196 [============>.................] - ETA: 1s - loss: 1.9152 - accuracy: 0.2957
 91/196 [============>.................] - ETA: 1s - loss: 1.9124 - accuracy: 0.2960
 98/196 [==============>...............] - ETA: 0s - loss: 1.9099 - accuracy: 0.2968
104/196 [==============>...............] - ETA: 0s - loss: 1.9070 - accuracy: 0.2978
110/196 [===============>..............] - ETA: 0s - loss: 1.9065 - accuracy: 0.2975
115/196 [================>.............] - ETA: 0s - loss: 1.9062 - accuracy: 0.2971
121/196 [=================>............] - ETA: 0s - loss: 1.9060 - accuracy: 0.2974
127/196 [==================>...........] - ETA: 0s - loss: 1.9031 - accuracy: 0.2974
133/196 [===================>..........] - ETA: 0s - loss: 1.9004 - accuracy: 0.2984
139/196 [====================>.........] - ETA: 0s - loss: 1.8990 - accuracy: 0.2983
145/196 [=====================>........] - ETA: 0s - loss: 1.8997 - accuracy: 0.2985
152/196 [======================>.......] - ETA: 0s - loss: 1.8983 - accuracy: 0.2990
159/196 [=======================>......] - ETA: 0s - loss: 1.8973 - accuracy: 0.2996
164/196 [========================>.....] - ETA: 0s - loss: 1.8965 - accuracy: 0.3000
171/196 [=========================>....] - ETA: 0s - loss: 1.8963 - accuracy: 0.3004
178/196 [==========================>...] - ETA: 0s - loss: 1.8953 - accuracy: 0.3006
185/196 [===========================>..] - ETA: 0s - loss: 1.8968 - accuracy: 0.3003
191/196 [============================>.] - ETA: 0s - loss: 1.8969 - accuracy: 0.3001
196/196 [==============================] - 3s 14ms/step - loss: 1.8973 - accuracy: 0.2998 - val_loss: 1.8430 - val_accuracy: 0.3046
Epoch 22/201

  1/196 [..............................] - ETA: 6s - loss: 1.9866 - accuracy: 0.2422
  6/196 [..............................] - ETA: 2s - loss: 1.9496 - accuracy: 0.2702
 10/196 [>.............................] - ETA: 2s - loss: 1.9604 - accuracy: 0.2715
 15/196 [=>............................] - ETA: 2s - loss: 1.9548 - accuracy: 0.2698
 20/196 [==>...........................] - ETA: 2s - loss: 1.9479 - accuracy: 0.2717
 24/196 [==>...........................] - ETA: 2s - loss: 1.9563 - accuracy: 0.2686
 28/196 [===>..........................] - ETA: 2s - loss: 1.9645 - accuracy: 0.2674
 33/196 [====>.........................] - ETA: 2s - loss: 1.9653 - accuracy: 0.2693
 38/196 [====>.........................] - ETA: 2s - loss: 1.9618 - accuracy: 0.2684
 42/196 [=====>........................] - ETA: 2s - loss: 1.9508 - accuracy: 0.2713
 47/196 [======>.......................] - ETA: 2s - loss: 1.9453 - accuracy: 0.2737
 51/196 [======>.......................] - ETA: 1s - loss: 1.9432 - accuracy: 0.2750
 56/196 [=======>......................] - ETA: 1s - loss: 1.9409 - accuracy: 0.2768
 60/196 [========>.....................] - ETA: 1s - loss: 1.9373 - accuracy: 0.2790
 65/196 [========>.....................] - ETA: 1s - loss: 1.9387 - accuracy: 0.2799
 69/196 [=========>....................] - ETA: 1s - loss: 1.9441 - accuracy: 0.2784
 74/196 [==========>...................] - ETA: 1s - loss: 1.9581 - accuracy: 0.2724
 78/196 [==========>...................] - ETA: 1s - loss: 1.9669 - accuracy: 0.2691
 83/196 [===========>..................] - ETA: 1s - loss: 1.9739 - accuracy: 0.2664
 87/196 [============>.................] - ETA: 1s - loss: 1.9751 - accuracy: 0.2662
 92/196 [=============>................] - ETA: 1s - loss: 1.9741 - accuracy: 0.2664
 96/196 [=============>................] - ETA: 1s - loss: 1.9740 - accuracy: 0.2662
101/196 [==============>...............] - ETA: 1s - loss: 1.9745 - accuracy: 0.2652
106/196 [===============>..............] - ETA: 1s - loss: 1.9725 - accuracy: 0.2656
111/196 [===============>..............] - ETA: 1s - loss: 1.9700 - accuracy: 0.2667
115/196 [================>.............] - ETA: 1s - loss: 1.9695 - accuracy: 0.2667
120/196 [=================>............] - ETA: 1s - loss: 1.9695 - accuracy: 0.2665
124/196 [=================>............] - ETA: 0s - loss: 1.9678 - accuracy: 0.2671
129/196 [==================>...........] - ETA: 0s - loss: 1.9666 - accuracy: 0.2668
133/196 [===================>..........] - ETA: 0s - loss: 1.9657 - accuracy: 0.2676
138/196 [====================>.........] - ETA: 0s - loss: 1.9661 - accuracy: 0.2678
143/196 [====================>.........] - ETA: 0s - loss: 1.9645 - accuracy: 0.2690
147/196 [=====================>........] - ETA: 0s - loss: 1.9637 - accuracy: 0.2698
152/196 [======================>.......] - ETA: 0s - loss: 1.9608 - accuracy: 0.2702
156/196 [======================>.......] - ETA: 0s - loss: 1.9597 - accuracy: 0.2706
160/196 [=======================>......] - ETA: 0s - loss: 1.9566 - accuracy: 0.2724
165/196 [========================>.....] - ETA: 0s - loss: 1.9562 - accuracy: 0.2733
170/196 [=========================>....] - ETA: 0s - loss: 1.9569 - accuracy: 0.2725
174/196 [=========================>....] - ETA: 0s - loss: 1.9578 - accuracy: 0.2720
179/196 [==========================>...] - ETA: 0s - loss: 1.9586 - accuracy: 0.2717
183/196 [===========================>..] - ETA: 0s - loss: 1.9583 - accuracy: 0.2719
188/196 [===========================>..] - ETA: 0s - loss: 1.9583 - accuracy: 0.2717
192/196 [============================>.] - ETA: 0s - loss: 1.9577 - accuracy: 0.2713
196/196 [==============================] - 4s 19ms/step - loss: 1.9585 - accuracy: 0.2712 - val_loss: 1.8761 - val_accuracy: 0.2812
Epoch 22: early stopping

  1/313 [..............................] - ETA: 4s - loss: 1.7548 - accuracy: 0.4062
 17/313 [>.............................] - ETA: 1s - loss: 1.9113 - accuracy: 0.2739
 35/313 [==>...........................] - ETA: 1s - loss: 1.9078 - accuracy: 0.2732
 55/313 [====>.........................] - ETA: 0s - loss: 1.8827 - accuracy: 0.2915
 74/313 [======>.......................] - ETA: 0s - loss: 1.8892 - accuracy: 0.2800
 88/313 [=======>......................] - ETA: 0s - loss: 1.8929 - accuracy: 0.2827
106/313 [=========>....................] - ETA: 0s - loss: 1.8872 - accuracy: 0.2883
125/313 [==========>...................] - ETA: 0s - loss: 1.8869 - accuracy: 0.2867
143/313 [============>.................] - ETA: 0s - loss: 1.8831 - accuracy: 0.2876
162/313 [==============>...............] - ETA: 0s - loss: 1.8810 - accuracy: 0.2872
181/313 [================>.............] - ETA: 0s - loss: 1.8856 - accuracy: 0.2859
198/313 [=================>............] - ETA: 0s - loss: 1.8823 - accuracy: 0.2844
218/313 [===================>..........] - ETA: 0s - loss: 1.8839 - accuracy: 0.2834
236/313 [=====================>........] - ETA: 0s - loss: 1.8821 - accuracy: 0.2830
253/313 [=======================>......] - ETA: 0s - loss: 1.8792 - accuracy: 0.2829
272/313 [=========================>....] - ETA: 0s - loss: 1.8809 - accuracy: 0.2812
290/313 [==========================>...] - ETA: 0s - loss: 1.8790 - accuracy: 0.2804
309/313 [============================>.] - ETA: 0s - loss: 1.8760 - accuracy: 0.2814
313/313 [==============================] - 1s 3ms/step - loss: 1.8761 - accuracy: 0.2812
