2024-07-27 10:38:57.984004: I tensorflow/core/platform/cpu_feature_guard.cc:193] This TensorFlow binary is optimized with oneAPI Deep Neural Network Library (oneDNN) to use the following CPU instructions in performance-critical operations:  AVX AVX2
To enable them in other operations, rebuild TensorFlow with the appropriate compiler flags.
2024-07-27 10:38:58.630053: I tensorflow/core/common_runtime/gpu/gpu_device.cc:1616] Created device /job:localhost/replica:0/task:0/device:GPU:0 with 6656 MB memory:  -> device: 0, name: NVIDIA GeForce RTX 4060 Ti, pci bus id: 0000:01:00.0, compute capability: 8.9
1 Physical GPUs, 1 Logical GPUs
Model: "sequential"
_________________________________________________________________
 Layer (type)                Output Shape              Param #   
=================================================================
 conv2d (Conv2D)             (None, 32, 32, 32)        896       
                                                                 
 dropout (Dropout)           (None, 32, 32, 32)        0         
                                                                 
 flatten (Flatten)           (None, 32768)             0         
                                                                 
 dense (Dense)               (None, 52)                1703988   
                                                                 
 dropout_1 (Dropout)         (None, 52)                0         
                                                                 
 dense_1 (Dense)             (None, 10)                530       
                                                                 
=================================================================
Total params: 1,705,414
Trainable params: 1,705,414
Non-trainable params: 0
_________________________________________________________________
Taxa de aprendizado:  0.001 Num de épocas:  99 Tamanho do lote:  32 Dropout:  0.26
Epoch 1/99
2024-07-27 10:39:00.030684: I tensorflow/stream_executor/cuda/cuda_dnn.cc:384] Loaded cuDNN version 8100
2024-07-27 10:39:01.051848: W tensorflow/stream_executor/gpu/redzone_allocator.cc:314] INTERNAL: ptxas exited with non-zero error code -1, output: 
Relying on driver to perform ptx compilation. 
Modify $PATH to customize ptxas location.
This message will be only logged once.
2024-07-27 10:39:01.877062: I tensorflow/stream_executor/cuda/cuda_blas.cc:1614] TensorFloat-32 will be used for the matrix multiplication. This will only be logged once.

   1/1563 [..............................] - ETA: 1:24:25 - loss: 2.4171 - accuracy: 0.0625
  14/1563 [..............................] - ETA: 7s - loss: 3.3004 - accuracy: 0.1161     
  28/1563 [..............................] - ETA: 6s - loss: 2.9178 - accuracy: 0.1306
  42/1563 [..............................] - ETA: 6s - loss: 2.6615 - accuracy: 0.1570
  59/1563 [>.............................] - ETA: 6s - loss: 2.4846 - accuracy: 0.1928
  73/1563 [>.............................] - ETA: 6s - loss: 2.3869 - accuracy: 0.2110
  87/1563 [>.............................] - ETA: 5s - loss: 2.3100 - accuracy: 0.2267
 104/1563 [>.............................] - ETA: 5s - loss: 2.2434 - accuracy: 0.2419
 120/1563 [=>............................] - ETA: 5s - loss: 2.1829 - accuracy: 0.2562
 137/1563 [=>............................] - ETA: 5s - loss: 2.1357 - accuracy: 0.2701
 154/1563 [=>............................] - ETA: 5s - loss: 2.0931 - accuracy: 0.2825
 167/1563 [==>...........................] - ETA: 5s - loss: 2.0665 - accuracy: 0.2904
 182/1563 [==>...........................] - ETA: 5s - loss: 2.0358 - accuracy: 0.2976
 197/1563 [==>...........................] - ETA: 5s - loss: 2.0139 - accuracy: 0.3030
 212/1563 [===>..........................] - ETA: 5s - loss: 1.9878 - accuracy: 0.3134
 228/1563 [===>..........................] - ETA: 5s - loss: 1.9602 - accuracy: 0.3214
 243/1563 [===>..........................] - ETA: 5s - loss: 1.9375 - accuracy: 0.3272
 260/1563 [===>..........................] - ETA: 5s - loss: 1.9144 - accuracy: 0.3334
 275/1563 [====>.........................] - ETA: 5s - loss: 1.8987 - accuracy: 0.3383
 293/1563 [====>.........................] - ETA: 4s - loss: 1.8821 - accuracy: 0.3414
 311/1563 [====>.........................] - ETA: 4s - loss: 1.8648 - accuracy: 0.3453
 329/1563 [=====>........................] - ETA: 4s - loss: 1.8476 - accuracy: 0.3509
 351/1563 [=====>........................] - ETA: 4s - loss: 1.8320 - accuracy: 0.3562
 370/1563 [======>.......................] - ETA: 4s - loss: 1.8161 - accuracy: 0.3617
 392/1563 [======>.......................] - ETA: 4s - loss: 1.7981 - accuracy: 0.3673
 414/1563 [======>.......................] - ETA: 4s - loss: 1.7798 - accuracy: 0.3730
 437/1563 [=======>......................] - ETA: 4s - loss: 1.7680 - accuracy: 0.3767
 459/1563 [=======>......................] - ETA: 3s - loss: 1.7537 - accuracy: 0.3815
 483/1563 [========>.....................] - ETA: 3s - loss: 1.7384 - accuracy: 0.3867
 506/1563 [========>.....................] - ETA: 3s - loss: 1.7255 - accuracy: 0.3903
 530/1563 [=========>....................] - ETA: 3s - loss: 1.7167 - accuracy: 0.3930
 552/1563 [=========>....................] - ETA: 3s - loss: 1.7068 - accuracy: 0.3968
 571/1563 [=========>....................] - ETA: 3s - loss: 1.7002 - accuracy: 0.3991
 589/1563 [==========>...................] - ETA: 3s - loss: 1.6927 - accuracy: 0.4017
 608/1563 [==========>...................] - ETA: 3s - loss: 1.6852 - accuracy: 0.4041
 624/1563 [==========>...................] - ETA: 3s - loss: 1.6771 - accuracy: 0.4066
 640/1563 [===========>..................] - ETA: 3s - loss: 1.6722 - accuracy: 0.4081
 653/1563 [===========>..................] - ETA: 3s - loss: 1.6686 - accuracy: 0.4096
 668/1563 [===========>..................] - ETA: 3s - loss: 1.6643 - accuracy: 0.4110
 686/1563 [============>.................] - ETA: 3s - loss: 1.6580 - accuracy: 0.4134
 703/1563 [============>.................] - ETA: 2s - loss: 1.6517 - accuracy: 0.4160
 720/1563 [============>.................] - ETA: 2s - loss: 1.6459 - accuracy: 0.4176
 738/1563 [=============>................] - ETA: 2s - loss: 1.6429 - accuracy: 0.4182
 756/1563 [=============>................] - ETA: 2s - loss: 1.6381 - accuracy: 0.4197
 774/1563 [=============>................] - ETA: 2s - loss: 1.6344 - accuracy: 0.4211
 792/1563 [==============>...............] - ETA: 2s - loss: 1.6317 - accuracy: 0.4222
 810/1563 [==============>...............] - ETA: 2s - loss: 1.6278 - accuracy: 0.4231
 828/1563 [==============>...............] - ETA: 2s - loss: 1.6247 - accuracy: 0.4239
 847/1563 [===============>..............] - ETA: 2s - loss: 1.6210 - accuracy: 0.4249
 864/1563 [===============>..............] - ETA: 2s - loss: 1.6155 - accuracy: 0.4267
 881/1563 [===============>..............] - ETA: 2s - loss: 1.6121 - accuracy: 0.4277
 897/1563 [================>.............] - ETA: 2s - loss: 1.6080 - accuracy: 0.4290
 915/1563 [================>.............] - ETA: 2s - loss: 1.6039 - accuracy: 0.4301
 933/1563 [================>.............] - ETA: 2s - loss: 1.5992 - accuracy: 0.4319
 950/1563 [=================>............] - ETA: 2s - loss: 1.5957 - accuracy: 0.4333
 968/1563 [=================>............] - ETA: 2s - loss: 1.5920 - accuracy: 0.4352
 985/1563 [=================>............] - ETA: 2s - loss: 1.5893 - accuracy: 0.4359
1005/1563 [==================>...........] - ETA: 1s - loss: 1.5853 - accuracy: 0.4376
1022/1563 [==================>...........] - ETA: 1s - loss: 1.5827 - accuracy: 0.4383
1040/1563 [==================>...........] - ETA: 1s - loss: 1.5789 - accuracy: 0.4398
1057/1563 [===================>..........] - ETA: 1s - loss: 1.5757 - accuracy: 0.4409
1075/1563 [===================>..........] - ETA: 1s - loss: 1.5724 - accuracy: 0.4424
1094/1563 [===================>..........] - ETA: 1s - loss: 1.5674 - accuracy: 0.4438
1111/1563 [====================>.........] - ETA: 1s - loss: 1.5654 - accuracy: 0.4446
1129/1563 [====================>.........] - ETA: 1s - loss: 1.5622 - accuracy: 0.4463
1146/1563 [====================>.........] - ETA: 1s - loss: 1.5588 - accuracy: 0.4478
1164/1563 [=====================>........] - ETA: 1s - loss: 1.5557 - accuracy: 0.4485
1181/1563 [=====================>........] - ETA: 1s - loss: 1.5540 - accuracy: 0.4490
1198/1563 [=====================>........] - ETA: 1s - loss: 1.5519 - accuracy: 0.4495
1216/1563 [======================>.......] - ETA: 1s - loss: 1.5494 - accuracy: 0.4502
1234/1563 [======================>.......] - ETA: 1s - loss: 1.5467 - accuracy: 0.4514
1252/1563 [=======================>......] - ETA: 1s - loss: 1.5437 - accuracy: 0.4521
1267/1563 [=======================>......] - ETA: 1s - loss: 1.5416 - accuracy: 0.4530
1284/1563 [=======================>......] - ETA: 0s - loss: 1.5397 - accuracy: 0.4535
1300/1563 [=======================>......] - ETA: 0s - loss: 1.5382 - accuracy: 0.4539
1318/1563 [========================>.....] - ETA: 0s - loss: 1.5356 - accuracy: 0.4546
1336/1563 [========================>.....] - ETA: 0s - loss: 1.5328 - accuracy: 0.4555
1352/1563 [========================>.....] - ETA: 0s - loss: 1.5307 - accuracy: 0.4561
1370/1563 [=========================>....] - ETA: 0s - loss: 1.5287 - accuracy: 0.4566
1389/1563 [=========================>....] - ETA: 0s - loss: 1.5267 - accuracy: 0.4575
1406/1563 [=========================>....] - ETA: 0s - loss: 1.5248 - accuracy: 0.4580
1425/1563 [==========================>...] - ETA: 0s - loss: 1.5233 - accuracy: 0.4583
1444/1563 [==========================>...] - ETA: 0s - loss: 1.5207 - accuracy: 0.4595
1461/1563 [===========================>..] - ETA: 0s - loss: 1.5195 - accuracy: 0.4600
1479/1563 [===========================>..] - ETA: 0s - loss: 1.5178 - accuracy: 0.4606
1497/1563 [===========================>..] - ETA: 0s - loss: 1.5157 - accuracy: 0.4615
1516/1563 [============================>.] - ETA: 0s - loss: 1.5127 - accuracy: 0.4623
1532/1563 [============================>.] - ETA: 0s - loss: 1.5108 - accuracy: 0.4628
1547/1563 [============================>.] - ETA: 0s - loss: 1.5088 - accuracy: 0.4634
1563/1563 [==============================] - 10s 4ms/step - loss: 1.5078 - accuracy: 0.4636 - val_loss: 1.2612 - val_accuracy: 0.5534
Epoch 2/99

   1/1563 [..............................] - ETA: 0s - loss: 0.9942 - accuracy: 0.5938
  15/1563 [..............................] - ETA: 6s - loss: 1.2014 - accuracy: 0.5792
  32/1563 [..............................] - ETA: 6s - loss: 1.2280 - accuracy: 0.5625
  50/1563 [..............................] - ETA: 5s - loss: 1.2345 - accuracy: 0.5644
  68/1563 [>.............................] - ETA: 5s - loss: 1.2501 - accuracy: 0.5551
  84/1563 [>.............................] - ETA: 5s - loss: 1.2439 - accuracy: 0.5610
 103/1563 [>.............................] - ETA: 5s - loss: 1.2529 - accuracy: 0.5555
 123/1563 [=>............................] - ETA: 5s - loss: 1.2342 - accuracy: 0.5605
 142/1563 [=>............................] - ETA: 5s - loss: 1.2333 - accuracy: 0.5587
 160/1563 [==>...........................] - ETA: 4s - loss: 1.2387 - accuracy: 0.5590
 177/1563 [==>...........................] - ETA: 4s - loss: 1.2348 - accuracy: 0.5606
 190/1563 [==>...........................] - ETA: 4s - loss: 1.2320 - accuracy: 0.5607
 207/1563 [==>...........................] - ETA: 4s - loss: 1.2296 - accuracy: 0.5611
 225/1563 [===>..........................] - ETA: 4s - loss: 1.2308 - accuracy: 0.5600
 243/1563 [===>..........................] - ETA: 4s - loss: 1.2327 - accuracy: 0.5584
 262/1563 [====>.........................] - ETA: 4s - loss: 1.2341 - accuracy: 0.5586
 280/1563 [====>.........................] - ETA: 4s - loss: 1.2339 - accuracy: 0.5585
 295/1563 [====>.........................] - ETA: 4s - loss: 1.2315 - accuracy: 0.5596
 310/1563 [====>.........................] - ETA: 4s - loss: 1.2293 - accuracy: 0.5609
 328/1563 [=====>........................] - ETA: 4s - loss: 1.2280 - accuracy: 0.5624
 346/1563 [=====>........................] - ETA: 4s - loss: 1.2276 - accuracy: 0.5624
 365/1563 [======>.......................] - ETA: 4s - loss: 1.2302 - accuracy: 0.5622
 380/1563 [======>.......................] - ETA: 4s - loss: 1.2298 - accuracy: 0.5627
 395/1563 [======>.......................] - ETA: 4s - loss: 1.2294 - accuracy: 0.5635
 412/1563 [======>.......................] - ETA: 4s - loss: 1.2318 - accuracy: 0.5636
 425/1563 [=======>......................] - ETA: 4s - loss: 1.2317 - accuracy: 0.5637
 443/1563 [=======>......................] - ETA: 4s - loss: 1.2318 - accuracy: 0.5638
 459/1563 [=======>......................] - ETA: 3s - loss: 1.2309 - accuracy: 0.5648
 477/1563 [========>.....................] - ETA: 3s - loss: 1.2348 - accuracy: 0.5632
 492/1563 [========>.....................] - ETA: 3s - loss: 1.2355 - accuracy: 0.5629
 508/1563 [========>.....................] - ETA: 3s - loss: 1.2368 - accuracy: 0.5620
 521/1563 [=========>....................] - ETA: 3s - loss: 1.2380 - accuracy: 0.5611
 539/1563 [=========>....................] - ETA: 3s - loss: 1.2388 - accuracy: 0.5612
 558/1563 [=========>....................] - ETA: 3s - loss: 1.2355 - accuracy: 0.5631
 577/1563 [==========>...................] - ETA: 3s - loss: 1.2319 - accuracy: 0.5641
 595/1563 [==========>...................] - ETA: 3s - loss: 1.2345 - accuracy: 0.5627
 613/1563 [==========>...................] - ETA: 3s - loss: 1.2343 - accuracy: 0.5619
 630/1563 [===========>..................] - ETA: 3s - loss: 1.2343 - accuracy: 0.5623
 646/1563 [===========>..................] - ETA: 3s - loss: 1.2335 - accuracy: 0.5629
 664/1563 [===========>..................] - ETA: 3s - loss: 1.2320 - accuracy: 0.5635
 681/1563 [============>.................] - ETA: 3s - loss: 1.2318 - accuracy: 0.5636
 698/1563 [============>.................] - ETA: 3s - loss: 1.2330 - accuracy: 0.5630
 715/1563 [============>.................] - ETA: 3s - loss: 1.2334 - accuracy: 0.5628
 733/1563 [=============>................] - ETA: 2s - loss: 1.2331 - accuracy: 0.5625
 750/1563 [=============>................] - ETA: 2s - loss: 1.2333 - accuracy: 0.5625
 768/1563 [=============>................] - ETA: 2s - loss: 1.2320 - accuracy: 0.5630
 786/1563 [==============>...............] - ETA: 2s - loss: 1.2334 - accuracy: 0.5630
 802/1563 [==============>...............] - ETA: 2s - loss: 1.2322 - accuracy: 0.5631
 817/1563 [==============>...............] - ETA: 2s - loss: 1.2327 - accuracy: 0.5630
 834/1563 [===============>..............] - ETA: 2s - loss: 1.2325 - accuracy: 0.5626
 851/1563 [===============>..............] - ETA: 2s - loss: 1.2337 - accuracy: 0.5626
 869/1563 [===============>..............] - ETA: 2s - loss: 1.2346 - accuracy: 0.5625
 886/1563 [================>.............] - ETA: 2s - loss: 1.2363 - accuracy: 0.5620
 909/1563 [================>.............] - ETA: 2s - loss: 1.2356 - accuracy: 0.5627
 933/1563 [================>.............] - ETA: 2s - loss: 1.2372 - accuracy: 0.5619
 958/1563 [=================>............] - ETA: 2s - loss: 1.2374 - accuracy: 0.5620
 981/1563 [=================>............] - ETA: 2s - loss: 1.2378 - accuracy: 0.5615
1003/1563 [==================>...........] - ETA: 1s - loss: 1.2361 - accuracy: 0.5623
1022/1563 [==================>...........] - ETA: 1s - loss: 1.2347 - accuracy: 0.5629
1045/1563 [===================>..........] - ETA: 1s - loss: 1.2335 - accuracy: 0.5632
1064/1563 [===================>..........] - ETA: 1s - loss: 1.2332 - accuracy: 0.5632
1087/1563 [===================>..........] - ETA: 1s - loss: 1.2343 - accuracy: 0.5629
1109/1563 [====================>.........] - ETA: 1s - loss: 1.2336 - accuracy: 0.5634
1134/1563 [====================>.........] - ETA: 1s - loss: 1.2324 - accuracy: 0.5642
1153/1563 [=====================>........] - ETA: 1s - loss: 1.2306 - accuracy: 0.5650
1172/1563 [=====================>........] - ETA: 1s - loss: 1.2313 - accuracy: 0.5646
1190/1563 [=====================>........] - ETA: 1s - loss: 1.2323 - accuracy: 0.5641
1209/1563 [======================>.......] - ETA: 1s - loss: 1.2329 - accuracy: 0.5636
1223/1563 [======================>.......] - ETA: 1s - loss: 1.2318 - accuracy: 0.5638
1240/1563 [======================>.......] - ETA: 1s - loss: 1.2321 - accuracy: 0.5635
1257/1563 [=======================>......] - ETA: 1s - loss: 1.2327 - accuracy: 0.5633
1275/1563 [=======================>......] - ETA: 0s - loss: 1.2331 - accuracy: 0.5633
1294/1563 [=======================>......] - ETA: 0s - loss: 1.2319 - accuracy: 0.5635
1311/1563 [========================>.....] - ETA: 0s - loss: 1.2317 - accuracy: 0.5635
1326/1563 [========================>.....] - ETA: 0s - loss: 1.2323 - accuracy: 0.5635
1344/1563 [========================>.....] - ETA: 0s - loss: 1.2337 - accuracy: 0.5631
1360/1563 [=========================>....] - ETA: 0s - loss: 1.2333 - accuracy: 0.5632
1378/1563 [=========================>....] - ETA: 0s - loss: 1.2334 - accuracy: 0.5634
1396/1563 [=========================>....] - ETA: 0s - loss: 1.2329 - accuracy: 0.5636
1415/1563 [==========================>...] - ETA: 0s - loss: 1.2322 - accuracy: 0.5639
1432/1563 [==========================>...] - ETA: 0s - loss: 1.2325 - accuracy: 0.5640
1447/1563 [==========================>...] - ETA: 0s - loss: 1.2325 - accuracy: 0.5640
1464/1563 [===========================>..] - ETA: 0s - loss: 1.2321 - accuracy: 0.5640
1483/1563 [===========================>..] - ETA: 0s - loss: 1.2326 - accuracy: 0.5635
1501/1563 [===========================>..] - ETA: 0s - loss: 1.2323 - accuracy: 0.5635
1520/1563 [============================>.] - ETA: 0s - loss: 1.2312 - accuracy: 0.5637
1538/1563 [============================>.] - ETA: 0s - loss: 1.2314 - accuracy: 0.5638
1557/1563 [============================>.] - ETA: 0s - loss: 1.2317 - accuracy: 0.5636
1563/1563 [==============================] - 6s 4ms/step - loss: 1.2313 - accuracy: 0.5638 - val_loss: 1.1992 - val_accuracy: 0.5722
Epoch 3/99

   1/1563 [..............................] - ETA: 0s - loss: 1.0286 - accuracy: 0.6562
  13/1563 [..............................] - ETA: 6s - loss: 1.0662 - accuracy: 0.6154
  30/1563 [..............................] - ETA: 5s - loss: 1.0845 - accuracy: 0.6073
  48/1563 [..............................] - ETA: 5s - loss: 1.1092 - accuracy: 0.6074
  66/1563 [>.............................] - ETA: 5s - loss: 1.1228 - accuracy: 0.6023
  83/1563 [>.............................] - ETA: 5s - loss: 1.1227 - accuracy: 0.5971
 101/1563 [>.............................] - ETA: 5s - loss: 1.1194 - accuracy: 0.5993
 119/1563 [=>............................] - ETA: 5s - loss: 1.1096 - accuracy: 0.6057
 138/1563 [=>............................] - ETA: 5s - loss: 1.1038 - accuracy: 0.6100
 155/1563 [=>............................] - ETA: 5s - loss: 1.1000 - accuracy: 0.6127
 172/1563 [==>...........................] - ETA: 4s - loss: 1.1001 - accuracy: 0.6104
 190/1563 [==>...........................] - ETA: 4s - loss: 1.0979 - accuracy: 0.6108
 208/1563 [==>...........................] - ETA: 4s - loss: 1.0954 - accuracy: 0.6110
 226/1563 [===>..........................] - ETA: 4s - loss: 1.0919 - accuracy: 0.6116
 245/1563 [===>..........................] - ETA: 4s - loss: 1.0887 - accuracy: 0.6129
 263/1563 [====>.........................] - ETA: 4s - loss: 1.0913 - accuracy: 0.6118
 280/1563 [====>.........................] - ETA: 4s - loss: 1.0916 - accuracy: 0.6123
 294/1563 [====>.........................] - ETA: 4s - loss: 1.0931 - accuracy: 0.6112
 309/1563 [====>.........................] - ETA: 4s - loss: 1.0911 - accuracy: 0.6122
 323/1563 [=====>........................] - ETA: 4s - loss: 1.0876 - accuracy: 0.6147
 339/1563 [=====>........................] - ETA: 4s - loss: 1.0869 - accuracy: 0.6135
 356/1563 [=====>........................] - ETA: 4s - loss: 1.0896 - accuracy: 0.6123
 374/1563 [======>.......................] - ETA: 4s - loss: 1.0898 - accuracy: 0.6115
 391/1563 [======>.......................] - ETA: 4s - loss: 1.0931 - accuracy: 0.6106
 406/1563 [======>.......................] - ETA: 4s - loss: 1.0923 - accuracy: 0.6102
 420/1563 [=======>......................] - ETA: 4s - loss: 1.0936 - accuracy: 0.6098
 436/1563 [=======>......................] - ETA: 4s - loss: 1.0917 - accuracy: 0.6104
 453/1563 [=======>......................] - ETA: 4s - loss: 1.0931 - accuracy: 0.6099
 468/1563 [=======>......................] - ETA: 3s - loss: 1.0942 - accuracy: 0.6096
 483/1563 [========>.....................] - ETA: 3s - loss: 1.0959 - accuracy: 0.6098
 498/1563 [========>.....................] - ETA: 3s - loss: 1.0954 - accuracy: 0.6101
 513/1563 [========>.....................] - ETA: 3s - loss: 1.0971 - accuracy: 0.6090
 531/1563 [=========>....................] - ETA: 3s - loss: 1.0976 - accuracy: 0.6091
 550/1563 [=========>....................] - ETA: 3s - loss: 1.0977 - accuracy: 0.6093
 568/1563 [=========>....................] - ETA: 3s - loss: 1.0972 - accuracy: 0.6094
 586/1563 [==========>...................] - ETA: 3s - loss: 1.0952 - accuracy: 0.6102
 603/1563 [==========>...................] - ETA: 3s - loss: 1.0967 - accuracy: 0.6101
 621/1563 [==========>...................] - ETA: 3s - loss: 1.0966 - accuracy: 0.6099
 639/1563 [===========>..................] - ETA: 3s - loss: 1.0983 - accuracy: 0.6092
 657/1563 [===========>..................] - ETA: 3s - loss: 1.0978 - accuracy: 0.6094
 675/1563 [===========>..................] - ETA: 3s - loss: 1.0971 - accuracy: 0.6100
 691/1563 [============>.................] - ETA: 3s - loss: 1.0973 - accuracy: 0.6101
 705/1563 [============>.................] - ETA: 3s - loss: 1.0964 - accuracy: 0.6099
 723/1563 [============>.................] - ETA: 3s - loss: 1.0968 - accuracy: 0.6103
 741/1563 [=============>................] - ETA: 2s - loss: 1.0971 - accuracy: 0.6105
 758/1563 [=============>................] - ETA: 2s - loss: 1.0983 - accuracy: 0.6103
 774/1563 [=============>................] - ETA: 2s - loss: 1.0983 - accuracy: 0.6106
 792/1563 [==============>...............] - ETA: 2s - loss: 1.0982 - accuracy: 0.6105
 810/1563 [==============>...............] - ETA: 2s - loss: 1.0974 - accuracy: 0.6114
 828/1563 [==============>...............] - ETA: 2s - loss: 1.0971 - accuracy: 0.6122
 847/1563 [===============>..............] - ETA: 2s - loss: 1.0977 - accuracy: 0.6121
 864/1563 [===============>..............] - ETA: 2s - loss: 1.0956 - accuracy: 0.6133
 880/1563 [===============>..............] - ETA: 2s - loss: 1.0956 - accuracy: 0.6128
 894/1563 [================>.............] - ETA: 2s - loss: 1.0969 - accuracy: 0.6123
 912/1563 [================>.............] - ETA: 2s - loss: 1.0959 - accuracy: 0.6132
 930/1563 [================>.............] - ETA: 2s - loss: 1.0960 - accuracy: 0.6127
 948/1563 [=================>............] - ETA: 2s - loss: 1.0975 - accuracy: 0.6121
 967/1563 [=================>............] - ETA: 2s - loss: 1.0960 - accuracy: 0.6124
 985/1563 [=================>............] - ETA: 2s - loss: 1.0962 - accuracy: 0.6125
1001/1563 [==================>...........] - ETA: 2s - loss: 1.0967 - accuracy: 0.6121
1019/1563 [==================>...........] - ETA: 1s - loss: 1.0964 - accuracy: 0.6124
1038/1563 [==================>...........] - ETA: 1s - loss: 1.0961 - accuracy: 0.6128
1057/1563 [===================>..........] - ETA: 1s - loss: 1.0957 - accuracy: 0.6131
1076/1563 [===================>..........] - ETA: 1s - loss: 1.0954 - accuracy: 0.6132
1094/1563 [===================>..........] - ETA: 1s - loss: 1.0950 - accuracy: 0.6132
1113/1563 [====================>.........] - ETA: 1s - loss: 1.0959 - accuracy: 0.6131
1130/1563 [====================>.........] - ETA: 1s - loss: 1.0944 - accuracy: 0.6137
1146/1563 [====================>.........] - ETA: 1s - loss: 1.0938 - accuracy: 0.6138
1165/1563 [=====================>........] - ETA: 1s - loss: 1.0944 - accuracy: 0.6139
1182/1563 [=====================>........] - ETA: 1s - loss: 1.0957 - accuracy: 0.6135
1200/1563 [======================>.......] - ETA: 1s - loss: 1.0962 - accuracy: 0.6133
1218/1563 [======================>.......] - ETA: 1s - loss: 1.0972 - accuracy: 0.6128
1236/1563 [======================>.......] - ETA: 1s - loss: 1.0974 - accuracy: 0.6131
1254/1563 [=======================>......] - ETA: 1s - loss: 1.0976 - accuracy: 0.6130
1271/1563 [=======================>......] - ETA: 1s - loss: 1.0977 - accuracy: 0.6128
1285/1563 [=======================>......] - ETA: 0s - loss: 1.0983 - accuracy: 0.6127
1303/1563 [========================>.....] - ETA: 0s - loss: 1.0978 - accuracy: 0.6127
1322/1563 [========================>.....] - ETA: 0s - loss: 1.0981 - accuracy: 0.6129
1340/1563 [========================>.....] - ETA: 0s - loss: 1.0988 - accuracy: 0.6128
1358/1563 [=========================>....] - ETA: 0s - loss: 1.0986 - accuracy: 0.6127
1377/1563 [=========================>....] - ETA: 0s - loss: 1.0984 - accuracy: 0.6126
1395/1563 [=========================>....] - ETA: 0s - loss: 1.0979 - accuracy: 0.6125
1414/1563 [==========================>...] - ETA: 0s - loss: 1.0981 - accuracy: 0.6124
1433/1563 [==========================>...] - ETA: 0s - loss: 1.0984 - accuracy: 0.6123
1451/1563 [==========================>...] - ETA: 0s - loss: 1.0980 - accuracy: 0.6125
1469/1563 [===========================>..] - ETA: 0s - loss: 1.0988 - accuracy: 0.6120
1487/1563 [===========================>..] - ETA: 0s - loss: 1.0983 - accuracy: 0.6120
1505/1563 [===========================>..] - ETA: 0s - loss: 1.0989 - accuracy: 0.6119
1523/1563 [============================>.] - ETA: 0s - loss: 1.0998 - accuracy: 0.6115
1540/1563 [============================>.] - ETA: 0s - loss: 1.1005 - accuracy: 0.6113
1556/1563 [============================>.] - ETA: 0s - loss: 1.1006 - accuracy: 0.6112
1563/1563 [==============================] - 6s 4ms/step - loss: 1.1011 - accuracy: 0.6110 - val_loss: 1.1568 - val_accuracy: 0.5836
Epoch 4/99

   1/1563 [..............................] - ETA: 0s - loss: 0.6950 - accuracy: 0.8125
  17/1563 [..............................] - ETA: 6s - loss: 0.9781 - accuracy: 0.6581
  34/1563 [..............................] - ETA: 5s - loss: 0.9781 - accuracy: 0.6489
  52/1563 [..............................] - ETA: 5s - loss: 0.9784 - accuracy: 0.6575
  70/1563 [>.............................] - ETA: 5s - loss: 0.9917 - accuracy: 0.6482
  87/1563 [>.............................] - ETA: 5s - loss: 0.9963 - accuracy: 0.6494
 104/1563 [>.............................] - ETA: 5s - loss: 0.9950 - accuracy: 0.6523
 121/1563 [=>............................] - ETA: 5s - loss: 0.9953 - accuracy: 0.6516
 139/1563 [=>............................] - ETA: 5s - loss: 0.9862 - accuracy: 0.6554
 157/1563 [==>...........................] - ETA: 5s - loss: 0.9839 - accuracy: 0.6555
 176/1563 [==>...........................] - ETA: 4s - loss: 0.9817 - accuracy: 0.6568
 194/1563 [==>...........................] - ETA: 4s - loss: 0.9827 - accuracy: 0.6553
 212/1563 [===>..........................] - ETA: 4s - loss: 0.9857 - accuracy: 0.6543
 229/1563 [===>..........................] - ETA: 4s - loss: 0.9850 - accuracy: 0.6547
 247/1563 [===>..........................] - ETA: 4s - loss: 0.9799 - accuracy: 0.6560
 267/1563 [====>.........................] - ETA: 4s - loss: 0.9810 - accuracy: 0.6564
 285/1563 [====>.........................] - ETA: 4s - loss: 0.9807 - accuracy: 0.6565
 302/1563 [====>.........................] - ETA: 4s - loss: 0.9829 - accuracy: 0.6557
 320/1563 [=====>........................] - ETA: 4s - loss: 0.9822 - accuracy: 0.6559
 338/1563 [=====>........................] - ETA: 4s - loss: 0.9839 - accuracy: 0.6557
 356/1563 [=====>........................] - ETA: 4s - loss: 0.9840 - accuracy: 0.6555
 375/1563 [======>.......................] - ETA: 4s - loss: 0.9857 - accuracy: 0.6537
 394/1563 [======>.......................] - ETA: 4s - loss: 0.9885 - accuracy: 0.6521
 411/1563 [======>.......................] - ETA: 4s - loss: 0.9948 - accuracy: 0.6505
 427/1563 [=======>......................] - ETA: 4s - loss: 0.9971 - accuracy: 0.6496
 445/1563 [=======>......................] - ETA: 3s - loss: 0.9935 - accuracy: 0.6508
 464/1563 [=======>......................] - ETA: 3s - loss: 0.9936 - accuracy: 0.6505
 481/1563 [========>.....................] - ETA: 3s - loss: 0.9936 - accuracy: 0.6511
 498/1563 [========>.....................] - ETA: 3s - loss: 0.9944 - accuracy: 0.6507
 517/1563 [========>.....................] - ETA: 3s - loss: 0.9943 - accuracy: 0.6509
 536/1563 [=========>....................] - ETA: 3s - loss: 0.9950 - accuracy: 0.6514
 555/1563 [=========>....................] - ETA: 3s - loss: 0.9965 - accuracy: 0.6503
 573/1563 [=========>....................] - ETA: 3s - loss: 0.9971 - accuracy: 0.6501
 593/1563 [==========>...................] - ETA: 3s - loss: 0.9966 - accuracy: 0.6506
 609/1563 [==========>...................] - ETA: 3s - loss: 0.9972 - accuracy: 0.6507
 628/1563 [===========>..................] - ETA: 3s - loss: 0.9965 - accuracy: 0.6507
 646/1563 [===========>..................] - ETA: 3s - loss: 0.9964 - accuracy: 0.6502
 664/1563 [===========>..................] - ETA: 3s - loss: 0.9965 - accuracy: 0.6503
 683/1563 [============>.................] - ETA: 3s - loss: 0.9985 - accuracy: 0.6494
 700/1563 [============>.................] - ETA: 3s - loss: 0.9985 - accuracy: 0.6497
 719/1563 [============>.................] - ETA: 2s - loss: 0.9960 - accuracy: 0.6508
 737/1563 [=============>................] - ETA: 2s - loss: 0.9963 - accuracy: 0.6507
 755/1563 [=============>................] - ETA: 2s - loss: 0.9955 - accuracy: 0.6508
 773/1563 [=============>................] - ETA: 2s - loss: 0.9952 - accuracy: 0.6508
 791/1563 [==============>...............] - ETA: 2s - loss: 0.9939 - accuracy: 0.6519
 810/1563 [==============>...............] - ETA: 2s - loss: 0.9939 - accuracy: 0.6524
 828/1563 [==============>...............] - ETA: 2s - loss: 0.9934 - accuracy: 0.6525
 846/1563 [===============>..............] - ETA: 2s - loss: 0.9952 - accuracy: 0.6520
 863/1563 [===============>..............] - ETA: 2s - loss: 0.9960 - accuracy: 0.6516
 881/1563 [===============>..............] - ETA: 2s - loss: 0.9972 - accuracy: 0.6510
 899/1563 [================>.............] - ETA: 2s - loss: 0.9980 - accuracy: 0.6512
 919/1563 [================>.............] - ETA: 2s - loss: 0.9977 - accuracy: 0.6511
 938/1563 [=================>............] - ETA: 2s - loss: 0.9979 - accuracy: 0.6507
 957/1563 [=================>............] - ETA: 2s - loss: 0.9990 - accuracy: 0.6503
 976/1563 [=================>............] - ETA: 2s - loss: 1.0006 - accuracy: 0.6499
 994/1563 [==================>...........] - ETA: 1s - loss: 1.0007 - accuracy: 0.6493
1009/1563 [==================>...........] - ETA: 1s - loss: 0.9998 - accuracy: 0.6495
1026/1563 [==================>...........] - ETA: 1s - loss: 1.0006 - accuracy: 0.6492
1043/1563 [===================>..........] - ETA: 1s - loss: 1.0012 - accuracy: 0.6487
1062/1563 [===================>..........] - ETA: 1s - loss: 1.0011 - accuracy: 0.6486
1080/1563 [===================>..........] - ETA: 1s - loss: 1.0015 - accuracy: 0.6487
1099/1563 [====================>.........] - ETA: 1s - loss: 1.0020 - accuracy: 0.6486
1117/1563 [====================>.........] - ETA: 1s - loss: 1.0020 - accuracy: 0.6485
1136/1563 [====================>.........] - ETA: 1s - loss: 1.0022 - accuracy: 0.6482
1155/1563 [=====================>........] - ETA: 1s - loss: 1.0031 - accuracy: 0.6480
1172/1563 [=====================>........] - ETA: 1s - loss: 1.0030 - accuracy: 0.6479
1190/1563 [=====================>........] - ETA: 1s - loss: 1.0030 - accuracy: 0.6483
1209/1563 [======================>.......] - ETA: 1s - loss: 1.0025 - accuracy: 0.6484
1226/1563 [======================>.......] - ETA: 1s - loss: 1.0013 - accuracy: 0.6488
1246/1563 [======================>.......] - ETA: 1s - loss: 1.0015 - accuracy: 0.6486
1264/1563 [=======================>......] - ETA: 1s - loss: 1.0026 - accuracy: 0.6483
1278/1563 [=======================>......] - ETA: 0s - loss: 1.0031 - accuracy: 0.6481
1294/1563 [=======================>......] - ETA: 0s - loss: 1.0035 - accuracy: 0.6481
1312/1563 [========================>.....] - ETA: 0s - loss: 1.0035 - accuracy: 0.6481
1329/1563 [========================>.....] - ETA: 0s - loss: 1.0038 - accuracy: 0.6478
1348/1563 [========================>.....] - ETA: 0s - loss: 1.0048 - accuracy: 0.6475
1366/1563 [=========================>....] - ETA: 0s - loss: 1.0040 - accuracy: 0.6477
1385/1563 [=========================>....] - ETA: 0s - loss: 1.0030 - accuracy: 0.6477
1404/1563 [=========================>....] - ETA: 0s - loss: 1.0032 - accuracy: 0.6476
1421/1563 [==========================>...] - ETA: 0s - loss: 1.0032 - accuracy: 0.6474
1440/1563 [==========================>...] - ETA: 0s - loss: 1.0027 - accuracy: 0.6475
1458/1563 [==========================>...] - ETA: 0s - loss: 1.0030 - accuracy: 0.6477
1476/1563 [===========================>..] - ETA: 0s - loss: 1.0029 - accuracy: 0.6476
1494/1563 [===========================>..] - ETA: 0s - loss: 1.0020 - accuracy: 0.6481
1512/1563 [============================>.] - ETA: 0s - loss: 1.0026 - accuracy: 0.6479
1531/1563 [============================>.] - ETA: 0s - loss: 1.0026 - accuracy: 0.6479
1548/1563 [============================>.] - ETA: 0s - loss: 1.0026 - accuracy: 0.6479
1563/1563 [==============================] - 6s 4ms/step - loss: 1.0027 - accuracy: 0.6478 - val_loss: 1.1363 - val_accuracy: 0.6012
Epoch 5/99

   1/1563 [..............................] - ETA: 0s - loss: 0.6638 - accuracy: 0.7812
  15/1563 [..............................] - ETA: 6s - loss: 0.8560 - accuracy: 0.6896
  34/1563 [..............................] - ETA: 5s - loss: 0.8737 - accuracy: 0.6893
  51/1563 [..............................] - ETA: 5s - loss: 0.9034 - accuracy: 0.6820
  70/1563 [>.............................] - ETA: 5s - loss: 0.8949 - accuracy: 0.6853
  88/1563 [>.............................] - ETA: 5s - loss: 0.8940 - accuracy: 0.6871
 106/1563 [=>............................] - ETA: 5s - loss: 0.8875 - accuracy: 0.6910
 127/1563 [=>............................] - ETA: 4s - loss: 0.8835 - accuracy: 0.6922
 142/1563 [=>............................] - ETA: 4s - loss: 0.8921 - accuracy: 0.6895
 158/1563 [==>...........................] - ETA: 4s - loss: 0.8932 - accuracy: 0.6859
 174/1563 [==>...........................] - ETA: 4s - loss: 0.8881 - accuracy: 0.6870
 188/1563 [==>...........................] - ETA: 4s - loss: 0.8878 - accuracy: 0.6877
 204/1563 [==>...........................] - ETA: 4s - loss: 0.8894 - accuracy: 0.6892
 223/1563 [===>..........................] - ETA: 4s - loss: 0.8962 - accuracy: 0.6888
 241/1563 [===>..........................] - ETA: 4s - loss: 0.8961 - accuracy: 0.6891
 260/1563 [===>..........................] - ETA: 4s - loss: 0.8911 - accuracy: 0.6916
 278/1563 [====>.........................] - ETA: 4s - loss: 0.8912 - accuracy: 0.6913
 296/1563 [====>.........................] - ETA: 4s - loss: 0.8912 - accuracy: 0.6914
 314/1563 [=====>........................] - ETA: 4s - loss: 0.8911 - accuracy: 0.6912
 332/1563 [=====>........................] - ETA: 4s - loss: 0.8946 - accuracy: 0.6894
 347/1563 [=====>........................] - ETA: 4s - loss: 0.8932 - accuracy: 0.6898
 362/1563 [=====>........................] - ETA: 4s - loss: 0.8939 - accuracy: 0.6894
 378/1563 [======>.......................] - ETA: 4s - loss: 0.8935 - accuracy: 0.6891
 393/1563 [======>.......................] - ETA: 4s - loss: 0.8943 - accuracy: 0.6879
 410/1563 [======>.......................] - ETA: 4s - loss: 0.8965 - accuracy: 0.6876
 429/1563 [=======>......................] - ETA: 3s - loss: 0.8966 - accuracy: 0.6876
 446/1563 [=======>......................] - ETA: 3s - loss: 0.8964 - accuracy: 0.6869
 465/1563 [=======>......................] - ETA: 3s - loss: 0.9006 - accuracy: 0.6853
 489/1563 [========>.....................] - ETA: 3s - loss: 0.9007 - accuracy: 0.6848
 512/1563 [========>.....................] - ETA: 3s - loss: 0.9021 - accuracy: 0.6848
 538/1563 [=========>....................] - ETA: 3s - loss: 0.9048 - accuracy: 0.6837
 561/1563 [=========>....................] - ETA: 3s - loss: 0.9052 - accuracy: 0.6839
 586/1563 [==========>...................] - ETA: 3s - loss: 0.9056 - accuracy: 0.6840
 608/1563 [==========>...................] - ETA: 3s - loss: 0.9033 - accuracy: 0.6847
 633/1563 [===========>..................] - ETA: 3s - loss: 0.9043 - accuracy: 0.6847
 658/1563 [===========>..................] - ETA: 2s - loss: 0.9044 - accuracy: 0.6842
 681/1563 [============>.................] - ETA: 2s - loss: 0.9076 - accuracy: 0.6829
 705/1563 [============>.................] - ETA: 2s - loss: 0.9107 - accuracy: 0.6816
 728/1563 [============>.................] - ETA: 2s - loss: 0.9109 - accuracy: 0.6824
 746/1563 [=============>................] - ETA: 2s - loss: 0.9115 - accuracy: 0.6821
 764/1563 [=============>................] - ETA: 2s - loss: 0.9120 - accuracy: 0.6823
 782/1563 [==============>...............] - ETA: 2s - loss: 0.9116 - accuracy: 0.6820
 799/1563 [==============>...............] - ETA: 2s - loss: 0.9115 - accuracy: 0.6818
 817/1563 [==============>...............] - ETA: 2s - loss: 0.9116 - accuracy: 0.6821
 834/1563 [===============>..............] - ETA: 2s - loss: 0.9135 - accuracy: 0.6811
 852/1563 [===============>..............] - ETA: 2s - loss: 0.9142 - accuracy: 0.6812
 870/1563 [===============>..............] - ETA: 2s - loss: 0.9144 - accuracy: 0.6811
 888/1563 [================>.............] - ETA: 2s - loss: 0.9155 - accuracy: 0.6806
 906/1563 [================>.............] - ETA: 2s - loss: 0.9165 - accuracy: 0.6802
 924/1563 [================>.............] - ETA: 2s - loss: 0.9167 - accuracy: 0.6804
 944/1563 [=================>............] - ETA: 2s - loss: 0.9159 - accuracy: 0.6806
 963/1563 [=================>............] - ETA: 1s - loss: 0.9144 - accuracy: 0.6816
 981/1563 [=================>............] - ETA: 1s - loss: 0.9137 - accuracy: 0.6818
1000/1563 [==================>...........] - ETA: 1s - loss: 0.9150 - accuracy: 0.6811
1018/1563 [==================>...........] - ETA: 1s - loss: 0.9158 - accuracy: 0.6809
1036/1563 [==================>...........] - ETA: 1s - loss: 0.9150 - accuracy: 0.6812
1053/1563 [===================>..........] - ETA: 1s - loss: 0.9130 - accuracy: 0.6823
1071/1563 [===================>..........] - ETA: 1s - loss: 0.9130 - accuracy: 0.6823
1089/1563 [===================>..........] - ETA: 1s - loss: 0.9121 - accuracy: 0.6820
1107/1563 [====================>.........] - ETA: 1s - loss: 0.9129 - accuracy: 0.6817
1126/1563 [====================>.........] - ETA: 1s - loss: 0.9142 - accuracy: 0.6812
1145/1563 [====================>.........] - ETA: 1s - loss: 0.9144 - accuracy: 0.6811
1162/1563 [=====================>........] - ETA: 1s - loss: 0.9148 - accuracy: 0.6809
1180/1563 [=====================>........] - ETA: 1s - loss: 0.9152 - accuracy: 0.6807
1199/1563 [======================>.......] - ETA: 1s - loss: 0.9163 - accuracy: 0.6804
1217/1563 [======================>.......] - ETA: 1s - loss: 0.9170 - accuracy: 0.6803
1234/1563 [======================>.......] - ETA: 1s - loss: 0.9169 - accuracy: 0.6800
1252/1563 [=======================>......] - ETA: 1s - loss: 0.9178 - accuracy: 0.6795
1270/1563 [=======================>......] - ETA: 0s - loss: 0.9189 - accuracy: 0.6791
1288/1563 [=======================>......] - ETA: 0s - loss: 0.9171 - accuracy: 0.6798
1305/1563 [========================>.....] - ETA: 0s - loss: 0.9169 - accuracy: 0.6800
1323/1563 [========================>.....] - ETA: 0s - loss: 0.9171 - accuracy: 0.6800
1340/1563 [========================>.....] - ETA: 0s - loss: 0.9175 - accuracy: 0.6798
1355/1563 [=========================>....] - ETA: 0s - loss: 0.9187 - accuracy: 0.6795
1373/1563 [=========================>....] - ETA: 0s - loss: 0.9202 - accuracy: 0.6792
1392/1563 [=========================>....] - ETA: 0s - loss: 0.9208 - accuracy: 0.6789
1410/1563 [==========================>...] - ETA: 0s - loss: 0.9224 - accuracy: 0.6786
1428/1563 [==========================>...] - ETA: 0s - loss: 0.9231 - accuracy: 0.6785
1445/1563 [==========================>...] - ETA: 0s - loss: 0.9238 - accuracy: 0.6783
1464/1563 [===========================>..] - ETA: 0s - loss: 0.9250 - accuracy: 0.6778
1481/1563 [===========================>..] - ETA: 0s - loss: 0.9259 - accuracy: 0.6774
1499/1563 [===========================>..] - ETA: 0s - loss: 0.9258 - accuracy: 0.6773
1518/1563 [============================>.] - ETA: 0s - loss: 0.9263 - accuracy: 0.6772
1537/1563 [============================>.] - ETA: 0s - loss: 0.9265 - accuracy: 0.6770
1556/1563 [============================>.] - ETA: 0s - loss: 0.9265 - accuracy: 0.6768
1563/1563 [==============================] - 6s 4ms/step - loss: 0.9262 - accuracy: 0.6769 - val_loss: 1.0886 - val_accuracy: 0.6166
Epoch 6/99

   1/1563 [..............................] - ETA: 24s - loss: 0.6503 - accuracy: 0.7500
  18/1563 [..............................] - ETA: 5s - loss: 0.7824 - accuracy: 0.7326 
  36/1563 [..............................] - ETA: 5s - loss: 0.7848 - accuracy: 0.7292
  54/1563 [>.............................] - ETA: 5s - loss: 0.7861 - accuracy: 0.7280
  72/1563 [>.............................] - ETA: 5s - loss: 0.7943 - accuracy: 0.7227
  86/1563 [>.............................] - ETA: 5s - loss: 0.7881 - accuracy: 0.7271
 102/1563 [>.............................] - ETA: 5s - loss: 0.7937 - accuracy: 0.7215
 120/1563 [=>............................] - ETA: 5s - loss: 0.7993 - accuracy: 0.7198
 138/1563 [=>............................] - ETA: 5s - loss: 0.7995 - accuracy: 0.7201
 156/1563 [=>............................] - ETA: 4s - loss: 0.7980 - accuracy: 0.7222
 173/1563 [==>...........................] - ETA: 4s - loss: 0.7945 - accuracy: 0.7249
 192/1563 [==>...........................] - ETA: 4s - loss: 0.7988 - accuracy: 0.7233
 211/1563 [===>..........................] - ETA: 4s - loss: 0.8056 - accuracy: 0.7208
 230/1563 [===>..........................] - ETA: 4s - loss: 0.8090 - accuracy: 0.7188
 248/1563 [===>..........................] - ETA: 4s - loss: 0.8079 - accuracy: 0.7184
 266/1563 [====>.........................] - ETA: 4s - loss: 0.8094 - accuracy: 0.7189
 283/1563 [====>.........................] - ETA: 4s - loss: 0.8113 - accuracy: 0.7199
 299/1563 [====>.........................] - ETA: 4s - loss: 0.8137 - accuracy: 0.7190
 317/1563 [=====>........................] - ETA: 4s - loss: 0.8154 - accuracy: 0.7178
 335/1563 [=====>........................] - ETA: 4s - loss: 0.8181 - accuracy: 0.7169
 353/1563 [=====>........................] - ETA: 4s - loss: 0.8205 - accuracy: 0.7165
 370/1563 [======>.......................] - ETA: 4s - loss: 0.8232 - accuracy: 0.7154
 388/1563 [======>.......................] - ETA: 4s - loss: 0.8222 - accuracy: 0.7154
 405/1563 [======>.......................] - ETA: 4s - loss: 0.8207 - accuracy: 0.7157
 424/1563 [=======>......................] - ETA: 3s - loss: 0.8196 - accuracy: 0.7157
 443/1563 [=======>......................] - ETA: 3s - loss: 0.8234 - accuracy: 0.7138
 461/1563 [=======>......................] - ETA: 3s - loss: 0.8249 - accuracy: 0.7133
 479/1563 [========>.....................] - ETA: 3s - loss: 0.8265 - accuracy: 0.7120
 498/1563 [========>.....................] - ETA: 3s - loss: 0.8273 - accuracy: 0.7123
 515/1563 [========>.....................] - ETA: 3s - loss: 0.8271 - accuracy: 0.7121
 529/1563 [=========>....................] - ETA: 3s - loss: 0.8264 - accuracy: 0.7120
 547/1563 [=========>....................] - ETA: 3s - loss: 0.8248 - accuracy: 0.7120
 565/1563 [=========>....................] - ETA: 3s - loss: 0.8232 - accuracy: 0.7121
 583/1563 [==========>...................] - ETA: 3s - loss: 0.8227 - accuracy: 0.7120
 601/1563 [==========>...................] - ETA: 3s - loss: 0.8235 - accuracy: 0.7116
 620/1563 [==========>...................] - ETA: 3s - loss: 0.8260 - accuracy: 0.7110
 636/1563 [===========>..................] - ETA: 3s - loss: 0.8288 - accuracy: 0.7100
 655/1563 [===========>..................] - ETA: 3s - loss: 0.8303 - accuracy: 0.7093
 672/1563 [===========>..................] - ETA: 3s - loss: 0.8329 - accuracy: 0.7084
 690/1563 [============>.................] - ETA: 3s - loss: 0.8330 - accuracy: 0.7081
 709/1563 [============>.................] - ETA: 2s - loss: 0.8338 - accuracy: 0.7080
 725/1563 [============>.................] - ETA: 2s - loss: 0.8357 - accuracy: 0.7072
 743/1563 [=============>................] - ETA: 2s - loss: 0.8384 - accuracy: 0.7066
 760/1563 [=============>................] - ETA: 2s - loss: 0.8397 - accuracy: 0.7060
 778/1563 [=============>................] - ETA: 2s - loss: 0.8389 - accuracy: 0.7059
 795/1563 [==============>...............] - ETA: 2s - loss: 0.8399 - accuracy: 0.7058
 813/1563 [==============>...............] - ETA: 2s - loss: 0.8422 - accuracy: 0.7049
 831/1563 [==============>...............] - ETA: 2s - loss: 0.8440 - accuracy: 0.7039
 849/1563 [===============>..............] - ETA: 2s - loss: 0.8431 - accuracy: 0.7040
 866/1563 [===============>..............] - ETA: 2s - loss: 0.8450 - accuracy: 0.7039
 882/1563 [===============>..............] - ETA: 2s - loss: 0.8438 - accuracy: 0.7046
 900/1563 [================>.............] - ETA: 2s - loss: 0.8434 - accuracy: 0.7042
 918/1563 [================>.............] - ETA: 2s - loss: 0.8417 - accuracy: 0.7050
 935/1563 [================>.............] - ETA: 2s - loss: 0.8429 - accuracy: 0.7048
 952/1563 [=================>............] - ETA: 2s - loss: 0.8424 - accuracy: 0.7053
 970/1563 [=================>............] - ETA: 2s - loss: 0.8431 - accuracy: 0.7050
 989/1563 [=================>............] - ETA: 2s - loss: 0.8430 - accuracy: 0.7056
1006/1563 [==================>...........] - ETA: 1s - loss: 0.8433 - accuracy: 0.7051
1024/1563 [==================>...........] - ETA: 1s - loss: 0.8433 - accuracy: 0.7055
1043/1563 [===================>..........] - ETA: 1s - loss: 0.8438 - accuracy: 0.7056
1061/1563 [===================>..........] - ETA: 1s - loss: 0.8434 - accuracy: 0.7056
1080/1563 [===================>..........] - ETA: 1s - loss: 0.8446 - accuracy: 0.7051
1098/1563 [====================>.........] - ETA: 1s - loss: 0.8450 - accuracy: 0.7051
1117/1563 [====================>.........] - ETA: 1s - loss: 0.8449 - accuracy: 0.7054
1136/1563 [====================>.........] - ETA: 1s - loss: 0.8469 - accuracy: 0.7048
1151/1563 [=====================>........] - ETA: 1s - loss: 0.8466 - accuracy: 0.7053
1166/1563 [=====================>........] - ETA: 1s - loss: 0.8469 - accuracy: 0.7052
1186/1563 [=====================>........] - ETA: 1s - loss: 0.8478 - accuracy: 0.7051
1210/1563 [======================>.......] - ETA: 1s - loss: 0.8481 - accuracy: 0.7048
1235/1563 [======================>.......] - ETA: 1s - loss: 0.8493 - accuracy: 0.7041
1258/1563 [=======================>......] - ETA: 1s - loss: 0.8504 - accuracy: 0.7032
1281/1563 [=======================>......] - ETA: 0s - loss: 0.8512 - accuracy: 0.7029
1304/1563 [========================>.....] - ETA: 0s - loss: 0.8519 - accuracy: 0.7021
1329/1563 [========================>.....] - ETA: 0s - loss: 0.8519 - accuracy: 0.7021
1352/1563 [========================>.....] - ETA: 0s - loss: 0.8518 - accuracy: 0.7021
1376/1563 [=========================>....] - ETA: 0s - loss: 0.8522 - accuracy: 0.7019
1398/1563 [=========================>....] - ETA: 0s - loss: 0.8519 - accuracy: 0.7018
1418/1563 [==========================>...] - ETA: 0s - loss: 0.8534 - accuracy: 0.7014
1436/1563 [==========================>...] - ETA: 0s - loss: 0.8544 - accuracy: 0.7010
1454/1563 [==========================>...] - ETA: 0s - loss: 0.8563 - accuracy: 0.7003
1473/1563 [===========================>..] - ETA: 0s - loss: 0.8558 - accuracy: 0.7006
1491/1563 [===========================>..] - ETA: 0s - loss: 0.8562 - accuracy: 0.7004
1508/1563 [===========================>..] - ETA: 0s - loss: 0.8561 - accuracy: 0.7003
1525/1563 [============================>.] - ETA: 0s - loss: 0.8571 - accuracy: 0.7000
1543/1563 [============================>.] - ETA: 0s - loss: 0.8582 - accuracy: 0.6996
1562/1563 [============================>.] - ETA: 0s - loss: 0.8585 - accuracy: 0.6995
1563/1563 [==============================] - 6s 4ms/step - loss: 0.8586 - accuracy: 0.6995 - val_loss: 1.0904 - val_accuracy: 0.6205
Epoch 7/99

   1/1563 [..............................] - ETA: 24s - loss: 0.6251 - accuracy: 0.7812
  19/1563 [..............................] - ETA: 5s - loss: 0.8204 - accuracy: 0.7039 
  36/1563 [..............................] - ETA: 5s - loss: 0.8131 - accuracy: 0.7109
  54/1563 [>.............................] - ETA: 5s - loss: 0.7720 - accuracy: 0.7315
  71/1563 [>.............................] - ETA: 5s - loss: 0.7688 - accuracy: 0.7311
  88/1563 [>.............................] - ETA: 5s - loss: 0.7556 - accuracy: 0.7383
 106/1563 [=>............................] - ETA: 5s - loss: 0.7560 - accuracy: 0.7391
 123/1563 [=>............................] - ETA: 5s - loss: 0.7529 - accuracy: 0.7396
 141/1563 [=>............................] - ETA: 5s - loss: 0.7468 - accuracy: 0.7394
 161/1563 [==>...........................] - ETA: 4s - loss: 0.7446 - accuracy: 0.7385
 177/1563 [==>...........................] - ETA: 4s - loss: 0.7515 - accuracy: 0.7369
 196/1563 [==>...........................] - ETA: 4s - loss: 0.7509 - accuracy: 0.7377
 216/1563 [===>..........................] - ETA: 4s - loss: 0.7545 - accuracy: 0.7368
 233/1563 [===>..........................] - ETA: 4s - loss: 0.7493 - accuracy: 0.7389
 251/1563 [===>..........................] - ETA: 4s - loss: 0.7490 - accuracy: 0.7374
 267/1563 [====>.........................] - ETA: 4s - loss: 0.7477 - accuracy: 0.7378
 282/1563 [====>.........................] - ETA: 4s - loss: 0.7519 - accuracy: 0.7373
 300/1563 [====>.........................] - ETA: 4s - loss: 0.7541 - accuracy: 0.7374
 317/1563 [=====>........................] - ETA: 4s - loss: 0.7568 - accuracy: 0.7368
 335/1563 [=====>........................] - ETA: 4s - loss: 0.7542 - accuracy: 0.7373
 355/1563 [=====>........................] - ETA: 4s - loss: 0.7525 - accuracy: 0.7378
 372/1563 [======>.......................] - ETA: 4s - loss: 0.7520 - accuracy: 0.7375
 391/1563 [======>.......................] - ETA: 4s - loss: 0.7560 - accuracy: 0.7366
 409/1563 [======>.......................] - ETA: 4s - loss: 0.7585 - accuracy: 0.7352
 425/1563 [=======>......................] - ETA: 3s - loss: 0.7623 - accuracy: 0.7343
 443/1563 [=======>......................] - ETA: 3s - loss: 0.7623 - accuracy: 0.7343
 460/1563 [=======>......................] - ETA: 3s - loss: 0.7629 - accuracy: 0.7345
 479/1563 [========>.....................] - ETA: 3s - loss: 0.7663 - accuracy: 0.7339
 496/1563 [========>.....................] - ETA: 3s - loss: 0.7686 - accuracy: 0.7331
 515/1563 [========>.....................] - ETA: 3s - loss: 0.7696 - accuracy: 0.7319
 534/1563 [=========>....................] - ETA: 3s - loss: 0.7726 - accuracy: 0.7311
 551/1563 [=========>....................] - ETA: 3s - loss: 0.7729 - accuracy: 0.7304
 568/1563 [=========>....................] - ETA: 3s - loss: 0.7734 - accuracy: 0.7305
 586/1563 [==========>...................] - ETA: 3s - loss: 0.7729 - accuracy: 0.7309
 605/1563 [==========>...................] - ETA: 3s - loss: 0.7733 - accuracy: 0.7311
 623/1563 [==========>...................] - ETA: 3s - loss: 0.7753 - accuracy: 0.7302
 642/1563 [===========>..................] - ETA: 3s - loss: 0.7780 - accuracy: 0.7290
 659/1563 [===========>..................] - ETA: 3s - loss: 0.7778 - accuracy: 0.7290
 677/1563 [===========>..................] - ETA: 3s - loss: 0.7784 - accuracy: 0.7290
 694/1563 [============>.................] - ETA: 3s - loss: 0.7800 - accuracy: 0.7288
 709/1563 [============>.................] - ETA: 2s - loss: 0.7795 - accuracy: 0.7286
 727/1563 [============>.................] - ETA: 2s - loss: 0.7787 - accuracy: 0.7291
 744/1563 [=============>................] - ETA: 2s - loss: 0.7814 - accuracy: 0.7281
 761/1563 [=============>................] - ETA: 2s - loss: 0.7822 - accuracy: 0.7275
 779/1563 [=============>................] - ETA: 2s - loss: 0.7824 - accuracy: 0.7274
 797/1563 [==============>...............] - ETA: 2s - loss: 0.7816 - accuracy: 0.7273
 816/1563 [==============>...............] - ETA: 2s - loss: 0.7805 - accuracy: 0.7278
 835/1563 [===============>..............] - ETA: 2s - loss: 0.7821 - accuracy: 0.7275
 853/1563 [===============>..............] - ETA: 2s - loss: 0.7837 - accuracy: 0.7269
 870/1563 [===============>..............] - ETA: 2s - loss: 0.7862 - accuracy: 0.7257
 883/1563 [===============>..............] - ETA: 2s - loss: 0.7865 - accuracy: 0.7257
 900/1563 [================>.............] - ETA: 2s - loss: 0.7858 - accuracy: 0.7259
 918/1563 [================>.............] - ETA: 2s - loss: 0.7860 - accuracy: 0.7252
 936/1563 [================>.............] - ETA: 2s - loss: 0.7851 - accuracy: 0.7260
 954/1563 [=================>............] - ETA: 2s - loss: 0.7855 - accuracy: 0.7256
 971/1563 [=================>............] - ETA: 2s - loss: 0.7857 - accuracy: 0.7251
 990/1563 [==================>...........] - ETA: 2s - loss: 0.7857 - accuracy: 0.7247
1008/1563 [==================>...........] - ETA: 1s - loss: 0.7854 - accuracy: 0.7252
1026/1563 [==================>...........] - ETA: 1s - loss: 0.7872 - accuracy: 0.7244
1045/1563 [===================>..........] - ETA: 1s - loss: 0.7882 - accuracy: 0.7241
1063/1563 [===================>..........] - ETA: 1s - loss: 0.7883 - accuracy: 0.7240
1079/1563 [===================>..........] - ETA: 1s - loss: 0.7874 - accuracy: 0.7244
1097/1563 [====================>.........] - ETA: 1s - loss: 0.7891 - accuracy: 0.7237
1111/1563 [====================>.........] - ETA: 1s - loss: 0.7890 - accuracy: 0.7234
1127/1563 [====================>.........] - ETA: 1s - loss: 0.7898 - accuracy: 0.7233
1145/1563 [====================>.........] - ETA: 1s - loss: 0.7904 - accuracy: 0.7231
1164/1563 [=====================>........] - ETA: 1s - loss: 0.7914 - accuracy: 0.7230
1182/1563 [=====================>........] - ETA: 1s - loss: 0.7922 - accuracy: 0.7228
1200/1563 [======================>.......] - ETA: 1s - loss: 0.7932 - accuracy: 0.7221
1219/1563 [======================>.......] - ETA: 1s - loss: 0.7932 - accuracy: 0.7221
1237/1563 [======================>.......] - ETA: 1s - loss: 0.7938 - accuracy: 0.7219
1255/1563 [=======================>......] - ETA: 1s - loss: 0.7946 - accuracy: 0.7215
1273/1563 [=======================>......] - ETA: 1s - loss: 0.7951 - accuracy: 0.7212
1290/1563 [=======================>......] - ETA: 0s - loss: 0.7960 - accuracy: 0.7210
1307/1563 [========================>.....] - ETA: 0s - loss: 0.7969 - accuracy: 0.7203
1325/1563 [========================>.....] - ETA: 0s - loss: 0.7967 - accuracy: 0.7202
1343/1563 [========================>.....] - ETA: 0s - loss: 0.7974 - accuracy: 0.7198
1361/1563 [=========================>....] - ETA: 0s - loss: 0.7980 - accuracy: 0.7196
1379/1563 [=========================>....] - ETA: 0s - loss: 0.7993 - accuracy: 0.7190
1395/1563 [=========================>....] - ETA: 0s - loss: 0.7998 - accuracy: 0.7189
1413/1563 [==========================>...] - ETA: 0s - loss: 0.8002 - accuracy: 0.7187
1431/1563 [==========================>...] - ETA: 0s - loss: 0.8003 - accuracy: 0.7188
1449/1563 [==========================>...] - ETA: 0s - loss: 0.8004 - accuracy: 0.7187
1467/1563 [===========================>..] - ETA: 0s - loss: 0.8011 - accuracy: 0.7184
1484/1563 [===========================>..] - ETA: 0s - loss: 0.8006 - accuracy: 0.7188
1502/1563 [===========================>..] - ETA: 0s - loss: 0.8010 - accuracy: 0.7187
1516/1563 [============================>.] - ETA: 0s - loss: 0.8005 - accuracy: 0.7187
1535/1563 [============================>.] - ETA: 0s - loss: 0.8002 - accuracy: 0.7188
1554/1563 [============================>.] - ETA: 0s - loss: 0.8003 - accuracy: 0.7187
1563/1563 [==============================] - 6s 4ms/step - loss: 0.8005 - accuracy: 0.7186 - val_loss: 1.0961 - val_accuracy: 0.6247
Epoch 8/99

   1/1563 [..............................] - ETA: 0s - loss: 0.8691 - accuracy: 0.7188
  15/1563 [..............................] - ETA: 6s - loss: 0.7416 - accuracy: 0.7437
  32/1563 [..............................] - ETA: 6s - loss: 0.7313 - accuracy: 0.7412
  55/1563 [>.............................] - ETA: 5s - loss: 0.7093 - accuracy: 0.7460
  79/1563 [>.............................] - ETA: 4s - loss: 0.7171 - accuracy: 0.7437
 103/1563 [>.............................] - ETA: 4s - loss: 0.7259 - accuracy: 0.7412
 127/1563 [=>............................] - ETA: 4s - loss: 0.7272 - accuracy: 0.7404
 149/1563 [=>............................] - ETA: 4s - loss: 0.7118 - accuracy: 0.7445
 168/1563 [==>...........................] - ETA: 4s - loss: 0.7093 - accuracy: 0.7463
 186/1563 [==>...........................] - ETA: 4s - loss: 0.7075 - accuracy: 0.7476
 204/1563 [==>...........................] - ETA: 4s - loss: 0.7075 - accuracy: 0.7468
 224/1563 [===>..........................] - ETA: 3s - loss: 0.7092 - accuracy: 0.7461
 249/1563 [===>..........................] - ETA: 3s - loss: 0.7120 - accuracy: 0.7456
 272/1563 [====>.........................] - ETA: 3s - loss: 0.7152 - accuracy: 0.7459
 288/1563 [====>.........................] - ETA: 3s - loss: 0.7132 - accuracy: 0.7470
 305/1563 [====>.........................] - ETA: 3s - loss: 0.7074 - accuracy: 0.7489
 322/1563 [=====>........................] - ETA: 3s - loss: 0.7082 - accuracy: 0.7486
 340/1563 [=====>........................] - ETA: 3s - loss: 0.7114 - accuracy: 0.7473
 357/1563 [=====>........................] - ETA: 3s - loss: 0.7143 - accuracy: 0.7472
 375/1563 [======>.......................] - ETA: 3s - loss: 0.7132 - accuracy: 0.7477
 392/1563 [======>.......................] - ETA: 3s - loss: 0.7149 - accuracy: 0.7476
 406/1563 [======>.......................] - ETA: 3s - loss: 0.7149 - accuracy: 0.7488
 423/1563 [=======>......................] - ETA: 3s - loss: 0.7144 - accuracy: 0.7488
 443/1563 [=======>......................] - ETA: 3s - loss: 0.7151 - accuracy: 0.7489
 461/1563 [=======>......................] - ETA: 3s - loss: 0.7128 - accuracy: 0.7489
 477/1563 [========>.....................] - ETA: 3s - loss: 0.7142 - accuracy: 0.7488
 494/1563 [========>.....................] - ETA: 3s - loss: 0.7137 - accuracy: 0.7491
 513/1563 [========>.....................] - ETA: 3s - loss: 0.7148 - accuracy: 0.7485
 532/1563 [=========>....................] - ETA: 3s - loss: 0.7166 - accuracy: 0.7484
 549/1563 [=========>....................] - ETA: 3s - loss: 0.7162 - accuracy: 0.7487
 567/1563 [=========>....................] - ETA: 3s - loss: 0.7184 - accuracy: 0.7480
 586/1563 [==========>...................] - ETA: 3s - loss: 0.7170 - accuracy: 0.7486
 603/1563 [==========>...................] - ETA: 3s - loss: 0.7187 - accuracy: 0.7479
 622/1563 [==========>...................] - ETA: 3s - loss: 0.7185 - accuracy: 0.7482
 639/1563 [===========>..................] - ETA: 2s - loss: 0.7187 - accuracy: 0.7481
 656/1563 [===========>..................] - ETA: 2s - loss: 0.7187 - accuracy: 0.7476
 674/1563 [===========>..................] - ETA: 2s - loss: 0.7179 - accuracy: 0.7475
 693/1563 [============>.................] - ETA: 2s - loss: 0.7185 - accuracy: 0.7473
 711/1563 [============>.................] - ETA: 2s - loss: 0.7204 - accuracy: 0.7460
 728/1563 [============>.................] - ETA: 2s - loss: 0.7217 - accuracy: 0.7452
 747/1563 [=============>................] - ETA: 2s - loss: 0.7224 - accuracy: 0.7449
 766/1563 [=============>................] - ETA: 2s - loss: 0.7240 - accuracy: 0.7440
 781/1563 [=============>................] - ETA: 2s - loss: 0.7239 - accuracy: 0.7442
 795/1563 [==============>...............] - ETA: 2s - loss: 0.7235 - accuracy: 0.7443
 810/1563 [==============>...............] - ETA: 2s - loss: 0.7249 - accuracy: 0.7439
 828/1563 [==============>...............] - ETA: 2s - loss: 0.7260 - accuracy: 0.7441
 846/1563 [===============>..............] - ETA: 2s - loss: 0.7270 - accuracy: 0.7437
 865/1563 [===============>..............] - ETA: 2s - loss: 0.7272 - accuracy: 0.7444
 882/1563 [===============>..............] - ETA: 2s - loss: 0.7275 - accuracy: 0.7442
 900/1563 [================>.............] - ETA: 2s - loss: 0.7275 - accuracy: 0.7441
 917/1563 [================>.............] - ETA: 2s - loss: 0.7272 - accuracy: 0.7442
 935/1563 [================>.............] - ETA: 2s - loss: 0.7275 - accuracy: 0.7442
 953/1563 [=================>............] - ETA: 2s - loss: 0.7285 - accuracy: 0.7437
 971/1563 [=================>............] - ETA: 1s - loss: 0.7280 - accuracy: 0.7439
 985/1563 [=================>............] - ETA: 1s - loss: 0.7284 - accuracy: 0.7438
1003/1563 [==================>...........] - ETA: 1s - loss: 0.7304 - accuracy: 0.7431
1021/1563 [==================>...........] - ETA: 1s - loss: 0.7308 - accuracy: 0.7432
1038/1563 [==================>...........] - ETA: 1s - loss: 0.7312 - accuracy: 0.7425
1055/1563 [===================>..........] - ETA: 1s - loss: 0.7325 - accuracy: 0.7419
1073/1563 [===================>..........] - ETA: 1s - loss: 0.7326 - accuracy: 0.7418
1092/1563 [===================>..........] - ETA: 1s - loss: 0.7322 - accuracy: 0.7418
1112/1563 [====================>.........] - ETA: 1s - loss: 0.7341 - accuracy: 0.7409
1126/1563 [====================>.........] - ETA: 1s - loss: 0.7338 - accuracy: 0.7409
1141/1563 [====================>.........] - ETA: 1s - loss: 0.7349 - accuracy: 0.7408
1159/1563 [=====================>........] - ETA: 1s - loss: 0.7362 - accuracy: 0.7402
1177/1563 [=====================>........] - ETA: 1s - loss: 0.7369 - accuracy: 0.7400
1197/1563 [=====================>........] - ETA: 1s - loss: 0.7370 - accuracy: 0.7399
1212/1563 [======================>.......] - ETA: 1s - loss: 0.7377 - accuracy: 0.7396
1229/1563 [======================>.......] - ETA: 1s - loss: 0.7389 - accuracy: 0.7392
1246/1563 [======================>.......] - ETA: 1s - loss: 0.7390 - accuracy: 0.7393
1265/1563 [=======================>......] - ETA: 1s - loss: 0.7400 - accuracy: 0.7387
1281/1563 [=======================>......] - ETA: 0s - loss: 0.7406 - accuracy: 0.7383
1301/1563 [=======================>......] - ETA: 0s - loss: 0.7419 - accuracy: 0.7381
1320/1563 [========================>.....] - ETA: 0s - loss: 0.7422 - accuracy: 0.7378
1338/1563 [========================>.....] - ETA: 0s - loss: 0.7437 - accuracy: 0.7372
1356/1563 [=========================>....] - ETA: 0s - loss: 0.7446 - accuracy: 0.7370
1375/1563 [=========================>....] - ETA: 0s - loss: 0.7462 - accuracy: 0.7366
1393/1563 [=========================>....] - ETA: 0s - loss: 0.7471 - accuracy: 0.7363
1412/1563 [==========================>...] - ETA: 0s - loss: 0.7473 - accuracy: 0.7363
1427/1563 [==========================>...] - ETA: 0s - loss: 0.7483 - accuracy: 0.7362
1444/1563 [==========================>...] - ETA: 0s - loss: 0.7481 - accuracy: 0.7361
1460/1563 [===========================>..] - ETA: 0s - loss: 0.7476 - accuracy: 0.7364
1476/1563 [===========================>..] - ETA: 0s - loss: 0.7482 - accuracy: 0.7362
1495/1563 [===========================>..] - ETA: 0s - loss: 0.7488 - accuracy: 0.7360
1512/1563 [============================>.] - ETA: 0s - loss: 0.7490 - accuracy: 0.7358
1530/1563 [============================>.] - ETA: 0s - loss: 0.7493 - accuracy: 0.7357
1549/1563 [============================>.] - ETA: 0s - loss: 0.7493 - accuracy: 0.7357
1563/1563 [==============================] - 6s 4ms/step - loss: 0.7493 - accuracy: 0.7357 - val_loss: 1.1092 - val_accuracy: 0.6278
Epoch 9/99

   1/1563 [..............................] - ETA: 24s - loss: 0.6353 - accuracy: 0.7500
  16/1563 [..............................] - ETA: 6s - loss: 0.6361 - accuracy: 0.7734 
  34/1563 [..............................] - ETA: 5s - loss: 0.6478 - accuracy: 0.7730
  53/1563 [>.............................] - ETA: 5s - loss: 0.6395 - accuracy: 0.7718
  71/1563 [>.............................] - ETA: 5s - loss: 0.6444 - accuracy: 0.7707
  86/1563 [>.............................] - ETA: 5s - loss: 0.6476 - accuracy: 0.7693
 100/1563 [>.............................] - ETA: 5s - loss: 0.6509 - accuracy: 0.7666
 118/1563 [=>............................] - ETA: 5s - loss: 0.6606 - accuracy: 0.7644
 137/1563 [=>............................] - ETA: 4s - loss: 0.6692 - accuracy: 0.7608
 154/1563 [=>............................] - ETA: 4s - loss: 0.6658 - accuracy: 0.7620
 173/1563 [==>...........................] - ETA: 4s - loss: 0.6600 - accuracy: 0.7658
 191/1563 [==>...........................] - ETA: 4s - loss: 0.6583 - accuracy: 0.7672
 210/1563 [===>..........................] - ETA: 4s - loss: 0.6535 - accuracy: 0.7688
 229/1563 [===>..........................] - ETA: 4s - loss: 0.6565 - accuracy: 0.7685
 248/1563 [===>..........................] - ETA: 4s - loss: 0.6600 - accuracy: 0.7664
 266/1563 [====>.........................] - ETA: 4s - loss: 0.6619 - accuracy: 0.7660
 285/1563 [====>.........................] - ETA: 4s - loss: 0.6620 - accuracy: 0.7664
 302/1563 [====>.........................] - ETA: 4s - loss: 0.6668 - accuracy: 0.7639
 317/1563 [=====>........................] - ETA: 4s - loss: 0.6703 - accuracy: 0.7630
 332/1563 [=====>........................] - ETA: 4s - loss: 0.6710 - accuracy: 0.7623
 350/1563 [=====>........................] - ETA: 4s - loss: 0.6694 - accuracy: 0.7627
 369/1563 [======>.......................] - ETA: 4s - loss: 0.6716 - accuracy: 0.7625
 387/1563 [======>.......................] - ETA: 4s - loss: 0.6739 - accuracy: 0.7628
 404/1563 [======>.......................] - ETA: 4s - loss: 0.6763 - accuracy: 0.7615
 422/1563 [=======>......................] - ETA: 3s - loss: 0.6743 - accuracy: 0.7625
 441/1563 [=======>......................] - ETA: 3s - loss: 0.6793 - accuracy: 0.7617
 460/1563 [=======>......................] - ETA: 3s - loss: 0.6793 - accuracy: 0.7620
 480/1563 [========>.....................] - ETA: 3s - loss: 0.6832 - accuracy: 0.7606
 499/1563 [========>.....................] - ETA: 3s - loss: 0.6835 - accuracy: 0.7603
 513/1563 [========>.....................] - ETA: 3s - loss: 0.6848 - accuracy: 0.7603
 528/1563 [=========>....................] - ETA: 3s - loss: 0.6832 - accuracy: 0.7605
 546/1563 [=========>....................] - ETA: 3s - loss: 0.6869 - accuracy: 0.7591
 563/1563 [=========>....................] - ETA: 3s - loss: 0.6862 - accuracy: 0.7594
 581/1563 [==========>...................] - ETA: 3s - loss: 0.6867 - accuracy: 0.7595
 599/1563 [==========>...................] - ETA: 3s - loss: 0.6877 - accuracy: 0.7588
 616/1563 [==========>...................] - ETA: 3s - loss: 0.6879 - accuracy: 0.7587
 635/1563 [===========>..................] - ETA: 3s - loss: 0.6866 - accuracy: 0.7588
 653/1563 [===========>..................] - ETA: 3s - loss: 0.6866 - accuracy: 0.7582
 670/1563 [===========>..................] - ETA: 3s - loss: 0.6856 - accuracy: 0.7590
 689/1563 [============>.................] - ETA: 3s - loss: 0.6856 - accuracy: 0.7593
 708/1563 [============>.................] - ETA: 2s - loss: 0.6867 - accuracy: 0.7590
 723/1563 [============>.................] - ETA: 2s - loss: 0.6869 - accuracy: 0.7589
 740/1563 [=============>................] - ETA: 2s - loss: 0.6875 - accuracy: 0.7579
 763/1563 [=============>................] - ETA: 2s - loss: 0.6874 - accuracy: 0.7579
 789/1563 [==============>...............] - ETA: 2s - loss: 0.6896 - accuracy: 0.7572
 815/1563 [==============>...............] - ETA: 2s - loss: 0.6908 - accuracy: 0.7571
 841/1563 [===============>..............] - ETA: 2s - loss: 0.6936 - accuracy: 0.7559
 864/1563 [===============>..............] - ETA: 2s - loss: 0.6942 - accuracy: 0.7558
 889/1563 [================>.............] - ETA: 2s - loss: 0.6974 - accuracy: 0.7548
 912/1563 [================>.............] - ETA: 2s - loss: 0.6982 - accuracy: 0.7547
 938/1563 [=================>............] - ETA: 2s - loss: 0.6990 - accuracy: 0.7541
 963/1563 [=================>............] - ETA: 1s - loss: 0.6989 - accuracy: 0.7543
 988/1563 [=================>............] - ETA: 1s - loss: 0.6988 - accuracy: 0.7541
1009/1563 [==================>...........] - ETA: 1s - loss: 0.6987 - accuracy: 0.7540
1025/1563 [==================>...........] - ETA: 1s - loss: 0.6992 - accuracy: 0.7537
1040/1563 [==================>...........] - ETA: 1s - loss: 0.6996 - accuracy: 0.7534
1056/1563 [===================>..........] - ETA: 1s - loss: 0.7002 - accuracy: 0.7532
1074/1563 [===================>..........] - ETA: 1s - loss: 0.6993 - accuracy: 0.7533
1093/1563 [===================>..........] - ETA: 1s - loss: 0.6988 - accuracy: 0.7531
1111/1563 [====================>.........] - ETA: 1s - loss: 0.6993 - accuracy: 0.7530
1130/1563 [====================>.........] - ETA: 1s - loss: 0.7011 - accuracy: 0.7522
1147/1563 [=====================>........] - ETA: 1s - loss: 0.7011 - accuracy: 0.7524
1166/1563 [=====================>........] - ETA: 1s - loss: 0.7022 - accuracy: 0.7520
1183/1563 [=====================>........] - ETA: 1s - loss: 0.7017 - accuracy: 0.7523
1201/1563 [======================>.......] - ETA: 1s - loss: 0.7032 - accuracy: 0.7516
1219/1563 [======================>.......] - ETA: 1s - loss: 0.7040 - accuracy: 0.7514
1233/1563 [======================>.......] - ETA: 1s - loss: 0.7037 - accuracy: 0.7514
1248/1563 [======================>.......] - ETA: 1s - loss: 0.7038 - accuracy: 0.7515
1263/1563 [=======================>......] - ETA: 0s - loss: 0.7053 - accuracy: 0.7510
1278/1563 [=======================>......] - ETA: 0s - loss: 0.7050 - accuracy: 0.7510
1295/1563 [=======================>......] - ETA: 0s - loss: 0.7054 - accuracy: 0.7508
1312/1563 [========================>.....] - ETA: 0s - loss: 0.7058 - accuracy: 0.7508
1331/1563 [========================>.....] - ETA: 0s - loss: 0.7062 - accuracy: 0.7506
1348/1563 [========================>.....] - ETA: 0s - loss: 0.7067 - accuracy: 0.7506
1366/1563 [=========================>....] - ETA: 0s - loss: 0.7075 - accuracy: 0.7504
1385/1563 [=========================>....] - ETA: 0s - loss: 0.7082 - accuracy: 0.7503
1403/1563 [=========================>....] - ETA: 0s - loss: 0.7077 - accuracy: 0.7506
1418/1563 [==========================>...] - ETA: 0s - loss: 0.7082 - accuracy: 0.7504
1433/1563 [==========================>...] - ETA: 0s - loss: 0.7080 - accuracy: 0.7506
1452/1563 [==========================>...] - ETA: 0s - loss: 0.7099 - accuracy: 0.7498
1470/1563 [===========================>..] - ETA: 0s - loss: 0.7103 - accuracy: 0.7496
1489/1563 [===========================>..] - ETA: 0s - loss: 0.7106 - accuracy: 0.7495
1507/1563 [===========================>..] - ETA: 0s - loss: 0.7111 - accuracy: 0.7495
1526/1563 [============================>.] - ETA: 0s - loss: 0.7110 - accuracy: 0.7493
1543/1563 [============================>.] - ETA: 0s - loss: 0.7109 - accuracy: 0.7495
1561/1563 [============================>.] - ETA: 0s - loss: 0.7106 - accuracy: 0.7494
1563/1563 [==============================] - 6s 4ms/step - loss: 0.7106 - accuracy: 0.7494 - val_loss: 1.1624 - val_accuracy: 0.6147
Epoch 10/99

   1/1563 [..............................] - ETA: 0s - loss: 0.6507 - accuracy: 0.7500
  16/1563 [..............................] - ETA: 6s - loss: 0.6032 - accuracy: 0.7891
  33/1563 [..............................] - ETA: 5s - loss: 0.6226 - accuracy: 0.7869
  52/1563 [..............................] - ETA: 5s - loss: 0.5956 - accuracy: 0.7945
  70/1563 [>.............................] - ETA: 5s - loss: 0.5915 - accuracy: 0.7920
  86/1563 [>.............................] - ETA: 5s - loss: 0.5974 - accuracy: 0.7892
 103/1563 [>.............................] - ETA: 5s - loss: 0.5883 - accuracy: 0.7913
 120/1563 [=>............................] - ETA: 5s - loss: 0.5795 - accuracy: 0.7964
 136/1563 [=>............................] - ETA: 5s - loss: 0.5887 - accuracy: 0.7916
 155/1563 [=>............................] - ETA: 5s - loss: 0.5904 - accuracy: 0.7917
 173/1563 [==>...........................] - ETA: 5s - loss: 0.5984 - accuracy: 0.7874
 191/1563 [==>...........................] - ETA: 4s - loss: 0.6030 - accuracy: 0.7870
 210/1563 [===>..........................] - ETA: 4s - loss: 0.6069 - accuracy: 0.7865
 228/1563 [===>..........................] - ETA: 4s - loss: 0.6073 - accuracy: 0.7870
 246/1563 [===>..........................] - ETA: 4s - loss: 0.6166 - accuracy: 0.7839
 265/1563 [====>.........................] - ETA: 4s - loss: 0.6167 - accuracy: 0.7834
 284/1563 [====>.........................] - ETA: 4s - loss: 0.6144 - accuracy: 0.7837
 301/1563 [====>.........................] - ETA: 4s - loss: 0.6147 - accuracy: 0.7829
 318/1563 [=====>........................] - ETA: 4s - loss: 0.6134 - accuracy: 0.7831
 336/1563 [=====>........................] - ETA: 4s - loss: 0.6172 - accuracy: 0.7814
 353/1563 [=====>........................] - ETA: 4s - loss: 0.6169 - accuracy: 0.7812
 372/1563 [======>.......................] - ETA: 4s - loss: 0.6171 - accuracy: 0.7807
 390/1563 [======>.......................] - ETA: 4s - loss: 0.6208 - accuracy: 0.7798
 407/1563 [======>.......................] - ETA: 4s - loss: 0.6229 - accuracy: 0.7792
 426/1563 [=======>......................] - ETA: 4s - loss: 0.6242 - accuracy: 0.7779
 443/1563 [=======>......................] - ETA: 3s - loss: 0.6240 - accuracy: 0.7780
 462/1563 [=======>......................] - ETA: 3s - loss: 0.6252 - accuracy: 0.7781
 480/1563 [========>.....................] - ETA: 3s - loss: 0.6255 - accuracy: 0.7779
 499/1563 [========>.....................] - ETA: 3s - loss: 0.6273 - accuracy: 0.7769
 515/1563 [========>.....................] - ETA: 3s - loss: 0.6267 - accuracy: 0.7771
 531/1563 [=========>....................] - ETA: 3s - loss: 0.6253 - accuracy: 0.7778
 549/1563 [=========>....................] - ETA: 3s - loss: 0.6268 - accuracy: 0.7775
 567/1563 [=========>....................] - ETA: 3s - loss: 0.6278 - accuracy: 0.7770
 584/1563 [==========>...................] - ETA: 3s - loss: 0.6292 - accuracy: 0.7768
 601/1563 [==========>...................] - ETA: 3s - loss: 0.6292 - accuracy: 0.7770
 618/1563 [==========>...................] - ETA: 3s - loss: 0.6318 - accuracy: 0.7763
 635/1563 [===========>..................] - ETA: 3s - loss: 0.6350 - accuracy: 0.7757
 653/1563 [===========>..................] - ETA: 3s - loss: 0.6371 - accuracy: 0.7750
 672/1563 [===========>..................] - ETA: 3s - loss: 0.6366 - accuracy: 0.7752
 690/1563 [============>.................] - ETA: 3s - loss: 0.6357 - accuracy: 0.7754
 708/1563 [============>.................] - ETA: 3s - loss: 0.6356 - accuracy: 0.7754
 725/1563 [============>.................] - ETA: 2s - loss: 0.6361 - accuracy: 0.7752
 743/1563 [=============>................] - ETA: 2s - loss: 0.6365 - accuracy: 0.7755
 761/1563 [=============>................] - ETA: 2s - loss: 0.6362 - accuracy: 0.7758
 778/1563 [=============>................] - ETA: 2s - loss: 0.6340 - accuracy: 0.7765
 795/1563 [==============>...............] - ETA: 2s - loss: 0.6328 - accuracy: 0.7772
 814/1563 [==============>...............] - ETA: 2s - loss: 0.6344 - accuracy: 0.7767
 832/1563 [==============>...............] - ETA: 2s - loss: 0.6358 - accuracy: 0.7759
 849/1563 [===============>..............] - ETA: 2s - loss: 0.6360 - accuracy: 0.7760
 866/1563 [===============>..............] - ETA: 2s - loss: 0.6367 - accuracy: 0.7753
 884/1563 [===============>..............] - ETA: 2s - loss: 0.6380 - accuracy: 0.7745
 901/1563 [================>.............] - ETA: 2s - loss: 0.6386 - accuracy: 0.7742
 921/1563 [================>.............] - ETA: 2s - loss: 0.6393 - accuracy: 0.7741
 938/1563 [=================>............] - ETA: 2s - loss: 0.6406 - accuracy: 0.7737
 955/1563 [=================>............] - ETA: 2s - loss: 0.6404 - accuracy: 0.7734
 973/1563 [=================>............] - ETA: 2s - loss: 0.6418 - accuracy: 0.7730
 990/1563 [==================>...........] - ETA: 2s - loss: 0.6427 - accuracy: 0.7728
1009/1563 [==================>...........] - ETA: 1s - loss: 0.6435 - accuracy: 0.7722
1027/1563 [==================>...........] - ETA: 1s - loss: 0.6446 - accuracy: 0.7719
1045/1563 [===================>..........] - ETA: 1s - loss: 0.6454 - accuracy: 0.7718
1062/1563 [===================>..........] - ETA: 1s - loss: 0.6471 - accuracy: 0.7709
1080/1563 [===================>..........] - ETA: 1s - loss: 0.6485 - accuracy: 0.7701
1097/1563 [====================>.........] - ETA: 1s - loss: 0.6484 - accuracy: 0.7700
1116/1563 [====================>.........] - ETA: 1s - loss: 0.6474 - accuracy: 0.7701
1130/1563 [====================>.........] - ETA: 1s - loss: 0.6478 - accuracy: 0.7700
1148/1563 [=====================>........] - ETA: 1s - loss: 0.6494 - accuracy: 0.7696
1163/1563 [=====================>........] - ETA: 1s - loss: 0.6507 - accuracy: 0.7691
1179/1563 [=====================>........] - ETA: 1s - loss: 0.6504 - accuracy: 0.7689
1197/1563 [=====================>........] - ETA: 1s - loss: 0.6512 - accuracy: 0.7688
1216/1563 [======================>.......] - ETA: 1s - loss: 0.6513 - accuracy: 0.7684
1235/1563 [======================>.......] - ETA: 1s - loss: 0.6521 - accuracy: 0.7682
1253/1563 [=======================>......] - ETA: 1s - loss: 0.6527 - accuracy: 0.7681
1271/1563 [=======================>......] - ETA: 1s - loss: 0.6524 - accuracy: 0.7685
1290/1563 [=======================>......] - ETA: 0s - loss: 0.6532 - accuracy: 0.7684
1307/1563 [========================>.....] - ETA: 0s - loss: 0.6540 - accuracy: 0.7681
1325/1563 [========================>.....] - ETA: 0s - loss: 0.6549 - accuracy: 0.7678
1343/1563 [========================>.....] - ETA: 0s - loss: 0.6556 - accuracy: 0.7674
1360/1563 [=========================>....] - ETA: 0s - loss: 0.6565 - accuracy: 0.7674
1378/1563 [=========================>....] - ETA: 0s - loss: 0.6568 - accuracy: 0.7672
1396/1563 [=========================>....] - ETA: 0s - loss: 0.6573 - accuracy: 0.7671
1415/1563 [==========================>...] - ETA: 0s - loss: 0.6579 - accuracy: 0.7669
1434/1563 [==========================>...] - ETA: 0s - loss: 0.6588 - accuracy: 0.7665
1457/1563 [==========================>...] - ETA: 0s - loss: 0.6608 - accuracy: 0.7658
1481/1563 [===========================>..] - ETA: 0s - loss: 0.6609 - accuracy: 0.7658
1507/1563 [===========================>..] - ETA: 0s - loss: 0.6608 - accuracy: 0.7659
1531/1563 [============================>.] - ETA: 0s - loss: 0.6629 - accuracy: 0.7651
1555/1563 [============================>.] - ETA: 0s - loss: 0.6635 - accuracy: 0.7649
1563/1563 [==============================] - 6s 4ms/step - loss: 0.6637 - accuracy: 0.7648 - val_loss: 1.1679 - val_accuracy: 0.6168
Epoch 10: early stopping

  1/313 [..............................] - ETA: 5s - loss: 0.7829 - accuracy: 0.7812
 23/313 [=>............................] - ETA: 0s - loss: 1.1346 - accuracy: 0.6060
 51/313 [===>..........................] - ETA: 0s - loss: 1.1083 - accuracy: 0.6201
 78/313 [======>.......................] - ETA: 0s - loss: 1.1261 - accuracy: 0.6214
105/313 [=========>....................] - ETA: 0s - loss: 1.1571 - accuracy: 0.6155
132/313 [===========>..................] - ETA: 0s - loss: 1.1543 - accuracy: 0.6186
160/313 [==============>...............] - ETA: 0s - loss: 1.1517 - accuracy: 0.6187
187/313 [================>.............] - ETA: 0s - loss: 1.1482 - accuracy: 0.6195
213/313 [===================>..........] - ETA: 0s - loss: 1.1465 - accuracy: 0.6193
239/313 [=====================>........] - ETA: 0s - loss: 1.1493 - accuracy: 0.6183
267/313 [========================>.....] - ETA: 0s - loss: 1.1617 - accuracy: 0.6188
292/313 [==========================>...] - ETA: 0s - loss: 1.1631 - accuracy: 0.6180
313/313 [==============================] - 1s 2ms/step - loss: 1.1679 - accuracy: 0.6168
