2024-07-27 16:03:52.674917: I tensorflow/core/platform/cpu_feature_guard.cc:193] This TensorFlow binary is optimized with oneAPI Deep Neural Network Library (oneDNN) to use the following CPU instructions in performance-critical operations:  AVX AVX2
To enable them in other operations, rebuild TensorFlow with the appropriate compiler flags.
2024-07-27 16:03:53.637896: I tensorflow/core/common_runtime/gpu/gpu_device.cc:1616] Created device /job:localhost/replica:0/task:0/device:GPU:0 with 6656 MB memory:  -> device: 0, name: NVIDIA GeForce RTX 4060 Ti, pci bus id: 0000:01:00.0, compute capability: 8.9
1 Physical GPUs, 1 Logical GPUs
Model: "sequential"
_________________________________________________________________
 Layer (type)                Output Shape              Param #   
=================================================================
 conv2d (Conv2D)             (None, 32, 32, 32)        896       
                                                                 
 max_pooling2d (MaxPooling2D  (None, 16, 16, 32)       0         
 )                                                               
                                                                 
 batch_normalization (BatchN  (None, 16, 16, 32)       128       
 ormalization)                                                   
                                                                 
 dropout (Dropout)           (None, 16, 16, 32)        0         
                                                                 
 flatten (Flatten)           (None, 8192)              0         
                                                                 
 dense (Dense)               (None, 94)                770142    
                                                                 
 dropout_1 (Dropout)         (None, 94)                0         
                                                                 
 dense_1 (Dense)             (None, 10)                950       
                                                                 
=================================================================
Total params: 772,116
Trainable params: 772,052
Non-trainable params: 64
_________________________________________________________________
Taxa de aprendizado:  0.001 Num de épocas:  224 Tamanho do lote:  128 Dropout:  0.16
Epoch 1/224
2024-07-27 16:03:55.433895: I tensorflow/stream_executor/cuda/cuda_dnn.cc:384] Loaded cuDNN version 8100
2024-07-27 16:03:56.827554: W tensorflow/stream_executor/gpu/redzone_allocator.cc:314] INTERNAL: ptxas exited with non-zero error code -1, output: 
Relying on driver to perform ptx compilation. 
Modify $PATH to customize ptxas location.
This message will be only logged once.
2024-07-27 16:03:58.153938: I tensorflow/stream_executor/cuda/cuda_blas.cc:1614] TensorFloat-32 will be used for the matrix multiplication. This will only be logged once.

  1/391 [..............................] - ETA: 29:36 - loss: 2.6153 - accuracy: 0.1328
 11/391 [..............................] - ETA: 2s - loss: 2.3481 - accuracy: 0.2429   
 21/391 [>.............................] - ETA: 2s - loss: 2.1749 - accuracy: 0.2697
 29/391 [=>............................] - ETA: 2s - loss: 2.0979 - accuracy: 0.2871
 38/391 [=>............................] - ETA: 2s - loss: 2.0469 - accuracy: 0.3009
 50/391 [==>...........................] - ETA: 2s - loss: 1.9678 - accuracy: 0.3215
 63/391 [===>..........................] - ETA: 1s - loss: 1.9153 - accuracy: 0.3396
 75/391 [====>.........................] - ETA: 1s - loss: 1.8713 - accuracy: 0.3517
 87/391 [=====>........................] - ETA: 1s - loss: 1.8403 - accuracy: 0.3610
 99/391 [======>.......................] - ETA: 1s - loss: 1.8061 - accuracy: 0.3697
111/391 [=======>......................] - ETA: 1s - loss: 1.7814 - accuracy: 0.3782
122/391 [========>.....................] - ETA: 1s - loss: 1.7564 - accuracy: 0.3855
134/391 [=========>....................] - ETA: 1s - loss: 1.7322 - accuracy: 0.3938
146/391 [==========>...................] - ETA: 1s - loss: 1.7134 - accuracy: 0.4000
157/391 [===========>..................] - ETA: 1s - loss: 1.7003 - accuracy: 0.4041
168/391 [===========>..................] - ETA: 1s - loss: 1.6858 - accuracy: 0.4088
181/391 [============>.................] - ETA: 1s - loss: 1.6683 - accuracy: 0.4142
192/391 [=============>................] - ETA: 1s - loss: 1.6563 - accuracy: 0.4186
204/391 [==============>...............] - ETA: 1s - loss: 1.6418 - accuracy: 0.4232
216/391 [===============>..............] - ETA: 0s - loss: 1.6264 - accuracy: 0.4279
227/391 [================>.............] - ETA: 0s - loss: 1.6166 - accuracy: 0.4309
238/391 [=================>............] - ETA: 0s - loss: 1.6086 - accuracy: 0.4333
250/391 [==================>...........] - ETA: 0s - loss: 1.5984 - accuracy: 0.4372
263/391 [===================>..........] - ETA: 0s - loss: 1.5865 - accuracy: 0.4414
275/391 [====================>.........] - ETA: 0s - loss: 1.5794 - accuracy: 0.4440
288/391 [=====================>........] - ETA: 0s - loss: 1.5710 - accuracy: 0.4463
299/391 [=====================>........] - ETA: 0s - loss: 1.5639 - accuracy: 0.4487
310/391 [======================>.......] - ETA: 0s - loss: 1.5583 - accuracy: 0.4505
319/391 [=======================>......] - ETA: 0s - loss: 1.5515 - accuracy: 0.4529
332/391 [========================>.....] - ETA: 0s - loss: 1.5442 - accuracy: 0.4558
344/391 [=========================>....] - ETA: 0s - loss: 1.5357 - accuracy: 0.4588
356/391 [==========================>...] - ETA: 0s - loss: 1.5292 - accuracy: 0.4609
368/391 [===========================>..] - ETA: 0s - loss: 1.5208 - accuracy: 0.4635
381/391 [============================>.] - ETA: 0s - loss: 1.5136 - accuracy: 0.4660
391/391 [==============================] - 8s 9ms/step - loss: 1.5061 - accuracy: 0.4687 - val_loss: 1.4699 - val_accuracy: 0.4628
Epoch 2/224

  1/391 [..............................] - ETA: 6s - loss: 1.1380 - accuracy: 0.6016
 12/391 [..............................] - ETA: 2s - loss: 1.1593 - accuracy: 0.5807
 23/391 [>.............................] - ETA: 2s - loss: 1.1694 - accuracy: 0.5866
 35/391 [=>............................] - ETA: 1s - loss: 1.1758 - accuracy: 0.5837
 45/391 [==>...........................] - ETA: 1s - loss: 1.1817 - accuracy: 0.5842
 57/391 [===>..........................] - ETA: 1s - loss: 1.1834 - accuracy: 0.5833
 68/391 [====>.........................] - ETA: 1s - loss: 1.1821 - accuracy: 0.5819
 79/391 [=====>........................] - ETA: 1s - loss: 1.1829 - accuracy: 0.5827
 90/391 [=====>........................] - ETA: 1s - loss: 1.1824 - accuracy: 0.5850
101/391 [======>.......................] - ETA: 1s - loss: 1.1762 - accuracy: 0.5862
113/391 [=======>......................] - ETA: 1s - loss: 1.1770 - accuracy: 0.5857
124/391 [========>.....................] - ETA: 1s - loss: 1.1778 - accuracy: 0.5853
135/391 [=========>....................] - ETA: 1s - loss: 1.1746 - accuracy: 0.5861
147/391 [==========>...................] - ETA: 1s - loss: 1.1719 - accuracy: 0.5871
159/391 [===========>..................] - ETA: 1s - loss: 1.1689 - accuracy: 0.5883
170/391 [============>.................] - ETA: 1s - loss: 1.1707 - accuracy: 0.5872
182/391 [============>.................] - ETA: 1s - loss: 1.1674 - accuracy: 0.5875
193/391 [=============>................] - ETA: 1s - loss: 1.1647 - accuracy: 0.5893
204/391 [==============>...............] - ETA: 1s - loss: 1.1618 - accuracy: 0.5909
215/391 [===============>..............] - ETA: 0s - loss: 1.1620 - accuracy: 0.5912
227/391 [================>.............] - ETA: 0s - loss: 1.1608 - accuracy: 0.5912
239/391 [=================>............] - ETA: 0s - loss: 1.1617 - accuracy: 0.5910
250/391 [==================>...........] - ETA: 0s - loss: 1.1618 - accuracy: 0.5908
261/391 [===================>..........] - ETA: 0s - loss: 1.1605 - accuracy: 0.5919
272/391 [===================>..........] - ETA: 0s - loss: 1.1606 - accuracy: 0.5914
284/391 [====================>.........] - ETA: 0s - loss: 1.1593 - accuracy: 0.5925
295/391 [=====================>........] - ETA: 0s - loss: 1.1584 - accuracy: 0.5931
306/391 [======================>.......] - ETA: 0s - loss: 1.1580 - accuracy: 0.5931
315/391 [=======================>......] - ETA: 0s - loss: 1.1587 - accuracy: 0.5927
323/391 [=======================>......] - ETA: 0s - loss: 1.1572 - accuracy: 0.5927
333/391 [========================>.....] - ETA: 0s - loss: 1.1580 - accuracy: 0.5922
345/391 [=========================>....] - ETA: 0s - loss: 1.1573 - accuracy: 0.5920
357/391 [==========================>...] - ETA: 0s - loss: 1.1565 - accuracy: 0.5924
368/391 [===========================>..] - ETA: 0s - loss: 1.1564 - accuracy: 0.5926
380/391 [============================>.] - ETA: 0s - loss: 1.1543 - accuracy: 0.5930
389/391 [============================>.] - ETA: 0s - loss: 1.1536 - accuracy: 0.5932
391/391 [==============================] - 3s 8ms/step - loss: 1.1534 - accuracy: 0.5932 - val_loss: 1.3194 - val_accuracy: 0.5446
Epoch 3/224

  1/391 [..............................] - ETA: 6s - loss: 0.9470 - accuracy: 0.6484
 12/391 [..............................] - ETA: 2s - loss: 1.0353 - accuracy: 0.6380
 23/391 [>.............................] - ETA: 2s - loss: 1.0341 - accuracy: 0.6355
 33/391 [=>............................] - ETA: 1s - loss: 1.0331 - accuracy: 0.6274
 42/391 [==>...........................] - ETA: 2s - loss: 1.0249 - accuracy: 0.6304
 54/391 [===>..........................] - ETA: 1s - loss: 1.0154 - accuracy: 0.6353
 66/391 [====>.........................] - ETA: 1s - loss: 1.0164 - accuracy: 0.6359
 77/391 [====>.........................] - ETA: 1s - loss: 1.0192 - accuracy: 0.6352
 88/391 [=====>........................] - ETA: 1s - loss: 1.0183 - accuracy: 0.6357
 99/391 [======>.......................] - ETA: 1s - loss: 1.0204 - accuracy: 0.6342
110/391 [=======>......................] - ETA: 1s - loss: 1.0170 - accuracy: 0.6352
121/391 [========>.....................] - ETA: 1s - loss: 1.0149 - accuracy: 0.6348
131/391 [=========>....................] - ETA: 1s - loss: 1.0120 - accuracy: 0.6363
142/391 [=========>....................] - ETA: 1s - loss: 1.0151 - accuracy: 0.6363
153/391 [==========>...................] - ETA: 1s - loss: 1.0117 - accuracy: 0.6379
163/391 [===========>..................] - ETA: 1s - loss: 1.0114 - accuracy: 0.6384
175/391 [============>.................] - ETA: 1s - loss: 1.0137 - accuracy: 0.6370
186/391 [=============>................] - ETA: 1s - loss: 1.0154 - accuracy: 0.6367
197/391 [==============>...............] - ETA: 1s - loss: 1.0167 - accuracy: 0.6368
208/391 [==============>...............] - ETA: 1s - loss: 1.0178 - accuracy: 0.6368
219/391 [===============>..............] - ETA: 0s - loss: 1.0200 - accuracy: 0.6370
231/391 [================>.............] - ETA: 0s - loss: 1.0218 - accuracy: 0.6358
242/391 [=================>............] - ETA: 0s - loss: 1.0217 - accuracy: 0.6357
253/391 [==================>...........] - ETA: 0s - loss: 1.0262 - accuracy: 0.6349
264/391 [===================>..........] - ETA: 0s - loss: 1.0269 - accuracy: 0.6349
275/391 [====================>.........] - ETA: 0s - loss: 1.0271 - accuracy: 0.6356
287/391 [=====================>........] - ETA: 0s - loss: 1.0264 - accuracy: 0.6362
298/391 [=====================>........] - ETA: 0s - loss: 1.0262 - accuracy: 0.6364
310/391 [======================>.......] - ETA: 0s - loss: 1.0266 - accuracy: 0.6361
321/391 [=======================>......] - ETA: 0s - loss: 1.0275 - accuracy: 0.6358
332/391 [========================>.....] - ETA: 0s - loss: 1.0281 - accuracy: 0.6357
343/391 [=========================>....] - ETA: 0s - loss: 1.0274 - accuracy: 0.6357
354/391 [==========================>...] - ETA: 0s - loss: 1.0282 - accuracy: 0.6357
365/391 [===========================>..] - ETA: 0s - loss: 1.0281 - accuracy: 0.6360
376/391 [===========================>..] - ETA: 0s - loss: 1.0290 - accuracy: 0.6358
387/391 [============================>.] - ETA: 0s - loss: 1.0289 - accuracy: 0.6362
391/391 [==============================] - 3s 8ms/step - loss: 1.0291 - accuracy: 0.6361 - val_loss: 1.0873 - val_accuracy: 0.6181
Epoch 4/224

  1/391 [..............................] - ETA: 6s - loss: 0.7864 - accuracy: 0.7344
 11/391 [..............................] - ETA: 2s - loss: 0.9368 - accuracy: 0.6743
 23/391 [>.............................] - ETA: 2s - loss: 0.9231 - accuracy: 0.6716
 34/391 [=>............................] - ETA: 2s - loss: 0.9167 - accuracy: 0.6722
 46/391 [==>...........................] - ETA: 1s - loss: 0.9178 - accuracy: 0.6733
 57/391 [===>..........................] - ETA: 1s - loss: 0.9104 - accuracy: 0.6774
 69/391 [====>.........................] - ETA: 1s - loss: 0.9165 - accuracy: 0.6758
 80/391 [=====>........................] - ETA: 1s - loss: 0.9175 - accuracy: 0.6755
 91/391 [=====>........................] - ETA: 1s - loss: 0.9175 - accuracy: 0.6759
102/391 [======>.......................] - ETA: 1s - loss: 0.9162 - accuracy: 0.6768
114/391 [=======>......................] - ETA: 1s - loss: 0.9147 - accuracy: 0.6777
125/391 [========>.....................] - ETA: 1s - loss: 0.9189 - accuracy: 0.6767
137/391 [=========>....................] - ETA: 1s - loss: 0.9198 - accuracy: 0.6766
148/391 [==========>...................] - ETA: 1s - loss: 0.9248 - accuracy: 0.6753
159/391 [===========>..................] - ETA: 1s - loss: 0.9242 - accuracy: 0.6752
170/391 [============>.................] - ETA: 1s - loss: 0.9231 - accuracy: 0.6757
182/391 [============>.................] - ETA: 1s - loss: 0.9221 - accuracy: 0.6764
193/391 [=============>................] - ETA: 1s - loss: 0.9247 - accuracy: 0.6756
205/391 [==============>...............] - ETA: 1s - loss: 0.9278 - accuracy: 0.6743
216/391 [===============>..............] - ETA: 0s - loss: 0.9300 - accuracy: 0.6739
228/391 [================>.............] - ETA: 0s - loss: 0.9319 - accuracy: 0.6732
239/391 [=================>............] - ETA: 0s - loss: 0.9309 - accuracy: 0.6729
251/391 [==================>...........] - ETA: 0s - loss: 0.9314 - accuracy: 0.6729
263/391 [===================>..........] - ETA: 0s - loss: 0.9302 - accuracy: 0.6740
274/391 [====================>.........] - ETA: 0s - loss: 0.9313 - accuracy: 0.6735
286/391 [====================>.........] - ETA: 0s - loss: 0.9316 - accuracy: 0.6731
296/391 [=====================>........] - ETA: 0s - loss: 0.9328 - accuracy: 0.6723
307/391 [======================>.......] - ETA: 0s - loss: 0.9334 - accuracy: 0.6720
318/391 [=======================>......] - ETA: 0s - loss: 0.9351 - accuracy: 0.6720
330/391 [========================>.....] - ETA: 0s - loss: 0.9359 - accuracy: 0.6719
341/391 [=========================>....] - ETA: 0s - loss: 0.9383 - accuracy: 0.6712
353/391 [==========================>...] - ETA: 0s - loss: 0.9388 - accuracy: 0.6708
364/391 [==========================>...] - ETA: 0s - loss: 0.9401 - accuracy: 0.6705
375/391 [===========================>..] - ETA: 0s - loss: 0.9408 - accuracy: 0.6700
386/391 [============================>.] - ETA: 0s - loss: 0.9408 - accuracy: 0.6702
391/391 [==============================] - 3s 8ms/step - loss: 0.9416 - accuracy: 0.6699 - val_loss: 1.1459 - val_accuracy: 0.6004
Epoch 5/224

  1/391 [..............................] - ETA: 6s - loss: 0.7484 - accuracy: 0.7500
 10/391 [..............................] - ETA: 2s - loss: 0.8307 - accuracy: 0.7133
 22/391 [>.............................] - ETA: 2s - loss: 0.8441 - accuracy: 0.7056
 33/391 [=>............................] - ETA: 2s - loss: 0.8552 - accuracy: 0.7019
 45/391 [==>...........................] - ETA: 1s - loss: 0.8482 - accuracy: 0.7049
 55/391 [===>..........................] - ETA: 1s - loss: 0.8405 - accuracy: 0.7089
 67/391 [====>.........................] - ETA: 1s - loss: 0.8427 - accuracy: 0.7070
 79/391 [=====>........................] - ETA: 1s - loss: 0.8427 - accuracy: 0.7064
 90/391 [=====>........................] - ETA: 1s - loss: 0.8390 - accuracy: 0.7059
101/391 [======>.......................] - ETA: 1s - loss: 0.8445 - accuracy: 0.7045
112/391 [=======>......................] - ETA: 1s - loss: 0.8496 - accuracy: 0.7028
124/391 [========>.....................] - ETA: 1s - loss: 0.8481 - accuracy: 0.7031
135/391 [=========>....................] - ETA: 1s - loss: 0.8487 - accuracy: 0.7023
147/391 [==========>...................] - ETA: 1s - loss: 0.8540 - accuracy: 0.6997
159/391 [===========>..................] - ETA: 1s - loss: 0.8581 - accuracy: 0.6980
171/391 [============>.................] - ETA: 1s - loss: 0.8613 - accuracy: 0.6972
180/391 [============>.................] - ETA: 1s - loss: 0.8621 - accuracy: 0.6970
190/391 [=============>................] - ETA: 1s - loss: 0.8624 - accuracy: 0.6960
202/391 [==============>...............] - ETA: 1s - loss: 0.8636 - accuracy: 0.6956
214/391 [===============>..............] - ETA: 0s - loss: 0.8679 - accuracy: 0.6941
225/391 [================>.............] - ETA: 0s - loss: 0.8712 - accuracy: 0.6924
236/391 [=================>............] - ETA: 0s - loss: 0.8715 - accuracy: 0.6921
247/391 [=================>............] - ETA: 0s - loss: 0.8715 - accuracy: 0.6924
258/391 [==================>...........] - ETA: 0s - loss: 0.8711 - accuracy: 0.6922
269/391 [===================>..........] - ETA: 0s - loss: 0.8738 - accuracy: 0.6917
281/391 [====================>.........] - ETA: 0s - loss: 0.8736 - accuracy: 0.6916
293/391 [=====================>........] - ETA: 0s - loss: 0.8748 - accuracy: 0.6917
304/391 [======================>.......] - ETA: 0s - loss: 0.8750 - accuracy: 0.6917
316/391 [=======================>......] - ETA: 0s - loss: 0.8743 - accuracy: 0.6921
327/391 [========================>.....] - ETA: 0s - loss: 0.8749 - accuracy: 0.6923
338/391 [========================>.....] - ETA: 0s - loss: 0.8758 - accuracy: 0.6924
349/391 [=========================>....] - ETA: 0s - loss: 0.8775 - accuracy: 0.6920
361/391 [==========================>...] - ETA: 0s - loss: 0.8789 - accuracy: 0.6909
373/391 [===========================>..] - ETA: 0s - loss: 0.8794 - accuracy: 0.6906
385/391 [============================>.] - ETA: 0s - loss: 0.8804 - accuracy: 0.6905
391/391 [==============================] - 3s 8ms/step - loss: 0.8800 - accuracy: 0.6907 - val_loss: 1.0526 - val_accuracy: 0.6301
Epoch 6/224

  1/391 [..............................] - ETA: 6s - loss: 0.7998 - accuracy: 0.7266
 10/391 [..............................] - ETA: 2s - loss: 0.7716 - accuracy: 0.7461
 22/391 [>.............................] - ETA: 2s - loss: 0.7875 - accuracy: 0.7326
 34/391 [=>............................] - ETA: 2s - loss: 0.7905 - accuracy: 0.7286
 45/391 [==>...........................] - ETA: 1s - loss: 0.7926 - accuracy: 0.7260
 57/391 [===>..........................] - ETA: 1s - loss: 0.7959 - accuracy: 0.7231
 68/391 [====>.........................] - ETA: 1s - loss: 0.8013 - accuracy: 0.7198
 80/391 [=====>........................] - ETA: 1s - loss: 0.8025 - accuracy: 0.7178
 91/391 [=====>........................] - ETA: 1s - loss: 0.8040 - accuracy: 0.7183
102/391 [======>.......................] - ETA: 1s - loss: 0.8051 - accuracy: 0.7178
114/391 [=======>......................] - ETA: 1s - loss: 0.8045 - accuracy: 0.7167
125/391 [========>.....................] - ETA: 1s - loss: 0.8028 - accuracy: 0.7166
136/391 [=========>....................] - ETA: 1s - loss: 0.8087 - accuracy: 0.7149
147/391 [==========>...................] - ETA: 1s - loss: 0.8103 - accuracy: 0.7137
159/391 [===========>..................] - ETA: 1s - loss: 0.8119 - accuracy: 0.7119
170/391 [============>.................] - ETA: 1s - loss: 0.8120 - accuracy: 0.7129
182/391 [============>.................] - ETA: 1s - loss: 0.8112 - accuracy: 0.7127
193/391 [=============>................] - ETA: 1s - loss: 0.8120 - accuracy: 0.7125
204/391 [==============>...............] - ETA: 1s - loss: 0.8117 - accuracy: 0.7131
215/391 [===============>..............] - ETA: 0s - loss: 0.8115 - accuracy: 0.7129
226/391 [================>.............] - ETA: 0s - loss: 0.8121 - accuracy: 0.7124
237/391 [=================>............] - ETA: 0s - loss: 0.8150 - accuracy: 0.7108
248/391 [==================>...........] - ETA: 0s - loss: 0.8169 - accuracy: 0.7099
259/391 [==================>...........] - ETA: 0s - loss: 0.8175 - accuracy: 0.7098
270/391 [===================>..........] - ETA: 0s - loss: 0.8183 - accuracy: 0.7095
281/391 [====================>.........] - ETA: 0s - loss: 0.8212 - accuracy: 0.7085
292/391 [=====================>........] - ETA: 0s - loss: 0.8219 - accuracy: 0.7084
303/391 [======================>.......] - ETA: 0s - loss: 0.8230 - accuracy: 0.7082
313/391 [=======================>......] - ETA: 0s - loss: 0.8250 - accuracy: 0.7071
324/391 [=======================>......] - ETA: 0s - loss: 0.8256 - accuracy: 0.7070
335/391 [========================>.....] - ETA: 0s - loss: 0.8260 - accuracy: 0.7068
346/391 [=========================>....] - ETA: 0s - loss: 0.8269 - accuracy: 0.7060
357/391 [==========================>...] - ETA: 0s - loss: 0.8293 - accuracy: 0.7049
368/391 [===========================>..] - ETA: 0s - loss: 0.8292 - accuracy: 0.7051
379/391 [============================>.] - ETA: 0s - loss: 0.8298 - accuracy: 0.7050
391/391 [==============================] - ETA: 0s - loss: 0.8308 - accuracy: 0.7047
391/391 [==============================] - 3s 8ms/step - loss: 0.8308 - accuracy: 0.7047 - val_loss: 1.1207 - val_accuracy: 0.6171
Epoch 7/224

  1/391 [..............................] - ETA: 6s - loss: 0.5908 - accuracy: 0.8047
 13/391 [..............................] - ETA: 1s - loss: 0.7315 - accuracy: 0.7470
 24/391 [>.............................] - ETA: 1s - loss: 0.7264 - accuracy: 0.7471
 35/391 [=>............................] - ETA: 1s - loss: 0.7345 - accuracy: 0.7453
 47/391 [==>...........................] - ETA: 1s - loss: 0.7461 - accuracy: 0.7429
 58/391 [===>..........................] - ETA: 1s - loss: 0.7532 - accuracy: 0.7387
 69/391 [====>.........................] - ETA: 1s - loss: 0.7497 - accuracy: 0.7390
 81/391 [=====>........................] - ETA: 1s - loss: 0.7519 - accuracy: 0.7378
 92/391 [======>.......................] - ETA: 1s - loss: 0.7505 - accuracy: 0.7392
103/391 [======>.......................] - ETA: 1s - loss: 0.7524 - accuracy: 0.7384
114/391 [=======>......................] - ETA: 1s - loss: 0.7542 - accuracy: 0.7371
126/391 [========>.....................] - ETA: 1s - loss: 0.7581 - accuracy: 0.7342
138/391 [=========>....................] - ETA: 1s - loss: 0.7599 - accuracy: 0.7343
149/391 [==========>...................] - ETA: 1s - loss: 0.7609 - accuracy: 0.7335
161/391 [===========>..................] - ETA: 1s - loss: 0.7565 - accuracy: 0.7353
173/391 [============>.................] - ETA: 1s - loss: 0.7600 - accuracy: 0.7346
184/391 [=============>................] - ETA: 1s - loss: 0.7585 - accuracy: 0.7352
195/391 [=============>................] - ETA: 1s - loss: 0.7630 - accuracy: 0.7343
207/391 [==============>...............] - ETA: 1s - loss: 0.7654 - accuracy: 0.7330
218/391 [===============>..............] - ETA: 0s - loss: 0.7669 - accuracy: 0.7324
229/391 [================>.............] - ETA: 0s - loss: 0.7693 - accuracy: 0.7321
240/391 [=================>............] - ETA: 0s - loss: 0.7737 - accuracy: 0.7304
252/391 [==================>...........] - ETA: 0s - loss: 0.7753 - accuracy: 0.7295
264/391 [===================>..........] - ETA: 0s - loss: 0.7747 - accuracy: 0.7301
275/391 [====================>.........] - ETA: 0s - loss: 0.7764 - accuracy: 0.7294
286/391 [====================>.........] - ETA: 0s - loss: 0.7779 - accuracy: 0.7289
298/391 [=====================>........] - ETA: 0s - loss: 0.7796 - accuracy: 0.7276
309/391 [======================>.......] - ETA: 0s - loss: 0.7811 - accuracy: 0.7268
321/391 [=======================>......] - ETA: 0s - loss: 0.7840 - accuracy: 0.7255
332/391 [========================>.....] - ETA: 0s - loss: 0.7859 - accuracy: 0.7247
343/391 [=========================>....] - ETA: 0s - loss: 0.7869 - accuracy: 0.7238
354/391 [==========================>...] - ETA: 0s - loss: 0.7877 - accuracy: 0.7238
365/391 [===========================>..] - ETA: 0s - loss: 0.7896 - accuracy: 0.7233
377/391 [===========================>..] - ETA: 0s - loss: 0.7902 - accuracy: 0.7230
389/391 [============================>.] - ETA: 0s - loss: 0.7908 - accuracy: 0.7228
391/391 [==============================] - 3s 8ms/step - loss: 0.7909 - accuracy: 0.7227 - val_loss: 1.0614 - val_accuracy: 0.6356
Epoch 8/224

  1/391 [..............................] - ETA: 6s - loss: 0.8320 - accuracy: 0.7422
 12/391 [..............................] - ETA: 2s - loss: 0.7001 - accuracy: 0.7630
 24/391 [>.............................] - ETA: 1s - loss: 0.7047 - accuracy: 0.7572
 35/391 [=>............................] - ETA: 1s - loss: 0.6980 - accuracy: 0.7580
 46/391 [==>...........................] - ETA: 1s - loss: 0.7037 - accuracy: 0.7554
 57/391 [===>..........................] - ETA: 1s - loss: 0.7138 - accuracy: 0.7489
 68/391 [====>.........................] - ETA: 1s - loss: 0.7153 - accuracy: 0.7490
 79/391 [=====>........................] - ETA: 1s - loss: 0.7144 - accuracy: 0.7487
 90/391 [=====>........................] - ETA: 1s - loss: 0.7098 - accuracy: 0.7500
101/391 [======>.......................] - ETA: 1s - loss: 0.7113 - accuracy: 0.7492
112/391 [=======>......................] - ETA: 1s - loss: 0.7184 - accuracy: 0.7480
122/391 [========>.....................] - ETA: 1s - loss: 0.7259 - accuracy: 0.7451
134/391 [=========>....................] - ETA: 1s - loss: 0.7271 - accuracy: 0.7454
145/391 [==========>...................] - ETA: 1s - loss: 0.7291 - accuracy: 0.7458
157/391 [===========>..................] - ETA: 1s - loss: 0.7266 - accuracy: 0.7461
168/391 [===========>..................] - ETA: 1s - loss: 0.7280 - accuracy: 0.7457
179/391 [============>.................] - ETA: 1s - loss: 0.7294 - accuracy: 0.7454
190/391 [=============>................] - ETA: 1s - loss: 0.7319 - accuracy: 0.7445
202/391 [==============>...............] - ETA: 1s - loss: 0.7328 - accuracy: 0.7436
213/391 [===============>..............] - ETA: 0s - loss: 0.7336 - accuracy: 0.7435
223/391 [================>.............] - ETA: 0s - loss: 0.7353 - accuracy: 0.7428
235/391 [=================>............] - ETA: 0s - loss: 0.7370 - accuracy: 0.7423
246/391 [=================>............] - ETA: 0s - loss: 0.7373 - accuracy: 0.7416
257/391 [==================>...........] - ETA: 0s - loss: 0.7371 - accuracy: 0.7412
268/391 [===================>..........] - ETA: 0s - loss: 0.7384 - accuracy: 0.7407
279/391 [====================>.........] - ETA: 0s - loss: 0.7390 - accuracy: 0.7404
291/391 [=====================>........] - ETA: 0s - loss: 0.7401 - accuracy: 0.7393
303/391 [======================>.......] - ETA: 0s - loss: 0.7408 - accuracy: 0.7394
314/391 [=======================>......] - ETA: 0s - loss: 0.7427 - accuracy: 0.7389
325/391 [=======================>......] - ETA: 0s - loss: 0.7436 - accuracy: 0.7386
337/391 [========================>.....] - ETA: 0s - loss: 0.7454 - accuracy: 0.7381
349/391 [=========================>....] - ETA: 0s - loss: 0.7456 - accuracy: 0.7382
358/391 [==========================>...] - ETA: 0s - loss: 0.7473 - accuracy: 0.7375
369/391 [===========================>..] - ETA: 0s - loss: 0.7472 - accuracy: 0.7380
380/391 [============================>.] - ETA: 0s - loss: 0.7488 - accuracy: 0.7371
391/391 [==============================] - ETA: 0s - loss: 0.7501 - accuracy: 0.7363
391/391 [==============================] - 3s 8ms/step - loss: 0.7501 - accuracy: 0.7363 - val_loss: 1.1458 - val_accuracy: 0.6174
Epoch 9/224

  1/391 [..............................] - ETA: 6s - loss: 0.6315 - accuracy: 0.7734
 13/391 [..............................] - ETA: 1s - loss: 0.6732 - accuracy: 0.7638
 24/391 [>.............................] - ETA: 1s - loss: 0.6659 - accuracy: 0.7686
 35/391 [=>............................] - ETA: 1s - loss: 0.6705 - accuracy: 0.7688
 47/391 [==>...........................] - ETA: 1s - loss: 0.6729 - accuracy: 0.7675
 58/391 [===>..........................] - ETA: 1s - loss: 0.6658 - accuracy: 0.7701
 70/391 [====>.........................] - ETA: 1s - loss: 0.6607 - accuracy: 0.7712
 82/391 [=====>........................] - ETA: 1s - loss: 0.6664 - accuracy: 0.7694
 93/391 [======>.......................] - ETA: 1s - loss: 0.6690 - accuracy: 0.7670
104/391 [======>.......................] - ETA: 1s - loss: 0.6756 - accuracy: 0.7662
115/391 [=======>......................] - ETA: 1s - loss: 0.6806 - accuracy: 0.7644
126/391 [========>.....................] - ETA: 1s - loss: 0.6837 - accuracy: 0.7628
137/391 [=========>....................] - ETA: 1s - loss: 0.6873 - accuracy: 0.7610
148/391 [==========>...................] - ETA: 1s - loss: 0.6891 - accuracy: 0.7602
159/391 [===========>..................] - ETA: 1s - loss: 0.6927 - accuracy: 0.7596
171/391 [============>.................] - ETA: 1s - loss: 0.6936 - accuracy: 0.7593
183/391 [=============>................] - ETA: 1s - loss: 0.6928 - accuracy: 0.7593
195/391 [=============>................] - ETA: 1s - loss: 0.6943 - accuracy: 0.7587
203/391 [==============>...............] - ETA: 1s - loss: 0.6911 - accuracy: 0.7601
213/391 [===============>..............] - ETA: 0s - loss: 0.6917 - accuracy: 0.7595
224/391 [================>.............] - ETA: 0s - loss: 0.6924 - accuracy: 0.7593
235/391 [=================>............] - ETA: 0s - loss: 0.6936 - accuracy: 0.7587
246/391 [=================>............] - ETA: 0s - loss: 0.6929 - accuracy: 0.7594
257/391 [==================>...........] - ETA: 0s - loss: 0.6955 - accuracy: 0.7585
268/391 [===================>..........] - ETA: 0s - loss: 0.6963 - accuracy: 0.7584
280/391 [====================>.........] - ETA: 0s - loss: 0.6980 - accuracy: 0.7579
290/391 [=====================>........] - ETA: 0s - loss: 0.6997 - accuracy: 0.7574
302/391 [======================>.......] - ETA: 0s - loss: 0.6995 - accuracy: 0.7576
314/391 [=======================>......] - ETA: 0s - loss: 0.7023 - accuracy: 0.7563
325/391 [=======================>......] - ETA: 0s - loss: 0.7048 - accuracy: 0.7558
336/391 [========================>.....] - ETA: 0s - loss: 0.7052 - accuracy: 0.7554
348/391 [=========================>....] - ETA: 0s - loss: 0.7062 - accuracy: 0.7548
360/391 [==========================>...] - ETA: 0s - loss: 0.7078 - accuracy: 0.7541
371/391 [===========================>..] - ETA: 0s - loss: 0.7086 - accuracy: 0.7536
383/391 [============================>.] - ETA: 0s - loss: 0.7100 - accuracy: 0.7528
391/391 [==============================] - 3s 8ms/step - loss: 0.7116 - accuracy: 0.7524 - val_loss: 1.0952 - val_accuracy: 0.6343
Epoch 10/224

  1/391 [..............................] - ETA: 6s - loss: 0.6209 - accuracy: 0.8047
 12/391 [..............................] - ETA: 2s - loss: 0.6831 - accuracy: 0.7689
 23/391 [>.............................] - ETA: 2s - loss: 0.6821 - accuracy: 0.7653
 35/391 [=>............................] - ETA: 1s - loss: 0.6748 - accuracy: 0.7663
 46/391 [==>...........................] - ETA: 1s - loss: 0.6657 - accuracy: 0.7702
 57/391 [===>..........................] - ETA: 1s - loss: 0.6602 - accuracy: 0.7715
 68/391 [====>.........................] - ETA: 1s - loss: 0.6581 - accuracy: 0.7723
 80/391 [=====>........................] - ETA: 1s - loss: 0.6582 - accuracy: 0.7727
 91/391 [=====>........................] - ETA: 1s - loss: 0.6621 - accuracy: 0.7691
103/391 [======>.......................] - ETA: 1s - loss: 0.6591 - accuracy: 0.7706
114/391 [=======>......................] - ETA: 1s - loss: 0.6627 - accuracy: 0.7697
126/391 [========>.....................] - ETA: 1s - loss: 0.6678 - accuracy: 0.7684
137/391 [=========>....................] - ETA: 1s - loss: 0.6678 - accuracy: 0.7677
148/391 [==========>...................] - ETA: 1s - loss: 0.6720 - accuracy: 0.7658
159/391 [===========>..................] - ETA: 1s - loss: 0.6702 - accuracy: 0.7662
171/391 [============>.................] - ETA: 1s - loss: 0.6713 - accuracy: 0.7651
182/391 [============>.................] - ETA: 1s - loss: 0.6692 - accuracy: 0.7657
193/391 [=============>................] - ETA: 1s - loss: 0.6728 - accuracy: 0.7634
204/391 [==============>...............] - ETA: 1s - loss: 0.6743 - accuracy: 0.7627
216/391 [===============>..............] - ETA: 0s - loss: 0.6739 - accuracy: 0.7633
228/391 [================>.............] - ETA: 0s - loss: 0.6762 - accuracy: 0.7623
240/391 [=================>............] - ETA: 0s - loss: 0.6766 - accuracy: 0.7620
251/391 [==================>...........] - ETA: 0s - loss: 0.6739 - accuracy: 0.7630
262/391 [===================>..........] - ETA: 0s - loss: 0.6753 - accuracy: 0.7623
274/391 [====================>.........] - ETA: 0s - loss: 0.6790 - accuracy: 0.7606
285/391 [====================>.........] - ETA: 0s - loss: 0.6827 - accuracy: 0.7597
297/391 [=====================>........] - ETA: 0s - loss: 0.6836 - accuracy: 0.7591
309/391 [======================>.......] - ETA: 0s - loss: 0.6843 - accuracy: 0.7590
321/391 [=======================>......] - ETA: 0s - loss: 0.6847 - accuracy: 0.7589
332/391 [========================>.....] - ETA: 0s - loss: 0.6854 - accuracy: 0.7587
343/391 [=========================>....] - ETA: 0s - loss: 0.6864 - accuracy: 0.7587
355/391 [==========================>...] - ETA: 0s - loss: 0.6880 - accuracy: 0.7583
366/391 [===========================>..] - ETA: 0s - loss: 0.6879 - accuracy: 0.7582
377/391 [===========================>..] - ETA: 0s - loss: 0.6883 - accuracy: 0.7580
388/391 [============================>.] - ETA: 0s - loss: 0.6897 - accuracy: 0.7576
391/391 [==============================] - 3s 8ms/step - loss: 0.6905 - accuracy: 0.7573 - val_loss: 1.1699 - val_accuracy: 0.6216
Epoch 11/224

  1/391 [..............................] - ETA: 6s - loss: 0.5850 - accuracy: 0.7891
 11/391 [..............................] - ETA: 2s - loss: 0.6350 - accuracy: 0.7713
 23/391 [>.............................] - ETA: 2s - loss: 0.6306 - accuracy: 0.7796
 34/391 [=>............................] - ETA: 2s - loss: 0.6419 - accuracy: 0.7762
 46/391 [==>...........................] - ETA: 1s - loss: 0.6356 - accuracy: 0.7773
 58/391 [===>..........................] - ETA: 1s - loss: 0.6346 - accuracy: 0.7792
 69/391 [====>.........................] - ETA: 1s - loss: 0.6333 - accuracy: 0.7791
 81/391 [=====>........................] - ETA: 1s - loss: 0.6294 - accuracy: 0.7799
 91/391 [=====>........................] - ETA: 1s - loss: 0.6261 - accuracy: 0.7798
102/391 [======>.......................] - ETA: 1s - loss: 0.6315 - accuracy: 0.7771
114/391 [=======>......................] - ETA: 1s - loss: 0.6387 - accuracy: 0.7745
125/391 [========>.....................] - ETA: 1s - loss: 0.6416 - accuracy: 0.7735
137/391 [=========>....................] - ETA: 1s - loss: 0.6397 - accuracy: 0.7744
148/391 [==========>...................] - ETA: 1s - loss: 0.6404 - accuracy: 0.7738
158/391 [===========>..................] - ETA: 1s - loss: 0.6396 - accuracy: 0.7741
170/391 [============>.................] - ETA: 1s - loss: 0.6367 - accuracy: 0.7760
182/391 [============>.................] - ETA: 1s - loss: 0.6385 - accuracy: 0.7751
193/391 [=============>................] - ETA: 1s - loss: 0.6406 - accuracy: 0.7746
203/391 [==============>...............] - ETA: 1s - loss: 0.6431 - accuracy: 0.7739
215/391 [===============>..............] - ETA: 0s - loss: 0.6433 - accuracy: 0.7736
225/391 [================>.............] - ETA: 0s - loss: 0.6437 - accuracy: 0.7727
237/391 [=================>............] - ETA: 0s - loss: 0.6443 - accuracy: 0.7727
246/391 [=================>............] - ETA: 0s - loss: 0.6455 - accuracy: 0.7722
256/391 [==================>...........] - ETA: 0s - loss: 0.6450 - accuracy: 0.7729
268/391 [===================>..........] - ETA: 0s - loss: 0.6466 - accuracy: 0.7725
279/391 [====================>.........] - ETA: 0s - loss: 0.6481 - accuracy: 0.7720
291/391 [=====================>........] - ETA: 0s - loss: 0.6489 - accuracy: 0.7719
302/391 [======================>.......] - ETA: 0s - loss: 0.6498 - accuracy: 0.7718
313/391 [=======================>......] - ETA: 0s - loss: 0.6510 - accuracy: 0.7719
324/391 [=======================>......] - ETA: 0s - loss: 0.6508 - accuracy: 0.7721
336/391 [========================>.....] - ETA: 0s - loss: 0.6527 - accuracy: 0.7714
346/391 [=========================>....] - ETA: 0s - loss: 0.6525 - accuracy: 0.7711
358/391 [==========================>...] - ETA: 0s - loss: 0.6537 - accuracy: 0.7702
369/391 [===========================>..] - ETA: 0s - loss: 0.6529 - accuracy: 0.7704
381/391 [============================>.] - ETA: 0s - loss: 0.6539 - accuracy: 0.7698
391/391 [==============================] - 3s 8ms/step - loss: 0.6540 - accuracy: 0.7698 - val_loss: 1.2039 - val_accuracy: 0.6191
Epoch 12/224

  1/391 [..............................] - ETA: 6s - loss: 0.7247 - accuracy: 0.6953
 12/391 [..............................] - ETA: 2s - loss: 0.6034 - accuracy: 0.7812
 23/391 [>.............................] - ETA: 2s - loss: 0.5985 - accuracy: 0.7829
 35/391 [=>............................] - ETA: 1s - loss: 0.6092 - accuracy: 0.7828
 47/391 [==>...........................] - ETA: 1s - loss: 0.6093 - accuracy: 0.7837
 59/391 [===>..........................] - ETA: 1s - loss: 0.5983 - accuracy: 0.7869
 70/391 [====>.........................] - ETA: 1s - loss: 0.6035 - accuracy: 0.7849
 82/391 [=====>........................] - ETA: 1s - loss: 0.6031 - accuracy: 0.7863
 93/391 [======>.......................] - ETA: 1s - loss: 0.6073 - accuracy: 0.7855
104/391 [======>.......................] - ETA: 1s - loss: 0.6039 - accuracy: 0.7873
115/391 [=======>......................] - ETA: 1s - loss: 0.6050 - accuracy: 0.7868
127/391 [========>.....................] - ETA: 1s - loss: 0.6042 - accuracy: 0.7856
139/391 [=========>....................] - ETA: 1s - loss: 0.6080 - accuracy: 0.7850
150/391 [==========>...................] - ETA: 1s - loss: 0.6095 - accuracy: 0.7848
161/391 [===========>..................] - ETA: 1s - loss: 0.6108 - accuracy: 0.7843
172/391 [============>.................] - ETA: 1s - loss: 0.6090 - accuracy: 0.7850
183/391 [=============>................] - ETA: 1s - loss: 0.6102 - accuracy: 0.7847
193/391 [=============>................] - ETA: 1s - loss: 0.6118 - accuracy: 0.7839
203/391 [==============>...............] - ETA: 1s - loss: 0.6119 - accuracy: 0.7839
215/391 [===============>..............] - ETA: 0s - loss: 0.6154 - accuracy: 0.7829
226/391 [================>.............] - ETA: 0s - loss: 0.6166 - accuracy: 0.7826
237/391 [=================>............] - ETA: 0s - loss: 0.6156 - accuracy: 0.7832
248/391 [==================>...........] - ETA: 0s - loss: 0.6180 - accuracy: 0.7823
260/391 [==================>...........] - ETA: 0s - loss: 0.6213 - accuracy: 0.7809
272/391 [===================>..........] - ETA: 0s - loss: 0.6233 - accuracy: 0.7803
282/391 [====================>.........] - ETA: 0s - loss: 0.6248 - accuracy: 0.7798
293/391 [=====================>........] - ETA: 0s - loss: 0.6251 - accuracy: 0.7797
305/391 [======================>.......] - ETA: 0s - loss: 0.6276 - accuracy: 0.7785
316/391 [=======================>......] - ETA: 0s - loss: 0.6301 - accuracy: 0.7775
328/391 [========================>.....] - ETA: 0s - loss: 0.6322 - accuracy: 0.7770
339/391 [=========================>....] - ETA: 0s - loss: 0.6313 - accuracy: 0.7774
350/391 [=========================>....] - ETA: 0s - loss: 0.6325 - accuracy: 0.7771
361/391 [==========================>...] - ETA: 0s - loss: 0.6331 - accuracy: 0.7769
373/391 [===========================>..] - ETA: 0s - loss: 0.6342 - accuracy: 0.7765
384/391 [============================>.] - ETA: 0s - loss: 0.6349 - accuracy: 0.7766
391/391 [==============================] - 3s 8ms/step - loss: 0.6362 - accuracy: 0.7760 - val_loss: 1.1292 - val_accuracy: 0.6296
Epoch 13/224

  1/391 [..............................] - ETA: 6s - loss: 0.5620 - accuracy: 0.8047
 12/391 [..............................] - ETA: 2s - loss: 0.5439 - accuracy: 0.8086
 23/391 [>.............................] - ETA: 2s - loss: 0.5500 - accuracy: 0.8060
 33/391 [=>............................] - ETA: 2s - loss: 0.5542 - accuracy: 0.8018
 44/391 [==>...........................] - ETA: 2s - loss: 0.5585 - accuracy: 0.8029
 55/391 [===>..........................] - ETA: 1s - loss: 0.5584 - accuracy: 0.8048
 65/391 [===>..........................] - ETA: 1s - loss: 0.5686 - accuracy: 0.7975
 77/391 [====>.........................] - ETA: 1s - loss: 0.5784 - accuracy: 0.7942
 88/391 [=====>........................] - ETA: 1s - loss: 0.5769 - accuracy: 0.7963
 99/391 [======>.......................] - ETA: 1s - loss: 0.5764 - accuracy: 0.7955
110/391 [=======>......................] - ETA: 1s - loss: 0.5789 - accuracy: 0.7947
121/391 [========>.....................] - ETA: 1s - loss: 0.5790 - accuracy: 0.7953
133/391 [=========>....................] - ETA: 1s - loss: 0.5792 - accuracy: 0.7949
144/391 [==========>...................] - ETA: 1s - loss: 0.5834 - accuracy: 0.7932
155/391 [==========>...................] - ETA: 1s - loss: 0.5864 - accuracy: 0.7915
166/391 [===========>..................] - ETA: 1s - loss: 0.5889 - accuracy: 0.7905
177/391 [============>.................] - ETA: 1s - loss: 0.5912 - accuracy: 0.7892
189/391 [=============>................] - ETA: 1s - loss: 0.5908 - accuracy: 0.7893
200/391 [==============>...............] - ETA: 1s - loss: 0.5914 - accuracy: 0.7888
212/391 [===============>..............] - ETA: 1s - loss: 0.5932 - accuracy: 0.7884
223/391 [================>.............] - ETA: 0s - loss: 0.5928 - accuracy: 0.7882
235/391 [=================>............] - ETA: 0s - loss: 0.5921 - accuracy: 0.7885
246/391 [=================>............] - ETA: 0s - loss: 0.5944 - accuracy: 0.7880
257/391 [==================>...........] - ETA: 0s - loss: 0.5953 - accuracy: 0.7877
268/391 [===================>..........] - ETA: 0s - loss: 0.5940 - accuracy: 0.7882
279/391 [====================>.........] - ETA: 0s - loss: 0.5955 - accuracy: 0.7879
290/391 [=====================>........] - ETA: 0s - loss: 0.5948 - accuracy: 0.7878
302/391 [======================>.......] - ETA: 0s - loss: 0.5958 - accuracy: 0.7875
313/391 [=======================>......] - ETA: 0s - loss: 0.5977 - accuracy: 0.7865
325/391 [=======================>......] - ETA: 0s - loss: 0.5977 - accuracy: 0.7864
336/391 [========================>.....] - ETA: 0s - loss: 0.5995 - accuracy: 0.7858
348/391 [=========================>....] - ETA: 0s - loss: 0.6005 - accuracy: 0.7860
359/391 [==========================>...] - ETA: 0s - loss: 0.6024 - accuracy: 0.7855
371/391 [===========================>..] - ETA: 0s - loss: 0.6032 - accuracy: 0.7853
382/391 [============================>.] - ETA: 0s - loss: 0.6036 - accuracy: 0.7854
391/391 [==============================] - 3s 8ms/step - loss: 0.6064 - accuracy: 0.7844 - val_loss: 1.3179 - val_accuracy: 0.5865
Epoch 14/224

  1/391 [..............................] - ETA: 6s - loss: 0.5696 - accuracy: 0.7812
 11/391 [..............................] - ETA: 2s - loss: 0.5766 - accuracy: 0.7926
 21/391 [>.............................] - ETA: 2s - loss: 0.5756 - accuracy: 0.7917
 29/391 [=>............................] - ETA: 2s - loss: 0.5608 - accuracy: 0.7964
 40/391 [==>...........................] - ETA: 2s - loss: 0.5603 - accuracy: 0.7950
 52/391 [==>...........................] - ETA: 1s - loss: 0.5624 - accuracy: 0.7948
 64/391 [===>..........................] - ETA: 1s - loss: 0.5671 - accuracy: 0.7946
 75/391 [====>.........................] - ETA: 1s - loss: 0.5676 - accuracy: 0.7957
 87/391 [=====>........................] - ETA: 1s - loss: 0.5674 - accuracy: 0.7954
 98/391 [======>.......................] - ETA: 1s - loss: 0.5668 - accuracy: 0.7956
109/391 [=======>......................] - ETA: 1s - loss: 0.5651 - accuracy: 0.7969
120/391 [========>.....................] - ETA: 1s - loss: 0.5630 - accuracy: 0.7975
131/391 [=========>....................] - ETA: 1s - loss: 0.5650 - accuracy: 0.7971
142/391 [=========>....................] - ETA: 1s - loss: 0.5659 - accuracy: 0.7972
154/391 [==========>...................] - ETA: 1s - loss: 0.5647 - accuracy: 0.7982
165/391 [===========>..................] - ETA: 1s - loss: 0.5664 - accuracy: 0.7980
176/391 [============>.................] - ETA: 1s - loss: 0.5679 - accuracy: 0.7978
188/391 [=============>................] - ETA: 1s - loss: 0.5700 - accuracy: 0.7963
199/391 [==============>...............] - ETA: 1s - loss: 0.5729 - accuracy: 0.7952
210/391 [===============>..............] - ETA: 1s - loss: 0.5744 - accuracy: 0.7944
221/391 [===============>..............] - ETA: 0s - loss: 0.5749 - accuracy: 0.7940
233/391 [================>.............] - ETA: 0s - loss: 0.5760 - accuracy: 0.7934
245/391 [=================>............] - ETA: 0s - loss: 0.5754 - accuracy: 0.7940
256/391 [==================>...........] - ETA: 0s - loss: 0.5755 - accuracy: 0.7942
268/391 [===================>..........] - ETA: 0s - loss: 0.5751 - accuracy: 0.7944
279/391 [====================>.........] - ETA: 0s - loss: 0.5771 - accuracy: 0.7939
291/391 [=====================>........] - ETA: 0s - loss: 0.5778 - accuracy: 0.7934
301/391 [======================>.......] - ETA: 0s - loss: 0.5784 - accuracy: 0.7932
313/391 [=======================>......] - ETA: 0s - loss: 0.5792 - accuracy: 0.7929
325/391 [=======================>......] - ETA: 0s - loss: 0.5793 - accuracy: 0.7929
337/391 [========================>.....] - ETA: 0s - loss: 0.5820 - accuracy: 0.7920
348/391 [=========================>....] - ETA: 0s - loss: 0.5821 - accuracy: 0.7922
360/391 [==========================>...] - ETA: 0s - loss: 0.5839 - accuracy: 0.7916
372/391 [===========================>..] - ETA: 0s - loss: 0.5854 - accuracy: 0.7912
384/391 [============================>.] - ETA: 0s - loss: 0.5859 - accuracy: 0.7911
391/391 [==============================] - 3s 8ms/step - loss: 0.5861 - accuracy: 0.7911 - val_loss: 1.2534 - val_accuracy: 0.6066
Epoch 15/224

  1/391 [..............................] - ETA: 6s - loss: 0.5920 - accuracy: 0.8203
 12/391 [..............................] - ETA: 2s - loss: 0.5501 - accuracy: 0.8099
 24/391 [>.............................] - ETA: 1s - loss: 0.5394 - accuracy: 0.8135
 35/391 [=>............................] - ETA: 1s - loss: 0.5311 - accuracy: 0.8158
 47/391 [==>...........................] - ETA: 1s - loss: 0.5281 - accuracy: 0.8167
 59/391 [===>..........................] - ETA: 1s - loss: 0.5290 - accuracy: 0.8154
 70/391 [====>.........................] - ETA: 1s - loss: 0.5325 - accuracy: 0.8158
 81/391 [=====>........................] - ETA: 1s - loss: 0.5336 - accuracy: 0.8154
 92/391 [======>.......................] - ETA: 1s - loss: 0.5347 - accuracy: 0.8156
103/391 [======>.......................] - ETA: 1s - loss: 0.5325 - accuracy: 0.8158
115/391 [=======>......................] - ETA: 1s - loss: 0.5334 - accuracy: 0.8154
126/391 [========>.....................] - ETA: 1s - loss: 0.5348 - accuracy: 0.8148
137/391 [=========>....................] - ETA: 1s - loss: 0.5335 - accuracy: 0.8150
149/391 [==========>...................] - ETA: 1s - loss: 0.5369 - accuracy: 0.8141
160/391 [===========>..................] - ETA: 1s - loss: 0.5406 - accuracy: 0.8127
172/391 [============>.................] - ETA: 1s - loss: 0.5411 - accuracy: 0.8117
183/391 [=============>................] - ETA: 1s - loss: 0.5421 - accuracy: 0.8110
195/391 [=============>................] - ETA: 1s - loss: 0.5418 - accuracy: 0.8112
206/391 [==============>...............] - ETA: 1s - loss: 0.5443 - accuracy: 0.8107
217/391 [===============>..............] - ETA: 0s - loss: 0.5474 - accuracy: 0.8090
228/391 [================>.............] - ETA: 0s - loss: 0.5477 - accuracy: 0.8092
239/391 [=================>............] - ETA: 0s - loss: 0.5479 - accuracy: 0.8092
250/391 [==================>...........] - ETA: 0s - loss: 0.5493 - accuracy: 0.8088
261/391 [===================>..........] - ETA: 0s - loss: 0.5507 - accuracy: 0.8078
273/391 [===================>..........] - ETA: 0s - loss: 0.5517 - accuracy: 0.8073
285/391 [====================>.........] - ETA: 0s - loss: 0.5520 - accuracy: 0.8073
296/391 [=====================>........] - ETA: 0s - loss: 0.5540 - accuracy: 0.8070
307/391 [======================>.......] - ETA: 0s - loss: 0.5547 - accuracy: 0.8063
319/391 [=======================>......] - ETA: 0s - loss: 0.5563 - accuracy: 0.8050
330/391 [========================>.....] - ETA: 0s - loss: 0.5596 - accuracy: 0.8038
342/391 [=========================>....] - ETA: 0s - loss: 0.5610 - accuracy: 0.8028
353/391 [==========================>...] - ETA: 0s - loss: 0.5624 - accuracy: 0.8026
364/391 [==========================>...] - ETA: 0s - loss: 0.5632 - accuracy: 0.8027
375/391 [===========================>..] - ETA: 0s - loss: 0.5643 - accuracy: 0.8023
387/391 [============================>.] - ETA: 0s - loss: 0.5648 - accuracy: 0.8022
391/391 [==============================] - 3s 8ms/step - loss: 0.5648 - accuracy: 0.8022 - val_loss: 1.3255 - val_accuracy: 0.5930
Epoch 16/224

  1/391 [..............................] - ETA: 6s - loss: 0.6704 - accuracy: 0.7344
 11/391 [..............................] - ETA: 2s - loss: 0.5353 - accuracy: 0.7983
 23/391 [>.............................] - ETA: 2s - loss: 0.5420 - accuracy: 0.8071
 34/391 [=>............................] - ETA: 2s - loss: 0.5387 - accuracy: 0.8114
 45/391 [==>...........................] - ETA: 1s - loss: 0.5276 - accuracy: 0.8163
 56/391 [===>..........................] - ETA: 1s - loss: 0.5283 - accuracy: 0.8156
 68/391 [====>.........................] - ETA: 1s - loss: 0.5301 - accuracy: 0.8151
 79/391 [=====>........................] - ETA: 1s - loss: 0.5308 - accuracy: 0.8146
 90/391 [=====>........................] - ETA: 1s - loss: 0.5353 - accuracy: 0.8119
102/391 [======>.......................] - ETA: 1s - loss: 0.5304 - accuracy: 0.8133
113/391 [=======>......................] - ETA: 1s - loss: 0.5302 - accuracy: 0.8133
124/391 [========>.....................] - ETA: 1s - loss: 0.5285 - accuracy: 0.8144
135/391 [=========>....................] - ETA: 1s - loss: 0.5283 - accuracy: 0.8142
146/391 [==========>...................] - ETA: 1s - loss: 0.5271 - accuracy: 0.8151
158/391 [===========>..................] - ETA: 1s - loss: 0.5292 - accuracy: 0.8139
169/391 [===========>..................] - ETA: 1s - loss: 0.5310 - accuracy: 0.8129
181/391 [============>.................] - ETA: 1s - loss: 0.5334 - accuracy: 0.8126
192/391 [=============>................] - ETA: 1s - loss: 0.5351 - accuracy: 0.8122
203/391 [==============>...............] - ETA: 1s - loss: 0.5349 - accuracy: 0.8118
215/391 [===============>..............] - ETA: 0s - loss: 0.5376 - accuracy: 0.8101
226/391 [================>.............] - ETA: 0s - loss: 0.5401 - accuracy: 0.8090
237/391 [=================>............] - ETA: 0s - loss: 0.5426 - accuracy: 0.8081
248/391 [==================>...........] - ETA: 0s - loss: 0.5423 - accuracy: 0.8077
259/391 [==================>...........] - ETA: 0s - loss: 0.5421 - accuracy: 0.8079
271/391 [===================>..........] - ETA: 0s - loss: 0.5435 - accuracy: 0.8073
282/391 [====================>.........] - ETA: 0s - loss: 0.5446 - accuracy: 0.8067
294/391 [=====================>........] - ETA: 0s - loss: 0.5441 - accuracy: 0.8068
306/391 [======================>.......] - ETA: 0s - loss: 0.5445 - accuracy: 0.8067
316/391 [=======================>......] - ETA: 0s - loss: 0.5465 - accuracy: 0.8062
328/391 [========================>.....] - ETA: 0s - loss: 0.5473 - accuracy: 0.8061
340/391 [=========================>....] - ETA: 0s - loss: 0.5480 - accuracy: 0.8059
350/391 [=========================>....] - ETA: 0s - loss: 0.5481 - accuracy: 0.8058
361/391 [==========================>...] - ETA: 0s - loss: 0.5494 - accuracy: 0.8052
373/391 [===========================>..] - ETA: 0s - loss: 0.5503 - accuracy: 0.8047
384/391 [============================>.] - ETA: 0s - loss: 0.5513 - accuracy: 0.8043
391/391 [==============================] - 3s 8ms/step - loss: 0.5509 - accuracy: 0.8043 - val_loss: 1.1660 - val_accuracy: 0.6306
Epoch 16: early stopping

  1/313 [..............................] - ETA: 4s - loss: 0.5413 - accuracy: 0.8438
 17/313 [>.............................] - ETA: 1s - loss: 1.1305 - accuracy: 0.6232
 38/313 [==>...........................] - ETA: 0s - loss: 1.0808 - accuracy: 0.6423
 58/313 [====>.........................] - ETA: 0s - loss: 1.1008 - accuracy: 0.6412
 77/313 [======>.......................] - ETA: 0s - loss: 1.1105 - accuracy: 0.6429
 94/313 [========>.....................] - ETA: 0s - loss: 1.1427 - accuracy: 0.6376
113/313 [=========>....................] - ETA: 0s - loss: 1.1603 - accuracy: 0.6336
132/313 [===========>..................] - ETA: 0s - loss: 1.1439 - accuracy: 0.6373
151/313 [=============>................] - ETA: 0s - loss: 1.1404 - accuracy: 0.6401
171/313 [===============>..............] - ETA: 0s - loss: 1.1440 - accuracy: 0.6369
191/313 [=================>............] - ETA: 0s - loss: 1.1522 - accuracy: 0.6330
210/313 [===================>..........] - ETA: 0s - loss: 1.1554 - accuracy: 0.6313
231/313 [=====================>........] - ETA: 0s - loss: 1.1587 - accuracy: 0.6310
251/313 [=======================>......] - ETA: 0s - loss: 1.1585 - accuracy: 0.6323
270/313 [========================>.....] - ETA: 0s - loss: 1.1615 - accuracy: 0.6309
290/313 [==========================>...] - ETA: 0s - loss: 1.1616 - accuracy: 0.6320
308/313 [============================>.] - ETA: 0s - loss: 1.1646 - accuracy: 0.6314
313/313 [==============================] - 1s 3ms/step - loss: 1.1660 - accuracy: 0.6306
