2024-07-28 02:24:56.313450: I tensorflow/core/platform/cpu_feature_guard.cc:193] This TensorFlow binary is optimized with oneAPI Deep Neural Network Library (oneDNN) to use the following CPU instructions in performance-critical operations:  AVX AVX2
To enable them in other operations, rebuild TensorFlow with the appropriate compiler flags.
2024-07-28 02:24:57.109877: I tensorflow/core/common_runtime/gpu/gpu_device.cc:1616] Created device /job:localhost/replica:0/task:0/device:GPU:0 with 6656 MB memory:  -> device: 0, name: NVIDIA GeForce RTX 4060 Ti, pci bus id: 0000:01:00.0, compute capability: 8.9
1 Physical GPUs, 1 Logical GPUs
Model: "sequential"
_________________________________________________________________
 Layer (type)                Output Shape              Param #   
=================================================================
 conv2d (Conv2D)             (None, 32, 32, 32)        896       
                                                                 
 max_pooling2d (MaxPooling2D  (None, 16, 16, 32)       0         
 )                                                               
                                                                 
 batch_normalization (BatchN  (None, 16, 16, 32)       128       
 ormalization)                                                   
                                                                 
 conv2d_1 (Conv2D)           (None, 16, 16, 32)        82976     
                                                                 
 max_pooling2d_1 (MaxPooling  (None, 8, 8, 32)         0         
 2D)                                                             
                                                                 
 batch_normalization_1 (Batc  (None, 8, 8, 32)         128       
 hNormalization)                                                 
                                                                 
 dropout (Dropout)           (None, 8, 8, 32)          0         
                                                                 
 flatten (Flatten)           (None, 2048)              0         
                                                                 
 dense (Dense)               (None, 10)                20490     
                                                                 
=================================================================
Total params: 104,618
Trainable params: 104,490
Non-trainable params: 128
_________________________________________________________________
Taxa de aprendizado:  0.01 Num de épocas:  133 Tamanho do lote:  32 Dropout:  0.39
Epoch 1/133
2024-07-28 02:24:58.659898: I tensorflow/stream_executor/cuda/cuda_dnn.cc:384] Loaded cuDNN version 8100
2024-07-28 02:24:59.783241: W tensorflow/stream_executor/gpu/redzone_allocator.cc:314] INTERNAL: ptxas exited with non-zero error code -1, output: 
Relying on driver to perform ptx compilation. 
Modify $PATH to customize ptxas location.
This message will be only logged once.
2024-07-28 02:25:00.853352: I tensorflow/stream_executor/cuda/cuda_blas.cc:1614] TensorFloat-32 will be used for the matrix multiplication. This will only be logged once.

   1/1563 [..............................] - ETA: 1:36:53 - loss: 3.7107 - accuracy: 0.0312
  11/1563 [..............................] - ETA: 8s - loss: 4.9449 - accuracy: 0.1761     
  23/1563 [..............................] - ETA: 8s - loss: 4.8402 - accuracy: 0.1984
  34/1563 [..............................] - ETA: 8s - loss: 4.6462 - accuracy: 0.2224
  45/1563 [..............................] - ETA: 8s - loss: 4.5396 - accuracy: 0.2229
  56/1563 [>.............................] - ETA: 8s - loss: 4.4128 - accuracy: 0.2277
  68/1563 [>.............................] - ETA: 7s - loss: 4.1409 - accuracy: 0.2445
  80/1563 [>.............................] - ETA: 7s - loss: 3.9339 - accuracy: 0.2512
  90/1563 [>.............................] - ETA: 7s - loss: 3.7831 - accuracy: 0.2566
 100/1563 [>.............................] - ETA: 7s - loss: 3.6125 - accuracy: 0.2663
 112/1563 [=>............................] - ETA: 7s - loss: 3.4839 - accuracy: 0.2631
 122/1563 [=>............................] - ETA: 7s - loss: 3.3705 - accuracy: 0.2684
 131/1563 [=>............................] - ETA: 7s - loss: 3.2780 - accuracy: 0.2741
 144/1563 [=>............................] - ETA: 7s - loss: 3.1411 - accuracy: 0.2854
 156/1563 [=>............................] - ETA: 7s - loss: 3.0383 - accuracy: 0.2907
 168/1563 [==>...........................] - ETA: 7s - loss: 2.9402 - accuracy: 0.3004
 180/1563 [==>...........................] - ETA: 7s - loss: 2.8535 - accuracy: 0.3083
 192/1563 [==>...........................] - ETA: 7s - loss: 2.7781 - accuracy: 0.3148
 204/1563 [==>...........................] - ETA: 7s - loss: 2.7122 - accuracy: 0.3206
 216/1563 [===>..........................] - ETA: 7s - loss: 2.6571 - accuracy: 0.3248
 227/1563 [===>..........................] - ETA: 7s - loss: 2.6139 - accuracy: 0.3274
 239/1563 [===>..........................] - ETA: 7s - loss: 2.5663 - accuracy: 0.3298
 252/1563 [===>..........................] - ETA: 6s - loss: 2.5155 - accuracy: 0.3358
 264/1563 [====>.........................] - ETA: 6s - loss: 2.4721 - accuracy: 0.3413
 276/1563 [====>.........................] - ETA: 6s - loss: 2.4326 - accuracy: 0.3454
 288/1563 [====>.........................] - ETA: 6s - loss: 2.3994 - accuracy: 0.3477
 299/1563 [====>.........................] - ETA: 6s - loss: 2.3691 - accuracy: 0.3499
 311/1563 [====>.........................] - ETA: 6s - loss: 2.3415 - accuracy: 0.3529
 322/1563 [=====>........................] - ETA: 6s - loss: 2.3167 - accuracy: 0.3561
 334/1563 [=====>........................] - ETA: 6s - loss: 2.2894 - accuracy: 0.3591
 346/1563 [=====>........................] - ETA: 6s - loss: 2.2646 - accuracy: 0.3630
 357/1563 [=====>........................] - ETA: 6s - loss: 2.2389 - accuracy: 0.3669
 369/1563 [======>.......................] - ETA: 6s - loss: 2.2160 - accuracy: 0.3686
 381/1563 [======>.......................] - ETA: 6s - loss: 2.1997 - accuracy: 0.3704
 394/1563 [======>.......................] - ETA: 6s - loss: 2.1771 - accuracy: 0.3740
 406/1563 [======>.......................] - ETA: 6s - loss: 2.1607 - accuracy: 0.3749
 419/1563 [=======>......................] - ETA: 6s - loss: 2.1423 - accuracy: 0.3768
 431/1563 [=======>......................] - ETA: 5s - loss: 2.1269 - accuracy: 0.3780
 445/1563 [=======>......................] - ETA: 5s - loss: 2.1075 - accuracy: 0.3806
 456/1563 [=======>......................] - ETA: 5s - loss: 2.0914 - accuracy: 0.3833
 469/1563 [========>.....................] - ETA: 5s - loss: 2.0760 - accuracy: 0.3851
 481/1563 [========>.....................] - ETA: 5s - loss: 2.0631 - accuracy: 0.3867
 485/1563 [========>.....................] - ETA: 5s - loss: 2.0591 - accuracy: 0.3870
 495/1563 [========>.....................] - ETA: 5s - loss: 2.0458 - accuracy: 0.3895
 508/1563 [========>.....................] - ETA: 5s - loss: 2.0313 - accuracy: 0.3910
 520/1563 [========>.....................] - ETA: 5s - loss: 2.0182 - accuracy: 0.3936
 531/1563 [=========>....................] - ETA: 5s - loss: 2.0073 - accuracy: 0.3955
 544/1563 [=========>....................] - ETA: 5s - loss: 1.9938 - accuracy: 0.3979
 555/1563 [=========>....................] - ETA: 5s - loss: 1.9839 - accuracy: 0.3981
 566/1563 [=========>....................] - ETA: 5s - loss: 1.9743 - accuracy: 0.3995
 578/1563 [==========>...................] - ETA: 5s - loss: 1.9638 - accuracy: 0.4010
 591/1563 [==========>...................] - ETA: 5s - loss: 1.9528 - accuracy: 0.4028
 604/1563 [==========>...................] - ETA: 5s - loss: 1.9436 - accuracy: 0.4042
 616/1563 [==========>...................] - ETA: 5s - loss: 1.9356 - accuracy: 0.4055
 627/1563 [===========>..................] - ETA: 5s - loss: 1.9274 - accuracy: 0.4066
 638/1563 [===========>..................] - ETA: 4s - loss: 1.9192 - accuracy: 0.4079
 647/1563 [===========>..................] - ETA: 4s - loss: 1.9137 - accuracy: 0.4087
 659/1563 [===========>..................] - ETA: 4s - loss: 1.9054 - accuracy: 0.4099
 670/1563 [===========>..................] - ETA: 4s - loss: 1.8982 - accuracy: 0.4109
 680/1563 [============>.................] - ETA: 4s - loss: 1.8916 - accuracy: 0.4121
 690/1563 [============>.................] - ETA: 4s - loss: 1.8842 - accuracy: 0.4133
 702/1563 [============>.................] - ETA: 4s - loss: 1.8763 - accuracy: 0.4150
 714/1563 [============>.................] - ETA: 4s - loss: 1.8692 - accuracy: 0.4160
 726/1563 [============>.................] - ETA: 4s - loss: 1.8620 - accuracy: 0.4173
 737/1563 [=============>................] - ETA: 4s - loss: 1.8556 - accuracy: 0.4187
 748/1563 [=============>................] - ETA: 4s - loss: 1.8482 - accuracy: 0.4196
 761/1563 [=============>................] - ETA: 4s - loss: 1.8407 - accuracy: 0.4212
 772/1563 [=============>................] - ETA: 4s - loss: 1.8353 - accuracy: 0.4225
 785/1563 [==============>...............] - ETA: 4s - loss: 1.8282 - accuracy: 0.4235
 797/1563 [==============>...............] - ETA: 4s - loss: 1.8209 - accuracy: 0.4246
 810/1563 [==============>...............] - ETA: 4s - loss: 1.8137 - accuracy: 0.4260
 823/1563 [==============>...............] - ETA: 3s - loss: 1.8067 - accuracy: 0.4274
 835/1563 [===============>..............] - ETA: 3s - loss: 1.7990 - accuracy: 0.4285
 847/1563 [===============>..............] - ETA: 3s - loss: 1.7931 - accuracy: 0.4298
 860/1563 [===============>..............] - ETA: 3s - loss: 1.7873 - accuracy: 0.4314
 869/1563 [===============>..............] - ETA: 3s - loss: 1.7832 - accuracy: 0.4323
 880/1563 [===============>..............] - ETA: 3s - loss: 1.7788 - accuracy: 0.4330
 893/1563 [================>.............] - ETA: 3s - loss: 1.7752 - accuracy: 0.4334
 904/1563 [================>.............] - ETA: 3s - loss: 1.7693 - accuracy: 0.4347
 916/1563 [================>.............] - ETA: 3s - loss: 1.7653 - accuracy: 0.4352
 928/1563 [================>.............] - ETA: 3s - loss: 1.7596 - accuracy: 0.4361
 940/1563 [=================>............] - ETA: 3s - loss: 1.7560 - accuracy: 0.4366
 951/1563 [=================>............] - ETA: 3s - loss: 1.7529 - accuracy: 0.4369
 962/1563 [=================>............] - ETA: 3s - loss: 1.7484 - accuracy: 0.4380
 975/1563 [=================>............] - ETA: 3s - loss: 1.7427 - accuracy: 0.4392
 987/1563 [=================>............] - ETA: 3s - loss: 1.7395 - accuracy: 0.4394
 999/1563 [==================>...........] - ETA: 3s - loss: 1.7350 - accuracy: 0.4406
1010/1563 [==================>...........] - ETA: 2s - loss: 1.7303 - accuracy: 0.4416
1022/1563 [==================>...........] - ETA: 2s - loss: 1.7260 - accuracy: 0.4428
1034/1563 [==================>...........] - ETA: 2s - loss: 1.7224 - accuracy: 0.4436
1046/1563 [===================>..........] - ETA: 2s - loss: 1.7172 - accuracy: 0.4447
1058/1563 [===================>..........] - ETA: 2s - loss: 1.7135 - accuracy: 0.4453
1070/1563 [===================>..........] - ETA: 2s - loss: 1.7100 - accuracy: 0.4458
1081/1563 [===================>..........] - ETA: 2s - loss: 1.7062 - accuracy: 0.4469
1091/1563 [===================>..........] - ETA: 2s - loss: 1.7029 - accuracy: 0.4479
1103/1563 [====================>.........] - ETA: 2s - loss: 1.6994 - accuracy: 0.4487
1115/1563 [====================>.........] - ETA: 2s - loss: 1.6955 - accuracy: 0.4498
1127/1563 [====================>.........] - ETA: 2s - loss: 1.6913 - accuracy: 0.4508
1139/1563 [====================>.........] - ETA: 2s - loss: 1.6879 - accuracy: 0.4515
1151/1563 [=====================>........] - ETA: 2s - loss: 1.6851 - accuracy: 0.4519
1163/1563 [=====================>........] - ETA: 2s - loss: 1.6813 - accuracy: 0.4524
1176/1563 [=====================>........] - ETA: 2s - loss: 1.6774 - accuracy: 0.4533
1188/1563 [=====================>........] - ETA: 1s - loss: 1.6736 - accuracy: 0.4540
1201/1563 [======================>.......] - ETA: 1s - loss: 1.6708 - accuracy: 0.4541
1210/1563 [======================>.......] - ETA: 1s - loss: 1.6679 - accuracy: 0.4547
1221/1563 [======================>.......] - ETA: 1s - loss: 1.6653 - accuracy: 0.4552
1230/1563 [======================>.......] - ETA: 1s - loss: 1.6634 - accuracy: 0.4555
1240/1563 [======================>.......] - ETA: 1s - loss: 1.6606 - accuracy: 0.4560
1252/1563 [=======================>......] - ETA: 1s - loss: 1.6582 - accuracy: 0.4569
1264/1563 [=======================>......] - ETA: 1s - loss: 1.6546 - accuracy: 0.4582
1276/1563 [=======================>......] - ETA: 1s - loss: 1.6509 - accuracy: 0.4592
1289/1563 [=======================>......] - ETA: 1s - loss: 1.6475 - accuracy: 0.4598
1300/1563 [=======================>......] - ETA: 1s - loss: 1.6443 - accuracy: 0.4606
1312/1563 [========================>.....] - ETA: 1s - loss: 1.6422 - accuracy: 0.4610
1324/1563 [========================>.....] - ETA: 1s - loss: 1.6396 - accuracy: 0.4617
1336/1563 [========================>.....] - ETA: 1s - loss: 1.6360 - accuracy: 0.4624
1348/1563 [========================>.....] - ETA: 1s - loss: 1.6330 - accuracy: 0.4632
1359/1563 [=========================>....] - ETA: 1s - loss: 1.6301 - accuracy: 0.4640
1371/1563 [=========================>....] - ETA: 1s - loss: 1.6275 - accuracy: 0.4649
1383/1563 [=========================>....] - ETA: 0s - loss: 1.6256 - accuracy: 0.4651
1395/1563 [=========================>....] - ETA: 0s - loss: 1.6231 - accuracy: 0.4658
1407/1563 [==========================>...] - ETA: 0s - loss: 1.6210 - accuracy: 0.4660
1419/1563 [==========================>...] - ETA: 0s - loss: 1.6189 - accuracy: 0.4667
1430/1563 [==========================>...] - ETA: 0s - loss: 1.6163 - accuracy: 0.4674
1441/1563 [==========================>...] - ETA: 0s - loss: 1.6141 - accuracy: 0.4680
1453/1563 [==========================>...] - ETA: 0s - loss: 1.6122 - accuracy: 0.4683
1464/1563 [===========================>..] - ETA: 0s - loss: 1.6096 - accuracy: 0.4691
1473/1563 [===========================>..] - ETA: 0s - loss: 1.6077 - accuracy: 0.4695
1484/1563 [===========================>..] - ETA: 0s - loss: 1.6060 - accuracy: 0.4700
1493/1563 [===========================>..] - ETA: 0s - loss: 1.6049 - accuracy: 0.4701
1504/1563 [===========================>..] - ETA: 0s - loss: 1.6021 - accuracy: 0.4708
1513/1563 [============================>.] - ETA: 0s - loss: 1.6008 - accuracy: 0.4711
1523/1563 [============================>.] - ETA: 0s - loss: 1.5989 - accuracy: 0.4717
1535/1563 [============================>.] - ETA: 0s - loss: 1.5956 - accuracy: 0.4725
1547/1563 [============================>.] - ETA: 0s - loss: 1.5929 - accuracy: 0.4734
1560/1563 [============================>.] - ETA: 0s - loss: 1.5904 - accuracy: 0.4738
1563/1563 [==============================] - 13s 6ms/step - loss: 1.5901 - accuracy: 0.4739 - val_loss: 1.3641 - val_accuracy: 0.5255
Epoch 2/133

   1/1563 [..............................] - ETA: 24s - loss: 1.2781 - accuracy: 0.5938
   9/1563 [..............................] - ETA: 9s - loss: 1.3130 - accuracy: 0.5625 
  20/1563 [..............................] - ETA: 8s - loss: 1.3221 - accuracy: 0.5453
  31/1563 [..............................] - ETA: 8s - loss: 1.2927 - accuracy: 0.5524
  43/1563 [..............................] - ETA: 8s - loss: 1.2694 - accuracy: 0.5625
  56/1563 [>.............................] - ETA: 8s - loss: 1.2525 - accuracy: 0.5658
  69/1563 [>.............................] - ETA: 7s - loss: 1.2662 - accuracy: 0.5666
  80/1563 [>.............................] - ETA: 7s - loss: 1.2562 - accuracy: 0.5656
  93/1563 [>.............................] - ETA: 7s - loss: 1.2635 - accuracy: 0.5642
 106/1563 [=>............................] - ETA: 7s - loss: 1.2636 - accuracy: 0.5637
 118/1563 [=>............................] - ETA: 7s - loss: 1.2610 - accuracy: 0.5622
 130/1563 [=>............................] - ETA: 7s - loss: 1.2571 - accuracy: 0.5618
 141/1563 [=>............................] - ETA: 7s - loss: 1.2552 - accuracy: 0.5601
 152/1563 [=>............................] - ETA: 7s - loss: 1.2508 - accuracy: 0.5625
 161/1563 [==>...........................] - ETA: 7s - loss: 1.2542 - accuracy: 0.5641
 172/1563 [==>...........................] - ETA: 7s - loss: 1.2507 - accuracy: 0.5647
 183/1563 [==>...........................] - ETA: 7s - loss: 1.2518 - accuracy: 0.5644
 195/1563 [==>...........................] - ETA: 7s - loss: 1.2527 - accuracy: 0.5622
 208/1563 [==>...........................] - ETA: 7s - loss: 1.2543 - accuracy: 0.5622
 220/1563 [===>..........................] - ETA: 7s - loss: 1.2569 - accuracy: 0.5598
 232/1563 [===>..........................] - ETA: 7s - loss: 1.2559 - accuracy: 0.5618
 244/1563 [===>..........................] - ETA: 6s - loss: 1.2575 - accuracy: 0.5594
 256/1563 [===>..........................] - ETA: 6s - loss: 1.2555 - accuracy: 0.5607
 268/1563 [====>.........................] - ETA: 6s - loss: 1.2568 - accuracy: 0.5591
 279/1563 [====>.........................] - ETA: 6s - loss: 1.2562 - accuracy: 0.5581
 289/1563 [====>.........................] - ETA: 6s - loss: 1.2563 - accuracy: 0.5580
 302/1563 [====>.........................] - ETA: 6s - loss: 1.2548 - accuracy: 0.5592
 315/1563 [=====>........................] - ETA: 6s - loss: 1.2546 - accuracy: 0.5594
 330/1563 [=====>........................] - ETA: 6s - loss: 1.2586 - accuracy: 0.5569
 346/1563 [=====>........................] - ETA: 6s - loss: 1.2588 - accuracy: 0.5570
 361/1563 [=====>........................] - ETA: 6s - loss: 1.2564 - accuracy: 0.5565
 377/1563 [======>.......................] - ETA: 5s - loss: 1.2566 - accuracy: 0.5570
 393/1563 [======>.......................] - ETA: 5s - loss: 1.2547 - accuracy: 0.5567
 409/1563 [======>.......................] - ETA: 5s - loss: 1.2569 - accuracy: 0.5567
 425/1563 [=======>......................] - ETA: 5s - loss: 1.2560 - accuracy: 0.5565
 440/1563 [=======>......................] - ETA: 5s - loss: 1.2568 - accuracy: 0.5560
 456/1563 [=======>......................] - ETA: 5s - loss: 1.2565 - accuracy: 0.5565
 468/1563 [=======>......................] - ETA: 5s - loss: 1.2536 - accuracy: 0.5570
 482/1563 [========>.....................] - ETA: 5s - loss: 1.2493 - accuracy: 0.5586
 497/1563 [========>.....................] - ETA: 5s - loss: 1.2508 - accuracy: 0.5578
 513/1563 [========>.....................] - ETA: 4s - loss: 1.2517 - accuracy: 0.5573
 528/1563 [=========>....................] - ETA: 4s - loss: 1.2494 - accuracy: 0.5581
 542/1563 [=========>....................] - ETA: 4s - loss: 1.2471 - accuracy: 0.5594
 557/1563 [=========>....................] - ETA: 4s - loss: 1.2482 - accuracy: 0.5595
 572/1563 [=========>....................] - ETA: 4s - loss: 1.2523 - accuracy: 0.5585
 588/1563 [==========>...................] - ETA: 4s - loss: 1.2505 - accuracy: 0.5584
 604/1563 [==========>...................] - ETA: 4s - loss: 1.2504 - accuracy: 0.5592
 623/1563 [==========>...................] - ETA: 4s - loss: 1.2509 - accuracy: 0.5592
 645/1563 [===========>..................] - ETA: 4s - loss: 1.2501 - accuracy: 0.5593
 664/1563 [===========>..................] - ETA: 4s - loss: 1.2457 - accuracy: 0.5609
 679/1563 [============>.................] - ETA: 3s - loss: 1.2465 - accuracy: 0.5607
 694/1563 [============>.................] - ETA: 3s - loss: 1.2475 - accuracy: 0.5606
 709/1563 [============>.................] - ETA: 3s - loss: 1.2469 - accuracy: 0.5606
 724/1563 [============>.................] - ETA: 3s - loss: 1.2460 - accuracy: 0.5609
 740/1563 [=============>................] - ETA: 3s - loss: 1.2437 - accuracy: 0.5613
 754/1563 [=============>................] - ETA: 3s - loss: 1.2439 - accuracy: 0.5612
 769/1563 [=============>................] - ETA: 3s - loss: 1.2441 - accuracy: 0.5611
 785/1563 [==============>...............] - ETA: 3s - loss: 1.2447 - accuracy: 0.5609
 800/1563 [==============>...............] - ETA: 3s - loss: 1.2450 - accuracy: 0.5610
 815/1563 [==============>...............] - ETA: 3s - loss: 1.2431 - accuracy: 0.5619
 830/1563 [==============>...............] - ETA: 3s - loss: 1.2438 - accuracy: 0.5621
 845/1563 [===============>..............] - ETA: 3s - loss: 1.2428 - accuracy: 0.5622
 859/1563 [===============>..............] - ETA: 3s - loss: 1.2428 - accuracy: 0.5618
 871/1563 [===============>..............] - ETA: 3s - loss: 1.2447 - accuracy: 0.5612
 884/1563 [===============>..............] - ETA: 3s - loss: 1.2447 - accuracy: 0.5615
 898/1563 [================>.............] - ETA: 2s - loss: 1.2445 - accuracy: 0.5616
 914/1563 [================>.............] - ETA: 2s - loss: 1.2444 - accuracy: 0.5621
 929/1563 [================>.............] - ETA: 2s - loss: 1.2450 - accuracy: 0.5619
 943/1563 [=================>............] - ETA: 2s - loss: 1.2447 - accuracy: 0.5618
 959/1563 [=================>............] - ETA: 2s - loss: 1.2449 - accuracy: 0.5624
 975/1563 [=================>............] - ETA: 2s - loss: 1.2432 - accuracy: 0.5628
 994/1563 [==================>...........] - ETA: 2s - loss: 1.2435 - accuracy: 0.5632
1012/1563 [==================>...........] - ETA: 2s - loss: 1.2442 - accuracy: 0.5626
1032/1563 [==================>...........] - ETA: 2s - loss: 1.2420 - accuracy: 0.5629
1053/1563 [===================>..........] - ETA: 2s - loss: 1.2401 - accuracy: 0.5640
1075/1563 [===================>..........] - ETA: 2s - loss: 1.2395 - accuracy: 0.5639
1096/1563 [====================>.........] - ETA: 1s - loss: 1.2386 - accuracy: 0.5641
1115/1563 [====================>.........] - ETA: 1s - loss: 1.2369 - accuracy: 0.5646
1134/1563 [====================>.........] - ETA: 1s - loss: 1.2349 - accuracy: 0.5654
1156/1563 [=====================>........] - ETA: 1s - loss: 1.2338 - accuracy: 0.5659
1176/1563 [=====================>........] - ETA: 1s - loss: 1.2329 - accuracy: 0.5662
1195/1563 [=====================>........] - ETA: 1s - loss: 1.2318 - accuracy: 0.5669
1212/1563 [======================>.......] - ETA: 1s - loss: 1.2316 - accuracy: 0.5669
1232/1563 [======================>.......] - ETA: 1s - loss: 1.2308 - accuracy: 0.5670
1252/1563 [=======================>......] - ETA: 1s - loss: 1.2315 - accuracy: 0.5666
1274/1563 [=======================>......] - ETA: 1s - loss: 1.2317 - accuracy: 0.5666
1296/1563 [=======================>......] - ETA: 1s - loss: 1.2315 - accuracy: 0.5668
1318/1563 [========================>.....] - ETA: 0s - loss: 1.2308 - accuracy: 0.5672
1341/1563 [========================>.....] - ETA: 0s - loss: 1.2302 - accuracy: 0.5678
1362/1563 [=========================>....] - ETA: 0s - loss: 1.2300 - accuracy: 0.5678
1383/1563 [=========================>....] - ETA: 0s - loss: 1.2288 - accuracy: 0.5683
1399/1563 [=========================>....] - ETA: 0s - loss: 1.2277 - accuracy: 0.5687
1420/1563 [==========================>...] - ETA: 0s - loss: 1.2276 - accuracy: 0.5686
1441/1563 [==========================>...] - ETA: 0s - loss: 1.2276 - accuracy: 0.5690
1463/1563 [===========================>..] - ETA: 0s - loss: 1.2263 - accuracy: 0.5695
1486/1563 [===========================>..] - ETA: 0s - loss: 1.2248 - accuracy: 0.5696
1510/1563 [===========================>..] - ETA: 0s - loss: 1.2238 - accuracy: 0.5700
1533/1563 [============================>.] - ETA: 0s - loss: 1.2229 - accuracy: 0.5706
1557/1563 [============================>.] - ETA: 0s - loss: 1.2205 - accuracy: 0.5713
1563/1563 [==============================] - 7s 4ms/step - loss: 1.2202 - accuracy: 0.5713 - val_loss: 1.3867 - val_accuracy: 0.5515
Epoch 3/133

   1/1563 [..............................] - ETA: 24s - loss: 1.1138 - accuracy: 0.6250
  24/1563 [..............................] - ETA: 4s - loss: 1.1466 - accuracy: 0.5885 
  46/1563 [..............................] - ETA: 4s - loss: 1.1393 - accuracy: 0.6060
  67/1563 [>.............................] - ETA: 4s - loss: 1.1317 - accuracy: 0.6166
  91/1563 [>.............................] - ETA: 4s - loss: 1.1302 - accuracy: 0.6089
 111/1563 [=>............................] - ETA: 4s - loss: 1.1266 - accuracy: 0.6126
 128/1563 [=>............................] - ETA: 4s - loss: 1.1309 - accuracy: 0.6128
 139/1563 [=>............................] - ETA: 4s - loss: 1.1332 - accuracy: 0.6135
 152/1563 [=>............................] - ETA: 4s - loss: 1.1410 - accuracy: 0.6100
 164/1563 [==>...........................] - ETA: 4s - loss: 1.1427 - accuracy: 0.6084
 177/1563 [==>...........................] - ETA: 4s - loss: 1.1510 - accuracy: 0.6063
 189/1563 [==>...........................] - ETA: 4s - loss: 1.1449 - accuracy: 0.6080
 199/1563 [==>...........................] - ETA: 4s - loss: 1.1441 - accuracy: 0.6052
 209/1563 [===>..........................] - ETA: 4s - loss: 1.1431 - accuracy: 0.6053
 220/1563 [===>..........................] - ETA: 4s - loss: 1.1386 - accuracy: 0.6077
 232/1563 [===>..........................] - ETA: 4s - loss: 1.1327 - accuracy: 0.6083
 244/1563 [===>..........................] - ETA: 4s - loss: 1.1385 - accuracy: 0.6072
 260/1563 [===>..........................] - ETA: 4s - loss: 1.1335 - accuracy: 0.6081
 276/1563 [====>.........................] - ETA: 4s - loss: 1.1332 - accuracy: 0.6082
 290/1563 [====>.........................] - ETA: 4s - loss: 1.1349 - accuracy: 0.6078
 305/1563 [====>.........................] - ETA: 4s - loss: 1.1308 - accuracy: 0.6092
 321/1563 [=====>........................] - ETA: 4s - loss: 1.1271 - accuracy: 0.6109
 338/1563 [=====>........................] - ETA: 4s - loss: 1.1338 - accuracy: 0.6091
 354/1563 [=====>........................] - ETA: 4s - loss: 1.1335 - accuracy: 0.6086
 370/1563 [======>.......................] - ETA: 4s - loss: 1.1359 - accuracy: 0.6076
 385/1563 [======>.......................] - ETA: 4s - loss: 1.1368 - accuracy: 0.6066
 402/1563 [======>.......................] - ETA: 4s - loss: 1.1397 - accuracy: 0.6055
 420/1563 [=======>......................] - ETA: 4s - loss: 1.1380 - accuracy: 0.6049
 437/1563 [=======>......................] - ETA: 3s - loss: 1.1371 - accuracy: 0.6048
 453/1563 [=======>......................] - ETA: 3s - loss: 1.1373 - accuracy: 0.6039
 468/1563 [=======>......................] - ETA: 3s - loss: 1.1354 - accuracy: 0.6045
 485/1563 [========>.....................] - ETA: 3s - loss: 1.1345 - accuracy: 0.6040
 500/1563 [========>.....................] - ETA: 3s - loss: 1.1335 - accuracy: 0.6044
 516/1563 [========>.....................] - ETA: 3s - loss: 1.1327 - accuracy: 0.6037
 532/1563 [=========>....................] - ETA: 3s - loss: 1.1327 - accuracy: 0.6039
 550/1563 [=========>....................] - ETA: 3s - loss: 1.1304 - accuracy: 0.6041
 568/1563 [=========>....................] - ETA: 3s - loss: 1.1314 - accuracy: 0.6051
 587/1563 [==========>...................] - ETA: 3s - loss: 1.1288 - accuracy: 0.6057
 604/1563 [==========>...................] - ETA: 3s - loss: 1.1306 - accuracy: 0.6056
 621/1563 [==========>...................] - ETA: 3s - loss: 1.1297 - accuracy: 0.6057
 639/1563 [===========>..................] - ETA: 3s - loss: 1.1301 - accuracy: 0.6063
 657/1563 [===========>..................] - ETA: 3s - loss: 1.1301 - accuracy: 0.6069
 677/1563 [===========>..................] - ETA: 2s - loss: 1.1314 - accuracy: 0.6068
 697/1563 [============>.................] - ETA: 2s - loss: 1.1339 - accuracy: 0.6060
 715/1563 [============>.................] - ETA: 2s - loss: 1.1342 - accuracy: 0.6055
 733/1563 [=============>................] - ETA: 2s - loss: 1.1360 - accuracy: 0.6050
 749/1563 [=============>................] - ETA: 2s - loss: 1.1354 - accuracy: 0.6053
 764/1563 [=============>................] - ETA: 2s - loss: 1.1352 - accuracy: 0.6052
 777/1563 [=============>................] - ETA: 2s - loss: 1.1352 - accuracy: 0.6052
 793/1563 [==============>...............] - ETA: 2s - loss: 1.1354 - accuracy: 0.6056
 809/1563 [==============>...............] - ETA: 2s - loss: 1.1340 - accuracy: 0.6061
 825/1563 [==============>...............] - ETA: 2s - loss: 1.1353 - accuracy: 0.6060
 837/1563 [===============>..............] - ETA: 2s - loss: 1.1347 - accuracy: 0.6066
 852/1563 [===============>..............] - ETA: 2s - loss: 1.1349 - accuracy: 0.6069
 869/1563 [===============>..............] - ETA: 2s - loss: 1.1353 - accuracy: 0.6073
 884/1563 [===============>..............] - ETA: 2s - loss: 1.1340 - accuracy: 0.6072
 898/1563 [================>.............] - ETA: 2s - loss: 1.1344 - accuracy: 0.6076
 911/1563 [================>.............] - ETA: 2s - loss: 1.1340 - accuracy: 0.6078
 926/1563 [================>.............] - ETA: 2s - loss: 1.1355 - accuracy: 0.6075
 942/1563 [=================>............] - ETA: 2s - loss: 1.1358 - accuracy: 0.6073
 957/1563 [=================>............] - ETA: 2s - loss: 1.1363 - accuracy: 0.6071
 973/1563 [=================>............] - ETA: 2s - loss: 1.1350 - accuracy: 0.6076
 991/1563 [==================>...........] - ETA: 1s - loss: 1.1349 - accuracy: 0.6075
1006/1563 [==================>...........] - ETA: 1s - loss: 1.1353 - accuracy: 0.6074
1021/1563 [==================>...........] - ETA: 1s - loss: 1.1356 - accuracy: 0.6072
1036/1563 [==================>...........] - ETA: 1s - loss: 1.1356 - accuracy: 0.6070
1051/1563 [===================>..........] - ETA: 1s - loss: 1.1351 - accuracy: 0.6070
1064/1563 [===================>..........] - ETA: 1s - loss: 1.1360 - accuracy: 0.6067
1080/1563 [===================>..........] - ETA: 1s - loss: 1.1370 - accuracy: 0.6062
1093/1563 [===================>..........] - ETA: 1s - loss: 1.1366 - accuracy: 0.6065
1108/1563 [====================>.........] - ETA: 1s - loss: 1.1383 - accuracy: 0.6062
1124/1563 [====================>.........] - ETA: 1s - loss: 1.1374 - accuracy: 0.6066
1140/1563 [====================>.........] - ETA: 1s - loss: 1.1374 - accuracy: 0.6067
1158/1563 [=====================>........] - ETA: 1s - loss: 1.1364 - accuracy: 0.6069
1172/1563 [=====================>........] - ETA: 1s - loss: 1.1383 - accuracy: 0.6064
1190/1563 [=====================>........] - ETA: 1s - loss: 1.1403 - accuracy: 0.6055
1205/1563 [======================>.......] - ETA: 1s - loss: 1.1404 - accuracy: 0.6054
1224/1563 [======================>.......] - ETA: 1s - loss: 1.1385 - accuracy: 0.6058
1241/1563 [======================>.......] - ETA: 1s - loss: 1.1392 - accuracy: 0.6056
1258/1563 [=======================>......] - ETA: 1s - loss: 1.1399 - accuracy: 0.6052
1278/1563 [=======================>......] - ETA: 0s - loss: 1.1409 - accuracy: 0.6051
1296/1563 [=======================>......] - ETA: 0s - loss: 1.1395 - accuracy: 0.6058
1312/1563 [========================>.....] - ETA: 0s - loss: 1.1388 - accuracy: 0.6062
1331/1563 [========================>.....] - ETA: 0s - loss: 1.1369 - accuracy: 0.6069
1348/1563 [========================>.....] - ETA: 0s - loss: 1.1376 - accuracy: 0.6067
1363/1563 [=========================>....] - ETA: 0s - loss: 1.1380 - accuracy: 0.6068
1377/1563 [=========================>....] - ETA: 0s - loss: 1.1380 - accuracy: 0.6067
1393/1563 [=========================>....] - ETA: 0s - loss: 1.1386 - accuracy: 0.6066
1409/1563 [==========================>...] - ETA: 0s - loss: 1.1380 - accuracy: 0.6070
1423/1563 [==========================>...] - ETA: 0s - loss: 1.1378 - accuracy: 0.6069
1435/1563 [==========================>...] - ETA: 0s - loss: 1.1382 - accuracy: 0.6064
1447/1563 [==========================>...] - ETA: 0s - loss: 1.1388 - accuracy: 0.6061
1460/1563 [===========================>..] - ETA: 0s - loss: 1.1386 - accuracy: 0.6057
1475/1563 [===========================>..] - ETA: 0s - loss: 1.1380 - accuracy: 0.6058
1492/1563 [===========================>..] - ETA: 0s - loss: 1.1383 - accuracy: 0.6056
1507/1563 [===========================>..] - ETA: 0s - loss: 1.1375 - accuracy: 0.6059
1522/1563 [============================>.] - ETA: 0s - loss: 1.1369 - accuracy: 0.6061
1540/1563 [============================>.] - ETA: 0s - loss: 1.1376 - accuracy: 0.6059
1555/1563 [============================>.] - ETA: 0s - loss: 1.1374 - accuracy: 0.6058
1563/1563 [==============================] - 6s 4ms/step - loss: 1.1373 - accuracy: 0.6058 - val_loss: 1.1595 - val_accuracy: 0.6024
Epoch 4/133

   1/1563 [..............................] - ETA: 24s - loss: 1.0271 - accuracy: 0.6562
  13/1563 [..............................] - ETA: 6s - loss: 1.0278 - accuracy: 0.6490 
  24/1563 [..............................] - ETA: 6s - loss: 1.0228 - accuracy: 0.6523
  37/1563 [..............................] - ETA: 6s - loss: 1.0419 - accuracy: 0.6318
  47/1563 [..............................] - ETA: 6s - loss: 1.0595 - accuracy: 0.6217
  60/1563 [>.............................] - ETA: 6s - loss: 1.0691 - accuracy: 0.6255
  72/1563 [>.............................] - ETA: 6s - loss: 1.0647 - accuracy: 0.6250
  84/1563 [>.............................] - ETA: 6s - loss: 1.0657 - accuracy: 0.6246
  96/1563 [>.............................] - ETA: 6s - loss: 1.0818 - accuracy: 0.6188
 108/1563 [=>............................] - ETA: 6s - loss: 1.0900 - accuracy: 0.6166
 123/1563 [=>............................] - ETA: 6s - loss: 1.0909 - accuracy: 0.6146
 140/1563 [=>............................] - ETA: 6s - loss: 1.0908 - accuracy: 0.6161
 159/1563 [==>...........................] - ETA: 5s - loss: 1.0862 - accuracy: 0.6177
 178/1563 [==>...........................] - ETA: 5s - loss: 1.0900 - accuracy: 0.6164
 193/1563 [==>...........................] - ETA: 5s - loss: 1.0867 - accuracy: 0.6187
 213/1563 [===>..........................] - ETA: 5s - loss: 1.0795 - accuracy: 0.6210
 233/1563 [===>..........................] - ETA: 5s - loss: 1.0850 - accuracy: 0.6191
 250/1563 [===>..........................] - ETA: 5s - loss: 1.0829 - accuracy: 0.6189
 271/1563 [====>.........................] - ETA: 4s - loss: 1.0877 - accuracy: 0.6175
 289/1563 [====>.........................] - ETA: 4s - loss: 1.0759 - accuracy: 0.6232
 306/1563 [====>.........................] - ETA: 4s - loss: 1.0804 - accuracy: 0.6237
 319/1563 [=====>........................] - ETA: 4s - loss: 1.0847 - accuracy: 0.6228
 335/1563 [=====>........................] - ETA: 4s - loss: 1.0837 - accuracy: 0.6234
 351/1563 [=====>........................] - ETA: 4s - loss: 1.0844 - accuracy: 0.6233
 366/1563 [======>.......................] - ETA: 4s - loss: 1.0830 - accuracy: 0.6235
 381/1563 [======>.......................] - ETA: 4s - loss: 1.0827 - accuracy: 0.6243
 393/1563 [======>.......................] - ETA: 4s - loss: 1.0803 - accuracy: 0.6252
 406/1563 [======>.......................] - ETA: 4s - loss: 1.0809 - accuracy: 0.6243
 418/1563 [=======>......................] - ETA: 4s - loss: 1.0798 - accuracy: 0.6243
 432/1563 [=======>......................] - ETA: 4s - loss: 1.0809 - accuracy: 0.6234
 447/1563 [=======>......................] - ETA: 4s - loss: 1.0797 - accuracy: 0.6237
 461/1563 [=======>......................] - ETA: 4s - loss: 1.0863 - accuracy: 0.6215
 479/1563 [========>.....................] - ETA: 4s - loss: 1.0858 - accuracy: 0.6207
 498/1563 [========>.....................] - ETA: 4s - loss: 1.0851 - accuracy: 0.6212
 516/1563 [========>.....................] - ETA: 3s - loss: 1.0862 - accuracy: 0.6206
 536/1563 [=========>....................] - ETA: 3s - loss: 1.0870 - accuracy: 0.6200
 556/1563 [=========>....................] - ETA: 3s - loss: 1.0898 - accuracy: 0.6189
 573/1563 [=========>....................] - ETA: 3s - loss: 1.0893 - accuracy: 0.6191
 589/1563 [==========>...................] - ETA: 3s - loss: 1.0900 - accuracy: 0.6184
 609/1563 [==========>...................] - ETA: 3s - loss: 1.0893 - accuracy: 0.6191
 625/1563 [==========>...................] - ETA: 3s - loss: 1.0900 - accuracy: 0.6194
 643/1563 [===========>..................] - ETA: 3s - loss: 1.0886 - accuracy: 0.6199
 660/1563 [===========>..................] - ETA: 3s - loss: 1.0896 - accuracy: 0.6192
 678/1563 [============>.................] - ETA: 3s - loss: 1.0896 - accuracy: 0.6190
 695/1563 [============>.................] - ETA: 3s - loss: 1.0915 - accuracy: 0.6187
 712/1563 [============>.................] - ETA: 3s - loss: 1.0915 - accuracy: 0.6184
 728/1563 [============>.................] - ETA: 3s - loss: 1.0935 - accuracy: 0.6178
 742/1563 [=============>................] - ETA: 3s - loss: 1.0931 - accuracy: 0.6180
 760/1563 [=============>................] - ETA: 2s - loss: 1.0944 - accuracy: 0.6175
 777/1563 [=============>................] - ETA: 2s - loss: 1.0941 - accuracy: 0.6180
 793/1563 [==============>...............] - ETA: 2s - loss: 1.0947 - accuracy: 0.6181
 810/1563 [==============>...............] - ETA: 2s - loss: 1.0952 - accuracy: 0.6181
 826/1563 [==============>...............] - ETA: 2s - loss: 1.0955 - accuracy: 0.6180
 844/1563 [===============>..............] - ETA: 2s - loss: 1.0944 - accuracy: 0.6185
 862/1563 [===============>..............] - ETA: 2s - loss: 1.0958 - accuracy: 0.6179
 879/1563 [===============>..............] - ETA: 2s - loss: 1.0954 - accuracy: 0.6181
 896/1563 [================>.............] - ETA: 2s - loss: 1.0929 - accuracy: 0.6185
 909/1563 [================>.............] - ETA: 2s - loss: 1.0940 - accuracy: 0.6181
 924/1563 [================>.............] - ETA: 2s - loss: 1.0938 - accuracy: 0.6183
 942/1563 [=================>............] - ETA: 2s - loss: 1.0944 - accuracy: 0.6179
 956/1563 [=================>............] - ETA: 2s - loss: 1.0957 - accuracy: 0.6177
 972/1563 [=================>............] - ETA: 2s - loss: 1.0972 - accuracy: 0.6179
 990/1563 [==================>...........] - ETA: 2s - loss: 1.0964 - accuracy: 0.6180
1007/1563 [==================>...........] - ETA: 2s - loss: 1.0979 - accuracy: 0.6176
1022/1563 [==================>...........] - ETA: 2s - loss: 1.0982 - accuracy: 0.6174
1038/1563 [==================>...........] - ETA: 1s - loss: 1.0974 - accuracy: 0.6178
1053/1563 [===================>..........] - ETA: 1s - loss: 1.0977 - accuracy: 0.6179
1071/1563 [===================>..........] - ETA: 1s - loss: 1.0968 - accuracy: 0.6181
1090/1563 [===================>..........] - ETA: 1s - loss: 1.0992 - accuracy: 0.6176
1107/1563 [====================>.........] - ETA: 1s - loss: 1.0995 - accuracy: 0.6179
1121/1563 [====================>.........] - ETA: 1s - loss: 1.1002 - accuracy: 0.6178
1137/1563 [====================>.........] - ETA: 1s - loss: 1.0998 - accuracy: 0.6178
1153/1563 [=====================>........] - ETA: 1s - loss: 1.0986 - accuracy: 0.6183
1167/1563 [=====================>........] - ETA: 1s - loss: 1.0987 - accuracy: 0.6186
1184/1563 [=====================>........] - ETA: 1s - loss: 1.0976 - accuracy: 0.6191
1200/1563 [======================>.......] - ETA: 1s - loss: 1.0966 - accuracy: 0.6193
1216/1563 [======================>.......] - ETA: 1s - loss: 1.0960 - accuracy: 0.6193
1234/1563 [======================>.......] - ETA: 1s - loss: 1.0970 - accuracy: 0.6188
1251/1563 [=======================>......] - ETA: 1s - loss: 1.0964 - accuracy: 0.6193
1266/1563 [=======================>......] - ETA: 1s - loss: 1.0964 - accuracy: 0.6193
1282/1563 [=======================>......] - ETA: 1s - loss: 1.0957 - accuracy: 0.6196
1298/1563 [=======================>......] - ETA: 0s - loss: 1.0965 - accuracy: 0.6192
1311/1563 [========================>.....] - ETA: 0s - loss: 1.0971 - accuracy: 0.6194
1323/1563 [========================>.....] - ETA: 0s - loss: 1.0969 - accuracy: 0.6194
1338/1563 [========================>.....] - ETA: 0s - loss: 1.0978 - accuracy: 0.6191
1353/1563 [========================>.....] - ETA: 0s - loss: 1.0980 - accuracy: 0.6192
1367/1563 [=========================>....] - ETA: 0s - loss: 1.0977 - accuracy: 0.6195
1383/1563 [=========================>....] - ETA: 0s - loss: 1.0971 - accuracy: 0.6197
1401/1563 [=========================>....] - ETA: 0s - loss: 1.0973 - accuracy: 0.6196
1418/1563 [==========================>...] - ETA: 0s - loss: 1.0978 - accuracy: 0.6195
1436/1563 [==========================>...] - ETA: 0s - loss: 1.0975 - accuracy: 0.6197
1455/1563 [==========================>...] - ETA: 0s - loss: 1.0974 - accuracy: 0.6195
1472/1563 [===========================>..] - ETA: 0s - loss: 1.0973 - accuracy: 0.6198
1489/1563 [===========================>..] - ETA: 0s - loss: 1.0967 - accuracy: 0.6200
1505/1563 [===========================>..] - ETA: 0s - loss: 1.0961 - accuracy: 0.6200
1522/1563 [============================>.] - ETA: 0s - loss: 1.0958 - accuracy: 0.6199
1539/1563 [============================>.] - ETA: 0s - loss: 1.0958 - accuracy: 0.6198
1556/1563 [============================>.] - ETA: 0s - loss: 1.0960 - accuracy: 0.6199
1563/1563 [==============================] - 6s 4ms/step - loss: 1.0955 - accuracy: 0.6202 - val_loss: 1.1893 - val_accuracy: 0.6023
Epoch 5/133

   1/1563 [..............................] - ETA: 23s - loss: 0.8940 - accuracy: 0.6875
  19/1563 [..............................] - ETA: 5s - loss: 1.0521 - accuracy: 0.6431 
  35/1563 [..............................] - ETA: 5s - loss: 1.0316 - accuracy: 0.6438
  49/1563 [..............................] - ETA: 5s - loss: 1.0280 - accuracy: 0.6460
  66/1563 [>.............................] - ETA: 5s - loss: 1.0053 - accuracy: 0.6515
  84/1563 [>.............................] - ETA: 5s - loss: 0.9855 - accuracy: 0.6615
 102/1563 [>.............................] - ETA: 5s - loss: 1.0103 - accuracy: 0.6541
 120/1563 [=>............................] - ETA: 5s - loss: 1.0253 - accuracy: 0.6474
 135/1563 [=>............................] - ETA: 5s - loss: 1.0144 - accuracy: 0.6514
 152/1563 [=>............................] - ETA: 5s - loss: 1.0163 - accuracy: 0.6517
 168/1563 [==>...........................] - ETA: 5s - loss: 1.0164 - accuracy: 0.6518
 186/1563 [==>...........................] - ETA: 5s - loss: 1.0228 - accuracy: 0.6480
 203/1563 [==>...........................] - ETA: 4s - loss: 1.0274 - accuracy: 0.6458
 217/1563 [===>..........................] - ETA: 4s - loss: 1.0210 - accuracy: 0.6470
 233/1563 [===>..........................] - ETA: 4s - loss: 1.0294 - accuracy: 0.6442
 251/1563 [===>..........................] - ETA: 4s - loss: 1.0297 - accuracy: 0.6444
 268/1563 [====>.........................] - ETA: 4s - loss: 1.0343 - accuracy: 0.6427
 285/1563 [====>.........................] - ETA: 4s - loss: 1.0386 - accuracy: 0.6425
 301/1563 [====>.........................] - ETA: 4s - loss: 1.0352 - accuracy: 0.6435
 318/1563 [=====>........................] - ETA: 4s - loss: 1.0381 - accuracy: 0.6430
 333/1563 [=====>........................] - ETA: 4s - loss: 1.0397 - accuracy: 0.6417
 349/1563 [=====>........................] - ETA: 4s - loss: 1.0384 - accuracy: 0.6423
 366/1563 [======>.......................] - ETA: 4s - loss: 1.0358 - accuracy: 0.6430
 383/1563 [======>.......................] - ETA: 4s - loss: 1.0359 - accuracy: 0.6427
 397/1563 [======>.......................] - ETA: 4s - loss: 1.0367 - accuracy: 0.6426
 412/1563 [======>.......................] - ETA: 4s - loss: 1.0407 - accuracy: 0.6412
 429/1563 [=======>......................] - ETA: 4s - loss: 1.0420 - accuracy: 0.6408
 443/1563 [=======>......................] - ETA: 4s - loss: 1.0431 - accuracy: 0.6401
 458/1563 [=======>......................] - ETA: 4s - loss: 1.0407 - accuracy: 0.6414
 475/1563 [========>.....................] - ETA: 4s - loss: 1.0419 - accuracy: 0.6407
 489/1563 [========>.....................] - ETA: 3s - loss: 1.0434 - accuracy: 0.6403
 503/1563 [========>.....................] - ETA: 3s - loss: 1.0466 - accuracy: 0.6392
 520/1563 [========>.....................] - ETA: 3s - loss: 1.0443 - accuracy: 0.6399
 536/1563 [=========>....................] - ETA: 3s - loss: 1.0420 - accuracy: 0.6409
 553/1563 [=========>....................] - ETA: 3s - loss: 1.0407 - accuracy: 0.6413
 572/1563 [=========>....................] - ETA: 3s - loss: 1.0396 - accuracy: 0.6422
 591/1563 [==========>...................] - ETA: 3s - loss: 1.0415 - accuracy: 0.6414
 608/1563 [==========>...................] - ETA: 3s - loss: 1.0415 - accuracy: 0.6417
 626/1563 [===========>..................] - ETA: 3s - loss: 1.0401 - accuracy: 0.6416
 642/1563 [===========>..................] - ETA: 3s - loss: 1.0406 - accuracy: 0.6407
 659/1563 [===========>..................] - ETA: 3s - loss: 1.0406 - accuracy: 0.6412
 677/1563 [===========>..................] - ETA: 3s - loss: 1.0415 - accuracy: 0.6417
 692/1563 [============>.................] - ETA: 3s - loss: 1.0421 - accuracy: 0.6415
 709/1563 [============>.................] - ETA: 3s - loss: 1.0420 - accuracy: 0.6414
 727/1563 [============>.................] - ETA: 3s - loss: 1.0433 - accuracy: 0.6415
 744/1563 [=============>................] - ETA: 2s - loss: 1.0454 - accuracy: 0.6414
 762/1563 [=============>................] - ETA: 2s - loss: 1.0462 - accuracy: 0.6409
 779/1563 [=============>................] - ETA: 2s - loss: 1.0463 - accuracy: 0.6409
 796/1563 [==============>...............] - ETA: 2s - loss: 1.0464 - accuracy: 0.6406
 813/1563 [==============>...............] - ETA: 2s - loss: 1.0475 - accuracy: 0.6405
 831/1563 [==============>...............] - ETA: 2s - loss: 1.0462 - accuracy: 0.6408
 847/1563 [===============>..............] - ETA: 2s - loss: 1.0485 - accuracy: 0.6400
 864/1563 [===============>..............] - ETA: 2s - loss: 1.0491 - accuracy: 0.6393
 879/1563 [===============>..............] - ETA: 2s - loss: 1.0504 - accuracy: 0.6387
 896/1563 [================>.............] - ETA: 2s - loss: 1.0499 - accuracy: 0.6390
 911/1563 [================>.............] - ETA: 2s - loss: 1.0500 - accuracy: 0.6384
 928/1563 [================>.............] - ETA: 2s - loss: 1.0504 - accuracy: 0.6382
 945/1563 [=================>............] - ETA: 2s - loss: 1.0515 - accuracy: 0.6378
 962/1563 [=================>............] - ETA: 2s - loss: 1.0524 - accuracy: 0.6377
 980/1563 [=================>............] - ETA: 2s - loss: 1.0510 - accuracy: 0.6381
 996/1563 [==================>...........] - ETA: 2s - loss: 1.0504 - accuracy: 0.6383
1014/1563 [==================>...........] - ETA: 1s - loss: 1.0508 - accuracy: 0.6381
1031/1563 [==================>...........] - ETA: 1s - loss: 1.0515 - accuracy: 0.6376
1049/1563 [===================>..........] - ETA: 1s - loss: 1.0518 - accuracy: 0.6380
1067/1563 [===================>..........] - ETA: 1s - loss: 1.0514 - accuracy: 0.6379
1083/1563 [===================>..........] - ETA: 1s - loss: 1.0523 - accuracy: 0.6378
1100/1563 [====================>.........] - ETA: 1s - loss: 1.0533 - accuracy: 0.6374
1115/1563 [====================>.........] - ETA: 1s - loss: 1.0528 - accuracy: 0.6372
1132/1563 [====================>.........] - ETA: 1s - loss: 1.0525 - accuracy: 0.6375
1150/1563 [=====================>........] - ETA: 1s - loss: 1.0524 - accuracy: 0.6375
1167/1563 [=====================>........] - ETA: 1s - loss: 1.0527 - accuracy: 0.6371
1185/1563 [=====================>........] - ETA: 1s - loss: 1.0524 - accuracy: 0.6374
1202/1563 [======================>.......] - ETA: 1s - loss: 1.0529 - accuracy: 0.6371
1220/1563 [======================>.......] - ETA: 1s - loss: 1.0520 - accuracy: 0.6372
1236/1563 [======================>.......] - ETA: 1s - loss: 1.0520 - accuracy: 0.6372
1253/1563 [=======================>......] - ETA: 1s - loss: 1.0518 - accuracy: 0.6373
1270/1563 [=======================>......] - ETA: 1s - loss: 1.0526 - accuracy: 0.6373
1285/1563 [=======================>......] - ETA: 1s - loss: 1.0515 - accuracy: 0.6377
1298/1563 [=======================>......] - ETA: 0s - loss: 1.0525 - accuracy: 0.6377
1313/1563 [========================>.....] - ETA: 0s - loss: 1.0532 - accuracy: 0.6376
1326/1563 [========================>.....] - ETA: 0s - loss: 1.0542 - accuracy: 0.6375
1342/1563 [========================>.....] - ETA: 0s - loss: 1.0539 - accuracy: 0.6374
1360/1563 [=========================>....] - ETA: 0s - loss: 1.0550 - accuracy: 0.6370
1377/1563 [=========================>....] - ETA: 0s - loss: 1.0528 - accuracy: 0.6381
1395/1563 [=========================>....] - ETA: 0s - loss: 1.0542 - accuracy: 0.6377
1412/1563 [==========================>...] - ETA: 0s - loss: 1.0539 - accuracy: 0.6376
1429/1563 [==========================>...] - ETA: 0s - loss: 1.0536 - accuracy: 0.6376
1446/1563 [==========================>...] - ETA: 0s - loss: 1.0534 - accuracy: 0.6374
1462/1563 [===========================>..] - ETA: 0s - loss: 1.0529 - accuracy: 0.6373
1480/1563 [===========================>..] - ETA: 0s - loss: 1.0527 - accuracy: 0.6372
1495/1563 [===========================>..] - ETA: 0s - loss: 1.0536 - accuracy: 0.6369
1510/1563 [===========================>..] - ETA: 0s - loss: 1.0539 - accuracy: 0.6369
1523/1563 [============================>.] - ETA: 0s - loss: 1.0537 - accuracy: 0.6371
1538/1563 [============================>.] - ETA: 0s - loss: 1.0540 - accuracy: 0.6370
1553/1563 [============================>.] - ETA: 0s - loss: 1.0530 - accuracy: 0.6372
1563/1563 [==============================] - 6s 4ms/step - loss: 1.0523 - accuracy: 0.6374 - val_loss: 0.9746 - val_accuracy: 0.6653
Epoch 6/133

   1/1563 [..............................] - ETA: 17s - loss: 0.7903 - accuracy: 0.6875
  20/1563 [..............................] - ETA: 5s - loss: 0.9657 - accuracy: 0.6422 
  39/1563 [..............................] - ETA: 5s - loss: 0.9751 - accuracy: 0.6450
  57/1563 [>.............................] - ETA: 5s - loss: 1.0033 - accuracy: 0.6425
  75/1563 [>.............................] - ETA: 5s - loss: 0.9980 - accuracy: 0.6471
  88/1563 [>.............................] - ETA: 5s - loss: 1.0028 - accuracy: 0.6495
 104/1563 [>.............................] - ETA: 5s - loss: 1.0099 - accuracy: 0.6493
 121/1563 [=>............................] - ETA: 5s - loss: 1.0191 - accuracy: 0.6490
 138/1563 [=>............................] - ETA: 5s - loss: 1.0101 - accuracy: 0.6504
 155/1563 [=>............................] - ETA: 5s - loss: 1.0216 - accuracy: 0.6474
 173/1563 [==>...........................] - ETA: 4s - loss: 1.0229 - accuracy: 0.6465
 191/1563 [==>...........................] - ETA: 4s - loss: 1.0144 - accuracy: 0.6495
 208/1563 [==>...........................] - ETA: 4s - loss: 1.0095 - accuracy: 0.6505
 224/1563 [===>..........................] - ETA: 4s - loss: 1.0090 - accuracy: 0.6500
 243/1563 [===>..........................] - ETA: 4s - loss: 1.0038 - accuracy: 0.6516
 260/1563 [===>..........................] - ETA: 4s - loss: 1.0051 - accuracy: 0.6512
 275/1563 [====>.........................] - ETA: 4s - loss: 1.0077 - accuracy: 0.6499
 288/1563 [====>.........................] - ETA: 4s - loss: 1.0102 - accuracy: 0.6498
 306/1563 [====>.........................] - ETA: 4s - loss: 1.0134 - accuracy: 0.6489
 324/1563 [=====>........................] - ETA: 4s - loss: 1.0097 - accuracy: 0.6492
 342/1563 [=====>........................] - ETA: 4s - loss: 1.0104 - accuracy: 0.6485
 361/1563 [=====>........................] - ETA: 4s - loss: 1.0091 - accuracy: 0.6492
 379/1563 [======>.......................] - ETA: 4s - loss: 1.0102 - accuracy: 0.6487
 395/1563 [======>.......................] - ETA: 4s - loss: 1.0130 - accuracy: 0.6474
 410/1563 [======>.......................] - ETA: 4s - loss: 1.0134 - accuracy: 0.6466
 428/1563 [=======>......................] - ETA: 4s - loss: 1.0133 - accuracy: 0.6474
 446/1563 [=======>......................] - ETA: 3s - loss: 1.0146 - accuracy: 0.6469
 463/1563 [=======>......................] - ETA: 3s - loss: 1.0180 - accuracy: 0.6464
 481/1563 [========>.....................] - ETA: 3s - loss: 1.0210 - accuracy: 0.6453
 495/1563 [========>.....................] - ETA: 3s - loss: 1.0221 - accuracy: 0.6434
 511/1563 [========>.....................] - ETA: 3s - loss: 1.0220 - accuracy: 0.6433
 529/1563 [=========>....................] - ETA: 3s - loss: 1.0237 - accuracy: 0.6428
 546/1563 [=========>....................] - ETA: 3s - loss: 1.0232 - accuracy: 0.6433
 565/1563 [=========>....................] - ETA: 3s - loss: 1.0230 - accuracy: 0.6428
 582/1563 [==========>...................] - ETA: 3s - loss: 1.0249 - accuracy: 0.6422
 599/1563 [==========>...................] - ETA: 3s - loss: 1.0231 - accuracy: 0.6422
 613/1563 [==========>...................] - ETA: 3s - loss: 1.0223 - accuracy: 0.6428
 630/1563 [===========>..................] - ETA: 3s - loss: 1.0242 - accuracy: 0.6425
 646/1563 [===========>..................] - ETA: 3s - loss: 1.0234 - accuracy: 0.6429
 662/1563 [===========>..................] - ETA: 3s - loss: 1.0209 - accuracy: 0.6440
 678/1563 [============>.................] - ETA: 3s - loss: 1.0221 - accuracy: 0.6433
 696/1563 [============>.................] - ETA: 3s - loss: 1.0231 - accuracy: 0.6434
 712/1563 [============>.................] - ETA: 3s - loss: 1.0218 - accuracy: 0.6440
 729/1563 [============>.................] - ETA: 2s - loss: 1.0236 - accuracy: 0.6433
 748/1563 [=============>................] - ETA: 2s - loss: 1.0211 - accuracy: 0.6443
 764/1563 [=============>................] - ETA: 2s - loss: 1.0204 - accuracy: 0.6444
 781/1563 [=============>................] - ETA: 2s - loss: 1.0199 - accuracy: 0.6440
 799/1563 [==============>...............] - ETA: 2s - loss: 1.0205 - accuracy: 0.6439
 815/1563 [==============>...............] - ETA: 2s - loss: 1.0208 - accuracy: 0.6438
 829/1563 [==============>...............] - ETA: 2s - loss: 1.0209 - accuracy: 0.6435
 843/1563 [===============>..............] - ETA: 2s - loss: 1.0211 - accuracy: 0.6437
 855/1563 [===============>..............] - ETA: 2s - loss: 1.0219 - accuracy: 0.6439
 870/1563 [===============>..............] - ETA: 2s - loss: 1.0225 - accuracy: 0.6442
 885/1563 [===============>..............] - ETA: 2s - loss: 1.0225 - accuracy: 0.6444
 900/1563 [================>.............] - ETA: 2s - loss: 1.0237 - accuracy: 0.6440
 915/1563 [================>.............] - ETA: 2s - loss: 1.0245 - accuracy: 0.6438
 929/1563 [================>.............] - ETA: 2s - loss: 1.0251 - accuracy: 0.6435
 945/1563 [=================>............] - ETA: 2s - loss: 1.0256 - accuracy: 0.6435
 958/1563 [=================>............] - ETA: 2s - loss: 1.0272 - accuracy: 0.6426
 974/1563 [=================>............] - ETA: 2s - loss: 1.0279 - accuracy: 0.6421
 990/1563 [==================>...........] - ETA: 2s - loss: 1.0284 - accuracy: 0.6422
1008/1563 [==================>...........] - ETA: 2s - loss: 1.0277 - accuracy: 0.6427
1022/1563 [==================>...........] - ETA: 1s - loss: 1.0281 - accuracy: 0.6430
1037/1563 [==================>...........] - ETA: 1s - loss: 1.0278 - accuracy: 0.6431
1053/1563 [===================>..........] - ETA: 1s - loss: 1.0273 - accuracy: 0.6431
1069/1563 [===================>..........] - ETA: 1s - loss: 1.0286 - accuracy: 0.6429
1084/1563 [===================>..........] - ETA: 1s - loss: 1.0278 - accuracy: 0.6430
1102/1563 [====================>.........] - ETA: 1s - loss: 1.0285 - accuracy: 0.6432
1121/1563 [====================>.........] - ETA: 1s - loss: 1.0304 - accuracy: 0.6432
1137/1563 [====================>.........] - ETA: 1s - loss: 1.0305 - accuracy: 0.6436
1155/1563 [=====================>........] - ETA: 1s - loss: 1.0315 - accuracy: 0.6433
1172/1563 [=====================>........] - ETA: 1s - loss: 1.0317 - accuracy: 0.6433
1190/1563 [=====================>........] - ETA: 1s - loss: 1.0327 - accuracy: 0.6431
1205/1563 [======================>.......] - ETA: 1s - loss: 1.0328 - accuracy: 0.6429
1222/1563 [======================>.......] - ETA: 1s - loss: 1.0339 - accuracy: 0.6423
1239/1563 [======================>.......] - ETA: 1s - loss: 1.0342 - accuracy: 0.6423
1256/1563 [=======================>......] - ETA: 1s - loss: 1.0355 - accuracy: 0.6422
1273/1563 [=======================>......] - ETA: 1s - loss: 1.0354 - accuracy: 0.6421
1290/1563 [=======================>......] - ETA: 1s - loss: 1.0352 - accuracy: 0.6425
1305/1563 [========================>.....] - ETA: 0s - loss: 1.0355 - accuracy: 0.6426
1321/1563 [========================>.....] - ETA: 0s - loss: 1.0360 - accuracy: 0.6423
1338/1563 [========================>.....] - ETA: 0s - loss: 1.0359 - accuracy: 0.6423
1353/1563 [========================>.....] - ETA: 0s - loss: 1.0351 - accuracy: 0.6427
1368/1563 [=========================>....] - ETA: 0s - loss: 1.0356 - accuracy: 0.6428
1384/1563 [=========================>....] - ETA: 0s - loss: 1.0362 - accuracy: 0.6426
1399/1563 [=========================>....] - ETA: 0s - loss: 1.0356 - accuracy: 0.6427
1416/1563 [==========================>...] - ETA: 0s - loss: 1.0348 - accuracy: 0.6430
1435/1563 [==========================>...] - ETA: 0s - loss: 1.0350 - accuracy: 0.6432
1453/1563 [==========================>...] - ETA: 0s - loss: 1.0351 - accuracy: 0.6430
1470/1563 [===========================>..] - ETA: 0s - loss: 1.0357 - accuracy: 0.6428
1488/1563 [===========================>..] - ETA: 0s - loss: 1.0365 - accuracy: 0.6426
1504/1563 [===========================>..] - ETA: 0s - loss: 1.0362 - accuracy: 0.6428
1522/1563 [============================>.] - ETA: 0s - loss: 1.0352 - accuracy: 0.6433
1540/1563 [============================>.] - ETA: 0s - loss: 1.0341 - accuracy: 0.6438
1558/1563 [============================>.] - ETA: 0s - loss: 1.0347 - accuracy: 0.6436
1563/1563 [==============================] - 6s 4ms/step - loss: 1.0345 - accuracy: 0.6436 - val_loss: 1.0530 - val_accuracy: 0.6329
Epoch 7/133

   1/1563 [..............................] - ETA: 24s - loss: 0.5476 - accuracy: 0.8438
  16/1563 [..............................] - ETA: 6s - loss: 0.9200 - accuracy: 0.6875 
  34/1563 [..............................] - ETA: 5s - loss: 0.9314 - accuracy: 0.6710
  53/1563 [>.............................] - ETA: 5s - loss: 0.9536 - accuracy: 0.6692
  70/1563 [>.............................] - ETA: 5s - loss: 0.9499 - accuracy: 0.6661
  89/1563 [>.............................] - ETA: 5s - loss: 0.9531 - accuracy: 0.6640
 106/1563 [=>............................] - ETA: 5s - loss: 0.9487 - accuracy: 0.6654
 122/1563 [=>............................] - ETA: 5s - loss: 0.9497 - accuracy: 0.6642
 141/1563 [=>............................] - ETA: 5s - loss: 0.9640 - accuracy: 0.6616
 160/1563 [==>...........................] - ETA: 4s - loss: 0.9661 - accuracy: 0.6609
 178/1563 [==>...........................] - ETA: 4s - loss: 0.9729 - accuracy: 0.6594
 195/1563 [==>...........................] - ETA: 4s - loss: 0.9670 - accuracy: 0.6617
 213/1563 [===>..........................] - ETA: 4s - loss: 0.9684 - accuracy: 0.6624
 231/1563 [===>..........................] - ETA: 4s - loss: 0.9713 - accuracy: 0.6638
 248/1563 [===>..........................] - ETA: 4s - loss: 0.9739 - accuracy: 0.6636
 266/1563 [====>.........................] - ETA: 4s - loss: 0.9699 - accuracy: 0.6644
 285/1563 [====>.........................] - ETA: 4s - loss: 0.9642 - accuracy: 0.6662
 304/1563 [====>.........................] - ETA: 4s - loss: 0.9657 - accuracy: 0.6665
 321/1563 [=====>........................] - ETA: 4s - loss: 0.9676 - accuracy: 0.6664
 338/1563 [=====>........................] - ETA: 4s - loss: 0.9728 - accuracy: 0.6639
 356/1563 [=====>........................] - ETA: 4s - loss: 0.9713 - accuracy: 0.6636
 373/1563 [======>.......................] - ETA: 4s - loss: 0.9746 - accuracy: 0.6629
 390/1563 [======>.......................] - ETA: 4s - loss: 0.9733 - accuracy: 0.6635
 404/1563 [======>.......................] - ETA: 4s - loss: 0.9780 - accuracy: 0.6619
 422/1563 [=======>......................] - ETA: 4s - loss: 0.9776 - accuracy: 0.6627
 437/1563 [=======>......................] - ETA: 3s - loss: 0.9747 - accuracy: 0.6637
 455/1563 [=======>......................] - ETA: 3s - loss: 0.9742 - accuracy: 0.6644
 473/1563 [========>.....................] - ETA: 3s - loss: 0.9728 - accuracy: 0.6652
 492/1563 [========>.....................] - ETA: 3s - loss: 0.9741 - accuracy: 0.6645
 510/1563 [========>.....................] - ETA: 3s - loss: 0.9755 - accuracy: 0.6645
 528/1563 [=========>....................] - ETA: 3s - loss: 0.9779 - accuracy: 0.6631
 540/1563 [=========>....................] - ETA: 3s - loss: 0.9804 - accuracy: 0.6627
 555/1563 [=========>....................] - ETA: 3s - loss: 0.9809 - accuracy: 0.6621
 572/1563 [=========>....................] - ETA: 3s - loss: 0.9803 - accuracy: 0.6626
 589/1563 [==========>...................] - ETA: 3s - loss: 0.9824 - accuracy: 0.6619
 605/1563 [==========>...................] - ETA: 3s - loss: 0.9837 - accuracy: 0.6618
 622/1563 [==========>...................] - ETA: 3s - loss: 0.9861 - accuracy: 0.6611
 639/1563 [===========>..................] - ETA: 3s - loss: 0.9834 - accuracy: 0.6619
 654/1563 [===========>..................] - ETA: 3s - loss: 0.9842 - accuracy: 0.6614
 670/1563 [===========>..................] - ETA: 3s - loss: 0.9868 - accuracy: 0.6609
 688/1563 [============>.................] - ETA: 3s - loss: 0.9863 - accuracy: 0.6606
 706/1563 [============>.................] - ETA: 3s - loss: 0.9853 - accuracy: 0.6611
 724/1563 [============>.................] - ETA: 2s - loss: 0.9888 - accuracy: 0.6607
 742/1563 [=============>................] - ETA: 2s - loss: 0.9902 - accuracy: 0.6600
 760/1563 [=============>................] - ETA: 2s - loss: 0.9878 - accuracy: 0.6606
 778/1563 [=============>................] - ETA: 2s - loss: 0.9869 - accuracy: 0.6608
 796/1563 [==============>...............] - ETA: 2s - loss: 0.9873 - accuracy: 0.6608
 814/1563 [==============>...............] - ETA: 2s - loss: 0.9876 - accuracy: 0.6610
 831/1563 [==============>...............] - ETA: 2s - loss: 0.9873 - accuracy: 0.6609
 848/1563 [===============>..............] - ETA: 2s - loss: 0.9879 - accuracy: 0.6606
 865/1563 [===============>..............] - ETA: 2s - loss: 0.9879 - accuracy: 0.6605
 882/1563 [===============>..............] - ETA: 2s - loss: 0.9909 - accuracy: 0.6596
 900/1563 [================>.............] - ETA: 2s - loss: 0.9906 - accuracy: 0.6597
 917/1563 [================>.............] - ETA: 2s - loss: 0.9912 - accuracy: 0.6590
 935/1563 [================>.............] - ETA: 2s - loss: 0.9917 - accuracy: 0.6589
 951/1563 [=================>............] - ETA: 2s - loss: 0.9921 - accuracy: 0.6589
 966/1563 [=================>............] - ETA: 2s - loss: 0.9918 - accuracy: 0.6592
 982/1563 [=================>............] - ETA: 2s - loss: 0.9926 - accuracy: 0.6588
 999/1563 [==================>...........] - ETA: 2s - loss: 0.9955 - accuracy: 0.6579
1015/1563 [==================>...........] - ETA: 1s - loss: 0.9946 - accuracy: 0.6585
1032/1563 [==================>...........] - ETA: 1s - loss: 0.9955 - accuracy: 0.6582
1051/1563 [===================>..........] - ETA: 1s - loss: 0.9964 - accuracy: 0.6580
1069/1563 [===================>..........] - ETA: 1s - loss: 0.9964 - accuracy: 0.6577
1085/1563 [===================>..........] - ETA: 1s - loss: 0.9945 - accuracy: 0.6586
1103/1563 [====================>.........] - ETA: 1s - loss: 0.9942 - accuracy: 0.6585
1120/1563 [====================>.........] - ETA: 1s - loss: 0.9937 - accuracy: 0.6583
1138/1563 [====================>.........] - ETA: 1s - loss: 0.9958 - accuracy: 0.6575
1152/1563 [=====================>........] - ETA: 1s - loss: 0.9956 - accuracy: 0.6577
1166/1563 [=====================>........] - ETA: 1s - loss: 0.9955 - accuracy: 0.6579
1183/1563 [=====================>........] - ETA: 1s - loss: 0.9969 - accuracy: 0.6578
1200/1563 [======================>.......] - ETA: 1s - loss: 0.9972 - accuracy: 0.6576
1216/1563 [======================>.......] - ETA: 1s - loss: 0.9979 - accuracy: 0.6573
1232/1563 [======================>.......] - ETA: 1s - loss: 0.9979 - accuracy: 0.6576
1250/1563 [======================>.......] - ETA: 1s - loss: 0.9984 - accuracy: 0.6571
1267/1563 [=======================>......] - ETA: 1s - loss: 0.9977 - accuracy: 0.6572
1283/1563 [=======================>......] - ETA: 1s - loss: 0.9988 - accuracy: 0.6570
1300/1563 [=======================>......] - ETA: 0s - loss: 0.9993 - accuracy: 0.6568
1319/1563 [========================>.....] - ETA: 0s - loss: 0.9999 - accuracy: 0.6569
1337/1563 [========================>.....] - ETA: 0s - loss: 1.0007 - accuracy: 0.6564
1353/1563 [========================>.....] - ETA: 0s - loss: 0.9987 - accuracy: 0.6573
1367/1563 [=========================>....] - ETA: 0s - loss: 1.0003 - accuracy: 0.6567
1379/1563 [=========================>....] - ETA: 0s - loss: 1.0000 - accuracy: 0.6569
1393/1563 [=========================>....] - ETA: 0s - loss: 1.0007 - accuracy: 0.6567
1410/1563 [==========================>...] - ETA: 0s - loss: 1.0008 - accuracy: 0.6568
1427/1563 [==========================>...] - ETA: 0s - loss: 1.0012 - accuracy: 0.6567
1444/1563 [==========================>...] - ETA: 0s - loss: 1.0020 - accuracy: 0.6566
1461/1563 [===========================>..] - ETA: 0s - loss: 1.0026 - accuracy: 0.6567
1477/1563 [===========================>..] - ETA: 0s - loss: 1.0016 - accuracy: 0.6571
1493/1563 [===========================>..] - ETA: 0s - loss: 1.0027 - accuracy: 0.6567
1511/1563 [============================>.] - ETA: 0s - loss: 1.0042 - accuracy: 0.6562
1529/1563 [============================>.] - ETA: 0s - loss: 1.0048 - accuracy: 0.6560
1545/1563 [============================>.] - ETA: 0s - loss: 1.0050 - accuracy: 0.6558
1559/1563 [============================>.] - ETA: 0s - loss: 1.0058 - accuracy: 0.6555
1563/1563 [==============================] - 6s 4ms/step - loss: 1.0054 - accuracy: 0.6555 - val_loss: 1.1066 - val_accuracy: 0.6272
Epoch 8/133

   1/1563 [..............................] - ETA: 24s - loss: 1.0884 - accuracy: 0.7500
  19/1563 [..............................] - ETA: 5s - loss: 0.9982 - accuracy: 0.6546 
  33/1563 [..............................] - ETA: 5s - loss: 0.9912 - accuracy: 0.6638
  51/1563 [..............................] - ETA: 5s - loss: 0.9641 - accuracy: 0.6722
  69/1563 [>.............................] - ETA: 5s - loss: 0.9825 - accuracy: 0.6680
  88/1563 [>.............................] - ETA: 5s - loss: 0.9737 - accuracy: 0.6669
 107/1563 [=>............................] - ETA: 4s - loss: 0.9578 - accuracy: 0.6700
 124/1563 [=>............................] - ETA: 4s - loss: 0.9681 - accuracy: 0.6668
 141/1563 [=>............................] - ETA: 4s - loss: 0.9539 - accuracy: 0.6733
 160/1563 [==>...........................] - ETA: 4s - loss: 0.9656 - accuracy: 0.6703
 175/1563 [==>...........................] - ETA: 4s - loss: 0.9667 - accuracy: 0.6687
 193/1563 [==>...........................] - ETA: 4s - loss: 0.9618 - accuracy: 0.6686
 210/1563 [===>..........................] - ETA: 4s - loss: 0.9540 - accuracy: 0.6695
 229/1563 [===>..........................] - ETA: 4s - loss: 0.9518 - accuracy: 0.6699
 247/1563 [===>..........................] - ETA: 4s - loss: 0.9573 - accuracy: 0.6697
 262/1563 [====>.........................] - ETA: 4s - loss: 0.9585 - accuracy: 0.6687
 280/1563 [====>.........................] - ETA: 4s - loss: 0.9611 - accuracy: 0.6677
 298/1563 [====>.........................] - ETA: 4s - loss: 0.9649 - accuracy: 0.6665
 315/1563 [=====>........................] - ETA: 4s - loss: 0.9643 - accuracy: 0.6658
 331/1563 [=====>........................] - ETA: 4s - loss: 0.9608 - accuracy: 0.6658
 348/1563 [=====>........................] - ETA: 4s - loss: 0.9639 - accuracy: 0.6649
 365/1563 [======>.......................] - ETA: 4s - loss: 0.9705 - accuracy: 0.6623
 382/1563 [======>.......................] - ETA: 4s - loss: 0.9705 - accuracy: 0.6630
 399/1563 [======>.......................] - ETA: 4s - loss: 0.9694 - accuracy: 0.6635
 417/1563 [=======>......................] - ETA: 4s - loss: 0.9695 - accuracy: 0.6643
 433/1563 [=======>......................] - ETA: 4s - loss: 0.9724 - accuracy: 0.6641
 451/1563 [=======>......................] - ETA: 3s - loss: 0.9730 - accuracy: 0.6628
 468/1563 [=======>......................] - ETA: 3s - loss: 0.9756 - accuracy: 0.6621
 482/1563 [========>.....................] - ETA: 3s - loss: 0.9760 - accuracy: 0.6618
 497/1563 [========>.....................] - ETA: 3s - loss: 0.9755 - accuracy: 0.6616
 513/1563 [========>.....................] - ETA: 3s - loss: 0.9743 - accuracy: 0.6622
 531/1563 [=========>....................] - ETA: 3s - loss: 0.9788 - accuracy: 0.6607
 547/1563 [=========>....................] - ETA: 3s - loss: 0.9777 - accuracy: 0.6605
 562/1563 [=========>....................] - ETA: 3s - loss: 0.9772 - accuracy: 0.6613
 575/1563 [==========>...................] - ETA: 3s - loss: 0.9781 - accuracy: 0.6610
 590/1563 [==========>...................] - ETA: 3s - loss: 0.9762 - accuracy: 0.6617
 606/1563 [==========>...................] - ETA: 3s - loss: 0.9739 - accuracy: 0.6618
 624/1563 [==========>...................] - ETA: 3s - loss: 0.9736 - accuracy: 0.6620
 640/1563 [===========>..................] - ETA: 3s - loss: 0.9760 - accuracy: 0.6613
 657/1563 [===========>..................] - ETA: 3s - loss: 0.9739 - accuracy: 0.6622
 674/1563 [===========>..................] - ETA: 3s - loss: 0.9754 - accuracy: 0.6617
 691/1563 [============>.................] - ETA: 3s - loss: 0.9750 - accuracy: 0.6616
 709/1563 [============>.................] - ETA: 3s - loss: 0.9744 - accuracy: 0.6610
 727/1563 [============>.................] - ETA: 3s - loss: 0.9741 - accuracy: 0.6611
 744/1563 [=============>................] - ETA: 2s - loss: 0.9743 - accuracy: 0.6612
 760/1563 [=============>................] - ETA: 2s - loss: 0.9766 - accuracy: 0.6608
 776/1563 [=============>................] - ETA: 2s - loss: 0.9777 - accuracy: 0.6606
 792/1563 [==============>...............] - ETA: 2s - loss: 0.9781 - accuracy: 0.6605
 809/1563 [==============>...............] - ETA: 2s - loss: 0.9799 - accuracy: 0.6603
 827/1563 [==============>...............] - ETA: 2s - loss: 0.9784 - accuracy: 0.6610
 842/1563 [===============>..............] - ETA: 2s - loss: 0.9799 - accuracy: 0.6609
 859/1563 [===============>..............] - ETA: 2s - loss: 0.9799 - accuracy: 0.6612
 877/1563 [===============>..............] - ETA: 2s - loss: 0.9826 - accuracy: 0.6602
 895/1563 [================>.............] - ETA: 2s - loss: 0.9829 - accuracy: 0.6603
 913/1563 [================>.............] - ETA: 2s - loss: 0.9822 - accuracy: 0.6606
 931/1563 [================>.............] - ETA: 2s - loss: 0.9817 - accuracy: 0.6611
 947/1563 [=================>............] - ETA: 2s - loss: 0.9830 - accuracy: 0.6602
 962/1563 [=================>............] - ETA: 2s - loss: 0.9825 - accuracy: 0.6606
 976/1563 [=================>............] - ETA: 2s - loss: 0.9814 - accuracy: 0.6610
 995/1563 [==================>...........] - ETA: 2s - loss: 0.9825 - accuracy: 0.6605
1013/1563 [==================>...........] - ETA: 1s - loss: 0.9818 - accuracy: 0.6608
1030/1563 [==================>...........] - ETA: 1s - loss: 0.9836 - accuracy: 0.6602
1047/1563 [===================>..........] - ETA: 1s - loss: 0.9832 - accuracy: 0.6607
1064/1563 [===================>..........] - ETA: 1s - loss: 0.9834 - accuracy: 0.6606
1081/1563 [===================>..........] - ETA: 1s - loss: 0.9857 - accuracy: 0.6599
1099/1563 [====================>.........] - ETA: 1s - loss: 0.9846 - accuracy: 0.6600
1117/1563 [====================>.........] - ETA: 1s - loss: 0.9844 - accuracy: 0.6602
1133/1563 [====================>.........] - ETA: 1s - loss: 0.9849 - accuracy: 0.6602
1150/1563 [=====================>........] - ETA: 1s - loss: 0.9849 - accuracy: 0.6600
1166/1563 [=====================>........] - ETA: 1s - loss: 0.9854 - accuracy: 0.6599
1179/1563 [=====================>........] - ETA: 1s - loss: 0.9855 - accuracy: 0.6598
1196/1563 [=====================>........] - ETA: 1s - loss: 0.9862 - accuracy: 0.6596
1212/1563 [======================>.......] - ETA: 1s - loss: 0.9864 - accuracy: 0.6596
1229/1563 [======================>.......] - ETA: 1s - loss: 0.9867 - accuracy: 0.6596
1247/1563 [======================>.......] - ETA: 1s - loss: 0.9871 - accuracy: 0.6595
1265/1563 [=======================>......] - ETA: 1s - loss: 0.9879 - accuracy: 0.6593
1283/1563 [=======================>......] - ETA: 1s - loss: 0.9872 - accuracy: 0.6595
1301/1563 [=======================>......] - ETA: 0s - loss: 0.9867 - accuracy: 0.6598
1317/1563 [========================>.....] - ETA: 0s - loss: 0.9875 - accuracy: 0.6596
1333/1563 [========================>.....] - ETA: 0s - loss: 0.9884 - accuracy: 0.6595
1350/1563 [========================>.....] - ETA: 0s - loss: 0.9888 - accuracy: 0.6595
1365/1563 [=========================>....] - ETA: 0s - loss: 0.9884 - accuracy: 0.6597
1380/1563 [=========================>....] - ETA: 0s - loss: 0.9894 - accuracy: 0.6593
1396/1563 [=========================>....] - ETA: 0s - loss: 0.9884 - accuracy: 0.6595
1412/1563 [==========================>...] - ETA: 0s - loss: 0.9895 - accuracy: 0.6594
1430/1563 [==========================>...] - ETA: 0s - loss: 0.9890 - accuracy: 0.6597
1447/1563 [==========================>...] - ETA: 0s - loss: 0.9893 - accuracy: 0.6597
1464/1563 [===========================>..] - ETA: 0s - loss: 0.9905 - accuracy: 0.6593
1483/1563 [===========================>..] - ETA: 0s - loss: 0.9906 - accuracy: 0.6594
1501/1563 [===========================>..] - ETA: 0s - loss: 0.9903 - accuracy: 0.6594
1516/1563 [============================>.] - ETA: 0s - loss: 0.9889 - accuracy: 0.6599
1533/1563 [============================>.] - ETA: 0s - loss: 0.9903 - accuracy: 0.6596
1552/1563 [============================>.] - ETA: 0s - loss: 0.9893 - accuracy: 0.6602
1563/1563 [==============================] - 6s 4ms/step - loss: 0.9890 - accuracy: 0.6603 - val_loss: 0.9783 - val_accuracy: 0.6623
Epoch 9/133

   1/1563 [..............................] - ETA: 24s - loss: 0.8817 - accuracy: 0.7188
  19/1563 [..............................] - ETA: 5s - loss: 0.9154 - accuracy: 0.6645 
  36/1563 [..............................] - ETA: 5s - loss: 0.9380 - accuracy: 0.6823
  55/1563 [>.............................] - ETA: 5s - loss: 0.9289 - accuracy: 0.6830
  73/1563 [>.............................] - ETA: 5s - loss: 0.9280 - accuracy: 0.6845
  92/1563 [>.............................] - ETA: 5s - loss: 0.9403 - accuracy: 0.6810
 111/1563 [=>............................] - ETA: 4s - loss: 0.9376 - accuracy: 0.6833
 129/1563 [=>............................] - ETA: 4s - loss: 0.9320 - accuracy: 0.6844
 149/1563 [=>............................] - ETA: 4s - loss: 0.9341 - accuracy: 0.6829
 167/1563 [==>...........................] - ETA: 4s - loss: 0.9331 - accuracy: 0.6843
 186/1563 [==>...........................] - ETA: 4s - loss: 0.9328 - accuracy: 0.6848
 205/1563 [==>...........................] - ETA: 4s - loss: 0.9229 - accuracy: 0.6883
 222/1563 [===>..........................] - ETA: 4s - loss: 0.9298 - accuracy: 0.6865
 238/1563 [===>..........................] - ETA: 4s - loss: 0.9298 - accuracy: 0.6878
 256/1563 [===>..........................] - ETA: 4s - loss: 0.9307 - accuracy: 0.6869
 275/1563 [====>.........................] - ETA: 4s - loss: 0.9295 - accuracy: 0.6877
 293/1563 [====>.........................] - ETA: 4s - loss: 0.9301 - accuracy: 0.6882
 311/1563 [====>.........................] - ETA: 4s - loss: 0.9336 - accuracy: 0.6861
 326/1563 [=====>........................] - ETA: 4s - loss: 0.9356 - accuracy: 0.6853
 343/1563 [=====>........................] - ETA: 4s - loss: 0.9360 - accuracy: 0.6851
 360/1563 [=====>........................] - ETA: 4s - loss: 0.9367 - accuracy: 0.6839
 377/1563 [======>.......................] - ETA: 4s - loss: 0.9339 - accuracy: 0.6841
 394/1563 [======>.......................] - ETA: 4s - loss: 0.9317 - accuracy: 0.6843
 411/1563 [======>.......................] - ETA: 4s - loss: 0.9331 - accuracy: 0.6841
 429/1563 [=======>......................] - ETA: 3s - loss: 0.9321 - accuracy: 0.6846
 447/1563 [=======>......................] - ETA: 3s - loss: 0.9352 - accuracy: 0.6835
 466/1563 [=======>......................] - ETA: 3s - loss: 0.9352 - accuracy: 0.6834
 484/1563 [========>.....................] - ETA: 3s - loss: 0.9357 - accuracy: 0.6834
 496/1563 [========>.....................] - ETA: 3s - loss: 0.9337 - accuracy: 0.6842
 511/1563 [========>.....................] - ETA: 3s - loss: 0.9362 - accuracy: 0.6838
 527/1563 [=========>....................] - ETA: 3s - loss: 0.9353 - accuracy: 0.6838
 545/1563 [=========>....................] - ETA: 3s - loss: 0.9326 - accuracy: 0.6848
 562/1563 [=========>....................] - ETA: 3s - loss: 0.9352 - accuracy: 0.6841
 579/1563 [==========>...................] - ETA: 3s - loss: 0.9377 - accuracy: 0.6835
 595/1563 [==========>...................] - ETA: 3s - loss: 0.9389 - accuracy: 0.6830
 612/1563 [==========>...................] - ETA: 3s - loss: 0.9411 - accuracy: 0.6829
 629/1563 [===========>..................] - ETA: 3s - loss: 0.9413 - accuracy: 0.6828
 645/1563 [===========>..................] - ETA: 3s - loss: 0.9416 - accuracy: 0.6829
 662/1563 [===========>..................] - ETA: 3s - loss: 0.9429 - accuracy: 0.6825
 676/1563 [===========>..................] - ETA: 3s - loss: 0.9429 - accuracy: 0.6830
 691/1563 [============>.................] - ETA: 3s - loss: 0.9439 - accuracy: 0.6828
 706/1563 [============>.................] - ETA: 3s - loss: 0.9442 - accuracy: 0.6826
 722/1563 [============>.................] - ETA: 3s - loss: 0.9438 - accuracy: 0.6824
 738/1563 [=============>................] - ETA: 2s - loss: 0.9457 - accuracy: 0.6820
 755/1563 [=============>................] - ETA: 2s - loss: 0.9460 - accuracy: 0.6816
 772/1563 [=============>................] - ETA: 2s - loss: 0.9468 - accuracy: 0.6813
 788/1563 [==============>...............] - ETA: 2s - loss: 0.9469 - accuracy: 0.6811
 801/1563 [==============>...............] - ETA: 2s - loss: 0.9474 - accuracy: 0.6806
 818/1563 [==============>...............] - ETA: 2s - loss: 0.9481 - accuracy: 0.6807
 834/1563 [===============>..............] - ETA: 2s - loss: 0.9491 - accuracy: 0.6804
 851/1563 [===============>..............] - ETA: 2s - loss: 0.9527 - accuracy: 0.6790
 868/1563 [===============>..............] - ETA: 2s - loss: 0.9549 - accuracy: 0.6784
 884/1563 [===============>..............] - ETA: 2s - loss: 0.9528 - accuracy: 0.6788
 902/1563 [================>.............] - ETA: 2s - loss: 0.9536 - accuracy: 0.6779
 919/1563 [================>.............] - ETA: 2s - loss: 0.9550 - accuracy: 0.6772
 935/1563 [================>.............] - ETA: 2s - loss: 0.9549 - accuracy: 0.6772
 952/1563 [=================>............] - ETA: 2s - loss: 0.9549 - accuracy: 0.6772
 969/1563 [=================>............] - ETA: 2s - loss: 0.9548 - accuracy: 0.6770
 987/1563 [=================>............] - ETA: 2s - loss: 0.9558 - accuracy: 0.6768
1006/1563 [==================>...........] - ETA: 2s - loss: 0.9582 - accuracy: 0.6759
1023/1563 [==================>...........] - ETA: 1s - loss: 0.9578 - accuracy: 0.6756
1040/1563 [==================>...........] - ETA: 1s - loss: 0.9587 - accuracy: 0.6752
1052/1563 [===================>..........] - ETA: 1s - loss: 0.9591 - accuracy: 0.6751
1067/1563 [===================>..........] - ETA: 1s - loss: 0.9602 - accuracy: 0.6747
1083/1563 [===================>..........] - ETA: 1s - loss: 0.9587 - accuracy: 0.6750
1100/1563 [====================>.........] - ETA: 1s - loss: 0.9596 - accuracy: 0.6746
1114/1563 [====================>.........] - ETA: 1s - loss: 0.9607 - accuracy: 0.6746
1128/1563 [====================>.........] - ETA: 1s - loss: 0.9608 - accuracy: 0.6745
1147/1563 [=====================>........] - ETA: 1s - loss: 0.9618 - accuracy: 0.6743
1164/1563 [=====================>........] - ETA: 1s - loss: 0.9621 - accuracy: 0.6743
1181/1563 [=====================>........] - ETA: 1s - loss: 0.9617 - accuracy: 0.6743
1199/1563 [======================>.......] - ETA: 1s - loss: 0.9622 - accuracy: 0.6743
1217/1563 [======================>.......] - ETA: 1s - loss: 0.9628 - accuracy: 0.6738
1230/1563 [======================>.......] - ETA: 1s - loss: 0.9637 - accuracy: 0.6734
1243/1563 [======================>.......] - ETA: 1s - loss: 0.9637 - accuracy: 0.6732
1258/1563 [=======================>......] - ETA: 1s - loss: 0.9631 - accuracy: 0.6732
1276/1563 [=======================>......] - ETA: 1s - loss: 0.9642 - accuracy: 0.6729
1294/1563 [=======================>......] - ETA: 0s - loss: 0.9648 - accuracy: 0.6727
1311/1563 [========================>.....] - ETA: 0s - loss: 0.9656 - accuracy: 0.6727
1326/1563 [========================>.....] - ETA: 0s - loss: 0.9656 - accuracy: 0.6726
1342/1563 [========================>.....] - ETA: 0s - loss: 0.9669 - accuracy: 0.6722
1359/1563 [=========================>....] - ETA: 0s - loss: 0.9670 - accuracy: 0.6722
1377/1563 [=========================>....] - ETA: 0s - loss: 0.9666 - accuracy: 0.6723
1393/1563 [=========================>....] - ETA: 0s - loss: 0.9676 - accuracy: 0.6719
1410/1563 [==========================>...] - ETA: 0s - loss: 0.9685 - accuracy: 0.6717
1427/1563 [==========================>...] - ETA: 0s - loss: 0.9691 - accuracy: 0.6716
1443/1563 [==========================>...] - ETA: 0s - loss: 0.9686 - accuracy: 0.6718
1460/1563 [===========================>..] - ETA: 0s - loss: 0.9700 - accuracy: 0.6715
1478/1563 [===========================>..] - ETA: 0s - loss: 0.9705 - accuracy: 0.6712
1496/1563 [===========================>..] - ETA: 0s - loss: 0.9697 - accuracy: 0.6715
1514/1563 [============================>.] - ETA: 0s - loss: 0.9688 - accuracy: 0.6716
1531/1563 [============================>.] - ETA: 0s - loss: 0.9691 - accuracy: 0.6715
1549/1563 [============================>.] - ETA: 0s - loss: 0.9702 - accuracy: 0.6713
1563/1563 [==============================] - 6s 4ms/step - loss: 0.9703 - accuracy: 0.6712 - val_loss: 1.0603 - val_accuracy: 0.6385
Epoch 10/133

   1/1563 [..............................] - ETA: 24s - loss: 1.0300 - accuracy: 0.6250
  16/1563 [..............................] - ETA: 6s - loss: 0.9939 - accuracy: 0.6641 
  33/1563 [..............................] - ETA: 5s - loss: 0.9603 - accuracy: 0.6780
  50/1563 [..............................] - ETA: 5s - loss: 0.9763 - accuracy: 0.6719
  66/1563 [>.............................] - ETA: 5s - loss: 0.9711 - accuracy: 0.6686
  84/1563 [>.............................] - ETA: 5s - loss: 0.9549 - accuracy: 0.6737
 100/1563 [>.............................] - ETA: 5s - loss: 0.9480 - accuracy: 0.6791
 117/1563 [=>............................] - ETA: 5s - loss: 0.9379 - accuracy: 0.6792
 134/1563 [=>............................] - ETA: 5s - loss: 0.9322 - accuracy: 0.6835
 151/1563 [=>............................] - ETA: 5s - loss: 0.9255 - accuracy: 0.6844
 168/1563 [==>...........................] - ETA: 5s - loss: 0.9306 - accuracy: 0.6838
 185/1563 [==>...........................] - ETA: 5s - loss: 0.9307 - accuracy: 0.6829
 200/1563 [==>...........................] - ETA: 5s - loss: 0.9298 - accuracy: 0.6848
 218/1563 [===>..........................] - ETA: 5s - loss: 0.9237 - accuracy: 0.6862
 234/1563 [===>..........................] - ETA: 4s - loss: 0.9235 - accuracy: 0.6867
 252/1563 [===>..........................] - ETA: 4s - loss: 0.9202 - accuracy: 0.6887
 270/1563 [====>.........................] - ETA: 4s - loss: 0.9190 - accuracy: 0.6888
 286/1563 [====>.........................] - ETA: 4s - loss: 0.9174 - accuracy: 0.6886
 304/1563 [====>.........................] - ETA: 4s - loss: 0.9173 - accuracy: 0.6876
 322/1563 [=====>........................] - ETA: 4s - loss: 0.9181 - accuracy: 0.6880
 340/1563 [=====>........................] - ETA: 4s - loss: 0.9136 - accuracy: 0.6886
 358/1563 [=====>........................] - ETA: 4s - loss: 0.9161 - accuracy: 0.6884
 376/1563 [======>.......................] - ETA: 4s - loss: 0.9207 - accuracy: 0.6860
 393/1563 [======>.......................] - ETA: 4s - loss: 0.9190 - accuracy: 0.6869
 409/1563 [======>.......................] - ETA: 4s - loss: 0.9181 - accuracy: 0.6871
 423/1563 [=======>......................] - ETA: 4s - loss: 0.9177 - accuracy: 0.6879
 440/1563 [=======>......................] - ETA: 4s - loss: 0.9189 - accuracy: 0.6883
 460/1563 [=======>......................] - ETA: 4s - loss: 0.9226 - accuracy: 0.6874
 478/1563 [========>.....................] - ETA: 3s - loss: 0.9223 - accuracy: 0.6865
 492/1563 [========>.....................] - ETA: 3s - loss: 0.9217 - accuracy: 0.6869
 507/1563 [========>.....................] - ETA: 3s - loss: 0.9271 - accuracy: 0.6851
 525/1563 [=========>....................] - ETA: 3s - loss: 0.9268 - accuracy: 0.6842
 542/1563 [=========>....................] - ETA: 3s - loss: 0.9295 - accuracy: 0.6835
 559/1563 [=========>....................] - ETA: 3s - loss: 0.9318 - accuracy: 0.6826
 577/1563 [==========>...................] - ETA: 3s - loss: 0.9319 - accuracy: 0.6824
 596/1563 [==========>...................] - ETA: 3s - loss: 0.9293 - accuracy: 0.6834
 615/1563 [==========>...................] - ETA: 3s - loss: 0.9318 - accuracy: 0.6832
 633/1563 [===========>..................] - ETA: 3s - loss: 0.9344 - accuracy: 0.6821
 652/1563 [===========>..................] - ETA: 3s - loss: 0.9335 - accuracy: 0.6817
 670/1563 [===========>..................] - ETA: 3s - loss: 0.9334 - accuracy: 0.6818
 686/1563 [============>.................] - ETA: 3s - loss: 0.9330 - accuracy: 0.6820
 704/1563 [============>.................] - ETA: 3s - loss: 0.9345 - accuracy: 0.6812
 721/1563 [============>.................] - ETA: 3s - loss: 0.9353 - accuracy: 0.6813
 738/1563 [=============>................] - ETA: 2s - loss: 0.9351 - accuracy: 0.6811
 755/1563 [=============>................] - ETA: 2s - loss: 0.9370 - accuracy: 0.6809
 772/1563 [=============>................] - ETA: 2s - loss: 0.9371 - accuracy: 0.6806
 790/1563 [==============>...............] - ETA: 2s - loss: 0.9390 - accuracy: 0.6800
 808/1563 [==============>...............] - ETA: 2s - loss: 0.9402 - accuracy: 0.6796
 826/1563 [==============>...............] - ETA: 2s - loss: 0.9389 - accuracy: 0.6801
 842/1563 [===============>..............] - ETA: 2s - loss: 0.9387 - accuracy: 0.6801
 861/1563 [===============>..............] - ETA: 2s - loss: 0.9400 - accuracy: 0.6800
 879/1563 [===============>..............] - ETA: 2s - loss: 0.9401 - accuracy: 0.6798
 899/1563 [================>.............] - ETA: 2s - loss: 0.9401 - accuracy: 0.6797
 919/1563 [================>.............] - ETA: 2s - loss: 0.9437 - accuracy: 0.6790
 938/1563 [=================>............] - ETA: 2s - loss: 0.9434 - accuracy: 0.6786
 956/1563 [=================>............] - ETA: 2s - loss: 0.9433 - accuracy: 0.6788
 975/1563 [=================>............] - ETA: 2s - loss: 0.9444 - accuracy: 0.6784
 993/1563 [==================>...........] - ETA: 2s - loss: 0.9463 - accuracy: 0.6777
1012/1563 [==================>...........] - ETA: 1s - loss: 0.9445 - accuracy: 0.6780
1029/1563 [==================>...........] - ETA: 1s - loss: 0.9456 - accuracy: 0.6778
1044/1563 [===================>..........] - ETA: 1s - loss: 0.9455 - accuracy: 0.6778
1062/1563 [===================>..........] - ETA: 1s - loss: 0.9449 - accuracy: 0.6783
1082/1563 [===================>..........] - ETA: 1s - loss: 0.9458 - accuracy: 0.6782
1101/1563 [====================>.........] - ETA: 1s - loss: 0.9463 - accuracy: 0.6784
1119/1563 [====================>.........] - ETA: 1s - loss: 0.9468 - accuracy: 0.6780
1138/1563 [====================>.........] - ETA: 1s - loss: 0.9490 - accuracy: 0.6771
1156/1563 [=====================>........] - ETA: 1s - loss: 0.9492 - accuracy: 0.6766
1175/1563 [=====================>........] - ETA: 1s - loss: 0.9494 - accuracy: 0.6766
1192/1563 [=====================>........] - ETA: 1s - loss: 0.9491 - accuracy: 0.6766
1211/1563 [======================>.......] - ETA: 1s - loss: 0.9495 - accuracy: 0.6765
1230/1563 [======================>.......] - ETA: 1s - loss: 0.9496 - accuracy: 0.6766
1247/1563 [======================>.......] - ETA: 1s - loss: 0.9491 - accuracy: 0.6765
1266/1563 [=======================>......] - ETA: 1s - loss: 0.9494 - accuracy: 0.6764
1284/1563 [=======================>......] - ETA: 0s - loss: 0.9488 - accuracy: 0.6767
1304/1563 [========================>.....] - ETA: 0s - loss: 0.9498 - accuracy: 0.6765
1323/1563 [========================>.....] - ETA: 0s - loss: 0.9495 - accuracy: 0.6764
1341/1563 [========================>.....] - ETA: 0s - loss: 0.9509 - accuracy: 0.6758
1361/1563 [=========================>....] - ETA: 0s - loss: 0.9517 - accuracy: 0.6756
1380/1563 [=========================>....] - ETA: 0s - loss: 0.9520 - accuracy: 0.6756
1397/1563 [=========================>....] - ETA: 0s - loss: 0.9526 - accuracy: 0.6757
1415/1563 [==========================>...] - ETA: 0s - loss: 0.9535 - accuracy: 0.6752
1429/1563 [==========================>...] - ETA: 0s - loss: 0.9532 - accuracy: 0.6755
1446/1563 [==========================>...] - ETA: 0s - loss: 0.9536 - accuracy: 0.6757
1465/1563 [===========================>..] - ETA: 0s - loss: 0.9547 - accuracy: 0.6753
1482/1563 [===========================>..] - ETA: 0s - loss: 0.9540 - accuracy: 0.6758
1500/1563 [===========================>..] - ETA: 0s - loss: 0.9537 - accuracy: 0.6759
1517/1563 [============================>.] - ETA: 0s - loss: 0.9546 - accuracy: 0.6758
1532/1563 [============================>.] - ETA: 0s - loss: 0.9541 - accuracy: 0.6759
1551/1563 [============================>.] - ETA: 0s - loss: 0.9543 - accuracy: 0.6758
1563/1563 [==============================] - 6s 4ms/step - loss: 0.9547 - accuracy: 0.6757 - val_loss: 1.3651 - val_accuracy: 0.5374
Epoch 11/133

   1/1563 [..............................] - ETA: 0s - loss: 0.9343 - accuracy: 0.6875
  15/1563 [..............................] - ETA: 6s - loss: 0.8466 - accuracy: 0.7229
  31/1563 [..............................] - ETA: 6s - loss: 0.8631 - accuracy: 0.7218
  48/1563 [..............................] - ETA: 6s - loss: 0.8631 - accuracy: 0.7161
  66/1563 [>.............................] - ETA: 5s - loss: 0.8533 - accuracy: 0.7107
  81/1563 [>.............................] - ETA: 5s - loss: 0.8718 - accuracy: 0.7018
  99/1563 [>.............................] - ETA: 5s - loss: 0.8887 - accuracy: 0.6992
 117/1563 [=>............................] - ETA: 5s - loss: 0.8822 - accuracy: 0.7046
 136/1563 [=>............................] - ETA: 5s - loss: 0.8838 - accuracy: 0.7017
 155/1563 [=>............................] - ETA: 5s - loss: 0.8897 - accuracy: 0.6992
 173/1563 [==>...........................] - ETA: 5s - loss: 0.8937 - accuracy: 0.6976
 192/1563 [==>...........................] - ETA: 4s - loss: 0.8975 - accuracy: 0.6961
 210/1563 [===>..........................] - ETA: 4s - loss: 0.8997 - accuracy: 0.6949
 228/1563 [===>..........................] - ETA: 4s - loss: 0.9027 - accuracy: 0.6913
 248/1563 [===>..........................] - ETA: 4s - loss: 0.9065 - accuracy: 0.6895
 265/1563 [====>.........................] - ETA: 4s - loss: 0.9018 - accuracy: 0.6908
 282/1563 [====>.........................] - ETA: 4s - loss: 0.9023 - accuracy: 0.6907
 299/1563 [====>.........................] - ETA: 4s - loss: 0.9005 - accuracy: 0.6917
 318/1563 [=====>........................] - ETA: 4s - loss: 0.9007 - accuracy: 0.6914
 335/1563 [=====>........................] - ETA: 4s - loss: 0.9057 - accuracy: 0.6915
 353/1563 [=====>........................] - ETA: 4s - loss: 0.9049 - accuracy: 0.6914
 371/1563 [======>.......................] - ETA: 4s - loss: 0.9059 - accuracy: 0.6906
 389/1563 [======>.......................] - ETA: 4s - loss: 0.9068 - accuracy: 0.6917
 406/1563 [======>.......................] - ETA: 4s - loss: 0.9125 - accuracy: 0.6909
 424/1563 [=======>......................] - ETA: 4s - loss: 0.9143 - accuracy: 0.6910
 442/1563 [=======>......................] - ETA: 3s - loss: 0.9168 - accuracy: 0.6908
 461/1563 [=======>......................] - ETA: 3s - loss: 0.9130 - accuracy: 0.6914
 479/1563 [========>.....................] - ETA: 3s - loss: 0.9133 - accuracy: 0.6913
 497/1563 [========>.....................] - ETA: 3s - loss: 0.9107 - accuracy: 0.6925
 515/1563 [========>.....................] - ETA: 3s - loss: 0.9091 - accuracy: 0.6925
 532/1563 [=========>....................] - ETA: 3s - loss: 0.9126 - accuracy: 0.6914
 550/1563 [=========>....................] - ETA: 3s - loss: 0.9139 - accuracy: 0.6901
 569/1563 [=========>....................] - ETA: 3s - loss: 0.9140 - accuracy: 0.6896
 587/1563 [==========>...................] - ETA: 3s - loss: 0.9143 - accuracy: 0.6899
 604/1563 [==========>...................] - ETA: 3s - loss: 0.9161 - accuracy: 0.6894
 622/1563 [==========>...................] - ETA: 3s - loss: 0.9181 - accuracy: 0.6890
 637/1563 [===========>..................] - ETA: 3s - loss: 0.9185 - accuracy: 0.6890
 652/1563 [===========>..................] - ETA: 3s - loss: 0.9168 - accuracy: 0.6893
 670/1563 [===========>..................] - ETA: 3s - loss: 0.9174 - accuracy: 0.6892
 691/1563 [============>.................] - ETA: 3s - loss: 0.9169 - accuracy: 0.6888
 708/1563 [============>.................] - ETA: 3s - loss: 0.9178 - accuracy: 0.6886
 726/1563 [============>.................] - ETA: 2s - loss: 0.9181 - accuracy: 0.6885
 740/1563 [=============>................] - ETA: 2s - loss: 0.9205 - accuracy: 0.6883
 759/1563 [=============>................] - ETA: 2s - loss: 0.9214 - accuracy: 0.6876
 777/1563 [=============>................] - ETA: 2s - loss: 0.9239 - accuracy: 0.6867
 795/1563 [==============>...............] - ETA: 2s - loss: 0.9250 - accuracy: 0.6867
 815/1563 [==============>...............] - ETA: 2s - loss: 0.9261 - accuracy: 0.6868
 832/1563 [==============>...............] - ETA: 2s - loss: 0.9272 - accuracy: 0.6867
 851/1563 [===============>..............] - ETA: 2s - loss: 0.9283 - accuracy: 0.6864
 866/1563 [===============>..............] - ETA: 2s - loss: 0.9288 - accuracy: 0.6859
 882/1563 [===============>..............] - ETA: 2s - loss: 0.9296 - accuracy: 0.6859
 898/1563 [================>.............] - ETA: 2s - loss: 0.9284 - accuracy: 0.6865
 915/1563 [================>.............] - ETA: 2s - loss: 0.9279 - accuracy: 0.6866
 931/1563 [================>.............] - ETA: 2s - loss: 0.9300 - accuracy: 0.6859
 949/1563 [=================>............] - ETA: 2s - loss: 0.9293 - accuracy: 0.6859
 965/1563 [=================>............] - ETA: 2s - loss: 0.9307 - accuracy: 0.6853
 982/1563 [=================>............] - ETA: 2s - loss: 0.9318 - accuracy: 0.6847
1000/1563 [==================>...........] - ETA: 1s - loss: 0.9327 - accuracy: 0.6842
1015/1563 [==================>...........] - ETA: 1s - loss: 0.9334 - accuracy: 0.6841
1030/1563 [==================>...........] - ETA: 1s - loss: 0.9331 - accuracy: 0.6836
1047/1563 [===================>..........] - ETA: 1s - loss: 0.9337 - accuracy: 0.6833
1063/1563 [===================>..........] - ETA: 1s - loss: 0.9347 - accuracy: 0.6830
1082/1563 [===================>..........] - ETA: 1s - loss: 0.9331 - accuracy: 0.6833
1099/1563 [====================>.........] - ETA: 1s - loss: 0.9332 - accuracy: 0.6833
1117/1563 [====================>.........] - ETA: 1s - loss: 0.9345 - accuracy: 0.6830
1134/1563 [====================>.........] - ETA: 1s - loss: 0.9335 - accuracy: 0.6834
1152/1563 [=====================>........] - ETA: 1s - loss: 0.9336 - accuracy: 0.6836
1170/1563 [=====================>........] - ETA: 1s - loss: 0.9331 - accuracy: 0.6838
1187/1563 [=====================>........] - ETA: 1s - loss: 0.9320 - accuracy: 0.6839
1203/1563 [======================>.......] - ETA: 1s - loss: 0.9314 - accuracy: 0.6841
1220/1563 [======================>.......] - ETA: 1s - loss: 0.9318 - accuracy: 0.6843
1238/1563 [======================>.......] - ETA: 1s - loss: 0.9328 - accuracy: 0.6840
1256/1563 [=======================>......] - ETA: 1s - loss: 0.9331 - accuracy: 0.6836
1273/1563 [=======================>......] - ETA: 1s - loss: 0.9340 - accuracy: 0.6830
1290/1563 [=======================>......] - ETA: 0s - loss: 0.9348 - accuracy: 0.6826
1308/1563 [========================>.....] - ETA: 0s - loss: 0.9366 - accuracy: 0.6821
1325/1563 [========================>.....] - ETA: 0s - loss: 0.9367 - accuracy: 0.6820
1343/1563 [========================>.....] - ETA: 0s - loss: 0.9369 - accuracy: 0.6823
1359/1563 [=========================>....] - ETA: 0s - loss: 0.9380 - accuracy: 0.6821
1376/1563 [=========================>....] - ETA: 0s - loss: 0.9387 - accuracy: 0.6820
1393/1563 [=========================>....] - ETA: 0s - loss: 0.9376 - accuracy: 0.6825
1406/1563 [=========================>....] - ETA: 0s - loss: 0.9393 - accuracy: 0.6822
1423/1563 [==========================>...] - ETA: 0s - loss: 0.9407 - accuracy: 0.6817
1441/1563 [==========================>...] - ETA: 0s - loss: 0.9406 - accuracy: 0.6817
1457/1563 [==========================>...] - ETA: 0s - loss: 0.9405 - accuracy: 0.6818
1475/1563 [===========================>..] - ETA: 0s - loss: 0.9406 - accuracy: 0.6817
1491/1563 [===========================>..] - ETA: 0s - loss: 0.9417 - accuracy: 0.6812
1507/1563 [===========================>..] - ETA: 0s - loss: 0.9421 - accuracy: 0.6813
1523/1563 [============================>.] - ETA: 0s - loss: 0.9429 - accuracy: 0.6810
1540/1563 [============================>.] - ETA: 0s - loss: 0.9431 - accuracy: 0.6812
1557/1563 [============================>.] - ETA: 0s - loss: 0.9428 - accuracy: 0.6813
1563/1563 [==============================] - 6s 4ms/step - loss: 0.9427 - accuracy: 0.6813 - val_loss: 1.0494 - val_accuracy: 0.6684
Epoch 11: early stopping

  1/313 [..............................] - ETA: 9s - loss: 0.6003 - accuracy: 0.7188
 28/313 [=>............................] - ETA: 0s - loss: 1.0393 - accuracy: 0.6551
 52/313 [===>..........................] - ETA: 0s - loss: 1.0293 - accuracy: 0.6575
 77/313 [======>.......................] - ETA: 0s - loss: 1.0511 - accuracy: 0.6607
106/313 [=========>....................] - ETA: 0s - loss: 1.0767 - accuracy: 0.6613
135/313 [===========>..................] - ETA: 0s - loss: 1.0732 - accuracy: 0.6637
162/313 [==============>...............] - ETA: 0s - loss: 1.0540 - accuracy: 0.6696
191/313 [=================>............] - ETA: 0s - loss: 1.0654 - accuracy: 0.6649
221/313 [====================>.........] - ETA: 0s - loss: 1.0690 - accuracy: 0.6661
251/313 [=======================>......] - ETA: 0s - loss: 1.0553 - accuracy: 0.6696
279/313 [=========================>....] - ETA: 0s - loss: 1.0482 - accuracy: 0.6688
308/313 [============================>.] - ETA: 0s - loss: 1.0489 - accuracy: 0.6687
313/313 [==============================] - 1s 2ms/step - loss: 1.0494 - accuracy: 0.6684
