2024-07-26 03:29:24.684412: I tensorflow/core/platform/cpu_feature_guard.cc:193] This TensorFlow binary is optimized with oneAPI Deep Neural Network Library (oneDNN) to use the following CPU instructions in performance-critical operations:  AVX AVX2
To enable them in other operations, rebuild TensorFlow with the appropriate compiler flags.
2024-07-26 03:29:25.240843: I tensorflow/core/common_runtime/gpu/gpu_device.cc:1616] Created device /job:localhost/replica:0/task:0/device:GPU:0 with 6656 MB memory:  -> device: 0, name: NVIDIA GeForce RTX 4060 Ti, pci bus id: 0000:01:00.0, compute capability: 8.9
1 Physical GPUs, 1 Logical GPUs
Model: "sequential"
_________________________________________________________________
 Layer (type)                Output Shape              Param #   
=================================================================
 conv2d (Conv2D)             (None, 32, 32, 32)        896       
                                                                 
 max_pooling2d (MaxPooling2D  (None, 16, 16, 32)       0         
 )                                                               
                                                                 
 batch_normalization (BatchN  (None, 16, 16, 32)       128       
 ormalization)                                                   
                                                                 
 dropout (Dropout)           (None, 16, 16, 32)        0         
                                                                 
 flatten (Flatten)           (None, 8192)              0         
                                                                 
 dense (Dense)               (None, 10)                81930     
                                                                 
=================================================================
Total params: 82,954
Trainable params: 82,890
Non-trainable params: 64
_________________________________________________________________
Taxa de aprendizado:  0.1 Num de épocas:  86 Tamanho do lote:  16 Dropout:  0.38
Epoch 1/86
2024-07-26 03:29:26.480422: I tensorflow/stream_executor/cuda/cuda_dnn.cc:384] Loaded cuDNN version 8100
2024-07-26 03:29:27.331867: W tensorflow/stream_executor/gpu/redzone_allocator.cc:314] INTERNAL: ptxas exited with non-zero error code -1, output: 
Relying on driver to perform ptx compilation. 
Modify $PATH to customize ptxas location.
This message will be only logged once.
2024-07-26 03:29:28.048991: I tensorflow/stream_executor/cuda/cuda_blas.cc:1614] TensorFloat-32 will be used for the matrix multiplication. This will only be logged once.

   1/3125 [..............................] - ETA: 2:20:55 - loss: 2.6550 - accuracy: 0.1875
  15/3125 [..............................] - ETA: 11s - loss: 48.4359 - accuracy: 0.1375   
  39/3125 [..............................] - ETA: 8s - loss: 29.2924 - accuracy: 0.1490 
  63/3125 [..............................] - ETA: 8s - loss: 21.3759 - accuracy: 0.1736
  87/3125 [..............................] - ETA: 8s - loss: 17.4136 - accuracy: 0.1774
 111/3125 [>.............................] - ETA: 8s - loss: 14.5849 - accuracy: 0.1791
 134/3125 [>.............................] - ETA: 8s - loss: 12.6409 - accuracy: 0.1772
 157/3125 [>.............................] - ETA: 8s - loss: 11.3930 - accuracy: 0.1740
 174/3125 [>.............................] - ETA: 8s - loss: 10.6155 - accuracy: 0.1728
 198/3125 [>.............................] - ETA: 7s - loss: 9.7154 - accuracy: 0.1749 
 221/3125 [=>............................] - ETA: 7s - loss: 9.0469 - accuracy: 0.1762
 242/3125 [=>............................] - ETA: 7s - loss: 8.6284 - accuracy: 0.1743
 261/3125 [=>............................] - ETA: 7s - loss: 8.3328 - accuracy: 0.1767
 284/3125 [=>............................] - ETA: 7s - loss: 8.1021 - accuracy: 0.1791
 310/3125 [=>............................] - ETA: 7s - loss: 8.4598 - accuracy: 0.1756
 334/3125 [==>...........................] - ETA: 7s - loss: 9.8475 - accuracy: 0.1740
 357/3125 [==>...........................] - ETA: 7s - loss: 11.5832 - accuracy: 0.1726
 376/3125 [==>...........................] - ETA: 7s - loss: 13.6856 - accuracy: 0.1722
 398/3125 [==>...........................] - ETA: 7s - loss: 15.3622 - accuracy: 0.1713
 418/3125 [===>..........................] - ETA: 7s - loss: 16.2420 - accuracy: 0.1706
 443/3125 [===>..........................] - ETA: 7s - loss: 17.1436 - accuracy: 0.1683
 465/3125 [===>..........................] - ETA: 7s - loss: 17.3947 - accuracy: 0.1680
 489/3125 [===>..........................] - ETA: 6s - loss: 17.7237 - accuracy: 0.1667
 511/3125 [===>..........................] - ETA: 6s - loss: 17.6063 - accuracy: 0.1667
 532/3125 [====>.........................] - ETA: 6s - loss: 17.5067 - accuracy: 0.1660
 552/3125 [====>.........................] - ETA: 6s - loss: 17.1683 - accuracy: 0.1647
 571/3125 [====>.........................] - ETA: 6s - loss: 16.7525 - accuracy: 0.1641
 589/3125 [====>.........................] - ETA: 6s - loss: 16.3822 - accuracy: 0.1635
 609/3125 [====>.........................] - ETA: 6s - loss: 15.9875 - accuracy: 0.1629
 628/3125 [=====>........................] - ETA: 6s - loss: 15.6393 - accuracy: 0.1622
 652/3125 [=====>........................] - ETA: 6s - loss: 15.2160 - accuracy: 0.1617
 674/3125 [=====>........................] - ETA: 6s - loss: 14.8427 - accuracy: 0.1627
 699/3125 [=====>........................] - ETA: 6s - loss: 14.4374 - accuracy: 0.1624
 726/3125 [=====>........................] - ETA: 6s - loss: 14.0485 - accuracy: 0.1619
 752/3125 [======>.......................] - ETA: 6s - loss: 13.6871 - accuracy: 0.1622
 777/3125 [======>.......................] - ETA: 6s - loss: 13.3547 - accuracy: 0.1622
 803/3125 [======>.......................] - ETA: 6s - loss: 13.0361 - accuracy: 0.1617
 824/3125 [======>.......................] - ETA: 6s - loss: 12.8038 - accuracy: 0.1630
 846/3125 [=======>......................] - ETA: 6s - loss: 12.5862 - accuracy: 0.1625
 867/3125 [=======>......................] - ETA: 5s - loss: 12.3655 - accuracy: 0.1640
 891/3125 [=======>......................] - ETA: 5s - loss: 12.1388 - accuracy: 0.1640
 913/3125 [=======>......................] - ETA: 5s - loss: 11.9336 - accuracy: 0.1653
 934/3125 [=======>......................] - ETA: 5s - loss: 11.7487 - accuracy: 0.1661
 957/3125 [========>.....................] - ETA: 5s - loss: 11.5758 - accuracy: 0.1667
 981/3125 [========>.....................] - ETA: 5s - loss: 11.3997 - accuracy: 0.1663
1000/3125 [========>.....................] - ETA: 5s - loss: 11.2673 - accuracy: 0.1664
1019/3125 [========>.....................] - ETA: 5s - loss: 11.1402 - accuracy: 0.1663
1039/3125 [========>.....................] - ETA: 5s - loss: 11.0089 - accuracy: 0.1664
1062/3125 [=========>....................] - ETA: 5s - loss: 10.8835 - accuracy: 0.1668
1084/3125 [=========>....................] - ETA: 5s - loss: 10.7542 - accuracy: 0.1674
1105/3125 [=========>....................] - ETA: 5s - loss: 10.6337 - accuracy: 0.1677
1123/3125 [=========>....................] - ETA: 5s - loss: 10.5450 - accuracy: 0.1679
1144/3125 [=========>....................] - ETA: 5s - loss: 10.4498 - accuracy: 0.1676
1162/3125 [==========>...................] - ETA: 5s - loss: 10.3755 - accuracy: 0.1680
1180/3125 [==========>...................] - ETA: 5s - loss: 10.3049 - accuracy: 0.1683
1198/3125 [==========>...................] - ETA: 5s - loss: 10.2655 - accuracy: 0.1680
1217/3125 [==========>...................] - ETA: 5s - loss: 10.2269 - accuracy: 0.1672
1241/3125 [==========>...................] - ETA: 5s - loss: 10.1942 - accuracy: 0.1668
1261/3125 [===========>..................] - ETA: 4s - loss: 10.1738 - accuracy: 0.1669
1282/3125 [===========>..................] - ETA: 4s - loss: 10.2417 - accuracy: 0.1666
1303/3125 [===========>..................] - ETA: 4s - loss: 10.5211 - accuracy: 0.1663
1323/3125 [===========>..................] - ETA: 4s - loss: 11.4867 - accuracy: 0.1658
1343/3125 [===========>..................] - ETA: 4s - loss: 12.3280 - accuracy: 0.1654
1362/3125 [============>.................] - ETA: 4s - loss: 13.4250 - accuracy: 0.1651
1384/3125 [============>.................] - ETA: 4s - loss: 14.5861 - accuracy: 0.1646
1403/3125 [============>.................] - ETA: 4s - loss: 15.3752 - accuracy: 0.1641
1417/3125 [============>.................] - ETA: 4s - loss: 15.7437 - accuracy: 0.1644
1435/3125 [============>.................] - ETA: 4s - loss: 15.9916 - accuracy: 0.1642
1455/3125 [============>.................] - ETA: 4s - loss: 16.0955 - accuracy: 0.1643
1479/3125 [=============>................] - ETA: 4s - loss: 16.0570 - accuracy: 0.1647
1502/3125 [=============>................] - ETA: 4s - loss: 15.9723 - accuracy: 0.1645
1526/3125 [=============>................] - ETA: 4s - loss: 15.8757 - accuracy: 0.1648
1549/3125 [=============>................] - ETA: 4s - loss: 15.7747 - accuracy: 0.1651
1572/3125 [==============>...............] - ETA: 4s - loss: 15.6803 - accuracy: 0.1648
1597/3125 [==============>...............] - ETA: 4s - loss: 15.5718 - accuracy: 0.1649
1622/3125 [==============>...............] - ETA: 4s - loss: 15.4320 - accuracy: 0.1644
1646/3125 [==============>...............] - ETA: 3s - loss: 15.2875 - accuracy: 0.1648
1664/3125 [==============>...............] - ETA: 3s - loss: 15.1807 - accuracy: 0.1653
1682/3125 [===============>..............] - ETA: 3s - loss: 15.0724 - accuracy: 0.1654
1701/3125 [===============>..............] - ETA: 3s - loss: 14.9487 - accuracy: 0.1655
1719/3125 [===============>..............] - ETA: 3s - loss: 14.8428 - accuracy: 0.1652
1737/3125 [===============>..............] - ETA: 3s - loss: 14.7454 - accuracy: 0.1654
1760/3125 [===============>..............] - ETA: 3s - loss: 14.6293 - accuracy: 0.1654
1785/3125 [================>.............] - ETA: 3s - loss: 14.5060 - accuracy: 0.1657
1805/3125 [================>.............] - ETA: 3s - loss: 14.4070 - accuracy: 0.1654
1826/3125 [================>.............] - ETA: 3s - loss: 14.2993 - accuracy: 0.1656
1846/3125 [================>.............] - ETA: 3s - loss: 14.2140 - accuracy: 0.1654
1869/3125 [================>.............] - ETA: 3s - loss: 14.1102 - accuracy: 0.1657
1893/3125 [=================>............] - ETA: 3s - loss: 13.9911 - accuracy: 0.1663
1916/3125 [=================>............] - ETA: 3s - loss: 13.8742 - accuracy: 0.1667
1937/3125 [=================>............] - ETA: 3s - loss: 13.7877 - accuracy: 0.1668
1954/3125 [=================>............] - ETA: 3s - loss: 13.7171 - accuracy: 0.1667
1975/3125 [=================>............] - ETA: 3s - loss: 13.6227 - accuracy: 0.1663
1998/3125 [==================>...........] - ETA: 3s - loss: 13.5291 - accuracy: 0.1663
2020/3125 [==================>...........] - ETA: 2s - loss: 13.4340 - accuracy: 0.1665
2041/3125 [==================>...........] - ETA: 2s - loss: 13.3602 - accuracy: 0.1662
2061/3125 [==================>...........] - ETA: 2s - loss: 13.3011 - accuracy: 0.1661
2080/3125 [==================>...........] - ETA: 2s - loss: 13.2685 - accuracy: 0.1658
2101/3125 [===================>..........] - ETA: 2s - loss: 13.2316 - accuracy: 0.1655
2121/3125 [===================>..........] - ETA: 2s - loss: 13.1962 - accuracy: 0.1657
2143/3125 [===================>..........] - ETA: 2s - loss: 13.2006 - accuracy: 0.1654
2168/3125 [===================>..........] - ETA: 2s - loss: 13.2415 - accuracy: 0.1656
2195/3125 [====================>.........] - ETA: 2s - loss: 13.2529 - accuracy: 0.1655
2222/3125 [====================>.........] - ETA: 2s - loss: 13.2408 - accuracy: 0.1653
2248/3125 [====================>.........] - ETA: 2s - loss: 13.2520 - accuracy: 0.1650
2270/3125 [====================>.........] - ETA: 2s - loss: 13.2992 - accuracy: 0.1649
2290/3125 [====================>.........] - ETA: 2s - loss: 13.3625 - accuracy: 0.1651
2315/3125 [=====================>........] - ETA: 2s - loss: 13.8690 - accuracy: 0.1647
2339/3125 [=====================>........] - ETA: 2s - loss: 14.6219 - accuracy: 0.1648
2363/3125 [=====================>........] - ETA: 2s - loss: 15.2544 - accuracy: 0.1647
2388/3125 [=====================>........] - ETA: 1s - loss: 15.5363 - accuracy: 0.1650
2407/3125 [======================>.......] - ETA: 1s - loss: 15.7280 - accuracy: 0.1650
2427/3125 [======================>.......] - ETA: 1s - loss: 15.8202 - accuracy: 0.1651
2449/3125 [======================>.......] - ETA: 1s - loss: 15.8591 - accuracy: 0.1651
2468/3125 [======================>.......] - ETA: 1s - loss: 15.8327 - accuracy: 0.1653
2487/3125 [======================>.......] - ETA: 1s - loss: 15.7902 - accuracy: 0.1650
2507/3125 [=======================>......] - ETA: 1s - loss: 15.7439 - accuracy: 0.1652
2529/3125 [=======================>......] - ETA: 1s - loss: 15.6852 - accuracy: 0.1651
2551/3125 [=======================>......] - ETA: 1s - loss: 15.6150 - accuracy: 0.1651
2570/3125 [=======================>......] - ETA: 1s - loss: 15.5404 - accuracy: 0.1652
2586/3125 [=======================>......] - ETA: 1s - loss: 15.4722 - accuracy: 0.1652
2603/3125 [=======================>......] - ETA: 1s - loss: 15.4066 - accuracy: 0.1654
2623/3125 [========================>.....] - ETA: 1s - loss: 15.3326 - accuracy: 0.1656
2642/3125 [========================>.....] - ETA: 1s - loss: 15.2607 - accuracy: 0.1657
2664/3125 [========================>.....] - ETA: 1s - loss: 15.1794 - accuracy: 0.1659
2683/3125 [========================>.....] - ETA: 1s - loss: 15.1093 - accuracy: 0.1660
2701/3125 [========================>.....] - ETA: 1s - loss: 15.0608 - accuracy: 0.1662
2719/3125 [=========================>....] - ETA: 1s - loss: 15.0073 - accuracy: 0.1661
2739/3125 [=========================>....] - ETA: 1s - loss: 14.9456 - accuracy: 0.1660
2760/3125 [=========================>....] - ETA: 0s - loss: 14.8822 - accuracy: 0.1661
2782/3125 [=========================>....] - ETA: 0s - loss: 14.8263 - accuracy: 0.1662
2803/3125 [=========================>....] - ETA: 0s - loss: 14.7764 - accuracy: 0.1665
2822/3125 [==========================>...] - ETA: 0s - loss: 14.7197 - accuracy: 0.1667
2846/3125 [==========================>...] - ETA: 0s - loss: 14.6518 - accuracy: 0.1667
2869/3125 [==========================>...] - ETA: 0s - loss: 14.5992 - accuracy: 0.1667
2894/3125 [==========================>...] - ETA: 0s - loss: 14.5438 - accuracy: 0.1669
2919/3125 [===========================>..] - ETA: 0s - loss: 14.4734 - accuracy: 0.1671
2945/3125 [===========================>..] - ETA: 0s - loss: 14.3959 - accuracy: 0.1675
2970/3125 [===========================>..] - ETA: 0s - loss: 14.3420 - accuracy: 0.1676
2991/3125 [===========================>..] - ETA: 0s - loss: 14.2856 - accuracy: 0.1677
3009/3125 [===========================>..] - ETA: 0s - loss: 14.2460 - accuracy: 0.1679
3034/3125 [============================>.] - ETA: 0s - loss: 14.1830 - accuracy: 0.1682
3056/3125 [============================>.] - ETA: 0s - loss: 14.1402 - accuracy: 0.1679
3081/3125 [============================>.] - ETA: 0s - loss: 14.0946 - accuracy: 0.1679
3104/3125 [============================>.] - ETA: 0s - loss: 14.0486 - accuracy: 0.1680
3122/3125 [============================>.] - ETA: 0s - loss: 14.0144 - accuracy: 0.1681
3125/3125 [==============================] - 12s 3ms/step - loss: 14.0124 - accuracy: 0.1681 - val_loss: 8.1190 - val_accuracy: 0.2550
Epoch 2/86

   1/3125 [..............................] - ETA: 33s - loss: 10.6779 - accuracy: 0.1250
  20/3125 [..............................] - ETA: 8s - loss: 9.0340 - accuracy: 0.1781  
  44/3125 [..............................] - ETA: 8s - loss: 9.0270 - accuracy: 0.1875
  64/3125 [..............................] - ETA: 8s - loss: 9.3332 - accuracy: 0.1797
  86/3125 [..............................] - ETA: 8s - loss: 9.4605 - accuracy: 0.1853
 108/3125 [>.............................] - ETA: 8s - loss: 9.2066 - accuracy: 0.1788
 130/3125 [>.............................] - ETA: 8s - loss: 9.0658 - accuracy: 0.1788
 151/3125 [>.............................] - ETA: 8s - loss: 9.0319 - accuracy: 0.1796
 174/3125 [>.............................] - ETA: 8s - loss: 9.1778 - accuracy: 0.1767
 198/3125 [>.............................] - ETA: 7s - loss: 8.9271 - accuracy: 0.1777
 221/3125 [=>............................] - ETA: 7s - loss: 8.7520 - accuracy: 0.1790
 247/3125 [=>............................] - ETA: 7s - loss: 8.7469 - accuracy: 0.1804
 273/3125 [=>............................] - ETA: 7s - loss: 8.7361 - accuracy: 0.1854
 300/3125 [=>............................] - ETA: 7s - loss: 8.9481 - accuracy: 0.1804
 324/3125 [==>...........................] - ETA: 7s - loss: 9.1381 - accuracy: 0.1798
 348/3125 [==>...........................] - ETA: 7s - loss: 9.3880 - accuracy: 0.1807
 370/3125 [==>...........................] - ETA: 7s - loss: 9.3824 - accuracy: 0.1791
 390/3125 [==>...........................] - ETA: 7s - loss: 9.5037 - accuracy: 0.1771
 407/3125 [==>...........................] - ETA: 7s - loss: 9.6488 - accuracy: 0.1783
 425/3125 [===>..........................] - ETA: 7s - loss: 9.8681 - accuracy: 0.1782
 443/3125 [===>..........................] - ETA: 7s - loss: 10.2799 - accuracy: 0.1792
 464/3125 [===>..........................] - ETA: 7s - loss: 10.7282 - accuracy: 0.1794
 486/3125 [===>..........................] - ETA: 7s - loss: 11.0733 - accuracy: 0.1791
 511/3125 [===>..........................] - ETA: 7s - loss: 11.5333 - accuracy: 0.1781
 531/3125 [====>.........................] - ETA: 6s - loss: 12.1983 - accuracy: 0.1784
 551/3125 [====>.........................] - ETA: 6s - loss: 12.7657 - accuracy: 0.1787
 569/3125 [====>.........................] - ETA: 6s - loss: 13.3949 - accuracy: 0.1781
 587/3125 [====>.........................] - ETA: 6s - loss: 13.9401 - accuracy: 0.1783
 605/3125 [====>.........................] - ETA: 6s - loss: 14.4858 - accuracy: 0.1778
 629/3125 [=====>........................] - ETA: 6s - loss: 14.6348 - accuracy: 0.1778
 649/3125 [=====>........................] - ETA: 6s - loss: 15.2706 - accuracy: 0.1774
 670/3125 [=====>........................] - ETA: 6s - loss: 15.9865 - accuracy: 0.1778
 687/3125 [=====>........................] - ETA: 6s - loss: 17.0555 - accuracy: 0.1772
 709/3125 [=====>........................] - ETA: 6s - loss: 18.5886 - accuracy: 0.1768
 732/3125 [======>.......................] - ETA: 6s - loss: 20.5162 - accuracy: 0.1761
 754/3125 [======>.......................] - ETA: 6s - loss: 21.3785 - accuracy: 0.1757
 771/3125 [======>.......................] - ETA: 6s - loss: 22.4100 - accuracy: 0.1749
 789/3125 [======>.......................] - ETA: 6s - loss: 22.9211 - accuracy: 0.1749
 809/3125 [======>.......................] - ETA: 6s - loss: 23.6364 - accuracy: 0.1744
 833/3125 [======>.......................] - ETA: 6s - loss: 23.6575 - accuracy: 0.1741
 856/3125 [=======>......................] - ETA: 6s - loss: 23.7229 - accuracy: 0.1731
 879/3125 [=======>......................] - ETA: 6s - loss: 23.5696 - accuracy: 0.1724
 904/3125 [=======>......................] - ETA: 6s - loss: 23.2852 - accuracy: 0.1715
 925/3125 [=======>......................] - ETA: 5s - loss: 22.9687 - accuracy: 0.1709
 946/3125 [========>.....................] - ETA: 5s - loss: 22.6497 - accuracy: 0.1699
 964/3125 [========>.....................] - ETA: 5s - loss: 22.3516 - accuracy: 0.1706
 989/3125 [========>.....................] - ETA: 5s - loss: 21.9853 - accuracy: 0.1702
1015/3125 [========>.....................] - ETA: 5s - loss: 21.5994 - accuracy: 0.1700
1041/3125 [========>.....................] - ETA: 5s - loss: 21.2185 - accuracy: 0.1691
1065/3125 [=========>....................] - ETA: 5s - loss: 20.9069 - accuracy: 0.1693
1092/3125 [=========>....................] - ETA: 5s - loss: 20.5686 - accuracy: 0.1686
1116/3125 [=========>....................] - ETA: 5s - loss: 20.2607 - accuracy: 0.1675
1139/3125 [=========>....................] - ETA: 5s - loss: 19.9771 - accuracy: 0.1669
1164/3125 [==========>...................] - ETA: 5s - loss: 19.6980 - accuracy: 0.1666
1187/3125 [==========>...................] - ETA: 5s - loss: 19.4375 - accuracy: 0.1660
1209/3125 [==========>...................] - ETA: 5s - loss: 19.2113 - accuracy: 0.1654
1230/3125 [==========>...................] - ETA: 5s - loss: 18.9999 - accuracy: 0.1650
1249/3125 [==========>...................] - ETA: 5s - loss: 18.8068 - accuracy: 0.1648
1273/3125 [===========>..................] - ETA: 4s - loss: 18.5457 - accuracy: 0.1646
1295/3125 [===========>..................] - ETA: 4s - loss: 18.3447 - accuracy: 0.1642
1317/3125 [===========>..................] - ETA: 4s - loss: 18.1513 - accuracy: 0.1638
1338/3125 [===========>..................] - ETA: 4s - loss: 17.9747 - accuracy: 0.1638
1362/3125 [============>.................] - ETA: 4s - loss: 17.8016 - accuracy: 0.1636
1383/3125 [============>.................] - ETA: 4s - loss: 17.6459 - accuracy: 0.1639
1407/3125 [============>.................] - ETA: 4s - loss: 17.4797 - accuracy: 0.1639
1429/3125 [============>.................] - ETA: 4s - loss: 17.3323 - accuracy: 0.1636
1452/3125 [============>.................] - ETA: 4s - loss: 17.2055 - accuracy: 0.1633
1474/3125 [=============>................] - ETA: 4s - loss: 17.0830 - accuracy: 0.1637
1496/3125 [=============>................] - ETA: 4s - loss: 16.9519 - accuracy: 0.1635
1517/3125 [=============>................] - ETA: 4s - loss: 16.8414 - accuracy: 0.1638
1534/3125 [=============>................] - ETA: 4s - loss: 16.7575 - accuracy: 0.1635
1556/3125 [=============>................] - ETA: 4s - loss: 16.6509 - accuracy: 0.1638
1579/3125 [==============>...............] - ETA: 4s - loss: 16.5405 - accuracy: 0.1633
1601/3125 [==============>...............] - ETA: 4s - loss: 16.4551 - accuracy: 0.1631
1627/3125 [==============>...............] - ETA: 4s - loss: 16.3981 - accuracy: 0.1628
1655/3125 [==============>...............] - ETA: 3s - loss: 16.3581 - accuracy: 0.1628
1682/3125 [===============>..............] - ETA: 3s - loss: 16.2813 - accuracy: 0.1628
1709/3125 [===============>..............] - ETA: 3s - loss: 16.2079 - accuracy: 0.1626
1736/3125 [===============>..............] - ETA: 3s - loss: 16.1473 - accuracy: 0.1624
1762/3125 [===============>..............] - ETA: 3s - loss: 16.0857 - accuracy: 0.1622
1789/3125 [================>.............] - ETA: 3s - loss: 16.0116 - accuracy: 0.1623
1815/3125 [================>.............] - ETA: 3s - loss: 15.9218 - accuracy: 0.1623
1840/3125 [================>.............] - ETA: 3s - loss: 15.8436 - accuracy: 0.1624
1865/3125 [================>.............] - ETA: 3s - loss: 15.7478 - accuracy: 0.1620
1887/3125 [=================>............] - ETA: 3s - loss: 15.6750 - accuracy: 0.1621
1910/3125 [=================>............] - ETA: 3s - loss: 15.6116 - accuracy: 0.1617
1933/3125 [=================>............] - ETA: 3s - loss: 15.5504 - accuracy: 0.1614
1956/3125 [=================>............] - ETA: 3s - loss: 15.4974 - accuracy: 0.1612
1979/3125 [=================>............] - ETA: 3s - loss: 15.4757 - accuracy: 0.1609
2002/3125 [==================>...........] - ETA: 3s - loss: 15.4023 - accuracy: 0.1607
2025/3125 [==================>...........] - ETA: 2s - loss: 15.3083 - accuracy: 0.1608
2046/3125 [==================>...........] - ETA: 2s - loss: 15.2191 - accuracy: 0.1608
2070/3125 [==================>...........] - ETA: 2s - loss: 15.1179 - accuracy: 0.1605
2092/3125 [===================>..........] - ETA: 2s - loss: 15.0295 - accuracy: 0.1605
2114/3125 [===================>..........] - ETA: 2s - loss: 14.9526 - accuracy: 0.1607
2137/3125 [===================>..........] - ETA: 2s - loss: 14.8951 - accuracy: 0.1607
2157/3125 [===================>..........] - ETA: 2s - loss: 14.8629 - accuracy: 0.1608
2174/3125 [===================>..........] - ETA: 2s - loss: 14.8688 - accuracy: 0.1609
2196/3125 [====================>.........] - ETA: 2s - loss: 14.8770 - accuracy: 0.1605
2220/3125 [====================>.........] - ETA: 2s - loss: 14.8997 - accuracy: 0.1603
2243/3125 [====================>.........] - ETA: 2s - loss: 14.9308 - accuracy: 0.1602
2267/3125 [====================>.........] - ETA: 2s - loss: 15.1566 - accuracy: 0.1598
2292/3125 [=====================>........] - ETA: 2s - loss: 15.3117 - accuracy: 0.1596
2316/3125 [=====================>........] - ETA: 2s - loss: 15.5310 - accuracy: 0.1595
2340/3125 [=====================>........] - ETA: 2s - loss: 15.7503 - accuracy: 0.1596
2366/3125 [=====================>........] - ETA: 2s - loss: 15.9938 - accuracy: 0.1595
2395/3125 [=====================>........] - ETA: 1s - loss: 16.4845 - accuracy: 0.1596
2423/3125 [======================>.......] - ETA: 1s - loss: 16.9505 - accuracy: 0.1593
2445/3125 [======================>.......] - ETA: 1s - loss: 17.1287 - accuracy: 0.1593
2471/3125 [======================>.......] - ETA: 1s - loss: 17.4291 - accuracy: 0.1594
2492/3125 [======================>.......] - ETA: 1s - loss: 17.6138 - accuracy: 0.1591
2518/3125 [=======================>......] - ETA: 1s - loss: 17.7219 - accuracy: 0.1592
2541/3125 [=======================>......] - ETA: 1s - loss: 17.7223 - accuracy: 0.1590
2564/3125 [=======================>......] - ETA: 1s - loss: 17.6706 - accuracy: 0.1589
2589/3125 [=======================>......] - ETA: 1s - loss: 17.5794 - accuracy: 0.1587
2612/3125 [========================>.....] - ETA: 1s - loss: 17.5263 - accuracy: 0.1588
2634/3125 [========================>.....] - ETA: 1s - loss: 17.4498 - accuracy: 0.1588
2657/3125 [========================>.....] - ETA: 1s - loss: 17.3864 - accuracy: 0.1591
2681/3125 [========================>.....] - ETA: 1s - loss: 17.3072 - accuracy: 0.1588
2705/3125 [========================>.....] - ETA: 1s - loss: 17.2302 - accuracy: 0.1589
2727/3125 [=========================>....] - ETA: 1s - loss: 17.1626 - accuracy: 0.1589
2749/3125 [=========================>....] - ETA: 0s - loss: 17.0913 - accuracy: 0.1585
2772/3125 [=========================>....] - ETA: 0s - loss: 17.0200 - accuracy: 0.1585
2796/3125 [=========================>....] - ETA: 0s - loss: 16.9285 - accuracy: 0.1587
2813/3125 [==========================>...] - ETA: 0s - loss: 16.8615 - accuracy: 0.1587
2834/3125 [==========================>...] - ETA: 0s - loss: 16.7868 - accuracy: 0.1585
2859/3125 [==========================>...] - ETA: 0s - loss: 16.7251 - accuracy: 0.1583
2882/3125 [==========================>...] - ETA: 0s - loss: 16.6550 - accuracy: 0.1583
2903/3125 [==========================>...] - ETA: 0s - loss: 16.5932 - accuracy: 0.1585
2922/3125 [===========================>..] - ETA: 0s - loss: 16.5391 - accuracy: 0.1588
2938/3125 [===========================>..] - ETA: 0s - loss: 16.4890 - accuracy: 0.1584
2953/3125 [===========================>..] - ETA: 0s - loss: 16.4411 - accuracy: 0.1584
2970/3125 [===========================>..] - ETA: 0s - loss: 16.3811 - accuracy: 0.1585
2990/3125 [===========================>..] - ETA: 0s - loss: 16.3268 - accuracy: 0.1587
3011/3125 [===========================>..] - ETA: 0s - loss: 16.2672 - accuracy: 0.1587
3033/3125 [============================>.] - ETA: 0s - loss: 16.2144 - accuracy: 0.1588
3053/3125 [============================>.] - ETA: 0s - loss: 16.1742 - accuracy: 0.1588
3074/3125 [============================>.] - ETA: 0s - loss: 16.1116 - accuracy: 0.1590
3097/3125 [============================>.] - ETA: 0s - loss: 16.0555 - accuracy: 0.1591
3120/3125 [============================>.] - ETA: 0s - loss: 15.9963 - accuracy: 0.1593
3125/3125 [==============================] - 9s 3ms/step - loss: 15.9856 - accuracy: 0.1593 - val_loss: 5.1553 - val_accuracy: 0.2006
Epoch 3/86

   1/3125 [..............................] - ETA: 48s - loss: 6.6700 - accuracy: 0.2500
  23/3125 [..............................] - ETA: 8s - loss: 8.2671 - accuracy: 0.1658 
  45/3125 [..............................] - ETA: 8s - loss: 8.4928 - accuracy: 0.1667
  68/3125 [..............................] - ETA: 8s - loss: 8.6530 - accuracy: 0.1517
  90/3125 [..............................] - ETA: 8s - loss: 8.5819 - accuracy: 0.1535
 111/3125 [>.............................] - ETA: 8s - loss: 8.7578 - accuracy: 0.1554
 133/3125 [>.............................] - ETA: 8s - loss: 8.8791 - accuracy: 0.1537
 157/3125 [>.............................] - ETA: 8s - loss: 9.5625 - accuracy: 0.1541
 180/3125 [>.............................] - ETA: 8s - loss: 10.3606 - accuracy: 0.1542
 197/3125 [>.............................] - ETA: 8s - loss: 10.6365 - accuracy: 0.1561
 218/3125 [=>............................] - ETA: 8s - loss: 11.7309 - accuracy: 0.1594
 242/3125 [=>............................] - ETA: 8s - loss: 12.2366 - accuracy: 0.1586
 264/3125 [=>............................] - ETA: 7s - loss: 12.7741 - accuracy: 0.1591
 286/3125 [=>............................] - ETA: 7s - loss: 13.0949 - accuracy: 0.1584
 308/3125 [=>............................] - ETA: 7s - loss: 13.2318 - accuracy: 0.1573
 327/3125 [==>...........................] - ETA: 7s - loss: 13.3372 - accuracy: 0.1581
 345/3125 [==>...........................] - ETA: 7s - loss: 13.1743 - accuracy: 0.1585
 364/3125 [==>...........................] - ETA: 7s - loss: 13.0232 - accuracy: 0.1585
 388/3125 [==>...........................] - ETA: 7s - loss: 12.8581 - accuracy: 0.1562
 410/3125 [==>...........................] - ETA: 7s - loss: 12.9651 - accuracy: 0.1550
 435/3125 [===>..........................] - ETA: 7s - loss: 13.2246 - accuracy: 0.1546
 458/3125 [===>..........................] - ETA: 7s - loss: 13.5363 - accuracy: 0.1553
 480/3125 [===>..........................] - ETA: 7s - loss: 13.9839 - accuracy: 0.1546
 505/3125 [===>..........................] - ETA: 7s - loss: 14.2532 - accuracy: 0.1551
 531/3125 [====>.........................] - ETA: 7s - loss: 14.1943 - accuracy: 0.1541
 556/3125 [====>.........................] - ETA: 7s - loss: 14.2209 - accuracy: 0.1532
 582/3125 [====>.........................] - ETA: 6s - loss: 14.2949 - accuracy: 0.1534
 611/3125 [====>.........................] - ETA: 6s - loss: 14.6605 - accuracy: 0.1523
 637/3125 [=====>........................] - ETA: 6s - loss: 15.0644 - accuracy: 0.1522
 664/3125 [=====>........................] - ETA: 6s - loss: 15.7994 - accuracy: 0.1516
 692/3125 [=====>........................] - ETA: 6s - loss: 16.4841 - accuracy: 0.1519
 716/3125 [=====>........................] - ETA: 6s - loss: 16.7155 - accuracy: 0.1518
 735/3125 [======>.......................] - ETA: 6s - loss: 16.6953 - accuracy: 0.1508
 754/3125 [======>.......................] - ETA: 6s - loss: 16.8300 - accuracy: 0.1507
 777/3125 [======>.......................] - ETA: 6s - loss: 16.9042 - accuracy: 0.1503
 799/3125 [======>.......................] - ETA: 6s - loss: 16.8136 - accuracy: 0.1492
 821/3125 [======>.......................] - ETA: 6s - loss: 16.8296 - accuracy: 0.1500
 843/3125 [=======>......................] - ETA: 6s - loss: 16.7279 - accuracy: 0.1504
 859/3125 [=======>......................] - ETA: 6s - loss: 16.6287 - accuracy: 0.1502
 877/3125 [=======>......................] - ETA: 6s - loss: 16.4985 - accuracy: 0.1507
 899/3125 [=======>......................] - ETA: 6s - loss: 16.3360 - accuracy: 0.1513
 921/3125 [=======>......................] - ETA: 6s - loss: 16.1538 - accuracy: 0.1521
 945/3125 [========>.....................] - ETA: 5s - loss: 15.9761 - accuracy: 0.1522
 968/3125 [========>.....................] - ETA: 5s - loss: 15.7650 - accuracy: 0.1532
 989/3125 [========>.....................] - ETA: 5s - loss: 15.6308 - accuracy: 0.1530
1013/3125 [========>.....................] - ETA: 5s - loss: 15.5586 - accuracy: 0.1531
1035/3125 [========>.....................] - ETA: 5s - loss: 15.5094 - accuracy: 0.1525
1055/3125 [=========>....................] - ETA: 5s - loss: 15.4211 - accuracy: 0.1529
1071/3125 [=========>....................] - ETA: 5s - loss: 15.3227 - accuracy: 0.1532
1091/3125 [=========>....................] - ETA: 5s - loss: 15.1825 - accuracy: 0.1540
1112/3125 [=========>....................] - ETA: 5s - loss: 15.1451 - accuracy: 0.1537
1135/3125 [=========>....................] - ETA: 5s - loss: 15.1473 - accuracy: 0.1539
1157/3125 [==========>...................] - ETA: 5s - loss: 15.2360 - accuracy: 0.1539
1179/3125 [==========>...................] - ETA: 5s - loss: 15.3032 - accuracy: 0.1536
1203/3125 [==========>...................] - ETA: 5s - loss: 15.3697 - accuracy: 0.1542
1228/3125 [==========>...................] - ETA: 5s - loss: 15.4593 - accuracy: 0.1536
1254/3125 [===========>..................] - ETA: 5s - loss: 15.5362 - accuracy: 0.1539
1279/3125 [===========>..................] - ETA: 5s - loss: 15.5067 - accuracy: 0.1530
1303/3125 [===========>..................] - ETA: 4s - loss: 15.4395 - accuracy: 0.1532
1329/3125 [===========>..................] - ETA: 4s - loss: 15.3928 - accuracy: 0.1529
1355/3125 [============>.................] - ETA: 4s - loss: 15.4850 - accuracy: 0.1525
1373/3125 [============>.................] - ETA: 4s - loss: 15.7248 - accuracy: 0.1523
1400/3125 [============>.................] - ETA: 4s - loss: 15.9112 - accuracy: 0.1523
1426/3125 [============>.................] - ETA: 4s - loss: 15.9416 - accuracy: 0.1527
1448/3125 [============>.................] - ETA: 4s - loss: 16.0001 - accuracy: 0.1525
1471/3125 [=============>................] - ETA: 4s - loss: 16.0591 - accuracy: 0.1521
1492/3125 [=============>................] - ETA: 4s - loss: 16.1274 - accuracy: 0.1521
1516/3125 [=============>................] - ETA: 4s - loss: 16.2243 - accuracy: 0.1526
1538/3125 [=============>................] - ETA: 4s - loss: 16.1682 - accuracy: 0.1523
1561/3125 [=============>................] - ETA: 4s - loss: 16.1271 - accuracy: 0.1526
1583/3125 [==============>...............] - ETA: 4s - loss: 16.0154 - accuracy: 0.1526
1606/3125 [==============>...............] - ETA: 4s - loss: 15.8833 - accuracy: 0.1529
1630/3125 [==============>...............] - ETA: 4s - loss: 15.7680 - accuracy: 0.1533
1650/3125 [==============>...............] - ETA: 4s - loss: 15.6776 - accuracy: 0.1533
1674/3125 [===============>..............] - ETA: 3s - loss: 15.6180 - accuracy: 0.1536
1697/3125 [===============>..............] - ETA: 3s - loss: 15.5356 - accuracy: 0.1531
1720/3125 [===============>..............] - ETA: 3s - loss: 15.4853 - accuracy: 0.1537
1744/3125 [===============>..............] - ETA: 3s - loss: 15.4527 - accuracy: 0.1536
1766/3125 [===============>..............] - ETA: 3s - loss: 15.4488 - accuracy: 0.1532
1784/3125 [================>.............] - ETA: 3s - loss: 15.4706 - accuracy: 0.1533
1805/3125 [================>.............] - ETA: 3s - loss: 15.4707 - accuracy: 0.1529
1826/3125 [================>.............] - ETA: 3s - loss: 15.4943 - accuracy: 0.1534
1848/3125 [================>.............] - ETA: 3s - loss: 15.5249 - accuracy: 0.1535
1873/3125 [================>.............] - ETA: 3s - loss: 15.5136 - accuracy: 0.1536
1895/3125 [=================>............] - ETA: 3s - loss: 15.5015 - accuracy: 0.1535
1917/3125 [=================>............] - ETA: 3s - loss: 15.4892 - accuracy: 0.1538
1940/3125 [=================>............] - ETA: 3s - loss: 15.5362 - accuracy: 0.1537
1961/3125 [=================>............] - ETA: 3s - loss: 15.6904 - accuracy: 0.1538
1982/3125 [==================>...........] - ETA: 3s - loss: 15.8714 - accuracy: 0.1537
2009/3125 [==================>...........] - ETA: 3s - loss: 15.9901 - accuracy: 0.1540
2034/3125 [==================>...........] - ETA: 2s - loss: 16.1771 - accuracy: 0.1535
2057/3125 [==================>...........] - ETA: 2s - loss: 16.3442 - accuracy: 0.1537
2082/3125 [==================>...........] - ETA: 2s - loss: 16.5899 - accuracy: 0.1535
2107/3125 [===================>..........] - ETA: 2s - loss: 16.7157 - accuracy: 0.1536
2130/3125 [===================>..........] - ETA: 2s - loss: 16.7202 - accuracy: 0.1536
2152/3125 [===================>..........] - ETA: 2s - loss: 16.6991 - accuracy: 0.1538
2178/3125 [===================>..........] - ETA: 2s - loss: 16.7099 - accuracy: 0.1539
2198/3125 [====================>.........] - ETA: 2s - loss: 16.6735 - accuracy: 0.1542
2221/3125 [====================>.........] - ETA: 2s - loss: 16.6153 - accuracy: 0.1548
2239/3125 [====================>.........] - ETA: 2s - loss: 16.5590 - accuracy: 0.1549
2261/3125 [====================>.........] - ETA: 2s - loss: 16.4844 - accuracy: 0.1547
2285/3125 [====================>.........] - ETA: 2s - loss: 16.4004 - accuracy: 0.1550
2307/3125 [=====================>........] - ETA: 2s - loss: 16.3561 - accuracy: 0.1549
2329/3125 [=====================>........] - ETA: 2s - loss: 16.2927 - accuracy: 0.1556
2349/3125 [=====================>........] - ETA: 2s - loss: 16.2454 - accuracy: 0.1559
2372/3125 [=====================>........] - ETA: 2s - loss: 16.1996 - accuracy: 0.1559
2395/3125 [=====================>........] - ETA: 1s - loss: 16.1278 - accuracy: 0.1562
2420/3125 [======================>.......] - ETA: 1s - loss: 16.0660 - accuracy: 0.1564
2443/3125 [======================>.......] - ETA: 1s - loss: 16.0029 - accuracy: 0.1566
2467/3125 [======================>.......] - ETA: 1s - loss: 15.9331 - accuracy: 0.1567
2490/3125 [======================>.......] - ETA: 1s - loss: 15.8692 - accuracy: 0.1569
2513/3125 [=======================>......] - ETA: 1s - loss: 15.8183 - accuracy: 0.1568
2536/3125 [=======================>......] - ETA: 1s - loss: 15.7945 - accuracy: 0.1564
2558/3125 [=======================>......] - ETA: 1s - loss: 15.8194 - accuracy: 0.1563
2583/3125 [=======================>......] - ETA: 1s - loss: 15.7878 - accuracy: 0.1564
2601/3125 [=======================>......] - ETA: 1s - loss: 15.7771 - accuracy: 0.1563
2621/3125 [========================>.....] - ETA: 1s - loss: 15.7537 - accuracy: 0.1561
2641/3125 [========================>.....] - ETA: 1s - loss: 15.7473 - accuracy: 0.1561
2663/3125 [========================>.....] - ETA: 1s - loss: 15.7795 - accuracy: 0.1563
2687/3125 [========================>.....] - ETA: 1s - loss: 15.8072 - accuracy: 0.1565
2713/3125 [=========================>....] - ETA: 1s - loss: 15.8193 - accuracy: 0.1562
2740/3125 [=========================>....] - ETA: 1s - loss: 15.7993 - accuracy: 0.1562
2767/3125 [=========================>....] - ETA: 0s - loss: 15.7972 - accuracy: 0.1558
2792/3125 [=========================>....] - ETA: 0s - loss: 15.7813 - accuracy: 0.1559
2821/3125 [==========================>...] - ETA: 0s - loss: 15.7286 - accuracy: 0.1562
2849/3125 [==========================>...] - ETA: 0s - loss: 15.6769 - accuracy: 0.1562
2876/3125 [==========================>...] - ETA: 0s - loss: 15.6486 - accuracy: 0.1560
2904/3125 [==========================>...] - ETA: 0s - loss: 15.6215 - accuracy: 0.1562
2928/3125 [===========================>..] - ETA: 0s - loss: 15.6075 - accuracy: 0.1561
2948/3125 [===========================>..] - ETA: 0s - loss: 15.6197 - accuracy: 0.1561
2971/3125 [===========================>..] - ETA: 0s - loss: 15.7226 - accuracy: 0.1561
2994/3125 [===========================>..] - ETA: 0s - loss: 15.8138 - accuracy: 0.1559
3017/3125 [===========================>..] - ETA: 0s - loss: 15.8953 - accuracy: 0.1558
3040/3125 [============================>.] - ETA: 0s - loss: 15.9472 - accuracy: 0.1560
3063/3125 [============================>.] - ETA: 0s - loss: 15.9828 - accuracy: 0.1561
3086/3125 [============================>.] - ETA: 0s - loss: 16.0496 - accuracy: 0.1559
3109/3125 [============================>.] - ETA: 0s - loss: 16.1097 - accuracy: 0.1560
3125/3125 [==============================] - 9s 3ms/step - loss: 16.1428 - accuracy: 0.1559 - val_loss: 18.0879 - val_accuracy: 0.1566
Epoch 4/86

   1/3125 [..............................] - ETA: 48s - loss: 18.6703 - accuracy: 0.0625
  26/3125 [..............................] - ETA: 7s - loss: 20.8834 - accuracy: 0.1514 
  49/3125 [..............................] - ETA: 8s - loss: 17.7361 - accuracy: 0.1441
  72/3125 [..............................] - ETA: 8s - loss: 16.2370 - accuracy: 0.1415
  96/3125 [..............................] - ETA: 7s - loss: 15.8411 - accuracy: 0.1387
 124/3125 [>.............................] - ETA: 7s - loss: 15.4673 - accuracy: 0.1467
 151/3125 [>.............................] - ETA: 7s - loss: 14.8376 - accuracy: 0.1461
 176/3125 [>.............................] - ETA: 7s - loss: 14.0830 - accuracy: 0.1460
 202/3125 [>.............................] - ETA: 7s - loss: 13.7200 - accuracy: 0.1513
 230/3125 [=>............................] - ETA: 7s - loss: 13.2590 - accuracy: 0.1524
 256/3125 [=>............................] - ETA: 7s - loss: 12.8125 - accuracy: 0.1528
 279/3125 [=>............................] - ETA: 7s - loss: 12.4399 - accuracy: 0.1564
 303/3125 [=>............................] - ETA: 7s - loss: 12.2023 - accuracy: 0.1588
 325/3125 [==>...........................] - ETA: 6s - loss: 12.0719 - accuracy: 0.1592
 347/3125 [==>...........................] - ETA: 6s - loss: 12.3196 - accuracy: 0.1572
 367/3125 [==>...........................] - ETA: 6s - loss: 12.7078 - accuracy: 0.1570
 390/3125 [==>...........................] - ETA: 6s - loss: 13.4312 - accuracy: 0.1583
 414/3125 [==>...........................] - ETA: 6s - loss: 13.9594 - accuracy: 0.1576
 438/3125 [===>..........................] - ETA: 6s - loss: 14.1974 - accuracy: 0.1574
 462/3125 [===>..........................] - ETA: 6s - loss: 14.8031 - accuracy: 0.1572
 484/3125 [===>..........................] - ETA: 6s - loss: 15.4993 - accuracy: 0.1581
 505/3125 [===>..........................] - ETA: 6s - loss: 16.8349 - accuracy: 0.1575
 528/3125 [====>.........................] - ETA: 6s - loss: 18.4236 - accuracy: 0.1578
 550/3125 [====>.........................] - ETA: 6s - loss: 19.9024 - accuracy: 0.1593
 573/3125 [====>.........................] - ETA: 6s - loss: 21.1398 - accuracy: 0.1610
 592/3125 [====>.........................] - ETA: 6s - loss: 21.9399 - accuracy: 0.1601
 612/3125 [====>.........................] - ETA: 6s - loss: 22.3621 - accuracy: 0.1597
 635/3125 [=====>........................] - ETA: 6s - loss: 22.1552 - accuracy: 0.1584
 658/3125 [=====>........................] - ETA: 6s - loss: 22.0480 - accuracy: 0.1576
 683/3125 [=====>........................] - ETA: 6s - loss: 21.9004 - accuracy: 0.1574
 707/3125 [=====>........................] - ETA: 6s - loss: 21.6072 - accuracy: 0.1578
 728/3125 [=====>........................] - ETA: 6s - loss: 21.3467 - accuracy: 0.1575
 748/3125 [======>.......................] - ETA: 6s - loss: 21.1069 - accuracy: 0.1587
 771/3125 [======>.......................] - ETA: 6s - loss: 20.9724 - accuracy: 0.1584
 795/3125 [======>.......................] - ETA: 6s - loss: 20.6947 - accuracy: 0.1594
 821/3125 [======>.......................] - ETA: 6s - loss: 20.3808 - accuracy: 0.1593
 843/3125 [=======>......................] - ETA: 6s - loss: 20.0910 - accuracy: 0.1597
 864/3125 [=======>......................] - ETA: 5s - loss: 19.8477 - accuracy: 0.1595
 888/3125 [=======>......................] - ETA: 5s - loss: 19.6154 - accuracy: 0.1591
 915/3125 [=======>......................] - ETA: 5s - loss: 19.2844 - accuracy: 0.1588
 943/3125 [========>.....................] - ETA: 5s - loss: 18.9180 - accuracy: 0.1584
 970/3125 [========>.....................] - ETA: 5s - loss: 18.6369 - accuracy: 0.1581
 997/3125 [========>.....................] - ETA: 5s - loss: 18.3767 - accuracy: 0.1579
1026/3125 [========>.....................] - ETA: 5s - loss: 18.1380 - accuracy: 0.1576
1049/3125 [=========>....................] - ETA: 5s - loss: 18.0043 - accuracy: 0.1578
1073/3125 [=========>....................] - ETA: 5s - loss: 17.8583 - accuracy: 0.1581
1097/3125 [=========>....................] - ETA: 5s - loss: 17.6800 - accuracy: 0.1583
1118/3125 [=========>....................] - ETA: 5s - loss: 17.5557 - accuracy: 0.1584
1141/3125 [=========>....................] - ETA: 5s - loss: 17.3849 - accuracy: 0.1592
1164/3125 [==========>...................] - ETA: 5s - loss: 17.2660 - accuracy: 0.1593
1186/3125 [==========>...................] - ETA: 5s - loss: 17.1172 - accuracy: 0.1597
1211/3125 [==========>...................] - ETA: 5s - loss: 16.9366 - accuracy: 0.1607
1235/3125 [==========>...................] - ETA: 4s - loss: 16.7752 - accuracy: 0.1612
1258/3125 [===========>..................] - ETA: 4s - loss: 16.6122 - accuracy: 0.1611
1277/3125 [===========>..................] - ETA: 4s - loss: 16.4763 - accuracy: 0.1618
1297/3125 [===========>..................] - ETA: 4s - loss: 16.3442 - accuracy: 0.1617
1321/3125 [===========>..................] - ETA: 4s - loss: 16.2158 - accuracy: 0.1624
1346/3125 [===========>..................] - ETA: 4s - loss: 16.0930 - accuracy: 0.1634
1371/3125 [============>.................] - ETA: 4s - loss: 16.0761 - accuracy: 0.1629
1394/3125 [============>.................] - ETA: 4s - loss: 16.1055 - accuracy: 0.1632
1416/3125 [============>.................] - ETA: 4s - loss: 16.0834 - accuracy: 0.1633
1438/3125 [============>.................] - ETA: 4s - loss: 16.1052 - accuracy: 0.1630
1460/3125 [=============>................] - ETA: 4s - loss: 16.1229 - accuracy: 0.1637
1481/3125 [=============>................] - ETA: 4s - loss: 16.0310 - accuracy: 0.1639
1504/3125 [=============>................] - ETA: 4s - loss: 15.9241 - accuracy: 0.1638
1526/3125 [=============>................] - ETA: 4s - loss: 15.8222 - accuracy: 0.1642
1549/3125 [=============>................] - ETA: 4s - loss: 15.7119 - accuracy: 0.1639
1572/3125 [==============>...............] - ETA: 4s - loss: 15.5893 - accuracy: 0.1636
1598/3125 [==============>...............] - ETA: 4s - loss: 15.4900 - accuracy: 0.1631
1621/3125 [==============>...............] - ETA: 3s - loss: 15.4963 - accuracy: 0.1632
1648/3125 [==============>...............] - ETA: 3s - loss: 15.5582 - accuracy: 0.1631
1674/3125 [===============>..............] - ETA: 3s - loss: 15.6818 - accuracy: 0.1636
1697/3125 [===============>..............] - ETA: 3s - loss: 15.8481 - accuracy: 0.1637
1723/3125 [===============>..............] - ETA: 3s - loss: 16.0363 - accuracy: 0.1641
1747/3125 [===============>..............] - ETA: 3s - loss: 16.3056 - accuracy: 0.1638
1774/3125 [================>.............] - ETA: 3s - loss: 16.5576 - accuracy: 0.1635
1798/3125 [================>.............] - ETA: 3s - loss: 16.8219 - accuracy: 0.1631
1820/3125 [================>.............] - ETA: 3s - loss: 17.0170 - accuracy: 0.1634
1842/3125 [================>.............] - ETA: 3s - loss: 17.1080 - accuracy: 0.1635
1862/3125 [================>.............] - ETA: 3s - loss: 17.1370 - accuracy: 0.1634
1883/3125 [=================>............] - ETA: 3s - loss: 17.1620 - accuracy: 0.1631
1906/3125 [=================>............] - ETA: 3s - loss: 17.1050 - accuracy: 0.1633
1928/3125 [=================>............] - ETA: 3s - loss: 17.0838 - accuracy: 0.1631
1952/3125 [=================>............] - ETA: 3s - loss: 17.0938 - accuracy: 0.1625
1974/3125 [=================>............] - ETA: 3s - loss: 17.0626 - accuracy: 0.1625
1994/3125 [==================>...........] - ETA: 2s - loss: 17.0110 - accuracy: 0.1625
2016/3125 [==================>...........] - ETA: 2s - loss: 16.9389 - accuracy: 0.1624
2037/3125 [==================>...........] - ETA: 2s - loss: 16.8736 - accuracy: 0.1625
2055/3125 [==================>...........] - ETA: 2s - loss: 16.8068 - accuracy: 0.1625
2074/3125 [==================>...........] - ETA: 2s - loss: 16.7519 - accuracy: 0.1621
2096/3125 [===================>..........] - ETA: 2s - loss: 16.7218 - accuracy: 0.1621
2118/3125 [===================>..........] - ETA: 2s - loss: 16.7390 - accuracy: 0.1618
2141/3125 [===================>..........] - ETA: 2s - loss: 16.8132 - accuracy: 0.1615
2163/3125 [===================>..........] - ETA: 2s - loss: 16.7996 - accuracy: 0.1617
2185/3125 [===================>..........] - ETA: 2s - loss: 16.8775 - accuracy: 0.1613
2206/3125 [====================>.........] - ETA: 2s - loss: 16.9179 - accuracy: 0.1614
2228/3125 [====================>.........] - ETA: 2s - loss: 16.9251 - accuracy: 0.1614
2251/3125 [====================>.........] - ETA: 2s - loss: 16.8759 - accuracy: 0.1613
2268/3125 [====================>.........] - ETA: 2s - loss: 16.8346 - accuracy: 0.1613
2285/3125 [====================>.........] - ETA: 2s - loss: 16.8241 - accuracy: 0.1613
2307/3125 [=====================>........] - ETA: 2s - loss: 16.7690 - accuracy: 0.1614
2329/3125 [=====================>........] - ETA: 2s - loss: 16.7180 - accuracy: 0.1617
2356/3125 [=====================>........] - ETA: 2s - loss: 16.6363 - accuracy: 0.1614
2384/3125 [=====================>........] - ETA: 1s - loss: 16.5554 - accuracy: 0.1616
2410/3125 [======================>.......] - ETA: 1s - loss: 16.4733 - accuracy: 0.1615
2437/3125 [======================>.......] - ETA: 1s - loss: 16.3790 - accuracy: 0.1615
2460/3125 [======================>.......] - ETA: 1s - loss: 16.2988 - accuracy: 0.1617
2486/3125 [======================>.......] - ETA: 1s - loss: 16.2274 - accuracy: 0.1618
2512/3125 [=======================>......] - ETA: 1s - loss: 16.1652 - accuracy: 0.1618
2540/3125 [=======================>......] - ETA: 1s - loss: 16.1313 - accuracy: 0.1612
2567/3125 [=======================>......] - ETA: 1s - loss: 16.0811 - accuracy: 0.1613
2591/3125 [=======================>......] - ETA: 1s - loss: 16.0496 - accuracy: 0.1614
2612/3125 [========================>.....] - ETA: 1s - loss: 15.9937 - accuracy: 0.1614
2633/3125 [========================>.....] - ETA: 1s - loss: 15.9295 - accuracy: 0.1614
2656/3125 [========================>.....] - ETA: 1s - loss: 15.8683 - accuracy: 0.1614
2677/3125 [========================>.....] - ETA: 1s - loss: 15.8479 - accuracy: 0.1614
2700/3125 [========================>.....] - ETA: 1s - loss: 15.8294 - accuracy: 0.1616
2722/3125 [=========================>....] - ETA: 1s - loss: 15.8275 - accuracy: 0.1618
2743/3125 [=========================>....] - ETA: 1s - loss: 15.8389 - accuracy: 0.1618
2768/3125 [=========================>....] - ETA: 0s - loss: 15.8667 - accuracy: 0.1615
2789/3125 [=========================>....] - ETA: 0s - loss: 15.8920 - accuracy: 0.1612
2812/3125 [=========================>....] - ETA: 0s - loss: 15.9066 - accuracy: 0.1609
2835/3125 [==========================>...] - ETA: 0s - loss: 15.9192 - accuracy: 0.1607
2858/3125 [==========================>...] - ETA: 0s - loss: 15.9456 - accuracy: 0.1607
2879/3125 [==========================>...] - ETA: 0s - loss: 15.9781 - accuracy: 0.1607
2902/3125 [==========================>...] - ETA: 0s - loss: 15.9644 - accuracy: 0.1607
2925/3125 [===========================>..] - ETA: 0s - loss: 15.9610 - accuracy: 0.1607
2947/3125 [===========================>..] - ETA: 0s - loss: 15.9655 - accuracy: 0.1608
2967/3125 [===========================>..] - ETA: 0s - loss: 16.0099 - accuracy: 0.1605
2989/3125 [===========================>..] - ETA: 0s - loss: 16.0679 - accuracy: 0.1605
3013/3125 [===========================>..] - ETA: 0s - loss: 16.1470 - accuracy: 0.1603
3037/3125 [============================>.] - ETA: 0s - loss: 16.1782 - accuracy: 0.1602
3059/3125 [============================>.] - ETA: 0s - loss: 16.1739 - accuracy: 0.1602
3083/3125 [============================>.] - ETA: 0s - loss: 16.1537 - accuracy: 0.1602
3112/3125 [============================>.] - ETA: 0s - loss: 16.0973 - accuracy: 0.1602
3125/3125 [==============================] - 9s 3ms/step - loss: 16.0622 - accuracy: 0.1602 - val_loss: 6.0621 - val_accuracy: 0.1093
Epoch 5/86

   1/3125 [..............................] - ETA: 48s - loss: 6.9196 - accuracy: 0.1875
  24/3125 [..............................] - ETA: 8s - loss: 9.6574 - accuracy: 0.1484 
  47/3125 [..............................] - ETA: 8s - loss: 10.9130 - accuracy: 0.1543
  67/3125 [..............................] - ETA: 8s - loss: 11.7078 - accuracy: 0.1567
  90/3125 [..............................] - ETA: 8s - loss: 13.3259 - accuracy: 0.1590
 113/3125 [>.............................] - ETA: 8s - loss: 14.4582 - accuracy: 0.1576
 133/3125 [>.............................] - ETA: 8s - loss: 16.1743 - accuracy: 0.1527
 150/3125 [>.............................] - ETA: 8s - loss: 17.7352 - accuracy: 0.1542
 170/3125 [>.............................] - ETA: 8s - loss: 20.4485 - accuracy: 0.1511
 190/3125 [>.............................] - ETA: 8s - loss: 22.3155 - accuracy: 0.1487
 213/3125 [=>............................] - ETA: 8s - loss: 23.0668 - accuracy: 0.1517
 235/3125 [=>............................] - ETA: 8s - loss: 22.9419 - accuracy: 0.1527
 257/3125 [=>............................] - ETA: 8s - loss: 22.8516 - accuracy: 0.1525
 280/3125 [=>............................] - ETA: 8s - loss: 23.0485 - accuracy: 0.1518
 303/3125 [=>............................] - ETA: 8s - loss: 23.2045 - accuracy: 0.1533
 326/3125 [==>...........................] - ETA: 7s - loss: 22.9455 - accuracy: 0.1524
 349/3125 [==>...........................] - ETA: 7s - loss: 22.5672 - accuracy: 0.1528
 367/3125 [==>...........................] - ETA: 7s - loss: 22.2656 - accuracy: 0.1519
 387/3125 [==>...........................] - ETA: 7s - loss: 22.1026 - accuracy: 0.1512
 409/3125 [==>...........................] - ETA: 7s - loss: 21.7977 - accuracy: 0.1513
 430/3125 [===>..........................] - ETA: 7s - loss: 21.4625 - accuracy: 0.1512
 452/3125 [===>..........................] - ETA: 7s - loss: 21.1146 - accuracy: 0.1521
 476/3125 [===>..........................] - ETA: 7s - loss: 20.6693 - accuracy: 0.1536
 500/3125 [===>..........................] - ETA: 7s - loss: 20.2316 - accuracy: 0.1538
 528/3125 [====>.........................] - ETA: 7s - loss: 19.7861 - accuracy: 0.1536
 556/3125 [====>.........................] - ETA: 7s - loss: 19.3025 - accuracy: 0.1529
 584/3125 [====>.........................] - ETA: 7s - loss: 18.9351 - accuracy: 0.1527
 613/3125 [====>.........................] - ETA: 6s - loss: 18.6984 - accuracy: 0.1542
 638/3125 [=====>........................] - ETA: 6s - loss: 18.4140 - accuracy: 0.1538
 665/3125 [=====>........................] - ETA: 6s - loss: 18.2638 - accuracy: 0.1529
 693/3125 [=====>........................] - ETA: 6s - loss: 18.0663 - accuracy: 0.1527
 719/3125 [=====>........................] - ETA: 6s - loss: 17.8914 - accuracy: 0.1526
 741/3125 [======>.......................] - ETA: 6s - loss: 17.8429 - accuracy: 0.1522
 763/3125 [======>.......................] - ETA: 6s - loss: 17.8028 - accuracy: 0.1518
 786/3125 [======>.......................] - ETA: 6s - loss: 17.7136 - accuracy: 0.1520
 810/3125 [======>.......................] - ETA: 6s - loss: 17.5942 - accuracy: 0.1525
 834/3125 [=======>......................] - ETA: 6s - loss: 17.4390 - accuracy: 0.1516
 855/3125 [=======>......................] - ETA: 6s - loss: 17.2968 - accuracy: 0.1526
 879/3125 [=======>......................] - ETA: 6s - loss: 17.1774 - accuracy: 0.1533
 897/3125 [=======>......................] - ETA: 6s - loss: 17.0933 - accuracy: 0.1533
 919/3125 [=======>......................] - ETA: 5s - loss: 17.1392 - accuracy: 0.1536
 942/3125 [========>.....................] - ETA: 5s - loss: 17.2527 - accuracy: 0.1529
 964/3125 [========>.....................] - ETA: 5s - loss: 17.2766 - accuracy: 0.1531
 985/3125 [========>.....................] - ETA: 5s - loss: 17.3694 - accuracy: 0.1530
1008/3125 [========>.....................] - ETA: 5s - loss: 17.5041 - accuracy: 0.1531
1032/3125 [========>.....................] - ETA: 5s - loss: 17.6619 - accuracy: 0.1524
1053/3125 [=========>....................] - ETA: 5s - loss: 17.7219 - accuracy: 0.1522
1071/3125 [=========>....................] - ETA: 5s - loss: 17.6524 - accuracy: 0.1526
1095/3125 [=========>....................] - ETA: 5s - loss: 17.5509 - accuracy: 0.1525
1117/3125 [=========>....................] - ETA: 5s - loss: 17.4623 - accuracy: 0.1525
1140/3125 [=========>....................] - ETA: 5s - loss: 17.3869 - accuracy: 0.1526
1163/3125 [==========>...................] - ETA: 5s - loss: 17.3079 - accuracy: 0.1528
1184/3125 [==========>...................] - ETA: 5s - loss: 17.2027 - accuracy: 0.1533
1204/3125 [==========>...................] - ETA: 5s - loss: 17.1828 - accuracy: 0.1529
1230/3125 [==========>...................] - ETA: 5s - loss: 17.1415 - accuracy: 0.1527
1256/3125 [===========>..................] - ETA: 5s - loss: 17.0710 - accuracy: 0.1525
1283/3125 [===========>..................] - ETA: 4s - loss: 17.0343 - accuracy: 0.1517
1310/3125 [===========>..................] - ETA: 4s - loss: 17.0219 - accuracy: 0.1513
1337/3125 [===========>..................] - ETA: 4s - loss: 16.9417 - accuracy: 0.1517
1362/3125 [============>.................] - ETA: 4s - loss: 16.8388 - accuracy: 0.1514
1387/3125 [============>.................] - ETA: 4s - loss: 16.7666 - accuracy: 0.1509
1414/3125 [============>.................] - ETA: 4s - loss: 16.6863 - accuracy: 0.1511
1442/3125 [============>.................] - ETA: 4s - loss: 16.6317 - accuracy: 0.1517
1466/3125 [=============>................] - ETA: 4s - loss: 16.6123 - accuracy: 0.1513
1489/3125 [=============>................] - ETA: 4s - loss: 16.5617 - accuracy: 0.1512
1511/3125 [=============>................] - ETA: 4s - loss: 16.4809 - accuracy: 0.1513
1530/3125 [=============>................] - ETA: 4s - loss: 16.4294 - accuracy: 0.1509
1551/3125 [=============>................] - ETA: 4s - loss: 16.3638 - accuracy: 0.1512
1573/3125 [==============>...............] - ETA: 4s - loss: 16.3032 - accuracy: 0.1514
1595/3125 [==============>...............] - ETA: 4s - loss: 16.2650 - accuracy: 0.1516
1616/3125 [==============>...............] - ETA: 4s - loss: 16.2586 - accuracy: 0.1519
1640/3125 [==============>...............] - ETA: 3s - loss: 16.2724 - accuracy: 0.1519
1661/3125 [==============>...............] - ETA: 3s - loss: 16.2821 - accuracy: 0.1523
1682/3125 [===============>..............] - ETA: 3s - loss: 16.3794 - accuracy: 0.1521
1705/3125 [===============>..............] - ETA: 3s - loss: 16.5231 - accuracy: 0.1522
1728/3125 [===============>..............] - ETA: 3s - loss: 16.5970 - accuracy: 0.1519
1751/3125 [===============>..............] - ETA: 3s - loss: 16.7073 - accuracy: 0.1520
1775/3125 [================>.............] - ETA: 3s - loss: 16.8039 - accuracy: 0.1514
1797/3125 [================>.............] - ETA: 3s - loss: 16.9591 - accuracy: 0.1512
1819/3125 [================>.............] - ETA: 3s - loss: 17.1218 - accuracy: 0.1513
1843/3125 [================>.............] - ETA: 3s - loss: 17.5141 - accuracy: 0.1516
1865/3125 [================>.............] - ETA: 3s - loss: 17.7079 - accuracy: 0.1516
1885/3125 [=================>............] - ETA: 3s - loss: 17.8165 - accuracy: 0.1512
1907/3125 [=================>............] - ETA: 3s - loss: 17.7729 - accuracy: 0.1513
1929/3125 [=================>............] - ETA: 3s - loss: 17.7326 - accuracy: 0.1517
1954/3125 [=================>............] - ETA: 3s - loss: 17.6533 - accuracy: 0.1515
1981/3125 [==================>...........] - ETA: 3s - loss: 17.6010 - accuracy: 0.1519
2009/3125 [==================>...........] - ETA: 3s - loss: 17.5031 - accuracy: 0.1517
2038/3125 [==================>...........] - ETA: 2s - loss: 17.3996 - accuracy: 0.1517
2063/3125 [==================>...........] - ETA: 2s - loss: 17.3406 - accuracy: 0.1520
2092/3125 [===================>..........] - ETA: 2s - loss: 17.2657 - accuracy: 0.1523
2120/3125 [===================>..........] - ETA: 2s - loss: 17.1707 - accuracy: 0.1526
2147/3125 [===================>..........] - ETA: 2s - loss: 17.0841 - accuracy: 0.1529
2174/3125 [===================>..........] - ETA: 2s - loss: 17.0428 - accuracy: 0.1533
2194/3125 [====================>.........] - ETA: 2s - loss: 16.9975 - accuracy: 0.1531
2217/3125 [====================>.........] - ETA: 2s - loss: 16.9816 - accuracy: 0.1530
2239/3125 [====================>.........] - ETA: 2s - loss: 16.9502 - accuracy: 0.1524
2262/3125 [====================>.........] - ETA: 2s - loss: 16.9321 - accuracy: 0.1524
2282/3125 [====================>.........] - ETA: 2s - loss: 16.8981 - accuracy: 0.1525
2305/3125 [=====================>........] - ETA: 2s - loss: 16.8315 - accuracy: 0.1526
2328/3125 [=====================>........] - ETA: 2s - loss: 16.7660 - accuracy: 0.1528
2353/3125 [=====================>........] - ETA: 2s - loss: 16.6818 - accuracy: 0.1530
2376/3125 [=====================>........] - ETA: 1s - loss: 16.6263 - accuracy: 0.1533
2400/3125 [======================>.......] - ETA: 1s - loss: 16.5860 - accuracy: 0.1529
2424/3125 [======================>.......] - ETA: 1s - loss: 16.5593 - accuracy: 0.1526
2449/3125 [======================>.......] - ETA: 1s - loss: 16.5608 - accuracy: 0.1524
2472/3125 [======================>.......] - ETA: 1s - loss: 16.5437 - accuracy: 0.1528
2495/3125 [======================>.......] - ETA: 1s - loss: 16.5390 - accuracy: 0.1528
2520/3125 [=======================>......] - ETA: 1s - loss: 16.5465 - accuracy: 0.1529
2543/3125 [=======================>......] - ETA: 1s - loss: 16.5173 - accuracy: 0.1533
2566/3125 [=======================>......] - ETA: 1s - loss: 16.4952 - accuracy: 0.1536
2587/3125 [=======================>......] - ETA: 1s - loss: 16.5070 - accuracy: 0.1539
2608/3125 [========================>.....] - ETA: 1s - loss: 16.5423 - accuracy: 0.1541
2631/3125 [========================>.....] - ETA: 1s - loss: 16.5107 - accuracy: 0.1545
2653/3125 [========================>.....] - ETA: 1s - loss: 16.5015 - accuracy: 0.1544
2674/3125 [========================>.....] - ETA: 1s - loss: 16.5156 - accuracy: 0.1543
2694/3125 [========================>.....] - ETA: 1s - loss: 16.5190 - accuracy: 0.1543
2714/3125 [=========================>....] - ETA: 1s - loss: 16.5202 - accuracy: 0.1543
2734/3125 [=========================>....] - ETA: 1s - loss: 16.4900 - accuracy: 0.1540
2751/3125 [=========================>....] - ETA: 1s - loss: 16.4702 - accuracy: 0.1541
2773/3125 [=========================>....] - ETA: 0s - loss: 16.4506 - accuracy: 0.1542
2799/3125 [=========================>....] - ETA: 0s - loss: 16.4245 - accuracy: 0.1545
2826/3125 [==========================>...] - ETA: 0s - loss: 16.3859 - accuracy: 0.1546
2853/3125 [==========================>...] - ETA: 0s - loss: 16.3447 - accuracy: 0.1546
2881/3125 [==========================>...] - ETA: 0s - loss: 16.3059 - accuracy: 0.1545
2909/3125 [==========================>...] - ETA: 0s - loss: 16.2778 - accuracy: 0.1544
2936/3125 [===========================>..] - ETA: 0s - loss: 16.2965 - accuracy: 0.1544
2964/3125 [===========================>..] - ETA: 0s - loss: 16.3014 - accuracy: 0.1543
2987/3125 [===========================>..] - ETA: 0s - loss: 16.3129 - accuracy: 0.1545
3010/3125 [===========================>..] - ETA: 0s - loss: 16.3121 - accuracy: 0.1544
3029/3125 [============================>.] - ETA: 0s - loss: 16.2823 - accuracy: 0.1545
3050/3125 [============================>.] - ETA: 0s - loss: 16.2414 - accuracy: 0.1545
3073/3125 [============================>.] - ETA: 0s - loss: 16.1907 - accuracy: 0.1547
3096/3125 [============================>.] - ETA: 0s - loss: 16.1338 - accuracy: 0.1548
3119/3125 [============================>.] - ETA: 0s - loss: 16.1093 - accuracy: 0.1550
3125/3125 [==============================] - 9s 3ms/step - loss: 16.0973 - accuracy: 0.1551 - val_loss: 16.8199 - val_accuracy: 0.1000
Epoch 6/86

   1/3125 [..............................] - ETA: 0s - loss: 19.0858 - accuracy: 0.0000e+00
  18/3125 [..............................] - ETA: 11s - loss: 14.5408 - accuracy: 0.1562   
  39/3125 [..............................] - ETA: 10s - loss: 15.9589 - accuracy: 0.1554
  60/3125 [..............................] - ETA: 9s - loss: 19.5122 - accuracy: 0.1469 
  82/3125 [..............................] - ETA: 9s - loss: 20.6251 - accuracy: 0.1532
 107/3125 [>.............................] - ETA: 8s - loss: 23.0237 - accuracy: 0.1630
 135/3125 [>.............................] - ETA: 8s - loss: 23.1016 - accuracy: 0.1681
 165/3125 [>.............................] - ETA: 7s - loss: 23.3184 - accuracy: 0.1652
 191/3125 [>.............................] - ETA: 7s - loss: 22.6015 - accuracy: 0.1659
 220/3125 [=>............................] - ETA: 7s - loss: 22.2838 - accuracy: 0.1679
 247/3125 [=>............................] - ETA: 7s - loss: 21.9938 - accuracy: 0.1685
 272/3125 [=>............................] - ETA: 7s - loss: 22.3670 - accuracy: 0.1691
 295/3125 [=>............................] - ETA: 7s - loss: 22.6146 - accuracy: 0.1680
 319/3125 [==>...........................] - ETA: 7s - loss: 22.6135 - accuracy: 0.1669
 344/3125 [==>...........................] - ETA: 6s - loss: 23.1212 - accuracy: 0.1664
 368/3125 [==>...........................] - ETA: 6s - loss: 23.2720 - accuracy: 0.1649
 391/3125 [==>...........................] - ETA: 6s - loss: 22.9606 - accuracy: 0.1638
 413/3125 [==>...........................] - ETA: 6s - loss: 22.4821 - accuracy: 0.1646
 437/3125 [===>..........................] - ETA: 6s - loss: 22.0253 - accuracy: 0.1646
 457/3125 [===>..........................] - ETA: 6s - loss: 21.8130 - accuracy: 0.1634
 477/3125 [===>..........................] - ETA: 6s - loss: 21.5691 - accuracy: 0.1634
 499/3125 [===>..........................] - ETA: 6s - loss: 21.4497 - accuracy: 0.1618
 521/3125 [====>.........................] - ETA: 6s - loss: 21.2687 - accuracy: 0.1598
 546/3125 [====>.........................] - ETA: 6s - loss: 21.1450 - accuracy: 0.1598
 567/3125 [====>.........................] - ETA: 6s - loss: 21.2010 - accuracy: 0.1612
 585/3125 [====>.........................] - ETA: 6s - loss: 21.3219 - accuracy: 0.1600
 607/3125 [====>.........................] - ETA: 6s - loss: 21.4028 - accuracy: 0.1598
 631/3125 [=====>........................] - ETA: 6s - loss: 21.3162 - accuracy: 0.1588
 654/3125 [=====>........................] - ETA: 6s - loss: 21.1726 - accuracy: 0.1589
 679/3125 [=====>........................] - ETA: 6s - loss: 21.0611 - accuracy: 0.1591
 703/3125 [=====>........................] - ETA: 6s - loss: 20.7675 - accuracy: 0.1588
 727/3125 [=====>........................] - ETA: 6s - loss: 20.4210 - accuracy: 0.1585
 751/3125 [======>.......................] - ETA: 6s - loss: 20.0760 - accuracy: 0.1595
 775/3125 [======>.......................] - ETA: 6s - loss: 19.8038 - accuracy: 0.1593
 798/3125 [======>.......................] - ETA: 6s - loss: 19.5305 - accuracy: 0.1595
 821/3125 [======>.......................] - ETA: 6s - loss: 19.2338 - accuracy: 0.1602
 843/3125 [=======>......................] - ETA: 6s - loss: 19.0344 - accuracy: 0.1597
 864/3125 [=======>......................] - ETA: 5s - loss: 18.8212 - accuracy: 0.1601
 885/3125 [=======>......................] - ETA: 5s - loss: 18.6942 - accuracy: 0.1609
 908/3125 [=======>......................] - ETA: 5s - loss: 18.5785 - accuracy: 0.1599
 932/3125 [=======>......................] - ETA: 5s - loss: 18.4496 - accuracy: 0.1599
 958/3125 [========>.....................] - ETA: 5s - loss: 18.3430 - accuracy: 0.1600
 984/3125 [========>.....................] - ETA: 5s - loss: 18.2538 - accuracy: 0.1610
1011/3125 [========>.....................] - ETA: 5s - loss: 18.2772 - accuracy: 0.1612
1038/3125 [========>.....................] - ETA: 5s - loss: 18.3045 - accuracy: 0.1615
1064/3125 [=========>....................] - ETA: 5s - loss: 18.3047 - accuracy: 0.1613
1089/3125 [=========>....................] - ETA: 5s - loss: 18.2299 - accuracy: 0.1615
1106/3125 [=========>....................] - ETA: 5s - loss: 18.1560 - accuracy: 0.1616
1125/3125 [=========>....................] - ETA: 5s - loss: 18.0571 - accuracy: 0.1614
1145/3125 [=========>....................] - ETA: 5s - loss: 17.9347 - accuracy: 0.1614
1164/3125 [==========>...................] - ETA: 5s - loss: 17.7965 - accuracy: 0.1617
1186/3125 [==========>...................] - ETA: 5s - loss: 17.6759 - accuracy: 0.1624
1206/3125 [==========>...................] - ETA: 5s - loss: 17.5611 - accuracy: 0.1624
1228/3125 [==========>...................] - ETA: 5s - loss: 17.4142 - accuracy: 0.1616
1250/3125 [===========>..................] - ETA: 4s - loss: 17.3028 - accuracy: 0.1613
1271/3125 [===========>..................] - ETA: 4s - loss: 17.2000 - accuracy: 0.1614
1294/3125 [===========>..................] - ETA: 4s - loss: 17.0476 - accuracy: 0.1619
1317/3125 [===========>..................] - ETA: 4s - loss: 16.9292 - accuracy: 0.1617
1340/3125 [===========>..................] - ETA: 4s - loss: 16.8797 - accuracy: 0.1618
1363/3125 [============>.................] - ETA: 4s - loss: 16.8633 - accuracy: 0.1619
1385/3125 [============>.................] - ETA: 4s - loss: 16.8627 - accuracy: 0.1622
1407/3125 [============>.................] - ETA: 4s - loss: 16.8782 - accuracy: 0.1618
1429/3125 [============>.................] - ETA: 4s - loss: 16.8578 - accuracy: 0.1623
1452/3125 [============>.................] - ETA: 4s - loss: 16.8836 - accuracy: 0.1621
1475/3125 [=============>................] - ETA: 4s - loss: 16.8747 - accuracy: 0.1621
1498/3125 [=============>................] - ETA: 4s - loss: 16.9550 - accuracy: 0.1623
1520/3125 [=============>................] - ETA: 4s - loss: 17.1545 - accuracy: 0.1622
1541/3125 [=============>................] - ETA: 4s - loss: 17.6600 - accuracy: 0.1615
1562/3125 [=============>................] - ETA: 4s - loss: 18.3064 - accuracy: 0.1618
1588/3125 [==============>...............] - ETA: 4s - loss: 19.2522 - accuracy: 0.1619
1613/3125 [==============>...............] - ETA: 4s - loss: 20.0096 - accuracy: 0.1622
1634/3125 [==============>...............] - ETA: 3s - loss: 20.5874 - accuracy: 0.1617
1659/3125 [==============>...............] - ETA: 3s - loss: 20.9095 - accuracy: 0.1614
1687/3125 [===============>..............] - ETA: 3s - loss: 21.2421 - accuracy: 0.1610
1707/3125 [===============>..............] - ETA: 3s - loss: 21.2735 - accuracy: 0.1609
1725/3125 [===============>..............] - ETA: 3s - loss: 21.2327 - accuracy: 0.1609
1750/3125 [===============>..............] - ETA: 3s - loss: 21.1569 - accuracy: 0.1609
1778/3125 [================>.............] - ETA: 3s - loss: 21.0719 - accuracy: 0.1606
1803/3125 [================>.............] - ETA: 3s - loss: 20.9591 - accuracy: 0.1605
1828/3125 [================>.............] - ETA: 3s - loss: 20.8245 - accuracy: 0.1604
1849/3125 [================>.............] - ETA: 3s - loss: 20.6713 - accuracy: 0.1603
1872/3125 [================>.............] - ETA: 3s - loss: 20.5102 - accuracy: 0.1601
1895/3125 [=================>............] - ETA: 3s - loss: 20.3609 - accuracy: 0.1599
1913/3125 [=================>............] - ETA: 3s - loss: 20.2545 - accuracy: 0.1600
1933/3125 [=================>............] - ETA: 3s - loss: 20.1302 - accuracy: 0.1603
1953/3125 [=================>............] - ETA: 3s - loss: 20.0137 - accuracy: 0.1605
1972/3125 [=================>............] - ETA: 3s - loss: 19.9135 - accuracy: 0.1603
1995/3125 [==================>...........] - ETA: 3s - loss: 19.8326 - accuracy: 0.1600
2017/3125 [==================>...........] - ETA: 2s - loss: 19.7394 - accuracy: 0.1602
2039/3125 [==================>...........] - ETA: 2s - loss: 19.6456 - accuracy: 0.1602
2062/3125 [==================>...........] - ETA: 2s - loss: 19.5650 - accuracy: 0.1600
2083/3125 [==================>...........] - ETA: 2s - loss: 19.4641 - accuracy: 0.1601
2104/3125 [===================>..........] - ETA: 2s - loss: 19.3665 - accuracy: 0.1605
2127/3125 [===================>..........] - ETA: 2s - loss: 19.2613 - accuracy: 0.1604
2149/3125 [===================>..........] - ETA: 2s - loss: 19.1634 - accuracy: 0.1600
2167/3125 [===================>..........] - ETA: 2s - loss: 19.0978 - accuracy: 0.1598
2188/3125 [====================>.........] - ETA: 2s - loss: 19.0040 - accuracy: 0.1603
2211/3125 [====================>.........] - ETA: 2s - loss: 18.9061 - accuracy: 0.1608
2234/3125 [====================>.........] - ETA: 2s - loss: 18.8144 - accuracy: 0.1610
2257/3125 [====================>.........] - ETA: 2s - loss: 18.7319 - accuracy: 0.1610
2276/3125 [====================>.........] - ETA: 2s - loss: 18.6630 - accuracy: 0.1607
2298/3125 [=====================>........] - ETA: 2s - loss: 18.5741 - accuracy: 0.1609
2323/3125 [=====================>........] - ETA: 2s - loss: 18.4772 - accuracy: 0.1609
2346/3125 [=====================>........] - ETA: 2s - loss: 18.3805 - accuracy: 0.1612
2365/3125 [=====================>........] - ETA: 2s - loss: 18.3154 - accuracy: 0.1611
2391/3125 [=====================>........] - ETA: 1s - loss: 18.2298 - accuracy: 0.1611
2418/3125 [======================>.......] - ETA: 1s - loss: 18.1525 - accuracy: 0.1609
2440/3125 [======================>.......] - ETA: 1s - loss: 18.0783 - accuracy: 0.1611
2465/3125 [======================>.......] - ETA: 1s - loss: 17.9952 - accuracy: 0.1608
2487/3125 [======================>.......] - ETA: 1s - loss: 17.9175 - accuracy: 0.1608
2510/3125 [=======================>......] - ETA: 1s - loss: 17.8647 - accuracy: 0.1608
2532/3125 [=======================>......] - ETA: 1s - loss: 17.7882 - accuracy: 0.1609
2555/3125 [=======================>......] - ETA: 1s - loss: 17.7220 - accuracy: 0.1609
2576/3125 [=======================>......] - ETA: 1s - loss: 17.6621 - accuracy: 0.1611
2598/3125 [=======================>......] - ETA: 1s - loss: 17.6545 - accuracy: 0.1611
2622/3125 [========================>.....] - ETA: 1s - loss: 17.6766 - accuracy: 0.1613
2646/3125 [========================>.....] - ETA: 1s - loss: 17.7904 - accuracy: 0.1610
2671/3125 [========================>.....] - ETA: 1s - loss: 17.9250 - accuracy: 0.1608
2693/3125 [========================>.....] - ETA: 1s - loss: 18.0583 - accuracy: 0.1608
2716/3125 [=========================>....] - ETA: 1s - loss: 18.1803 - accuracy: 0.1609
2739/3125 [=========================>....] - ETA: 1s - loss: 18.3027 - accuracy: 0.1607
2763/3125 [=========================>....] - ETA: 0s - loss: 18.4101 - accuracy: 0.1608
2786/3125 [=========================>....] - ETA: 0s - loss: 18.4030 - accuracy: 0.1607
2808/3125 [=========================>....] - ETA: 0s - loss: 18.3759 - accuracy: 0.1608
2833/3125 [==========================>...] - ETA: 0s - loss: 18.3613 - accuracy: 0.1609
2852/3125 [==========================>...] - ETA: 0s - loss: 18.3264 - accuracy: 0.1610
2871/3125 [==========================>...] - ETA: 0s - loss: 18.2923 - accuracy: 0.1609
2893/3125 [==========================>...] - ETA: 0s - loss: 18.2481 - accuracy: 0.1609
2917/3125 [===========================>..] - ETA: 0s - loss: 18.1856 - accuracy: 0.1607
2940/3125 [===========================>..] - ETA: 0s - loss: 18.1644 - accuracy: 0.1606
2962/3125 [===========================>..] - ETA: 0s - loss: 18.1142 - accuracy: 0.1606
2980/3125 [===========================>..] - ETA: 0s - loss: 18.0816 - accuracy: 0.1607
3001/3125 [===========================>..] - ETA: 0s - loss: 18.0223 - accuracy: 0.1610
3028/3125 [============================>.] - ETA: 0s - loss: 17.9642 - accuracy: 0.1611
3053/3125 [============================>.] - ETA: 0s - loss: 17.9044 - accuracy: 0.1613
3076/3125 [============================>.] - ETA: 0s - loss: 17.8535 - accuracy: 0.1611
3098/3125 [============================>.] - ETA: 0s - loss: 17.8003 - accuracy: 0.1611
3121/3125 [============================>.] - ETA: 0s - loss: 17.7480 - accuracy: 0.1611
3125/3125 [==============================] - 9s 3ms/step - loss: 17.7375 - accuracy: 0.1612 - val_loss: 8.8726 - val_accuracy: 0.1530
Epoch 7/86

   1/3125 [..............................] - ETA: 48s - loss: 9.8377 - accuracy: 0.1250
  20/3125 [..............................] - ETA: 9s - loss: 10.0193 - accuracy: 0.1375
  38/3125 [..............................] - ETA: 9s - loss: 10.8657 - accuracy: 0.1414
  61/3125 [..............................] - ETA: 8s - loss: 11.2883 - accuracy: 0.1516
  81/3125 [..............................] - ETA: 8s - loss: 11.2703 - accuracy: 0.1535
 100/3125 [..............................] - ETA: 9s - loss: 10.9367 - accuracy: 0.1519
 122/3125 [>.............................] - ETA: 8s - loss: 10.8272 - accuracy: 0.1537
 143/3125 [>.............................] - ETA: 8s - loss: 11.6403 - accuracy: 0.1534
 166/3125 [>.............................] - ETA: 8s - loss: 12.2153 - accuracy: 0.1547
 189/3125 [>.............................] - ETA: 8s - loss: 12.4845 - accuracy: 0.1567
 210/3125 [=>............................] - ETA: 8s - loss: 13.3143 - accuracy: 0.1548
 228/3125 [=>............................] - ETA: 8s - loss: 14.2911 - accuracy: 0.1587
 249/3125 [=>............................] - ETA: 8s - loss: 15.0119 - accuracy: 0.1561
 269/3125 [=>............................] - ETA: 8s - loss: 15.7898 - accuracy: 0.1550
 292/3125 [=>............................] - ETA: 8s - loss: 16.6075 - accuracy: 0.1543
 315/3125 [==>...........................] - ETA: 8s - loss: 17.2079 - accuracy: 0.1579
 338/3125 [==>...........................] - ETA: 8s - loss: 17.9573 - accuracy: 0.1572
 361/3125 [==>...........................] - ETA: 7s - loss: 18.7906 - accuracy: 0.1570
 384/3125 [==>...........................] - ETA: 7s - loss: 20.0113 - accuracy: 0.1576
 403/3125 [==>...........................] - ETA: 7s - loss: 20.9362 - accuracy: 0.1585
 428/3125 [===>..........................] - ETA: 7s - loss: 21.9544 - accuracy: 0.1583
 454/3125 [===>..........................] - ETA: 7s - loss: 23.0765 - accuracy: 0.1575
 480/3125 [===>..........................] - ETA: 7s - loss: 23.6984 - accuracy: 0.1579
 505/3125 [===>..........................] - ETA: 7s - loss: 23.9364 - accuracy: 0.1568
 527/3125 [====>.........................] - ETA: 7s - loss: 23.9650 - accuracy: 0.1567
 550/3125 [====>.........................] - ETA: 7s - loss: 23.6170 - accuracy: 0.1569
 573/3125 [====>.........................] - ETA: 6s - loss: 23.2535 - accuracy: 0.1573
 597/3125 [====>.........................] - ETA: 6s - loss: 22.9066 - accuracy: 0.1571
 617/3125 [====>.........................] - ETA: 6s - loss: 22.4616 - accuracy: 0.1563
 635/3125 [=====>........................] - ETA: 6s - loss: 22.0726 - accuracy: 0.1562
 656/3125 [=====>........................] - ETA: 6s - loss: 21.6231 - accuracy: 0.1556
 678/3125 [=====>........................] - ETA: 6s - loss: 21.1637 - accuracy: 0.1554
 701/3125 [=====>........................] - ETA: 6s - loss: 20.7393 - accuracy: 0.1558
 723/3125 [=====>........................] - ETA: 6s - loss: 20.4196 - accuracy: 0.1552
 744/3125 [======>.......................] - ETA: 6s - loss: 20.1184 - accuracy: 0.1557
 764/3125 [======>.......................] - ETA: 6s - loss: 19.8943 - accuracy: 0.1558
 785/3125 [======>.......................] - ETA: 6s - loss: 19.6746 - accuracy: 0.1549
 807/3125 [======>.......................] - ETA: 6s - loss: 19.4172 - accuracy: 0.1545
 830/3125 [======>.......................] - ETA: 6s - loss: 19.1778 - accuracy: 0.1545
 853/3125 [=======>......................] - ETA: 6s - loss: 18.9912 - accuracy: 0.1549
 874/3125 [=======>......................] - ETA: 6s - loss: 18.8767 - accuracy: 0.1552
 894/3125 [=======>......................] - ETA: 6s - loss: 18.7663 - accuracy: 0.1558
 918/3125 [=======>......................] - ETA: 6s - loss: 18.6117 - accuracy: 0.1565
 942/3125 [========>.....................] - ETA: 6s - loss: 18.4388 - accuracy: 0.1562
 963/3125 [========>.....................] - ETA: 6s - loss: 18.2981 - accuracy: 0.1569
 985/3125 [========>.....................] - ETA: 5s - loss: 18.1588 - accuracy: 0.1570
1010/3125 [========>.....................] - ETA: 5s - loss: 18.0039 - accuracy: 0.1567
1033/3125 [========>.....................] - ETA: 5s - loss: 17.7670 - accuracy: 0.1573
1056/3125 [=========>....................] - ETA: 5s - loss: 17.5560 - accuracy: 0.1577
1081/3125 [=========>....................] - ETA: 5s - loss: 17.3718 - accuracy: 0.1573
1103/3125 [=========>....................] - ETA: 5s - loss: 17.3179 - accuracy: 0.1570
1125/3125 [=========>....................] - ETA: 5s - loss: 17.2461 - accuracy: 0.1572
1147/3125 [==========>...................] - ETA: 5s - loss: 17.1450 - accuracy: 0.1565
1173/3125 [==========>...................] - ETA: 5s - loss: 17.0536 - accuracy: 0.1562
1200/3125 [==========>...................] - ETA: 5s - loss: 16.9914 - accuracy: 0.1569
1226/3125 [==========>...................] - ETA: 5s - loss: 17.0534 - accuracy: 0.1566
1254/3125 [===========>..................] - ETA: 5s - loss: 17.3575 - accuracy: 0.1563
1284/3125 [===========>..................] - ETA: 5s - loss: 17.7142 - accuracy: 0.1563
1312/3125 [===========>..................] - ETA: 4s - loss: 17.8668 - accuracy: 0.1550
1340/3125 [===========>..................] - ETA: 4s - loss: 18.0109 - accuracy: 0.1546
1367/3125 [============>.................] - ETA: 4s - loss: 18.1850 - accuracy: 0.1543
1390/3125 [============>.................] - ETA: 4s - loss: 18.3700 - accuracy: 0.1536
1409/3125 [============>.................] - ETA: 4s - loss: 18.4106 - accuracy: 0.1537
1429/3125 [============>.................] - ETA: 4s - loss: 18.4510 - accuracy: 0.1542
1450/3125 [============>.................] - ETA: 4s - loss: 18.4131 - accuracy: 0.1545
1474/3125 [=============>................] - ETA: 4s - loss: 18.3552 - accuracy: 0.1548
1498/3125 [=============>................] - ETA: 4s - loss: 18.3406 - accuracy: 0.1547
1521/3125 [=============>................] - ETA: 4s - loss: 18.2829 - accuracy: 0.1548
1545/3125 [=============>................] - ETA: 4s - loss: 18.2590 - accuracy: 0.1544
1566/3125 [==============>...............] - ETA: 4s - loss: 18.2183 - accuracy: 0.1546
1588/3125 [==============>...............] - ETA: 4s - loss: 18.1351 - accuracy: 0.1546
1612/3125 [==============>...............] - ETA: 4s - loss: 18.0570 - accuracy: 0.1542
1637/3125 [==============>...............] - ETA: 4s - loss: 17.9998 - accuracy: 0.1542
1657/3125 [==============>...............] - ETA: 3s - loss: 17.9167 - accuracy: 0.1540
1677/3125 [===============>..............] - ETA: 3s - loss: 17.8075 - accuracy: 0.1544
1698/3125 [===============>..............] - ETA: 3s - loss: 17.7192 - accuracy: 0.1540
1722/3125 [===============>..............] - ETA: 3s - loss: 17.6169 - accuracy: 0.1544
1745/3125 [===============>..............] - ETA: 3s - loss: 17.5325 - accuracy: 0.1545
1768/3125 [===============>..............] - ETA: 3s - loss: 17.4583 - accuracy: 0.1541
1791/3125 [================>.............] - ETA: 3s - loss: 17.3542 - accuracy: 0.1539
1814/3125 [================>.............] - ETA: 3s - loss: 17.2512 - accuracy: 0.1536
1837/3125 [================>.............] - ETA: 3s - loss: 17.1479 - accuracy: 0.1534
1861/3125 [================>.............] - ETA: 3s - loss: 17.0341 - accuracy: 0.1533
1885/3125 [=================>............] - ETA: 3s - loss: 16.9167 - accuracy: 0.1533
1911/3125 [=================>............] - ETA: 3s - loss: 16.8112 - accuracy: 0.1535
1931/3125 [=================>............] - ETA: 3s - loss: 16.7273 - accuracy: 0.1541
1951/3125 [=================>............] - ETA: 3s - loss: 16.6654 - accuracy: 0.1538
1974/3125 [=================>............] - ETA: 3s - loss: 16.5797 - accuracy: 0.1540
1997/3125 [==================>...........] - ETA: 3s - loss: 16.5277 - accuracy: 0.1539
2023/3125 [==================>...........] - ETA: 2s - loss: 16.4601 - accuracy: 0.1539
2049/3125 [==================>...........] - ETA: 2s - loss: 16.3933 - accuracy: 0.1541
2075/3125 [==================>...........] - ETA: 2s - loss: 16.3677 - accuracy: 0.1540
2103/3125 [===================>..........] - ETA: 2s - loss: 16.3607 - accuracy: 0.1542
2130/3125 [===================>..........] - ETA: 2s - loss: 16.3664 - accuracy: 0.1545
2153/3125 [===================>..........] - ETA: 2s - loss: 16.3951 - accuracy: 0.1545
2177/3125 [===================>..........] - ETA: 2s - loss: 16.4455 - accuracy: 0.1545
2196/3125 [====================>.........] - ETA: 2s - loss: 16.5076 - accuracy: 0.1544
2216/3125 [====================>.........] - ETA: 2s - loss: 16.5075 - accuracy: 0.1542
2238/3125 [====================>.........] - ETA: 2s - loss: 16.5741 - accuracy: 0.1540
2260/3125 [====================>.........] - ETA: 2s - loss: 16.5994 - accuracy: 0.1539
2283/3125 [====================>.........] - ETA: 2s - loss: 16.6186 - accuracy: 0.1537
2307/3125 [=====================>........] - ETA: 2s - loss: 16.6310 - accuracy: 0.1535
2330/3125 [=====================>........] - ETA: 2s - loss: 16.6271 - accuracy: 0.1532
2354/3125 [=====================>........] - ETA: 2s - loss: 16.5740 - accuracy: 0.1532
2377/3125 [=====================>........] - ETA: 2s - loss: 16.5326 - accuracy: 0.1532
2401/3125 [======================>.......] - ETA: 1s - loss: 16.5128 - accuracy: 0.1533
2426/3125 [======================>.......] - ETA: 1s - loss: 16.5097 - accuracy: 0.1532
2448/3125 [======================>.......] - ETA: 1s - loss: 16.4972 - accuracy: 0.1530
2473/3125 [======================>.......] - ETA: 1s - loss: 16.4724 - accuracy: 0.1531
2494/3125 [======================>.......] - ETA: 1s - loss: 16.4741 - accuracy: 0.1529
2514/3125 [=======================>......] - ETA: 1s - loss: 16.5047 - accuracy: 0.1530
2538/3125 [=======================>......] - ETA: 1s - loss: 16.5192 - accuracy: 0.1529
2562/3125 [=======================>......] - ETA: 1s - loss: 16.5984 - accuracy: 0.1527
2586/3125 [=======================>......] - ETA: 1s - loss: 16.7020 - accuracy: 0.1527
2609/3125 [========================>.....] - ETA: 1s - loss: 16.7750 - accuracy: 0.1528
2634/3125 [========================>.....] - ETA: 1s - loss: 16.9469 - accuracy: 0.1528
2659/3125 [========================>.....] - ETA: 1s - loss: 17.0968 - accuracy: 0.1528
2683/3125 [========================>.....] - ETA: 1s - loss: 17.1865 - accuracy: 0.1529
2708/3125 [========================>.....] - ETA: 1s - loss: 17.2761 - accuracy: 0.1532
2733/3125 [=========================>....] - ETA: 1s - loss: 17.3941 - accuracy: 0.1533
2758/3125 [=========================>....] - ETA: 0s - loss: 17.4512 - accuracy: 0.1536
2783/3125 [=========================>....] - ETA: 0s - loss: 17.5156 - accuracy: 0.1533
2807/3125 [=========================>....] - ETA: 0s - loss: 17.5336 - accuracy: 0.1532
2831/3125 [==========================>...] - ETA: 0s - loss: 17.4831 - accuracy: 0.1530
2856/3125 [==========================>...] - ETA: 0s - loss: 17.4424 - accuracy: 0.1534
2881/3125 [==========================>...] - ETA: 0s - loss: 17.4000 - accuracy: 0.1533
2904/3125 [==========================>...] - ETA: 0s - loss: 17.3462 - accuracy: 0.1534
2929/3125 [===========================>..] - ETA: 0s - loss: 17.3062 - accuracy: 0.1533
2953/3125 [===========================>..] - ETA: 0s - loss: 17.2805 - accuracy: 0.1532
2978/3125 [===========================>..] - ETA: 0s - loss: 17.2511 - accuracy: 0.1531
3000/3125 [===========================>..] - ETA: 0s - loss: 17.2487 - accuracy: 0.1529
3024/3125 [============================>.] - ETA: 0s - loss: 17.2016 - accuracy: 0.1534
3048/3125 [============================>.] - ETA: 0s - loss: 17.1818 - accuracy: 0.1534
3070/3125 [============================>.] - ETA: 0s - loss: 17.1508 - accuracy: 0.1535
3090/3125 [============================>.] - ETA: 0s - loss: 17.1043 - accuracy: 0.1531
3105/3125 [============================>.] - ETA: 0s - loss: 17.0758 - accuracy: 0.1533
3120/3125 [============================>.] - ETA: 0s - loss: 17.0524 - accuracy: 0.1534
3125/3125 [==============================] - 9s 3ms/step - loss: 17.0496 - accuracy: 0.1534 - val_loss: 18.1129 - val_accuracy: 0.1656
Epoch 7: early stopping

  1/313 [..............................] - ETA: 4s - loss: 18.6785 - accuracy: 0.1875
 32/313 [==>...........................] - ETA: 0s - loss: 18.5094 - accuracy: 0.1768
 67/313 [=====>........................] - ETA: 0s - loss: 18.2358 - accuracy: 0.1637
102/313 [========>.....................] - ETA: 0s - loss: 18.1156 - accuracy: 0.1676
140/313 [============>.................] - ETA: 0s - loss: 18.1338 - accuracy: 0.1654
178/313 [================>.............] - ETA: 0s - loss: 18.1372 - accuracy: 0.1659
217/313 [===================>..........] - ETA: 0s - loss: 18.1955 - accuracy: 0.1643
254/313 [=======================>......] - ETA: 0s - loss: 18.1690 - accuracy: 0.1640
294/313 [===========================>..] - ETA: 0s - loss: 18.0633 - accuracy: 0.1660
313/313 [==============================] - 1s 2ms/step - loss: 18.1129 - accuracy: 0.1656
