2024-07-26 03:33:06.686740: I tensorflow/core/platform/cpu_feature_guard.cc:193] This TensorFlow binary is optimized with oneAPI Deep Neural Network Library (oneDNN) to use the following CPU instructions in performance-critical operations:  AVX AVX2
To enable them in other operations, rebuild TensorFlow with the appropriate compiler flags.
2024-07-26 03:33:07.416987: I tensorflow/core/common_runtime/gpu/gpu_device.cc:1616] Created device /job:localhost/replica:0/task:0/device:GPU:0 with 6656 MB memory:  -> device: 0, name: NVIDIA GeForce RTX 4060 Ti, pci bus id: 0000:01:00.0, compute capability: 8.9
1 Physical GPUs, 1 Logical GPUs
Model: "sequential"
_________________________________________________________________
 Layer (type)                Output Shape              Param #   
=================================================================
 conv2d (Conv2D)             (None, 32, 32, 32)        896       
                                                                 
 dropout (Dropout)           (None, 32, 32, 32)        0         
                                                                 
 flatten (Flatten)           (None, 32768)             0         
                                                                 
 dense (Dense)               (None, 10)                327690    
                                                                 
=================================================================
Total params: 328,586
Trainable params: 328,586
Non-trainable params: 0
_________________________________________________________________
Taxa de aprendizado:  0.001 Num de épocas:  67 Tamanho do lote:  64 Dropout:  0.25
Epoch 1/67
2024-07-26 03:33:08.835922: I tensorflow/stream_executor/cuda/cuda_dnn.cc:384] Loaded cuDNN version 8100
2024-07-26 03:33:09.951613: W tensorflow/stream_executor/gpu/redzone_allocator.cc:314] INTERNAL: ptxas exited with non-zero error code -1, output: 
Relying on driver to perform ptx compilation. 
Modify $PATH to customize ptxas location.
This message will be only logged once.
2024-07-26 03:33:10.895255: I tensorflow/stream_executor/cuda/cuda_blas.cc:1614] TensorFloat-32 will be used for the matrix multiplication. This will only be logged once.

  1/782 [..............................] - ETA: 45:53 - loss: 2.3193 - accuracy: 0.0625
 14/782 [..............................] - ETA: 3s - loss: 2.3899 - accuracy: 0.1596   
 31/782 [>.............................] - ETA: 3s - loss: 2.2148 - accuracy: 0.2162
 49/782 [>.............................] - ETA: 2s - loss: 2.0960 - accuracy: 0.2529
 66/782 [=>............................] - ETA: 2s - loss: 2.0285 - accuracy: 0.2772
 82/782 [==>...........................] - ETA: 2s - loss: 1.9775 - accuracy: 0.2988
103/782 [==>...........................] - ETA: 2s - loss: 1.9147 - accuracy: 0.3255
124/782 [===>..........................] - ETA: 2s - loss: 1.8670 - accuracy: 0.3425
146/782 [====>.........................] - ETA: 2s - loss: 1.8399 - accuracy: 0.3516
166/782 [=====>........................] - ETA: 2s - loss: 1.8128 - accuracy: 0.3609
186/782 [======>.......................] - ETA: 2s - loss: 1.7877 - accuracy: 0.3706
206/782 [======>.......................] - ETA: 1s - loss: 1.7682 - accuracy: 0.3770
226/782 [=======>......................] - ETA: 1s - loss: 1.7492 - accuracy: 0.3849
246/782 [========>.....................] - ETA: 1s - loss: 1.7305 - accuracy: 0.3905
267/782 [=========>....................] - ETA: 1s - loss: 1.7135 - accuracy: 0.3985
286/782 [=========>....................] - ETA: 1s - loss: 1.6989 - accuracy: 0.4037
302/782 [==========>...................] - ETA: 1s - loss: 1.6880 - accuracy: 0.4079
322/782 [===========>..................] - ETA: 1s - loss: 1.6754 - accuracy: 0.4132
342/782 [============>.................] - ETA: 1s - loss: 1.6633 - accuracy: 0.4168
363/782 [============>.................] - ETA: 1s - loss: 1.6496 - accuracy: 0.4213
382/782 [=============>................] - ETA: 1s - loss: 1.6396 - accuracy: 0.4243
403/782 [==============>...............] - ETA: 1s - loss: 1.6293 - accuracy: 0.4278
425/782 [===============>..............] - ETA: 1s - loss: 1.6190 - accuracy: 0.4315
443/782 [===============>..............] - ETA: 1s - loss: 1.6122 - accuracy: 0.4336
460/782 [================>.............] - ETA: 1s - loss: 1.6069 - accuracy: 0.4355
477/782 [=================>............] - ETA: 0s - loss: 1.5988 - accuracy: 0.4384
496/782 [==================>...........] - ETA: 0s - loss: 1.5888 - accuracy: 0.4420
513/782 [==================>...........] - ETA: 0s - loss: 1.5826 - accuracy: 0.4444
529/782 [===================>..........] - ETA: 0s - loss: 1.5767 - accuracy: 0.4465
547/782 [===================>..........] - ETA: 0s - loss: 1.5701 - accuracy: 0.4483
564/782 [====================>.........] - ETA: 0s - loss: 1.5626 - accuracy: 0.4511
581/782 [=====================>........] - ETA: 0s - loss: 1.5563 - accuracy: 0.4538
598/782 [=====================>........] - ETA: 0s - loss: 1.5504 - accuracy: 0.4558
614/782 [======================>.......] - ETA: 0s - loss: 1.5452 - accuracy: 0.4576
628/782 [=======================>......] - ETA: 0s - loss: 1.5410 - accuracy: 0.4591
645/782 [=======================>......] - ETA: 0s - loss: 1.5353 - accuracy: 0.4611
661/782 [========================>.....] - ETA: 0s - loss: 1.5295 - accuracy: 0.4631
678/782 [=========================>....] - ETA: 0s - loss: 1.5248 - accuracy: 0.4647
695/782 [=========================>....] - ETA: 0s - loss: 1.5192 - accuracy: 0.4665
712/782 [==========================>...] - ETA: 0s - loss: 1.5138 - accuracy: 0.4685
729/782 [==========================>...] - ETA: 0s - loss: 1.5091 - accuracy: 0.4704
738/782 [===========================>..] - ETA: 0s - loss: 1.5071 - accuracy: 0.4708
751/782 [===========================>..] - ETA: 0s - loss: 1.5030 - accuracy: 0.4721
767/782 [============================>.] - ETA: 0s - loss: 1.4990 - accuracy: 0.4736
782/782 [==============================] - 7s 5ms/step - loss: 1.4958 - accuracy: 0.4744 - val_loss: 1.2825 - val_accuracy: 0.5505
Epoch 2/67

  1/782 [..............................] - ETA: 12s - loss: 1.1787 - accuracy: 0.5625
 16/782 [..............................] - ETA: 3s - loss: 1.1981 - accuracy: 0.5908 
 34/782 [>.............................] - ETA: 2s - loss: 1.2511 - accuracy: 0.5657
 51/782 [>.............................] - ETA: 2s - loss: 1.2585 - accuracy: 0.5656
 68/782 [=>............................] - ETA: 2s - loss: 1.2308 - accuracy: 0.5744
 86/782 [==>...........................] - ETA: 2s - loss: 1.2199 - accuracy: 0.5789
103/782 [==>...........................] - ETA: 2s - loss: 1.2228 - accuracy: 0.5799
120/782 [===>..........................] - ETA: 2s - loss: 1.2215 - accuracy: 0.5771
137/782 [====>.........................] - ETA: 2s - loss: 1.2249 - accuracy: 0.5761
151/782 [====>.........................] - ETA: 2s - loss: 1.2295 - accuracy: 0.5737
168/782 [=====>........................] - ETA: 2s - loss: 1.2250 - accuracy: 0.5748
186/782 [======>.......................] - ETA: 2s - loss: 1.2289 - accuracy: 0.5722
203/782 [======>.......................] - ETA: 2s - loss: 1.2264 - accuracy: 0.5730
221/782 [=======>......................] - ETA: 2s - loss: 1.2312 - accuracy: 0.5715
239/782 [========>.....................] - ETA: 1s - loss: 1.2340 - accuracy: 0.5703
256/782 [========>.....................] - ETA: 1s - loss: 1.2281 - accuracy: 0.5727
274/782 [=========>....................] - ETA: 1s - loss: 1.2253 - accuracy: 0.5734
291/782 [==========>...................] - ETA: 1s - loss: 1.2248 - accuracy: 0.5743
307/782 [==========>...................] - ETA: 1s - loss: 1.2211 - accuracy: 0.5764
321/782 [===========>..................] - ETA: 1s - loss: 1.2234 - accuracy: 0.5752
338/782 [===========>..................] - ETA: 1s - loss: 1.2239 - accuracy: 0.5754
352/782 [============>.................] - ETA: 1s - loss: 1.2241 - accuracy: 0.5754
369/782 [=============>................] - ETA: 1s - loss: 1.2227 - accuracy: 0.5762
386/782 [=============>................] - ETA: 1s - loss: 1.2227 - accuracy: 0.5763
403/782 [==============>...............] - ETA: 1s - loss: 1.2234 - accuracy: 0.5760
420/782 [===============>..............] - ETA: 1s - loss: 1.2234 - accuracy: 0.5763
437/782 [===============>..............] - ETA: 1s - loss: 1.2226 - accuracy: 0.5766
455/782 [================>.............] - ETA: 1s - loss: 1.2224 - accuracy: 0.5762
472/782 [=================>............] - ETA: 1s - loss: 1.2211 - accuracy: 0.5766
487/782 [=================>............] - ETA: 1s - loss: 1.2201 - accuracy: 0.5771
502/782 [==================>...........] - ETA: 1s - loss: 1.2207 - accuracy: 0.5767
518/782 [==================>...........] - ETA: 0s - loss: 1.2207 - accuracy: 0.5767
533/782 [===================>..........] - ETA: 0s - loss: 1.2203 - accuracy: 0.5764
551/782 [====================>.........] - ETA: 0s - loss: 1.2181 - accuracy: 0.5769
568/782 [====================>.........] - ETA: 0s - loss: 1.2168 - accuracy: 0.5773
585/782 [=====================>........] - ETA: 0s - loss: 1.2158 - accuracy: 0.5777
602/782 [======================>.......] - ETA: 0s - loss: 1.2141 - accuracy: 0.5781
619/782 [======================>.......] - ETA: 0s - loss: 1.2133 - accuracy: 0.5784
636/782 [=======================>......] - ETA: 0s - loss: 1.2120 - accuracy: 0.5790
653/782 [========================>.....] - ETA: 0s - loss: 1.2110 - accuracy: 0.5797
671/782 [========================>.....] - ETA: 0s - loss: 1.2106 - accuracy: 0.5802
687/782 [=========================>....] - ETA: 0s - loss: 1.2106 - accuracy: 0.5804
705/782 [==========================>...] - ETA: 0s - loss: 1.2104 - accuracy: 0.5806
719/782 [==========================>...] - ETA: 0s - loss: 1.2100 - accuracy: 0.5807
736/782 [===========================>..] - ETA: 0s - loss: 1.2111 - accuracy: 0.5804
754/782 [===========================>..] - ETA: 0s - loss: 1.2106 - accuracy: 0.5809
772/782 [============================>.] - ETA: 0s - loss: 1.2119 - accuracy: 0.5806
782/782 [==============================] - 4s 4ms/step - loss: 1.2113 - accuracy: 0.5804 - val_loss: 1.2342 - val_accuracy: 0.5701
Epoch 3/67

  1/782 [..............................] - ETA: 0s - loss: 0.9811 - accuracy: 0.6250
 14/782 [..............................] - ETA: 3s - loss: 1.1304 - accuracy: 0.5971
 31/782 [>.............................] - ETA: 3s - loss: 1.0964 - accuracy: 0.6184
 48/782 [>.............................] - ETA: 2s - loss: 1.0759 - accuracy: 0.6276
 65/782 [=>............................] - ETA: 2s - loss: 1.0857 - accuracy: 0.6245
 82/782 [==>...........................] - ETA: 2s - loss: 1.0795 - accuracy: 0.6271
 97/782 [==>...........................] - ETA: 2s - loss: 1.0801 - accuracy: 0.6284
110/782 [===>..........................] - ETA: 2s - loss: 1.0840 - accuracy: 0.6261
124/782 [===>..........................] - ETA: 2s - loss: 1.0862 - accuracy: 0.6244
140/782 [====>.........................] - ETA: 2s - loss: 1.0906 - accuracy: 0.6208
158/782 [=====>........................] - ETA: 2s - loss: 1.0878 - accuracy: 0.6228
173/782 [=====>........................] - ETA: 2s - loss: 1.0912 - accuracy: 0.6227
187/782 [======>.......................] - ETA: 2s - loss: 1.0915 - accuracy: 0.6229
204/782 [======>.......................] - ETA: 2s - loss: 1.0916 - accuracy: 0.6224
221/782 [=======>......................] - ETA: 2s - loss: 1.0940 - accuracy: 0.6220
239/782 [========>.....................] - ETA: 2s - loss: 1.0906 - accuracy: 0.6230
255/782 [========>.....................] - ETA: 1s - loss: 1.0899 - accuracy: 0.6232
272/782 [=========>....................] - ETA: 1s - loss: 1.0917 - accuracy: 0.6230
287/782 [==========>...................] - ETA: 1s - loss: 1.0915 - accuracy: 0.6231
302/782 [==========>...................] - ETA: 1s - loss: 1.0942 - accuracy: 0.6221
317/782 [===========>..................] - ETA: 1s - loss: 1.0955 - accuracy: 0.6220
332/782 [===========>..................] - ETA: 1s - loss: 1.0951 - accuracy: 0.6225
349/782 [============>.................] - ETA: 1s - loss: 1.0976 - accuracy: 0.6222
367/782 [=============>................] - ETA: 1s - loss: 1.0955 - accuracy: 0.6222
384/782 [=============>................] - ETA: 1s - loss: 1.0949 - accuracy: 0.6227
401/782 [==============>...............] - ETA: 1s - loss: 1.0947 - accuracy: 0.6220
418/782 [===============>..............] - ETA: 1s - loss: 1.0950 - accuracy: 0.6215
435/782 [===============>..............] - ETA: 1s - loss: 1.0951 - accuracy: 0.6215
452/782 [================>.............] - ETA: 1s - loss: 1.0962 - accuracy: 0.6208
468/782 [================>.............] - ETA: 1s - loss: 1.0959 - accuracy: 0.6211
487/782 [=================>............] - ETA: 1s - loss: 1.0975 - accuracy: 0.6204
503/782 [==================>...........] - ETA: 1s - loss: 1.0982 - accuracy: 0.6204
516/782 [==================>...........] - ETA: 0s - loss: 1.0977 - accuracy: 0.6201
534/782 [===================>..........] - ETA: 0s - loss: 1.0986 - accuracy: 0.6198
551/782 [====================>.........] - ETA: 0s - loss: 1.0997 - accuracy: 0.6191
567/782 [====================>.........] - ETA: 0s - loss: 1.1019 - accuracy: 0.6182
586/782 [=====================>........] - ETA: 0s - loss: 1.1035 - accuracy: 0.6175
604/782 [======================>.......] - ETA: 0s - loss: 1.1045 - accuracy: 0.6169
621/782 [======================>.......] - ETA: 0s - loss: 1.1051 - accuracy: 0.6165
639/782 [=======================>......] - ETA: 0s - loss: 1.1070 - accuracy: 0.6161
657/782 [========================>.....] - ETA: 0s - loss: 1.1071 - accuracy: 0.6164
675/782 [========================>.....] - ETA: 0s - loss: 1.1061 - accuracy: 0.6167
692/782 [=========================>....] - ETA: 0s - loss: 1.1062 - accuracy: 0.6166
708/782 [==========================>...] - ETA: 0s - loss: 1.1049 - accuracy: 0.6173
723/782 [==========================>...] - ETA: 0s - loss: 1.1027 - accuracy: 0.6181
740/782 [===========================>..] - ETA: 0s - loss: 1.1027 - accuracy: 0.6181
757/782 [============================>.] - ETA: 0s - loss: 1.1025 - accuracy: 0.6185
775/782 [============================>.] - ETA: 0s - loss: 1.1018 - accuracy: 0.6188
782/782 [==============================] - 4s 5ms/step - loss: 1.1011 - accuracy: 0.6190 - val_loss: 1.1747 - val_accuracy: 0.5903
Epoch 4/67

  1/782 [..............................] - ETA: 11s - loss: 0.7615 - accuracy: 0.7344
 19/782 [..............................] - ETA: 2s - loss: 0.9807 - accuracy: 0.6571 
 36/782 [>.............................] - ETA: 2s - loss: 0.9664 - accuracy: 0.6680
 53/782 [=>............................] - ETA: 2s - loss: 0.9695 - accuracy: 0.6684
 70/782 [=>............................] - ETA: 2s - loss: 0.9923 - accuracy: 0.6593
 89/782 [==>...........................] - ETA: 2s - loss: 0.9928 - accuracy: 0.6562
105/782 [===>..........................] - ETA: 2s - loss: 0.9949 - accuracy: 0.6556
122/782 [===>..........................] - ETA: 2s - loss: 0.9952 - accuracy: 0.6575
136/782 [====>.........................] - ETA: 2s - loss: 0.9934 - accuracy: 0.6594
153/782 [====>.........................] - ETA: 2s - loss: 0.9870 - accuracy: 0.6623
167/782 [=====>........................] - ETA: 2s - loss: 0.9892 - accuracy: 0.6613
183/782 [======>.......................] - ETA: 2s - loss: 0.9910 - accuracy: 0.6629
200/782 [======>.......................] - ETA: 2s - loss: 0.9895 - accuracy: 0.6631
218/782 [=======>......................] - ETA: 2s - loss: 0.9941 - accuracy: 0.6603
235/782 [========>.....................] - ETA: 1s - loss: 0.9960 - accuracy: 0.6590
253/782 [========>.....................] - ETA: 1s - loss: 0.9986 - accuracy: 0.6574
270/782 [=========>....................] - ETA: 1s - loss: 1.0001 - accuracy: 0.6557
288/782 [==========>...................] - ETA: 1s - loss: 1.0022 - accuracy: 0.6550
305/782 [==========>...................] - ETA: 1s - loss: 1.0017 - accuracy: 0.6556
319/782 [===========>..................] - ETA: 1s - loss: 0.9995 - accuracy: 0.6559
334/782 [===========>..................] - ETA: 1s - loss: 1.0004 - accuracy: 0.6552
351/782 [============>.................] - ETA: 1s - loss: 1.0036 - accuracy: 0.6542
368/782 [=============>................] - ETA: 1s - loss: 1.0045 - accuracy: 0.6539
386/782 [=============>................] - ETA: 1s - loss: 1.0034 - accuracy: 0.6549
404/782 [==============>...............] - ETA: 1s - loss: 1.0031 - accuracy: 0.6550
422/782 [===============>..............] - ETA: 1s - loss: 1.0029 - accuracy: 0.6548
439/782 [===============>..............] - ETA: 1s - loss: 1.0065 - accuracy: 0.6528
462/782 [================>.............] - ETA: 1s - loss: 1.0089 - accuracy: 0.6517
481/782 [=================>............] - ETA: 1s - loss: 1.0106 - accuracy: 0.6513
499/782 [==================>...........] - ETA: 1s - loss: 1.0106 - accuracy: 0.6510
518/782 [==================>...........] - ETA: 0s - loss: 1.0109 - accuracy: 0.6513
538/782 [===================>..........] - ETA: 0s - loss: 1.0106 - accuracy: 0.6515
558/782 [====================>.........] - ETA: 0s - loss: 1.0132 - accuracy: 0.6506
579/782 [=====================>........] - ETA: 0s - loss: 1.0125 - accuracy: 0.6505
601/782 [======================>.......] - ETA: 0s - loss: 1.0137 - accuracy: 0.6503
622/782 [======================>.......] - ETA: 0s - loss: 1.0131 - accuracy: 0.6505
644/782 [=======================>......] - ETA: 0s - loss: 1.0158 - accuracy: 0.6502
666/782 [========================>.....] - ETA: 0s - loss: 1.0183 - accuracy: 0.6496
686/782 [=========================>....] - ETA: 0s - loss: 1.0189 - accuracy: 0.6492
707/782 [==========================>...] - ETA: 0s - loss: 1.0187 - accuracy: 0.6489
728/782 [==========================>...] - ETA: 0s - loss: 1.0183 - accuracy: 0.6488
748/782 [===========================>..] - ETA: 0s - loss: 1.0187 - accuracy: 0.6488
770/782 [============================>.] - ETA: 0s - loss: 1.0201 - accuracy: 0.6484
782/782 [==============================] - 3s 4ms/step - loss: 1.0200 - accuracy: 0.6486 - val_loss: 1.1964 - val_accuracy: 0.5835
Epoch 5/67

  1/782 [..............................] - ETA: 12s - loss: 1.0366 - accuracy: 0.5625
 19/782 [..............................] - ETA: 2s - loss: 0.9194 - accuracy: 0.6768 
 36/782 [>.............................] - ETA: 2s - loss: 0.9295 - accuracy: 0.6840
 54/782 [=>............................] - ETA: 2s - loss: 0.9105 - accuracy: 0.6939
 72/782 [=>............................] - ETA: 2s - loss: 0.9207 - accuracy: 0.6858
 90/782 [==>...........................] - ETA: 2s - loss: 0.9326 - accuracy: 0.6806
107/782 [===>..........................] - ETA: 2s - loss: 0.9421 - accuracy: 0.6774
125/782 [===>..........................] - ETA: 2s - loss: 0.9500 - accuracy: 0.6761
142/782 [====>.........................] - ETA: 2s - loss: 0.9532 - accuracy: 0.6758
160/782 [=====>........................] - ETA: 2s - loss: 0.9529 - accuracy: 0.6735
174/782 [=====>........................] - ETA: 2s - loss: 0.9531 - accuracy: 0.6737
190/782 [======>.......................] - ETA: 2s - loss: 0.9512 - accuracy: 0.6746
208/782 [======>.......................] - ETA: 2s - loss: 0.9495 - accuracy: 0.6741
226/782 [=======>......................] - ETA: 1s - loss: 0.9504 - accuracy: 0.6739
243/782 [========>.....................] - ETA: 1s - loss: 0.9497 - accuracy: 0.6737
262/782 [=========>....................] - ETA: 1s - loss: 0.9478 - accuracy: 0.6744
279/782 [=========>....................] - ETA: 1s - loss: 0.9494 - accuracy: 0.6737
296/782 [==========>...................] - ETA: 1s - loss: 0.9475 - accuracy: 0.6746
313/782 [===========>..................] - ETA: 1s - loss: 0.9467 - accuracy: 0.6756
330/782 [===========>..................] - ETA: 1s - loss: 0.9484 - accuracy: 0.6749
344/782 [============>.................] - ETA: 1s - loss: 0.9479 - accuracy: 0.6748
360/782 [============>.................] - ETA: 1s - loss: 0.9476 - accuracy: 0.6748
378/782 [=============>................] - ETA: 1s - loss: 0.9476 - accuracy: 0.6748
396/782 [==============>...............] - ETA: 1s - loss: 0.9483 - accuracy: 0.6746
413/782 [==============>...............] - ETA: 1s - loss: 0.9493 - accuracy: 0.6742
431/782 [===============>..............] - ETA: 1s - loss: 0.9497 - accuracy: 0.6740
448/782 [================>.............] - ETA: 1s - loss: 0.9546 - accuracy: 0.6723
466/782 [================>.............] - ETA: 1s - loss: 0.9549 - accuracy: 0.6718
484/782 [=================>............] - ETA: 1s - loss: 0.9538 - accuracy: 0.6725
502/782 [==================>...........] - ETA: 0s - loss: 0.9541 - accuracy: 0.6720
520/782 [==================>...........] - ETA: 0s - loss: 0.9530 - accuracy: 0.6721
538/782 [===================>..........] - ETA: 0s - loss: 0.9537 - accuracy: 0.6713
554/782 [====================>.........] - ETA: 0s - loss: 0.9549 - accuracy: 0.6710
568/782 [====================>.........] - ETA: 0s - loss: 0.9554 - accuracy: 0.6705
584/782 [=====================>........] - ETA: 0s - loss: 0.9550 - accuracy: 0.6706
602/782 [======================>.......] - ETA: 0s - loss: 0.9542 - accuracy: 0.6711
615/782 [======================>.......] - ETA: 0s - loss: 0.9545 - accuracy: 0.6712
630/782 [=======================>......] - ETA: 0s - loss: 0.9546 - accuracy: 0.6709
648/782 [=======================>......] - ETA: 0s - loss: 0.9540 - accuracy: 0.6711
665/782 [========================>.....] - ETA: 0s - loss: 0.9540 - accuracy: 0.6708
682/782 [=========================>....] - ETA: 0s - loss: 0.9558 - accuracy: 0.6700
700/782 [=========================>....] - ETA: 0s - loss: 0.9554 - accuracy: 0.6702
717/782 [==========================>...] - ETA: 0s - loss: 0.9556 - accuracy: 0.6700
735/782 [===========================>..] - ETA: 0s - loss: 0.9551 - accuracy: 0.6700
751/782 [===========================>..] - ETA: 0s - loss: 0.9560 - accuracy: 0.6696
765/782 [============================>.] - ETA: 0s - loss: 0.9572 - accuracy: 0.6694
782/782 [==============================] - ETA: 0s - loss: 0.9589 - accuracy: 0.6688
782/782 [==============================] - 4s 4ms/step - loss: 0.9589 - accuracy: 0.6688 - val_loss: 1.1418 - val_accuracy: 0.6057
Epoch 6/67

  1/782 [..............................] - ETA: 12s - loss: 1.0115 - accuracy: 0.5625
 19/782 [..............................] - ETA: 2s - loss: 0.8973 - accuracy: 0.6850 
 36/782 [>.............................] - ETA: 2s - loss: 0.9165 - accuracy: 0.6736
 53/782 [=>............................] - ETA: 2s - loss: 0.9014 - accuracy: 0.6899
 70/782 [=>............................] - ETA: 2s - loss: 0.8897 - accuracy: 0.6951
 87/782 [==>...........................] - ETA: 2s - loss: 0.8794 - accuracy: 0.7010
105/782 [===>..........................] - ETA: 2s - loss: 0.8833 - accuracy: 0.6997
118/782 [===>..........................] - ETA: 2s - loss: 0.8864 - accuracy: 0.6999
134/782 [====>.........................] - ETA: 2s - loss: 0.8929 - accuracy: 0.6980
150/782 [====>.........................] - ETA: 2s - loss: 0.8942 - accuracy: 0.6968
167/782 [=====>........................] - ETA: 2s - loss: 0.8937 - accuracy: 0.6952
184/782 [======>.......................] - ETA: 2s - loss: 0.8905 - accuracy: 0.6964
198/782 [======>.......................] - ETA: 2s - loss: 0.8855 - accuracy: 0.6972
214/782 [=======>......................] - ETA: 2s - loss: 0.8825 - accuracy: 0.6971
231/782 [=======>......................] - ETA: 2s - loss: 0.8826 - accuracy: 0.6975
248/782 [========>.....................] - ETA: 1s - loss: 0.8869 - accuracy: 0.6956
265/782 [=========>....................] - ETA: 1s - loss: 0.8881 - accuracy: 0.6952
282/782 [=========>....................] - ETA: 1s - loss: 0.8861 - accuracy: 0.6961
300/782 [==========>...................] - ETA: 1s - loss: 0.8869 - accuracy: 0.6964
314/782 [===========>..................] - ETA: 1s - loss: 0.8867 - accuracy: 0.6963
328/782 [===========>..................] - ETA: 1s - loss: 0.8879 - accuracy: 0.6952
343/782 [============>.................] - ETA: 1s - loss: 0.8869 - accuracy: 0.6949
360/782 [============>.................] - ETA: 1s - loss: 0.8877 - accuracy: 0.6946
377/782 [=============>................] - ETA: 1s - loss: 0.8875 - accuracy: 0.6945
394/782 [==============>...............] - ETA: 1s - loss: 0.8867 - accuracy: 0.6942
412/782 [==============>...............] - ETA: 1s - loss: 0.8875 - accuracy: 0.6939
430/782 [===============>..............] - ETA: 1s - loss: 0.8860 - accuracy: 0.6941
447/782 [================>.............] - ETA: 1s - loss: 0.8868 - accuracy: 0.6939
465/782 [================>.............] - ETA: 1s - loss: 0.8887 - accuracy: 0.6929
482/782 [=================>............] - ETA: 1s - loss: 0.8905 - accuracy: 0.6924
500/782 [==================>...........] - ETA: 1s - loss: 0.8902 - accuracy: 0.6924
517/782 [==================>...........] - ETA: 0s - loss: 0.8926 - accuracy: 0.6912
535/782 [===================>..........] - ETA: 0s - loss: 0.8946 - accuracy: 0.6904
549/782 [====================>.........] - ETA: 0s - loss: 0.8951 - accuracy: 0.6902
565/782 [====================>.........] - ETA: 0s - loss: 0.8966 - accuracy: 0.6899
582/782 [=====================>........] - ETA: 0s - loss: 0.8977 - accuracy: 0.6893
596/782 [=====================>........] - ETA: 0s - loss: 0.8989 - accuracy: 0.6889
612/782 [======================>.......] - ETA: 0s - loss: 0.9003 - accuracy: 0.6885
629/782 [=======================>......] - ETA: 0s - loss: 0.9011 - accuracy: 0.6880
647/782 [=======================>......] - ETA: 0s - loss: 0.9006 - accuracy: 0.6884
663/782 [========================>.....] - ETA: 0s - loss: 0.9011 - accuracy: 0.6884
680/782 [=========================>....] - ETA: 0s - loss: 0.9011 - accuracy: 0.6883
698/782 [=========================>....] - ETA: 0s - loss: 0.9016 - accuracy: 0.6881
714/782 [==========================>...] - ETA: 0s - loss: 0.9022 - accuracy: 0.6876
728/782 [==========================>...] - ETA: 0s - loss: 0.9029 - accuracy: 0.6876
744/782 [===========================>..] - ETA: 0s - loss: 0.9041 - accuracy: 0.6873
758/782 [============================>.] - ETA: 0s - loss: 0.9057 - accuracy: 0.6868
774/782 [============================>.] - ETA: 0s - loss: 0.9067 - accuracy: 0.6865
782/782 [==============================] - 4s 5ms/step - loss: 0.9070 - accuracy: 0.6867 - val_loss: 1.1318 - val_accuracy: 0.6085
Epoch 7/67

  1/782 [..............................] - ETA: 12s - loss: 0.8124 - accuracy: 0.7344
 17/782 [..............................] - ETA: 3s - loss: 0.8055 - accuracy: 0.7316 
 35/782 [>.............................] - ETA: 2s - loss: 0.8005 - accuracy: 0.7286
 52/782 [>.............................] - ETA: 2s - loss: 0.7934 - accuracy: 0.7287
 70/782 [=>............................] - ETA: 2s - loss: 0.8119 - accuracy: 0.7223
 87/782 [==>...........................] - ETA: 2s - loss: 0.8185 - accuracy: 0.7214
104/782 [==>...........................] - ETA: 2s - loss: 0.8210 - accuracy: 0.7192
122/782 [===>..........................] - ETA: 2s - loss: 0.8235 - accuracy: 0.7177
140/782 [====>.........................] - ETA: 2s - loss: 0.8268 - accuracy: 0.7166
157/782 [=====>........................] - ETA: 2s - loss: 0.8254 - accuracy: 0.7178
174/782 [=====>........................] - ETA: 2s - loss: 0.8265 - accuracy: 0.7177
193/782 [======>.......................] - ETA: 2s - loss: 0.8309 - accuracy: 0.7161
207/782 [======>.......................] - ETA: 2s - loss: 0.8342 - accuracy: 0.7146
223/782 [=======>......................] - ETA: 2s - loss: 0.8362 - accuracy: 0.7135
241/782 [========>.....................] - ETA: 1s - loss: 0.8404 - accuracy: 0.7123
258/782 [========>.....................] - ETA: 1s - loss: 0.8450 - accuracy: 0.7103
275/782 [=========>....................] - ETA: 1s - loss: 0.8480 - accuracy: 0.7097
292/782 [==========>...................] - ETA: 1s - loss: 0.8484 - accuracy: 0.7092
310/782 [==========>...................] - ETA: 1s - loss: 0.8482 - accuracy: 0.7090
327/782 [===========>..................] - ETA: 1s - loss: 0.8475 - accuracy: 0.7101
344/782 [============>.................] - ETA: 1s - loss: 0.8467 - accuracy: 0.7106
358/782 [============>.................] - ETA: 1s - loss: 0.8482 - accuracy: 0.7101
374/782 [=============>................] - ETA: 1s - loss: 0.8495 - accuracy: 0.7097
388/782 [=============>................] - ETA: 1s - loss: 0.8521 - accuracy: 0.7088
405/782 [==============>...............] - ETA: 1s - loss: 0.8545 - accuracy: 0.7078
423/782 [===============>..............] - ETA: 1s - loss: 0.8557 - accuracy: 0.7070
440/782 [===============>..............] - ETA: 1s - loss: 0.8557 - accuracy: 0.7072
457/782 [================>.............] - ETA: 1s - loss: 0.8593 - accuracy: 0.7050
475/782 [=================>............] - ETA: 1s - loss: 0.8578 - accuracy: 0.7059
494/782 [=================>............] - ETA: 1s - loss: 0.8580 - accuracy: 0.7054
511/782 [==================>...........] - ETA: 0s - loss: 0.8603 - accuracy: 0.7045
528/782 [===================>..........] - ETA: 0s - loss: 0.8606 - accuracy: 0.7043
545/782 [===================>..........] - ETA: 0s - loss: 0.8612 - accuracy: 0.7039
562/782 [====================>.........] - ETA: 0s - loss: 0.8613 - accuracy: 0.7038
580/782 [=====================>........] - ETA: 0s - loss: 0.8624 - accuracy: 0.7037
597/782 [=====================>........] - ETA: 0s - loss: 0.8623 - accuracy: 0.7043
614/782 [======================>.......] - ETA: 0s - loss: 0.8628 - accuracy: 0.7040
632/782 [=======================>......] - ETA: 0s - loss: 0.8625 - accuracy: 0.7043
650/782 [=======================>......] - ETA: 0s - loss: 0.8641 - accuracy: 0.7036
668/782 [========================>.....] - ETA: 0s - loss: 0.8652 - accuracy: 0.7036
685/782 [=========================>....] - ETA: 0s - loss: 0.8656 - accuracy: 0.7029
703/782 [=========================>....] - ETA: 0s - loss: 0.8659 - accuracy: 0.7024
720/782 [==========================>...] - ETA: 0s - loss: 0.8666 - accuracy: 0.7023
737/782 [===========================>..] - ETA: 0s - loss: 0.8669 - accuracy: 0.7018
752/782 [===========================>..] - ETA: 0s - loss: 0.8666 - accuracy: 0.7019
766/782 [============================>.] - ETA: 0s - loss: 0.8667 - accuracy: 0.7020
782/782 [==============================] - 3s 4ms/step - loss: 0.8678 - accuracy: 0.7013 - val_loss: 1.1009 - val_accuracy: 0.6248
Epoch 8/67

  1/782 [..............................] - ETA: 5s - loss: 1.0212 - accuracy: 0.6250
 20/782 [..............................] - ETA: 2s - loss: 0.8190 - accuracy: 0.7016
 42/782 [>.............................] - ETA: 2s - loss: 0.8091 - accuracy: 0.7150
 63/782 [=>............................] - ETA: 2s - loss: 0.8081 - accuracy: 0.7144
 84/782 [==>...........................] - ETA: 2s - loss: 0.8032 - accuracy: 0.7170
106/782 [===>..........................] - ETA: 2s - loss: 0.8081 - accuracy: 0.7142
125/782 [===>..........................] - ETA: 1s - loss: 0.8068 - accuracy: 0.7152
146/782 [====>.........................] - ETA: 1s - loss: 0.8016 - accuracy: 0.7164
165/782 [=====>........................] - ETA: 1s - loss: 0.8036 - accuracy: 0.7178
185/782 [======>.......................] - ETA: 1s - loss: 0.8057 - accuracy: 0.7159
203/782 [======>.......................] - ETA: 1s - loss: 0.8075 - accuracy: 0.7156
221/782 [=======>......................] - ETA: 1s - loss: 0.8043 - accuracy: 0.7169
239/782 [========>.....................] - ETA: 1s - loss: 0.8027 - accuracy: 0.7185
256/782 [========>.....................] - ETA: 1s - loss: 0.8004 - accuracy: 0.7191
274/782 [=========>....................] - ETA: 1s - loss: 0.8031 - accuracy: 0.7185
292/782 [==========>...................] - ETA: 1s - loss: 0.8025 - accuracy: 0.7194
309/782 [==========>...................] - ETA: 1s - loss: 0.8037 - accuracy: 0.7195
325/782 [===========>..................] - ETA: 1s - loss: 0.8047 - accuracy: 0.7199
342/782 [============>.................] - ETA: 1s - loss: 0.8094 - accuracy: 0.7181
359/782 [============>.................] - ETA: 1s - loss: 0.8111 - accuracy: 0.7177
376/782 [=============>................] - ETA: 1s - loss: 0.8102 - accuracy: 0.7180
394/782 [==============>...............] - ETA: 1s - loss: 0.8116 - accuracy: 0.7172
412/782 [==============>...............] - ETA: 1s - loss: 0.8107 - accuracy: 0.7179
429/782 [===============>..............] - ETA: 1s - loss: 0.8110 - accuracy: 0.7178
446/782 [================>.............] - ETA: 1s - loss: 0.8109 - accuracy: 0.7180
461/782 [================>.............] - ETA: 1s - loss: 0.8121 - accuracy: 0.7175
476/782 [=================>............] - ETA: 1s - loss: 0.8134 - accuracy: 0.7175
494/782 [=================>............] - ETA: 0s - loss: 0.8156 - accuracy: 0.7168
511/782 [==================>...........] - ETA: 0s - loss: 0.8178 - accuracy: 0.7162
529/782 [===================>..........] - ETA: 0s - loss: 0.8183 - accuracy: 0.7159
546/782 [===================>..........] - ETA: 0s - loss: 0.8167 - accuracy: 0.7163
564/782 [====================>.........] - ETA: 0s - loss: 0.8154 - accuracy: 0.7166
581/782 [=====================>........] - ETA: 0s - loss: 0.8159 - accuracy: 0.7163
599/782 [=====================>........] - ETA: 0s - loss: 0.8160 - accuracy: 0.7161
617/782 [======================>.......] - ETA: 0s - loss: 0.8158 - accuracy: 0.7164
634/782 [=======================>......] - ETA: 0s - loss: 0.8160 - accuracy: 0.7161
651/782 [=======================>......] - ETA: 0s - loss: 0.8167 - accuracy: 0.7159
668/782 [========================>.....] - ETA: 0s - loss: 0.8160 - accuracy: 0.7164
683/782 [=========================>....] - ETA: 0s - loss: 0.8159 - accuracy: 0.7165
698/782 [=========================>....] - ETA: 0s - loss: 0.8173 - accuracy: 0.7165
714/782 [==========================>...] - ETA: 0s - loss: 0.8176 - accuracy: 0.7166
731/782 [===========================>..] - ETA: 0s - loss: 0.8180 - accuracy: 0.7165
749/782 [===========================>..] - ETA: 0s - loss: 0.8199 - accuracy: 0.7160
766/782 [============================>.] - ETA: 0s - loss: 0.8203 - accuracy: 0.7160
782/782 [==============================] - 3s 4ms/step - loss: 0.8217 - accuracy: 0.7155 - val_loss: 1.1143 - val_accuracy: 0.6198
Epoch 9/67

  1/782 [..............................] - ETA: 0s - loss: 0.6404 - accuracy: 0.8594
 15/782 [..............................] - ETA: 3s - loss: 0.7772 - accuracy: 0.7437
 31/782 [>.............................] - ETA: 3s - loss: 0.7870 - accuracy: 0.7308
 50/782 [>.............................] - ETA: 2s - loss: 0.7585 - accuracy: 0.7381
 67/782 [=>............................] - ETA: 2s - loss: 0.7548 - accuracy: 0.7409
 85/782 [==>...........................] - ETA: 2s - loss: 0.7455 - accuracy: 0.7445
103/782 [==>...........................] - ETA: 2s - loss: 0.7464 - accuracy: 0.7451
120/782 [===>..........................] - ETA: 2s - loss: 0.7474 - accuracy: 0.7431
138/782 [====>.........................] - ETA: 2s - loss: 0.7517 - accuracy: 0.7403
155/782 [====>.........................] - ETA: 2s - loss: 0.7506 - accuracy: 0.7419
172/782 [=====>........................] - ETA: 2s - loss: 0.7511 - accuracy: 0.7414
190/782 [======>.......................] - ETA: 2s - loss: 0.7517 - accuracy: 0.7416
208/782 [======>.......................] - ETA: 2s - loss: 0.7550 - accuracy: 0.7407
225/782 [=======>......................] - ETA: 2s - loss: 0.7551 - accuracy: 0.7415
243/782 [========>.....................] - ETA: 1s - loss: 0.7569 - accuracy: 0.7413
260/782 [========>.....................] - ETA: 1s - loss: 0.7593 - accuracy: 0.7409
278/782 [=========>....................] - ETA: 1s - loss: 0.7631 - accuracy: 0.7393
296/782 [==========>...................] - ETA: 1s - loss: 0.7641 - accuracy: 0.7380
313/782 [===========>..................] - ETA: 1s - loss: 0.7686 - accuracy: 0.7359
330/782 [===========>..................] - ETA: 1s - loss: 0.7682 - accuracy: 0.7369
347/782 [============>.................] - ETA: 1s - loss: 0.7667 - accuracy: 0.7373
365/782 [=============>................] - ETA: 1s - loss: 0.7655 - accuracy: 0.7370
382/782 [=============>................] - ETA: 1s - loss: 0.7679 - accuracy: 0.7360
400/782 [==============>...............] - ETA: 1s - loss: 0.7681 - accuracy: 0.7358
416/782 [==============>...............] - ETA: 1s - loss: 0.7682 - accuracy: 0.7357
433/782 [===============>..............] - ETA: 1s - loss: 0.7691 - accuracy: 0.7355
450/782 [================>.............] - ETA: 1s - loss: 0.7709 - accuracy: 0.7345
468/782 [================>.............] - ETA: 1s - loss: 0.7714 - accuracy: 0.7343
485/782 [=================>............] - ETA: 1s - loss: 0.7734 - accuracy: 0.7331
502/782 [==================>...........] - ETA: 1s - loss: 0.7764 - accuracy: 0.7322
517/782 [==================>...........] - ETA: 0s - loss: 0.7761 - accuracy: 0.7325
534/782 [===================>..........] - ETA: 0s - loss: 0.7771 - accuracy: 0.7320
551/782 [====================>.........] - ETA: 0s - loss: 0.7786 - accuracy: 0.7315
568/782 [====================>.........] - ETA: 0s - loss: 0.7795 - accuracy: 0.7306
585/782 [=====================>........] - ETA: 0s - loss: 0.7797 - accuracy: 0.7306
602/782 [======================>.......] - ETA: 0s - loss: 0.7800 - accuracy: 0.7303
620/782 [======================>.......] - ETA: 0s - loss: 0.7818 - accuracy: 0.7295
636/782 [=======================>......] - ETA: 0s - loss: 0.7822 - accuracy: 0.7293
653/782 [========================>.....] - ETA: 0s - loss: 0.7827 - accuracy: 0.7294
671/782 [========================>.....] - ETA: 0s - loss: 0.7838 - accuracy: 0.7288
688/782 [=========================>....] - ETA: 0s - loss: 0.7846 - accuracy: 0.7284
705/782 [==========================>...] - ETA: 0s - loss: 0.7851 - accuracy: 0.7283
723/782 [==========================>...] - ETA: 0s - loss: 0.7854 - accuracy: 0.7283
741/782 [===========================>..] - ETA: 0s - loss: 0.7857 - accuracy: 0.7281
758/782 [============================>.] - ETA: 0s - loss: 0.7854 - accuracy: 0.7279
774/782 [============================>.] - ETA: 0s - loss: 0.7870 - accuracy: 0.7272
782/782 [==============================] - 4s 5ms/step - loss: 0.7876 - accuracy: 0.7269 - val_loss: 1.0873 - val_accuracy: 0.6269
Epoch 10/67

  1/782 [..............................] - ETA: 12s - loss: 0.6124 - accuracy: 0.7344
 18/782 [..............................] - ETA: 2s - loss: 0.6723 - accuracy: 0.7717 
 37/782 [>.............................] - ETA: 2s - loss: 0.6998 - accuracy: 0.7694
 54/782 [=>............................] - ETA: 2s - loss: 0.6939 - accuracy: 0.7703
 71/782 [=>............................] - ETA: 2s - loss: 0.7045 - accuracy: 0.7632
 89/782 [==>...........................] - ETA: 2s - loss: 0.7156 - accuracy: 0.7575
105/782 [===>..........................] - ETA: 2s - loss: 0.7144 - accuracy: 0.7576
123/782 [===>..........................] - ETA: 2s - loss: 0.7168 - accuracy: 0.7560
137/782 [====>.........................] - ETA: 2s - loss: 0.7220 - accuracy: 0.7539
152/782 [====>.........................] - ETA: 2s - loss: 0.7262 - accuracy: 0.7522
170/782 [=====>........................] - ETA: 2s - loss: 0.7236 - accuracy: 0.7533
188/782 [======>.......................] - ETA: 2s - loss: 0.7271 - accuracy: 0.7517
205/782 [======>.......................] - ETA: 2s - loss: 0.7303 - accuracy: 0.7511
223/782 [=======>......................] - ETA: 2s - loss: 0.7346 - accuracy: 0.7495
241/782 [========>.....................] - ETA: 1s - loss: 0.7318 - accuracy: 0.7501
258/782 [========>.....................] - ETA: 1s - loss: 0.7347 - accuracy: 0.7479
276/782 [=========>....................] - ETA: 1s - loss: 0.7325 - accuracy: 0.7476
293/782 [==========>...................] - ETA: 1s - loss: 0.7314 - accuracy: 0.7481
311/782 [==========>...................] - ETA: 1s - loss: 0.7325 - accuracy: 0.7478
328/782 [===========>..................] - ETA: 1s - loss: 0.7332 - accuracy: 0.7474
346/782 [============>.................] - ETA: 1s - loss: 0.7347 - accuracy: 0.7469
363/782 [============>.................] - ETA: 1s - loss: 0.7366 - accuracy: 0.7460
382/782 [=============>................] - ETA: 1s - loss: 0.7374 - accuracy: 0.7459
399/782 [==============>...............] - ETA: 1s - loss: 0.7403 - accuracy: 0.7445
417/782 [==============>...............] - ETA: 1s - loss: 0.7418 - accuracy: 0.7438
434/782 [===============>..............] - ETA: 1s - loss: 0.7431 - accuracy: 0.7435
451/782 [================>.............] - ETA: 1s - loss: 0.7457 - accuracy: 0.7429
468/782 [================>.............] - ETA: 1s - loss: 0.7466 - accuracy: 0.7423
485/782 [=================>............] - ETA: 1s - loss: 0.7472 - accuracy: 0.7422
502/782 [==================>...........] - ETA: 1s - loss: 0.7493 - accuracy: 0.7419
520/782 [==================>...........] - ETA: 0s - loss: 0.7511 - accuracy: 0.7414
537/782 [===================>..........] - ETA: 0s - loss: 0.7514 - accuracy: 0.7408
554/782 [====================>.........] - ETA: 0s - loss: 0.7520 - accuracy: 0.7405
571/782 [====================>.........] - ETA: 0s - loss: 0.7521 - accuracy: 0.7408
589/782 [=====================>........] - ETA: 0s - loss: 0.7534 - accuracy: 0.7401
607/782 [======================>.......] - ETA: 0s - loss: 0.7549 - accuracy: 0.7397
624/782 [======================>.......] - ETA: 0s - loss: 0.7547 - accuracy: 0.7396
641/782 [=======================>......] - ETA: 0s - loss: 0.7546 - accuracy: 0.7398
658/782 [========================>.....] - ETA: 0s - loss: 0.7559 - accuracy: 0.7392
676/782 [========================>.....] - ETA: 0s - loss: 0.7564 - accuracy: 0.7390
693/782 [=========================>....] - ETA: 0s - loss: 0.7574 - accuracy: 0.7386
710/782 [==========================>...] - ETA: 0s - loss: 0.7574 - accuracy: 0.7388
727/782 [==========================>...] - ETA: 0s - loss: 0.7576 - accuracy: 0.7386
744/782 [===========================>..] - ETA: 0s - loss: 0.7571 - accuracy: 0.7385
761/782 [============================>.] - ETA: 0s - loss: 0.7589 - accuracy: 0.7376
779/782 [============================>.] - ETA: 0s - loss: 0.7595 - accuracy: 0.7373
782/782 [==============================] - 4s 4ms/step - loss: 0.7595 - accuracy: 0.7373 - val_loss: 1.1191 - val_accuracy: 0.6237
Epoch 11/67

  1/782 [..............................] - ETA: 0s - loss: 0.9319 - accuracy: 0.6719
 15/782 [..............................] - ETA: 3s - loss: 0.7033 - accuracy: 0.7510
 32/782 [>.............................] - ETA: 3s - loss: 0.6756 - accuracy: 0.7671
 50/782 [>.............................] - ETA: 2s - loss: 0.6793 - accuracy: 0.7653
 67/782 [=>............................] - ETA: 2s - loss: 0.6809 - accuracy: 0.7626
 85/782 [==>...........................] - ETA: 2s - loss: 0.6923 - accuracy: 0.7599
103/782 [==>...........................] - ETA: 2s - loss: 0.6969 - accuracy: 0.7586
120/782 [===>..........................] - ETA: 2s - loss: 0.7033 - accuracy: 0.7553
138/782 [====>.........................] - ETA: 2s - loss: 0.7033 - accuracy: 0.7543
156/782 [====>.........................] - ETA: 2s - loss: 0.6977 - accuracy: 0.7567
173/782 [=====>........................] - ETA: 2s - loss: 0.6945 - accuracy: 0.7593
191/782 [======>.......................] - ETA: 2s - loss: 0.7001 - accuracy: 0.7586
209/782 [=======>......................] - ETA: 2s - loss: 0.6998 - accuracy: 0.7582
226/782 [=======>......................] - ETA: 2s - loss: 0.6992 - accuracy: 0.7581
243/782 [========>.....................] - ETA: 1s - loss: 0.7033 - accuracy: 0.7560
260/782 [========>.....................] - ETA: 1s - loss: 0.7046 - accuracy: 0.7552
277/782 [=========>....................] - ETA: 1s - loss: 0.7035 - accuracy: 0.7577
294/782 [==========>...................] - ETA: 1s - loss: 0.7076 - accuracy: 0.7558
311/782 [==========>...................] - ETA: 1s - loss: 0.7071 - accuracy: 0.7558
329/782 [===========>..................] - ETA: 1s - loss: 0.7078 - accuracy: 0.7557
350/782 [============>.................] - ETA: 1s - loss: 0.7099 - accuracy: 0.7549
372/782 [=============>................] - ETA: 1s - loss: 0.7138 - accuracy: 0.7540
393/782 [==============>...............] - ETA: 1s - loss: 0.7147 - accuracy: 0.7531
413/782 [==============>...............] - ETA: 1s - loss: 0.7153 - accuracy: 0.7531
434/782 [===============>..............] - ETA: 1s - loss: 0.7178 - accuracy: 0.7519
454/782 [================>.............] - ETA: 1s - loss: 0.7200 - accuracy: 0.7508
475/782 [=================>............] - ETA: 1s - loss: 0.7203 - accuracy: 0.7503
495/782 [=================>............] - ETA: 0s - loss: 0.7213 - accuracy: 0.7500
517/782 [==================>...........] - ETA: 0s - loss: 0.7219 - accuracy: 0.7500
538/782 [===================>..........] - ETA: 0s - loss: 0.7223 - accuracy: 0.7494
558/782 [====================>.........] - ETA: 0s - loss: 0.7231 - accuracy: 0.7495
580/782 [=====================>........] - ETA: 0s - loss: 0.7254 - accuracy: 0.7491
600/782 [======================>.......] - ETA: 0s - loss: 0.7263 - accuracy: 0.7488
619/782 [======================>.......] - ETA: 0s - loss: 0.7278 - accuracy: 0.7481
639/782 [=======================>......] - ETA: 0s - loss: 0.7280 - accuracy: 0.7483
662/782 [========================>.....] - ETA: 0s - loss: 0.7282 - accuracy: 0.7481
681/782 [=========================>....] - ETA: 0s - loss: 0.7277 - accuracy: 0.7481
698/782 [=========================>....] - ETA: 0s - loss: 0.7276 - accuracy: 0.7480
716/782 [==========================>...] - ETA: 0s - loss: 0.7282 - accuracy: 0.7479
733/782 [===========================>..] - ETA: 0s - loss: 0.7304 - accuracy: 0.7471
750/782 [===========================>..] - ETA: 0s - loss: 0.7302 - accuracy: 0.7471
767/782 [============================>.] - ETA: 0s - loss: 0.7307 - accuracy: 0.7468
782/782 [==============================] - 3s 4ms/step - loss: 0.7313 - accuracy: 0.7466 - val_loss: 1.1240 - val_accuracy: 0.6247
Epoch 12/67

  1/782 [..............................] - ETA: 12s - loss: 0.5777 - accuracy: 0.7969
 15/782 [..............................] - ETA: 2s - loss: 0.6417 - accuracy: 0.7708 
 31/782 [>.............................] - ETA: 2s - loss: 0.6708 - accuracy: 0.7681
 49/782 [>.............................] - ETA: 2s - loss: 0.6530 - accuracy: 0.7752
 66/782 [=>............................] - ETA: 2s - loss: 0.6464 - accuracy: 0.7768
 84/782 [==>...........................] - ETA: 2s - loss: 0.6508 - accuracy: 0.7727
101/782 [==>...........................] - ETA: 2s - loss: 0.6546 - accuracy: 0.7735
119/782 [===>..........................] - ETA: 2s - loss: 0.6575 - accuracy: 0.7707
136/782 [====>.........................] - ETA: 2s - loss: 0.6554 - accuracy: 0.7724
154/782 [====>.........................] - ETA: 2s - loss: 0.6593 - accuracy: 0.7713
171/782 [=====>........................] - ETA: 2s - loss: 0.6597 - accuracy: 0.7702
188/782 [======>.......................] - ETA: 2s - loss: 0.6589 - accuracy: 0.7695
206/782 [======>.......................] - ETA: 2s - loss: 0.6626 - accuracy: 0.7668
223/782 [=======>......................] - ETA: 2s - loss: 0.6624 - accuracy: 0.7677
241/782 [========>.....................] - ETA: 1s - loss: 0.6637 - accuracy: 0.7672
258/782 [========>.....................] - ETA: 1s - loss: 0.6642 - accuracy: 0.7669
276/782 [=========>....................] - ETA: 1s - loss: 0.6638 - accuracy: 0.7660
293/782 [==========>...................] - ETA: 1s - loss: 0.6678 - accuracy: 0.7644
310/782 [==========>...................] - ETA: 1s - loss: 0.6682 - accuracy: 0.7646
328/782 [===========>..................] - ETA: 1s - loss: 0.6693 - accuracy: 0.7641
345/782 [============>.................] - ETA: 1s - loss: 0.6698 - accuracy: 0.7639
362/782 [============>.................] - ETA: 1s - loss: 0.6706 - accuracy: 0.7637
379/782 [=============>................] - ETA: 1s - loss: 0.6736 - accuracy: 0.7626
394/782 [==============>...............] - ETA: 1s - loss: 0.6747 - accuracy: 0.7621
411/782 [==============>...............] - ETA: 1s - loss: 0.6758 - accuracy: 0.7612
428/782 [===============>..............] - ETA: 1s - loss: 0.6772 - accuracy: 0.7606
445/782 [================>.............] - ETA: 1s - loss: 0.6784 - accuracy: 0.7601
462/782 [================>.............] - ETA: 1s - loss: 0.6790 - accuracy: 0.7599
479/782 [=================>............] - ETA: 1s - loss: 0.6795 - accuracy: 0.7597
496/782 [==================>...........] - ETA: 1s - loss: 0.6809 - accuracy: 0.7593
514/782 [==================>...........] - ETA: 0s - loss: 0.6822 - accuracy: 0.7589
531/782 [===================>..........] - ETA: 0s - loss: 0.6852 - accuracy: 0.7574
549/782 [====================>.........] - ETA: 0s - loss: 0.6867 - accuracy: 0.7571
566/782 [====================>.........] - ETA: 0s - loss: 0.6885 - accuracy: 0.7570
584/782 [=====================>........] - ETA: 0s - loss: 0.6880 - accuracy: 0.7573
601/782 [======================>.......] - ETA: 0s - loss: 0.6882 - accuracy: 0.7576
619/782 [======================>.......] - ETA: 0s - loss: 0.6898 - accuracy: 0.7570
636/782 [=======================>......] - ETA: 0s - loss: 0.6896 - accuracy: 0.7570
652/782 [========================>.....] - ETA: 0s - loss: 0.6911 - accuracy: 0.7566
669/782 [========================>.....] - ETA: 0s - loss: 0.6926 - accuracy: 0.7561
686/782 [=========================>....] - ETA: 0s - loss: 0.6943 - accuracy: 0.7558
705/782 [==========================>...] - ETA: 0s - loss: 0.6948 - accuracy: 0.7553
722/782 [==========================>...] - ETA: 0s - loss: 0.6973 - accuracy: 0.7544
739/782 [===========================>..] - ETA: 0s - loss: 0.6989 - accuracy: 0.7541
755/782 [===========================>..] - ETA: 0s - loss: 0.6994 - accuracy: 0.7540
769/782 [============================>.] - ETA: 0s - loss: 0.7012 - accuracy: 0.7535
782/782 [==============================] - 4s 4ms/step - loss: 0.7018 - accuracy: 0.7534 - val_loss: 1.1331 - val_accuracy: 0.6275
Epoch 13/67

  1/782 [..............................] - ETA: 12s - loss: 0.5540 - accuracy: 0.8281
 16/782 [..............................] - ETA: 3s - loss: 0.6043 - accuracy: 0.7979 
 33/782 [>.............................] - ETA: 2s - loss: 0.6359 - accuracy: 0.7810
 49/782 [>.............................] - ETA: 2s - loss: 0.6488 - accuracy: 0.7746
 67/782 [=>............................] - ETA: 2s - loss: 0.6546 - accuracy: 0.7719
 84/782 [==>...........................] - ETA: 2s - loss: 0.6539 - accuracy: 0.7699
101/782 [==>...........................] - ETA: 2s - loss: 0.6551 - accuracy: 0.7712
119/782 [===>..........................] - ETA: 2s - loss: 0.6562 - accuracy: 0.7698
137/782 [====>.........................] - ETA: 2s - loss: 0.6533 - accuracy: 0.7710
155/782 [====>.........................] - ETA: 2s - loss: 0.6540 - accuracy: 0.7689
169/782 [=====>........................] - ETA: 2s - loss: 0.6523 - accuracy: 0.7710
186/782 [======>.......................] - ETA: 2s - loss: 0.6560 - accuracy: 0.7690
203/782 [======>.......................] - ETA: 2s - loss: 0.6562 - accuracy: 0.7705
221/782 [=======>......................] - ETA: 2s - loss: 0.6563 - accuracy: 0.7709
237/782 [========>.....................] - ETA: 1s - loss: 0.6599 - accuracy: 0.7684
255/782 [========>.....................] - ETA: 1s - loss: 0.6617 - accuracy: 0.7678
273/782 [=========>....................] - ETA: 1s - loss: 0.6602 - accuracy: 0.7690
290/782 [==========>...................] - ETA: 1s - loss: 0.6643 - accuracy: 0.7663
307/782 [==========>...................] - ETA: 1s - loss: 0.6625 - accuracy: 0.7665
324/782 [===========>..................] - ETA: 1s - loss: 0.6607 - accuracy: 0.7674
341/782 [============>.................] - ETA: 1s - loss: 0.6635 - accuracy: 0.7665
359/782 [============>.................] - ETA: 1s - loss: 0.6662 - accuracy: 0.7656
376/782 [=============>................] - ETA: 1s - loss: 0.6657 - accuracy: 0.7658
392/782 [==============>...............] - ETA: 1s - loss: 0.6674 - accuracy: 0.7655
406/782 [==============>...............] - ETA: 1s - loss: 0.6686 - accuracy: 0.7653
424/782 [===============>..............] - ETA: 1s - loss: 0.6701 - accuracy: 0.7651
441/782 [===============>..............] - ETA: 1s - loss: 0.6707 - accuracy: 0.7647
459/782 [================>.............] - ETA: 1s - loss: 0.6721 - accuracy: 0.7640
472/782 [=================>............] - ETA: 1s - loss: 0.6718 - accuracy: 0.7638
489/782 [=================>............] - ETA: 1s - loss: 0.6719 - accuracy: 0.7640
506/782 [==================>...........] - ETA: 0s - loss: 0.6712 - accuracy: 0.7644
524/782 [===================>..........] - ETA: 0s - loss: 0.6720 - accuracy: 0.7639
541/782 [===================>..........] - ETA: 0s - loss: 0.6723 - accuracy: 0.7635
559/782 [====================>.........] - ETA: 0s - loss: 0.6748 - accuracy: 0.7625
576/782 [=====================>........] - ETA: 0s - loss: 0.6751 - accuracy: 0.7620
593/782 [=====================>........] - ETA: 0s - loss: 0.6754 - accuracy: 0.7618
610/782 [======================>.......] - ETA: 0s - loss: 0.6758 - accuracy: 0.7617
628/782 [=======================>......] - ETA: 0s - loss: 0.6769 - accuracy: 0.7614
645/782 [=======================>......] - ETA: 0s - loss: 0.6776 - accuracy: 0.7612
663/782 [========================>.....] - ETA: 0s - loss: 0.6773 - accuracy: 0.7616
680/782 [=========================>....] - ETA: 0s - loss: 0.6781 - accuracy: 0.7612
698/782 [=========================>....] - ETA: 0s - loss: 0.6781 - accuracy: 0.7615
716/782 [==========================>...] - ETA: 0s - loss: 0.6790 - accuracy: 0.7617
733/782 [===========================>..] - ETA: 0s - loss: 0.6798 - accuracy: 0.7617
750/782 [===========================>..] - ETA: 0s - loss: 0.6792 - accuracy: 0.7619
768/782 [============================>.] - ETA: 0s - loss: 0.6810 - accuracy: 0.7612
782/782 [==============================] - 4s 4ms/step - loss: 0.6806 - accuracy: 0.7611 - val_loss: 1.1479 - val_accuracy: 0.6228
Epoch 14/67

  1/782 [..............................] - ETA: 12s - loss: 0.5339 - accuracy: 0.7656
 15/782 [..............................] - ETA: 3s - loss: 0.6446 - accuracy: 0.7688 
 33/782 [>.............................] - ETA: 2s - loss: 0.5969 - accuracy: 0.7902
 51/782 [>.............................] - ETA: 2s - loss: 0.5951 - accuracy: 0.7935
 68/782 [=>............................] - ETA: 2s - loss: 0.5977 - accuracy: 0.7934
 86/782 [==>...........................] - ETA: 2s - loss: 0.6042 - accuracy: 0.7918
103/782 [==>...........................] - ETA: 2s - loss: 0.6005 - accuracy: 0.7931
121/782 [===>..........................] - ETA: 2s - loss: 0.5939 - accuracy: 0.7952
139/782 [====>.........................] - ETA: 2s - loss: 0.5992 - accuracy: 0.7944
157/782 [=====>........................] - ETA: 2s - loss: 0.6041 - accuracy: 0.7942
173/782 [=====>........................] - ETA: 2s - loss: 0.6108 - accuracy: 0.7898
191/782 [======>.......................] - ETA: 2s - loss: 0.6100 - accuracy: 0.7902
208/782 [======>.......................] - ETA: 2s - loss: 0.6082 - accuracy: 0.7907
226/782 [=======>......................] - ETA: 2s - loss: 0.6138 - accuracy: 0.7879
242/782 [========>.....................] - ETA: 1s - loss: 0.6145 - accuracy: 0.7868
260/782 [========>.....................] - ETA: 1s - loss: 0.6163 - accuracy: 0.7863
278/782 [=========>....................] - ETA: 1s - loss: 0.6194 - accuracy: 0.7842
294/782 [==========>...................] - ETA: 1s - loss: 0.6217 - accuracy: 0.7833
312/782 [==========>...................] - ETA: 1s - loss: 0.6217 - accuracy: 0.7823
330/782 [===========>..................] - ETA: 1s - loss: 0.6257 - accuracy: 0.7807
346/782 [============>.................] - ETA: 1s - loss: 0.6279 - accuracy: 0.7803
364/782 [============>.................] - ETA: 1s - loss: 0.6318 - accuracy: 0.7795
382/782 [=============>................] - ETA: 1s - loss: 0.6338 - accuracy: 0.7791
399/782 [==============>...............] - ETA: 1s - loss: 0.6358 - accuracy: 0.7779
416/782 [==============>...............] - ETA: 1s - loss: 0.6381 - accuracy: 0.7771
434/782 [===============>..............] - ETA: 1s - loss: 0.6408 - accuracy: 0.7760
451/782 [================>.............] - ETA: 1s - loss: 0.6406 - accuracy: 0.7760
468/782 [================>.............] - ETA: 1s - loss: 0.6411 - accuracy: 0.7766
486/782 [=================>............] - ETA: 1s - loss: 0.6408 - accuracy: 0.7763
504/782 [==================>...........] - ETA: 1s - loss: 0.6411 - accuracy: 0.7762
521/782 [==================>...........] - ETA: 0s - loss: 0.6408 - accuracy: 0.7761
539/782 [===================>..........] - ETA: 0s - loss: 0.6423 - accuracy: 0.7753
556/782 [====================>.........] - ETA: 0s - loss: 0.6434 - accuracy: 0.7747
574/782 [=====================>........] - ETA: 0s - loss: 0.6441 - accuracy: 0.7743
591/782 [=====================>........] - ETA: 0s - loss: 0.6455 - accuracy: 0.7739
608/782 [======================>.......] - ETA: 0s - loss: 0.6453 - accuracy: 0.7741
626/782 [=======================>......] - ETA: 0s - loss: 0.6468 - accuracy: 0.7736
644/782 [=======================>......] - ETA: 0s - loss: 0.6473 - accuracy: 0.7732
661/782 [========================>.....] - ETA: 0s - loss: 0.6470 - accuracy: 0.7730
678/782 [=========================>....] - ETA: 0s - loss: 0.6492 - accuracy: 0.7724
696/782 [=========================>....] - ETA: 0s - loss: 0.6507 - accuracy: 0.7717
709/782 [==========================>...] - ETA: 0s - loss: 0.6523 - accuracy: 0.7710
725/782 [==========================>...] - ETA: 0s - loss: 0.6532 - accuracy: 0.7706
742/782 [===========================>..] - ETA: 0s - loss: 0.6542 - accuracy: 0.7706
759/782 [============================>.] - ETA: 0s - loss: 0.6554 - accuracy: 0.7702
775/782 [============================>.] - ETA: 0s - loss: 0.6569 - accuracy: 0.7699
782/782 [==============================] - 3s 4ms/step - loss: 0.6572 - accuracy: 0.7698 - val_loss: 1.1553 - val_accuracy: 0.6223
Epoch 14: early stopping

  1/313 [..............................] - ETA: 5s - loss: 0.5490 - accuracy: 0.6875
 30/313 [=>............................] - ETA: 0s - loss: 1.1173 - accuracy: 0.6115
 56/313 [====>.........................] - ETA: 0s - loss: 1.1295 - accuracy: 0.6211
 85/313 [=======>......................] - ETA: 0s - loss: 1.1464 - accuracy: 0.6184
112/313 [=========>....................] - ETA: 0s - loss: 1.1572 - accuracy: 0.6194
138/313 [============>.................] - ETA: 0s - loss: 1.1465 - accuracy: 0.6230
159/313 [==============>...............] - ETA: 0s - loss: 1.1435 - accuracy: 0.6272
181/313 [================>.............] - ETA: 0s - loss: 1.1446 - accuracy: 0.6267
207/313 [==================>...........] - ETA: 0s - loss: 1.1392 - accuracy: 0.6245
231/313 [=====================>........] - ETA: 0s - loss: 1.1414 - accuracy: 0.6258
259/313 [=======================>......] - ETA: 0s - loss: 1.1468 - accuracy: 0.6256
282/313 [==========================>...] - ETA: 0s - loss: 1.1516 - accuracy: 0.6236
308/313 [============================>.] - ETA: 0s - loss: 1.1538 - accuracy: 0.6236
313/313 [==============================] - 1s 2ms/step - loss: 1.1553 - accuracy: 0.6223
