2024-07-26 03:34:49.098696: I tensorflow/core/platform/cpu_feature_guard.cc:193] This TensorFlow binary is optimized with oneAPI Deep Neural Network Library (oneDNN) to use the following CPU instructions in performance-critical operations:  AVX AVX2
To enable them in other operations, rebuild TensorFlow with the appropriate compiler flags.
2024-07-26 03:34:49.832828: I tensorflow/core/common_runtime/gpu/gpu_device.cc:1616] Created device /job:localhost/replica:0/task:0/device:GPU:0 with 6656 MB memory:  -> device: 0, name: NVIDIA GeForce RTX 4060 Ti, pci bus id: 0000:01:00.0, compute capability: 8.9
1 Physical GPUs, 1 Logical GPUs
Model: "sequential"
_________________________________________________________________
 Layer (type)                Output Shape              Param #   
=================================================================
 conv2d (Conv2D)             (None, 32, 32, 32)        896       
                                                                 
 dropout (Dropout)           (None, 32, 32, 32)        0         
                                                                 
 flatten (Flatten)           (None, 32768)             0         
                                                                 
 dense (Dense)               (None, 10)                327690    
                                                                 
=================================================================
Total params: 328,586
Trainable params: 328,586
Non-trainable params: 0
_________________________________________________________________
Taxa de aprendizado:  0.001 Num de épocas:  217 Tamanho do lote:  64 Dropout:  0.33
Epoch 1/217
2024-07-26 03:34:51.200425: I tensorflow/stream_executor/cuda/cuda_dnn.cc:384] Loaded cuDNN version 8100
2024-07-26 03:34:52.305869: W tensorflow/stream_executor/gpu/redzone_allocator.cc:314] INTERNAL: ptxas exited with non-zero error code -1, output: 
Relying on driver to perform ptx compilation. 
Modify $PATH to customize ptxas location.
This message will be only logged once.
2024-07-26 03:34:53.248774: I tensorflow/stream_executor/cuda/cuda_blas.cc:1614] TensorFloat-32 will be used for the matrix multiplication. This will only be logged once.

  1/782 [..............................] - ETA: 45:04 - loss: 2.2849 - accuracy: 0.2031
 15/782 [..............................] - ETA: 3s - loss: 2.3353 - accuracy: 0.1844   
 33/782 [>.............................] - ETA: 2s - loss: 2.1364 - accuracy: 0.2514
 50/782 [>.............................] - ETA: 2s - loss: 2.0306 - accuracy: 0.2928
 66/782 [=>............................] - ETA: 2s - loss: 1.9773 - accuracy: 0.3094
 83/782 [==>...........................] - ETA: 2s - loss: 1.9340 - accuracy: 0.3236
101/782 [==>...........................] - ETA: 2s - loss: 1.9016 - accuracy: 0.3359
118/782 [===>..........................] - ETA: 2s - loss: 1.8657 - accuracy: 0.3468
136/782 [====>.........................] - ETA: 2s - loss: 1.8330 - accuracy: 0.3555
152/782 [====>.........................] - ETA: 2s - loss: 1.8102 - accuracy: 0.3618
170/782 [=====>........................] - ETA: 2s - loss: 1.7864 - accuracy: 0.3711
188/782 [======>.......................] - ETA: 2s - loss: 1.7668 - accuracy: 0.3797
205/782 [======>.......................] - ETA: 2s - loss: 1.7482 - accuracy: 0.3851
222/782 [=======>......................] - ETA: 2s - loss: 1.7326 - accuracy: 0.3905
234/782 [=======>......................] - ETA: 2s - loss: 1.7213 - accuracy: 0.3957
248/782 [========>.....................] - ETA: 1s - loss: 1.7133 - accuracy: 0.3986
266/782 [=========>....................] - ETA: 1s - loss: 1.6953 - accuracy: 0.4053
283/782 [=========>....................] - ETA: 1s - loss: 1.6851 - accuracy: 0.4093
300/782 [==========>...................] - ETA: 1s - loss: 1.6714 - accuracy: 0.4141
317/782 [===========>..................] - ETA: 1s - loss: 1.6610 - accuracy: 0.4174
335/782 [===========>..................] - ETA: 1s - loss: 1.6520 - accuracy: 0.4189
352/782 [============>.................] - ETA: 1s - loss: 1.6433 - accuracy: 0.4208
369/782 [=============>................] - ETA: 1s - loss: 1.6367 - accuracy: 0.4240
385/782 [=============>................] - ETA: 1s - loss: 1.6263 - accuracy: 0.4275
398/782 [==============>...............] - ETA: 1s - loss: 1.6209 - accuracy: 0.4297
411/782 [==============>...............] - ETA: 1s - loss: 1.6135 - accuracy: 0.4321
426/782 [===============>..............] - ETA: 1s - loss: 1.6050 - accuracy: 0.4353
438/782 [===============>..............] - ETA: 1s - loss: 1.6008 - accuracy: 0.4371
453/782 [================>.............] - ETA: 1s - loss: 1.5943 - accuracy: 0.4394
466/782 [================>.............] - ETA: 1s - loss: 1.5887 - accuracy: 0.4418
483/782 [=================>............] - ETA: 1s - loss: 1.5821 - accuracy: 0.4452
496/782 [==================>...........] - ETA: 1s - loss: 1.5786 - accuracy: 0.4463
511/782 [==================>...........] - ETA: 1s - loss: 1.5719 - accuracy: 0.4488
525/782 [===================>..........] - ETA: 0s - loss: 1.5678 - accuracy: 0.4505
539/782 [===================>..........] - ETA: 0s - loss: 1.5622 - accuracy: 0.4526
552/782 [====================>.........] - ETA: 0s - loss: 1.5588 - accuracy: 0.4538
565/782 [====================>.........] - ETA: 0s - loss: 1.5549 - accuracy: 0.4556
582/782 [=====================>........] - ETA: 0s - loss: 1.5501 - accuracy: 0.4569
597/782 [=====================>........] - ETA: 0s - loss: 1.5442 - accuracy: 0.4586
611/782 [======================>.......] - ETA: 0s - loss: 1.5406 - accuracy: 0.4603
626/782 [=======================>......] - ETA: 0s - loss: 1.5361 - accuracy: 0.4622
643/782 [=======================>......] - ETA: 0s - loss: 1.5310 - accuracy: 0.4643
658/782 [========================>.....] - ETA: 0s - loss: 1.5251 - accuracy: 0.4667
674/782 [========================>.....] - ETA: 0s - loss: 1.5221 - accuracy: 0.4678
692/782 [=========================>....] - ETA: 0s - loss: 1.5153 - accuracy: 0.4696
709/782 [==========================>...] - ETA: 0s - loss: 1.5102 - accuracy: 0.4714
726/782 [==========================>...] - ETA: 0s - loss: 1.5069 - accuracy: 0.4726
736/782 [===========================>..] - ETA: 0s - loss: 1.5051 - accuracy: 0.4732
753/782 [===========================>..] - ETA: 0s - loss: 1.4993 - accuracy: 0.4753
770/782 [============================>.] - ETA: 0s - loss: 1.4959 - accuracy: 0.4767
782/782 [==============================] - 7s 5ms/step - loss: 1.4938 - accuracy: 0.4774 - val_loss: 1.3031 - val_accuracy: 0.5392
Epoch 2/217

  1/782 [..............................] - ETA: 12s - loss: 1.1689 - accuracy: 0.6250
 20/782 [..............................] - ETA: 2s - loss: 1.1758 - accuracy: 0.5992 
 38/782 [>.............................] - ETA: 2s - loss: 1.1723 - accuracy: 0.5938
 54/782 [=>............................] - ETA: 2s - loss: 1.1789 - accuracy: 0.5911
 69/782 [=>............................] - ETA: 2s - loss: 1.1873 - accuracy: 0.5890
 85/782 [==>...........................] - ETA: 2s - loss: 1.1951 - accuracy: 0.5846
102/782 [==>...........................] - ETA: 2s - loss: 1.1996 - accuracy: 0.5839
119/782 [===>..........................] - ETA: 2s - loss: 1.2089 - accuracy: 0.5822
137/782 [====>.........................] - ETA: 2s - loss: 1.2112 - accuracy: 0.5811
154/782 [====>.........................] - ETA: 2s - loss: 1.2201 - accuracy: 0.5770
171/782 [=====>........................] - ETA: 2s - loss: 1.2224 - accuracy: 0.5762
187/782 [======>.......................] - ETA: 2s - loss: 1.2206 - accuracy: 0.5759
205/782 [======>.......................] - ETA: 2s - loss: 1.2221 - accuracy: 0.5755
222/782 [=======>......................] - ETA: 2s - loss: 1.2230 - accuracy: 0.5747
239/782 [========>.....................] - ETA: 1s - loss: 1.2235 - accuracy: 0.5746
256/782 [========>.....................] - ETA: 1s - loss: 1.2255 - accuracy: 0.5750
273/782 [=========>....................] - ETA: 1s - loss: 1.2243 - accuracy: 0.5750
290/782 [==========>...................] - ETA: 1s - loss: 1.2233 - accuracy: 0.5751
307/782 [==========>...................] - ETA: 1s - loss: 1.2213 - accuracy: 0.5761
326/782 [===========>..................] - ETA: 1s - loss: 1.2201 - accuracy: 0.5768
344/782 [============>.................] - ETA: 1s - loss: 1.2197 - accuracy: 0.5765
361/782 [============>.................] - ETA: 1s - loss: 1.2195 - accuracy: 0.5769
379/782 [=============>................] - ETA: 1s - loss: 1.2187 - accuracy: 0.5763
396/782 [==============>...............] - ETA: 1s - loss: 1.2203 - accuracy: 0.5765
414/782 [==============>...............] - ETA: 1s - loss: 1.2194 - accuracy: 0.5768
428/782 [===============>..............] - ETA: 1s - loss: 1.2194 - accuracy: 0.5771
445/782 [================>.............] - ETA: 1s - loss: 1.2183 - accuracy: 0.5774
462/782 [================>.............] - ETA: 1s - loss: 1.2173 - accuracy: 0.5778
479/782 [=================>............] - ETA: 1s - loss: 1.2185 - accuracy: 0.5767
497/782 [==================>...........] - ETA: 1s - loss: 1.2181 - accuracy: 0.5772
514/782 [==================>...........] - ETA: 0s - loss: 1.2168 - accuracy: 0.5776
531/782 [===================>..........] - ETA: 0s - loss: 1.2152 - accuracy: 0.5777
548/782 [====================>.........] - ETA: 0s - loss: 1.2157 - accuracy: 0.5773
565/782 [====================>.........] - ETA: 0s - loss: 1.2147 - accuracy: 0.5779
582/782 [=====================>........] - ETA: 0s - loss: 1.2137 - accuracy: 0.5786
600/782 [======================>.......] - ETA: 0s - loss: 1.2141 - accuracy: 0.5784
617/782 [======================>.......] - ETA: 0s - loss: 1.2125 - accuracy: 0.5791
635/782 [=======================>......] - ETA: 0s - loss: 1.2117 - accuracy: 0.5788
652/782 [========================>.....] - ETA: 0s - loss: 1.2091 - accuracy: 0.5799
669/782 [========================>.....] - ETA: 0s - loss: 1.2089 - accuracy: 0.5798
687/782 [=========================>....] - ETA: 0s - loss: 1.2083 - accuracy: 0.5796
704/782 [==========================>...] - ETA: 0s - loss: 1.2078 - accuracy: 0.5794
721/782 [==========================>...] - ETA: 0s - loss: 1.2063 - accuracy: 0.5799
739/782 [===========================>..] - ETA: 0s - loss: 1.2062 - accuracy: 0.5795
757/782 [============================>.] - ETA: 0s - loss: 1.2057 - accuracy: 0.5795
773/782 [============================>.] - ETA: 0s - loss: 1.2052 - accuracy: 0.5794
782/782 [==============================] - 4s 5ms/step - loss: 1.2052 - accuracy: 0.5794 - val_loss: 1.2003 - val_accuracy: 0.5825
Epoch 3/217

  1/782 [..............................] - ETA: 12s - loss: 0.8138 - accuracy: 0.8125
 16/782 [..............................] - ETA: 3s - loss: 1.0763 - accuracy: 0.6201 
 34/782 [>.............................] - ETA: 2s - loss: 1.1054 - accuracy: 0.6108
 51/782 [>.............................] - ETA: 2s - loss: 1.1002 - accuracy: 0.6189
 68/782 [=>............................] - ETA: 2s - loss: 1.0976 - accuracy: 0.6216
 85/782 [==>...........................] - ETA: 2s - loss: 1.0996 - accuracy: 0.6182
 99/782 [==>...........................] - ETA: 2s - loss: 1.0955 - accuracy: 0.6247
114/782 [===>..........................] - ETA: 2s - loss: 1.0914 - accuracy: 0.6265
132/782 [====>.........................] - ETA: 2s - loss: 1.0938 - accuracy: 0.6243
147/782 [====>.........................] - ETA: 2s - loss: 1.0989 - accuracy: 0.6211
165/782 [=====>........................] - ETA: 2s - loss: 1.0970 - accuracy: 0.6218
181/782 [=====>........................] - ETA: 2s - loss: 1.0965 - accuracy: 0.6229
197/782 [======>.......................] - ETA: 2s - loss: 1.0925 - accuracy: 0.6238
214/782 [=======>......................] - ETA: 2s - loss: 1.0925 - accuracy: 0.6241
230/782 [=======>......................] - ETA: 2s - loss: 1.0909 - accuracy: 0.6250
247/782 [========>.....................] - ETA: 2s - loss: 1.0954 - accuracy: 0.6235
265/782 [=========>....................] - ETA: 1s - loss: 1.0961 - accuracy: 0.6235
282/782 [=========>....................] - ETA: 1s - loss: 1.0935 - accuracy: 0.6238
299/782 [==========>...................] - ETA: 1s - loss: 1.0930 - accuracy: 0.6246
315/782 [===========>..................] - ETA: 1s - loss: 1.0972 - accuracy: 0.6229
332/782 [===========>..................] - ETA: 1s - loss: 1.0988 - accuracy: 0.6221
350/782 [============>.................] - ETA: 1s - loss: 1.0979 - accuracy: 0.6224
367/782 [=============>................] - ETA: 1s - loss: 1.0976 - accuracy: 0.6224
384/782 [=============>................] - ETA: 1s - loss: 1.0995 - accuracy: 0.6215
402/782 [==============>...............] - ETA: 1s - loss: 1.0989 - accuracy: 0.6210
419/782 [===============>..............] - ETA: 1s - loss: 1.0967 - accuracy: 0.6218
437/782 [===============>..............] - ETA: 1s - loss: 1.0983 - accuracy: 0.6211
454/782 [================>.............] - ETA: 1s - loss: 1.0983 - accuracy: 0.6216
472/782 [=================>............] - ETA: 1s - loss: 1.0987 - accuracy: 0.6218
489/782 [=================>............] - ETA: 1s - loss: 1.1000 - accuracy: 0.6214
506/782 [==================>...........] - ETA: 1s - loss: 1.1017 - accuracy: 0.6203
524/782 [===================>..........] - ETA: 0s - loss: 1.1027 - accuracy: 0.6202
542/782 [===================>..........] - ETA: 0s - loss: 1.1038 - accuracy: 0.6193
557/782 [====================>.........] - ETA: 0s - loss: 1.1048 - accuracy: 0.6190
572/782 [====================>.........] - ETA: 0s - loss: 1.1058 - accuracy: 0.6183
590/782 [=====================>........] - ETA: 0s - loss: 1.1064 - accuracy: 0.6180
607/782 [======================>.......] - ETA: 0s - loss: 1.1063 - accuracy: 0.6181
625/782 [======================>.......] - ETA: 0s - loss: 1.1045 - accuracy: 0.6187
642/782 [=======================>......] - ETA: 0s - loss: 1.1043 - accuracy: 0.6185
659/782 [========================>.....] - ETA: 0s - loss: 1.1037 - accuracy: 0.6186
676/782 [========================>.....] - ETA: 0s - loss: 1.1033 - accuracy: 0.6189
692/782 [=========================>....] - ETA: 0s - loss: 1.1024 - accuracy: 0.6195
709/782 [==========================>...] - ETA: 0s - loss: 1.1019 - accuracy: 0.6195
727/782 [==========================>...] - ETA: 0s - loss: 1.1027 - accuracy: 0.6191
744/782 [===========================>..] - ETA: 0s - loss: 1.1037 - accuracy: 0.6190
762/782 [============================>.] - ETA: 0s - loss: 1.1036 - accuracy: 0.6190
779/782 [============================>.] - ETA: 0s - loss: 1.1028 - accuracy: 0.6191
782/782 [==============================] - 4s 5ms/step - loss: 1.1030 - accuracy: 0.6191 - val_loss: 1.2069 - val_accuracy: 0.5822
Epoch 4/217

  1/782 [..............................] - ETA: 0s - loss: 1.1119 - accuracy: 0.6250
 15/782 [..............................] - ETA: 3s - loss: 1.0138 - accuracy: 0.6729
 32/782 [>.............................] - ETA: 3s - loss: 1.0433 - accuracy: 0.6562
 49/782 [>.............................] - ETA: 2s - loss: 1.0202 - accuracy: 0.6590
 67/782 [=>............................] - ETA: 2s - loss: 1.0259 - accuracy: 0.6552
 84/782 [==>...........................] - ETA: 2s - loss: 1.0305 - accuracy: 0.6520
102/782 [==>...........................] - ETA: 2s - loss: 1.0284 - accuracy: 0.6500
119/782 [===>..........................] - ETA: 2s - loss: 1.0342 - accuracy: 0.6504
136/782 [====>.........................] - ETA: 2s - loss: 1.0315 - accuracy: 0.6481
153/782 [====>.........................] - ETA: 2s - loss: 1.0312 - accuracy: 0.6456
171/782 [=====>........................] - ETA: 2s - loss: 1.0330 - accuracy: 0.6430
188/782 [======>.......................] - ETA: 2s - loss: 1.0280 - accuracy: 0.6443
206/782 [======>.......................] - ETA: 2s - loss: 1.0244 - accuracy: 0.6460
223/782 [=======>......................] - ETA: 2s - loss: 1.0263 - accuracy: 0.6450
240/782 [========>.....................] - ETA: 1s - loss: 1.0255 - accuracy: 0.6464
258/782 [========>.....................] - ETA: 1s - loss: 1.0262 - accuracy: 0.6457
275/782 [=========>....................] - ETA: 1s - loss: 1.0251 - accuracy: 0.6468
293/782 [==========>...................] - ETA: 1s - loss: 1.0283 - accuracy: 0.6462
310/782 [==========>...................] - ETA: 1s - loss: 1.0289 - accuracy: 0.6455
327/782 [===========>..................] - ETA: 1s - loss: 1.0278 - accuracy: 0.6466
345/782 [============>.................] - ETA: 1s - loss: 1.0285 - accuracy: 0.6460
362/782 [============>.................] - ETA: 1s - loss: 1.0281 - accuracy: 0.6460
379/782 [=============>................] - ETA: 1s - loss: 1.0311 - accuracy: 0.6451
396/782 [==============>...............] - ETA: 1s - loss: 1.0282 - accuracy: 0.6457
414/782 [==============>...............] - ETA: 1s - loss: 1.0287 - accuracy: 0.6455
432/782 [===============>..............] - ETA: 1s - loss: 1.0286 - accuracy: 0.6454
449/782 [================>.............] - ETA: 1s - loss: 1.0290 - accuracy: 0.6449
466/782 [================>.............] - ETA: 1s - loss: 1.0275 - accuracy: 0.6451
484/782 [=================>............] - ETA: 1s - loss: 1.0301 - accuracy: 0.6445
502/782 [==================>...........] - ETA: 1s - loss: 1.0307 - accuracy: 0.6446
520/782 [==================>...........] - ETA: 0s - loss: 1.0312 - accuracy: 0.6444
538/782 [===================>..........] - ETA: 0s - loss: 1.0322 - accuracy: 0.6440
555/782 [====================>.........] - ETA: 0s - loss: 1.0313 - accuracy: 0.6440
571/782 [====================>.........] - ETA: 0s - loss: 1.0324 - accuracy: 0.6438
588/782 [=====================>........] - ETA: 0s - loss: 1.0333 - accuracy: 0.6436
606/782 [======================>.......] - ETA: 0s - loss: 1.0329 - accuracy: 0.6436
623/782 [======================>.......] - ETA: 0s - loss: 1.0330 - accuracy: 0.6435
640/782 [=======================>......] - ETA: 0s - loss: 1.0316 - accuracy: 0.6443
657/782 [========================>.....] - ETA: 0s - loss: 1.0322 - accuracy: 0.6441
675/782 [========================>.....] - ETA: 0s - loss: 1.0322 - accuracy: 0.6441
693/782 [=========================>....] - ETA: 0s - loss: 1.0336 - accuracy: 0.6438
711/782 [==========================>...] - ETA: 0s - loss: 1.0345 - accuracy: 0.6436
728/782 [==========================>...] - ETA: 0s - loss: 1.0338 - accuracy: 0.6441
745/782 [===========================>..] - ETA: 0s - loss: 1.0340 - accuracy: 0.6442
763/782 [============================>.] - ETA: 0s - loss: 1.0355 - accuracy: 0.6437
780/782 [============================>.] - ETA: 0s - loss: 1.0355 - accuracy: 0.6433
782/782 [==============================] - 4s 5ms/step - loss: 1.0353 - accuracy: 0.6434 - val_loss: 1.1338 - val_accuracy: 0.6062
Epoch 5/217

  1/782 [..............................] - ETA: 12s - loss: 0.7620 - accuracy: 0.6250
 16/782 [..............................] - ETA: 3s - loss: 0.9069 - accuracy: 0.6787 
 34/782 [>.............................] - ETA: 2s - loss: 0.9339 - accuracy: 0.6696
 51/782 [>.............................] - ETA: 2s - loss: 0.9367 - accuracy: 0.6752
 68/782 [=>............................] - ETA: 2s - loss: 0.9502 - accuracy: 0.6730
 87/782 [==>...........................] - ETA: 2s - loss: 0.9514 - accuracy: 0.6713
104/782 [==>...........................] - ETA: 2s - loss: 0.9633 - accuracy: 0.6653
120/782 [===>..........................] - ETA: 2s - loss: 0.9684 - accuracy: 0.6659
138/782 [====>.........................] - ETA: 2s - loss: 0.9692 - accuracy: 0.6661
160/782 [=====>........................] - ETA: 2s - loss: 0.9658 - accuracy: 0.6675
181/782 [=====>........................] - ETA: 2s - loss: 0.9704 - accuracy: 0.6657
201/782 [======>.......................] - ETA: 2s - loss: 0.9755 - accuracy: 0.6621
221/782 [=======>......................] - ETA: 1s - loss: 0.9703 - accuracy: 0.6645
243/782 [========>.....................] - ETA: 1s - loss: 0.9663 - accuracy: 0.6669
261/782 [=========>....................] - ETA: 1s - loss: 0.9656 - accuracy: 0.6685
282/782 [=========>....................] - ETA: 1s - loss: 0.9656 - accuracy: 0.6686
304/782 [==========>...................] - ETA: 1s - loss: 0.9715 - accuracy: 0.6660
326/782 [===========>..................] - ETA: 1s - loss: 0.9741 - accuracy: 0.6653
347/782 [============>.................] - ETA: 1s - loss: 0.9763 - accuracy: 0.6645
368/782 [=============>................] - ETA: 1s - loss: 0.9781 - accuracy: 0.6632
390/782 [=============>................] - ETA: 1s - loss: 0.9785 - accuracy: 0.6630
410/782 [==============>...............] - ETA: 1s - loss: 0.9806 - accuracy: 0.6623
430/782 [===============>..............] - ETA: 1s - loss: 0.9801 - accuracy: 0.6630
450/782 [================>.............] - ETA: 1s - loss: 0.9802 - accuracy: 0.6635
473/782 [=================>............] - ETA: 0s - loss: 0.9801 - accuracy: 0.6631
490/782 [=================>............] - ETA: 0s - loss: 0.9816 - accuracy: 0.6625
508/782 [==================>...........] - ETA: 0s - loss: 0.9802 - accuracy: 0.6635
526/782 [===================>..........] - ETA: 0s - loss: 0.9800 - accuracy: 0.6634
543/782 [===================>..........] - ETA: 0s - loss: 0.9807 - accuracy: 0.6633
561/782 [====================>.........] - ETA: 0s - loss: 0.9822 - accuracy: 0.6625
578/782 [=====================>........] - ETA: 0s - loss: 0.9825 - accuracy: 0.6624
595/782 [=====================>........] - ETA: 0s - loss: 0.9827 - accuracy: 0.6619
613/782 [======================>.......] - ETA: 0s - loss: 0.9835 - accuracy: 0.6619
630/782 [=======================>......] - ETA: 0s - loss: 0.9835 - accuracy: 0.6619
647/782 [=======================>......] - ETA: 0s - loss: 0.9831 - accuracy: 0.6621
661/782 [========================>.....] - ETA: 0s - loss: 0.9832 - accuracy: 0.6621
677/782 [========================>.....] - ETA: 0s - loss: 0.9840 - accuracy: 0.6620
696/782 [=========================>....] - ETA: 0s - loss: 0.9840 - accuracy: 0.6617
714/782 [==========================>...] - ETA: 0s - loss: 0.9839 - accuracy: 0.6615
731/782 [===========================>..] - ETA: 0s - loss: 0.9843 - accuracy: 0.6614
749/782 [===========================>..] - ETA: 0s - loss: 0.9832 - accuracy: 0.6618
767/782 [============================>.] - ETA: 0s - loss: 0.9832 - accuracy: 0.6621
782/782 [==============================] - 3s 4ms/step - loss: 0.9832 - accuracy: 0.6618 - val_loss: 1.1218 - val_accuracy: 0.6144
Epoch 6/217

  1/782 [..............................] - ETA: 0s - loss: 0.9884 - accuracy: 0.6094
 15/782 [..............................] - ETA: 3s - loss: 0.9286 - accuracy: 0.6792
 32/782 [>.............................] - ETA: 3s - loss: 0.8877 - accuracy: 0.6846
 49/782 [>.............................] - ETA: 2s - loss: 0.8954 - accuracy: 0.6872
 67/782 [=>............................] - ETA: 2s - loss: 0.9102 - accuracy: 0.6833
 84/782 [==>...........................] - ETA: 2s - loss: 0.9155 - accuracy: 0.6836
102/782 [==>...........................] - ETA: 2s - loss: 0.9214 - accuracy: 0.6801
119/782 [===>..........................] - ETA: 2s - loss: 0.9164 - accuracy: 0.6812
137/782 [====>.........................] - ETA: 2s - loss: 0.9168 - accuracy: 0.6816
154/782 [====>.........................] - ETA: 2s - loss: 0.9113 - accuracy: 0.6833
172/782 [=====>........................] - ETA: 2s - loss: 0.9086 - accuracy: 0.6838
189/782 [======>.......................] - ETA: 2s - loss: 0.9084 - accuracy: 0.6839
207/782 [======>.......................] - ETA: 2s - loss: 0.9096 - accuracy: 0.6830
225/782 [=======>......................] - ETA: 2s - loss: 0.9153 - accuracy: 0.6810
242/782 [========>.....................] - ETA: 1s - loss: 0.9118 - accuracy: 0.6817
260/782 [========>.....................] - ETA: 1s - loss: 0.9135 - accuracy: 0.6816
276/782 [=========>....................] - ETA: 1s - loss: 0.9159 - accuracy: 0.6810
293/782 [==========>...................] - ETA: 1s - loss: 0.9166 - accuracy: 0.6807
310/782 [==========>...................] - ETA: 1s - loss: 0.9172 - accuracy: 0.6806
328/782 [===========>..................] - ETA: 1s - loss: 0.9172 - accuracy: 0.6808
346/782 [============>.................] - ETA: 1s - loss: 0.9189 - accuracy: 0.6803
363/782 [============>.................] - ETA: 1s - loss: 0.9193 - accuracy: 0.6807
380/782 [=============>................] - ETA: 1s - loss: 0.9182 - accuracy: 0.6815
397/782 [==============>...............] - ETA: 1s - loss: 0.9202 - accuracy: 0.6807
414/782 [==============>...............] - ETA: 1s - loss: 0.9213 - accuracy: 0.6797
432/782 [===============>..............] - ETA: 1s - loss: 0.9222 - accuracy: 0.6795
449/782 [================>.............] - ETA: 1s - loss: 0.9226 - accuracy: 0.6795
466/782 [================>.............] - ETA: 1s - loss: 0.9225 - accuracy: 0.6789
483/782 [=================>............] - ETA: 1s - loss: 0.9228 - accuracy: 0.6781
500/782 [==================>...........] - ETA: 1s - loss: 0.9234 - accuracy: 0.6782
518/782 [==================>...........] - ETA: 0s - loss: 0.9249 - accuracy: 0.6778
536/782 [===================>..........] - ETA: 0s - loss: 0.9245 - accuracy: 0.6776
553/782 [====================>.........] - ETA: 0s - loss: 0.9267 - accuracy: 0.6770
571/782 [====================>.........] - ETA: 0s - loss: 0.9259 - accuracy: 0.6773
587/782 [=====================>........] - ETA: 0s - loss: 0.9256 - accuracy: 0.6773
605/782 [======================>.......] - ETA: 0s - loss: 0.9256 - accuracy: 0.6774
623/782 [======================>.......] - ETA: 0s - loss: 0.9266 - accuracy: 0.6771
641/782 [=======================>......] - ETA: 0s - loss: 0.9275 - accuracy: 0.6767
657/782 [========================>.....] - ETA: 0s - loss: 0.9280 - accuracy: 0.6767
675/782 [========================>.....] - ETA: 0s - loss: 0.9275 - accuracy: 0.6769
692/782 [=========================>....] - ETA: 0s - loss: 0.9278 - accuracy: 0.6771
710/782 [==========================>...] - ETA: 0s - loss: 0.9291 - accuracy: 0.6770
727/782 [==========================>...] - ETA: 0s - loss: 0.9291 - accuracy: 0.6771
744/782 [===========================>..] - ETA: 0s - loss: 0.9304 - accuracy: 0.6769
762/782 [============================>.] - ETA: 0s - loss: 0.9319 - accuracy: 0.6763
778/782 [============================>.] - ETA: 0s - loss: 0.9330 - accuracy: 0.6762
782/782 [==============================] - 4s 5ms/step - loss: 0.9331 - accuracy: 0.6762 - val_loss: 1.1599 - val_accuracy: 0.6047
Epoch 7/217

  1/782 [..............................] - ETA: 12s - loss: 0.9538 - accuracy: 0.6719
 16/782 [..............................] - ETA: 3s - loss: 0.9104 - accuracy: 0.6855 
 33/782 [>.............................] - ETA: 2s - loss: 0.8754 - accuracy: 0.7017
 50/782 [>.............................] - ETA: 2s - loss: 0.8781 - accuracy: 0.7016
 67/782 [=>............................] - ETA: 2s - loss: 0.8771 - accuracy: 0.6999
 86/782 [==>...........................] - ETA: 2s - loss: 0.8656 - accuracy: 0.7057
103/782 [==>...........................] - ETA: 2s - loss: 0.8653 - accuracy: 0.7060
121/782 [===>..........................] - ETA: 2s - loss: 0.8645 - accuracy: 0.7052
138/782 [====>.........................] - ETA: 2s - loss: 0.8596 - accuracy: 0.7070
155/782 [====>.........................] - ETA: 2s - loss: 0.8673 - accuracy: 0.7037
174/782 [=====>........................] - ETA: 2s - loss: 0.8680 - accuracy: 0.7024
191/782 [======>.......................] - ETA: 2s - loss: 0.8684 - accuracy: 0.7013
210/782 [=======>......................] - ETA: 2s - loss: 0.8710 - accuracy: 0.7007
227/782 [=======>......................] - ETA: 1s - loss: 0.8744 - accuracy: 0.6990
244/782 [========>.....................] - ETA: 1s - loss: 0.8752 - accuracy: 0.6985
262/782 [=========>....................] - ETA: 1s - loss: 0.8750 - accuracy: 0.6986
279/782 [=========>....................] - ETA: 1s - loss: 0.8757 - accuracy: 0.6977
297/782 [==========>...................] - ETA: 1s - loss: 0.8742 - accuracy: 0.6982
314/782 [===========>..................] - ETA: 1s - loss: 0.8727 - accuracy: 0.6989
332/782 [===========>..................] - ETA: 1s - loss: 0.8779 - accuracy: 0.6974
350/782 [============>.................] - ETA: 1s - loss: 0.8793 - accuracy: 0.6972
368/782 [=============>................] - ETA: 1s - loss: 0.8811 - accuracy: 0.6968
385/782 [=============>................] - ETA: 1s - loss: 0.8819 - accuracy: 0.6965
403/782 [==============>...............] - ETA: 1s - loss: 0.8820 - accuracy: 0.6962
420/782 [===============>..............] - ETA: 1s - loss: 0.8824 - accuracy: 0.6964
438/782 [===============>..............] - ETA: 1s - loss: 0.8841 - accuracy: 0.6959
455/782 [================>.............] - ETA: 1s - loss: 0.8843 - accuracy: 0.6954
472/782 [=================>............] - ETA: 1s - loss: 0.8854 - accuracy: 0.6952
490/782 [=================>............] - ETA: 1s - loss: 0.8866 - accuracy: 0.6947
507/782 [==================>...........] - ETA: 0s - loss: 0.8857 - accuracy: 0.6948
525/782 [===================>..........] - ETA: 0s - loss: 0.8867 - accuracy: 0.6944
542/782 [===================>..........] - ETA: 0s - loss: 0.8874 - accuracy: 0.6943
560/782 [====================>.........] - ETA: 0s - loss: 0.8872 - accuracy: 0.6949
577/782 [=====================>........] - ETA: 0s - loss: 0.8866 - accuracy: 0.6943
591/782 [=====================>........] - ETA: 0s - loss: 0.8852 - accuracy: 0.6950
607/782 [======================>.......] - ETA: 0s - loss: 0.8855 - accuracy: 0.6950
624/782 [======================>.......] - ETA: 0s - loss: 0.8865 - accuracy: 0.6944
642/782 [=======================>......] - ETA: 0s - loss: 0.8881 - accuracy: 0.6939
659/782 [========================>.....] - ETA: 0s - loss: 0.8882 - accuracy: 0.6939
676/782 [========================>.....] - ETA: 0s - loss: 0.8899 - accuracy: 0.6938
695/782 [=========================>....] - ETA: 0s - loss: 0.8909 - accuracy: 0.6934
712/782 [==========================>...] - ETA: 0s - loss: 0.8914 - accuracy: 0.6932
729/782 [==========================>...] - ETA: 0s - loss: 0.8915 - accuracy: 0.6930
747/782 [===========================>..] - ETA: 0s - loss: 0.8934 - accuracy: 0.6920
765/782 [============================>.] - ETA: 0s - loss: 0.8933 - accuracy: 0.6920
782/782 [==============================] - ETA: 0s - loss: 0.8939 - accuracy: 0.6915
782/782 [==============================] - 4s 4ms/step - loss: 0.8939 - accuracy: 0.6915 - val_loss: 1.1034 - val_accuracy: 0.6232
Epoch 8/217

  1/782 [..............................] - ETA: 12s - loss: 0.7536 - accuracy: 0.7969
 18/782 [..............................] - ETA: 2s - loss: 0.7958 - accuracy: 0.7422 
 35/782 [>.............................] - ETA: 2s - loss: 0.7931 - accuracy: 0.7348
 53/782 [=>............................] - ETA: 2s - loss: 0.8047 - accuracy: 0.7252
 71/782 [=>............................] - ETA: 2s - loss: 0.8107 - accuracy: 0.7222
 88/782 [==>...........................] - ETA: 2s - loss: 0.8236 - accuracy: 0.7169
105/782 [===>..........................] - ETA: 2s - loss: 0.8290 - accuracy: 0.7143
122/782 [===>..........................] - ETA: 2s - loss: 0.8271 - accuracy: 0.7162
139/782 [====>.........................] - ETA: 2s - loss: 0.8261 - accuracy: 0.7164
156/782 [====>.........................] - ETA: 2s - loss: 0.8253 - accuracy: 0.7170
174/782 [=====>........................] - ETA: 2s - loss: 0.8261 - accuracy: 0.7152
191/782 [======>.......................] - ETA: 2s - loss: 0.8232 - accuracy: 0.7165
208/782 [======>.......................] - ETA: 2s - loss: 0.8281 - accuracy: 0.7139
225/782 [=======>......................] - ETA: 2s - loss: 0.8317 - accuracy: 0.7120
242/782 [========>.....................] - ETA: 1s - loss: 0.8301 - accuracy: 0.7129
260/782 [========>.....................] - ETA: 1s - loss: 0.8350 - accuracy: 0.7108
277/782 [=========>....................] - ETA: 1s - loss: 0.8332 - accuracy: 0.7109
295/782 [==========>...................] - ETA: 1s - loss: 0.8336 - accuracy: 0.7114
312/782 [==========>...................] - ETA: 1s - loss: 0.8382 - accuracy: 0.7097
330/782 [===========>..................] - ETA: 1s - loss: 0.8382 - accuracy: 0.7098
348/782 [============>.................] - ETA: 1s - loss: 0.8381 - accuracy: 0.7100
362/782 [============>.................] - ETA: 1s - loss: 0.8375 - accuracy: 0.7101
378/782 [=============>................] - ETA: 1s - loss: 0.8383 - accuracy: 0.7095
396/782 [==============>...............] - ETA: 1s - loss: 0.8383 - accuracy: 0.7096
414/782 [==============>...............] - ETA: 1s - loss: 0.8389 - accuracy: 0.7097
431/782 [===============>..............] - ETA: 1s - loss: 0.8399 - accuracy: 0.7097
448/782 [================>.............] - ETA: 1s - loss: 0.8393 - accuracy: 0.7096
465/782 [================>.............] - ETA: 1s - loss: 0.8393 - accuracy: 0.7096
482/782 [=================>............] - ETA: 1s - loss: 0.8400 - accuracy: 0.7094
499/782 [==================>...........] - ETA: 1s - loss: 0.8427 - accuracy: 0.7081
516/782 [==================>...........] - ETA: 0s - loss: 0.8430 - accuracy: 0.7081
534/782 [===================>..........] - ETA: 0s - loss: 0.8447 - accuracy: 0.7077
551/782 [====================>.........] - ETA: 0s - loss: 0.8461 - accuracy: 0.7075
568/782 [====================>.........] - ETA: 0s - loss: 0.8470 - accuracy: 0.7074
586/782 [=====================>........] - ETA: 0s - loss: 0.8478 - accuracy: 0.7070
609/782 [======================>.......] - ETA: 0s - loss: 0.8483 - accuracy: 0.7068
630/782 [=======================>......] - ETA: 0s - loss: 0.8484 - accuracy: 0.7069
646/782 [=======================>......] - ETA: 0s - loss: 0.8486 - accuracy: 0.7068
666/782 [========================>.....] - ETA: 0s - loss: 0.8502 - accuracy: 0.7063
686/782 [=========================>....] - ETA: 0s - loss: 0.8518 - accuracy: 0.7062
706/782 [==========================>...] - ETA: 0s - loss: 0.8530 - accuracy: 0.7056
727/782 [==========================>...] - ETA: 0s - loss: 0.8536 - accuracy: 0.7053
748/782 [===========================>..] - ETA: 0s - loss: 0.8530 - accuracy: 0.7054
770/782 [============================>.] - ETA: 0s - loss: 0.8531 - accuracy: 0.7055
782/782 [==============================] - 3s 4ms/step - loss: 0.8531 - accuracy: 0.7051 - val_loss: 1.1356 - val_accuracy: 0.6147
Epoch 9/217

  1/782 [..............................] - ETA: 12s - loss: 0.8222 - accuracy: 0.7344
 17/782 [..............................] - ETA: 2s - loss: 0.8304 - accuracy: 0.7160 
 35/782 [>.............................] - ETA: 2s - loss: 0.8215 - accuracy: 0.7201
 52/782 [>.............................] - ETA: 2s - loss: 0.8328 - accuracy: 0.7175
 71/782 [=>............................] - ETA: 2s - loss: 0.8288 - accuracy: 0.7157
 87/782 [==>...........................] - ETA: 2s - loss: 0.8198 - accuracy: 0.7195
105/782 [===>..........................] - ETA: 2s - loss: 0.8250 - accuracy: 0.7177
122/782 [===>..........................] - ETA: 2s - loss: 0.8235 - accuracy: 0.7180
140/782 [====>.........................] - ETA: 2s - loss: 0.8137 - accuracy: 0.7183
157/782 [=====>........................] - ETA: 2s - loss: 0.8171 - accuracy: 0.7174
175/782 [=====>........................] - ETA: 2s - loss: 0.8148 - accuracy: 0.7178
192/782 [======>.......................] - ETA: 2s - loss: 0.8101 - accuracy: 0.7190
209/782 [=======>......................] - ETA: 2s - loss: 0.8114 - accuracy: 0.7179
227/782 [=======>......................] - ETA: 1s - loss: 0.8097 - accuracy: 0.7190
245/782 [========>.....................] - ETA: 1s - loss: 0.8093 - accuracy: 0.7189
262/782 [=========>....................] - ETA: 1s - loss: 0.8083 - accuracy: 0.7189
280/782 [=========>....................] - ETA: 1s - loss: 0.8095 - accuracy: 0.7187
298/782 [==========>...................] - ETA: 1s - loss: 0.8073 - accuracy: 0.7208
315/782 [===========>..................] - ETA: 1s - loss: 0.8102 - accuracy: 0.7191
332/782 [===========>..................] - ETA: 1s - loss: 0.8120 - accuracy: 0.7176
350/782 [============>.................] - ETA: 1s - loss: 0.8138 - accuracy: 0.7167
368/782 [=============>................] - ETA: 1s - loss: 0.8127 - accuracy: 0.7174
386/782 [=============>................] - ETA: 1s - loss: 0.8121 - accuracy: 0.7181
403/782 [==============>...............] - ETA: 1s - loss: 0.8134 - accuracy: 0.7175
420/782 [===============>..............] - ETA: 1s - loss: 0.8131 - accuracy: 0.7174
438/782 [===============>..............] - ETA: 1s - loss: 0.8130 - accuracy: 0.7173
455/782 [================>.............] - ETA: 1s - loss: 0.8141 - accuracy: 0.7174
473/782 [=================>............] - ETA: 1s - loss: 0.8137 - accuracy: 0.7173
490/782 [=================>............] - ETA: 1s - loss: 0.8137 - accuracy: 0.7170
507/782 [==================>...........] - ETA: 0s - loss: 0.8127 - accuracy: 0.7173
524/782 [===================>..........] - ETA: 0s - loss: 0.8144 - accuracy: 0.7168
542/782 [===================>..........] - ETA: 0s - loss: 0.8152 - accuracy: 0.7169
559/782 [====================>.........] - ETA: 0s - loss: 0.8163 - accuracy: 0.7167
573/782 [====================>.........] - ETA: 0s - loss: 0.8164 - accuracy: 0.7165
590/782 [=====================>........] - ETA: 0s - loss: 0.8192 - accuracy: 0.7161
607/782 [======================>.......] - ETA: 0s - loss: 0.8207 - accuracy: 0.7157
624/782 [======================>.......] - ETA: 0s - loss: 0.8218 - accuracy: 0.7153
641/782 [=======================>......] - ETA: 0s - loss: 0.8239 - accuracy: 0.7148
658/782 [========================>.....] - ETA: 0s - loss: 0.8241 - accuracy: 0.7152
675/782 [========================>.....] - ETA: 0s - loss: 0.8249 - accuracy: 0.7151
693/782 [=========================>....] - ETA: 0s - loss: 0.8244 - accuracy: 0.7153
710/782 [==========================>...] - ETA: 0s - loss: 0.8251 - accuracy: 0.7151
728/782 [==========================>...] - ETA: 0s - loss: 0.8261 - accuracy: 0.7149
745/782 [===========================>..] - ETA: 0s - loss: 0.8265 - accuracy: 0.7146
764/782 [============================>.] - ETA: 0s - loss: 0.8268 - accuracy: 0.7145
781/782 [============================>.] - ETA: 0s - loss: 0.8267 - accuracy: 0.7146
782/782 [==============================] - 4s 4ms/step - loss: 0.8267 - accuracy: 0.7145 - val_loss: 1.1048 - val_accuracy: 0.6252
Epoch 10/217

  1/782 [..............................] - ETA: 0s - loss: 0.7835 - accuracy: 0.6875
 16/782 [..............................] - ETA: 3s - loss: 0.7701 - accuracy: 0.7197
 30/782 [>.............................] - ETA: 2s - loss: 0.7585 - accuracy: 0.7286
 46/782 [>.............................] - ETA: 2s - loss: 0.7506 - accuracy: 0.7313
 64/782 [=>............................] - ETA: 2s - loss: 0.7481 - accuracy: 0.7383
 82/782 [==>...........................] - ETA: 2s - loss: 0.7607 - accuracy: 0.7348
100/782 [==>...........................] - ETA: 2s - loss: 0.7596 - accuracy: 0.7353
118/782 [===>..........................] - ETA: 2s - loss: 0.7630 - accuracy: 0.7349
132/782 [====>.........................] - ETA: 2s - loss: 0.7683 - accuracy: 0.7320
149/782 [====>.........................] - ETA: 2s - loss: 0.7735 - accuracy: 0.7302
166/782 [=====>........................] - ETA: 2s - loss: 0.7748 - accuracy: 0.7297
183/782 [======>.......................] - ETA: 2s - loss: 0.7692 - accuracy: 0.7322
201/782 [======>.......................] - ETA: 2s - loss: 0.7712 - accuracy: 0.7324
219/782 [=======>......................] - ETA: 2s - loss: 0.7736 - accuracy: 0.7317
238/782 [========>.....................] - ETA: 1s - loss: 0.7748 - accuracy: 0.7297
255/782 [========>.....................] - ETA: 1s - loss: 0.7778 - accuracy: 0.7292
273/782 [=========>....................] - ETA: 1s - loss: 0.7772 - accuracy: 0.7288
290/782 [==========>...................] - ETA: 1s - loss: 0.7785 - accuracy: 0.7285
307/782 [==========>...................] - ETA: 1s - loss: 0.7766 - accuracy: 0.7292
324/782 [===========>..................] - ETA: 1s - loss: 0.7748 - accuracy: 0.7295
342/782 [============>.................] - ETA: 1s - loss: 0.7730 - accuracy: 0.7307
355/782 [============>.................] - ETA: 1s - loss: 0.7747 - accuracy: 0.7305
372/782 [=============>................] - ETA: 1s - loss: 0.7746 - accuracy: 0.7310
389/782 [=============>................] - ETA: 1s - loss: 0.7754 - accuracy: 0.7302
406/782 [==============>...............] - ETA: 1s - loss: 0.7776 - accuracy: 0.7291
424/782 [===============>..............] - ETA: 1s - loss: 0.7786 - accuracy: 0.7290
440/782 [===============>..............] - ETA: 1s - loss: 0.7788 - accuracy: 0.7287
458/782 [================>.............] - ETA: 1s - loss: 0.7804 - accuracy: 0.7278
475/782 [=================>............] - ETA: 1s - loss: 0.7815 - accuracy: 0.7274
492/782 [=================>............] - ETA: 1s - loss: 0.7833 - accuracy: 0.7270
510/782 [==================>...........] - ETA: 0s - loss: 0.7853 - accuracy: 0.7264
527/782 [===================>..........] - ETA: 0s - loss: 0.7852 - accuracy: 0.7266
544/782 [===================>..........] - ETA: 0s - loss: 0.7872 - accuracy: 0.7257
560/782 [====================>.........] - ETA: 0s - loss: 0.7878 - accuracy: 0.7252
578/782 [=====================>........] - ETA: 0s - loss: 0.7871 - accuracy: 0.7251
595/782 [=====================>........] - ETA: 0s - loss: 0.7880 - accuracy: 0.7248
613/782 [======================>.......] - ETA: 0s - loss: 0.7894 - accuracy: 0.7241
631/782 [=======================>......] - ETA: 0s - loss: 0.7905 - accuracy: 0.7234
648/782 [=======================>......] - ETA: 0s - loss: 0.7926 - accuracy: 0.7225
666/782 [========================>.....] - ETA: 0s - loss: 0.7947 - accuracy: 0.7218
683/782 [=========================>....] - ETA: 0s - loss: 0.7956 - accuracy: 0.7218
701/782 [=========================>....] - ETA: 0s - loss: 0.7962 - accuracy: 0.7213
718/782 [==========================>...] - ETA: 0s - loss: 0.7977 - accuracy: 0.7210
732/782 [===========================>..] - ETA: 0s - loss: 0.7976 - accuracy: 0.7209
748/782 [===========================>..] - ETA: 0s - loss: 0.7972 - accuracy: 0.7211
766/782 [============================>.] - ETA: 0s - loss: 0.7979 - accuracy: 0.7213
782/782 [==============================] - 4s 5ms/step - loss: 0.7974 - accuracy: 0.7216 - val_loss: 1.1127 - val_accuracy: 0.6228
Epoch 11/217

  1/782 [..............................] - ETA: 12s - loss: 0.8296 - accuracy: 0.6875
 19/782 [..............................] - ETA: 2s - loss: 0.7169 - accuracy: 0.7467 
 36/782 [>.............................] - ETA: 2s - loss: 0.7486 - accuracy: 0.7409
 53/782 [=>............................] - ETA: 2s - loss: 0.7383 - accuracy: 0.7435
 71/782 [=>............................] - ETA: 2s - loss: 0.7341 - accuracy: 0.7480
 88/782 [==>...........................] - ETA: 2s - loss: 0.7460 - accuracy: 0.7450
105/782 [===>..........................] - ETA: 2s - loss: 0.7528 - accuracy: 0.7382
122/782 [===>..........................] - ETA: 2s - loss: 0.7499 - accuracy: 0.7399
136/782 [====>.........................] - ETA: 2s - loss: 0.7501 - accuracy: 0.7384
153/782 [====>.........................] - ETA: 2s - loss: 0.7570 - accuracy: 0.7359
170/782 [=====>........................] - ETA: 2s - loss: 0.7633 - accuracy: 0.7342
188/782 [======>.......................] - ETA: 2s - loss: 0.7624 - accuracy: 0.7338
204/782 [======>.......................] - ETA: 2s - loss: 0.7617 - accuracy: 0.7341
222/782 [=======>......................] - ETA: 2s - loss: 0.7579 - accuracy: 0.7358
238/782 [========>.....................] - ETA: 1s - loss: 0.7574 - accuracy: 0.7360
256/782 [========>.....................] - ETA: 1s - loss: 0.7539 - accuracy: 0.7381
274/782 [=========>....................] - ETA: 1s - loss: 0.7523 - accuracy: 0.7379
291/782 [==========>...................] - ETA: 1s - loss: 0.7500 - accuracy: 0.7390
308/782 [==========>...................] - ETA: 1s - loss: 0.7487 - accuracy: 0.7394
325/782 [===========>..................] - ETA: 1s - loss: 0.7500 - accuracy: 0.7386
343/782 [============>.................] - ETA: 1s - loss: 0.7493 - accuracy: 0.7391
360/782 [============>.................] - ETA: 1s - loss: 0.7482 - accuracy: 0.7396
377/782 [=============>................] - ETA: 1s - loss: 0.7461 - accuracy: 0.7403
394/782 [==============>...............] - ETA: 1s - loss: 0.7491 - accuracy: 0.7400
411/782 [==============>...............] - ETA: 1s - loss: 0.7485 - accuracy: 0.7398
428/782 [===============>..............] - ETA: 1s - loss: 0.7501 - accuracy: 0.7392
445/782 [================>.............] - ETA: 1s - loss: 0.7527 - accuracy: 0.7387
462/782 [================>.............] - ETA: 1s - loss: 0.7556 - accuracy: 0.7378
479/782 [=================>............] - ETA: 1s - loss: 0.7570 - accuracy: 0.7374
497/782 [==================>...........] - ETA: 1s - loss: 0.7582 - accuracy: 0.7366
514/782 [==================>...........] - ETA: 0s - loss: 0.7610 - accuracy: 0.7358
531/782 [===================>..........] - ETA: 0s - loss: 0.7602 - accuracy: 0.7360
548/782 [====================>.........] - ETA: 0s - loss: 0.7606 - accuracy: 0.7360
566/782 [====================>.........] - ETA: 0s - loss: 0.7642 - accuracy: 0.7347
583/782 [=====================>........] - ETA: 0s - loss: 0.7643 - accuracy: 0.7346
601/782 [======================>.......] - ETA: 0s - loss: 0.7639 - accuracy: 0.7349
618/782 [======================>.......] - ETA: 0s - loss: 0.7641 - accuracy: 0.7348
635/782 [=======================>......] - ETA: 0s - loss: 0.7663 - accuracy: 0.7340
651/782 [=======================>......] - ETA: 0s - loss: 0.7681 - accuracy: 0.7338
666/782 [========================>.....] - ETA: 0s - loss: 0.7685 - accuracy: 0.7334
683/782 [=========================>....] - ETA: 0s - loss: 0.7681 - accuracy: 0.7334
700/782 [=========================>....] - ETA: 0s - loss: 0.7680 - accuracy: 0.7335
717/782 [==========================>...] - ETA: 0s - loss: 0.7700 - accuracy: 0.7326
735/782 [===========================>..] - ETA: 0s - loss: 0.7725 - accuracy: 0.7318
752/782 [===========================>..] - ETA: 0s - loss: 0.7723 - accuracy: 0.7318
768/782 [============================>.] - ETA: 0s - loss: 0.7739 - accuracy: 0.7315
782/782 [==============================] - 4s 5ms/step - loss: 0.7735 - accuracy: 0.7311 - val_loss: 1.1278 - val_accuracy: 0.6229
Epoch 12/217

  1/782 [..............................] - ETA: 14s - loss: 0.7082 - accuracy: 0.7812
 18/782 [..............................] - ETA: 2s - loss: 0.7287 - accuracy: 0.7491 
 35/782 [>.............................] - ETA: 2s - loss: 0.7285 - accuracy: 0.7420
 58/782 [=>............................] - ETA: 2s - loss: 0.7150 - accuracy: 0.7468
 78/782 [=>............................] - ETA: 2s - loss: 0.7058 - accuracy: 0.7494
 98/782 [==>...........................] - ETA: 2s - loss: 0.7066 - accuracy: 0.7506
119/782 [===>..........................] - ETA: 2s - loss: 0.7161 - accuracy: 0.7484
139/782 [====>.........................] - ETA: 2s - loss: 0.7121 - accuracy: 0.7502
161/782 [=====>........................] - ETA: 1s - loss: 0.7097 - accuracy: 0.7515
182/782 [=====>........................] - ETA: 1s - loss: 0.7117 - accuracy: 0.7507
204/782 [======>.......................] - ETA: 1s - loss: 0.7094 - accuracy: 0.7519
225/782 [=======>......................] - ETA: 1s - loss: 0.7159 - accuracy: 0.7496
245/782 [========>.....................] - ETA: 1s - loss: 0.7144 - accuracy: 0.7504
266/782 [=========>....................] - ETA: 1s - loss: 0.7138 - accuracy: 0.7502
286/782 [=========>....................] - ETA: 1s - loss: 0.7137 - accuracy: 0.7517
308/782 [==========>...................] - ETA: 1s - loss: 0.7175 - accuracy: 0.7505
329/782 [===========>..................] - ETA: 1s - loss: 0.7224 - accuracy: 0.7488
350/782 [============>.................] - ETA: 1s - loss: 0.7216 - accuracy: 0.7487
370/782 [=============>................] - ETA: 1s - loss: 0.7245 - accuracy: 0.7479
387/782 [=============>................] - ETA: 1s - loss: 0.7257 - accuracy: 0.7485
405/782 [==============>...............] - ETA: 1s - loss: 0.7268 - accuracy: 0.7481
422/782 [===============>..............] - ETA: 1s - loss: 0.7272 - accuracy: 0.7475
440/782 [===============>..............] - ETA: 1s - loss: 0.7287 - accuracy: 0.7474
456/782 [================>.............] - ETA: 1s - loss: 0.7295 - accuracy: 0.7473
473/782 [=================>............] - ETA: 0s - loss: 0.7300 - accuracy: 0.7473
490/782 [=================>............] - ETA: 0s - loss: 0.7318 - accuracy: 0.7467
508/782 [==================>...........] - ETA: 0s - loss: 0.7351 - accuracy: 0.7451
525/782 [===================>..........] - ETA: 0s - loss: 0.7348 - accuracy: 0.7455
543/782 [===================>..........] - ETA: 0s - loss: 0.7355 - accuracy: 0.7445
560/782 [====================>.........] - ETA: 0s - loss: 0.7366 - accuracy: 0.7442
578/782 [=====================>........] - ETA: 0s - loss: 0.7389 - accuracy: 0.7434
595/782 [=====================>........] - ETA: 0s - loss: 0.7391 - accuracy: 0.7436
613/782 [======================>.......] - ETA: 0s - loss: 0.7402 - accuracy: 0.7435
630/782 [=======================>......] - ETA: 0s - loss: 0.7408 - accuracy: 0.7428
647/782 [=======================>......] - ETA: 0s - loss: 0.7417 - accuracy: 0.7423
664/782 [========================>.....] - ETA: 0s - loss: 0.7427 - accuracy: 0.7418
681/782 [=========================>....] - ETA: 0s - loss: 0.7435 - accuracy: 0.7419
699/782 [=========================>....] - ETA: 0s - loss: 0.7451 - accuracy: 0.7411
716/782 [==========================>...] - ETA: 0s - loss: 0.7455 - accuracy: 0.7410
733/782 [===========================>..] - ETA: 0s - loss: 0.7448 - accuracy: 0.7412
750/782 [===========================>..] - ETA: 0s - loss: 0.7444 - accuracy: 0.7414
768/782 [============================>.] - ETA: 0s - loss: 0.7449 - accuracy: 0.7410
782/782 [==============================] - 3s 4ms/step - loss: 0.7463 - accuracy: 0.7404 - val_loss: 1.1545 - val_accuracy: 0.6165
Epoch 13/217

  1/782 [..............................] - ETA: 12s - loss: 0.6430 - accuracy: 0.8594
 18/782 [..............................] - ETA: 2s - loss: 0.6456 - accuracy: 0.7752 
 37/782 [>.............................] - ETA: 2s - loss: 0.6799 - accuracy: 0.7603
 54/782 [=>............................] - ETA: 2s - loss: 0.6756 - accuracy: 0.7620
 71/782 [=>............................] - ETA: 2s - loss: 0.6758 - accuracy: 0.7613
 88/782 [==>...........................] - ETA: 2s - loss: 0.6712 - accuracy: 0.7661
105/782 [===>..........................] - ETA: 2s - loss: 0.6831 - accuracy: 0.7609
122/782 [===>..........................] - ETA: 2s - loss: 0.6807 - accuracy: 0.7635
140/782 [====>.........................] - ETA: 2s - loss: 0.6847 - accuracy: 0.7634
157/782 [=====>........................] - ETA: 2s - loss: 0.6861 - accuracy: 0.7634
174/782 [=====>........................] - ETA: 2s - loss: 0.6890 - accuracy: 0.7623
190/782 [======>.......................] - ETA: 2s - loss: 0.6909 - accuracy: 0.7615
207/782 [======>.......................] - ETA: 2s - loss: 0.6936 - accuracy: 0.7611
224/782 [=======>......................] - ETA: 2s - loss: 0.6963 - accuracy: 0.7613
241/782 [========>.....................] - ETA: 1s - loss: 0.7002 - accuracy: 0.7591
258/782 [========>.....................] - ETA: 1s - loss: 0.7019 - accuracy: 0.7587
275/782 [=========>....................] - ETA: 1s - loss: 0.7032 - accuracy: 0.7576
293/782 [==========>...................] - ETA: 1s - loss: 0.7047 - accuracy: 0.7574
310/782 [==========>...................] - ETA: 1s - loss: 0.7060 - accuracy: 0.7577
328/782 [===========>..................] - ETA: 1s - loss: 0.7076 - accuracy: 0.7567
345/782 [============>.................] - ETA: 1s - loss: 0.7069 - accuracy: 0.7568
362/782 [============>.................] - ETA: 1s - loss: 0.7067 - accuracy: 0.7567
380/782 [=============>................] - ETA: 1s - loss: 0.7054 - accuracy: 0.7566
397/782 [==============>...............] - ETA: 1s - loss: 0.7030 - accuracy: 0.7573
414/782 [==============>...............] - ETA: 1s - loss: 0.7036 - accuracy: 0.7573
431/782 [===============>..............] - ETA: 1s - loss: 0.7053 - accuracy: 0.7570
448/782 [================>.............] - ETA: 1s - loss: 0.7062 - accuracy: 0.7561
464/782 [================>.............] - ETA: 1s - loss: 0.7046 - accuracy: 0.7565
482/782 [=================>............] - ETA: 1s - loss: 0.7049 - accuracy: 0.7562
500/782 [==================>...........] - ETA: 1s - loss: 0.7061 - accuracy: 0.7556
517/782 [==================>...........] - ETA: 0s - loss: 0.7079 - accuracy: 0.7548
535/782 [===================>..........] - ETA: 0s - loss: 0.7097 - accuracy: 0.7535
553/782 [====================>.........] - ETA: 0s - loss: 0.7090 - accuracy: 0.7541
569/782 [====================>.........] - ETA: 0s - loss: 0.7102 - accuracy: 0.7536
587/782 [=====================>........] - ETA: 0s - loss: 0.7102 - accuracy: 0.7536
604/782 [======================>.......] - ETA: 0s - loss: 0.7107 - accuracy: 0.7534
621/782 [======================>.......] - ETA: 0s - loss: 0.7118 - accuracy: 0.7528
638/782 [=======================>......] - ETA: 0s - loss: 0.7146 - accuracy: 0.7521
656/782 [========================>.....] - ETA: 0s - loss: 0.7159 - accuracy: 0.7516
674/782 [========================>.....] - ETA: 0s - loss: 0.7176 - accuracy: 0.7508
692/782 [=========================>....] - ETA: 0s - loss: 0.7198 - accuracy: 0.7501
710/782 [==========================>...] - ETA: 0s - loss: 0.7210 - accuracy: 0.7494
726/782 [==========================>...] - ETA: 0s - loss: 0.7222 - accuracy: 0.7491
744/782 [===========================>..] - ETA: 0s - loss: 0.7233 - accuracy: 0.7488
761/782 [============================>.] - ETA: 0s - loss: 0.7237 - accuracy: 0.7489
779/782 [============================>.] - ETA: 0s - loss: 0.7244 - accuracy: 0.7488
782/782 [==============================] - 4s 5ms/step - loss: 0.7243 - accuracy: 0.7487 - val_loss: 1.1202 - val_accuracy: 0.6293
Epoch 14/217

  1/782 [..............................] - ETA: 12s - loss: 0.4582 - accuracy: 0.8125
 16/782 [..............................] - ETA: 3s - loss: 0.6007 - accuracy: 0.7822 
 35/782 [>.............................] - ETA: 2s - loss: 0.6615 - accuracy: 0.7612
 52/782 [>.............................] - ETA: 2s - loss: 0.6555 - accuracy: 0.7722
 69/782 [=>............................] - ETA: 2s - loss: 0.6674 - accuracy: 0.7679
 86/782 [==>...........................] - ETA: 2s - loss: 0.6612 - accuracy: 0.7702
103/782 [==>...........................] - ETA: 2s - loss: 0.6693 - accuracy: 0.7659
120/782 [===>..........................] - ETA: 2s - loss: 0.6700 - accuracy: 0.7638
138/782 [====>.........................] - ETA: 2s - loss: 0.6744 - accuracy: 0.7620
155/782 [====>.........................] - ETA: 2s - loss: 0.6790 - accuracy: 0.7612
173/782 [=====>........................] - ETA: 2s - loss: 0.6817 - accuracy: 0.7612
190/782 [======>.......................] - ETA: 2s - loss: 0.6800 - accuracy: 0.7621
208/782 [======>.......................] - ETA: 2s - loss: 0.6748 - accuracy: 0.7636
225/782 [=======>......................] - ETA: 2s - loss: 0.6788 - accuracy: 0.7622
243/782 [========>.....................] - ETA: 1s - loss: 0.6790 - accuracy: 0.7624
261/782 [=========>....................] - ETA: 1s - loss: 0.6797 - accuracy: 0.7618
279/782 [=========>....................] - ETA: 1s - loss: 0.6794 - accuracy: 0.7624
295/782 [==========>...................] - ETA: 1s - loss: 0.6800 - accuracy: 0.7620
312/782 [==========>...................] - ETA: 1s - loss: 0.6805 - accuracy: 0.7624
330/782 [===========>..................] - ETA: 1s - loss: 0.6819 - accuracy: 0.7621
347/782 [============>.................] - ETA: 1s - loss: 0.6833 - accuracy: 0.7622
364/782 [============>.................] - ETA: 1s - loss: 0.6842 - accuracy: 0.7614
381/782 [=============>................] - ETA: 1s - loss: 0.6838 - accuracy: 0.7623
399/782 [==============>...............] - ETA: 1s - loss: 0.6859 - accuracy: 0.7606
416/782 [==============>...............] - ETA: 1s - loss: 0.6837 - accuracy: 0.7616
433/782 [===============>..............] - ETA: 1s - loss: 0.6839 - accuracy: 0.7618
451/782 [================>.............] - ETA: 1s - loss: 0.6860 - accuracy: 0.7607
468/782 [================>.............] - ETA: 1s - loss: 0.6867 - accuracy: 0.7603
485/782 [=================>............] - ETA: 1s - loss: 0.6877 - accuracy: 0.7601
502/782 [==================>...........] - ETA: 1s - loss: 0.6888 - accuracy: 0.7600
519/782 [==================>...........] - ETA: 0s - loss: 0.6899 - accuracy: 0.7601
536/782 [===================>..........] - ETA: 0s - loss: 0.6921 - accuracy: 0.7595
554/782 [====================>.........] - ETA: 0s - loss: 0.6916 - accuracy: 0.7598
571/782 [====================>.........] - ETA: 0s - loss: 0.6927 - accuracy: 0.7591
588/782 [=====================>........] - ETA: 0s - loss: 0.6932 - accuracy: 0.7585
605/782 [======================>.......] - ETA: 0s - loss: 0.6936 - accuracy: 0.7585
622/782 [======================>.......] - ETA: 0s - loss: 0.6940 - accuracy: 0.7582
639/782 [=======================>......] - ETA: 0s - loss: 0.6962 - accuracy: 0.7572
656/782 [========================>.....] - ETA: 0s - loss: 0.6994 - accuracy: 0.7562
674/782 [========================>.....] - ETA: 0s - loss: 0.6991 - accuracy: 0.7562
691/782 [=========================>....] - ETA: 0s - loss: 0.7006 - accuracy: 0.7557
709/782 [==========================>...] - ETA: 0s - loss: 0.7023 - accuracy: 0.7545
726/782 [==========================>...] - ETA: 0s - loss: 0.7034 - accuracy: 0.7541
743/782 [===========================>..] - ETA: 0s - loss: 0.7048 - accuracy: 0.7536
761/782 [============================>.] - ETA: 0s - loss: 0.7071 - accuracy: 0.7527
778/782 [============================>.] - ETA: 0s - loss: 0.7076 - accuracy: 0.7527
782/782 [==============================] - 4s 5ms/step - loss: 0.7081 - accuracy: 0.7525 - val_loss: 1.1325 - val_accuracy: 0.6267
Epoch 15/217

  1/782 [..............................] - ETA: 12s - loss: 0.4307 - accuracy: 0.8906
 18/782 [..............................] - ETA: 2s - loss: 0.6783 - accuracy: 0.7700 
 34/782 [>.............................] - ETA: 2s - loss: 0.6503 - accuracy: 0.7771
 51/782 [>.............................] - ETA: 2s - loss: 0.6656 - accuracy: 0.7718
 68/782 [=>............................] - ETA: 2s - loss: 0.6628 - accuracy: 0.7737
 85/782 [==>...........................] - ETA: 2s - loss: 0.6688 - accuracy: 0.7732
104/782 [==>...........................] - ETA: 2s - loss: 0.6596 - accuracy: 0.7758
122/782 [===>..........................] - ETA: 2s - loss: 0.6563 - accuracy: 0.7768
139/782 [====>.........................] - ETA: 2s - loss: 0.6543 - accuracy: 0.7756
156/782 [====>.........................] - ETA: 2s - loss: 0.6608 - accuracy: 0.7730
173/782 [=====>........................] - ETA: 2s - loss: 0.6628 - accuracy: 0.7729
191/782 [======>.......................] - ETA: 2s - loss: 0.6631 - accuracy: 0.7708
208/782 [======>.......................] - ETA: 2s - loss: 0.6653 - accuracy: 0.7700
225/782 [=======>......................] - ETA: 2s - loss: 0.6675 - accuracy: 0.7693
243/782 [========>.....................] - ETA: 1s - loss: 0.6662 - accuracy: 0.7698
260/782 [========>.....................] - ETA: 1s - loss: 0.6653 - accuracy: 0.7692
278/782 [=========>....................] - ETA: 1s - loss: 0.6645 - accuracy: 0.7697
295/782 [==========>...................] - ETA: 1s - loss: 0.6631 - accuracy: 0.7695
313/782 [===========>..................] - ETA: 1s - loss: 0.6617 - accuracy: 0.7693
330/782 [===========>..................] - ETA: 1s - loss: 0.6627 - accuracy: 0.7674
347/782 [============>.................] - ETA: 1s - loss: 0.6615 - accuracy: 0.7678
364/782 [============>.................] - ETA: 1s - loss: 0.6635 - accuracy: 0.7672
381/782 [=============>................] - ETA: 1s - loss: 0.6640 - accuracy: 0.7671
395/782 [==============>...............] - ETA: 1s - loss: 0.6650 - accuracy: 0.7663
412/782 [==============>...............] - ETA: 1s - loss: 0.6698 - accuracy: 0.7647
429/782 [===============>..............] - ETA: 1s - loss: 0.6713 - accuracy: 0.7644
447/782 [================>.............] - ETA: 1s - loss: 0.6734 - accuracy: 0.7634
470/782 [=================>............] - ETA: 1s - loss: 0.6770 - accuracy: 0.7615
492/782 [=================>............] - ETA: 1s - loss: 0.6781 - accuracy: 0.7609
513/782 [==================>...........] - ETA: 0s - loss: 0.6777 - accuracy: 0.7612
535/782 [===================>..........] - ETA: 0s - loss: 0.6771 - accuracy: 0.7614
555/782 [====================>.........] - ETA: 0s - loss: 0.6758 - accuracy: 0.7620
578/782 [=====================>........] - ETA: 0s - loss: 0.6768 - accuracy: 0.7615
599/782 [=====================>........] - ETA: 0s - loss: 0.6790 - accuracy: 0.7610
621/782 [======================>.......] - ETA: 0s - loss: 0.6792 - accuracy: 0.7608
642/782 [=======================>......] - ETA: 0s - loss: 0.6796 - accuracy: 0.7606
664/782 [========================>.....] - ETA: 0s - loss: 0.6792 - accuracy: 0.7606
684/782 [=========================>....] - ETA: 0s - loss: 0.6803 - accuracy: 0.7604
706/782 [==========================>...] - ETA: 0s - loss: 0.6829 - accuracy: 0.7591
726/782 [==========================>...] - ETA: 0s - loss: 0.6836 - accuracy: 0.7590
748/782 [===========================>..] - ETA: 0s - loss: 0.6843 - accuracy: 0.7586
770/782 [============================>.] - ETA: 0s - loss: 0.6852 - accuracy: 0.7587
782/782 [==============================] - 3s 4ms/step - loss: 0.6855 - accuracy: 0.7585 - val_loss: 1.1577 - val_accuracy: 0.6209
Epoch 16/217

  1/782 [..............................] - ETA: 12s - loss: 0.4202 - accuracy: 0.8750
 17/782 [..............................] - ETA: 2s - loss: 0.6315 - accuracy: 0.7684 
 35/782 [>.............................] - ETA: 2s - loss: 0.6176 - accuracy: 0.7777
 53/782 [=>............................] - ETA: 2s - loss: 0.6230 - accuracy: 0.7765
 70/782 [=>............................] - ETA: 2s - loss: 0.6151 - accuracy: 0.7817
 86/782 [==>...........................] - ETA: 2s - loss: 0.6272 - accuracy: 0.7783
104/782 [==>...........................] - ETA: 2s - loss: 0.6180 - accuracy: 0.7834
122/782 [===>..........................] - ETA: 2s - loss: 0.6199 - accuracy: 0.7839
139/782 [====>.........................] - ETA: 2s - loss: 0.6240 - accuracy: 0.7832
157/782 [=====>........................] - ETA: 2s - loss: 0.6270 - accuracy: 0.7822
175/782 [=====>........................] - ETA: 2s - loss: 0.6297 - accuracy: 0.7831
192/782 [======>.......................] - ETA: 2s - loss: 0.6309 - accuracy: 0.7826
209/782 [=======>......................] - ETA: 2s - loss: 0.6304 - accuracy: 0.7823
226/782 [=======>......................] - ETA: 2s - loss: 0.6326 - accuracy: 0.7815
241/782 [========>.....................] - ETA: 1s - loss: 0.6338 - accuracy: 0.7808
257/782 [========>.....................] - ETA: 1s - loss: 0.6360 - accuracy: 0.7803
274/782 [=========>....................] - ETA: 1s - loss: 0.6372 - accuracy: 0.7802
291/782 [==========>...................] - ETA: 1s - loss: 0.6372 - accuracy: 0.7800
309/782 [==========>...................] - ETA: 1s - loss: 0.6395 - accuracy: 0.7789
326/782 [===========>..................] - ETA: 1s - loss: 0.6397 - accuracy: 0.7785
343/782 [============>.................] - ETA: 1s - loss: 0.6415 - accuracy: 0.7779
360/782 [============>.................] - ETA: 1s - loss: 0.6426 - accuracy: 0.7773
376/782 [=============>................] - ETA: 1s - loss: 0.6424 - accuracy: 0.7772
394/782 [==============>...............] - ETA: 1s - loss: 0.6413 - accuracy: 0.7775
411/782 [==============>...............] - ETA: 1s - loss: 0.6424 - accuracy: 0.7765
428/782 [===============>..............] - ETA: 1s - loss: 0.6450 - accuracy: 0.7757
445/782 [================>.............] - ETA: 1s - loss: 0.6457 - accuracy: 0.7761
463/782 [================>.............] - ETA: 1s - loss: 0.6450 - accuracy: 0.7760
481/782 [=================>............] - ETA: 1s - loss: 0.6477 - accuracy: 0.7752
498/782 [==================>...........] - ETA: 1s - loss: 0.6488 - accuracy: 0.7747
512/782 [==================>...........] - ETA: 0s - loss: 0.6500 - accuracy: 0.7745
529/782 [===================>..........] - ETA: 0s - loss: 0.6517 - accuracy: 0.7740
546/782 [===================>..........] - ETA: 0s - loss: 0.6528 - accuracy: 0.7731
564/782 [====================>.........] - ETA: 0s - loss: 0.6534 - accuracy: 0.7727
581/782 [=====================>........] - ETA: 0s - loss: 0.6544 - accuracy: 0.7720
598/782 [=====================>........] - ETA: 0s - loss: 0.6579 - accuracy: 0.7704
616/782 [======================>.......] - ETA: 0s - loss: 0.6580 - accuracy: 0.7705
632/782 [=======================>......] - ETA: 0s - loss: 0.6585 - accuracy: 0.7707
649/782 [=======================>......] - ETA: 0s - loss: 0.6599 - accuracy: 0.7703
666/782 [========================>.....] - ETA: 0s - loss: 0.6595 - accuracy: 0.7704
684/782 [=========================>....] - ETA: 0s - loss: 0.6595 - accuracy: 0.7707
701/782 [=========================>....] - ETA: 0s - loss: 0.6606 - accuracy: 0.7705
718/782 [==========================>...] - ETA: 0s - loss: 0.6613 - accuracy: 0.7702
736/782 [===========================>..] - ETA: 0s - loss: 0.6630 - accuracy: 0.7694
754/782 [===========================>..] - ETA: 0s - loss: 0.6638 - accuracy: 0.7690
771/782 [============================>.] - ETA: 0s - loss: 0.6643 - accuracy: 0.7688
782/782 [==============================] - 4s 5ms/step - loss: 0.6647 - accuracy: 0.7687 - val_loss: 1.2017 - val_accuracy: 0.6181
Epoch 17/217

  1/782 [..............................] - ETA: 12s - loss: 0.6088 - accuracy: 0.7500
 14/782 [..............................] - ETA: 3s - loss: 0.5975 - accuracy: 0.7835 
 30/782 [>.............................] - ETA: 2s - loss: 0.5819 - accuracy: 0.7937
 49/782 [>.............................] - ETA: 2s - loss: 0.5871 - accuracy: 0.7966
 66/782 [=>............................] - ETA: 2s - loss: 0.5885 - accuracy: 0.7947
 83/782 [==>...........................] - ETA: 2s - loss: 0.5934 - accuracy: 0.7946
100/782 [==>...........................] - ETA: 2s - loss: 0.5940 - accuracy: 0.7941
116/782 [===>..........................] - ETA: 2s - loss: 0.6002 - accuracy: 0.7930
134/782 [====>.........................] - ETA: 2s - loss: 0.6023 - accuracy: 0.7899
152/782 [====>.........................] - ETA: 2s - loss: 0.6004 - accuracy: 0.7891
169/782 [=====>........................] - ETA: 2s - loss: 0.6057 - accuracy: 0.7879
187/782 [======>.......................] - ETA: 2s - loss: 0.6075 - accuracy: 0.7872
205/782 [======>.......................] - ETA: 2s - loss: 0.6116 - accuracy: 0.7852
221/782 [=======>......................] - ETA: 2s - loss: 0.6120 - accuracy: 0.7848
240/782 [========>.....................] - ETA: 1s - loss: 0.6119 - accuracy: 0.7851
257/782 [========>.....................] - ETA: 1s - loss: 0.6171 - accuracy: 0.7827
275/782 [=========>....................] - ETA: 1s - loss: 0.6212 - accuracy: 0.7812
293/782 [==========>...................] - ETA: 1s - loss: 0.6231 - accuracy: 0.7805
310/782 [==========>...................] - ETA: 1s - loss: 0.6261 - accuracy: 0.7792
329/782 [===========>..................] - ETA: 1s - loss: 0.6293 - accuracy: 0.7785
346/782 [============>.................] - ETA: 1s - loss: 0.6307 - accuracy: 0.7772
363/782 [============>.................] - ETA: 1s - loss: 0.6325 - accuracy: 0.7769
380/782 [=============>................] - ETA: 1s - loss: 0.6348 - accuracy: 0.7760
398/782 [==============>...............] - ETA: 1s - loss: 0.6356 - accuracy: 0.7755
415/782 [==============>...............] - ETA: 1s - loss: 0.6365 - accuracy: 0.7753
433/782 [===============>..............] - ETA: 1s - loss: 0.6365 - accuracy: 0.7752
452/782 [================>.............] - ETA: 1s - loss: 0.6387 - accuracy: 0.7740
469/782 [================>.............] - ETA: 1s - loss: 0.6403 - accuracy: 0.7737
486/782 [=================>............] - ETA: 1s - loss: 0.6409 - accuracy: 0.7734
504/782 [==================>...........] - ETA: 0s - loss: 0.6426 - accuracy: 0.7729
521/782 [==================>...........] - ETA: 0s - loss: 0.6440 - accuracy: 0.7726
538/782 [===================>..........] - ETA: 0s - loss: 0.6447 - accuracy: 0.7725
555/782 [====================>.........] - ETA: 0s - loss: 0.6439 - accuracy: 0.7728
572/782 [====================>.........] - ETA: 0s - loss: 0.6449 - accuracy: 0.7722
590/782 [=====================>........] - ETA: 0s - loss: 0.6461 - accuracy: 0.7718
607/782 [======================>.......] - ETA: 0s - loss: 0.6470 - accuracy: 0.7715
624/782 [======================>.......] - ETA: 0s - loss: 0.6482 - accuracy: 0.7708
642/782 [=======================>......] - ETA: 0s - loss: 0.6503 - accuracy: 0.7702
659/782 [========================>.....] - ETA: 0s - loss: 0.6508 - accuracy: 0.7700
676/782 [========================>.....] - ETA: 0s - loss: 0.6519 - accuracy: 0.7699
693/782 [=========================>....] - ETA: 0s - loss: 0.6534 - accuracy: 0.7696
711/782 [==========================>...] - ETA: 0s - loss: 0.6556 - accuracy: 0.7691
728/782 [==========================>...] - ETA: 0s - loss: 0.6572 - accuracy: 0.7687
745/782 [===========================>..] - ETA: 0s - loss: 0.6578 - accuracy: 0.7686
763/782 [============================>.] - ETA: 0s - loss: 0.6588 - accuracy: 0.7683
776/782 [============================>.] - ETA: 0s - loss: 0.6590 - accuracy: 0.7683
782/782 [==============================] - 4s 4ms/step - loss: 0.6597 - accuracy: 0.7679 - val_loss: 1.1841 - val_accuracy: 0.6209
Epoch 17: early stopping

  1/313 [..............................] - ETA: 4s - loss: 0.6517 - accuracy: 0.7188
 21/313 [=>............................] - ETA: 0s - loss: 1.0764 - accuracy: 0.6265
 47/313 [===>..........................] - ETA: 0s - loss: 1.1070 - accuracy: 0.6330
 73/313 [=====>........................] - ETA: 0s - loss: 1.1417 - accuracy: 0.6284
 98/313 [========>.....................] - ETA: 0s - loss: 1.1562 - accuracy: 0.6279
125/313 [==========>...................] - ETA: 0s - loss: 1.1576 - accuracy: 0.6237
149/313 [=============>................] - ETA: 0s - loss: 1.1564 - accuracy: 0.6254
176/313 [===============>..............] - ETA: 0s - loss: 1.1645 - accuracy: 0.6248
202/313 [==================>...........] - ETA: 0s - loss: 1.1689 - accuracy: 0.6230
229/313 [====================>.........] - ETA: 0s - loss: 1.1735 - accuracy: 0.6217
257/313 [=======================>......] - ETA: 0s - loss: 1.1725 - accuracy: 0.6238
284/313 [==========================>...] - ETA: 0s - loss: 1.1797 - accuracy: 0.6218
312/313 [============================>.] - ETA: 0s - loss: 1.1849 - accuracy: 0.6207
313/313 [==============================] - 1s 2ms/step - loss: 1.1841 - accuracy: 0.6209
