2024-07-26 07:47:53.639731: I tensorflow/core/platform/cpu_feature_guard.cc:193] This TensorFlow binary is optimized with oneAPI Deep Neural Network Library (oneDNN) to use the following CPU instructions in performance-critical operations:  AVX AVX2
To enable them in other operations, rebuild TensorFlow with the appropriate compiler flags.
2024-07-26 07:47:54.187199: I tensorflow/core/common_runtime/gpu/gpu_device.cc:1616] Created device /job:localhost/replica:0/task:0/device:GPU:0 with 6656 MB memory:  -> device: 0, name: NVIDIA GeForce RTX 4060 Ti, pci bus id: 0000:01:00.0, compute capability: 8.9
1 Physical GPUs, 1 Logical GPUs
Model: "sequential"
_________________________________________________________________
 Layer (type)                Output Shape              Param #   
=================================================================
 conv2d (Conv2D)             (None, 32, 32, 32)        896       
                                                                 
 max_pooling2d (MaxPooling2D  (None, 16, 16, 32)       0         
 )                                                               
                                                                 
 batch_normalization (BatchN  (None, 16, 16, 32)       128       
 ormalization)                                                   
                                                                 
 conv2d_1 (Conv2D)           (None, 16, 16, 128)       36992     
                                                                 
 max_pooling2d_1 (MaxPooling  (None, 8, 8, 128)        0         
 2D)                                                             
                                                                 
 batch_normalization_1 (Batc  (None, 8, 8, 128)        512       
 hNormalization)                                                 
                                                                 
 conv2d_2 (Conv2D)           (None, 8, 8, 256)         1605888   
                                                                 
 batch_normalization_2 (Batc  (None, 8, 8, 256)        1024      
 hNormalization)                                                 
                                                                 
 conv2d_3 (Conv2D)           (None, 8, 8, 32)          401440    
                                                                 
 max_pooling2d_2 (MaxPooling  (None, 4, 4, 32)         0         
 2D)                                                             
                                                                 
 batch_normalization_3 (Batc  (None, 4, 4, 32)         128       
 hNormalization)                                                 
                                                                 
 dropout (Dropout)           (None, 4, 4, 32)          0         
                                                                 
 flatten (Flatten)           (None, 512)               0         
                                                                 
 dense (Dense)               (None, 10)                5130      
                                                                 
=================================================================
Total params: 2,052,138
Trainable params: 2,051,242
Non-trainable params: 896
_________________________________________________________________
Taxa de aprendizado:  0.001 Num de épocas:  78 Tamanho do lote:  256 Dropout:  0.35
Epoch 1/78
2024-07-26 07:47:55.660044: I tensorflow/stream_executor/cuda/cuda_dnn.cc:384] Loaded cuDNN version 8100
2024-07-26 07:47:56.527029: W tensorflow/stream_executor/gpu/redzone_allocator.cc:314] INTERNAL: ptxas exited with non-zero error code -1, output: 
Relying on driver to perform ptx compilation. 
Modify $PATH to customize ptxas location.
This message will be only logged once.
2024-07-26 07:47:57.621315: I tensorflow/stream_executor/cuda/cuda_blas.cc:1614] TensorFloat-32 will be used for the matrix multiplication. This will only be logged once.

  1/196 [..............................] - ETA: 13:44 - loss: 3.5600 - accuracy: 0.0938
  3/196 [..............................] - ETA: 6s - loss: 3.3299 - accuracy: 0.1719   
  5/196 [..............................] - ETA: 6s - loss: 2.9683 - accuracy: 0.2156
  7/196 [>.............................] - ETA: 6s - loss: 2.7781 - accuracy: 0.2266
  8/196 [>.............................] - ETA: 19s - loss: 2.7587 - accuracy: 0.2265
 10/196 [>.............................] - ETA: 16s - loss: 2.6451 - accuracy: 0.2328
 12/196 [>.............................] - ETA: 14s - loss: 2.5659 - accuracy: 0.2396
 14/196 [=>............................] - ETA: 12s - loss: 2.4911 - accuracy: 0.2515
 16/196 [=>............................] - ETA: 12s - loss: 2.4263 - accuracy: 0.2610
 18/196 [=>............................] - ETA: 11s - loss: 2.3724 - accuracy: 0.2690
 20/196 [==>...........................] - ETA: 10s - loss: 2.3268 - accuracy: 0.2763
 22/196 [==>...........................] - ETA: 9s - loss: 2.2875 - accuracy: 0.2824 
 24/196 [==>...........................] - ETA: 9s - loss: 2.2524 - accuracy: 0.2890
 26/196 [==>...........................] - ETA: 9s - loss: 2.2265 - accuracy: 0.2938
 28/196 [===>..........................] - ETA: 8s - loss: 2.1986 - accuracy: 0.2986
 30/196 [===>..........................] - ETA: 8s - loss: 2.1706 - accuracy: 0.3044
 32/196 [===>..........................] - ETA: 8s - loss: 2.1423 - accuracy: 0.3094
 34/196 [====>.........................] - ETA: 7s - loss: 2.1198 - accuracy: 0.3139
 36/196 [====>.........................] - ETA: 7s - loss: 2.0993 - accuracy: 0.3191
 38/196 [====>.........................] - ETA: 7s - loss: 2.0758 - accuracy: 0.3242
 41/196 [=====>........................] - ETA: 6s - loss: 2.0460 - accuracy: 0.3341
 43/196 [=====>........................] - ETA: 6s - loss: 2.0265 - accuracy: 0.3394
 45/196 [=====>........................] - ETA: 6s - loss: 2.0100 - accuracy: 0.3441
 48/196 [======>.......................] - ETA: 6s - loss: 1.9859 - accuracy: 0.3507
 50/196 [======>.......................] - ETA: 6s - loss: 1.9693 - accuracy: 0.3547
 52/196 [======>.......................] - ETA: 6s - loss: 1.9534 - accuracy: 0.3587
 55/196 [=======>......................] - ETA: 5s - loss: 1.9361 - accuracy: 0.3629
 57/196 [=======>......................] - ETA: 5s - loss: 1.9244 - accuracy: 0.3663
 60/196 [========>.....................] - ETA: 5s - loss: 1.9081 - accuracy: 0.3696
 62/196 [========>.....................] - ETA: 5s - loss: 1.8971 - accuracy: 0.3718
 64/196 [========>.....................] - ETA: 5s - loss: 1.8891 - accuracy: 0.3744
 67/196 [=========>....................] - ETA: 4s - loss: 1.8701 - accuracy: 0.3789
 69/196 [=========>....................] - ETA: 4s - loss: 1.8588 - accuracy: 0.3816
 71/196 [=========>....................] - ETA: 4s - loss: 1.8486 - accuracy: 0.3838
 73/196 [==========>...................] - ETA: 4s - loss: 1.8387 - accuracy: 0.3856
 75/196 [==========>...................] - ETA: 4s - loss: 1.8277 - accuracy: 0.3887
 77/196 [==========>...................] - ETA: 4s - loss: 1.8179 - accuracy: 0.3912
 79/196 [===========>..................] - ETA: 4s - loss: 1.8102 - accuracy: 0.3939
 81/196 [===========>..................] - ETA: 4s - loss: 1.7997 - accuracy: 0.3964
 83/196 [===========>..................] - ETA: 4s - loss: 1.7913 - accuracy: 0.3986
 85/196 [============>.................] - ETA: 4s - loss: 1.7807 - accuracy: 0.4013
 87/196 [============>.................] - ETA: 4s - loss: 1.7710 - accuracy: 0.4041
 89/196 [============>.................] - ETA: 3s - loss: 1.7604 - accuracy: 0.4069
 91/196 [============>.................] - ETA: 3s - loss: 1.7527 - accuracy: 0.4093
 93/196 [=============>................] - ETA: 3s - loss: 1.7420 - accuracy: 0.4125
 95/196 [=============>................] - ETA: 3s - loss: 1.7343 - accuracy: 0.4150
 97/196 [=============>................] - ETA: 3s - loss: 1.7272 - accuracy: 0.4173
 99/196 [==============>...............] - ETA: 3s - loss: 1.7195 - accuracy: 0.4197
101/196 [==============>...............] - ETA: 3s - loss: 1.7122 - accuracy: 0.4215
103/196 [==============>...............] - ETA: 3s - loss: 1.7059 - accuracy: 0.4235
105/196 [===============>..............] - ETA: 3s - loss: 1.6988 - accuracy: 0.4257
107/196 [===============>..............] - ETA: 3s - loss: 1.6908 - accuracy: 0.4279
109/196 [===============>..............] - ETA: 3s - loss: 1.6853 - accuracy: 0.4299
111/196 [===============>..............] - ETA: 3s - loss: 1.6802 - accuracy: 0.4319
113/196 [================>.............] - ETA: 3s - loss: 1.6728 - accuracy: 0.4338
115/196 [================>.............] - ETA: 2s - loss: 1.6678 - accuracy: 0.4353
117/196 [================>.............] - ETA: 2s - loss: 1.6647 - accuracy: 0.4362
119/196 [=================>............] - ETA: 2s - loss: 1.6597 - accuracy: 0.4376
121/196 [=================>............] - ETA: 2s - loss: 1.6543 - accuracy: 0.4394
123/196 [=================>............] - ETA: 2s - loss: 1.6483 - accuracy: 0.4414
125/196 [==================>...........] - ETA: 2s - loss: 1.6434 - accuracy: 0.4428
127/196 [==================>...........] - ETA: 2s - loss: 1.6388 - accuracy: 0.4444
129/196 [==================>...........] - ETA: 2s - loss: 1.6332 - accuracy: 0.4459
131/196 [===================>..........] - ETA: 2s - loss: 1.6287 - accuracy: 0.4474
133/196 [===================>..........] - ETA: 2s - loss: 1.6240 - accuracy: 0.4489
136/196 [===================>..........] - ETA: 2s - loss: 1.6154 - accuracy: 0.4516
138/196 [====================>.........] - ETA: 2s - loss: 1.6114 - accuracy: 0.4531
140/196 [====================>.........] - ETA: 1s - loss: 1.6056 - accuracy: 0.4546
143/196 [====================>.........] - ETA: 1s - loss: 1.5980 - accuracy: 0.4573
145/196 [=====================>........] - ETA: 1s - loss: 1.5924 - accuracy: 0.4593
147/196 [=====================>........] - ETA: 1s - loss: 1.5876 - accuracy: 0.4608
150/196 [=====================>........] - ETA: 1s - loss: 1.5798 - accuracy: 0.4634
152/196 [======================>.......] - ETA: 1s - loss: 1.5755 - accuracy: 0.4647
154/196 [======================>.......] - ETA: 1s - loss: 1.5700 - accuracy: 0.4665
157/196 [=======================>......] - ETA: 1s - loss: 1.5635 - accuracy: 0.4686
159/196 [=======================>......] - ETA: 1s - loss: 1.5591 - accuracy: 0.4698
161/196 [=======================>......] - ETA: 1s - loss: 1.5534 - accuracy: 0.4716
164/196 [========================>.....] - ETA: 1s - loss: 1.5456 - accuracy: 0.4739
166/196 [========================>.....] - ETA: 1s - loss: 1.5407 - accuracy: 0.4754
168/196 [========================>.....] - ETA: 0s - loss: 1.5349 - accuracy: 0.4774
170/196 [=========================>....] - ETA: 0s - loss: 1.5313 - accuracy: 0.4789
172/196 [=========================>....] - ETA: 0s - loss: 1.5274 - accuracy: 0.4798
174/196 [=========================>....] - ETA: 0s - loss: 1.5223 - accuracy: 0.4815
176/196 [=========================>....] - ETA: 0s - loss: 1.5167 - accuracy: 0.4834
178/196 [==========================>...] - ETA: 0s - loss: 1.5119 - accuracy: 0.4852
180/196 [==========================>...] - ETA: 0s - loss: 1.5083 - accuracy: 0.4863
182/196 [==========================>...] - ETA: 0s - loss: 1.5043 - accuracy: 0.4874
184/196 [===========================>..] - ETA: 0s - loss: 1.4999 - accuracy: 0.4886
186/196 [===========================>..] - ETA: 0s - loss: 1.4963 - accuracy: 0.4900
188/196 [===========================>..] - ETA: 0s - loss: 1.4919 - accuracy: 0.4916
190/196 [============================>.] - ETA: 0s - loss: 1.4881 - accuracy: 0.4930
192/196 [============================>.] - ETA: 0s - loss: 1.4848 - accuracy: 0.4939
194/196 [============================>.] - ETA: 0s - loss: 1.4802 - accuracy: 0.4953
196/196 [==============================] - ETA: 0s - loss: 1.4757 - accuracy: 0.4966
196/196 [==============================] - 12s 42ms/step - loss: 1.4757 - accuracy: 0.4966 - val_loss: 4.8838 - val_accuracy: 0.1468
Epoch 2/78

  1/196 [..............................] - ETA: 9s - loss: 1.0718 - accuracy: 0.6445
  3/196 [..............................] - ETA: 6s - loss: 1.0581 - accuracy: 0.6289
  5/196 [..............................] - ETA: 6s - loss: 1.0542 - accuracy: 0.6383
  7/196 [>.............................] - ETA: 6s - loss: 1.0172 - accuracy: 0.6456
  9/196 [>.............................] - ETA: 6s - loss: 1.0158 - accuracy: 0.6463
 11/196 [>.............................] - ETA: 6s - loss: 1.0176 - accuracy: 0.6495
 13/196 [>.............................] - ETA: 6s - loss: 1.0175 - accuracy: 0.6487
 15/196 [=>............................] - ETA: 6s - loss: 1.0169 - accuracy: 0.6510
 17/196 [=>............................] - ETA: 5s - loss: 1.0138 - accuracy: 0.6505
 19/196 [=>............................] - ETA: 5s - loss: 1.0092 - accuracy: 0.6540
 21/196 [==>...........................] - ETA: 5s - loss: 1.0022 - accuracy: 0.6535
 23/196 [==>...........................] - ETA: 5s - loss: 0.9975 - accuracy: 0.6546
 25/196 [==>...........................] - ETA: 5s - loss: 0.9970 - accuracy: 0.6547
 27/196 [===>..........................] - ETA: 5s - loss: 0.9992 - accuracy: 0.6529
 29/196 [===>..........................] - ETA: 5s - loss: 1.0042 - accuracy: 0.6518
 31/196 [===>..........................] - ETA: 5s - loss: 1.0015 - accuracy: 0.6518
 33/196 [====>.........................] - ETA: 5s - loss: 1.0032 - accuracy: 0.6509
 35/196 [====>.........................] - ETA: 5s - loss: 0.9965 - accuracy: 0.6531
 37/196 [====>.........................] - ETA: 5s - loss: 0.9980 - accuracy: 0.6529
 39/196 [====>.........................] - ETA: 5s - loss: 0.9951 - accuracy: 0.6533
 41/196 [=====>........................] - ETA: 5s - loss: 0.9947 - accuracy: 0.6528
 43/196 [=====>........................] - ETA: 5s - loss: 0.9909 - accuracy: 0.6539
 45/196 [=====>........................] - ETA: 5s - loss: 0.9923 - accuracy: 0.6530
 47/196 [======>.......................] - ETA: 4s - loss: 0.9912 - accuracy: 0.6543
 49/196 [======>.......................] - ETA: 4s - loss: 0.9954 - accuracy: 0.6534
 51/196 [======>.......................] - ETA: 4s - loss: 0.9935 - accuracy: 0.6536
 53/196 [=======>......................] - ETA: 4s - loss: 0.9918 - accuracy: 0.6546
 55/196 [=======>......................] - ETA: 4s - loss: 0.9886 - accuracy: 0.6562
 57/196 [=======>......................] - ETA: 4s - loss: 0.9879 - accuracy: 0.6554
 59/196 [========>.....................] - ETA: 4s - loss: 0.9894 - accuracy: 0.6553
 61/196 [========>.....................] - ETA: 4s - loss: 0.9896 - accuracy: 0.6552
 64/196 [========>.....................] - ETA: 4s - loss: 0.9848 - accuracy: 0.6567
 66/196 [=========>....................] - ETA: 4s - loss: 0.9831 - accuracy: 0.6572
 68/196 [=========>....................] - ETA: 4s - loss: 0.9827 - accuracy: 0.6570
 71/196 [=========>....................] - ETA: 4s - loss: 0.9810 - accuracy: 0.6576
 73/196 [==========>...................] - ETA: 4s - loss: 0.9800 - accuracy: 0.6584
 76/196 [==========>...................] - ETA: 3s - loss: 0.9779 - accuracy: 0.6588
 78/196 [==========>...................] - ETA: 3s - loss: 0.9799 - accuracy: 0.6587
 80/196 [===========>..................] - ETA: 3s - loss: 0.9764 - accuracy: 0.6594
 83/196 [===========>..................] - ETA: 3s - loss: 0.9755 - accuracy: 0.6595
 85/196 [============>.................] - ETA: 3s - loss: 0.9726 - accuracy: 0.6607
 88/196 [============>.................] - ETA: 3s - loss: 0.9736 - accuracy: 0.6603
 90/196 [============>.................] - ETA: 3s - loss: 0.9723 - accuracy: 0.6605
 93/196 [=============>................] - ETA: 3s - loss: 0.9699 - accuracy: 0.6619
 95/196 [=============>................] - ETA: 3s - loss: 0.9702 - accuracy: 0.6623
 97/196 [=============>................] - ETA: 3s - loss: 0.9675 - accuracy: 0.6632
 99/196 [==============>...............] - ETA: 3s - loss: 0.9662 - accuracy: 0.6635
102/196 [==============>...............] - ETA: 2s - loss: 0.9659 - accuracy: 0.6634
104/196 [==============>...............] - ETA: 2s - loss: 0.9652 - accuracy: 0.6637
106/196 [===============>..............] - ETA: 2s - loss: 0.9648 - accuracy: 0.6639
108/196 [===============>..............] - ETA: 2s - loss: 0.9629 - accuracy: 0.6648
110/196 [===============>..............] - ETA: 2s - loss: 0.9631 - accuracy: 0.6648
112/196 [================>.............] - ETA: 2s - loss: 0.9628 - accuracy: 0.6653
114/196 [================>.............] - ETA: 2s - loss: 0.9612 - accuracy: 0.6656
116/196 [================>.............] - ETA: 2s - loss: 0.9601 - accuracy: 0.6658
118/196 [=================>............] - ETA: 2s - loss: 0.9588 - accuracy: 0.6659
120/196 [=================>............] - ETA: 2s - loss: 0.9585 - accuracy: 0.6662
122/196 [=================>............] - ETA: 2s - loss: 0.9577 - accuracy: 0.6666
124/196 [=================>............] - ETA: 2s - loss: 0.9580 - accuracy: 0.6669
126/196 [==================>...........] - ETA: 2s - loss: 0.9567 - accuracy: 0.6673
128/196 [==================>...........] - ETA: 2s - loss: 0.9543 - accuracy: 0.6678
130/196 [==================>...........] - ETA: 2s - loss: 0.9541 - accuracy: 0.6677
132/196 [===================>..........] - ETA: 2s - loss: 0.9544 - accuracy: 0.6679
134/196 [===================>..........] - ETA: 1s - loss: 0.9543 - accuracy: 0.6680
136/196 [===================>..........] - ETA: 1s - loss: 0.9522 - accuracy: 0.6687
138/196 [====================>.........] - ETA: 1s - loss: 0.9521 - accuracy: 0.6690
140/196 [====================>.........] - ETA: 1s - loss: 0.9504 - accuracy: 0.6695
142/196 [====================>.........] - ETA: 1s - loss: 0.9486 - accuracy: 0.6700
144/196 [=====================>........] - ETA: 1s - loss: 0.9474 - accuracy: 0.6705
146/196 [=====================>........] - ETA: 1s - loss: 0.9465 - accuracy: 0.6708
148/196 [=====================>........] - ETA: 1s - loss: 0.9460 - accuracy: 0.6712
150/196 [=====================>........] - ETA: 1s - loss: 0.9441 - accuracy: 0.6719
152/196 [======================>.......] - ETA: 1s - loss: 0.9440 - accuracy: 0.6716
154/196 [======================>.......] - ETA: 1s - loss: 0.9429 - accuracy: 0.6719
156/196 [======================>.......] - ETA: 1s - loss: 0.9426 - accuracy: 0.6719
159/196 [=======================>......] - ETA: 1s - loss: 0.9403 - accuracy: 0.6729
161/196 [=======================>......] - ETA: 1s - loss: 0.9398 - accuracy: 0.6732
163/196 [=======================>......] - ETA: 1s - loss: 0.9386 - accuracy: 0.6735
166/196 [========================>.....] - ETA: 0s - loss: 0.9378 - accuracy: 0.6737
168/196 [========================>.....] - ETA: 0s - loss: 0.9373 - accuracy: 0.6741
171/196 [=========================>....] - ETA: 0s - loss: 0.9365 - accuracy: 0.6743
173/196 [=========================>....] - ETA: 0s - loss: 0.9349 - accuracy: 0.6750
175/196 [=========================>....] - ETA: 0s - loss: 0.9330 - accuracy: 0.6758
178/196 [==========================>...] - ETA: 0s - loss: 0.9317 - accuracy: 0.6761
180/196 [==========================>...] - ETA: 0s - loss: 0.9301 - accuracy: 0.6768
182/196 [==========================>...] - ETA: 0s - loss: 0.9292 - accuracy: 0.6772
185/196 [===========================>..] - ETA: 0s - loss: 0.9280 - accuracy: 0.6778
187/196 [===========================>..] - ETA: 0s - loss: 0.9272 - accuracy: 0.6780
189/196 [===========================>..] - ETA: 0s - loss: 0.9270 - accuracy: 0.6779
191/196 [============================>.] - ETA: 0s - loss: 0.9259 - accuracy: 0.6782
193/196 [============================>.] - ETA: 0s - loss: 0.9248 - accuracy: 0.6785
195/196 [============================>.] - ETA: 0s - loss: 0.9236 - accuracy: 0.6787
196/196 [==============================] - 7s 36ms/step - loss: 0.9230 - accuracy: 0.6787 - val_loss: 4.6384 - val_accuracy: 0.2292
Epoch 3/78

  1/196 [..............................] - ETA: 9s - loss: 0.7183 - accuracy: 0.7578
  3/196 [..............................] - ETA: 6s - loss: 0.6874 - accuracy: 0.7734
  5/196 [..............................] - ETA: 6s - loss: 0.6853 - accuracy: 0.7766
  7/196 [>.............................] - ETA: 6s - loss: 0.7259 - accuracy: 0.7550
  9/196 [>.............................] - ETA: 6s - loss: 0.7249 - accuracy: 0.7491
 11/196 [>.............................] - ETA: 6s - loss: 0.7194 - accuracy: 0.7493
 13/196 [>.............................] - ETA: 6s - loss: 0.7181 - accuracy: 0.7491
 15/196 [=>............................] - ETA: 6s - loss: 0.7160 - accuracy: 0.7521
 18/196 [=>............................] - ETA: 5s - loss: 0.7149 - accuracy: 0.7552
 20/196 [==>...........................] - ETA: 5s - loss: 0.7175 - accuracy: 0.7549
 22/196 [==>...........................] - ETA: 5s - loss: 0.7137 - accuracy: 0.7562
 25/196 [==>...........................] - ETA: 5s - loss: 0.7129 - accuracy: 0.7544
 27/196 [===>..........................] - ETA: 5s - loss: 0.7156 - accuracy: 0.7530
 29/196 [===>..........................] - ETA: 5s - loss: 0.7157 - accuracy: 0.7520
 32/196 [===>..........................] - ETA: 5s - loss: 0.7196 - accuracy: 0.7517
 34/196 [====>.........................] - ETA: 4s - loss: 0.7163 - accuracy: 0.7530
 37/196 [====>.........................] - ETA: 4s - loss: 0.7191 - accuracy: 0.7508
 39/196 [====>.........................] - ETA: 4s - loss: 0.7224 - accuracy: 0.7499
 41/196 [=====>........................] - ETA: 4s - loss: 0.7238 - accuracy: 0.7492
 44/196 [=====>........................] - ETA: 4s - loss: 0.7230 - accuracy: 0.7486
 46/196 [======>.......................] - ETA: 4s - loss: 0.7174 - accuracy: 0.7505
 49/196 [======>.......................] - ETA: 4s - loss: 0.7182 - accuracy: 0.7503
 51/196 [======>.......................] - ETA: 4s - loss: 0.7187 - accuracy: 0.7505
 53/196 [=======>......................] - ETA: 4s - loss: 0.7206 - accuracy: 0.7501
 55/196 [=======>......................] - ETA: 4s - loss: 0.7208 - accuracy: 0.7499
 57/196 [=======>......................] - ETA: 4s - loss: 0.7175 - accuracy: 0.7510
 59/196 [========>.....................] - ETA: 4s - loss: 0.7167 - accuracy: 0.7521
 61/196 [========>.....................] - ETA: 4s - loss: 0.7133 - accuracy: 0.7528
 63/196 [========>.....................] - ETA: 4s - loss: 0.7127 - accuracy: 0.7531
 65/196 [========>.....................] - ETA: 3s - loss: 0.7137 - accuracy: 0.7518
 67/196 [=========>....................] - ETA: 3s - loss: 0.7140 - accuracy: 0.7516
 69/196 [=========>....................] - ETA: 3s - loss: 0.7128 - accuracy: 0.7520
 71/196 [=========>....................] - ETA: 3s - loss: 0.7139 - accuracy: 0.7518
 73/196 [==========>...................] - ETA: 3s - loss: 0.7134 - accuracy: 0.7514
 75/196 [==========>...................] - ETA: 3s - loss: 0.7135 - accuracy: 0.7517
 77/196 [==========>...................] - ETA: 3s - loss: 0.7134 - accuracy: 0.7522
 79/196 [===========>..................] - ETA: 3s - loss: 0.7119 - accuracy: 0.7529
 81/196 [===========>..................] - ETA: 3s - loss: 0.7093 - accuracy: 0.7537
 83/196 [===========>..................] - ETA: 3s - loss: 0.7093 - accuracy: 0.7534
 85/196 [============>.................] - ETA: 3s - loss: 0.7072 - accuracy: 0.7540
 87/196 [============>.................] - ETA: 3s - loss: 0.7067 - accuracy: 0.7541
 89/196 [============>.................] - ETA: 3s - loss: 0.7054 - accuracy: 0.7548
 91/196 [============>.................] - ETA: 3s - loss: 0.7047 - accuracy: 0.7546
 93/196 [=============>................] - ETA: 3s - loss: 0.7035 - accuracy: 0.7551
 95/196 [=============>................] - ETA: 3s - loss: 0.7052 - accuracy: 0.7552
 97/196 [=============>................] - ETA: 3s - loss: 0.7044 - accuracy: 0.7556
 99/196 [==============>...............] - ETA: 3s - loss: 0.7033 - accuracy: 0.7561
101/196 [==============>...............] - ETA: 2s - loss: 0.7031 - accuracy: 0.7564
103/196 [==============>...............] - ETA: 2s - loss: 0.7032 - accuracy: 0.7563
105/196 [===============>..............] - ETA: 2s - loss: 0.7017 - accuracy: 0.7566
107/196 [===============>..............] - ETA: 2s - loss: 0.7025 - accuracy: 0.7564
109/196 [===============>..............] - ETA: 2s - loss: 0.7017 - accuracy: 0.7568
111/196 [===============>..............] - ETA: 2s - loss: 0.7028 - accuracy: 0.7559
113/196 [================>.............] - ETA: 2s - loss: 0.7026 - accuracy: 0.7559
116/196 [================>.............] - ETA: 2s - loss: 0.7023 - accuracy: 0.7560
118/196 [=================>............] - ETA: 2s - loss: 0.7035 - accuracy: 0.7553
120/196 [=================>............] - ETA: 2s - loss: 0.7033 - accuracy: 0.7552
123/196 [=================>............] - ETA: 2s - loss: 0.7024 - accuracy: 0.7552
125/196 [==================>...........] - ETA: 2s - loss: 0.7016 - accuracy: 0.7553
127/196 [==================>...........] - ETA: 2s - loss: 0.7006 - accuracy: 0.7557
130/196 [==================>...........] - ETA: 2s - loss: 0.7001 - accuracy: 0.7560
132/196 [===================>..........] - ETA: 2s - loss: 0.6991 - accuracy: 0.7564
134/196 [===================>..........] - ETA: 1s - loss: 0.6996 - accuracy: 0.7564
137/196 [===================>..........] - ETA: 1s - loss: 0.7004 - accuracy: 0.7559
139/196 [====================>.........] - ETA: 1s - loss: 0.6992 - accuracy: 0.7564
141/196 [====================>.........] - ETA: 1s - loss: 0.6993 - accuracy: 0.7565
143/196 [====================>.........] - ETA: 1s - loss: 0.6994 - accuracy: 0.7563
145/196 [=====================>........] - ETA: 1s - loss: 0.6990 - accuracy: 0.7567
147/196 [=====================>........] - ETA: 1s - loss: 0.6986 - accuracy: 0.7566
149/196 [=====================>........] - ETA: 1s - loss: 0.6993 - accuracy: 0.7564
151/196 [======================>.......] - ETA: 1s - loss: 0.6988 - accuracy: 0.7564
153/196 [======================>.......] - ETA: 1s - loss: 0.6976 - accuracy: 0.7567
155/196 [======================>.......] - ETA: 1s - loss: 0.6973 - accuracy: 0.7570
157/196 [=======================>......] - ETA: 1s - loss: 0.6970 - accuracy: 0.7570
159/196 [=======================>......] - ETA: 1s - loss: 0.6961 - accuracy: 0.7573
161/196 [=======================>......] - ETA: 1s - loss: 0.6958 - accuracy: 0.7571
163/196 [=======================>......] - ETA: 1s - loss: 0.6961 - accuracy: 0.7572
165/196 [========================>.....] - ETA: 0s - loss: 0.6959 - accuracy: 0.7573
167/196 [========================>.....] - ETA: 0s - loss: 0.6944 - accuracy: 0.7576
169/196 [========================>.....] - ETA: 0s - loss: 0.6942 - accuracy: 0.7575
171/196 [=========================>....] - ETA: 0s - loss: 0.6941 - accuracy: 0.7575
173/196 [=========================>....] - ETA: 0s - loss: 0.6940 - accuracy: 0.7573
175/196 [=========================>....] - ETA: 0s - loss: 0.6945 - accuracy: 0.7572
177/196 [==========================>...] - ETA: 0s - loss: 0.6948 - accuracy: 0.7570
179/196 [==========================>...] - ETA: 0s - loss: 0.6946 - accuracy: 0.7571
181/196 [==========================>...] - ETA: 0s - loss: 0.6949 - accuracy: 0.7569
183/196 [===========================>..] - ETA: 0s - loss: 0.6948 - accuracy: 0.7570
185/196 [===========================>..] - ETA: 0s - loss: 0.6937 - accuracy: 0.7575
187/196 [===========================>..] - ETA: 0s - loss: 0.6929 - accuracy: 0.7578
189/196 [===========================>..] - ETA: 0s - loss: 0.6920 - accuracy: 0.7580
191/196 [============================>.] - ETA: 0s - loss: 0.6917 - accuracy: 0.7580
193/196 [============================>.] - ETA: 0s - loss: 0.6911 - accuracy: 0.7582
195/196 [============================>.] - ETA: 0s - loss: 0.6924 - accuracy: 0.7580
196/196 [==============================] - 7s 36ms/step - loss: 0.6919 - accuracy: 0.7582 - val_loss: 1.8454 - val_accuracy: 0.4429
Epoch 4/78

  1/196 [..............................] - ETA: 6s - loss: 0.4272 - accuracy: 0.8359
  3/196 [..............................] - ETA: 7s - loss: 0.5250 - accuracy: 0.7995
  5/196 [..............................] - ETA: 6s - loss: 0.5478 - accuracy: 0.8086
  7/196 [>.............................] - ETA: 6s - loss: 0.5454 - accuracy: 0.8103
  9/196 [>.............................] - ETA: 6s - loss: 0.5375 - accuracy: 0.8155
 11/196 [>.............................] - ETA: 6s - loss: 0.5192 - accuracy: 0.8224
 13/196 [>.............................] - ETA: 6s - loss: 0.5125 - accuracy: 0.8251
 15/196 [=>............................] - ETA: 6s - loss: 0.5171 - accuracy: 0.8240
 17/196 [=>............................] - ETA: 5s - loss: 0.5218 - accuracy: 0.8235
 19/196 [=>............................] - ETA: 5s - loss: 0.5172 - accuracy: 0.8246
 21/196 [==>...........................] - ETA: 5s - loss: 0.5144 - accuracy: 0.8261
 23/196 [==>...........................] - ETA: 5s - loss: 0.5138 - accuracy: 0.8266
 25/196 [==>...........................] - ETA: 5s - loss: 0.5160 - accuracy: 0.8261
 27/196 [===>..........................] - ETA: 5s - loss: 0.5114 - accuracy: 0.8280
 29/196 [===>..........................] - ETA: 5s - loss: 0.5104 - accuracy: 0.8277
 31/196 [===>..........................] - ETA: 5s - loss: 0.5062 - accuracy: 0.8291
 33/196 [====>.........................] - ETA: 5s - loss: 0.5069 - accuracy: 0.8297
 35/196 [====>.........................] - ETA: 5s - loss: 0.5021 - accuracy: 0.8313
 37/196 [====>.........................] - ETA: 5s - loss: 0.5038 - accuracy: 0.8299
 39/196 [====>.........................] - ETA: 5s - loss: 0.5020 - accuracy: 0.8303
 41/196 [=====>........................] - ETA: 5s - loss: 0.5030 - accuracy: 0.8302
 44/196 [=====>........................] - ETA: 4s - loss: 0.5014 - accuracy: 0.8304
 46/196 [======>.......................] - ETA: 4s - loss: 0.5049 - accuracy: 0.8289
 48/196 [======>.......................] - ETA: 4s - loss: 0.5034 - accuracy: 0.8285
 50/196 [======>.......................] - ETA: 4s - loss: 0.5008 - accuracy: 0.8295
 52/196 [======>.......................] - ETA: 4s - loss: 0.4996 - accuracy: 0.8302
 54/196 [=======>......................] - ETA: 4s - loss: 0.4998 - accuracy: 0.8302
 56/196 [=======>......................] - ETA: 4s - loss: 0.5007 - accuracy: 0.8294
 58/196 [=======>......................] - ETA: 4s - loss: 0.5028 - accuracy: 0.8283
 60/196 [========>.....................] - ETA: 4s - loss: 0.5019 - accuracy: 0.8284
 62/196 [========>.....................] - ETA: 4s - loss: 0.5017 - accuracy: 0.8285
 64/196 [========>.....................] - ETA: 4s - loss: 0.5008 - accuracy: 0.8286
 66/196 [=========>....................] - ETA: 4s - loss: 0.5026 - accuracy: 0.8279
 69/196 [=========>....................] - ETA: 4s - loss: 0.5029 - accuracy: 0.8279
 71/196 [=========>....................] - ETA: 4s - loss: 0.5028 - accuracy: 0.8282
 73/196 [==========>...................] - ETA: 3s - loss: 0.5027 - accuracy: 0.8282
 76/196 [==========>...................] - ETA: 3s - loss: 0.5037 - accuracy: 0.8280
 78/196 [==========>...................] - ETA: 3s - loss: 0.5059 - accuracy: 0.8266
 81/196 [===========>..................] - ETA: 3s - loss: 0.5054 - accuracy: 0.8273
 83/196 [===========>..................] - ETA: 3s - loss: 0.5064 - accuracy: 0.8269
 85/196 [============>.................] - ETA: 3s - loss: 0.5055 - accuracy: 0.8271
 87/196 [============>.................] - ETA: 3s - loss: 0.5075 - accuracy: 0.8263
 89/196 [============>.................] - ETA: 3s - loss: 0.5079 - accuracy: 0.8261
 91/196 [============>.................] - ETA: 3s - loss: 0.5074 - accuracy: 0.8261
 93/196 [=============>................] - ETA: 3s - loss: 0.5085 - accuracy: 0.8252
 96/196 [=============>................] - ETA: 3s - loss: 0.5098 - accuracy: 0.8244
 98/196 [==============>...............] - ETA: 3s - loss: 0.5118 - accuracy: 0.8239
100/196 [==============>...............] - ETA: 3s - loss: 0.5127 - accuracy: 0.8234
102/196 [==============>...............] - ETA: 2s - loss: 0.5150 - accuracy: 0.8225
104/196 [==============>...............] - ETA: 2s - loss: 0.5151 - accuracy: 0.8224
106/196 [===============>..............] - ETA: 2s - loss: 0.5166 - accuracy: 0.8218
108/196 [===============>..............] - ETA: 2s - loss: 0.5167 - accuracy: 0.8220
110/196 [===============>..............] - ETA: 2s - loss: 0.5182 - accuracy: 0.8213
112/196 [================>.............] - ETA: 2s - loss: 0.5169 - accuracy: 0.8218
114/196 [================>.............] - ETA: 2s - loss: 0.5175 - accuracy: 0.8214
116/196 [================>.............] - ETA: 2s - loss: 0.5175 - accuracy: 0.8215
118/196 [=================>............] - ETA: 2s - loss: 0.5183 - accuracy: 0.8216
120/196 [=================>............] - ETA: 2s - loss: 0.5179 - accuracy: 0.8218
122/196 [=================>............] - ETA: 2s - loss: 0.5178 - accuracy: 0.8220
124/196 [=================>............] - ETA: 2s - loss: 0.5172 - accuracy: 0.8223
126/196 [==================>...........] - ETA: 2s - loss: 0.5180 - accuracy: 0.8216
128/196 [==================>...........] - ETA: 2s - loss: 0.5176 - accuracy: 0.8219
130/196 [==================>...........] - ETA: 2s - loss: 0.5179 - accuracy: 0.8218
132/196 [===================>..........] - ETA: 2s - loss: 0.5174 - accuracy: 0.8220
134/196 [===================>..........] - ETA: 1s - loss: 0.5173 - accuracy: 0.8220
136/196 [===================>..........] - ETA: 1s - loss: 0.5177 - accuracy: 0.8219
138/196 [====================>.........] - ETA: 1s - loss: 0.5169 - accuracy: 0.8220
140/196 [====================>.........] - ETA: 1s - loss: 0.5170 - accuracy: 0.8220
142/196 [====================>.........] - ETA: 1s - loss: 0.5167 - accuracy: 0.8222
144/196 [=====================>........] - ETA: 1s - loss: 0.5174 - accuracy: 0.8221
146/196 [=====================>........] - ETA: 1s - loss: 0.5173 - accuracy: 0.8221
148/196 [=====================>........] - ETA: 1s - loss: 0.5172 - accuracy: 0.8220
150/196 [=====================>........] - ETA: 1s - loss: 0.5174 - accuracy: 0.8218
152/196 [======================>.......] - ETA: 1s - loss: 0.5175 - accuracy: 0.8216
154/196 [======================>.......] - ETA: 1s - loss: 0.5171 - accuracy: 0.8219
156/196 [======================>.......] - ETA: 1s - loss: 0.5173 - accuracy: 0.8217
158/196 [=======================>......] - ETA: 1s - loss: 0.5176 - accuracy: 0.8215
160/196 [=======================>......] - ETA: 1s - loss: 0.5182 - accuracy: 0.8213
162/196 [=======================>......] - ETA: 1s - loss: 0.5188 - accuracy: 0.8210
165/196 [========================>.....] - ETA: 0s - loss: 0.5191 - accuracy: 0.8208
167/196 [========================>.....] - ETA: 0s - loss: 0.5195 - accuracy: 0.8208
170/196 [=========================>....] - ETA: 0s - loss: 0.5194 - accuracy: 0.8207
172/196 [=========================>....] - ETA: 0s - loss: 0.5197 - accuracy: 0.8205
174/196 [=========================>....] - ETA: 0s - loss: 0.5204 - accuracy: 0.8203
177/196 [==========================>...] - ETA: 0s - loss: 0.5211 - accuracy: 0.8197
179/196 [==========================>...] - ETA: 0s - loss: 0.5213 - accuracy: 0.8195
181/196 [==========================>...] - ETA: 0s - loss: 0.5218 - accuracy: 0.8193
183/196 [===========================>..] - ETA: 0s - loss: 0.5219 - accuracy: 0.8192
186/196 [===========================>..] - ETA: 0s - loss: 0.5222 - accuracy: 0.8190
188/196 [===========================>..] - ETA: 0s - loss: 0.5231 - accuracy: 0.8189
191/196 [============================>.] - ETA: 0s - loss: 0.5237 - accuracy: 0.8188
193/196 [============================>.] - ETA: 0s - loss: 0.5236 - accuracy: 0.8188
195/196 [============================>.] - ETA: 0s - loss: 0.5235 - accuracy: 0.8187
196/196 [==============================] - 7s 36ms/step - loss: 0.5234 - accuracy: 0.8186 - val_loss: 0.8046 - val_accuracy: 0.7314
Epoch 5/78

  1/196 [..............................] - ETA: 9s - loss: 0.3676 - accuracy: 0.8789
  3/196 [..............................] - ETA: 7s - loss: 0.3446 - accuracy: 0.8906
  5/196 [..............................] - ETA: 6s - loss: 0.3561 - accuracy: 0.8820
  7/196 [>.............................] - ETA: 6s - loss: 0.3495 - accuracy: 0.8850
  9/196 [>.............................] - ETA: 6s - loss: 0.3346 - accuracy: 0.8915
 11/196 [>.............................] - ETA: 6s - loss: 0.3407 - accuracy: 0.8885
 13/196 [>.............................] - ETA: 6s - loss: 0.3373 - accuracy: 0.8888
 15/196 [=>............................] - ETA: 6s - loss: 0.3402 - accuracy: 0.8872
 18/196 [=>............................] - ETA: 5s - loss: 0.3399 - accuracy: 0.8869
 20/196 [==>...........................] - ETA: 5s - loss: 0.3400 - accuracy: 0.8873
 22/196 [==>...........................] - ETA: 5s - loss: 0.3417 - accuracy: 0.8857
 25/196 [==>...........................] - ETA: 5s - loss: 0.3354 - accuracy: 0.8880
 27/196 [===>..........................] - ETA: 5s - loss: 0.3340 - accuracy: 0.8893
 29/196 [===>..........................] - ETA: 5s - loss: 0.3338 - accuracy: 0.8887
 32/196 [===>..........................] - ETA: 5s - loss: 0.3324 - accuracy: 0.8885
 34/196 [====>.........................] - ETA: 4s - loss: 0.3292 - accuracy: 0.8903
 36/196 [====>.........................] - ETA: 4s - loss: 0.3259 - accuracy: 0.8911
 39/196 [====>.........................] - ETA: 4s - loss: 0.3281 - accuracy: 0.8898
 41/196 [=====>........................] - ETA: 4s - loss: 0.3286 - accuracy: 0.8895
 43/196 [=====>........................] - ETA: 4s - loss: 0.3282 - accuracy: 0.8898
 46/196 [======>.......................] - ETA: 4s - loss: 0.3277 - accuracy: 0.8891
 48/196 [======>.......................] - ETA: 4s - loss: 0.3261 - accuracy: 0.8892
 50/196 [======>.......................] - ETA: 4s - loss: 0.3255 - accuracy: 0.8897
 52/196 [======>.......................] - ETA: 4s - loss: 0.3259 - accuracy: 0.8896
 54/196 [=======>......................] - ETA: 4s - loss: 0.3251 - accuracy: 0.8896
 56/196 [=======>......................] - ETA: 4s - loss: 0.3230 - accuracy: 0.8904
 58/196 [=======>......................] - ETA: 4s - loss: 0.3237 - accuracy: 0.8904
 60/196 [========>.....................] - ETA: 4s - loss: 0.3242 - accuracy: 0.8904
 62/196 [========>.....................] - ETA: 4s - loss: 0.3242 - accuracy: 0.8910
 64/196 [========>.....................] - ETA: 4s - loss: 0.3233 - accuracy: 0.8913
 66/196 [=========>....................] - ETA: 4s - loss: 0.3249 - accuracy: 0.8904
 68/196 [=========>....................] - ETA: 4s - loss: 0.3258 - accuracy: 0.8900
 70/196 [=========>....................] - ETA: 3s - loss: 0.3256 - accuracy: 0.8904
 72/196 [==========>...................] - ETA: 3s - loss: 0.3260 - accuracy: 0.8898
 74/196 [==========>...................] - ETA: 3s - loss: 0.3271 - accuracy: 0.8894
 76/196 [==========>...................] - ETA: 3s - loss: 0.3270 - accuracy: 0.8894
 78/196 [==========>...................] - ETA: 3s - loss: 0.3287 - accuracy: 0.8889
 80/196 [===========>..................] - ETA: 3s - loss: 0.3283 - accuracy: 0.8888
 82/196 [===========>..................] - ETA: 3s - loss: 0.3274 - accuracy: 0.8889
 84/196 [===========>..................] - ETA: 3s - loss: 0.3278 - accuracy: 0.8884
 86/196 [============>.................] - ETA: 3s - loss: 0.3284 - accuracy: 0.8880
 88/196 [============>.................] - ETA: 3s - loss: 0.3288 - accuracy: 0.8879
 90/196 [============>.................] - ETA: 3s - loss: 0.3301 - accuracy: 0.8875
 92/196 [=============>................] - ETA: 3s - loss: 0.3303 - accuracy: 0.8871
 94/196 [=============>................] - ETA: 3s - loss: 0.3302 - accuracy: 0.8873
 96/196 [=============>................] - ETA: 3s - loss: 0.3316 - accuracy: 0.8868
 98/196 [==============>...............] - ETA: 3s - loss: 0.3331 - accuracy: 0.8861
100/196 [==============>...............] - ETA: 3s - loss: 0.3332 - accuracy: 0.8861
102/196 [==============>...............] - ETA: 2s - loss: 0.3331 - accuracy: 0.8860
104/196 [==============>...............] - ETA: 2s - loss: 0.3346 - accuracy: 0.8854
106/196 [===============>..............] - ETA: 2s - loss: 0.3360 - accuracy: 0.8850
108/196 [===============>..............] - ETA: 2s - loss: 0.3351 - accuracy: 0.8854
111/196 [===============>..............] - ETA: 2s - loss: 0.3359 - accuracy: 0.8851
113/196 [================>.............] - ETA: 2s - loss: 0.3366 - accuracy: 0.8846
116/196 [================>.............] - ETA: 2s - loss: 0.3380 - accuracy: 0.8840
118/196 [=================>............] - ETA: 2s - loss: 0.3381 - accuracy: 0.8840
120/196 [=================>............] - ETA: 2s - loss: 0.3392 - accuracy: 0.8837
123/196 [=================>............] - ETA: 2s - loss: 0.3398 - accuracy: 0.8833
125/196 [==================>...........] - ETA: 2s - loss: 0.3404 - accuracy: 0.8830
128/196 [==================>...........] - ETA: 2s - loss: 0.3424 - accuracy: 0.8828
130/196 [==================>...........] - ETA: 2s - loss: 0.3427 - accuracy: 0.8828
132/196 [===================>..........] - ETA: 2s - loss: 0.3447 - accuracy: 0.8821
135/196 [===================>..........] - ETA: 1s - loss: 0.3451 - accuracy: 0.8819
137/196 [===================>..........] - ETA: 1s - loss: 0.3458 - accuracy: 0.8816
139/196 [====================>.........] - ETA: 1s - loss: 0.3465 - accuracy: 0.8812
142/196 [====================>.........] - ETA: 1s - loss: 0.3478 - accuracy: 0.8807
144/196 [=====================>........] - ETA: 1s - loss: 0.3484 - accuracy: 0.8804
146/196 [=====================>........] - ETA: 1s - loss: 0.3486 - accuracy: 0.8801
148/196 [=====================>........] - ETA: 1s - loss: 0.3489 - accuracy: 0.8800
150/196 [=====================>........] - ETA: 1s - loss: 0.3494 - accuracy: 0.8798
152/196 [======================>.......] - ETA: 1s - loss: 0.3501 - accuracy: 0.8794
154/196 [======================>.......] - ETA: 1s - loss: 0.3509 - accuracy: 0.8793
156/196 [======================>.......] - ETA: 1s - loss: 0.3515 - accuracy: 0.8790
158/196 [=======================>......] - ETA: 1s - loss: 0.3519 - accuracy: 0.8787
160/196 [=======================>......] - ETA: 1s - loss: 0.3515 - accuracy: 0.8785
162/196 [=======================>......] - ETA: 1s - loss: 0.3524 - accuracy: 0.8782
164/196 [========================>.....] - ETA: 1s - loss: 0.3524 - accuracy: 0.8782
166/196 [========================>.....] - ETA: 0s - loss: 0.3535 - accuracy: 0.8778
168/196 [========================>.....] - ETA: 0s - loss: 0.3548 - accuracy: 0.8774
170/196 [=========================>....] - ETA: 0s - loss: 0.3552 - accuracy: 0.8773
172/196 [=========================>....] - ETA: 0s - loss: 0.3559 - accuracy: 0.8769
174/196 [=========================>....] - ETA: 0s - loss: 0.3556 - accuracy: 0.8770
176/196 [=========================>....] - ETA: 0s - loss: 0.3560 - accuracy: 0.8769
178/196 [==========================>...] - ETA: 0s - loss: 0.3567 - accuracy: 0.8765
180/196 [==========================>...] - ETA: 0s - loss: 0.3574 - accuracy: 0.8763
182/196 [==========================>...] - ETA: 0s - loss: 0.3578 - accuracy: 0.8761
184/196 [===========================>..] - ETA: 0s - loss: 0.3584 - accuracy: 0.8757
186/196 [===========================>..] - ETA: 0s - loss: 0.3588 - accuracy: 0.8758
188/196 [===========================>..] - ETA: 0s - loss: 0.3596 - accuracy: 0.8755
190/196 [============================>.] - ETA: 0s - loss: 0.3594 - accuracy: 0.8754
193/196 [============================>.] - ETA: 0s - loss: 0.3598 - accuracy: 0.8753
195/196 [============================>.] - ETA: 0s - loss: 0.3615 - accuracy: 0.8750
196/196 [==============================] - 7s 36ms/step - loss: 0.3617 - accuracy: 0.8749 - val_loss: 0.8647 - val_accuracy: 0.7260
Epoch 6/78

  1/196 [..............................] - ETA: 9s - loss: 0.2317 - accuracy: 0.9102
  3/196 [..............................] - ETA: 6s - loss: 0.2359 - accuracy: 0.9219
  5/196 [..............................] - ETA: 6s - loss: 0.2367 - accuracy: 0.9195
  7/196 [>.............................] - ETA: 6s - loss: 0.2432 - accuracy: 0.9185
  9/196 [>.............................] - ETA: 6s - loss: 0.2361 - accuracy: 0.9240
 11/196 [>.............................] - ETA: 6s - loss: 0.2362 - accuracy: 0.9233
 13/196 [>.............................] - ETA: 6s - loss: 0.2349 - accuracy: 0.9234
 15/196 [=>............................] - ETA: 6s - loss: 0.2366 - accuracy: 0.9227
 18/196 [=>............................] - ETA: 5s - loss: 0.2403 - accuracy: 0.9219
 20/196 [==>...........................] - ETA: 5s - loss: 0.2369 - accuracy: 0.9231
 22/196 [==>...........................] - ETA: 5s - loss: 0.2358 - accuracy: 0.9245
 24/196 [==>...........................] - ETA: 5s - loss: 0.2337 - accuracy: 0.9253
 26/196 [==>...........................] - ETA: 5s - loss: 0.2337 - accuracy: 0.9267
 28/196 [===>..........................] - ETA: 5s - loss: 0.2333 - accuracy: 0.9263
 30/196 [===>..........................] - ETA: 5s - loss: 0.2301 - accuracy: 0.9274
 32/196 [===>..........................] - ETA: 5s - loss: 0.2307 - accuracy: 0.9268
 34/196 [====>.........................] - ETA: 5s - loss: 0.2288 - accuracy: 0.9269
 36/196 [====>.........................] - ETA: 5s - loss: 0.2291 - accuracy: 0.9265
 38/196 [====>.........................] - ETA: 5s - loss: 0.2290 - accuracy: 0.9266
 40/196 [=====>........................] - ETA: 5s - loss: 0.2279 - accuracy: 0.9267
 42/196 [=====>........................] - ETA: 5s - loss: 0.2255 - accuracy: 0.9272
 44/196 [=====>........................] - ETA: 5s - loss: 0.2243 - accuracy: 0.9282
 46/196 [======>.......................] - ETA: 4s - loss: 0.2258 - accuracy: 0.9279
 48/196 [======>.......................] - ETA: 4s - loss: 0.2257 - accuracy: 0.9274
 50/196 [======>.......................] - ETA: 4s - loss: 0.2257 - accuracy: 0.9269
 52/196 [======>.......................] - ETA: 4s - loss: 0.2252 - accuracy: 0.9270
 54/196 [=======>......................] - ETA: 4s - loss: 0.2243 - accuracy: 0.9275
 56/196 [=======>......................] - ETA: 4s - loss: 0.2249 - accuracy: 0.9274
 58/196 [=======>......................] - ETA: 4s - loss: 0.2244 - accuracy: 0.9275
 60/196 [========>.....................] - ETA: 4s - loss: 0.2255 - accuracy: 0.9272
 62/196 [========>.....................] - ETA: 4s - loss: 0.2259 - accuracy: 0.9265
 64/196 [========>.....................] - ETA: 4s - loss: 0.2257 - accuracy: 0.9263
 67/196 [=========>....................] - ETA: 4s - loss: 0.2266 - accuracy: 0.9260
 69/196 [=========>....................] - ETA: 4s - loss: 0.2264 - accuracy: 0.9261
 71/196 [=========>....................] - ETA: 4s - loss: 0.2261 - accuracy: 0.9258
 74/196 [==========>...................] - ETA: 3s - loss: 0.2263 - accuracy: 0.9259
 76/196 [==========>...................] - ETA: 3s - loss: 0.2258 - accuracy: 0.9259
 78/196 [==========>...................] - ETA: 3s - loss: 0.2252 - accuracy: 0.9261
 81/196 [===========>..................] - ETA: 3s - loss: 0.2255 - accuracy: 0.9256
 83/196 [===========>..................] - ETA: 3s - loss: 0.2264 - accuracy: 0.9252
 85/196 [============>.................] - ETA: 3s - loss: 0.2265 - accuracy: 0.9248
 88/196 [============>.................] - ETA: 3s - loss: 0.2260 - accuracy: 0.9251
 90/196 [============>.................] - ETA: 3s - loss: 0.2250 - accuracy: 0.9254
 93/196 [=============>................] - ETA: 3s - loss: 0.2244 - accuracy: 0.9254
 95/196 [=============>................] - ETA: 3s - loss: 0.2245 - accuracy: 0.9254
 97/196 [=============>................] - ETA: 3s - loss: 0.2248 - accuracy: 0.9251
 99/196 [==============>...............] - ETA: 3s - loss: 0.2238 - accuracy: 0.9254
101/196 [==============>...............] - ETA: 3s - loss: 0.2238 - accuracy: 0.9255
103/196 [==============>...............] - ETA: 2s - loss: 0.2247 - accuracy: 0.9252
105/196 [===============>..............] - ETA: 2s - loss: 0.2257 - accuracy: 0.9248
107/196 [===============>..............] - ETA: 2s - loss: 0.2252 - accuracy: 0.9251
109/196 [===============>..............] - ETA: 2s - loss: 0.2261 - accuracy: 0.9250
111/196 [===============>..............] - ETA: 2s - loss: 0.2262 - accuracy: 0.9251
113/196 [================>.............] - ETA: 2s - loss: 0.2265 - accuracy: 0.9249
115/196 [================>.............] - ETA: 2s - loss: 0.2277 - accuracy: 0.9245
117/196 [================>.............] - ETA: 2s - loss: 0.2272 - accuracy: 0.9248
119/196 [=================>............] - ETA: 2s - loss: 0.2275 - accuracy: 0.9247
121/196 [=================>............] - ETA: 2s - loss: 0.2274 - accuracy: 0.9246
123/196 [=================>............] - ETA: 2s - loss: 0.2274 - accuracy: 0.9245
125/196 [==================>...........] - ETA: 2s - loss: 0.2275 - accuracy: 0.9246
127/196 [==================>...........] - ETA: 2s - loss: 0.2279 - accuracy: 0.9243
129/196 [==================>...........] - ETA: 2s - loss: 0.2281 - accuracy: 0.9240
131/196 [===================>..........] - ETA: 2s - loss: 0.2284 - accuracy: 0.9240
133/196 [===================>..........] - ETA: 2s - loss: 0.2288 - accuracy: 0.9238
135/196 [===================>..........] - ETA: 1s - loss: 0.2291 - accuracy: 0.9237
137/196 [===================>..........] - ETA: 1s - loss: 0.2286 - accuracy: 0.9238
139/196 [====================>.........] - ETA: 1s - loss: 0.2295 - accuracy: 0.9234
141/196 [====================>.........] - ETA: 1s - loss: 0.2306 - accuracy: 0.9231
143/196 [====================>.........] - ETA: 1s - loss: 0.2313 - accuracy: 0.9228
145/196 [=====================>........] - ETA: 1s - loss: 0.2318 - accuracy: 0.9226
147/196 [=====================>........] - ETA: 1s - loss: 0.2327 - accuracy: 0.9223
149/196 [=====================>........] - ETA: 1s - loss: 0.2338 - accuracy: 0.9219
151/196 [======================>.......] - ETA: 1s - loss: 0.2339 - accuracy: 0.9217
153/196 [======================>.......] - ETA: 1s - loss: 0.2343 - accuracy: 0.9215
155/196 [======================>.......] - ETA: 1s - loss: 0.2355 - accuracy: 0.9209
158/196 [=======================>......] - ETA: 1s - loss: 0.2358 - accuracy: 0.9207
160/196 [=======================>......] - ETA: 1s - loss: 0.2359 - accuracy: 0.9205
162/196 [=======================>......] - ETA: 1s - loss: 0.2367 - accuracy: 0.9204
165/196 [========================>.....] - ETA: 0s - loss: 0.2373 - accuracy: 0.9201
167/196 [========================>.....] - ETA: 0s - loss: 0.2382 - accuracy: 0.9200
169/196 [========================>.....] - ETA: 0s - loss: 0.2388 - accuracy: 0.9198
172/196 [=========================>....] - ETA: 0s - loss: 0.2393 - accuracy: 0.9196
174/196 [=========================>....] - ETA: 0s - loss: 0.2402 - accuracy: 0.9192
176/196 [=========================>....] - ETA: 0s - loss: 0.2409 - accuracy: 0.9191
178/196 [==========================>...] - ETA: 0s - loss: 0.2419 - accuracy: 0.9187
181/196 [==========================>...] - ETA: 0s - loss: 0.2428 - accuracy: 0.9183
183/196 [===========================>..] - ETA: 0s - loss: 0.2430 - accuracy: 0.9182
185/196 [===========================>..] - ETA: 0s - loss: 0.2432 - accuracy: 0.9180
188/196 [===========================>..] - ETA: 0s - loss: 0.2438 - accuracy: 0.9177
190/196 [============================>.] - ETA: 0s - loss: 0.2448 - accuracy: 0.9172
192/196 [============================>.] - ETA: 0s - loss: 0.2456 - accuracy: 0.9170
194/196 [============================>.] - ETA: 0s - loss: 0.2461 - accuracy: 0.9167
196/196 [==============================] - ETA: 0s - loss: 0.2459 - accuracy: 0.9168
196/196 [==============================] - 7s 37ms/step - loss: 0.2459 - accuracy: 0.9168 - val_loss: 1.1074 - val_accuracy: 0.6862
Epoch 7/78

  1/196 [..............................] - ETA: 9s - loss: 0.1514 - accuracy: 0.9648
  3/196 [..............................] - ETA: 7s - loss: 0.1582 - accuracy: 0.9466
  5/196 [..............................] - ETA: 6s - loss: 0.1511 - accuracy: 0.9508
  7/196 [>.............................] - ETA: 6s - loss: 0.1615 - accuracy: 0.9481
  9/196 [>.............................] - ETA: 6s - loss: 0.1571 - accuracy: 0.9501
 11/196 [>.............................] - ETA: 6s - loss: 0.1572 - accuracy: 0.9499
 13/196 [>.............................] - ETA: 5s - loss: 0.1572 - accuracy: 0.9501
 15/196 [=>............................] - ETA: 5s - loss: 0.1565 - accuracy: 0.9503
 17/196 [=>............................] - ETA: 5s - loss: 0.1552 - accuracy: 0.9504
 20/196 [==>...........................] - ETA: 5s - loss: 0.1532 - accuracy: 0.9510
 22/196 [==>...........................] - ETA: 5s - loss: 0.1507 - accuracy: 0.9512
 24/196 [==>...........................] - ETA: 5s - loss: 0.1498 - accuracy: 0.9517
 27/196 [===>..........................] - ETA: 5s - loss: 0.1488 - accuracy: 0.9518
 29/196 [===>..........................] - ETA: 5s - loss: 0.1494 - accuracy: 0.9515
 31/196 [===>..........................] - ETA: 5s - loss: 0.1490 - accuracy: 0.9515
 34/196 [====>.........................] - ETA: 4s - loss: 0.1466 - accuracy: 0.9522
 36/196 [====>.........................] - ETA: 4s - loss: 0.1475 - accuracy: 0.9513
 38/196 [====>.........................] - ETA: 4s - loss: 0.1481 - accuracy: 0.9515
 41/196 [=====>........................] - ETA: 4s - loss: 0.1472 - accuracy: 0.9517
 43/196 [=====>........................] - ETA: 4s - loss: 0.1465 - accuracy: 0.9519
 45/196 [=====>........................] - ETA: 4s - loss: 0.1450 - accuracy: 0.9526
 47/196 [======>.......................] - ETA: 4s - loss: 0.1448 - accuracy: 0.9530
 49/196 [======>.......................] - ETA: 4s - loss: 0.1446 - accuracy: 0.9530
 51/196 [======>.......................] - ETA: 4s - loss: 0.1451 - accuracy: 0.9524
 53/196 [=======>......................] - ETA: 4s - loss: 0.1452 - accuracy: 0.9524
 55/196 [=======>......................] - ETA: 4s - loss: 0.1446 - accuracy: 0.9528
 57/196 [=======>......................] - ETA: 4s - loss: 0.1444 - accuracy: 0.9526
 59/196 [========>.....................] - ETA: 4s - loss: 0.1447 - accuracy: 0.9527
 61/196 [========>.....................] - ETA: 4s - loss: 0.1441 - accuracy: 0.9530
 63/196 [========>.....................] - ETA: 4s - loss: 0.1444 - accuracy: 0.9527
 65/196 [========>.....................] - ETA: 4s - loss: 0.1433 - accuracy: 0.9532
 67/196 [=========>....................] - ETA: 4s - loss: 0.1426 - accuracy: 0.9535
 69/196 [=========>....................] - ETA: 3s - loss: 0.1430 - accuracy: 0.9532
 71/196 [=========>....................] - ETA: 3s - loss: 0.1427 - accuracy: 0.9534
 73/196 [==========>...................] - ETA: 3s - loss: 0.1422 - accuracy: 0.9537
 75/196 [==========>...................] - ETA: 3s - loss: 0.1422 - accuracy: 0.9535
 77/196 [==========>...................] - ETA: 3s - loss: 0.1415 - accuracy: 0.9539
 79/196 [===========>..................] - ETA: 3s - loss: 0.1411 - accuracy: 0.9542
 81/196 [===========>..................] - ETA: 3s - loss: 0.1401 - accuracy: 0.9545
 83/196 [===========>..................] - ETA: 3s - loss: 0.1402 - accuracy: 0.9544
 85/196 [============>.................] - ETA: 3s - loss: 0.1401 - accuracy: 0.9547
 87/196 [============>.................] - ETA: 3s - loss: 0.1406 - accuracy: 0.9543
 89/196 [============>.................] - ETA: 3s - loss: 0.1413 - accuracy: 0.9539
 91/196 [============>.................] - ETA: 3s - loss: 0.1418 - accuracy: 0.9536
 93/196 [=============>................] - ETA: 3s - loss: 0.1411 - accuracy: 0.9540
 95/196 [=============>................] - ETA: 3s - loss: 0.1411 - accuracy: 0.9542
 97/196 [=============>................] - ETA: 3s - loss: 0.1411 - accuracy: 0.9541
 99/196 [==============>...............] - ETA: 3s - loss: 0.1412 - accuracy: 0.9542
101/196 [==============>...............] - ETA: 3s - loss: 0.1411 - accuracy: 0.9541
103/196 [==============>...............] - ETA: 2s - loss: 0.1415 - accuracy: 0.9541
105/196 [===============>..............] - ETA: 2s - loss: 0.1414 - accuracy: 0.9540
107/196 [===============>..............] - ETA: 2s - loss: 0.1424 - accuracy: 0.9540
109/196 [===============>..............] - ETA: 2s - loss: 0.1424 - accuracy: 0.9539
112/196 [================>.............] - ETA: 2s - loss: 0.1427 - accuracy: 0.9540
114/196 [================>.............] - ETA: 2s - loss: 0.1424 - accuracy: 0.9539
116/196 [================>.............] - ETA: 2s - loss: 0.1426 - accuracy: 0.9536
119/196 [=================>............] - ETA: 2s - loss: 0.1423 - accuracy: 0.9537
121/196 [=================>............] - ETA: 2s - loss: 0.1426 - accuracy: 0.9534
123/196 [=================>............] - ETA: 2s - loss: 0.1433 - accuracy: 0.9532
126/196 [==================>...........] - ETA: 2s - loss: 0.1436 - accuracy: 0.9532
128/196 [==================>...........] - ETA: 2s - loss: 0.1436 - accuracy: 0.9532
130/196 [==================>...........] - ETA: 2s - loss: 0.1437 - accuracy: 0.9530
133/196 [===================>..........] - ETA: 1s - loss: 0.1436 - accuracy: 0.9531
135/196 [===================>..........] - ETA: 1s - loss: 0.1443 - accuracy: 0.9528
137/196 [===================>..........] - ETA: 1s - loss: 0.1446 - accuracy: 0.9526
140/196 [====================>.........] - ETA: 1s - loss: 0.1454 - accuracy: 0.9521
142/196 [====================>.........] - ETA: 1s - loss: 0.1462 - accuracy: 0.9519
144/196 [=====================>........] - ETA: 1s - loss: 0.1465 - accuracy: 0.9517
146/196 [=====================>........] - ETA: 1s - loss: 0.1466 - accuracy: 0.9517
148/196 [=====================>........] - ETA: 1s - loss: 0.1470 - accuracy: 0.9516
150/196 [=====================>........] - ETA: 1s - loss: 0.1470 - accuracy: 0.9517
152/196 [======================>.......] - ETA: 1s - loss: 0.1476 - accuracy: 0.9514
154/196 [======================>.......] - ETA: 1s - loss: 0.1479 - accuracy: 0.9512
156/196 [======================>.......] - ETA: 1s - loss: 0.1481 - accuracy: 0.9513
158/196 [=======================>......] - ETA: 1s - loss: 0.1482 - accuracy: 0.9511
160/196 [=======================>......] - ETA: 1s - loss: 0.1486 - accuracy: 0.9510
162/196 [=======================>......] - ETA: 1s - loss: 0.1492 - accuracy: 0.9506
164/196 [========================>.....] - ETA: 1s - loss: 0.1499 - accuracy: 0.9504
166/196 [========================>.....] - ETA: 0s - loss: 0.1504 - accuracy: 0.9502
168/196 [========================>.....] - ETA: 0s - loss: 0.1505 - accuracy: 0.9501
170/196 [=========================>....] - ETA: 0s - loss: 0.1513 - accuracy: 0.9498
172/196 [=========================>....] - ETA: 0s - loss: 0.1518 - accuracy: 0.9495
174/196 [=========================>....] - ETA: 0s - loss: 0.1523 - accuracy: 0.9493
177/196 [==========================>...] - ETA: 0s - loss: 0.1527 - accuracy: 0.9492
179/196 [==========================>...] - ETA: 0s - loss: 0.1534 - accuracy: 0.9489
181/196 [==========================>...] - ETA: 0s - loss: 0.1540 - accuracy: 0.9487
183/196 [===========================>..] - ETA: 0s - loss: 0.1552 - accuracy: 0.9482
185/196 [===========================>..] - ETA: 0s - loss: 0.1556 - accuracy: 0.9479
187/196 [===========================>..] - ETA: 0s - loss: 0.1564 - accuracy: 0.9476
189/196 [===========================>..] - ETA: 0s - loss: 0.1567 - accuracy: 0.9475
191/196 [============================>.] - ETA: 0s - loss: 0.1573 - accuracy: 0.9472
193/196 [============================>.] - ETA: 0s - loss: 0.1576 - accuracy: 0.9471
195/196 [============================>.] - ETA: 0s - loss: 0.1578 - accuracy: 0.9470
196/196 [==============================] - 7s 36ms/step - loss: 0.1585 - accuracy: 0.9467 - val_loss: 0.8783 - val_accuracy: 0.7604
Epoch 8/78

  1/196 [..............................] - ETA: 8s - loss: 0.1207 - accuracy: 0.9453
  3/196 [..............................] - ETA: 6s - loss: 0.1146 - accuracy: 0.9596
  5/196 [..............................] - ETA: 6s - loss: 0.1150 - accuracy: 0.9594
  7/196 [>.............................] - ETA: 6s - loss: 0.1160 - accuracy: 0.9604
  9/196 [>.............................] - ETA: 6s - loss: 0.1174 - accuracy: 0.9614
 11/196 [>.............................] - ETA: 6s - loss: 0.1175 - accuracy: 0.9620
 13/196 [>.............................] - ETA: 5s - loss: 0.1199 - accuracy: 0.9615
 15/196 [=>............................] - ETA: 6s - loss: 0.1162 - accuracy: 0.9625
 17/196 [=>............................] - ETA: 5s - loss: 0.1126 - accuracy: 0.9642
 19/196 [=>............................] - ETA: 5s - loss: 0.1130 - accuracy: 0.9634
 21/196 [==>...........................] - ETA: 5s - loss: 0.1122 - accuracy: 0.9635
 23/196 [==>...........................] - ETA: 5s - loss: 0.1153 - accuracy: 0.9626
 25/196 [==>...........................] - ETA: 5s - loss: 0.1123 - accuracy: 0.9642
 27/196 [===>..........................] - ETA: 5s - loss: 0.1110 - accuracy: 0.9647
 29/196 [===>..........................] - ETA: 5s - loss: 0.1097 - accuracy: 0.9651
 31/196 [===>..........................] - ETA: 5s - loss: 0.1111 - accuracy: 0.9652
 33/196 [====>.........................] - ETA: 5s - loss: 0.1090 - accuracy: 0.9659
 35/196 [====>.........................] - ETA: 5s - loss: 0.1079 - accuracy: 0.9663
 37/196 [====>.........................] - ETA: 5s - loss: 0.1054 - accuracy: 0.9675
 39/196 [====>.........................] - ETA: 5s - loss: 0.1040 - accuracy: 0.9678
 41/196 [=====>........................] - ETA: 5s - loss: 0.1040 - accuracy: 0.9676
 43/196 [=====>........................] - ETA: 5s - loss: 0.1027 - accuracy: 0.9681
 45/196 [=====>........................] - ETA: 5s - loss: 0.1021 - accuracy: 0.9684
 47/196 [======>.......................] - ETA: 4s - loss: 0.1029 - accuracy: 0.9682
 49/196 [======>.......................] - ETA: 4s - loss: 0.1032 - accuracy: 0.9681
 51/196 [======>.......................] - ETA: 4s - loss: 0.1021 - accuracy: 0.9686
 53/196 [=======>......................] - ETA: 4s - loss: 0.1013 - accuracy: 0.9686
 55/196 [=======>......................] - ETA: 4s - loss: 0.1007 - accuracy: 0.9690
 57/196 [=======>......................] - ETA: 4s - loss: 0.0999 - accuracy: 0.9693
 59/196 [========>.....................] - ETA: 4s - loss: 0.1012 - accuracy: 0.9686
 62/196 [========>.....................] - ETA: 4s - loss: 0.1007 - accuracy: 0.9688
 64/196 [========>.....................] - ETA: 4s - loss: 0.1008 - accuracy: 0.9688
 66/196 [=========>....................] - ETA: 4s - loss: 0.0998 - accuracy: 0.9691
 68/196 [=========>....................] - ETA: 4s - loss: 0.1002 - accuracy: 0.9688
 71/196 [=========>....................] - ETA: 4s - loss: 0.0995 - accuracy: 0.9690
 73/196 [==========>...................] - ETA: 3s - loss: 0.0989 - accuracy: 0.9693
 75/196 [==========>...................] - ETA: 3s - loss: 0.0987 - accuracy: 0.9695
 78/196 [==========>...................] - ETA: 3s - loss: 0.0984 - accuracy: 0.9696
 80/196 [===========>..................] - ETA: 3s - loss: 0.0984 - accuracy: 0.9695
 82/196 [===========>..................] - ETA: 3s - loss: 0.0976 - accuracy: 0.9698
 85/196 [============>.................] - ETA: 3s - loss: 0.0985 - accuracy: 0.9695
 87/196 [============>.................] - ETA: 3s - loss: 0.0980 - accuracy: 0.9697
 89/196 [============>.................] - ETA: 3s - loss: 0.0979 - accuracy: 0.9697
 91/196 [============>.................] - ETA: 3s - loss: 0.0977 - accuracy: 0.9699
 94/196 [=============>................] - ETA: 3s - loss: 0.0985 - accuracy: 0.9698
 96/196 [=============>................] - ETA: 3s - loss: 0.0986 - accuracy: 0.9695
 98/196 [==============>...............] - ETA: 3s - loss: 0.0992 - accuracy: 0.9693
100/196 [==============>...............] - ETA: 3s - loss: 0.0989 - accuracy: 0.9692
102/196 [==============>...............] - ETA: 2s - loss: 0.0994 - accuracy: 0.9691
104/196 [==============>...............] - ETA: 2s - loss: 0.0996 - accuracy: 0.9690
106/196 [===============>..............] - ETA: 2s - loss: 0.1001 - accuracy: 0.9687
108/196 [===============>..............] - ETA: 2s - loss: 0.1004 - accuracy: 0.9685
110/196 [===============>..............] - ETA: 2s - loss: 0.1008 - accuracy: 0.9683
112/196 [================>.............] - ETA: 2s - loss: 0.1011 - accuracy: 0.9682
114/196 [================>.............] - ETA: 2s - loss: 0.1013 - accuracy: 0.9680
116/196 [================>.............] - ETA: 2s - loss: 0.1013 - accuracy: 0.9680
118/196 [=================>............] - ETA: 2s - loss: 0.1017 - accuracy: 0.9678
120/196 [=================>............] - ETA: 2s - loss: 0.1020 - accuracy: 0.9676
122/196 [=================>............] - ETA: 2s - loss: 0.1018 - accuracy: 0.9676
124/196 [=================>............] - ETA: 2s - loss: 0.1022 - accuracy: 0.9676
126/196 [==================>...........] - ETA: 2s - loss: 0.1021 - accuracy: 0.9676
128/196 [==================>...........] - ETA: 2s - loss: 0.1028 - accuracy: 0.9673
130/196 [==================>...........] - ETA: 2s - loss: 0.1026 - accuracy: 0.9674
132/196 [===================>..........] - ETA: 2s - loss: 0.1027 - accuracy: 0.9674
134/196 [===================>..........] - ETA: 1s - loss: 0.1028 - accuracy: 0.9673
136/196 [===================>..........] - ETA: 1s - loss: 0.1032 - accuracy: 0.9670
138/196 [====================>.........] - ETA: 1s - loss: 0.1028 - accuracy: 0.9671
140/196 [====================>.........] - ETA: 1s - loss: 0.1035 - accuracy: 0.9669
142/196 [====================>.........] - ETA: 1s - loss: 0.1035 - accuracy: 0.9670
144/196 [=====================>........] - ETA: 1s - loss: 0.1037 - accuracy: 0.9670
146/196 [=====================>........] - ETA: 1s - loss: 0.1041 - accuracy: 0.9667
148/196 [=====================>........] - ETA: 1s - loss: 0.1046 - accuracy: 0.9665
150/196 [=====================>........] - ETA: 1s - loss: 0.1048 - accuracy: 0.9665
152/196 [======================>.......] - ETA: 1s - loss: 0.1050 - accuracy: 0.9664
154/196 [======================>.......] - ETA: 1s - loss: 0.1057 - accuracy: 0.9662
156/196 [======================>.......] - ETA: 1s - loss: 0.1060 - accuracy: 0.9661
159/196 [=======================>......] - ETA: 1s - loss: 0.1066 - accuracy: 0.9658
161/196 [=======================>......] - ETA: 1s - loss: 0.1073 - accuracy: 0.9656
163/196 [=======================>......] - ETA: 1s - loss: 0.1076 - accuracy: 0.9655
166/196 [========================>.....] - ETA: 0s - loss: 0.1085 - accuracy: 0.9651
168/196 [========================>.....] - ETA: 0s - loss: 0.1086 - accuracy: 0.9651
171/196 [=========================>....] - ETA: 0s - loss: 0.1096 - accuracy: 0.9648
173/196 [=========================>....] - ETA: 0s - loss: 0.1099 - accuracy: 0.9647
175/196 [=========================>....] - ETA: 0s - loss: 0.1100 - accuracy: 0.9645
178/196 [==========================>...] - ETA: 0s - loss: 0.1101 - accuracy: 0.9646
180/196 [==========================>...] - ETA: 0s - loss: 0.1104 - accuracy: 0.9643
182/196 [==========================>...] - ETA: 0s - loss: 0.1105 - accuracy: 0.9644
185/196 [===========================>..] - ETA: 0s - loss: 0.1106 - accuracy: 0.9644
187/196 [===========================>..] - ETA: 0s - loss: 0.1111 - accuracy: 0.9642
189/196 [===========================>..] - ETA: 0s - loss: 0.1115 - accuracy: 0.9640
191/196 [============================>.] - ETA: 0s - loss: 0.1116 - accuracy: 0.9639
193/196 [============================>.] - ETA: 0s - loss: 0.1125 - accuracy: 0.9637
195/196 [============================>.] - ETA: 0s - loss: 0.1131 - accuracy: 0.9635
196/196 [==============================] - 7s 37ms/step - loss: 0.1132 - accuracy: 0.9634 - val_loss: 0.9077 - val_accuracy: 0.7616
Epoch 9/78

  1/196 [..............................] - ETA: 7s - loss: 0.0553 - accuracy: 0.9883
  3/196 [..............................] - ETA: 6s - loss: 0.0825 - accuracy: 0.9753
  5/196 [..............................] - ETA: 6s - loss: 0.0823 - accuracy: 0.9734
  7/196 [>.............................] - ETA: 6s - loss: 0.0854 - accuracy: 0.9727
  9/196 [>.............................] - ETA: 6s - loss: 0.0878 - accuracy: 0.9709
 11/196 [>.............................] - ETA: 6s - loss: 0.0917 - accuracy: 0.9702
 14/196 [=>............................] - ETA: 5s - loss: 0.0901 - accuracy: 0.9701
 16/196 [=>............................] - ETA: 5s - loss: 0.0907 - accuracy: 0.9688
 18/196 [=>............................] - ETA: 5s - loss: 0.0896 - accuracy: 0.9690
 21/196 [==>...........................] - ETA: 5s - loss: 0.0887 - accuracy: 0.9699
 23/196 [==>...........................] - ETA: 5s - loss: 0.0889 - accuracy: 0.9701
 25/196 [==>...........................] - ETA: 5s - loss: 0.0892 - accuracy: 0.9700
 27/196 [===>..........................] - ETA: 5s - loss: 0.0866 - accuracy: 0.9711
 30/196 [===>..........................] - ETA: 5s - loss: 0.0841 - accuracy: 0.9719
 32/196 [===>..........................] - ETA: 4s - loss: 0.0843 - accuracy: 0.9719
 35/196 [====>.........................] - ETA: 4s - loss: 0.0842 - accuracy: 0.9722
 37/196 [====>.........................] - ETA: 4s - loss: 0.0837 - accuracy: 0.9726
 39/196 [====>.........................] - ETA: 4s - loss: 0.0821 - accuracy: 0.9731
 42/196 [=====>........................] - ETA: 4s - loss: 0.0822 - accuracy: 0.9731
 44/196 [=====>........................] - ETA: 4s - loss: 0.0820 - accuracy: 0.9731
 46/196 [======>.......................] - ETA: 4s - loss: 0.0824 - accuracy: 0.9732
 48/196 [======>.......................] - ETA: 4s - loss: 0.0814 - accuracy: 0.9735
 50/196 [======>.......................] - ETA: 4s - loss: 0.0806 - accuracy: 0.9737
 53/196 [=======>......................] - ETA: 4s - loss: 0.0803 - accuracy: 0.9739
 55/196 [=======>......................] - ETA: 4s - loss: 0.0802 - accuracy: 0.9739
 57/196 [=======>......................] - ETA: 4s - loss: 0.0804 - accuracy: 0.9738
 59/196 [========>.....................] - ETA: 4s - loss: 0.0802 - accuracy: 0.9737
 61/196 [========>.....................] - ETA: 4s - loss: 0.0802 - accuracy: 0.9739
 63/196 [========>.....................] - ETA: 4s - loss: 0.0804 - accuracy: 0.9737
 65/196 [========>.....................] - ETA: 4s - loss: 0.0808 - accuracy: 0.9736
 67/196 [=========>....................] - ETA: 3s - loss: 0.0810 - accuracy: 0.9736
 69/196 [=========>....................] - ETA: 3s - loss: 0.0808 - accuracy: 0.9738
 71/196 [=========>....................] - ETA: 3s - loss: 0.0808 - accuracy: 0.9737
 73/196 [==========>...................] - ETA: 3s - loss: 0.0802 - accuracy: 0.9740
 75/196 [==========>...................] - ETA: 3s - loss: 0.0794 - accuracy: 0.9743
 77/196 [==========>...................] - ETA: 3s - loss: 0.0789 - accuracy: 0.9746
 79/196 [===========>..................] - ETA: 3s - loss: 0.0789 - accuracy: 0.9746
 81/196 [===========>..................] - ETA: 3s - loss: 0.0796 - accuracy: 0.9743
 83/196 [===========>..................] - ETA: 3s - loss: 0.0792 - accuracy: 0.9746
 85/196 [============>.................] - ETA: 3s - loss: 0.0792 - accuracy: 0.9744
 87/196 [============>.................] - ETA: 3s - loss: 0.0791 - accuracy: 0.9742
 89/196 [============>.................] - ETA: 3s - loss: 0.0789 - accuracy: 0.9745
 91/196 [============>.................] - ETA: 3s - loss: 0.0784 - accuracy: 0.9749
 93/196 [=============>................] - ETA: 3s - loss: 0.0783 - accuracy: 0.9750
 95/196 [=============>................] - ETA: 3s - loss: 0.0786 - accuracy: 0.9748
 97/196 [=============>................] - ETA: 3s - loss: 0.0791 - accuracy: 0.9748
 99/196 [==============>...............] - ETA: 3s - loss: 0.0792 - accuracy: 0.9747
101/196 [==============>...............] - ETA: 3s - loss: 0.0795 - accuracy: 0.9745
103/196 [==============>...............] - ETA: 2s - loss: 0.0794 - accuracy: 0.9747
105/196 [===============>..............] - ETA: 2s - loss: 0.0790 - accuracy: 0.9748
108/196 [===============>..............] - ETA: 2s - loss: 0.0794 - accuracy: 0.9747
110/196 [===============>..............] - ETA: 2s - loss: 0.0794 - accuracy: 0.9747
112/196 [================>.............] - ETA: 2s - loss: 0.0796 - accuracy: 0.9746
115/196 [================>.............] - ETA: 2s - loss: 0.0797 - accuracy: 0.9745
117/196 [================>.............] - ETA: 2s - loss: 0.0795 - accuracy: 0.9747
119/196 [=================>............] - ETA: 2s - loss: 0.0797 - accuracy: 0.9746
121/196 [=================>............] - ETA: 2s - loss: 0.0795 - accuracy: 0.9747
123/196 [=================>............] - ETA: 2s - loss: 0.0796 - accuracy: 0.9746
126/196 [==================>...........] - ETA: 2s - loss: 0.0809 - accuracy: 0.9740
128/196 [==================>...........] - ETA: 2s - loss: 0.0811 - accuracy: 0.9739
130/196 [==================>...........] - ETA: 2s - loss: 0.0813 - accuracy: 0.9738
133/196 [===================>..........] - ETA: 1s - loss: 0.0815 - accuracy: 0.9737
135/196 [===================>..........] - ETA: 1s - loss: 0.0817 - accuracy: 0.9737
137/196 [===================>..........] - ETA: 1s - loss: 0.0820 - accuracy: 0.9736
139/196 [====================>.........] - ETA: 1s - loss: 0.0821 - accuracy: 0.9736
141/196 [====================>.........] - ETA: 1s - loss: 0.0825 - accuracy: 0.9736
143/196 [====================>.........] - ETA: 1s - loss: 0.0823 - accuracy: 0.9737
145/196 [=====================>........] - ETA: 1s - loss: 0.0826 - accuracy: 0.9735
147/196 [=====================>........] - ETA: 1s - loss: 0.0830 - accuracy: 0.9732
149/196 [=====================>........] - ETA: 1s - loss: 0.0835 - accuracy: 0.9731
151/196 [======================>.......] - ETA: 1s - loss: 0.0838 - accuracy: 0.9730
153/196 [======================>.......] - ETA: 1s - loss: 0.0839 - accuracy: 0.9730
155/196 [======================>.......] - ETA: 1s - loss: 0.0846 - accuracy: 0.9728
157/196 [=======================>......] - ETA: 1s - loss: 0.0852 - accuracy: 0.9725
159/196 [=======================>......] - ETA: 1s - loss: 0.0858 - accuracy: 0.9723
161/196 [=======================>......] - ETA: 1s - loss: 0.0865 - accuracy: 0.9721
163/196 [=======================>......] - ETA: 1s - loss: 0.0868 - accuracy: 0.9720
165/196 [========================>.....] - ETA: 0s - loss: 0.0870 - accuracy: 0.9718
167/196 [========================>.....] - ETA: 0s - loss: 0.0870 - accuracy: 0.9718
169/196 [========================>.....] - ETA: 0s - loss: 0.0874 - accuracy: 0.9716
171/196 [=========================>....] - ETA: 0s - loss: 0.0878 - accuracy: 0.9714
173/196 [=========================>....] - ETA: 0s - loss: 0.0880 - accuracy: 0.9713
175/196 [=========================>....] - ETA: 0s - loss: 0.0880 - accuracy: 0.9712
177/196 [==========================>...] - ETA: 0s - loss: 0.0881 - accuracy: 0.9712
179/196 [==========================>...] - ETA: 0s - loss: 0.0887 - accuracy: 0.9710
181/196 [==========================>...] - ETA: 0s - loss: 0.0887 - accuracy: 0.9710
183/196 [===========================>..] - ETA: 0s - loss: 0.0891 - accuracy: 0.9709
185/196 [===========================>..] - ETA: 0s - loss: 0.0893 - accuracy: 0.9708
187/196 [===========================>..] - ETA: 0s - loss: 0.0895 - accuracy: 0.9708
189/196 [===========================>..] - ETA: 0s - loss: 0.0898 - accuracy: 0.9706
191/196 [============================>.] - ETA: 0s - loss: 0.0901 - accuracy: 0.9706
193/196 [============================>.] - ETA: 0s - loss: 0.0902 - accuracy: 0.9706
195/196 [============================>.] - ETA: 0s - loss: 0.0905 - accuracy: 0.9706
196/196 [==============================] - 7s 36ms/step - loss: 0.0904 - accuracy: 0.9706 - val_loss: 1.0685 - val_accuracy: 0.7488
Epoch 9: early stopping

  1/313 [..............................] - ETA: 4s - loss: 0.6921 - accuracy: 0.7500
 19/313 [>.............................] - ETA: 1s - loss: 1.1162 - accuracy: 0.7401
 38/313 [==>...........................] - ETA: 0s - loss: 1.0471 - accuracy: 0.7549
 57/313 [====>.........................] - ETA: 0s - loss: 1.0728 - accuracy: 0.7473
 75/313 [======>.......................] - ETA: 0s - loss: 1.1031 - accuracy: 0.7404
 95/313 [========>.....................] - ETA: 0s - loss: 1.0915 - accuracy: 0.7431
114/313 [=========>....................] - ETA: 0s - loss: 1.0936 - accuracy: 0.7442
133/313 [===========>..................] - ETA: 0s - loss: 1.0770 - accuracy: 0.7474
151/313 [=============>................] - ETA: 0s - loss: 1.0711 - accuracy: 0.7490
171/313 [===============>..............] - ETA: 0s - loss: 1.0763 - accuracy: 0.7489
188/313 [=================>............] - ETA: 0s - loss: 1.0768 - accuracy: 0.7480
207/313 [==================>...........] - ETA: 0s - loss: 1.0657 - accuracy: 0.7498
226/313 [====================>.........] - ETA: 0s - loss: 1.0804 - accuracy: 0.7464
244/313 [======================>.......] - ETA: 0s - loss: 1.0779 - accuracy: 0.7464
261/313 [========================>.....] - ETA: 0s - loss: 1.0760 - accuracy: 0.7478
281/313 [=========================>....] - ETA: 0s - loss: 1.0764 - accuracy: 0.7474
299/313 [===========================>..] - ETA: 0s - loss: 1.0689 - accuracy: 0.7491
313/313 [==============================] - 1s 3ms/step - loss: 1.0685 - accuracy: 0.7488
