2024-07-26 11:21:06.604886: I tensorflow/core/platform/cpu_feature_guard.cc:193] This TensorFlow binary is optimized with oneAPI Deep Neural Network Library (oneDNN) to use the following CPU instructions in performance-critical operations:  AVX AVX2
To enable them in other operations, rebuild TensorFlow with the appropriate compiler flags.
2024-07-26 11:21:07.792581: I tensorflow/core/common_runtime/gpu/gpu_device.cc:1616] Created device /job:localhost/replica:0/task:0/device:GPU:0 with 6656 MB memory:  -> device: 0, name: NVIDIA GeForce RTX 4060 Ti, pci bus id: 0000:01:00.0, compute capability: 8.9
1 Physical GPUs, 1 Logical GPUs
Model: "sequential"
_________________________________________________________________
 Layer (type)                Output Shape              Param #   
=================================================================
 conv2d (Conv2D)             (None, 32, 32, 32)        896       
                                                                 
 max_pooling2d (MaxPooling2D  (None, 16, 16, 32)       0         
 )                                                               
                                                                 
 batch_normalization (BatchN  (None, 16, 16, 32)       128       
 ormalization)                                                   
                                                                 
 dropout (Dropout)           (None, 16, 16, 32)        0         
                                                                 
 flatten (Flatten)           (None, 8192)              0         
                                                                 
 dense (Dense)               (None, 10)                81930     
                                                                 
=================================================================
Total params: 82,954
Trainable params: 82,890
Non-trainable params: 64
_________________________________________________________________
Taxa de aprendizado:  0.1 Num de épocas:  121 Tamanho do lote:  64 Dropout:  0.21
Epoch 1/121
2024-07-26 11:21:09.843349: I tensorflow/stream_executor/cuda/cuda_dnn.cc:384] Loaded cuDNN version 8100
2024-07-26 11:21:11.533428: W tensorflow/stream_executor/gpu/redzone_allocator.cc:314] INTERNAL: ptxas exited with non-zero error code -1, output: 
Relying on driver to perform ptx compilation. 
Modify $PATH to customize ptxas location.
This message will be only logged once.
2024-07-26 11:21:13.182690: I tensorflow/stream_executor/cuda/cuda_blas.cc:1614] TensorFloat-32 will be used for the matrix multiplication. This will only be logged once.

  1/782 [..............................] - ETA: 1:11:24 - loss: 2.7104 - accuracy: 0.0938
 12/782 [..............................] - ETA: 4s - loss: 56.9494 - accuracy: 0.1484    
 25/782 [..............................] - ETA: 3s - loss: 40.3722 - accuracy: 0.1437
 38/782 [>.............................] - ETA: 3s - loss: 31.2046 - accuracy: 0.1517
 46/782 [>.............................] - ETA: 4s - loss: 27.3339 - accuracy: 0.1592
 58/782 [=>............................] - ETA: 4s - loss: 22.9512 - accuracy: 0.1640
 70/782 [=>............................] - ETA: 4s - loss: 19.7588 - accuracy: 0.1661
 82/782 [==>...........................] - ETA: 3s - loss: 17.3425 - accuracy: 0.1662
 95/782 [==>...........................] - ETA: 3s - loss: 15.2901 - accuracy: 0.1734
108/782 [===>..........................] - ETA: 3s - loss: 13.7270 - accuracy: 0.1763
120/782 [===>..........................] - ETA: 3s - loss: 12.5600 - accuracy: 0.1857
133/782 [====>.........................] - ETA: 3s - loss: 11.5477 - accuracy: 0.1877
145/782 [====>.........................] - ETA: 3s - loss: 10.7737 - accuracy: 0.1943
158/782 [=====>........................] - ETA: 3s - loss: 10.0642 - accuracy: 0.1988
170/782 [=====>........................] - ETA: 3s - loss: 9.5003 - accuracy: 0.2047 
183/782 [======>.......................] - ETA: 3s - loss: 8.9800 - accuracy: 0.2083
196/782 [======>.......................] - ETA: 3s - loss: 8.5223 - accuracy: 0.2131
208/782 [======>.......................] - ETA: 2s - loss: 8.1477 - accuracy: 0.2167
221/782 [=======>......................] - ETA: 2s - loss: 7.7826 - accuracy: 0.2225
234/782 [=======>......................] - ETA: 2s - loss: 7.4617 - accuracy: 0.2276
246/782 [========>.....................] - ETA: 2s - loss: 7.1946 - accuracy: 0.2315
259/782 [========>.....................] - ETA: 2s - loss: 6.9317 - accuracy: 0.2362
271/782 [=========>....................] - ETA: 2s - loss: 6.7149 - accuracy: 0.2395
283/782 [=========>....................] - ETA: 2s - loss: 6.5197 - accuracy: 0.2416
296/782 [==========>...................] - ETA: 2s - loss: 6.3194 - accuracy: 0.2437
308/782 [==========>...................] - ETA: 2s - loss: 6.1445 - accuracy: 0.2483
321/782 [===========>..................] - ETA: 2s - loss: 5.9717 - accuracy: 0.2526
334/782 [===========>..................] - ETA: 2s - loss: 5.8145 - accuracy: 0.2547
346/782 [============>.................] - ETA: 2s - loss: 5.6804 - accuracy: 0.2572
359/782 [============>.................] - ETA: 2s - loss: 5.5446 - accuracy: 0.2596
372/782 [=============>................] - ETA: 2s - loss: 5.4188 - accuracy: 0.2630
384/782 [=============>................] - ETA: 2s - loss: 5.3105 - accuracy: 0.2649
397/782 [==============>...............] - ETA: 1s - loss: 5.2032 - accuracy: 0.2660
409/782 [==============>...............] - ETA: 1s - loss: 5.1068 - accuracy: 0.2682
422/782 [===============>..............] - ETA: 1s - loss: 5.0110 - accuracy: 0.2699
435/782 [===============>..............] - ETA: 1s - loss: 4.9220 - accuracy: 0.2712
448/782 [================>.............] - ETA: 1s - loss: 4.8354 - accuracy: 0.2738
460/782 [================>.............] - ETA: 1s - loss: 4.7620 - accuracy: 0.2758
473/782 [=================>............] - ETA: 1s - loss: 4.6834 - accuracy: 0.2772
485/782 [=================>............] - ETA: 1s - loss: 4.6159 - accuracy: 0.2785
497/782 [==================>...........] - ETA: 1s - loss: 4.5512 - accuracy: 0.2802
510/782 [==================>...........] - ETA: 1s - loss: 4.4834 - accuracy: 0.2816
523/782 [===================>..........] - ETA: 1s - loss: 4.4177 - accuracy: 0.2838
536/782 [===================>..........] - ETA: 1s - loss: 4.3565 - accuracy: 0.2849
548/782 [====================>.........] - ETA: 1s - loss: 4.3018 - accuracy: 0.2867
561/782 [====================>.........] - ETA: 1s - loss: 4.2464 - accuracy: 0.2874
573/782 [====================>.........] - ETA: 1s - loss: 4.1988 - accuracy: 0.2889
585/782 [=====================>........] - ETA: 0s - loss: 4.1523 - accuracy: 0.2899
598/782 [=====================>........] - ETA: 0s - loss: 4.1037 - accuracy: 0.2905
611/782 [======================>.......] - ETA: 0s - loss: 4.0597 - accuracy: 0.2910
623/782 [======================>.......] - ETA: 0s - loss: 4.0219 - accuracy: 0.2917
636/782 [=======================>......] - ETA: 0s - loss: 3.9823 - accuracy: 0.2921
649/782 [=======================>......] - ETA: 0s - loss: 3.9437 - accuracy: 0.2927
661/782 [========================>.....] - ETA: 0s - loss: 3.9146 - accuracy: 0.2931
674/782 [========================>.....] - ETA: 0s - loss: 3.8864 - accuracy: 0.2934
686/782 [=========================>....] - ETA: 0s - loss: 3.8589 - accuracy: 0.2938
698/782 [=========================>....] - ETA: 0s - loss: 3.8361 - accuracy: 0.2939
711/782 [==========================>...] - ETA: 0s - loss: 3.8131 - accuracy: 0.2942
724/782 [==========================>...] - ETA: 0s - loss: 3.8174 - accuracy: 0.2939
736/782 [===========================>..] - ETA: 0s - loss: 4.0787 - accuracy: 0.2926
748/782 [===========================>..] - ETA: 0s - loss: 5.4271 - accuracy: 0.2912
761/782 [============================>.] - ETA: 0s - loss: 7.7036 - accuracy: 0.2894
774/782 [============================>.] - ETA: 0s - loss: 11.0261 - accuracy: 0.2869
782/782 [==============================] - 11s 7ms/step - loss: 12.2946 - accuracy: 0.2862 - val_loss: 359.2365 - val_accuracy: 0.1607
Epoch 2/121

  1/782 [..............................] - ETA: 12s - loss: 103.5445 - accuracy: 0.2656
 14/782 [..............................] - ETA: 3s - loss: 104.5555 - accuracy: 0.2054 
 25/782 [..............................] - ETA: 3s - loss: 95.5753 - accuracy: 0.2169 
 38/782 [>.............................] - ETA: 3s - loss: 78.9485 - accuracy: 0.2167
 51/782 [>.............................] - ETA: 3s - loss: 67.0680 - accuracy: 0.2258
 63/782 [=>............................] - ETA: 3s - loss: 59.5112 - accuracy: 0.2314
 76/782 [=>............................] - ETA: 3s - loss: 51.9643 - accuracy: 0.2282
 87/782 [==>...........................] - ETA: 3s - loss: 46.7726 - accuracy: 0.2295
100/782 [==>...........................] - ETA: 3s - loss: 42.0082 - accuracy: 0.2367
114/782 [===>..........................] - ETA: 3s - loss: 38.0570 - accuracy: 0.2360
127/782 [===>..........................] - ETA: 3s - loss: 34.7996 - accuracy: 0.2362
139/782 [====>.........................] - ETA: 3s - loss: 32.1675 - accuracy: 0.2375
152/782 [====>.........................] - ETA: 3s - loss: 29.6944 - accuracy: 0.2404
164/782 [=====>........................] - ETA: 3s - loss: 27.8324 - accuracy: 0.2445
177/782 [=====>........................] - ETA: 3s - loss: 26.0072 - accuracy: 0.2461
189/782 [======>.......................] - ETA: 2s - loss: 24.5378 - accuracy: 0.2491
201/782 [======>.......................] - ETA: 2s - loss: 23.2284 - accuracy: 0.2512
214/782 [=======>......................] - ETA: 2s - loss: 21.9562 - accuracy: 0.2564
227/782 [=======>......................] - ETA: 2s - loss: 20.8182 - accuracy: 0.2586
240/782 [========>.....................] - ETA: 2s - loss: 19.8023 - accuracy: 0.2624
252/782 [========>.....................] - ETA: 2s - loss: 18.9878 - accuracy: 0.2628
262/782 [=========>....................] - ETA: 2s - loss: 18.3506 - accuracy: 0.2655
275/782 [=========>....................] - ETA: 2s - loss: 17.5827 - accuracy: 0.2674
288/782 [==========>...................] - ETA: 2s - loss: 16.8899 - accuracy: 0.2692
300/782 [==========>...................] - ETA: 2s - loss: 16.3060 - accuracy: 0.2699
312/782 [==========>...................] - ETA: 2s - loss: 15.7731 - accuracy: 0.2722
326/782 [===========>..................] - ETA: 2s - loss: 15.1823 - accuracy: 0.2751
338/782 [===========>..................] - ETA: 2s - loss: 14.7185 - accuracy: 0.2761
351/782 [============>.................] - ETA: 2s - loss: 14.2472 - accuracy: 0.2777
364/782 [============>.................] - ETA: 2s - loss: 13.8082 - accuracy: 0.2797
376/782 [=============>................] - ETA: 2s - loss: 13.4278 - accuracy: 0.2823
377/782 [=============>................] - ETA: 2s - loss: 13.3973 - accuracy: 0.2824
389/782 [=============>................] - ETA: 1s - loss: 13.0416 - accuracy: 0.2844
402/782 [==============>...............] - ETA: 1s - loss: 12.6902 - accuracy: 0.2854
414/782 [==============>...............] - ETA: 1s - loss: 12.3844 - accuracy: 0.2861
427/782 [===============>..............] - ETA: 1s - loss: 12.0678 - accuracy: 0.2889
439/782 [===============>..............] - ETA: 1s - loss: 11.7942 - accuracy: 0.2896
451/782 [================>.............] - ETA: 1s - loss: 11.5325 - accuracy: 0.2916
464/782 [================>.............] - ETA: 1s - loss: 11.2657 - accuracy: 0.2929
476/782 [=================>............] - ETA: 1s - loss: 11.0330 - accuracy: 0.2926
489/782 [=================>............] - ETA: 1s - loss: 10.7947 - accuracy: 0.2938
501/782 [==================>...........] - ETA: 1s - loss: 10.5870 - accuracy: 0.2944
514/782 [==================>...........] - ETA: 1s - loss: 10.3684 - accuracy: 0.2949
526/782 [===================>..........] - ETA: 1s - loss: 10.1768 - accuracy: 0.2949
540/782 [===================>..........] - ETA: 1s - loss: 9.9621 - accuracy: 0.2969 
552/782 [====================>.........] - ETA: 1s - loss: 9.7893 - accuracy: 0.2974
565/782 [====================>.........] - ETA: 1s - loss: 9.6120 - accuracy: 0.2974
577/782 [=====================>........] - ETA: 1s - loss: 9.4525 - accuracy: 0.2979
590/782 [=====================>........] - ETA: 0s - loss: 9.2865 - accuracy: 0.2990
603/782 [======================>.......] - ETA: 0s - loss: 9.1303 - accuracy: 0.2995
616/782 [======================>.......] - ETA: 0s - loss: 8.9772 - accuracy: 0.3004
628/782 [=======================>......] - ETA: 0s - loss: 8.8418 - accuracy: 0.3011
641/782 [=======================>......] - ETA: 0s - loss: 8.7035 - accuracy: 0.3015
653/782 [========================>.....] - ETA: 0s - loss: 8.5803 - accuracy: 0.3026
666/782 [========================>.....] - ETA: 0s - loss: 8.4528 - accuracy: 0.3028
678/782 [=========================>....] - ETA: 0s - loss: 8.3381 - accuracy: 0.3033
691/782 [=========================>....] - ETA: 0s - loss: 8.2177 - accuracy: 0.3038
703/782 [=========================>....] - ETA: 0s - loss: 8.1090 - accuracy: 0.3048
716/782 [==========================>...] - ETA: 0s - loss: 7.9987 - accuracy: 0.3047
729/782 [==========================>...] - ETA: 0s - loss: 7.8907 - accuracy: 0.3054
742/782 [===========================>..] - ETA: 0s - loss: 7.7842 - accuracy: 0.3061
756/782 [============================>.] - ETA: 0s - loss: 7.6742 - accuracy: 0.3072
768/782 [============================>.] - ETA: 0s - loss: 7.5838 - accuracy: 0.3079
781/782 [============================>.] - ETA: 0s - loss: 7.4877 - accuracy: 0.3091
782/782 [==============================] - 5s 6ms/step - loss: 7.4802 - accuracy: 0.3094 - val_loss: 1.8786 - val_accuracy: 0.3933
Epoch 3/121

  1/782 [..............................] - ETA: 12s - loss: 2.1664 - accuracy: 0.3750
 12/782 [..............................] - ETA: 4s - loss: 1.9523 - accuracy: 0.3529 
 24/782 [..............................] - ETA: 4s - loss: 1.9717 - accuracy: 0.3451
 36/782 [>.............................] - ETA: 3s - loss: 1.9601 - accuracy: 0.3420
 49/782 [>.............................] - ETA: 3s - loss: 1.9637 - accuracy: 0.3441
 62/782 [=>............................] - ETA: 3s - loss: 1.9841 - accuracy: 0.3415
 73/782 [=>............................] - ETA: 3s - loss: 2.0032 - accuracy: 0.3401
 86/782 [==>...........................] - ETA: 3s - loss: 2.0410 - accuracy: 0.3374
 99/782 [==>...........................] - ETA: 3s - loss: 2.0295 - accuracy: 0.3370
111/782 [===>..........................] - ETA: 3s - loss: 2.0284 - accuracy: 0.3364
124/782 [===>..........................] - ETA: 3s - loss: 2.0244 - accuracy: 0.3359
137/782 [====>.........................] - ETA: 3s - loss: 2.0166 - accuracy: 0.3361
149/782 [====>.........................] - ETA: 3s - loss: 1.9961 - accuracy: 0.3388
163/782 [=====>........................] - ETA: 3s - loss: 1.9791 - accuracy: 0.3419
175/782 [=====>........................] - ETA: 3s - loss: 1.9726 - accuracy: 0.3438
188/782 [======>.......................] - ETA: 2s - loss: 1.9688 - accuracy: 0.3455
200/782 [======>.......................] - ETA: 2s - loss: 1.9515 - accuracy: 0.3504
213/782 [=======>......................] - ETA: 2s - loss: 1.9421 - accuracy: 0.3514
226/782 [=======>......................] - ETA: 2s - loss: 1.9362 - accuracy: 0.3507
239/782 [========>.....................] - ETA: 2s - loss: 1.9457 - accuracy: 0.3496
251/782 [========>.....................] - ETA: 2s - loss: 1.9413 - accuracy: 0.3486
264/782 [=========>....................] - ETA: 2s - loss: 1.9408 - accuracy: 0.3492
277/782 [=========>....................] - ETA: 2s - loss: 1.9407 - accuracy: 0.3485
290/782 [==========>...................] - ETA: 2s - loss: 1.9443 - accuracy: 0.3482
302/782 [==========>...................] - ETA: 2s - loss: 1.9495 - accuracy: 0.3462
314/782 [===========>..................] - ETA: 2s - loss: 1.9483 - accuracy: 0.3445
327/782 [===========>..................] - ETA: 2s - loss: 1.9490 - accuracy: 0.3447
340/782 [============>.................] - ETA: 2s - loss: 1.9467 - accuracy: 0.3450
352/782 [============>.................] - ETA: 2s - loss: 1.9413 - accuracy: 0.3460
364/782 [============>.................] - ETA: 2s - loss: 1.9398 - accuracy: 0.3461
376/782 [=============>................] - ETA: 2s - loss: 1.9395 - accuracy: 0.3458
390/782 [=============>................] - ETA: 1s - loss: 1.9356 - accuracy: 0.3460
402/782 [==============>...............] - ETA: 1s - loss: 1.9358 - accuracy: 0.3467
414/782 [==============>...............] - ETA: 1s - loss: 1.9351 - accuracy: 0.3468
427/782 [===============>..............] - ETA: 1s - loss: 1.9356 - accuracy: 0.3473
439/782 [===============>..............] - ETA: 1s - loss: 1.9394 - accuracy: 0.3463
451/782 [================>.............] - ETA: 1s - loss: 1.9426 - accuracy: 0.3457
465/782 [================>.............] - ETA: 1s - loss: 1.9429 - accuracy: 0.3452
477/782 [=================>............] - ETA: 1s - loss: 1.9426 - accuracy: 0.3451
490/782 [=================>............] - ETA: 1s - loss: 1.9435 - accuracy: 0.3448
502/782 [==================>...........] - ETA: 1s - loss: 1.9437 - accuracy: 0.3444
514/782 [==================>...........] - ETA: 1s - loss: 1.9441 - accuracy: 0.3439
526/782 [===================>..........] - ETA: 1s - loss: 1.9450 - accuracy: 0.3445
539/782 [===================>..........] - ETA: 1s - loss: 1.9456 - accuracy: 0.3439
551/782 [====================>.........] - ETA: 1s - loss: 1.9450 - accuracy: 0.3442
564/782 [====================>.........] - ETA: 1s - loss: 1.9455 - accuracy: 0.3440
577/782 [=====================>........] - ETA: 1s - loss: 1.9445 - accuracy: 0.3441
590/782 [=====================>........] - ETA: 0s - loss: 1.9431 - accuracy: 0.3441
603/782 [======================>.......] - ETA: 0s - loss: 1.9419 - accuracy: 0.3445
616/782 [======================>.......] - ETA: 0s - loss: 1.9409 - accuracy: 0.3452
629/782 [=======================>......] - ETA: 0s - loss: 1.9388 - accuracy: 0.3456
642/782 [=======================>......] - ETA: 0s - loss: 1.9401 - accuracy: 0.3456
654/782 [========================>.....] - ETA: 0s - loss: 1.9402 - accuracy: 0.3452
666/782 [========================>.....] - ETA: 0s - loss: 1.9443 - accuracy: 0.3448
679/782 [=========================>....] - ETA: 0s - loss: 1.9490 - accuracy: 0.3440
691/782 [=========================>....] - ETA: 0s - loss: 1.9494 - accuracy: 0.3441
704/782 [==========================>...] - ETA: 0s - loss: 1.9496 - accuracy: 0.3440
717/782 [==========================>...] - ETA: 0s - loss: 1.9500 - accuracy: 0.3437
731/782 [===========================>..] - ETA: 0s - loss: 1.9479 - accuracy: 0.3443
743/782 [===========================>..] - ETA: 0s - loss: 1.9486 - accuracy: 0.3440
755/782 [===========================>..] - ETA: 0s - loss: 1.9472 - accuracy: 0.3440
768/782 [============================>.] - ETA: 0s - loss: 1.9465 - accuracy: 0.3440
781/782 [============================>.] - ETA: 0s - loss: 1.9489 - accuracy: 0.3440
782/782 [==============================] - 5s 6ms/step - loss: 1.9491 - accuracy: 0.3440 - val_loss: 1.7014 - val_accuracy: 0.4061
Epoch 4/121

  1/782 [..............................] - ETA: 12s - loss: 1.5952 - accuracy: 0.4375
 13/782 [..............................] - ETA: 4s - loss: 1.8864 - accuracy: 0.3654 
 26/782 [..............................] - ETA: 3s - loss: 1.9441 - accuracy: 0.3624
 39/782 [>.............................] - ETA: 3s - loss: 1.9153 - accuracy: 0.3574
 52/782 [>.............................] - ETA: 3s - loss: 1.9230 - accuracy: 0.3516
 64/782 [=>............................] - ETA: 3s - loss: 1.9048 - accuracy: 0.3555
 77/782 [=>............................] - ETA: 3s - loss: 1.8868 - accuracy: 0.3582
 89/782 [==>...........................] - ETA: 3s - loss: 1.8916 - accuracy: 0.3613
105/782 [===>..........................] - ETA: 3s - loss: 1.9417 - accuracy: 0.3539
121/782 [===>..........................] - ETA: 3s - loss: 1.9320 - accuracy: 0.3549
136/782 [====>.........................] - ETA: 2s - loss: 1.9273 - accuracy: 0.3535
152/782 [====>.........................] - ETA: 2s - loss: 1.9367 - accuracy: 0.3501
166/782 [=====>........................] - ETA: 2s - loss: 1.9480 - accuracy: 0.3473
182/782 [=====>........................] - ETA: 2s - loss: 1.9617 - accuracy: 0.3467
196/782 [======>.......................] - ETA: 2s - loss: 1.9694 - accuracy: 0.3458
212/782 [=======>......................] - ETA: 2s - loss: 1.9768 - accuracy: 0.3468
227/782 [=======>......................] - ETA: 2s - loss: 1.9723 - accuracy: 0.3477
242/782 [========>.....................] - ETA: 2s - loss: 1.9741 - accuracy: 0.3482
256/782 [========>.....................] - ETA: 2s - loss: 1.9741 - accuracy: 0.3475
272/782 [=========>....................] - ETA: 2s - loss: 1.9758 - accuracy: 0.3485
287/782 [==========>...................] - ETA: 2s - loss: 1.9714 - accuracy: 0.3489
302/782 [==========>...................] - ETA: 2s - loss: 1.9691 - accuracy: 0.3507
316/782 [===========>..................] - ETA: 2s - loss: 1.9657 - accuracy: 0.3511
331/782 [===========>..................] - ETA: 1s - loss: 1.9734 - accuracy: 0.3514
346/782 [============>.................] - ETA: 1s - loss: 1.9851 - accuracy: 0.3503
360/782 [============>.................] - ETA: 1s - loss: 1.9855 - accuracy: 0.3496
376/782 [=============>................] - ETA: 1s - loss: 1.9867 - accuracy: 0.3499
392/782 [==============>...............] - ETA: 1s - loss: 1.9954 - accuracy: 0.3488
406/782 [==============>...............] - ETA: 1s - loss: 1.9941 - accuracy: 0.3492
421/782 [===============>..............] - ETA: 1s - loss: 1.9954 - accuracy: 0.3485
432/782 [===============>..............] - ETA: 1s - loss: 1.9982 - accuracy: 0.3485
444/782 [================>.............] - ETA: 1s - loss: 2.0022 - accuracy: 0.3478
458/782 [================>.............] - ETA: 1s - loss: 2.0020 - accuracy: 0.3477
473/782 [=================>............] - ETA: 1s - loss: 2.0054 - accuracy: 0.3474
488/782 [=================>............] - ETA: 1s - loss: 2.0115 - accuracy: 0.3469
503/782 [==================>...........] - ETA: 1s - loss: 2.0197 - accuracy: 0.3452
519/782 [==================>...........] - ETA: 1s - loss: 2.0214 - accuracy: 0.3454
534/782 [===================>..........] - ETA: 1s - loss: 2.0220 - accuracy: 0.3448
549/782 [====================>.........] - ETA: 0s - loss: 2.0197 - accuracy: 0.3454
562/782 [====================>.........] - ETA: 0s - loss: 2.0165 - accuracy: 0.3457
576/782 [=====================>........] - ETA: 0s - loss: 2.0164 - accuracy: 0.3455
590/782 [=====================>........] - ETA: 0s - loss: 2.0165 - accuracy: 0.3455
606/782 [======================>.......] - ETA: 0s - loss: 2.0140 - accuracy: 0.3464
621/782 [======================>.......] - ETA: 0s - loss: 2.0168 - accuracy: 0.3460
636/782 [=======================>......] - ETA: 0s - loss: 2.0223 - accuracy: 0.3456
650/782 [=======================>......] - ETA: 0s - loss: 2.0269 - accuracy: 0.3454
664/782 [========================>.....] - ETA: 0s - loss: 2.0258 - accuracy: 0.3459
681/782 [=========================>....] - ETA: 0s - loss: 2.0236 - accuracy: 0.3468
694/782 [=========================>....] - ETA: 0s - loss: 2.0213 - accuracy: 0.3473
706/782 [==========================>...] - ETA: 0s - loss: 2.0207 - accuracy: 0.3472
719/782 [==========================>...] - ETA: 0s - loss: 2.0188 - accuracy: 0.3476
731/782 [===========================>..] - ETA: 0s - loss: 2.0184 - accuracy: 0.3475
744/782 [===========================>..] - ETA: 0s - loss: 2.0189 - accuracy: 0.3474
757/782 [============================>.] - ETA: 0s - loss: 2.0212 - accuracy: 0.3473
769/782 [============================>.] - ETA: 0s - loss: 2.0238 - accuracy: 0.3472
781/782 [============================>.] - ETA: 0s - loss: 2.0278 - accuracy: 0.3466
782/782 [==============================] - 4s 6ms/step - loss: 2.0278 - accuracy: 0.3466 - val_loss: 2.1164 - val_accuracy: 0.3203
Epoch 5/121

  1/782 [..............................] - ETA: 12s - loss: 2.2001 - accuracy: 0.3438
 12/782 [..............................] - ETA: 4s - loss: 2.1834 - accuracy: 0.3242 
 25/782 [..............................] - ETA: 3s - loss: 2.2883 - accuracy: 0.3244
 38/782 [>.............................] - ETA: 3s - loss: 2.2853 - accuracy: 0.3232
 50/782 [>.............................] - ETA: 3s - loss: 2.2586 - accuracy: 0.3353
 61/782 [=>............................] - ETA: 3s - loss: 2.3126 - accuracy: 0.3299
 74/782 [=>............................] - ETA: 3s - loss: 2.4196 - accuracy: 0.3271
 87/782 [==>...........................] - ETA: 3s - loss: 2.7117 - accuracy: 0.3177
100/782 [==>...........................] - ETA: 3s - loss: 3.7977 - accuracy: 0.3117
113/782 [===>..........................] - ETA: 3s - loss: 24.7461 - accuracy: 0.2949
126/782 [===>..........................] - ETA: 3s - loss: 53.6625 - accuracy: 0.2873
139/782 [====>.........................] - ETA: 3s - loss: 69.1908 - accuracy: 0.2826
152/782 [====>.........................] - ETA: 3s - loss: 85.2918 - accuracy: 0.2767
161/782 [=====>........................] - ETA: 3s - loss: 89.5078 - accuracy: 0.2743
173/782 [=====>........................] - ETA: 3s - loss: 94.8818 - accuracy: 0.2685
185/782 [======>.......................] - ETA: 2s - loss: 95.4627 - accuracy: 0.2651
198/782 [======>.......................] - ETA: 2s - loss: 93.1804 - accuracy: 0.2625
210/782 [=======>......................] - ETA: 2s - loss: 89.8320 - accuracy: 0.2618
223/782 [=======>......................] - ETA: 2s - loss: 86.1267 - accuracy: 0.2600
236/782 [========>.....................] - ETA: 2s - loss: 82.4218 - accuracy: 0.2595
249/782 [========>.....................] - ETA: 2s - loss: 78.7104 - accuracy: 0.2600
262/782 [=========>....................] - ETA: 2s - loss: 75.2811 - accuracy: 0.2603
275/782 [=========>....................] - ETA: 2s - loss: 71.9977 - accuracy: 0.2593
288/782 [==========>...................] - ETA: 2s - loss: 69.0299 - accuracy: 0.2598
301/782 [==========>...................] - ETA: 2s - loss: 66.2828 - accuracy: 0.2585
314/782 [===========>..................] - ETA: 2s - loss: 63.7653 - accuracy: 0.2592
327/782 [===========>..................] - ETA: 2s - loss: 61.4073 - accuracy: 0.2575
339/782 [============>.................] - ETA: 2s - loss: 59.3272 - accuracy: 0.2599
352/782 [============>.................] - ETA: 2s - loss: 57.2530 - accuracy: 0.2601
364/782 [============>.................] - ETA: 2s - loss: 55.4690 - accuracy: 0.2597
378/782 [=============>................] - ETA: 1s - loss: 53.5154 - accuracy: 0.2607
391/782 [==============>...............] - ETA: 1s - loss: 51.8346 - accuracy: 0.2611
403/782 [==============>...............] - ETA: 1s - loss: 50.3717 - accuracy: 0.2623
416/782 [==============>...............] - ETA: 1s - loss: 48.8763 - accuracy: 0.2634
429/782 [===============>..............] - ETA: 1s - loss: 47.4861 - accuracy: 0.2640
439/782 [===============>..............] - ETA: 1s - loss: 46.4691 - accuracy: 0.2641
451/782 [================>.............] - ETA: 1s - loss: 45.3041 - accuracy: 0.2647
464/782 [================>.............] - ETA: 1s - loss: 44.1017 - accuracy: 0.2660
476/782 [=================>............] - ETA: 1s - loss: 43.0562 - accuracy: 0.2656
489/782 [=================>............] - ETA: 1s - loss: 41.9750 - accuracy: 0.2661
502/782 [==================>...........] - ETA: 1s - loss: 40.9528 - accuracy: 0.2664
514/782 [==================>...........] - ETA: 1s - loss: 40.0537 - accuracy: 0.2667
527/782 [===================>..........] - ETA: 1s - loss: 39.1813 - accuracy: 0.2669
539/782 [===================>..........] - ETA: 1s - loss: 38.3686 - accuracy: 0.2678
552/782 [====================>.........] - ETA: 1s - loss: 37.5303 - accuracy: 0.2684
564/782 [====================>.........] - ETA: 1s - loss: 36.7800 - accuracy: 0.2693
577/782 [=====================>........] - ETA: 1s - loss: 36.0042 - accuracy: 0.2699
589/782 [=====================>........] - ETA: 0s - loss: 35.3132 - accuracy: 0.2708
602/782 [======================>.......] - ETA: 0s - loss: 34.5982 - accuracy: 0.2714
614/782 [======================>.......] - ETA: 0s - loss: 33.9654 - accuracy: 0.2722
627/782 [=======================>......] - ETA: 0s - loss: 33.3055 - accuracy: 0.2727
639/782 [=======================>......] - ETA: 0s - loss: 32.7219 - accuracy: 0.2737
651/782 [=======================>......] - ETA: 0s - loss: 32.1596 - accuracy: 0.2744
664/782 [========================>.....] - ETA: 0s - loss: 31.5720 - accuracy: 0.2749
677/782 [========================>.....] - ETA: 0s - loss: 31.0049 - accuracy: 0.2761
690/782 [=========================>....] - ETA: 0s - loss: 30.4605 - accuracy: 0.2770
702/782 [=========================>....] - ETA: 0s - loss: 29.9797 - accuracy: 0.2779
713/782 [==========================>...] - ETA: 0s - loss: 29.5565 - accuracy: 0.2778
725/782 [==========================>...] - ETA: 0s - loss: 29.1045 - accuracy: 0.2779
738/782 [===========================>..] - ETA: 0s - loss: 28.6334 - accuracy: 0.2778
750/782 [===========================>..] - ETA: 0s - loss: 28.2140 - accuracy: 0.2782
762/782 [============================>.] - ETA: 0s - loss: 27.8075 - accuracy: 0.2785
776/782 [============================>.] - ETA: 0s - loss: 27.3535 - accuracy: 0.2783
782/782 [==============================] - 5s 6ms/step - loss: 27.1615 - accuracy: 0.2785 - val_loss: 2.2118 - val_accuracy: 0.2829
Epoch 6/121

  1/782 [..............................] - ETA: 12s - loss: 2.1985 - accuracy: 0.2656
 10/782 [..............................] - ETA: 4s - loss: 2.1491 - accuracy: 0.3187 
 22/782 [..............................] - ETA: 3s - loss: 2.1555 - accuracy: 0.3239
 34/782 [>.............................] - ETA: 3s - loss: 2.2371 - accuracy: 0.3088
 46/782 [>.............................] - ETA: 3s - loss: 2.3130 - accuracy: 0.3125
 59/782 [=>............................] - ETA: 3s - loss: 2.2865 - accuracy: 0.3099
 72/782 [=>............................] - ETA: 3s - loss: 2.2580 - accuracy: 0.3086
 85/782 [==>...........................] - ETA: 3s - loss: 2.2296 - accuracy: 0.3094
 98/782 [==>...........................] - ETA: 3s - loss: 2.1935 - accuracy: 0.3147
110/782 [===>..........................] - ETA: 3s - loss: 2.1595 - accuracy: 0.3212
123/782 [===>..........................] - ETA: 3s - loss: 2.1598 - accuracy: 0.3201
136/782 [====>.........................] - ETA: 3s - loss: 2.2041 - accuracy: 0.3189
148/782 [====>.........................] - ETA: 3s - loss: 2.2238 - accuracy: 0.3176
162/782 [=====>........................] - ETA: 3s - loss: 2.2317 - accuracy: 0.3173
174/782 [=====>........................] - ETA: 3s - loss: 2.2217 - accuracy: 0.3198
186/782 [======>.......................] - ETA: 2s - loss: 2.2173 - accuracy: 0.3191
199/782 [======>.......................] - ETA: 2s - loss: 2.2229 - accuracy: 0.3187
212/782 [=======>......................] - ETA: 2s - loss: 2.2134 - accuracy: 0.3168
224/782 [=======>......................] - ETA: 2s - loss: 2.1979 - accuracy: 0.3186
237/782 [========>.....................] - ETA: 2s - loss: 2.1908 - accuracy: 0.3186
249/782 [========>.....................] - ETA: 2s - loss: 2.1932 - accuracy: 0.3183
262/782 [=========>....................] - ETA: 2s - loss: 2.1903 - accuracy: 0.3201
275/782 [=========>....................] - ETA: 2s - loss: 2.1862 - accuracy: 0.3195
284/782 [=========>....................] - ETA: 2s - loss: 2.1819 - accuracy: 0.3205
296/782 [==========>...................] - ETA: 2s - loss: 2.1748 - accuracy: 0.3209
309/782 [==========>...................] - ETA: 2s - loss: 2.1710 - accuracy: 0.3210
321/782 [===========>..................] - ETA: 2s - loss: 2.1668 - accuracy: 0.3215
334/782 [===========>..................] - ETA: 2s - loss: 2.1632 - accuracy: 0.3222
347/782 [============>.................] - ETA: 2s - loss: 2.1566 - accuracy: 0.3239
360/782 [============>.................] - ETA: 2s - loss: 2.1467 - accuracy: 0.3255
372/782 [=============>................] - ETA: 2s - loss: 2.1417 - accuracy: 0.3259
385/782 [=============>................] - ETA: 1s - loss: 2.1415 - accuracy: 0.3244
398/782 [==============>...............] - ETA: 1s - loss: 2.1401 - accuracy: 0.3243
410/782 [==============>...............] - ETA: 1s - loss: 2.1370 - accuracy: 0.3258
423/782 [===============>..............] - ETA: 1s - loss: 2.1376 - accuracy: 0.3252
436/782 [===============>..............] - ETA: 1s - loss: 2.1325 - accuracy: 0.3250
448/782 [================>.............] - ETA: 1s - loss: 2.1309 - accuracy: 0.3251
461/782 [================>.............] - ETA: 1s - loss: 2.1291 - accuracy: 0.3251
474/782 [=================>............] - ETA: 1s - loss: 2.1301 - accuracy: 0.3250
486/782 [=================>............] - ETA: 1s - loss: 2.1333 - accuracy: 0.3246
499/782 [==================>...........] - ETA: 1s - loss: 2.1327 - accuracy: 0.3248
512/782 [==================>...........] - ETA: 1s - loss: 2.1295 - accuracy: 0.3246
524/782 [===================>..........] - ETA: 1s - loss: 2.1266 - accuracy: 0.3254
537/782 [===================>..........] - ETA: 1s - loss: 2.1269 - accuracy: 0.3247
550/782 [====================>.........] - ETA: 1s - loss: 2.1239 - accuracy: 0.3253
560/782 [====================>.........] - ETA: 1s - loss: 2.1214 - accuracy: 0.3256
572/782 [====================>.........] - ETA: 1s - loss: 2.1192 - accuracy: 0.3259
585/782 [=====================>........] - ETA: 0s - loss: 2.1175 - accuracy: 0.3266
597/782 [=====================>........] - ETA: 0s - loss: 2.1167 - accuracy: 0.3264
610/782 [======================>.......] - ETA: 0s - loss: 2.1179 - accuracy: 0.3258
623/782 [======================>.......] - ETA: 0s - loss: 2.1188 - accuracy: 0.3257
635/782 [=======================>......] - ETA: 0s - loss: 2.1156 - accuracy: 0.3261
648/782 [=======================>......] - ETA: 0s - loss: 2.1158 - accuracy: 0.3258
661/782 [========================>.....] - ETA: 0s - loss: 2.1141 - accuracy: 0.3256
673/782 [========================>.....] - ETA: 0s - loss: 2.1121 - accuracy: 0.3260
686/782 [=========================>....] - ETA: 0s - loss: 2.1078 - accuracy: 0.3265
698/782 [=========================>....] - ETA: 0s - loss: 2.1034 - accuracy: 0.3268
711/782 [==========================>...] - ETA: 0s - loss: 2.1030 - accuracy: 0.3270
723/782 [==========================>...] - ETA: 0s - loss: 2.1094 - accuracy: 0.3260
735/782 [===========================>..] - ETA: 0s - loss: 2.1081 - accuracy: 0.3268
748/782 [===========================>..] - ETA: 0s - loss: 2.1081 - accuracy: 0.3268
761/782 [============================>.] - ETA: 0s - loss: 2.1059 - accuracy: 0.3269
775/782 [============================>.] - ETA: 0s - loss: 2.1049 - accuracy: 0.3267
782/782 [==============================] - 5s 6ms/step - loss: 2.1045 - accuracy: 0.3268 - val_loss: 2.0905 - val_accuracy: 0.3590
Epoch 7/121

  1/782 [..............................] - ETA: 12s - loss: 2.6454 - accuracy: 0.2344
 12/782 [..............................] - ETA: 3s - loss: 2.1527 - accuracy: 0.3112 
 23/782 [..............................] - ETA: 3s - loss: 2.0413 - accuracy: 0.3220
 35/782 [>.............................] - ETA: 3s - loss: 2.0419 - accuracy: 0.3259
 48/782 [>.............................] - ETA: 3s - loss: 2.0967 - accuracy: 0.3216
 60/782 [=>............................] - ETA: 3s - loss: 2.1001 - accuracy: 0.3237
 72/782 [=>............................] - ETA: 3s - loss: 2.0866 - accuracy: 0.3229
 85/782 [==>...........................] - ETA: 3s - loss: 2.0946 - accuracy: 0.3176
 97/782 [==>...........................] - ETA: 3s - loss: 2.1049 - accuracy: 0.3181
110/782 [===>..........................] - ETA: 3s - loss: 2.1034 - accuracy: 0.3210
123/782 [===>..........................] - ETA: 3s - loss: 2.0947 - accuracy: 0.3205
136/782 [====>.........................] - ETA: 3s - loss: 2.0877 - accuracy: 0.3212
148/782 [====>.........................] - ETA: 3s - loss: 2.0941 - accuracy: 0.3208
160/782 [=====>........................] - ETA: 3s - loss: 2.0848 - accuracy: 0.3226
173/782 [=====>........................] - ETA: 3s - loss: 2.0808 - accuracy: 0.3218
186/782 [======>.......................] - ETA: 2s - loss: 2.0837 - accuracy: 0.3228
199/782 [======>.......................] - ETA: 2s - loss: 2.0790 - accuracy: 0.3231
211/782 [=======>......................] - ETA: 2s - loss: 2.0679 - accuracy: 0.3249
221/782 [=======>......................] - ETA: 2s - loss: 2.0695 - accuracy: 0.3249
234/782 [=======>......................] - ETA: 2s - loss: 2.0759 - accuracy: 0.3250
246/782 [========>.....................] - ETA: 2s - loss: 2.0805 - accuracy: 0.3250
259/782 [========>.....................] - ETA: 2s - loss: 2.0887 - accuracy: 0.3253
271/782 [=========>....................] - ETA: 2s - loss: 2.0814 - accuracy: 0.3271
283/782 [=========>....................] - ETA: 2s - loss: 2.0800 - accuracy: 0.3278
295/782 [==========>...................] - ETA: 2s - loss: 2.0799 - accuracy: 0.3278
308/782 [==========>...................] - ETA: 2s - loss: 2.0776 - accuracy: 0.3286
321/782 [===========>..................] - ETA: 2s - loss: 2.0789 - accuracy: 0.3284
334/782 [===========>..................] - ETA: 2s - loss: 2.0806 - accuracy: 0.3286
346/782 [============>.................] - ETA: 2s - loss: 2.0828 - accuracy: 0.3278
359/782 [============>.................] - ETA: 2s - loss: 2.0835 - accuracy: 0.3283
372/782 [=============>................] - ETA: 2s - loss: 2.0872 - accuracy: 0.3269
385/782 [=============>................] - ETA: 1s - loss: 2.0868 - accuracy: 0.3267
398/782 [==============>...............] - ETA: 1s - loss: 2.0848 - accuracy: 0.3269
410/782 [==============>...............] - ETA: 1s - loss: 2.0845 - accuracy: 0.3272
423/782 [===============>..............] - ETA: 1s - loss: 2.0832 - accuracy: 0.3275
435/782 [===============>..............] - ETA: 1s - loss: 2.0815 - accuracy: 0.3281
448/782 [================>.............] - ETA: 1s - loss: 2.0811 - accuracy: 0.3279
461/782 [================>.............] - ETA: 1s - loss: 2.0860 - accuracy: 0.3271
473/782 [=================>............] - ETA: 1s - loss: 2.0833 - accuracy: 0.3270
486/782 [=================>............] - ETA: 1s - loss: 2.0832 - accuracy: 0.3269
499/782 [==================>...........] - ETA: 1s - loss: 2.0838 - accuracy: 0.3272
512/782 [==================>...........] - ETA: 1s - loss: 2.0869 - accuracy: 0.3268
525/782 [===================>..........] - ETA: 1s - loss: 2.0881 - accuracy: 0.3268
537/782 [===================>..........] - ETA: 1s - loss: 2.0893 - accuracy: 0.3270
550/782 [====================>.........] - ETA: 1s - loss: 2.0891 - accuracy: 0.3269
563/782 [====================>.........] - ETA: 1s - loss: 2.0910 - accuracy: 0.3269
576/782 [=====================>........] - ETA: 1s - loss: 2.0968 - accuracy: 0.3262
588/782 [=====================>........] - ETA: 0s - loss: 2.0989 - accuracy: 0.3265
601/782 [======================>.......] - ETA: 0s - loss: 2.1026 - accuracy: 0.3258
614/782 [======================>.......] - ETA: 0s - loss: 2.1010 - accuracy: 0.3259
626/782 [=======================>......] - ETA: 0s - loss: 2.1038 - accuracy: 0.3263
639/782 [=======================>......] - ETA: 0s - loss: 2.1086 - accuracy: 0.3257
652/782 [========================>.....] - ETA: 0s - loss: 2.1112 - accuracy: 0.3252
665/782 [========================>.....] - ETA: 0s - loss: 2.1128 - accuracy: 0.3250
678/782 [=========================>....] - ETA: 0s - loss: 2.1131 - accuracy: 0.3251
690/782 [=========================>....] - ETA: 0s - loss: 2.1169 - accuracy: 0.3249
703/782 [=========================>....] - ETA: 0s - loss: 2.1226 - accuracy: 0.3243
716/782 [==========================>...] - ETA: 0s - loss: 2.1281 - accuracy: 0.3239
729/782 [==========================>...] - ETA: 0s - loss: 2.1281 - accuracy: 0.3236
743/782 [===========================>..] - ETA: 0s - loss: 2.1292 - accuracy: 0.3231
755/782 [===========================>..] - ETA: 0s - loss: 2.1261 - accuracy: 0.3235
768/782 [============================>.] - ETA: 0s - loss: 2.1258 - accuracy: 0.3235
780/782 [============================>.] - ETA: 0s - loss: 2.1246 - accuracy: 0.3238
782/782 [==============================] - 5s 6ms/step - loss: 2.1235 - accuracy: 0.3241 - val_loss: 1.9313 - val_accuracy: 0.3480
Epoch 8/121

  1/782 [..............................] - ETA: 12s - loss: 2.1253 - accuracy: 0.2812
 13/782 [..............................] - ETA: 4s - loss: 2.2618 - accuracy: 0.2993 
 25/782 [..............................] - ETA: 3s - loss: 2.2433 - accuracy: 0.3106
 38/782 [>.............................] - ETA: 3s - loss: 2.2643 - accuracy: 0.3125
 51/782 [>.............................] - ETA: 3s - loss: 2.2577 - accuracy: 0.3153
 64/782 [=>............................] - ETA: 3s - loss: 2.2696 - accuracy: 0.3118
 77/782 [=>............................] - ETA: 3s - loss: 2.3074 - accuracy: 0.3135
 89/782 [==>...........................] - ETA: 3s - loss: 2.3347 - accuracy: 0.3113
102/782 [==>...........................] - ETA: 3s - loss: 2.3187 - accuracy: 0.3122
115/782 [===>..........................] - ETA: 3s - loss: 2.2996 - accuracy: 0.3171
128/782 [===>..........................] - ETA: 3s - loss: 2.2922 - accuracy: 0.3179
138/782 [====>.........................] - ETA: 3s - loss: 2.3038 - accuracy: 0.3143
150/782 [====>.........................] - ETA: 3s - loss: 2.2890 - accuracy: 0.3153
163/782 [=====>........................] - ETA: 3s - loss: 2.2703 - accuracy: 0.3149
175/782 [=====>........................] - ETA: 2s - loss: 2.2759 - accuracy: 0.3147
188/782 [======>.......................] - ETA: 2s - loss: 2.2869 - accuracy: 0.3148
200/782 [======>.......................] - ETA: 2s - loss: 2.3109 - accuracy: 0.3120
213/782 [=======>......................] - ETA: 2s - loss: 2.3415 - accuracy: 0.3116
225/782 [=======>......................] - ETA: 2s - loss: 2.3729 - accuracy: 0.3103
238/782 [========>.....................] - ETA: 2s - loss: 2.3911 - accuracy: 0.3109
252/782 [========>.....................] - ETA: 2s - loss: 2.4113 - accuracy: 0.3089
265/782 [=========>....................] - ETA: 2s - loss: 2.4350 - accuracy: 0.3079
277/782 [=========>....................] - ETA: 2s - loss: 2.5149 - accuracy: 0.3064
290/782 [==========>...................] - ETA: 2s - loss: 3.0958 - accuracy: 0.3052
302/782 [==========>...................] - ETA: 2s - loss: 5.4296 - accuracy: 0.3012
314/782 [===========>..................] - ETA: 2s - loss: 11.1632 - accuracy: 0.2980
327/782 [===========>..................] - ETA: 2s - loss: 19.1187 - accuracy: 0.2950
339/782 [============>.................] - ETA: 2s - loss: 25.7921 - accuracy: 0.2929
352/782 [============>.................] - ETA: 2s - loss: 30.5474 - accuracy: 0.2906
365/782 [=============>................] - ETA: 2s - loss: 33.3224 - accuracy: 0.2879
378/782 [=============>................] - ETA: 1s - loss: 35.8814 - accuracy: 0.2874
391/782 [==============>...............] - ETA: 1s - loss: 38.4757 - accuracy: 0.2848
403/782 [==============>...............] - ETA: 1s - loss: 39.8411 - accuracy: 0.2838
413/782 [==============>...............] - ETA: 1s - loss: 40.8835 - accuracy: 0.2830
425/782 [===============>..............] - ETA: 1s - loss: 40.8159 - accuracy: 0.2819
437/782 [===============>..............] - ETA: 1s - loss: 40.4783 - accuracy: 0.2819
449/782 [================>.............] - ETA: 1s - loss: 40.5586 - accuracy: 0.2803
463/782 [================>.............] - ETA: 1s - loss: 40.1457 - accuracy: 0.2793
476/782 [=================>............] - ETA: 1s - loss: 39.4644 - accuracy: 0.2792
489/782 [=================>............] - ETA: 1s - loss: 38.6829 - accuracy: 0.2782
501/782 [==================>...........] - ETA: 1s - loss: 37.9550 - accuracy: 0.2781
513/782 [==================>...........] - ETA: 1s - loss: 37.2172 - accuracy: 0.2777
523/782 [===================>..........] - ETA: 1s - loss: 36.6212 - accuracy: 0.2772
536/782 [===================>..........] - ETA: 1s - loss: 35.8425 - accuracy: 0.2766
548/782 [====================>.........] - ETA: 1s - loss: 35.1327 - accuracy: 0.2770
561/782 [====================>.........] - ETA: 1s - loss: 34.3794 - accuracy: 0.2770
573/782 [====================>.........] - ETA: 1s - loss: 33.7193 - accuracy: 0.2771
586/782 [=====================>........] - ETA: 0s - loss: 33.0394 - accuracy: 0.2777
599/782 [=====================>........] - ETA: 0s - loss: 32.3716 - accuracy: 0.2783
611/782 [======================>.......] - ETA: 0s - loss: 31.7785 - accuracy: 0.2797
624/782 [======================>.......] - ETA: 0s - loss: 31.1679 - accuracy: 0.2805
637/782 [=======================>......] - ETA: 0s - loss: 30.5798 - accuracy: 0.2804
650/782 [=======================>......] - ETA: 0s - loss: 30.0480 - accuracy: 0.2804
663/782 [========================>.....] - ETA: 0s - loss: 29.5057 - accuracy: 0.2810
677/782 [========================>.....] - ETA: 0s - loss: 28.9486 - accuracy: 0.2807
690/782 [=========================>....] - ETA: 0s - loss: 28.4473 - accuracy: 0.2809
702/782 [=========================>....] - ETA: 0s - loss: 27.9971 - accuracy: 0.2812
715/782 [==========================>...] - ETA: 0s - loss: 27.5274 - accuracy: 0.2817
727/782 [==========================>...] - ETA: 0s - loss: 27.1090 - accuracy: 0.2823
740/782 [===========================>..] - ETA: 0s - loss: 26.6721 - accuracy: 0.2830
752/782 [===========================>..] - ETA: 0s - loss: 26.2788 - accuracy: 0.2837
765/782 [============================>.] - ETA: 0s - loss: 25.8719 - accuracy: 0.2842
778/782 [============================>.] - ETA: 0s - loss: 25.4854 - accuracy: 0.2844
782/782 [==============================] - 5s 6ms/step - loss: 25.3694 - accuracy: 0.2845 - val_loss: 2.7733 - val_accuracy: 0.3395
Epoch 9/121

  1/782 [..............................] - ETA: 12s - loss: 3.0006 - accuracy: 0.3281
 14/782 [..............................] - ETA: 3s - loss: 2.2088 - accuracy: 0.3214 
 27/782 [>.............................] - ETA: 3s - loss: 2.0835 - accuracy: 0.3287
 39/782 [>.............................] - ETA: 3s - loss: 2.0223 - accuracy: 0.3429
 52/782 [>.............................] - ETA: 3s - loss: 2.0532 - accuracy: 0.3374
 65/782 [=>............................] - ETA: 3s - loss: 2.0534 - accuracy: 0.3385
 78/782 [=>............................] - ETA: 3s - loss: 2.0928 - accuracy: 0.3323
 91/782 [==>...........................] - ETA: 3s - loss: 2.1287 - accuracy: 0.3298
103/782 [==>...........................] - ETA: 3s - loss: 2.1178 - accuracy: 0.3302
116/782 [===>..........................] - ETA: 3s - loss: 2.1212 - accuracy: 0.3262
128/782 [===>..........................] - ETA: 3s - loss: 2.1450 - accuracy: 0.3247
140/782 [====>.........................] - ETA: 3s - loss: 2.1511 - accuracy: 0.3241
153/782 [====>.........................] - ETA: 3s - loss: 2.1605 - accuracy: 0.3234
166/782 [=====>........................] - ETA: 3s - loss: 2.1623 - accuracy: 0.3245
179/782 [=====>........................] - ETA: 2s - loss: 2.1443 - accuracy: 0.3262
192/782 [======>.......................] - ETA: 2s - loss: 2.1461 - accuracy: 0.3246
205/782 [======>.......................] - ETA: 2s - loss: 2.1309 - accuracy: 0.3252
217/782 [=======>......................] - ETA: 2s - loss: 2.1283 - accuracy: 0.3254
231/782 [=======>......................] - ETA: 2s - loss: 2.1211 - accuracy: 0.3248
243/782 [========>.....................] - ETA: 2s - loss: 2.1187 - accuracy: 0.3248
256/782 [========>.....................] - ETA: 2s - loss: 2.1263 - accuracy: 0.3236
268/782 [=========>....................] - ETA: 2s - loss: 2.1279 - accuracy: 0.3246
280/782 [=========>....................] - ETA: 2s - loss: 2.1292 - accuracy: 0.3243
293/782 [==========>...................] - ETA: 2s - loss: 2.1313 - accuracy: 0.3238
305/782 [==========>...................] - ETA: 2s - loss: 2.1319 - accuracy: 0.3249
318/782 [===========>..................] - ETA: 2s - loss: 2.1336 - accuracy: 0.3252
332/782 [===========>..................] - ETA: 2s - loss: 2.1305 - accuracy: 0.3255
344/782 [============>.................] - ETA: 2s - loss: 2.1404 - accuracy: 0.3254
357/782 [============>.................] - ETA: 2s - loss: 2.1458 - accuracy: 0.3251
370/782 [=============>................] - ETA: 2s - loss: 2.1480 - accuracy: 0.3251
382/782 [=============>................] - ETA: 1s - loss: 2.1460 - accuracy: 0.3258
395/782 [==============>...............] - ETA: 1s - loss: 2.1431 - accuracy: 0.3271
407/782 [==============>...............] - ETA: 1s - loss: 2.1359 - accuracy: 0.3277
420/782 [===============>..............] - ETA: 1s - loss: 2.1255 - accuracy: 0.3290
433/782 [===============>..............] - ETA: 1s - loss: 2.1194 - accuracy: 0.3295
445/782 [================>.............] - ETA: 1s - loss: 2.1138 - accuracy: 0.3300
458/782 [================>.............] - ETA: 1s - loss: 2.1140 - accuracy: 0.3291
470/782 [=================>............] - ETA: 1s - loss: 2.1173 - accuracy: 0.3286
483/782 [=================>............] - ETA: 1s - loss: 2.1150 - accuracy: 0.3291
495/782 [=================>............] - ETA: 1s - loss: 2.1118 - accuracy: 0.3298
508/782 [==================>...........] - ETA: 1s - loss: 2.1127 - accuracy: 0.3293
521/782 [==================>...........] - ETA: 1s - loss: 2.1165 - accuracy: 0.3289
533/782 [===================>..........] - ETA: 1s - loss: 2.1129 - accuracy: 0.3297
544/782 [===================>..........] - ETA: 1s - loss: 2.1107 - accuracy: 0.3298
557/782 [====================>.........] - ETA: 1s - loss: 2.1076 - accuracy: 0.3310
570/782 [====================>.........] - ETA: 1s - loss: 2.1030 - accuracy: 0.3312
582/782 [=====================>........] - ETA: 0s - loss: 2.0994 - accuracy: 0.3312
594/782 [=====================>........] - ETA: 0s - loss: 2.0988 - accuracy: 0.3312
607/782 [======================>.......] - ETA: 0s - loss: 2.0978 - accuracy: 0.3312
620/782 [======================>.......] - ETA: 0s - loss: 2.0946 - accuracy: 0.3318
633/782 [=======================>......] - ETA: 0s - loss: 2.0952 - accuracy: 0.3319
643/782 [=======================>......] - ETA: 0s - loss: 2.0989 - accuracy: 0.3319
655/782 [========================>.....] - ETA: 0s - loss: 2.0961 - accuracy: 0.3319
668/782 [========================>.....] - ETA: 0s - loss: 2.0929 - accuracy: 0.3324
681/782 [=========================>....] - ETA: 0s - loss: 2.0913 - accuracy: 0.3324
694/782 [=========================>....] - ETA: 0s - loss: 2.0895 - accuracy: 0.3327
707/782 [==========================>...] - ETA: 0s - loss: 2.0900 - accuracy: 0.3328
720/782 [==========================>...] - ETA: 0s - loss: 2.0950 - accuracy: 0.3324
733/782 [===========================>..] - ETA: 0s - loss: 2.1041 - accuracy: 0.3323
743/782 [===========================>..] - ETA: 0s - loss: 2.1111 - accuracy: 0.3319
754/782 [===========================>..] - ETA: 0s - loss: 2.1136 - accuracy: 0.3318
767/782 [============================>.] - ETA: 0s - loss: 2.1134 - accuracy: 0.3319
779/782 [============================>.] - ETA: 0s - loss: 2.1138 - accuracy: 0.3321
782/782 [==============================] - 5s 6ms/step - loss: 2.1135 - accuracy: 0.3324 - val_loss: 1.9885 - val_accuracy: 0.3489
Epoch 9: early stopping

  1/313 [..............................] - ETA: 9s - loss: 1.6836 - accuracy: 0.4375
 21/313 [=>............................] - ETA: 0s - loss: 2.0437 - accuracy: 0.3512
 40/313 [==>...........................] - ETA: 0s - loss: 2.0146 - accuracy: 0.3586
 59/313 [====>.........................] - ETA: 0s - loss: 1.9958 - accuracy: 0.3575
 78/313 [======>.......................] - ETA: 0s - loss: 1.9863 - accuracy: 0.3558
 97/313 [========>.....................] - ETA: 0s - loss: 2.0073 - accuracy: 0.3499
117/313 [==========>...................] - ETA: 0s - loss: 2.0073 - accuracy: 0.3523
134/313 [===========>..................] - ETA: 0s - loss: 2.0049 - accuracy: 0.3535
153/313 [=============>................] - ETA: 0s - loss: 1.9840 - accuracy: 0.3556
172/313 [===============>..............] - ETA: 0s - loss: 1.9853 - accuracy: 0.3554
192/313 [=================>............] - ETA: 0s - loss: 1.9802 - accuracy: 0.3530
210/313 [===================>..........] - ETA: 0s - loss: 1.9888 - accuracy: 0.3515
230/313 [=====================>........] - ETA: 0s - loss: 1.9875 - accuracy: 0.3511
249/313 [======================>.......] - ETA: 0s - loss: 1.9887 - accuracy: 0.3498
268/313 [========================>.....] - ETA: 0s - loss: 1.9896 - accuracy: 0.3489
287/313 [==========================>...] - ETA: 0s - loss: 1.9848 - accuracy: 0.3496
306/313 [============================>.] - ETA: 0s - loss: 1.9841 - accuracy: 0.3502
313/313 [==============================] - 1s 3ms/step - loss: 1.9885 - accuracy: 0.3489
