2024-06-25 13:39:22.337749: I tensorflow/core/platform/cpu_feature_guard.cc:193] This TensorFlow binary is optimized with oneAPI Deep Neural Network Library (oneDNN) to use the following CPU instructions in performance-critical operations:  AVX AVX2
To enable them in other operations, rebuild TensorFlow with the appropriate compiler flags.
2024-06-25 13:39:22.914064: I tensorflow/core/common_runtime/gpu/gpu_device.cc:1616] Created device /job:localhost/replica:0/task:0/device:GPU:0 with 6656 MB memory:  -> device: 0, name: NVIDIA GeForce RTX 4060 Ti, pci bus id: 0000:01:00.0, compute capability: 8.9
1 Physical GPUs, 1 Logical GPUs
Model: "sequential"
_________________________________________________________________
 Layer (type)                Output Shape              Param #   
=================================================================
 conv2d (Conv2D)             (None, 32, 32, 32)        896       
                                                                 
 conv2d_1 (Conv2D)           (None, 32, 32, 64)        247872    
                                                                 
 dropout (Dropout)           (None, 32, 32, 64)        0         
                                                                 
 flatten (Flatten)           (None, 65536)             0         
                                                                 
 dense (Dense)               (None, 10)                655370    
                                                                 
=================================================================
Total params: 904,138
Trainable params: 904,138
Non-trainable params: 0
_________________________________________________________________
Taxa de aprendizado:  0.1 Num de épocas:  105 Tamanho do lote:  1024 Dropout:  0.051
Epoch 1/105
2024-06-25 13:39:24.265702: I tensorflow/stream_executor/cuda/cuda_dnn.cc:384] Loaded cuDNN version 8100
2024-06-25 13:39:25.122769: W tensorflow/stream_executor/gpu/redzone_allocator.cc:314] INTERNAL: ptxas exited with non-zero error code -1, output: 
Relying on driver to perform ptx compilation. 
Modify $PATH to customize ptxas location.
This message will be only logged once.
2024-06-25 13:39:26.659388: I tensorflow/stream_executor/cuda/cuda_blas.cc:1614] TensorFloat-32 will be used for the matrix multiplication. This will only be logged once.

 1/49 [..............................] - ETA: 13:16 - loss: 2.3059 - accuracy: 0.0898
 2/49 [>.............................] - ETA: 21s - loss: 17619.5977 - accuracy: 0.0952
 3/49 [>.............................] - ETA: 21s - loss: 12230.2109 - accuracy: 0.0921
 4/49 [=>............................] - ETA: 20s - loss: 18692.5586 - accuracy: 0.1003
 5/49 [==>...........................] - ETA: 20s - loss: 16683.5664 - accuracy: 0.1002
 6/49 [==>...........................] - ETA: 19s - loss: 13946.4219 - accuracy: 0.0998
 7/49 [===>..........................] - ETA: 19s - loss: 11954.6621 - accuracy: 0.0963
 8/49 [===>..........................] - ETA: 18s - loss: 10460.6211 - accuracy: 0.0968
 9/49 [====>.........................] - ETA: 18s - loss: 9298.5898 - accuracy: 0.0979 
10/49 [=====>........................] - ETA: 17s - loss: 8368.9668 - accuracy: 0.0973
11/49 [=====>........................] - ETA: 17s - loss: 7608.3657 - accuracy: 0.0989
12/49 [======>.......................] - ETA: 17s - loss: 6974.5337 - accuracy: 0.0990
13/49 [======>.......................] - ETA: 16s - loss: 6438.2153 - accuracy: 0.0986
14/49 [=======>......................] - ETA: 16s - loss: 5978.5132 - accuracy: 0.0984
15/49 [========>.....................] - ETA: 15s - loss: 5580.1060 - accuracy: 0.0975
16/49 [========>.....................] - ETA: 15s - loss: 5231.4971 - accuracy: 0.0979
17/49 [=========>....................] - ETA: 14s - loss: 4923.9023 - accuracy: 0.0985
18/49 [==========>...................] - ETA: 33s - loss: 4695.2954 - accuracy: 0.0988
19/49 [==========>...................] - ETA: 31s - loss: 4446.0449 - accuracy: 0.0988
20/49 [===========>..................] - ETA: 29s - loss: 4221.9355 - accuracy: 0.0983
21/49 [===========>..................] - ETA: 27s - loss: 4019.3450 - accuracy: 0.0990
22/49 [============>.................] - ETA: 26s - loss: 3835.3179 - accuracy: 0.0988
23/49 [=============>................] - ETA: 24s - loss: 3667.4133 - accuracy: 0.0986
24/49 [=============>................] - ETA: 23s - loss: 3513.6006 - accuracy: 0.0984
25/49 [==============>...............] - ETA: 21s - loss: 3372.1787 - accuracy: 0.0977
26/49 [==============>...............] - ETA: 20s - loss: 3241.7075 - accuracy: 0.0975
27/49 [===============>..............] - ETA: 19s - loss: 3120.9624 - accuracy: 0.0974
28/49 [================>.............] - ETA: 18s - loss: 3008.8950 - accuracy: 0.0982
29/49 [================>.............] - ETA: 16s - loss: 2904.6025 - accuracy: 0.0980
30/49 [=================>............] - ETA: 15s - loss: 2807.3027 - accuracy: 0.0984
31/49 [=================>............] - ETA: 14s - loss: 2716.3152 - accuracy: 0.0985
32/49 [==================>...........] - ETA: 13s - loss: 2631.0449 - accuracy: 0.0984
33/49 [===================>..........] - ETA: 12s - loss: 2550.9692 - accuracy: 0.0987
34/49 [===================>..........] - ETA: 11s - loss: 2475.6284 - accuracy: 0.0983
35/49 [====================>.........] - ETA: 10s - loss: 2404.6130 - accuracy: 0.0985
36/49 [=====================>........] - ETA: 9s - loss: 2337.5623 - accuracy: 0.0988 
37/49 [=====================>........] - ETA: 9s - loss: 2274.1526 - accuracy: 0.0987
38/49 [======================>.......] - ETA: 8s - loss: 2214.0955 - accuracy: 0.0982
39/49 [======================>.......] - ETA: 7s - loss: 2157.1318 - accuracy: 0.0984
40/49 [=======================>......] - ETA: 6s - loss: 2103.0286 - accuracy: 0.0986
41/49 [========================>.....] - ETA: 5s - loss: 2051.5759 - accuracy: 0.0987
42/49 [========================>.....] - ETA: 4s - loss: 2002.5835 - accuracy: 0.0985
43/49 [=========================>....] - ETA: 4s - loss: 1955.8787 - accuracy: 0.0984
44/49 [=========================>....] - ETA: 3s - loss: 1911.3052 - accuracy: 0.0984
45/49 [==========================>...] - ETA: 2s - loss: 1868.7205 - accuracy: 0.0984
46/49 [===========================>..] - ETA: 2s - loss: 1827.9943 - accuracy: 0.0983
47/49 [===========================>..] - ETA: 1s - loss: 1789.0072 - accuracy: 0.0988
48/49 [============================>.] - ETA: 0s - loss: 1751.6504 - accuracy: 0.0990
49/49 [==============================] - ETA: 0s - loss: 1715.8240 - accuracy: 0.0986
49/49 [==============================] - 51s 707ms/step - loss: 1715.8240 - accuracy: 0.0986 - val_loss: 2.3065 - val_accuracy: 0.1000
Epoch 2/105

 1/49 [..............................] - ETA: 23s - loss: 2.3042 - accuracy: 0.1025
 2/49 [>.............................] - ETA: 22s - loss: 2.3056 - accuracy: 0.0942
 3/49 [>.............................] - ETA: 21s - loss: 2.3062 - accuracy: 0.0957
 4/49 [=>............................] - ETA: 20s - loss: 2.3053 - accuracy: 0.0955
 5/49 [==>...........................] - ETA: 18s - loss: 2.3051 - accuracy: 0.0961
 6/49 [==>...........................] - ETA: 17s - loss: 2.3052 - accuracy: 0.0968
 7/49 [===>..........................] - ETA: 15s - loss: 2.3047 - accuracy: 0.0968
 8/49 [===>..........................] - ETA: 15s - loss: 2.3048 - accuracy: 0.0962
 9/49 [====>.........................] - ETA: 14s - loss: 2.3047 - accuracy: 0.0971
10/49 [=====>........................] - ETA: 14s - loss: 2.3047 - accuracy: 0.0969
11/49 [=====>........................] - ETA: 14s - loss: 2.3047 - accuracy: 0.0962
12/49 [======>.......................] - ETA: 14s - loss: 2.3047 - accuracy: 0.0961
13/49 [======>.......................] - ETA: 14s - loss: 2.3046 - accuracy: 0.0968
14/49 [=======>......................] - ETA: 14s - loss: 2.3046 - accuracy: 0.0956
15/49 [========>.....................] - ETA: 13s - loss: 2.3044 - accuracy: 0.0955
16/49 [========>.....................] - ETA: 13s - loss: 2.3043 - accuracy: 0.0953
17/49 [=========>....................] - ETA: 13s - loss: 2.3042 - accuracy: 0.0956
18/49 [==========>...................] - ETA: 13s - loss: 2.3042 - accuracy: 0.0959
19/49 [==========>...................] - ETA: 12s - loss: 2.3042 - accuracy: 0.0961
20/49 [===========>..................] - ETA: 12s - loss: 2.3041 - accuracy: 0.0960
21/49 [===========>..................] - ETA: 11s - loss: 2.3041 - accuracy: 0.0952
22/49 [============>.................] - ETA: 11s - loss: 2.3041 - accuracy: 0.0956
23/49 [=============>................] - ETA: 11s - loss: 2.3041 - accuracy: 0.0957
24/49 [=============>................] - ETA: 10s - loss: 2.3041 - accuracy: 0.0950
25/49 [==============>...............] - ETA: 10s - loss: 2.3040 - accuracy: 0.0951
26/49 [==============>...............] - ETA: 9s - loss: 2.3040 - accuracy: 0.0950 
27/49 [===============>..............] - ETA: 9s - loss: 2.3039 - accuracy: 0.0957
28/49 [================>.............] - ETA: 9s - loss: 2.3039 - accuracy: 0.0955
29/49 [================>.............] - ETA: 8s - loss: 2.3039 - accuracy: 0.0955
30/49 [=================>............] - ETA: 7s - loss: 2.3039 - accuracy: 0.0957
31/49 [=================>............] - ETA: 7s - loss: 2.3039 - accuracy: 0.0953
32/49 [==================>...........] - ETA: 7s - loss: 2.3039 - accuracy: 0.0953
33/49 [===================>..........] - ETA: 6s - loss: 2.3039 - accuracy: 0.0953
34/49 [===================>..........] - ETA: 6s - loss: 2.3039 - accuracy: 0.0956
35/49 [====================>.........] - ETA: 5s - loss: 2.3038 - accuracy: 0.0962
36/49 [=====================>........] - ETA: 5s - loss: 2.3038 - accuracy: 0.0963
37/49 [=====================>........] - ETA: 5s - loss: 2.3038 - accuracy: 0.0962
38/49 [======================>.......] - ETA: 4s - loss: 2.3038 - accuracy: 0.0960
39/49 [======================>.......] - ETA: 4s - loss: 2.3038 - accuracy: 0.0963
40/49 [=======================>......] - ETA: 3s - loss: 2.3038 - accuracy: 0.0960
41/49 [========================>.....] - ETA: 3s - loss: 2.3037 - accuracy: 0.0965
42/49 [========================>.....] - ETA: 3s - loss: 2.3037 - accuracy: 0.0961
43/49 [=========================>....] - ETA: 2s - loss: 2.3037 - accuracy: 0.0967
44/49 [=========================>....] - ETA: 2s - loss: 2.3037 - accuracy: 0.0965
45/49 [==========================>...] - ETA: 1s - loss: 2.3037 - accuracy: 0.0962
46/49 [===========================>..] - ETA: 1s - loss: 2.3037 - accuracy: 0.0962
47/49 [===========================>..] - ETA: 0s - loss: 2.3037 - accuracy: 0.0964
48/49 [============================>.] - ETA: 0s - loss: 2.3036 - accuracy: 0.0967
49/49 [==============================] - ETA: 0s - loss: 2.3036 - accuracy: 0.0965
49/49 [==============================] - 22s 451ms/step - loss: 2.3036 - accuracy: 0.0965 - val_loss: 2.3031 - val_accuracy: 0.1000
Epoch 3/105

 1/49 [..............................] - ETA: 22s - loss: 2.3030 - accuracy: 0.0967
 2/49 [>.............................] - ETA: 21s - loss: 2.3029 - accuracy: 0.0952
 3/49 [>.............................] - ETA: 21s - loss: 2.3027 - accuracy: 0.0951
 4/49 [=>............................] - ETA: 20s - loss: 2.3027 - accuracy: 0.0952
 5/49 [==>...........................] - ETA: 20s - loss: 2.3027 - accuracy: 0.0977
 6/49 [==>...........................] - ETA: 19s - loss: 2.3029 - accuracy: 0.0994
 7/49 [===>..........................] - ETA: 19s - loss: 2.3031 - accuracy: 0.0997
 8/49 [===>..........................] - ETA: 18s - loss: 2.3030 - accuracy: 0.0996
 9/49 [====>.........................] - ETA: 17s - loss: 2.3030 - accuracy: 0.0991
10/49 [=====>........................] - ETA: 17s - loss: 2.3031 - accuracy: 0.0989
11/49 [=====>........................] - ETA: 17s - loss: 2.3030 - accuracy: 0.0991
12/49 [======>.......................] - ETA: 16s - loss: 2.3031 - accuracy: 0.0995
13/49 [======>.......................] - ETA: 16s - loss: 2.3030 - accuracy: 0.0995
14/49 [=======>......................] - ETA: 15s - loss: 2.3030 - accuracy: 0.0990
15/49 [========>.....................] - ETA: 15s - loss: 2.3031 - accuracy: 0.0980
16/49 [========>.....................] - ETA: 15s - loss: 2.3032 - accuracy: 0.0985
17/49 [=========>....................] - ETA: 14s - loss: 2.3033 - accuracy: 0.0981
18/49 [==========>...................] - ETA: 14s - loss: 2.3032 - accuracy: 0.0982
19/49 [==========>...................] - ETA: 13s - loss: 2.3032 - accuracy: 0.0979
20/49 [===========>..................] - ETA: 13s - loss: 2.3033 - accuracy: 0.0981
21/49 [===========>..................] - ETA: 12s - loss: 2.3033 - accuracy: 0.0982
22/49 [============>.................] - ETA: 11s - loss: 2.3033 - accuracy: 0.0981
23/49 [=============>................] - ETA: 11s - loss: 2.3032 - accuracy: 0.0981
24/49 [=============>................] - ETA: 10s - loss: 2.3032 - accuracy: 0.0982
25/49 [==============>...............] - ETA: 10s - loss: 2.3032 - accuracy: 0.0988
26/49 [==============>...............] - ETA: 9s - loss: 2.3032 - accuracy: 0.0986 
27/49 [===============>..............] - ETA: 9s - loss: 2.3032 - accuracy: 0.0984
28/49 [================>.............] - ETA: 9s - loss: 2.3033 - accuracy: 0.0978
29/49 [================>.............] - ETA: 8s - loss: 2.3032 - accuracy: 0.0983
30/49 [=================>............] - ETA: 8s - loss: 2.3032 - accuracy: 0.0983
31/49 [=================>............] - ETA: 7s - loss: 2.3033 - accuracy: 0.0982
32/49 [==================>...........] - ETA: 7s - loss: 2.3033 - accuracy: 0.0986
33/49 [===================>..........] - ETA: 7s - loss: 2.3033 - accuracy: 0.0985
34/49 [===================>..........] - ETA: 6s - loss: 2.3033 - accuracy: 0.0984
35/49 [====================>.........] - ETA: 6s - loss: 2.3032 - accuracy: 0.0983
36/49 [=====================>........] - ETA: 5s - loss: 2.3032 - accuracy: 0.0981
37/49 [=====================>........] - ETA: 5s - loss: 2.3032 - accuracy: 0.0983
38/49 [======================>.......] - ETA: 4s - loss: 2.3032 - accuracy: 0.0983
39/49 [======================>.......] - ETA: 4s - loss: 2.3031 - accuracy: 0.0985
40/49 [=======================>......] - ETA: 3s - loss: 2.3031 - accuracy: 0.0988
41/49 [========================>.....] - ETA: 3s - loss: 2.3031 - accuracy: 0.0990
42/49 [========================>.....] - ETA: 3s - loss: 2.3031 - accuracy: 0.0988
43/49 [=========================>....] - ETA: 2s - loss: 2.3031 - accuracy: 0.0991
44/49 [=========================>....] - ETA: 2s - loss: 2.3032 - accuracy: 0.0989
45/49 [==========================>...] - ETA: 1s - loss: 2.3032 - accuracy: 0.0986
46/49 [===========================>..] - ETA: 1s - loss: 2.3032 - accuracy: 0.0988
47/49 [===========================>..] - ETA: 0s - loss: 2.3032 - accuracy: 0.0985
48/49 [============================>.] - ETA: 0s - loss: 2.3032 - accuracy: 0.0984
49/49 [==============================] - ETA: 0s - loss: 2.3032 - accuracy: 0.0985
49/49 [==============================] - 23s 460ms/step - loss: 2.3032 - accuracy: 0.0985 - val_loss: 2.3029 - val_accuracy: 0.1000
Epoch 4/105

 1/49 [..............................] - ETA: 23s - loss: 2.3036 - accuracy: 0.1084
 2/49 [>.............................] - ETA: 21s - loss: 2.3037 - accuracy: 0.1011
 3/49 [>.............................] - ETA: 19s - loss: 2.3034 - accuracy: 0.1012
 4/49 [=>............................] - ETA: 19s - loss: 2.3029 - accuracy: 0.1036
 5/49 [==>...........................] - ETA: 19s - loss: 2.3030 - accuracy: 0.0999
 6/49 [==>...........................] - ETA: 19s - loss: 2.3031 - accuracy: 0.0989
 7/49 [===>..........................] - ETA: 18s - loss: 2.3030 - accuracy: 0.0997
 8/49 [===>..........................] - ETA: 18s - loss: 2.3033 - accuracy: 0.0994
 9/49 [====>.........................] - ETA: 18s - loss: 2.3034 - accuracy: 0.0992
10/49 [=====>........................] - ETA: 17s - loss: 2.3035 - accuracy: 0.0999
11/49 [=====>........................] - ETA: 17s - loss: 2.3036 - accuracy: 0.0986
12/49 [======>.......................] - ETA: 16s - loss: 2.3035 - accuracy: 0.0994
13/49 [======>.......................] - ETA: 15s - loss: 2.3034 - accuracy: 0.1005
14/49 [=======>......................] - ETA: 14s - loss: 2.3035 - accuracy: 0.0989
15/49 [========>.....................] - ETA: 13s - loss: 2.3035 - accuracy: 0.0985
16/49 [========>.....................] - ETA: 13s - loss: 2.3034 - accuracy: 0.0985
17/49 [=========>....................] - ETA: 13s - loss: 2.3034 - accuracy: 0.0987
18/49 [==========>...................] - ETA: 13s - loss: 2.3035 - accuracy: 0.0989
19/49 [==========>...................] - ETA: 12s - loss: 2.3035 - accuracy: 0.0983
20/49 [===========>..................] - ETA: 12s - loss: 2.3035 - accuracy: 0.0982
21/49 [===========>..................] - ETA: 11s - loss: 2.3034 - accuracy: 0.0984
22/49 [============>.................] - ETA: 11s - loss: 2.3034 - accuracy: 0.0984
23/49 [=============>................] - ETA: 11s - loss: 2.3035 - accuracy: 0.0989
24/49 [=============>................] - ETA: 10s - loss: 2.3034 - accuracy: 0.0990
25/49 [==============>...............] - ETA: 10s - loss: 2.3034 - accuracy: 0.0989
26/49 [==============>...............] - ETA: 9s - loss: 2.3034 - accuracy: 0.0989 
27/49 [===============>..............] - ETA: 9s - loss: 2.3035 - accuracy: 0.0986
28/49 [================>.............] - ETA: 9s - loss: 2.3034 - accuracy: 0.0993
29/49 [================>.............] - ETA: 8s - loss: 2.3035 - accuracy: 0.0990
30/49 [=================>............] - ETA: 8s - loss: 2.3035 - accuracy: 0.0991
31/49 [=================>............] - ETA: 7s - loss: 2.3035 - accuracy: 0.0991
32/49 [==================>...........] - ETA: 7s - loss: 2.3034 - accuracy: 0.0994
33/49 [===================>..........] - ETA: 7s - loss: 2.3034 - accuracy: 0.0994
34/49 [===================>..........] - ETA: 6s - loss: 2.3034 - accuracy: 0.0995
35/49 [====================>.........] - ETA: 6s - loss: 2.3034 - accuracy: 0.0988
36/49 [=====================>........] - ETA: 5s - loss: 2.3034 - accuracy: 0.0986
37/49 [=====================>........] - ETA: 5s - loss: 2.3034 - accuracy: 0.0988
38/49 [======================>.......] - ETA: 4s - loss: 2.3033 - accuracy: 0.0987
39/49 [======================>.......] - ETA: 4s - loss: 2.3033 - accuracy: 0.0990
40/49 [=======================>......] - ETA: 3s - loss: 2.3033 - accuracy: 0.0989
41/49 [========================>.....] - ETA: 3s - loss: 2.3033 - accuracy: 0.0991
42/49 [========================>.....] - ETA: 3s - loss: 2.3033 - accuracy: 0.0991
43/49 [=========================>....] - ETA: 2s - loss: 2.3033 - accuracy: 0.0993
44/49 [=========================>....] - ETA: 2s - loss: 2.3033 - accuracy: 0.0995
45/49 [==========================>...] - ETA: 1s - loss: 2.3034 - accuracy: 0.0999
46/49 [===========================>..] - ETA: 1s - loss: 2.3034 - accuracy: 0.0998
47/49 [===========================>..] - ETA: 0s - loss: 2.3034 - accuracy: 0.0998
48/49 [============================>.] - ETA: 0s - loss: 2.3034 - accuracy: 0.0998
49/49 [==============================] - ETA: 0s - loss: 2.3034 - accuracy: 0.0995
49/49 [==============================] - 23s 461ms/step - loss: 2.3034 - accuracy: 0.0995 - val_loss: 2.3029 - val_accuracy: 0.1000
Epoch 5/105

 1/49 [..............................] - ETA: 23s - loss: 2.3020 - accuracy: 0.1025
 2/49 [>.............................] - ETA: 21s - loss: 2.3028 - accuracy: 0.1021
 3/49 [>.............................] - ETA: 17s - loss: 2.3027 - accuracy: 0.1006
 4/49 [=>............................] - ETA: 15s - loss: 2.3029 - accuracy: 0.0974
 5/49 [==>...........................] - ETA: 14s - loss: 2.3028 - accuracy: 0.1018
 6/49 [==>...........................] - ETA: 14s - loss: 2.3026 - accuracy: 0.1021
 7/49 [===>..........................] - ETA: 14s - loss: 2.3028 - accuracy: 0.1027
 8/49 [===>..........................] - ETA: 14s - loss: 2.3026 - accuracy: 0.1033
 9/49 [====>.........................] - ETA: 14s - loss: 2.3027 - accuracy: 0.1023
10/49 [=====>........................] - ETA: 14s - loss: 2.3027 - accuracy: 0.1020
11/49 [=====>........................] - ETA: 14s - loss: 2.3026 - accuracy: 0.1016
12/49 [======>.......................] - ETA: 14s - loss: 2.3029 - accuracy: 0.1004
13/49 [======>.......................] - ETA: 14s - loss: 2.3031 - accuracy: 0.0990
14/49 [=======>......................] - ETA: 14s - loss: 2.3031 - accuracy: 0.0990
15/49 [========>.....................] - ETA: 13s - loss: 2.3032 - accuracy: 0.0988
16/49 [========>.....................] - ETA: 13s - loss: 2.3032 - accuracy: 0.0989
17/49 [=========>....................] - ETA: 13s - loss: 2.3032 - accuracy: 0.0988
18/49 [==========>...................] - ETA: 13s - loss: 2.3033 - accuracy: 0.1000
19/49 [==========>...................] - ETA: 12s - loss: 2.3034 - accuracy: 0.1001
20/49 [===========>..................] - ETA: 12s - loss: 2.3034 - accuracy: 0.0997
21/49 [===========>..................] - ETA: 11s - loss: 2.3034 - accuracy: 0.1004
22/49 [============>.................] - ETA: 11s - loss: 2.3035 - accuracy: 0.1005
23/49 [=============>................] - ETA: 11s - loss: 2.3035 - accuracy: 0.1005
24/49 [=============>................] - ETA: 10s - loss: 2.3035 - accuracy: 0.1002
25/49 [==============>...............] - ETA: 10s - loss: 2.3035 - accuracy: 0.0999
26/49 [==============>...............] - ETA: 9s - loss: 2.3035 - accuracy: 0.0997 
27/49 [===============>..............] - ETA: 9s - loss: 2.3035 - accuracy: 0.1002
28/49 [================>.............] - ETA: 8s - loss: 2.3035 - accuracy: 0.1002
29/49 [================>.............] - ETA: 8s - loss: 2.3035 - accuracy: 0.0999
30/49 [=================>............] - ETA: 7s - loss: 2.3034 - accuracy: 0.1002
31/49 [=================>............] - ETA: 7s - loss: 2.3035 - accuracy: 0.1004
32/49 [==================>...........] - ETA: 7s - loss: 2.3035 - accuracy: 0.1003
33/49 [===================>..........] - ETA: 6s - loss: 2.3035 - accuracy: 0.1002
34/49 [===================>..........] - ETA: 6s - loss: 2.3035 - accuracy: 0.1002
35/49 [====================>.........] - ETA: 5s - loss: 2.3035 - accuracy: 0.1004
36/49 [=====================>........] - ETA: 5s - loss: 2.3035 - accuracy: 0.1007
37/49 [=====================>........] - ETA: 5s - loss: 2.3035 - accuracy: 0.1004
38/49 [======================>.......] - ETA: 4s - loss: 2.3035 - accuracy: 0.1002
39/49 [======================>.......] - ETA: 4s - loss: 2.3035 - accuracy: 0.1004
40/49 [=======================>......] - ETA: 3s - loss: 2.3035 - accuracy: 0.1002
41/49 [========================>.....] - ETA: 3s - loss: 2.3035 - accuracy: 0.1005
42/49 [========================>.....] - ETA: 3s - loss: 2.3035 - accuracy: 0.1003
43/49 [=========================>....] - ETA: 2s - loss: 2.3035 - accuracy: 0.1002
44/49 [=========================>....] - ETA: 2s - loss: 2.3035 - accuracy: 0.1001
45/49 [==========================>...] - ETA: 1s - loss: 2.3035 - accuracy: 0.0999
46/49 [===========================>..] - ETA: 1s - loss: 2.3036 - accuracy: 0.1001
47/49 [===========================>..] - ETA: 0s - loss: 2.3036 - accuracy: 0.0999
48/49 [============================>.] - ETA: 0s - loss: 2.3036 - accuracy: 0.0998
49/49 [==============================] - ETA: 0s - loss: 2.3036 - accuracy: 0.0999
49/49 [==============================] - 22s 449ms/step - loss: 2.3036 - accuracy: 0.0999 - val_loss: 2.3033 - val_accuracy: 0.1000
Epoch 6/105

 1/49 [..............................] - ETA: 23s - loss: 2.3015 - accuracy: 0.1162
 2/49 [>.............................] - ETA: 21s - loss: 2.3024 - accuracy: 0.1025
 3/49 [>.............................] - ETA: 21s - loss: 2.3027 - accuracy: 0.1006
 4/49 [=>............................] - ETA: 20s - loss: 2.3028 - accuracy: 0.1016
 5/49 [==>...........................] - ETA: 20s - loss: 2.3028 - accuracy: 0.1045
 6/49 [==>...........................] - ETA: 19s - loss: 2.3029 - accuracy: 0.1024
 7/49 [===>..........................] - ETA: 19s - loss: 2.3028 - accuracy: 0.1044
 8/49 [===>..........................] - ETA: 18s - loss: 2.3029 - accuracy: 0.1027
 9/49 [====>.........................] - ETA: 18s - loss: 2.3030 - accuracy: 0.1023
10/49 [=====>........................] - ETA: 17s - loss: 2.3033 - accuracy: 0.1012
11/49 [=====>........................] - ETA: 17s - loss: 2.3034 - accuracy: 0.1019
12/49 [======>.......................] - ETA: 17s - loss: 2.3033 - accuracy: 0.1014
13/49 [======>.......................] - ETA: 16s - loss: 2.3032 - accuracy: 0.1023
14/49 [=======>......................] - ETA: 16s - loss: 2.3031 - accuracy: 0.1016
15/49 [========>.....................] - ETA: 15s - loss: 2.3032 - accuracy: 0.1005
16/49 [========>.....................] - ETA: 15s - loss: 2.3032 - accuracy: 0.0998
17/49 [=========>....................] - ETA: 14s - loss: 2.3031 - accuracy: 0.1005
18/49 [==========>...................] - ETA: 13s - loss: 2.3031 - accuracy: 0.1005
19/49 [==========>...................] - ETA: 13s - loss: 2.3032 - accuracy: 0.1000
20/49 [===========>..................] - ETA: 12s - loss: 2.3032 - accuracy: 0.1005
21/49 [===========>..................] - ETA: 12s - loss: 2.3032 - accuracy: 0.1003
22/49 [============>.................] - ETA: 11s - loss: 2.3032 - accuracy: 0.1001
23/49 [=============>................] - ETA: 11s - loss: 2.3032 - accuracy: 0.1000
24/49 [=============>................] - ETA: 10s - loss: 2.3032 - accuracy: 0.1001
25/49 [==============>...............] - ETA: 10s - loss: 2.3032 - accuracy: 0.1000
26/49 [==============>...............] - ETA: 10s - loss: 2.3032 - accuracy: 0.0993
27/49 [===============>..............] - ETA: 9s - loss: 2.3032 - accuracy: 0.0990 
28/49 [================>.............] - ETA: 9s - loss: 2.3032 - accuracy: 0.0991
29/49 [================>.............] - ETA: 8s - loss: 2.3032 - accuracy: 0.0988
30/49 [=================>............] - ETA: 8s - loss: 2.3032 - accuracy: 0.0990
31/49 [=================>............] - ETA: 7s - loss: 2.3032 - accuracy: 0.0991
32/49 [==================>...........] - ETA: 7s - loss: 2.3032 - accuracy: 0.0989
33/49 [===================>..........] - ETA: 7s - loss: 2.3032 - accuracy: 0.0989
34/49 [===================>..........] - ETA: 6s - loss: 2.3033 - accuracy: 0.0984
35/49 [====================>.........] - ETA: 6s - loss: 2.3033 - accuracy: 0.0983
36/49 [=====================>........] - ETA: 5s - loss: 2.3033 - accuracy: 0.0985
37/49 [=====================>........] - ETA: 5s - loss: 2.3033 - accuracy: 0.0987
38/49 [======================>.......] - ETA: 4s - loss: 2.3033 - accuracy: 0.0989
39/49 [======================>.......] - ETA: 4s - loss: 2.3033 - accuracy: 0.0983
40/49 [=======================>......] - ETA: 3s - loss: 2.3033 - accuracy: 0.0983
41/49 [========================>.....] - ETA: 3s - loss: 2.3034 - accuracy: 0.0982
42/49 [========================>.....] - ETA: 3s - loss: 2.3034 - accuracy: 0.0984
43/49 [=========================>....] - ETA: 2s - loss: 2.3033 - accuracy: 0.0985
44/49 [=========================>....] - ETA: 2s - loss: 2.3033 - accuracy: 0.0986
45/49 [==========================>...] - ETA: 1s - loss: 2.3033 - accuracy: 0.0988
46/49 [===========================>..] - ETA: 1s - loss: 2.3033 - accuracy: 0.0988
47/49 [===========================>..] - ETA: 0s - loss: 2.3033 - accuracy: 0.0987
48/49 [============================>.] - ETA: 0s - loss: 2.3034 - accuracy: 0.0985
49/49 [==============================] - ETA: 0s - loss: 2.3033 - accuracy: 0.0988
49/49 [==============================] - 23s 460ms/step - loss: 2.3033 - accuracy: 0.0988 - val_loss: 2.3032 - val_accuracy: 0.1000
Epoch 7/105

 1/49 [..............................] - ETA: 23s - loss: 2.3055 - accuracy: 0.0908
 2/49 [>.............................] - ETA: 21s - loss: 2.3050 - accuracy: 0.0884
 3/49 [>.............................] - ETA: 21s - loss: 2.3041 - accuracy: 0.0954
 4/49 [=>............................] - ETA: 20s - loss: 2.3040 - accuracy: 0.0967
 5/49 [==>...........................] - ETA: 20s - loss: 2.3038 - accuracy: 0.0965
 6/49 [==>...........................] - ETA: 19s - loss: 2.3040 - accuracy: 0.0944
 7/49 [===>..........................] - ETA: 19s - loss: 2.3041 - accuracy: 0.0944
 8/49 [===>..........................] - ETA: 18s - loss: 2.3040 - accuracy: 0.0946
 9/49 [====>.........................] - ETA: 17s - loss: 2.3036 - accuracy: 0.0978
10/49 [=====>........................] - ETA: 16s - loss: 2.3035 - accuracy: 0.0986
11/49 [=====>........................] - ETA: 15s - loss: 2.3037 - accuracy: 0.0968
12/49 [======>.......................] - ETA: 14s - loss: 2.3038 - accuracy: 0.0976
13/49 [======>.......................] - ETA: 14s - loss: 2.3039 - accuracy: 0.0972
14/49 [=======>......................] - ETA: 14s - loss: 2.3037 - accuracy: 0.0988
15/49 [========>.....................] - ETA: 14s - loss: 2.3036 - accuracy: 0.0984
16/49 [========>.....................] - ETA: 13s - loss: 2.3037 - accuracy: 0.0991
17/49 [=========>....................] - ETA: 13s - loss: 2.3038 - accuracy: 0.0986
18/49 [==========>...................] - ETA: 13s - loss: 2.3039 - accuracy: 0.0981
19/49 [==========>...................] - ETA: 12s - loss: 2.3039 - accuracy: 0.0982
20/49 [===========>..................] - ETA: 12s - loss: 2.3038 - accuracy: 0.0985
21/49 [===========>..................] - ETA: 12s - loss: 2.3038 - accuracy: 0.0977
22/49 [============>.................] - ETA: 11s - loss: 2.3038 - accuracy: 0.0971
23/49 [=============>................] - ETA: 11s - loss: 2.3037 - accuracy: 0.0974
24/49 [=============>................] - ETA: 10s - loss: 2.3037 - accuracy: 0.0979
25/49 [==============>...............] - ETA: 10s - loss: 2.3037 - accuracy: 0.0985
26/49 [==============>...............] - ETA: 10s - loss: 2.3038 - accuracy: 0.0982
27/49 [===============>..............] - ETA: 9s - loss: 2.3038 - accuracy: 0.0985 
28/49 [================>.............] - ETA: 9s - loss: 2.3037 - accuracy: 0.0982
29/49 [================>.............] - ETA: 8s - loss: 2.3037 - accuracy: 0.0985
30/49 [=================>............] - ETA: 8s - loss: 2.3037 - accuracy: 0.0989
31/49 [=================>............] - ETA: 7s - loss: 2.3037 - accuracy: 0.0983
32/49 [==================>...........] - ETA: 7s - loss: 2.3038 - accuracy: 0.0980
33/49 [===================>..........] - ETA: 6s - loss: 2.3038 - accuracy: 0.0981
34/49 [===================>..........] - ETA: 6s - loss: 2.3038 - accuracy: 0.0977
35/49 [====================>.........] - ETA: 5s - loss: 2.3038 - accuracy: 0.0975
36/49 [=====================>........] - ETA: 5s - loss: 2.3038 - accuracy: 0.0974
37/49 [=====================>........] - ETA: 5s - loss: 2.3039 - accuracy: 0.0970
38/49 [======================>.......] - ETA: 4s - loss: 2.3039 - accuracy: 0.0968
39/49 [======================>.......] - ETA: 4s - loss: 2.3039 - accuracy: 0.0969
40/49 [=======================>......] - ETA: 3s - loss: 2.3040 - accuracy: 0.0965
41/49 [========================>.....] - ETA: 3s - loss: 2.3041 - accuracy: 0.0964
42/49 [========================>.....] - ETA: 3s - loss: 2.3041 - accuracy: 0.0961
43/49 [=========================>....] - ETA: 2s - loss: 2.3041 - accuracy: 0.0960
44/49 [=========================>....] - ETA: 2s - loss: 2.3040 - accuracy: 0.0963
45/49 [==========================>...] - ETA: 1s - loss: 2.3040 - accuracy: 0.0961
46/49 [===========================>..] - ETA: 1s - loss: 2.3040 - accuracy: 0.0965
47/49 [===========================>..] - ETA: 0s - loss: 2.3040 - accuracy: 0.0967
48/49 [============================>.] - ETA: 0s - loss: 2.3039 - accuracy: 0.0969
49/49 [==============================] - ETA: 0s - loss: 2.3039 - accuracy: 0.0971
49/49 [==============================] - 23s 460ms/step - loss: 2.3039 - accuracy: 0.0971 - val_loss: 2.3040 - val_accuracy: 0.1000
Epoch 8/105

 1/49 [..............................] - ETA: 15s - loss: 2.3048 - accuracy: 0.0947
 2/49 [>.............................] - ETA: 13s - loss: 2.3052 - accuracy: 0.1030
 3/49 [>.............................] - ETA: 13s - loss: 2.3041 - accuracy: 0.1081
 4/49 [=>............................] - ETA: 15s - loss: 2.3040 - accuracy: 0.1077
 5/49 [==>...........................] - ETA: 15s - loss: 2.3042 - accuracy: 0.1047
 6/49 [==>...........................] - ETA: 16s - loss: 2.3041 - accuracy: 0.1034
 7/49 [===>..........................] - ETA: 16s - loss: 2.3040 - accuracy: 0.1037
 8/49 [===>..........................] - ETA: 16s - loss: 2.3040 - accuracy: 0.1031
 9/49 [====>.........................] - ETA: 16s - loss: 2.3038 - accuracy: 0.1038
10/49 [=====>........................] - ETA: 16s - loss: 2.3038 - accuracy: 0.1046
11/49 [=====>........................] - ETA: 16s - loss: 2.3037 - accuracy: 0.1045
12/49 [======>.......................] - ETA: 15s - loss: 2.3038 - accuracy: 0.1039
13/49 [======>.......................] - ETA: 15s - loss: 2.3038 - accuracy: 0.1033
14/49 [=======>......................] - ETA: 15s - loss: 2.3038 - accuracy: 0.1038
15/49 [========>.....................] - ETA: 14s - loss: 2.3038 - accuracy: 0.1039
16/49 [========>.....................] - ETA: 14s - loss: 2.3038 - accuracy: 0.1040
17/49 [=========>....................] - ETA: 13s - loss: 2.3039 - accuracy: 0.1042
18/49 [==========>...................] - ETA: 13s - loss: 2.3038 - accuracy: 0.1040
19/49 [==========>...................] - ETA: 13s - loss: 2.3037 - accuracy: 0.1045
20/49 [===========>..................] - ETA: 12s - loss: 2.3037 - accuracy: 0.1047
21/49 [===========>..................] - ETA: 12s - loss: 2.3036 - accuracy: 0.1047
22/49 [============>.................] - ETA: 11s - loss: 2.3036 - accuracy: 0.1046
23/49 [=============>................] - ETA: 11s - loss: 2.3037 - accuracy: 0.1046
24/49 [=============>................] - ETA: 10s - loss: 2.3036 - accuracy: 0.1046
25/49 [==============>...............] - ETA: 10s - loss: 2.3036 - accuracy: 0.1046
26/49 [==============>...............] - ETA: 9s - loss: 2.3036 - accuracy: 0.1040 
27/49 [===============>..............] - ETA: 9s - loss: 2.3036 - accuracy: 0.1041
28/49 [================>.............] - ETA: 8s - loss: 2.3036 - accuracy: 0.1041
29/49 [================>.............] - ETA: 8s - loss: 2.3036 - accuracy: 0.1043
30/49 [=================>............] - ETA: 8s - loss: 2.3036 - accuracy: 0.1039
31/49 [=================>............] - ETA: 7s - loss: 2.3035 - accuracy: 0.1040
32/49 [==================>...........] - ETA: 7s - loss: 2.3035 - accuracy: 0.1037
33/49 [===================>..........] - ETA: 6s - loss: 2.3034 - accuracy: 0.1044
34/49 [===================>..........] - ETA: 6s - loss: 2.3035 - accuracy: 0.1044
35/49 [====================>.........] - ETA: 6s - loss: 2.3035 - accuracy: 0.1042
36/49 [=====================>........] - ETA: 5s - loss: 2.3035 - accuracy: 0.1041
37/49 [=====================>........] - ETA: 5s - loss: 2.3035 - accuracy: 0.1043
38/49 [======================>.......] - ETA: 4s - loss: 2.3035 - accuracy: 0.1042
39/49 [======================>.......] - ETA: 4s - loss: 2.3035 - accuracy: 0.1040
40/49 [=======================>......] - ETA: 3s - loss: 2.3035 - accuracy: 0.1039
41/49 [========================>.....] - ETA: 3s - loss: 2.3035 - accuracy: 0.1037
42/49 [========================>.....] - ETA: 3s - loss: 2.3035 - accuracy: 0.1039
43/49 [=========================>....] - ETA: 2s - loss: 2.3035 - accuracy: 0.1034
44/49 [=========================>....] - ETA: 2s - loss: 2.3036 - accuracy: 0.1033
45/49 [==========================>...] - ETA: 1s - loss: 2.3036 - accuracy: 0.1030
46/49 [===========================>..] - ETA: 1s - loss: 2.3036 - accuracy: 0.1029
47/49 [===========================>..] - ETA: 0s - loss: 2.3036 - accuracy: 0.1029
48/49 [============================>.] - ETA: 0s - loss: 2.3036 - accuracy: 0.1028
49/49 [==============================] - ETA: 0s - loss: 2.3036 - accuracy: 0.1026
49/49 [==============================] - 21s 438ms/step - loss: 2.3036 - accuracy: 0.1026 - val_loss: 2.3029 - val_accuracy: 0.1000
Epoch 9/105

 1/49 [..............................] - ETA: 10s - loss: 2.3029 - accuracy: 0.0889
 2/49 [>.............................] - ETA: 8s - loss: 2.3027 - accuracy: 0.0972 
 3/49 [>.............................] - ETA: 8s - loss: 2.3029 - accuracy: 0.0973
 4/49 [=>............................] - ETA: 8s - loss: 2.3027 - accuracy: 0.1013
 5/49 [==>...........................] - ETA: 8s - loss: 2.3027 - accuracy: 0.1045
 6/49 [==>...........................] - ETA: 7s - loss: 2.3029 - accuracy: 0.1043
 7/49 [===>..........................] - ETA: 7s - loss: 2.3029 - accuracy: 0.1024
 8/49 [===>..........................] - ETA: 7s - loss: 2.3027 - accuracy: 0.1041
 9/49 [====>.........................] - ETA: 7s - loss: 2.3029 - accuracy: 0.1021
10/49 [=====>........................] - ETA: 7s - loss: 2.3030 - accuracy: 0.1006
11/49 [=====>........................] - ETA: 7s - loss: 2.3032 - accuracy: 0.1014
12/49 [======>.......................] - ETA: 6s - loss: 2.3032 - accuracy: 0.1016
13/49 [======>.......................] - ETA: 6s - loss: 2.3031 - accuracy: 0.1021
14/49 [=======>......................] - ETA: 6s - loss: 2.3033 - accuracy: 0.1014
15/49 [========>.....................] - ETA: 6s - loss: 2.3033 - accuracy: 0.1014
16/49 [========>.....................] - ETA: 6s - loss: 2.3034 - accuracy: 0.1014
17/49 [=========>....................] - ETA: 5s - loss: 2.3036 - accuracy: 0.1015
18/49 [==========>...................] - ETA: 5s - loss: 2.3037 - accuracy: 0.1009
19/49 [==========>...................] - ETA: 5s - loss: 2.3038 - accuracy: 0.1006
20/49 [===========>..................] - ETA: 5s - loss: 2.3038 - accuracy: 0.1014
21/49 [===========>..................] - ETA: 5s - loss: 2.3038 - accuracy: 0.1007
22/49 [============>.................] - ETA: 4s - loss: 2.3038 - accuracy: 0.1011
23/49 [=============>................] - ETA: 4s - loss: 2.3037 - accuracy: 0.1016
24/49 [=============>................] - ETA: 4s - loss: 2.3038 - accuracy: 0.1019
25/49 [==============>...............] - ETA: 4s - loss: 2.3038 - accuracy: 0.1022
26/49 [==============>...............] - ETA: 4s - loss: 2.3038 - accuracy: 0.1021
27/49 [===============>..............] - ETA: 4s - loss: 2.3038 - accuracy: 0.1018
28/49 [================>.............] - ETA: 3s - loss: 2.3038 - accuracy: 0.1023
29/49 [================>.............] - ETA: 3s - loss: 2.3038 - accuracy: 0.1021
30/49 [=================>............] - ETA: 3s - loss: 2.3037 - accuracy: 0.1021
31/49 [=================>............] - ETA: 3s - loss: 2.3037 - accuracy: 0.1023
32/49 [==================>...........] - ETA: 3s - loss: 2.3037 - accuracy: 0.1021
33/49 [===================>..........] - ETA: 2s - loss: 2.3037 - accuracy: 0.1017
34/49 [===================>..........] - ETA: 2s - loss: 2.3036 - accuracy: 0.1012
35/49 [====================>.........] - ETA: 2s - loss: 2.3036 - accuracy: 0.1013
36/49 [=====================>........] - ETA: 2s - loss: 2.3036 - accuracy: 0.1013
37/49 [=====================>........] - ETA: 2s - loss: 2.3036 - accuracy: 0.1013
38/49 [======================>.......] - ETA: 2s - loss: 2.3036 - accuracy: 0.1010
39/49 [======================>.......] - ETA: 1s - loss: 2.3036 - accuracy: 0.1012
40/49 [=======================>......] - ETA: 1s - loss: 2.3036 - accuracy: 0.1013
41/49 [========================>.....] - ETA: 1s - loss: 2.3036 - accuracy: 0.1012
42/49 [========================>.....] - ETA: 1s - loss: 2.3036 - accuracy: 0.1011
43/49 [=========================>....] - ETA: 1s - loss: 2.3036 - accuracy: 0.1016
44/49 [=========================>....] - ETA: 0s - loss: 2.3036 - accuracy: 0.1016
45/49 [==========================>...] - ETA: 0s - loss: 2.3036 - accuracy: 0.1012
46/49 [===========================>..] - ETA: 0s - loss: 2.3037 - accuracy: 0.1009
47/49 [===========================>..] - ETA: 0s - loss: 2.3037 - accuracy: 0.1009
48/49 [============================>.] - ETA: 0s - loss: 2.3037 - accuracy: 0.1009
49/49 [==============================] - ETA: 0s - loss: 2.3037 - accuracy: 0.1010
49/49 [==============================] - 10s 204ms/step - loss: 2.3037 - accuracy: 0.1010 - val_loss: 2.3031 - val_accuracy: 0.1000
Epoch 10/105

 1/49 [..............................] - ETA: 13s - loss: 2.3041 - accuracy: 0.0967
 2/49 [>.............................] - ETA: 11s - loss: 2.3032 - accuracy: 0.1069
 3/49 [>.............................] - ETA: 11s - loss: 2.3026 - accuracy: 0.1068
 4/49 [=>............................] - ETA: 11s - loss: 2.3026 - accuracy: 0.1047
 5/49 [==>...........................] - ETA: 11s - loss: 2.3026 - accuracy: 0.1066
 6/49 [==>...........................] - ETA: 10s - loss: 2.3030 - accuracy: 0.1040
 7/49 [===>..........................] - ETA: 10s - loss: 2.3028 - accuracy: 0.1057
 8/49 [===>..........................] - ETA: 10s - loss: 2.3030 - accuracy: 0.1050
 9/49 [====>.........................] - ETA: 9s - loss: 2.3031 - accuracy: 0.1050 
10/49 [=====>........................] - ETA: 9s - loss: 2.3032 - accuracy: 0.1054
11/49 [=====>........................] - ETA: 9s - loss: 2.3035 - accuracy: 0.1040
12/49 [======>.......................] - ETA: 9s - loss: 2.3039 - accuracy: 0.1031
13/49 [======>.......................] - ETA: 8s - loss: 2.3039 - accuracy: 0.1033
14/49 [=======>......................] - ETA: 8s - loss: 2.3039 - accuracy: 0.1030
15/49 [========>.....................] - ETA: 8s - loss: 2.3039 - accuracy: 0.1018
16/49 [========>.....................] - ETA: 8s - loss: 2.3038 - accuracy: 0.1019
17/49 [=========>....................] - ETA: 7s - loss: 2.3039 - accuracy: 0.1013
18/49 [==========>...................] - ETA: 7s - loss: 2.3039 - accuracy: 0.1011
19/49 [==========>...................] - ETA: 7s - loss: 2.3039 - accuracy: 0.1014
20/49 [===========>..................] - ETA: 7s - loss: 2.3039 - accuracy: 0.1013
21/49 [===========>..................] - ETA: 6s - loss: 2.3038 - accuracy: 0.1011
22/49 [============>.................] - ETA: 6s - loss: 2.3041 - accuracy: 0.1008
23/49 [=============>................] - ETA: 6s - loss: 2.3040 - accuracy: 0.1014
24/49 [=============>................] - ETA: 6s - loss: 2.3041 - accuracy: 0.1015
25/49 [==============>...............] - ETA: 5s - loss: 2.3042 - accuracy: 0.1009
26/49 [==============>...............] - ETA: 5s - loss: 2.3042 - accuracy: 0.1009
27/49 [===============>..............] - ETA: 5s - loss: 2.3042 - accuracy: 0.1008
28/49 [================>.............] - ETA: 5s - loss: 2.3041 - accuracy: 0.1012
29/49 [================>.............] - ETA: 4s - loss: 2.3041 - accuracy: 0.1012
30/49 [=================>............] - ETA: 4s - loss: 2.3041 - accuracy: 0.1012
31/49 [=================>............] - ETA: 4s - loss: 2.3041 - accuracy: 0.1016
32/49 [==================>...........] - ETA: 4s - loss: 2.3041 - accuracy: 0.1015
33/49 [===================>..........] - ETA: 3s - loss: 2.3042 - accuracy: 0.1013
34/49 [===================>..........] - ETA: 3s - loss: 2.3042 - accuracy: 0.1010
35/49 [====================>.........] - ETA: 3s - loss: 2.3043 - accuracy: 0.1007
36/49 [=====================>........] - ETA: 3s - loss: 2.3043 - accuracy: 0.1006
37/49 [=====================>........] - ETA: 2s - loss: 2.3043 - accuracy: 0.1002
38/49 [======================>.......] - ETA: 2s - loss: 2.3042 - accuracy: 0.1001
39/49 [======================>.......] - ETA: 2s - loss: 2.3042 - accuracy: 0.1001
40/49 [=======================>......] - ETA: 2s - loss: 2.3043 - accuracy: 0.0999
41/49 [========================>.....] - ETA: 1s - loss: 2.3043 - accuracy: 0.0997
42/49 [========================>.....] - ETA: 1s - loss: 2.3043 - accuracy: 0.1001
43/49 [=========================>....] - ETA: 1s - loss: 2.3042 - accuracy: 0.1001
44/49 [=========================>....] - ETA: 1s - loss: 2.3042 - accuracy: 0.1003
45/49 [==========================>...] - ETA: 0s - loss: 2.3042 - accuracy: 0.1002
46/49 [===========================>..] - ETA: 0s - loss: 2.3042 - accuracy: 0.1003
47/49 [===========================>..] - ETA: 0s - loss: 2.3042 - accuracy: 0.1001
48/49 [============================>.] - ETA: 0s - loss: 2.3041 - accuracy: 0.0999
49/49 [==============================] - ETA: 0s - loss: 2.3041 - accuracy: 0.1000
49/49 [==============================] - 13s 265ms/step - loss: 2.3041 - accuracy: 0.1000 - val_loss: 2.3035 - val_accuracy: 0.1000
Epoch 11/105

 1/49 [..............................] - ETA: 13s - loss: 2.3040 - accuracy: 0.0928
 2/49 [>.............................] - ETA: 11s - loss: 2.3042 - accuracy: 0.0942
 3/49 [>.............................] - ETA: 11s - loss: 2.3042 - accuracy: 0.0938
 4/49 [=>............................] - ETA: 11s - loss: 2.3041 - accuracy: 0.0940
 5/49 [==>...........................] - ETA: 11s - loss: 2.3039 - accuracy: 0.0973
 6/49 [==>...........................] - ETA: 10s - loss: 2.3041 - accuracy: 0.0973
 7/49 [===>..........................] - ETA: 10s - loss: 2.3038 - accuracy: 0.0984
 8/49 [===>..........................] - ETA: 10s - loss: 2.3038 - accuracy: 0.0986
 9/49 [====>.........................] - ETA: 10s - loss: 2.3037 - accuracy: 0.0988
10/49 [=====>........................] - ETA: 9s - loss: 2.3037 - accuracy: 0.1010 
11/49 [=====>........................] - ETA: 9s - loss: 2.3038 - accuracy: 0.1011
12/49 [======>.......................] - ETA: 9s - loss: 2.3039 - accuracy: 0.1011
13/49 [======>.......................] - ETA: 9s - loss: 2.3036 - accuracy: 0.1018
14/49 [=======>......................] - ETA: 8s - loss: 2.3037 - accuracy: 0.1017
15/49 [========>.....................] - ETA: 8s - loss: 2.3036 - accuracy: 0.1025
16/49 [========>.....................] - ETA: 8s - loss: 2.3035 - accuracy: 0.1025
17/49 [=========>....................] - ETA: 8s - loss: 2.3035 - accuracy: 0.1023
18/49 [==========>...................] - ETA: 7s - loss: 2.3036 - accuracy: 0.1017
19/49 [==========>...................] - ETA: 7s - loss: 2.3036 - accuracy: 0.1016
20/49 [===========>..................] - ETA: 7s - loss: 2.3035 - accuracy: 0.1022
21/49 [===========>..................] - ETA: 7s - loss: 2.3036 - accuracy: 0.1019
22/49 [============>.................] - ETA: 6s - loss: 2.3035 - accuracy: 0.1021
23/49 [=============>................] - ETA: 6s - loss: 2.3035 - accuracy: 0.1022
24/49 [=============>................] - ETA: 6s - loss: 2.3035 - accuracy: 0.1025
25/49 [==============>...............] - ETA: 6s - loss: 2.3035 - accuracy: 0.1022
26/49 [==============>...............] - ETA: 5s - loss: 2.3036 - accuracy: 0.1018
27/49 [===============>..............] - ETA: 5s - loss: 2.3035 - accuracy: 0.1013
28/49 [================>.............] - ETA: 5s - loss: 2.3035 - accuracy: 0.1016
29/49 [================>.............] - ETA: 5s - loss: 2.3035 - accuracy: 0.1014
30/49 [=================>............] - ETA: 4s - loss: 2.3035 - accuracy: 0.1013
31/49 [=================>............] - ETA: 4s - loss: 2.3035 - accuracy: 0.1018
32/49 [==================>...........] - ETA: 4s - loss: 2.3035 - accuracy: 0.1016
33/49 [===================>..........] - ETA: 4s - loss: 2.3035 - accuracy: 0.1022
34/49 [===================>..........] - ETA: 3s - loss: 2.3035 - accuracy: 0.1023
35/49 [====================>.........] - ETA: 3s - loss: 2.3034 - accuracy: 0.1021
36/49 [=====================>........] - ETA: 3s - loss: 2.3034 - accuracy: 0.1022
37/49 [=====================>........] - ETA: 3s - loss: 2.3034 - accuracy: 0.1019
38/49 [======================>.......] - ETA: 2s - loss: 2.3034 - accuracy: 0.1017
39/49 [======================>.......] - ETA: 2s - loss: 2.3034 - accuracy: 0.1015
40/49 [=======================>......] - ETA: 2s - loss: 2.3035 - accuracy: 0.1010
41/49 [========================>.....] - ETA: 2s - loss: 2.3035 - accuracy: 0.1008
42/49 [========================>.....] - ETA: 1s - loss: 2.3034 - accuracy: 0.1008
43/49 [=========================>....] - ETA: 1s - loss: 2.3034 - accuracy: 0.1008
44/49 [=========================>....] - ETA: 1s - loss: 2.3034 - accuracy: 0.1010
45/49 [==========================>...] - ETA: 1s - loss: 2.3034 - accuracy: 0.1009
46/49 [===========================>..] - ETA: 0s - loss: 2.3034 - accuracy: 0.1009
47/49 [===========================>..] - ETA: 0s - loss: 2.3035 - accuracy: 0.1008
48/49 [============================>.] - ETA: 0s - loss: 2.3035 - accuracy: 0.1008
49/49 [==============================] - ETA: 0s - loss: 2.3036 - accuracy: 0.1007
49/49 [==============================] - 13s 266ms/step - loss: 2.3036 - accuracy: 0.1007 - val_loss: 2.3048 - val_accuracy: 0.1000
Epoch 12/105

 1/49 [..............................] - ETA: 13s - loss: 2.3030 - accuracy: 0.1016
 2/49 [>.............................] - ETA: 11s - loss: 2.3026 - accuracy: 0.1006
 3/49 [>.............................] - ETA: 11s - loss: 2.3032 - accuracy: 0.0960
 4/49 [=>............................] - ETA: 11s - loss: 2.3035 - accuracy: 0.0959
 5/49 [==>...........................] - ETA: 11s - loss: 2.3035 - accuracy: 0.0957
 6/49 [==>...........................] - ETA: 11s - loss: 2.3035 - accuracy: 0.0941
 7/49 [===>..........................] - ETA: 10s - loss: 2.3036 - accuracy: 0.0954
 8/49 [===>..........................] - ETA: 10s - loss: 2.3034 - accuracy: 0.0978
 9/49 [====>.........................] - ETA: 10s - loss: 2.3032 - accuracy: 0.0993
10/49 [=====>........................] - ETA: 9s - loss: 2.3033 - accuracy: 0.1005 
11/49 [=====>........................] - ETA: 9s - loss: 2.3035 - accuracy: 0.1003
12/49 [======>.......................] - ETA: 9s - loss: 2.3040 - accuracy: 0.0993
13/49 [======>.......................] - ETA: 9s - loss: 2.3039 - accuracy: 0.1007
14/49 [=======>......................] - ETA: 8s - loss: 2.3042 - accuracy: 0.1002
15/49 [========>.....................] - ETA: 8s - loss: 2.3040 - accuracy: 0.1007
16/49 [========>.....................] - ETA: 8s - loss: 2.3042 - accuracy: 0.0996
17/49 [=========>....................] - ETA: 8s - loss: 2.3042 - accuracy: 0.0990
18/49 [==========>...................] - ETA: 7s - loss: 2.3042 - accuracy: 0.0998
19/49 [==========>...................] - ETA: 7s - loss: 2.3042 - accuracy: 0.0995
20/49 [===========>..................] - ETA: 7s - loss: 2.3041 - accuracy: 0.0997
21/49 [===========>..................] - ETA: 7s - loss: 2.3042 - accuracy: 0.0990
22/49 [============>.................] - ETA: 6s - loss: 2.3042 - accuracy: 0.0995
23/49 [=============>................] - ETA: 6s - loss: 2.3042 - accuracy: 0.0990
24/49 [=============>................] - ETA: 6s - loss: 2.3042 - accuracy: 0.0989
25/49 [==============>...............] - ETA: 6s - loss: 2.3044 - accuracy: 0.0983
26/49 [==============>...............] - ETA: 5s - loss: 2.3043 - accuracy: 0.0985
27/49 [===============>..............] - ETA: 5s - loss: 2.3043 - accuracy: 0.0985
28/49 [================>.............] - ETA: 5s - loss: 2.3043 - accuracy: 0.0986
29/49 [================>.............] - ETA: 5s - loss: 2.3043 - accuracy: 0.0986
30/49 [=================>............] - ETA: 4s - loss: 2.3042 - accuracy: 0.0993
31/49 [=================>............] - ETA: 4s - loss: 2.3041 - accuracy: 0.0994
32/49 [==================>...........] - ETA: 4s - loss: 2.3041 - accuracy: 0.0991
33/49 [===================>..........] - ETA: 4s - loss: 2.3042 - accuracy: 0.0991
34/49 [===================>..........] - ETA: 3s - loss: 2.3042 - accuracy: 0.0990
35/49 [====================>.........] - ETA: 3s - loss: 2.3042 - accuracy: 0.0992
36/49 [=====================>........] - ETA: 3s - loss: 2.3041 - accuracy: 0.0993
37/49 [=====================>........] - ETA: 3s - loss: 2.3041 - accuracy: 0.0992
38/49 [======================>.......] - ETA: 2s - loss: 2.3041 - accuracy: 0.0995
39/49 [======================>.......] - ETA: 2s - loss: 2.3041 - accuracy: 0.0995
40/49 [=======================>......] - ETA: 2s - loss: 2.3041 - accuracy: 0.0998
41/49 [========================>.....] - ETA: 2s - loss: 2.3040 - accuracy: 0.0997
42/49 [========================>.....] - ETA: 1s - loss: 2.3040 - accuracy: 0.0995
43/49 [=========================>....] - ETA: 1s - loss: 2.3041 - accuracy: 0.0996
44/49 [=========================>....] - ETA: 1s - loss: 2.3041 - accuracy: 0.0994
45/49 [==========================>...] - ETA: 1s - loss: 2.3041 - accuracy: 0.0997
46/49 [===========================>..] - ETA: 0s - loss: 2.3041 - accuracy: 0.0999
47/49 [===========================>..] - ETA: 0s - loss: 2.3040 - accuracy: 0.1002
48/49 [============================>.] - ETA: 0s - loss: 2.3040 - accuracy: 0.1005
49/49 [==============================] - ETA: 0s - loss: 2.3040 - accuracy: 0.1002
49/49 [==============================] - 13s 268ms/step - loss: 2.3040 - accuracy: 0.1002 - val_loss: 2.3040 - val_accuracy: 0.1000
Epoch 13/105

 1/49 [..............................] - ETA: 13s - loss: 2.3043 - accuracy: 0.0928
 2/49 [>.............................] - ETA: 11s - loss: 2.3051 - accuracy: 0.0962
 3/49 [>.............................] - ETA: 11s - loss: 2.3044 - accuracy: 0.0970
 4/49 [=>............................] - ETA: 11s - loss: 2.3036 - accuracy: 0.0981
 5/49 [==>...........................] - ETA: 11s - loss: 2.3035 - accuracy: 0.0951
 6/49 [==>...........................] - ETA: 11s - loss: 2.3033 - accuracy: 0.0957
 7/49 [===>..........................] - ETA: 10s - loss: 2.3036 - accuracy: 0.0961
 8/49 [===>..........................] - ETA: 10s - loss: 2.3036 - accuracy: 0.0961
 9/49 [====>.........................] - ETA: 10s - loss: 2.3035 - accuracy: 0.0964
10/49 [=====>........................] - ETA: 9s - loss: 2.3037 - accuracy: 0.0958 
11/49 [=====>........................] - ETA: 9s - loss: 2.3034 - accuracy: 0.0963
12/49 [======>.......................] - ETA: 9s - loss: 2.3035 - accuracy: 0.0968
13/49 [======>.......................] - ETA: 9s - loss: 2.3036 - accuracy: 0.0971
14/49 [=======>......................] - ETA: 8s - loss: 2.3036 - accuracy: 0.0973
15/49 [========>.....................] - ETA: 8s - loss: 2.3037 - accuracy: 0.0975
16/49 [========>.....................] - ETA: 8s - loss: 2.3037 - accuracy: 0.0966
17/49 [=========>....................] - ETA: 8s - loss: 2.3036 - accuracy: 0.0968
18/49 [==========>...................] - ETA: 7s - loss: 2.3035 - accuracy: 0.0969
19/49 [==========>...................] - ETA: 7s - loss: 2.3035 - accuracy: 0.0975
20/49 [===========>..................] - ETA: 7s - loss: 2.3035 - accuracy: 0.0979
21/49 [===========>..................] - ETA: 7s - loss: 2.3035 - accuracy: 0.0980
22/49 [============>.................] - ETA: 6s - loss: 2.3036 - accuracy: 0.0978
23/49 [=============>................] - ETA: 6s - loss: 2.3037 - accuracy: 0.0970
24/49 [=============>................] - ETA: 6s - loss: 2.3037 - accuracy: 0.0969
25/49 [==============>...............] - ETA: 6s - loss: 2.3037 - accuracy: 0.0966
26/49 [==============>...............] - ETA: 5s - loss: 2.3037 - accuracy: 0.0966
27/49 [===============>..............] - ETA: 5s - loss: 2.3037 - accuracy: 0.0966
28/49 [================>.............] - ETA: 5s - loss: 2.3037 - accuracy: 0.0965
29/49 [================>.............] - ETA: 5s - loss: 2.3037 - accuracy: 0.0960
30/49 [=================>............] - ETA: 4s - loss: 2.3037 - accuracy: 0.0959
31/49 [=================>............] - ETA: 4s - loss: 2.3036 - accuracy: 0.0957
32/49 [==================>...........] - ETA: 4s - loss: 2.3037 - accuracy: 0.0958
33/49 [===================>..........] - ETA: 4s - loss: 2.3037 - accuracy: 0.0959
34/49 [===================>..........] - ETA: 3s - loss: 2.3037 - accuracy: 0.0961
35/49 [====================>.........] - ETA: 3s - loss: 2.3037 - accuracy: 0.0962
36/49 [=====================>........] - ETA: 3s - loss: 2.3036 - accuracy: 0.0962
37/49 [=====================>........] - ETA: 3s - loss: 2.3037 - accuracy: 0.0960
38/49 [======================>.......] - ETA: 2s - loss: 2.3037 - accuracy: 0.0960
39/49 [======================>.......] - ETA: 2s - loss: 2.3037 - accuracy: 0.0960
40/49 [=======================>......] - ETA: 2s - loss: 2.3037 - accuracy: 0.0963
41/49 [========================>.....] - ETA: 2s - loss: 2.3038 - accuracy: 0.0963
42/49 [========================>.....] - ETA: 1s - loss: 2.3038 - accuracy: 0.0965
43/49 [=========================>....] - ETA: 1s - loss: 2.3038 - accuracy: 0.0967
44/49 [=========================>....] - ETA: 1s - loss: 2.3038 - accuracy: 0.0966
45/49 [==========================>...] - ETA: 1s - loss: 2.3038 - accuracy: 0.0972
46/49 [===========================>..] - ETA: 0s - loss: 2.3038 - accuracy: 0.0970
47/49 [===========================>..] - ETA: 0s - loss: 2.3038 - accuracy: 0.0972
48/49 [============================>.] - ETA: 0s - loss: 2.3038 - accuracy: 0.0972
49/49 [==============================] - ETA: 0s - loss: 2.3038 - accuracy: 0.0970
49/49 [==============================] - 13s 269ms/step - loss: 2.3038 - accuracy: 0.0970 - val_loss: 2.3038 - val_accuracy: 0.1000
Epoch 13: early stopping

  1/313 [..............................] - ETA: 4s - loss: 2.3147 - accuracy: 0.0938
 23/313 [=>............................] - ETA: 0s - loss: 2.3063 - accuracy: 0.0938
 50/313 [===>..........................] - ETA: 0s - loss: 2.3046 - accuracy: 0.0981
 77/313 [======>.......................] - ETA: 0s - loss: 2.3048 - accuracy: 0.0946
101/313 [========>.....................] - ETA: 0s - loss: 2.3043 - accuracy: 0.0965
123/313 [==========>...................] - ETA: 0s - loss: 2.3034 - accuracy: 0.0988
146/313 [============>.................] - ETA: 0s - loss: 2.3034 - accuracy: 0.0993
171/313 [===============>..............] - ETA: 0s - loss: 2.3034 - accuracy: 0.1007
197/313 [=================>............] - ETA: 0s - loss: 2.3032 - accuracy: 0.1010
217/313 [===================>..........] - ETA: 0s - loss: 2.3034 - accuracy: 0.1002
238/313 [=====================>........] - ETA: 0s - loss: 2.3033 - accuracy: 0.1004
264/313 [========================>.....] - ETA: 0s - loss: 2.3037 - accuracy: 0.0993
292/313 [==========================>...] - ETA: 0s - loss: 2.3037 - accuracy: 0.0999
313/313 [==============================] - 1s 2ms/step - loss: 2.3038 - accuracy: 0.1000
