2024-06-26 17:27:48.783421: I tensorflow/core/platform/cpu_feature_guard.cc:193] This TensorFlow binary is optimized with oneAPI Deep Neural Network Library (oneDNN) to use the following CPU instructions in performance-critical operations:  AVX AVX2
To enable them in other operations, rebuild TensorFlow with the appropriate compiler flags.
2024-06-26 17:27:49.332440: I tensorflow/core/common_runtime/gpu/gpu_device.cc:1616] Created device /job:localhost/replica:0/task:0/device:GPU:0 with 6656 MB memory:  -> device: 0, name: NVIDIA GeForce RTX 4060 Ti, pci bus id: 0000:01:00.0, compute capability: 8.9
1 Physical GPUs, 1 Logical GPUs
Model: "sequential"
_________________________________________________________________
 Layer (type)                Output Shape              Param #   
=================================================================
 conv2d (Conv2D)             (None, 32, 32, 32)        896       
                                                                 
 dropout (Dropout)           (None, 32, 32, 32)        0         
                                                                 
 flatten (Flatten)           (None, 32768)             0         
                                                                 
 dense (Dense)               (None, 10)                327690    
                                                                 
=================================================================
Total params: 328,586
Trainable params: 328,586
Non-trainable params: 0
_________________________________________________________________
Taxa de aprendizado:  0.0001 Num de épocas:  44 Tamanho do lote:  256 Dropout:  0.47044
Epoch 1/44
2024-06-26 17:27:50.599087: I tensorflow/stream_executor/cuda/cuda_dnn.cc:384] Loaded cuDNN version 8100
2024-06-26 17:27:51.413671: W tensorflow/stream_executor/gpu/redzone_allocator.cc:314] INTERNAL: ptxas exited with non-zero error code -1, output: 
Relying on driver to perform ptx compilation. 
Modify $PATH to customize ptxas location.
This message will be only logged once.
2024-06-26 17:27:52.124958: I tensorflow/stream_executor/cuda/cuda_blas.cc:1614] TensorFloat-32 will be used for the matrix multiplication. This will only be logged once.

  1/196 [..............................] - ETA: 8:55 - loss: 2.3387 - accuracy: 0.0938
 10/196 [>.............................] - ETA: 1s - loss: 2.2969 - accuracy: 0.1227  
 19/196 [=>............................] - ETA: 1s - loss: 2.2522 - accuracy: 0.1585
 28/196 [===>..........................] - ETA: 1s - loss: 2.2177 - accuracy: 0.1755
 38/196 [====>.........................] - ETA: 1s - loss: 2.1816 - accuracy: 0.1968
 47/196 [======>.......................] - ETA: 1s - loss: 2.1522 - accuracy: 0.2143
 55/196 [=======>......................] - ETA: 0s - loss: 2.1319 - accuracy: 0.2240
 65/196 [========>.....................] - ETA: 0s - loss: 2.1106 - accuracy: 0.2350
 74/196 [==========>...................] - ETA: 0s - loss: 2.0882 - accuracy: 0.2454
 84/196 [===========>..................] - ETA: 0s - loss: 2.0675 - accuracy: 0.2548
 93/196 [=============>................] - ETA: 0s - loss: 2.0505 - accuracy: 0.2636
102/196 [==============>...............] - ETA: 0s - loss: 2.0367 - accuracy: 0.2704
110/196 [===============>..............] - ETA: 0s - loss: 2.0264 - accuracy: 0.2759
120/196 [=================>............] - ETA: 0s - loss: 2.0139 - accuracy: 0.2804
129/196 [==================>...........] - ETA: 0s - loss: 1.9993 - accuracy: 0.2877
138/196 [====================>.........] - ETA: 0s - loss: 1.9893 - accuracy: 0.2932
148/196 [=====================>........] - ETA: 0s - loss: 1.9794 - accuracy: 0.2970
158/196 [=======================>......] - ETA: 0s - loss: 1.9710 - accuracy: 0.3008
168/196 [========================>.....] - ETA: 0s - loss: 1.9632 - accuracy: 0.3037
177/196 [==========================>...] - ETA: 0s - loss: 1.9552 - accuracy: 0.3074
187/196 [===========================>..] - ETA: 0s - loss: 1.9459 - accuracy: 0.3114
196/196 [==============================] - 5s 11ms/step - loss: 1.9386 - accuracy: 0.3142 - val_loss: 1.7665 - val_accuracy: 0.3930
Epoch 2/44

  1/196 [..............................] - ETA: 6s - loss: 1.8262 - accuracy: 0.3750
 10/196 [>.............................] - ETA: 1s - loss: 1.7953 - accuracy: 0.3801
 19/196 [=>............................] - ETA: 1s - loss: 1.7919 - accuracy: 0.3828
 28/196 [===>..........................] - ETA: 1s - loss: 1.7898 - accuracy: 0.3842
 38/196 [====>.........................] - ETA: 1s - loss: 1.7943 - accuracy: 0.3837
 47/196 [======>.......................] - ETA: 1s - loss: 1.7832 - accuracy: 0.3859
 57/196 [=======>......................] - ETA: 0s - loss: 1.7737 - accuracy: 0.3894
 66/196 [=========>....................] - ETA: 0s - loss: 1.7657 - accuracy: 0.3925
 76/196 [==========>...................] - ETA: 0s - loss: 1.7611 - accuracy: 0.3926
 85/196 [============>.................] - ETA: 0s - loss: 1.7569 - accuracy: 0.3942
 95/196 [=============>................] - ETA: 0s - loss: 1.7526 - accuracy: 0.3955
105/196 [===============>..............] - ETA: 0s - loss: 1.7488 - accuracy: 0.3974
113/196 [================>.............] - ETA: 0s - loss: 1.7480 - accuracy: 0.3970
121/196 [=================>............] - ETA: 0s - loss: 1.7473 - accuracy: 0.3975
130/196 [==================>...........] - ETA: 0s - loss: 1.7452 - accuracy: 0.3987
139/196 [====================>.........] - ETA: 0s - loss: 1.7441 - accuracy: 0.3993
149/196 [=====================>........] - ETA: 0s - loss: 1.7410 - accuracy: 0.4004
157/196 [=======================>......] - ETA: 0s - loss: 1.7401 - accuracy: 0.4002
166/196 [========================>.....] - ETA: 0s - loss: 1.7377 - accuracy: 0.4010
175/196 [=========================>....] - ETA: 0s - loss: 1.7359 - accuracy: 0.4014
185/196 [===========================>..] - ETA: 0s - loss: 1.7337 - accuracy: 0.4020
195/196 [============================>.] - ETA: 0s - loss: 1.7322 - accuracy: 0.4026
196/196 [==============================] - 2s 9ms/step - loss: 1.7321 - accuracy: 0.4025 - val_loss: 1.6772 - val_accuracy: 0.4261
Epoch 3/44

  1/196 [..............................] - ETA: 3s - loss: 1.6692 - accuracy: 0.4219
  9/196 [>.............................] - ETA: 1s - loss: 1.6612 - accuracy: 0.4240
 18/196 [=>............................] - ETA: 1s - loss: 1.6819 - accuracy: 0.4136
 27/196 [===>..........................] - ETA: 1s - loss: 1.6816 - accuracy: 0.4161
 36/196 [====>.........................] - ETA: 1s - loss: 1.6779 - accuracy: 0.4214
 44/196 [=====>........................] - ETA: 1s - loss: 1.6727 - accuracy: 0.4236
 51/196 [======>.......................] - ETA: 1s - loss: 1.6711 - accuracy: 0.4235
 59/196 [========>.....................] - ETA: 1s - loss: 1.6740 - accuracy: 0.4219
 66/196 [=========>....................] - ETA: 0s - loss: 1.6732 - accuracy: 0.4215
 75/196 [==========>...................] - ETA: 0s - loss: 1.6741 - accuracy: 0.4216
 84/196 [===========>..................] - ETA: 0s - loss: 1.6713 - accuracy: 0.4223
 93/196 [=============>................] - ETA: 0s - loss: 1.6699 - accuracy: 0.4249
102/196 [==============>...............] - ETA: 0s - loss: 1.6705 - accuracy: 0.4244
111/196 [===============>..............] - ETA: 0s - loss: 1.6685 - accuracy: 0.4257
121/196 [=================>............] - ETA: 0s - loss: 1.6660 - accuracy: 0.4263
129/196 [==================>...........] - ETA: 0s - loss: 1.6636 - accuracy: 0.4268
137/196 [===================>..........] - ETA: 0s - loss: 1.6627 - accuracy: 0.4266
147/196 [=====================>........] - ETA: 0s - loss: 1.6616 - accuracy: 0.4263
156/196 [======================>.......] - ETA: 0s - loss: 1.6613 - accuracy: 0.4262
166/196 [========================>.....] - ETA: 0s - loss: 1.6604 - accuracy: 0.4266
175/196 [=========================>....] - ETA: 0s - loss: 1.6607 - accuracy: 0.4263
184/196 [===========================>..] - ETA: 0s - loss: 1.6602 - accuracy: 0.4267
194/196 [============================>.] - ETA: 0s - loss: 1.6595 - accuracy: 0.4275
196/196 [==============================] - 2s 9ms/step - loss: 1.6598 - accuracy: 0.4273 - val_loss: 1.6165 - val_accuracy: 0.4487
Epoch 4/44

  1/196 [..............................] - ETA: 3s - loss: 1.6181 - accuracy: 0.4570
 10/196 [>.............................] - ETA: 1s - loss: 1.6451 - accuracy: 0.4422
 20/196 [==>...........................] - ETA: 1s - loss: 1.6311 - accuracy: 0.4514
 30/196 [===>..........................] - ETA: 1s - loss: 1.6293 - accuracy: 0.4462
 39/196 [====>.........................] - ETA: 1s - loss: 1.6287 - accuracy: 0.4459
 48/196 [======>.......................] - ETA: 0s - loss: 1.6235 - accuracy: 0.4463
 58/196 [=======>......................] - ETA: 0s - loss: 1.6229 - accuracy: 0.4465
 66/196 [=========>....................] - ETA: 0s - loss: 1.6188 - accuracy: 0.4472
 74/196 [==========>...................] - ETA: 0s - loss: 1.6148 - accuracy: 0.4483
 83/196 [===========>..................] - ETA: 0s - loss: 1.6118 - accuracy: 0.4479
 93/196 [=============>................] - ETA: 0s - loss: 1.6133 - accuracy: 0.4483
102/196 [==============>...............] - ETA: 0s - loss: 1.6131 - accuracy: 0.4475
110/196 [===============>..............] - ETA: 0s - loss: 1.6133 - accuracy: 0.4464
120/196 [=================>............] - ETA: 0s - loss: 1.6126 - accuracy: 0.4469
129/196 [==================>...........] - ETA: 0s - loss: 1.6118 - accuracy: 0.4466
139/196 [====================>.........] - ETA: 0s - loss: 1.6106 - accuracy: 0.4471
149/196 [=====================>........] - ETA: 0s - loss: 1.6099 - accuracy: 0.4476
159/196 [=======================>......] - ETA: 0s - loss: 1.6079 - accuracy: 0.4486
169/196 [========================>.....] - ETA: 0s - loss: 1.6066 - accuracy: 0.4501
179/196 [==========================>...] - ETA: 0s - loss: 1.6061 - accuracy: 0.4504
186/196 [===========================>..] - ETA: 0s - loss: 1.6063 - accuracy: 0.4501
196/196 [==============================] - ETA: 0s - loss: 1.6040 - accuracy: 0.4520
196/196 [==============================] - 2s 9ms/step - loss: 1.6040 - accuracy: 0.4520 - val_loss: 1.5714 - val_accuracy: 0.4654
Epoch 5/44

  1/196 [..............................] - ETA: 3s - loss: 1.5516 - accuracy: 0.4844
  9/196 [>.............................] - ETA: 1s - loss: 1.5645 - accuracy: 0.4696
 18/196 [=>............................] - ETA: 1s - loss: 1.5749 - accuracy: 0.4616
 28/196 [===>..........................] - ETA: 1s - loss: 1.5698 - accuracy: 0.4628
 37/196 [====>.........................] - ETA: 1s - loss: 1.5720 - accuracy: 0.4606
 47/196 [======>.......................] - ETA: 1s - loss: 1.5694 - accuracy: 0.4633
 56/196 [=======>......................] - ETA: 0s - loss: 1.5675 - accuracy: 0.4644
 65/196 [========>.....................] - ETA: 0s - loss: 1.5657 - accuracy: 0.4649
 74/196 [==========>...................] - ETA: 0s - loss: 1.5645 - accuracy: 0.4651
 84/196 [===========>..................] - ETA: 0s - loss: 1.5638 - accuracy: 0.4663
 93/196 [=============>................] - ETA: 0s - loss: 1.5622 - accuracy: 0.4679
103/196 [==============>...............] - ETA: 0s - loss: 1.5596 - accuracy: 0.4685
111/196 [===============>..............] - ETA: 0s - loss: 1.5601 - accuracy: 0.4684
120/196 [=================>............] - ETA: 0s - loss: 1.5596 - accuracy: 0.4686
129/196 [==================>...........] - ETA: 0s - loss: 1.5594 - accuracy: 0.4692
138/196 [====================>.........] - ETA: 0s - loss: 1.5578 - accuracy: 0.4706
146/196 [=====================>........] - ETA: 0s - loss: 1.5588 - accuracy: 0.4697
155/196 [======================>.......] - ETA: 0s - loss: 1.5595 - accuracy: 0.4690
165/196 [========================>.....] - ETA: 0s - loss: 1.5580 - accuracy: 0.4696
173/196 [=========================>....] - ETA: 0s - loss: 1.5575 - accuracy: 0.4700
183/196 [===========================>..] - ETA: 0s - loss: 1.5563 - accuracy: 0.4702
191/196 [============================>.] - ETA: 0s - loss: 1.5557 - accuracy: 0.4707
196/196 [==============================] - 2s 10ms/step - loss: 1.5559 - accuracy: 0.4705 - val_loss: 1.5340 - val_accuracy: 0.4804
Epoch 6/44

  1/196 [..............................] - ETA: 6s - loss: 1.5553 - accuracy: 0.4844
 11/196 [>.............................] - ETA: 1s - loss: 1.5223 - accuracy: 0.4883
 20/196 [==>...........................] - ETA: 1s - loss: 1.5389 - accuracy: 0.4766
 29/196 [===>..........................] - ETA: 1s - loss: 1.5398 - accuracy: 0.4794
 39/196 [====>.........................] - ETA: 1s - loss: 1.5395 - accuracy: 0.4776
 48/196 [======>.......................] - ETA: 0s - loss: 1.5358 - accuracy: 0.4777
 57/196 [=======>......................] - ETA: 0s - loss: 1.5377 - accuracy: 0.4780
 66/196 [=========>....................] - ETA: 0s - loss: 1.5368 - accuracy: 0.4772
 74/196 [==========>...................] - ETA: 0s - loss: 1.5297 - accuracy: 0.4798
 83/196 [===========>..................] - ETA: 0s - loss: 1.5282 - accuracy: 0.4798
 92/196 [=============>................] - ETA: 0s - loss: 1.5270 - accuracy: 0.4812
101/196 [==============>...............] - ETA: 0s - loss: 1.5257 - accuracy: 0.4817
111/196 [===============>..............] - ETA: 0s - loss: 1.5236 - accuracy: 0.4816
120/196 [=================>............] - ETA: 0s - loss: 1.5219 - accuracy: 0.4813
129/196 [==================>...........] - ETA: 0s - loss: 1.5214 - accuracy: 0.4820
137/196 [===================>..........] - ETA: 0s - loss: 1.5208 - accuracy: 0.4819
145/196 [=====================>........] - ETA: 0s - loss: 1.5200 - accuracy: 0.4815
153/196 [======================>.......] - ETA: 0s - loss: 1.5193 - accuracy: 0.4822
162/196 [=======================>......] - ETA: 0s - loss: 1.5179 - accuracy: 0.4819
172/196 [=========================>....] - ETA: 0s - loss: 1.5171 - accuracy: 0.4821
181/196 [==========================>...] - ETA: 0s - loss: 1.5175 - accuracy: 0.4819
191/196 [============================>.] - ETA: 0s - loss: 1.5169 - accuracy: 0.4816
196/196 [==============================] - 2s 9ms/step - loss: 1.5170 - accuracy: 0.4811 - val_loss: 1.5011 - val_accuracy: 0.4851
Epoch 7/44

  1/196 [..............................] - ETA: 3s - loss: 1.5105 - accuracy: 0.4766
  8/196 [>.............................] - ETA: 1s - loss: 1.4838 - accuracy: 0.4971
 17/196 [=>............................] - ETA: 1s - loss: 1.4829 - accuracy: 0.4993
 26/196 [==>...........................] - ETA: 1s - loss: 1.4989 - accuracy: 0.4890
 34/196 [====>.........................] - ETA: 1s - loss: 1.4975 - accuracy: 0.4879
 43/196 [=====>........................] - ETA: 1s - loss: 1.4965 - accuracy: 0.4877
 51/196 [======>.......................] - ETA: 1s - loss: 1.4934 - accuracy: 0.4922
 60/196 [========>.....................] - ETA: 0s - loss: 1.4897 - accuracy: 0.4944
 69/196 [=========>....................] - ETA: 0s - loss: 1.4893 - accuracy: 0.4946
 78/196 [==========>...................] - ETA: 0s - loss: 1.4853 - accuracy: 0.4963
 87/196 [============>.................] - ETA: 0s - loss: 1.4839 - accuracy: 0.4973
 97/196 [=============>................] - ETA: 0s - loss: 1.4801 - accuracy: 0.4986
106/196 [===============>..............] - ETA: 0s - loss: 1.4804 - accuracy: 0.4984
116/196 [================>.............] - ETA: 0s - loss: 1.4802 - accuracy: 0.4985
125/196 [==================>...........] - ETA: 0s - loss: 1.4800 - accuracy: 0.4975
136/196 [===================>..........] - ETA: 0s - loss: 1.4790 - accuracy: 0.4974
145/196 [=====================>........] - ETA: 0s - loss: 1.4787 - accuracy: 0.4978
155/196 [======================>.......] - ETA: 0s - loss: 1.4813 - accuracy: 0.4972
164/196 [========================>.....] - ETA: 0s - loss: 1.4809 - accuracy: 0.4973
173/196 [=========================>....] - ETA: 0s - loss: 1.4819 - accuracy: 0.4971
183/196 [===========================>..] - ETA: 0s - loss: 1.4806 - accuracy: 0.4973
192/196 [============================>.] - ETA: 0s - loss: 1.4804 - accuracy: 0.4974
196/196 [==============================] - 2s 9ms/step - loss: 1.4801 - accuracy: 0.4974 - val_loss: 1.4668 - val_accuracy: 0.5009
Epoch 8/44

  1/196 [..............................] - ETA: 3s - loss: 1.4315 - accuracy: 0.5117
 10/196 [>.............................] - ETA: 1s - loss: 1.4389 - accuracy: 0.5074
 20/196 [==>...........................] - ETA: 1s - loss: 1.4530 - accuracy: 0.5102
 29/196 [===>..........................] - ETA: 1s - loss: 1.4543 - accuracy: 0.5081
 39/196 [====>.........................] - ETA: 1s - loss: 1.4511 - accuracy: 0.5095
 48/196 [======>.......................] - ETA: 0s - loss: 1.4504 - accuracy: 0.5112
 58/196 [=======>......................] - ETA: 0s - loss: 1.4560 - accuracy: 0.5084
 68/196 [=========>....................] - ETA: 0s - loss: 1.4544 - accuracy: 0.5083
 77/196 [==========>...................] - ETA: 0s - loss: 1.4535 - accuracy: 0.5092
 88/196 [============>.................] - ETA: 0s - loss: 1.4548 - accuracy: 0.5090
 97/196 [=============>................] - ETA: 0s - loss: 1.4548 - accuracy: 0.5086
106/196 [===============>..............] - ETA: 0s - loss: 1.4506 - accuracy: 0.5108
114/196 [================>.............] - ETA: 0s - loss: 1.4505 - accuracy: 0.5090
123/196 [=================>............] - ETA: 0s - loss: 1.4518 - accuracy: 0.5075
132/196 [===================>..........] - ETA: 0s - loss: 1.4503 - accuracy: 0.5081
141/196 [====================>.........] - ETA: 0s - loss: 1.4518 - accuracy: 0.5072
151/196 [======================>.......] - ETA: 0s - loss: 1.4503 - accuracy: 0.5070
161/196 [=======================>......] - ETA: 0s - loss: 1.4503 - accuracy: 0.5072
170/196 [=========================>....] - ETA: 0s - loss: 1.4504 - accuracy: 0.5065
180/196 [==========================>...] - ETA: 0s - loss: 1.4494 - accuracy: 0.5067
189/196 [===========================>..] - ETA: 0s - loss: 1.4486 - accuracy: 0.5068
196/196 [==============================] - 2s 9ms/step - loss: 1.4482 - accuracy: 0.5071 - val_loss: 1.4506 - val_accuracy: 0.5018
Epoch 9/44

  1/196 [..............................] - ETA: 3s - loss: 1.4124 - accuracy: 0.5195
  9/196 [>.............................] - ETA: 1s - loss: 1.4148 - accuracy: 0.5260
 18/196 [=>............................] - ETA: 1s - loss: 1.4115 - accuracy: 0.5232
 27/196 [===>..........................] - ETA: 1s - loss: 1.4155 - accuracy: 0.5168
 36/196 [====>.........................] - ETA: 1s - loss: 1.4140 - accuracy: 0.5211
 43/196 [=====>........................] - ETA: 1s - loss: 1.4198 - accuracy: 0.5161
 52/196 [======>.......................] - ETA: 1s - loss: 1.4177 - accuracy: 0.5171
 61/196 [========>.....................] - ETA: 0s - loss: 1.4195 - accuracy: 0.5165
 70/196 [=========>....................] - ETA: 0s - loss: 1.4189 - accuracy: 0.5175
 79/196 [===========>..................] - ETA: 0s - loss: 1.4167 - accuracy: 0.5180
 89/196 [============>.................] - ETA: 0s - loss: 1.4200 - accuracy: 0.5163
 98/196 [==============>...............] - ETA: 0s - loss: 1.4210 - accuracy: 0.5161
107/196 [===============>..............] - ETA: 0s - loss: 1.4199 - accuracy: 0.5163
117/196 [================>.............] - ETA: 0s - loss: 1.4193 - accuracy: 0.5161
127/196 [==================>...........] - ETA: 0s - loss: 1.4183 - accuracy: 0.5173
136/196 [===================>..........] - ETA: 0s - loss: 1.4165 - accuracy: 0.5184
145/196 [=====================>........] - ETA: 0s - loss: 1.4179 - accuracy: 0.5169
153/196 [======================>.......] - ETA: 0s - loss: 1.4186 - accuracy: 0.5161
161/196 [=======================>......] - ETA: 0s - loss: 1.4186 - accuracy: 0.5164
171/196 [=========================>....] - ETA: 0s - loss: 1.4220 - accuracy: 0.5154
180/196 [==========================>...] - ETA: 0s - loss: 1.4202 - accuracy: 0.5167
189/196 [===========================>..] - ETA: 0s - loss: 1.4211 - accuracy: 0.5162
196/196 [==============================] - 2s 9ms/step - loss: 1.4215 - accuracy: 0.5160 - val_loss: 1.4227 - val_accuracy: 0.5145
Epoch 10/44

  1/196 [..............................] - ETA: 3s - loss: 1.3702 - accuracy: 0.4844
 10/196 [>.............................] - ETA: 1s - loss: 1.4003 - accuracy: 0.5160
 19/196 [=>............................] - ETA: 1s - loss: 1.4008 - accuracy: 0.5241
 29/196 [===>..........................] - ETA: 1s - loss: 1.4068 - accuracy: 0.5205
 39/196 [====>.........................] - ETA: 1s - loss: 1.3947 - accuracy: 0.5262
 47/196 [======>.......................] - ETA: 0s - loss: 1.3935 - accuracy: 0.5268
 54/196 [=======>......................] - ETA: 0s - loss: 1.3991 - accuracy: 0.5248
 63/196 [========>.....................] - ETA: 0s - loss: 1.4014 - accuracy: 0.5239
 72/196 [==========>...................] - ETA: 0s - loss: 1.4020 - accuracy: 0.5234
 82/196 [===========>..................] - ETA: 0s - loss: 1.3998 - accuracy: 0.5238
 91/196 [============>.................] - ETA: 0s - loss: 1.4031 - accuracy: 0.5233
101/196 [==============>...............] - ETA: 0s - loss: 1.4031 - accuracy: 0.5235
110/196 [===============>..............] - ETA: 0s - loss: 1.4025 - accuracy: 0.5230
120/196 [=================>............] - ETA: 0s - loss: 1.4000 - accuracy: 0.5238
129/196 [==================>...........] - ETA: 0s - loss: 1.3979 - accuracy: 0.5247
138/196 [====================>.........] - ETA: 0s - loss: 1.4004 - accuracy: 0.5247
147/196 [=====================>........] - ETA: 0s - loss: 1.3990 - accuracy: 0.5254
157/196 [=======================>......] - ETA: 0s - loss: 1.3990 - accuracy: 0.5250
166/196 [========================>.....] - ETA: 0s - loss: 1.3995 - accuracy: 0.5250
176/196 [=========================>....] - ETA: 0s - loss: 1.3983 - accuracy: 0.5246
185/196 [===========================>..] - ETA: 0s - loss: 1.3986 - accuracy: 0.5241
194/196 [============================>.] - ETA: 0s - loss: 1.3966 - accuracy: 0.5247
196/196 [==============================] - 2s 9ms/step - loss: 1.3965 - accuracy: 0.5246 - val_loss: 1.4053 - val_accuracy: 0.5182
Epoch 11/44

  1/196 [..............................] - ETA: 3s - loss: 1.4078 - accuracy: 0.5039
 10/196 [>.............................] - ETA: 1s - loss: 1.3595 - accuracy: 0.5301
 20/196 [==>...........................] - ETA: 1s - loss: 1.3667 - accuracy: 0.5252
 29/196 [===>..........................] - ETA: 1s - loss: 1.3743 - accuracy: 0.5269
 38/196 [====>.........................] - ETA: 1s - loss: 1.3766 - accuracy: 0.5277
 47/196 [======>.......................] - ETA: 1s - loss: 1.3793 - accuracy: 0.5292
 57/196 [=======>......................] - ETA: 0s - loss: 1.3821 - accuracy: 0.5282
 67/196 [=========>....................] - ETA: 0s - loss: 1.3802 - accuracy: 0.5289
 76/196 [==========>...................] - ETA: 0s - loss: 1.3804 - accuracy: 0.5299
 85/196 [============>.................] - ETA: 0s - loss: 1.3816 - accuracy: 0.5308
 95/196 [=============>................] - ETA: 0s - loss: 1.3793 - accuracy: 0.5295
104/196 [==============>...............] - ETA: 0s - loss: 1.3780 - accuracy: 0.5309
113/196 [================>.............] - ETA: 0s - loss: 1.3756 - accuracy: 0.5310
123/196 [=================>............] - ETA: 0s - loss: 1.3738 - accuracy: 0.5321
132/196 [===================>..........] - ETA: 0s - loss: 1.3741 - accuracy: 0.5320
141/196 [====================>.........] - ETA: 0s - loss: 1.3752 - accuracy: 0.5319
151/196 [======================>.......] - ETA: 0s - loss: 1.3746 - accuracy: 0.5317
161/196 [=======================>......] - ETA: 0s - loss: 1.3741 - accuracy: 0.5315
171/196 [=========================>....] - ETA: 0s - loss: 1.3738 - accuracy: 0.5315
180/196 [==========================>...] - ETA: 0s - loss: 1.3726 - accuracy: 0.5327
190/196 [============================>.] - ETA: 0s - loss: 1.3734 - accuracy: 0.5329
196/196 [==============================] - 2s 9ms/step - loss: 1.3724 - accuracy: 0.5331 - val_loss: 1.3872 - val_accuracy: 0.5194
Epoch 12/44

  1/196 [..............................] - ETA: 3s - loss: 1.3779 - accuracy: 0.5312
  9/196 [>.............................] - ETA: 1s - loss: 1.4024 - accuracy: 0.5126
 16/196 [=>............................] - ETA: 1s - loss: 1.3730 - accuracy: 0.5298
 25/196 [==>...........................] - ETA: 1s - loss: 1.3540 - accuracy: 0.5389
 35/196 [====>.........................] - ETA: 1s - loss: 1.3640 - accuracy: 0.5344
 44/196 [=====>........................] - ETA: 1s - loss: 1.3630 - accuracy: 0.5339
 53/196 [=======>......................] - ETA: 0s - loss: 1.3586 - accuracy: 0.5352
 61/196 [========>.....................] - ETA: 0s - loss: 1.3556 - accuracy: 0.5365
 68/196 [=========>....................] - ETA: 0s - loss: 1.3596 - accuracy: 0.5340
 76/196 [==========>...................] - ETA: 0s - loss: 1.3574 - accuracy: 0.5350
 85/196 [============>.................] - ETA: 0s - loss: 1.3553 - accuracy: 0.5362
 94/196 [=============>................] - ETA: 0s - loss: 1.3556 - accuracy: 0.5368
103/196 [==============>...............] - ETA: 0s - loss: 1.3573 - accuracy: 0.5356
112/196 [================>.............] - ETA: 0s - loss: 1.3563 - accuracy: 0.5363
122/196 [=================>............] - ETA: 0s - loss: 1.3589 - accuracy: 0.5352
131/196 [===================>..........] - ETA: 0s - loss: 1.3571 - accuracy: 0.5359
141/196 [====================>.........] - ETA: 0s - loss: 1.3571 - accuracy: 0.5372
151/196 [======================>.......] - ETA: 0s - loss: 1.3574 - accuracy: 0.5373
160/196 [=======================>......] - ETA: 0s - loss: 1.3539 - accuracy: 0.5387
169/196 [========================>.....] - ETA: 0s - loss: 1.3528 - accuracy: 0.5393
178/196 [==========================>...] - ETA: 0s - loss: 1.3533 - accuracy: 0.5389
188/196 [===========================>..] - ETA: 0s - loss: 1.3547 - accuracy: 0.5390
196/196 [==============================] - 2s 9ms/step - loss: 1.3547 - accuracy: 0.5385 - val_loss: 1.3645 - val_accuracy: 0.5303
Epoch 13/44

  1/196 [..............................] - ETA: 3s - loss: 1.2626 - accuracy: 0.5859
  9/196 [>.............................] - ETA: 1s - loss: 1.3139 - accuracy: 0.5686
 18/196 [=>............................] - ETA: 1s - loss: 1.3373 - accuracy: 0.5519
 27/196 [===>..........................] - ETA: 1s - loss: 1.3329 - accuracy: 0.5483
 37/196 [====>.........................] - ETA: 1s - loss: 1.3317 - accuracy: 0.5505
 47/196 [======>.......................] - ETA: 1s - loss: 1.3298 - accuracy: 0.5497
 56/196 [=======>......................] - ETA: 0s - loss: 1.3326 - accuracy: 0.5476
 66/196 [=========>....................] - ETA: 0s - loss: 1.3345 - accuracy: 0.5484
 74/196 [==========>...................] - ETA: 0s - loss: 1.3319 - accuracy: 0.5486
 83/196 [===========>..................] - ETA: 0s - loss: 1.3292 - accuracy: 0.5495
 93/196 [=============>................] - ETA: 0s - loss: 1.3327 - accuracy: 0.5470
102/196 [==============>...............] - ETA: 0s - loss: 1.3363 - accuracy: 0.5459
112/196 [================>.............] - ETA: 0s - loss: 1.3358 - accuracy: 0.5464
121/196 [=================>............] - ETA: 0s - loss: 1.3360 - accuracy: 0.5454
131/196 [===================>..........] - ETA: 0s - loss: 1.3346 - accuracy: 0.5462
140/196 [====================>.........] - ETA: 0s - loss: 1.3349 - accuracy: 0.5450
150/196 [=====================>........] - ETA: 0s - loss: 1.3358 - accuracy: 0.5443
159/196 [=======================>......] - ETA: 0s - loss: 1.3356 - accuracy: 0.5442
169/196 [========================>.....] - ETA: 0s - loss: 1.3354 - accuracy: 0.5443
178/196 [==========================>...] - ETA: 0s - loss: 1.3347 - accuracy: 0.5452
188/196 [===========================>..] - ETA: 0s - loss: 1.3348 - accuracy: 0.5448
196/196 [==============================] - 2s 9ms/step - loss: 1.3353 - accuracy: 0.5445 - val_loss: 1.3614 - val_accuracy: 0.5263
Epoch 14/44

  1/196 [..............................] - ETA: 4s - loss: 1.2857 - accuracy: 0.5859
  9/196 [>.............................] - ETA: 1s - loss: 1.3402 - accuracy: 0.5376
 19/196 [=>............................] - ETA: 1s - loss: 1.3324 - accuracy: 0.5459
 28/196 [===>..........................] - ETA: 1s - loss: 1.3320 - accuracy: 0.5485
 38/196 [====>.........................] - ETA: 1s - loss: 1.3315 - accuracy: 0.5448
 48/196 [======>.......................] - ETA: 0s - loss: 1.3381 - accuracy: 0.5442
 57/196 [=======>......................] - ETA: 0s - loss: 1.3353 - accuracy: 0.5437
 67/196 [=========>....................] - ETA: 0s - loss: 1.3304 - accuracy: 0.5455
 76/196 [==========>...................] - ETA: 0s - loss: 1.3283 - accuracy: 0.5461
 85/196 [============>.................] - ETA: 0s - loss: 1.3310 - accuracy: 0.5455
 95/196 [=============>................] - ETA: 0s - loss: 1.3319 - accuracy: 0.5456
104/196 [==============>...............] - ETA: 0s - loss: 1.3246 - accuracy: 0.5486
114/196 [================>.............] - ETA: 0s - loss: 1.3262 - accuracy: 0.5483
123/196 [=================>............] - ETA: 0s - loss: 1.3225 - accuracy: 0.5495
133/196 [===================>..........] - ETA: 0s - loss: 1.3219 - accuracy: 0.5496
143/196 [====================>.........] - ETA: 0s - loss: 1.3216 - accuracy: 0.5492
152/196 [======================>.......] - ETA: 0s - loss: 1.3208 - accuracy: 0.5495
162/196 [=======================>......] - ETA: 0s - loss: 1.3204 - accuracy: 0.5498
172/196 [=========================>....] - ETA: 0s - loss: 1.3223 - accuracy: 0.5490
181/196 [==========================>...] - ETA: 0s - loss: 1.3210 - accuracy: 0.5500
191/196 [============================>.] - ETA: 0s - loss: 1.3213 - accuracy: 0.5501
196/196 [==============================] - 2s 9ms/step - loss: 1.3208 - accuracy: 0.5504 - val_loss: 1.3404 - val_accuracy: 0.5375
Epoch 15/44

  1/196 [..............................] - ETA: 3s - loss: 1.2480 - accuracy: 0.5742
  9/196 [>.............................] - ETA: 1s - loss: 1.3010 - accuracy: 0.5664
 18/196 [=>............................] - ETA: 1s - loss: 1.3098 - accuracy: 0.5582
 26/196 [==>...........................] - ETA: 1s - loss: 1.3011 - accuracy: 0.5581
 36/196 [====>.........................] - ETA: 1s - loss: 1.2960 - accuracy: 0.5616
 45/196 [=====>........................] - ETA: 1s - loss: 1.2971 - accuracy: 0.5608
 56/196 [=======>......................] - ETA: 0s - loss: 1.3015 - accuracy: 0.5598
 65/196 [========>.....................] - ETA: 0s - loss: 1.3021 - accuracy: 0.5597
 75/196 [==========>...................] - ETA: 0s - loss: 1.3031 - accuracy: 0.5574
 84/196 [===========>..................] - ETA: 0s - loss: 1.3059 - accuracy: 0.5574
 94/196 [=============>................] - ETA: 0s - loss: 1.3030 - accuracy: 0.5578
104/196 [==============>...............] - ETA: 0s - loss: 1.3044 - accuracy: 0.5575
113/196 [================>.............] - ETA: 0s - loss: 1.3046 - accuracy: 0.5569
122/196 [=================>............] - ETA: 0s - loss: 1.3049 - accuracy: 0.5559
132/196 [===================>..........] - ETA: 0s - loss: 1.3062 - accuracy: 0.5563
142/196 [====================>.........] - ETA: 0s - loss: 1.3056 - accuracy: 0.5561
150/196 [=====================>........] - ETA: 0s - loss: 1.3068 - accuracy: 0.5553
159/196 [=======================>......] - ETA: 0s - loss: 1.3071 - accuracy: 0.5550
169/196 [========================>.....] - ETA: 0s - loss: 1.3057 - accuracy: 0.5563
179/196 [==========================>...] - ETA: 0s - loss: 1.3054 - accuracy: 0.5567
189/196 [===========================>..] - ETA: 0s - loss: 1.3058 - accuracy: 0.5558
196/196 [==============================] - 2s 9ms/step - loss: 1.3051 - accuracy: 0.5564 - val_loss: 1.3353 - val_accuracy: 0.5381
Epoch 16/44

  1/196 [..............................] - ETA: 3s - loss: 1.3974 - accuracy: 0.5078
  8/196 [>.............................] - ETA: 1s - loss: 1.3024 - accuracy: 0.5454
 18/196 [=>............................] - ETA: 1s - loss: 1.3211 - accuracy: 0.5430
 28/196 [===>..........................] - ETA: 1s - loss: 1.3050 - accuracy: 0.5518
 37/196 [====>.........................] - ETA: 1s - loss: 1.3072 - accuracy: 0.5537
 46/196 [======>.......................] - ETA: 1s - loss: 1.3036 - accuracy: 0.5537
 56/196 [=======>......................] - ETA: 0s - loss: 1.3037 - accuracy: 0.5525
 64/196 [========>.....................] - ETA: 0s - loss: 1.3008 - accuracy: 0.5561
 73/196 [==========>...................] - ETA: 0s - loss: 1.2974 - accuracy: 0.5570
 83/196 [===========>..................] - ETA: 0s - loss: 1.2976 - accuracy: 0.5589
 92/196 [=============>................] - ETA: 0s - loss: 1.2970 - accuracy: 0.5589
102/196 [==============>...............] - ETA: 0s - loss: 1.2989 - accuracy: 0.5586
111/196 [===============>..............] - ETA: 0s - loss: 1.2979 - accuracy: 0.5579
121/196 [=================>............] - ETA: 0s - loss: 1.2977 - accuracy: 0.5584
130/196 [==================>...........] - ETA: 0s - loss: 1.2983 - accuracy: 0.5578
139/196 [====================>.........] - ETA: 0s - loss: 1.2980 - accuracy: 0.5580
148/196 [=====================>........] - ETA: 0s - loss: 1.2971 - accuracy: 0.5584
158/196 [=======================>......] - ETA: 0s - loss: 1.2950 - accuracy: 0.5585
167/196 [========================>.....] - ETA: 0s - loss: 1.2929 - accuracy: 0.5592
176/196 [=========================>....] - ETA: 0s - loss: 1.2931 - accuracy: 0.5593
185/196 [===========================>..] - ETA: 0s - loss: 1.2935 - accuracy: 0.5588
195/196 [============================>.] - ETA: 0s - loss: 1.2919 - accuracy: 0.5593
196/196 [==============================] - 2s 10ms/step - loss: 1.2919 - accuracy: 0.5592 - val_loss: 1.3247 - val_accuracy: 0.5381
Epoch 17/44

  1/196 [..............................] - ETA: 3s - loss: 1.2976 - accuracy: 0.5234
  9/196 [>.............................] - ETA: 1s - loss: 1.2594 - accuracy: 0.5582
 18/196 [=>............................] - ETA: 1s - loss: 1.2540 - accuracy: 0.5666
 28/196 [===>..........................] - ETA: 1s - loss: 1.2645 - accuracy: 0.5674
 36/196 [====>.........................] - ETA: 1s - loss: 1.2661 - accuracy: 0.5707
 46/196 [======>.......................] - ETA: 1s - loss: 1.2658 - accuracy: 0.5707
 55/196 [=======>......................] - ETA: 0s - loss: 1.2720 - accuracy: 0.5682
 64/196 [========>.....................] - ETA: 0s - loss: 1.2711 - accuracy: 0.5685
 74/196 [==========>...................] - ETA: 0s - loss: 1.2733 - accuracy: 0.5667
 83/196 [===========>..................] - ETA: 0s - loss: 1.2736 - accuracy: 0.5670
 92/196 [=============>................] - ETA: 0s - loss: 1.2715 - accuracy: 0.5669
101/196 [==============>...............] - ETA: 0s - loss: 1.2760 - accuracy: 0.5652
111/196 [===============>..............] - ETA: 0s - loss: 1.2763 - accuracy: 0.5663
120/196 [=================>............] - ETA: 0s - loss: 1.2764 - accuracy: 0.5660
130/196 [==================>...........] - ETA: 0s - loss: 1.2791 - accuracy: 0.5644
140/196 [====================>.........] - ETA: 0s - loss: 1.2792 - accuracy: 0.5644
149/196 [=====================>........] - ETA: 0s - loss: 1.2765 - accuracy: 0.5659
159/196 [=======================>......] - ETA: 0s - loss: 1.2774 - accuracy: 0.5657
168/196 [========================>.....] - ETA: 0s - loss: 1.2771 - accuracy: 0.5662
177/196 [==========================>...] - ETA: 0s - loss: 1.2769 - accuracy: 0.5665
186/196 [===========================>..] - ETA: 0s - loss: 1.2770 - accuracy: 0.5663
196/196 [==============================] - ETA: 0s - loss: 1.2783 - accuracy: 0.5663
196/196 [==============================] - 2s 9ms/step - loss: 1.2783 - accuracy: 0.5663 - val_loss: 1.3077 - val_accuracy: 0.5484
Epoch 18/44

  1/196 [..............................] - ETA: 3s - loss: 1.3028 - accuracy: 0.5625
 10/196 [>.............................] - ETA: 1s - loss: 1.2757 - accuracy: 0.5633
 20/196 [==>...........................] - ETA: 1s - loss: 1.2628 - accuracy: 0.5791
 29/196 [===>..........................] - ETA: 1s - loss: 1.2577 - accuracy: 0.5781
 37/196 [====>.........................] - ETA: 1s - loss: 1.2584 - accuracy: 0.5762
 45/196 [=====>........................] - ETA: 1s - loss: 1.2645 - accuracy: 0.5717
 55/196 [=======>......................] - ETA: 0s - loss: 1.2610 - accuracy: 0.5724
 64/196 [========>.....................] - ETA: 0s - loss: 1.2631 - accuracy: 0.5692
 75/196 [==========>...................] - ETA: 0s - loss: 1.2686 - accuracy: 0.5659
 84/196 [===========>..................] - ETA: 0s - loss: 1.2684 - accuracy: 0.5665
 94/196 [=============>................] - ETA: 0s - loss: 1.2683 - accuracy: 0.5669
104/196 [==============>...............] - ETA: 0s - loss: 1.2673 - accuracy: 0.5689
114/196 [================>.............] - ETA: 0s - loss: 1.2673 - accuracy: 0.5698
123/196 [=================>............] - ETA: 0s - loss: 1.2655 - accuracy: 0.5699
132/196 [===================>..........] - ETA: 0s - loss: 1.2637 - accuracy: 0.5708
140/196 [====================>.........] - ETA: 0s - loss: 1.2646 - accuracy: 0.5701
149/196 [=====================>........] - ETA: 0s - loss: 1.2649 - accuracy: 0.5699
157/196 [=======================>......] - ETA: 0s - loss: 1.2658 - accuracy: 0.5692
166/196 [========================>.....] - ETA: 0s - loss: 1.2650 - accuracy: 0.5693
175/196 [=========================>....] - ETA: 0s - loss: 1.2650 - accuracy: 0.5692
184/196 [===========================>..] - ETA: 0s - loss: 1.2664 - accuracy: 0.5678
194/196 [============================>.] - ETA: 0s - loss: 1.2657 - accuracy: 0.5679
196/196 [==============================] - 2s 9ms/step - loss: 1.2649 - accuracy: 0.5682 - val_loss: 1.3024 - val_accuracy: 0.5501
Epoch 19/44

  1/196 [..............................] - ETA: 6s - loss: 1.3294 - accuracy: 0.5391
  9/196 [>.............................] - ETA: 1s - loss: 1.2945 - accuracy: 0.5560
 17/196 [=>............................] - ETA: 1s - loss: 1.2925 - accuracy: 0.5524
 23/196 [==>...........................] - ETA: 1s - loss: 1.2777 - accuracy: 0.5581
 31/196 [===>..........................] - ETA: 1s - loss: 1.2690 - accuracy: 0.5628
 40/196 [=====>........................] - ETA: 1s - loss: 1.2700 - accuracy: 0.5623
 47/196 [======>.......................] - ETA: 1s - loss: 1.2692 - accuracy: 0.5644
 55/196 [=======>......................] - ETA: 1s - loss: 1.2652 - accuracy: 0.5663
 63/196 [========>.....................] - ETA: 0s - loss: 1.2673 - accuracy: 0.5665
 72/196 [==========>...................] - ETA: 0s - loss: 1.2646 - accuracy: 0.5675
 81/196 [===========>..................] - ETA: 0s - loss: 1.2671 - accuracy: 0.5667
 90/196 [============>.................] - ETA: 0s - loss: 1.2643 - accuracy: 0.5676
 99/196 [==============>...............] - ETA: 0s - loss: 1.2638 - accuracy: 0.5676
109/196 [===============>..............] - ETA: 0s - loss: 1.2612 - accuracy: 0.5690
117/196 [================>.............] - ETA: 0s - loss: 1.2605 - accuracy: 0.5699
126/196 [==================>...........] - ETA: 0s - loss: 1.2603 - accuracy: 0.5699
136/196 [===================>..........] - ETA: 0s - loss: 1.2597 - accuracy: 0.5701
144/196 [=====================>........] - ETA: 0s - loss: 1.2592 - accuracy: 0.5703
153/196 [======================>.......] - ETA: 0s - loss: 1.2579 - accuracy: 0.5707
162/196 [=======================>......] - ETA: 0s - loss: 1.2567 - accuracy: 0.5714
171/196 [=========================>....] - ETA: 0s - loss: 1.2557 - accuracy: 0.5709
180/196 [==========================>...] - ETA: 0s - loss: 1.2553 - accuracy: 0.5712
190/196 [============================>.] - ETA: 0s - loss: 1.2549 - accuracy: 0.5713
196/196 [==============================] - 2s 10ms/step - loss: 1.2556 - accuracy: 0.5709 - val_loss: 1.2956 - val_accuracy: 0.5491
Epoch 20/44

  1/196 [..............................] - ETA: 6s - loss: 1.1784 - accuracy: 0.6523
 11/196 [>.............................] - ETA: 1s - loss: 1.2486 - accuracy: 0.5742
 21/196 [==>...........................] - ETA: 1s - loss: 1.2529 - accuracy: 0.5714
 30/196 [===>..........................] - ETA: 1s - loss: 1.2490 - accuracy: 0.5768
 40/196 [=====>........................] - ETA: 1s - loss: 1.2379 - accuracy: 0.5834
 49/196 [======>.......................] - ETA: 0s - loss: 1.2393 - accuracy: 0.5807
 58/196 [=======>......................] - ETA: 0s - loss: 1.2398 - accuracy: 0.5783
 67/196 [=========>....................] - ETA: 0s - loss: 1.2432 - accuracy: 0.5754
 76/196 [==========>...................] - ETA: 0s - loss: 1.2452 - accuracy: 0.5749
 84/196 [===========>..................] - ETA: 0s - loss: 1.2446 - accuracy: 0.5759
 92/196 [=============>................] - ETA: 0s - loss: 1.2457 - accuracy: 0.5758
101/196 [==============>...............] - ETA: 0s - loss: 1.2470 - accuracy: 0.5747
110/196 [===============>..............] - ETA: 0s - loss: 1.2479 - accuracy: 0.5741
119/196 [=================>............] - ETA: 0s - loss: 1.2471 - accuracy: 0.5750
129/196 [==================>...........] - ETA: 0s - loss: 1.2446 - accuracy: 0.5756
138/196 [====================>.........] - ETA: 0s - loss: 1.2453 - accuracy: 0.5756
146/196 [=====================>........] - ETA: 0s - loss: 1.2457 - accuracy: 0.5755
155/196 [======================>.......] - ETA: 0s - loss: 1.2443 - accuracy: 0.5757
164/196 [========================>.....] - ETA: 0s - loss: 1.2448 - accuracy: 0.5754
173/196 [=========================>....] - ETA: 0s - loss: 1.2443 - accuracy: 0.5760
183/196 [===========================>..] - ETA: 0s - loss: 1.2442 - accuracy: 0.5755
192/196 [============================>.] - ETA: 0s - loss: 1.2443 - accuracy: 0.5754
196/196 [==============================] - 2s 9ms/step - loss: 1.2454 - accuracy: 0.5750 - val_loss: 1.2876 - val_accuracy: 0.5491
Epoch 21/44

  1/196 [..............................] - ETA: 3s - loss: 1.2665 - accuracy: 0.5469
 11/196 [>.............................] - ETA: 1s - loss: 1.2534 - accuracy: 0.5773
 20/196 [==>...........................] - ETA: 1s - loss: 1.2565 - accuracy: 0.5787
 29/196 [===>..........................] - ETA: 1s - loss: 1.2567 - accuracy: 0.5764
 39/196 [====>.........................] - ETA: 1s - loss: 1.2520 - accuracy: 0.5774
 48/196 [======>.......................] - ETA: 0s - loss: 1.2507 - accuracy: 0.5790
 57/196 [=======>......................] - ETA: 0s - loss: 1.2441 - accuracy: 0.5814
 66/196 [=========>....................] - ETA: 0s - loss: 1.2434 - accuracy: 0.5805
 76/196 [==========>...................] - ETA: 0s - loss: 1.2452 - accuracy: 0.5784
 86/196 [============>.................] - ETA: 0s - loss: 1.2397 - accuracy: 0.5813
 95/196 [=============>................] - ETA: 0s - loss: 1.2393 - accuracy: 0.5798
104/196 [==============>...............] - ETA: 0s - loss: 1.2386 - accuracy: 0.5800
114/196 [================>.............] - ETA: 0s - loss: 1.2373 - accuracy: 0.5801
124/196 [=================>............] - ETA: 0s - loss: 1.2372 - accuracy: 0.5799
133/196 [===================>..........] - ETA: 0s - loss: 1.2369 - accuracy: 0.5798
143/196 [====================>.........] - ETA: 0s - loss: 1.2384 - accuracy: 0.5791
153/196 [======================>.......] - ETA: 0s - loss: 1.2386 - accuracy: 0.5792
163/196 [=======================>......] - ETA: 0s - loss: 1.2366 - accuracy: 0.5792
173/196 [=========================>....] - ETA: 0s - loss: 1.2377 - accuracy: 0.5782
184/196 [===========================>..] - ETA: 0s - loss: 1.2360 - accuracy: 0.5791
194/196 [============================>.] - ETA: 0s - loss: 1.2346 - accuracy: 0.5794
196/196 [==============================] - 2s 9ms/step - loss: 1.2355 - accuracy: 0.5790 - val_loss: 1.2762 - val_accuracy: 0.5543
Epoch 22/44

  1/196 [..............................] - ETA: 3s - loss: 1.2694 - accuracy: 0.5742
  9/196 [>.............................] - ETA: 1s - loss: 1.2209 - accuracy: 0.5864
 19/196 [=>............................] - ETA: 1s - loss: 1.2253 - accuracy: 0.5831
 29/196 [===>..........................] - ETA: 1s - loss: 1.2234 - accuracy: 0.5822
 38/196 [====>.........................] - ETA: 1s - loss: 1.2261 - accuracy: 0.5814
 47/196 [======>.......................] - ETA: 1s - loss: 1.2217 - accuracy: 0.5824
 56/196 [=======>......................] - ETA: 0s - loss: 1.2164 - accuracy: 0.5853
 65/196 [========>.....................] - ETA: 0s - loss: 1.2201 - accuracy: 0.5863
 75/196 [==========>...................] - ETA: 0s - loss: 1.2204 - accuracy: 0.5854
 85/196 [============>.................] - ETA: 0s - loss: 1.2232 - accuracy: 0.5848
 94/196 [=============>................] - ETA: 0s - loss: 1.2217 - accuracy: 0.5854
103/196 [==============>...............] - ETA: 0s - loss: 1.2242 - accuracy: 0.5846
113/196 [================>.............] - ETA: 0s - loss: 1.2222 - accuracy: 0.5849
122/196 [=================>............] - ETA: 0s - loss: 1.2238 - accuracy: 0.5835
132/196 [===================>..........] - ETA: 0s - loss: 1.2263 - accuracy: 0.5829
141/196 [====================>.........] - ETA: 0s - loss: 1.2266 - accuracy: 0.5827
151/196 [======================>.......] - ETA: 0s - loss: 1.2280 - accuracy: 0.5827
160/196 [=======================>......] - ETA: 0s - loss: 1.2294 - accuracy: 0.5814
170/196 [=========================>....] - ETA: 0s - loss: 1.2285 - accuracy: 0.5816
179/196 [==========================>...] - ETA: 0s - loss: 1.2271 - accuracy: 0.5822
188/196 [===========================>..] - ETA: 0s - loss: 1.2275 - accuracy: 0.5818
196/196 [==============================] - 2s 9ms/step - loss: 1.2262 - accuracy: 0.5818 - val_loss: 1.2727 - val_accuracy: 0.5574
Epoch 23/44

  1/196 [..............................] - ETA: 3s - loss: 1.1756 - accuracy: 0.5859
 10/196 [>.............................] - ETA: 1s - loss: 1.2150 - accuracy: 0.5965
 18/196 [=>............................] - ETA: 1s - loss: 1.2070 - accuracy: 0.5940
 28/196 [===>..........................] - ETA: 1s - loss: 1.2034 - accuracy: 0.5914
 36/196 [====>.........................] - ETA: 1s - loss: 1.2046 - accuracy: 0.5935
 46/196 [======>.......................] - ETA: 1s - loss: 1.2162 - accuracy: 0.5907
 55/196 [=======>......................] - ETA: 0s - loss: 1.2196 - accuracy: 0.5875
 65/196 [========>.....................] - ETA: 0s - loss: 1.2206 - accuracy: 0.5882
 75/196 [==========>...................] - ETA: 0s - loss: 1.2227 - accuracy: 0.5870
 84/196 [===========>..................] - ETA: 0s - loss: 1.2242 - accuracy: 0.5852
 92/196 [=============>................] - ETA: 0s - loss: 1.2215 - accuracy: 0.5853
101/196 [==============>...............] - ETA: 0s - loss: 1.2213 - accuracy: 0.5853
110/196 [===============>..............] - ETA: 0s - loss: 1.2218 - accuracy: 0.5844
119/196 [=================>............] - ETA: 0s - loss: 1.2192 - accuracy: 0.5845
128/196 [==================>...........] - ETA: 0s - loss: 1.2188 - accuracy: 0.5839
136/196 [===================>..........] - ETA: 0s - loss: 1.2191 - accuracy: 0.5837
145/196 [=====================>........] - ETA: 0s - loss: 1.2192 - accuracy: 0.5833
153/196 [======================>.......] - ETA: 0s - loss: 1.2188 - accuracy: 0.5837
164/196 [========================>.....] - ETA: 0s - loss: 1.2176 - accuracy: 0.5846
173/196 [=========================>....] - ETA: 0s - loss: 1.2159 - accuracy: 0.5843
183/196 [===========================>..] - ETA: 0s - loss: 1.2163 - accuracy: 0.5839
192/196 [============================>.] - ETA: 0s - loss: 1.2173 - accuracy: 0.5836
196/196 [==============================] - 2s 9ms/step - loss: 1.2181 - accuracy: 0.5836 - val_loss: 1.2688 - val_accuracy: 0.5573
Epoch 24/44

  1/196 [..............................] - ETA: 3s - loss: 1.2615 - accuracy: 0.5547
 10/196 [>.............................] - ETA: 1s - loss: 1.2238 - accuracy: 0.5703
 19/196 [=>............................] - ETA: 1s - loss: 1.2281 - accuracy: 0.5773
 29/196 [===>..........................] - ETA: 1s - loss: 1.2240 - accuracy: 0.5801
 39/196 [====>.........................] - ETA: 1s - loss: 1.2239 - accuracy: 0.5795
 49/196 [======>.......................] - ETA: 0s - loss: 1.2141 - accuracy: 0.5835
 58/196 [=======>......................] - ETA: 0s - loss: 1.2136 - accuracy: 0.5822
 67/196 [=========>....................] - ETA: 0s - loss: 1.2179 - accuracy: 0.5789
 77/196 [==========>...................] - ETA: 0s - loss: 1.2219 - accuracy: 0.5767
 86/196 [============>.................] - ETA: 0s - loss: 1.2202 - accuracy: 0.5788
 95/196 [=============>................] - ETA: 0s - loss: 1.2181 - accuracy: 0.5799
105/196 [===============>..............] - ETA: 0s - loss: 1.2182 - accuracy: 0.5813
114/196 [================>.............] - ETA: 0s - loss: 1.2178 - accuracy: 0.5816
123/196 [=================>............] - ETA: 0s - loss: 1.2164 - accuracy: 0.5820
133/196 [===================>..........] - ETA: 0s - loss: 1.2146 - accuracy: 0.5843
143/196 [====================>.........] - ETA: 0s - loss: 1.2136 - accuracy: 0.5834
152/196 [======================>.......] - ETA: 0s - loss: 1.2126 - accuracy: 0.5831
162/196 [=======================>......] - ETA: 0s - loss: 1.2111 - accuracy: 0.5832
171/196 [=========================>....] - ETA: 0s - loss: 1.2104 - accuracy: 0.5834
180/196 [==========================>...] - ETA: 0s - loss: 1.2098 - accuracy: 0.5840
190/196 [============================>.] - ETA: 0s - loss: 1.2103 - accuracy: 0.5840
196/196 [==============================] - 2s 9ms/step - loss: 1.2116 - accuracy: 0.5838 - val_loss: 1.2629 - val_accuracy: 0.5553
Epoch 25/44

  1/196 [..............................] - ETA: 2s - loss: 1.1711 - accuracy: 0.6172
  7/196 [>.............................] - ETA: 1s - loss: 1.1729 - accuracy: 0.6016
 16/196 [=>............................] - ETA: 1s - loss: 1.1917 - accuracy: 0.5959
 26/196 [==>...........................] - ETA: 1s - loss: 1.1954 - accuracy: 0.5934
 36/196 [====>.........................] - ETA: 1s - loss: 1.1976 - accuracy: 0.5933
 45/196 [=====>........................] - ETA: 1s - loss: 1.1983 - accuracy: 0.5929
 55/196 [=======>......................] - ETA: 0s - loss: 1.1992 - accuracy: 0.5903
 65/196 [========>.....................] - ETA: 0s - loss: 1.2010 - accuracy: 0.5880
 75/196 [==========>...................] - ETA: 0s - loss: 1.2020 - accuracy: 0.5895
 84/196 [===========>..................] - ETA: 0s - loss: 1.2007 - accuracy: 0.5898
 94/196 [=============>................] - ETA: 0s - loss: 1.2014 - accuracy: 0.5905
104/196 [==============>...............] - ETA: 0s - loss: 1.2009 - accuracy: 0.5915
114/196 [================>.............] - ETA: 0s - loss: 1.2019 - accuracy: 0.5907
123/196 [=================>............] - ETA: 0s - loss: 1.2039 - accuracy: 0.5905
134/196 [===================>..........] - ETA: 0s - loss: 1.2061 - accuracy: 0.5904
143/196 [====================>.........] - ETA: 0s - loss: 1.2041 - accuracy: 0.5914
152/196 [======================>.......] - ETA: 0s - loss: 1.2048 - accuracy: 0.5919
162/196 [=======================>......] - ETA: 0s - loss: 1.2037 - accuracy: 0.5920
172/196 [=========================>....] - ETA: 0s - loss: 1.2039 - accuracy: 0.5920
181/196 [==========================>...] - ETA: 0s - loss: 1.2042 - accuracy: 0.5916
191/196 [============================>.] - ETA: 0s - loss: 1.2026 - accuracy: 0.5918
196/196 [==============================] - 2s 9ms/step - loss: 1.2026 - accuracy: 0.5919 - val_loss: 1.2530 - val_accuracy: 0.5630
Epoch 26/44

  1/196 [..............................] - ETA: 3s - loss: 1.1740 - accuracy: 0.5977
 11/196 [>.............................] - ETA: 1s - loss: 1.2213 - accuracy: 0.5795
 20/196 [==>...........................] - ETA: 1s - loss: 1.2121 - accuracy: 0.5820
 29/196 [===>..........................] - ETA: 1s - loss: 1.2104 - accuracy: 0.5817
 38/196 [====>.........................] - ETA: 1s - loss: 1.2084 - accuracy: 0.5834
 48/196 [======>.......................] - ETA: 0s - loss: 1.2084 - accuracy: 0.5836
 58/196 [=======>......................] - ETA: 0s - loss: 1.2062 - accuracy: 0.5822
 68/196 [=========>....................] - ETA: 0s - loss: 1.2055 - accuracy: 0.5850
 77/196 [==========>...................] - ETA: 0s - loss: 1.2055 - accuracy: 0.5850
 86/196 [============>.................] - ETA: 0s - loss: 1.2054 - accuracy: 0.5849
 96/196 [=============>................] - ETA: 0s - loss: 1.2013 - accuracy: 0.5864
106/196 [===============>..............] - ETA: 0s - loss: 1.1977 - accuracy: 0.5883
115/196 [================>.............] - ETA: 0s - loss: 1.1964 - accuracy: 0.5891
125/196 [==================>...........] - ETA: 0s - loss: 1.1976 - accuracy: 0.5887
134/196 [===================>..........] - ETA: 0s - loss: 1.1962 - accuracy: 0.5892
142/196 [====================>.........] - ETA: 0s - loss: 1.1970 - accuracy: 0.5889
149/196 [=====================>........] - ETA: 0s - loss: 1.1958 - accuracy: 0.5898
159/196 [=======================>......] - ETA: 0s - loss: 1.1945 - accuracy: 0.5910
169/196 [========================>.....] - ETA: 0s - loss: 1.1947 - accuracy: 0.5913
179/196 [==========================>...] - ETA: 0s - loss: 1.1962 - accuracy: 0.5914
188/196 [===========================>..] - ETA: 0s - loss: 1.1953 - accuracy: 0.5919
196/196 [==============================] - 2s 9ms/step - loss: 1.1959 - accuracy: 0.5915 - val_loss: 1.2502 - val_accuracy: 0.5641
Epoch 27/44

  1/196 [..............................] - ETA: 3s - loss: 1.2526 - accuracy: 0.5547
 10/196 [>.............................] - ETA: 1s - loss: 1.1970 - accuracy: 0.5840
 19/196 [=>............................] - ETA: 1s - loss: 1.1874 - accuracy: 0.5933
 28/196 [===>..........................] - ETA: 1s - loss: 1.1926 - accuracy: 0.5901
 38/196 [====>.........................] - ETA: 1s - loss: 1.1902 - accuracy: 0.5932
 47/196 [======>.......................] - ETA: 1s - loss: 1.1872 - accuracy: 0.5941
 56/196 [=======>......................] - ETA: 0s - loss: 1.1911 - accuracy: 0.5919
 66/196 [=========>....................] - ETA: 0s - loss: 1.1910 - accuracy: 0.5927
 75/196 [==========>...................] - ETA: 0s - loss: 1.1944 - accuracy: 0.5911
 85/196 [============>.................] - ETA: 0s - loss: 1.1908 - accuracy: 0.5921
 95/196 [=============>................] - ETA: 0s - loss: 1.1923 - accuracy: 0.5917
104/196 [==============>...............] - ETA: 0s - loss: 1.1910 - accuracy: 0.5933
113/196 [================>.............] - ETA: 0s - loss: 1.1920 - accuracy: 0.5936
122/196 [=================>............] - ETA: 0s - loss: 1.1930 - accuracy: 0.5937
132/196 [===================>..........] - ETA: 0s - loss: 1.1919 - accuracy: 0.5943
141/196 [====================>.........] - ETA: 0s - loss: 1.1901 - accuracy: 0.5947
150/196 [=====================>........] - ETA: 0s - loss: 1.1913 - accuracy: 0.5933
159/196 [=======================>......] - ETA: 0s - loss: 1.1897 - accuracy: 0.5936
167/196 [========================>.....] - ETA: 0s - loss: 1.1904 - accuracy: 0.5928
175/196 [=========================>....] - ETA: 0s - loss: 1.1916 - accuracy: 0.5928
185/196 [===========================>..] - ETA: 0s - loss: 1.1908 - accuracy: 0.5929
194/196 [============================>.] - ETA: 0s - loss: 1.1894 - accuracy: 0.5931
196/196 [==============================] - 2s 9ms/step - loss: 1.1889 - accuracy: 0.5931 - val_loss: 1.2469 - val_accuracy: 0.5635
Epoch 28/44

  1/196 [..............................] - ETA: 3s - loss: 1.2385 - accuracy: 0.5977
  9/196 [>.............................] - ETA: 1s - loss: 1.1592 - accuracy: 0.6085
 19/196 [=>............................] - ETA: 1s - loss: 1.1656 - accuracy: 0.6071
 28/196 [===>..........................] - ETA: 1s - loss: 1.1742 - accuracy: 0.6045
 38/196 [====>.........................] - ETA: 1s - loss: 1.1856 - accuracy: 0.5996
 47/196 [======>.......................] - ETA: 1s - loss: 1.1887 - accuracy: 0.5991
 56/196 [=======>......................] - ETA: 0s - loss: 1.1907 - accuracy: 0.5960
 66/196 [=========>....................] - ETA: 0s - loss: 1.1897 - accuracy: 0.5980
 75/196 [==========>...................] - ETA: 0s - loss: 1.1883 - accuracy: 0.5977
 84/196 [===========>..................] - ETA: 0s - loss: 1.1892 - accuracy: 0.5969
 94/196 [=============>................] - ETA: 0s - loss: 1.1859 - accuracy: 0.5985
103/196 [==============>...............] - ETA: 0s - loss: 1.1818 - accuracy: 0.5995
113/196 [================>.............] - ETA: 0s - loss: 1.1823 - accuracy: 0.5987
122/196 [=================>............] - ETA: 0s - loss: 1.1817 - accuracy: 0.5983
132/196 [===================>..........] - ETA: 0s - loss: 1.1804 - accuracy: 0.5975
142/196 [====================>.........] - ETA: 0s - loss: 1.1795 - accuracy: 0.5977
151/196 [======================>.......] - ETA: 0s - loss: 1.1785 - accuracy: 0.5981
159/196 [=======================>......] - ETA: 0s - loss: 1.1783 - accuracy: 0.5975
170/196 [=========================>....] - ETA: 0s - loss: 1.1801 - accuracy: 0.5960
179/196 [==========================>...] - ETA: 0s - loss: 1.1786 - accuracy: 0.5968
189/196 [===========================>..] - ETA: 0s - loss: 1.1788 - accuracy: 0.5970
196/196 [==============================] - 2s 9ms/step - loss: 1.1803 - accuracy: 0.5965 - val_loss: 1.2435 - val_accuracy: 0.5612
Epoch 29/44

  1/196 [..............................] - ETA: 3s - loss: 1.1648 - accuracy: 0.5742
  9/196 [>.............................] - ETA: 1s - loss: 1.1929 - accuracy: 0.5833
 19/196 [=>............................] - ETA: 1s - loss: 1.1754 - accuracy: 0.5909
 29/196 [===>..........................] - ETA: 1s - loss: 1.1718 - accuracy: 0.5933
 38/196 [====>.........................] - ETA: 1s - loss: 1.1651 - accuracy: 0.5989
 48/196 [======>.......................] - ETA: 0s - loss: 1.1634 - accuracy: 0.6011
 58/196 [=======>......................] - ETA: 0s - loss: 1.1665 - accuracy: 0.6015
 68/196 [=========>....................] - ETA: 0s - loss: 1.1702 - accuracy: 0.6005
 78/196 [==========>...................] - ETA: 0s - loss: 1.1748 - accuracy: 0.5980
 88/196 [============>.................] - ETA: 0s - loss: 1.1764 - accuracy: 0.5980
 97/196 [=============>................] - ETA: 0s - loss: 1.1764 - accuracy: 0.5973
106/196 [===============>..............] - ETA: 0s - loss: 1.1747 - accuracy: 0.5979
116/196 [================>.............] - ETA: 0s - loss: 1.1757 - accuracy: 0.5967
126/196 [==================>...........] - ETA: 0s - loss: 1.1748 - accuracy: 0.5975
136/196 [===================>..........] - ETA: 0s - loss: 1.1742 - accuracy: 0.5973
145/196 [=====================>........] - ETA: 0s - loss: 1.1741 - accuracy: 0.5981
155/196 [======================>.......] - ETA: 0s - loss: 1.1732 - accuracy: 0.5983
164/196 [========================>.....] - ETA: 0s - loss: 1.1751 - accuracy: 0.5985
173/196 [=========================>....] - ETA: 0s - loss: 1.1760 - accuracy: 0.5982
182/196 [==========================>...] - ETA: 0s - loss: 1.1743 - accuracy: 0.5989
191/196 [============================>.] - ETA: 0s - loss: 1.1748 - accuracy: 0.5987
196/196 [==============================] - 2s 9ms/step - loss: 1.1755 - accuracy: 0.5982 - val_loss: 1.2375 - val_accuracy: 0.5673
Epoch 30/44

  1/196 [..............................] - ETA: 3s - loss: 1.1682 - accuracy: 0.5977
 10/196 [>.............................] - ETA: 1s - loss: 1.1711 - accuracy: 0.6047
 19/196 [=>............................] - ETA: 1s - loss: 1.1811 - accuracy: 0.5958
 28/196 [===>..........................] - ETA: 1s - loss: 1.1656 - accuracy: 0.6044
 37/196 [====>.........................] - ETA: 1s - loss: 1.1664 - accuracy: 0.6021
 47/196 [======>.......................] - ETA: 1s - loss: 1.1628 - accuracy: 0.6024
 57/196 [=======>......................] - ETA: 0s - loss: 1.1654 - accuracy: 0.6025
 66/196 [=========>....................] - ETA: 0s - loss: 1.1639 - accuracy: 0.6041
 76/196 [==========>...................] - ETA: 0s - loss: 1.1636 - accuracy: 0.6033
 85/196 [============>.................] - ETA: 0s - loss: 1.1629 - accuracy: 0.6039
 94/196 [=============>................] - ETA: 0s - loss: 1.1606 - accuracy: 0.6044
103/196 [==============>...............] - ETA: 0s - loss: 1.1603 - accuracy: 0.6055
112/196 [================>.............] - ETA: 0s - loss: 1.1613 - accuracy: 0.6042
122/196 [=================>............] - ETA: 0s - loss: 1.1606 - accuracy: 0.6044
129/196 [==================>...........] - ETA: 0s - loss: 1.1598 - accuracy: 0.6041
137/196 [===================>..........] - ETA: 0s - loss: 1.1617 - accuracy: 0.6031
147/196 [=====================>........] - ETA: 0s - loss: 1.1630 - accuracy: 0.6013
156/196 [======================>.......] - ETA: 0s - loss: 1.1633 - accuracy: 0.6015
164/196 [========================>.....] - ETA: 0s - loss: 1.1649 - accuracy: 0.6005
173/196 [=========================>....] - ETA: 0s - loss: 1.1663 - accuracy: 0.5998
183/196 [===========================>..] - ETA: 0s - loss: 1.1689 - accuracy: 0.5990
192/196 [============================>.] - ETA: 0s - loss: 1.1683 - accuracy: 0.5996
196/196 [==============================] - 2s 9ms/step - loss: 1.1679 - accuracy: 0.6002 - val_loss: 1.2331 - val_accuracy: 0.5694
Epoch 31/44

  1/196 [..............................] - ETA: 6s - loss: 1.1343 - accuracy: 0.6289
 11/196 [>.............................] - ETA: 1s - loss: 1.1291 - accuracy: 0.6207
 20/196 [==>...........................] - ETA: 1s - loss: 1.1472 - accuracy: 0.6098
 29/196 [===>..........................] - ETA: 1s - loss: 1.1679 - accuracy: 0.6014
 38/196 [====>.........................] - ETA: 1s - loss: 1.1675 - accuracy: 0.5999
 47/196 [======>.......................] - ETA: 1s - loss: 1.1709 - accuracy: 0.5962
 57/196 [=======>......................] - ETA: 0s - loss: 1.1636 - accuracy: 0.5998
 67/196 [=========>....................] - ETA: 0s - loss: 1.1609 - accuracy: 0.6001
 76/196 [==========>...................] - ETA: 0s - loss: 1.1587 - accuracy: 0.6018
 85/196 [============>.................] - ETA: 0s - loss: 1.1595 - accuracy: 0.6018
 93/196 [=============>................] - ETA: 0s - loss: 1.1583 - accuracy: 0.6013
101/196 [==============>...............] - ETA: 0s - loss: 1.1566 - accuracy: 0.6025
111/196 [===============>..............] - ETA: 0s - loss: 1.1553 - accuracy: 0.6025
120/196 [=================>............] - ETA: 0s - loss: 1.1569 - accuracy: 0.6014
129/196 [==================>...........] - ETA: 0s - loss: 1.1561 - accuracy: 0.6010
139/196 [====================>.........] - ETA: 0s - loss: 1.1569 - accuracy: 0.6009
149/196 [=====================>........] - ETA: 0s - loss: 1.1587 - accuracy: 0.6006
158/196 [=======================>......] - ETA: 0s - loss: 1.1579 - accuracy: 0.6011
167/196 [========================>.....] - ETA: 0s - loss: 1.1579 - accuracy: 0.6012
176/196 [=========================>....] - ETA: 0s - loss: 1.1597 - accuracy: 0.6012
185/196 [===========================>..] - ETA: 0s - loss: 1.1635 - accuracy: 0.6002
194/196 [============================>.] - ETA: 0s - loss: 1.1642 - accuracy: 0.5998
196/196 [==============================] - 2s 9ms/step - loss: 1.1639 - accuracy: 0.5998 - val_loss: 1.2290 - val_accuracy: 0.5700
Epoch 32/44

  1/196 [..............................] - ETA: 3s - loss: 1.0997 - accuracy: 0.6562
  8/196 [>.............................] - ETA: 1s - loss: 1.1623 - accuracy: 0.6099
 16/196 [=>............................] - ETA: 1s - loss: 1.1559 - accuracy: 0.6064
 24/196 [==>...........................] - ETA: 1s - loss: 1.1560 - accuracy: 0.6064
 33/196 [====>.........................] - ETA: 1s - loss: 1.1505 - accuracy: 0.6050
 42/196 [=====>........................] - ETA: 1s - loss: 1.1538 - accuracy: 0.6070
 53/196 [=======>......................] - ETA: 0s - loss: 1.1474 - accuracy: 0.6064
 63/196 [========>.....................] - ETA: 0s - loss: 1.1457 - accuracy: 0.6063
 72/196 [==========>...................] - ETA: 0s - loss: 1.1476 - accuracy: 0.6061
 82/196 [===========>..................] - ETA: 0s - loss: 1.1447 - accuracy: 0.6061
 91/196 [============>.................] - ETA: 0s - loss: 1.1481 - accuracy: 0.6049
101/196 [==============>...............] - ETA: 0s - loss: 1.1478 - accuracy: 0.6053
111/196 [===============>..............] - ETA: 0s - loss: 1.1482 - accuracy: 0.6052
120/196 [=================>............] - ETA: 0s - loss: 1.1496 - accuracy: 0.6046
129/196 [==================>...........] - ETA: 0s - loss: 1.1511 - accuracy: 0.6042
138/196 [====================>.........] - ETA: 0s - loss: 1.1519 - accuracy: 0.6037
148/196 [=====================>........] - ETA: 0s - loss: 1.1503 - accuracy: 0.6048
158/196 [=======================>......] - ETA: 0s - loss: 1.1530 - accuracy: 0.6035
167/196 [========================>.....] - ETA: 0s - loss: 1.1546 - accuracy: 0.6027
177/196 [==========================>...] - ETA: 0s - loss: 1.1561 - accuracy: 0.6024
184/196 [===========================>..] - ETA: 0s - loss: 1.1556 - accuracy: 0.6027
193/196 [============================>.] - ETA: 0s - loss: 1.1553 - accuracy: 0.6027
196/196 [==============================] - 2s 9ms/step - loss: 1.1560 - accuracy: 0.6024 - val_loss: 1.2296 - val_accuracy: 0.5708
Epoch 33/44

  1/196 [..............................] - ETA: 3s - loss: 1.1772 - accuracy: 0.5977
 10/196 [>.............................] - ETA: 1s - loss: 1.1578 - accuracy: 0.5918
 20/196 [==>...........................] - ETA: 1s - loss: 1.1550 - accuracy: 0.5979
 30/196 [===>..........................] - ETA: 1s - loss: 1.1469 - accuracy: 0.5997
 40/196 [=====>........................] - ETA: 0s - loss: 1.1480 - accuracy: 0.6023
 49/196 [======>.......................] - ETA: 0s - loss: 1.1443 - accuracy: 0.6055
 59/196 [========>.....................] - ETA: 0s - loss: 1.1502 - accuracy: 0.6053
 69/196 [=========>....................] - ETA: 0s - loss: 1.1510 - accuracy: 0.6050
 79/196 [===========>..................] - ETA: 0s - loss: 1.1501 - accuracy: 0.6052
 89/196 [============>.................] - ETA: 0s - loss: 1.1462 - accuracy: 0.6058
 98/196 [==============>...............] - ETA: 0s - loss: 1.1493 - accuracy: 0.6057
108/196 [===============>..............] - ETA: 0s - loss: 1.1477 - accuracy: 0.6052
117/196 [================>.............] - ETA: 0s - loss: 1.1485 - accuracy: 0.6056
127/196 [==================>...........] - ETA: 0s - loss: 1.1498 - accuracy: 0.6048
137/196 [===================>..........] - ETA: 0s - loss: 1.1530 - accuracy: 0.6030
146/196 [=====================>........] - ETA: 0s - loss: 1.1536 - accuracy: 0.6029
155/196 [======================>.......] - ETA: 0s - loss: 1.1533 - accuracy: 0.6034
165/196 [========================>.....] - ETA: 0s - loss: 1.1535 - accuracy: 0.6034
174/196 [=========================>....] - ETA: 0s - loss: 1.1545 - accuracy: 0.6026
183/196 [===========================>..] - ETA: 0s - loss: 1.1548 - accuracy: 0.6022
193/196 [============================>.] - ETA: 0s - loss: 1.1529 - accuracy: 0.6031
196/196 [==============================] - 2s 9ms/step - loss: 1.1533 - accuracy: 0.6030 - val_loss: 1.2267 - val_accuracy: 0.5710
Epoch 34/44

  1/196 [..............................] - ETA: 6s - loss: 1.2288 - accuracy: 0.5781
 11/196 [>.............................] - ETA: 1s - loss: 1.1487 - accuracy: 0.6133
 20/196 [==>...........................] - ETA: 1s - loss: 1.1300 - accuracy: 0.6161
 30/196 [===>..........................] - ETA: 1s - loss: 1.1458 - accuracy: 0.6055
 40/196 [=====>........................] - ETA: 1s - loss: 1.1411 - accuracy: 0.6097
 49/196 [======>.......................] - ETA: 0s - loss: 1.1425 - accuracy: 0.6118
 58/196 [=======>......................] - ETA: 0s - loss: 1.1443 - accuracy: 0.6093
 68/196 [=========>....................] - ETA: 0s - loss: 1.1442 - accuracy: 0.6086
 77/196 [==========>...................] - ETA: 0s - loss: 1.1454 - accuracy: 0.6085
 87/196 [============>.................] - ETA: 0s - loss: 1.1488 - accuracy: 0.6065
 96/196 [=============>................] - ETA: 0s - loss: 1.1491 - accuracy: 0.6060
105/196 [===============>..............] - ETA: 0s - loss: 1.1509 - accuracy: 0.6053
114/196 [================>.............] - ETA: 0s - loss: 1.1502 - accuracy: 0.6060
124/196 [=================>............] - ETA: 0s - loss: 1.1510 - accuracy: 0.6055
134/196 [===================>..........] - ETA: 0s - loss: 1.1509 - accuracy: 0.6059
143/196 [====================>.........] - ETA: 0s - loss: 1.1502 - accuracy: 0.6061
153/196 [======================>.......] - ETA: 0s - loss: 1.1483 - accuracy: 0.6073
163/196 [=======================>......] - ETA: 0s - loss: 1.1484 - accuracy: 0.6071
173/196 [=========================>....] - ETA: 0s - loss: 1.1485 - accuracy: 0.6070
182/196 [==========================>...] - ETA: 0s - loss: 1.1482 - accuracy: 0.6073
193/196 [============================>.] - ETA: 0s - loss: 1.1484 - accuracy: 0.6071
196/196 [==============================] - 2s 9ms/step - loss: 1.1483 - accuracy: 0.6069 - val_loss: 1.2212 - val_accuracy: 0.5710
Epoch 35/44

  1/196 [..............................] - ETA: 3s - loss: 1.3166 - accuracy: 0.5391
 10/196 [>.............................] - ETA: 1s - loss: 1.1400 - accuracy: 0.6148
 20/196 [==>...........................] - ETA: 1s - loss: 1.1488 - accuracy: 0.6086
 30/196 [===>..........................] - ETA: 1s - loss: 1.1485 - accuracy: 0.6052
 40/196 [=====>........................] - ETA: 1s - loss: 1.1450 - accuracy: 0.6083
 50/196 [======>.......................] - ETA: 0s - loss: 1.1447 - accuracy: 0.6095
 60/196 [========>.....................] - ETA: 0s - loss: 1.1491 - accuracy: 0.6092
 70/196 [=========>....................] - ETA: 0s - loss: 1.1480 - accuracy: 0.6086
 80/196 [===========>..................] - ETA: 0s - loss: 1.1490 - accuracy: 0.6076
 90/196 [============>.................] - ETA: 0s - loss: 1.1443 - accuracy: 0.6089
 99/196 [==============>...............] - ETA: 0s - loss: 1.1423 - accuracy: 0.6087
109/196 [===============>..............] - ETA: 0s - loss: 1.1392 - accuracy: 0.6095
119/196 [=================>............] - ETA: 0s - loss: 1.1390 - accuracy: 0.6098
129/196 [==================>...........] - ETA: 0s - loss: 1.1381 - accuracy: 0.6104
138/196 [====================>.........] - ETA: 0s - loss: 1.1377 - accuracy: 0.6101
148/196 [=====================>........] - ETA: 0s - loss: 1.1386 - accuracy: 0.6099
158/196 [=======================>......] - ETA: 0s - loss: 1.1395 - accuracy: 0.6090
168/196 [========================>.....] - ETA: 0s - loss: 1.1380 - accuracy: 0.6085
178/196 [==========================>...] - ETA: 0s - loss: 1.1398 - accuracy: 0.6083
188/196 [===========================>..] - ETA: 0s - loss: 1.1397 - accuracy: 0.6086
196/196 [==============================] - 2s 9ms/step - loss: 1.1408 - accuracy: 0.6078 - val_loss: 1.2173 - val_accuracy: 0.5733
Epoch 36/44

  1/196 [..............................] - ETA: 3s - loss: 1.2041 - accuracy: 0.5664
 10/196 [>.............................] - ETA: 1s - loss: 1.1206 - accuracy: 0.6051
 19/196 [=>............................] - ETA: 1s - loss: 1.1198 - accuracy: 0.6153
 29/196 [===>..........................] - ETA: 1s - loss: 1.1314 - accuracy: 0.6091
 38/196 [====>.........................] - ETA: 1s - loss: 1.1383 - accuracy: 0.6075
 47/196 [======>.......................] - ETA: 1s - loss: 1.1372 - accuracy: 0.6080
 57/196 [=======>......................] - ETA: 0s - loss: 1.1367 - accuracy: 0.6079
 67/196 [=========>....................] - ETA: 0s - loss: 1.1407 - accuracy: 0.6066
 76/196 [==========>...................] - ETA: 0s - loss: 1.1408 - accuracy: 0.6069
 86/196 [============>.................] - ETA: 0s - loss: 1.1400 - accuracy: 0.6076
 95/196 [=============>................] - ETA: 0s - loss: 1.1376 - accuracy: 0.6076
104/196 [==============>...............] - ETA: 0s - loss: 1.1392 - accuracy: 0.6080
113/196 [================>.............] - ETA: 0s - loss: 1.1371 - accuracy: 0.6100
123/196 [=================>............] - ETA: 0s - loss: 1.1354 - accuracy: 0.6104
132/196 [===================>..........] - ETA: 0s - loss: 1.1352 - accuracy: 0.6102
142/196 [====================>.........] - ETA: 0s - loss: 1.1354 - accuracy: 0.6096
152/196 [======================>.......] - ETA: 0s - loss: 1.1335 - accuracy: 0.6102
161/196 [=======================>......] - ETA: 0s - loss: 1.1345 - accuracy: 0.6096
171/196 [=========================>....] - ETA: 0s - loss: 1.1332 - accuracy: 0.6103
178/196 [==========================>...] - ETA: 0s - loss: 1.1350 - accuracy: 0.6100
187/196 [===========================>..] - ETA: 0s - loss: 1.1332 - accuracy: 0.6111
196/196 [==============================] - 2s 9ms/step - loss: 1.1355 - accuracy: 0.6103 - val_loss: 1.2136 - val_accuracy: 0.5735
Epoch 37/44

  1/196 [..............................] - ETA: 3s - loss: 1.0557 - accuracy: 0.6094
  9/196 [>.............................] - ETA: 1s - loss: 1.1311 - accuracy: 0.6176
 19/196 [=>............................] - ETA: 1s - loss: 1.1288 - accuracy: 0.6168
 28/196 [===>..........................] - ETA: 1s - loss: 1.1349 - accuracy: 0.6106
 36/196 [====>.........................] - ETA: 1s - loss: 1.1349 - accuracy: 0.6084
 45/196 [=====>........................] - ETA: 1s - loss: 1.1351 - accuracy: 0.6094
 55/196 [=======>......................] - ETA: 0s - loss: 1.1351 - accuracy: 0.6114
 65/196 [========>.....................] - ETA: 0s - loss: 1.1317 - accuracy: 0.6133
 74/196 [==========>...................] - ETA: 0s - loss: 1.1316 - accuracy: 0.6132
 84/196 [===========>..................] - ETA: 0s - loss: 1.1291 - accuracy: 0.6134
 93/196 [=============>................] - ETA: 0s - loss: 1.1327 - accuracy: 0.6123
103/196 [==============>...............] - ETA: 0s - loss: 1.1339 - accuracy: 0.6115
112/196 [================>.............] - ETA: 0s - loss: 1.1332 - accuracy: 0.6123
122/196 [=================>............] - ETA: 0s - loss: 1.1332 - accuracy: 0.6120
131/196 [===================>..........] - ETA: 0s - loss: 1.1337 - accuracy: 0.6121
141/196 [====================>.........] - ETA: 0s - loss: 1.1343 - accuracy: 0.6110
150/196 [=====================>........] - ETA: 0s - loss: 1.1335 - accuracy: 0.6118
159/196 [=======================>......] - ETA: 0s - loss: 1.1321 - accuracy: 0.6123
168/196 [========================>.....] - ETA: 0s - loss: 1.1315 - accuracy: 0.6129
177/196 [==========================>...] - ETA: 0s - loss: 1.1308 - accuracy: 0.6131
187/196 [===========================>..] - ETA: 0s - loss: 1.1308 - accuracy: 0.6134
196/196 [==============================] - ETA: 0s - loss: 1.1319 - accuracy: 0.6134
196/196 [==============================] - 2s 9ms/step - loss: 1.1319 - accuracy: 0.6134 - val_loss: 1.2128 - val_accuracy: 0.5737
Epoch 38/44

  1/196 [..............................] - ETA: 3s - loss: 1.1274 - accuracy: 0.6172
  9/196 [>.............................] - ETA: 1s - loss: 1.1385 - accuracy: 0.6150
 18/196 [=>............................] - ETA: 1s - loss: 1.1362 - accuracy: 0.6191
 28/196 [===>..........................] - ETA: 1s - loss: 1.1351 - accuracy: 0.6179
 37/196 [====>.........................] - ETA: 1s - loss: 1.1302 - accuracy: 0.6165
 46/196 [======>.......................] - ETA: 1s - loss: 1.1309 - accuracy: 0.6160
 55/196 [=======>......................] - ETA: 0s - loss: 1.1329 - accuracy: 0.6162
 65/196 [========>.....................] - ETA: 0s - loss: 1.1308 - accuracy: 0.6169
 72/196 [==========>...................] - ETA: 0s - loss: 1.1331 - accuracy: 0.6154
 80/196 [===========>..................] - ETA: 0s - loss: 1.1320 - accuracy: 0.6173
 89/196 [============>.................] - ETA: 0s - loss: 1.1310 - accuracy: 0.6166
 98/196 [==============>...............] - ETA: 0s - loss: 1.1298 - accuracy: 0.6172
106/196 [===============>..............] - ETA: 0s - loss: 1.1302 - accuracy: 0.6160
114/196 [================>.............] - ETA: 0s - loss: 1.1279 - accuracy: 0.6163
122/196 [=================>............] - ETA: 0s - loss: 1.1283 - accuracy: 0.6156
130/196 [==================>...........] - ETA: 0s - loss: 1.1252 - accuracy: 0.6165
137/196 [===================>..........] - ETA: 0s - loss: 1.1259 - accuracy: 0.6160
143/196 [====================>.........] - ETA: 0s - loss: 1.1268 - accuracy: 0.6156
151/196 [======================>.......] - ETA: 0s - loss: 1.1275 - accuracy: 0.6157
161/196 [=======================>......] - ETA: 0s - loss: 1.1264 - accuracy: 0.6154
170/196 [=========================>....] - ETA: 0s - loss: 1.1266 - accuracy: 0.6153
180/196 [==========================>...] - ETA: 0s - loss: 1.1277 - accuracy: 0.6148
190/196 [============================>.] - ETA: 0s - loss: 1.1253 - accuracy: 0.6149
196/196 [==============================] - 2s 10ms/step - loss: 1.1267 - accuracy: 0.6140 - val_loss: 1.2108 - val_accuracy: 0.5742
Epoch 39/44

  1/196 [..............................] - ETA: 3s - loss: 1.2131 - accuracy: 0.6094
 10/196 [>.............................] - ETA: 1s - loss: 1.1221 - accuracy: 0.6215
 19/196 [=>............................] - ETA: 1s - loss: 1.1211 - accuracy: 0.6192
 29/196 [===>..........................] - ETA: 1s - loss: 1.1065 - accuracy: 0.6209
 38/196 [====>.........................] - ETA: 1s - loss: 1.1051 - accuracy: 0.6255
 48/196 [======>.......................] - ETA: 0s - loss: 1.1095 - accuracy: 0.6233
 57/196 [=======>......................] - ETA: 0s - loss: 1.1109 - accuracy: 0.6220
 65/196 [========>.....................] - ETA: 0s - loss: 1.1111 - accuracy: 0.6220
 74/196 [==========>...................] - ETA: 0s - loss: 1.1116 - accuracy: 0.6211
 83/196 [===========>..................] - ETA: 0s - loss: 1.1107 - accuracy: 0.6218
 93/196 [=============>................] - ETA: 0s - loss: 1.1102 - accuracy: 0.6233
101/196 [==============>...............] - ETA: 0s - loss: 1.1113 - accuracy: 0.6221
110/196 [===============>..............] - ETA: 0s - loss: 1.1144 - accuracy: 0.6216
119/196 [=================>............] - ETA: 0s - loss: 1.1185 - accuracy: 0.6191
127/196 [==================>...........] - ETA: 0s - loss: 1.1186 - accuracy: 0.6190
135/196 [===================>..........] - ETA: 0s - loss: 1.1197 - accuracy: 0.6191
145/196 [=====================>........] - ETA: 0s - loss: 1.1193 - accuracy: 0.6197
154/196 [======================>.......] - ETA: 0s - loss: 1.1210 - accuracy: 0.6189
164/196 [========================>.....] - ETA: 0s - loss: 1.1215 - accuracy: 0.6189
172/196 [=========================>....] - ETA: 0s - loss: 1.1204 - accuracy: 0.6193
182/196 [==========================>...] - ETA: 0s - loss: 1.1223 - accuracy: 0.6185
191/196 [============================>.] - ETA: 0s - loss: 1.1230 - accuracy: 0.6182
196/196 [==============================] - 2s 9ms/step - loss: 1.1222 - accuracy: 0.6183 - val_loss: 1.2055 - val_accuracy: 0.5771
Epoch 40/44

  1/196 [..............................] - ETA: 1s - loss: 1.2037 - accuracy: 0.5586
  9/196 [>.............................] - ETA: 1s - loss: 1.1198 - accuracy: 0.6102
 19/196 [=>............................] - ETA: 1s - loss: 1.1241 - accuracy: 0.6145
 29/196 [===>..........................] - ETA: 1s - loss: 1.1211 - accuracy: 0.6169
 38/196 [====>.........................] - ETA: 1s - loss: 1.1277 - accuracy: 0.6163
 47/196 [======>.......................] - ETA: 1s - loss: 1.1343 - accuracy: 0.6115
 56/196 [=======>......................] - ETA: 0s - loss: 1.1268 - accuracy: 0.6153
 66/196 [=========>....................] - ETA: 0s - loss: 1.1223 - accuracy: 0.6166
 75/196 [==========>...................] - ETA: 0s - loss: 1.1233 - accuracy: 0.6157
 85/196 [============>.................] - ETA: 0s - loss: 1.1221 - accuracy: 0.6153
 94/196 [=============>................] - ETA: 0s - loss: 1.1198 - accuracy: 0.6161
102/196 [==============>...............] - ETA: 0s - loss: 1.1208 - accuracy: 0.6156
111/196 [===============>..............] - ETA: 0s - loss: 1.1178 - accuracy: 0.6188
121/196 [=================>............] - ETA: 0s - loss: 1.1192 - accuracy: 0.6180
131/196 [===================>..........] - ETA: 0s - loss: 1.1189 - accuracy: 0.6177
140/196 [====================>.........] - ETA: 0s - loss: 1.1179 - accuracy: 0.6183
150/196 [=====================>........] - ETA: 0s - loss: 1.1194 - accuracy: 0.6169
159/196 [=======================>......] - ETA: 0s - loss: 1.1195 - accuracy: 0.6166
168/196 [========================>.....] - ETA: 0s - loss: 1.1178 - accuracy: 0.6171
178/196 [==========================>...] - ETA: 0s - loss: 1.1161 - accuracy: 0.6183
188/196 [===========================>..] - ETA: 0s - loss: 1.1154 - accuracy: 0.6187
196/196 [==============================] - 2s 9ms/step - loss: 1.1175 - accuracy: 0.6183 - val_loss: 1.2046 - val_accuracy: 0.5775
Epoch 41/44

  1/196 [..............................] - ETA: 3s - loss: 1.0583 - accuracy: 0.6250
 10/196 [>.............................] - ETA: 1s - loss: 1.0853 - accuracy: 0.6293
 19/196 [=>............................] - ETA: 1s - loss: 1.0899 - accuracy: 0.6289
 29/196 [===>..........................] - ETA: 1s - loss: 1.0888 - accuracy: 0.6266
 38/196 [====>.........................] - ETA: 1s - loss: 1.0929 - accuracy: 0.6236
 48/196 [======>.......................] - ETA: 0s - loss: 1.1015 - accuracy: 0.6216
 57/196 [=======>......................] - ETA: 0s - loss: 1.1022 - accuracy: 0.6222
 66/196 [=========>....................] - ETA: 0s - loss: 1.1035 - accuracy: 0.6217
 76/196 [==========>...................] - ETA: 0s - loss: 1.1013 - accuracy: 0.6238
 85/196 [============>.................] - ETA: 0s - loss: 1.1000 - accuracy: 0.6243
 94/196 [=============>................] - ETA: 0s - loss: 1.1048 - accuracy: 0.6211
104/196 [==============>...............] - ETA: 0s - loss: 1.1036 - accuracy: 0.6214
112/196 [================>.............] - ETA: 0s - loss: 1.1039 - accuracy: 0.6211
122/196 [=================>............] - ETA: 0s - loss: 1.1089 - accuracy: 0.6190
131/196 [===================>..........] - ETA: 0s - loss: 1.1076 - accuracy: 0.6198
140/196 [====================>.........] - ETA: 0s - loss: 1.1090 - accuracy: 0.6191
149/196 [=====================>........] - ETA: 0s - loss: 1.1084 - accuracy: 0.6190
159/196 [=======================>......] - ETA: 0s - loss: 1.1107 - accuracy: 0.6188
169/196 [========================>.....] - ETA: 0s - loss: 1.1119 - accuracy: 0.6180
178/196 [==========================>...] - ETA: 0s - loss: 1.1128 - accuracy: 0.6172
187/196 [===========================>..] - ETA: 0s - loss: 1.1133 - accuracy: 0.6176
196/196 [==============================] - ETA: 0s - loss: 1.1131 - accuracy: 0.6180
196/196 [==============================] - 2s 9ms/step - loss: 1.1131 - accuracy: 0.6180 - val_loss: 1.2012 - val_accuracy: 0.5765
Epoch 42/44

  1/196 [..............................] - ETA: 2s - loss: 1.1247 - accuracy: 0.5742
 10/196 [>.............................] - ETA: 1s - loss: 1.0972 - accuracy: 0.6176
 20/196 [==>...........................] - ETA: 1s - loss: 1.1031 - accuracy: 0.6256
 30/196 [===>..........................] - ETA: 1s - loss: 1.1159 - accuracy: 0.6211
 40/196 [=====>........................] - ETA: 1s - loss: 1.1129 - accuracy: 0.6231
 50/196 [======>.......................] - ETA: 0s - loss: 1.1104 - accuracy: 0.6228
 59/196 [========>.....................] - ETA: 0s - loss: 1.1150 - accuracy: 0.6193
 68/196 [=========>....................] - ETA: 0s - loss: 1.1133 - accuracy: 0.6194
 78/196 [==========>...................] - ETA: 0s - loss: 1.1113 - accuracy: 0.6202
 88/196 [============>.................] - ETA: 0s - loss: 1.1097 - accuracy: 0.6211
 97/196 [=============>................] - ETA: 0s - loss: 1.1077 - accuracy: 0.6220
107/196 [===============>..............] - ETA: 0s - loss: 1.1087 - accuracy: 0.6222
118/196 [=================>............] - ETA: 0s - loss: 1.1067 - accuracy: 0.6244
127/196 [==================>...........] - ETA: 0s - loss: 1.1073 - accuracy: 0.6241
137/196 [===================>..........] - ETA: 0s - loss: 1.1088 - accuracy: 0.6228
147/196 [=====================>........] - ETA: 0s - loss: 1.1092 - accuracy: 0.6219
157/196 [=======================>......] - ETA: 0s - loss: 1.1073 - accuracy: 0.6226
166/196 [========================>.....] - ETA: 0s - loss: 1.1056 - accuracy: 0.6238
175/196 [=========================>....] - ETA: 0s - loss: 1.1054 - accuracy: 0.6237
182/196 [==========================>...] - ETA: 0s - loss: 1.1064 - accuracy: 0.6229
190/196 [============================>.] - ETA: 0s - loss: 1.1076 - accuracy: 0.6222
196/196 [==============================] - 2s 9ms/step - loss: 1.1077 - accuracy: 0.6227 - val_loss: 1.1970 - val_accuracy: 0.5803
Epoch 43/44

  1/196 [..............................] - ETA: 3s - loss: 1.1163 - accuracy: 0.6133
  9/196 [>.............................] - ETA: 1s - loss: 1.1179 - accuracy: 0.6237
 19/196 [=>............................] - ETA: 1s - loss: 1.1146 - accuracy: 0.6186
 29/196 [===>..........................] - ETA: 1s - loss: 1.1148 - accuracy: 0.6165
 39/196 [====>.........................] - ETA: 1s - loss: 1.1087 - accuracy: 0.6191
 49/196 [======>.......................] - ETA: 0s - loss: 1.1072 - accuracy: 0.6185
 58/196 [=======>......................] - ETA: 0s - loss: 1.1040 - accuracy: 0.6203
 68/196 [=========>....................] - ETA: 0s - loss: 1.1013 - accuracy: 0.6215
 76/196 [==========>...................] - ETA: 0s - loss: 1.1051 - accuracy: 0.6197
 85/196 [============>.................] - ETA: 0s - loss: 1.1043 - accuracy: 0.6210
 94/196 [=============>................] - ETA: 0s - loss: 1.1035 - accuracy: 0.6215
103/196 [==============>...............] - ETA: 0s - loss: 1.1038 - accuracy: 0.6211
111/196 [===============>..............] - ETA: 0s - loss: 1.1029 - accuracy: 0.6210
120/196 [=================>............] - ETA: 0s - loss: 1.1044 - accuracy: 0.6201
130/196 [==================>...........] - ETA: 0s - loss: 1.1040 - accuracy: 0.6200
139/196 [====================>.........] - ETA: 0s - loss: 1.1071 - accuracy: 0.6191
149/196 [=====================>........] - ETA: 0s - loss: 1.1053 - accuracy: 0.6202
159/196 [=======================>......] - ETA: 0s - loss: 1.1052 - accuracy: 0.6205
168/196 [========================>.....] - ETA: 0s - loss: 1.1038 - accuracy: 0.6212
178/196 [==========================>...] - ETA: 0s - loss: 1.1037 - accuracy: 0.6210
188/196 [===========================>..] - ETA: 0s - loss: 1.1033 - accuracy: 0.6214
196/196 [==============================] - 2s 9ms/step - loss: 1.1035 - accuracy: 0.6213 - val_loss: 1.1953 - val_accuracy: 0.5832
Epoch 44/44

  1/196 [..............................] - ETA: 3s - loss: 1.1148 - accuracy: 0.6445
 11/196 [>.............................] - ETA: 1s - loss: 1.1014 - accuracy: 0.6303
 20/196 [==>...........................] - ETA: 1s - loss: 1.0885 - accuracy: 0.6293
 30/196 [===>..........................] - ETA: 1s - loss: 1.1014 - accuracy: 0.6243
 39/196 [====>.........................] - ETA: 1s - loss: 1.1065 - accuracy: 0.6221
 46/196 [======>.......................] - ETA: 1s - loss: 1.1011 - accuracy: 0.6233
 54/196 [=======>......................] - ETA: 0s - loss: 1.0985 - accuracy: 0.6257
 64/196 [========>.....................] - ETA: 0s - loss: 1.1017 - accuracy: 0.6253
 73/196 [==========>...................] - ETA: 0s - loss: 1.0983 - accuracy: 0.6248
 83/196 [===========>..................] - ETA: 0s - loss: 1.0975 - accuracy: 0.6246
 91/196 [============>.................] - ETA: 0s - loss: 1.0996 - accuracy: 0.6243
100/196 [==============>...............] - ETA: 0s - loss: 1.0982 - accuracy: 0.6242
109/196 [===============>..............] - ETA: 0s - loss: 1.1000 - accuracy: 0.6239
118/196 [=================>............] - ETA: 0s - loss: 1.1002 - accuracy: 0.6245
128/196 [==================>...........] - ETA: 0s - loss: 1.0987 - accuracy: 0.6251
136/196 [===================>..........] - ETA: 0s - loss: 1.0982 - accuracy: 0.6247
146/196 [=====================>........] - ETA: 0s - loss: 1.0973 - accuracy: 0.6243
154/196 [======================>.......] - ETA: 0s - loss: 1.0973 - accuracy: 0.6241
164/196 [========================>.....] - ETA: 0s - loss: 1.0984 - accuracy: 0.6233
173/196 [=========================>....] - ETA: 0s - loss: 1.0978 - accuracy: 0.6235
182/196 [==========================>...] - ETA: 0s - loss: 1.0976 - accuracy: 0.6233
192/196 [============================>.] - ETA: 0s - loss: 1.0986 - accuracy: 0.6235
196/196 [==============================] - 2s 9ms/step - loss: 1.0992 - accuracy: 0.6235 - val_loss: 1.1985 - val_accuracy: 0.5809

  1/313 [..............................] - ETA: 4s - loss: 0.9207 - accuracy: 0.6875
 33/313 [==>...........................] - ETA: 0s - loss: 1.1814 - accuracy: 0.5862
 69/313 [=====>........................] - ETA: 0s - loss: 1.1891 - accuracy: 0.5797
106/313 [=========>....................] - ETA: 0s - loss: 1.1960 - accuracy: 0.5784
144/313 [============>.................] - ETA: 0s - loss: 1.1900 - accuracy: 0.5840
180/313 [================>.............] - ETA: 0s - loss: 1.1863 - accuracy: 0.5863
216/313 [===================>..........] - ETA: 0s - loss: 1.1894 - accuracy: 0.5833
255/313 [=======================>......] - ETA: 0s - loss: 1.1914 - accuracy: 0.5830
292/313 [==========================>...] - ETA: 0s - loss: 1.1957 - accuracy: 0.5823
313/313 [==============================] - 1s 2ms/step - loss: 1.1985 - accuracy: 0.5809
