2024-06-26 14:10:29.400870: I tensorflow/core/platform/cpu_feature_guard.cc:193] This TensorFlow binary is optimized with oneAPI Deep Neural Network Library (oneDNN) to use the following CPU instructions in performance-critical operations:  AVX AVX2
To enable them in other operations, rebuild TensorFlow with the appropriate compiler flags.
2024-06-26 14:10:30.004194: I tensorflow/core/common_runtime/gpu/gpu_device.cc:1616] Created device /job:localhost/replica:0/task:0/device:GPU:0 with 6656 MB memory:  -> device: 0, name: NVIDIA GeForce RTX 4060 Ti, pci bus id: 0000:01:00.0, compute capability: 8.9
1 Physical GPUs, 1 Logical GPUs
Model: "sequential"
_________________________________________________________________
 Layer (type)                Output Shape              Param #   
=================================================================
 conv2d (Conv2D)             (None, 32, 32, 32)        896       
                                                                 
 max_pooling2d (MaxPooling2D  (None, 16, 16, 32)       0         
 )                                                               
                                                                 
 batch_normalization (BatchN  (None, 16, 16, 32)       128       
 ormalization)                                                   
                                                                 
 dropout (Dropout)           (None, 16, 16, 32)        0         
                                                                 
 flatten (Flatten)           (None, 8192)              0         
                                                                 
 dense (Dense)               (None, 10)                81930     
                                                                 
=================================================================
Total params: 82,954
Trainable params: 82,890
Non-trainable params: 64
_________________________________________________________________
Taxa de aprendizado:  0.001 Num de épocas:  222 Tamanho do lote:  256 Dropout:  0.35579
Epoch 1/222
2024-06-26 14:10:31.665930: I tensorflow/stream_executor/cuda/cuda_dnn.cc:384] Loaded cuDNN version 8100
2024-06-26 14:10:32.964764: W tensorflow/stream_executor/gpu/redzone_allocator.cc:314] INTERNAL: ptxas exited with non-zero error code -1, output: 
Relying on driver to perform ptx compilation. 
Modify $PATH to customize ptxas location.
This message will be only logged once.
2024-06-26 14:10:34.219651: I tensorflow/stream_executor/cuda/cuda_blas.cc:1614] TensorFloat-32 will be used for the matrix multiplication. This will only be logged once.

  1/196 [..............................] - ETA: 13:40 - loss: 2.7135 - accuracy: 0.1641
  7/196 [>.............................] - ETA: 1s - loss: 2.3451 - accuracy: 0.2260   
 14/196 [=>............................] - ETA: 1s - loss: 2.1793 - accuracy: 0.2779
 22/196 [==>...........................] - ETA: 1s - loss: 2.0745 - accuracy: 0.3084
 29/196 [===>..........................] - ETA: 1s - loss: 1.9938 - accuracy: 0.3280
 37/196 [====>.........................] - ETA: 1s - loss: 1.9388 - accuracy: 0.3405
 44/196 [=====>........................] - ETA: 1s - loss: 1.9027 - accuracy: 0.3528
 52/196 [======>.......................] - ETA: 1s - loss: 1.8651 - accuracy: 0.3636
 59/196 [========>.....................] - ETA: 1s - loss: 1.8359 - accuracy: 0.3696
 67/196 [=========>....................] - ETA: 1s - loss: 1.8034 - accuracy: 0.3783
 75/196 [==========>...................] - ETA: 1s - loss: 1.7808 - accuracy: 0.3846
 83/196 [===========>..................] - ETA: 0s - loss: 1.7531 - accuracy: 0.3947
 91/196 [============>.................] - ETA: 0s - loss: 1.7342 - accuracy: 0.4014
 94/196 [=============>................] - ETA: 0s - loss: 1.7286 - accuracy: 0.4035
102/196 [==============>...............] - ETA: 0s - loss: 1.7082 - accuracy: 0.4098
110/196 [===============>..............] - ETA: 0s - loss: 1.6886 - accuracy: 0.4156
118/196 [=================>............] - ETA: 0s - loss: 1.6672 - accuracy: 0.4225
125/196 [==================>...........] - ETA: 0s - loss: 1.6543 - accuracy: 0.4266
132/196 [===================>..........] - ETA: 0s - loss: 1.6423 - accuracy: 0.4303
140/196 [====================>.........] - ETA: 0s - loss: 1.6301 - accuracy: 0.4344
148/196 [=====================>........] - ETA: 0s - loss: 1.6164 - accuracy: 0.4393
156/196 [======================>.......] - ETA: 0s - loss: 1.6041 - accuracy: 0.4426
163/196 [=======================>......] - ETA: 0s - loss: 1.5921 - accuracy: 0.4463
171/196 [=========================>....] - ETA: 0s - loss: 1.5821 - accuracy: 0.4500
178/196 [==========================>...] - ETA: 0s - loss: 1.5730 - accuracy: 0.4530
186/196 [===========================>..] - ETA: 0s - loss: 1.5637 - accuracy: 0.4564
194/196 [============================>.] - ETA: 0s - loss: 1.5537 - accuracy: 0.4598
196/196 [==============================] - 7s 14ms/step - loss: 1.5519 - accuracy: 0.4603 - val_loss: 2.0096 - val_accuracy: 0.3460
Epoch 2/222

  1/196 [..............................] - ETA: 3s - loss: 1.1915 - accuracy: 0.5703
  8/196 [>.............................] - ETA: 1s - loss: 1.2247 - accuracy: 0.5620
 16/196 [=>............................] - ETA: 1s - loss: 1.2421 - accuracy: 0.5620
 23/196 [==>...........................] - ETA: 1s - loss: 1.2277 - accuracy: 0.5642
 31/196 [===>..........................] - ETA: 1s - loss: 1.2185 - accuracy: 0.5689
 39/196 [====>.........................] - ETA: 1s - loss: 1.2136 - accuracy: 0.5725
 47/196 [======>.......................] - ETA: 1s - loss: 1.2145 - accuracy: 0.5728
 54/196 [=======>......................] - ETA: 1s - loss: 1.2089 - accuracy: 0.5747
 62/196 [========>.....................] - ETA: 1s - loss: 1.2053 - accuracy: 0.5766
 70/196 [=========>....................] - ETA: 1s - loss: 1.2042 - accuracy: 0.5779
 77/196 [==========>...................] - ETA: 0s - loss: 1.2015 - accuracy: 0.5788
 85/196 [============>.................] - ETA: 0s - loss: 1.2004 - accuracy: 0.5790
 93/196 [=============>................] - ETA: 0s - loss: 1.2045 - accuracy: 0.5766
102/196 [==============>...............] - ETA: 0s - loss: 1.2053 - accuracy: 0.5764
109/196 [===============>..............] - ETA: 0s - loss: 1.2044 - accuracy: 0.5768
116/196 [================>.............] - ETA: 0s - loss: 1.2059 - accuracy: 0.5763
124/196 [=================>............] - ETA: 0s - loss: 1.2039 - accuracy: 0.5764
132/196 [===================>..........] - ETA: 0s - loss: 1.2040 - accuracy: 0.5773
139/196 [====================>.........] - ETA: 0s - loss: 1.2023 - accuracy: 0.5776
146/196 [=====================>........] - ETA: 0s - loss: 1.2033 - accuracy: 0.5773
153/196 [======================>.......] - ETA: 0s - loss: 1.2031 - accuracy: 0.5772
160/196 [=======================>......] - ETA: 0s - loss: 1.2018 - accuracy: 0.5777
168/196 [========================>.....] - ETA: 0s - loss: 1.1992 - accuracy: 0.5791
175/196 [=========================>....] - ETA: 0s - loss: 1.1978 - accuracy: 0.5797
183/196 [===========================>..] - ETA: 0s - loss: 1.1969 - accuracy: 0.5801
190/196 [============================>.] - ETA: 0s - loss: 1.1954 - accuracy: 0.5812
196/196 [==============================] - 2s 13ms/step - loss: 1.1957 - accuracy: 0.5810 - val_loss: 1.5790 - val_accuracy: 0.4982
Epoch 3/222

  1/196 [..............................] - ETA: 4s - loss: 1.0556 - accuracy: 0.6172
  7/196 [>.............................] - ETA: 1s - loss: 1.0628 - accuracy: 0.6256
 15/196 [=>............................] - ETA: 1s - loss: 1.0960 - accuracy: 0.6141
 22/196 [==>...........................] - ETA: 1s - loss: 1.1008 - accuracy: 0.6154
 30/196 [===>..........................] - ETA: 1s - loss: 1.0942 - accuracy: 0.6186
 38/196 [====>.........................] - ETA: 1s - loss: 1.0824 - accuracy: 0.6217
 46/196 [======>.......................] - ETA: 1s - loss: 1.0852 - accuracy: 0.6217
 54/196 [=======>......................] - ETA: 1s - loss: 1.0834 - accuracy: 0.6232
 62/196 [========>.....................] - ETA: 1s - loss: 1.0813 - accuracy: 0.6242
 69/196 [=========>....................] - ETA: 1s - loss: 1.0824 - accuracy: 0.6219
 77/196 [==========>...................] - ETA: 0s - loss: 1.0896 - accuracy: 0.6194
 84/196 [===========>..................] - ETA: 0s - loss: 1.0883 - accuracy: 0.6202
 92/196 [=============>................] - ETA: 0s - loss: 1.0860 - accuracy: 0.6205
100/196 [==============>...............] - ETA: 0s - loss: 1.0872 - accuracy: 0.6196
107/196 [===============>..............] - ETA: 0s - loss: 1.0870 - accuracy: 0.6195
115/196 [================>.............] - ETA: 0s - loss: 1.0847 - accuracy: 0.6199
122/196 [=================>............] - ETA: 0s - loss: 1.0868 - accuracy: 0.6191
130/196 [==================>...........] - ETA: 0s - loss: 1.0867 - accuracy: 0.6191
138/196 [====================>.........] - ETA: 0s - loss: 1.0863 - accuracy: 0.6193
146/196 [=====================>........] - ETA: 0s - loss: 1.0874 - accuracy: 0.6190
153/196 [======================>.......] - ETA: 0s - loss: 1.0886 - accuracy: 0.6189
162/196 [=======================>......] - ETA: 0s - loss: 1.0915 - accuracy: 0.6180
168/196 [========================>.....] - ETA: 0s - loss: 1.0909 - accuracy: 0.6183
175/196 [=========================>....] - ETA: 0s - loss: 1.0918 - accuracy: 0.6182
183/196 [===========================>..] - ETA: 0s - loss: 1.0905 - accuracy: 0.6184
190/196 [============================>.] - ETA: 0s - loss: 1.0884 - accuracy: 0.6197
196/196 [==============================] - ETA: 0s - loss: 1.0890 - accuracy: 0.6197
196/196 [==============================] - 2s 12ms/step - loss: 1.0890 - accuracy: 0.6197 - val_loss: 1.2227 - val_accuracy: 0.5787
Epoch 4/222

  1/196 [..............................] - ETA: 3s - loss: 0.8658 - accuracy: 0.6914
 10/196 [>.............................] - ETA: 1s - loss: 0.9704 - accuracy: 0.6641
 20/196 [==>...........................] - ETA: 1s - loss: 1.0100 - accuracy: 0.6447
 28/196 [===>..........................] - ETA: 1s - loss: 1.0135 - accuracy: 0.6458
 37/196 [====>.........................] - ETA: 1s - loss: 1.0231 - accuracy: 0.6423
 46/196 [======>.......................] - ETA: 0s - loss: 1.0158 - accuracy: 0.6460
 56/196 [=======>......................] - ETA: 0s - loss: 1.0228 - accuracy: 0.6432
 65/196 [========>.....................] - ETA: 0s - loss: 1.0177 - accuracy: 0.6451
 74/196 [==========>...................] - ETA: 0s - loss: 1.0140 - accuracy: 0.6462
 83/196 [===========>..................] - ETA: 0s - loss: 1.0206 - accuracy: 0.6440
 92/196 [=============>................] - ETA: 0s - loss: 1.0241 - accuracy: 0.6436
101/196 [==============>...............] - ETA: 0s - loss: 1.0268 - accuracy: 0.6431
110/196 [===============>..............] - ETA: 0s - loss: 1.0270 - accuracy: 0.6433
116/196 [================>.............] - ETA: 0s - loss: 1.0277 - accuracy: 0.6426
124/196 [=================>............] - ETA: 0s - loss: 1.0274 - accuracy: 0.6427
132/196 [===================>..........] - ETA: 0s - loss: 1.0297 - accuracy: 0.6423
140/196 [====================>.........] - ETA: 0s - loss: 1.0312 - accuracy: 0.6422
147/196 [=====================>........] - ETA: 0s - loss: 1.0318 - accuracy: 0.6414
155/196 [======================>.......] - ETA: 0s - loss: 1.0311 - accuracy: 0.6417
163/196 [=======================>......] - ETA: 0s - loss: 1.0326 - accuracy: 0.6417
170/196 [=========================>....] - ETA: 0s - loss: 1.0324 - accuracy: 0.6418
178/196 [==========================>...] - ETA: 0s - loss: 1.0318 - accuracy: 0.6414
185/196 [===========================>..] - ETA: 0s - loss: 1.0336 - accuracy: 0.6407
193/196 [============================>.] - ETA: 0s - loss: 1.0341 - accuracy: 0.6407
196/196 [==============================] - 2s 12ms/step - loss: 1.0346 - accuracy: 0.6406 - val_loss: 1.1478 - val_accuracy: 0.5972
Epoch 5/222

  1/196 [..............................] - ETA: 3s - loss: 1.0279 - accuracy: 0.6523
  9/196 [>.............................] - ETA: 1s - loss: 0.9951 - accuracy: 0.6510
 17/196 [=>............................] - ETA: 1s - loss: 0.9592 - accuracy: 0.6684
 25/196 [==>...........................] - ETA: 1s - loss: 0.9556 - accuracy: 0.6711
 33/196 [====>.........................] - ETA: 1s - loss: 0.9578 - accuracy: 0.6706
 41/196 [=====>........................] - ETA: 1s - loss: 0.9706 - accuracy: 0.6648
 48/196 [======>.......................] - ETA: 1s - loss: 0.9671 - accuracy: 0.6629
 57/196 [=======>......................] - ETA: 1s - loss: 0.9675 - accuracy: 0.6632
 64/196 [========>.....................] - ETA: 1s - loss: 0.9690 - accuracy: 0.6635
 72/196 [==========>...................] - ETA: 0s - loss: 0.9723 - accuracy: 0.6630
 78/196 [==========>...................] - ETA: 0s - loss: 0.9758 - accuracy: 0.6630
 85/196 [============>.................] - ETA: 0s - loss: 0.9759 - accuracy: 0.6622
 91/196 [============>.................] - ETA: 0s - loss: 0.9791 - accuracy: 0.6614
 98/196 [==============>...............] - ETA: 0s - loss: 0.9819 - accuracy: 0.6602
106/196 [===============>..............] - ETA: 0s - loss: 0.9830 - accuracy: 0.6599
113/196 [================>.............] - ETA: 0s - loss: 0.9852 - accuracy: 0.6584
121/196 [=================>............] - ETA: 0s - loss: 0.9861 - accuracy: 0.6585
129/196 [==================>...........] - ETA: 0s - loss: 0.9881 - accuracy: 0.6572
137/196 [===================>..........] - ETA: 0s - loss: 0.9868 - accuracy: 0.6582
145/196 [=====================>........] - ETA: 0s - loss: 0.9879 - accuracy: 0.6583
152/196 [======================>.......] - ETA: 0s - loss: 0.9900 - accuracy: 0.6577
160/196 [=======================>......] - ETA: 0s - loss: 0.9897 - accuracy: 0.6579
167/196 [========================>.....] - ETA: 0s - loss: 0.9919 - accuracy: 0.6572
175/196 [=========================>....] - ETA: 0s - loss: 0.9927 - accuracy: 0.6568
183/196 [===========================>..] - ETA: 0s - loss: 0.9926 - accuracy: 0.6567
191/196 [============================>.] - ETA: 0s - loss: 0.9945 - accuracy: 0.6560
196/196 [==============================] - 2s 13ms/step - loss: 0.9954 - accuracy: 0.6554 - val_loss: 1.2124 - val_accuracy: 0.5905
Epoch 6/222

  1/196 [..............................] - ETA: 3s - loss: 0.9681 - accuracy: 0.6602
  9/196 [>.............................] - ETA: 1s - loss: 0.9395 - accuracy: 0.6723
 16/196 [=>............................] - ETA: 1s - loss: 0.9282 - accuracy: 0.6753
 24/196 [==>...........................] - ETA: 1s - loss: 0.9351 - accuracy: 0.6720
 32/196 [===>..........................] - ETA: 1s - loss: 0.9351 - accuracy: 0.6737
 40/196 [=====>........................] - ETA: 1s - loss: 0.9433 - accuracy: 0.6718
 48/196 [======>.......................] - ETA: 1s - loss: 0.9427 - accuracy: 0.6712
 55/196 [=======>......................] - ETA: 1s - loss: 0.9452 - accuracy: 0.6702
 63/196 [========>.....................] - ETA: 1s - loss: 0.9454 - accuracy: 0.6702
 71/196 [=========>....................] - ETA: 1s - loss: 0.9525 - accuracy: 0.6674
 79/196 [===========>..................] - ETA: 0s - loss: 0.9543 - accuracy: 0.6660
 86/196 [============>.................] - ETA: 0s - loss: 0.9600 - accuracy: 0.6636
 94/196 [=============>................] - ETA: 0s - loss: 0.9692 - accuracy: 0.6601
102/196 [==============>...............] - ETA: 0s - loss: 0.9699 - accuracy: 0.6603
109/196 [===============>..............] - ETA: 0s - loss: 0.9698 - accuracy: 0.6606
117/196 [================>.............] - ETA: 0s - loss: 0.9711 - accuracy: 0.6593
124/196 [=================>............] - ETA: 0s - loss: 0.9720 - accuracy: 0.6592
131/196 [===================>..........] - ETA: 0s - loss: 0.9709 - accuracy: 0.6599
139/196 [====================>.........] - ETA: 0s - loss: 0.9734 - accuracy: 0.6591
146/196 [=====================>........] - ETA: 0s - loss: 0.9727 - accuracy: 0.6599
154/196 [======================>.......] - ETA: 0s - loss: 0.9730 - accuracy: 0.6591
162/196 [=======================>......] - ETA: 0s - loss: 0.9750 - accuracy: 0.6586
170/196 [=========================>....] - ETA: 0s - loss: 0.9743 - accuracy: 0.6587
177/196 [==========================>...] - ETA: 0s - loss: 0.9735 - accuracy: 0.6590
185/196 [===========================>..] - ETA: 0s - loss: 0.9752 - accuracy: 0.6582
192/196 [============================>.] - ETA: 0s - loss: 0.9742 - accuracy: 0.6583
196/196 [==============================] - 2s 13ms/step - loss: 0.9738 - accuracy: 0.6583 - val_loss: 1.1673 - val_accuracy: 0.5989
Epoch 7/222

  1/196 [..............................] - ETA: 2s - loss: 0.9657 - accuracy: 0.6992
  8/196 [>.............................] - ETA: 1s - loss: 0.8901 - accuracy: 0.6958
 16/196 [=>............................] - ETA: 1s - loss: 0.8943 - accuracy: 0.6895
 23/196 [==>...........................] - ETA: 1s - loss: 0.9084 - accuracy: 0.6824
 30/196 [===>..........................] - ETA: 1s - loss: 0.9083 - accuracy: 0.6831
 38/196 [====>.........................] - ETA: 1s - loss: 0.9134 - accuracy: 0.6807
 46/196 [======>.......................] - ETA: 1s - loss: 0.9228 - accuracy: 0.6776
 53/196 [=======>......................] - ETA: 1s - loss: 0.9237 - accuracy: 0.6761
 61/196 [========>.....................] - ETA: 1s - loss: 0.9319 - accuracy: 0.6741
 69/196 [=========>....................] - ETA: 1s - loss: 0.9406 - accuracy: 0.6715
 77/196 [==========>...................] - ETA: 0s - loss: 0.9384 - accuracy: 0.6731
 84/196 [===========>..................] - ETA: 0s - loss: 0.9374 - accuracy: 0.6732
 92/196 [=============>................] - ETA: 0s - loss: 0.9387 - accuracy: 0.6727
100/196 [==============>...............] - ETA: 0s - loss: 0.9418 - accuracy: 0.6719
108/196 [===============>..............] - ETA: 0s - loss: 0.9437 - accuracy: 0.6716
115/196 [================>.............] - ETA: 0s - loss: 0.9417 - accuracy: 0.6726
123/196 [=================>............] - ETA: 0s - loss: 0.9405 - accuracy: 0.6733
130/196 [==================>...........] - ETA: 0s - loss: 0.9414 - accuracy: 0.6728
138/196 [====================>.........] - ETA: 0s - loss: 0.9405 - accuracy: 0.6730
146/196 [=====================>........] - ETA: 0s - loss: 0.9381 - accuracy: 0.6736
153/196 [======================>.......] - ETA: 0s - loss: 0.9387 - accuracy: 0.6739
160/196 [=======================>......] - ETA: 0s - loss: 0.9390 - accuracy: 0.6736
168/196 [========================>.....] - ETA: 0s - loss: 0.9415 - accuracy: 0.6729
175/196 [=========================>....] - ETA: 0s - loss: 0.9415 - accuracy: 0.6732
183/196 [===========================>..] - ETA: 0s - loss: 0.9445 - accuracy: 0.6726
191/196 [============================>.] - ETA: 0s - loss: 0.9487 - accuracy: 0.6714
196/196 [==============================] - 2s 13ms/step - loss: 0.9498 - accuracy: 0.6714 - val_loss: 1.1232 - val_accuracy: 0.6237
Epoch 8/222

  1/196 [..............................] - ETA: 3s - loss: 0.9021 - accuracy: 0.7070
  8/196 [>.............................] - ETA: 1s - loss: 0.9066 - accuracy: 0.6821
 16/196 [=>............................] - ETA: 1s - loss: 0.8921 - accuracy: 0.6848
 21/196 [==>...........................] - ETA: 1s - loss: 0.8936 - accuracy: 0.6877
 29/196 [===>..........................] - ETA: 1s - loss: 0.8795 - accuracy: 0.6923
 37/196 [====>.........................] - ETA: 1s - loss: 0.8876 - accuracy: 0.6905
 45/196 [=====>........................] - ETA: 1s - loss: 0.8923 - accuracy: 0.6865
 52/196 [======>.......................] - ETA: 1s - loss: 0.8907 - accuracy: 0.6892
 60/196 [========>.....................] - ETA: 1s - loss: 0.8939 - accuracy: 0.6889
 68/196 [=========>....................] - ETA: 1s - loss: 0.8959 - accuracy: 0.6890
 76/196 [==========>...................] - ETA: 1s - loss: 0.8950 - accuracy: 0.6895
 84/196 [===========>..................] - ETA: 0s - loss: 0.9009 - accuracy: 0.6869
 91/196 [============>.................] - ETA: 0s - loss: 0.9058 - accuracy: 0.6842
 99/196 [==============>...............] - ETA: 0s - loss: 0.9055 - accuracy: 0.6843
106/196 [===============>..............] - ETA: 0s - loss: 0.9110 - accuracy: 0.6825
114/196 [================>.............] - ETA: 0s - loss: 0.9143 - accuracy: 0.6814
122/196 [=================>............] - ETA: 0s - loss: 0.9166 - accuracy: 0.6802
130/196 [==================>...........] - ETA: 0s - loss: 0.9188 - accuracy: 0.6798
138/196 [====================>.........] - ETA: 0s - loss: 0.9201 - accuracy: 0.6792
145/196 [=====================>........] - ETA: 0s - loss: 0.9206 - accuracy: 0.6788
153/196 [======================>.......] - ETA: 0s - loss: 0.9219 - accuracy: 0.6783
161/196 [=======================>......] - ETA: 0s - loss: 0.9217 - accuracy: 0.6777
168/196 [========================>.....] - ETA: 0s - loss: 0.9248 - accuracy: 0.6766
174/196 [=========================>....] - ETA: 0s - loss: 0.9242 - accuracy: 0.6766
181/196 [==========================>...] - ETA: 0s - loss: 0.9249 - accuracy: 0.6766
189/196 [===========================>..] - ETA: 0s - loss: 0.9293 - accuracy: 0.6751
196/196 [==============================] - 3s 13ms/step - loss: 0.9296 - accuracy: 0.6749 - val_loss: 1.2154 - val_accuracy: 0.5990
Epoch 9/222

  1/196 [..............................] - ETA: 6s - loss: 0.7731 - accuracy: 0.7305
  9/196 [>.............................] - ETA: 1s - loss: 0.8599 - accuracy: 0.6966
 17/196 [=>............................] - ETA: 1s - loss: 0.8601 - accuracy: 0.6955
 24/196 [==>...........................] - ETA: 1s - loss: 0.8634 - accuracy: 0.6963
 32/196 [===>..........................] - ETA: 1s - loss: 0.8576 - accuracy: 0.6984
 40/196 [=====>........................] - ETA: 1s - loss: 0.8667 - accuracy: 0.6967
 48/196 [======>.......................] - ETA: 1s - loss: 0.8653 - accuracy: 0.6975
 55/196 [=======>......................] - ETA: 1s - loss: 0.8716 - accuracy: 0.6954
 63/196 [========>.....................] - ETA: 1s - loss: 0.8766 - accuracy: 0.6943
 72/196 [==========>...................] - ETA: 0s - loss: 0.8784 - accuracy: 0.6926
 80/196 [===========>..................] - ETA: 0s - loss: 0.8786 - accuracy: 0.6926
 89/196 [============>.................] - ETA: 0s - loss: 0.8829 - accuracy: 0.6912
 99/196 [==============>...............] - ETA: 0s - loss: 0.8866 - accuracy: 0.6903
108/196 [===============>..............] - ETA: 0s - loss: 0.8892 - accuracy: 0.6901
117/196 [================>.............] - ETA: 0s - loss: 0.8895 - accuracy: 0.6898
127/196 [==================>...........] - ETA: 0s - loss: 0.8921 - accuracy: 0.6894
137/196 [===================>..........] - ETA: 0s - loss: 0.8964 - accuracy: 0.6875
147/196 [=====================>........] - ETA: 0s - loss: 0.9014 - accuracy: 0.6864
156/196 [======================>.......] - ETA: 0s - loss: 0.9026 - accuracy: 0.6856
166/196 [========================>.....] - ETA: 0s - loss: 0.9026 - accuracy: 0.6855
175/196 [=========================>....] - ETA: 0s - loss: 0.9048 - accuracy: 0.6845
185/196 [===========================>..] - ETA: 0s - loss: 0.9059 - accuracy: 0.6840
194/196 [============================>.] - ETA: 0s - loss: 0.9077 - accuracy: 0.6838
196/196 [==============================] - 2s 10ms/step - loss: 0.9086 - accuracy: 0.6835 - val_loss: 1.1191 - val_accuracy: 0.6155
Epoch 10/222

  1/196 [..............................] - ETA: 4s - loss: 0.8316 - accuracy: 0.7383
 10/196 [>.............................] - ETA: 1s - loss: 0.8523 - accuracy: 0.7109
 20/196 [==>...........................] - ETA: 1s - loss: 0.8581 - accuracy: 0.7078
 30/196 [===>..........................] - ETA: 1s - loss: 0.8518 - accuracy: 0.7078
 41/196 [=====>........................] - ETA: 0s - loss: 0.8585 - accuracy: 0.7029
 52/196 [======>.......................] - ETA: 0s - loss: 0.8624 - accuracy: 0.7009
 61/196 [========>.....................] - ETA: 0s - loss: 0.8655 - accuracy: 0.6984
 71/196 [=========>....................] - ETA: 0s - loss: 0.8684 - accuracy: 0.6983
 81/196 [===========>..................] - ETA: 0s - loss: 0.8659 - accuracy: 0.6986
 91/196 [============>.................] - ETA: 0s - loss: 0.8697 - accuracy: 0.6980
101/196 [==============>...............] - ETA: 0s - loss: 0.8728 - accuracy: 0.6967
112/196 [================>.............] - ETA: 0s - loss: 0.8797 - accuracy: 0.6947
122/196 [=================>............] - ETA: 0s - loss: 0.8851 - accuracy: 0.6924
131/196 [===================>..........] - ETA: 0s - loss: 0.8876 - accuracy: 0.6916
140/196 [====================>.........] - ETA: 0s - loss: 0.8876 - accuracy: 0.6915
149/196 [=====================>........] - ETA: 0s - loss: 0.8872 - accuracy: 0.6916
159/196 [=======================>......] - ETA: 0s - loss: 0.8876 - accuracy: 0.6909
169/196 [========================>.....] - ETA: 0s - loss: 0.8892 - accuracy: 0.6904
178/196 [==========================>...] - ETA: 0s - loss: 0.8901 - accuracy: 0.6911
189/196 [===========================>..] - ETA: 0s - loss: 0.8928 - accuracy: 0.6897
196/196 [==============================] - 2s 9ms/step - loss: 0.8953 - accuracy: 0.6887 - val_loss: 1.1257 - val_accuracy: 0.6198
Epoch 11/222

  1/196 [..............................] - ETA: 3s - loss: 0.8857 - accuracy: 0.6641
 10/196 [>.............................] - ETA: 1s - loss: 0.8596 - accuracy: 0.7102
 20/196 [==>...........................] - ETA: 1s - loss: 0.8477 - accuracy: 0.7045
 29/196 [===>..........................] - ETA: 1s - loss: 0.8603 - accuracy: 0.6996
 38/196 [====>.........................] - ETA: 1s - loss: 0.8717 - accuracy: 0.6955
 48/196 [======>.......................] - ETA: 0s - loss: 0.8689 - accuracy: 0.6973
 59/196 [========>.....................] - ETA: 0s - loss: 0.8723 - accuracy: 0.6966
 70/196 [=========>....................] - ETA: 0s - loss: 0.8752 - accuracy: 0.6948
 80/196 [===========>..................] - ETA: 0s - loss: 0.8778 - accuracy: 0.6941
 91/196 [============>.................] - ETA: 0s - loss: 0.8732 - accuracy: 0.6958
102/196 [==============>...............] - ETA: 0s - loss: 0.8737 - accuracy: 0.6952
113/196 [================>.............] - ETA: 0s - loss: 0.8729 - accuracy: 0.6950
124/196 [=================>............] - ETA: 0s - loss: 0.8749 - accuracy: 0.6945
134/196 [===================>..........] - ETA: 0s - loss: 0.8770 - accuracy: 0.6939
145/196 [=====================>........] - ETA: 0s - loss: 0.8785 - accuracy: 0.6930
156/196 [======================>.......] - ETA: 0s - loss: 0.8801 - accuracy: 0.6915
167/196 [========================>.....] - ETA: 0s - loss: 0.8825 - accuracy: 0.6904
177/196 [==========================>...] - ETA: 0s - loss: 0.8840 - accuracy: 0.6902
188/196 [===========================>..] - ETA: 0s - loss: 0.8828 - accuracy: 0.6914
196/196 [==============================] - 2s 8ms/step - loss: 0.8852 - accuracy: 0.6903 - val_loss: 1.2360 - val_accuracy: 0.5898
Epoch 12/222

  1/196 [..............................] - ETA: 3s - loss: 0.8915 - accuracy: 0.7070
 13/196 [>.............................] - ETA: 0s - loss: 0.8465 - accuracy: 0.7124
 23/196 [==>...........................] - ETA: 0s - loss: 0.8533 - accuracy: 0.7092
 33/196 [====>.........................] - ETA: 0s - loss: 0.8582 - accuracy: 0.7081
 43/196 [=====>........................] - ETA: 0s - loss: 0.8554 - accuracy: 0.7078
 54/196 [=======>......................] - ETA: 0s - loss: 0.8524 - accuracy: 0.7070
 61/196 [========>.....................] - ETA: 0s - loss: 0.8530 - accuracy: 0.7067
 67/196 [=========>....................] - ETA: 0s - loss: 0.8568 - accuracy: 0.7049
 74/196 [==========>...................] - ETA: 0s - loss: 0.8594 - accuracy: 0.7031
 79/196 [===========>..................] - ETA: 0s - loss: 0.8618 - accuracy: 0.7015
 84/196 [===========>..................] - ETA: 0s - loss: 0.8628 - accuracy: 0.7007
 90/196 [============>.................] - ETA: 0s - loss: 0.8633 - accuracy: 0.6999
 95/196 [=============>................] - ETA: 0s - loss: 0.8632 - accuracy: 0.6992
100/196 [==============>...............] - ETA: 0s - loss: 0.8636 - accuracy: 0.6993
106/196 [===============>..............] - ETA: 0s - loss: 0.8664 - accuracy: 0.6985
113/196 [================>.............] - ETA: 0s - loss: 0.8659 - accuracy: 0.6994
120/196 [=================>............] - ETA: 0s - loss: 0.8671 - accuracy: 0.6990
125/196 [==================>...........] - ETA: 0s - loss: 0.8678 - accuracy: 0.6989
132/196 [===================>..........] - ETA: 0s - loss: 0.8698 - accuracy: 0.6981
139/196 [====================>.........] - ETA: 0s - loss: 0.8699 - accuracy: 0.6981
148/196 [=====================>........] - ETA: 0s - loss: 0.8731 - accuracy: 0.6969
156/196 [======================>.......] - ETA: 0s - loss: 0.8753 - accuracy: 0.6961
164/196 [========================>.....] - ETA: 0s - loss: 0.8771 - accuracy: 0.6952
172/196 [=========================>....] - ETA: 0s - loss: 0.8796 - accuracy: 0.6942
180/196 [==========================>...] - ETA: 0s - loss: 0.8799 - accuracy: 0.6945
188/196 [===========================>..] - ETA: 0s - loss: 0.8822 - accuracy: 0.6936
196/196 [==============================] - 2s 10ms/step - loss: 0.8832 - accuracy: 0.6934 - val_loss: 1.2262 - val_accuracy: 0.5985
Epoch 13/222

  1/196 [..............................] - ETA: 3s - loss: 0.9488 - accuracy: 0.6836
 10/196 [>.............................] - ETA: 1s - loss: 0.8188 - accuracy: 0.7145
 19/196 [=>............................] - ETA: 1s - loss: 0.8186 - accuracy: 0.7081
 28/196 [===>..........................] - ETA: 0s - loss: 0.8239 - accuracy: 0.7070
 38/196 [====>.........................] - ETA: 0s - loss: 0.8254 - accuracy: 0.7032
 49/196 [======>.......................] - ETA: 0s - loss: 0.8277 - accuracy: 0.7051
 58/196 [=======>......................] - ETA: 0s - loss: 0.8357 - accuracy: 0.7030
 67/196 [=========>....................] - ETA: 0s - loss: 0.8352 - accuracy: 0.7041
 76/196 [==========>...................] - ETA: 0s - loss: 0.8404 - accuracy: 0.7023
 83/196 [===========>..................] - ETA: 0s - loss: 0.8476 - accuracy: 0.7006
 88/196 [============>.................] - ETA: 0s - loss: 0.8466 - accuracy: 0.7009
 93/196 [=============>................] - ETA: 0s - loss: 0.8482 - accuracy: 0.6994
 99/196 [==============>...............] - ETA: 0s - loss: 0.8542 - accuracy: 0.6977
107/196 [===============>..............] - ETA: 0s - loss: 0.8560 - accuracy: 0.6978
112/196 [================>.............] - ETA: 0s - loss: 0.8569 - accuracy: 0.6978
119/196 [=================>............] - ETA: 0s - loss: 0.8561 - accuracy: 0.6985
125/196 [==================>...........] - ETA: 0s - loss: 0.8566 - accuracy: 0.6988
134/196 [===================>..........] - ETA: 0s - loss: 0.8581 - accuracy: 0.6986
143/196 [====================>.........] - ETA: 0s - loss: 0.8574 - accuracy: 0.6985
152/196 [======================>.......] - ETA: 0s - loss: 0.8583 - accuracy: 0.6983
161/196 [=======================>......] - ETA: 0s - loss: 0.8601 - accuracy: 0.6976
170/196 [=========================>....] - ETA: 0s - loss: 0.8625 - accuracy: 0.6971
179/196 [==========================>...] - ETA: 0s - loss: 0.8641 - accuracy: 0.6968
190/196 [============================>.] - ETA: 0s - loss: 0.8645 - accuracy: 0.6972
196/196 [==============================] - 2s 9ms/step - loss: 0.8637 - accuracy: 0.6978 - val_loss: 1.0586 - val_accuracy: 0.6479
Epoch 14/222

  1/196 [..............................] - ETA: 3s - loss: 0.7973 - accuracy: 0.7188
 11/196 [>.............................] - ETA: 1s - loss: 0.8149 - accuracy: 0.7159
 22/196 [==>...........................] - ETA: 1s - loss: 0.8033 - accuracy: 0.7182
 32/196 [===>..........................] - ETA: 1s - loss: 0.8113 - accuracy: 0.7179
 40/196 [=====>........................] - ETA: 0s - loss: 0.8184 - accuracy: 0.7159
 47/196 [======>.......................] - ETA: 0s - loss: 0.8304 - accuracy: 0.7137
 54/196 [=======>......................] - ETA: 0s - loss: 0.8319 - accuracy: 0.7109
 61/196 [========>.....................] - ETA: 0s - loss: 0.8293 - accuracy: 0.7117
 68/196 [=========>....................] - ETA: 0s - loss: 0.8338 - accuracy: 0.7109
 78/196 [==========>...................] - ETA: 0s - loss: 0.8341 - accuracy: 0.7106
 87/196 [============>.................] - ETA: 0s - loss: 0.8395 - accuracy: 0.7087
 95/196 [=============>................] - ETA: 0s - loss: 0.8407 - accuracy: 0.7079
105/196 [===============>..............] - ETA: 0s - loss: 0.8424 - accuracy: 0.7065
115/196 [================>.............] - ETA: 0s - loss: 0.8494 - accuracy: 0.7044
123/196 [=================>............] - ETA: 0s - loss: 0.8512 - accuracy: 0.7038
134/196 [===================>..........] - ETA: 0s - loss: 0.8517 - accuracy: 0.7037
145/196 [=====================>........] - ETA: 0s - loss: 0.8532 - accuracy: 0.7025
154/196 [======================>.......] - ETA: 0s - loss: 0.8564 - accuracy: 0.7014
162/196 [=======================>......] - ETA: 0s - loss: 0.8547 - accuracy: 0.7020
171/196 [=========================>....] - ETA: 0s - loss: 0.8550 - accuracy: 0.7013
181/196 [==========================>...] - ETA: 0s - loss: 0.8565 - accuracy: 0.7009
190/196 [============================>.] - ETA: 0s - loss: 0.8585 - accuracy: 0.7004
196/196 [==============================] - 2s 9ms/step - loss: 0.8592 - accuracy: 0.7002 - val_loss: 1.1128 - val_accuracy: 0.6268
Epoch 15/222

  1/196 [..............................] - ETA: 3s - loss: 0.7199 - accuracy: 0.7656
  9/196 [>.............................] - ETA: 1s - loss: 0.8069 - accuracy: 0.7289
 17/196 [=>............................] - ETA: 1s - loss: 0.7895 - accuracy: 0.7217
 26/196 [==>...........................] - ETA: 1s - loss: 0.8022 - accuracy: 0.7168
 36/196 [====>.........................] - ETA: 1s - loss: 0.8066 - accuracy: 0.7148
 45/196 [=====>........................] - ETA: 0s - loss: 0.8201 - accuracy: 0.7132
 54/196 [=======>......................] - ETA: 0s - loss: 0.8201 - accuracy: 0.7115
 64/196 [========>.....................] - ETA: 0s - loss: 0.8275 - accuracy: 0.7101
 73/196 [==========>...................] - ETA: 0s - loss: 0.8319 - accuracy: 0.7076
 82/196 [===========>..................] - ETA: 0s - loss: 0.8328 - accuracy: 0.7069
 89/196 [============>.................] - ETA: 0s - loss: 0.8348 - accuracy: 0.7057
 97/196 [=============>................] - ETA: 0s - loss: 0.8375 - accuracy: 0.7043
107/196 [===============>..............] - ETA: 0s - loss: 0.8399 - accuracy: 0.7044
116/196 [================>.............] - ETA: 0s - loss: 0.8381 - accuracy: 0.7050
125/196 [==================>...........] - ETA: 0s - loss: 0.8430 - accuracy: 0.7036
135/196 [===================>..........] - ETA: 0s - loss: 0.8466 - accuracy: 0.7029
146/196 [=====================>........] - ETA: 0s - loss: 0.8463 - accuracy: 0.7027
157/196 [=======================>......] - ETA: 0s - loss: 0.8485 - accuracy: 0.7022
168/196 [========================>.....] - ETA: 0s - loss: 0.8477 - accuracy: 0.7028
179/196 [==========================>...] - ETA: 0s - loss: 0.8492 - accuracy: 0.7028
189/196 [===========================>..] - ETA: 0s - loss: 0.8514 - accuracy: 0.7028
196/196 [==============================] - 2s 8ms/step - loss: 0.8528 - accuracy: 0.7025 - val_loss: 1.1112 - val_accuracy: 0.6352
Epoch 16/222

  1/196 [..............................] - ETA: 2s - loss: 0.8414 - accuracy: 0.6953
 10/196 [>.............................] - ETA: 1s - loss: 0.7744 - accuracy: 0.7242
 22/196 [==>...........................] - ETA: 1s - loss: 0.7954 - accuracy: 0.7164
 34/196 [====>.........................] - ETA: 0s - loss: 0.8012 - accuracy: 0.7189
 46/196 [======>.......................] - ETA: 0s - loss: 0.8109 - accuracy: 0.7145
 58/196 [=======>......................] - ETA: 0s - loss: 0.8105 - accuracy: 0.7151
 70/196 [=========>....................] - ETA: 0s - loss: 0.8171 - accuracy: 0.7125
 81/196 [===========>..................] - ETA: 0s - loss: 0.8194 - accuracy: 0.7118
 91/196 [============>.................] - ETA: 0s - loss: 0.8156 - accuracy: 0.7122
102/196 [==============>...............] - ETA: 0s - loss: 0.8218 - accuracy: 0.7097
113/196 [================>.............] - ETA: 0s - loss: 0.8281 - accuracy: 0.7084
124/196 [=================>............] - ETA: 0s - loss: 0.8287 - accuracy: 0.7086
136/196 [===================>..........] - ETA: 0s - loss: 0.8290 - accuracy: 0.7085
147/196 [=====================>........] - ETA: 0s - loss: 0.8291 - accuracy: 0.7086
159/196 [=======================>......] - ETA: 0s - loss: 0.8317 - accuracy: 0.7075
172/196 [=========================>....] - ETA: 0s - loss: 0.8349 - accuracy: 0.7064
184/196 [===========================>..] - ETA: 0s - loss: 0.8362 - accuracy: 0.7057
196/196 [==============================] - ETA: 0s - loss: 0.8411 - accuracy: 0.7042
196/196 [==============================] - 1s 8ms/step - loss: 0.8411 - accuracy: 0.7042 - val_loss: 1.1156 - val_accuracy: 0.6244
Epoch 17/222

  1/196 [..............................] - ETA: 3s - loss: 0.7123 - accuracy: 0.7500
 10/196 [>.............................] - ETA: 1s - loss: 0.7911 - accuracy: 0.7199
 21/196 [==>...........................] - ETA: 1s - loss: 0.7763 - accuracy: 0.7273
 32/196 [===>..........................] - ETA: 0s - loss: 0.7860 - accuracy: 0.7229
 43/196 [=====>........................] - ETA: 0s - loss: 0.7855 - accuracy: 0.7228
 54/196 [=======>......................] - ETA: 0s - loss: 0.7921 - accuracy: 0.7213
 65/196 [========>.....................] - ETA: 0s - loss: 0.7942 - accuracy: 0.7201
 77/196 [==========>...................] - ETA: 0s - loss: 0.7982 - accuracy: 0.7191
 89/196 [============>.................] - ETA: 0s - loss: 0.8027 - accuracy: 0.7182
101/196 [==============>...............] - ETA: 0s - loss: 0.8057 - accuracy: 0.7170
111/196 [===============>..............] - ETA: 0s - loss: 0.8109 - accuracy: 0.7144
122/196 [=================>............] - ETA: 0s - loss: 0.8113 - accuracy: 0.7148
133/196 [===================>..........] - ETA: 0s - loss: 0.8132 - accuracy: 0.7150
145/196 [=====================>........] - ETA: 0s - loss: 0.8152 - accuracy: 0.7144
156/196 [======================>.......] - ETA: 0s - loss: 0.8190 - accuracy: 0.7123
166/196 [========================>.....] - ETA: 0s - loss: 0.8219 - accuracy: 0.7107
177/196 [==========================>...] - ETA: 0s - loss: 0.8249 - accuracy: 0.7095
188/196 [===========================>..] - ETA: 0s - loss: 0.8277 - accuracy: 0.7085
196/196 [==============================] - 2s 8ms/step - loss: 0.8292 - accuracy: 0.7086 - val_loss: 1.1625 - val_accuracy: 0.6144
Epoch 18/222

  1/196 [..............................] - ETA: 3s - loss: 0.6845 - accuracy: 0.7617
 10/196 [>.............................] - ETA: 1s - loss: 0.8100 - accuracy: 0.7176
 21/196 [==>...........................] - ETA: 1s - loss: 0.8047 - accuracy: 0.7161
 32/196 [===>..........................] - ETA: 0s - loss: 0.7996 - accuracy: 0.7184
 40/196 [=====>........................] - ETA: 0s - loss: 0.8014 - accuracy: 0.7167
 50/196 [======>.......................] - ETA: 0s - loss: 0.8008 - accuracy: 0.7168
 61/196 [========>.....................] - ETA: 0s - loss: 0.8044 - accuracy: 0.7163
 72/196 [==========>...................] - ETA: 0s - loss: 0.8079 - accuracy: 0.7157
 82/196 [===========>..................] - ETA: 0s - loss: 0.8043 - accuracy: 0.7176
 93/196 [=============>................] - ETA: 0s - loss: 0.8054 - accuracy: 0.7175
104/196 [==============>...............] - ETA: 0s - loss: 0.8074 - accuracy: 0.7166
117/196 [================>.............] - ETA: 0s - loss: 0.8105 - accuracy: 0.7156
128/196 [==================>...........] - ETA: 0s - loss: 0.8113 - accuracy: 0.7156
139/196 [====================>.........] - ETA: 0s - loss: 0.8123 - accuracy: 0.7156
149/196 [=====================>........] - ETA: 0s - loss: 0.8155 - accuracy: 0.7144
160/196 [=======================>......] - ETA: 0s - loss: 0.8190 - accuracy: 0.7130
171/196 [=========================>....] - ETA: 0s - loss: 0.8214 - accuracy: 0.7121
183/196 [===========================>..] - ETA: 0s - loss: 0.8257 - accuracy: 0.7104
193/196 [============================>.] - ETA: 0s - loss: 0.8273 - accuracy: 0.7102
196/196 [==============================] - 2s 8ms/step - loss: 0.8272 - accuracy: 0.7103 - val_loss: 1.1509 - val_accuracy: 0.6212
Epoch 19/222

  1/196 [..............................] - ETA: 3s - loss: 0.7451 - accuracy: 0.7578
 12/196 [>.............................] - ETA: 1s - loss: 0.8163 - accuracy: 0.7165
 23/196 [==>...........................] - ETA: 0s - loss: 0.8111 - accuracy: 0.7162
 34/196 [====>.........................] - ETA: 0s - loss: 0.7982 - accuracy: 0.7219
 45/196 [=====>........................] - ETA: 0s - loss: 0.8038 - accuracy: 0.7212
 57/196 [=======>......................] - ETA: 0s - loss: 0.8009 - accuracy: 0.7207
 68/196 [=========>....................] - ETA: 0s - loss: 0.8023 - accuracy: 0.7193
 79/196 [===========>..................] - ETA: 0s - loss: 0.7982 - accuracy: 0.7217
 90/196 [============>.................] - ETA: 0s - loss: 0.7970 - accuracy: 0.7223
101/196 [==============>...............] - ETA: 0s - loss: 0.7989 - accuracy: 0.7219
111/196 [===============>..............] - ETA: 0s - loss: 0.8017 - accuracy: 0.7222
120/196 [=================>............] - ETA: 0s - loss: 0.8069 - accuracy: 0.7208
131/196 [===================>..........] - ETA: 0s - loss: 0.8075 - accuracy: 0.7197
142/196 [====================>.........] - ETA: 0s - loss: 0.8104 - accuracy: 0.7187
152/196 [======================>.......] - ETA: 0s - loss: 0.8147 - accuracy: 0.7161
163/196 [=======================>......] - ETA: 0s - loss: 0.8159 - accuracy: 0.7152
174/196 [=========================>....] - ETA: 0s - loss: 0.8187 - accuracy: 0.7138
185/196 [===========================>..] - ETA: 0s - loss: 0.8224 - accuracy: 0.7121
196/196 [==============================] - ETA: 0s - loss: 0.8237 - accuracy: 0.7111
196/196 [==============================] - 2s 8ms/step - loss: 0.8237 - accuracy: 0.7111 - val_loss: 1.0701 - val_accuracy: 0.6423
Epoch 20/222

  1/196 [..............................] - ETA: 3s - loss: 0.8537 - accuracy: 0.7188
 10/196 [>.............................] - ETA: 1s - loss: 0.7807 - accuracy: 0.7191
 20/196 [==>...........................] - ETA: 1s - loss: 0.7823 - accuracy: 0.7205
 31/196 [===>..........................] - ETA: 0s - loss: 0.7705 - accuracy: 0.7262
 39/196 [====>.........................] - ETA: 0s - loss: 0.7701 - accuracy: 0.7265
 48/196 [======>.......................] - ETA: 0s - loss: 0.7771 - accuracy: 0.7236
 59/196 [========>.....................] - ETA: 0s - loss: 0.7862 - accuracy: 0.7203
 70/196 [=========>....................] - ETA: 0s - loss: 0.7916 - accuracy: 0.7179
 81/196 [===========>..................] - ETA: 0s - loss: 0.7928 - accuracy: 0.7167
 91/196 [============>.................] - ETA: 0s - loss: 0.7971 - accuracy: 0.7151
103/196 [==============>...............] - ETA: 0s - loss: 0.7943 - accuracy: 0.7166
115/196 [================>.............] - ETA: 0s - loss: 0.7972 - accuracy: 0.7160
127/196 [==================>...........] - ETA: 0s - loss: 0.8002 - accuracy: 0.7150
137/196 [===================>..........] - ETA: 0s - loss: 0.8029 - accuracy: 0.7142
148/196 [=====================>........] - ETA: 0s - loss: 0.8038 - accuracy: 0.7145
159/196 [=======================>......] - ETA: 0s - loss: 0.8079 - accuracy: 0.7140
170/196 [=========================>....] - ETA: 0s - loss: 0.8119 - accuracy: 0.7134
181/196 [==========================>...] - ETA: 0s - loss: 0.8158 - accuracy: 0.7126
193/196 [============================>.] - ETA: 0s - loss: 0.8203 - accuracy: 0.7108
196/196 [==============================] - 2s 8ms/step - loss: 0.8205 - accuracy: 0.7108 - val_loss: 1.2143 - val_accuracy: 0.5986
Epoch 21/222

  1/196 [..............................] - ETA: 3s - loss: 0.6749 - accuracy: 0.7695
 11/196 [>.............................] - ETA: 1s - loss: 0.7773 - accuracy: 0.7330
 22/196 [==>...........................] - ETA: 1s - loss: 0.7917 - accuracy: 0.7221
 34/196 [====>.........................] - ETA: 0s - loss: 0.7932 - accuracy: 0.7221
 46/196 [======>.......................] - ETA: 0s - loss: 0.7915 - accuracy: 0.7209
 57/196 [=======>......................] - ETA: 0s - loss: 0.7938 - accuracy: 0.7208
 68/196 [=========>....................] - ETA: 0s - loss: 0.7929 - accuracy: 0.7220
 80/196 [===========>..................] - ETA: 0s - loss: 0.7989 - accuracy: 0.7207
 92/196 [=============>................] - ETA: 0s - loss: 0.8018 - accuracy: 0.7198
104/196 [==============>...............] - ETA: 0s - loss: 0.8064 - accuracy: 0.7183
114/196 [================>.............] - ETA: 0s - loss: 0.8072 - accuracy: 0.7176
125/196 [==================>...........] - ETA: 0s - loss: 0.8069 - accuracy: 0.7169
136/196 [===================>..........] - ETA: 0s - loss: 0.8094 - accuracy: 0.7163
147/196 [=====================>........] - ETA: 0s - loss: 0.8106 - accuracy: 0.7162
158/196 [=======================>......] - ETA: 0s - loss: 0.8113 - accuracy: 0.7157
170/196 [=========================>....] - ETA: 0s - loss: 0.8119 - accuracy: 0.7157
182/196 [==========================>...] - ETA: 0s - loss: 0.8144 - accuracy: 0.7143
194/196 [============================>.] - ETA: 0s - loss: 0.8136 - accuracy: 0.7150
196/196 [==============================] - 2s 8ms/step - loss: 0.8134 - accuracy: 0.7152 - val_loss: 1.0925 - val_accuracy: 0.6396
Epoch 22/222

  1/196 [..............................] - ETA: 3s - loss: 0.7584 - accuracy: 0.7188
 12/196 [>.............................] - ETA: 1s - loss: 0.7563 - accuracy: 0.7334
 23/196 [==>...........................] - ETA: 0s - loss: 0.7589 - accuracy: 0.7334
 31/196 [===>..........................] - ETA: 0s - loss: 0.7606 - accuracy: 0.7323
 41/196 [=====>........................] - ETA: 0s - loss: 0.7760 - accuracy: 0.7266
 50/196 [======>.......................] - ETA: 0s - loss: 0.7777 - accuracy: 0.7253
 59/196 [========>.....................] - ETA: 0s - loss: 0.7825 - accuracy: 0.7233
 69/196 [=========>....................] - ETA: 0s - loss: 0.7836 - accuracy: 0.7231
 80/196 [===========>..................] - ETA: 0s - loss: 0.7863 - accuracy: 0.7218
 90/196 [============>.................] - ETA: 0s - loss: 0.7902 - accuracy: 0.7200
100/196 [==============>...............] - ETA: 0s - loss: 0.7908 - accuracy: 0.7208
112/196 [================>.............] - ETA: 0s - loss: 0.7950 - accuracy: 0.7200
122/196 [=================>............] - ETA: 0s - loss: 0.7960 - accuracy: 0.7195
133/196 [===================>..........] - ETA: 0s - loss: 0.7964 - accuracy: 0.7190
145/196 [=====================>........] - ETA: 0s - loss: 0.7977 - accuracy: 0.7186
155/196 [======================>.......] - ETA: 0s - loss: 0.7981 - accuracy: 0.7188
165/196 [========================>.....] - ETA: 0s - loss: 0.8026 - accuracy: 0.7179
176/196 [=========================>....] - ETA: 0s - loss: 0.8046 - accuracy: 0.7173
187/196 [===========================>..] - ETA: 0s - loss: 0.8065 - accuracy: 0.7168
196/196 [==============================] - 2s 8ms/step - loss: 0.8076 - accuracy: 0.7163 - val_loss: 1.1407 - val_accuracy: 0.6262
Epoch 23/222

  1/196 [..............................] - ETA: 3s - loss: 0.7241 - accuracy: 0.7227
  9/196 [>.............................] - ETA: 1s - loss: 0.7638 - accuracy: 0.7240
 20/196 [==>...........................] - ETA: 1s - loss: 0.7870 - accuracy: 0.7154
 31/196 [===>..........................] - ETA: 1s - loss: 0.7821 - accuracy: 0.7176
 43/196 [=====>........................] - ETA: 0s - loss: 0.7840 - accuracy: 0.7174
 55/196 [=======>......................] - ETA: 0s - loss: 0.7811 - accuracy: 0.7209
 67/196 [=========>....................] - ETA: 0s - loss: 0.7887 - accuracy: 0.7184
 79/196 [===========>..................] - ETA: 0s - loss: 0.7877 - accuracy: 0.7185
 91/196 [============>.................] - ETA: 0s - loss: 0.7936 - accuracy: 0.7179
102/196 [==============>...............] - ETA: 0s - loss: 0.7970 - accuracy: 0.7168
113/196 [================>.............] - ETA: 0s - loss: 0.8023 - accuracy: 0.7161
124/196 [=================>............] - ETA: 0s - loss: 0.8036 - accuracy: 0.7162
135/196 [===================>..........] - ETA: 0s - loss: 0.8046 - accuracy: 0.7172
146/196 [=====================>........] - ETA: 0s - loss: 0.8060 - accuracy: 0.7169
158/196 [=======================>......] - ETA: 0s - loss: 0.8089 - accuracy: 0.7155
170/196 [=========================>....] - ETA: 0s - loss: 0.8072 - accuracy: 0.7160
182/196 [==========================>...] - ETA: 0s - loss: 0.8081 - accuracy: 0.7153
194/196 [============================>.] - ETA: 0s - loss: 0.8100 - accuracy: 0.7146
196/196 [==============================] - 2s 8ms/step - loss: 0.8103 - accuracy: 0.7145 - val_loss: 1.1545 - val_accuracy: 0.6114
Epoch 24/222

  1/196 [..............................] - ETA: 3s - loss: 0.7511 - accuracy: 0.7383
 12/196 [>.............................] - ETA: 1s - loss: 0.7808 - accuracy: 0.7207
 23/196 [==>...........................] - ETA: 0s - loss: 0.7706 - accuracy: 0.7230
 32/196 [===>..........................] - ETA: 0s - loss: 0.7740 - accuracy: 0.7202
 41/196 [=====>........................] - ETA: 0s - loss: 0.7736 - accuracy: 0.7242
 52/196 [======>.......................] - ETA: 0s - loss: 0.7772 - accuracy: 0.7217
 64/196 [========>.....................] - ETA: 0s - loss: 0.7748 - accuracy: 0.7219
 76/196 [==========>...................] - ETA: 0s - loss: 0.7820 - accuracy: 0.7206
 88/196 [============>.................] - ETA: 0s - loss: 0.7807 - accuracy: 0.7217
100/196 [==============>...............] - ETA: 0s - loss: 0.7832 - accuracy: 0.7220
111/196 [===============>..............] - ETA: 0s - loss: 0.7861 - accuracy: 0.7202
122/196 [=================>............] - ETA: 0s - loss: 0.7893 - accuracy: 0.7198
132/196 [===================>..........] - ETA: 0s - loss: 0.7938 - accuracy: 0.7186
142/196 [====================>.........] - ETA: 0s - loss: 0.7953 - accuracy: 0.7193
154/196 [======================>.......] - ETA: 0s - loss: 0.7985 - accuracy: 0.7180
166/196 [========================>.....] - ETA: 0s - loss: 0.7998 - accuracy: 0.7180
178/196 [==========================>...] - ETA: 0s - loss: 0.8005 - accuracy: 0.7175
188/196 [===========================>..] - ETA: 0s - loss: 0.8013 - accuracy: 0.7172
196/196 [==============================] - 2s 8ms/step - loss: 0.8031 - accuracy: 0.7168 - val_loss: 1.1998 - val_accuracy: 0.6082
Epoch 24: early stopping

  1/313 [..............................] - ETA: 4s - loss: 0.6898 - accuracy: 0.7500
 33/313 [==>...........................] - ETA: 0s - loss: 1.2140 - accuracy: 0.6061
 71/313 [=====>........................] - ETA: 0s - loss: 1.1897 - accuracy: 0.6184
111/313 [=========>....................] - ETA: 0s - loss: 1.2058 - accuracy: 0.6098
152/313 [=============>................] - ETA: 0s - loss: 1.1854 - accuracy: 0.6145
192/313 [=================>............] - ETA: 0s - loss: 1.1933 - accuracy: 0.6105
231/313 [=====================>........] - ETA: 0s - loss: 1.1928 - accuracy: 0.6104
277/313 [=========================>....] - ETA: 0s - loss: 1.1983 - accuracy: 0.6090
313/313 [==============================] - 1s 2ms/step - loss: 1.1998 - accuracy: 0.6082
