2024-06-26 18:17:29.281975: I tensorflow/core/platform/cpu_feature_guard.cc:193] This TensorFlow binary is optimized with oneAPI Deep Neural Network Library (oneDNN) to use the following CPU instructions in performance-critical operations:  AVX AVX2
To enable them in other operations, rebuild TensorFlow with the appropriate compiler flags.
2024-06-26 18:17:29.902601: I tensorflow/core/common_runtime/gpu/gpu_device.cc:1616] Created device /job:localhost/replica:0/task:0/device:GPU:0 with 6656 MB memory:  -> device: 0, name: NVIDIA GeForce RTX 4060 Ti, pci bus id: 0000:01:00.0, compute capability: 8.9
1 Physical GPUs, 1 Logical GPUs
Model: "sequential"
_________________________________________________________________
 Layer (type)                Output Shape              Param #   
=================================================================
 conv2d (Conv2D)             (None, 32, 32, 32)        896       
                                                                 
 max_pooling2d (MaxPooling2D  (None, 16, 16, 32)       0         
 )                                                               
                                                                 
 batch_normalization (BatchN  (None, 16, 16, 32)       128       
 ormalization)                                                   
                                                                 
 dropout (Dropout)           (None, 16, 16, 32)        0         
                                                                 
 flatten (Flatten)           (None, 8192)              0         
                                                                 
 dense (Dense)               (None, 10)                81930     
                                                                 
=================================================================
Total params: 82,954
Trainable params: 82,890
Non-trainable params: 64
_________________________________________________________________
Taxa de aprendizado:  0.001 Num de épocas:  146 Tamanho do lote:  256 Dropout:  0.01112
Epoch 1/146
2024-06-26 18:17:31.284418: I tensorflow/stream_executor/cuda/cuda_dnn.cc:384] Loaded cuDNN version 8100
2024-06-26 18:17:32.129588: W tensorflow/stream_executor/gpu/redzone_allocator.cc:314] INTERNAL: ptxas exited with non-zero error code -1, output: 
Relying on driver to perform ptx compilation. 
Modify $PATH to customize ptxas location.
This message will be only logged once.
2024-06-26 18:17:32.920577: I tensorflow/stream_executor/cuda/cuda_blas.cc:1614] TensorFloat-32 will be used for the matrix multiplication. This will only be logged once.

  1/196 [..............................] - ETA: 9:28 - loss: 2.7703 - accuracy: 0.0938
 10/196 [>.............................] - ETA: 1s - loss: 2.3060 - accuracy: 0.2664  
 20/196 [==>...........................] - ETA: 1s - loss: 2.0704 - accuracy: 0.3170
 30/196 [===>..........................] - ETA: 1s - loss: 1.9376 - accuracy: 0.3557
 40/196 [=====>........................] - ETA: 1s - loss: 1.8571 - accuracy: 0.3772
 49/196 [======>.......................] - ETA: 0s - loss: 1.7930 - accuracy: 0.3959
 58/196 [=======>......................] - ETA: 0s - loss: 1.7469 - accuracy: 0.4077
 68/196 [=========>....................] - ETA: 0s - loss: 1.7067 - accuracy: 0.4188
 78/196 [==========>...................] - ETA: 0s - loss: 1.6755 - accuracy: 0.4264
 88/196 [============>.................] - ETA: 0s - loss: 1.6486 - accuracy: 0.4339
 96/196 [=============>................] - ETA: 0s - loss: 1.6279 - accuracy: 0.4397
107/196 [===============>..............] - ETA: 0s - loss: 1.6051 - accuracy: 0.4479
117/196 [================>.............] - ETA: 0s - loss: 1.5872 - accuracy: 0.4543
129/196 [==================>...........] - ETA: 0s - loss: 1.5635 - accuracy: 0.4615
139/196 [====================>.........] - ETA: 0s - loss: 1.5455 - accuracy: 0.4669
147/196 [=====================>........] - ETA: 0s - loss: 1.5294 - accuracy: 0.4709
156/196 [======================>.......] - ETA: 0s - loss: 1.5166 - accuracy: 0.4754
164/196 [========================>.....] - ETA: 0s - loss: 1.5040 - accuracy: 0.4796
174/196 [=========================>....] - ETA: 0s - loss: 1.4903 - accuracy: 0.4846
180/196 [==========================>...] - ETA: 0s - loss: 1.4830 - accuracy: 0.4872
190/196 [============================>.] - ETA: 0s - loss: 1.4696 - accuracy: 0.4920
196/196 [==============================] - 5s 11ms/step - loss: 1.4619 - accuracy: 0.4944 - val_loss: 1.8685 - val_accuracy: 0.4305
Epoch 2/146

  1/196 [..............................] - ETA: 3s - loss: 1.1126 - accuracy: 0.5859
  9/196 [>.............................] - ETA: 1s - loss: 1.1150 - accuracy: 0.5959
 18/196 [=>............................] - ETA: 1s - loss: 1.1053 - accuracy: 0.6083
 27/196 [===>..........................] - ETA: 1s - loss: 1.1114 - accuracy: 0.6078
 37/196 [====>.........................] - ETA: 1s - loss: 1.1178 - accuracy: 0.6093
 47/196 [======>.......................] - ETA: 1s - loss: 1.1217 - accuracy: 0.6080
 57/196 [=======>......................] - ETA: 0s - loss: 1.1240 - accuracy: 0.6066
 66/196 [=========>....................] - ETA: 0s - loss: 1.1250 - accuracy: 0.6062
 75/196 [==========>...................] - ETA: 0s - loss: 1.1208 - accuracy: 0.6071
 84/196 [===========>..................] - ETA: 0s - loss: 1.1220 - accuracy: 0.6062
 93/196 [=============>................] - ETA: 0s - loss: 1.1253 - accuracy: 0.6047
101/196 [==============>...............] - ETA: 0s - loss: 1.1241 - accuracy: 0.6049
110/196 [===============>..............] - ETA: 0s - loss: 1.1226 - accuracy: 0.6053
120/196 [=================>............] - ETA: 0s - loss: 1.1207 - accuracy: 0.6057
129/196 [==================>...........] - ETA: 0s - loss: 1.1190 - accuracy: 0.6069
138/196 [====================>.........] - ETA: 0s - loss: 1.1171 - accuracy: 0.6080
146/196 [=====================>........] - ETA: 0s - loss: 1.1149 - accuracy: 0.6087
157/196 [=======================>......] - ETA: 0s - loss: 1.1160 - accuracy: 0.6079
165/196 [========================>.....] - ETA: 0s - loss: 1.1143 - accuracy: 0.6085
172/196 [=========================>....] - ETA: 0s - loss: 1.1149 - accuracy: 0.6086
180/196 [==========================>...] - ETA: 0s - loss: 1.1131 - accuracy: 0.6092
190/196 [============================>.] - ETA: 0s - loss: 1.1126 - accuracy: 0.6101
196/196 [==============================] - 2s 9ms/step - loss: 1.1109 - accuracy: 0.6106 - val_loss: 1.4415 - val_accuracy: 0.5325
Epoch 3/146

  1/196 [..............................] - ETA: 5s - loss: 0.9949 - accuracy: 0.6797
  9/196 [>.............................] - ETA: 1s - loss: 0.9820 - accuracy: 0.6593
 18/196 [=>............................] - ETA: 1s - loss: 0.9670 - accuracy: 0.6658
 28/196 [===>..........................] - ETA: 1s - loss: 0.9775 - accuracy: 0.6589
 35/196 [====>.........................] - ETA: 1s - loss: 0.9808 - accuracy: 0.6579
 43/196 [=====>........................] - ETA: 1s - loss: 0.9844 - accuracy: 0.6578
 52/196 [======>.......................] - ETA: 1s - loss: 0.9826 - accuracy: 0.6580
 60/196 [========>.....................] - ETA: 0s - loss: 0.9921 - accuracy: 0.6549
 70/196 [=========>....................] - ETA: 0s - loss: 0.9967 - accuracy: 0.6515
 80/196 [===========>..................] - ETA: 0s - loss: 0.9973 - accuracy: 0.6516
 88/196 [============>.................] - ETA: 0s - loss: 0.9967 - accuracy: 0.6525
 96/196 [=============>................] - ETA: 0s - loss: 0.9981 - accuracy: 0.6526
104/196 [==============>...............] - ETA: 0s - loss: 0.9970 - accuracy: 0.6536
113/196 [================>.............] - ETA: 0s - loss: 0.9944 - accuracy: 0.6541
123/196 [=================>............] - ETA: 0s - loss: 0.9944 - accuracy: 0.6526
131/196 [===================>..........] - ETA: 0s - loss: 0.9937 - accuracy: 0.6522
139/196 [====================>.........] - ETA: 0s - loss: 0.9954 - accuracy: 0.6522
148/196 [=====================>........] - ETA: 0s - loss: 0.9968 - accuracy: 0.6512
157/196 [=======================>......] - ETA: 0s - loss: 0.9966 - accuracy: 0.6516
166/196 [========================>.....] - ETA: 0s - loss: 0.9961 - accuracy: 0.6521
173/196 [=========================>....] - ETA: 0s - loss: 0.9953 - accuracy: 0.6524
181/196 [==========================>...] - ETA: 0s - loss: 0.9956 - accuracy: 0.6529
190/196 [============================>.] - ETA: 0s - loss: 0.9944 - accuracy: 0.6535
196/196 [==============================] - 2s 9ms/step - loss: 0.9942 - accuracy: 0.6536 - val_loss: 1.2309 - val_accuracy: 0.5717
Epoch 4/146

  1/196 [..............................] - ETA: 1s - loss: 0.8450 - accuracy: 0.6758
  7/196 [>.............................] - ETA: 1s - loss: 0.8575 - accuracy: 0.7037
 15/196 [=>............................] - ETA: 1s - loss: 0.8776 - accuracy: 0.7013
 22/196 [==>...........................] - ETA: 1s - loss: 0.8861 - accuracy: 0.6999
 31/196 [===>..........................] - ETA: 1s - loss: 0.8791 - accuracy: 0.6986
 40/196 [=====>........................] - ETA: 1s - loss: 0.8814 - accuracy: 0.6967
 48/196 [======>.......................] - ETA: 1s - loss: 0.8833 - accuracy: 0.6962
 57/196 [=======>......................] - ETA: 0s - loss: 0.8876 - accuracy: 0.6930
 65/196 [========>.....................] - ETA: 0s - loss: 0.8919 - accuracy: 0.6913
 74/196 [==========>...................] - ETA: 0s - loss: 0.8982 - accuracy: 0.6897
 83/196 [===========>..................] - ETA: 0s - loss: 0.8967 - accuracy: 0.6904
 92/196 [=============>................] - ETA: 0s - loss: 0.8986 - accuracy: 0.6900
100/196 [==============>...............] - ETA: 0s - loss: 0.8972 - accuracy: 0.6908
108/196 [===============>..............] - ETA: 0s - loss: 0.8993 - accuracy: 0.6899
116/196 [================>.............] - ETA: 0s - loss: 0.9011 - accuracy: 0.6885
125/196 [==================>...........] - ETA: 0s - loss: 0.9030 - accuracy: 0.6880
134/196 [===================>..........] - ETA: 0s - loss: 0.9039 - accuracy: 0.6872
143/196 [====================>.........] - ETA: 0s - loss: 0.9065 - accuracy: 0.6859
152/196 [======================>.......] - ETA: 0s - loss: 0.9085 - accuracy: 0.6848
161/196 [=======================>......] - ETA: 0s - loss: 0.9113 - accuracy: 0.6837
170/196 [=========================>....] - ETA: 0s - loss: 0.9160 - accuracy: 0.6820
178/196 [==========================>...] - ETA: 0s - loss: 0.9175 - accuracy: 0.6814
187/196 [===========================>..] - ETA: 0s - loss: 0.9179 - accuracy: 0.6818
196/196 [==============================] - 2s 9ms/step - loss: 0.9191 - accuracy: 0.6819 - val_loss: 1.1774 - val_accuracy: 0.5980
Epoch 5/146

  1/196 [..............................] - ETA: 3s - loss: 0.7518 - accuracy: 0.7148
 10/196 [>.............................] - ETA: 1s - loss: 0.8028 - accuracy: 0.7258
 19/196 [=>............................] - ETA: 1s - loss: 0.8294 - accuracy: 0.7120
 29/196 [===>..........................] - ETA: 0s - loss: 0.8291 - accuracy: 0.7134
 37/196 [====>.........................] - ETA: 0s - loss: 0.8350 - accuracy: 0.7114
 45/196 [=====>........................] - ETA: 0s - loss: 0.8345 - accuracy: 0.7109
 53/196 [=======>......................] - ETA: 0s - loss: 0.8387 - accuracy: 0.7086
 62/196 [========>.....................] - ETA: 0s - loss: 0.8425 - accuracy: 0.7057
 70/196 [=========>....................] - ETA: 0s - loss: 0.8449 - accuracy: 0.7045
 78/196 [==========>...................] - ETA: 0s - loss: 0.8511 - accuracy: 0.7013
 86/196 [============>.................] - ETA: 0s - loss: 0.8518 - accuracy: 0.7015
 94/196 [=============>................] - ETA: 0s - loss: 0.8603 - accuracy: 0.6988
103/196 [==============>...............] - ETA: 0s - loss: 0.8634 - accuracy: 0.6985
110/196 [===============>..............] - ETA: 0s - loss: 0.8630 - accuracy: 0.6983
118/196 [=================>............] - ETA: 0s - loss: 0.8625 - accuracy: 0.6992
125/196 [==================>...........] - ETA: 0s - loss: 0.8642 - accuracy: 0.6992
132/196 [===================>..........] - ETA: 0s - loss: 0.8639 - accuracy: 0.6990
141/196 [====================>.........] - ETA: 0s - loss: 0.8634 - accuracy: 0.6989
149/196 [=====================>........] - ETA: 0s - loss: 0.8648 - accuracy: 0.6989
159/196 [=======================>......] - ETA: 0s - loss: 0.8671 - accuracy: 0.6978
168/196 [========================>.....] - ETA: 0s - loss: 0.8689 - accuracy: 0.6978
177/196 [==========================>...] - ETA: 0s - loss: 0.8692 - accuracy: 0.6977
187/196 [===========================>..] - ETA: 0s - loss: 0.8719 - accuracy: 0.6966
195/196 [============================>.] - ETA: 0s - loss: 0.8725 - accuracy: 0.6964
196/196 [==============================] - 2s 10ms/step - loss: 0.8720 - accuracy: 0.6966 - val_loss: 1.1746 - val_accuracy: 0.6088
Epoch 6/146

  1/196 [..............................] - ETA: 3s - loss: 0.8726 - accuracy: 0.6953
  9/196 [>.............................] - ETA: 1s - loss: 0.7606 - accuracy: 0.7348
 19/196 [=>............................] - ETA: 1s - loss: 0.7678 - accuracy: 0.7278
 28/196 [===>..........................] - ETA: 1s - loss: 0.7744 - accuracy: 0.7291
 38/196 [====>.........................] - ETA: 1s - loss: 0.7713 - accuracy: 0.7318
 47/196 [======>.......................] - ETA: 1s - loss: 0.7850 - accuracy: 0.7284
 56/196 [=======>......................] - ETA: 0s - loss: 0.7881 - accuracy: 0.7262
 64/196 [========>.....................] - ETA: 0s - loss: 0.7948 - accuracy: 0.7253
 73/196 [==========>...................] - ETA: 0s - loss: 0.7920 - accuracy: 0.7267
 80/196 [===========>..................] - ETA: 0s - loss: 0.7927 - accuracy: 0.7275
 91/196 [============>.................] - ETA: 0s - loss: 0.7974 - accuracy: 0.7264
101/196 [==============>...............] - ETA: 0s - loss: 0.7957 - accuracy: 0.7263
111/196 [===============>..............] - ETA: 0s - loss: 0.7986 - accuracy: 0.7255
120/196 [=================>............] - ETA: 0s - loss: 0.8016 - accuracy: 0.7247
127/196 [==================>...........] - ETA: 0s - loss: 0.8028 - accuracy: 0.7233
135/196 [===================>..........] - ETA: 0s - loss: 0.8035 - accuracy: 0.7233
142/196 [====================>.........] - ETA: 0s - loss: 0.8042 - accuracy: 0.7232
150/196 [=====================>........] - ETA: 0s - loss: 0.8045 - accuracy: 0.7226
158/196 [=======================>......] - ETA: 0s - loss: 0.8077 - accuracy: 0.7215
166/196 [========================>.....] - ETA: 0s - loss: 0.8115 - accuracy: 0.7196
176/196 [=========================>....] - ETA: 0s - loss: 0.8155 - accuracy: 0.7183
185/196 [===========================>..] - ETA: 0s - loss: 0.8215 - accuracy: 0.7163
194/196 [============================>.] - ETA: 0s - loss: 0.8245 - accuracy: 0.7151
196/196 [==============================] - 2s 10ms/step - loss: 0.8252 - accuracy: 0.7148 - val_loss: 1.3171 - val_accuracy: 0.5754
Epoch 7/146

  1/196 [..............................] - ETA: 3s - loss: 0.8839 - accuracy: 0.6953
  9/196 [>.............................] - ETA: 1s - loss: 0.7539 - accuracy: 0.7405
 17/196 [=>............................] - ETA: 1s - loss: 0.7571 - accuracy: 0.7426
 24/196 [==>...........................] - ETA: 1s - loss: 0.7476 - accuracy: 0.7461
 35/196 [====>.........................] - ETA: 1s - loss: 0.7440 - accuracy: 0.7432
 44/196 [=====>........................] - ETA: 0s - loss: 0.7527 - accuracy: 0.7397
 53/196 [=======>......................] - ETA: 0s - loss: 0.7559 - accuracy: 0.7374
 62/196 [========>.....................] - ETA: 0s - loss: 0.7580 - accuracy: 0.7370
 70/196 [=========>....................] - ETA: 0s - loss: 0.7612 - accuracy: 0.7373
 78/196 [==========>...................] - ETA: 0s - loss: 0.7628 - accuracy: 0.7365
 88/196 [============>.................] - ETA: 0s - loss: 0.7670 - accuracy: 0.7348
 96/196 [=============>................] - ETA: 0s - loss: 0.7718 - accuracy: 0.7327
104/196 [==============>...............] - ETA: 0s - loss: 0.7724 - accuracy: 0.7325
112/196 [================>.............] - ETA: 0s - loss: 0.7772 - accuracy: 0.7309
120/196 [=================>............] - ETA: 0s - loss: 0.7771 - accuracy: 0.7318
128/196 [==================>...........] - ETA: 0s - loss: 0.7774 - accuracy: 0.7316
136/196 [===================>..........] - ETA: 0s - loss: 0.7780 - accuracy: 0.7311
145/196 [=====================>........] - ETA: 0s - loss: 0.7772 - accuracy: 0.7311
154/196 [======================>.......] - ETA: 0s - loss: 0.7783 - accuracy: 0.7310
162/196 [=======================>......] - ETA: 0s - loss: 0.7800 - accuracy: 0.7302
172/196 [=========================>....] - ETA: 0s - loss: 0.7806 - accuracy: 0.7297
181/196 [==========================>...] - ETA: 0s - loss: 0.7844 - accuracy: 0.7292
190/196 [============================>.] - ETA: 0s - loss: 0.7868 - accuracy: 0.7281
196/196 [==============================] - 2s 9ms/step - loss: 0.7886 - accuracy: 0.7270 - val_loss: 1.5296 - val_accuracy: 0.5240
Epoch 8/146

  1/196 [..............................] - ETA: 4s - loss: 0.6507 - accuracy: 0.7734
 10/196 [>.............................] - ETA: 1s - loss: 0.6929 - accuracy: 0.7634
 21/196 [==>...........................] - ETA: 1s - loss: 0.7013 - accuracy: 0.7623
 29/196 [===>..........................] - ETA: 1s - loss: 0.7027 - accuracy: 0.7632
 38/196 [====>.........................] - ETA: 0s - loss: 0.6961 - accuracy: 0.7630
 47/196 [======>.......................] - ETA: 0s - loss: 0.7049 - accuracy: 0.7577
 48/196 [======>.......................] - ETA: 1s - loss: 0.7052 - accuracy: 0.7581
 55/196 [=======>......................] - ETA: 1s - loss: 0.7074 - accuracy: 0.7589
 65/196 [========>.....................] - ETA: 0s - loss: 0.7094 - accuracy: 0.7578
 74/196 [==========>...................] - ETA: 0s - loss: 0.7147 - accuracy: 0.7568
 83/196 [===========>..................] - ETA: 0s - loss: 0.7191 - accuracy: 0.7550
 92/196 [=============>................] - ETA: 0s - loss: 0.7215 - accuracy: 0.7536
102/196 [==============>...............] - ETA: 0s - loss: 0.7232 - accuracy: 0.7526
111/196 [===============>..............] - ETA: 0s - loss: 0.7229 - accuracy: 0.7526
120/196 [=================>............] - ETA: 0s - loss: 0.7271 - accuracy: 0.7501
129/196 [==================>...........] - ETA: 0s - loss: 0.7323 - accuracy: 0.7485
136/196 [===================>..........] - ETA: 0s - loss: 0.7370 - accuracy: 0.7464
144/196 [=====================>........] - ETA: 0s - loss: 0.7389 - accuracy: 0.7462
153/196 [======================>.......] - ETA: 0s - loss: 0.7398 - accuracy: 0.7453
164/196 [========================>.....] - ETA: 0s - loss: 0.7436 - accuracy: 0.7437
173/196 [=========================>....] - ETA: 0s - loss: 0.7466 - accuracy: 0.7417
182/196 [==========================>...] - ETA: 0s - loss: 0.7487 - accuracy: 0.7410
192/196 [============================>.] - ETA: 0s - loss: 0.7507 - accuracy: 0.7404
196/196 [==============================] - 2s 10ms/step - loss: 0.7530 - accuracy: 0.7397 - val_loss: 1.2031 - val_accuracy: 0.6171
Epoch 9/146

  1/196 [..............................] - ETA: 4s - loss: 0.6092 - accuracy: 0.8008
 11/196 [>.............................] - ETA: 1s - loss: 0.6511 - accuracy: 0.7741
 19/196 [=>............................] - ETA: 1s - loss: 0.6568 - accuracy: 0.7718
 27/196 [===>..........................] - ETA: 1s - loss: 0.6653 - accuracy: 0.7707
 35/196 [====>.........................] - ETA: 1s - loss: 0.6658 - accuracy: 0.7702
 45/196 [=====>........................] - ETA: 0s - loss: 0.6778 - accuracy: 0.7656
 52/196 [======>.......................] - ETA: 0s - loss: 0.6826 - accuracy: 0.7637
 60/196 [========>.....................] - ETA: 0s - loss: 0.6845 - accuracy: 0.7637
 68/196 [=========>....................] - ETA: 0s - loss: 0.6877 - accuracy: 0.7633
 77/196 [==========>...................] - ETA: 0s - loss: 0.6923 - accuracy: 0.7614
 86/196 [============>.................] - ETA: 0s - loss: 0.6951 - accuracy: 0.7613
 95/196 [=============>................] - ETA: 0s - loss: 0.6974 - accuracy: 0.7606
105/196 [===============>..............] - ETA: 0s - loss: 0.7010 - accuracy: 0.7592
115/196 [================>.............] - ETA: 0s - loss: 0.7030 - accuracy: 0.7581
124/196 [=================>............] - ETA: 0s - loss: 0.7039 - accuracy: 0.7573
134/196 [===================>..........] - ETA: 0s - loss: 0.7047 - accuracy: 0.7573
145/196 [=====================>........] - ETA: 0s - loss: 0.7079 - accuracy: 0.7566
155/196 [======================>.......] - ETA: 0s - loss: 0.7078 - accuracy: 0.7564
165/196 [========================>.....] - ETA: 0s - loss: 0.7087 - accuracy: 0.7557
175/196 [=========================>....] - ETA: 0s - loss: 0.7101 - accuracy: 0.7546
184/196 [===========================>..] - ETA: 0s - loss: 0.7148 - accuracy: 0.7527
194/196 [============================>.] - ETA: 0s - loss: 0.7194 - accuracy: 0.7508
196/196 [==============================] - 2s 9ms/step - loss: 0.7194 - accuracy: 0.7507 - val_loss: 1.2418 - val_accuracy: 0.6086
Epoch 10/146

  1/196 [..............................] - ETA: 3s - loss: 0.6529 - accuracy: 0.7930
 10/196 [>.............................] - ETA: 1s - loss: 0.6668 - accuracy: 0.7758
 20/196 [==>...........................] - ETA: 1s - loss: 0.6459 - accuracy: 0.7799
 29/196 [===>..........................] - ETA: 1s - loss: 0.6488 - accuracy: 0.7799
 39/196 [====>.........................] - ETA: 1s - loss: 0.6463 - accuracy: 0.7814
 49/196 [======>.......................] - ETA: 0s - loss: 0.6415 - accuracy: 0.7821
 60/196 [========>.....................] - ETA: 0s - loss: 0.6475 - accuracy: 0.7780
 71/196 [=========>....................] - ETA: 0s - loss: 0.6498 - accuracy: 0.7769
 82/196 [===========>..................] - ETA: 0s - loss: 0.6560 - accuracy: 0.7749
 90/196 [============>.................] - ETA: 0s - loss: 0.6650 - accuracy: 0.7710
100/196 [==============>...............] - ETA: 0s - loss: 0.6681 - accuracy: 0.7698
111/196 [===============>..............] - ETA: 0s - loss: 0.6729 - accuracy: 0.7677
122/196 [=================>............] - ETA: 0s - loss: 0.6764 - accuracy: 0.7660
133/196 [===================>..........] - ETA: 0s - loss: 0.6786 - accuracy: 0.7657
144/196 [=====================>........] - ETA: 0s - loss: 0.6818 - accuracy: 0.7643
151/196 [======================>.......] - ETA: 0s - loss: 0.6838 - accuracy: 0.7640
159/196 [=======================>......] - ETA: 0s - loss: 0.6844 - accuracy: 0.7638
167/196 [========================>.....] - ETA: 0s - loss: 0.6883 - accuracy: 0.7630
177/196 [==========================>...] - ETA: 0s - loss: 0.6918 - accuracy: 0.7618
188/196 [===========================>..] - ETA: 0s - loss: 0.6970 - accuracy: 0.7605
196/196 [==============================] - ETA: 0s - loss: 0.6980 - accuracy: 0.7602
196/196 [==============================] - 2s 9ms/step - loss: 0.6980 - accuracy: 0.7602 - val_loss: 1.1949 - val_accuracy: 0.6173
Epoch 11/146

  1/196 [..............................] - ETA: 2s - loss: 0.5844 - accuracy: 0.8164
  9/196 [>.............................] - ETA: 1s - loss: 0.5779 - accuracy: 0.8112
 17/196 [=>............................] - ETA: 1s - loss: 0.6010 - accuracy: 0.7976
 24/196 [==>...........................] - ETA: 1s - loss: 0.6017 - accuracy: 0.7970
 34/196 [====>.........................] - ETA: 1s - loss: 0.6148 - accuracy: 0.7896
 44/196 [=====>........................] - ETA: 0s - loss: 0.6272 - accuracy: 0.7827
 53/196 [=======>......................] - ETA: 0s - loss: 0.6237 - accuracy: 0.7849
 62/196 [========>.....................] - ETA: 0s - loss: 0.6253 - accuracy: 0.7852
 71/196 [=========>....................] - ETA: 0s - loss: 0.6268 - accuracy: 0.7839
 81/196 [===========>..................] - ETA: 0s - loss: 0.6367 - accuracy: 0.7783
 91/196 [============>.................] - ETA: 0s - loss: 0.6423 - accuracy: 0.7767
101/196 [==============>...............] - ETA: 0s - loss: 0.6485 - accuracy: 0.7746
111/196 [===============>..............] - ETA: 0s - loss: 0.6488 - accuracy: 0.7740
121/196 [=================>............] - ETA: 0s - loss: 0.6523 - accuracy: 0.7720
130/196 [==================>...........] - ETA: 0s - loss: 0.6532 - accuracy: 0.7713
140/196 [====================>.........] - ETA: 0s - loss: 0.6551 - accuracy: 0.7701
151/196 [======================>.......] - ETA: 0s - loss: 0.6576 - accuracy: 0.7700
159/196 [=======================>......] - ETA: 0s - loss: 0.6603 - accuracy: 0.7695
169/196 [========================>.....] - ETA: 0s - loss: 0.6625 - accuracy: 0.7685
180/196 [==========================>...] - ETA: 0s - loss: 0.6683 - accuracy: 0.7662
189/196 [===========================>..] - ETA: 0s - loss: 0.6717 - accuracy: 0.7649
196/196 [==============================] - 2s 9ms/step - loss: 0.6745 - accuracy: 0.7641 - val_loss: 1.2726 - val_accuracy: 0.6093
Epoch 12/146

  1/196 [..............................] - ETA: 3s - loss: 0.6028 - accuracy: 0.8086
  9/196 [>.............................] - ETA: 1s - loss: 0.5999 - accuracy: 0.8034
 18/196 [=>............................] - ETA: 1s - loss: 0.5778 - accuracy: 0.8062
 28/196 [===>..........................] - ETA: 1s - loss: 0.6023 - accuracy: 0.7966
 38/196 [====>.........................] - ETA: 1s - loss: 0.6130 - accuracy: 0.7916
 47/196 [======>.......................] - ETA: 1s - loss: 0.6156 - accuracy: 0.7893
 57/196 [=======>......................] - ETA: 0s - loss: 0.6213 - accuracy: 0.7870
 65/196 [========>.....................] - ETA: 0s - loss: 0.6184 - accuracy: 0.7872
 74/196 [==========>...................] - ETA: 0s - loss: 0.6211 - accuracy: 0.7872
 84/196 [===========>..................] - ETA: 0s - loss: 0.6242 - accuracy: 0.7862
 94/196 [=============>................] - ETA: 0s - loss: 0.6270 - accuracy: 0.7852
104/196 [==============>...............] - ETA: 0s - loss: 0.6300 - accuracy: 0.7835
114/196 [================>.............] - ETA: 0s - loss: 0.6305 - accuracy: 0.7826
124/196 [=================>............] - ETA: 0s - loss: 0.6365 - accuracy: 0.7804
135/196 [===================>..........] - ETA: 0s - loss: 0.6395 - accuracy: 0.7787
144/196 [=====================>........] - ETA: 0s - loss: 0.6415 - accuracy: 0.7783
154/196 [======================>.......] - ETA: 0s - loss: 0.6415 - accuracy: 0.7784
165/196 [========================>.....] - ETA: 0s - loss: 0.6461 - accuracy: 0.7767
173/196 [=========================>....] - ETA: 0s - loss: 0.6469 - accuracy: 0.7761
182/196 [==========================>...] - ETA: 0s - loss: 0.6487 - accuracy: 0.7749
193/196 [============================>.] - ETA: 0s - loss: 0.6518 - accuracy: 0.7734
196/196 [==============================] - 2s 9ms/step - loss: 0.6534 - accuracy: 0.7726 - val_loss: 1.4122 - val_accuracy: 0.5865
Epoch 12: early stopping

  1/313 [..............................] - ETA: 4s - loss: 1.0889 - accuracy: 0.5625
 29/313 [=>............................] - ETA: 0s - loss: 1.4327 - accuracy: 0.5754
 57/313 [====>.........................] - ETA: 0s - loss: 1.4342 - accuracy: 0.5707
 88/313 [=======>......................] - ETA: 0s - loss: 1.4332 - accuracy: 0.5810
121/313 [==========>...................] - ETA: 0s - loss: 1.4098 - accuracy: 0.5878
154/313 [=============>................] - ETA: 0s - loss: 1.3924 - accuracy: 0.5921
186/313 [================>.............] - ETA: 0s - loss: 1.4082 - accuracy: 0.5870
218/313 [===================>..........] - ETA: 0s - loss: 1.4141 - accuracy: 0.5851
251/313 [=======================>......] - ETA: 0s - loss: 1.4077 - accuracy: 0.5879
284/313 [==========================>...] - ETA: 0s - loss: 1.4116 - accuracy: 0.5879
313/313 [==============================] - 1s 2ms/step - loss: 1.4122 - accuracy: 0.5865
