2024-06-26 18:51:02.008840: I tensorflow/core/platform/cpu_feature_guard.cc:193] This TensorFlow binary is optimized with oneAPI Deep Neural Network Library (oneDNN) to use the following CPU instructions in performance-critical operations:  AVX AVX2
To enable them in other operations, rebuild TensorFlow with the appropriate compiler flags.
2024-06-26 18:51:02.663915: I tensorflow/core/common_runtime/gpu/gpu_device.cc:1616] Created device /job:localhost/replica:0/task:0/device:GPU:0 with 6656 MB memory:  -> device: 0, name: NVIDIA GeForce RTX 4060 Ti, pci bus id: 0000:01:00.0, compute capability: 8.9
1 Physical GPUs, 1 Logical GPUs
Model: "sequential"
_________________________________________________________________
 Layer (type)                Output Shape              Param #   
=================================================================
 conv2d (Conv2D)             (None, 32, 32, 32)        896       
                                                                 
 max_pooling2d (MaxPooling2D  (None, 16, 16, 32)       0         
 )                                                               
                                                                 
 batch_normalization (BatchN  (None, 16, 16, 32)       128       
 ormalization)                                                   
                                                                 
 dropout (Dropout)           (None, 16, 16, 32)        0         
                                                                 
 flatten (Flatten)           (None, 8192)              0         
                                                                 
 dense (Dense)               (None, 10)                81930     
                                                                 
=================================================================
Total params: 82,954
Trainable params: 82,890
Non-trainable params: 64
_________________________________________________________________
Taxa de aprendizado:  0.001 Num de épocas:  146 Tamanho do lote:  256 Dropout:  0.01112
Epoch 1/146
2024-06-26 18:51:03.853706: I tensorflow/stream_executor/cuda/cuda_dnn.cc:384] Loaded cuDNN version 8100
2024-06-26 18:51:04.688465: W tensorflow/stream_executor/gpu/redzone_allocator.cc:314] INTERNAL: ptxas exited with non-zero error code -1, output: 
Relying on driver to perform ptx compilation. 
Modify $PATH to customize ptxas location.
This message will be only logged once.
2024-06-26 18:51:05.467158: I tensorflow/stream_executor/cuda/cuda_blas.cc:1614] TensorFloat-32 will be used for the matrix multiplication. This will only be logged once.

  1/196 [..............................] - ETA: 8:57 - loss: 2.7577 - accuracy: 0.1055
  9/196 [>.............................] - ETA: 1s - loss: 2.2633 - accuracy: 0.2834  
 16/196 [=>............................] - ETA: 1s - loss: 2.0808 - accuracy: 0.3289
 24/196 [==>...........................] - ETA: 1s - loss: 1.9650 - accuracy: 0.3586
 30/196 [===>..........................] - ETA: 1s - loss: 1.8999 - accuracy: 0.3716
 37/196 [====>.........................] - ETA: 1s - loss: 1.8401 - accuracy: 0.3861
 45/196 [=====>........................] - ETA: 1s - loss: 1.7995 - accuracy: 0.3956
 52/196 [======>.......................] - ETA: 1s - loss: 1.7667 - accuracy: 0.4020
 59/196 [========>.....................] - ETA: 1s - loss: 1.7301 - accuracy: 0.4124
 67/196 [=========>....................] - ETA: 1s - loss: 1.6961 - accuracy: 0.4222
 74/196 [==========>...................] - ETA: 1s - loss: 1.6733 - accuracy: 0.4281
 80/196 [===========>..................] - ETA: 1s - loss: 1.6537 - accuracy: 0.4344
 88/196 [============>.................] - ETA: 0s - loss: 1.6289 - accuracy: 0.4431
 95/196 [=============>................] - ETA: 0s - loss: 1.6108 - accuracy: 0.4479
102/196 [==============>...............] - ETA: 0s - loss: 1.5933 - accuracy: 0.4547
110/196 [===============>..............] - ETA: 0s - loss: 1.5763 - accuracy: 0.4595
117/196 [================>.............] - ETA: 0s - loss: 1.5637 - accuracy: 0.4628
124/196 [=================>............] - ETA: 0s - loss: 1.5516 - accuracy: 0.4671
130/196 [==================>...........] - ETA: 0s - loss: 1.5395 - accuracy: 0.4711
138/196 [====================>.........] - ETA: 0s - loss: 1.5266 - accuracy: 0.4753
143/196 [====================>.........] - ETA: 0s - loss: 1.5180 - accuracy: 0.4786
149/196 [=====================>........] - ETA: 0s - loss: 1.5068 - accuracy: 0.4820
155/196 [======================>.......] - ETA: 0s - loss: 1.4989 - accuracy: 0.4843
162/196 [=======================>......] - ETA: 0s - loss: 1.4892 - accuracy: 0.4870
170/196 [=========================>....] - ETA: 0s - loss: 1.4758 - accuracy: 0.4913
178/196 [==========================>...] - ETA: 0s - loss: 1.4663 - accuracy: 0.4949
188/196 [===========================>..] - ETA: 0s - loss: 1.4522 - accuracy: 0.4989
196/196 [==============================] - 5s 13ms/step - loss: 1.4439 - accuracy: 0.5016 - val_loss: 1.8543 - val_accuracy: 0.4601
Epoch 2/146

  1/196 [..............................] - ETA: 3s - loss: 1.1266 - accuracy: 0.6289
  8/196 [>.............................] - ETA: 1s - loss: 1.0791 - accuracy: 0.6239
 16/196 [=>............................] - ETA: 1s - loss: 1.1122 - accuracy: 0.6102
 22/196 [==>...........................] - ETA: 1s - loss: 1.0959 - accuracy: 0.6125
 30/196 [===>..........................] - ETA: 1s - loss: 1.0948 - accuracy: 0.6155
 37/196 [====>.........................] - ETA: 1s - loss: 1.0947 - accuracy: 0.6170
 43/196 [=====>........................] - ETA: 1s - loss: 1.0920 - accuracy: 0.6184
 49/196 [======>.......................] - ETA: 1s - loss: 1.0958 - accuracy: 0.6172
 56/196 [=======>......................] - ETA: 1s - loss: 1.0984 - accuracy: 0.6164
 63/196 [========>.....................] - ETA: 1s - loss: 1.0991 - accuracy: 0.6167
 70/196 [=========>....................] - ETA: 1s - loss: 1.1021 - accuracy: 0.6163
 78/196 [==========>...................] - ETA: 1s - loss: 1.0974 - accuracy: 0.6167
 84/196 [===========>..................] - ETA: 0s - loss: 1.0960 - accuracy: 0.6172
 91/196 [============>.................] - ETA: 0s - loss: 1.0911 - accuracy: 0.6184
 98/196 [==============>...............] - ETA: 0s - loss: 1.0897 - accuracy: 0.6186
106/196 [===============>..............] - ETA: 0s - loss: 1.0893 - accuracy: 0.6186
114/196 [================>.............] - ETA: 0s - loss: 1.0918 - accuracy: 0.6178
122/196 [=================>............] - ETA: 0s - loss: 1.0934 - accuracy: 0.6182
131/196 [===================>..........] - ETA: 0s - loss: 1.0928 - accuracy: 0.6186
141/196 [====================>.........] - ETA: 0s - loss: 1.0935 - accuracy: 0.6188
151/196 [======================>.......] - ETA: 0s - loss: 1.0917 - accuracy: 0.6191
161/196 [=======================>......] - ETA: 0s - loss: 1.0905 - accuracy: 0.6196
172/196 [=========================>....] - ETA: 0s - loss: 1.0954 - accuracy: 0.6190
182/196 [==========================>...] - ETA: 0s - loss: 1.0945 - accuracy: 0.6194
192/196 [============================>.] - ETA: 0s - loss: 1.0929 - accuracy: 0.6198
196/196 [==============================] - 2s 12ms/step - loss: 1.0916 - accuracy: 0.6205 - val_loss: 1.3977 - val_accuracy: 0.5689
Epoch 3/146

  1/196 [..............................] - ETA: 3s - loss: 0.8609 - accuracy: 0.7070
  8/196 [>.............................] - ETA: 1s - loss: 0.9227 - accuracy: 0.6816
 15/196 [=>............................] - ETA: 1s - loss: 0.9218 - accuracy: 0.6823
 23/196 [==>...........................] - ETA: 1s - loss: 0.9292 - accuracy: 0.6816
 30/196 [===>..........................] - ETA: 1s - loss: 0.9436 - accuracy: 0.6728
 37/196 [====>.........................] - ETA: 1s - loss: 0.9553 - accuracy: 0.6683
 47/196 [======>.......................] - ETA: 1s - loss: 0.9559 - accuracy: 0.6705
 57/196 [=======>......................] - ETA: 1s - loss: 0.9622 - accuracy: 0.6688
 67/196 [=========>....................] - ETA: 0s - loss: 0.9656 - accuracy: 0.6669
 76/196 [==========>...................] - ETA: 0s - loss: 0.9664 - accuracy: 0.6674
 86/196 [============>.................] - ETA: 0s - loss: 0.9662 - accuracy: 0.6673
 95/196 [=============>................] - ETA: 0s - loss: 0.9657 - accuracy: 0.6672
105/196 [===============>..............] - ETA: 0s - loss: 0.9652 - accuracy: 0.6669
114/196 [================>.............] - ETA: 0s - loss: 0.9659 - accuracy: 0.6668
123/196 [=================>............] - ETA: 0s - loss: 0.9665 - accuracy: 0.6669
132/196 [===================>..........] - ETA: 0s - loss: 0.9670 - accuracy: 0.6658
142/196 [====================>.........] - ETA: 0s - loss: 0.9676 - accuracy: 0.6659
149/196 [=====================>........] - ETA: 0s - loss: 0.9684 - accuracy: 0.6655
156/196 [======================>.......] - ETA: 0s - loss: 0.9694 - accuracy: 0.6655
163/196 [=======================>......] - ETA: 0s - loss: 0.9714 - accuracy: 0.6649
170/196 [=========================>....] - ETA: 0s - loss: 0.9721 - accuracy: 0.6642
178/196 [==========================>...] - ETA: 0s - loss: 0.9750 - accuracy: 0.6635
185/196 [===========================>..] - ETA: 0s - loss: 0.9746 - accuracy: 0.6637
192/196 [============================>.] - ETA: 0s - loss: 0.9743 - accuracy: 0.6635
196/196 [==============================] - 2s 12ms/step - loss: 0.9756 - accuracy: 0.6628 - val_loss: 1.0991 - val_accuracy: 0.6229
Epoch 4/146

  1/196 [..............................] - ETA: 3s - loss: 0.7819 - accuracy: 0.7305
 10/196 [>.............................] - ETA: 1s - loss: 0.8838 - accuracy: 0.6973
 18/196 [=>............................] - ETA: 1s - loss: 0.8802 - accuracy: 0.6988
 27/196 [===>..........................] - ETA: 1s - loss: 0.8667 - accuracy: 0.7015
 37/196 [====>.........................] - ETA: 1s - loss: 0.8676 - accuracy: 0.7004
 46/196 [======>.......................] - ETA: 1s - loss: 0.8746 - accuracy: 0.6973
 55/196 [=======>......................] - ETA: 0s - loss: 0.8828 - accuracy: 0.6952
 66/196 [=========>....................] - ETA: 0s - loss: 0.8880 - accuracy: 0.6943
 76/196 [==========>...................] - ETA: 0s - loss: 0.8900 - accuracy: 0.6923
 86/196 [============>.................] - ETA: 0s - loss: 0.8903 - accuracy: 0.6916
 94/196 [=============>................] - ETA: 0s - loss: 0.8873 - accuracy: 0.6921
101/196 [==============>...............] - ETA: 0s - loss: 0.8869 - accuracy: 0.6927
108/196 [===============>..............] - ETA: 0s - loss: 0.8889 - accuracy: 0.6922
116/196 [================>.............] - ETA: 0s - loss: 0.8891 - accuracy: 0.6927
123/196 [=================>............] - ETA: 0s - loss: 0.8896 - accuracy: 0.6921
131/196 [===================>..........] - ETA: 0s - loss: 0.8910 - accuracy: 0.6908
138/196 [====================>.........] - ETA: 0s - loss: 0.8940 - accuracy: 0.6893
145/196 [=====================>........] - ETA: 0s - loss: 0.8972 - accuracy: 0.6881
152/196 [======================>.......] - ETA: 0s - loss: 0.8982 - accuracy: 0.6878
159/196 [=======================>......] - ETA: 0s - loss: 0.8981 - accuracy: 0.6880
166/196 [========================>.....] - ETA: 0s - loss: 0.9005 - accuracy: 0.6874
174/196 [=========================>....] - ETA: 0s - loss: 0.9034 - accuracy: 0.6867
181/196 [==========================>...] - ETA: 0s - loss: 0.9027 - accuracy: 0.6868
188/196 [===========================>..] - ETA: 0s - loss: 0.9036 - accuracy: 0.6862
195/196 [============================>.] - ETA: 0s - loss: 0.9056 - accuracy: 0.6856
196/196 [==============================] - 2s 11ms/step - loss: 0.9061 - accuracy: 0.6854 - val_loss: 1.0881 - val_accuracy: 0.6269
Epoch 5/146

  1/196 [..............................] - ETA: 6s - loss: 0.7988 - accuracy: 0.7148
 10/196 [>.............................] - ETA: 1s - loss: 0.8337 - accuracy: 0.7137
 21/196 [==>...........................] - ETA: 1s - loss: 0.8194 - accuracy: 0.7160
 30/196 [===>..........................] - ETA: 1s - loss: 0.8205 - accuracy: 0.7172
 40/196 [=====>........................] - ETA: 1s - loss: 0.8207 - accuracy: 0.7151
 47/196 [======>.......................] - ETA: 1s - loss: 0.8232 - accuracy: 0.7144
 54/196 [=======>......................] - ETA: 1s - loss: 0.8173 - accuracy: 0.7170
 61/196 [========>.....................] - ETA: 0s - loss: 0.8237 - accuracy: 0.7138
 69/196 [=========>....................] - ETA: 0s - loss: 0.8232 - accuracy: 0.7135
 76/196 [==========>...................] - ETA: 0s - loss: 0.8247 - accuracy: 0.7132
 83/196 [===========>..................] - ETA: 0s - loss: 0.8241 - accuracy: 0.7130
 90/196 [============>.................] - ETA: 0s - loss: 0.8243 - accuracy: 0.7129
 97/196 [=============>................] - ETA: 0s - loss: 0.8245 - accuracy: 0.7125
105/196 [===============>..............] - ETA: 0s - loss: 0.8281 - accuracy: 0.7114
112/196 [================>.............] - ETA: 0s - loss: 0.8311 - accuracy: 0.7104
119/196 [=================>............] - ETA: 0s - loss: 0.8335 - accuracy: 0.7093
127/196 [==================>...........] - ETA: 0s - loss: 0.8374 - accuracy: 0.7084
134/196 [===================>..........] - ETA: 0s - loss: 0.8393 - accuracy: 0.7082
141/196 [====================>.........] - ETA: 0s - loss: 0.8423 - accuracy: 0.7064
148/196 [=====================>........] - ETA: 0s - loss: 0.8419 - accuracy: 0.7062
155/196 [======================>.......] - ETA: 0s - loss: 0.8430 - accuracy: 0.7063
162/196 [=======================>......] - ETA: 0s - loss: 0.8479 - accuracy: 0.7048
170/196 [=========================>....] - ETA: 0s - loss: 0.8511 - accuracy: 0.7040
177/196 [==========================>...] - ETA: 0s - loss: 0.8526 - accuracy: 0.7035
183/196 [===========================>..] - ETA: 0s - loss: 0.8529 - accuracy: 0.7033
192/196 [============================>.] - ETA: 0s - loss: 0.8545 - accuracy: 0.7023
196/196 [==============================] - 2s 11ms/step - loss: 0.8556 - accuracy: 0.7022 - val_loss: 1.2438 - val_accuracy: 0.5879
Epoch 6/146

  1/196 [..............................] - ETA: 3s - loss: 0.6766 - accuracy: 0.7773
  7/196 [>.............................] - ETA: 1s - loss: 0.7520 - accuracy: 0.7450
 15/196 [=>............................] - ETA: 1s - loss: 0.7505 - accuracy: 0.7404
 22/196 [==>...........................] - ETA: 1s - loss: 0.7656 - accuracy: 0.7405
 29/196 [===>..........................] - ETA: 1s - loss: 0.7772 - accuracy: 0.7337
 36/196 [====>.........................] - ETA: 1s - loss: 0.7828 - accuracy: 0.7298
 43/196 [=====>........................] - ETA: 1s - loss: 0.7928 - accuracy: 0.7280
 50/196 [======>.......................] - ETA: 1s - loss: 0.7950 - accuracy: 0.7273
 57/196 [=======>......................] - ETA: 1s - loss: 0.7938 - accuracy: 0.7262
 64/196 [========>.....................] - ETA: 1s - loss: 0.7929 - accuracy: 0.7241
 71/196 [=========>....................] - ETA: 1s - loss: 0.7957 - accuracy: 0.7221
 78/196 [==========>...................] - ETA: 1s - loss: 0.7979 - accuracy: 0.7210
 85/196 [============>.................] - ETA: 0s - loss: 0.7966 - accuracy: 0.7216
 92/196 [=============>................] - ETA: 0s - loss: 0.7980 - accuracy: 0.7218
 99/196 [==============>...............] - ETA: 0s - loss: 0.7987 - accuracy: 0.7216
106/196 [===============>..............] - ETA: 0s - loss: 0.8002 - accuracy: 0.7213
113/196 [================>.............] - ETA: 0s - loss: 0.7991 - accuracy: 0.7215
120/196 [=================>............] - ETA: 0s - loss: 0.8011 - accuracy: 0.7208
127/196 [==================>...........] - ETA: 0s - loss: 0.8009 - accuracy: 0.7210
134/196 [===================>..........] - ETA: 0s - loss: 0.8029 - accuracy: 0.7203
141/196 [====================>.........] - ETA: 0s - loss: 0.8025 - accuracy: 0.7207
150/196 [=====================>........] - ETA: 0s - loss: 0.8065 - accuracy: 0.7198
160/196 [=======================>......] - ETA: 0s - loss: 0.8088 - accuracy: 0.7183
171/196 [=========================>....] - ETA: 0s - loss: 0.8110 - accuracy: 0.7176
182/196 [==========================>...] - ETA: 0s - loss: 0.8128 - accuracy: 0.7170
192/196 [============================>.] - ETA: 0s - loss: 0.8141 - accuracy: 0.7170
196/196 [==============================] - 2s 11ms/step - loss: 0.8144 - accuracy: 0.7170 - val_loss: 1.1980 - val_accuracy: 0.6082
Epoch 7/146

  1/196 [..............................] - ETA: 6s - loss: 0.6777 - accuracy: 0.7539
  9/196 [>.............................] - ETA: 1s - loss: 0.6965 - accuracy: 0.7643
 16/196 [=>............................] - ETA: 1s - loss: 0.7044 - accuracy: 0.7554
 22/196 [==>...........................] - ETA: 1s - loss: 0.7246 - accuracy: 0.7514
 28/196 [===>..........................] - ETA: 1s - loss: 0.7209 - accuracy: 0.7514
 35/196 [====>.........................] - ETA: 1s - loss: 0.7199 - accuracy: 0.7516
 43/196 [=====>........................] - ETA: 1s - loss: 0.7228 - accuracy: 0.7485
 50/196 [======>.......................] - ETA: 1s - loss: 0.7241 - accuracy: 0.7484
 56/196 [=======>......................] - ETA: 1s - loss: 0.7251 - accuracy: 0.7493
 64/196 [========>.....................] - ETA: 1s - loss: 0.7308 - accuracy: 0.7451
 71/196 [=========>....................] - ETA: 1s - loss: 0.7365 - accuracy: 0.7430
 78/196 [==========>...................] - ETA: 1s - loss: 0.7396 - accuracy: 0.7418
 86/196 [============>.................] - ETA: 0s - loss: 0.7460 - accuracy: 0.7401
 92/196 [=============>................] - ETA: 0s - loss: 0.7444 - accuracy: 0.7406
100/196 [==============>...............] - ETA: 0s - loss: 0.7464 - accuracy: 0.7402
111/196 [===============>..............] - ETA: 0s - loss: 0.7500 - accuracy: 0.7396
122/196 [=================>............] - ETA: 0s - loss: 0.7542 - accuracy: 0.7385
132/196 [===================>..........] - ETA: 0s - loss: 0.7602 - accuracy: 0.7363
142/196 [====================>.........] - ETA: 0s - loss: 0.7619 - accuracy: 0.7356
154/196 [======================>.......] - ETA: 0s - loss: 0.7668 - accuracy: 0.7337
164/196 [========================>.....] - ETA: 0s - loss: 0.7682 - accuracy: 0.7331
175/196 [=========================>....] - ETA: 0s - loss: 0.7712 - accuracy: 0.7322
183/196 [===========================>..] - ETA: 0s - loss: 0.7719 - accuracy: 0.7318
194/196 [============================>.] - ETA: 0s - loss: 0.7740 - accuracy: 0.7312
196/196 [==============================] - 2s 11ms/step - loss: 0.7743 - accuracy: 0.7311 - val_loss: 1.2497 - val_accuracy: 0.5956
Epoch 8/146

  1/196 [..............................] - ETA: 6s - loss: 0.7020 - accuracy: 0.7539
  9/196 [>.............................] - ETA: 1s - loss: 0.7007 - accuracy: 0.7561
 16/196 [=>............................] - ETA: 1s - loss: 0.6981 - accuracy: 0.7588
 23/196 [==>...........................] - ETA: 1s - loss: 0.7119 - accuracy: 0.7556
 31/196 [===>..........................] - ETA: 1s - loss: 0.7163 - accuracy: 0.7521
 38/196 [====>.........................] - ETA: 1s - loss: 0.7198 - accuracy: 0.7500
 45/196 [=====>........................] - ETA: 1s - loss: 0.7113 - accuracy: 0.7544
 56/196 [=======>......................] - ETA: 1s - loss: 0.7140 - accuracy: 0.7530
 66/196 [=========>....................] - ETA: 1s - loss: 0.7164 - accuracy: 0.7534
 77/196 [==========>...................] - ETA: 0s - loss: 0.7223 - accuracy: 0.7513
 87/196 [============>.................] - ETA: 0s - loss: 0.7240 - accuracy: 0.7508
 97/196 [=============>................] - ETA: 0s - loss: 0.7290 - accuracy: 0.7485
107/196 [===============>..............] - ETA: 0s - loss: 0.7285 - accuracy: 0.7485
118/196 [=================>............] - ETA: 0s - loss: 0.7349 - accuracy: 0.7452
130/196 [==================>...........] - ETA: 0s - loss: 0.7368 - accuracy: 0.7443
140/196 [====================>.........] - ETA: 0s - loss: 0.7426 - accuracy: 0.7425
151/196 [======================>.......] - ETA: 0s - loss: 0.7447 - accuracy: 0.7419
162/196 [=======================>......] - ETA: 0s - loss: 0.7456 - accuracy: 0.7417
171/196 [=========================>....] - ETA: 0s - loss: 0.7470 - accuracy: 0.7411
179/196 [==========================>...] - ETA: 0s - loss: 0.7482 - accuracy: 0.7409
186/196 [===========================>..] - ETA: 0s - loss: 0.7484 - accuracy: 0.7407
193/196 [============================>.] - ETA: 0s - loss: 0.7495 - accuracy: 0.7398
196/196 [==============================] - 2s 11ms/step - loss: 0.7507 - accuracy: 0.7392 - val_loss: 1.1069 - val_accuracy: 0.6417
Epoch 9/146

  1/196 [..............................] - ETA: 1s - loss: 0.8048 - accuracy: 0.7305
  7/196 [>.............................] - ETA: 1s - loss: 0.6779 - accuracy: 0.7790
 15/196 [=>............................] - ETA: 1s - loss: 0.6776 - accuracy: 0.7711
 24/196 [==>...........................] - ETA: 1s - loss: 0.6815 - accuracy: 0.7681
 35/196 [====>.........................] - ETA: 1s - loss: 0.6808 - accuracy: 0.7681
 46/196 [======>.......................] - ETA: 1s - loss: 0.6797 - accuracy: 0.7674
 55/196 [=======>......................] - ETA: 0s - loss: 0.6832 - accuracy: 0.7665
 64/196 [========>.....................] - ETA: 0s - loss: 0.6895 - accuracy: 0.7632
 74/196 [==========>...................] - ETA: 0s - loss: 0.6929 - accuracy: 0.7622
 84/196 [===========>..................] - ETA: 0s - loss: 0.6955 - accuracy: 0.7603
 93/196 [=============>................] - ETA: 0s - loss: 0.6943 - accuracy: 0.7607
104/196 [==============>...............] - ETA: 0s - loss: 0.6982 - accuracy: 0.7587
114/196 [================>.............] - ETA: 0s - loss: 0.7007 - accuracy: 0.7573
123/196 [=================>............] - ETA: 0s - loss: 0.7026 - accuracy: 0.7569
131/196 [===================>..........] - ETA: 0s - loss: 0.7034 - accuracy: 0.7561
138/196 [====================>.........] - ETA: 0s - loss: 0.7043 - accuracy: 0.7562
146/196 [=====================>........] - ETA: 0s - loss: 0.7086 - accuracy: 0.7540
153/196 [======================>.......] - ETA: 0s - loss: 0.7116 - accuracy: 0.7529
160/196 [=======================>......] - ETA: 0s - loss: 0.7157 - accuracy: 0.7514
166/196 [========================>.....] - ETA: 0s - loss: 0.7174 - accuracy: 0.7511
174/196 [=========================>....] - ETA: 0s - loss: 0.7194 - accuracy: 0.7500
180/196 [==========================>...] - ETA: 0s - loss: 0.7216 - accuracy: 0.7496
187/196 [===========================>..] - ETA: 0s - loss: 0.7233 - accuracy: 0.7490
194/196 [============================>.] - ETA: 0s - loss: 0.7232 - accuracy: 0.7493
196/196 [==============================] - 2s 11ms/step - loss: 0.7238 - accuracy: 0.7491 - val_loss: 1.2210 - val_accuracy: 0.6224
Epoch 10/146

  1/196 [..............................] - ETA: 2s - loss: 0.6404 - accuracy: 0.7812
 10/196 [>.............................] - ETA: 1s - loss: 0.6540 - accuracy: 0.7750
 20/196 [==>...........................] - ETA: 1s - loss: 0.6511 - accuracy: 0.7748
 29/196 [===>..........................] - ETA: 1s - loss: 0.6490 - accuracy: 0.7773
 39/196 [====>.........................] - ETA: 1s - loss: 0.6473 - accuracy: 0.7774
 49/196 [======>.......................] - ETA: 0s - loss: 0.6513 - accuracy: 0.7767
 60/196 [========>.....................] - ETA: 0s - loss: 0.6611 - accuracy: 0.7718
 70/196 [=========>....................] - ETA: 0s - loss: 0.6696 - accuracy: 0.7686
 80/196 [===========>..................] - ETA: 0s - loss: 0.6714 - accuracy: 0.7674
 87/196 [============>.................] - ETA: 0s - loss: 0.6736 - accuracy: 0.7664
 94/196 [=============>................] - ETA: 0s - loss: 0.6737 - accuracy: 0.7661
102/196 [==============>...............] - ETA: 0s - loss: 0.6776 - accuracy: 0.7654
109/196 [===============>..............] - ETA: 0s - loss: 0.6787 - accuracy: 0.7646
116/196 [================>.............] - ETA: 0s - loss: 0.6817 - accuracy: 0.7636
123/196 [=================>............] - ETA: 0s - loss: 0.6824 - accuracy: 0.7630
130/196 [==================>...........] - ETA: 0s - loss: 0.6857 - accuracy: 0.7616
138/196 [====================>.........] - ETA: 0s - loss: 0.6869 - accuracy: 0.7607
144/196 [=====================>........] - ETA: 0s - loss: 0.6881 - accuracy: 0.7599
150/196 [=====================>........] - ETA: 0s - loss: 0.6918 - accuracy: 0.7585
157/196 [=======================>......] - ETA: 0s - loss: 0.6918 - accuracy: 0.7584
164/196 [========================>.....] - ETA: 0s - loss: 0.6916 - accuracy: 0.7586
171/196 [=========================>....] - ETA: 0s - loss: 0.6949 - accuracy: 0.7572
178/196 [==========================>...] - ETA: 0s - loss: 0.6974 - accuracy: 0.7564
186/196 [===========================>..] - ETA: 0s - loss: 0.6990 - accuracy: 0.7556
192/196 [============================>.] - ETA: 0s - loss: 0.7017 - accuracy: 0.7551
196/196 [==============================] - 2s 11ms/step - loss: 0.7025 - accuracy: 0.7549 - val_loss: 1.2098 - val_accuracy: 0.6228
Epoch 11/146

  1/196 [..............................] - ETA: 3s - loss: 0.6668 - accuracy: 0.7539
  9/196 [>.............................] - ETA: 1s - loss: 0.5998 - accuracy: 0.7917
 21/196 [==>...........................] - ETA: 1s - loss: 0.5939 - accuracy: 0.7959
 30/196 [===>..........................] - ETA: 1s - loss: 0.6035 - accuracy: 0.7914
 37/196 [====>.........................] - ETA: 1s - loss: 0.6031 - accuracy: 0.7895
 44/196 [=====>........................] - ETA: 1s - loss: 0.6067 - accuracy: 0.7895
 52/196 [======>.......................] - ETA: 1s - loss: 0.6160 - accuracy: 0.7885
 58/196 [=======>......................] - ETA: 1s - loss: 0.6143 - accuracy: 0.7891
 66/196 [=========>....................] - ETA: 1s - loss: 0.6183 - accuracy: 0.7871
 73/196 [==========>...................] - ETA: 0s - loss: 0.6199 - accuracy: 0.7855
 80/196 [===========>..................] - ETA: 0s - loss: 0.6246 - accuracy: 0.7831
 87/196 [============>.................] - ETA: 0s - loss: 0.6274 - accuracy: 0.7821
 94/196 [=============>................] - ETA: 0s - loss: 0.6327 - accuracy: 0.7812
102/196 [==============>...............] - ETA: 0s - loss: 0.6396 - accuracy: 0.7791
109/196 [===============>..............] - ETA: 0s - loss: 0.6425 - accuracy: 0.7777
116/196 [================>.............] - ETA: 0s - loss: 0.6460 - accuracy: 0.7767
123/196 [=================>............] - ETA: 0s - loss: 0.6496 - accuracy: 0.7760
130/196 [==================>...........] - ETA: 0s - loss: 0.6536 - accuracy: 0.7745
137/196 [===================>..........] - ETA: 0s - loss: 0.6540 - accuracy: 0.7744
145/196 [=====================>........] - ETA: 0s - loss: 0.6559 - accuracy: 0.7738
152/196 [======================>.......] - ETA: 0s - loss: 0.6577 - accuracy: 0.7732
159/196 [=======================>......] - ETA: 0s - loss: 0.6600 - accuracy: 0.7720
166/196 [========================>.....] - ETA: 0s - loss: 0.6627 - accuracy: 0.7704
174/196 [=========================>....] - ETA: 0s - loss: 0.6676 - accuracy: 0.7689
182/196 [==========================>...] - ETA: 0s - loss: 0.6704 - accuracy: 0.7676
192/196 [============================>.] - ETA: 0s - loss: 0.6732 - accuracy: 0.7664
196/196 [==============================] - 2s 11ms/step - loss: 0.6744 - accuracy: 0.7659 - val_loss: 1.2546 - val_accuracy: 0.5967
Epoch 11: early stopping

  1/313 [..............................] - ETA: 4s - loss: 1.3653 - accuracy: 0.5000
 18/313 [>.............................] - ETA: 1s - loss: 1.3315 - accuracy: 0.5677
 34/313 [==>...........................] - ETA: 0s - loss: 1.2550 - accuracy: 0.5910
 54/313 [====>.........................] - ETA: 0s - loss: 1.2366 - accuracy: 0.5943
 74/313 [======>.......................] - ETA: 0s - loss: 1.2380 - accuracy: 0.5988
 97/313 [========>.....................] - ETA: 0s - loss: 1.2483 - accuracy: 0.5992
117/313 [==========>...................] - ETA: 0s - loss: 1.2420 - accuracy: 0.6007
137/313 [============>.................] - ETA: 0s - loss: 1.2326 - accuracy: 0.6038
158/313 [==============>...............] - ETA: 0s - loss: 1.2269 - accuracy: 0.6050
179/313 [================>.............] - ETA: 0s - loss: 1.2338 - accuracy: 0.6025
200/313 [==================>...........] - ETA: 0s - loss: 1.2350 - accuracy: 0.5997
221/313 [====================>.........] - ETA: 0s - loss: 1.2466 - accuracy: 0.5967
241/313 [======================>.......] - ETA: 0s - loss: 1.2441 - accuracy: 0.5969
261/313 [========================>.....] - ETA: 0s - loss: 1.2496 - accuracy: 0.5972
287/313 [==========================>...] - ETA: 0s - loss: 1.2519 - accuracy: 0.5966
313/313 [==============================] - 1s 3ms/step - loss: 1.2546 - accuracy: 0.5967
