2024-06-26 19:46:02.027674: I tensorflow/core/platform/cpu_feature_guard.cc:193] This TensorFlow binary is optimized with oneAPI Deep Neural Network Library (oneDNN) to use the following CPU instructions in performance-critical operations:  AVX AVX2
To enable them in other operations, rebuild TensorFlow with the appropriate compiler flags.
2024-06-26 19:46:02.587771: I tensorflow/core/common_runtime/gpu/gpu_device.cc:1616] Created device /job:localhost/replica:0/task:0/device:GPU:0 with 6656 MB memory:  -> device: 0, name: NVIDIA GeForce RTX 4060 Ti, pci bus id: 0000:01:00.0, compute capability: 8.9
1 Physical GPUs, 1 Logical GPUs
Model: "sequential"
_________________________________________________________________
 Layer (type)                Output Shape              Param #   
=================================================================
 conv2d (Conv2D)             (None, 32, 32, 32)        896       
                                                                 
 max_pooling2d (MaxPooling2D  (None, 16, 16, 32)       0         
 )                                                               
                                                                 
 batch_normalization (BatchN  (None, 16, 16, 32)       128       
 ormalization)                                                   
                                                                 
 dropout (Dropout)           (None, 16, 16, 32)        0         
                                                                 
 flatten (Flatten)           (None, 8192)              0         
                                                                 
 dense (Dense)               (None, 10)                81930     
                                                                 
=================================================================
Total params: 82,954
Trainable params: 82,890
Non-trainable params: 64
_________________________________________________________________
Taxa de aprendizado:  0.1 Num de pocas:  222 Tamanho do lote:  1024 Dropout:  0.44966
Epoch 1/222
2024-06-26 19:46:03.929516: I tensorflow/stream_executor/cuda/cuda_dnn.cc:384] Loaded cuDNN version 8100
2024-06-26 19:46:04.763682: W tensorflow/stream_executor/gpu/redzone_allocator.cc:314] INTERNAL: ptxas exited with non-zero error code -1, output: 
Relying on driver to perform ptx compilation. 
Modify $PATH to customize ptxas location.
This message will be only logged once.
2024-06-26 19:46:05.568636: I tensorflow/stream_executor/cuda/cuda_blas.cc:1614] TensorFloat-32 will be used for the matrix multiplication. This will only be logged once.

 1/49 [..............................] - ETA: 2:16 - loss: 3.1387 - accuracy: 0.0947
 4/49 [=>............................] - ETA: 0s - loss: 43.3859 - accuracy: 0.1379 
 7/49 [===>..........................] - ETA: 0s - loss: 40.4961 - accuracy: 0.1685
10/49 [=====>........................] - ETA: 0s - loss: 36.4159 - accuracy: 0.1741
13/49 [======>.......................] - ETA: 1s - loss: 33.2413 - accuracy: 0.1662
16/49 [========>.....................] - ETA: 1s - loss: 30.8869 - accuracy: 0.1587
19/49 [==========>...................] - ETA: 0s - loss: 29.5623 - accuracy: 0.1506
21/49 [===========>..................] - ETA: 0s - loss: 29.3322 - accuracy: 0.1445
24/49 [=============>................] - ETA: 0s - loss: 29.2596 - accuracy: 0.1409
26/49 [==============>...............] - ETA: 0s - loss: 29.2164 - accuracy: 0.1404
29/49 [================>.............] - ETA: 0s - loss: 28.9174 - accuracy: 0.1427
32/49 [==================>...........] - ETA: 0s - loss: 28.2471 - accuracy: 0.1450
34/49 [===================>..........] - ETA: 0s - loss: 27.3040 - accuracy: 0.1523
37/49 [=====================>........] - ETA: 0s - loss: 25.8963 - accuracy: 0.1579
39/49 [======================>.......] - ETA: 0s - loss: 24.9278 - accuracy: 0.1579
42/49 [========================>.....] - ETA: 0s - loss: 23.7074 - accuracy: 0.1546
44/49 [=========================>....] - ETA: 0s - loss: 23.1344 - accuracy: 0.1539
47/49 [===========================>..] - ETA: 0s - loss: 22.2413 - accuracy: 0.1534
49/49 [==============================] - 5s 53ms/step - loss: 21.7076 - accuracy: 0.1515 - val_loss: 9.2779 - val_accuracy: 0.1487
Epoch 2/222

 1/49 [..............................] - ETA: 2s - loss: 7.0172 - accuracy: 0.1152
 4/49 [=>............................] - ETA: 1s - loss: 9.6116 - accuracy: 0.1372
 6/49 [==>...........................] - ETA: 1s - loss: 9.1919 - accuracy: 0.1615
 9/49 [====>.........................] - ETA: 1s - loss: 8.2826 - accuracy: 0.1846
11/49 [=====>........................] - ETA: 1s - loss: 8.0310 - accuracy: 0.1763
13/49 [======>.......................] - ETA: 1s - loss: 7.9599 - accuracy: 0.1680
16/49 [========>.....................] - ETA: 0s - loss: 8.3749 - accuracy: 0.1712
18/49 [==========>...................] - ETA: 0s - loss: 8.3127 - accuracy: 0.1776
21/49 [===========>..................] - ETA: 0s - loss: 7.8317 - accuracy: 0.1767
23/49 [=============>................] - ETA: 0s - loss: 7.5648 - accuracy: 0.1779
26/49 [==============>...............] - ETA: 0s - loss: 7.2627 - accuracy: 0.1823
29/49 [================>.............] - ETA: 0s - loss: 6.9235 - accuracy: 0.1819
32/49 [==================>...........] - ETA: 0s - loss: 6.5841 - accuracy: 0.1857
34/49 [===================>..........] - ETA: 0s - loss: 6.3653 - accuracy: 0.1863
37/49 [=====================>........] - ETA: 0s - loss: 6.1487 - accuracy: 0.1846
39/49 [======================>.......] - ETA: 0s - loss: 6.0134 - accuracy: 0.1835
42/49 [========================>.....] - ETA: 0s - loss: 5.7954 - accuracy: 0.1872
44/49 [=========================>....] - ETA: 0s - loss: 5.6668 - accuracy: 0.1904
47/49 [===========================>..] - ETA: 0s - loss: 5.4638 - accuracy: 0.1945
49/49 [==============================] - 2s 45ms/step - loss: 5.3444 - accuracy: 0.1935 - val_loss: 2.3902 - val_accuracy: 0.2033
Epoch 3/222

 1/49 [..............................] - ETA: 3s - loss: 2.2385 - accuracy: 0.2422
 3/49 [>.............................] - ETA: 1s - loss: 2.2034 - accuracy: 0.2598
 5/49 [==>...........................] - ETA: 1s - loss: 2.2312 - accuracy: 0.2658
 7/49 [===>..........................] - ETA: 1s - loss: 2.2183 - accuracy: 0.2667
 9/49 [====>.........................] - ETA: 1s - loss: 2.1850 - accuracy: 0.2699
11/49 [=====>........................] - ETA: 1s - loss: 2.1680 - accuracy: 0.2729
13/49 [======>.......................] - ETA: 1s - loss: 2.1546 - accuracy: 0.2704
15/49 [========>.....................] - ETA: 1s - loss: 2.1390 - accuracy: 0.2714
17/49 [=========>....................] - ETA: 1s - loss: 2.1210 - accuracy: 0.2761
19/49 [==========>...................] - ETA: 0s - loss: 2.1074 - accuracy: 0.2776
21/49 [===========>..................] - ETA: 0s - loss: 2.0995 - accuracy: 0.2794
23/49 [=============>................] - ETA: 0s - loss: 2.0871 - accuracy: 0.2818
25/49 [==============>...............] - ETA: 0s - loss: 2.0742 - accuracy: 0.2851
27/49 [===============>..............] - ETA: 0s - loss: 2.0651 - accuracy: 0.2866
29/49 [================>.............] - ETA: 0s - loss: 2.0547 - accuracy: 0.2898
31/49 [=================>............] - ETA: 0s - loss: 2.0462 - accuracy: 0.2918
33/49 [===================>..........] - ETA: 0s - loss: 2.0389 - accuracy: 0.2937
36/49 [=====================>........] - ETA: 0s - loss: 2.0274 - accuracy: 0.2974
38/49 [======================>.......] - ETA: 0s - loss: 2.0196 - accuracy: 0.3000
40/49 [=======================>......] - ETA: 0s - loss: 2.0142 - accuracy: 0.3004
42/49 [========================>.....] - ETA: 0s - loss: 2.0082 - accuracy: 0.3021
45/49 [==========================>...] - ETA: 0s - loss: 2.0015 - accuracy: 0.3048
47/49 [===========================>..] - ETA: 0s - loss: 1.9962 - accuracy: 0.3067
49/49 [==============================] - ETA: 0s - loss: 1.9914 - accuracy: 0.3079
49/49 [==============================] - 2s 48ms/step - loss: 1.9914 - accuracy: 0.3079 - val_loss: 1.9368 - val_accuracy: 0.3267
Epoch 4/222

 1/49 [..............................] - ETA: 2s - loss: 1.8750 - accuracy: 0.3721
 3/49 [>.............................] - ETA: 1s - loss: 1.9041 - accuracy: 0.3441
 5/49 [==>...........................] - ETA: 1s - loss: 1.9086 - accuracy: 0.3328
 7/49 [===>..........................] - ETA: 1s - loss: 1.9018 - accuracy: 0.3355
 9/49 [====>.........................] - ETA: 1s - loss: 1.9010 - accuracy: 0.3346
11/49 [=====>........................] - ETA: 1s - loss: 1.8930 - accuracy: 0.3357
13/49 [======>.......................] - ETA: 1s - loss: 1.8898 - accuracy: 0.3375
15/49 [========>.....................] - ETA: 1s - loss: 1.8928 - accuracy: 0.3355
17/49 [=========>....................] - ETA: 1s - loss: 1.8931 - accuracy: 0.3338
19/49 [==========>...................] - ETA: 1s - loss: 1.8914 - accuracy: 0.3335
21/49 [===========>..................] - ETA: 0s - loss: 1.8948 - accuracy: 0.3336
23/49 [=============>................] - ETA: 0s - loss: 1.8975 - accuracy: 0.3329
25/49 [==============>...............] - ETA: 0s - loss: 1.8963 - accuracy: 0.3328
28/49 [================>.............] - ETA: 0s - loss: 1.8984 - accuracy: 0.3326
31/49 [=================>............] - ETA: 0s - loss: 1.8985 - accuracy: 0.3326
34/49 [===================>..........] - ETA: 0s - loss: 1.8975 - accuracy: 0.3337
37/49 [=====================>........] - ETA: 0s - loss: 1.8954 - accuracy: 0.3351
40/49 [=======================>......] - ETA: 0s - loss: 1.8929 - accuracy: 0.3378
42/49 [========================>.....] - ETA: 0s - loss: 1.8920 - accuracy: 0.3385
45/49 [==========================>...] - ETA: 0s - loss: 1.8919 - accuracy: 0.3382
47/49 [===========================>..] - ETA: 0s - loss: 1.8918 - accuracy: 0.3380
49/49 [==============================] - ETA: 0s - loss: 1.8912 - accuracy: 0.3384
49/49 [==============================] - 2s 45ms/step - loss: 1.8912 - accuracy: 0.3384 - val_loss: 1.8902 - val_accuracy: 0.3290
Epoch 5/222

 1/49 [..............................] - ETA: 3s - loss: 1.8782 - accuracy: 0.3477
 3/49 [>.............................] - ETA: 1s - loss: 1.8737 - accuracy: 0.3516
 5/49 [==>...........................] - ETA: 1s - loss: 1.8723 - accuracy: 0.3527
 7/49 [===>..........................] - ETA: 1s - loss: 1.8681 - accuracy: 0.3516
 9/49 [====>.........................] - ETA: 1s - loss: 1.8647 - accuracy: 0.3550
11/49 [=====>........................] - ETA: 1s - loss: 1.8594 - accuracy: 0.3552
13/49 [======>.......................] - ETA: 1s - loss: 1.8595 - accuracy: 0.3560
15/49 [========>.....................] - ETA: 1s - loss: 1.8565 - accuracy: 0.3572
17/49 [=========>....................] - ETA: 1s - loss: 1.8556 - accuracy: 0.3582
19/49 [==========>...................] - ETA: 1s - loss: 1.8597 - accuracy: 0.3544
21/49 [===========>..................] - ETA: 0s - loss: 1.8608 - accuracy: 0.3525
23/49 [=============>................] - ETA: 0s - loss: 1.8626 - accuracy: 0.3519
25/49 [==============>...............] - ETA: 0s - loss: 1.8651 - accuracy: 0.3509
27/49 [===============>..............] - ETA: 0s - loss: 1.8663 - accuracy: 0.3503
29/49 [================>.............] - ETA: 0s - loss: 1.8648 - accuracy: 0.3515
31/49 [=================>............] - ETA: 0s - loss: 1.8650 - accuracy: 0.3512
33/49 [===================>..........] - ETA: 0s - loss: 1.8649 - accuracy: 0.3509
35/49 [====================>.........] - ETA: 0s - loss: 1.8642 - accuracy: 0.3516
37/49 [=====================>........] - ETA: 0s - loss: 1.8646 - accuracy: 0.3512
39/49 [======================>.......] - ETA: 0s - loss: 1.8648 - accuracy: 0.3504
41/49 [========================>.....] - ETA: 0s - loss: 1.8658 - accuracy: 0.3501
43/49 [=========================>....] - ETA: 0s - loss: 1.8664 - accuracy: 0.3492
45/49 [==========================>...] - ETA: 0s - loss: 1.8663 - accuracy: 0.3489
47/49 [===========================>..] - ETA: 0s - loss: 1.8674 - accuracy: 0.3485
49/49 [==============================] - ETA: 0s - loss: 1.8679 - accuracy: 0.3476
49/49 [==============================] - 3s 52ms/step - loss: 1.8679 - accuracy: 0.3476 - val_loss: 1.8467 - val_accuracy: 0.3507
Epoch 6/222

 1/49 [..............................] - ETA: 1s - loss: 1.8456 - accuracy: 0.3496
 4/49 [=>............................] - ETA: 1s - loss: 1.8679 - accuracy: 0.3423
 6/49 [==>...........................] - ETA: 1s - loss: 1.8706 - accuracy: 0.3421
 8/49 [===>..........................] - ETA: 1s - loss: 1.8747 - accuracy: 0.3396
10/49 [=====>........................] - ETA: 1s - loss: 1.8722 - accuracy: 0.3445
12/49 [======>.......................] - ETA: 1s - loss: 1.8780 - accuracy: 0.3433
14/49 [=======>......................] - ETA: 1s - loss: 1.8825 - accuracy: 0.3404
16/49 [========>.....................] - ETA: 1s - loss: 1.8802 - accuracy: 0.3421
18/49 [==========>...................] - ETA: 1s - loss: 1.8810 - accuracy: 0.3402
20/49 [===========>..................] - ETA: 0s - loss: 1.8810 - accuracy: 0.3399
22/49 [============>.................] - ETA: 0s - loss: 1.8797 - accuracy: 0.3380
24/49 [=============>................] - ETA: 0s - loss: 1.8774 - accuracy: 0.3390
26/49 [==============>...............] - ETA: 0s - loss: 1.8756 - accuracy: 0.3401
28/49 [================>.............] - ETA: 0s - loss: 1.8747 - accuracy: 0.3405
30/49 [=================>............] - ETA: 0s - loss: 1.8746 - accuracy: 0.3422
32/49 [==================>...........] - ETA: 0s - loss: 1.8765 - accuracy: 0.3415
34/49 [===================>..........] - ETA: 0s - loss: 1.8765 - accuracy: 0.3414
36/49 [=====================>........] - ETA: 0s - loss: 1.8761 - accuracy: 0.3416
38/49 [======================>.......] - ETA: 0s - loss: 1.8736 - accuracy: 0.3433
40/49 [=======================>......] - ETA: 0s - loss: 1.8739 - accuracy: 0.3429
42/49 [========================>.....] - ETA: 0s - loss: 1.8742 - accuracy: 0.3423
44/49 [=========================>....] - ETA: 0s - loss: 1.8736 - accuracy: 0.3433
46/49 [===========================>..] - ETA: 0s - loss: 1.8722 - accuracy: 0.3438
48/49 [============================>.] - ETA: 0s - loss: 1.8720 - accuracy: 0.3443
49/49 [==============================] - 3s 52ms/step - loss: 1.8721 - accuracy: 0.3443 - val_loss: 1.8544 - val_accuracy: 0.3451
Epoch 7/222

 1/49 [..............................] - ETA: 3s - loss: 1.9009 - accuracy: 0.3203
 3/49 [>.............................] - ETA: 1s - loss: 1.8834 - accuracy: 0.3367
 5/49 [==>...........................] - ETA: 1s - loss: 1.8737 - accuracy: 0.3455
 7/49 [===>..........................] - ETA: 1s - loss: 1.8701 - accuracy: 0.3490
 9/49 [====>.........................] - ETA: 1s - loss: 1.8740 - accuracy: 0.3472
11/49 [=====>........................] - ETA: 1s - loss: 1.8681 - accuracy: 0.3486
13/49 [======>.......................] - ETA: 1s - loss: 1.8662 - accuracy: 0.3501
15/49 [========>.....................] - ETA: 1s - loss: 1.8594 - accuracy: 0.3522
17/49 [=========>....................] - ETA: 1s - loss: 1.8585 - accuracy: 0.3525
19/49 [==========>...................] - ETA: 1s - loss: 1.8568 - accuracy: 0.3526
21/49 [===========>..................] - ETA: 0s - loss: 1.8555 - accuracy: 0.3514
23/49 [=============>................] - ETA: 0s - loss: 1.8528 - accuracy: 0.3516
25/49 [==============>...............] - ETA: 0s - loss: 1.8545 - accuracy: 0.3508
27/49 [===============>..............] - ETA: 0s - loss: 1.8528 - accuracy: 0.3522
29/49 [================>.............] - ETA: 0s - loss: 1.8528 - accuracy: 0.3520
31/49 [=================>............] - ETA: 0s - loss: 1.8540 - accuracy: 0.3522
33/49 [===================>..........] - ETA: 0s - loss: 1.8528 - accuracy: 0.3526
35/49 [====================>.........] - ETA: 0s - loss: 1.8531 - accuracy: 0.3523
37/49 [=====================>........] - ETA: 0s - loss: 1.8542 - accuracy: 0.3517
39/49 [======================>.......] - ETA: 0s - loss: 1.8526 - accuracy: 0.3521
41/49 [========================>.....] - ETA: 0s - loss: 1.8549 - accuracy: 0.3513
43/49 [=========================>....] - ETA: 0s - loss: 1.8531 - accuracy: 0.3524
45/49 [==========================>...] - ETA: 0s - loss: 1.8531 - accuracy: 0.3526
47/49 [===========================>..] - ETA: 0s - loss: 1.8516 - accuracy: 0.3532
49/49 [==============================] - ETA: 0s - loss: 1.8533 - accuracy: 0.3530
49/49 [==============================] - 3s 52ms/step - loss: 1.8533 - accuracy: 0.3530 - val_loss: 1.9209 - val_accuracy: 0.3244
Epoch 8/222

 1/49 [..............................] - ETA: 2s - loss: 1.8613 - accuracy: 0.3232
 3/49 [>.............................] - ETA: 1s - loss: 1.8433 - accuracy: 0.3496
 5/49 [==>...........................] - ETA: 1s - loss: 1.8475 - accuracy: 0.3531
 7/49 [===>..........................] - ETA: 1s - loss: 1.8461 - accuracy: 0.3520
 9/49 [====>.........................] - ETA: 1s - loss: 1.8482 - accuracy: 0.3523
11/49 [=====>........................] - ETA: 1s - loss: 1.8487 - accuracy: 0.3519
13/49 [======>.......................] - ETA: 1s - loss: 1.8490 - accuracy: 0.3519
15/49 [========>.....................] - ETA: 1s - loss: 1.8448 - accuracy: 0.3540
17/49 [=========>....................] - ETA: 1s - loss: 1.8446 - accuracy: 0.3546
19/49 [==========>...................] - ETA: 1s - loss: 1.8435 - accuracy: 0.3559
21/49 [===========>..................] - ETA: 0s - loss: 1.8411 - accuracy: 0.3576
23/49 [=============>................] - ETA: 0s - loss: 1.8416 - accuracy: 0.3560
25/49 [==============>...............] - ETA: 0s - loss: 1.8454 - accuracy: 0.3532
27/49 [===============>..............] - ETA: 0s - loss: 1.8481 - accuracy: 0.3523
29/49 [================>.............] - ETA: 0s - loss: 1.8464 - accuracy: 0.3543
31/49 [=================>............] - ETA: 0s - loss: 1.8464 - accuracy: 0.3547
33/49 [===================>..........] - ETA: 0s - loss: 1.8475 - accuracy: 0.3552
35/49 [====================>.........] - ETA: 0s - loss: 1.8475 - accuracy: 0.3547
37/49 [=====================>........] - ETA: 0s - loss: 1.8469 - accuracy: 0.3553
39/49 [======================>.......] - ETA: 0s - loss: 1.8469 - accuracy: 0.3554
41/49 [========================>.....] - ETA: 0s - loss: 1.8466 - accuracy: 0.3551
43/49 [=========================>....] - ETA: 0s - loss: 1.8476 - accuracy: 0.3554
45/49 [==========================>...] - ETA: 0s - loss: 1.8479 - accuracy: 0.3551
47/49 [===========================>..] - ETA: 0s - loss: 1.8476 - accuracy: 0.3552
49/49 [==============================] - ETA: 0s - loss: 1.8471 - accuracy: 0.3550
49/49 [==============================] - 2s 49ms/step - loss: 1.8471 - accuracy: 0.3550 - val_loss: 1.8830 - val_accuracy: 0.3332
Epoch 9/222

 1/49 [..............................] - ETA: 3s - loss: 1.8702 - accuracy: 0.3379
 3/49 [>.............................] - ETA: 1s - loss: 1.8430 - accuracy: 0.3542
 5/49 [==>...........................] - ETA: 1s - loss: 1.8467 - accuracy: 0.3637
 7/49 [===>..........................] - ETA: 1s - loss: 1.8428 - accuracy: 0.3610
 9/49 [====>.........................] - ETA: 1s - loss: 1.8413 - accuracy: 0.3626
12/49 [======>.......................] - ETA: 1s - loss: 1.8450 - accuracy: 0.3596
15/49 [========>.....................] - ETA: 0s - loss: 1.8478 - accuracy: 0.3568
18/49 [==========>...................] - ETA: 0s - loss: 1.8510 - accuracy: 0.3549
20/49 [===========>..................] - ETA: 0s - loss: 1.8484 - accuracy: 0.3559
22/49 [============>.................] - ETA: 0s - loss: 1.8441 - accuracy: 0.3569
24/49 [=============>................] - ETA: 0s - loss: 1.8439 - accuracy: 0.3568
26/49 [==============>...............] - ETA: 0s - loss: 1.8457 - accuracy: 0.3559
28/49 [================>.............] - ETA: 0s - loss: 1.8456 - accuracy: 0.3556
30/49 [=================>............] - ETA: 0s - loss: 1.8437 - accuracy: 0.3564
32/49 [==================>...........] - ETA: 0s - loss: 1.8454 - accuracy: 0.3563
34/49 [===================>..........] - ETA: 0s - loss: 1.8447 - accuracy: 0.3568
36/49 [=====================>........] - ETA: 0s - loss: 1.8454 - accuracy: 0.3567
38/49 [======================>.......] - ETA: 0s - loss: 1.8454 - accuracy: 0.3563
40/49 [=======================>......] - ETA: 0s - loss: 1.8448 - accuracy: 0.3564
42/49 [========================>.....] - ETA: 0s - loss: 1.8449 - accuracy: 0.3567
44/49 [=========================>....] - ETA: 0s - loss: 1.8429 - accuracy: 0.3574
46/49 [===========================>..] - ETA: 0s - loss: 1.8404 - accuracy: 0.3579
48/49 [============================>.] - ETA: 0s - loss: 1.8414 - accuracy: 0.3580
49/49 [==============================] - 2s 51ms/step - loss: 1.8402 - accuracy: 0.3584 - val_loss: 1.8214 - val_accuracy: 0.3636
Epoch 10/222

 1/49 [..............................] - ETA: 2s - loss: 1.8243 - accuracy: 0.3740
 3/49 [>.............................] - ETA: 1s - loss: 1.8278 - accuracy: 0.3770
 5/49 [==>...........................] - ETA: 1s - loss: 1.8330 - accuracy: 0.3707
 7/49 [===>..........................] - ETA: 1s - loss: 1.8401 - accuracy: 0.3664
 9/49 [====>.........................] - ETA: 1s - loss: 1.8440 - accuracy: 0.3643
11/49 [=====>........................] - ETA: 1s - loss: 1.8439 - accuracy: 0.3650
13/49 [======>.......................] - ETA: 1s - loss: 1.8428 - accuracy: 0.3659
15/49 [========>.....................] - ETA: 1s - loss: 1.8451 - accuracy: 0.3637
17/49 [=========>....................] - ETA: 1s - loss: 1.8405 - accuracy: 0.3649
19/49 [==========>...................] - ETA: 1s - loss: 1.8440 - accuracy: 0.3643
21/49 [===========>..................] - ETA: 0s - loss: 1.8414 - accuracy: 0.3634
23/49 [=============>................] - ETA: 0s - loss: 1.8413 - accuracy: 0.3625
25/49 [==============>...............] - ETA: 0s - loss: 1.8407 - accuracy: 0.3619
27/49 [===============>..............] - ETA: 0s - loss: 1.8393 - accuracy: 0.3620
29/49 [================>.............] - ETA: 0s - loss: 1.8391 - accuracy: 0.3613
31/49 [=================>............] - ETA: 0s - loss: 1.8414 - accuracy: 0.3608
33/49 [===================>..........] - ETA: 0s - loss: 1.8406 - accuracy: 0.3616
35/49 [====================>.........] - ETA: 0s - loss: 1.8428 - accuracy: 0.3604
37/49 [=====================>........] - ETA: 0s - loss: 1.8442 - accuracy: 0.3602
39/49 [======================>.......] - ETA: 0s - loss: 1.8436 - accuracy: 0.3606
41/49 [========================>.....] - ETA: 0s - loss: 1.8442 - accuracy: 0.3596
43/49 [=========================>....] - ETA: 0s - loss: 1.8426 - accuracy: 0.3602
45/49 [==========================>...] - ETA: 0s - loss: 1.8414 - accuracy: 0.3599
47/49 [===========================>..] - ETA: 0s - loss: 1.8405 - accuracy: 0.3599
49/49 [==============================] - ETA: 0s - loss: 1.8392 - accuracy: 0.3601
49/49 [==============================] - 3s 53ms/step - loss: 1.8392 - accuracy: 0.3601 - val_loss: 1.8587 - val_accuracy: 0.3474
Epoch 11/222

 1/49 [..............................] - ETA: 3s - loss: 1.8302 - accuracy: 0.3428
 3/49 [>.............................] - ETA: 1s - loss: 1.8267 - accuracy: 0.3519
 5/49 [==>...........................] - ETA: 1s - loss: 1.8313 - accuracy: 0.3523
 7/49 [===>..........................] - ETA: 1s - loss: 1.8230 - accuracy: 0.3562
 9/49 [====>.........................] - ETA: 1s - loss: 1.8328 - accuracy: 0.3566
11/49 [=====>........................] - ETA: 1s - loss: 1.8340 - accuracy: 0.3593
13/49 [======>.......................] - ETA: 1s - loss: 1.8325 - accuracy: 0.3606
15/49 [========>.....................] - ETA: 1s - loss: 1.8335 - accuracy: 0.3602
17/49 [=========>....................] - ETA: 1s - loss: 1.8339 - accuracy: 0.3595
19/49 [==========>...................] - ETA: 1s - loss: 1.8314 - accuracy: 0.3620
21/49 [===========>..................] - ETA: 0s - loss: 1.8332 - accuracy: 0.3622
23/49 [=============>................] - ETA: 0s - loss: 1.8328 - accuracy: 0.3624
25/49 [==============>...............] - ETA: 0s - loss: 1.8347 - accuracy: 0.3627
27/49 [===============>..............] - ETA: 0s - loss: 1.8360 - accuracy: 0.3621
29/49 [================>.............] - ETA: 0s - loss: 1.8350 - accuracy: 0.3621
31/49 [=================>............] - ETA: 0s - loss: 1.8350 - accuracy: 0.3624
33/49 [===================>..........] - ETA: 0s - loss: 1.8341 - accuracy: 0.3623
35/49 [====================>.........] - ETA: 0s - loss: 1.8351 - accuracy: 0.3613
37/49 [=====================>........] - ETA: 0s - loss: 1.8346 - accuracy: 0.3609
39/49 [======================>.......] - ETA: 0s - loss: 1.8343 - accuracy: 0.3614
41/49 [========================>.....] - ETA: 0s - loss: 1.8345 - accuracy: 0.3612
43/49 [=========================>....] - ETA: 0s - loss: 1.8347 - accuracy: 0.3615
45/49 [==========================>...] - ETA: 0s - loss: 1.8344 - accuracy: 0.3614
47/49 [===========================>..] - ETA: 0s - loss: 1.8339 - accuracy: 0.3620
49/49 [==============================] - ETA: 0s - loss: 1.8326 - accuracy: 0.3619
49/49 [==============================] - 3s 52ms/step - loss: 1.8326 - accuracy: 0.3619 - val_loss: 1.8110 - val_accuracy: 0.3635
Epoch 12/222

 1/49 [..............................] - ETA: 2s - loss: 1.8247 - accuracy: 0.3584
 3/49 [>.............................] - ETA: 1s - loss: 1.8151 - accuracy: 0.3561
 5/49 [==>...........................] - ETA: 1s - loss: 1.8206 - accuracy: 0.3520
 7/49 [===>..........................] - ETA: 1s - loss: 1.8278 - accuracy: 0.3504
 9/49 [====>.........................] - ETA: 1s - loss: 1.8266 - accuracy: 0.3556
11/49 [=====>........................] - ETA: 1s - loss: 1.8226 - accuracy: 0.3585
13/49 [======>.......................] - ETA: 1s - loss: 1.8276 - accuracy: 0.3558
15/49 [========>.....................] - ETA: 1s - loss: 1.8272 - accuracy: 0.3587
17/49 [=========>....................] - ETA: 1s - loss: 1.8269 - accuracy: 0.3595
19/49 [==========>...................] - ETA: 1s - loss: 1.8279 - accuracy: 0.3585
21/49 [===========>..................] - ETA: 0s - loss: 1.8252 - accuracy: 0.3580
23/49 [=============>................] - ETA: 0s - loss: 1.8231 - accuracy: 0.3592
25/49 [==============>...............] - ETA: 0s - loss: 1.8277 - accuracy: 0.3584
27/49 [===============>..............] - ETA: 0s - loss: 1.8257 - accuracy: 0.3594
29/49 [================>.............] - ETA: 0s - loss: 1.8279 - accuracy: 0.3587
31/49 [=================>............] - ETA: 0s - loss: 1.8266 - accuracy: 0.3599
33/49 [===================>..........] - ETA: 0s - loss: 1.8269 - accuracy: 0.3612
35/49 [====================>.........] - ETA: 0s - loss: 1.8292 - accuracy: 0.3594
37/49 [=====================>........] - ETA: 0s - loss: 1.8285 - accuracy: 0.3604
39/49 [======================>.......] - ETA: 0s - loss: 1.8288 - accuracy: 0.3594
42/49 [========================>.....] - ETA: 0s - loss: 1.8262 - accuracy: 0.3605
44/49 [=========================>....] - ETA: 0s - loss: 1.8265 - accuracy: 0.3603
46/49 [===========================>..] - ETA: 0s - loss: 1.8254 - accuracy: 0.3609
48/49 [============================>.] - ETA: 0s - loss: 1.8255 - accuracy: 0.3613
49/49 [==============================] - 2s 50ms/step - loss: 1.8253 - accuracy: 0.3612 - val_loss: 1.8323 - val_accuracy: 0.3519
Epoch 13/222

 1/49 [..............................] - ETA: 2s - loss: 1.7849 - accuracy: 0.3809
 3/49 [>.............................] - ETA: 1s - loss: 1.8420 - accuracy: 0.3558
 5/49 [==>...........................] - ETA: 1s - loss: 1.8226 - accuracy: 0.3703
 7/49 [===>..........................] - ETA: 1s - loss: 1.8283 - accuracy: 0.3675
 9/49 [====>.........................] - ETA: 1s - loss: 1.8168 - accuracy: 0.3706
11/49 [=====>........................] - ETA: 1s - loss: 1.8177 - accuracy: 0.3712
13/49 [======>.......................] - ETA: 1s - loss: 1.8215 - accuracy: 0.3694
15/49 [========>.....................] - ETA: 1s - loss: 1.8180 - accuracy: 0.3703
18/49 [==========>...................] - ETA: 0s - loss: 1.8108 - accuracy: 0.3711
21/49 [===========>..................] - ETA: 0s - loss: 1.8079 - accuracy: 0.3718
23/49 [=============>................] - ETA: 0s - loss: 1.8078 - accuracy: 0.3718
26/49 [==============>...............] - ETA: 0s - loss: 1.8078 - accuracy: 0.3704
28/49 [================>.............] - ETA: 0s - loss: 1.8062 - accuracy: 0.3704
30/49 [=================>............] - ETA: 0s - loss: 1.8092 - accuracy: 0.3693
33/49 [===================>..........] - ETA: 0s - loss: 1.8127 - accuracy: 0.3674
35/49 [====================>.........] - ETA: 0s - loss: 1.8130 - accuracy: 0.3673
37/49 [=====================>........] - ETA: 0s - loss: 1.8129 - accuracy: 0.3672
39/49 [======================>.......] - ETA: 0s - loss: 1.8135 - accuracy: 0.3672
41/49 [========================>.....] - ETA: 0s - loss: 1.8153 - accuracy: 0.3672
43/49 [=========================>....] - ETA: 0s - loss: 1.8160 - accuracy: 0.3672
45/49 [==========================>...] - ETA: 0s - loss: 1.8158 - accuracy: 0.3670
47/49 [===========================>..] - ETA: 0s - loss: 1.8155 - accuracy: 0.3670
49/49 [==============================] - ETA: 0s - loss: 1.8159 - accuracy: 0.3674
49/49 [==============================] - 2s 50ms/step - loss: 1.8159 - accuracy: 0.3674 - val_loss: 1.8692 - val_accuracy: 0.3369
Epoch 14/222

 1/49 [..............................] - ETA: 3s - loss: 1.7806 - accuracy: 0.3936
 3/49 [>.............................] - ETA: 1s - loss: 1.8023 - accuracy: 0.3708
 5/49 [==>...........................] - ETA: 1s - loss: 1.8075 - accuracy: 0.3688
 7/49 [===>..........................] - ETA: 1s - loss: 1.8090 - accuracy: 0.3696
 9/49 [====>.........................] - ETA: 1s - loss: 1.8051 - accuracy: 0.3715
11/49 [=====>........................] - ETA: 1s - loss: 1.8061 - accuracy: 0.3689
13/49 [======>.......................] - ETA: 1s - loss: 1.8035 - accuracy: 0.3698
15/49 [========>.....................] - ETA: 1s - loss: 1.8043 - accuracy: 0.3702
17/49 [=========>....................] - ETA: 1s - loss: 1.8046 - accuracy: 0.3712
19/49 [==========>...................] - ETA: 1s - loss: 1.8045 - accuracy: 0.3701
21/49 [===========>..................] - ETA: 0s - loss: 1.8090 - accuracy: 0.3676
23/49 [=============>................] - ETA: 0s - loss: 1.8059 - accuracy: 0.3694
25/49 [==============>...............] - ETA: 0s - loss: 1.8070 - accuracy: 0.3693
27/49 [===============>..............] - ETA: 0s - loss: 1.8083 - accuracy: 0.3681
29/49 [================>.............] - ETA: 0s - loss: 1.8075 - accuracy: 0.3686
31/49 [=================>............] - ETA: 0s - loss: 1.8075 - accuracy: 0.3681
33/49 [===================>..........] - ETA: 0s - loss: 1.8100 - accuracy: 0.3679
35/49 [====================>.........] - ETA: 0s - loss: 1.8077 - accuracy: 0.3687
37/49 [=====================>........] - ETA: 0s - loss: 1.8100 - accuracy: 0.3685
39/49 [======================>.......] - ETA: 0s - loss: 1.8100 - accuracy: 0.3679
41/49 [========================>.....] - ETA: 0s - loss: 1.8101 - accuracy: 0.3686
43/49 [=========================>....] - ETA: 0s - loss: 1.8087 - accuracy: 0.3693
45/49 [==========================>...] - ETA: 0s - loss: 1.8072 - accuracy: 0.3692
47/49 [===========================>..] - ETA: 0s - loss: 1.8068 - accuracy: 0.3695
49/49 [==============================] - ETA: 0s - loss: 1.8075 - accuracy: 0.3692
49/49 [==============================] - 3s 53ms/step - loss: 1.8075 - accuracy: 0.3692 - val_loss: 1.8192 - val_accuracy: 0.3591
Epoch 15/222

 1/49 [..............................] - ETA: 2s - loss: 1.7790 - accuracy: 0.3779
 3/49 [>.............................] - ETA: 1s - loss: 1.7983 - accuracy: 0.3698
 5/49 [==>...........................] - ETA: 1s - loss: 1.7873 - accuracy: 0.3734
 7/49 [===>..........................] - ETA: 1s - loss: 1.7973 - accuracy: 0.3696
 9/49 [====>.........................] - ETA: 1s - loss: 1.8024 - accuracy: 0.3698
11/49 [=====>........................] - ETA: 1s - loss: 1.8015 - accuracy: 0.3690
13/49 [======>.......................] - ETA: 1s - loss: 1.8019 - accuracy: 0.3706
15/49 [========>.....................] - ETA: 1s - loss: 1.8004 - accuracy: 0.3701
17/49 [=========>....................] - ETA: 1s - loss: 1.7966 - accuracy: 0.3716
19/49 [==========>...................] - ETA: 1s - loss: 1.7958 - accuracy: 0.3731
21/49 [===========>..................] - ETA: 0s - loss: 1.7948 - accuracy: 0.3736
23/49 [=============>................] - ETA: 0s - loss: 1.7948 - accuracy: 0.3745
25/49 [==============>...............] - ETA: 0s - loss: 1.7911 - accuracy: 0.3759
27/49 [===============>..............] - ETA: 0s - loss: 1.7936 - accuracy: 0.3730
29/49 [================>.............] - ETA: 0s - loss: 1.7911 - accuracy: 0.3732
31/49 [=================>............] - ETA: 0s - loss: 1.7922 - accuracy: 0.3724
33/49 [===================>..........] - ETA: 0s - loss: 1.7918 - accuracy: 0.3724
35/49 [====================>.........] - ETA: 0s - loss: 1.7942 - accuracy: 0.3710
37/49 [=====================>........] - ETA: 0s - loss: 1.7926 - accuracy: 0.3718
39/49 [======================>.......] - ETA: 0s - loss: 1.7937 - accuracy: 0.3714
41/49 [========================>.....] - ETA: 0s - loss: 1.7932 - accuracy: 0.3714
43/49 [=========================>....] - ETA: 0s - loss: 1.7934 - accuracy: 0.3711
45/49 [==========================>...] - ETA: 0s - loss: 1.7936 - accuracy: 0.3711
47/49 [===========================>..] - ETA: 0s - loss: 1.7922 - accuracy: 0.3715
49/49 [==============================] - ETA: 0s - loss: 1.7912 - accuracy: 0.3717
49/49 [==============================] - 3s 53ms/step - loss: 1.7912 - accuracy: 0.3717 - val_loss: 2.0558 - val_accuracy: 0.2841
Epoch 16/222

 1/49 [..............................] - ETA: 3s - loss: 1.7389 - accuracy: 0.4062
 3/49 [>.............................] - ETA: 1s - loss: 1.7678 - accuracy: 0.3799
 5/49 [==>...........................] - ETA: 1s - loss: 1.7538 - accuracy: 0.3854
 7/49 [===>..........................] - ETA: 1s - loss: 1.7592 - accuracy: 0.3816
 9/49 [====>.........................] - ETA: 1s - loss: 1.7675 - accuracy: 0.3774
11/49 [=====>........................] - ETA: 1s - loss: 1.7688 - accuracy: 0.3800
13/49 [======>.......................] - ETA: 1s - loss: 1.7726 - accuracy: 0.3751
15/49 [========>.....................] - ETA: 1s - loss: 1.7727 - accuracy: 0.3752
17/49 [=========>....................] - ETA: 1s - loss: 1.7702 - accuracy: 0.3766
19/49 [==========>...................] - ETA: 1s - loss: 1.7701 - accuracy: 0.3758
21/49 [===========>..................] - ETA: 0s - loss: 1.7696 - accuracy: 0.3762
23/49 [=============>................] - ETA: 0s - loss: 1.7701 - accuracy: 0.3752
25/49 [==============>...............] - ETA: 0s - loss: 1.7708 - accuracy: 0.3759
27/49 [===============>..............] - ETA: 0s - loss: 1.7705 - accuracy: 0.3770
29/49 [================>.............] - ETA: 0s - loss: 1.7727 - accuracy: 0.3769
31/49 [=================>............] - ETA: 0s - loss: 1.7694 - accuracy: 0.3774
33/49 [===================>..........] - ETA: 0s - loss: 1.7672 - accuracy: 0.3778
35/49 [====================>.........] - ETA: 0s - loss: 1.7677 - accuracy: 0.3789
37/49 [=====================>........] - ETA: 0s - loss: 1.7661 - accuracy: 0.3793
39/49 [======================>.......] - ETA: 0s - loss: 1.7662 - accuracy: 0.3789
41/49 [========================>.....] - ETA: 0s - loss: 1.7655 - accuracy: 0.3792
43/49 [=========================>....] - ETA: 0s - loss: 1.7662 - accuracy: 0.3784
45/49 [==========================>...] - ETA: 0s - loss: 1.7660 - accuracy: 0.3791
47/49 [===========================>..] - ETA: 0s - loss: 1.7656 - accuracy: 0.3795
49/49 [==============================] - ETA: 0s - loss: 1.7653 - accuracy: 0.3791
49/49 [==============================] - 3s 53ms/step - loss: 1.7653 - accuracy: 0.3791 - val_loss: 1.9640 - val_accuracy: 0.3004
Epoch 17/222

 1/49 [..............................] - ETA: 2s - loss: 1.7672 - accuracy: 0.3711
 3/49 [>.............................] - ETA: 1s - loss: 1.7435 - accuracy: 0.3861
 5/49 [==>...........................] - ETA: 1s - loss: 1.7613 - accuracy: 0.3807
 8/49 [===>..........................] - ETA: 1s - loss: 1.7544 - accuracy: 0.3842
11/49 [=====>........................] - ETA: 1s - loss: 1.7542 - accuracy: 0.3835
14/49 [=======>......................] - ETA: 1s - loss: 1.7519 - accuracy: 0.3840
16/49 [========>.....................] - ETA: 0s - loss: 1.7531 - accuracy: 0.3831
19/49 [==========>...................] - ETA: 0s - loss: 1.7562 - accuracy: 0.3823
21/49 [===========>..................] - ETA: 0s - loss: 1.7551 - accuracy: 0.3831
24/49 [=============>................] - ETA: 0s - loss: 1.7514 - accuracy: 0.3836
27/49 [===============>..............] - ETA: 0s - loss: 1.7527 - accuracy: 0.3837
30/49 [=================>............] - ETA: 0s - loss: 1.7559 - accuracy: 0.3825
32/49 [==================>...........] - ETA: 0s - loss: 1.7565 - accuracy: 0.3831
35/49 [====================>.........] - ETA: 0s - loss: 1.7594 - accuracy: 0.3817
38/49 [======================>.......] - ETA: 0s - loss: 1.7613 - accuracy: 0.3811
41/49 [========================>.....] - ETA: 0s - loss: 1.7582 - accuracy: 0.3818
44/49 [=========================>....] - ETA: 0s - loss: 1.7597 - accuracy: 0.3816
47/49 [===========================>..] - ETA: 0s - loss: 1.7588 - accuracy: 0.3821
49/49 [==============================] - 2s 46ms/step - loss: 1.7578 - accuracy: 0.3822 - val_loss: 1.9051 - val_accuracy: 0.3195
Epoch 18/222

 1/49 [..............................] - ETA: 3s - loss: 1.7256 - accuracy: 0.4072
 3/49 [>.............................] - ETA: 1s - loss: 1.7175 - accuracy: 0.4075
 5/49 [==>...........................] - ETA: 1s - loss: 1.7242 - accuracy: 0.4007
 7/49 [===>..........................] - ETA: 1s - loss: 1.7229 - accuracy: 0.3962
 9/49 [====>.........................] - ETA: 1s - loss: 1.7358 - accuracy: 0.3928
11/49 [=====>........................] - ETA: 1s - loss: 1.7347 - accuracy: 0.3963
13/49 [======>.......................] - ETA: 1s - loss: 1.7380 - accuracy: 0.3963
15/49 [========>.....................] - ETA: 1s - loss: 1.7446 - accuracy: 0.3949
17/49 [=========>....................] - ETA: 1s - loss: 1.7476 - accuracy: 0.3941
19/49 [==========>...................] - ETA: 1s - loss: 1.7462 - accuracy: 0.3940
21/49 [===========>..................] - ETA: 0s - loss: 1.7472 - accuracy: 0.3934
23/49 [=============>................] - ETA: 0s - loss: 1.7464 - accuracy: 0.3934
25/49 [==============>...............] - ETA: 0s - loss: 1.7455 - accuracy: 0.3918
27/49 [===============>..............] - ETA: 0s - loss: 1.7471 - accuracy: 0.3915
29/49 [================>.............] - ETA: 0s - loss: 1.7491 - accuracy: 0.3914
31/49 [=================>............] - ETA: 0s - loss: 1.7490 - accuracy: 0.3921
33/49 [===================>..........] - ETA: 0s - loss: 1.7479 - accuracy: 0.3909
35/49 [====================>.........] - ETA: 0s - loss: 1.7454 - accuracy: 0.3914
37/49 [=====================>........] - ETA: 0s - loss: 1.7451 - accuracy: 0.3917
39/49 [======================>.......] - ETA: 0s - loss: 1.7458 - accuracy: 0.3913
41/49 [========================>.....] - ETA: 0s - loss: 1.7447 - accuracy: 0.3902
43/49 [=========================>....] - ETA: 0s - loss: 1.7447 - accuracy: 0.3909
45/49 [==========================>...] - ETA: 0s - loss: 1.7448 - accuracy: 0.3902
47/49 [===========================>..] - ETA: 0s - loss: 1.7439 - accuracy: 0.3905
49/49 [==============================] - ETA: 0s - loss: 1.7435 - accuracy: 0.3907
49/49 [==============================] - 3s 53ms/step - loss: 1.7435 - accuracy: 0.3907 - val_loss: 1.8105 - val_accuracy: 0.3554
Epoch 19/222

 1/49 [..............................] - ETA: 2s - loss: 1.6680 - accuracy: 0.4316
 3/49 [>.............................] - ETA: 1s - loss: 1.6985 - accuracy: 0.4173
 5/49 [==>...........................] - ETA: 1s - loss: 1.6858 - accuracy: 0.4242
 7/49 [===>..........................] - ETA: 1s - loss: 1.6849 - accuracy: 0.4177
 9/49 [====>.........................] - ETA: 1s - loss: 1.6879 - accuracy: 0.4157
11/49 [=====>........................] - ETA: 1s - loss: 1.6887 - accuracy: 0.4150
13/49 [======>.......................] - ETA: 1s - loss: 1.6920 - accuracy: 0.4132
15/49 [========>.....................] - ETA: 1s - loss: 1.6964 - accuracy: 0.4100
17/49 [=========>....................] - ETA: 1s - loss: 1.6919 - accuracy: 0.4108
19/49 [==========>...................] - ETA: 1s - loss: 1.6937 - accuracy: 0.4105
21/49 [===========>..................] - ETA: 0s - loss: 1.6976 - accuracy: 0.4093
23/49 [=============>................] - ETA: 0s - loss: 1.6997 - accuracy: 0.4086
25/49 [==============>...............] - ETA: 0s - loss: 1.6994 - accuracy: 0.4077
27/49 [===============>..............] - ETA: 0s - loss: 1.7014 - accuracy: 0.4068
29/49 [================>.............] - ETA: 0s - loss: 1.7015 - accuracy: 0.4073
31/49 [=================>............] - ETA: 0s - loss: 1.7038 - accuracy: 0.4068
33/49 [===================>..........] - ETA: 0s - loss: 1.7050 - accuracy: 0.4058
35/49 [====================>.........] - ETA: 0s - loss: 1.7073 - accuracy: 0.4052
37/49 [=====================>........] - ETA: 0s - loss: 1.7076 - accuracy: 0.4051
39/49 [======================>.......] - ETA: 0s - loss: 1.7089 - accuracy: 0.4046
41/49 [========================>.....] - ETA: 0s - loss: 1.7071 - accuracy: 0.4060
43/49 [=========================>....] - ETA: 0s - loss: 1.7067 - accuracy: 0.4069
45/49 [==========================>...] - ETA: 0s - loss: 1.7060 - accuracy: 0.4076
48/49 [============================>.] - ETA: 0s - loss: 1.7038 - accuracy: 0.4082
49/49 [==============================] - 3s 52ms/step - loss: 1.7027 - accuracy: 0.4089 - val_loss: 2.4035 - val_accuracy: 0.2229
Epoch 20/222

 1/49 [..............................] - ETA: 2s - loss: 1.6620 - accuracy: 0.4209
 3/49 [>.............................] - ETA: 1s - loss: 1.6494 - accuracy: 0.4307
 5/49 [==>...........................] - ETA: 1s - loss: 1.6407 - accuracy: 0.4299
 7/49 [===>..........................] - ETA: 1s - loss: 1.6534 - accuracy: 0.4270
 9/49 [====>.........................] - ETA: 1s - loss: 1.6508 - accuracy: 0.4248
11/49 [=====>........................] - ETA: 1s - loss: 1.6567 - accuracy: 0.4230
13/49 [======>.......................] - ETA: 1s - loss: 1.6626 - accuracy: 0.4206
15/49 [========>.....................] - ETA: 1s - loss: 1.6649 - accuracy: 0.4201
17/49 [=========>....................] - ETA: 1s - loss: 1.6667 - accuracy: 0.4197
19/49 [==========>...................] - ETA: 1s - loss: 1.6645 - accuracy: 0.4216
21/49 [===========>..................] - ETA: 0s - loss: 1.6633 - accuracy: 0.4228
23/49 [=============>................] - ETA: 0s - loss: 1.6650 - accuracy: 0.4214
25/49 [==============>...............] - ETA: 0s - loss: 1.6679 - accuracy: 0.4193
27/49 [===============>..............] - ETA: 0s - loss: 1.6708 - accuracy: 0.4182
29/49 [================>.............] - ETA: 0s - loss: 1.6660 - accuracy: 0.4205
31/49 [=================>............] - ETA: 0s - loss: 1.6657 - accuracy: 0.4205
33/49 [===================>..........] - ETA: 0s - loss: 1.6659 - accuracy: 0.4200
35/49 [====================>.........] - ETA: 0s - loss: 1.6634 - accuracy: 0.4210
37/49 [=====================>........] - ETA: 0s - loss: 1.6632 - accuracy: 0.4215
39/49 [======================>.......] - ETA: 0s - loss: 1.6625 - accuracy: 0.4215
41/49 [========================>.....] - ETA: 0s - loss: 1.6625 - accuracy: 0.4220
43/49 [=========================>....] - ETA: 0s - loss: 1.6614 - accuracy: 0.4226
45/49 [==========================>...] - ETA: 0s - loss: 1.6603 - accuracy: 0.4231
47/49 [===========================>..] - ETA: 0s - loss: 1.6599 - accuracy: 0.4229
49/49 [==============================] - ETA: 0s - loss: 1.6617 - accuracy: 0.4222
49/49 [==============================] - 3s 53ms/step - loss: 1.6617 - accuracy: 0.4222 - val_loss: 2.4877 - val_accuracy: 0.1709
Epoch 21/222

 1/49 [..............................] - ETA: 2s - loss: 1.6100 - accuracy: 0.4209
 3/49 [>.............................] - ETA: 1s - loss: 1.6158 - accuracy: 0.4290
 5/49 [==>...........................] - ETA: 1s - loss: 1.6331 - accuracy: 0.4309
 7/49 [===>..........................] - ETA: 1s - loss: 1.6267 - accuracy: 0.4355
 9/49 [====>.........................] - ETA: 1s - loss: 1.6170 - accuracy: 0.4395
11/49 [=====>........................] - ETA: 1s - loss: 1.6144 - accuracy: 0.4389
13/49 [======>.......................] - ETA: 1s - loss: 1.6210 - accuracy: 0.4345
15/49 [========>.....................] - ETA: 1s - loss: 1.6267 - accuracy: 0.4320
17/49 [=========>....................] - ETA: 1s - loss: 1.6251 - accuracy: 0.4327
19/49 [==========>...................] - ETA: 1s - loss: 1.6286 - accuracy: 0.4324
21/49 [===========>..................] - ETA: 0s - loss: 1.6294 - accuracy: 0.4321
23/49 [=============>................] - ETA: 0s - loss: 1.6328 - accuracy: 0.4314
25/49 [==============>...............] - ETA: 0s - loss: 1.6299 - accuracy: 0.4321
27/49 [===============>..............] - ETA: 0s - loss: 1.6283 - accuracy: 0.4331
29/49 [================>.............] - ETA: 0s - loss: 1.6267 - accuracy: 0.4336
32/49 [==================>...........] - ETA: 0s - loss: 1.6237 - accuracy: 0.4348
35/49 [====================>.........] - ETA: 0s - loss: 1.6221 - accuracy: 0.4348
38/49 [======================>.......] - ETA: 0s - loss: 1.6213 - accuracy: 0.4352
41/49 [========================>.....] - ETA: 0s - loss: 1.6228 - accuracy: 0.4345
44/49 [=========================>....] - ETA: 0s - loss: 1.6240 - accuracy: 0.4342
46/49 [===========================>..] - ETA: 0s - loss: 1.6234 - accuracy: 0.4347
49/49 [==============================] - ETA: 0s - loss: 1.6249 - accuracy: 0.4345
49/49 [==============================] - 2s 46ms/step - loss: 1.6249 - accuracy: 0.4345 - val_loss: 2.1471 - val_accuracy: 0.2497
Epoch 22/222

 1/49 [..............................] - ETA: 2s - loss: 1.5539 - accuracy: 0.4648
 3/49 [>.............................] - ETA: 1s - loss: 1.5673 - accuracy: 0.4518
 5/49 [==>...........................] - ETA: 1s - loss: 1.5688 - accuracy: 0.4586
 7/49 [===>..........................] - ETA: 1s - loss: 1.5708 - accuracy: 0.4561
 9/49 [====>.........................] - ETA: 1s - loss: 1.5768 - accuracy: 0.4565
11/49 [=====>........................] - ETA: 1s - loss: 1.5795 - accuracy: 0.4541
13/49 [======>.......................] - ETA: 1s - loss: 1.5806 - accuracy: 0.4549
15/49 [========>.....................] - ETA: 1s - loss: 1.5867 - accuracy: 0.4514
17/49 [=========>....................] - ETA: 1s - loss: 1.5916 - accuracy: 0.4505
19/49 [==========>...................] - ETA: 1s - loss: 1.5962 - accuracy: 0.4495
21/49 [===========>..................] - ETA: 0s - loss: 1.5976 - accuracy: 0.4487
23/49 [=============>................] - ETA: 0s - loss: 1.5975 - accuracy: 0.4478
25/49 [==============>...............] - ETA: 0s - loss: 1.6012 - accuracy: 0.4454
27/49 [===============>..............] - ETA: 0s - loss: 1.6033 - accuracy: 0.4455
29/49 [================>.............] - ETA: 0s - loss: 1.6046 - accuracy: 0.4438
31/49 [=================>............] - ETA: 0s - loss: 1.6081 - accuracy: 0.4429
33/49 [===================>..........] - ETA: 0s - loss: 1.6093 - accuracy: 0.4426
35/49 [====================>.........] - ETA: 0s - loss: 1.6104 - accuracy: 0.4425
37/49 [=====================>........] - ETA: 0s - loss: 1.6083 - accuracy: 0.4436
39/49 [======================>.......] - ETA: 0s - loss: 1.6111 - accuracy: 0.4423
41/49 [========================>.....] - ETA: 0s - loss: 1.6111 - accuracy: 0.4416
43/49 [=========================>....] - ETA: 0s - loss: 1.6138 - accuracy: 0.4406
45/49 [==========================>...] - ETA: 0s - loss: 1.6162 - accuracy: 0.4389
47/49 [===========================>..] - ETA: 0s - loss: 1.6160 - accuracy: 0.4391
49/49 [==============================] - ETA: 0s - loss: 1.6148 - accuracy: 0.4391
49/49 [==============================] - 3s 52ms/step - loss: 1.6148 - accuracy: 0.4391 - val_loss: 1.9080 - val_accuracy: 0.3509
Epoch 23/222

 1/49 [..............................] - ETA: 3s - loss: 1.6789 - accuracy: 0.4219
 3/49 [>.............................] - ETA: 1s - loss: 1.6103 - accuracy: 0.4398
 5/49 [==>...........................] - ETA: 1s - loss: 1.6138 - accuracy: 0.4412
 7/49 [===>..........................] - ETA: 1s - loss: 1.6190 - accuracy: 0.4424
 9/49 [====>.........................] - ETA: 1s - loss: 1.6210 - accuracy: 0.4387
11/49 [=====>........................] - ETA: 1s - loss: 1.6205 - accuracy: 0.4403
13/49 [======>.......................] - ETA: 1s - loss: 1.6229 - accuracy: 0.4401
15/49 [========>.....................] - ETA: 1s - loss: 1.6231 - accuracy: 0.4417
17/49 [=========>....................] - ETA: 1s - loss: 1.6177 - accuracy: 0.4437
19/49 [==========>...................] - ETA: 1s - loss: 1.6174 - accuracy: 0.4427
21/49 [===========>..................] - ETA: 0s - loss: 1.6181 - accuracy: 0.4410
23/49 [=============>................] - ETA: 0s - loss: 1.6177 - accuracy: 0.4402
25/49 [==============>...............] - ETA: 0s - loss: 1.6192 - accuracy: 0.4386
27/49 [===============>..............] - ETA: 0s - loss: 1.6159 - accuracy: 0.4385
29/49 [================>.............] - ETA: 0s - loss: 1.6151 - accuracy: 0.4379
31/49 [=================>............] - ETA: 0s - loss: 1.6146 - accuracy: 0.4389
33/49 [===================>..........] - ETA: 0s - loss: 1.6127 - accuracy: 0.4398
35/49 [====================>.........] - ETA: 0s - loss: 1.6131 - accuracy: 0.4403
37/49 [=====================>........] - ETA: 0s - loss: 1.6126 - accuracy: 0.4405
39/49 [======================>.......] - ETA: 0s - loss: 1.6119 - accuracy: 0.4408
41/49 [========================>.....] - ETA: 0s - loss: 1.6096 - accuracy: 0.4419
43/49 [=========================>....] - ETA: 0s - loss: 1.6086 - accuracy: 0.4419
45/49 [==========================>...] - ETA: 0s - loss: 1.6052 - accuracy: 0.4431
47/49 [===========================>..] - ETA: 0s - loss: 1.6036 - accuracy: 0.4434
49/49 [==============================] - ETA: 0s - loss: 1.6021 - accuracy: 0.4439
49/49 [==============================] - 3s 52ms/step - loss: 1.6021 - accuracy: 0.4439 - val_loss: 1.7606 - val_accuracy: 0.3945
Epoch 24/222

 1/49 [..............................] - ETA: 2s - loss: 1.5783 - accuracy: 0.4287
 3/49 [>.............................] - ETA: 1s - loss: 1.5796 - accuracy: 0.4502
 5/49 [==>...........................] - ETA: 1s - loss: 1.5758 - accuracy: 0.4465
 7/49 [===>..........................] - ETA: 1s - loss: 1.5828 - accuracy: 0.4463
 9/49 [====>.........................] - ETA: 1s - loss: 1.5781 - accuracy: 0.4470
11/49 [=====>........................] - ETA: 1s - loss: 1.5837 - accuracy: 0.4470
13/49 [======>.......................] - ETA: 1s - loss: 1.5860 - accuracy: 0.4458
15/49 [========>.....................] - ETA: 1s - loss: 1.5908 - accuracy: 0.4461
17/49 [=========>....................] - ETA: 1s - loss: 1.5915 - accuracy: 0.4480
19/49 [==========>...................] - ETA: 1s - loss: 1.5910 - accuracy: 0.4470
21/49 [===========>..................] - ETA: 0s - loss: 1.5878 - accuracy: 0.4464
23/49 [=============>................] - ETA: 0s - loss: 1.5901 - accuracy: 0.4448
25/49 [==============>...............] - ETA: 0s - loss: 1.5906 - accuracy: 0.4443
27/49 [===============>..............] - ETA: 0s - loss: 1.5928 - accuracy: 0.4432
29/49 [================>.............] - ETA: 0s - loss: 1.5922 - accuracy: 0.4430
31/49 [=================>............] - ETA: 0s - loss: 1.5936 - accuracy: 0.4429
33/49 [===================>..........] - ETA: 0s - loss: 1.5951 - accuracy: 0.4429
35/49 [====================>.........] - ETA: 0s - loss: 1.5964 - accuracy: 0.4419
37/49 [=====================>........] - ETA: 0s - loss: 1.5953 - accuracy: 0.4426
39/49 [======================>.......] - ETA: 0s - loss: 1.5959 - accuracy: 0.4428
41/49 [========================>.....] - ETA: 0s - loss: 1.5925 - accuracy: 0.4439
43/49 [=========================>....] - ETA: 0s - loss: 1.5908 - accuracy: 0.4447
45/49 [==========================>...] - ETA: 0s - loss: 1.5914 - accuracy: 0.4449
47/49 [===========================>..] - ETA: 0s - loss: 1.5909 - accuracy: 0.4452
49/49 [==============================] - ETA: 0s - loss: 1.5909 - accuracy: 0.4450
49/49 [==============================] - 3s 52ms/step - loss: 1.5909 - accuracy: 0.4450 - val_loss: 1.8358 - val_accuracy: 0.3730
Epoch 25/222

 1/49 [..............................] - ETA: 2s - loss: 1.5601 - accuracy: 0.4717
 3/49 [>.............................] - ETA: 1s - loss: 1.5715 - accuracy: 0.4548
 5/49 [==>...........................] - ETA: 1s - loss: 1.5611 - accuracy: 0.4594
 7/49 [===>..........................] - ETA: 1s - loss: 1.5437 - accuracy: 0.4668
 9/49 [====>.........................] - ETA: 1s - loss: 1.5444 - accuracy: 0.4666
11/49 [=====>........................] - ETA: 1s - loss: 1.5375 - accuracy: 0.4669
13/49 [======>.......................] - ETA: 1s - loss: 1.5429 - accuracy: 0.4656
15/49 [========>.....................] - ETA: 1s - loss: 1.5424 - accuracy: 0.4658
17/49 [=========>....................] - ETA: 1s - loss: 1.5490 - accuracy: 0.4625
19/49 [==========>...................] - ETA: 1s - loss: 1.5565 - accuracy: 0.4595
21/49 [===========>..................] - ETA: 0s - loss: 1.5575 - accuracy: 0.4592
23/49 [=============>................] - ETA: 0s - loss: 1.5602 - accuracy: 0.4573
25/49 [==============>...............] - ETA: 0s - loss: 1.5613 - accuracy: 0.4567
27/49 [===============>..............] - ETA: 0s - loss: 1.5607 - accuracy: 0.4567
29/49 [================>.............] - ETA: 0s - loss: 1.5579 - accuracy: 0.4579
31/49 [=================>............] - ETA: 0s - loss: 1.5555 - accuracy: 0.4579
33/49 [===================>..........] - ETA: 0s - loss: 1.5534 - accuracy: 0.4586
35/49 [====================>.........] - ETA: 0s - loss: 1.5511 - accuracy: 0.4593
37/49 [=====================>........] - ETA: 0s - loss: 1.5527 - accuracy: 0.4583
39/49 [======================>.......] - ETA: 0s - loss: 1.5524 - accuracy: 0.4579
41/49 [========================>.....] - ETA: 0s - loss: 1.5538 - accuracy: 0.4575
42/49 [========================>.....] - ETA: 0s - loss: 1.5537 - accuracy: 0.4579
44/49 [=========================>....] - ETA: 0s - loss: 1.5522 - accuracy: 0.4585
47/49 [===========================>..] - ETA: 0s - loss: 1.5527 - accuracy: 0.4583
49/49 [==============================] - 2s 47ms/step - loss: 1.5541 - accuracy: 0.4572 - val_loss: 1.7973 - val_accuracy: 0.3805
Epoch 26/222

 1/49 [..............................] - ETA: 2s - loss: 1.5039 - accuracy: 0.4521
 3/49 [>.............................] - ETA: 1s - loss: 1.4945 - accuracy: 0.4779
 5/49 [==>...........................] - ETA: 1s - loss: 1.5113 - accuracy: 0.4729
 7/49 [===>..........................] - ETA: 1s - loss: 1.5117 - accuracy: 0.4722
 9/49 [====>.........................] - ETA: 1s - loss: 1.5177 - accuracy: 0.4710
11/49 [=====>........................] - ETA: 1s - loss: 1.5186 - accuracy: 0.4694
13/49 [======>.......................] - ETA: 1s - loss: 1.5225 - accuracy: 0.4701
15/49 [========>.....................] - ETA: 1s - loss: 1.5274 - accuracy: 0.4700
17/49 [=========>....................] - ETA: 1s - loss: 1.5255 - accuracy: 0.4715
19/49 [==========>...................] - ETA: 1s - loss: 1.5274 - accuracy: 0.4707
21/49 [===========>..................] - ETA: 0s - loss: 1.5263 - accuracy: 0.4705
23/49 [=============>................] - ETA: 0s - loss: 1.5268 - accuracy: 0.4691
25/49 [==============>...............] - ETA: 0s - loss: 1.5273 - accuracy: 0.4692
27/49 [===============>..............] - ETA: 0s - loss: 1.5257 - accuracy: 0.4696
29/49 [================>.............] - ETA: 0s - loss: 1.5252 - accuracy: 0.4689
31/49 [=================>............] - ETA: 0s - loss: 1.5275 - accuracy: 0.4677
33/49 [===================>..........] - ETA: 0s - loss: 1.5292 - accuracy: 0.4668
35/49 [====================>.........] - ETA: 0s - loss: 1.5303 - accuracy: 0.4659
37/49 [=====================>........] - ETA: 0s - loss: 1.5320 - accuracy: 0.4645
39/49 [======================>.......] - ETA: 0s - loss: 1.5311 - accuracy: 0.4650
41/49 [========================>.....] - ETA: 0s - loss: 1.5321 - accuracy: 0.4641
43/49 [=========================>....] - ETA: 0s - loss: 1.5313 - accuracy: 0.4640
45/49 [==========================>...] - ETA: 0s - loss: 1.5345 - accuracy: 0.4626
48/49 [============================>.] - ETA: 0s - loss: 1.5382 - accuracy: 0.4607
49/49 [==============================] - 3s 53ms/step - loss: 1.5370 - accuracy: 0.4611 - val_loss: 1.7094 - val_accuracy: 0.4206
Epoch 27/222

 1/49 [..............................] - ETA: 2s - loss: 1.6296 - accuracy: 0.4316
 3/49 [>.............................] - ETA: 1s - loss: 1.5510 - accuracy: 0.4624
 5/49 [==>...........................] - ETA: 1s - loss: 1.5439 - accuracy: 0.4628
 7/49 [===>..........................] - ETA: 1s - loss: 1.5313 - accuracy: 0.4687
 9/49 [====>.........................] - ETA: 1s - loss: 1.5169 - accuracy: 0.4699
11/49 [=====>........................] - ETA: 1s - loss: 1.5214 - accuracy: 0.4669
13/49 [======>.......................] - ETA: 1s - loss: 1.5163 - accuracy: 0.4683
15/49 [========>.....................] - ETA: 1s - loss: 1.5138 - accuracy: 0.4667
17/49 [=========>....................] - ETA: 1s - loss: 1.5136 - accuracy: 0.4677
19/49 [==========>...................] - ETA: 1s - loss: 1.5135 - accuracy: 0.4675
21/49 [===========>..................] - ETA: 0s - loss: 1.5149 - accuracy: 0.4683
23/49 [=============>................] - ETA: 0s - loss: 1.5156 - accuracy: 0.4680
25/49 [==============>...............] - ETA: 0s - loss: 1.5158 - accuracy: 0.4694
27/49 [===============>..............] - ETA: 0s - loss: 1.5122 - accuracy: 0.4717
29/49 [================>.............] - ETA: 0s - loss: 1.5135 - accuracy: 0.4711
31/49 [=================>............] - ETA: 0s - loss: 1.5106 - accuracy: 0.4719
33/49 [===================>..........] - ETA: 0s - loss: 1.5099 - accuracy: 0.4724
35/49 [====================>.........] - ETA: 0s - loss: 1.5095 - accuracy: 0.4723
37/49 [=====================>........] - ETA: 0s - loss: 1.5092 - accuracy: 0.4723
39/49 [======================>.......] - ETA: 0s - loss: 1.5094 - accuracy: 0.4716
41/49 [========================>.....] - ETA: 0s - loss: 1.5113 - accuracy: 0.4708
43/49 [=========================>....] - ETA: 0s - loss: 1.5093 - accuracy: 0.4717
45/49 [==========================>...] - ETA: 0s - loss: 1.5085 - accuracy: 0.4722
47/49 [===========================>..] - ETA: 0s - loss: 1.5076 - accuracy: 0.4733
49/49 [==============================] - ETA: 0s - loss: 1.5103 - accuracy: 0.4724
49/49 [==============================] - 3s 52ms/step - loss: 1.5103 - accuracy: 0.4724 - val_loss: 1.6700 - val_accuracy: 0.4302
Epoch 28/222

 1/49 [..............................] - ETA: 3s - loss: 1.4873 - accuracy: 0.4658
 3/49 [>.............................] - ETA: 1s - loss: 1.5004 - accuracy: 0.4805
 5/49 [==>...........................] - ETA: 1s - loss: 1.4972 - accuracy: 0.4787
 7/49 [===>..........................] - ETA: 1s - loss: 1.5076 - accuracy: 0.4768
 9/49 [====>.........................] - ETA: 1s - loss: 1.5112 - accuracy: 0.4756
11/49 [=====>........................] - ETA: 1s - loss: 1.5235 - accuracy: 0.4715
13/49 [======>.......................] - ETA: 1s - loss: 1.5340 - accuracy: 0.4709
15/49 [========>.....................] - ETA: 1s - loss: 1.5380 - accuracy: 0.4693
17/49 [=========>....................] - ETA: 1s - loss: 1.5321 - accuracy: 0.4698
19/49 [==========>...................] - ETA: 1s - loss: 1.5291 - accuracy: 0.4703
21/49 [===========>..................] - ETA: 0s - loss: 1.5253 - accuracy: 0.4705
23/49 [=============>................] - ETA: 0s - loss: 1.5229 - accuracy: 0.4710
25/49 [==============>...............] - ETA: 0s - loss: 1.5186 - accuracy: 0.4725
27/49 [===============>..............] - ETA: 0s - loss: 1.5161 - accuracy: 0.4723
29/49 [================>.............] - ETA: 0s - loss: 1.5134 - accuracy: 0.4727
31/49 [=================>............] - ETA: 0s - loss: 1.5128 - accuracy: 0.4721
33/49 [===================>..........] - ETA: 0s - loss: 1.5097 - accuracy: 0.4734
35/49 [====================>.........] - ETA: 0s - loss: 1.5107 - accuracy: 0.4725
36/49 [=====================>........] - ETA: 0s - loss: 1.5109 - accuracy: 0.4722
38/49 [======================>.......] - ETA: 0s - loss: 1.5096 - accuracy: 0.4729
40/49 [=======================>......] - ETA: 0s - loss: 1.5101 - accuracy: 0.4728
42/49 [========================>.....] - ETA: 0s - loss: 1.5083 - accuracy: 0.4729
44/49 [=========================>....] - ETA: 0s - loss: 1.5082 - accuracy: 0.4727
46/49 [===========================>..] - ETA: 0s - loss: 1.5063 - accuracy: 0.4734
48/49 [============================>.] - ETA: 0s - loss: 1.5052 - accuracy: 0.4734
49/49 [==============================] - 3s 53ms/step - loss: 1.5050 - accuracy: 0.4738 - val_loss: 1.9027 - val_accuracy: 0.3562
Epoch 29/222

 1/49 [..............................] - ETA: 2s - loss: 1.4833 - accuracy: 0.4893
 3/49 [>.............................] - ETA: 1s - loss: 1.4701 - accuracy: 0.4850
 5/49 [==>...........................] - ETA: 1s - loss: 1.4742 - accuracy: 0.4848
 7/49 [===>..........................] - ETA: 1s - loss: 1.4685 - accuracy: 0.4874
 9/49 [====>.........................] - ETA: 1s - loss: 1.4687 - accuracy: 0.4858
11/49 [=====>........................] - ETA: 1s - loss: 1.4656 - accuracy: 0.4878
13/49 [======>.......................] - ETA: 1s - loss: 1.4663 - accuracy: 0.4870
15/49 [========>.....................] - ETA: 1s - loss: 1.4702 - accuracy: 0.4848
17/49 [=========>....................] - ETA: 1s - loss: 1.4748 - accuracy: 0.4829
19/49 [==========>...................] - ETA: 1s - loss: 1.4757 - accuracy: 0.4819
21/49 [===========>..................] - ETA: 0s - loss: 1.4754 - accuracy: 0.4816
23/49 [=============>................] - ETA: 0s - loss: 1.4834 - accuracy: 0.4800
25/49 [==============>...............] - ETA: 0s - loss: 1.4827 - accuracy: 0.4793
27/49 [===============>..............] - ETA: 0s - loss: 1.4796 - accuracy: 0.4798
29/49 [================>.............] - ETA: 0s - loss: 1.4777 - accuracy: 0.4804
31/49 [=================>............] - ETA: 0s - loss: 1.4761 - accuracy: 0.4812
33/49 [===================>..........] - ETA: 0s - loss: 1.4773 - accuracy: 0.4813
35/49 [====================>.........] - ETA: 0s - loss: 1.4761 - accuracy: 0.4815
37/49 [=====================>........] - ETA: 0s - loss: 1.4762 - accuracy: 0.4815
39/49 [======================>.......] - ETA: 0s - loss: 1.4752 - accuracy: 0.4813
41/49 [========================>.....] - ETA: 0s - loss: 1.4771 - accuracy: 0.4806
43/49 [=========================>....] - ETA: 0s - loss: 1.4792 - accuracy: 0.4793
45/49 [==========================>...] - ETA: 0s - loss: 1.4803 - accuracy: 0.4792
47/49 [===========================>..] - ETA: 0s - loss: 1.4813 - accuracy: 0.4797
49/49 [==============================] - ETA: 0s - loss: 1.4824 - accuracy: 0.4798
49/49 [==============================] - 2s 50ms/step - loss: 1.4824 - accuracy: 0.4798 - val_loss: 1.6137 - val_accuracy: 0.4484
Epoch 30/222

 1/49 [..............................] - ETA: 2s - loss: 1.5228 - accuracy: 0.4658
 3/49 [>.............................] - ETA: 1s - loss: 1.5171 - accuracy: 0.4717
 5/49 [==>...........................] - ETA: 1s - loss: 1.5134 - accuracy: 0.4711
 7/49 [===>..........................] - ETA: 1s - loss: 1.4933 - accuracy: 0.4760
 9/49 [====>.........................] - ETA: 1s - loss: 1.4963 - accuracy: 0.4762
11/49 [=====>........................] - ETA: 1s - loss: 1.4920 - accuracy: 0.4749
14/49 [=======>......................] - ETA: 1s - loss: 1.4812 - accuracy: 0.4775
17/49 [=========>....................] - ETA: 0s - loss: 1.4773 - accuracy: 0.4810
19/49 [==========>...................] - ETA: 0s - loss: 1.4788 - accuracy: 0.4788
22/49 [============>.................] - ETA: 0s - loss: 1.4778 - accuracy: 0.4796
24/49 [=============>................] - ETA: 0s - loss: 1.4772 - accuracy: 0.4796
26/49 [==============>...............] - ETA: 0s - loss: 1.4782 - accuracy: 0.4795
28/49 [================>.............] - ETA: 0s - loss: 1.4775 - accuracy: 0.4791
30/49 [=================>............] - ETA: 0s - loss: 1.4803 - accuracy: 0.4775
32/49 [==================>...........] - ETA: 0s - loss: 1.4811 - accuracy: 0.4778
34/49 [===================>..........] - ETA: 0s - loss: 1.4817 - accuracy: 0.4774
36/49 [=====================>........] - ETA: 0s - loss: 1.4842 - accuracy: 0.4769
38/49 [======================>.......] - ETA: 0s - loss: 1.4857 - accuracy: 0.4765
40/49 [=======================>......] - ETA: 0s - loss: 1.4858 - accuracy: 0.4765
42/49 [========================>.....] - ETA: 0s - loss: 1.4862 - accuracy: 0.4766
44/49 [=========================>....] - ETA: 0s - loss: 1.4841 - accuracy: 0.4768
46/49 [===========================>..] - ETA: 0s - loss: 1.4855 - accuracy: 0.4768
48/49 [============================>.] - ETA: 0s - loss: 1.4842 - accuracy: 0.4773
49/49 [==============================] - 3s 51ms/step - loss: 1.4842 - accuracy: 0.4772 - val_loss: 1.5121 - val_accuracy: 0.4759
Epoch 31/222

 1/49 [..............................] - ETA: 3s - loss: 1.4813 - accuracy: 0.4873
 3/49 [>.............................] - ETA: 1s - loss: 1.4757 - accuracy: 0.4818
 5/49 [==>...........................] - ETA: 1s - loss: 1.4826 - accuracy: 0.4760
 7/49 [===>..........................] - ETA: 1s - loss: 1.4706 - accuracy: 0.4774
 9/49 [====>.........................] - ETA: 1s - loss: 1.4701 - accuracy: 0.4801
11/49 [=====>........................] - ETA: 1s - loss: 1.4652 - accuracy: 0.4818
13/49 [======>.......................] - ETA: 1s - loss: 1.4604 - accuracy: 0.4835
15/49 [========>.....................] - ETA: 1s - loss: 1.4587 - accuracy: 0.4853
17/49 [=========>....................] - ETA: 1s - loss: 1.4568 - accuracy: 0.4863
19/49 [==========>...................] - ETA: 1s - loss: 1.4607 - accuracy: 0.4857
21/49 [===========>..................] - ETA: 0s - loss: 1.4582 - accuracy: 0.4863
23/49 [=============>................] - ETA: 0s - loss: 1.4619 - accuracy: 0.4848
25/49 [==============>...............] - ETA: 0s - loss: 1.4618 - accuracy: 0.4852
27/49 [===============>..............] - ETA: 0s - loss: 1.4627 - accuracy: 0.4847
29/49 [================>.............] - ETA: 0s - loss: 1.4661 - accuracy: 0.4838
31/49 [=================>............] - ETA: 0s - loss: 1.4689 - accuracy: 0.4830
33/49 [===================>..........] - ETA: 0s - loss: 1.4704 - accuracy: 0.4832
35/49 [====================>.........] - ETA: 0s - loss: 1.4730 - accuracy: 0.4817
37/49 [=====================>........] - ETA: 0s - loss: 1.4767 - accuracy: 0.4811
39/49 [======================>.......] - ETA: 0s - loss: 1.4768 - accuracy: 0.4811
41/49 [========================>.....] - ETA: 0s - loss: 1.4774 - accuracy: 0.4805
43/49 [=========================>....] - ETA: 0s - loss: 1.4784 - accuracy: 0.4807
45/49 [==========================>...] - ETA: 0s - loss: 1.4789 - accuracy: 0.4802
47/49 [===========================>..] - ETA: 0s - loss: 1.4801 - accuracy: 0.4801
49/49 [==============================] - ETA: 0s - loss: 1.4821 - accuracy: 0.4796
49/49 [==============================] - 3s 53ms/step - loss: 1.4821 - accuracy: 0.4796 - val_loss: 1.4745 - val_accuracy: 0.4752
Epoch 32/222

 1/49 [..............................] - ETA: 2s - loss: 1.4871 - accuracy: 0.4814
 3/49 [>.............................] - ETA: 1s - loss: 1.4594 - accuracy: 0.4827
 5/49 [==>...........................] - ETA: 1s - loss: 1.4437 - accuracy: 0.4887
 7/49 [===>..........................] - ETA: 1s - loss: 1.4350 - accuracy: 0.4916
 9/49 [====>.........................] - ETA: 1s - loss: 1.4369 - accuracy: 0.4906
11/49 [=====>........................] - ETA: 1s - loss: 1.4461 - accuracy: 0.4891
13/49 [======>.......................] - ETA: 1s - loss: 1.4567 - accuracy: 0.4856
15/49 [========>.....................] - ETA: 1s - loss: 1.4616 - accuracy: 0.4852
17/49 [=========>....................] - ETA: 1s - loss: 1.4658 - accuracy: 0.4816
19/49 [==========>...................] - ETA: 1s - loss: 1.4653 - accuracy: 0.4831
21/49 [===========>..................] - ETA: 0s - loss: 1.4673 - accuracy: 0.4816
23/49 [=============>................] - ETA: 0s - loss: 1.4719 - accuracy: 0.4799
25/49 [==============>...............] - ETA: 0s - loss: 1.4721 - accuracy: 0.4792
27/49 [===============>..............] - ETA: 0s - loss: 1.4712 - accuracy: 0.4802
29/49 [================>.............] - ETA: 0s - loss: 1.4713 - accuracy: 0.4794
31/49 [=================>............] - ETA: 0s - loss: 1.4709 - accuracy: 0.4790
33/49 [===================>..........] - ETA: 0s - loss: 1.4728 - accuracy: 0.4780
35/49 [====================>.........] - ETA: 0s - loss: 1.4733 - accuracy: 0.4778
37/49 [=====================>........] - ETA: 0s - loss: 1.4730 - accuracy: 0.4778
39/49 [======================>.......] - ETA: 0s - loss: 1.4741 - accuracy: 0.4781
41/49 [========================>.....] - ETA: 0s - loss: 1.4725 - accuracy: 0.4785
43/49 [=========================>....] - ETA: 0s - loss: 1.4700 - accuracy: 0.4794
45/49 [==========================>...] - ETA: 0s - loss: 1.4701 - accuracy: 0.4796
47/49 [===========================>..] - ETA: 0s - loss: 1.4696 - accuracy: 0.4805
49/49 [==============================] - ETA: 0s - loss: 1.4680 - accuracy: 0.4808
49/49 [==============================] - 3s 53ms/step - loss: 1.4680 - accuracy: 0.4808 - val_loss: 1.4021 - val_accuracy: 0.5079
Epoch 33/222

 1/49 [..............................] - ETA: 2s - loss: 1.4383 - accuracy: 0.5166
 3/49 [>.............................] - ETA: 1s - loss: 1.4840 - accuracy: 0.4860
 5/49 [==>...........................] - ETA: 1s - loss: 1.4904 - accuracy: 0.4801
 7/49 [===>..........................] - ETA: 1s - loss: 1.4620 - accuracy: 0.4858
 9/49 [====>.........................] - ETA: 1s - loss: 1.4756 - accuracy: 0.4829
11/49 [=====>........................] - ETA: 1s - loss: 1.4772 - accuracy: 0.4823
13/49 [======>.......................] - ETA: 1s - loss: 1.4750 - accuracy: 0.4814
15/49 [========>.....................] - ETA: 1s - loss: 1.4809 - accuracy: 0.4776
17/49 [=========>....................] - ETA: 1s - loss: 1.4812 - accuracy: 0.4782
19/49 [==========>...................] - ETA: 1s - loss: 1.4798 - accuracy: 0.4787
21/49 [===========>..................] - ETA: 0s - loss: 1.4813 - accuracy: 0.4792
23/49 [=============>................] - ETA: 0s - loss: 1.4796 - accuracy: 0.4797
25/49 [==============>...............] - ETA: 0s - loss: 1.4794 - accuracy: 0.4794
27/49 [===============>..............] - ETA: 0s - loss: 1.4795 - accuracy: 0.4793
29/49 [================>.............] - ETA: 0s - loss: 1.4851 - accuracy: 0.4777
31/49 [=================>............] - ETA: 0s - loss: 1.4886 - accuracy: 0.4767
33/49 [===================>..........] - ETA: 0s - loss: 1.4917 - accuracy: 0.4764
35/49 [====================>.........] - ETA: 0s - loss: 1.4912 - accuracy: 0.4766
37/49 [=====================>........] - ETA: 0s - loss: 1.4922 - accuracy: 0.4764
39/49 [======================>.......] - ETA: 0s - loss: 1.4920 - accuracy: 0.4761
41/49 [========================>.....] - ETA: 0s - loss: 1.4937 - accuracy: 0.4746
43/49 [=========================>....] - ETA: 0s - loss: 1.4964 - accuracy: 0.4735
45/49 [==========================>...] - ETA: 0s - loss: 1.4984 - accuracy: 0.4727
47/49 [===========================>..] - ETA: 0s - loss: 1.4981 - accuracy: 0.4727
49/49 [==============================] - ETA: 0s - loss: 1.4974 - accuracy: 0.4729
49/49 [==============================] - 3s 52ms/step - loss: 1.4974 - accuracy: 0.4729 - val_loss: 1.4998 - val_accuracy: 0.4772
Epoch 34/222

 1/49 [..............................] - ETA: 2s - loss: 1.4916 - accuracy: 0.4824
 3/49 [>.............................] - ETA: 1s - loss: 1.4563 - accuracy: 0.4867
 6/49 [==>...........................] - ETA: 1s - loss: 1.4723 - accuracy: 0.4844
 8/49 [===>..........................] - ETA: 1s - loss: 1.4630 - accuracy: 0.4867
10/49 [=====>........................] - ETA: 1s - loss: 1.4626 - accuracy: 0.4850
12/49 [======>.......................] - ETA: 1s - loss: 1.4662 - accuracy: 0.4838
15/49 [========>.....................] - ETA: 0s - loss: 1.4698 - accuracy: 0.4818
17/49 [=========>....................] - ETA: 0s - loss: 1.4711 - accuracy: 0.4810
20/49 [===========>..................] - ETA: 0s - loss: 1.4686 - accuracy: 0.4836
23/49 [=============>................] - ETA: 0s - loss: 1.4695 - accuracy: 0.4813
26/49 [==============>...............] - ETA: 0s - loss: 1.4736 - accuracy: 0.4808
28/49 [================>.............] - ETA: 0s - loss: 1.4707 - accuracy: 0.4821
31/49 [=================>............] - ETA: 0s - loss: 1.4711 - accuracy: 0.4826
33/49 [===================>..........] - ETA: 0s - loss: 1.4741 - accuracy: 0.4823
36/49 [=====================>........] - ETA: 0s - loss: 1.4786 - accuracy: 0.4809
38/49 [======================>.......] - ETA: 0s - loss: 1.4796 - accuracy: 0.4802
40/49 [=======================>......] - ETA: 0s - loss: 1.4817 - accuracy: 0.4787
42/49 [========================>.....] - ETA: 0s - loss: 1.4808 - accuracy: 0.4790
44/49 [=========================>....] - ETA: 0s - loss: 1.4832 - accuracy: 0.4785
46/49 [===========================>..] - ETA: 0s - loss: 1.4819 - accuracy: 0.4795
48/49 [============================>.] - ETA: 0s - loss: 1.4825 - accuracy: 0.4791
49/49 [==============================] - 2s 49ms/step - loss: 1.4821 - accuracy: 0.4793 - val_loss: 1.4204 - val_accuracy: 0.4993
Epoch 35/222

 1/49 [..............................] - ETA: 3s - loss: 1.4808 - accuracy: 0.4805
 3/49 [>.............................] - ETA: 1s - loss: 1.4905 - accuracy: 0.4710
 5/49 [==>...........................] - ETA: 1s - loss: 1.4868 - accuracy: 0.4775
 7/49 [===>..........................] - ETA: 1s - loss: 1.4772 - accuracy: 0.4785
 9/49 [====>.........................] - ETA: 1s - loss: 1.4731 - accuracy: 0.4815
11/49 [=====>........................] - ETA: 1s - loss: 1.4860 - accuracy: 0.4765
13/49 [======>.......................] - ETA: 1s - loss: 1.4825 - accuracy: 0.4775
15/49 [========>.....................] - ETA: 1s - loss: 1.4817 - accuracy: 0.4779
17/49 [=========>....................] - ETA: 1s - loss: 1.4873 - accuracy: 0.4777
19/49 [==========>...................] - ETA: 1s - loss: 1.4815 - accuracy: 0.4791
21/49 [===========>..................] - ETA: 0s - loss: 1.4808 - accuracy: 0.4779
23/49 [=============>................] - ETA: 0s - loss: 1.4831 - accuracy: 0.4771
25/49 [==============>...............] - ETA: 0s - loss: 1.4897 - accuracy: 0.4753
27/49 [===============>..............] - ETA: 0s - loss: 1.4979 - accuracy: 0.4741
29/49 [================>.............] - ETA: 0s - loss: 1.5009 - accuracy: 0.4732
31/49 [=================>............] - ETA: 0s - loss: 1.5019 - accuracy: 0.4724
33/49 [===================>..........] - ETA: 0s - loss: 1.5028 - accuracy: 0.4724
35/49 [====================>.........] - ETA: 0s - loss: 1.5027 - accuracy: 0.4732
37/49 [=====================>........] - ETA: 0s - loss: 1.5012 - accuracy: 0.4727
39/49 [======================>.......] - ETA: 0s - loss: 1.4987 - accuracy: 0.4731
41/49 [========================>.....] - ETA: 0s - loss: 1.4981 - accuracy: 0.4736
43/49 [=========================>....] - ETA: 0s - loss: 1.4974 - accuracy: 0.4738
45/49 [==========================>...] - ETA: 0s - loss: 1.4992 - accuracy: 0.4732
47/49 [===========================>..] - ETA: 0s - loss: 1.5002 - accuracy: 0.4720
49/49 [==============================] - ETA: 0s - loss: 1.5001 - accuracy: 0.4719
49/49 [==============================] - 3s 52ms/step - loss: 1.5001 - accuracy: 0.4719 - val_loss: 1.4313 - val_accuracy: 0.4993
Epoch 36/222

 1/49 [..............................] - ETA: 3s - loss: 1.4488 - accuracy: 0.4912
 3/49 [>.............................] - ETA: 1s - loss: 1.4510 - accuracy: 0.4900
 5/49 [==>...........................] - ETA: 1s - loss: 1.4858 - accuracy: 0.4745
 7/49 [===>..........................] - ETA: 1s - loss: 1.4806 - accuracy: 0.4780
 9/49 [====>.........................] - ETA: 1s - loss: 1.4855 - accuracy: 0.4758
11/49 [=====>........................] - ETA: 1s - loss: 1.4808 - accuracy: 0.4781
13/49 [======>.......................] - ETA: 1s - loss: 1.4786 - accuracy: 0.4791
15/49 [========>.....................] - ETA: 1s - loss: 1.4817 - accuracy: 0.4779
17/49 [=========>....................] - ETA: 1s - loss: 1.4813 - accuracy: 0.4782
19/49 [==========>...................] - ETA: 1s - loss: 1.4819 - accuracy: 0.4798
21/49 [===========>..................] - ETA: 0s - loss: 1.4841 - accuracy: 0.4785
23/49 [=============>................] - ETA: 0s - loss: 1.4871 - accuracy: 0.4768
25/49 [==============>...............] - ETA: 0s - loss: 1.4887 - accuracy: 0.4764
27/49 [===============>..............] - ETA: 0s - loss: 1.4870 - accuracy: 0.4767
29/49 [================>.............] - ETA: 0s - loss: 1.4834 - accuracy: 0.4772
31/49 [=================>............] - ETA: 0s - loss: 1.4824 - accuracy: 0.4786
33/49 [===================>..........] - ETA: 0s - loss: 1.4821 - accuracy: 0.4784
35/49 [====================>.........] - ETA: 0s - loss: 1.4825 - accuracy: 0.4781
37/49 [=====================>........] - ETA: 0s - loss: 1.4791 - accuracy: 0.4789
39/49 [======================>.......] - ETA: 0s - loss: 1.4781 - accuracy: 0.4790
41/49 [========================>.....] - ETA: 0s - loss: 1.4784 - accuracy: 0.4795
43/49 [=========================>....] - ETA: 0s - loss: 1.4813 - accuracy: 0.4784
45/49 [==========================>...] - ETA: 0s - loss: 1.4822 - accuracy: 0.4775
47/49 [===========================>..] - ETA: 0s - loss: 1.4827 - accuracy: 0.4777
49/49 [==============================] - ETA: 0s - loss: 1.4823 - accuracy: 0.4780
49/49 [==============================] - 3s 52ms/step - loss: 1.4823 - accuracy: 0.4780 - val_loss: 1.4972 - val_accuracy: 0.4737
Epoch 37/222

 1/49 [..............................] - ETA: 3s - loss: 1.5024 - accuracy: 0.4883
 3/49 [>.............................] - ETA: 1s - loss: 1.4923 - accuracy: 0.4850
 5/49 [==>...........................] - ETA: 1s - loss: 1.4912 - accuracy: 0.4795
 7/49 [===>..........................] - ETA: 1s - loss: 1.4779 - accuracy: 0.4859
 9/49 [====>.........................] - ETA: 1s - loss: 1.4765 - accuracy: 0.4778
11/49 [=====>........................] - ETA: 1s - loss: 1.4711 - accuracy: 0.4817
13/49 [======>.......................] - ETA: 1s - loss: 1.4642 - accuracy: 0.4854
15/49 [========>.....................] - ETA: 1s - loss: 1.4632 - accuracy: 0.4849
17/49 [=========>....................] - ETA: 1s - loss: 1.4575 - accuracy: 0.4883
19/49 [==========>...................] - ETA: 1s - loss: 1.4593 - accuracy: 0.4868
21/49 [===========>..................] - ETA: 0s - loss: 1.4606 - accuracy: 0.4867
23/49 [=============>................] - ETA: 0s - loss: 1.4598 - accuracy: 0.4874
25/49 [==============>...............] - ETA: 0s - loss: 1.4625 - accuracy: 0.4865
27/49 [===============>..............] - ETA: 0s - loss: 1.4695 - accuracy: 0.4841
29/49 [================>.............] - ETA: 0s - loss: 1.4676 - accuracy: 0.4836
31/49 [=================>............] - ETA: 0s - loss: 1.4710 - accuracy: 0.4825
33/49 [===================>..........] - ETA: 0s - loss: 1.4733 - accuracy: 0.4823
35/49 [====================>.........] - ETA: 0s - loss: 1.4766 - accuracy: 0.4808
37/49 [=====================>........] - ETA: 0s - loss: 1.4789 - accuracy: 0.4807
39/49 [======================>.......] - ETA: 0s - loss: 1.4811 - accuracy: 0.4803
41/49 [========================>.....] - ETA: 0s - loss: 1.4826 - accuracy: 0.4798
43/49 [=========================>....] - ETA: 0s - loss: 1.4831 - accuracy: 0.4795
45/49 [==========================>...] - ETA: 0s - loss: 1.4845 - accuracy: 0.4789
47/49 [===========================>..] - ETA: 0s - loss: 1.4857 - accuracy: 0.4781
49/49 [==============================] - ETA: 0s - loss: 1.4839 - accuracy: 0.4784
49/49 [==============================] - 3s 51ms/step - loss: 1.4839 - accuracy: 0.4784 - val_loss: 1.4067 - val_accuracy: 0.5105
Epoch 38/222

 1/49 [..............................] - ETA: 3s - loss: 1.4735 - accuracy: 0.4980
 3/49 [>.............................] - ETA: 1s - loss: 1.4919 - accuracy: 0.4847
 5/49 [==>...........................] - ETA: 1s - loss: 1.4813 - accuracy: 0.4824
 7/49 [===>..........................] - ETA: 1s - loss: 1.4863 - accuracy: 0.4802
10/49 [=====>........................] - ETA: 1s - loss: 1.4724 - accuracy: 0.4835
13/49 [======>.......................] - ETA: 1s - loss: 1.4658 - accuracy: 0.4876
16/49 [========>.....................] - ETA: 0s - loss: 1.4654 - accuracy: 0.4899
18/49 [==========>...................] - ETA: 0s - loss: 1.4686 - accuracy: 0.4892
21/49 [===========>..................] - ETA: 0s - loss: 1.4713 - accuracy: 0.4866
24/49 [=============>................] - ETA: 0s - loss: 1.4746 - accuracy: 0.4833
27/49 [===============>..............] - ETA: 0s - loss: 1.4742 - accuracy: 0.4836
29/49 [================>.............] - ETA: 0s - loss: 1.4773 - accuracy: 0.4824
32/49 [==================>...........] - ETA: 0s - loss: 1.4765 - accuracy: 0.4825
35/49 [====================>.........] - ETA: 0s - loss: 1.4755 - accuracy: 0.4815
38/49 [======================>.......] - ETA: 0s - loss: 1.4768 - accuracy: 0.4808
41/49 [========================>.....] - ETA: 0s - loss: 1.4744 - accuracy: 0.4823
44/49 [=========================>....] - ETA: 0s - loss: 1.4761 - accuracy: 0.4809
46/49 [===========================>..] - ETA: 0s - loss: 1.4764 - accuracy: 0.4807
49/49 [==============================] - ETA: 0s - loss: 1.4753 - accuracy: 0.4811
49/49 [==============================] - 2s 46ms/step - loss: 1.4753 - accuracy: 0.4811 - val_loss: 1.5273 - val_accuracy: 0.4540
Epoch 39/222

 1/49 [..............................] - ETA: 3s - loss: 1.4851 - accuracy: 0.4668
 3/49 [>.............................] - ETA: 1s - loss: 1.4504 - accuracy: 0.4889
 5/49 [==>...........................] - ETA: 1s - loss: 1.4708 - accuracy: 0.4822
 7/49 [===>..........................] - ETA: 1s - loss: 1.4929 - accuracy: 0.4788
 9/49 [====>.........................] - ETA: 1s - loss: 1.4859 - accuracy: 0.4816
11/49 [=====>........................] - ETA: 1s - loss: 1.4838 - accuracy: 0.4830
13/49 [======>.......................] - ETA: 1s - loss: 1.4771 - accuracy: 0.4843
15/49 [========>.....................] - ETA: 1s - loss: 1.4768 - accuracy: 0.4835
17/49 [=========>....................] - ETA: 1s - loss: 1.4824 - accuracy: 0.4818
19/49 [==========>...................] - ETA: 1s - loss: 1.4799 - accuracy: 0.4815
21/49 [===========>..................] - ETA: 0s - loss: 1.4788 - accuracy: 0.4808
23/49 [=============>................] - ETA: 0s - loss: 1.4793 - accuracy: 0.4814
25/49 [==============>...............] - ETA: 0s - loss: 1.4825 - accuracy: 0.4809
27/49 [===============>..............] - ETA: 0s - loss: 1.4833 - accuracy: 0.4798
29/49 [================>.............] - ETA: 0s - loss: 1.4778 - accuracy: 0.4810
31/49 [=================>............] - ETA: 0s - loss: 1.4788 - accuracy: 0.4800
33/49 [===================>..........] - ETA: 0s - loss: 1.4807 - accuracy: 0.4794
35/49 [====================>.........] - ETA: 0s - loss: 1.4831 - accuracy: 0.4779
37/49 [=====================>........] - ETA: 0s - loss: 1.4839 - accuracy: 0.4776
39/49 [======================>.......] - ETA: 0s - loss: 1.4837 - accuracy: 0.4780
41/49 [========================>.....] - ETA: 0s - loss: 1.4824 - accuracy: 0.4789
43/49 [=========================>....] - ETA: 0s - loss: 1.4812 - accuracy: 0.4790
45/49 [==========================>...] - ETA: 0s - loss: 1.4815 - accuracy: 0.4785
47/49 [===========================>..] - ETA: 0s - loss: 1.4800 - accuracy: 0.4789
49/49 [==============================] - ETA: 0s - loss: 1.4795 - accuracy: 0.4792
49/49 [==============================] - 3s 52ms/step - loss: 1.4795 - accuracy: 0.4792 - val_loss: 1.4138 - val_accuracy: 0.5038
Epoch 40/222

 1/49 [..............................] - ETA: 3s - loss: 1.4756 - accuracy: 0.4775
 3/49 [>.............................] - ETA: 1s - loss: 1.4556 - accuracy: 0.4857
 5/49 [==>...........................] - ETA: 1s - loss: 1.4371 - accuracy: 0.4959
 7/49 [===>..........................] - ETA: 1s - loss: 1.4363 - accuracy: 0.4939
 9/49 [====>.........................] - ETA: 1s - loss: 1.4467 - accuracy: 0.4887
11/49 [=====>........................] - ETA: 1s - loss: 1.4472 - accuracy: 0.4890
13/49 [======>.......................] - ETA: 1s - loss: 1.4522 - accuracy: 0.4890
15/49 [========>.....................] - ETA: 1s - loss: 1.4538 - accuracy: 0.4876
17/49 [=========>....................] - ETA: 1s - loss: 1.4524 - accuracy: 0.4889
19/49 [==========>...................] - ETA: 1s - loss: 1.4554 - accuracy: 0.4869
21/49 [===========>..................] - ETA: 0s - loss: 1.4600 - accuracy: 0.4870
23/49 [=============>................] - ETA: 0s - loss: 1.4576 - accuracy: 0.4880
25/49 [==============>...............] - ETA: 0s - loss: 1.4584 - accuracy: 0.4862
27/49 [===============>..............] - ETA: 0s - loss: 1.4659 - accuracy: 0.4846
29/49 [================>.............] - ETA: 0s - loss: 1.4669 - accuracy: 0.4835
31/49 [=================>............] - ETA: 0s - loss: 1.4777 - accuracy: 0.4808
33/49 [===================>..........] - ETA: 0s - loss: 1.4889 - accuracy: 0.4790
35/49 [====================>.........] - ETA: 0s - loss: 1.4986 - accuracy: 0.4774
37/49 [=====================>........] - ETA: 0s - loss: 1.5092 - accuracy: 0.4748
39/49 [======================>.......] - ETA: 0s - loss: 1.5162 - accuracy: 0.4721
41/49 [========================>.....] - ETA: 0s - loss: 1.5229 - accuracy: 0.4708
43/49 [=========================>....] - ETA: 0s - loss: 1.5239 - accuracy: 0.4700
45/49 [==========================>...] - ETA: 0s - loss: 1.5299 - accuracy: 0.4676
47/49 [===========================>..] - ETA: 0s - loss: 1.5312 - accuracy: 0.4673
49/49 [==============================] - ETA: 0s - loss: 1.5307 - accuracy: 0.4671
49/49 [==============================] - 3s 53ms/step - loss: 1.5307 - accuracy: 0.4671 - val_loss: 1.4723 - val_accuracy: 0.4768
Epoch 41/222

 1/49 [..............................] - ETA: 3s - loss: 1.4969 - accuracy: 0.4648
 3/49 [>.............................] - ETA: 1s - loss: 1.4919 - accuracy: 0.4717
 5/49 [==>...........................] - ETA: 1s - loss: 1.4801 - accuracy: 0.4809
 7/49 [===>..........................] - ETA: 1s - loss: 1.4969 - accuracy: 0.4759
 9/49 [====>.........................] - ETA: 1s - loss: 1.4917 - accuracy: 0.4753
11/49 [=====>........................] - ETA: 1s - loss: 1.4915 - accuracy: 0.4771
13/49 [======>.......................] - ETA: 1s - loss: 1.4879 - accuracy: 0.4779
15/49 [========>.....................] - ETA: 1s - loss: 1.4822 - accuracy: 0.4801
17/49 [=========>....................] - ETA: 1s - loss: 1.4831 - accuracy: 0.4783
19/49 [==========>...................] - ETA: 1s - loss: 1.4858 - accuracy: 0.4748
21/49 [===========>..................] - ETA: 0s - loss: 1.4874 - accuracy: 0.4732
23/49 [=============>................] - ETA: 0s - loss: 1.4908 - accuracy: 0.4730
25/49 [==============>...............] - ETA: 0s - loss: 1.4901 - accuracy: 0.4737
27/49 [===============>..............] - ETA: 0s - loss: 1.4911 - accuracy: 0.4739
29/49 [================>.............] - ETA: 0s - loss: 1.4897 - accuracy: 0.4734
31/49 [=================>............] - ETA: 0s - loss: 1.4885 - accuracy: 0.4740
33/49 [===================>..........] - ETA: 0s - loss: 1.4889 - accuracy: 0.4735
35/49 [====================>.........] - ETA: 0s - loss: 1.4901 - accuracy: 0.4727
37/49 [=====================>........] - ETA: 0s - loss: 1.4948 - accuracy: 0.4726
39/49 [======================>.......] - ETA: 0s - loss: 1.4983 - accuracy: 0.4714
41/49 [========================>.....] - ETA: 0s - loss: 1.4978 - accuracy: 0.4720
43/49 [=========================>....] - ETA: 0s - loss: 1.4963 - accuracy: 0.4724
45/49 [==========================>...] - ETA: 0s - loss: 1.4954 - accuracy: 0.4730
47/49 [===========================>..] - ETA: 0s - loss: 1.4995 - accuracy: 0.4724
49/49 [==============================] - ETA: 0s - loss: 1.5001 - accuracy: 0.4720
49/49 [==============================] - 3s 52ms/step - loss: 1.5001 - accuracy: 0.4720 - val_loss: 1.5649 - val_accuracy: 0.4582
Epoch 42/222

 1/49 [..............................] - ETA: 3s - loss: 1.5460 - accuracy: 0.4824
 3/49 [>.............................] - ETA: 1s - loss: 1.4922 - accuracy: 0.4896
 5/49 [==>...........................] - ETA: 1s - loss: 1.4693 - accuracy: 0.4920
 7/49 [===>..........................] - ETA: 1s - loss: 1.4525 - accuracy: 0.4943
 9/49 [====>.........................] - ETA: 1s - loss: 1.4618 - accuracy: 0.4916
11/49 [=====>........................] - ETA: 1s - loss: 1.4567 - accuracy: 0.4906
13/49 [======>.......................] - ETA: 1s - loss: 1.4639 - accuracy: 0.4884
15/49 [========>.....................] - ETA: 1s - loss: 1.4625 - accuracy: 0.4868
17/49 [=========>....................] - ETA: 1s - loss: 1.4686 - accuracy: 0.4850
19/49 [==========>...................] - ETA: 1s - loss: 1.4734 - accuracy: 0.4829
21/49 [===========>..................] - ETA: 0s - loss: 1.4757 - accuracy: 0.4815
23/49 [=============>................] - ETA: 0s - loss: 1.4762 - accuracy: 0.4805
25/49 [==============>...............] - ETA: 0s - loss: 1.4750 - accuracy: 0.4809
28/49 [================>.............] - ETA: 0s - loss: 1.4718 - accuracy: 0.4821
31/49 [=================>............] - ETA: 0s - loss: 1.4742 - accuracy: 0.4816
34/49 [===================>..........] - ETA: 0s - loss: 1.4736 - accuracy: 0.4811
37/49 [=====================>........] - ETA: 0s - loss: 1.4749 - accuracy: 0.4807
39/49 [======================>.......] - ETA: 0s - loss: 1.4778 - accuracy: 0.4802
42/49 [========================>.....] - ETA: 0s - loss: 1.4799 - accuracy: 0.4791
45/49 [==========================>...] - ETA: 0s - loss: 1.4791 - accuracy: 0.4788
48/49 [============================>.] - ETA: 0s - loss: 1.4777 - accuracy: 0.4798
49/49 [==============================] - 2s 47ms/step - loss: 1.4787 - accuracy: 0.4795 - val_loss: 1.4722 - val_accuracy: 0.4756
Epoch 43/222

 1/49 [..............................] - ETA: 3s - loss: 1.4866 - accuracy: 0.4893
 3/49 [>.............................] - ETA: 1s - loss: 1.4716 - accuracy: 0.4808
 5/49 [==>...........................] - ETA: 1s - loss: 1.4729 - accuracy: 0.4855
 7/49 [===>..........................] - ETA: 1s - loss: 1.4699 - accuracy: 0.4854
 9/49 [====>.........................] - ETA: 1s - loss: 1.4680 - accuracy: 0.4886
11/49 [=====>........................] - ETA: 1s - loss: 1.4663 - accuracy: 0.4891
13/49 [======>.......................] - ETA: 1s - loss: 1.4748 - accuracy: 0.4887
15/49 [========>.....................] - ETA: 1s - loss: 1.4773 - accuracy: 0.4867
17/49 [=========>....................] - ETA: 1s - loss: 1.4769 - accuracy: 0.4872
19/49 [==========>...................] - ETA: 1s - loss: 1.4799 - accuracy: 0.4842
21/49 [===========>..................] - ETA: 1s - loss: 1.4805 - accuracy: 0.4824
23/49 [=============>................] - ETA: 0s - loss: 1.4839 - accuracy: 0.4803
25/49 [==============>...............] - ETA: 0s - loss: 1.4840 - accuracy: 0.4805
27/49 [===============>..............] - ETA: 0s - loss: 1.4873 - accuracy: 0.4791
29/49 [================>.............] - ETA: 0s - loss: 1.4887 - accuracy: 0.4783
31/49 [=================>............] - ETA: 0s - loss: 1.4891 - accuracy: 0.4769
33/49 [===================>..........] - ETA: 0s - loss: 1.4907 - accuracy: 0.4770
35/49 [====================>.........] - ETA: 0s - loss: 1.4882 - accuracy: 0.4779
37/49 [=====================>........] - ETA: 0s - loss: 1.4867 - accuracy: 0.4784
39/49 [======================>.......] - ETA: 0s - loss: 1.4878 - accuracy: 0.4778
41/49 [========================>.....] - ETA: 0s - loss: 1.4893 - accuracy: 0.4773
43/49 [=========================>....] - ETA: 0s - loss: 1.4892 - accuracy: 0.4769
45/49 [==========================>...] - ETA: 0s - loss: 1.4890 - accuracy: 0.4768
47/49 [===========================>..] - ETA: 0s - loss: 1.4875 - accuracy: 0.4773
49/49 [==============================] - ETA: 0s - loss: 1.4889 - accuracy: 0.4762
49/49 [==============================] - 3s 53ms/step - loss: 1.4889 - accuracy: 0.4762 - val_loss: 1.4338 - val_accuracy: 0.4952
Epoch 43: early stopping

  1/313 [..............................] - ETA: 9s - loss: 1.1044 - accuracy: 0.6250
 20/313 [>.............................] - ETA: 0s - loss: 1.4372 - accuracy: 0.4875
 40/313 [==>...........................] - ETA: 0s - loss: 1.4616 - accuracy: 0.4797
 58/313 [====>.........................] - ETA: 0s - loss: 1.4474 - accuracy: 0.4892
 77/313 [======>.......................] - ETA: 0s - loss: 1.4454 - accuracy: 0.4886
 97/313 [========>.....................] - ETA: 0s - loss: 1.4563 - accuracy: 0.4871
118/313 [==========>...................] - ETA: 0s - loss: 1.4523 - accuracy: 0.4902
137/313 [============>.................] - ETA: 0s - loss: 1.4403 - accuracy: 0.4954
156/313 [=============>................] - ETA: 0s - loss: 1.4298 - accuracy: 0.4968
175/313 [===============>..............] - ETA: 0s - loss: 1.4320 - accuracy: 0.4945
194/313 [=================>............] - ETA: 0s - loss: 1.4306 - accuracy: 0.4955
214/313 [===================>..........] - ETA: 0s - loss: 1.4305 - accuracy: 0.4962
234/313 [=====================>........] - ETA: 0s - loss: 1.4323 - accuracy: 0.4936
252/313 [=======================>......] - ETA: 0s - loss: 1.4318 - accuracy: 0.4943
270/313 [========================>.....] - ETA: 0s - loss: 1.4365 - accuracy: 0.4938
288/313 [==========================>...] - ETA: 0s - loss: 1.4350 - accuracy: 0.4952
308/313 [============================>.] - ETA: 0s - loss: 1.4327 - accuracy: 0.4963
313/313 [==============================] - 1s 3ms/step - loss: 1.4338 - accuracy: 0.4952
