2024-06-26 20:02:08.512157: I tensorflow/core/platform/cpu_feature_guard.cc:193] This TensorFlow binary is optimized with oneAPI Deep Neural Network Library (oneDNN) to use the following CPU instructions in performance-critical operations:  AVX AVX2
To enable them in other operations, rebuild TensorFlow with the appropriate compiler flags.
2024-06-26 20:02:09.265962: I tensorflow/core/common_runtime/gpu/gpu_device.cc:1616] Created device /job:localhost/replica:0/task:0/device:GPU:0 with 6656 MB memory:  -> device: 0, name: NVIDIA GeForce RTX 4060 Ti, pci bus id: 0000:01:00.0, compute capability: 8.9
1 Physical GPUs, 1 Logical GPUs
Model: "sequential"
_________________________________________________________________
 Layer (type)                Output Shape              Param #   
=================================================================
 conv2d (Conv2D)             (None, 32, 32, 32)        896       
                                                                 
 max_pooling2d (MaxPooling2D  (None, 16, 16, 32)       0         
 )                                                               
                                                                 
 batch_normalization (BatchN  (None, 16, 16, 32)       128       
 ormalization)                                                   
                                                                 
 dropout (Dropout)           (None, 16, 16, 32)        0         
                                                                 
 flatten (Flatten)           (None, 8192)              0         
                                                                 
 dense (Dense)               (None, 10)                81930     
                                                                 
=================================================================
Total params: 82,954
Trainable params: 82,890
Non-trainable params: 64
_________________________________________________________________
Taxa de aprendizado:  0.1 Num de épocas:  162 Tamanho do lote:  1024 Dropout:  0.35452
Epoch 1/162
2024-06-26 20:02:10.807728: I tensorflow/stream_executor/cuda/cuda_dnn.cc:384] Loaded cuDNN version 8100
2024-06-26 20:02:11.941177: W tensorflow/stream_executor/gpu/redzone_allocator.cc:314] INTERNAL: ptxas exited with non-zero error code -1, output: 
Relying on driver to perform ptx compilation. 
Modify $PATH to customize ptxas location.
This message will be only logged once.
2024-06-26 20:02:13.093183: I tensorflow/stream_executor/cuda/cuda_blas.cc:1614] TensorFloat-32 will be used for the matrix multiplication. This will only be logged once.

 1/49 [..............................] - ETA: 3:00 - loss: 2.9730 - accuracy: 0.1074
 3/49 [>.............................] - ETA: 1s - loss: 47.0648 - accuracy: 0.1208 
 5/49 [==>...........................] - ETA: 1s - loss: 49.4114 - accuracy: 0.1303
 8/49 [===>..........................] - ETA: 1s - loss: 47.2012 - accuracy: 0.1460
11/49 [=====>........................] - ETA: 1s - loss: 41.1618 - accuracy: 0.1514
13/49 [======>.......................] - ETA: 1s - loss: 39.5001 - accuracy: 0.1448
16/49 [========>.....................] - ETA: 1s - loss: 36.8212 - accuracy: 0.1407
19/49 [==========>...................] - ETA: 0s - loss: 35.5689 - accuracy: 0.1370
22/49 [============>.................] - ETA: 0s - loss: 33.9577 - accuracy: 0.1334
25/49 [==============>...............] - ETA: 0s - loss: 32.4119 - accuracy: 0.1370
28/49 [================>.............] - ETA: 0s - loss: 30.7622 - accuracy: 0.1409
31/49 [=================>............] - ETA: 0s - loss: 29.7491 - accuracy: 0.1423
34/49 [===================>..........] - ETA: 0s - loss: 28.1916 - accuracy: 0.1417
37/49 [=====================>........] - ETA: 0s - loss: 27.5079 - accuracy: 0.1402
40/49 [=======================>......] - ETA: 0s - loss: 26.8936 - accuracy: 0.1416
43/49 [=========================>....] - ETA: 0s - loss: 25.8826 - accuracy: 0.1432
46/49 [===========================>..] - ETA: 0s - loss: 25.0585 - accuracy: 0.1444
49/49 [==============================] - ETA: 0s - loss: 24.2034 - accuracy: 0.1461
49/49 [==============================] - 6s 46ms/step - loss: 24.2034 - accuracy: 0.1461 - val_loss: 14.0786 - val_accuracy: 0.1419
Epoch 2/162

 1/49 [..............................] - ETA: 2s - loss: 9.7338 - accuracy: 0.1650
 3/49 [>.............................] - ETA: 1s - loss: 8.5796 - accuracy: 0.1387
 5/49 [==>...........................] - ETA: 1s - loss: 8.2588 - accuracy: 0.1510
 7/49 [===>..........................] - ETA: 1s - loss: 8.4473 - accuracy: 0.1604
10/49 [=====>........................] - ETA: 1s - loss: 7.5519 - accuracy: 0.1767
12/49 [======>.......................] - ETA: 1s - loss: 7.2612 - accuracy: 0.1661
14/49 [=======>......................] - ETA: 1s - loss: 6.9421 - accuracy: 0.1581
16/49 [========>.....................] - ETA: 0s - loss: 6.7667 - accuracy: 0.1632
18/49 [==========>...................] - ETA: 0s - loss: 6.5577 - accuracy: 0.1680
20/49 [===========>..................] - ETA: 0s - loss: 6.3165 - accuracy: 0.1721
22/49 [============>.................] - ETA: 0s - loss: 6.0665 - accuracy: 0.1736
25/49 [==============>...............] - ETA: 0s - loss: 5.8276 - accuracy: 0.1695
27/49 [===============>..............] - ETA: 0s - loss: 5.7314 - accuracy: 0.1692
29/49 [================>.............] - ETA: 0s - loss: 5.5443 - accuracy: 0.1741
32/49 [==================>...........] - ETA: 0s - loss: 5.2931 - accuracy: 0.1789
34/49 [===================>..........] - ETA: 0s - loss: 5.1383 - accuracy: 0.1791
37/49 [=====================>........] - ETA: 0s - loss: 4.9288 - accuracy: 0.1803
39/49 [======================>.......] - ETA: 0s - loss: 4.8017 - accuracy: 0.1837
42/49 [========================>.....] - ETA: 0s - loss: 4.6236 - accuracy: 0.1872
44/49 [=========================>....] - ETA: 0s - loss: 4.5130 - accuracy: 0.1886
47/49 [===========================>..] - ETA: 0s - loss: 4.3624 - accuracy: 0.1912
49/49 [==============================] - ETA: 0s - loss: 4.2702 - accuracy: 0.1944
49/49 [==============================] - 2s 46ms/step - loss: 4.2702 - accuracy: 0.1944 - val_loss: 2.4022 - val_accuracy: 0.2267
Epoch 3/162

 1/49 [..............................] - ETA: 2s - loss: 2.1087 - accuracy: 0.2773
 3/49 [>.............................] - ETA: 1s - loss: 2.0271 - accuracy: 0.2975
 5/49 [==>...........................] - ETA: 1s - loss: 2.0242 - accuracy: 0.2885
 7/49 [===>..........................] - ETA: 1s - loss: 2.0357 - accuracy: 0.2737
 9/49 [====>.........................] - ETA: 1s - loss: 2.0315 - accuracy: 0.2722
11/49 [=====>........................] - ETA: 1s - loss: 2.0241 - accuracy: 0.2769
13/49 [======>.......................] - ETA: 1s - loss: 2.0125 - accuracy: 0.2854
15/49 [========>.....................] - ETA: 1s - loss: 2.0089 - accuracy: 0.2887
17/49 [=========>....................] - ETA: 1s - loss: 2.0042 - accuracy: 0.2904
19/49 [==========>...................] - ETA: 0s - loss: 1.9994 - accuracy: 0.2903
21/49 [===========>..................] - ETA: 0s - loss: 1.9949 - accuracy: 0.2929
24/49 [=============>................] - ETA: 0s - loss: 1.9882 - accuracy: 0.2961
26/49 [==============>...............] - ETA: 0s - loss: 1.9829 - accuracy: 0.2977
28/49 [================>.............] - ETA: 0s - loss: 1.9801 - accuracy: 0.2989
30/49 [=================>............] - ETA: 0s - loss: 1.9763 - accuracy: 0.2998
32/49 [==================>...........] - ETA: 0s - loss: 1.9728 - accuracy: 0.3018
34/49 [===================>..........] - ETA: 0s - loss: 1.9697 - accuracy: 0.3035
36/49 [=====================>........] - ETA: 0s - loss: 1.9669 - accuracy: 0.3040
39/49 [======================>.......] - ETA: 0s - loss: 1.9655 - accuracy: 0.3039
41/49 [========================>.....] - ETA: 0s - loss: 1.9629 - accuracy: 0.3057
43/49 [=========================>....] - ETA: 0s - loss: 1.9627 - accuracy: 0.3066
46/49 [===========================>..] - ETA: 0s - loss: 1.9598 - accuracy: 0.3081
48/49 [============================>.] - ETA: 0s - loss: 1.9578 - accuracy: 0.3083
49/49 [==============================] - 2s 48ms/step - loss: 1.9573 - accuracy: 0.3084 - val_loss: 2.2095 - val_accuracy: 0.2520
Epoch 4/162

 1/49 [..............................] - ETA: 3s - loss: 1.8786 - accuracy: 0.3174
 3/49 [>.............................] - ETA: 1s - loss: 1.8770 - accuracy: 0.3333
 5/49 [==>...........................] - ETA: 1s - loss: 1.8700 - accuracy: 0.3408
 7/49 [===>..........................] - ETA: 1s - loss: 1.8819 - accuracy: 0.3354
 9/49 [====>.........................] - ETA: 1s - loss: 1.8807 - accuracy: 0.3387
11/49 [=====>........................] - ETA: 1s - loss: 1.8840 - accuracy: 0.3381
13/49 [======>.......................] - ETA: 1s - loss: 1.8836 - accuracy: 0.3375
15/49 [========>.....................] - ETA: 1s - loss: 1.8788 - accuracy: 0.3398
17/49 [=========>....................] - ETA: 1s - loss: 1.8797 - accuracy: 0.3408
19/49 [==========>...................] - ETA: 0s - loss: 1.8823 - accuracy: 0.3403
21/49 [===========>..................] - ETA: 0s - loss: 1.8874 - accuracy: 0.3388
23/49 [=============>................] - ETA: 0s - loss: 1.8845 - accuracy: 0.3395
25/49 [==============>...............] - ETA: 0s - loss: 1.8854 - accuracy: 0.3390
27/49 [===============>..............] - ETA: 0s - loss: 1.8842 - accuracy: 0.3400
29/49 [================>.............] - ETA: 0s - loss: 1.8854 - accuracy: 0.3395
31/49 [=================>............] - ETA: 0s - loss: 1.8837 - accuracy: 0.3404
33/49 [===================>..........] - ETA: 0s - loss: 1.8839 - accuracy: 0.3405
35/49 [====================>.........] - ETA: 0s - loss: 1.8831 - accuracy: 0.3414
37/49 [=====================>........] - ETA: 0s - loss: 1.8830 - accuracy: 0.3418
39/49 [======================>.......] - ETA: 0s - loss: 1.8846 - accuracy: 0.3405
41/49 [========================>.....] - ETA: 0s - loss: 1.8838 - accuracy: 0.3406
43/49 [=========================>....] - ETA: 0s - loss: 1.8843 - accuracy: 0.3406
45/49 [==========================>...] - ETA: 0s - loss: 1.8834 - accuracy: 0.3400
47/49 [===========================>..] - ETA: 0s - loss: 1.8848 - accuracy: 0.3392
49/49 [==============================] - ETA: 0s - loss: 1.8846 - accuracy: 0.3391
49/49 [==============================] - 2s 48ms/step - loss: 1.8846 - accuracy: 0.3391 - val_loss: 2.0674 - val_accuracy: 0.2864
Epoch 5/162

 1/49 [..............................] - ETA: 2s - loss: 1.8884 - accuracy: 0.3584
 3/49 [>.............................] - ETA: 1s - loss: 1.8597 - accuracy: 0.3538
 5/49 [==>...........................] - ETA: 1s - loss: 1.8512 - accuracy: 0.3514
 7/49 [===>..........................] - ETA: 1s - loss: 1.8512 - accuracy: 0.3544
 9/49 [====>.........................] - ETA: 1s - loss: 1.8633 - accuracy: 0.3500
12/49 [======>.......................] - ETA: 1s - loss: 1.8658 - accuracy: 0.3492
14/49 [=======>......................] - ETA: 1s - loss: 1.8742 - accuracy: 0.3465
17/49 [=========>....................] - ETA: 0s - loss: 1.8727 - accuracy: 0.3460
19/49 [==========>...................] - ETA: 0s - loss: 1.8730 - accuracy: 0.3468
22/49 [============>.................] - ETA: 0s - loss: 1.8722 - accuracy: 0.3481
25/49 [==============>...............] - ETA: 0s - loss: 1.8730 - accuracy: 0.3477
27/49 [===============>..............] - ETA: 0s - loss: 1.8777 - accuracy: 0.3454
29/49 [================>.............] - ETA: 0s - loss: 1.8803 - accuracy: 0.3444
31/49 [=================>............] - ETA: 0s - loss: 1.8826 - accuracy: 0.3431
33/49 [===================>..........] - ETA: 0s - loss: 1.8828 - accuracy: 0.3421
35/49 [====================>.........] - ETA: 0s - loss: 1.8812 - accuracy: 0.3426
37/49 [=====================>........] - ETA: 0s - loss: 1.8816 - accuracy: 0.3429
39/49 [======================>.......] - ETA: 0s - loss: 1.8808 - accuracy: 0.3425
41/49 [========================>.....] - ETA: 0s - loss: 1.8810 - accuracy: 0.3421
43/49 [=========================>....] - ETA: 0s - loss: 1.8788 - accuracy: 0.3428
45/49 [==========================>...] - ETA: 0s - loss: 1.8767 - accuracy: 0.3438
47/49 [===========================>..] - ETA: 0s - loss: 1.8754 - accuracy: 0.3446
49/49 [==============================] - ETA: 0s - loss: 1.8741 - accuracy: 0.3454
49/49 [==============================] - 2s 51ms/step - loss: 1.8741 - accuracy: 0.3454 - val_loss: 1.9161 - val_accuracy: 0.3337
Epoch 6/162

 1/49 [..............................] - ETA: 2s - loss: 1.8191 - accuracy: 0.3779
 3/49 [>.............................] - ETA: 1s - loss: 1.8615 - accuracy: 0.3564
 5/49 [==>...........................] - ETA: 1s - loss: 1.8598 - accuracy: 0.3572
 7/49 [===>..........................] - ETA: 1s - loss: 1.8575 - accuracy: 0.3564
 9/49 [====>.........................] - ETA: 1s - loss: 1.8583 - accuracy: 0.3537
11/49 [=====>........................] - ETA: 1s - loss: 1.8596 - accuracy: 0.3499
13/49 [======>.......................] - ETA: 1s - loss: 1.8549 - accuracy: 0.3495
15/49 [========>.....................] - ETA: 1s - loss: 1.8515 - accuracy: 0.3518
17/49 [=========>....................] - ETA: 1s - loss: 1.8502 - accuracy: 0.3508
19/49 [==========>...................] - ETA: 1s - loss: 1.8484 - accuracy: 0.3526
21/49 [===========>..................] - ETA: 0s - loss: 1.8505 - accuracy: 0.3524
23/49 [=============>................] - ETA: 0s - loss: 1.8518 - accuracy: 0.3517
25/49 [==============>...............] - ETA: 0s - loss: 1.8532 - accuracy: 0.3521
27/49 [===============>..............] - ETA: 0s - loss: 1.8523 - accuracy: 0.3525
29/49 [================>.............] - ETA: 0s - loss: 1.8498 - accuracy: 0.3527
31/49 [=================>............] - ETA: 0s - loss: 1.8485 - accuracy: 0.3532
33/49 [===================>..........] - ETA: 0s - loss: 1.8487 - accuracy: 0.3529
35/49 [====================>.........] - ETA: 0s - loss: 1.8490 - accuracy: 0.3529
37/49 [=====================>........] - ETA: 0s - loss: 1.8484 - accuracy: 0.3525
39/49 [======================>.......] - ETA: 0s - loss: 1.8491 - accuracy: 0.3515
41/49 [========================>.....] - ETA: 0s - loss: 1.8470 - accuracy: 0.3529
43/49 [=========================>....] - ETA: 0s - loss: 1.8474 - accuracy: 0.3534
45/49 [==========================>...] - ETA: 0s - loss: 1.8498 - accuracy: 0.3523
47/49 [===========================>..] - ETA: 0s - loss: 1.8481 - accuracy: 0.3530
49/49 [==============================] - ETA: 0s - loss: 1.8462 - accuracy: 0.3532
49/49 [==============================] - 3s 53ms/step - loss: 1.8462 - accuracy: 0.3532 - val_loss: 1.9206 - val_accuracy: 0.3297
Epoch 7/162

 1/49 [..............................] - ETA: 2s - loss: 1.8325 - accuracy: 0.3555
 3/49 [>.............................] - ETA: 1s - loss: 1.8158 - accuracy: 0.3602
 5/49 [==>...........................] - ETA: 1s - loss: 1.8335 - accuracy: 0.3544
 7/49 [===>..........................] - ETA: 1s - loss: 1.8371 - accuracy: 0.3528
 9/49 [====>.........................] - ETA: 1s - loss: 1.8334 - accuracy: 0.3546
11/49 [=====>........................] - ETA: 1s - loss: 1.8368 - accuracy: 0.3537
13/49 [======>.......................] - ETA: 1s - loss: 1.8364 - accuracy: 0.3541
15/49 [========>.....................] - ETA: 1s - loss: 1.8393 - accuracy: 0.3531
17/49 [=========>....................] - ETA: 1s - loss: 1.8425 - accuracy: 0.3519
19/49 [==========>...................] - ETA: 1s - loss: 1.8471 - accuracy: 0.3521
21/49 [===========>..................] - ETA: 0s - loss: 1.8497 - accuracy: 0.3539
23/49 [=============>................] - ETA: 0s - loss: 1.8549 - accuracy: 0.3534
25/49 [==============>...............] - ETA: 0s - loss: 1.8565 - accuracy: 0.3523
27/49 [===============>..............] - ETA: 0s - loss: 1.8577 - accuracy: 0.3520
29/49 [================>.............] - ETA: 0s - loss: 1.8548 - accuracy: 0.3522
31/49 [=================>............] - ETA: 0s - loss: 1.8540 - accuracy: 0.3530
33/49 [===================>..........] - ETA: 0s - loss: 1.8537 - accuracy: 0.3534
35/49 [====================>.........] - ETA: 0s - loss: 1.8535 - accuracy: 0.3533
37/49 [=====================>........] - ETA: 0s - loss: 1.8533 - accuracy: 0.3530
39/49 [======================>.......] - ETA: 0s - loss: 1.8538 - accuracy: 0.3527
41/49 [========================>.....] - ETA: 0s - loss: 1.8532 - accuracy: 0.3523
43/49 [=========================>....] - ETA: 0s - loss: 1.8536 - accuracy: 0.3524
45/49 [==========================>...] - ETA: 0s - loss: 1.8555 - accuracy: 0.3520
47/49 [===========================>..] - ETA: 0s - loss: 1.8565 - accuracy: 0.3515
49/49 [==============================] - ETA: 0s - loss: 1.8572 - accuracy: 0.3505
49/49 [==============================] - 3s 53ms/step - loss: 1.8572 - accuracy: 0.3505 - val_loss: 1.8315 - val_accuracy: 0.3660
Epoch 8/162

 1/49 [..............................] - ETA: 2s - loss: 1.8631 - accuracy: 0.3545
 3/49 [>.............................] - ETA: 1s - loss: 1.8695 - accuracy: 0.3444
 5/49 [==>...........................] - ETA: 1s - loss: 1.8521 - accuracy: 0.3498
 7/49 [===>..........................] - ETA: 1s - loss: 1.8481 - accuracy: 0.3539
 9/49 [====>.........................] - ETA: 1s - loss: 1.8465 - accuracy: 0.3566
11/49 [=====>........................] - ETA: 1s - loss: 1.8429 - accuracy: 0.3572
13/49 [======>.......................] - ETA: 1s - loss: 1.8394 - accuracy: 0.3600
15/49 [========>.....................] - ETA: 1s - loss: 1.8370 - accuracy: 0.3595
17/49 [=========>....................] - ETA: 1s - loss: 1.8415 - accuracy: 0.3566
19/49 [==========>...................] - ETA: 1s - loss: 1.8411 - accuracy: 0.3554
21/49 [===========>..................] - ETA: 0s - loss: 1.8375 - accuracy: 0.3580
23/49 [=============>................] - ETA: 0s - loss: 1.8366 - accuracy: 0.3590
25/49 [==============>...............] - ETA: 0s - loss: 1.8364 - accuracy: 0.3582
27/49 [===============>..............] - ETA: 0s - loss: 1.8384 - accuracy: 0.3559
29/49 [================>.............] - ETA: 0s - loss: 1.8374 - accuracy: 0.3556
31/49 [=================>............] - ETA: 0s - loss: 1.8385 - accuracy: 0.3543
33/49 [===================>..........] - ETA: 0s - loss: 1.8393 - accuracy: 0.3536
35/49 [====================>.........] - ETA: 0s - loss: 1.8398 - accuracy: 0.3530
37/49 [=====================>........] - ETA: 0s - loss: 1.8394 - accuracy: 0.3540
39/49 [======================>.......] - ETA: 0s - loss: 1.8405 - accuracy: 0.3542
41/49 [========================>.....] - ETA: 0s - loss: 1.8400 - accuracy: 0.3554
43/49 [=========================>....] - ETA: 0s - loss: 1.8398 - accuracy: 0.3558
45/49 [==========================>...] - ETA: 0s - loss: 1.8392 - accuracy: 0.3561
47/49 [===========================>..] - ETA: 0s - loss: 1.8385 - accuracy: 0.3565
49/49 [==============================] - ETA: 0s - loss: 1.8388 - accuracy: 0.3567
49/49 [==============================] - 3s 52ms/step - loss: 1.8388 - accuracy: 0.3567 - val_loss: 1.8125 - val_accuracy: 0.3775
Epoch 9/162

 1/49 [..............................] - ETA: 3s - loss: 1.8241 - accuracy: 0.3584
 3/49 [>.............................] - ETA: 1s - loss: 1.8513 - accuracy: 0.3464
 5/49 [==>...........................] - ETA: 1s - loss: 1.8328 - accuracy: 0.3578
 8/49 [===>..........................] - ETA: 1s - loss: 1.8423 - accuracy: 0.3560
10/49 [=====>........................] - ETA: 1s - loss: 1.8393 - accuracy: 0.3570
12/49 [======>.......................] - ETA: 1s - loss: 1.8385 - accuracy: 0.3592
15/49 [========>.....................] - ETA: 0s - loss: 1.8322 - accuracy: 0.3606
17/49 [=========>....................] - ETA: 0s - loss: 1.8285 - accuracy: 0.3626
20/49 [===========>..................] - ETA: 0s - loss: 1.8207 - accuracy: 0.3653
22/49 [============>.................] - ETA: 0s - loss: 1.8215 - accuracy: 0.3656
24/49 [=============>................] - ETA: 0s - loss: 1.8210 - accuracy: 0.3654
27/49 [===============>..............] - ETA: 0s - loss: 1.8184 - accuracy: 0.3664
29/49 [================>.............] - ETA: 0s - loss: 1.8197 - accuracy: 0.3661
32/49 [==================>...........] - ETA: 0s - loss: 1.8211 - accuracy: 0.3651
34/49 [===================>..........] - ETA: 0s - loss: 1.8209 - accuracy: 0.3652
37/49 [=====================>........] - ETA: 0s - loss: 1.8208 - accuracy: 0.3656
40/49 [=======================>......] - ETA: 0s - loss: 1.8214 - accuracy: 0.3661
42/49 [========================>.....] - ETA: 0s - loss: 1.8209 - accuracy: 0.3660
45/49 [==========================>...] - ETA: 0s - loss: 1.8196 - accuracy: 0.3668
47/49 [===========================>..] - ETA: 0s - loss: 1.8193 - accuracy: 0.3663
49/49 [==============================] - ETA: 0s - loss: 1.8196 - accuracy: 0.3660
49/49 [==============================] - 2s 47ms/step - loss: 1.8196 - accuracy: 0.3660 - val_loss: 1.8275 - val_accuracy: 0.3660
Epoch 10/162

 1/49 [..............................] - ETA: 2s - loss: 1.8274 - accuracy: 0.3613
 3/49 [>.............................] - ETA: 1s - loss: 1.8057 - accuracy: 0.3779
 5/49 [==>...........................] - ETA: 1s - loss: 1.8061 - accuracy: 0.3760
 7/49 [===>..........................] - ETA: 1s - loss: 1.8130 - accuracy: 0.3707
 9/49 [====>.........................] - ETA: 1s - loss: 1.8149 - accuracy: 0.3689
11/49 [=====>........................] - ETA: 1s - loss: 1.8112 - accuracy: 0.3679
13/49 [======>.......................] - ETA: 1s - loss: 1.8109 - accuracy: 0.3694
15/49 [========>.....................] - ETA: 1s - loss: 1.8085 - accuracy: 0.3701
17/49 [=========>....................] - ETA: 1s - loss: 1.8141 - accuracy: 0.3692
19/49 [==========>...................] - ETA: 1s - loss: 1.8151 - accuracy: 0.3692
21/49 [===========>..................] - ETA: 0s - loss: 1.8174 - accuracy: 0.3673
23/49 [=============>................] - ETA: 0s - loss: 1.8166 - accuracy: 0.3671
25/49 [==============>...............] - ETA: 0s - loss: 1.8158 - accuracy: 0.3667
27/49 [===============>..............] - ETA: 0s - loss: 1.8131 - accuracy: 0.3679
29/49 [================>.............] - ETA: 0s - loss: 1.8098 - accuracy: 0.3686
31/49 [=================>............] - ETA: 0s - loss: 1.8094 - accuracy: 0.3696
33/49 [===================>..........] - ETA: 0s - loss: 1.8113 - accuracy: 0.3696
35/49 [====================>.........] - ETA: 0s - loss: 1.8102 - accuracy: 0.3692
37/49 [=====================>........] - ETA: 0s - loss: 1.8101 - accuracy: 0.3693
40/49 [=======================>......] - ETA: 0s - loss: 1.8098 - accuracy: 0.3695
42/49 [========================>.....] - ETA: 0s - loss: 1.8119 - accuracy: 0.3688
44/49 [=========================>....] - ETA: 0s - loss: 1.8112 - accuracy: 0.3684
46/49 [===========================>..] - ETA: 0s - loss: 1.8106 - accuracy: 0.3689
48/49 [============================>.] - ETA: 0s - loss: 1.8109 - accuracy: 0.3684
49/49 [==============================] - 3s 53ms/step - loss: 1.8111 - accuracy: 0.3684 - val_loss: 1.9371 - val_accuracy: 0.3121
Epoch 11/162

 1/49 [..............................] - ETA: 2s - loss: 1.7978 - accuracy: 0.3662
 3/49 [>.............................] - ETA: 1s - loss: 1.8184 - accuracy: 0.3613
 5/49 [==>...........................] - ETA: 1s - loss: 1.8112 - accuracy: 0.3686
 7/49 [===>..........................] - ETA: 1s - loss: 1.8080 - accuracy: 0.3693
 9/49 [====>.........................] - ETA: 1s - loss: 1.8032 - accuracy: 0.3720
11/49 [=====>........................] - ETA: 1s - loss: 1.7998 - accuracy: 0.3748
13/49 [======>.......................] - ETA: 1s - loss: 1.8010 - accuracy: 0.3742
15/49 [========>.....................] - ETA: 1s - loss: 1.7962 - accuracy: 0.3775
17/49 [=========>....................] - ETA: 1s - loss: 1.8006 - accuracy: 0.3751
19/49 [==========>...................] - ETA: 1s - loss: 1.7949 - accuracy: 0.3759
21/49 [===========>..................] - ETA: 0s - loss: 1.7939 - accuracy: 0.3759
23/49 [=============>................] - ETA: 0s - loss: 1.7936 - accuracy: 0.3767
25/49 [==============>...............] - ETA: 0s - loss: 1.7964 - accuracy: 0.3754
27/49 [===============>..............] - ETA: 0s - loss: 1.7965 - accuracy: 0.3752
29/49 [================>.............] - ETA: 0s - loss: 1.7962 - accuracy: 0.3757
31/49 [=================>............] - ETA: 0s - loss: 1.7947 - accuracy: 0.3766
33/49 [===================>..........] - ETA: 0s - loss: 1.7973 - accuracy: 0.3757
35/49 [====================>.........] - ETA: 0s - loss: 1.7944 - accuracy: 0.3767
37/49 [=====================>........] - ETA: 0s - loss: 1.7954 - accuracy: 0.3762
39/49 [======================>.......] - ETA: 0s - loss: 1.7948 - accuracy: 0.3761
41/49 [========================>.....] - ETA: 0s - loss: 1.7930 - accuracy: 0.3769
43/49 [=========================>....] - ETA: 0s - loss: 1.7923 - accuracy: 0.3770
45/49 [==========================>...] - ETA: 0s - loss: 1.7920 - accuracy: 0.3766
47/49 [===========================>..] - ETA: 0s - loss: 1.7904 - accuracy: 0.3771
49/49 [==============================] - ETA: 0s - loss: 1.7886 - accuracy: 0.3772
49/49 [==============================] - 3s 52ms/step - loss: 1.7886 - accuracy: 0.3772 - val_loss: 1.9117 - val_accuracy: 0.3372
Epoch 12/162

 1/49 [..............................] - ETA: 2s - loss: 1.8036 - accuracy: 0.3662
 3/49 [>.............................] - ETA: 1s - loss: 1.7737 - accuracy: 0.3802
 5/49 [==>...........................] - ETA: 1s - loss: 1.7725 - accuracy: 0.3781
 7/49 [===>..........................] - ETA: 1s - loss: 1.7650 - accuracy: 0.3855
 9/49 [====>.........................] - ETA: 1s - loss: 1.7655 - accuracy: 0.3853
11/49 [=====>........................] - ETA: 1s - loss: 1.7677 - accuracy: 0.3833
13/49 [======>.......................] - ETA: 1s - loss: 1.7702 - accuracy: 0.3837
15/49 [========>.....................] - ETA: 1s - loss: 1.7674 - accuracy: 0.3866
17/49 [=========>....................] - ETA: 1s - loss: 1.7671 - accuracy: 0.3855
19/49 [==========>...................] - ETA: 1s - loss: 1.7692 - accuracy: 0.3849
21/49 [===========>..................] - ETA: 0s - loss: 1.7725 - accuracy: 0.3836
23/49 [=============>................] - ETA: 0s - loss: 1.7696 - accuracy: 0.3847
25/49 [==============>...............] - ETA: 0s - loss: 1.7714 - accuracy: 0.3835
27/49 [===============>..............] - ETA: 0s - loss: 1.7740 - accuracy: 0.3828
29/49 [================>.............] - ETA: 0s - loss: 1.7750 - accuracy: 0.3822
31/49 [=================>............] - ETA: 0s - loss: 1.7743 - accuracy: 0.3828
33/49 [===================>..........] - ETA: 0s - loss: 1.7725 - accuracy: 0.3832
35/49 [====================>.........] - ETA: 0s - loss: 1.7733 - accuracy: 0.3831
37/49 [=====================>........] - ETA: 0s - loss: 1.7730 - accuracy: 0.3833
39/49 [======================>.......] - ETA: 0s - loss: 1.7725 - accuracy: 0.3840
41/49 [========================>.....] - ETA: 0s - loss: 1.7729 - accuracy: 0.3838
43/49 [=========================>....] - ETA: 0s - loss: 1.7737 - accuracy: 0.3836
45/49 [==========================>...] - ETA: 0s - loss: 1.7737 - accuracy: 0.3833
47/49 [===========================>..] - ETA: 0s - loss: 1.7748 - accuracy: 0.3823
49/49 [==============================] - ETA: 0s - loss: 1.7743 - accuracy: 0.3824
49/49 [==============================] - 3s 53ms/step - loss: 1.7743 - accuracy: 0.3824 - val_loss: 1.8398 - val_accuracy: 0.3543
Epoch 13/162

 1/49 [..............................] - ETA: 2s - loss: 1.7636 - accuracy: 0.4053
 3/49 [>.............................] - ETA: 1s - loss: 1.7411 - accuracy: 0.4043
 5/49 [==>...........................] - ETA: 1s - loss: 1.7478 - accuracy: 0.3984
 7/49 [===>..........................] - ETA: 1s - loss: 1.7597 - accuracy: 0.3916
 9/49 [====>.........................] - ETA: 1s - loss: 1.7619 - accuracy: 0.3918
11/49 [=====>........................] - ETA: 1s - loss: 1.7557 - accuracy: 0.3911
13/49 [======>.......................] - ETA: 1s - loss: 1.7571 - accuracy: 0.3907
15/49 [========>.....................] - ETA: 1s - loss: 1.7589 - accuracy: 0.3883
17/49 [=========>....................] - ETA: 1s - loss: 1.7608 - accuracy: 0.3887
19/49 [==========>...................] - ETA: 1s - loss: 1.7637 - accuracy: 0.3883
21/49 [===========>..................] - ETA: 0s - loss: 1.7664 - accuracy: 0.3868
24/49 [=============>................] - ETA: 0s - loss: 1.7696 - accuracy: 0.3868
27/49 [===============>..............] - ETA: 0s - loss: 1.7677 - accuracy: 0.3872
30/49 [=================>............] - ETA: 0s - loss: 1.7679 - accuracy: 0.3876
33/49 [===================>..........] - ETA: 0s - loss: 1.7663 - accuracy: 0.3870
36/49 [=====================>........] - ETA: 0s - loss: 1.7654 - accuracy: 0.3876
38/49 [======================>.......] - ETA: 0s - loss: 1.7671 - accuracy: 0.3866
41/49 [========================>.....] - ETA: 0s - loss: 1.7658 - accuracy: 0.3875
44/49 [=========================>....] - ETA: 0s - loss: 1.7643 - accuracy: 0.3884
47/49 [===========================>..] - ETA: 0s - loss: 1.7635 - accuracy: 0.3890
49/49 [==============================] - ETA: 0s - loss: 1.7618 - accuracy: 0.3896
49/49 [==============================] - 2s 47ms/step - loss: 1.7618 - accuracy: 0.3896 - val_loss: 1.7550 - val_accuracy: 0.3935
Epoch 14/162

 1/49 [..............................] - ETA: 2s - loss: 1.7775 - accuracy: 0.3818
 3/49 [>.............................] - ETA: 1s - loss: 1.7694 - accuracy: 0.3942
 5/49 [==>...........................] - ETA: 1s - loss: 1.7466 - accuracy: 0.3977
 7/49 [===>..........................] - ETA: 1s - loss: 1.7475 - accuracy: 0.3966
 9/49 [====>.........................] - ETA: 1s - loss: 1.7495 - accuracy: 0.3994
11/49 [=====>........................] - ETA: 1s - loss: 1.7575 - accuracy: 0.3960
13/49 [======>.......................] - ETA: 1s - loss: 1.7508 - accuracy: 0.3976
15/49 [========>.....................] - ETA: 1s - loss: 1.7497 - accuracy: 0.3979
17/49 [=========>....................] - ETA: 1s - loss: 1.7547 - accuracy: 0.3952
19/49 [==========>...................] - ETA: 1s - loss: 1.7552 - accuracy: 0.3933
21/49 [===========>..................] - ETA: 0s - loss: 1.7602 - accuracy: 0.3923
23/49 [=============>................] - ETA: 0s - loss: 1.7617 - accuracy: 0.3913
25/49 [==============>...............] - ETA: 0s - loss: 1.7620 - accuracy: 0.3915
27/49 [===============>..............] - ETA: 0s - loss: 1.7617 - accuracy: 0.3917
29/49 [================>.............] - ETA: 0s - loss: 1.7642 - accuracy: 0.3906
31/49 [=================>............] - ETA: 0s - loss: 1.7615 - accuracy: 0.3912
33/49 [===================>..........] - ETA: 0s - loss: 1.7602 - accuracy: 0.3911
35/49 [====================>.........] - ETA: 0s - loss: 1.7587 - accuracy: 0.3914
37/49 [=====================>........] - ETA: 0s - loss: 1.7563 - accuracy: 0.3919
39/49 [======================>.......] - ETA: 0s - loss: 1.7545 - accuracy: 0.3924
41/49 [========================>.....] - ETA: 0s - loss: 1.7540 - accuracy: 0.3923
43/49 [=========================>....] - ETA: 0s - loss: 1.7534 - accuracy: 0.3926
45/49 [==========================>...] - ETA: 0s - loss: 1.7529 - accuracy: 0.3926
47/49 [===========================>..] - ETA: 0s - loss: 1.7508 - accuracy: 0.3932
49/49 [==============================] - ETA: 0s - loss: 1.7505 - accuracy: 0.3939
49/49 [==============================] - 3s 52ms/step - loss: 1.7505 - accuracy: 0.3939 - val_loss: 1.7369 - val_accuracy: 0.3908
Epoch 15/162

 1/49 [..............................] - ETA: 2s - loss: 1.7671 - accuracy: 0.3906
 3/49 [>.............................] - ETA: 1s - loss: 1.7530 - accuracy: 0.4017
 5/49 [==>...........................] - ETA: 1s - loss: 1.7423 - accuracy: 0.4045
 7/49 [===>..........................] - ETA: 1s - loss: 1.7458 - accuracy: 0.3996
 9/49 [====>.........................] - ETA: 1s - loss: 1.7346 - accuracy: 0.4004
11/49 [=====>........................] - ETA: 1s - loss: 1.7356 - accuracy: 0.4011
13/49 [======>.......................] - ETA: 1s - loss: 1.7346 - accuracy: 0.4024
15/49 [========>.....................] - ETA: 1s - loss: 1.7341 - accuracy: 0.4031
17/49 [=========>....................] - ETA: 1s - loss: 1.7326 - accuracy: 0.4036
19/49 [==========>...................] - ETA: 1s - loss: 1.7302 - accuracy: 0.4045
21/49 [===========>..................] - ETA: 0s - loss: 1.7325 - accuracy: 0.4035
23/49 [=============>................] - ETA: 0s - loss: 1.7347 - accuracy: 0.4038
25/49 [==============>...............] - ETA: 0s - loss: 1.7330 - accuracy: 0.4027
27/49 [===============>..............] - ETA: 0s - loss: 1.7342 - accuracy: 0.4027
29/49 [================>.............] - ETA: 0s - loss: 1.7305 - accuracy: 0.4043
31/49 [=================>............] - ETA: 0s - loss: 1.7299 - accuracy: 0.4042
33/49 [===================>..........] - ETA: 0s - loss: 1.7303 - accuracy: 0.4032
35/49 [====================>.........] - ETA: 0s - loss: 1.7306 - accuracy: 0.4027
37/49 [=====================>........] - ETA: 0s - loss: 1.7299 - accuracy: 0.4026
39/49 [======================>.......] - ETA: 0s - loss: 1.7305 - accuracy: 0.4022
42/49 [========================>.....] - ETA: 0s - loss: 1.7313 - accuracy: 0.4016
44/49 [=========================>....] - ETA: 0s - loss: 1.7308 - accuracy: 0.4017
46/49 [===========================>..] - ETA: 0s - loss: 1.7305 - accuracy: 0.4013
49/49 [==============================] - ETA: 0s - loss: 1.7306 - accuracy: 0.4008
49/49 [==============================] - 3s 53ms/step - loss: 1.7306 - accuracy: 0.4008 - val_loss: 1.9750 - val_accuracy: 0.2866
Epoch 16/162

 1/49 [..............................] - ETA: 3s - loss: 1.7091 - accuracy: 0.4121
 3/49 [>.............................] - ETA: 1s - loss: 1.7049 - accuracy: 0.4033
 5/49 [==>...........................] - ETA: 1s - loss: 1.6990 - accuracy: 0.4080
 7/49 [===>..........................] - ETA: 1s - loss: 1.7024 - accuracy: 0.4067
 9/49 [====>.........................] - ETA: 1s - loss: 1.7030 - accuracy: 0.4051
11/49 [=====>........................] - ETA: 1s - loss: 1.7072 - accuracy: 0.4061
13/49 [======>.......................] - ETA: 1s - loss: 1.7117 - accuracy: 0.4067
15/49 [========>.....................] - ETA: 1s - loss: 1.7139 - accuracy: 0.4046
17/49 [=========>....................] - ETA: 1s - loss: 1.7172 - accuracy: 0.4030
19/49 [==========>...................] - ETA: 1s - loss: 1.7186 - accuracy: 0.4033
21/49 [===========>..................] - ETA: 0s - loss: 1.7178 - accuracy: 0.4038
23/49 [=============>................] - ETA: 0s - loss: 1.7190 - accuracy: 0.4033
25/49 [==============>...............] - ETA: 0s - loss: 1.7221 - accuracy: 0.4023
27/49 [===============>..............] - ETA: 0s - loss: 1.7252 - accuracy: 0.4005
29/49 [================>.............] - ETA: 0s - loss: 1.7267 - accuracy: 0.4008
31/49 [=================>............] - ETA: 0s - loss: 1.7242 - accuracy: 0.4014
33/49 [===================>..........] - ETA: 0s - loss: 1.7245 - accuracy: 0.4016
35/49 [====================>.........] - ETA: 0s - loss: 1.7242 - accuracy: 0.4019
37/49 [=====================>........] - ETA: 0s - loss: 1.7233 - accuracy: 0.4016
39/49 [======================>.......] - ETA: 0s - loss: 1.7235 - accuracy: 0.4022
41/49 [========================>.....] - ETA: 0s - loss: 1.7238 - accuracy: 0.4022
43/49 [=========================>....] - ETA: 0s - loss: 1.7249 - accuracy: 0.4021
45/49 [==========================>...] - ETA: 0s - loss: 1.7253 - accuracy: 0.4020
47/49 [===========================>..] - ETA: 0s - loss: 1.7253 - accuracy: 0.4014
49/49 [==============================] - ETA: 0s - loss: 1.7248 - accuracy: 0.4014
49/49 [==============================] - 3s 53ms/step - loss: 1.7248 - accuracy: 0.4014 - val_loss: 1.8996 - val_accuracy: 0.3188
Epoch 17/162

 1/49 [..............................] - ETA: 2s - loss: 1.6900 - accuracy: 0.4199
 3/49 [>.............................] - ETA: 1s - loss: 1.7122 - accuracy: 0.4098
 5/49 [==>...........................] - ETA: 1s - loss: 1.7043 - accuracy: 0.4082
 7/49 [===>..........................] - ETA: 1s - loss: 1.7073 - accuracy: 0.4036
 9/49 [====>.........................] - ETA: 1s - loss: 1.7164 - accuracy: 0.4021
11/49 [=====>........................] - ETA: 1s - loss: 1.7142 - accuracy: 0.4040
13/49 [======>.......................] - ETA: 1s - loss: 1.7216 - accuracy: 0.4023
15/49 [========>.....................] - ETA: 1s - loss: 1.7256 - accuracy: 0.4006
17/49 [=========>....................] - ETA: 1s - loss: 1.7182 - accuracy: 0.4021
19/49 [==========>...................] - ETA: 1s - loss: 1.7180 - accuracy: 0.4032
21/49 [===========>..................] - ETA: 0s - loss: 1.7178 - accuracy: 0.4044
23/49 [=============>................] - ETA: 0s - loss: 1.7167 - accuracy: 0.4036
25/49 [==============>...............] - ETA: 0s - loss: 1.7181 - accuracy: 0.4040
27/49 [===============>..............] - ETA: 0s - loss: 1.7191 - accuracy: 0.4038
29/49 [================>.............] - ETA: 0s - loss: 1.7155 - accuracy: 0.4045
31/49 [=================>............] - ETA: 0s - loss: 1.7152 - accuracy: 0.4047
33/49 [===================>..........] - ETA: 0s - loss: 1.7150 - accuracy: 0.4045
35/49 [====================>.........] - ETA: 0s - loss: 1.7148 - accuracy: 0.4045
37/49 [=====================>........] - ETA: 0s - loss: 1.7157 - accuracy: 0.4034
39/49 [======================>.......] - ETA: 0s - loss: 1.7164 - accuracy: 0.4032
41/49 [========================>.....] - ETA: 0s - loss: 1.7167 - accuracy: 0.4036
43/49 [=========================>....] - ETA: 0s - loss: 1.7148 - accuracy: 0.4043
45/49 [==========================>...] - ETA: 0s - loss: 1.7158 - accuracy: 0.4039
47/49 [===========================>..] - ETA: 0s - loss: 1.7159 - accuracy: 0.4038
49/49 [==============================] - 2s 48ms/step - loss: 1.7152 - accuracy: 0.4041 - val_loss: 2.1291 - val_accuracy: 0.2811
Epoch 18/162

 1/49 [..............................] - ETA: 3s - loss: 1.6921 - accuracy: 0.4111
 3/49 [>.............................] - ETA: 1s - loss: 1.7095 - accuracy: 0.4016
 5/49 [==>...........................] - ETA: 1s - loss: 1.7078 - accuracy: 0.4110
 7/49 [===>..........................] - ETA: 1s - loss: 1.7018 - accuracy: 0.4129
 9/49 [====>.........................] - ETA: 1s - loss: 1.7107 - accuracy: 0.4117
11/49 [=====>........................] - ETA: 1s - loss: 1.7084 - accuracy: 0.4106
13/49 [======>.......................] - ETA: 1s - loss: 1.7025 - accuracy: 0.4130
15/49 [========>.....................] - ETA: 1s - loss: 1.7006 - accuracy: 0.4133
17/49 [=========>....................] - ETA: 1s - loss: 1.7066 - accuracy: 0.4119
19/49 [==========>...................] - ETA: 1s - loss: 1.7086 - accuracy: 0.4117
21/49 [===========>..................] - ETA: 1s - loss: 1.7106 - accuracy: 0.4114
23/49 [=============>................] - ETA: 0s - loss: 1.7119 - accuracy: 0.4097
25/49 [==============>...............] - ETA: 0s - loss: 1.7105 - accuracy: 0.4089
27/49 [===============>..............] - ETA: 0s - loss: 1.7096 - accuracy: 0.4094
29/49 [================>.............] - ETA: 0s - loss: 1.7080 - accuracy: 0.4090
31/49 [=================>............] - ETA: 0s - loss: 1.7077 - accuracy: 0.4096
33/49 [===================>..........] - ETA: 0s - loss: 1.7085 - accuracy: 0.4086
35/49 [====================>.........] - ETA: 0s - loss: 1.7078 - accuracy: 0.4097
37/49 [=====================>........] - ETA: 0s - loss: 1.7082 - accuracy: 0.4096
39/49 [======================>.......] - ETA: 0s - loss: 1.7068 - accuracy: 0.4097
41/49 [========================>.....] - ETA: 0s - loss: 1.7079 - accuracy: 0.4091
43/49 [=========================>....] - ETA: 0s - loss: 1.7090 - accuracy: 0.4086
45/49 [==========================>...] - ETA: 0s - loss: 1.7085 - accuracy: 0.4087
47/49 [===========================>..] - ETA: 0s - loss: 1.7090 - accuracy: 0.4080
49/49 [==============================] - ETA: 0s - loss: 1.7103 - accuracy: 0.4073
49/49 [==============================] - 3s 54ms/step - loss: 1.7103 - accuracy: 0.4073 - val_loss: 2.0422 - val_accuracy: 0.2840
Epoch 19/162

 1/49 [..............................] - ETA: 2s - loss: 1.6965 - accuracy: 0.4229
 3/49 [>.............................] - ETA: 1s - loss: 1.7223 - accuracy: 0.4108
 5/49 [==>...........................] - ETA: 1s - loss: 1.7207 - accuracy: 0.4080
 7/49 [===>..........................] - ETA: 1s - loss: 1.7236 - accuracy: 0.4053
 9/49 [====>.........................] - ETA: 1s - loss: 1.7110 - accuracy: 0.4120
11/49 [=====>........................] - ETA: 1s - loss: 1.7160 - accuracy: 0.4097
13/49 [======>.......................] - ETA: 1s - loss: 1.7281 - accuracy: 0.4069
15/49 [========>.....................] - ETA: 1s - loss: 1.7249 - accuracy: 0.4069
17/49 [=========>....................] - ETA: 1s - loss: 1.7190 - accuracy: 0.4089
19/49 [==========>...................] - ETA: 1s - loss: 1.7212 - accuracy: 0.4088
21/49 [===========>..................] - ETA: 0s - loss: 1.7188 - accuracy: 0.4076
23/49 [=============>................] - ETA: 0s - loss: 1.7194 - accuracy: 0.4073
25/49 [==============>...............] - ETA: 0s - loss: 1.7181 - accuracy: 0.4076
27/49 [===============>..............] - ETA: 0s - loss: 1.7150 - accuracy: 0.4083
29/49 [================>.............] - ETA: 0s - loss: 1.7162 - accuracy: 0.4064
31/49 [=================>............] - ETA: 0s - loss: 1.7167 - accuracy: 0.4065
33/49 [===================>..........] - ETA: 0s - loss: 1.7167 - accuracy: 0.4068
35/49 [====================>.........] - ETA: 0s - loss: 1.7155 - accuracy: 0.4075
37/49 [=====================>........] - ETA: 0s - loss: 1.7147 - accuracy: 0.4074
39/49 [======================>.......] - ETA: 0s - loss: 1.7148 - accuracy: 0.4070
41/49 [========================>.....] - ETA: 0s - loss: 1.7139 - accuracy: 0.4062
43/49 [=========================>....] - ETA: 0s - loss: 1.7115 - accuracy: 0.4074
45/49 [==========================>...] - ETA: 0s - loss: 1.7111 - accuracy: 0.4068
47/49 [===========================>..] - ETA: 0s - loss: 1.7090 - accuracy: 0.4071
49/49 [==============================] - ETA: 0s - loss: 1.7085 - accuracy: 0.4072
49/49 [==============================] - 3s 53ms/step - loss: 1.7085 - accuracy: 0.4072 - val_loss: 2.1352 - val_accuracy: 0.2778
Epoch 20/162

 1/49 [..............................] - ETA: 2s - loss: 1.6805 - accuracy: 0.4219
 3/49 [>.............................] - ETA: 1s - loss: 1.7020 - accuracy: 0.4059
 5/49 [==>...........................] - ETA: 1s - loss: 1.6987 - accuracy: 0.4051
 7/49 [===>..........................] - ETA: 1s - loss: 1.6906 - accuracy: 0.4028
 9/49 [====>.........................] - ETA: 1s - loss: 1.6909 - accuracy: 0.4029
10/49 [=====>........................] - ETA: 1s - loss: 1.6890 - accuracy: 0.4046
12/49 [======>.......................] - ETA: 1s - loss: 1.6825 - accuracy: 0.4087
14/49 [=======>......................] - ETA: 1s - loss: 1.6861 - accuracy: 0.4103
16/49 [========>.....................] - ETA: 1s - loss: 1.6804 - accuracy: 0.4116
18/49 [==========>...................] - ETA: 1s - loss: 1.6806 - accuracy: 0.4129
20/49 [===========>..................] - ETA: 0s - loss: 1.6855 - accuracy: 0.4112
22/49 [============>.................] - ETA: 0s - loss: 1.6871 - accuracy: 0.4103
24/49 [=============>................] - ETA: 0s - loss: 1.6924 - accuracy: 0.4085
26/49 [==============>...............] - ETA: 0s - loss: 1.6933 - accuracy: 0.4085
28/49 [================>.............] - ETA: 0s - loss: 1.6957 - accuracy: 0.4089
30/49 [=================>............] - ETA: 0s - loss: 1.6953 - accuracy: 0.4090
32/49 [==================>...........] - ETA: 0s - loss: 1.6971 - accuracy: 0.4080
34/49 [===================>..........] - ETA: 0s - loss: 1.6948 - accuracy: 0.4091
36/49 [=====================>........] - ETA: 0s - loss: 1.6951 - accuracy: 0.4092
38/49 [======================>.......] - ETA: 0s - loss: 1.6964 - accuracy: 0.4084
40/49 [=======================>......] - ETA: 0s - loss: 1.6982 - accuracy: 0.4082
42/49 [========================>.....] - ETA: 0s - loss: 1.6978 - accuracy: 0.4082
44/49 [=========================>....] - ETA: 0s - loss: 1.6978 - accuracy: 0.4078
46/49 [===========================>..] - ETA: 0s - loss: 1.6972 - accuracy: 0.4080
48/49 [============================>.] - ETA: 0s - loss: 1.6975 - accuracy: 0.4085
49/49 [==============================] - 3s 53ms/step - loss: 1.6977 - accuracy: 0.4089 - val_loss: 2.1947 - val_accuracy: 0.2631
Epoch 21/162

 1/49 [..............................] - ETA: 2s - loss: 1.6681 - accuracy: 0.4170
 3/49 [>.............................] - ETA: 1s - loss: 1.6794 - accuracy: 0.4089
 5/49 [==>...........................] - ETA: 1s - loss: 1.6715 - accuracy: 0.4131
 7/49 [===>..........................] - ETA: 1s - loss: 1.6641 - accuracy: 0.4136
 9/49 [====>.........................] - ETA: 1s - loss: 1.6616 - accuracy: 0.4158
11/49 [=====>........................] - ETA: 1s - loss: 1.6628 - accuracy: 0.4151
13/49 [======>.......................] - ETA: 1s - loss: 1.6663 - accuracy: 0.4147
15/49 [========>.....................] - ETA: 1s - loss: 1.6722 - accuracy: 0.4127
17/49 [=========>....................] - ETA: 1s - loss: 1.6696 - accuracy: 0.4138
19/49 [==========>...................] - ETA: 1s - loss: 1.6705 - accuracy: 0.4131
21/49 [===========>..................] - ETA: 0s - loss: 1.6719 - accuracy: 0.4117
23/49 [=============>................] - ETA: 0s - loss: 1.6706 - accuracy: 0.4125
25/49 [==============>...............] - ETA: 0s - loss: 1.6699 - accuracy: 0.4136
27/49 [===============>..............] - ETA: 0s - loss: 1.6710 - accuracy: 0.4136
29/49 [================>.............] - ETA: 0s - loss: 1.6710 - accuracy: 0.4137
31/49 [=================>............] - ETA: 0s - loss: 1.6697 - accuracy: 0.4132
33/49 [===================>..........] - ETA: 0s - loss: 1.6682 - accuracy: 0.4134
35/49 [====================>.........] - ETA: 0s - loss: 1.6677 - accuracy: 0.4135
37/49 [=====================>........] - ETA: 0s - loss: 1.6672 - accuracy: 0.4134
39/49 [======================>.......] - ETA: 0s - loss: 1.6652 - accuracy: 0.4141
41/49 [========================>.....] - ETA: 0s - loss: 1.6645 - accuracy: 0.4138
43/49 [=========================>....] - ETA: 0s - loss: 1.6636 - accuracy: 0.4139
45/49 [==========================>...] - ETA: 0s - loss: 1.6638 - accuracy: 0.4134
47/49 [===========================>..] - ETA: 0s - loss: 1.6621 - accuracy: 0.4137
49/49 [==============================] - ETA: 0s - loss: 1.6608 - accuracy: 0.4149
49/49 [==============================] - 2s 50ms/step - loss: 1.6608 - accuracy: 0.4149 - val_loss: 1.8891 - val_accuracy: 0.3391
Epoch 22/162

 1/49 [..............................] - ETA: 3s - loss: 1.5828 - accuracy: 0.4492
 3/49 [>.............................] - ETA: 1s - loss: 1.6410 - accuracy: 0.4222
 5/49 [==>...........................] - ETA: 1s - loss: 1.6387 - accuracy: 0.4252
 7/49 [===>..........................] - ETA: 1s - loss: 1.6432 - accuracy: 0.4277
 9/49 [====>.........................] - ETA: 1s - loss: 1.6379 - accuracy: 0.4281
12/49 [======>.......................] - ETA: 1s - loss: 1.6276 - accuracy: 0.4334
15/49 [========>.....................] - ETA: 1s - loss: 1.6287 - accuracy: 0.4299
17/49 [=========>....................] - ETA: 0s - loss: 1.6287 - accuracy: 0.4308
20/49 [===========>..................] - ETA: 0s - loss: 1.6276 - accuracy: 0.4313
22/49 [============>.................] - ETA: 0s - loss: 1.6256 - accuracy: 0.4312
24/49 [=============>................] - ETA: 0s - loss: 1.6296 - accuracy: 0.4306
26/49 [==============>...............] - ETA: 0s - loss: 1.6289 - accuracy: 0.4303
28/49 [================>.............] - ETA: 0s - loss: 1.6294 - accuracy: 0.4294
30/49 [=================>............] - ETA: 0s - loss: 1.6304 - accuracy: 0.4286
32/49 [==================>...........] - ETA: 0s - loss: 1.6285 - accuracy: 0.4293
34/49 [===================>..........] - ETA: 0s - loss: 1.6306 - accuracy: 0.4282
36/49 [=====================>........] - ETA: 0s - loss: 1.6311 - accuracy: 0.4274
38/49 [======================>.......] - ETA: 0s - loss: 1.6315 - accuracy: 0.4266
40/49 [=======================>......] - ETA: 0s - loss: 1.6312 - accuracy: 0.4265
42/49 [========================>.....] - ETA: 0s - loss: 1.6307 - accuracy: 0.4269
44/49 [=========================>....] - ETA: 0s - loss: 1.6301 - accuracy: 0.4271
46/49 [===========================>..] - ETA: 0s - loss: 1.6306 - accuracy: 0.4265
48/49 [============================>.] - ETA: 0s - loss: 1.6312 - accuracy: 0.4265
49/49 [==============================] - 3s 52ms/step - loss: 1.6313 - accuracy: 0.4265 - val_loss: 1.7557 - val_accuracy: 0.3742
Epoch 22: early stopping

  1/313 [..............................] - ETA: 7s - loss: 1.5126 - accuracy: 0.4688
 17/313 [>.............................] - ETA: 0s - loss: 1.8196 - accuracy: 0.3419
 38/313 [==>...........................] - ETA: 0s - loss: 1.7964 - accuracy: 0.3660
 59/313 [====>.........................] - ETA: 0s - loss: 1.7825 - accuracy: 0.3607
 78/313 [======>.......................] - ETA: 0s - loss: 1.7632 - accuracy: 0.3722
 98/313 [========>.....................] - ETA: 0s - loss: 1.7670 - accuracy: 0.3670
118/313 [==========>...................] - ETA: 0s - loss: 1.7528 - accuracy: 0.3742
138/313 [============>.................] - ETA: 0s - loss: 1.7534 - accuracy: 0.3768
159/313 [==============>...............] - ETA: 0s - loss: 1.7501 - accuracy: 0.3748
178/313 [================>.............] - ETA: 0s - loss: 1.7560 - accuracy: 0.3750
197/313 [=================>............] - ETA: 0s - loss: 1.7524 - accuracy: 0.3764
218/313 [===================>..........] - ETA: 0s - loss: 1.7566 - accuracy: 0.3741
236/313 [=====================>........] - ETA: 0s - loss: 1.7519 - accuracy: 0.3766
254/313 [=======================>......] - ETA: 0s - loss: 1.7485 - accuracy: 0.3780
274/313 [=========================>....] - ETA: 0s - loss: 1.7573 - accuracy: 0.3752
293/313 [===========================>..] - ETA: 0s - loss: 1.7567 - accuracy: 0.3749
312/313 [============================>.] - ETA: 0s - loss: 1.7557 - accuracy: 0.3747
313/313 [==============================] - 1s 3ms/step - loss: 1.7557 - accuracy: 0.3742
