2024-06-26 18:57:18.224190: I tensorflow/core/platform/cpu_feature_guard.cc:193] This TensorFlow binary is optimized with oneAPI Deep Neural Network Library (oneDNN) to use the following CPU instructions in performance-critical operations:  AVX AVX2
To enable them in other operations, rebuild TensorFlow with the appropriate compiler flags.
2024-06-26 18:57:18.779961: I tensorflow/core/common_runtime/gpu/gpu_device.cc:1616] Created device /job:localhost/replica:0/task:0/device:GPU:0 with 6656 MB memory:  -> device: 0, name: NVIDIA GeForce RTX 4060 Ti, pci bus id: 0000:01:00.0, compute capability: 8.9
1 Physical GPUs, 1 Logical GPUs
Model: "sequential"
_________________________________________________________________
 Layer (type)                Output Shape              Param #   
=================================================================
 conv2d (Conv2D)             (None, 32, 32, 32)        896       
                                                                 
 max_pooling2d (MaxPooling2D  (None, 16, 16, 32)       0         
 )                                                               
                                                                 
 batch_normalization (BatchN  (None, 16, 16, 32)       128       
 ormalization)                                                   
                                                                 
 conv2d_1 (Conv2D)           (None, 16, 16, 256)       401664    
                                                                 
 dropout (Dropout)           (None, 16, 16, 256)       0         
                                                                 
 flatten (Flatten)           (None, 65536)             0         
                                                                 
 dense (Dense)               (None, 16)                1048592   
                                                                 
 dropout_1 (Dropout)         (None, 16)                0         
                                                                 
 dense_1 (Dense)             (None, 10)                170       
                                                                 
=================================================================
Total params: 1,451,450
Trainable params: 1,451,386
Non-trainable params: 64
_________________________________________________________________
Taxa de aprendizado:  1 Num de épocas:  113 Tamanho do lote:  256 Dropout:  0.35528
Epoch 1/113
2024-06-26 18:57:20.163029: I tensorflow/stream_executor/cuda/cuda_dnn.cc:384] Loaded cuDNN version 8100
2024-06-26 18:57:20.988167: W tensorflow/stream_executor/gpu/redzone_allocator.cc:314] INTERNAL: ptxas exited with non-zero error code -1, output: 
Relying on driver to perform ptx compilation. 
Modify $PATH to customize ptxas location.
This message will be only logged once.
2024-06-26 18:57:22.001064: I tensorflow/stream_executor/cuda/cuda_blas.cc:1614] TensorFloat-32 will be used for the matrix multiplication. This will only be logged once.

  1/196 [..............................] - ETA: 12:40 - loss: 2.4325 - accuracy: 0.0820
  3/196 [..............................] - ETA: 7s - loss: 7.3775 - accuracy: 0.0951   
  5/196 [..............................] - ETA: 7s - loss: 11.2838 - accuracy: 0.0906
  7/196 [>.............................] - ETA: 7s - loss: 13.5864 - accuracy: 0.0971
  9/196 [>.............................] - ETA: 7s - loss: 13.1300 - accuracy: 0.0977
 11/196 [>.............................] - ETA: 7s - loss: 12.0766 - accuracy: 0.1016
 13/196 [>.............................] - ETA: 7s - loss: 11.5189 - accuracy: 0.1007
 15/196 [=>............................] - ETA: 7s - loss: 11.1598 - accuracy: 0.1023
 17/196 [=>............................] - ETA: 7s - loss: 10.9518 - accuracy: 0.1043
 19/196 [=>............................] - ETA: 7s - loss: 10.6131 - accuracy: 0.1040
 21/196 [==>...........................] - ETA: 7s - loss: 10.1300 - accuracy: 0.1034
 23/196 [==>...........................] - ETA: 7s - loss: 9.7951 - accuracy: 0.1009 
 25/196 [==>...........................] - ETA: 6s - loss: 9.4876 - accuracy: 0.1019
 27/196 [===>..........................] - ETA: 6s - loss: 9.2798 - accuracy: 0.1004
 29/196 [===>..........................] - ETA: 6s - loss: 9.0884 - accuracy: 0.1002
 31/196 [===>..........................] - ETA: 6s - loss: 8.8061 - accuracy: 0.0984
 33/196 [====>.........................] - ETA: 6s - loss: 8.5465 - accuracy: 0.0977
 35/196 [====>.........................] - ETA: 6s - loss: 8.3295 - accuracy: 0.0973
 37/196 [====>.........................] - ETA: 6s - loss: 8.1277 - accuracy: 0.0965
 39/196 [====>.........................] - ETA: 6s - loss: 7.9051 - accuracy: 0.0970
 41/196 [=====>........................] - ETA: 6s - loss: 7.7288 - accuracy: 0.0968
 43/196 [=====>........................] - ETA: 6s - loss: 7.5385 - accuracy: 0.0969
 45/196 [=====>........................] - ETA: 6s - loss: 7.3832 - accuracy: 0.0974
 47/196 [======>.......................] - ETA: 6s - loss: 7.2172 - accuracy: 0.0977
 49/196 [======>.......................] - ETA: 6s - loss: 7.0579 - accuracy: 0.0965
 51/196 [======>.......................] - ETA: 5s - loss: 6.9172 - accuracy: 0.0972
 53/196 [=======>......................] - ETA: 5s - loss: 6.7620 - accuracy: 0.0981
 55/196 [=======>......................] - ETA: 5s - loss: 6.6354 - accuracy: 0.0977
 57/196 [=======>......................] - ETA: 5s - loss: 6.5180 - accuracy: 0.0977
 59/196 [========>.....................] - ETA: 5s - loss: 6.4070 - accuracy: 0.0978
 61/196 [========>.....................] - ETA: 5s - loss: 6.2989 - accuracy: 0.0972
 63/196 [========>.....................] - ETA: 5s - loss: 6.1953 - accuracy: 0.0975
 65/196 [========>.....................] - ETA: 5s - loss: 6.0963 - accuracy: 0.0973
 67/196 [=========>....................] - ETA: 5s - loss: 6.0027 - accuracy: 0.0970
 69/196 [=========>....................] - ETA: 5s - loss: 5.9098 - accuracy: 0.0967
 71/196 [=========>....................] - ETA: 5s - loss: 5.8321 - accuracy: 0.0969
 73/196 [==========>...................] - ETA: 4s - loss: 5.7559 - accuracy: 0.0968
 75/196 [==========>...................] - ETA: 4s - loss: 5.6952 - accuracy: 0.0974
 77/196 [==========>...................] - ETA: 4s - loss: 5.6356 - accuracy: 0.0978
 79/196 [===========>..................] - ETA: 4s - loss: 5.5873 - accuracy: 0.0973
 81/196 [===========>..................] - ETA: 4s - loss: 5.5594 - accuracy: 0.0974
 83/196 [===========>..................] - ETA: 4s - loss: 5.5123 - accuracy: 0.0972
 85/196 [============>.................] - ETA: 4s - loss: 5.4783 - accuracy: 0.0976
 87/196 [============>.................] - ETA: 4s - loss: 5.4445 - accuracy: 0.0982
 89/196 [============>.................] - ETA: 4s - loss: 5.4077 - accuracy: 0.0983
 91/196 [============>.................] - ETA: 4s - loss: 5.3649 - accuracy: 0.0980
 93/196 [=============>................] - ETA: 4s - loss: 5.3405 - accuracy: 0.0981
 95/196 [=============>................] - ETA: 3s - loss: 5.3064 - accuracy: 0.0983
 96/196 [=============>................] - ETA: 4s - loss: 5.3056 - accuracy: 0.0982
 98/196 [==============>...............] - ETA: 4s - loss: 5.2737 - accuracy: 0.0982
100/196 [==============>...............] - ETA: 4s - loss: 5.2628 - accuracy: 0.0980
102/196 [==============>...............] - ETA: 4s - loss: 5.2476 - accuracy: 0.0977
104/196 [==============>...............] - ETA: 3s - loss: 5.2492 - accuracy: 0.0978
106/196 [===============>..............] - ETA: 3s - loss: 5.2344 - accuracy: 0.0978
108/196 [===============>..............] - ETA: 3s - loss: 5.2312 - accuracy: 0.0983
110/196 [===============>..............] - ETA: 3s - loss: 5.2562 - accuracy: 0.0983
112/196 [================>.............] - ETA: 3s - loss: 5.2411 - accuracy: 0.0979
114/196 [================>.............] - ETA: 3s - loss: 5.2391 - accuracy: 0.0978
116/196 [================>.............] - ETA: 3s - loss: 5.2547 - accuracy: 0.0979
118/196 [=================>............] - ETA: 3s - loss: 5.2647 - accuracy: 0.0979
120/196 [=================>............] - ETA: 3s - loss: 5.2620 - accuracy: 0.0979
122/196 [=================>............] - ETA: 3s - loss: 5.2340 - accuracy: 0.0979
124/196 [=================>............] - ETA: 3s - loss: 5.2245 - accuracy: 0.0977
126/196 [==================>...........] - ETA: 2s - loss: 5.2022 - accuracy: 0.0981
128/196 [==================>...........] - ETA: 2s - loss: 5.1854 - accuracy: 0.0981
130/196 [==================>...........] - ETA: 2s - loss: 5.1734 - accuracy: 0.0983
132/196 [===================>..........] - ETA: 2s - loss: 5.1517 - accuracy: 0.0986
134/196 [===================>..........] - ETA: 2s - loss: 5.1440 - accuracy: 0.0986
136/196 [===================>..........] - ETA: 2s - loss: 5.1301 - accuracy: 0.0983
138/196 [====================>.........] - ETA: 2s - loss: 5.1286 - accuracy: 0.0984
140/196 [====================>.........] - ETA: 2s - loss: 5.1166 - accuracy: 0.0985
142/196 [====================>.........] - ETA: 2s - loss: 5.1047 - accuracy: 0.0981
144/196 [=====================>........] - ETA: 2s - loss: 5.1114 - accuracy: 0.0980
146/196 [=====================>........] - ETA: 2s - loss: 5.1049 - accuracy: 0.0980
148/196 [=====================>........] - ETA: 2s - loss: 5.0928 - accuracy: 0.0980
150/196 [=====================>........] - ETA: 1s - loss: 5.0828 - accuracy: 0.0981
152/196 [======================>.......] - ETA: 1s - loss: 5.0749 - accuracy: 0.0982
154/196 [======================>.......] - ETA: 1s - loss: 5.0749 - accuracy: 0.0980
156/196 [======================>.......] - ETA: 1s - loss: 5.0630 - accuracy: 0.0981
158/196 [=======================>......] - ETA: 1s - loss: 5.0609 - accuracy: 0.0984
160/196 [=======================>......] - ETA: 1s - loss: 5.0557 - accuracy: 0.0986
162/196 [=======================>......] - ETA: 1s - loss: 5.0428 - accuracy: 0.0984
164/196 [========================>.....] - ETA: 1s - loss: 5.0297 - accuracy: 0.0983
166/196 [========================>.....] - ETA: 1s - loss: 5.0197 - accuracy: 0.0983
168/196 [========================>.....] - ETA: 1s - loss: 5.0030 - accuracy: 0.0984
170/196 [=========================>....] - ETA: 1s - loss: 4.9985 - accuracy: 0.0984
172/196 [=========================>....] - ETA: 0s - loss: 4.9906 - accuracy: 0.0982
174/196 [=========================>....] - ETA: 0s - loss: 4.9691 - accuracy: 0.0984
176/196 [=========================>....] - ETA: 0s - loss: 4.9508 - accuracy: 0.0983
178/196 [==========================>...] - ETA: 0s - loss: 4.9286 - accuracy: 0.0981
180/196 [==========================>...] - ETA: 0s - loss: 4.9087 - accuracy: 0.0982
182/196 [==========================>...] - ETA: 0s - loss: 4.8839 - accuracy: 0.0981
184/196 [===========================>..] - ETA: 0s - loss: 4.8615 - accuracy: 0.0983
186/196 [===========================>..] - ETA: 0s - loss: 4.8372 - accuracy: 0.0983
188/196 [===========================>..] - ETA: 0s - loss: 4.8150 - accuracy: 0.0983
190/196 [============================>.] - ETA: 0s - loss: 4.7935 - accuracy: 0.0985
192/196 [============================>.] - ETA: 0s - loss: 4.7703 - accuracy: 0.0989
194/196 [============================>.] - ETA: 0s - loss: 4.7485 - accuracy: 0.0991
196/196 [==============================] - ETA: 0s - loss: 4.7275 - accuracy: 0.0989
196/196 [==============================] - 13s 47ms/step - loss: 4.7275 - accuracy: 0.0989 - val_loss: 2.5485 - val_accuracy: 0.1000
Epoch 2/113

  1/196 [..............................] - ETA: 9s - loss: 2.6361 - accuracy: 0.0859
  3/196 [..............................] - ETA: 6s - loss: 2.6572 - accuracy: 0.1094
  5/196 [..............................] - ETA: 5s - loss: 2.6296 - accuracy: 0.1051
  7/196 [>.............................] - ETA: 5s - loss: 2.6316 - accuracy: 0.1077
  9/196 [>.............................] - ETA: 6s - loss: 2.6679 - accuracy: 0.1057
 11/196 [>.............................] - ETA: 6s - loss: 2.7163 - accuracy: 0.1095
 13/196 [>.............................] - ETA: 6s - loss: 2.8000 - accuracy: 0.1079
 15/196 [=>............................] - ETA: 6s - loss: 2.8223 - accuracy: 0.1048
 17/196 [=>............................] - ETA: 6s - loss: 2.8321 - accuracy: 0.1039
 19/196 [=>............................] - ETA: 6s - loss: 2.8900 - accuracy: 0.1032
 21/196 [==>...........................] - ETA: 6s - loss: 2.8804 - accuracy: 0.1033
 23/196 [==>...........................] - ETA: 6s - loss: 2.8691 - accuracy: 0.1012
 25/196 [==>...........................] - ETA: 6s - loss: 2.8692 - accuracy: 0.1009
 27/196 [===>..........................] - ETA: 6s - loss: 2.8921 - accuracy: 0.1017
 29/196 [===>..........................] - ETA: 6s - loss: 2.9210 - accuracy: 0.0999
 31/196 [===>..........................] - ETA: 6s - loss: 2.9360 - accuracy: 0.1009
 33/196 [====>.........................] - ETA: 6s - loss: 2.9218 - accuracy: 0.1014
 35/196 [====>.........................] - ETA: 6s - loss: 2.9348 - accuracy: 0.1012
 37/196 [====>.........................] - ETA: 6s - loss: 2.9251 - accuracy: 0.1021
 39/196 [====>.........................] - ETA: 6s - loss: 2.9263 - accuracy: 0.1028
 41/196 [=====>........................] - ETA: 6s - loss: 2.9207 - accuracy: 0.1023
 43/196 [=====>........................] - ETA: 5s - loss: 2.9136 - accuracy: 0.1028
 45/196 [=====>........................] - ETA: 5s - loss: 2.9063 - accuracy: 0.1031
 47/196 [======>.......................] - ETA: 5s - loss: 2.8950 - accuracy: 0.1024
 49/196 [======>.......................] - ETA: 5s - loss: 2.8806 - accuracy: 0.1020
 51/196 [======>.......................] - ETA: 5s - loss: 2.8687 - accuracy: 0.1019
 53/196 [=======>......................] - ETA: 5s - loss: 2.8548 - accuracy: 0.1014
 55/196 [=======>......................] - ETA: 5s - loss: 2.8434 - accuracy: 0.1013
 57/196 [=======>......................] - ETA: 5s - loss: 2.8310 - accuracy: 0.1022
 59/196 [========>.....................] - ETA: 5s - loss: 2.8232 - accuracy: 0.1018
 61/196 [========>.....................] - ETA: 5s - loss: 2.8194 - accuracy: 0.1017
 63/196 [========>.....................] - ETA: 5s - loss: 2.8155 - accuracy: 0.1020
 65/196 [========>.....................] - ETA: 5s - loss: 2.8082 - accuracy: 0.1020
 67/196 [=========>....................] - ETA: 5s - loss: 2.8050 - accuracy: 0.1020
 69/196 [=========>....................] - ETA: 5s - loss: 2.8022 - accuracy: 0.1020
 71/196 [=========>....................] - ETA: 4s - loss: 2.7987 - accuracy: 0.1017
 73/196 [==========>...................] - ETA: 4s - loss: 2.7985 - accuracy: 0.1014
 75/196 [==========>...................] - ETA: 4s - loss: 2.7994 - accuracy: 0.1009
 77/196 [==========>...................] - ETA: 4s - loss: 2.8015 - accuracy: 0.1006
 79/196 [===========>..................] - ETA: 4s - loss: 2.8065 - accuracy: 0.1007
 81/196 [===========>..................] - ETA: 4s - loss: 2.8129 - accuracy: 0.1007
 83/196 [===========>..................] - ETA: 4s - loss: 2.8231 - accuracy: 0.1009
 85/196 [============>.................] - ETA: 4s - loss: 2.8350 - accuracy: 0.1010
 87/196 [============>.................] - ETA: 4s - loss: 2.8449 - accuracy: 0.1014
 89/196 [============>.................] - ETA: 4s - loss: 2.8480 - accuracy: 0.1011
 91/196 [============>.................] - ETA: 4s - loss: 2.8444 - accuracy: 0.1012
 93/196 [=============>................] - ETA: 3s - loss: 2.8495 - accuracy: 0.1011
 95/196 [=============>................] - ETA: 3s - loss: 2.8541 - accuracy: 0.1011
 97/196 [=============>................] - ETA: 3s - loss: 2.8618 - accuracy: 0.1009
 99/196 [==============>...............] - ETA: 3s - loss: 2.8732 - accuracy: 0.1008
101/196 [==============>...............] - ETA: 3s - loss: 2.8858 - accuracy: 0.1007
103/196 [==============>...............] - ETA: 3s - loss: 2.8900 - accuracy: 0.1008
105/196 [===============>..............] - ETA: 3s - loss: 2.9000 - accuracy: 0.1010
107/196 [===============>..............] - ETA: 3s - loss: 2.9218 - accuracy: 0.1009
109/196 [===============>..............] - ETA: 3s - loss: 2.9398 - accuracy: 0.1008
111/196 [===============>..............] - ETA: 3s - loss: 2.9453 - accuracy: 0.1014
113/196 [================>.............] - ETA: 3s - loss: 2.9640 - accuracy: 0.1015
115/196 [================>.............] - ETA: 3s - loss: 2.9851 - accuracy: 0.1014
117/196 [================>.............] - ETA: 3s - loss: 2.9940 - accuracy: 0.1012
119/196 [=================>............] - ETA: 2s - loss: 3.0211 - accuracy: 0.1013
121/196 [=================>............] - ETA: 2s - loss: 3.0451 - accuracy: 0.1015
123/196 [=================>............] - ETA: 2s - loss: 3.0693 - accuracy: 0.1015
125/196 [==================>...........] - ETA: 2s - loss: 3.0877 - accuracy: 0.1017
127/196 [==================>...........] - ETA: 2s - loss: 3.1230 - accuracy: 0.1015
129/196 [==================>...........] - ETA: 2s - loss: 3.1538 - accuracy: 0.1017
131/196 [===================>..........] - ETA: 2s - loss: 3.1834 - accuracy: 0.1013
133/196 [===================>..........] - ETA: 2s - loss: 3.2075 - accuracy: 0.1011
135/196 [===================>..........] - ETA: 2s - loss: 3.2392 - accuracy: 0.1009
137/196 [===================>..........] - ETA: 2s - loss: 3.2925 - accuracy: 0.1008
139/196 [====================>.........] - ETA: 2s - loss: 3.3066 - accuracy: 0.1007
141/196 [====================>.........] - ETA: 2s - loss: 3.3281 - accuracy: 0.1003
143/196 [====================>.........] - ETA: 2s - loss: 3.3404 - accuracy: 0.1001
145/196 [=====================>........] - ETA: 1s - loss: 3.3612 - accuracy: 0.1001
147/196 [=====================>........] - ETA: 1s - loss: 3.3952 - accuracy: 0.1003
149/196 [=====================>........] - ETA: 1s - loss: 3.4087 - accuracy: 0.1004
151/196 [======================>.......] - ETA: 1s - loss: 3.4263 - accuracy: 0.1003
153/196 [======================>.......] - ETA: 1s - loss: 3.4495 - accuracy: 0.1004
154/196 [======================>.......] - ETA: 1s - loss: 3.4630 - accuracy: 0.1006
156/196 [======================>.......] - ETA: 1s - loss: 3.4771 - accuracy: 0.1005
158/196 [=======================>......] - ETA: 1s - loss: 3.4764 - accuracy: 0.1007
160/196 [=======================>......] - ETA: 1s - loss: 3.4865 - accuracy: 0.1007
162/196 [=======================>......] - ETA: 1s - loss: 3.4914 - accuracy: 0.1004
164/196 [========================>.....] - ETA: 1s - loss: 3.5024 - accuracy: 0.1004
166/196 [========================>.....] - ETA: 1s - loss: 3.5065 - accuracy: 0.1002
168/196 [========================>.....] - ETA: 1s - loss: 3.5111 - accuracy: 0.1001
170/196 [=========================>....] - ETA: 1s - loss: 3.5204 - accuracy: 0.1003
172/196 [=========================>....] - ETA: 0s - loss: 3.5353 - accuracy: 0.1001
174/196 [=========================>....] - ETA: 0s - loss: 3.5388 - accuracy: 0.1000
176/196 [=========================>....] - ETA: 0s - loss: 3.5403 - accuracy: 0.1001
178/196 [==========================>...] - ETA: 0s - loss: 3.5425 - accuracy: 0.1002
180/196 [==========================>...] - ETA: 0s - loss: 3.5434 - accuracy: 0.1002
182/196 [==========================>...] - ETA: 0s - loss: 3.5453 - accuracy: 0.1004
184/196 [===========================>..] - ETA: 0s - loss: 3.5517 - accuracy: 0.1006
186/196 [===========================>..] - ETA: 0s - loss: 3.5623 - accuracy: 0.1010
188/196 [===========================>..] - ETA: 0s - loss: 3.5726 - accuracy: 0.1012
190/196 [============================>.] - ETA: 0s - loss: 3.5797 - accuracy: 0.1014
192/196 [============================>.] - ETA: 0s - loss: 3.5842 - accuracy: 0.1015
194/196 [============================>.] - ETA: 0s - loss: 3.5833 - accuracy: 0.1017
196/196 [==============================] - ETA: 0s - loss: 3.5824 - accuracy: 0.1016
196/196 [==============================] - 9s 44ms/step - loss: 3.5824 - accuracy: 0.1016 - val_loss: 3.9691 - val_accuracy: 0.0999
Epoch 3/113

  1/196 [..............................] - ETA: 12s - loss: 4.1632 - accuracy: 0.1328
  3/196 [..............................] - ETA: 7s - loss: 3.8673 - accuracy: 0.1055 
  5/196 [..............................] - ETA: 7s - loss: 3.8270 - accuracy: 0.1023
  7/196 [>.............................] - ETA: 7s - loss: 3.6786 - accuracy: 0.1066
  9/196 [>.............................] - ETA: 7s - loss: 3.5551 - accuracy: 0.1050
 11/196 [>.............................] - ETA: 7s - loss: 3.5078 - accuracy: 0.1023
 13/196 [>.............................] - ETA: 7s - loss: 3.4319 - accuracy: 0.1043
 15/196 [=>............................] - ETA: 7s - loss: 3.4249 - accuracy: 0.1029
 17/196 [=>............................] - ETA: 7s - loss: 3.4031 - accuracy: 0.1013
 19/196 [=>............................] - ETA: 7s - loss: 3.3828 - accuracy: 0.0985
 21/196 [==>...........................] - ETA: 6s - loss: 3.3471 - accuracy: 0.1006
 23/196 [==>...........................] - ETA: 6s - loss: 3.3376 - accuracy: 0.1011
 25/196 [==>...........................] - ETA: 6s - loss: 3.3546 - accuracy: 0.0992
 27/196 [===>..........................] - ETA: 6s - loss: 3.4007 - accuracy: 0.0990
 29/196 [===>..........................] - ETA: 6s - loss: 3.3771 - accuracy: 0.0979
 31/196 [===>..........................] - ETA: 6s - loss: 3.3920 - accuracy: 0.0994
 33/196 [====>.........................] - ETA: 6s - loss: 3.4173 - accuracy: 0.0987
 35/196 [====>.........................] - ETA: 6s - loss: 3.4605 - accuracy: 0.0980
 37/196 [====>.........................] - ETA: 6s - loss: 3.4918 - accuracy: 0.0984
 39/196 [====>.........................] - ETA: 5s - loss: 3.5000 - accuracy: 0.0990
 41/196 [=====>........................] - ETA: 5s - loss: 3.5386 - accuracy: 0.0983
 44/196 [=====>........................] - ETA: 5s - loss: 3.5965 - accuracy: 0.0992
 46/196 [======>.......................] - ETA: 5s - loss: 3.6753 - accuracy: 0.0990
 48/196 [======>.......................] - ETA: 5s - loss: 3.7573 - accuracy: 0.0991
 50/196 [======>.......................] - ETA: 5s - loss: 3.8499 - accuracy: 0.0995
 52/196 [======>.......................] - ETA: 5s - loss: 3.8684 - accuracy: 0.0996
 54/196 [=======>......................] - ETA: 5s - loss: 3.9232 - accuracy: 0.1002
 56/196 [=======>......................] - ETA: 5s - loss: 4.0205 - accuracy: 0.1001
 58/196 [=======>......................] - ETA: 5s - loss: 4.1180 - accuracy: 0.0999
 60/196 [========>.....................] - ETA: 5s - loss: 4.2990 - accuracy: 0.0998
 62/196 [========>.....................] - ETA: 5s - loss: 4.3843 - accuracy: 0.0999
 64/196 [========>.....................] - ETA: 4s - loss: 4.3989 - accuracy: 0.0996
 66/196 [=========>....................] - ETA: 4s - loss: 4.4467 - accuracy: 0.1006
 68/196 [=========>....................] - ETA: 4s - loss: 4.4837 - accuracy: 0.0999
 70/196 [=========>....................] - ETA: 4s - loss: 4.5641 - accuracy: 0.0995
 72/196 [==========>...................] - ETA: 4s - loss: 4.5728 - accuracy: 0.0998
 74/196 [==========>...................] - ETA: 4s - loss: 4.6143 - accuracy: 0.1000
 76/196 [==========>...................] - ETA: 4s - loss: 4.6586 - accuracy: 0.1000
 78/196 [==========>...................] - ETA: 4s - loss: 4.6776 - accuracy: 0.0998
 80/196 [===========>..................] - ETA: 4s - loss: 4.7339 - accuracy: 0.0999
 82/196 [===========>..................] - ETA: 4s - loss: 4.8177 - accuracy: 0.1002
 84/196 [===========>..................] - ETA: 4s - loss: 4.8642 - accuracy: 0.1001
 86/196 [============>.................] - ETA: 4s - loss: 4.8834 - accuracy: 0.1003
 88/196 [============>.................] - ETA: 4s - loss: 4.9386 - accuracy: 0.0999
 90/196 [============>.................] - ETA: 4s - loss: 4.9827 - accuracy: 0.0999
 92/196 [=============>................] - ETA: 4s - loss: 5.0032 - accuracy: 0.1001
 94/196 [=============>................] - ETA: 3s - loss: 5.0386 - accuracy: 0.1003
 96/196 [=============>................] - ETA: 3s - loss: 5.0411 - accuracy: 0.0998
 98/196 [==============>...............] - ETA: 3s - loss: 5.0524 - accuracy: 0.0996
100/196 [==============>...............] - ETA: 3s - loss: 5.0378 - accuracy: 0.0996
102/196 [==============>...............] - ETA: 3s - loss: 5.0338 - accuracy: 0.0997
104/196 [==============>...............] - ETA: 3s - loss: 5.0096 - accuracy: 0.1001
106/196 [===============>..............] - ETA: 3s - loss: 4.9945 - accuracy: 0.0999
108/196 [===============>..............] - ETA: 3s - loss: 4.9644 - accuracy: 0.0997
110/196 [===============>..............] - ETA: 3s - loss: 4.9506 - accuracy: 0.0997
112/196 [================>.............] - ETA: 3s - loss: 4.9273 - accuracy: 0.1000
114/196 [================>.............] - ETA: 3s - loss: 4.9115 - accuracy: 0.0999
116/196 [================>.............] - ETA: 3s - loss: 4.8998 - accuracy: 0.1001
118/196 [=================>............] - ETA: 3s - loss: 4.8755 - accuracy: 0.0999
120/196 [=================>............] - ETA: 2s - loss: 4.8560 - accuracy: 0.0999
122/196 [=================>............] - ETA: 2s - loss: 4.8371 - accuracy: 0.0996
124/196 [=================>............] - ETA: 2s - loss: 4.8209 - accuracy: 0.0998
126/196 [==================>...........] - ETA: 2s - loss: 4.7962 - accuracy: 0.0996
128/196 [==================>...........] - ETA: 2s - loss: 4.7826 - accuracy: 0.0995
130/196 [==================>...........] - ETA: 2s - loss: 4.7661 - accuracy: 0.0995
132/196 [===================>..........] - ETA: 2s - loss: 4.7430 - accuracy: 0.0995
134/196 [===================>..........] - ETA: 2s - loss: 4.7331 - accuracy: 0.0997
136/196 [===================>..........] - ETA: 2s - loss: 4.7209 - accuracy: 0.1000
138/196 [====================>.........] - ETA: 2s - loss: 4.7095 - accuracy: 0.1003
140/196 [====================>.........] - ETA: 2s - loss: 4.7042 - accuracy: 0.1005
142/196 [====================>.........] - ETA: 2s - loss: 4.7117 - accuracy: 0.1004
144/196 [=====================>........] - ETA: 1s - loss: 4.7168 - accuracy: 0.1003
146/196 [=====================>........] - ETA: 1s - loss: 4.7061 - accuracy: 0.1002
148/196 [=====================>........] - ETA: 1s - loss: 4.7026 - accuracy: 0.1000
150/196 [=====================>........] - ETA: 1s - loss: 4.7010 - accuracy: 0.0999
152/196 [======================>.......] - ETA: 1s - loss: 4.6881 - accuracy: 0.0999
154/196 [======================>.......] - ETA: 1s - loss: 4.6894 - accuracy: 0.0997
156/196 [======================>.......] - ETA: 1s - loss: 4.6829 - accuracy: 0.0996
158/196 [=======================>......] - ETA: 1s - loss: 4.6801 - accuracy: 0.0994
160/196 [=======================>......] - ETA: 1s - loss: 4.6653 - accuracy: 0.0997
162/196 [=======================>......] - ETA: 1s - loss: 4.6526 - accuracy: 0.0996
164/196 [========================>.....] - ETA: 1s - loss: 4.6344 - accuracy: 0.0998
166/196 [========================>.....] - ETA: 1s - loss: 4.6199 - accuracy: 0.0999
168/196 [========================>.....] - ETA: 1s - loss: 4.6009 - accuracy: 0.0999
170/196 [=========================>....] - ETA: 1s - loss: 4.5862 - accuracy: 0.1002
172/196 [=========================>....] - ETA: 0s - loss: 4.5693 - accuracy: 0.1001
174/196 [=========================>....] - ETA: 0s - loss: 4.5500 - accuracy: 0.1003
176/196 [=========================>....] - ETA: 0s - loss: 4.5327 - accuracy: 0.1004
178/196 [==========================>...] - ETA: 0s - loss: 4.5132 - accuracy: 0.1004
180/196 [==========================>...] - ETA: 0s - loss: 4.4969 - accuracy: 0.1002
182/196 [==========================>...] - ETA: 0s - loss: 4.4776 - accuracy: 0.1006
184/196 [===========================>..] - ETA: 0s - loss: 4.4592 - accuracy: 0.1006
186/196 [===========================>..] - ETA: 0s - loss: 4.4404 - accuracy: 0.1005
188/196 [===========================>..] - ETA: 0s - loss: 4.4217 - accuracy: 0.1004
190/196 [============================>.] - ETA: 0s - loss: 4.4043 - accuracy: 0.1003
192/196 [============================>.] - ETA: 0s - loss: 4.3853 - accuracy: 0.1005
194/196 [============================>.] - ETA: 0s - loss: 4.3707 - accuracy: 0.1006
196/196 [==============================] - ETA: 0s - loss: 4.3536 - accuracy: 0.1004
196/196 [==============================] - 9s 43ms/step - loss: 4.3536 - accuracy: 0.1004 - val_loss: 3.0608 - val_accuracy: 0.1000
Epoch 4/113

  1/196 [..............................] - ETA: 12s - loss: 3.0356 - accuracy: 0.1250
  3/196 [..............................] - ETA: 7s - loss: 2.8538 - accuracy: 0.1237 
  5/196 [..............................] - ETA: 7s - loss: 2.8360 - accuracy: 0.1172
  7/196 [>.............................] - ETA: 7s - loss: 2.8296 - accuracy: 0.1105
  9/196 [>.............................] - ETA: 7s - loss: 2.8618 - accuracy: 0.1055
 11/196 [>.............................] - ETA: 7s - loss: 2.8541 - accuracy: 0.1048
 13/196 [>.............................] - ETA: 7s - loss: 2.8306 - accuracy: 0.1049
 15/196 [=>............................] - ETA: 7s - loss: 2.8268 - accuracy: 0.1031
 17/196 [=>............................] - ETA: 7s - loss: 2.8228 - accuracy: 0.1011
 19/196 [=>............................] - ETA: 7s - loss: 2.8116 - accuracy: 0.1053
 21/196 [==>...........................] - ETA: 7s - loss: 2.8044 - accuracy: 0.1036
 23/196 [==>...........................] - ETA: 7s - loss: 2.8072 - accuracy: 0.1036
 25/196 [==>...........................] - ETA: 7s - loss: 2.7854 - accuracy: 0.1045
 27/196 [===>..........................] - ETA: 6s - loss: 2.7714 - accuracy: 0.1046
 29/196 [===>..........................] - ETA: 6s - loss: 2.7614 - accuracy: 0.1052
 31/196 [===>..........................] - ETA: 6s - loss: 2.7433 - accuracy: 0.1057
 33/196 [====>.........................] - ETA: 6s - loss: 2.7307 - accuracy: 0.1061
 35/196 [====>.........................] - ETA: 6s - loss: 2.7153 - accuracy: 0.1065
 37/196 [====>.........................] - ETA: 6s - loss: 2.7032 - accuracy: 0.1062
 38/196 [====>.........................] - ETA: 6s - loss: 2.6983 - accuracy: 0.1054
 40/196 [=====>........................] - ETA: 6s - loss: 2.6858 - accuracy: 0.1054
 42/196 [=====>........................] - ETA: 6s - loss: 2.6780 - accuracy: 0.1043
 44/196 [=====>........................] - ETA: 6s - loss: 2.6727 - accuracy: 0.1029
 46/196 [======>.......................] - ETA: 6s - loss: 2.6667 - accuracy: 0.1028
 48/196 [======>.......................] - ETA: 6s - loss: 2.6647 - accuracy: 0.1026
 50/196 [======>.......................] - ETA: 6s - loss: 2.6582 - accuracy: 0.1027
 52/196 [======>.......................] - ETA: 5s - loss: 2.6511 - accuracy: 0.1017
 54/196 [=======>......................] - ETA: 5s - loss: 2.6425 - accuracy: 0.1011
 56/196 [=======>......................] - ETA: 5s - loss: 2.6349 - accuracy: 0.1008
 58/196 [=======>......................] - ETA: 5s - loss: 2.6288 - accuracy: 0.1004
 60/196 [========>.....................] - ETA: 5s - loss: 2.6227 - accuracy: 0.0994
 62/196 [========>.....................] - ETA: 5s - loss: 2.6161 - accuracy: 0.0991
 64/196 [========>.....................] - ETA: 5s - loss: 2.6127 - accuracy: 0.0989
 66/196 [=========>....................] - ETA: 5s - loss: 2.6080 - accuracy: 0.0994
 68/196 [=========>....................] - ETA: 5s - loss: 2.6061 - accuracy: 0.0993
 70/196 [=========>....................] - ETA: 4s - loss: 2.6052 - accuracy: 0.0995
 72/196 [==========>...................] - ETA: 4s - loss: 2.6036 - accuracy: 0.0996
 74/196 [==========>...................] - ETA: 4s - loss: 2.5997 - accuracy: 0.0995
 76/196 [==========>...................] - ETA: 4s - loss: 2.5987 - accuracy: 0.0999
 78/196 [==========>...................] - ETA: 4s - loss: 2.5970 - accuracy: 0.1005
 80/196 [===========>..................] - ETA: 4s - loss: 2.5951 - accuracy: 0.1009
 82/196 [===========>..................] - ETA: 4s - loss: 2.5951 - accuracy: 0.1008
 84/196 [===========>..................] - ETA: 4s - loss: 2.5966 - accuracy: 0.1008
 86/196 [============>.................] - ETA: 4s - loss: 2.5984 - accuracy: 0.1007
 88/196 [============>.................] - ETA: 4s - loss: 2.6015 - accuracy: 0.1003
 90/196 [============>.................] - ETA: 4s - loss: 2.6039 - accuracy: 0.1005
 92/196 [=============>................] - ETA: 4s - loss: 2.6080 - accuracy: 0.0999
 94/196 [=============>................] - ETA: 4s - loss: 2.6122 - accuracy: 0.1001
 96/196 [=============>................] - ETA: 3s - loss: 2.6141 - accuracy: 0.0998
 98/196 [==============>...............] - ETA: 3s - loss: 2.6128 - accuracy: 0.1000
100/196 [==============>...............] - ETA: 3s - loss: 2.6154 - accuracy: 0.0998
102/196 [==============>...............] - ETA: 3s - loss: 2.6141 - accuracy: 0.1003
104/196 [==============>...............] - ETA: 3s - loss: 2.6147 - accuracy: 0.1005
106/196 [===============>..............] - ETA: 3s - loss: 2.6162 - accuracy: 0.1005
108/196 [===============>..............] - ETA: 3s - loss: 2.6161 - accuracy: 0.1003
110/196 [===============>..............] - ETA: 3s - loss: 2.6169 - accuracy: 0.1003
112/196 [================>.............] - ETA: 3s - loss: 2.6180 - accuracy: 0.1001
114/196 [================>.............] - ETA: 3s - loss: 2.6175 - accuracy: 0.1000
116/196 [================>.............] - ETA: 3s - loss: 2.6165 - accuracy: 0.1007
118/196 [=================>............] - ETA: 3s - loss: 2.6152 - accuracy: 0.1002
120/196 [=================>............] - ETA: 2s - loss: 2.6144 - accuracy: 0.1003
122/196 [=================>............] - ETA: 2s - loss: 2.6139 - accuracy: 0.1002
124/196 [=================>............] - ETA: 2s - loss: 2.6152 - accuracy: 0.1000
126/196 [==================>...........] - ETA: 2s - loss: 2.6150 - accuracy: 0.0998
128/196 [==================>...........] - ETA: 2s - loss: 2.6180 - accuracy: 0.0996
130/196 [==================>...........] - ETA: 2s - loss: 2.6205 - accuracy: 0.0995
132/196 [===================>..........] - ETA: 2s - loss: 2.6243 - accuracy: 0.0994
134/196 [===================>..........] - ETA: 2s - loss: 2.6304 - accuracy: 0.0994
136/196 [===================>..........] - ETA: 2s - loss: 2.6351 - accuracy: 0.0992
138/196 [====================>.........] - ETA: 2s - loss: 2.6386 - accuracy: 0.0994
140/196 [====================>.........] - ETA: 2s - loss: 2.6382 - accuracy: 0.0992
142/196 [====================>.........] - ETA: 2s - loss: 2.6383 - accuracy: 0.0990
144/196 [=====================>........] - ETA: 2s - loss: 2.6390 - accuracy: 0.0991
146/196 [=====================>........] - ETA: 1s - loss: 2.6380 - accuracy: 0.0989
148/196 [=====================>........] - ETA: 1s - loss: 2.6376 - accuracy: 0.0987
150/196 [=====================>........] - ETA: 1s - loss: 2.6382 - accuracy: 0.0987
152/196 [======================>.......] - ETA: 1s - loss: 2.6381 - accuracy: 0.0989
154/196 [======================>.......] - ETA: 1s - loss: 2.6397 - accuracy: 0.0987
156/196 [======================>.......] - ETA: 1s - loss: 2.6425 - accuracy: 0.0991
158/196 [=======================>......] - ETA: 1s - loss: 2.6492 - accuracy: 0.0990
160/196 [=======================>......] - ETA: 1s - loss: 2.6519 - accuracy: 0.0990
162/196 [=======================>......] - ETA: 1s - loss: 2.6576 - accuracy: 0.0991
164/196 [========================>.....] - ETA: 1s - loss: 2.6644 - accuracy: 0.0990
166/196 [========================>.....] - ETA: 1s - loss: 2.6683 - accuracy: 0.0990
168/196 [========================>.....] - ETA: 1s - loss: 2.6821 - accuracy: 0.0990
170/196 [=========================>....] - ETA: 1s - loss: 2.6951 - accuracy: 0.0993
172/196 [=========================>....] - ETA: 0s - loss: 2.7023 - accuracy: 0.0997
174/196 [=========================>....] - ETA: 0s - loss: 2.7101 - accuracy: 0.0999
176/196 [=========================>....] - ETA: 0s - loss: 2.7201 - accuracy: 0.1000
178/196 [==========================>...] - ETA: 0s - loss: 2.7258 - accuracy: 0.1000
180/196 [==========================>...] - ETA: 0s - loss: 2.7333 - accuracy: 0.1000
182/196 [==========================>...] - ETA: 0s - loss: 2.7417 - accuracy: 0.1000
184/196 [===========================>..] - ETA: 0s - loss: 2.7591 - accuracy: 0.1001
186/196 [===========================>..] - ETA: 0s - loss: 2.7740 - accuracy: 0.1003
188/196 [===========================>..] - ETA: 0s - loss: 2.7809 - accuracy: 0.1002
190/196 [============================>.] - ETA: 0s - loss: 2.7958 - accuracy: 0.1001
192/196 [============================>.] - ETA: 0s - loss: 2.8054 - accuracy: 0.1000
194/196 [============================>.] - ETA: 0s - loss: 2.8306 - accuracy: 0.0999
196/196 [==============================] - ETA: 0s - loss: 2.8496 - accuracy: 0.1000
196/196 [==============================] - 9s 44ms/step - loss: 2.8496 - accuracy: 0.1000 - val_loss: 4.4630 - val_accuracy: 0.1000
Epoch 5/113

  1/196 [..............................] - ETA: 9s - loss: 4.9190 - accuracy: 0.1094
  3/196 [..............................] - ETA: 7s - loss: 5.0870 - accuracy: 0.0924
  5/196 [..............................] - ETA: 6s - loss: 5.1997 - accuracy: 0.0969
  7/196 [>.............................] - ETA: 6s - loss: 5.1600 - accuracy: 0.1071
  9/196 [>.............................] - ETA: 6s - loss: 5.3538 - accuracy: 0.1081
 11/196 [>.............................] - ETA: 6s - loss: 5.2964 - accuracy: 0.1101
 13/196 [>.............................] - ETA: 6s - loss: 5.3520 - accuracy: 0.1070
 15/196 [=>............................] - ETA: 6s - loss: 5.4016 - accuracy: 0.1044
 17/196 [=>............................] - ETA: 6s - loss: 5.4770 - accuracy: 0.1039
 19/196 [=>............................] - ETA: 6s - loss: 5.4408 - accuracy: 0.1036
 21/196 [==>...........................] - ETA: 6s - loss: 5.5652 - accuracy: 0.1053
 23/196 [==>...........................] - ETA: 6s - loss: 5.8300 - accuracy: 0.1036
 25/196 [==>...........................] - ETA: 6s - loss: 5.9960 - accuracy: 0.1028
 27/196 [===>..........................] - ETA: 5s - loss: 5.9438 - accuracy: 0.1032
 29/196 [===>..........................] - ETA: 5s - loss: 6.0226 - accuracy: 0.1025
 31/196 [===>..........................] - ETA: 5s - loss: 6.1970 - accuracy: 0.1018
 33/196 [====>.........................] - ETA: 5s - loss: 6.2474 - accuracy: 0.1005
 35/196 [====>.........................] - ETA: 5s - loss: 6.2249 - accuracy: 0.1004
 37/196 [====>.........................] - ETA: 5s - loss: 6.2923 - accuracy: 0.0998
 39/196 [====>.........................] - ETA: 5s - loss: 6.2504 - accuracy: 0.0996
 41/196 [=====>........................] - ETA: 5s - loss: 6.2032 - accuracy: 0.1001
 43/196 [=====>........................] - ETA: 5s - loss: 6.2180 - accuracy: 0.1001
 45/196 [=====>........................] - ETA: 5s - loss: 6.1789 - accuracy: 0.1006
 47/196 [======>.......................] - ETA: 5s - loss: 6.1994 - accuracy: 0.0998
 49/196 [======>.......................] - ETA: 5s - loss: 6.1658 - accuracy: 0.1001
 51/196 [======>.......................] - ETA: 5s - loss: 6.1739 - accuracy: 0.0998
 53/196 [=======>......................] - ETA: 5s - loss: 6.1555 - accuracy: 0.0993
 55/196 [=======>......................] - ETA: 5s - loss: 6.1521 - accuracy: 0.0994
 57/196 [=======>......................] - ETA: 5s - loss: 6.1817 - accuracy: 0.0998
 59/196 [========>.....................] - ETA: 5s - loss: 6.2105 - accuracy: 0.1000
 61/196 [========>.....................] - ETA: 5s - loss: 6.1864 - accuracy: 0.0997
 63/196 [========>.....................] - ETA: 5s - loss: 6.1712 - accuracy: 0.1002
 65/196 [========>.....................] - ETA: 5s - loss: 6.1689 - accuracy: 0.1006
 67/196 [=========>....................] - ETA: 4s - loss: 6.1149 - accuracy: 0.1010
 69/196 [=========>....................] - ETA: 4s - loss: 6.0879 - accuracy: 0.1009
 71/196 [=========>....................] - ETA: 4s - loss: 6.0608 - accuracy: 0.1005
 73/196 [==========>...................] - ETA: 4s - loss: 6.0176 - accuracy: 0.1007
 75/196 [==========>...................] - ETA: 4s - loss: 5.9603 - accuracy: 0.1006
 77/196 [==========>...................] - ETA: 4s - loss: 5.9163 - accuracy: 0.1003
 79/196 [===========>..................] - ETA: 4s - loss: 5.8788 - accuracy: 0.1003
 81/196 [===========>..................] - ETA: 4s - loss: 5.8447 - accuracy: 0.1007
 83/196 [===========>..................] - ETA: 4s - loss: 5.8101 - accuracy: 0.1011
 85/196 [============>.................] - ETA: 4s - loss: 5.7771 - accuracy: 0.1014
 87/196 [============>.................] - ETA: 4s - loss: 5.7400 - accuracy: 0.1015
 89/196 [============>.................] - ETA: 4s - loss: 5.7037 - accuracy: 0.1015
 91/196 [============>.................] - ETA: 4s - loss: 5.6759 - accuracy: 0.1017
 93/196 [=============>................] - ETA: 4s - loss: 5.6544 - accuracy: 0.1018
 95/196 [=============>................] - ETA: 3s - loss: 5.6212 - accuracy: 0.1019
 97/196 [=============>................] - ETA: 3s - loss: 5.5970 - accuracy: 0.1016
 99/196 [==============>...............] - ETA: 3s - loss: 5.5550 - accuracy: 0.1016
101/196 [==============>...............] - ETA: 3s - loss: 5.5203 - accuracy: 0.1015
103/196 [==============>...............] - ETA: 3s - loss: 5.4928 - accuracy: 0.1008
105/196 [===============>..............] - ETA: 3s - loss: 5.4666 - accuracy: 0.1005
107/196 [===============>..............] - ETA: 3s - loss: 5.4235 - accuracy: 0.1008
109/196 [===============>..............] - ETA: 3s - loss: 5.3891 - accuracy: 0.1009
111/196 [===============>..............] - ETA: 3s - loss: 5.3495 - accuracy: 0.1009
113/196 [================>.............] - ETA: 3s - loss: 5.3136 - accuracy: 0.1010
115/196 [================>.............] - ETA: 3s - loss: 5.2793 - accuracy: 0.1010
117/196 [================>.............] - ETA: 3s - loss: 5.2473 - accuracy: 0.1013
119/196 [=================>............] - ETA: 2s - loss: 5.2099 - accuracy: 0.1016
121/196 [=================>............] - ETA: 2s - loss: 5.1793 - accuracy: 0.1017
123/196 [=================>............] - ETA: 2s - loss: 5.1494 - accuracy: 0.1015
125/196 [==================>...........] - ETA: 2s - loss: 5.1181 - accuracy: 0.1016
127/196 [==================>...........] - ETA: 2s - loss: 5.0888 - accuracy: 0.1021
129/196 [==================>...........] - ETA: 2s - loss: 5.0613 - accuracy: 0.1022
131/196 [===================>..........] - ETA: 2s - loss: 5.0299 - accuracy: 0.1021
133/196 [===================>..........] - ETA: 2s - loss: 5.0018 - accuracy: 0.1026
135/196 [===================>..........] - ETA: 2s - loss: 4.9724 - accuracy: 0.1023
137/196 [===================>..........] - ETA: 2s - loss: 4.9465 - accuracy: 0.1021
139/196 [====================>.........] - ETA: 2s - loss: 4.9196 - accuracy: 0.1020
141/196 [====================>.........] - ETA: 2s - loss: 4.8925 - accuracy: 0.1024
143/196 [====================>.........] - ETA: 2s - loss: 4.8649 - accuracy: 0.1025
145/196 [=====================>........] - ETA: 1s - loss: 4.8391 - accuracy: 0.1025
147/196 [=====================>........] - ETA: 1s - loss: 4.8122 - accuracy: 0.1022
149/196 [=====================>........] - ETA: 1s - loss: 4.7935 - accuracy: 0.1021
151/196 [======================>.......] - ETA: 1s - loss: 4.7841 - accuracy: 0.1020
153/196 [======================>.......] - ETA: 1s - loss: 4.7717 - accuracy: 0.1018
155/196 [======================>.......] - ETA: 1s - loss: 4.7602 - accuracy: 0.1017
157/196 [=======================>......] - ETA: 1s - loss: 4.7546 - accuracy: 0.1017
159/196 [=======================>......] - ETA: 1s - loss: 4.7475 - accuracy: 0.1016
161/196 [=======================>......] - ETA: 1s - loss: 4.7363 - accuracy: 0.1017
163/196 [=======================>......] - ETA: 1s - loss: 4.7322 - accuracy: 0.1015
165/196 [========================>.....] - ETA: 1s - loss: 4.7208 - accuracy: 0.1012
167/196 [========================>.....] - ETA: 1s - loss: 4.7176 - accuracy: 0.1012
169/196 [========================>.....] - ETA: 1s - loss: 4.7109 - accuracy: 0.1014
171/196 [=========================>....] - ETA: 0s - loss: 4.6990 - accuracy: 0.1013
173/196 [=========================>....] - ETA: 0s - loss: 4.6941 - accuracy: 0.1014
175/196 [=========================>....] - ETA: 0s - loss: 4.6880 - accuracy: 0.1011
177/196 [==========================>...] - ETA: 0s - loss: 4.6883 - accuracy: 0.1011
179/196 [==========================>...] - ETA: 0s - loss: 4.6938 - accuracy: 0.1014
181/196 [==========================>...] - ETA: 0s - loss: 4.7103 - accuracy: 0.1013
183/196 [===========================>..] - ETA: 0s - loss: 4.7231 - accuracy: 0.1013
185/196 [===========================>..] - ETA: 0s - loss: 4.7255 - accuracy: 0.1013
187/196 [===========================>..] - ETA: 0s - loss: 4.7543 - accuracy: 0.1013
189/196 [===========================>..] - ETA: 0s - loss: 4.7853 - accuracy: 0.1011
191/196 [============================>.] - ETA: 0s - loss: 4.8039 - accuracy: 0.1009
193/196 [============================>.] - ETA: 0s - loss: 4.8173 - accuracy: 0.1009
196/196 [==============================] - ETA: 0s - loss: 4.8368 - accuracy: 0.1009
196/196 [==============================] - 8s 43ms/step - loss: 4.8368 - accuracy: 0.1009 - val_loss: 6.5729 - val_accuracy: 0.1000
Epoch 6/113

  1/196 [..............................] - ETA: 12s - loss: 6.1655 - accuracy: 0.1055
  3/196 [..............................] - ETA: 7s - loss: 7.1671 - accuracy: 0.0820 
  5/196 [..............................] - ETA: 7s - loss: 6.7579 - accuracy: 0.0883
  7/196 [>.............................] - ETA: 6s - loss: 6.9284 - accuracy: 0.0928
  9/196 [>.............................] - ETA: 6s - loss: 6.9200 - accuracy: 0.0916
 11/196 [>.............................] - ETA: 6s - loss: 6.7079 - accuracy: 0.0924
 12/196 [>.............................] - ETA: 7s - loss: 6.6792 - accuracy: 0.0946
 14/196 [=>............................] - ETA: 7s - loss: 6.4414 - accuracy: 0.0951
 16/196 [=>............................] - ETA: 6s - loss: 6.3654 - accuracy: 0.0952
 18/196 [=>............................] - ETA: 6s - loss: 6.3722 - accuracy: 0.0945
 20/196 [==>...........................] - ETA: 6s - loss: 6.3745 - accuracy: 0.0971
 22/196 [==>...........................] - ETA: 6s - loss: 6.3023 - accuracy: 0.0966
 24/196 [==>...........................] - ETA: 6s - loss: 6.1883 - accuracy: 0.0999
 26/196 [==>...........................] - ETA: 6s - loss: 6.1366 - accuracy: 0.1009
 28/196 [===>..........................] - ETA: 6s - loss: 6.1156 - accuracy: 0.0998
 30/196 [===>..........................] - ETA: 6s - loss: 6.1203 - accuracy: 0.0993
 32/196 [===>..........................] - ETA: 6s - loss: 6.0493 - accuracy: 0.0974
 34/196 [====>.........................] - ETA: 6s - loss: 5.9602 - accuracy: 0.0977
 36/196 [====>.........................] - ETA: 6s - loss: 5.9429 - accuracy: 0.0968
 38/196 [====>.........................] - ETA: 6s - loss: 5.9382 - accuracy: 0.0974
 40/196 [=====>........................] - ETA: 6s - loss: 5.8766 - accuracy: 0.0970
 42/196 [=====>........................] - ETA: 6s - loss: 5.7950 - accuracy: 0.0975
 44/196 [=====>........................] - ETA: 5s - loss: 5.7568 - accuracy: 0.0980
 46/196 [======>.......................] - ETA: 5s - loss: 5.7460 - accuracy: 0.0975
 48/196 [======>.......................] - ETA: 5s - loss: 5.6853 - accuracy: 0.0976
 50/196 [======>.......................] - ETA: 5s - loss: 5.6075 - accuracy: 0.0977
 52/196 [======>.......................] - ETA: 5s - loss: 5.5778 - accuracy: 0.0988
 54/196 [=======>......................] - ETA: 5s - loss: 5.5605 - accuracy: 0.0982
 56/196 [=======>......................] - ETA: 5s - loss: 5.5384 - accuracy: 0.0976
 58/196 [=======>......................] - ETA: 5s - loss: 5.5268 - accuracy: 0.0969
 60/196 [========>.....................] - ETA: 5s - loss: 5.4871 - accuracy: 0.0967
 62/196 [========>.....................] - ETA: 5s - loss: 5.4173 - accuracy: 0.0968
 64/196 [========>.....................] - ETA: 4s - loss: 5.3594 - accuracy: 0.0968
 66/196 [=========>....................] - ETA: 4s - loss: 5.3168 - accuracy: 0.0965
 68/196 [=========>....................] - ETA: 4s - loss: 5.2832 - accuracy: 0.0965
 70/196 [=========>....................] - ETA: 4s - loss: 5.2296 - accuracy: 0.0965
 72/196 [==========>...................] - ETA: 4s - loss: 5.1942 - accuracy: 0.0966
 74/196 [==========>...................] - ETA: 4s - loss: 5.1511 - accuracy: 0.0964
 76/196 [==========>...................] - ETA: 4s - loss: 5.1174 - accuracy: 0.0967
 78/196 [==========>...................] - ETA: 4s - loss: 5.0803 - accuracy: 0.0967
 80/196 [===========>..................] - ETA: 4s - loss: 5.0441 - accuracy: 0.0966
 82/196 [===========>..................] - ETA: 4s - loss: 5.0175 - accuracy: 0.0967
 84/196 [===========>..................] - ETA: 4s - loss: 5.0060 - accuracy: 0.0971
 86/196 [============>.................] - ETA: 4s - loss: 5.0016 - accuracy: 0.0971
 88/196 [============>.................] - ETA: 4s - loss: 4.9739 - accuracy: 0.0971
 90/196 [============>.................] - ETA: 4s - loss: 4.9481 - accuracy: 0.0968
 92/196 [=============>................] - ETA: 4s - loss: 4.9207 - accuracy: 0.0973
 94/196 [=============>................] - ETA: 3s - loss: 4.8995 - accuracy: 0.0971
 96/196 [=============>................] - ETA: 3s - loss: 4.9014 - accuracy: 0.0970
 98/196 [==============>...............] - ETA: 3s - loss: 4.8892 - accuracy: 0.0971
100/196 [==============>...............] - ETA: 3s - loss: 4.8645 - accuracy: 0.0972
102/196 [==============>...............] - ETA: 3s - loss: 4.8588 - accuracy: 0.0971
104/196 [==============>...............] - ETA: 3s - loss: 4.8599 - accuracy: 0.0969
106/196 [===============>..............] - ETA: 3s - loss: 4.8719 - accuracy: 0.0971
108/196 [===============>..............] - ETA: 3s - loss: 4.8726 - accuracy: 0.0970
110/196 [===============>..............] - ETA: 3s - loss: 4.8694 - accuracy: 0.0968
112/196 [================>.............] - ETA: 3s - loss: 4.8777 - accuracy: 0.0969
114/196 [================>.............] - ETA: 3s - loss: 4.8829 - accuracy: 0.0971
116/196 [================>.............] - ETA: 3s - loss: 4.8965 - accuracy: 0.0973
118/196 [=================>............] - ETA: 3s - loss: 4.8999 - accuracy: 0.0975
120/196 [=================>............] - ETA: 2s - loss: 4.8859 - accuracy: 0.0977
122/196 [=================>............] - ETA: 2s - loss: 4.8706 - accuracy: 0.0972
124/196 [=================>............] - ETA: 2s - loss: 4.8596 - accuracy: 0.0973
126/196 [==================>...........] - ETA: 2s - loss: 4.8494 - accuracy: 0.0974
128/196 [==================>...........] - ETA: 2s - loss: 4.8299 - accuracy: 0.0976
130/196 [==================>...........] - ETA: 2s - loss: 4.8238 - accuracy: 0.0977
132/196 [===================>..........] - ETA: 2s - loss: 4.8210 - accuracy: 0.0977
134/196 [===================>..........] - ETA: 2s - loss: 4.8157 - accuracy: 0.0975
136/196 [===================>..........] - ETA: 2s - loss: 4.8130 - accuracy: 0.0975
138/196 [====================>.........] - ETA: 2s - loss: 4.8238 - accuracy: 0.0974
140/196 [====================>.........] - ETA: 2s - loss: 4.8391 - accuracy: 0.0975
142/196 [====================>.........] - ETA: 2s - loss: 4.8728 - accuracy: 0.0975
144/196 [=====================>........] - ETA: 2s - loss: 4.8883 - accuracy: 0.0975
146/196 [=====================>........] - ETA: 1s - loss: 4.8915 - accuracy: 0.0977
148/196 [=====================>........] - ETA: 1s - loss: 4.9337 - accuracy: 0.0977
150/196 [=====================>........] - ETA: 1s - loss: 4.9522 - accuracy: 0.0977
152/196 [======================>.......] - ETA: 1s - loss: 4.9751 - accuracy: 0.0978
154/196 [======================>.......] - ETA: 1s - loss: 4.9856 - accuracy: 0.0978
156/196 [======================>.......] - ETA: 1s - loss: 5.0021 - accuracy: 0.0979
158/196 [=======================>......] - ETA: 1s - loss: 5.0305 - accuracy: 0.0981
160/196 [=======================>......] - ETA: 1s - loss: 5.0399 - accuracy: 0.0982
162/196 [=======================>......] - ETA: 1s - loss: 5.0666 - accuracy: 0.0980
164/196 [========================>.....] - ETA: 1s - loss: 5.1070 - accuracy: 0.0980
166/196 [========================>.....] - ETA: 1s - loss: 5.1386 - accuracy: 0.0979
168/196 [========================>.....] - ETA: 1s - loss: 5.1538 - accuracy: 0.0979
170/196 [=========================>....] - ETA: 1s - loss: 5.1739 - accuracy: 0.0978
172/196 [=========================>....] - ETA: 0s - loss: 5.2212 - accuracy: 0.0980
174/196 [=========================>....] - ETA: 0s - loss: 5.2377 - accuracy: 0.0982
176/196 [=========================>....] - ETA: 0s - loss: 5.2732 - accuracy: 0.0982
178/196 [==========================>...] - ETA: 0s - loss: 5.3268 - accuracy: 0.0978
180/196 [==========================>...] - ETA: 0s - loss: 5.3641 - accuracy: 0.0978
182/196 [==========================>...] - ETA: 0s - loss: 5.3842 - accuracy: 0.0981
184/196 [===========================>..] - ETA: 0s - loss: 5.4033 - accuracy: 0.0981
186/196 [===========================>..] - ETA: 0s - loss: 5.4105 - accuracy: 0.0981
188/196 [===========================>..] - ETA: 0s - loss: 5.4138 - accuracy: 0.0981
190/196 [============================>.] - ETA: 0s - loss: 5.4156 - accuracy: 0.0979
192/196 [============================>.] - ETA: 0s - loss: 5.4135 - accuracy: 0.0981
194/196 [============================>.] - ETA: 0s - loss: 5.4038 - accuracy: 0.0981
195/196 [============================>.] - ETA: 0s - loss: 5.4061 - accuracy: 0.0980
196/196 [==============================] - 9s 44ms/step - loss: 5.4011 - accuracy: 0.0981 - val_loss: 5.3103 - val_accuracy: 0.1000
Epoch 6: early stopping

  1/313 [..............................] - ETA: 4s - loss: 5.2014 - accuracy: 0.1875
 19/313 [>.............................] - ETA: 1s - loss: 5.3581 - accuracy: 0.1168
 38/313 [==>...........................] - ETA: 0s - loss: 5.3124 - accuracy: 0.1176
 58/313 [====>.........................] - ETA: 0s - loss: 5.2818 - accuracy: 0.1072
 77/313 [======>.......................] - ETA: 0s - loss: 5.2886 - accuracy: 0.1055
 98/313 [========>.....................] - ETA: 0s - loss: 5.3098 - accuracy: 0.1017
119/313 [==========>...................] - ETA: 0s - loss: 5.3011 - accuracy: 0.0995
139/313 [============>.................] - ETA: 0s - loss: 5.3048 - accuracy: 0.0980
161/313 [==============>...............] - ETA: 0s - loss: 5.3014 - accuracy: 0.0992
182/313 [================>.............] - ETA: 0s - loss: 5.3046 - accuracy: 0.1003
204/313 [==================>...........] - ETA: 0s - loss: 5.3142 - accuracy: 0.0994
224/313 [====================>.........] - ETA: 0s - loss: 5.3028 - accuracy: 0.0996
244/313 [======================>.......] - ETA: 0s - loss: 5.3090 - accuracy: 0.0985
264/313 [========================>.....] - ETA: 0s - loss: 5.3131 - accuracy: 0.0991
285/313 [==========================>...] - ETA: 0s - loss: 5.3029 - accuracy: 0.1005
306/313 [============================>.] - ETA: 0s - loss: 5.3075 - accuracy: 0.1009
313/313 [==============================] - 1s 3ms/step - loss: 5.3103 - accuracy: 0.1000
