2024-06-26 23:35:18.312736: I tensorflow/core/platform/cpu_feature_guard.cc:193] This TensorFlow binary is optimized with oneAPI Deep Neural Network Library (oneDNN) to use the following CPU instructions in performance-critical operations:  AVX AVX2
To enable them in other operations, rebuild TensorFlow with the appropriate compiler flags.
2024-06-26 23:35:18.762176: I tensorflow/core/common_runtime/gpu/gpu_device.cc:1616] Created device /job:localhost/replica:0/task:0/device:GPU:0 with 6656 MB memory:  -> device: 0, name: NVIDIA GeForce RTX 4060 Ti, pci bus id: 0000:01:00.0, compute capability: 8.9
1 Physical GPUs, 1 Logical GPUs
Model: "sequential"
_________________________________________________________________
 Layer (type)                Output Shape              Param #   
=================================================================
 conv2d (Conv2D)             (None, 32, 32, 32)        896       
                                                                 
 batch_normalization (BatchN  (None, 32, 32, 32)       128       
 ormalization)                                                   
                                                                 
 conv2d_1 (Conv2D)           (None, 32, 32, 32)        25632     
                                                                 
 conv2d_2 (Conv2D)           (None, 32, 32, 64)        100416    
                                                                 
 max_pooling2d (MaxPooling2D  (None, 16, 16, 64)       0         
 )                                                               
                                                                 
 batch_normalization_1 (Batc  (None, 16, 16, 64)       256       
 hNormalization)                                                 
                                                                 
 conv2d_3 (Conv2D)           (None, 16, 16, 256)       147712    
                                                                 
 max_pooling2d_1 (MaxPooling  (None, 8, 8, 256)        0         
 2D)                                                             
                                                                 
 batch_normalization_2 (Batc  (None, 8, 8, 256)        1024      
 hNormalization)                                                 
                                                                 
 conv2d_4 (Conv2D)           (None, 8, 8, 32)          663584    
                                                                 
 max_pooling2d_2 (MaxPooling  (None, 4, 4, 32)         0         
 2D)                                                             
                                                                 
 dropout (Dropout)           (None, 4, 4, 32)          0         
                                                                 
 flatten (Flatten)           (None, 512)               0         
                                                                 
 dense (Dense)               (None, 10)                5130      
                                                                 
=================================================================
Total params: 944,778
Trainable params: 944,074
Non-trainable params: 704
_________________________________________________________________
Taxa de aprendizado:  0.1 Num de épocas:  27 Tamanho do lote:  256 Dropout:  0.21421
Epoch 1/27
2024-06-26 23:35:19.975883: I tensorflow/stream_executor/cuda/cuda_dnn.cc:384] Loaded cuDNN version 8100
2024-06-26 23:35:20.627250: W tensorflow/stream_executor/gpu/redzone_allocator.cc:314] INTERNAL: ptxas exited with non-zero error code -1, output: 
Relying on driver to perform ptx compilation. 
Modify $PATH to customize ptxas location.
This message will be only logged once.
2024-06-26 23:35:21.617268: I tensorflow/stream_executor/cuda/cuda_blas.cc:1614] TensorFloat-32 will be used for the matrix multiplication. This will only be logged once.

  1/196 [..............................] - ETA: 12:39 - loss: 3.1056 - accuracy: 0.1211
  2/196 [..............................] - ETA: 12s - loss: 361.4457 - accuracy: 0.1504
  4/196 [..............................] - ETA: 9s - loss: 856.1820 - accuracy: 0.1328 
  5/196 [..............................] - ETA: 10s - loss: 706.6147 - accuracy: 0.1164
  7/196 [>.............................] - ETA: 9s - loss: 505.6167 - accuracy: 0.1094 
  8/196 [>.............................] - ETA: 10s - loss: 442.7613 - accuracy: 0.1089
 10/196 [>.............................] - ETA: 9s - loss: 354.6697 - accuracy: 0.1117 
 11/196 [>.............................] - ETA: 9s - loss: 322.6358 - accuracy: 0.1122
 13/196 [>.............................] - ETA: 9s - loss: 273.3544 - accuracy: 0.1115
 14/196 [=>............................] - ETA: 9s - loss: 253.9932 - accuracy: 0.1136
 16/196 [=>............................] - ETA: 9s - loss: 222.5328 - accuracy: 0.1123
 17/196 [=>............................] - ETA: 9s - loss: 209.5791 - accuracy: 0.1108
 19/196 [=>............................] - ETA: 9s - loss: 187.7609 - accuracy: 0.1108
 20/196 [==>...........................] - ETA: 9s - loss: 178.4885 - accuracy: 0.1100
 22/196 [==>...........................] - ETA: 9s - loss: 162.4721 - accuracy: 0.1081
 23/196 [==>...........................] - ETA: 9s - loss: 155.5084 - accuracy: 0.1087
 25/196 [==>...........................] - ETA: 8s - loss: 143.2523 - accuracy: 0.1083
 26/196 [==>...........................] - ETA: 8s - loss: 137.8311 - accuracy: 0.1088
 28/196 [===>..........................] - ETA: 8s - loss: 128.1516 - accuracy: 0.1073
 29/196 [===>..........................] - ETA: 8s - loss: 123.8121 - accuracy: 0.1074
 31/196 [===>..........................] - ETA: 8s - loss: 115.9730 - accuracy: 0.1084
 32/196 [===>..........................] - ETA: 8s - loss: 112.4210 - accuracy: 0.1075
 34/196 [====>.........................] - ETA: 8s - loss: 105.9437 - accuracy: 0.1067
 35/196 [====>.........................] - ETA: 8s - loss: 102.9826 - accuracy: 0.1066
 37/196 [====>.........................] - ETA: 8s - loss: 97.5408 - accuracy: 0.1047 
 38/196 [====>.........................] - ETA: 8s - loss: 95.0346 - accuracy: 0.1052
 40/196 [=====>........................] - ETA: 8s - loss: 90.3979 - accuracy: 0.1054
 41/196 [=====>........................] - ETA: 8s - loss: 88.2492 - accuracy: 0.1058
 43/196 [=====>........................] - ETA: 7s - loss: 84.2518 - accuracy: 0.1052
 44/196 [=====>........................] - ETA: 7s - loss: 82.3893 - accuracy: 0.1051
 46/196 [======>.......................] - ETA: 7s - loss: 78.9072 - accuracy: 0.1061
 47/196 [======>.......................] - ETA: 7s - loss: 77.2774 - accuracy: 0.1056
 49/196 [======>.......................] - ETA: 7s - loss: 74.2173 - accuracy: 0.1051
 50/196 [======>.......................] - ETA: 7s - loss: 72.7791 - accuracy: 0.1045
 52/196 [======>.......................] - ETA: 7s - loss: 70.0685 - accuracy: 0.1042
 53/196 [=======>......................] - ETA: 7s - loss: 68.7900 - accuracy: 0.1042
 55/196 [=======>......................] - ETA: 7s - loss: 66.3722 - accuracy: 0.1046
 56/196 [=======>......................] - ETA: 7s - loss: 65.2282 - accuracy: 0.1047
 58/196 [=======>......................] - ETA: 7s - loss: 63.0584 - accuracy: 0.1040
 59/196 [========>.....................] - ETA: 7s - loss: 62.0289 - accuracy: 0.1035
 61/196 [========>.....................] - ETA: 7s - loss: 60.0706 - accuracy: 0.1039
 62/196 [========>.....................] - ETA: 7s - loss: 59.1387 - accuracy: 0.1041
 64/196 [========>.....................] - ETA: 6s - loss: 57.3626 - accuracy: 0.1041
 65/196 [========>.....................] - ETA: 6s - loss: 56.5155 - accuracy: 0.1041
 67/196 [=========>....................] - ETA: 6s - loss: 54.8972 - accuracy: 0.1039
 68/196 [=========>....................] - ETA: 6s - loss: 54.1238 - accuracy: 0.1039
 70/196 [=========>....................] - ETA: 6s - loss: 52.6433 - accuracy: 0.1033
 71/196 [=========>....................] - ETA: 6s - loss: 51.9344 - accuracy: 0.1031
 73/196 [==========>...................] - ETA: 6s - loss: 50.5748 - accuracy: 0.1025
 74/196 [==========>...................] - ETA: 6s - loss: 49.9224 - accuracy: 0.1025
 76/196 [==========>...................] - ETA: 6s - loss: 48.6692 - accuracy: 0.1023
 77/196 [==========>...................] - ETA: 6s - loss: 48.0671 - accuracy: 0.1023
 79/196 [===========>..................] - ETA: 6s - loss: 46.9087 - accuracy: 0.1016
 80/196 [===========>..................] - ETA: 6s - loss: 46.3511 - accuracy: 0.1017
 82/196 [===========>..................] - ETA: 5s - loss: 45.2769 - accuracy: 0.1016
 83/196 [===========>..................] - ETA: 5s - loss: 44.7592 - accuracy: 0.1013
 85/196 [============>.................] - ETA: 5s - loss: 43.7602 - accuracy: 0.1014
 86/196 [============>.................] - ETA: 5s - loss: 43.2782 - accuracy: 0.1016
 88/196 [============>.................] - ETA: 5s - loss: 42.3469 - accuracy: 0.1017
 89/196 [============>.................] - ETA: 5s - loss: 41.8970 - accuracy: 0.1018
 91/196 [============>.................] - ETA: 5s - loss: 41.0271 - accuracy: 0.1016
 93/196 [=============>................] - ETA: 5s - loss: 40.1943 - accuracy: 0.1017
 95/196 [=============>................] - ETA: 5s - loss: 39.3967 - accuracy: 0.1016
 96/196 [=============>................] - ETA: 5s - loss: 39.0103 - accuracy: 0.1018
 98/196 [==============>...............] - ETA: 5s - loss: 38.2613 - accuracy: 0.1012
 99/196 [==============>...............] - ETA: 5s - loss: 37.8981 - accuracy: 0.1012
101/196 [==============>...............] - ETA: 4s - loss: 37.1932 - accuracy: 0.1013
102/196 [==============>...............] - ETA: 4s - loss: 36.8512 - accuracy: 0.1014
104/196 [==============>...............] - ETA: 4s - loss: 36.1868 - accuracy: 0.1011
105/196 [===============>..............] - ETA: 4s - loss: 35.8641 - accuracy: 0.1009
107/196 [===============>..............] - ETA: 4s - loss: 35.2368 - accuracy: 0.1009
108/196 [===============>..............] - ETA: 4s - loss: 34.9319 - accuracy: 0.1010
110/196 [===============>..............] - ETA: 4s - loss: 34.3386 - accuracy: 0.1013
111/196 [===============>..............] - ETA: 4s - loss: 34.0499 - accuracy: 0.1015
113/196 [================>.............] - ETA: 4s - loss: 33.4880 - accuracy: 0.1015
114/196 [================>.............] - ETA: 4s - loss: 33.2145 - accuracy: 0.1016
116/196 [================>.............] - ETA: 4s - loss: 32.6815 - accuracy: 0.1016
117/196 [================>.............] - ETA: 4s - loss: 32.4219 - accuracy: 0.1016
119/196 [=================>............] - ETA: 4s - loss: 31.9157 - accuracy: 0.1013
120/196 [=================>............] - ETA: 3s - loss: 31.6690 - accuracy: 0.1013
122/196 [=================>............] - ETA: 3s - loss: 31.1878 - accuracy: 0.1010
123/196 [=================>............] - ETA: 3s - loss: 30.9530 - accuracy: 0.1010
125/196 [==================>...........] - ETA: 3s - loss: 30.4947 - accuracy: 0.1009
126/196 [==================>...........] - ETA: 3s - loss: 30.2710 - accuracy: 0.1007
128/196 [==================>...........] - ETA: 3s - loss: 29.8340 - accuracy: 0.1010
129/196 [==================>...........] - ETA: 3s - loss: 29.6205 - accuracy: 0.1010
131/196 [===================>..........] - ETA: 3s - loss: 29.2036 - accuracy: 0.1006
132/196 [===================>..........] - ETA: 3s - loss: 28.9998 - accuracy: 0.1004
134/196 [===================>..........] - ETA: 3s - loss: 28.6014 - accuracy: 0.1004
135/196 [===================>..........] - ETA: 3s - loss: 28.4066 - accuracy: 0.1005
137/196 [===================>..........] - ETA: 3s - loss: 28.0255 - accuracy: 0.1007
138/196 [====================>.........] - ETA: 3s - loss: 27.8391 - accuracy: 0.1008
140/196 [====================>.........] - ETA: 2s - loss: 27.4744 - accuracy: 0.1009
141/196 [====================>.........] - ETA: 2s - loss: 27.2959 - accuracy: 0.1006
142/196 [====================>.........] - ETA: 3s - loss: 27.2407 - accuracy: 0.1005
143/196 [====================>.........] - ETA: 2s - loss: 27.0655 - accuracy: 0.1004
145/196 [=====================>........] - ETA: 2s - loss: 26.7224 - accuracy: 0.1003
147/196 [=====================>........] - ETA: 2s - loss: 26.3886 - accuracy: 0.1001
148/196 [=====================>........] - ETA: 2s - loss: 26.2252 - accuracy: 0.1002
150/196 [=====================>........] - ETA: 2s - loss: 25.9047 - accuracy: 0.1002
152/196 [======================>.......] - ETA: 2s - loss: 25.5928 - accuracy: 0.1003
154/196 [======================>.......] - ETA: 2s - loss: 25.2890 - accuracy: 0.1003
155/196 [======================>.......] - ETA: 2s - loss: 25.1401 - accuracy: 0.1003
157/196 [=======================>......] - ETA: 2s - loss: 24.8480 - accuracy: 0.1002
158/196 [=======================>......] - ETA: 2s - loss: 24.7047 - accuracy: 0.1002
160/196 [=======================>......] - ETA: 1s - loss: 24.4235 - accuracy: 0.1005
161/196 [=======================>......] - ETA: 1s - loss: 24.2855 - accuracy: 0.1005
163/196 [=======================>......] - ETA: 1s - loss: 24.0147 - accuracy: 0.1003
164/196 [========================>.....] - ETA: 1s - loss: 23.8817 - accuracy: 0.1004
166/196 [========================>.....] - ETA: 1s - loss: 23.6207 - accuracy: 0.1003
167/196 [========================>.....] - ETA: 1s - loss: 23.4926 - accuracy: 0.1004
169/196 [========================>.....] - ETA: 1s - loss: 23.2409 - accuracy: 0.1003
170/196 [=========================>....] - ETA: 1s - loss: 23.1173 - accuracy: 0.1002
172/196 [=========================>....] - ETA: 1s - loss: 22.8744 - accuracy: 0.1002
173/196 [=========================>....] - ETA: 1s - loss: 22.7550 - accuracy: 0.1002
175/196 [=========================>....] - ETA: 1s - loss: 22.5203 - accuracy: 0.1002
177/196 [==========================>...] - ETA: 1s - loss: 22.2910 - accuracy: 0.1002
179/196 [==========================>...] - ETA: 0s - loss: 22.0668 - accuracy: 0.1001
180/196 [==========================>...] - ETA: 0s - loss: 21.9565 - accuracy: 0.1005
182/196 [==========================>...] - ETA: 0s - loss: 21.7398 - accuracy: 0.1004
183/196 [===========================>..] - ETA: 0s - loss: 21.6332 - accuracy: 0.1004
185/196 [===========================>..] - ETA: 0s - loss: 21.4235 - accuracy: 0.1004
186/196 [===========================>..] - ETA: 0s - loss: 21.3204 - accuracy: 0.1004
188/196 [===========================>..] - ETA: 0s - loss: 21.1174 - accuracy: 0.1004
189/196 [===========================>..] - ETA: 0s - loss: 21.0175 - accuracy: 0.1003
191/196 [============================>.] - ETA: 0s - loss: 20.8208 - accuracy: 0.1006
192/196 [============================>.] - ETA: 0s - loss: 20.7240 - accuracy: 0.1006
194/196 [============================>.] - ETA: 0s - loss: 20.5335 - accuracy: 0.1003
195/196 [============================>.] - ETA: 0s - loss: 20.4397 - accuracy: 0.1005
196/196 [==============================] - 16s 60ms/step - loss: 20.3468 - accuracy: 0.1005 - val_loss: 2.3058 - val_accuracy: 0.1000
Epoch 2/27

  1/196 [..............................] - ETA: 12s - loss: 2.3046 - accuracy: 0.0977
  3/196 [..............................] - ETA: 10s - loss: 2.3078 - accuracy: 0.0911
  5/196 [..............................] - ETA: 9s - loss: 2.3062 - accuracy: 0.1008 
  6/196 [..............................] - ETA: 10s - loss: 2.3070 - accuracy: 0.1003
  8/196 [>.............................] - ETA: 9s - loss: 2.3059 - accuracy: 0.1035 
 10/196 [>.............................] - ETA: 9s - loss: 2.3063 - accuracy: 0.1016
 12/196 [>.............................] - ETA: 9s - loss: 2.3068 - accuracy: 0.0986
 13/196 [>.............................] - ETA: 9s - loss: 2.3069 - accuracy: 0.0974
 15/196 [=>............................] - ETA: 9s - loss: 2.3060 - accuracy: 0.0977
 16/196 [=>............................] - ETA: 9s - loss: 2.3058 - accuracy: 0.0991
 18/196 [=>............................] - ETA: 9s - loss: 2.3056 - accuracy: 0.1000
 20/196 [==>...........................] - ETA: 9s - loss: 2.3057 - accuracy: 0.0988
 22/196 [==>...........................] - ETA: 9s - loss: 2.3057 - accuracy: 0.0993
 23/196 [==>...........................] - ETA: 9s - loss: 2.3059 - accuracy: 0.0992
 25/196 [==>...........................] - ETA: 8s - loss: 2.3060 - accuracy: 0.0994
 26/196 [==>...........................] - ETA: 8s - loss: 2.3062 - accuracy: 0.0993
 28/196 [===>..........................] - ETA: 8s - loss: 2.3065 - accuracy: 0.0991
 29/196 [===>..........................] - ETA: 8s - loss: 2.3065 - accuracy: 0.0989
 31/196 [===>..........................] - ETA: 8s - loss: 2.3064 - accuracy: 0.0995
 32/196 [===>..........................] - ETA: 8s - loss: 2.3062 - accuracy: 0.1001
 34/196 [====>.........................] - ETA: 8s - loss: 2.3062 - accuracy: 0.0994
 35/196 [====>.........................] - ETA: 8s - loss: 2.3062 - accuracy: 0.0992
 37/196 [====>.........................] - ETA: 8s - loss: 2.3060 - accuracy: 0.0998
 38/196 [====>.........................] - ETA: 8s - loss: 2.3061 - accuracy: 0.0999
 40/196 [=====>........................] - ETA: 8s - loss: 2.3060 - accuracy: 0.1002
 41/196 [=====>........................] - ETA: 8s - loss: 2.3059 - accuracy: 0.1002
 43/196 [=====>........................] - ETA: 7s - loss: 2.3062 - accuracy: 0.1000
 44/196 [=====>........................] - ETA: 7s - loss: 2.3063 - accuracy: 0.0994
 46/196 [======>.......................] - ETA: 7s - loss: 2.3064 - accuracy: 0.0995
 47/196 [======>.......................] - ETA: 7s - loss: 2.3065 - accuracy: 0.1001
 49/196 [======>.......................] - ETA: 7s - loss: 2.3063 - accuracy: 0.1006
 50/196 [======>.......................] - ETA: 7s - loss: 2.3063 - accuracy: 0.1005
 52/196 [======>.......................] - ETA: 7s - loss: 2.3064 - accuracy: 0.1005
 54/196 [=======>......................] - ETA: 7s - loss: 2.3064 - accuracy: 0.1008
 56/196 [=======>......................] - ETA: 7s - loss: 2.3063 - accuracy: 0.1011
 57/196 [=======>......................] - ETA: 7s - loss: 2.3063 - accuracy: 0.1009
 59/196 [========>.....................] - ETA: 7s - loss: 2.3065 - accuracy: 0.1006
 60/196 [========>.....................] - ETA: 7s - loss: 2.3066 - accuracy: 0.1005
 62/196 [========>.....................] - ETA: 6s - loss: 2.3065 - accuracy: 0.1007
 63/196 [========>.....................] - ETA: 6s - loss: 2.3064 - accuracy: 0.1009
 65/196 [========>.....................] - ETA: 6s - loss: 2.3065 - accuracy: 0.1002
 66/196 [=========>....................] - ETA: 6s - loss: 2.3066 - accuracy: 0.1006
 68/196 [=========>....................] - ETA: 6s - loss: 2.3065 - accuracy: 0.1002
 69/196 [=========>....................] - ETA: 6s - loss: 2.3066 - accuracy: 0.1002
 71/196 [=========>....................] - ETA: 6s - loss: 2.3066 - accuracy: 0.1002
 72/196 [==========>...................] - ETA: 6s - loss: 2.3065 - accuracy: 0.1007
 74/196 [==========>...................] - ETA: 6s - loss: 2.3065 - accuracy: 0.1002
 75/196 [==========>...................] - ETA: 6s - loss: 2.3064 - accuracy: 0.1005
 77/196 [==========>...................] - ETA: 6s - loss: 2.3063 - accuracy: 0.1006
 78/196 [==========>...................] - ETA: 6s - loss: 2.3064 - accuracy: 0.1010
 80/196 [===========>..................] - ETA: 6s - loss: 2.3065 - accuracy: 0.1006
 81/196 [===========>..................] - ETA: 5s - loss: 2.3065 - accuracy: 0.1004
 83/196 [===========>..................] - ETA: 5s - loss: 2.3064 - accuracy: 0.1007
 84/196 [===========>..................] - ETA: 5s - loss: 2.3064 - accuracy: 0.1009
 86/196 [============>.................] - ETA: 5s - loss: 2.3063 - accuracy: 0.1009
 87/196 [============>.................] - ETA: 5s - loss: 2.3063 - accuracy: 0.1008
 89/196 [============>.................] - ETA: 5s - loss: 2.3063 - accuracy: 0.1004
 90/196 [============>.................] - ETA: 5s - loss: 2.3062 - accuracy: 0.1006
 92/196 [=============>................] - ETA: 5s - loss: 2.3062 - accuracy: 0.1009
 94/196 [=============>................] - ETA: 5s - loss: 2.3062 - accuracy: 0.1008
 96/196 [=============>................] - ETA: 5s - loss: 2.3061 - accuracy: 0.1011
 98/196 [==============>...............] - ETA: 5s - loss: 2.3062 - accuracy: 0.1010
100/196 [==============>...............] - ETA: 4s - loss: 2.3063 - accuracy: 0.1008
102/196 [==============>...............] - ETA: 4s - loss: 2.3062 - accuracy: 0.1007
103/196 [==============>...............] - ETA: 4s - loss: 2.3062 - accuracy: 0.1005
105/196 [===============>..............] - ETA: 4s - loss: 2.3062 - accuracy: 0.1007
106/196 [===============>..............] - ETA: 4s - loss: 2.3062 - accuracy: 0.1010
108/196 [===============>..............] - ETA: 4s - loss: 2.3061 - accuracy: 0.1008
109/196 [===============>..............] - ETA: 4s - loss: 2.3061 - accuracy: 0.1007
111/196 [===============>..............] - ETA: 4s - loss: 2.3060 - accuracy: 0.1007
113/196 [================>.............] - ETA: 4s - loss: 2.3061 - accuracy: 0.1008
115/196 [================>.............] - ETA: 4s - loss: 2.3061 - accuracy: 0.1006
116/196 [================>.............] - ETA: 4s - loss: 2.3061 - accuracy: 0.1004
118/196 [=================>............] - ETA: 4s - loss: 2.3060 - accuracy: 0.1004
119/196 [=================>............] - ETA: 3s - loss: 2.3060 - accuracy: 0.1005
121/196 [=================>............] - ETA: 3s - loss: 2.3060 - accuracy: 0.1000
122/196 [=================>............] - ETA: 3s - loss: 2.3060 - accuracy: 0.0998
124/196 [=================>............] - ETA: 3s - loss: 2.3060 - accuracy: 0.0998
125/196 [==================>...........] - ETA: 3s - loss: 2.3060 - accuracy: 0.0996
127/196 [==================>...........] - ETA: 3s - loss: 2.3059 - accuracy: 0.0996
128/196 [==================>...........] - ETA: 3s - loss: 2.3059 - accuracy: 0.0993
130/196 [==================>...........] - ETA: 3s - loss: 2.3059 - accuracy: 0.0991
131/196 [===================>..........] - ETA: 3s - loss: 2.3059 - accuracy: 0.0992
133/196 [===================>..........] - ETA: 3s - loss: 2.3059 - accuracy: 0.0993
134/196 [===================>..........] - ETA: 3s - loss: 2.3059 - accuracy: 0.0991
136/196 [===================>..........] - ETA: 3s - loss: 2.3060 - accuracy: 0.0991
138/196 [====================>.........] - ETA: 2s - loss: 2.3060 - accuracy: 0.0990
140/196 [====================>.........] - ETA: 2s - loss: 2.3061 - accuracy: 0.0989
141/196 [====================>.........] - ETA: 2s - loss: 2.3061 - accuracy: 0.0990
143/196 [====================>.........] - ETA: 2s - loss: 2.3061 - accuracy: 0.0990
144/196 [=====================>........] - ETA: 2s - loss: 2.3061 - accuracy: 0.0990
146/196 [=====================>........] - ETA: 2s - loss: 2.3061 - accuracy: 0.0988
147/196 [=====================>........] - ETA: 2s - loss: 2.3061 - accuracy: 0.0987
149/196 [=====================>........] - ETA: 2s - loss: 2.3061 - accuracy: 0.0987
150/196 [=====================>........] - ETA: 2s - loss: 2.3061 - accuracy: 0.0988
152/196 [======================>.......] - ETA: 2s - loss: 2.3061 - accuracy: 0.0988
153/196 [======================>.......] - ETA: 2s - loss: 2.3061 - accuracy: 0.0987
155/196 [======================>.......] - ETA: 2s - loss: 2.3061 - accuracy: 0.0987
157/196 [=======================>......] - ETA: 2s - loss: 2.3062 - accuracy: 0.0987
159/196 [=======================>......] - ETA: 1s - loss: 2.3061 - accuracy: 0.0989
161/196 [=======================>......] - ETA: 1s - loss: 2.3062 - accuracy: 0.0989
163/196 [=======================>......] - ETA: 1s - loss: 2.3062 - accuracy: 0.0989
165/196 [========================>.....] - ETA: 1s - loss: 2.3062 - accuracy: 0.0992
166/196 [========================>.....] - ETA: 1s - loss: 2.3062 - accuracy: 0.0992
168/196 [========================>.....] - ETA: 1s - loss: 2.3062 - accuracy: 0.0992
169/196 [========================>.....] - ETA: 1s - loss: 2.3063 - accuracy: 0.0989
171/196 [=========================>....] - ETA: 1s - loss: 2.3064 - accuracy: 0.0986
172/196 [=========================>....] - ETA: 1s - loss: 2.3064 - accuracy: 0.0987
174/196 [=========================>....] - ETA: 1s - loss: 2.3064 - accuracy: 0.0986
175/196 [=========================>....] - ETA: 1s - loss: 2.3064 - accuracy: 0.0988
177/196 [==========================>...] - ETA: 0s - loss: 2.3063 - accuracy: 0.0987
178/196 [==========================>...] - ETA: 0s - loss: 2.3064 - accuracy: 0.0985
180/196 [==========================>...] - ETA: 0s - loss: 2.3064 - accuracy: 0.0984
181/196 [==========================>...] - ETA: 0s - loss: 2.3064 - accuracy: 0.0984
183/196 [===========================>..] - ETA: 0s - loss: 2.3064 - accuracy: 0.0985
184/196 [===========================>..] - ETA: 0s - loss: 2.3064 - accuracy: 0.0985
186/196 [===========================>..] - ETA: 0s - loss: 2.3064 - accuracy: 0.0984
187/196 [===========================>..] - ETA: 0s - loss: 2.3064 - accuracy: 0.0985
189/196 [===========================>..] - ETA: 0s - loss: 2.3064 - accuracy: 0.0987
190/196 [============================>.] - ETA: 0s - loss: 2.3063 - accuracy: 0.0987
192/196 [============================>.] - ETA: 0s - loss: 2.3064 - accuracy: 0.0986
193/196 [============================>.] - ETA: 0s - loss: 2.3064 - accuracy: 0.0985
195/196 [============================>.] - ETA: 0s - loss: 2.3063 - accuracy: 0.0986
196/196 [==============================] - ETA: 0s - loss: 2.3063 - accuracy: 0.0986
196/196 [==============================] - 11s 55ms/step - loss: 2.3063 - accuracy: 0.0986 - val_loss: 2.3048 - val_accuracy: 0.1000
Epoch 3/27

  1/196 [..............................] - ETA: 12s - loss: 2.3060 - accuracy: 0.1016
  2/196 [..............................] - ETA: 12s - loss: 2.3038 - accuracy: 0.1133
  4/196 [..............................] - ETA: 9s - loss: 2.3026 - accuracy: 0.1055 
  5/196 [..............................] - ETA: 10s - loss: 2.3014 - accuracy: 0.1063
  7/196 [>.............................] - ETA: 9s - loss: 2.3047 - accuracy: 0.1016 
  8/196 [>.............................] - ETA: 10s - loss: 2.3031 - accuracy: 0.1055
 10/196 [>.............................] - ETA: 9s - loss: 2.3057 - accuracy: 0.1043 
 11/196 [>.............................] - ETA: 9s - loss: 2.3057 - accuracy: 0.1044
 13/196 [>.............................] - ETA: 9s - loss: 2.3066 - accuracy: 0.1013
 15/196 [=>............................] - ETA: 9s - loss: 2.3063 - accuracy: 0.1021
 17/196 [=>............................] - ETA: 9s - loss: 2.3063 - accuracy: 0.1027
 18/196 [=>............................] - ETA: 9s - loss: 2.3062 - accuracy: 0.1018
 20/196 [==>...........................] - ETA: 9s - loss: 2.3058 - accuracy: 0.1008
 21/196 [==>...........................] - ETA: 9s - loss: 2.3055 - accuracy: 0.1003
 23/196 [==>...........................] - ETA: 8s - loss: 2.3060 - accuracy: 0.0997
 24/196 [==>...........................] - ETA: 9s - loss: 2.3060 - accuracy: 0.0999
 26/196 [==>...........................] - ETA: 8s - loss: 2.3063 - accuracy: 0.1008
 27/196 [===>..........................] - ETA: 8s - loss: 2.3064 - accuracy: 0.1007
 29/196 [===>..........................] - ETA: 8s - loss: 2.3067 - accuracy: 0.1002
 30/196 [===>..........................] - ETA: 8s - loss: 2.3066 - accuracy: 0.0999
 32/196 [===>..........................] - ETA: 8s - loss: 2.3065 - accuracy: 0.0991
 33/196 [====>.........................] - ETA: 8s - loss: 2.3064 - accuracy: 0.0984
 35/196 [====>.........................] - ETA: 8s - loss: 2.3065 - accuracy: 0.0978
 36/196 [====>.........................] - ETA: 8s - loss: 2.3064 - accuracy: 0.0979
 38/196 [====>.........................] - ETA: 8s - loss: 2.3064 - accuracy: 0.0972
 39/196 [====>.........................] - ETA: 8s - loss: 2.3065 - accuracy: 0.0969
 41/196 [=====>........................] - ETA: 8s - loss: 2.3063 - accuracy: 0.0976
 43/196 [=====>........................] - ETA: 7s - loss: 2.3064 - accuracy: 0.0972
 45/196 [=====>........................] - ETA: 7s - loss: 2.3064 - accuracy: 0.0972
 46/196 [======>.......................] - ETA: 7s - loss: 2.3064 - accuracy: 0.0971
 48/196 [======>.......................] - ETA: 7s - loss: 2.3063 - accuracy: 0.0971
 49/196 [======>.......................] - ETA: 7s - loss: 2.3062 - accuracy: 0.0965
 50/196 [======>.......................] - ETA: 7s - loss: 2.3062 - accuracy: 0.0968
 52/196 [======>.......................] - ETA: 7s - loss: 2.3061 - accuracy: 0.0964
 54/196 [=======>......................] - ETA: 7s - loss: 2.3059 - accuracy: 0.0973
 55/196 [=======>......................] - ETA: 7s - loss: 2.3060 - accuracy: 0.0969
 57/196 [=======>......................] - ETA: 7s - loss: 2.3061 - accuracy: 0.0970
 59/196 [========>.....................] - ETA: 7s - loss: 2.3059 - accuracy: 0.0981
 61/196 [========>.....................] - ETA: 7s - loss: 2.3059 - accuracy: 0.0982
 62/196 [========>.....................] - ETA: 6s - loss: 2.3059 - accuracy: 0.0983
 64/196 [========>.....................] - ETA: 6s - loss: 2.3058 - accuracy: 0.0981
 66/196 [=========>....................] - ETA: 6s - loss: 2.3060 - accuracy: 0.0979
 68/196 [=========>....................] - ETA: 6s - loss: 2.3060 - accuracy: 0.0978
 70/196 [=========>....................] - ETA: 6s - loss: 2.3061 - accuracy: 0.0972
 71/196 [=========>....................] - ETA: 6s - loss: 2.3062 - accuracy: 0.0971
 73/196 [==========>...................] - ETA: 6s - loss: 2.3061 - accuracy: 0.0970
 74/196 [==========>...................] - ETA: 6s - loss: 2.3060 - accuracy: 0.0976
 76/196 [==========>...................] - ETA: 6s - loss: 2.3059 - accuracy: 0.0981
 77/196 [==========>...................] - ETA: 6s - loss: 2.3059 - accuracy: 0.0983
 79/196 [===========>..................] - ETA: 6s - loss: 2.3057 - accuracy: 0.0987
 80/196 [===========>..................] - ETA: 6s - loss: 2.3057 - accuracy: 0.0987
 82/196 [===========>..................] - ETA: 5s - loss: 2.3056 - accuracy: 0.0988
 83/196 [===========>..................] - ETA: 5s - loss: 2.3055 - accuracy: 0.0987
 85/196 [============>.................] - ETA: 5s - loss: 2.3056 - accuracy: 0.0990
 86/196 [============>.................] - ETA: 5s - loss: 2.3058 - accuracy: 0.0989
 88/196 [============>.................] - ETA: 5s - loss: 2.3057 - accuracy: 0.0993
 89/196 [============>.................] - ETA: 5s - loss: 2.3057 - accuracy: 0.0991
 91/196 [============>.................] - ETA: 5s - loss: 2.3058 - accuracy: 0.0992
 92/196 [=============>................] - ETA: 5s - loss: 2.3057 - accuracy: 0.0994
 94/196 [=============>................] - ETA: 5s - loss: 2.3060 - accuracy: 0.0995
 95/196 [=============>................] - ETA: 5s - loss: 2.3060 - accuracy: 0.0997
 97/196 [=============>................] - ETA: 5s - loss: 2.3061 - accuracy: 0.0997
 98/196 [==============>...............] - ETA: 5s - loss: 2.3061 - accuracy: 0.0998
100/196 [==============>...............] - ETA: 4s - loss: 2.3061 - accuracy: 0.1001
101/196 [==============>...............] - ETA: 4s - loss: 2.3061 - accuracy: 0.1001
103/196 [==============>...............] - ETA: 4s - loss: 2.3062 - accuracy: 0.1000
104/196 [==============>...............] - ETA: 4s - loss: 2.3062 - accuracy: 0.1002
106/196 [===============>..............] - ETA: 4s - loss: 2.3064 - accuracy: 0.0998
108/196 [===============>..............] - ETA: 4s - loss: 2.3064 - accuracy: 0.1001
110/196 [===============>..............] - ETA: 4s - loss: 2.3063 - accuracy: 0.1001
111/196 [===============>..............] - ETA: 4s - loss: 2.3063 - accuracy: 0.1005
113/196 [================>.............] - ETA: 4s - loss: 2.3064 - accuracy: 0.1005
114/196 [================>.............] - ETA: 4s - loss: 2.3066 - accuracy: 0.1001
116/196 [================>.............] - ETA: 4s - loss: 2.3067 - accuracy: 0.1000
117/196 [================>.............] - ETA: 4s - loss: 2.3067 - accuracy: 0.1001
119/196 [=================>............] - ETA: 3s - loss: 2.3067 - accuracy: 0.0998
120/196 [=================>............] - ETA: 3s - loss: 2.3067 - accuracy: 0.0998
122/196 [=================>............] - ETA: 3s - loss: 2.3067 - accuracy: 0.0997
123/196 [=================>............] - ETA: 3s - loss: 2.3067 - accuracy: 0.0995
125/196 [==================>...........] - ETA: 3s - loss: 2.3067 - accuracy: 0.0997
126/196 [==================>...........] - ETA: 3s - loss: 2.3067 - accuracy: 0.0998
128/196 [==================>...........] - ETA: 3s - loss: 2.3067 - accuracy: 0.0996
129/196 [==================>...........] - ETA: 3s - loss: 2.3067 - accuracy: 0.0996
131/196 [===================>..........] - ETA: 3s - loss: 2.3067 - accuracy: 0.0995
132/196 [===================>..........] - ETA: 3s - loss: 2.3067 - accuracy: 0.0998
134/196 [===================>..........] - ETA: 3s - loss: 2.3067 - accuracy: 0.0998
135/196 [===================>..........] - ETA: 3s - loss: 2.3066 - accuracy: 0.1000
137/196 [===================>..........] - ETA: 3s - loss: 2.3067 - accuracy: 0.0996
138/196 [====================>.........] - ETA: 3s - loss: 2.3067 - accuracy: 0.0996
140/196 [====================>.........] - ETA: 2s - loss: 2.3067 - accuracy: 0.0995
141/196 [====================>.........] - ETA: 2s - loss: 2.3067 - accuracy: 0.0996
143/196 [====================>.........] - ETA: 2s - loss: 2.3066 - accuracy: 0.0995
144/196 [=====================>........] - ETA: 2s - loss: 2.3066 - accuracy: 0.0996
146/196 [=====================>........] - ETA: 2s - loss: 2.3065 - accuracy: 0.0996
147/196 [=====================>........] - ETA: 2s - loss: 2.3066 - accuracy: 0.0996
149/196 [=====================>........] - ETA: 2s - loss: 2.3066 - accuracy: 0.0995
150/196 [=====================>........] - ETA: 2s - loss: 2.3066 - accuracy: 0.0995
152/196 [======================>.......] - ETA: 2s - loss: 2.3066 - accuracy: 0.0996
153/196 [======================>.......] - ETA: 2s - loss: 2.3066 - accuracy: 0.0996
155/196 [======================>.......] - ETA: 2s - loss: 2.3066 - accuracy: 0.0999
157/196 [=======================>......] - ETA: 2s - loss: 2.3064 - accuracy: 0.1002
159/196 [=======================>......] - ETA: 1s - loss: 2.3064 - accuracy: 0.1003
161/196 [=======================>......] - ETA: 1s - loss: 2.3064 - accuracy: 0.1003
163/196 [=======================>......] - ETA: 1s - loss: 2.3065 - accuracy: 0.1003
165/196 [========================>.....] - ETA: 1s - loss: 2.3065 - accuracy: 0.1000
166/196 [========================>.....] - ETA: 1s - loss: 2.3065 - accuracy: 0.1001
168/196 [========================>.....] - ETA: 1s - loss: 2.3065 - accuracy: 0.0998
169/196 [========================>.....] - ETA: 1s - loss: 2.3065 - accuracy: 0.0998
171/196 [=========================>....] - ETA: 1s - loss: 2.3065 - accuracy: 0.0998
172/196 [=========================>....] - ETA: 1s - loss: 2.3065 - accuracy: 0.0997
174/196 [=========================>....] - ETA: 1s - loss: 2.3065 - accuracy: 0.0997
175/196 [=========================>....] - ETA: 1s - loss: 2.3065 - accuracy: 0.0995
177/196 [==========================>...] - ETA: 0s - loss: 2.3065 - accuracy: 0.0996
179/196 [==========================>...] - ETA: 0s - loss: 2.3066 - accuracy: 0.0994
181/196 [==========================>...] - ETA: 0s - loss: 2.3066 - accuracy: 0.0997
182/196 [==========================>...] - ETA: 0s - loss: 2.3065 - accuracy: 0.0996
184/196 [===========================>..] - ETA: 0s - loss: 2.3065 - accuracy: 0.0994
185/196 [===========================>..] - ETA: 0s - loss: 2.3065 - accuracy: 0.0992
187/196 [===========================>..] - ETA: 0s - loss: 2.3065 - accuracy: 0.0992
188/196 [===========================>..] - ETA: 0s - loss: 2.3065 - accuracy: 0.0992
190/196 [============================>.] - ETA: 0s - loss: 2.3065 - accuracy: 0.0992
191/196 [============================>.] - ETA: 0s - loss: 2.3065 - accuracy: 0.0993
193/196 [============================>.] - ETA: 0s - loss: 2.3066 - accuracy: 0.0993
195/196 [============================>.] - ETA: 0s - loss: 2.3065 - accuracy: 0.0992
196/196 [==============================] - 11s 56ms/step - loss: 2.3066 - accuracy: 0.0992 - val_loss: 2.3036 - val_accuracy: 0.1000
Epoch 4/27

  1/196 [..............................] - ETA: 12s - loss: 2.3033 - accuracy: 0.1250
  3/196 [..............................] - ETA: 10s - loss: 2.3040 - accuracy: 0.1042
  5/196 [..............................] - ETA: 9s - loss: 2.3039 - accuracy: 0.1031 
  6/196 [..............................] - ETA: 10s - loss: 2.3041 - accuracy: 0.1003
  8/196 [>.............................] - ETA: 10s - loss: 2.3050 - accuracy: 0.0972
 10/196 [>.............................] - ETA: 9s - loss: 2.3052 - accuracy: 0.0961 
 12/196 [>.............................] - ETA: 9s - loss: 2.3050 - accuracy: 0.0973
 14/196 [=>............................] - ETA: 9s - loss: 2.3051 - accuracy: 0.0946
 15/196 [=>............................] - ETA: 9s - loss: 2.3057 - accuracy: 0.0948
 17/196 [=>............................] - ETA: 9s - loss: 2.3051 - accuracy: 0.0977
 18/196 [=>............................] - ETA: 9s - loss: 2.3052 - accuracy: 0.0987
 20/196 [==>...........................] - ETA: 9s - loss: 2.3052 - accuracy: 0.0984
 21/196 [==>...........................] - ETA: 9s - loss: 2.3052 - accuracy: 0.0991
 23/196 [==>...........................] - ETA: 8s - loss: 2.3052 - accuracy: 0.1000
 24/196 [==>...........................] - ETA: 8s - loss: 2.3051 - accuracy: 0.1012
 26/196 [==>...........................] - ETA: 8s - loss: 2.3051 - accuracy: 0.1016
 27/196 [===>..........................] - ETA: 8s - loss: 2.3053 - accuracy: 0.1007
 29/196 [===>..........................] - ETA: 8s - loss: 2.3048 - accuracy: 0.1014
 30/196 [===>..........................] - ETA: 8s - loss: 2.3046 - accuracy: 0.1018
 32/196 [===>..........................] - ETA: 8s - loss: 2.3047 - accuracy: 0.1012
 33/196 [====>.........................] - ETA: 8s - loss: 2.3047 - accuracy: 0.1005
 35/196 [====>.........................] - ETA: 8s - loss: 2.3046 - accuracy: 0.0999
 36/196 [====>.........................] - ETA: 8s - loss: 2.3046 - accuracy: 0.1003
 38/196 [====>.........................] - ETA: 8s - loss: 2.3042 - accuracy: 0.1000
 39/196 [====>.........................] - ETA: 8s - loss: 2.3042 - accuracy: 0.1002
 41/196 [=====>........................] - ETA: 8s - loss: 2.3044 - accuracy: 0.1005
 43/196 [=====>........................] - ETA: 7s - loss: 2.3044 - accuracy: 0.1010
 45/196 [=====>........................] - ETA: 7s - loss: 2.3048 - accuracy: 0.1008
 46/196 [======>.......................] - ETA: 7s - loss: 2.3050 - accuracy: 0.1004
 48/196 [======>.......................] - ETA: 7s - loss: 2.3052 - accuracy: 0.0999
 49/196 [======>.......................] - ETA: 7s - loss: 2.3053 - accuracy: 0.0993
 51/196 [======>.......................] - ETA: 7s - loss: 2.3050 - accuracy: 0.0999
 52/196 [======>.......................] - ETA: 7s - loss: 2.3049 - accuracy: 0.0995
 54/196 [=======>......................] - ETA: 7s - loss: 2.3052 - accuracy: 0.0990
 55/196 [=======>......................] - ETA: 7s - loss: 2.3055 - accuracy: 0.0992
 57/196 [=======>......................] - ETA: 7s - loss: 2.3059 - accuracy: 0.0990
 58/196 [=======>......................] - ETA: 7s - loss: 2.3061 - accuracy: 0.0991
 60/196 [========>.....................] - ETA: 7s - loss: 2.3064 - accuracy: 0.0988
 61/196 [========>.....................] - ETA: 7s - loss: 2.3066 - accuracy: 0.0986
 63/196 [========>.....................] - ETA: 6s - loss: 2.3066 - accuracy: 0.0988
 64/196 [========>.....................] - ETA: 6s - loss: 2.3066 - accuracy: 0.0989
 66/196 [=========>....................] - ETA: 6s - loss: 2.3067 - accuracy: 0.0987
 67/196 [=========>....................] - ETA: 6s - loss: 2.3067 - accuracy: 0.0985
 69/196 [=========>....................] - ETA: 6s - loss: 2.3068 - accuracy: 0.0984
 70/196 [=========>....................] - ETA: 6s - loss: 2.3066 - accuracy: 0.0989
 72/196 [==========>...................] - ETA: 6s - loss: 2.3067 - accuracy: 0.0988
 73/196 [==========>...................] - ETA: 6s - loss: 2.3069 - accuracy: 0.0989
 75/196 [==========>...................] - ETA: 6s - loss: 2.3069 - accuracy: 0.0980
 76/196 [==========>...................] - ETA: 6s - loss: 2.3068 - accuracy: 0.0984
 78/196 [==========>...................] - ETA: 6s - loss: 2.3068 - accuracy: 0.0980
 79/196 [===========>..................] - ETA: 6s - loss: 2.3068 - accuracy: 0.0981
 81/196 [===========>..................] - ETA: 5s - loss: 2.3067 - accuracy: 0.0982
 83/196 [===========>..................] - ETA: 5s - loss: 2.3067 - accuracy: 0.0980
 85/196 [============>.................] - ETA: 5s - loss: 2.3065 - accuracy: 0.0985
 87/196 [============>.................] - ETA: 5s - loss: 2.3065 - accuracy: 0.0989
 88/196 [============>.................] - ETA: 5s - loss: 2.3066 - accuracy: 0.0990
 90/196 [============>.................] - ETA: 5s - loss: 2.3066 - accuracy: 0.0989
 92/196 [=============>................] - ETA: 5s - loss: 2.3064 - accuracy: 0.0992
 94/196 [=============>................] - ETA: 5s - loss: 2.3064 - accuracy: 0.0988
 95/196 [=============>................] - ETA: 5s - loss: 2.3064 - accuracy: 0.0988
 97/196 [=============>................] - ETA: 5s - loss: 2.3064 - accuracy: 0.0987
 98/196 [==============>...............] - ETA: 5s - loss: 2.3063 - accuracy: 0.0988
100/196 [==============>...............] - ETA: 4s - loss: 2.3063 - accuracy: 0.0984
101/196 [==============>...............] - ETA: 4s - loss: 2.3063 - accuracy: 0.0983
103/196 [==============>...............] - ETA: 4s - loss: 2.3063 - accuracy: 0.0983
104/196 [==============>...............] - ETA: 4s - loss: 2.3063 - accuracy: 0.0983
106/196 [===============>..............] - ETA: 4s - loss: 2.3062 - accuracy: 0.0986
107/196 [===============>..............] - ETA: 4s - loss: 2.3062 - accuracy: 0.0987
109/196 [===============>..............] - ETA: 4s - loss: 2.3062 - accuracy: 0.0987
110/196 [===============>..............] - ETA: 4s - loss: 2.3063 - accuracy: 0.0985
112/196 [================>.............] - ETA: 4s - loss: 2.3063 - accuracy: 0.0987
113/196 [================>.............] - ETA: 4s - loss: 2.3063 - accuracy: 0.0985
115/196 [================>.............] - ETA: 4s - loss: 2.3062 - accuracy: 0.0985
117/196 [================>.............] - ETA: 4s - loss: 2.3063 - accuracy: 0.0984
119/196 [=================>............] - ETA: 3s - loss: 2.3063 - accuracy: 0.0982
120/196 [=================>............] - ETA: 3s - loss: 2.3063 - accuracy: 0.0980
122/196 [=================>............] - ETA: 3s - loss: 2.3063 - accuracy: 0.0981
123/196 [=================>............] - ETA: 3s - loss: 2.3062 - accuracy: 0.0982
125/196 [==================>...........] - ETA: 3s - loss: 2.3062 - accuracy: 0.0981
126/196 [==================>...........] - ETA: 3s - loss: 2.3063 - accuracy: 0.0980
128/196 [==================>...........] - ETA: 3s - loss: 2.3063 - accuracy: 0.0980
129/196 [==================>...........] - ETA: 3s - loss: 2.3062 - accuracy: 0.0980
131/196 [===================>..........] - ETA: 3s - loss: 2.3062 - accuracy: 0.0977
132/196 [===================>..........] - ETA: 3s - loss: 2.3062 - accuracy: 0.0975
134/196 [===================>..........] - ETA: 3s - loss: 2.3063 - accuracy: 0.0974
135/196 [===================>..........] - ETA: 3s - loss: 2.3063 - accuracy: 0.0972
137/196 [===================>..........] - ETA: 3s - loss: 2.3063 - accuracy: 0.0970
138/196 [====================>.........] - ETA: 3s - loss: 2.3063 - accuracy: 0.0973
140/196 [====================>.........] - ETA: 2s - loss: 2.3063 - accuracy: 0.0973
141/196 [====================>.........] - ETA: 2s - loss: 2.3063 - accuracy: 0.0975
143/196 [====================>.........] - ETA: 2s - loss: 2.3063 - accuracy: 0.0976
144/196 [=====================>........] - ETA: 2s - loss: 2.3063 - accuracy: 0.0977
146/196 [=====================>........] - ETA: 2s - loss: 2.3063 - accuracy: 0.0978
147/196 [=====================>........] - ETA: 2s - loss: 2.3064 - accuracy: 0.0976
149/196 [=====================>........] - ETA: 2s - loss: 2.3063 - accuracy: 0.0979
150/196 [=====================>........] - ETA: 2s - loss: 2.3063 - accuracy: 0.0981
152/196 [======================>.......] - ETA: 2s - loss: 2.3062 - accuracy: 0.0982
153/196 [======================>.......] - ETA: 2s - loss: 2.3062 - accuracy: 0.0984
155/196 [======================>.......] - ETA: 2s - loss: 2.3062 - accuracy: 0.0983
156/196 [======================>.......] - ETA: 2s - loss: 2.3063 - accuracy: 0.0984
158/196 [=======================>......] - ETA: 1s - loss: 2.3063 - accuracy: 0.0984
160/196 [=======================>......] - ETA: 1s - loss: 2.3062 - accuracy: 0.0985
162/196 [=======================>......] - ETA: 1s - loss: 2.3063 - accuracy: 0.0983
163/196 [=======================>......] - ETA: 1s - loss: 2.3063 - accuracy: 0.0983
165/196 [========================>.....] - ETA: 1s - loss: 2.3063 - accuracy: 0.0981
166/196 [========================>.....] - ETA: 1s - loss: 2.3064 - accuracy: 0.0981
168/196 [========================>.....] - ETA: 1s - loss: 2.3064 - accuracy: 0.0981
169/196 [========================>.....] - ETA: 1s - loss: 2.3064 - accuracy: 0.0984
171/196 [=========================>....] - ETA: 1s - loss: 2.3065 - accuracy: 0.0983
172/196 [=========================>....] - ETA: 1s - loss: 2.3065 - accuracy: 0.0983
174/196 [=========================>....] - ETA: 1s - loss: 2.3065 - accuracy: 0.0982
176/196 [=========================>....] - ETA: 1s - loss: 2.3065 - accuracy: 0.0981
178/196 [==========================>...] - ETA: 0s - loss: 2.3065 - accuracy: 0.0980
179/196 [==========================>...] - ETA: 0s - loss: 2.3065 - accuracy: 0.0980
181/196 [==========================>...] - ETA: 0s - loss: 2.3065 - accuracy: 0.0981
182/196 [==========================>...] - ETA: 0s - loss: 2.3065 - accuracy: 0.0984
184/196 [===========================>..] - ETA: 0s - loss: 2.3065 - accuracy: 0.0983
185/196 [===========================>..] - ETA: 0s - loss: 2.3064 - accuracy: 0.0985
187/196 [===========================>..] - ETA: 0s - loss: 2.3064 - accuracy: 0.0988
188/196 [===========================>..] - ETA: 0s - loss: 2.3064 - accuracy: 0.0986
190/196 [============================>.] - ETA: 0s - loss: 2.3063 - accuracy: 0.0989
191/196 [============================>.] - ETA: 0s - loss: 2.3064 - accuracy: 0.0987
193/196 [============================>.] - ETA: 0s - loss: 2.3064 - accuracy: 0.0987
194/196 [============================>.] - ETA: 0s - loss: 2.3064 - accuracy: 0.0990
196/196 [==============================] - ETA: 0s - loss: 2.3063 - accuracy: 0.0990
196/196 [==============================] - 11s 56ms/step - loss: 2.3063 - accuracy: 0.0990 - val_loss: 2.3056 - val_accuracy: 0.1000
Epoch 5/27

  1/196 [..............................] - ETA: 12s - loss: 2.3128 - accuracy: 0.1133
  2/196 [..............................] - ETA: 12s - loss: 2.3085 - accuracy: 0.1094
  4/196 [..............................] - ETA: 10s - loss: 2.3070 - accuracy: 0.1016
  6/196 [..............................] - ETA: 10s - loss: 2.3057 - accuracy: 0.1016
  8/196 [>.............................] - ETA: 9s - loss: 2.3059 - accuracy: 0.1021 
  9/196 [>.............................] - ETA: 9s - loss: 2.3059 - accuracy: 0.1003
 11/196 [>.............................] - ETA: 9s - loss: 2.3055 - accuracy: 0.0991
 13/196 [>.............................] - ETA: 9s - loss: 2.3054 - accuracy: 0.0962
 15/196 [=>............................] - ETA: 9s - loss: 2.3050 - accuracy: 0.0964
 17/196 [=>............................] - ETA: 9s - loss: 2.3049 - accuracy: 0.0954
 18/196 [=>............................] - ETA: 9s - loss: 2.3049 - accuracy: 0.0977
 20/196 [==>...........................] - ETA: 9s - loss: 2.3050 - accuracy: 0.0975
 21/196 [==>...........................] - ETA: 9s - loss: 2.3052 - accuracy: 0.0988
 23/196 [==>...........................] - ETA: 8s - loss: 2.3049 - accuracy: 0.0982
 24/196 [==>...........................] - ETA: 9s - loss: 2.3049 - accuracy: 0.0978
 26/196 [==>...........................] - ETA: 8s - loss: 2.3048 - accuracy: 0.0965
 27/196 [===>..........................] - ETA: 8s - loss: 2.3045 - accuracy: 0.0978
 29/196 [===>..........................] - ETA: 8s - loss: 2.3045 - accuracy: 0.0977
 30/196 [===>..........................] - ETA: 8s - loss: 2.3044 - accuracy: 0.0979
 32/196 [===>..........................] - ETA: 8s - loss: 2.3046 - accuracy: 0.0975
 33/196 [====>.........................] - ETA: 8s - loss: 2.3049 - accuracy: 0.0981
 35/196 [====>.........................] - ETA: 8s - loss: 2.3052 - accuracy: 0.0981
 36/196 [====>.........................] - ETA: 8s - loss: 2.3050 - accuracy: 0.0983
 38/196 [====>.........................] - ETA: 8s - loss: 2.3050 - accuracy: 0.0981
 40/196 [=====>........................] - ETA: 8s - loss: 2.3052 - accuracy: 0.0983
 42/196 [=====>........................] - ETA: 7s - loss: 2.3052 - accuracy: 0.0974
 43/196 [=====>........................] - ETA: 7s - loss: 2.3052 - accuracy: 0.0983
 45/196 [=====>........................] - ETA: 7s - loss: 2.3051 - accuracy: 0.0981
 46/196 [======>.......................] - ETA: 7s - loss: 2.3051 - accuracy: 0.0985
 48/196 [======>.......................] - ETA: 7s - loss: 2.3050 - accuracy: 0.0983
 49/196 [======>.......................] - ETA: 7s - loss: 2.3054 - accuracy: 0.0978
 51/196 [======>.......................] - ETA: 7s - loss: 2.3053 - accuracy: 0.0982
 52/196 [======>.......................] - ETA: 7s - loss: 2.3055 - accuracy: 0.0982
 54/196 [=======>......................] - ETA: 7s - loss: 2.3055 - accuracy: 0.0982
 55/196 [=======>......................] - ETA: 7s - loss: 2.3055 - accuracy: 0.0984
 57/196 [=======>......................] - ETA: 7s - loss: 2.3054 - accuracy: 0.0985
 58/196 [=======>......................] - ETA: 7s - loss: 2.3054 - accuracy: 0.0983
 59/196 [========>.....................] - ETA: 7s - loss: 2.3053 - accuracy: 0.0985
 61/196 [========>.....................] - ETA: 7s - loss: 2.3051 - accuracy: 0.0980
 63/196 [========>.....................] - ETA: 6s - loss: 2.3051 - accuracy: 0.0980
 64/196 [========>.....................] - ETA: 6s - loss: 2.3051 - accuracy: 0.0981
 66/196 [=========>....................] - ETA: 6s - loss: 2.3054 - accuracy: 0.0985
 67/196 [=========>....................] - ETA: 6s - loss: 2.3056 - accuracy: 0.0984
 69/196 [=========>....................] - ETA: 6s - loss: 2.3061 - accuracy: 0.0977
 70/196 [=========>....................] - ETA: 6s - loss: 2.3061 - accuracy: 0.0980
 72/196 [==========>...................] - ETA: 6s - loss: 2.3061 - accuracy: 0.0984
 74/196 [==========>...................] - ETA: 6s - loss: 2.3061 - accuracy: 0.0982
 76/196 [==========>...................] - ETA: 6s - loss: 2.3061 - accuracy: 0.0988
 77/196 [==========>...................] - ETA: 6s - loss: 2.3063 - accuracy: 0.0988
 79/196 [===========>..................] - ETA: 6s - loss: 2.3062 - accuracy: 0.0991
 80/196 [===========>..................] - ETA: 6s - loss: 2.3063 - accuracy: 0.0992
 82/196 [===========>..................] - ETA: 5s - loss: 2.3064 - accuracy: 0.0992
 83/196 [===========>..................] - ETA: 5s - loss: 2.3065 - accuracy: 0.0992
 85/196 [============>.................] - ETA: 5s - loss: 2.3064 - accuracy: 0.0996
 86/196 [============>.................] - ETA: 5s - loss: 2.3063 - accuracy: 0.1001
 88/196 [============>.................] - ETA: 5s - loss: 2.3064 - accuracy: 0.0999
 90/196 [============>.................] - ETA: 5s - loss: 2.3066 - accuracy: 0.0996
 91/196 [============>.................] - ETA: 5s - loss: 2.3066 - accuracy: 0.0996
 93/196 [=============>................] - ETA: 5s - loss: 2.3066 - accuracy: 0.0993
 94/196 [=============>................] - ETA: 5s - loss: 2.3066 - accuracy: 0.0991
 96/196 [=============>................] - ETA: 5s - loss: 2.3066 - accuracy: 0.0996
 98/196 [==============>...............] - ETA: 5s - loss: 2.3065 - accuracy: 0.0995
100/196 [==============>...............] - ETA: 4s - loss: 2.3065 - accuracy: 0.0993
101/196 [==============>...............] - ETA: 4s - loss: 2.3065 - accuracy: 0.0991
103/196 [==============>...............] - ETA: 4s - loss: 2.3065 - accuracy: 0.0990
104/196 [==============>...............] - ETA: 4s - loss: 2.3068 - accuracy: 0.0988
106/196 [===============>..............] - ETA: 4s - loss: 2.3067 - accuracy: 0.0985
107/196 [===============>..............] - ETA: 4s - loss: 2.3067 - accuracy: 0.0988
109/196 [===============>..............] - ETA: 4s - loss: 2.3067 - accuracy: 0.0988
110/196 [===============>..............] - ETA: 4s - loss: 2.3067 - accuracy: 0.0988
112/196 [================>.............] - ETA: 4s - loss: 2.3066 - accuracy: 0.0990
113/196 [================>.............] - ETA: 4s - loss: 2.3065 - accuracy: 0.0991
115/196 [================>.............] - ETA: 4s - loss: 2.3065 - accuracy: 0.0992
116/196 [================>.............] - ETA: 4s - loss: 2.3065 - accuracy: 0.0994
118/196 [=================>............] - ETA: 4s - loss: 2.3065 - accuracy: 0.0996
119/196 [=================>............] - ETA: 4s - loss: 2.3066 - accuracy: 0.0996
121/196 [=================>............] - ETA: 3s - loss: 2.3066 - accuracy: 0.0994
123/196 [=================>............] - ETA: 3s - loss: 2.3067 - accuracy: 0.0994
125/196 [==================>...........] - ETA: 3s - loss: 2.3067 - accuracy: 0.0994
127/196 [==================>...........] - ETA: 3s - loss: 2.3067 - accuracy: 0.0998
128/196 [==================>...........] - ETA: 3s - loss: 2.3068 - accuracy: 0.0996
130/196 [==================>...........] - ETA: 3s - loss: 2.3066 - accuracy: 0.0998
132/196 [===================>..........] - ETA: 3s - loss: 2.3065 - accuracy: 0.1000
134/196 [===================>..........] - ETA: 3s - loss: 2.3065 - accuracy: 0.0998
135/196 [===================>..........] - ETA: 3s - loss: 2.3065 - accuracy: 0.1000
137/196 [===================>..........] - ETA: 3s - loss: 2.3067 - accuracy: 0.1001
138/196 [====================>.........] - ETA: 3s - loss: 2.3068 - accuracy: 0.1001
140/196 [====================>.........] - ETA: 2s - loss: 2.3068 - accuracy: 0.1002
141/196 [====================>.........] - ETA: 2s - loss: 2.3068 - accuracy: 0.1002
143/196 [====================>.........] - ETA: 2s - loss: 2.3067 - accuracy: 0.1003
144/196 [=====================>........] - ETA: 2s - loss: 2.3067 - accuracy: 0.1004
146/196 [=====================>........] - ETA: 2s - loss: 2.3068 - accuracy: 0.1003
147/196 [=====================>........] - ETA: 2s - loss: 2.3068 - accuracy: 0.1004
149/196 [=====================>........] - ETA: 2s - loss: 2.3068 - accuracy: 0.1005
150/196 [=====================>........] - ETA: 2s - loss: 2.3069 - accuracy: 0.1003
152/196 [======================>.......] - ETA: 2s - loss: 2.3069 - accuracy: 0.1003
153/196 [======================>.......] - ETA: 2s - loss: 2.3069 - accuracy: 0.1004
155/196 [======================>.......] - ETA: 2s - loss: 2.3069 - accuracy: 0.1003
156/196 [======================>.......] - ETA: 2s - loss: 2.3070 - accuracy: 0.1001
158/196 [=======================>......] - ETA: 1s - loss: 2.3069 - accuracy: 0.1006
159/196 [=======================>......] - ETA: 1s - loss: 2.3068 - accuracy: 0.1007
161/196 [=======================>......] - ETA: 1s - loss: 2.3067 - accuracy: 0.1009
162/196 [=======================>......] - ETA: 1s - loss: 2.3068 - accuracy: 0.1007
164/196 [========================>.....] - ETA: 1s - loss: 2.3068 - accuracy: 0.1005
165/196 [========================>.....] - ETA: 1s - loss: 2.3068 - accuracy: 0.1004
167/196 [========================>.....] - ETA: 1s - loss: 2.3068 - accuracy: 0.1004
168/196 [========================>.....] - ETA: 1s - loss: 2.3068 - accuracy: 0.1004
170/196 [=========================>....] - ETA: 1s - loss: 2.3069 - accuracy: 0.1003
171/196 [=========================>....] - ETA: 1s - loss: 2.3069 - accuracy: 0.1003
173/196 [=========================>....] - ETA: 1s - loss: 2.3068 - accuracy: 0.1005
174/196 [=========================>....] - ETA: 1s - loss: 2.3068 - accuracy: 0.1006
176/196 [=========================>....] - ETA: 1s - loss: 2.3067 - accuracy: 0.1008
178/196 [==========================>...] - ETA: 0s - loss: 2.3069 - accuracy: 0.1007
180/196 [==========================>...] - ETA: 0s - loss: 2.3069 - accuracy: 0.1007
181/196 [==========================>...] - ETA: 0s - loss: 2.3069 - accuracy: 0.1007
183/196 [===========================>..] - ETA: 0s - loss: 2.3069 - accuracy: 0.1007
184/196 [===========================>..] - ETA: 0s - loss: 2.3070 - accuracy: 0.1006
186/196 [===========================>..] - ETA: 0s - loss: 2.3069 - accuracy: 0.1007
187/196 [===========================>..] - ETA: 0s - loss: 2.3069 - accuracy: 0.1007
189/196 [===========================>..] - ETA: 0s - loss: 2.3069 - accuracy: 0.1008
190/196 [============================>.] - ETA: 0s - loss: 2.3069 - accuracy: 0.1008
192/196 [============================>.] - ETA: 0s - loss: 2.3068 - accuracy: 0.1008
193/196 [============================>.] - ETA: 0s - loss: 2.3069 - accuracy: 0.1005
195/196 [============================>.] - ETA: 0s - loss: 2.3068 - accuracy: 0.1006
196/196 [==============================] - 11s 56ms/step - loss: 2.3068 - accuracy: 0.1006 - val_loss: 2.3052 - val_accuracy: 0.1000
Epoch 6/27

  1/196 [..............................] - ETA: 12s - loss: 2.3022 - accuracy: 0.0977
  2/196 [..............................] - ETA: 12s - loss: 2.2987 - accuracy: 0.1191
  4/196 [..............................] - ETA: 9s - loss: 2.3061 - accuracy: 0.0996 
  5/196 [..............................] - ETA: 10s - loss: 2.3040 - accuracy: 0.1039
  7/196 [>.............................] - ETA: 9s - loss: 2.3061 - accuracy: 0.1021 
  8/196 [>.............................] - ETA: 10s - loss: 2.3062 - accuracy: 0.1025
 10/196 [>.............................] - ETA: 9s - loss: 2.3061 - accuracy: 0.1008 
 11/196 [>.............................] - ETA: 9s - loss: 2.3066 - accuracy: 0.0994
 13/196 [>.............................] - ETA: 9s - loss: 2.3062 - accuracy: 0.1022
 14/196 [=>............................] - ETA: 9s - loss: 2.3053 - accuracy: 0.1035
 16/196 [=>............................] - ETA: 9s - loss: 2.3055 - accuracy: 0.1013
 17/196 [=>............................] - ETA: 9s - loss: 2.3062 - accuracy: 0.1018
 19/196 [=>............................] - ETA: 9s - loss: 2.3069 - accuracy: 0.1003
 21/196 [==>...........................] - ETA: 9s - loss: 2.3067 - accuracy: 0.1021
 22/196 [==>...........................] - ETA: 9s - loss: 2.3067 - accuracy: 0.1017
 24/196 [==>...........................] - ETA: 8s - loss: 2.3066 - accuracy: 0.1011
 26/196 [==>...........................] - ETA: 8s - loss: 2.3065 - accuracy: 0.1010
 28/196 [===>..........................] - ETA: 8s - loss: 2.3069 - accuracy: 0.1011
 29/196 [===>..........................] - ETA: 8s - loss: 2.3066 - accuracy: 0.1020
 31/196 [===>..........................] - ETA: 8s - loss: 2.3063 - accuracy: 0.1029
 32/196 [===>..........................] - ETA: 8s - loss: 2.3063 - accuracy: 0.1019
 34/196 [====>.........................] - ETA: 8s - loss: 2.3066 - accuracy: 0.1011
 35/196 [====>.........................] - ETA: 8s - loss: 2.3065 - accuracy: 0.1015
 37/196 [====>.........................] - ETA: 8s - loss: 2.3063 - accuracy: 0.1014
 38/196 [====>.........................] - ETA: 8s - loss: 2.3062 - accuracy: 0.1010
 40/196 [=====>........................] - ETA: 8s - loss: 2.3062 - accuracy: 0.1009
 41/196 [=====>........................] - ETA: 8s - loss: 2.3061 - accuracy: 0.1008
 43/196 [=====>........................] - ETA: 7s - loss: 2.3060 - accuracy: 0.1007
 45/196 [=====>........................] - ETA: 7s - loss: 2.3064 - accuracy: 0.1005
 47/196 [======>.......................] - ETA: 7s - loss: 2.3066 - accuracy: 0.1005
 49/196 [======>.......................] - ETA: 7s - loss: 2.3067 - accuracy: 0.0993
 51/196 [======>.......................] - ETA: 7s - loss: 2.3065 - accuracy: 0.1000
 53/196 [=======>......................] - ETA: 7s - loss: 2.3064 - accuracy: 0.0994
 54/196 [=======>......................] - ETA: 7s - loss: 2.3064 - accuracy: 0.0995
 56/196 [=======>......................] - ETA: 7s - loss: 2.3065 - accuracy: 0.0987
 57/196 [=======>......................] - ETA: 7s - loss: 2.3066 - accuracy: 0.0988
 59/196 [========>.....................] - ETA: 7s - loss: 2.3070 - accuracy: 0.0985
 61/196 [========>.....................] - ETA: 6s - loss: 2.3069 - accuracy: 0.0981
 63/196 [========>.....................] - ETA: 6s - loss: 2.3069 - accuracy: 0.0975
 64/196 [========>.....................] - ETA: 6s - loss: 2.3069 - accuracy: 0.0974
 66/196 [=========>....................] - ETA: 6s - loss: 2.3072 - accuracy: 0.0968
 67/196 [=========>....................] - ETA: 6s - loss: 2.3072 - accuracy: 0.0968
 69/196 [=========>....................] - ETA: 6s - loss: 2.3072 - accuracy: 0.0968
 71/196 [=========>....................] - ETA: 6s - loss: 2.3070 - accuracy: 0.0974
 72/196 [==========>...................] - ETA: 6s - loss: 2.3069 - accuracy: 0.0976
 74/196 [==========>...................] - ETA: 6s - loss: 2.3069 - accuracy: 0.0976
 75/196 [==========>...................] - ETA: 6s - loss: 2.3070 - accuracy: 0.0974
 77/196 [==========>...................] - ETA: 6s - loss: 2.3070 - accuracy: 0.0969
 78/196 [==========>...................] - ETA: 6s - loss: 2.3069 - accuracy: 0.0971
 80/196 [===========>..................] - ETA: 5s - loss: 2.3070 - accuracy: 0.0967
 82/196 [===========>..................] - ETA: 5s - loss: 2.3069 - accuracy: 0.0968
 84/196 [===========>..................] - ETA: 5s - loss: 2.3069 - accuracy: 0.0969
 85/196 [============>.................] - ETA: 5s - loss: 2.3069 - accuracy: 0.0969
 87/196 [============>.................] - ETA: 5s - loss: 2.3069 - accuracy: 0.0968
 88/196 [============>.................] - ETA: 5s - loss: 2.3068 - accuracy: 0.0965
 90/196 [============>.................] - ETA: 5s - loss: 2.3068 - accuracy: 0.0966
 91/196 [============>.................] - ETA: 5s - loss: 2.3070 - accuracy: 0.0967
 93/196 [=============>................] - ETA: 5s - loss: 2.3068 - accuracy: 0.0966
 94/196 [=============>................] - ETA: 5s - loss: 2.3068 - accuracy: 0.0968
 96/196 [=============>................] - ETA: 5s - loss: 2.3068 - accuracy: 0.0968
 97/196 [=============>................] - ETA: 5s - loss: 2.3068 - accuracy: 0.0968
 99/196 [==============>...............] - ETA: 5s - loss: 2.3069 - accuracy: 0.0965
100/196 [==============>...............] - ETA: 4s - loss: 2.3069 - accuracy: 0.0963
102/196 [==============>...............] - ETA: 4s - loss: 2.3069 - accuracy: 0.0964
103/196 [==============>...............] - ETA: 4s - loss: 2.3069 - accuracy: 0.0962
104/196 [==============>...............] - ETA: 4s - loss: 2.3068 - accuracy: 0.0962
106/196 [===============>..............] - ETA: 4s - loss: 2.3068 - accuracy: 0.0962
108/196 [===============>..............] - ETA: 4s - loss: 2.3069 - accuracy: 0.0964
109/196 [===============>..............] - ETA: 4s - loss: 2.3071 - accuracy: 0.0961
111/196 [===============>..............] - ETA: 4s - loss: 2.3071 - accuracy: 0.0961
112/196 [================>.............] - ETA: 4s - loss: 2.3071 - accuracy: 0.0960
114/196 [================>.............] - ETA: 4s - loss: 2.3070 - accuracy: 0.0959
116/196 [================>.............] - ETA: 4s - loss: 2.3070 - accuracy: 0.0963
118/196 [=================>............] - ETA: 4s - loss: 2.3069 - accuracy: 0.0964
119/196 [=================>............] - ETA: 3s - loss: 2.3070 - accuracy: 0.0961
121/196 [=================>............] - ETA: 3s - loss: 2.3069 - accuracy: 0.0966
122/196 [=================>............] - ETA: 3s - loss: 2.3069 - accuracy: 0.0967
124/196 [=================>............] - ETA: 3s - loss: 2.3069 - accuracy: 0.0969
125/196 [==================>...........] - ETA: 3s - loss: 2.3070 - accuracy: 0.0968
127/196 [==================>...........] - ETA: 3s - loss: 2.3071 - accuracy: 0.0966
129/196 [==================>...........] - ETA: 3s - loss: 2.3071 - accuracy: 0.0964
131/196 [===================>..........] - ETA: 3s - loss: 2.3072 - accuracy: 0.0966
133/196 [===================>..........] - ETA: 3s - loss: 2.3072 - accuracy: 0.0966
134/196 [===================>..........] - ETA: 3s - loss: 2.3071 - accuracy: 0.0966
136/196 [===================>..........] - ETA: 3s - loss: 2.3072 - accuracy: 0.0964
137/196 [===================>..........] - ETA: 3s - loss: 2.3072 - accuracy: 0.0963
139/196 [====================>.........] - ETA: 2s - loss: 2.3073 - accuracy: 0.0961
140/196 [====================>.........] - ETA: 2s - loss: 2.3073 - accuracy: 0.0963
142/196 [====================>.........] - ETA: 2s - loss: 2.3073 - accuracy: 0.0960
143/196 [====================>.........] - ETA: 2s - loss: 2.3073 - accuracy: 0.0962
145/196 [=====================>........] - ETA: 2s - loss: 2.3072 - accuracy: 0.0963
146/196 [=====================>........] - ETA: 2s - loss: 2.3072 - accuracy: 0.0963
148/196 [=====================>........] - ETA: 2s - loss: 2.3072 - accuracy: 0.0964
149/196 [=====================>........] - ETA: 2s - loss: 2.3071 - accuracy: 0.0964
151/196 [======================>.......] - ETA: 2s - loss: 2.3073 - accuracy: 0.0965
152/196 [======================>.......] - ETA: 2s - loss: 2.3074 - accuracy: 0.0966
154/196 [======================>.......] - ETA: 2s - loss: 2.3075 - accuracy: 0.0964
155/196 [======================>.......] - ETA: 2s - loss: 2.3075 - accuracy: 0.0965
157/196 [=======================>......] - ETA: 2s - loss: 2.3074 - accuracy: 0.0966
158/196 [=======================>......] - ETA: 1s - loss: 2.3074 - accuracy: 0.0965
160/196 [=======================>......] - ETA: 1s - loss: 2.3074 - accuracy: 0.0965
161/196 [=======================>......] - ETA: 1s - loss: 2.3075 - accuracy: 0.0964
163/196 [=======================>......] - ETA: 1s - loss: 2.3074 - accuracy: 0.0965
164/196 [========================>.....] - ETA: 1s - loss: 2.3074 - accuracy: 0.0967
166/196 [========================>.....] - ETA: 1s - loss: 2.3074 - accuracy: 0.0968
167/196 [========================>.....] - ETA: 1s - loss: 2.3075 - accuracy: 0.0968
169/196 [========================>.....] - ETA: 1s - loss: 2.3075 - accuracy: 0.0967
170/196 [=========================>....] - ETA: 1s - loss: 2.3075 - accuracy: 0.0968
172/196 [=========================>....] - ETA: 1s - loss: 2.3075 - accuracy: 0.0970
173/196 [=========================>....] - ETA: 1s - loss: 2.3076 - accuracy: 0.0969
175/196 [=========================>....] - ETA: 1s - loss: 2.3076 - accuracy: 0.0969
176/196 [=========================>....] - ETA: 1s - loss: 2.3077 - accuracy: 0.0968
178/196 [==========================>...] - ETA: 0s - loss: 2.3076 - accuracy: 0.0969
179/196 [==========================>...] - ETA: 0s - loss: 2.3076 - accuracy: 0.0969
181/196 [==========================>...] - ETA: 0s - loss: 2.3076 - accuracy: 0.0971
182/196 [==========================>...] - ETA: 0s - loss: 2.3076 - accuracy: 0.0972
184/196 [===========================>..] - ETA: 0s - loss: 2.3077 - accuracy: 0.0972
185/196 [===========================>..] - ETA: 0s - loss: 2.3077 - accuracy: 0.0973
187/196 [===========================>..] - ETA: 0s - loss: 2.3078 - accuracy: 0.0972
188/196 [===========================>..] - ETA: 0s - loss: 2.3077 - accuracy: 0.0972
190/196 [============================>.] - ETA: 0s - loss: 2.3078 - accuracy: 0.0970
191/196 [============================>.] - ETA: 0s - loss: 2.3077 - accuracy: 0.0973
193/196 [============================>.] - ETA: 0s - loss: 2.3078 - accuracy: 0.0974
195/196 [============================>.] - ETA: 0s - loss: 2.3078 - accuracy: 0.0972
196/196 [==============================] - 11s 56ms/step - loss: 2.3078 - accuracy: 0.0972 - val_loss: 2.3111 - val_accuracy: 0.1000
Epoch 7/27

  1/196 [..............................] - ETA: 12s - loss: 2.3064 - accuracy: 0.0898
  2/196 [..............................] - ETA: 12s - loss: 2.3121 - accuracy: 0.0840
  4/196 [..............................] - ETA: 9s - loss: 2.3110 - accuracy: 0.1006 
  5/196 [..............................] - ETA: 10s - loss: 2.3152 - accuracy: 0.1000
  7/196 [>.............................] - ETA: 9s - loss: 2.3135 - accuracy: 0.1016 
  8/196 [>.............................] - ETA: 10s - loss: 2.3140 - accuracy: 0.0977
 10/196 [>.............................] - ETA: 9s - loss: 2.3140 - accuracy: 0.0969 
 12/196 [>.............................] - ETA: 9s - loss: 2.3122 - accuracy: 0.0983
 14/196 [=>............................] - ETA: 9s - loss: 2.3110 - accuracy: 0.0988
 16/196 [=>............................] - ETA: 9s - loss: 2.3104 - accuracy: 0.1003
 17/196 [=>............................] - ETA: 9s - loss: 2.3100 - accuracy: 0.1006
 19/196 [=>............................] - ETA: 9s - loss: 2.3103 - accuracy: 0.1014
 21/196 [==>...........................] - ETA: 9s - loss: 2.3110 - accuracy: 0.1012
 23/196 [==>...........................] - ETA: 8s - loss: 2.3108 - accuracy: 0.1007
 24/196 [==>...........................] - ETA: 9s - loss: 2.3100 - accuracy: 0.1011
 26/196 [==>...........................] - ETA: 8s - loss: 2.3096 - accuracy: 0.1002
 27/196 [===>..........................] - ETA: 8s - loss: 2.3095 - accuracy: 0.0994
 29/196 [===>..........................] - ETA: 8s - loss: 2.3092 - accuracy: 0.0997
 30/196 [===>..........................] - ETA: 8s - loss: 2.3092 - accuracy: 0.1010
 32/196 [===>..........................] - ETA: 8s - loss: 2.3089 - accuracy: 0.1012
 33/196 [====>.........................] - ETA: 8s - loss: 2.3090 - accuracy: 0.1006
 35/196 [====>.........................] - ETA: 8s - loss: 2.3089 - accuracy: 0.1009
 36/196 [====>.........................] - ETA: 8s - loss: 2.3092 - accuracy: 0.1007
 37/196 [====>.........................] - ETA: 8s - loss: 2.3094 - accuracy: 0.1006
 38/196 [====>.........................] - ETA: 8s - loss: 2.3094 - accuracy: 0.1004
 39/196 [====>.........................] - ETA: 8s - loss: 2.3092 - accuracy: 0.1009
 41/196 [=====>........................] - ETA: 8s - loss: 2.3088 - accuracy: 0.1018
 43/196 [=====>........................] - ETA: 8s - loss: 2.3089 - accuracy: 0.1010
 44/196 [=====>........................] - ETA: 8s - loss: 2.3090 - accuracy: 0.1009
 46/196 [======>.......................] - ETA: 7s - loss: 2.3090 - accuracy: 0.1009
 47/196 [======>.......................] - ETA: 7s - loss: 2.3089 - accuracy: 0.1009
 49/196 [======>.......................] - ETA: 7s - loss: 2.3090 - accuracy: 0.1016
 50/196 [======>.......................] - ETA: 7s - loss: 2.3092 - accuracy: 0.1012
 52/196 [======>.......................] - ETA: 7s - loss: 2.3093 - accuracy: 0.1005
 53/196 [=======>......................] - ETA: 7s - loss: 2.3091 - accuracy: 0.1013
 55/196 [=======>......................] - ETA: 7s - loss: 2.3089 - accuracy: 0.1016
 56/196 [=======>......................] - ETA: 7s - loss: 2.3089 - accuracy: 0.1016
 58/196 [=======>......................] - ETA: 7s - loss: 2.3088 - accuracy: 0.1018
 59/196 [========>.....................] - ETA: 7s - loss: 2.3086 - accuracy: 0.1024
 61/196 [========>.....................] - ETA: 7s - loss: 2.3086 - accuracy: 0.1023
 62/196 [========>.....................] - ETA: 7s - loss: 2.3086 - accuracy: 0.1019
 64/196 [========>.....................] - ETA: 6s - loss: 2.3085 - accuracy: 0.1022
 66/196 [=========>....................] - ETA: 6s - loss: 2.3084 - accuracy: 0.1022
 68/196 [=========>....................] - ETA: 6s - loss: 2.3083 - accuracy: 0.1020
 69/196 [=========>....................] - ETA: 6s - loss: 2.3082 - accuracy: 0.1020
 71/196 [=========>....................] - ETA: 6s - loss: 2.3082 - accuracy: 0.1016
 72/196 [==========>...................] - ETA: 6s - loss: 2.3082 - accuracy: 0.1015
 74/196 [==========>...................] - ETA: 6s - loss: 2.3082 - accuracy: 0.1016
 75/196 [==========>...................] - ETA: 6s - loss: 2.3081 - accuracy: 0.1015
 76/196 [==========>...................] - ETA: 6s - loss: 2.3081 - accuracy: 0.1013
 78/196 [==========>...................] - ETA: 6s - loss: 2.3081 - accuracy: 0.1012
 80/196 [===========>..................] - ETA: 6s - loss: 2.3081 - accuracy: 0.1013
 81/196 [===========>..................] - ETA: 6s - loss: 2.3080 - accuracy: 0.1011
 83/196 [===========>..................] - ETA: 5s - loss: 2.3081 - accuracy: 0.1012
 84/196 [===========>..................] - ETA: 5s - loss: 2.3080 - accuracy: 0.1009
 86/196 [============>.................] - ETA: 5s - loss: 2.3081 - accuracy: 0.1007
 87/196 [============>.................] - ETA: 5s - loss: 2.3081 - accuracy: 0.1006
 89/196 [============>.................] - ETA: 5s - loss: 2.3081 - accuracy: 0.1007
 90/196 [============>.................] - ETA: 5s - loss: 2.3081 - accuracy: 0.1008
 92/196 [=============>................] - ETA: 5s - loss: 2.3080 - accuracy: 0.1008
 93/196 [=============>................] - ETA: 5s - loss: 2.3080 - accuracy: 0.1007
 95/196 [=============>................] - ETA: 5s - loss: 2.3080 - accuracy: 0.1006
 96/196 [=============>................] - ETA: 5s - loss: 2.3081 - accuracy: 0.1006
 98/196 [==============>...............] - ETA: 5s - loss: 2.3078 - accuracy: 0.1011
100/196 [==============>...............] - ETA: 5s - loss: 2.3078 - accuracy: 0.1015
102/196 [==============>...............] - ETA: 4s - loss: 2.3078 - accuracy: 0.1015
103/196 [==============>...............] - ETA: 4s - loss: 2.3077 - accuracy: 0.1017
105/196 [===============>..............] - ETA: 4s - loss: 2.3077 - accuracy: 0.1016
106/196 [===============>..............] - ETA: 4s - loss: 2.3077 - accuracy: 0.1020
108/196 [===============>..............] - ETA: 4s - loss: 2.3076 - accuracy: 0.1016
109/196 [===============>..............] - ETA: 4s - loss: 2.3076 - accuracy: 0.1017
111/196 [===============>..............] - ETA: 4s - loss: 2.3077 - accuracy: 0.1020
112/196 [================>.............] - ETA: 4s - loss: 2.3077 - accuracy: 0.1021
114/196 [================>.............] - ETA: 4s - loss: 2.3077 - accuracy: 0.1022
115/196 [================>.............] - ETA: 4s - loss: 2.3077 - accuracy: 0.1020
117/196 [================>.............] - ETA: 4s - loss: 2.3077 - accuracy: 0.1019
118/196 [=================>............] - ETA: 4s - loss: 2.3077 - accuracy: 0.1019
120/196 [=================>............] - ETA: 3s - loss: 2.3078 - accuracy: 0.1016
121/196 [=================>............] - ETA: 3s - loss: 2.3077 - accuracy: 0.1018
123/196 [=================>............] - ETA: 3s - loss: 2.3076 - accuracy: 0.1018
124/196 [=================>............] - ETA: 3s - loss: 2.3077 - accuracy: 0.1016
126/196 [==================>...........] - ETA: 3s - loss: 2.3076 - accuracy: 0.1017
127/196 [==================>...........] - ETA: 3s - loss: 2.3076 - accuracy: 0.1017
129/196 [==================>...........] - ETA: 3s - loss: 2.3075 - accuracy: 0.1019
130/196 [==================>...........] - ETA: 3s - loss: 2.3075 - accuracy: 0.1020
132/196 [===================>..........] - ETA: 3s - loss: 2.3076 - accuracy: 0.1019
134/196 [===================>..........] - ETA: 3s - loss: 2.3077 - accuracy: 0.1018
136/196 [===================>..........] - ETA: 3s - loss: 2.3077 - accuracy: 0.1019
137/196 [===================>..........] - ETA: 3s - loss: 2.3076 - accuracy: 0.1021
139/196 [====================>.........] - ETA: 2s - loss: 2.3076 - accuracy: 0.1022
140/196 [====================>.........] - ETA: 2s - loss: 2.3077 - accuracy: 0.1021
142/196 [====================>.........] - ETA: 2s - loss: 2.3077 - accuracy: 0.1023
143/196 [====================>.........] - ETA: 2s - loss: 2.3077 - accuracy: 0.1023
145/196 [=====================>........] - ETA: 2s - loss: 2.3078 - accuracy: 0.1021
147/196 [=====================>........] - ETA: 2s - loss: 2.3078 - accuracy: 0.1021
149/196 [=====================>........] - ETA: 2s - loss: 2.3077 - accuracy: 0.1022
151/196 [======================>.......] - ETA: 2s - loss: 2.3077 - accuracy: 0.1021
152/196 [======================>.......] - ETA: 2s - loss: 2.3078 - accuracy: 0.1020
154/196 [======================>.......] - ETA: 2s - loss: 2.3078 - accuracy: 0.1020
155/196 [======================>.......] - ETA: 2s - loss: 2.3078 - accuracy: 0.1019
157/196 [=======================>......] - ETA: 2s - loss: 2.3077 - accuracy: 0.1020
159/196 [=======================>......] - ETA: 1s - loss: 2.3076 - accuracy: 0.1021
161/196 [=======================>......] - ETA: 1s - loss: 2.3076 - accuracy: 0.1022
162/196 [=======================>......] - ETA: 1s - loss: 2.3076 - accuracy: 0.1022
164/196 [========================>.....] - ETA: 1s - loss: 2.3077 - accuracy: 0.1022
165/196 [========================>.....] - ETA: 1s - loss: 2.3076 - accuracy: 0.1024
167/196 [========================>.....] - ETA: 1s - loss: 2.3076 - accuracy: 0.1023
168/196 [========================>.....] - ETA: 1s - loss: 2.3076 - accuracy: 0.1023
170/196 [=========================>....] - ETA: 1s - loss: 2.3075 - accuracy: 0.1019
171/196 [=========================>....] - ETA: 1s - loss: 2.3076 - accuracy: 0.1017
173/196 [=========================>....] - ETA: 1s - loss: 2.3077 - accuracy: 0.1016
174/196 [=========================>....] - ETA: 1s - loss: 2.3077 - accuracy: 0.1017
176/196 [=========================>....] - ETA: 1s - loss: 2.3077 - accuracy: 0.1016
177/196 [==========================>...] - ETA: 0s - loss: 2.3077 - accuracy: 0.1015
179/196 [==========================>...] - ETA: 0s - loss: 2.3076 - accuracy: 0.1019
180/196 [==========================>...] - ETA: 0s - loss: 2.3076 - accuracy: 0.1017
182/196 [==========================>...] - ETA: 0s - loss: 2.3076 - accuracy: 0.1016
183/196 [===========================>..] - ETA: 0s - loss: 2.3076 - accuracy: 0.1018
185/196 [===========================>..] - ETA: 0s - loss: 2.3077 - accuracy: 0.1017
186/196 [===========================>..] - ETA: 0s - loss: 2.3077 - accuracy: 0.1018
188/196 [===========================>..] - ETA: 0s - loss: 2.3077 - accuracy: 0.1016
189/196 [===========================>..] - ETA: 0s - loss: 2.3078 - accuracy: 0.1014
191/196 [============================>.] - ETA: 0s - loss: 2.3077 - accuracy: 0.1015
192/196 [============================>.] - ETA: 0s - loss: 2.3077 - accuracy: 0.1016
194/196 [============================>.] - ETA: 0s - loss: 2.3076 - accuracy: 0.1016
196/196 [==============================] - ETA: 0s - loss: 2.3076 - accuracy: 0.1016
196/196 [==============================] - 11s 56ms/step - loss: 2.3076 - accuracy: 0.1016 - val_loss: 2.3093 - val_accuracy: 0.1000
Epoch 8/27

  1/196 [..............................] - ETA: 12s - loss: 2.2996 - accuracy: 0.1055
  3/196 [..............................] - ETA: 10s - loss: 2.3118 - accuracy: 0.0924
  5/196 [..............................] - ETA: 9s - loss: 2.3115 - accuracy: 0.0984 
  6/196 [..............................] - ETA: 10s - loss: 2.3128 - accuracy: 0.0951
  8/196 [>.............................] - ETA: 9s - loss: 2.3099 - accuracy: 0.1001 
  9/196 [>.............................] - ETA: 9s - loss: 2.3101 - accuracy: 0.0998
 11/196 [>.............................] - ETA: 9s - loss: 2.3093 - accuracy: 0.0966
 12/196 [>.............................] - ETA: 9s - loss: 2.3085 - accuracy: 0.0980
 14/196 [=>............................] - ETA: 9s - loss: 2.3083 - accuracy: 0.0996
 15/196 [=>............................] - ETA: 9s - loss: 2.3083 - accuracy: 0.0995
 17/196 [=>............................] - ETA: 9s - loss: 2.3088 - accuracy: 0.0990
 18/196 [=>............................] - ETA: 9s - loss: 2.3090 - accuracy: 0.1003
 20/196 [==>...........................] - ETA: 9s - loss: 2.3104 - accuracy: 0.0965
 21/196 [==>...........................] - ETA: 9s - loss: 2.3100 - accuracy: 0.0975
 23/196 [==>...........................] - ETA: 8s - loss: 2.3097 - accuracy: 0.0971
 24/196 [==>...........................] - ETA: 9s - loss: 2.3095 - accuracy: 0.0977
 26/196 [==>...........................] - ETA: 8s - loss: 2.3090 - accuracy: 0.0987
 28/196 [===>..........................] - ETA: 8s - loss: 2.3084 - accuracy: 0.0993
 30/196 [===>..........................] - ETA: 8s - loss: 2.3087 - accuracy: 0.0991
 31/196 [===>..........................] - ETA: 8s - loss: 2.3083 - accuracy: 0.0992
 33/196 [====>.........................] - ETA: 8s - loss: 2.3084 - accuracy: 0.0990
 35/196 [====>.........................] - ETA: 8s - loss: 2.3082 - accuracy: 0.0985
 37/196 [====>.........................] - ETA: 8s - loss: 2.3078 - accuracy: 0.0992
 38/196 [====>.........................] - ETA: 8s - loss: 2.3077 - accuracy: 0.0990
 40/196 [=====>........................] - ETA: 8s - loss: 2.3084 - accuracy: 0.0976
 41/196 [=====>........................] - ETA: 8s - loss: 2.3081 - accuracy: 0.0987
 43/196 [=====>........................] - ETA: 7s - loss: 2.3077 - accuracy: 0.1001
 45/196 [=====>........................] - ETA: 7s - loss: 2.3078 - accuracy: 0.0998
 47/196 [======>.......................] - ETA: 7s - loss: 2.3079 - accuracy: 0.0998
 48/196 [======>.......................] - ETA: 7s - loss: 2.3082 - accuracy: 0.0989
 49/196 [======>.......................] - ETA: 7s - loss: 2.3080 - accuracy: 0.0993
 51/196 [======>.......................] - ETA: 7s - loss: 2.3082 - accuracy: 0.0982
 53/196 [=======>......................] - ETA: 7s - loss: 2.3078 - accuracy: 0.0989
 55/196 [=======>......................] - ETA: 7s - loss: 2.3076 - accuracy: 0.0988
 57/196 [=======>......................] - ETA: 7s - loss: 2.3076 - accuracy: 0.0992
 59/196 [========>.....................] - ETA: 7s - loss: 2.3076 - accuracy: 0.0990
 60/196 [========>.....................] - ETA: 7s - loss: 2.3078 - accuracy: 0.0989
 62/196 [========>.....................] - ETA: 6s - loss: 2.3077 - accuracy: 0.0994
 63/196 [========>.....................] - ETA: 6s - loss: 2.3077 - accuracy: 0.0993
 65/196 [========>.....................] - ETA: 6s - loss: 2.3077 - accuracy: 0.0998
 66/196 [=========>....................] - ETA: 6s - loss: 2.3077 - accuracy: 0.0997
 68/196 [=========>....................] - ETA: 6s - loss: 2.3077 - accuracy: 0.0998
 69/196 [=========>....................] - ETA: 6s - loss: 2.3076 - accuracy: 0.0996
 71/196 [=========>....................] - ETA: 6s - loss: 2.3077 - accuracy: 0.0993
 73/196 [==========>...................] - ETA: 6s - loss: 2.3076 - accuracy: 0.0988
 75/196 [==========>...................] - ETA: 6s - loss: 2.3073 - accuracy: 0.0990
 76/196 [==========>...................] - ETA: 6s - loss: 2.3074 - accuracy: 0.0988
 78/196 [==========>...................] - ETA: 6s - loss: 2.3072 - accuracy: 0.0988
 80/196 [===========>..................] - ETA: 6s - loss: 2.3071 - accuracy: 0.0989
 81/196 [===========>..................] - ETA: 6s - loss: 2.3072 - accuracy: 0.0986
 83/196 [===========>..................] - ETA: 5s - loss: 2.3071 - accuracy: 0.0993
 84/196 [===========>..................] - ETA: 5s - loss: 2.3072 - accuracy: 0.0991
 86/196 [============>.................] - ETA: 5s - loss: 2.3071 - accuracy: 0.0992
 87/196 [============>.................] - ETA: 5s - loss: 2.3071 - accuracy: 0.0995
 89/196 [============>.................] - ETA: 5s - loss: 2.3072 - accuracy: 0.0990
 90/196 [============>.................] - ETA: 5s - loss: 2.3073 - accuracy: 0.0990
 92/196 [=============>................] - ETA: 5s - loss: 2.3072 - accuracy: 0.0992
 93/196 [=============>................] - ETA: 5s - loss: 2.3071 - accuracy: 0.0993
 95/196 [=============>................] - ETA: 5s - loss: 2.3071 - accuracy: 0.0993
 96/196 [=============>................] - ETA: 5s - loss: 2.3072 - accuracy: 0.0991
 98/196 [==============>...............] - ETA: 5s - loss: 2.3071 - accuracy: 0.0988
100/196 [==============>...............] - ETA: 4s - loss: 2.3071 - accuracy: 0.0990
102/196 [==============>...............] - ETA: 4s - loss: 2.3074 - accuracy: 0.0985
103/196 [==============>...............] - ETA: 4s - loss: 2.3074 - accuracy: 0.0985
105/196 [===============>..............] - ETA: 4s - loss: 2.3073 - accuracy: 0.0985
107/196 [===============>..............] - ETA: 4s - loss: 2.3073 - accuracy: 0.0988
109/196 [===============>..............] - ETA: 4s - loss: 2.3072 - accuracy: 0.0990
110/196 [===============>..............] - ETA: 4s - loss: 2.3072 - accuracy: 0.0989
112/196 [================>.............] - ETA: 4s - loss: 2.3073 - accuracy: 0.0987
113/196 [================>.............] - ETA: 4s - loss: 2.3074 - accuracy: 0.0986
115/196 [================>.............] - ETA: 4s - loss: 2.3073 - accuracy: 0.0984
117/196 [================>.............] - ETA: 4s - loss: 2.3074 - accuracy: 0.0983
118/196 [=================>............] - ETA: 4s - loss: 2.3073 - accuracy: 0.0983
120/196 [=================>............] - ETA: 3s - loss: 2.3073 - accuracy: 0.0982
121/196 [=================>............] - ETA: 3s - loss: 2.3073 - accuracy: 0.0984
123/196 [=================>............] - ETA: 3s - loss: 2.3073 - accuracy: 0.0982
125/196 [==================>...........] - ETA: 3s - loss: 2.3073 - accuracy: 0.0981
127/196 [==================>...........] - ETA: 3s - loss: 2.3073 - accuracy: 0.0987
128/196 [==================>...........] - ETA: 3s - loss: 2.3072 - accuracy: 0.0991
130/196 [==================>...........] - ETA: 3s - loss: 2.3073 - accuracy: 0.0989
131/196 [===================>..........] - ETA: 3s - loss: 2.3074 - accuracy: 0.0988
133/196 [===================>..........] - ETA: 3s - loss: 2.3073 - accuracy: 0.0989
134/196 [===================>..........] - ETA: 3s - loss: 2.3074 - accuracy: 0.0987
136/196 [===================>..........] - ETA: 3s - loss: 2.3075 - accuracy: 0.0983
137/196 [===================>..........] - ETA: 3s - loss: 2.3075 - accuracy: 0.0982
139/196 [====================>.........] - ETA: 2s - loss: 2.3075 - accuracy: 0.0981
140/196 [====================>.........] - ETA: 2s - loss: 2.3075 - accuracy: 0.0981
142/196 [====================>.........] - ETA: 2s - loss: 2.3074 - accuracy: 0.0984
144/196 [=====================>........] - ETA: 2s - loss: 2.3074 - accuracy: 0.0985
146/196 [=====================>........] - ETA: 2s - loss: 2.3074 - accuracy: 0.0983
147/196 [=====================>........] - ETA: 2s - loss: 2.3074 - accuracy: 0.0983
149/196 [=====================>........] - ETA: 2s - loss: 2.3073 - accuracy: 0.0985
150/196 [=====================>........] - ETA: 2s - loss: 2.3073 - accuracy: 0.0984
152/196 [======================>.......] - ETA: 2s - loss: 2.3073 - accuracy: 0.0983
153/196 [======================>.......] - ETA: 2s - loss: 2.3073 - accuracy: 0.0983
155/196 [======================>.......] - ETA: 2s - loss: 2.3074 - accuracy: 0.0981
156/196 [======================>.......] - ETA: 2s - loss: 2.3074 - accuracy: 0.0982
158/196 [=======================>......] - ETA: 1s - loss: 2.3074 - accuracy: 0.0983
159/196 [=======================>......] - ETA: 1s - loss: 2.3073 - accuracy: 0.0983
161/196 [=======================>......] - ETA: 1s - loss: 2.3074 - accuracy: 0.0985
162/196 [=======================>......] - ETA: 1s - loss: 2.3074 - accuracy: 0.0985
164/196 [========================>.....] - ETA: 1s - loss: 2.3074 - accuracy: 0.0987
165/196 [========================>.....] - ETA: 1s - loss: 2.3075 - accuracy: 0.0986
167/196 [========================>.....] - ETA: 1s - loss: 2.3074 - accuracy: 0.0988
168/196 [========================>.....] - ETA: 1s - loss: 2.3074 - accuracy: 0.0987
170/196 [=========================>....] - ETA: 1s - loss: 2.3074 - accuracy: 0.0987
171/196 [=========================>....] - ETA: 1s - loss: 2.3073 - accuracy: 0.0988
173/196 [=========================>....] - ETA: 1s - loss: 2.3073 - accuracy: 0.0990
175/196 [=========================>....] - ETA: 1s - loss: 2.3073 - accuracy: 0.0990
177/196 [==========================>...] - ETA: 0s - loss: 2.3073 - accuracy: 0.0992
178/196 [==========================>...] - ETA: 0s - loss: 2.3073 - accuracy: 0.0992
180/196 [==========================>...] - ETA: 0s - loss: 2.3073 - accuracy: 0.0993
181/196 [==========================>...] - ETA: 0s - loss: 2.3073 - accuracy: 0.0994
183/196 [===========================>..] - ETA: 0s - loss: 2.3072 - accuracy: 0.0995
184/196 [===========================>..] - ETA: 0s - loss: 2.3072 - accuracy: 0.0994
186/196 [===========================>..] - ETA: 0s - loss: 2.3071 - accuracy: 0.0994
187/196 [===========================>..] - ETA: 0s - loss: 2.3071 - accuracy: 0.0996
189/196 [===========================>..] - ETA: 0s - loss: 2.3072 - accuracy: 0.0997
190/196 [============================>.] - ETA: 0s - loss: 2.3071 - accuracy: 0.0996
192/196 [============================>.] - ETA: 0s - loss: 2.3071 - accuracy: 0.0998
193/196 [============================>.] - ETA: 0s - loss: 2.3071 - accuracy: 0.0998
195/196 [============================>.] - ETA: 0s - loss: 2.3069 - accuracy: 0.1000
196/196 [==============================] - ETA: 0s - loss: 2.3069 - accuracy: 0.1000
196/196 [==============================] - 11s 56ms/step - loss: 2.3069 - accuracy: 0.1000 - val_loss: 2.3076 - val_accuracy: 0.1000
Epoch 8: early stopping

  1/313 [..............................] - ETA: 4s - loss: 2.3275 - accuracy: 0.0312
 24/313 [=>............................] - ETA: 0s - loss: 2.3100 - accuracy: 0.1016
 49/313 [===>..........................] - ETA: 0s - loss: 2.3093 - accuracy: 0.0989
 74/313 [======>.......................] - ETA: 0s - loss: 2.3075 - accuracy: 0.1035
101/313 [========>.....................] - ETA: 0s - loss: 2.3077 - accuracy: 0.1040
126/313 [===========>..................] - ETA: 0s - loss: 2.3075 - accuracy: 0.1064
153/313 [=============>................] - ETA: 0s - loss: 2.3079 - accuracy: 0.1033
179/313 [================>.............] - ETA: 0s - loss: 2.3077 - accuracy: 0.1004
206/313 [==================>...........] - ETA: 0s - loss: 2.3082 - accuracy: 0.1000
231/313 [=====================>........] - ETA: 0s - loss: 2.3078 - accuracy: 0.1004
257/313 [=======================>......] - ETA: 0s - loss: 2.3073 - accuracy: 0.1007
282/313 [==========================>...] - ETA: 0s - loss: 2.3075 - accuracy: 0.1001
307/313 [============================>.] - ETA: 0s - loss: 2.3076 - accuracy: 0.0999
313/313 [==============================] - 1s 2ms/step - loss: 2.3076 - accuracy: 0.1000
