2024-06-25 17:38:13.580709: I tensorflow/core/platform/cpu_feature_guard.cc:193] This TensorFlow binary is optimized with oneAPI Deep Neural Network Library (oneDNN) to use the following CPU instructions in performance-critical operations:  AVX AVX2
To enable them in other operations, rebuild TensorFlow with the appropriate compiler flags.
2024-06-25 17:38:14.854492: I tensorflow/core/common_runtime/gpu/gpu_device.cc:1616] Created device /job:localhost/replica:0/task:0/device:GPU:0 with 6656 MB memory:  -> device: 0, name: NVIDIA GeForce RTX 4060 Ti, pci bus id: 0000:01:00.0, compute capability: 8.9
1 Physical GPUs, 1 Logical GPUs
Model: "sequential"
_________________________________________________________________
 Layer (type)                Output Shape              Param #   
=================================================================
 conv2d (Conv2D)             (None, 32, 32, 32)        896       
                                                                 
 max_pooling2d (MaxPooling2D  (None, 16, 16, 32)       0         
 )                                                               
                                                                 
 batch_normalization (BatchN  (None, 16, 16, 32)       128       
 ormalization)                                                   
                                                                 
 dropout (Dropout)           (None, 16, 16, 32)        0         
                                                                 
 flatten (Flatten)           (None, 8192)              0         
                                                                 
 dense (Dense)               (None, 10)                81930     
                                                                 
=================================================================
Total params: 82,954
Trainable params: 82,890
Non-trainable params: 64
_________________________________________________________________
Taxa de aprendizado:  1 Num de épocas:  18 Tamanho do lote:  128 Dropout:  0.19537
Epoch 1/18
2024-06-25 17:38:16.993591: I tensorflow/stream_executor/cuda/cuda_dnn.cc:384] Loaded cuDNN version 8100
2024-06-25 17:38:18.835948: W tensorflow/stream_executor/gpu/redzone_allocator.cc:314] INTERNAL: ptxas exited with non-zero error code -1, output: 
Relying on driver to perform ptx compilation. 
Modify $PATH to customize ptxas location.
This message will be only logged once.
2024-06-25 17:38:20.648282: I tensorflow/stream_executor/cuda/cuda_blas.cc:1614] TensorFloat-32 will be used for the matrix multiplication. This will only be logged once.

  1/391 [..............................] - ETA: 38:38 - loss: 2.9158 - accuracy: 0.0781
 12/391 [..............................] - ETA: 2s - loss: 3502.2327 - accuracy: 0.1159
 24/391 [>.............................] - ETA: 2s - loss: 3004.6230 - accuracy: 0.1354
 35/391 [=>............................] - ETA: 1s - loss: 2621.5359 - accuracy: 0.1453
 46/391 [==>...........................] - ETA: 1s - loss: 2186.2615 - accuracy: 0.1476
 57/391 [===>..........................] - ETA: 1s - loss: 1932.6248 - accuracy: 0.1460
 68/391 [====>.........................] - ETA: 1s - loss: 1748.8593 - accuracy: 0.1476
 79/391 [=====>........................] - ETA: 1s - loss: 1580.8463 - accuracy: 0.1521
 90/391 [=====>........................] - ETA: 1s - loss: 1465.2059 - accuracy: 0.1532
101/391 [======>.......................] - ETA: 1s - loss: 1346.9457 - accuracy: 0.1554
111/391 [=======>......................] - ETA: 1s - loss: 1241.6667 - accuracy: 0.1605
122/391 [========>.....................] - ETA: 1s - loss: 1166.5033 - accuracy: 0.1616
133/391 [=========>....................] - ETA: 1s - loss: 1091.6583 - accuracy: 0.1629
144/391 [==========>...................] - ETA: 1s - loss: 1024.5354 - accuracy: 0.1675
155/391 [==========>...................] - ETA: 1s - loss: 966.3303 - accuracy: 0.1711 
166/391 [===========>..................] - ETA: 1s - loss: 913.3130 - accuracy: 0.1737
177/391 [============>.................] - ETA: 1s - loss: 865.5129 - accuracy: 0.1753
188/391 [=============>................] - ETA: 1s - loss: 821.6866 - accuracy: 0.1785
199/391 [==============>...............] - ETA: 1s - loss: 783.9029 - accuracy: 0.1793
210/391 [===============>..............] - ETA: 1s - loss: 747.0005 - accuracy: 0.1807
221/391 [===============>..............] - ETA: 0s - loss: 713.6745 - accuracy: 0.1816
232/391 [================>.............] - ETA: 0s - loss: 682.6107 - accuracy: 0.1826
243/391 [=================>............] - ETA: 0s - loss: 653.8997 - accuracy: 0.1837
253/391 [==================>...........] - ETA: 0s - loss: 629.7607 - accuracy: 0.1843
263/391 [===================>..........] - ETA: 0s - loss: 607.0559 - accuracy: 0.1852
275/391 [====================>.........] - ETA: 0s - loss: 581.6157 - accuracy: 0.1866
286/391 [====================>.........] - ETA: 0s - loss: 560.2223 - accuracy: 0.1878
297/391 [=====================>........] - ETA: 0s - loss: 540.1249 - accuracy: 0.1882
308/391 [======================>.......] - ETA: 0s - loss: 521.3254 - accuracy: 0.1892
319/391 [=======================>......] - ETA: 0s - loss: 503.8293 - accuracy: 0.1903
331/391 [========================>.....] - ETA: 0s - loss: 486.0198 - accuracy: 0.1921
341/391 [=========================>....] - ETA: 0s - loss: 472.0539 - accuracy: 0.1923
352/391 [==========================>...] - ETA: 0s - loss: 457.7372 - accuracy: 0.1923
355/391 [==========================>...] - ETA: 0s - loss: 454.4545 - accuracy: 0.1924
366/391 [===========================>..] - ETA: 0s - loss: 441.1576 - accuracy: 0.1941
377/391 [===========================>..] - ETA: 0s - loss: 428.5759 - accuracy: 0.1949
388/391 [============================>.] - ETA: 0s - loss: 416.6545 - accuracy: 0.1965
391/391 [==============================] - 9s 9ms/step - loss: 413.5118 - accuracy: 0.1964 - val_loss: 9.7385 - val_accuracy: 0.1232
Epoch 2/18

  1/391 [..............................] - ETA: 6s - loss: 7.4655 - accuracy: 0.1328
 12/391 [..............................] - ETA: 2s - loss: 9.0440 - accuracy: 0.2164
 23/391 [>.............................] - ETA: 2s - loss: 8.6598 - accuracy: 0.2317
 33/391 [=>............................] - ETA: 2s - loss: 8.5743 - accuracy: 0.2323
 44/391 [==>...........................] - ETA: 2s - loss: 8.1712 - accuracy: 0.2342
 53/391 [===>..........................] - ETA: 1s - loss: 7.9902 - accuracy: 0.2375
 63/391 [===>..........................] - ETA: 1s - loss: 7.8138 - accuracy: 0.2370
 74/391 [====>.........................] - ETA: 1s - loss: 7.6479 - accuracy: 0.2345
 85/391 [=====>........................] - ETA: 1s - loss: 7.3616 - accuracy: 0.2350
 96/391 [======>.......................] - ETA: 1s - loss: 7.2093 - accuracy: 0.2337
107/391 [=======>......................] - ETA: 1s - loss: 7.1303 - accuracy: 0.2311
118/391 [========>.....................] - ETA: 1s - loss: 7.0245 - accuracy: 0.2324
129/391 [========>.....................] - ETA: 1s - loss: 6.8803 - accuracy: 0.2328
140/391 [=========>....................] - ETA: 1s - loss: 6.8629 - accuracy: 0.2322
151/391 [==========>...................] - ETA: 1s - loss: 6.7889 - accuracy: 0.2313
161/391 [===========>..................] - ETA: 1s - loss: 6.7632 - accuracy: 0.2309
172/391 [============>.................] - ETA: 1s - loss: 6.7199 - accuracy: 0.2310
183/391 [=============>................] - ETA: 1s - loss: 6.7637 - accuracy: 0.2315
194/391 [=============>................] - ETA: 1s - loss: 6.7904 - accuracy: 0.2313
205/391 [==============>...............] - ETA: 1s - loss: 6.7972 - accuracy: 0.2315
215/391 [===============>..............] - ETA: 1s - loss: 6.7673 - accuracy: 0.2323
227/391 [================>.............] - ETA: 0s - loss: 6.7602 - accuracy: 0.2327
236/391 [=================>............] - ETA: 0s - loss: 6.7364 - accuracy: 0.2323
245/391 [=================>............] - ETA: 0s - loss: 6.6842 - accuracy: 0.2325
256/391 [==================>...........] - ETA: 0s - loss: 6.6864 - accuracy: 0.2320
267/391 [===================>..........] - ETA: 0s - loss: 6.7160 - accuracy: 0.2321
277/391 [====================>.........] - ETA: 0s - loss: 6.8727 - accuracy: 0.2317
286/391 [====================>.........] - ETA: 0s - loss: 7.0194 - accuracy: 0.2320
296/391 [=====================>........] - ETA: 0s - loss: 7.4835 - accuracy: 0.2319
305/391 [======================>.......] - ETA: 0s - loss: 13.7735 - accuracy: 0.2300
316/391 [=======================>......] - ETA: 0s - loss: 69.2854 - accuracy: 0.2273
328/391 [========================>.....] - ETA: 0s - loss: 351.4082 - accuracy: 0.2247
337/391 [========================>.....] - ETA: 0s - loss: 893.8482 - accuracy: 0.2222
347/391 [=========================>....] - ETA: 0s - loss: 1577.9358 - accuracy: 0.2200
357/391 [==========================>...] - ETA: 0s - loss: 2033.8732 - accuracy: 0.2188
367/391 [===========================>..] - ETA: 0s - loss: 2437.8027 - accuracy: 0.2175
377/391 [===========================>..] - ETA: 0s - loss: 2659.3298 - accuracy: 0.2162
388/391 [============================>.] - ETA: 0s - loss: 2857.9177 - accuracy: 0.2151
391/391 [==============================] - 3s 8ms/step - loss: 2910.1116 - accuracy: 0.2144 - val_loss: 37663.3320 - val_accuracy: 0.1032
Epoch 3/18

  1/391 [..............................] - ETA: 5s - loss: 7968.7046 - accuracy: 0.1484
 10/391 [..............................] - ETA: 2s - loss: 6596.9531 - accuracy: 0.1750
 20/391 [>.............................] - ETA: 2s - loss: 5663.8174 - accuracy: 0.1676
 29/391 [=>............................] - ETA: 2s - loss: 4901.5054 - accuracy: 0.1624
 40/391 [==>...........................] - ETA: 2s - loss: 4573.6001 - accuracy: 0.1738
 51/391 [==>...........................] - ETA: 2s - loss: 4077.0925 - accuracy: 0.1722
 63/391 [===>..........................] - ETA: 1s - loss: 3512.2168 - accuracy: 0.1756
 74/391 [====>.........................] - ETA: 1s - loss: 3079.6196 - accuracy: 0.1801
 85/391 [=====>........................] - ETA: 1s - loss: 2761.3420 - accuracy: 0.1824
 96/391 [======>.......................] - ETA: 1s - loss: 2498.0364 - accuracy: 0.1840
107/391 [=======>......................] - ETA: 1s - loss: 2284.3130 - accuracy: 0.1862
118/391 [========>.....................] - ETA: 1s - loss: 2107.1924 - accuracy: 0.1882
127/391 [========>.....................] - ETA: 1s - loss: 1978.6550 - accuracy: 0.1900
137/391 [=========>....................] - ETA: 1s - loss: 1848.8086 - accuracy: 0.1911
148/391 [==========>...................] - ETA: 1s - loss: 1721.9034 - accuracy: 0.1924
158/391 [===========>..................] - ETA: 1s - loss: 1620.5814 - accuracy: 0.1928
169/391 [===========>..................] - ETA: 1s - loss: 1527.0951 - accuracy: 0.1942
180/391 [============>.................] - ETA: 1s - loss: 1445.9324 - accuracy: 0.1948
191/391 [=============>................] - ETA: 1s - loss: 1373.9475 - accuracy: 0.1957
203/391 [==============>...............] - ETA: 1s - loss: 1301.9641 - accuracy: 0.1975
214/391 [===============>..............] - ETA: 1s - loss: 1241.1903 - accuracy: 0.1982
224/391 [================>.............] - ETA: 0s - loss: 1189.7596 - accuracy: 0.1976
235/391 [=================>............] - ETA: 0s - loss: 1138.0756 - accuracy: 0.1979
246/391 [=================>............] - ETA: 0s - loss: 1089.6260 - accuracy: 0.1982
257/391 [==================>...........] - ETA: 0s - loss: 1046.8217 - accuracy: 0.1984
268/391 [===================>..........] - ETA: 0s - loss: 1007.8765 - accuracy: 0.1995
279/391 [====================>.........] - ETA: 0s - loss: 972.2095 - accuracy: 0.2003 
290/391 [=====================>........] - ETA: 0s - loss: 937.6112 - accuracy: 0.2005
301/391 [======================>.......] - ETA: 0s - loss: 905.8457 - accuracy: 0.2005
312/391 [======================>.......] - ETA: 0s - loss: 876.2828 - accuracy: 0.2014
323/391 [=======================>......] - ETA: 0s - loss: 848.6311 - accuracy: 0.2008
334/391 [========================>.....] - ETA: 0s - loss: 823.0498 - accuracy: 0.2005
345/391 [=========================>....] - ETA: 0s - loss: 798.4224 - accuracy: 0.2009
356/391 [==========================>...] - ETA: 0s - loss: 775.3143 - accuracy: 0.2008
365/391 [===========================>..] - ETA: 0s - loss: 758.2336 - accuracy: 0.2013
375/391 [===========================>..] - ETA: 0s - loss: 739.4998 - accuracy: 0.2005
386/391 [============================>.] - ETA: 0s - loss: 720.4897 - accuracy: 0.2009
391/391 [==============================] - 3s 8ms/step - loss: 712.0927 - accuracy: 0.2008 - val_loss: 181.1951 - val_accuracy: 0.0872
Epoch 4/18

  1/391 [..............................] - ETA: 6s - loss: 56.4915 - accuracy: 0.1406
 11/391 [..............................] - ETA: 2s - loss: 41.4868 - accuracy: 0.1989
 22/391 [>.............................] - ETA: 2s - loss: 46.0784 - accuracy: 0.1946
 32/391 [=>............................] - ETA: 2s - loss: 41.3870 - accuracy: 0.1973
 43/391 [==>...........................] - ETA: 2s - loss: 45.5631 - accuracy: 0.1995
 54/391 [===>..........................] - ETA: 1s - loss: 43.7676 - accuracy: 0.1977
 65/391 [===>..........................] - ETA: 1s - loss: 45.2994 - accuracy: 0.1957
 76/391 [====>.........................] - ETA: 1s - loss: 43.4945 - accuracy: 0.1979
 87/391 [=====>........................] - ETA: 1s - loss: 42.2605 - accuracy: 0.1996
 98/391 [======>.......................] - ETA: 1s - loss: 40.6337 - accuracy: 0.2004
102/391 [======>.......................] - ETA: 1s - loss: 39.9764 - accuracy: 0.2005
113/391 [=======>......................] - ETA: 1s - loss: 38.7491 - accuracy: 0.2005
123/391 [========>.....................] - ETA: 1s - loss: 38.0402 - accuracy: 0.1999
135/391 [=========>....................] - ETA: 1s - loss: 37.2937 - accuracy: 0.2003
146/391 [==========>...................] - ETA: 1s - loss: 36.8930 - accuracy: 0.1984
157/391 [===========>..................] - ETA: 1s - loss: 36.3772 - accuracy: 0.1979
168/391 [===========>..................] - ETA: 1s - loss: 35.9333 - accuracy: 0.1987
179/391 [============>.................] - ETA: 1s - loss: 35.1171 - accuracy: 0.1987
191/391 [=============>................] - ETA: 1s - loss: 34.6246 - accuracy: 0.1990
201/391 [==============>...............] - ETA: 1s - loss: 34.3263 - accuracy: 0.1998
212/391 [===============>..............] - ETA: 1s - loss: 34.3823 - accuracy: 0.2001
223/391 [================>.............] - ETA: 0s - loss: 34.9297 - accuracy: 0.2000
234/391 [================>.............] - ETA: 0s - loss: 34.8769 - accuracy: 0.1991
245/391 [=================>............] - ETA: 0s - loss: 34.5860 - accuracy: 0.1991
256/391 [==================>...........] - ETA: 0s - loss: 34.2477 - accuracy: 0.1986
266/391 [===================>..........] - ETA: 0s - loss: 34.1456 - accuracy: 0.1977
277/391 [====================>.........] - ETA: 0s - loss: 34.1978 - accuracy: 0.1984
288/391 [=====================>........] - ETA: 0s - loss: 34.2295 - accuracy: 0.1988
299/391 [=====================>........] - ETA: 0s - loss: 34.0119 - accuracy: 0.1990
310/391 [======================>.......] - ETA: 0s - loss: 33.4714 - accuracy: 0.1992
322/391 [=======================>......] - ETA: 0s - loss: 32.9657 - accuracy: 0.1988
333/391 [========================>.....] - ETA: 0s - loss: 32.7972 - accuracy: 0.1988
343/391 [=========================>....] - ETA: 0s - loss: 32.3686 - accuracy: 0.1980
354/391 [==========================>...] - ETA: 0s - loss: 31.8634 - accuracy: 0.1989
365/391 [===========================>..] - ETA: 0s - loss: 31.4309 - accuracy: 0.1988
376/391 [===========================>..] - ETA: 0s - loss: 31.0083 - accuracy: 0.1982
387/391 [============================>.] - ETA: 0s - loss: 30.7285 - accuracy: 0.1978
391/391 [==============================] - 3s 8ms/step - loss: 30.6835 - accuracy: 0.1982 - val_loss: 23.1610 - val_accuracy: 0.1757
Epoch 5/18

  1/391 [..............................] - ETA: 6s - loss: 14.1335 - accuracy: 0.2109
 10/391 [..............................] - ETA: 2s - loss: 28.2908 - accuracy: 0.1922
 22/391 [>.............................] - ETA: 2s - loss: 26.7389 - accuracy: 0.2006
 33/391 [=>............................] - ETA: 2s - loss: 25.6519 - accuracy: 0.1986
 44/391 [==>...........................] - ETA: 2s - loss: 25.9207 - accuracy: 0.2008
 54/391 [===>..........................] - ETA: 1s - loss: 25.3923 - accuracy: 0.2005
 65/391 [===>..........................] - ETA: 1s - loss: 24.1899 - accuracy: 0.1994
 74/391 [====>.........................] - ETA: 1s - loss: 23.0723 - accuracy: 0.1967
 84/391 [=====>........................] - ETA: 1s - loss: 21.7688 - accuracy: 0.1965
 95/391 [======>.......................] - ETA: 1s - loss: 21.0673 - accuracy: 0.1950
105/391 [=======>......................] - ETA: 1s - loss: 20.7218 - accuracy: 0.1934
114/391 [=======>......................] - ETA: 1s - loss: 20.3557 - accuracy: 0.1924
124/391 [========>.....................] - ETA: 1s - loss: 20.3581 - accuracy: 0.1941
133/391 [=========>....................] - ETA: 1s - loss: 20.1684 - accuracy: 0.1947
144/391 [==========>...................] - ETA: 1s - loss: 19.9817 - accuracy: 0.1956
154/391 [==========>...................] - ETA: 1s - loss: 19.9242 - accuracy: 0.1962
164/391 [===========>..................] - ETA: 1s - loss: 19.5050 - accuracy: 0.1958
174/391 [============>.................] - ETA: 1s - loss: 18.9751 - accuracy: 0.1956
186/391 [=============>................] - ETA: 1s - loss: 18.5665 - accuracy: 0.1944
197/391 [==============>...............] - ETA: 1s - loss: 18.3362 - accuracy: 0.1945
208/391 [==============>...............] - ETA: 1s - loss: 18.2231 - accuracy: 0.1945
218/391 [===============>..............] - ETA: 0s - loss: 18.0219 - accuracy: 0.1946
228/391 [================>.............] - ETA: 0s - loss: 17.9317 - accuracy: 0.1958
238/391 [=================>............] - ETA: 0s - loss: 17.7096 - accuracy: 0.1958
250/391 [==================>...........] - ETA: 0s - loss: 17.5178 - accuracy: 0.1960
260/391 [==================>...........] - ETA: 0s - loss: 17.2980 - accuracy: 0.1965
271/391 [===================>..........] - ETA: 0s - loss: 17.2808 - accuracy: 0.1952
282/391 [====================>.........] - ETA: 0s - loss: 17.3046 - accuracy: 0.1944
293/391 [=====================>........] - ETA: 0s - loss: 17.1230 - accuracy: 0.1942
304/391 [======================>.......] - ETA: 0s - loss: 16.9898 - accuracy: 0.1939
315/391 [=======================>......] - ETA: 0s - loss: 16.7862 - accuracy: 0.1941
326/391 [========================>.....] - ETA: 0s - loss: 16.6569 - accuracy: 0.1940
336/391 [========================>.....] - ETA: 0s - loss: 16.5828 - accuracy: 0.1931
348/391 [=========================>....] - ETA: 0s - loss: 16.3737 - accuracy: 0.1925
356/391 [==========================>...] - ETA: 0s - loss: 16.2043 - accuracy: 0.1929
367/391 [===========================>..] - ETA: 0s - loss: 16.0657 - accuracy: 0.1927
377/391 [===========================>..] - ETA: 0s - loss: 16.0498 - accuracy: 0.1932
389/391 [============================>.] - ETA: 0s - loss: 16.0308 - accuracy: 0.1928
391/391 [==============================] - 3s 8ms/step - loss: 16.0277 - accuracy: 0.1927 - val_loss: 17.7438 - val_accuracy: 0.2402
Epoch 6/18

  1/391 [..............................] - ETA: 4s - loss: 20.6674 - accuracy: 0.2422
 12/391 [..............................] - ETA: 2s - loss: 16.5588 - accuracy: 0.2038
 23/391 [>.............................] - ETA: 2s - loss: 15.6476 - accuracy: 0.1987
 34/391 [=>............................] - ETA: 2s - loss: 14.6288 - accuracy: 0.1949
 44/391 [==>...........................] - ETA: 2s - loss: 14.5433 - accuracy: 0.1978
 56/391 [===>..........................] - ETA: 1s - loss: 14.3141 - accuracy: 0.1957
 67/391 [====>.........................] - ETA: 1s - loss: 13.9064 - accuracy: 0.1953
 78/391 [====>.........................] - ETA: 1s - loss: 13.7914 - accuracy: 0.1945
 88/391 [=====>........................] - ETA: 1s - loss: 13.6647 - accuracy: 0.1942
 97/391 [======>.......................] - ETA: 1s - loss: 13.5419 - accuracy: 0.1929
108/391 [=======>......................] - ETA: 1s - loss: 13.4720 - accuracy: 0.1916
120/391 [========>.....................] - ETA: 1s - loss: 13.5289 - accuracy: 0.1894
131/391 [=========>....................] - ETA: 1s - loss: 13.3668 - accuracy: 0.1890
143/391 [=========>....................] - ETA: 1s - loss: 13.3673 - accuracy: 0.1897
154/391 [==========>...................] - ETA: 1s - loss: 13.3580 - accuracy: 0.1889
164/391 [===========>..................] - ETA: 1s - loss: 13.2498 - accuracy: 0.1887
174/391 [============>.................] - ETA: 1s - loss: 13.2683 - accuracy: 0.1899
183/391 [=============>................] - ETA: 1s - loss: 13.1830 - accuracy: 0.1894
194/391 [=============>................] - ETA: 1s - loss: 13.1283 - accuracy: 0.1890
206/391 [==============>...............] - ETA: 1s - loss: 12.9738 - accuracy: 0.1886
217/391 [===============>..............] - ETA: 0s - loss: 12.8787 - accuracy: 0.1894
228/391 [================>.............] - ETA: 0s - loss: 12.9062 - accuracy: 0.1894
240/391 [=================>............] - ETA: 0s - loss: 12.8503 - accuracy: 0.1891
252/391 [==================>...........] - ETA: 0s - loss: 12.7896 - accuracy: 0.1908
263/391 [===================>..........] - ETA: 0s - loss: 12.8118 - accuracy: 0.1907
275/391 [====================>.........] - ETA: 0s - loss: 12.7649 - accuracy: 0.1913
285/391 [====================>.........] - ETA: 0s - loss: 12.7144 - accuracy: 0.1915
295/391 [=====================>........] - ETA: 0s - loss: 12.6662 - accuracy: 0.1920
306/391 [======================>.......] - ETA: 0s - loss: 12.6202 - accuracy: 0.1922
317/391 [=======================>......] - ETA: 0s - loss: 12.6373 - accuracy: 0.1912
328/391 [========================>.....] - ETA: 0s - loss: 12.7520 - accuracy: 0.1911
340/391 [=========================>....] - ETA: 0s - loss: 12.6943 - accuracy: 0.1907
351/391 [=========================>....] - ETA: 0s - loss: 12.6402 - accuracy: 0.1910
362/391 [==========================>...] - ETA: 0s - loss: 12.5797 - accuracy: 0.1915
372/391 [===========================>..] - ETA: 0s - loss: 12.5415 - accuracy: 0.1913
382/391 [============================>.] - ETA: 0s - loss: 12.5133 - accuracy: 0.1906
391/391 [==============================] - 3s 8ms/step - loss: 12.5391 - accuracy: 0.1904 - val_loss: 8.2751 - val_accuracy: 0.2537
Epoch 7/18

  1/391 [..............................] - ETA: 6s - loss: 13.2156 - accuracy: 0.2109
 13/391 [..............................] - ETA: 1s - loss: 12.9490 - accuracy: 0.1935
 25/391 [>.............................] - ETA: 1s - loss: 12.8764 - accuracy: 0.1872
 36/391 [=>............................] - ETA: 1s - loss: 12.5938 - accuracy: 0.1853
 48/391 [==>...........................] - ETA: 1s - loss: 13.1498 - accuracy: 0.1857
 59/391 [===>..........................] - ETA: 1s - loss: 13.8401 - accuracy: 0.1872
 71/391 [====>.........................] - ETA: 1s - loss: 13.7532 - accuracy: 0.1841
 83/391 [=====>........................] - ETA: 1s - loss: 13.5721 - accuracy: 0.1866
 95/391 [======>.......................] - ETA: 1s - loss: 13.5479 - accuracy: 0.1882
106/391 [=======>......................] - ETA: 1s - loss: 13.6273 - accuracy: 0.1884
118/391 [========>.....................] - ETA: 1s - loss: 13.6139 - accuracy: 0.1868
130/391 [========>.....................] - ETA: 1s - loss: 13.6329 - accuracy: 0.1861
141/391 [=========>....................] - ETA: 1s - loss: 13.5337 - accuracy: 0.1851
152/391 [==========>...................] - ETA: 1s - loss: 13.7294 - accuracy: 0.1859
164/391 [===========>..................] - ETA: 1s - loss: 13.8635 - accuracy: 0.1862
176/391 [============>.................] - ETA: 1s - loss: 14.0057 - accuracy: 0.1863
187/391 [=============>................] - ETA: 1s - loss: 14.0184 - accuracy: 0.1861
197/391 [==============>...............] - ETA: 1s - loss: 14.0123 - accuracy: 0.1865
207/391 [==============>...............] - ETA: 0s - loss: 14.0374 - accuracy: 0.1878
217/391 [===============>..............] - ETA: 0s - loss: 14.0556 - accuracy: 0.1879
227/391 [================>.............] - ETA: 0s - loss: 14.1854 - accuracy: 0.1889
239/391 [=================>............] - ETA: 0s - loss: 14.3278 - accuracy: 0.1885
250/391 [==================>...........] - ETA: 0s - loss: 14.6060 - accuracy: 0.1883
261/391 [===================>..........] - ETA: 0s - loss: 14.8515 - accuracy: 0.1880
272/391 [===================>..........] - ETA: 0s - loss: 14.8869 - accuracy: 0.1882
284/391 [====================>.........] - ETA: 0s - loss: 15.0357 - accuracy: 0.1885
295/391 [=====================>........] - ETA: 0s - loss: 15.4354 - accuracy: 0.1875
306/391 [======================>.......] - ETA: 0s - loss: 17.1741 - accuracy: 0.1870
318/391 [=======================>......] - ETA: 0s - loss: 32.2832 - accuracy: 0.1849
329/391 [========================>.....] - ETA: 0s - loss: 124.6593 - accuracy: 0.1836
340/391 [=========================>....] - ETA: 0s - loss: 405.9099 - accuracy: 0.1829
350/391 [=========================>....] - ETA: 0s - loss: 1019.2190 - accuracy: 0.1816
361/391 [==========================>...] - ETA: 0s - loss: 1800.6152 - accuracy: 0.1802
372/391 [===========================>..] - ETA: 0s - loss: 2553.6799 - accuracy: 0.1803
384/391 [============================>.] - ETA: 0s - loss: 3639.6260 - accuracy: 0.1790
391/391 [==============================] - 3s 8ms/step - loss: 4061.5779 - accuracy: 0.1793 - val_loss: 24396.4160 - val_accuracy: 0.2136
Epoch 8/18

  1/391 [..............................] - ETA: 0s - loss: 16186.1016 - accuracy: 0.1875
 10/391 [..............................] - ETA: 2s - loss: 15174.9971 - accuracy: 0.1607
 21/391 [>.............................] - ETA: 2s - loss: 15939.2549 - accuracy: 0.1652
 33/391 [=>............................] - ETA: 2s - loss: 14100.5615 - accuracy: 0.1674
 44/391 [==>...........................] - ETA: 2s - loss: 12331.6445 - accuracy: 0.1807
 56/391 [===>..........................] - ETA: 1s - loss: 10909.3760 - accuracy: 0.1803
 68/391 [====>.........................] - ETA: 1s - loss: 9709.2803 - accuracy: 0.1813 
 79/391 [=====>........................] - ETA: 1s - loss: 8731.0371 - accuracy: 0.1811
 89/391 [=====>........................] - ETA: 1s - loss: 8086.0000 - accuracy: 0.1871
101/391 [======>.......................] - ETA: 1s - loss: 7363.2949 - accuracy: 0.1852
112/391 [=======>......................] - ETA: 1s - loss: 6733.9092 - accuracy: 0.1851
123/391 [========>.....................] - ETA: 1s - loss: 6194.4399 - accuracy: 0.1888
134/391 [=========>....................] - ETA: 1s - loss: 5735.3530 - accuracy: 0.1919
146/391 [==========>...................] - ETA: 1s - loss: 5311.0825 - accuracy: 0.1942
157/391 [===========>..................] - ETA: 1s - loss: 4957.6094 - accuracy: 0.1946
168/391 [===========>..................] - ETA: 1s - loss: 4650.8091 - accuracy: 0.1991
181/391 [============>.................] - ETA: 1s - loss: 4339.3794 - accuracy: 0.1991
192/391 [=============>................] - ETA: 1s - loss: 4103.0508 - accuracy: 0.1998
204/391 [==============>...............] - ETA: 1s - loss: 3870.2498 - accuracy: 0.2012
215/391 [===============>..............] - ETA: 0s - loss: 3684.4036 - accuracy: 0.2025
226/391 [================>.............] - ETA: 0s - loss: 3519.0374 - accuracy: 0.2042
237/391 [=================>............] - ETA: 0s - loss: 3364.5159 - accuracy: 0.2046
248/391 [==================>...........] - ETA: 0s - loss: 3221.4907 - accuracy: 0.2037
259/391 [==================>...........] - ETA: 0s - loss: 3092.3374 - accuracy: 0.2046
270/391 [===================>..........] - ETA: 0s - loss: 2973.2856 - accuracy: 0.2064
281/391 [====================>.........] - ETA: 0s - loss: 2864.0864 - accuracy: 0.2075
292/391 [=====================>........] - ETA: 0s - loss: 2761.5952 - accuracy: 0.2082
303/391 [======================>.......] - ETA: 0s - loss: 2665.6628 - accuracy: 0.2080
314/391 [=======================>......] - ETA: 0s - loss: 2576.2971 - accuracy: 0.2092
325/391 [=======================>......] - ETA: 0s - loss: 2493.6992 - accuracy: 0.2100
336/391 [========================>.....] - ETA: 0s - loss: 2415.9377 - accuracy: 0.2100
347/391 [=========================>....] - ETA: 0s - loss: 2342.9487 - accuracy: 0.2104
359/391 [==========================>...] - ETA: 0s - loss: 2268.2358 - accuracy: 0.2112
370/391 [===========================>..] - ETA: 0s - loss: 2203.1477 - accuracy: 0.2111
381/391 [============================>.] - ETA: 0s - loss: 2141.6765 - accuracy: 0.2117
391/391 [==============================] - ETA: 0s - loss: 2088.8618 - accuracy: 0.2117
391/391 [==============================] - 3s 8ms/step - loss: 2088.8618 - accuracy: 0.2117 - val_loss: 95.5713 - val_accuracy: 0.2881
Epoch 9/18

  1/391 [..............................] - ETA: 6s - loss: 79.4507 - accuracy: 0.3359
 12/391 [..............................] - ETA: 2s - loss: 102.2429 - accuracy: 0.2194
 22/391 [>.............................] - ETA: 2s - loss: 96.3279 - accuracy: 0.2340 
 33/391 [=>............................] - ETA: 2s - loss: 98.7139 - accuracy: 0.2318
 45/391 [==>...........................] - ETA: 1s - loss: 91.9229 - accuracy: 0.2300
 56/391 [===>..........................] - ETA: 1s - loss: 88.3954 - accuracy: 0.2292
 67/391 [====>.........................] - ETA: 1s - loss: 90.3775 - accuracy: 0.2257
 78/391 [====>.........................] - ETA: 1s - loss: 86.9276 - accuracy: 0.2211
 89/391 [=====>........................] - ETA: 1s - loss: 85.2626 - accuracy: 0.2188
101/391 [======>.......................] - ETA: 1s - loss: 85.1970 - accuracy: 0.2192
112/391 [=======>......................] - ETA: 1s - loss: 83.0317 - accuracy: 0.2183
121/391 [========>.....................] - ETA: 1s - loss: 82.1418 - accuracy: 0.2170
131/391 [=========>....................] - ETA: 1s - loss: 79.7823 - accuracy: 0.2156
142/391 [=========>....................] - ETA: 1s - loss: 78.5630 - accuracy: 0.2189
153/391 [==========>...................] - ETA: 1s - loss: 76.4255 - accuracy: 0.2173
165/391 [===========>..................] - ETA: 1s - loss: 73.9802 - accuracy: 0.2176
175/391 [============>.................] - ETA: 1s - loss: 76.1115 - accuracy: 0.2179
184/391 [=============>................] - ETA: 1s - loss: 79.4246 - accuracy: 0.2193
195/391 [=============>................] - ETA: 1s - loss: 80.9160 - accuracy: 0.2194
206/391 [==============>...............] - ETA: 1s - loss: 81.0088 - accuracy: 0.2187
217/391 [===============>..............] - ETA: 0s - loss: 79.9834 - accuracy: 0.2178
228/391 [================>.............] - ETA: 0s - loss: 78.5002 - accuracy: 0.2170
239/391 [=================>............] - ETA: 0s - loss: 77.3549 - accuracy: 0.2172
250/391 [==================>...........] - ETA: 0s - loss: 76.2485 - accuracy: 0.2169
261/391 [===================>..........] - ETA: 0s - loss: 75.7063 - accuracy: 0.2169
269/391 [===================>..........] - ETA: 0s - loss: 74.7549 - accuracy: 0.2169
280/391 [====================>.........] - ETA: 0s - loss: 74.2066 - accuracy: 0.2167
291/391 [=====================>........] - ETA: 0s - loss: 73.8501 - accuracy: 0.2160
302/391 [======================>.......] - ETA: 0s - loss: 73.0192 - accuracy: 0.2166
313/391 [=======================>......] - ETA: 0s - loss: 72.3886 - accuracy: 0.2168
324/391 [=======================>......] - ETA: 0s - loss: 71.5385 - accuracy: 0.2162
335/391 [========================>.....] - ETA: 0s - loss: 70.2402 - accuracy: 0.2159
346/391 [=========================>....] - ETA: 0s - loss: 69.2368 - accuracy: 0.2158
357/391 [==========================>...] - ETA: 0s - loss: 68.5801 - accuracy: 0.2152
368/391 [===========================>..] - ETA: 0s - loss: 67.8470 - accuracy: 0.2145
378/391 [============================>.] - ETA: 0s - loss: 67.4363 - accuracy: 0.2146
387/391 [============================>.] - ETA: 0s - loss: 67.6314 - accuracy: 0.2145
391/391 [==============================] - 3s 8ms/step - loss: 67.5520 - accuracy: 0.2141 - val_loss: 59.3437 - val_accuracy: 0.2861
Epoch 10/18

  1/391 [..............................] - ETA: 6s - loss: 57.5544 - accuracy: 0.3516
 11/391 [..............................] - ETA: 2s - loss: 51.5808 - accuracy: 0.2017
 21/391 [>.............................] - ETA: 2s - loss: 48.1091 - accuracy: 0.2061
 33/391 [=>............................] - ETA: 2s - loss: 45.0675 - accuracy: 0.2060
 44/391 [==>...........................] - ETA: 2s - loss: 45.0506 - accuracy: 0.2047
 54/391 [===>..........................] - ETA: 1s - loss: 45.7806 - accuracy: 0.2046
 63/391 [===>..........................] - ETA: 1s - loss: 48.0981 - accuracy: 0.2029
 74/391 [====>.........................] - ETA: 1s - loss: 51.8439 - accuracy: 0.2006
 84/391 [=====>........................] - ETA: 1s - loss: 52.6992 - accuracy: 0.1999
 94/391 [======>.......................] - ETA: 1s - loss: 53.2306 - accuracy: 0.2004
104/391 [======>.......................] - ETA: 1s - loss: 51.7820 - accuracy: 0.2011
115/391 [=======>......................] - ETA: 1s - loss: 50.1348 - accuracy: 0.1998
126/391 [========>.....................] - ETA: 1s - loss: 50.4629 - accuracy: 0.2031
137/391 [=========>....................] - ETA: 1s - loss: 51.1555 - accuracy: 0.2043
148/391 [==========>...................] - ETA: 1s - loss: 49.8807 - accuracy: 0.2040
159/391 [===========>..................] - ETA: 1s - loss: 48.9263 - accuracy: 0.2040
170/391 [============>.................] - ETA: 1s - loss: 48.4366 - accuracy: 0.2038
181/391 [============>.................] - ETA: 1s - loss: 48.0439 - accuracy: 0.2049
192/391 [=============>................] - ETA: 1s - loss: 47.0123 - accuracy: 0.2044
202/391 [==============>...............] - ETA: 1s - loss: 45.9598 - accuracy: 0.2042
211/391 [===============>..............] - ETA: 1s - loss: 45.4056 - accuracy: 0.2046
222/391 [================>.............] - ETA: 0s - loss: 45.6188 - accuracy: 0.2044
233/391 [================>.............] - ETA: 0s - loss: 45.4957 - accuracy: 0.2041
243/391 [=================>............] - ETA: 0s - loss: 45.2665 - accuracy: 0.2038
252/391 [==================>...........] - ETA: 0s - loss: 44.8761 - accuracy: 0.2036
263/391 [===================>..........] - ETA: 0s - loss: 43.9465 - accuracy: 0.2036
274/391 [====================>.........] - ETA: 0s - loss: 43.5164 - accuracy: 0.2037
285/391 [====================>.........] - ETA: 0s - loss: 43.2519 - accuracy: 0.2034
296/391 [=====================>........] - ETA: 0s - loss: 42.9715 - accuracy: 0.2053
306/391 [======================>.......] - ETA: 0s - loss: 43.2277 - accuracy: 0.2048
318/391 [=======================>......] - ETA: 0s - loss: 43.2442 - accuracy: 0.2052
329/391 [========================>.....] - ETA: 0s - loss: 42.9619 - accuracy: 0.2046
339/391 [=========================>....] - ETA: 0s - loss: 42.5926 - accuracy: 0.2054
350/391 [=========================>....] - ETA: 0s - loss: 41.9643 - accuracy: 0.2056
361/391 [==========================>...] - ETA: 0s - loss: 41.2355 - accuracy: 0.2056
372/391 [===========================>..] - ETA: 0s - loss: 40.6173 - accuracy: 0.2057
383/391 [============================>.] - ETA: 0s - loss: 40.3943 - accuracy: 0.2055
391/391 [==============================] - 3s 8ms/step - loss: 40.1031 - accuracy: 0.2056 - val_loss: 19.7458 - val_accuracy: 0.3050
Epoch 11/18

  1/391 [..............................] - ETA: 6s - loss: 24.1183 - accuracy: 0.2812
 11/391 [..............................] - ETA: 2s - loss: 27.1460 - accuracy: 0.2124
 22/391 [>.............................] - ETA: 2s - loss: 25.5823 - accuracy: 0.2131
 33/391 [=>............................] - ETA: 2s - loss: 29.9279 - accuracy: 0.2102
 44/391 [==>...........................] - ETA: 2s - loss: 28.6178 - accuracy: 0.2047
 54/391 [===>..........................] - ETA: 1s - loss: 26.4428 - accuracy: 0.2014
 65/391 [===>..........................] - ETA: 1s - loss: 26.6016 - accuracy: 0.2006
 76/391 [====>.........................] - ETA: 1s - loss: 27.6601 - accuracy: 0.1964
 87/391 [=====>........................] - ETA: 1s - loss: 27.2574 - accuracy: 0.1958
 98/391 [======>.......................] - ETA: 1s - loss: 27.1425 - accuracy: 0.1974
109/391 [=======>......................] - ETA: 1s - loss: 26.8930 - accuracy: 0.1987
118/391 [========>.....................] - ETA: 1s - loss: 26.8405 - accuracy: 0.1978
129/391 [========>.....................] - ETA: 1s - loss: 26.3427 - accuracy: 0.1997
140/391 [=========>....................] - ETA: 1s - loss: 25.8795 - accuracy: 0.2002
150/391 [==========>...................] - ETA: 1s - loss: 25.4548 - accuracy: 0.2009
161/391 [===========>..................] - ETA: 1s - loss: 25.6256 - accuracy: 0.2020
172/391 [============>.................] - ETA: 1s - loss: 25.6845 - accuracy: 0.2027
184/391 [=============>................] - ETA: 1s - loss: 25.6121 - accuracy: 0.2033
194/391 [=============>................] - ETA: 1s - loss: 25.4609 - accuracy: 0.2033
205/391 [==============>...............] - ETA: 1s - loss: 25.1982 - accuracy: 0.2027
216/391 [===============>..............] - ETA: 1s - loss: 25.2734 - accuracy: 0.2032
227/391 [================>.............] - ETA: 0s - loss: 25.1868 - accuracy: 0.2027
238/391 [=================>............] - ETA: 0s - loss: 25.0984 - accuracy: 0.2029
249/391 [==================>...........] - ETA: 0s - loss: 24.8785 - accuracy: 0.2036
259/391 [==================>...........] - ETA: 0s - loss: 24.7575 - accuracy: 0.2037
268/391 [===================>..........] - ETA: 0s - loss: 24.5868 - accuracy: 0.2032
279/391 [====================>.........] - ETA: 0s - loss: 24.5559 - accuracy: 0.2036
290/391 [=====================>........] - ETA: 0s - loss: 24.3228 - accuracy: 0.2033
301/391 [======================>.......] - ETA: 0s - loss: 24.1847 - accuracy: 0.2031
311/391 [======================>.......] - ETA: 0s - loss: 24.1173 - accuracy: 0.2038
323/391 [=======================>......] - ETA: 0s - loss: 23.9698 - accuracy: 0.2036
334/391 [========================>.....] - ETA: 0s - loss: 23.8091 - accuracy: 0.2037
345/391 [=========================>....] - ETA: 0s - loss: 23.6014 - accuracy: 0.2035
355/391 [==========================>...] - ETA: 0s - loss: 23.7241 - accuracy: 0.2035
366/391 [===========================>..] - ETA: 0s - loss: 23.6614 - accuracy: 0.2034
377/391 [===========================>..] - ETA: 0s - loss: 23.7873 - accuracy: 0.2028
388/391 [============================>.] - ETA: 0s - loss: 23.6243 - accuracy: 0.2030
391/391 [==============================] - 3s 8ms/step - loss: 23.5730 - accuracy: 0.2032 - val_loss: 10.9393 - val_accuracy: 0.2793
Epoch 11: early stopping

  1/313 [..............................] - ETA: 4s - loss: 10.0294 - accuracy: 0.3438
 17/313 [>.............................] - ETA: 1s - loss: 10.6432 - accuracy: 0.2500
 37/313 [==>...........................] - ETA: 0s - loss: 10.7418 - accuracy: 0.2779
 55/313 [====>.........................] - ETA: 0s - loss: 10.8654 - accuracy: 0.2778
 75/313 [======>.......................] - ETA: 0s - loss: 10.6921 - accuracy: 0.2821
 94/313 [========>.....................] - ETA: 0s - loss: 10.6641 - accuracy: 0.2856
114/313 [=========>....................] - ETA: 0s - loss: 10.7545 - accuracy: 0.2867
133/313 [===========>..................] - ETA: 0s - loss: 10.6463 - accuracy: 0.2906
152/313 [=============>................] - ETA: 0s - loss: 10.6981 - accuracy: 0.2909
172/313 [===============>..............] - ETA: 0s - loss: 10.8528 - accuracy: 0.2840
192/313 [=================>............] - ETA: 0s - loss: 10.8180 - accuracy: 0.2832
211/313 [===================>..........] - ETA: 0s - loss: 10.8379 - accuracy: 0.2830
230/313 [=====================>........] - ETA: 0s - loss: 10.8553 - accuracy: 0.2799
250/313 [======================>.......] - ETA: 0s - loss: 10.8833 - accuracy: 0.2805
270/313 [========================>.....] - ETA: 0s - loss: 10.9208 - accuracy: 0.2784
290/313 [==========================>...] - ETA: 0s - loss: 10.8980 - accuracy: 0.2794
309/313 [============================>.] - ETA: 0s - loss: 10.9419 - accuracy: 0.2790
313/313 [==============================] - 1s 3ms/step - loss: 10.9393 - accuracy: 0.2793
