2024-06-25 22:06:04.494855: I tensorflow/core/platform/cpu_feature_guard.cc:193] This TensorFlow binary is optimized with oneAPI Deep Neural Network Library (oneDNN) to use the following CPU instructions in performance-critical operations:  AVX AVX2
To enable them in other operations, rebuild TensorFlow with the appropriate compiler flags.
2024-06-25 22:06:05.783760: I tensorflow/core/common_runtime/gpu/gpu_device.cc:1616] Created device /job:localhost/replica:0/task:0/device:GPU:0 with 6656 MB memory:  -> device: 0, name: NVIDIA GeForce RTX 4060 Ti, pci bus id: 0000:01:00.0, compute capability: 8.9
1 Physical GPUs, 1 Logical GPUs
Model: "sequential"
_________________________________________________________________
 Layer (type)                Output Shape              Param #   
=================================================================
 conv2d (Conv2D)             (None, 32, 32, 32)        896       
                                                                 
 max_pooling2d (MaxPooling2D  (None, 16, 16, 32)       0         
 )                                                               
                                                                 
 batch_normalization (BatchN  (None, 16, 16, 32)       128       
 ormalization)                                                   
                                                                 
 dropout (Dropout)           (None, 16, 16, 32)        0         
                                                                 
 flatten (Flatten)           (None, 8192)              0         
                                                                 
 dense (Dense)               (None, 10)                81930     
                                                                 
=================================================================
Total params: 82,954
Trainable params: 82,890
Non-trainable params: 64
_________________________________________________________________
Taxa de aprendizado:  0.01 Num de épocas:  95 Tamanho do lote:  64 Dropout:  0.05786
Epoch 1/95
2024-06-25 22:06:07.913119: I tensorflow/stream_executor/cuda/cuda_dnn.cc:384] Loaded cuDNN version 8100
2024-06-25 22:06:09.770246: W tensorflow/stream_executor/gpu/redzone_allocator.cc:314] INTERNAL: ptxas exited with non-zero error code -1, output: 
Relying on driver to perform ptx compilation. 
Modify $PATH to customize ptxas location.
This message will be only logged once.
2024-06-25 22:06:11.662383: I tensorflow/stream_executor/cuda/cuda_blas.cc:1614] TensorFloat-32 will be used for the matrix multiplication. This will only be logged once.

  1/782 [..............................] - ETA: 1:18:28 - loss: 2.5801 - accuracy: 0.1094
 12/782 [..............................] - ETA: 4s - loss: 5.0700 - accuracy: 0.1341     
 25/782 [..............................] - ETA: 3s - loss: 3.6924 - accuracy: 0.1869
 38/782 [>.............................] - ETA: 3s - loss: 3.1697 - accuracy: 0.2150
 50/782 [>.............................] - ETA: 3s - loss: 2.8920 - accuracy: 0.2316
 63/782 [=>............................] - ETA: 3s - loss: 2.6975 - accuracy: 0.2517
 75/782 [=>............................] - ETA: 3s - loss: 2.5739 - accuracy: 0.2671
 88/782 [==>...........................] - ETA: 3s - loss: 2.4602 - accuracy: 0.2825
100/782 [==>...........................] - ETA: 3s - loss: 2.3811 - accuracy: 0.2919
112/782 [===>..........................] - ETA: 3s - loss: 2.3114 - accuracy: 0.2994
125/782 [===>..........................] - ETA: 3s - loss: 2.2419 - accuracy: 0.3136
130/782 [===>..........................] - ETA: 3s - loss: 2.2212 - accuracy: 0.3175
142/782 [====>.........................] - ETA: 3s - loss: 2.1788 - accuracy: 0.3233
152/782 [====>.........................] - ETA: 3s - loss: 2.1476 - accuracy: 0.3285
164/782 [=====>........................] - ETA: 3s - loss: 2.1107 - accuracy: 0.3343
176/782 [=====>........................] - ETA: 3s - loss: 2.0812 - accuracy: 0.3386
188/782 [======>.......................] - ETA: 3s - loss: 2.0551 - accuracy: 0.3422
200/782 [======>.......................] - ETA: 3s - loss: 2.0308 - accuracy: 0.3467
213/782 [=======>......................] - ETA: 2s - loss: 2.0112 - accuracy: 0.3492
226/782 [=======>......................] - ETA: 2s - loss: 1.9913 - accuracy: 0.3514
238/782 [========>.....................] - ETA: 2s - loss: 1.9777 - accuracy: 0.3531
250/782 [========>.....................] - ETA: 2s - loss: 1.9618 - accuracy: 0.3564
261/782 [=========>....................] - ETA: 2s - loss: 1.9486 - accuracy: 0.3587
272/782 [=========>....................] - ETA: 2s - loss: 1.9342 - accuracy: 0.3624
285/782 [=========>....................] - ETA: 2s - loss: 1.9228 - accuracy: 0.3651
297/782 [==========>...................] - ETA: 2s - loss: 1.9099 - accuracy: 0.3675
310/782 [==========>...................] - ETA: 2s - loss: 1.8993 - accuracy: 0.3684
322/782 [===========>..................] - ETA: 2s - loss: 1.8877 - accuracy: 0.3705
332/782 [===========>..................] - ETA: 2s - loss: 1.8773 - accuracy: 0.3734
343/782 [============>.................] - ETA: 2s - loss: 1.8728 - accuracy: 0.3734
356/782 [============>.................] - ETA: 2s - loss: 1.8644 - accuracy: 0.3748
368/782 [=============>................] - ETA: 2s - loss: 1.8541 - accuracy: 0.3769
380/782 [=============>................] - ETA: 2s - loss: 1.8442 - accuracy: 0.3791
393/782 [==============>...............] - ETA: 2s - loss: 1.8347 - accuracy: 0.3812
404/782 [==============>...............] - ETA: 1s - loss: 1.8266 - accuracy: 0.3834
417/782 [==============>...............] - ETA: 1s - loss: 1.8189 - accuracy: 0.3848
429/782 [===============>..............] - ETA: 1s - loss: 1.8145 - accuracy: 0.3853
441/782 [===============>..............] - ETA: 1s - loss: 1.8113 - accuracy: 0.3854
453/782 [================>.............] - ETA: 1s - loss: 1.8071 - accuracy: 0.3860
465/782 [================>.............] - ETA: 1s - loss: 1.8017 - accuracy: 0.3870
478/782 [=================>............] - ETA: 1s - loss: 1.7971 - accuracy: 0.3879
490/782 [=================>............] - ETA: 1s - loss: 1.7928 - accuracy: 0.3891
501/782 [==================>...........] - ETA: 1s - loss: 1.7891 - accuracy: 0.3898
512/782 [==================>...........] - ETA: 1s - loss: 1.7845 - accuracy: 0.3904
524/782 [===================>..........] - ETA: 1s - loss: 1.7799 - accuracy: 0.3915
536/782 [===================>..........] - ETA: 1s - loss: 1.7757 - accuracy: 0.3924
548/782 [====================>.........] - ETA: 1s - loss: 1.7699 - accuracy: 0.3937
561/782 [====================>.........] - ETA: 1s - loss: 1.7653 - accuracy: 0.3944
573/782 [====================>.........] - ETA: 1s - loss: 1.7624 - accuracy: 0.3943
586/782 [=====================>........] - ETA: 1s - loss: 1.7592 - accuracy: 0.3951
599/782 [=====================>........] - ETA: 0s - loss: 1.7551 - accuracy: 0.3956
610/782 [======================>.......] - ETA: 0s - loss: 1.7513 - accuracy: 0.3966
623/782 [======================>.......] - ETA: 0s - loss: 1.7490 - accuracy: 0.3973
636/782 [=======================>......] - ETA: 0s - loss: 1.7465 - accuracy: 0.3977
648/782 [=======================>......] - ETA: 0s - loss: 1.7440 - accuracy: 0.3980
660/782 [========================>.....] - ETA: 0s - loss: 1.7401 - accuracy: 0.3988
672/782 [========================>.....] - ETA: 0s - loss: 1.7375 - accuracy: 0.3995
685/782 [=========================>....] - ETA: 0s - loss: 1.7341 - accuracy: 0.4001
696/782 [=========================>....] - ETA: 0s - loss: 1.7323 - accuracy: 0.4002
708/782 [==========================>...] - ETA: 0s - loss: 1.7283 - accuracy: 0.4014
721/782 [==========================>...] - ETA: 0s - loss: 1.7247 - accuracy: 0.4026
733/782 [===========================>..] - ETA: 0s - loss: 1.7205 - accuracy: 0.4038
745/782 [===========================>..] - ETA: 0s - loss: 1.7181 - accuracy: 0.4045
757/782 [============================>.] - ETA: 0s - loss: 1.7150 - accuracy: 0.4055
769/782 [============================>.] - ETA: 0s - loss: 1.7125 - accuracy: 0.4056
782/782 [==============================] - ETA: 0s - loss: 1.7096 - accuracy: 0.4066
782/782 [==============================] - 11s 7ms/step - loss: 1.7096 - accuracy: 0.4066 - val_loss: 1.5066 - val_accuracy: 0.4663
Epoch 2/95

  1/782 [..............................] - ETA: 12s - loss: 1.3662 - accuracy: 0.5156
 14/782 [..............................] - ETA: 3s - loss: 1.4963 - accuracy: 0.4844 
 26/782 [..............................] - ETA: 3s - loss: 1.4827 - accuracy: 0.4754
 39/782 [>.............................] - ETA: 3s - loss: 1.5023 - accuracy: 0.4667
 52/782 [>.............................] - ETA: 3s - loss: 1.5198 - accuracy: 0.4615
 64/782 [=>............................] - ETA: 3s - loss: 1.5063 - accuracy: 0.4663
 77/782 [=>............................] - ETA: 3s - loss: 1.5084 - accuracy: 0.4633
 89/782 [==>...........................] - ETA: 3s - loss: 1.5047 - accuracy: 0.4637
102/782 [==>...........................] - ETA: 3s - loss: 1.5032 - accuracy: 0.4631
115/782 [===>..........................] - ETA: 3s - loss: 1.5003 - accuracy: 0.4648
126/782 [===>..........................] - ETA: 3s - loss: 1.5020 - accuracy: 0.4644
138/782 [====>.........................] - ETA: 3s - loss: 1.5038 - accuracy: 0.4629
151/782 [====>.........................] - ETA: 3s - loss: 1.4994 - accuracy: 0.4665
163/782 [=====>........................] - ETA: 3s - loss: 1.5011 - accuracy: 0.4661
175/782 [=====>........................] - ETA: 3s - loss: 1.5062 - accuracy: 0.4644
187/782 [======>.......................] - ETA: 3s - loss: 1.5060 - accuracy: 0.4621
200/782 [======>.......................] - ETA: 2s - loss: 1.5093 - accuracy: 0.4623
212/782 [=======>......................] - ETA: 2s - loss: 1.5060 - accuracy: 0.4634
224/782 [=======>......................] - ETA: 2s - loss: 1.5044 - accuracy: 0.4640
237/782 [========>.....................] - ETA: 2s - loss: 1.5062 - accuracy: 0.4621
249/782 [========>.....................] - ETA: 2s - loss: 1.5055 - accuracy: 0.4614
262/782 [=========>....................] - ETA: 2s - loss: 1.5057 - accuracy: 0.4614
274/782 [=========>....................] - ETA: 2s - loss: 1.5045 - accuracy: 0.4621
287/782 [==========>...................] - ETA: 2s - loss: 1.5055 - accuracy: 0.4621
299/782 [==========>...................] - ETA: 2s - loss: 1.5069 - accuracy: 0.4612
312/782 [==========>...................] - ETA: 2s - loss: 1.5092 - accuracy: 0.4602
324/782 [===========>..................] - ETA: 2s - loss: 1.5066 - accuracy: 0.4616
336/782 [===========>..................] - ETA: 2s - loss: 1.5082 - accuracy: 0.4607
349/782 [============>.................] - ETA: 2s - loss: 1.5107 - accuracy: 0.4601
362/782 [============>.................] - ETA: 2s - loss: 1.5111 - accuracy: 0.4597
374/782 [=============>................] - ETA: 2s - loss: 1.5124 - accuracy: 0.4597
377/782 [=============>................] - ETA: 2s - loss: 1.5128 - accuracy: 0.4598
388/782 [=============>................] - ETA: 2s - loss: 1.5119 - accuracy: 0.4601
400/782 [==============>...............] - ETA: 2s - loss: 1.5123 - accuracy: 0.4604
413/782 [==============>...............] - ETA: 1s - loss: 1.5127 - accuracy: 0.4599
425/782 [===============>..............] - ETA: 1s - loss: 1.5134 - accuracy: 0.4593
435/782 [===============>..............] - ETA: 1s - loss: 1.5135 - accuracy: 0.4594
447/782 [================>.............] - ETA: 1s - loss: 1.5119 - accuracy: 0.4601
460/782 [================>.............] - ETA: 1s - loss: 1.5132 - accuracy: 0.4596
473/782 [=================>............] - ETA: 1s - loss: 1.5139 - accuracy: 0.4594
485/782 [=================>............] - ETA: 1s - loss: 1.5147 - accuracy: 0.4595
498/782 [==================>...........] - ETA: 1s - loss: 1.5162 - accuracy: 0.4589
510/782 [==================>...........] - ETA: 1s - loss: 1.5158 - accuracy: 0.4591
522/782 [===================>..........] - ETA: 1s - loss: 1.5154 - accuracy: 0.4594
535/782 [===================>..........] - ETA: 1s - loss: 1.5155 - accuracy: 0.4590
547/782 [===================>..........] - ETA: 1s - loss: 1.5159 - accuracy: 0.4590
559/782 [====================>.........] - ETA: 1s - loss: 1.5150 - accuracy: 0.4597
572/782 [====================>.........] - ETA: 1s - loss: 1.5170 - accuracy: 0.4592
584/782 [=====================>........] - ETA: 1s - loss: 1.5187 - accuracy: 0.4584
597/782 [=====================>........] - ETA: 0s - loss: 1.5204 - accuracy: 0.4582
609/782 [======================>.......] - ETA: 0s - loss: 1.5209 - accuracy: 0.4579
622/782 [======================>.......] - ETA: 0s - loss: 1.5210 - accuracy: 0.4580
634/782 [=======================>......] - ETA: 0s - loss: 1.5201 - accuracy: 0.4588
647/782 [=======================>......] - ETA: 0s - loss: 1.5189 - accuracy: 0.4597
659/782 [========================>.....] - ETA: 0s - loss: 1.5174 - accuracy: 0.4604
672/782 [========================>.....] - ETA: 0s - loss: 1.5171 - accuracy: 0.4604
685/782 [=========================>....] - ETA: 0s - loss: 1.5180 - accuracy: 0.4602
697/782 [=========================>....] - ETA: 0s - loss: 1.5185 - accuracy: 0.4603
709/782 [==========================>...] - ETA: 0s - loss: 1.5184 - accuracy: 0.4600
722/782 [==========================>...] - ETA: 0s - loss: 1.5173 - accuracy: 0.4604
734/782 [===========================>..] - ETA: 0s - loss: 1.5167 - accuracy: 0.4607
747/782 [===========================>..] - ETA: 0s - loss: 1.5165 - accuracy: 0.4608
759/782 [============================>.] - ETA: 0s - loss: 1.5150 - accuracy: 0.4613
772/782 [============================>.] - ETA: 0s - loss: 1.5140 - accuracy: 0.4615
782/782 [==============================] - 5s 6ms/step - loss: 1.5150 - accuracy: 0.4614 - val_loss: 1.9007 - val_accuracy: 0.3382
Epoch 3/95

  1/782 [..............................] - ETA: 13s - loss: 1.5081 - accuracy: 0.4062
 13/782 [..............................] - ETA: 3s - loss: 1.5022 - accuracy: 0.4639 
 25/782 [..............................] - ETA: 3s - loss: 1.4985 - accuracy: 0.4588
 38/782 [>.............................] - ETA: 3s - loss: 1.4724 - accuracy: 0.4766
 50/782 [>.............................] - ETA: 3s - loss: 1.4821 - accuracy: 0.4816
 62/782 [=>............................] - ETA: 3s - loss: 1.4870 - accuracy: 0.4791
 74/782 [=>............................] - ETA: 3s - loss: 1.4889 - accuracy: 0.4736
 86/782 [==>...........................] - ETA: 3s - loss: 1.4873 - accuracy: 0.4707
 99/782 [==>...........................] - ETA: 3s - loss: 1.4874 - accuracy: 0.4703
111/782 [===>..........................] - ETA: 3s - loss: 1.4911 - accuracy: 0.4688
123/782 [===>..........................] - ETA: 3s - loss: 1.4889 - accuracy: 0.4707
135/782 [====>.........................] - ETA: 3s - loss: 1.4804 - accuracy: 0.4749
147/782 [====>.........................] - ETA: 3s - loss: 1.4761 - accuracy: 0.4766
160/782 [=====>........................] - ETA: 3s - loss: 1.4762 - accuracy: 0.4778
172/782 [=====>........................] - ETA: 3s - loss: 1.4717 - accuracy: 0.4791
182/782 [=====>........................] - ETA: 3s - loss: 1.4777 - accuracy: 0.4769
192/782 [======>.......................] - ETA: 3s - loss: 1.4793 - accuracy: 0.4763
205/782 [======>.......................] - ETA: 2s - loss: 1.4816 - accuracy: 0.4752
217/782 [=======>......................] - ETA: 2s - loss: 1.4818 - accuracy: 0.4743
230/782 [=======>......................] - ETA: 2s - loss: 1.4806 - accuracy: 0.4737
242/782 [========>.....................] - ETA: 2s - loss: 1.4867 - accuracy: 0.4721
254/782 [========>.....................] - ETA: 2s - loss: 1.4855 - accuracy: 0.4731
268/782 [=========>....................] - ETA: 2s - loss: 1.4893 - accuracy: 0.4727
280/782 [=========>....................] - ETA: 2s - loss: 1.4880 - accuracy: 0.4722
292/782 [==========>...................] - ETA: 2s - loss: 1.4842 - accuracy: 0.4730
305/782 [==========>...................] - ETA: 2s - loss: 1.4828 - accuracy: 0.4733
317/782 [===========>..................] - ETA: 2s - loss: 1.4838 - accuracy: 0.4731
329/782 [===========>..................] - ETA: 2s - loss: 1.4832 - accuracy: 0.4734
341/782 [============>.................] - ETA: 2s - loss: 1.4844 - accuracy: 0.4735
354/782 [============>.................] - ETA: 2s - loss: 1.4824 - accuracy: 0.4745
366/782 [=============>................] - ETA: 2s - loss: 1.4801 - accuracy: 0.4751
378/782 [=============>................] - ETA: 2s - loss: 1.4784 - accuracy: 0.4763
390/782 [=============>................] - ETA: 2s - loss: 1.4800 - accuracy: 0.4753
403/782 [==============>...............] - ETA: 1s - loss: 1.4798 - accuracy: 0.4755
416/782 [==============>...............] - ETA: 1s - loss: 1.4780 - accuracy: 0.4761
429/782 [===============>..............] - ETA: 1s - loss: 1.4781 - accuracy: 0.4760
441/782 [===============>..............] - ETA: 1s - loss: 1.4782 - accuracy: 0.4759
453/782 [================>.............] - ETA: 1s - loss: 1.4784 - accuracy: 0.4758
465/782 [================>.............] - ETA: 1s - loss: 1.4780 - accuracy: 0.4762
477/782 [=================>............] - ETA: 1s - loss: 1.4775 - accuracy: 0.4769
489/782 [=================>............] - ETA: 1s - loss: 1.4797 - accuracy: 0.4760
501/782 [==================>...........] - ETA: 1s - loss: 1.4800 - accuracy: 0.4751
514/782 [==================>...........] - ETA: 1s - loss: 1.4793 - accuracy: 0.4751
526/782 [===================>..........] - ETA: 1s - loss: 1.4796 - accuracy: 0.4750
539/782 [===================>..........] - ETA: 1s - loss: 1.4792 - accuracy: 0.4750
551/782 [====================>.........] - ETA: 1s - loss: 1.4792 - accuracy: 0.4750
563/782 [====================>.........] - ETA: 1s - loss: 1.4791 - accuracy: 0.4749
576/782 [=====================>........] - ETA: 1s - loss: 1.4781 - accuracy: 0.4751
587/782 [=====================>........] - ETA: 0s - loss: 1.4788 - accuracy: 0.4748
600/782 [======================>.......] - ETA: 0s - loss: 1.4783 - accuracy: 0.4750
612/782 [======================>.......] - ETA: 0s - loss: 1.4782 - accuracy: 0.4750
625/782 [======================>.......] - ETA: 0s - loss: 1.4783 - accuracy: 0.4750
637/782 [=======================>......] - ETA: 0s - loss: 1.4771 - accuracy: 0.4758
649/782 [=======================>......] - ETA: 0s - loss: 1.4776 - accuracy: 0.4752
662/782 [========================>.....] - ETA: 0s - loss: 1.4782 - accuracy: 0.4750
674/782 [========================>.....] - ETA: 0s - loss: 1.4782 - accuracy: 0.4752
687/782 [=========================>....] - ETA: 0s - loss: 1.4782 - accuracy: 0.4751
699/782 [=========================>....] - ETA: 0s - loss: 1.4793 - accuracy: 0.4747
712/782 [==========================>...] - ETA: 0s - loss: 1.4798 - accuracy: 0.4746
724/782 [==========================>...] - ETA: 0s - loss: 1.4797 - accuracy: 0.4748
736/782 [===========================>..] - ETA: 0s - loss: 1.4803 - accuracy: 0.4749
749/782 [===========================>..] - ETA: 0s - loss: 1.4803 - accuracy: 0.4751
761/782 [============================>.] - ETA: 0s - loss: 1.4817 - accuracy: 0.4746
773/782 [============================>.] - ETA: 0s - loss: 1.4816 - accuracy: 0.4747
782/782 [==============================] - 5s 6ms/step - loss: 1.4821 - accuracy: 0.4744 - val_loss: 1.4569 - val_accuracy: 0.4958
Epoch 4/95

  1/782 [..............................] - ETA: 12s - loss: 1.3359 - accuracy: 0.5469
 12/782 [..............................] - ETA: 4s - loss: 1.4337 - accuracy: 0.5091 
 25/782 [..............................] - ETA: 3s - loss: 1.4539 - accuracy: 0.4938
 37/782 [>.............................] - ETA: 3s - loss: 1.4537 - accuracy: 0.4945
 50/782 [>.............................] - ETA: 3s - loss: 1.4563 - accuracy: 0.4969
 63/782 [=>............................] - ETA: 3s - loss: 1.4626 - accuracy: 0.4931
 75/782 [=>............................] - ETA: 3s - loss: 1.4741 - accuracy: 0.4885
 88/782 [==>...........................] - ETA: 3s - loss: 1.4694 - accuracy: 0.4883
100/782 [==>...........................] - ETA: 3s - loss: 1.4628 - accuracy: 0.4903
112/782 [===>..........................] - ETA: 3s - loss: 1.4622 - accuracy: 0.4907
125/782 [===>..........................] - ETA: 3s - loss: 1.4648 - accuracy: 0.4897
137/782 [====>.........................] - ETA: 3s - loss: 1.4618 - accuracy: 0.4894
150/782 [====>.........................] - ETA: 3s - loss: 1.4589 - accuracy: 0.4903
162/782 [=====>........................] - ETA: 3s - loss: 1.4589 - accuracy: 0.4897
174/782 [=====>........................] - ETA: 3s - loss: 1.4560 - accuracy: 0.4908
187/782 [======>.......................] - ETA: 3s - loss: 1.4569 - accuracy: 0.4907
199/782 [======>.......................] - ETA: 2s - loss: 1.4594 - accuracy: 0.4891
212/782 [=======>......................] - ETA: 2s - loss: 1.4547 - accuracy: 0.4903
224/782 [=======>......................] - ETA: 2s - loss: 1.4530 - accuracy: 0.4908
236/782 [========>.....................] - ETA: 2s - loss: 1.4520 - accuracy: 0.4908
249/782 [========>.....................] - ETA: 2s - loss: 1.4504 - accuracy: 0.4907
261/782 [=========>....................] - ETA: 2s - loss: 1.4475 - accuracy: 0.4926
274/782 [=========>....................] - ETA: 2s - loss: 1.4493 - accuracy: 0.4911
285/782 [=========>....................] - ETA: 2s - loss: 1.4505 - accuracy: 0.4905
298/782 [==========>...................] - ETA: 2s - loss: 1.4478 - accuracy: 0.4913
311/782 [==========>...................] - ETA: 2s - loss: 1.4503 - accuracy: 0.4911
323/782 [===========>..................] - ETA: 2s - loss: 1.4505 - accuracy: 0.4915
336/782 [===========>..................] - ETA: 2s - loss: 1.4505 - accuracy: 0.4918
347/782 [============>.................] - ETA: 2s - loss: 1.4524 - accuracy: 0.4911
360/782 [============>.................] - ETA: 2s - loss: 1.4536 - accuracy: 0.4904
372/782 [=============>................] - ETA: 2s - loss: 1.4538 - accuracy: 0.4902
385/782 [=============>................] - ETA: 2s - loss: 1.4554 - accuracy: 0.4895
397/782 [==============>...............] - ETA: 1s - loss: 1.4560 - accuracy: 0.4888
409/782 [==============>...............] - ETA: 1s - loss: 1.4557 - accuracy: 0.4885
421/782 [===============>..............] - ETA: 1s - loss: 1.4583 - accuracy: 0.4879
433/782 [===============>..............] - ETA: 1s - loss: 1.4579 - accuracy: 0.4878
445/782 [================>.............] - ETA: 1s - loss: 1.4583 - accuracy: 0.4877
458/782 [================>.............] - ETA: 1s - loss: 1.4587 - accuracy: 0.4877
470/782 [=================>............] - ETA: 1s - loss: 1.4579 - accuracy: 0.4881
482/782 [=================>............] - ETA: 1s - loss: 1.4581 - accuracy: 0.4882
495/782 [=================>............] - ETA: 1s - loss: 1.4586 - accuracy: 0.4878
507/782 [==================>...........] - ETA: 1s - loss: 1.4591 - accuracy: 0.4878
519/782 [==================>...........] - ETA: 1s - loss: 1.4593 - accuracy: 0.4875
532/782 [===================>..........] - ETA: 1s - loss: 1.4609 - accuracy: 0.4869
544/782 [===================>..........] - ETA: 1s - loss: 1.4596 - accuracy: 0.4874
556/782 [====================>.........] - ETA: 1s - loss: 1.4596 - accuracy: 0.4877
569/782 [====================>.........] - ETA: 1s - loss: 1.4593 - accuracy: 0.4874
582/782 [=====================>........] - ETA: 1s - loss: 1.4611 - accuracy: 0.4865
593/782 [=====================>........] - ETA: 0s - loss: 1.4618 - accuracy: 0.4858
606/782 [======================>.......] - ETA: 0s - loss: 1.4626 - accuracy: 0.4855
618/782 [======================>.......] - ETA: 0s - loss: 1.4641 - accuracy: 0.4856
630/782 [=======================>......] - ETA: 0s - loss: 1.4640 - accuracy: 0.4856
642/782 [=======================>......] - ETA: 0s - loss: 1.4633 - accuracy: 0.4863
655/782 [========================>.....] - ETA: 0s - loss: 1.4624 - accuracy: 0.4866
667/782 [========================>.....] - ETA: 0s - loss: 1.4630 - accuracy: 0.4865
679/782 [=========================>....] - ETA: 0s - loss: 1.4618 - accuracy: 0.4869
692/782 [=========================>....] - ETA: 0s - loss: 1.4627 - accuracy: 0.4864
704/782 [==========================>...] - ETA: 0s - loss: 1.4630 - accuracy: 0.4863
716/782 [==========================>...] - ETA: 0s - loss: 1.4636 - accuracy: 0.4861
729/782 [==========================>...] - ETA: 0s - loss: 1.4643 - accuracy: 0.4856
741/782 [===========================>..] - ETA: 0s - loss: 1.4643 - accuracy: 0.4856
753/782 [===========================>..] - ETA: 0s - loss: 1.4645 - accuracy: 0.4857
766/782 [============================>.] - ETA: 0s - loss: 1.4648 - accuracy: 0.4856
778/782 [============================>.] - ETA: 0s - loss: 1.4639 - accuracy: 0.4861
782/782 [==============================] - 5s 6ms/step - loss: 1.4634 - accuracy: 0.4865 - val_loss: 1.5168 - val_accuracy: 0.4664
Epoch 5/95

  1/782 [..............................] - ETA: 12s - loss: 1.3450 - accuracy: 0.5000
 12/782 [..............................] - ETA: 4s - loss: 1.5185 - accuracy: 0.4635 
 24/782 [..............................] - ETA: 4s - loss: 1.5082 - accuracy: 0.4681
 37/782 [>.............................] - ETA: 3s - loss: 1.4612 - accuracy: 0.4806
 49/782 [>.............................] - ETA: 3s - loss: 1.4746 - accuracy: 0.4732
 62/782 [=>............................] - ETA: 3s - loss: 1.4571 - accuracy: 0.4803
 74/782 [=>............................] - ETA: 3s - loss: 1.4507 - accuracy: 0.4846
 86/782 [==>...........................] - ETA: 3s - loss: 1.4545 - accuracy: 0.4842
 99/782 [==>...........................] - ETA: 3s - loss: 1.4591 - accuracy: 0.4828
111/782 [===>..........................] - ETA: 3s - loss: 1.4513 - accuracy: 0.4835
123/782 [===>..........................] - ETA: 3s - loss: 1.4464 - accuracy: 0.4859
136/782 [====>.........................] - ETA: 3s - loss: 1.4495 - accuracy: 0.4863
148/782 [====>.........................] - ETA: 3s - loss: 1.4526 - accuracy: 0.4841
160/782 [=====>........................] - ETA: 3s - loss: 1.4585 - accuracy: 0.4828
172/782 [=====>........................] - ETA: 3s - loss: 1.4668 - accuracy: 0.4807
182/782 [=====>........................] - ETA: 3s - loss: 1.4677 - accuracy: 0.4791
193/782 [======>.......................] - ETA: 3s - loss: 1.4668 - accuracy: 0.4794
206/782 [======>.......................] - ETA: 2s - loss: 1.4664 - accuracy: 0.4793
218/782 [=======>......................] - ETA: 2s - loss: 1.4663 - accuracy: 0.4794
230/782 [=======>......................] - ETA: 2s - loss: 1.4657 - accuracy: 0.4806
243/782 [========>.....................] - ETA: 2s - loss: 1.4659 - accuracy: 0.4805
255/782 [========>.....................] - ETA: 2s - loss: 1.4652 - accuracy: 0.4806
267/782 [=========>....................] - ETA: 2s - loss: 1.4679 - accuracy: 0.4788
279/782 [=========>....................] - ETA: 2s - loss: 1.4701 - accuracy: 0.4790
292/782 [==========>...................] - ETA: 2s - loss: 1.4656 - accuracy: 0.4806
304/782 [==========>...................] - ETA: 2s - loss: 1.4630 - accuracy: 0.4816
316/782 [===========>..................] - ETA: 2s - loss: 1.4643 - accuracy: 0.4812
329/782 [===========>..................] - ETA: 2s - loss: 1.4595 - accuracy: 0.4835
341/782 [============>.................] - ETA: 2s - loss: 1.4593 - accuracy: 0.4836
354/782 [============>.................] - ETA: 2s - loss: 1.4600 - accuracy: 0.4827
367/782 [=============>................] - ETA: 2s - loss: 1.4593 - accuracy: 0.4834
378/782 [=============>................] - ETA: 2s - loss: 1.4595 - accuracy: 0.4840
391/782 [==============>...............] - ETA: 1s - loss: 1.4593 - accuracy: 0.4843
403/782 [==============>...............] - ETA: 1s - loss: 1.4600 - accuracy: 0.4837
416/782 [==============>...............] - ETA: 1s - loss: 1.4594 - accuracy: 0.4832
428/782 [===============>..............] - ETA: 1s - loss: 1.4585 - accuracy: 0.4837
441/782 [===============>..............] - ETA: 1s - loss: 1.4582 - accuracy: 0.4842
452/782 [================>.............] - ETA: 1s - loss: 1.4575 - accuracy: 0.4843
464/782 [================>.............] - ETA: 1s - loss: 1.4560 - accuracy: 0.4852
476/782 [=================>............] - ETA: 1s - loss: 1.4552 - accuracy: 0.4855
489/782 [=================>............] - ETA: 1s - loss: 1.4541 - accuracy: 0.4856
501/782 [==================>...........] - ETA: 1s - loss: 1.4537 - accuracy: 0.4861
513/782 [==================>...........] - ETA: 1s - loss: 1.4537 - accuracy: 0.4856
526/782 [===================>..........] - ETA: 1s - loss: 1.4526 - accuracy: 0.4854
539/782 [===================>..........] - ETA: 1s - loss: 1.4521 - accuracy: 0.4862
551/782 [====================>.........] - ETA: 1s - loss: 1.4519 - accuracy: 0.4864
564/782 [====================>.........] - ETA: 1s - loss: 1.4517 - accuracy: 0.4865
576/782 [=====================>........] - ETA: 1s - loss: 1.4516 - accuracy: 0.4862
589/782 [=====================>........] - ETA: 0s - loss: 1.4522 - accuracy: 0.4860
601/782 [======================>.......] - ETA: 0s - loss: 1.4529 - accuracy: 0.4859
613/782 [======================>.......] - ETA: 0s - loss: 1.4529 - accuracy: 0.4862
626/782 [=======================>......] - ETA: 0s - loss: 1.4537 - accuracy: 0.4858
635/782 [=======================>......] - ETA: 0s - loss: 1.4546 - accuracy: 0.4857
648/782 [=======================>......] - ETA: 0s - loss: 1.4549 - accuracy: 0.4858
660/782 [========================>.....] - ETA: 0s - loss: 1.4551 - accuracy: 0.4859
673/782 [========================>.....] - ETA: 0s - loss: 1.4539 - accuracy: 0.4863
685/782 [=========================>....] - ETA: 0s - loss: 1.4533 - accuracy: 0.4867
698/782 [=========================>....] - ETA: 0s - loss: 1.4529 - accuracy: 0.4868
711/782 [==========================>...] - ETA: 0s - loss: 1.4525 - accuracy: 0.4873
723/782 [==========================>...] - ETA: 0s - loss: 1.4533 - accuracy: 0.4872
735/782 [===========================>..] - ETA: 0s - loss: 1.4528 - accuracy: 0.4873
747/782 [===========================>..] - ETA: 0s - loss: 1.4526 - accuracy: 0.4877
760/782 [============================>.] - ETA: 0s - loss: 1.4531 - accuracy: 0.4875
772/782 [============================>.] - ETA: 0s - loss: 1.4522 - accuracy: 0.4875
782/782 [==============================] - 5s 6ms/step - loss: 1.4518 - accuracy: 0.4875 - val_loss: 1.4516 - val_accuracy: 0.4894
Epoch 6/95

  1/782 [..............................] - ETA: 12s - loss: 1.3267 - accuracy: 0.5156
 10/782 [..............................] - ETA: 4s - loss: 1.3939 - accuracy: 0.5016 
 21/782 [..............................] - ETA: 4s - loss: 1.4124 - accuracy: 0.5000
 34/782 [>.............................] - ETA: 3s - loss: 1.4167 - accuracy: 0.4890
 47/782 [>.............................] - ETA: 3s - loss: 1.4395 - accuracy: 0.4850
 59/782 [=>............................] - ETA: 3s - loss: 1.4335 - accuracy: 0.4889
 72/782 [=>............................] - ETA: 3s - loss: 1.4454 - accuracy: 0.4863
 84/782 [==>...........................] - ETA: 3s - loss: 1.4374 - accuracy: 0.4905
 97/782 [==>...........................] - ETA: 3s - loss: 1.4370 - accuracy: 0.4916
110/782 [===>..........................] - ETA: 3s - loss: 1.4405 - accuracy: 0.4872
123/782 [===>..........................] - ETA: 3s - loss: 1.4473 - accuracy: 0.4846
136/782 [====>.........................] - ETA: 3s - loss: 1.4461 - accuracy: 0.4833
148/782 [====>.........................] - ETA: 3s - loss: 1.4449 - accuracy: 0.4854
161/782 [=====>........................] - ETA: 3s - loss: 1.4464 - accuracy: 0.4852
173/782 [=====>........................] - ETA: 3s - loss: 1.4439 - accuracy: 0.4854
186/782 [======>.......................] - ETA: 2s - loss: 1.4469 - accuracy: 0.4850
196/782 [======>.......................] - ETA: 2s - loss: 1.4462 - accuracy: 0.4847
208/782 [======>.......................] - ETA: 2s - loss: 1.4481 - accuracy: 0.4844
221/782 [=======>......................] - ETA: 2s - loss: 1.4494 - accuracy: 0.4845
233/782 [=======>......................] - ETA: 2s - loss: 1.4514 - accuracy: 0.4838
246/782 [========>.....................] - ETA: 2s - loss: 1.4505 - accuracy: 0.4843
258/782 [========>.....................] - ETA: 2s - loss: 1.4493 - accuracy: 0.4847
270/782 [=========>....................] - ETA: 2s - loss: 1.4478 - accuracy: 0.4855
281/782 [=========>....................] - ETA: 2s - loss: 1.4476 - accuracy: 0.4856
294/782 [==========>...................] - ETA: 2s - loss: 1.4490 - accuracy: 0.4866
307/782 [==========>...................] - ETA: 2s - loss: 1.4485 - accuracy: 0.4861
319/782 [===========>..................] - ETA: 2s - loss: 1.4482 - accuracy: 0.4864
332/782 [===========>..................] - ETA: 2s - loss: 1.4511 - accuracy: 0.4855
345/782 [============>.................] - ETA: 2s - loss: 1.4522 - accuracy: 0.4848
357/782 [============>.................] - ETA: 2s - loss: 1.4548 - accuracy: 0.4844
370/782 [=============>................] - ETA: 2s - loss: 1.4559 - accuracy: 0.4839
382/782 [=============>................] - ETA: 2s - loss: 1.4558 - accuracy: 0.4842
394/782 [==============>...............] - ETA: 1s - loss: 1.4554 - accuracy: 0.4848
407/782 [==============>...............] - ETA: 1s - loss: 1.4559 - accuracy: 0.4844
419/782 [===============>..............] - ETA: 1s - loss: 1.4552 - accuracy: 0.4841
429/782 [===============>..............] - ETA: 1s - loss: 1.4553 - accuracy: 0.4842
441/782 [===============>..............] - ETA: 1s - loss: 1.4539 - accuracy: 0.4847
454/782 [================>.............] - ETA: 1s - loss: 1.4548 - accuracy: 0.4841
466/782 [================>.............] - ETA: 1s - loss: 1.4574 - accuracy: 0.4830
478/782 [=================>............] - ETA: 1s - loss: 1.4570 - accuracy: 0.4831
491/782 [=================>............] - ETA: 1s - loss: 1.4564 - accuracy: 0.4829
503/782 [==================>...........] - ETA: 1s - loss: 1.4558 - accuracy: 0.4832
515/782 [==================>...........] - ETA: 1s - loss: 1.4572 - accuracy: 0.4831
527/782 [===================>..........] - ETA: 1s - loss: 1.4569 - accuracy: 0.4834
541/782 [===================>..........] - ETA: 1s - loss: 1.4565 - accuracy: 0.4833
553/782 [====================>.........] - ETA: 1s - loss: 1.4566 - accuracy: 0.4832
565/782 [====================>.........] - ETA: 1s - loss: 1.4572 - accuracy: 0.4836
578/782 [=====================>........] - ETA: 1s - loss: 1.4570 - accuracy: 0.4835
590/782 [=====================>........] - ETA: 0s - loss: 1.4566 - accuracy: 0.4834
602/782 [======================>.......] - ETA: 0s - loss: 1.4564 - accuracy: 0.4834
615/782 [======================>.......] - ETA: 0s - loss: 1.4559 - accuracy: 0.4838
628/782 [=======================>......] - ETA: 0s - loss: 1.4557 - accuracy: 0.4842
641/782 [=======================>......] - ETA: 0s - loss: 1.4565 - accuracy: 0.4838
653/782 [========================>.....] - ETA: 0s - loss: 1.4566 - accuracy: 0.4836
666/782 [========================>.....] - ETA: 0s - loss: 1.4571 - accuracy: 0.4834
678/782 [=========================>....] - ETA: 0s - loss: 1.4576 - accuracy: 0.4830
690/782 [=========================>....] - ETA: 0s - loss: 1.4582 - accuracy: 0.4829
702/782 [=========================>....] - ETA: 0s - loss: 1.4571 - accuracy: 0.4833
714/782 [==========================>...] - ETA: 0s - loss: 1.4574 - accuracy: 0.4833
727/782 [==========================>...] - ETA: 0s - loss: 1.4584 - accuracy: 0.4829
737/782 [===========================>..] - ETA: 0s - loss: 1.4575 - accuracy: 0.4833
749/782 [===========================>..] - ETA: 0s - loss: 1.4577 - accuracy: 0.4832
761/782 [============================>.] - ETA: 0s - loss: 1.4592 - accuracy: 0.4829
773/782 [============================>.] - ETA: 0s - loss: 1.4594 - accuracy: 0.4829
782/782 [==============================] - 5s 6ms/step - loss: 1.4594 - accuracy: 0.4829 - val_loss: 1.5382 - val_accuracy: 0.4517
Epoch 7/95

  1/782 [..............................] - ETA: 12s - loss: 1.3992 - accuracy: 0.5156
 12/782 [..............................] - ETA: 4s - loss: 1.3850 - accuracy: 0.5234 
 22/782 [..............................] - ETA: 4s - loss: 1.3856 - accuracy: 0.5256
 33/782 [>.............................] - ETA: 4s - loss: 1.4030 - accuracy: 0.5147
 46/782 [>.............................] - ETA: 3s - loss: 1.3929 - accuracy: 0.5139
 58/782 [=>............................] - ETA: 3s - loss: 1.4090 - accuracy: 0.5027
 70/782 [=>............................] - ETA: 3s - loss: 1.4091 - accuracy: 0.5004
 83/782 [==>...........................] - ETA: 3s - loss: 1.4158 - accuracy: 0.5023
 95/782 [==>...........................] - ETA: 3s - loss: 1.4195 - accuracy: 0.4975
108/782 [===>..........................] - ETA: 3s - loss: 1.4162 - accuracy: 0.4980
120/782 [===>..........................] - ETA: 3s - loss: 1.4211 - accuracy: 0.4973
132/782 [====>.........................] - ETA: 3s - loss: 1.4271 - accuracy: 0.4947
145/782 [====>.........................] - ETA: 3s - loss: 1.4312 - accuracy: 0.4934
157/782 [=====>........................] - ETA: 3s - loss: 1.4338 - accuracy: 0.4933
170/782 [=====>........................] - ETA: 3s - loss: 1.4316 - accuracy: 0.4945
182/782 [=====>........................] - ETA: 3s - loss: 1.4334 - accuracy: 0.4942
194/782 [======>.......................] - ETA: 3s - loss: 1.4328 - accuracy: 0.4955
206/782 [======>.......................] - ETA: 2s - loss: 1.4341 - accuracy: 0.4954
218/782 [=======>......................] - ETA: 2s - loss: 1.4305 - accuracy: 0.4966
231/782 [=======>......................] - ETA: 2s - loss: 1.4341 - accuracy: 0.4953
244/782 [========>.....................] - ETA: 2s - loss: 1.4338 - accuracy: 0.4956
256/782 [========>.....................] - ETA: 2s - loss: 1.4387 - accuracy: 0.4944
268/782 [=========>....................] - ETA: 2s - loss: 1.4411 - accuracy: 0.4928
280/782 [=========>....................] - ETA: 2s - loss: 1.4403 - accuracy: 0.4930
290/782 [==========>...................] - ETA: 2s - loss: 1.4419 - accuracy: 0.4932
301/782 [==========>...................] - ETA: 2s - loss: 1.4428 - accuracy: 0.4923
314/782 [===========>..................] - ETA: 2s - loss: 1.4436 - accuracy: 0.4924
326/782 [===========>..................] - ETA: 2s - loss: 1.4445 - accuracy: 0.4918
339/782 [============>.................] - ETA: 2s - loss: 1.4442 - accuracy: 0.4919
351/782 [============>.................] - ETA: 2s - loss: 1.4423 - accuracy: 0.4924
364/782 [============>.................] - ETA: 2s - loss: 1.4426 - accuracy: 0.4930
377/782 [=============>................] - ETA: 2s - loss: 1.4425 - accuracy: 0.4933
388/782 [=============>................] - ETA: 2s - loss: 1.4421 - accuracy: 0.4935
401/782 [==============>...............] - ETA: 1s - loss: 1.4424 - accuracy: 0.4933
413/782 [==============>...............] - ETA: 1s - loss: 1.4420 - accuracy: 0.4926
425/782 [===============>..............] - ETA: 1s - loss: 1.4422 - accuracy: 0.4925
438/782 [===============>..............] - ETA: 1s - loss: 1.4403 - accuracy: 0.4933
450/782 [================>.............] - ETA: 1s - loss: 1.4413 - accuracy: 0.4930
463/782 [================>.............] - ETA: 1s - loss: 1.4436 - accuracy: 0.4923
476/782 [=================>............] - ETA: 1s - loss: 1.4451 - accuracy: 0.4920
488/782 [=================>............] - ETA: 1s - loss: 1.4448 - accuracy: 0.4922
501/782 [==================>...........] - ETA: 1s - loss: 1.4444 - accuracy: 0.4927
513/782 [==================>...........] - ETA: 1s - loss: 1.4442 - accuracy: 0.4928
525/782 [===================>..........] - ETA: 1s - loss: 1.4452 - accuracy: 0.4925
537/782 [===================>..........] - ETA: 1s - loss: 1.4484 - accuracy: 0.4910
549/782 [====================>.........] - ETA: 1s - loss: 1.4489 - accuracy: 0.4906
562/782 [====================>.........] - ETA: 1s - loss: 1.4481 - accuracy: 0.4910
574/782 [=====================>........] - ETA: 1s - loss: 1.4479 - accuracy: 0.4918
586/782 [=====================>........] - ETA: 0s - loss: 1.4468 - accuracy: 0.4921
598/782 [=====================>........] - ETA: 0s - loss: 1.4466 - accuracy: 0.4920
610/782 [======================>.......] - ETA: 0s - loss: 1.4478 - accuracy: 0.4920
622/782 [======================>.......] - ETA: 0s - loss: 1.4475 - accuracy: 0.4922
635/782 [=======================>......] - ETA: 0s - loss: 1.4478 - accuracy: 0.4919
647/782 [=======================>......] - ETA: 0s - loss: 1.4476 - accuracy: 0.4922
659/782 [========================>.....] - ETA: 0s - loss: 1.4495 - accuracy: 0.4914
672/782 [========================>.....] - ETA: 0s - loss: 1.4489 - accuracy: 0.4913
685/782 [=========================>....] - ETA: 0s - loss: 1.4503 - accuracy: 0.4908
697/782 [=========================>....] - ETA: 0s - loss: 1.4517 - accuracy: 0.4903
709/782 [==========================>...] - ETA: 0s - loss: 1.4519 - accuracy: 0.4907
721/782 [==========================>...] - ETA: 0s - loss: 1.4527 - accuracy: 0.4905
733/782 [===========================>..] - ETA: 0s - loss: 1.4540 - accuracy: 0.4901
745/782 [===========================>..] - ETA: 0s - loss: 1.4556 - accuracy: 0.4895
757/782 [============================>.] - ETA: 0s - loss: 1.4547 - accuracy: 0.4895
769/782 [============================>.] - ETA: 0s - loss: 1.4555 - accuracy: 0.4888
782/782 [==============================] - ETA: 0s - loss: 1.4559 - accuracy: 0.4888
782/782 [==============================] - 5s 6ms/step - loss: 1.4559 - accuracy: 0.4888 - val_loss: 1.8216 - val_accuracy: 0.3911
Epoch 8/95

  1/782 [..............................] - ETA: 12s - loss: 1.3553 - accuracy: 0.5000
 11/782 [..............................] - ETA: 4s - loss: 1.4150 - accuracy: 0.4773 
 23/782 [..............................] - ETA: 4s - loss: 1.4026 - accuracy: 0.5014
 35/782 [>.............................] - ETA: 4s - loss: 1.4054 - accuracy: 0.5009
 47/782 [>.............................] - ETA: 3s - loss: 1.4109 - accuracy: 0.5043
 60/782 [=>............................] - ETA: 3s - loss: 1.3946 - accuracy: 0.5083
 72/782 [=>............................] - ETA: 3s - loss: 1.4037 - accuracy: 0.5061
 85/782 [==>...........................] - ETA: 3s - loss: 1.4023 - accuracy: 0.5075
 97/782 [==>...........................] - ETA: 3s - loss: 1.4021 - accuracy: 0.5098
107/782 [===>..........................] - ETA: 3s - loss: 1.3948 - accuracy: 0.5115
119/782 [===>..........................] - ETA: 3s - loss: 1.3968 - accuracy: 0.5119
131/782 [====>.........................] - ETA: 3s - loss: 1.3972 - accuracy: 0.5107
144/782 [====>.........................] - ETA: 3s - loss: 1.4048 - accuracy: 0.5091
156/782 [====>.........................] - ETA: 3s - loss: 1.4092 - accuracy: 0.5064
168/782 [=====>........................] - ETA: 3s - loss: 1.4113 - accuracy: 0.5056
181/782 [=====>........................] - ETA: 3s - loss: 1.4119 - accuracy: 0.5053
193/782 [======>.......................] - ETA: 3s - loss: 1.4138 - accuracy: 0.5038
206/782 [======>.......................] - ETA: 2s - loss: 1.4158 - accuracy: 0.5031
217/782 [=======>......................] - ETA: 2s - loss: 1.4159 - accuracy: 0.5027
230/782 [=======>......................] - ETA: 2s - loss: 1.4181 - accuracy: 0.5016
242/782 [========>.....................] - ETA: 2s - loss: 1.4236 - accuracy: 0.5007
255/782 [========>.....................] - ETA: 2s - loss: 1.4209 - accuracy: 0.5017
267/782 [=========>....................] - ETA: 2s - loss: 1.4234 - accuracy: 0.5006
280/782 [=========>....................] - ETA: 2s - loss: 1.4251 - accuracy: 0.5001
293/782 [==========>...................] - ETA: 2s - loss: 1.4275 - accuracy: 0.4994
305/782 [==========>...................] - ETA: 2s - loss: 1.4277 - accuracy: 0.4993
318/782 [===========>..................] - ETA: 2s - loss: 1.4274 - accuracy: 0.5002
330/782 [===========>..................] - ETA: 2s - loss: 1.4304 - accuracy: 0.4997
342/782 [============>.................] - ETA: 2s - loss: 1.4316 - accuracy: 0.4990
355/782 [============>.................] - ETA: 2s - loss: 1.4314 - accuracy: 0.4988
367/782 [=============>................] - ETA: 2s - loss: 1.4303 - accuracy: 0.4991
380/782 [=============>................] - ETA: 2s - loss: 1.4322 - accuracy: 0.4980
392/782 [==============>...............] - ETA: 1s - loss: 1.4332 - accuracy: 0.4975
404/782 [==============>...............] - ETA: 1s - loss: 1.4331 - accuracy: 0.4976
416/782 [==============>...............] - ETA: 1s - loss: 1.4354 - accuracy: 0.4963
428/782 [===============>..............] - ETA: 1s - loss: 1.4377 - accuracy: 0.4952
441/782 [===============>..............] - ETA: 1s - loss: 1.4370 - accuracy: 0.4946
454/782 [================>.............] - ETA: 1s - loss: 1.4365 - accuracy: 0.4947
466/782 [================>.............] - ETA: 1s - loss: 1.4341 - accuracy: 0.4957
478/782 [=================>............] - ETA: 1s - loss: 1.4350 - accuracy: 0.4955
490/782 [=================>............] - ETA: 1s - loss: 1.4361 - accuracy: 0.4958
502/782 [==================>...........] - ETA: 1s - loss: 1.4354 - accuracy: 0.4968
514/782 [==================>...........] - ETA: 1s - loss: 1.4351 - accuracy: 0.4969
527/782 [===================>..........] - ETA: 1s - loss: 1.4346 - accuracy: 0.4967
540/782 [===================>..........] - ETA: 1s - loss: 1.4355 - accuracy: 0.4962
552/782 [====================>.........] - ETA: 1s - loss: 1.4357 - accuracy: 0.4962
564/782 [====================>.........] - ETA: 1s - loss: 1.4354 - accuracy: 0.4965
576/782 [=====================>........] - ETA: 1s - loss: 1.4360 - accuracy: 0.4963
589/782 [=====================>........] - ETA: 0s - loss: 1.4368 - accuracy: 0.4959
602/782 [======================>.......] - ETA: 0s - loss: 1.4365 - accuracy: 0.4957
614/782 [======================>.......] - ETA: 0s - loss: 1.4365 - accuracy: 0.4957
627/782 [=======================>......] - ETA: 0s - loss: 1.4359 - accuracy: 0.4955
639/782 [=======================>......] - ETA: 0s - loss: 1.4366 - accuracy: 0.4953
651/782 [=======================>......] - ETA: 0s - loss: 1.4381 - accuracy: 0.4947
663/782 [========================>.....] - ETA: 0s - loss: 1.4378 - accuracy: 0.4946
675/782 [========================>.....] - ETA: 0s - loss: 1.4388 - accuracy: 0.4941
688/782 [=========================>....] - ETA: 0s - loss: 1.4390 - accuracy: 0.4941
700/782 [=========================>....] - ETA: 0s - loss: 1.4393 - accuracy: 0.4941
712/782 [==========================>...] - ETA: 0s - loss: 1.4400 - accuracy: 0.4940
724/782 [==========================>...] - ETA: 0s - loss: 1.4391 - accuracy: 0.4943
734/782 [===========================>..] - ETA: 0s - loss: 1.4388 - accuracy: 0.4946
746/782 [===========================>..] - ETA: 0s - loss: 1.4389 - accuracy: 0.4946
758/782 [============================>.] - ETA: 0s - loss: 1.4393 - accuracy: 0.4944
770/782 [============================>.] - ETA: 0s - loss: 1.4393 - accuracy: 0.4947
782/782 [==============================] - ETA: 0s - loss: 1.4395 - accuracy: 0.4944
782/782 [==============================] - 5s 6ms/step - loss: 1.4395 - accuracy: 0.4944 - val_loss: 1.4513 - val_accuracy: 0.4778
Epoch 9/95

  1/782 [..............................] - ETA: 0s - loss: 1.7142 - accuracy: 0.3438
 11/782 [..............................] - ETA: 4s - loss: 1.3755 - accuracy: 0.5057
 22/782 [..............................] - ETA: 4s - loss: 1.4063 - accuracy: 0.4964
 35/782 [>.............................] - ETA: 4s - loss: 1.4262 - accuracy: 0.4906
 47/782 [>.............................] - ETA: 3s - loss: 1.4298 - accuracy: 0.4917
 60/782 [=>............................] - ETA: 3s - loss: 1.4229 - accuracy: 0.4938
 72/782 [=>............................] - ETA: 3s - loss: 1.4202 - accuracy: 0.4961
 85/782 [==>...........................] - ETA: 3s - loss: 1.4167 - accuracy: 0.4993
 97/782 [==>...........................] - ETA: 3s - loss: 1.4219 - accuracy: 0.4963
110/782 [===>..........................] - ETA: 3s - loss: 1.4215 - accuracy: 0.4964
123/782 [===>..........................] - ETA: 3s - loss: 1.4243 - accuracy: 0.4938
135/782 [====>.........................] - ETA: 3s - loss: 1.4251 - accuracy: 0.4934
147/782 [====>.........................] - ETA: 3s - loss: 1.4233 - accuracy: 0.4932
159/782 [=====>........................] - ETA: 3s - loss: 1.4305 - accuracy: 0.4915
172/782 [=====>........................] - ETA: 3s - loss: 1.4264 - accuracy: 0.4916
185/782 [======>.......................] - ETA: 3s - loss: 1.4336 - accuracy: 0.4896
197/782 [======>.......................] - ETA: 2s - loss: 1.4298 - accuracy: 0.4906
210/782 [=======>......................] - ETA: 2s - loss: 1.4227 - accuracy: 0.4929
222/782 [=======>......................] - ETA: 2s - loss: 1.4251 - accuracy: 0.4923
234/782 [=======>......................] - ETA: 2s - loss: 1.4219 - accuracy: 0.4933
247/782 [========>.....................] - ETA: 2s - loss: 1.4231 - accuracy: 0.4930
259/782 [========>.....................] - ETA: 2s - loss: 1.4244 - accuracy: 0.4932
272/782 [=========>....................] - ETA: 2s - loss: 1.4284 - accuracy: 0.4914
284/782 [=========>....................] - ETA: 2s - loss: 1.4283 - accuracy: 0.4916
297/782 [==========>...................] - ETA: 2s - loss: 1.4285 - accuracy: 0.4920
309/782 [==========>...................] - ETA: 2s - loss: 1.4283 - accuracy: 0.4929
322/782 [===========>..................] - ETA: 2s - loss: 1.4271 - accuracy: 0.4927
334/782 [===========>..................] - ETA: 2s - loss: 1.4245 - accuracy: 0.4938
346/782 [============>.................] - ETA: 2s - loss: 1.4259 - accuracy: 0.4935
359/782 [============>.................] - ETA: 2s - loss: 1.4262 - accuracy: 0.4936
371/782 [=============>................] - ETA: 2s - loss: 1.4278 - accuracy: 0.4935
383/782 [=============>................] - ETA: 2s - loss: 1.4269 - accuracy: 0.4940
396/782 [==============>...............] - ETA: 1s - loss: 1.4273 - accuracy: 0.4935
408/782 [==============>...............] - ETA: 1s - loss: 1.4292 - accuracy: 0.4932
420/782 [===============>..............] - ETA: 1s - loss: 1.4310 - accuracy: 0.4933
432/782 [===============>..............] - ETA: 1s - loss: 1.4343 - accuracy: 0.4919
445/782 [================>.............] - ETA: 1s - loss: 1.4358 - accuracy: 0.4911
457/782 [================>.............] - ETA: 1s - loss: 1.4378 - accuracy: 0.4910
469/782 [================>.............] - ETA: 1s - loss: 1.4392 - accuracy: 0.4902
481/782 [=================>............] - ETA: 1s - loss: 1.4394 - accuracy: 0.4902
493/782 [=================>............] - ETA: 1s - loss: 1.4403 - accuracy: 0.4896
506/782 [==================>...........] - ETA: 1s - loss: 1.4370 - accuracy: 0.4909
519/782 [==================>...........] - ETA: 1s - loss: 1.4367 - accuracy: 0.4905
531/782 [===================>..........] - ETA: 1s - loss: 1.4365 - accuracy: 0.4911
544/782 [===================>..........] - ETA: 1s - loss: 1.4368 - accuracy: 0.4909
556/782 [====================>.........] - ETA: 1s - loss: 1.4379 - accuracy: 0.4908
568/782 [====================>.........] - ETA: 1s - loss: 1.4374 - accuracy: 0.4909
580/782 [=====================>........] - ETA: 1s - loss: 1.4372 - accuracy: 0.4913
593/782 [=====================>........] - ETA: 0s - loss: 1.4386 - accuracy: 0.4907
606/782 [======================>.......] - ETA: 0s - loss: 1.4386 - accuracy: 0.4909
618/782 [======================>.......] - ETA: 0s - loss: 1.4385 - accuracy: 0.4912
631/782 [=======================>......] - ETA: 0s - loss: 1.4384 - accuracy: 0.4914
643/782 [=======================>......] - ETA: 0s - loss: 1.4393 - accuracy: 0.4912
655/782 [========================>.....] - ETA: 0s - loss: 1.4381 - accuracy: 0.4916
668/782 [========================>.....] - ETA: 0s - loss: 1.4369 - accuracy: 0.4919
680/782 [=========================>....] - ETA: 0s - loss: 1.4366 - accuracy: 0.4920
693/782 [=========================>....] - ETA: 0s - loss: 1.4350 - accuracy: 0.4925
705/782 [==========================>...] - ETA: 0s - loss: 1.4363 - accuracy: 0.4923
718/782 [==========================>...] - ETA: 0s - loss: 1.4367 - accuracy: 0.4920
730/782 [===========================>..] - ETA: 0s - loss: 1.4366 - accuracy: 0.4923
742/782 [===========================>..] - ETA: 0s - loss: 1.4365 - accuracy: 0.4924
755/782 [===========================>..] - ETA: 0s - loss: 1.4359 - accuracy: 0.4925
767/782 [============================>.] - ETA: 0s - loss: 1.4347 - accuracy: 0.4929
780/782 [============================>.] - ETA: 0s - loss: 1.4354 - accuracy: 0.4929
782/782 [==============================] - 5s 6ms/step - loss: 1.4358 - accuracy: 0.4928 - val_loss: 1.4468 - val_accuracy: 0.4929
Epoch 10/95

  1/782 [..............................] - ETA: 12s - loss: 1.4249 - accuracy: 0.5156
 14/782 [..............................] - ETA: 3s - loss: 1.3588 - accuracy: 0.5112 
 25/782 [..............................] - ETA: 3s - loss: 1.3886 - accuracy: 0.5050
 38/782 [>.............................] - ETA: 3s - loss: 1.3822 - accuracy: 0.5063
 50/782 [>.............................] - ETA: 3s - loss: 1.3906 - accuracy: 0.5016
 63/782 [=>............................] - ETA: 3s - loss: 1.4009 - accuracy: 0.5033
 76/782 [=>............................] - ETA: 3s - loss: 1.3967 - accuracy: 0.5085
 88/782 [==>...........................] - ETA: 3s - loss: 1.4020 - accuracy: 0.5097
100/782 [==>...........................] - ETA: 3s - loss: 1.4055 - accuracy: 0.5061
113/782 [===>..........................] - ETA: 3s - loss: 1.4066 - accuracy: 0.5025
126/782 [===>..........................] - ETA: 3s - loss: 1.4041 - accuracy: 0.5026
139/782 [====>.........................] - ETA: 3s - loss: 1.4045 - accuracy: 0.5020
151/782 [====>.........................] - ETA: 3s - loss: 1.4034 - accuracy: 0.5035
164/782 [=====>........................] - ETA: 3s - loss: 1.4016 - accuracy: 0.5048
176/782 [=====>........................] - ETA: 3s - loss: 1.4052 - accuracy: 0.5056
189/782 [======>.......................] - ETA: 2s - loss: 1.4045 - accuracy: 0.5058
201/782 [======>.......................] - ETA: 2s - loss: 1.4070 - accuracy: 0.5055
213/782 [=======>......................] - ETA: 2s - loss: 1.4110 - accuracy: 0.5054
225/782 [=======>......................] - ETA: 2s - loss: 1.4135 - accuracy: 0.5026
238/782 [========>.....................] - ETA: 2s - loss: 1.4170 - accuracy: 0.5021
250/782 [========>.....................] - ETA: 2s - loss: 1.4171 - accuracy: 0.5017
263/782 [=========>....................] - ETA: 2s - loss: 1.4200 - accuracy: 0.5003
275/782 [=========>....................] - ETA: 2s - loss: 1.4179 - accuracy: 0.5005
288/782 [==========>...................] - ETA: 2s - loss: 1.4208 - accuracy: 0.4992
300/782 [==========>...................] - ETA: 2s - loss: 1.4230 - accuracy: 0.4981
312/782 [==========>...................] - ETA: 2s - loss: 1.4210 - accuracy: 0.4986
325/782 [===========>..................] - ETA: 2s - loss: 1.4206 - accuracy: 0.4990
337/782 [===========>..................] - ETA: 2s - loss: 1.4214 - accuracy: 0.4982
349/782 [============>.................] - ETA: 2s - loss: 1.4193 - accuracy: 0.4988
361/782 [============>.................] - ETA: 2s - loss: 1.4196 - accuracy: 0.4989
374/782 [=============>................] - ETA: 2s - loss: 1.4206 - accuracy: 0.4992
386/782 [=============>................] - ETA: 1s - loss: 1.4202 - accuracy: 0.4998
398/782 [==============>...............] - ETA: 1s - loss: 1.4200 - accuracy: 0.5000
411/782 [==============>...............] - ETA: 1s - loss: 1.4190 - accuracy: 0.5001
423/782 [===============>..............] - ETA: 1s - loss: 1.4201 - accuracy: 0.5003
435/782 [===============>..............] - ETA: 1s - loss: 1.4222 - accuracy: 0.4998
448/782 [================>.............] - ETA: 1s - loss: 1.4233 - accuracy: 0.4996
460/782 [================>.............] - ETA: 1s - loss: 1.4220 - accuracy: 0.5001
473/782 [=================>............] - ETA: 1s - loss: 1.4215 - accuracy: 0.5006
485/782 [=================>............] - ETA: 1s - loss: 1.4225 - accuracy: 0.5004
498/782 [==================>...........] - ETA: 1s - loss: 1.4216 - accuracy: 0.5009
510/782 [==================>...........] - ETA: 1s - loss: 1.4238 - accuracy: 0.4996
522/782 [===================>..........] - ETA: 1s - loss: 1.4238 - accuracy: 0.4995
535/782 [===================>..........] - ETA: 1s - loss: 1.4249 - accuracy: 0.4988
547/782 [===================>..........] - ETA: 1s - loss: 1.4246 - accuracy: 0.4992
559/782 [====================>.........] - ETA: 1s - loss: 1.4244 - accuracy: 0.4989
571/782 [====================>.........] - ETA: 1s - loss: 1.4241 - accuracy: 0.4988
584/782 [=====================>........] - ETA: 0s - loss: 1.4236 - accuracy: 0.4990
596/782 [=====================>........] - ETA: 0s - loss: 1.4245 - accuracy: 0.4984
609/782 [======================>.......] - ETA: 0s - loss: 1.4260 - accuracy: 0.4981
621/782 [======================>.......] - ETA: 0s - loss: 1.4269 - accuracy: 0.4982
633/782 [=======================>......] - ETA: 0s - loss: 1.4265 - accuracy: 0.4982
646/782 [=======================>......] - ETA: 0s - loss: 1.4259 - accuracy: 0.4984
658/782 [========================>.....] - ETA: 0s - loss: 1.4270 - accuracy: 0.4976
671/782 [========================>.....] - ETA: 0s - loss: 1.4266 - accuracy: 0.4978
683/782 [=========================>....] - ETA: 0s - loss: 1.4266 - accuracy: 0.4976
695/782 [=========================>....] - ETA: 0s - loss: 1.4280 - accuracy: 0.4970
708/782 [==========================>...] - ETA: 0s - loss: 1.4281 - accuracy: 0.4973
720/782 [==========================>...] - ETA: 0s - loss: 1.4287 - accuracy: 0.4971
733/782 [===========================>..] - ETA: 0s - loss: 1.4300 - accuracy: 0.4966
745/782 [===========================>..] - ETA: 0s - loss: 1.4311 - accuracy: 0.4963
757/782 [============================>.] - ETA: 0s - loss: 1.4304 - accuracy: 0.4963
770/782 [============================>.] - ETA: 0s - loss: 1.4306 - accuracy: 0.4965
782/782 [==============================] - 5s 6ms/step - loss: 1.4308 - accuracy: 0.4966 - val_loss: 1.4854 - val_accuracy: 0.4832
Epoch 11/95

  1/782 [..............................] - ETA: 0s - loss: 1.2530 - accuracy: 0.6094
 12/782 [..............................] - ETA: 4s - loss: 1.4017 - accuracy: 0.5156
 24/782 [..............................] - ETA: 4s - loss: 1.4318 - accuracy: 0.5124
 36/782 [>.............................] - ETA: 4s - loss: 1.4259 - accuracy: 0.5130
 49/782 [>.............................] - ETA: 3s - loss: 1.3999 - accuracy: 0.5217
 61/782 [=>............................] - ETA: 3s - loss: 1.3962 - accuracy: 0.5218
 73/782 [=>............................] - ETA: 3s - loss: 1.3914 - accuracy: 0.5242
 85/782 [==>...........................] - ETA: 3s - loss: 1.3867 - accuracy: 0.5237
 98/782 [==>...........................] - ETA: 3s - loss: 1.3893 - accuracy: 0.5230
110/782 [===>..........................] - ETA: 3s - loss: 1.3893 - accuracy: 0.5205
123/782 [===>..........................] - ETA: 3s - loss: 1.4073 - accuracy: 0.5135
136/782 [====>.........................] - ETA: 3s - loss: 1.4110 - accuracy: 0.5119
148/782 [====>.........................] - ETA: 3s - loss: 1.4140 - accuracy: 0.5105
160/782 [=====>........................] - ETA: 3s - loss: 1.4147 - accuracy: 0.5097
172/782 [=====>........................] - ETA: 3s - loss: 1.4230 - accuracy: 0.5056
184/782 [======>.......................] - ETA: 3s - loss: 1.4191 - accuracy: 0.5073
197/782 [======>.......................] - ETA: 2s - loss: 1.4199 - accuracy: 0.5073
209/782 [=======>......................] - ETA: 2s - loss: 1.4218 - accuracy: 0.5058
219/782 [=======>......................] - ETA: 2s - loss: 1.4227 - accuracy: 0.5050
230/782 [=======>......................] - ETA: 2s - loss: 1.4276 - accuracy: 0.5029
243/782 [========>.....................] - ETA: 2s - loss: 1.4309 - accuracy: 0.5003
255/782 [========>.....................] - ETA: 2s - loss: 1.4347 - accuracy: 0.4994
268/782 [=========>....................] - ETA: 2s - loss: 1.4334 - accuracy: 0.5002
280/782 [=========>....................] - ETA: 2s - loss: 1.4327 - accuracy: 0.5006
292/782 [==========>...................] - ETA: 2s - loss: 1.4330 - accuracy: 0.4995
302/782 [==========>...................] - ETA: 2s - loss: 1.4334 - accuracy: 0.4994
313/782 [===========>..................] - ETA: 2s - loss: 1.4330 - accuracy: 0.4992
325/782 [===========>..................] - ETA: 2s - loss: 1.4296 - accuracy: 0.5003
337/782 [===========>..................] - ETA: 2s - loss: 1.4302 - accuracy: 0.5009
349/782 [============>.................] - ETA: 2s - loss: 1.4316 - accuracy: 0.4995
362/782 [============>.................] - ETA: 2s - loss: 1.4342 - accuracy: 0.4987
374/782 [=============>................] - ETA: 2s - loss: 1.4329 - accuracy: 0.4998
386/782 [=============>................] - ETA: 2s - loss: 1.4301 - accuracy: 0.5011
399/782 [==============>...............] - ETA: 1s - loss: 1.4303 - accuracy: 0.5003
411/782 [==============>...............] - ETA: 1s - loss: 1.4306 - accuracy: 0.4994
423/782 [===============>..............] - ETA: 1s - loss: 1.4304 - accuracy: 0.4998
435/782 [===============>..............] - ETA: 1s - loss: 1.4315 - accuracy: 0.4990
447/782 [================>.............] - ETA: 1s - loss: 1.4300 - accuracy: 0.4993
460/782 [================>.............] - ETA: 1s - loss: 1.4305 - accuracy: 0.4988
472/782 [=================>............] - ETA: 1s - loss: 1.4311 - accuracy: 0.4982
485/782 [=================>............] - ETA: 1s - loss: 1.4310 - accuracy: 0.4979
496/782 [==================>...........] - ETA: 1s - loss: 1.4319 - accuracy: 0.4980
509/782 [==================>...........] - ETA: 1s - loss: 1.4310 - accuracy: 0.4979
521/782 [==================>...........] - ETA: 1s - loss: 1.4295 - accuracy: 0.4978
534/782 [===================>..........] - ETA: 1s - loss: 1.4292 - accuracy: 0.4982
547/782 [===================>..........] - ETA: 1s - loss: 1.4289 - accuracy: 0.4982
559/782 [====================>.........] - ETA: 1s - loss: 1.4301 - accuracy: 0.4972
572/782 [====================>.........] - ETA: 1s - loss: 1.4302 - accuracy: 0.4970
584/782 [=====================>........] - ETA: 1s - loss: 1.4294 - accuracy: 0.4972
596/782 [=====================>........] - ETA: 0s - loss: 1.4276 - accuracy: 0.4975
609/782 [======================>.......] - ETA: 0s - loss: 1.4275 - accuracy: 0.4974
619/782 [======================>.......] - ETA: 0s - loss: 1.4275 - accuracy: 0.4973
630/782 [=======================>......] - ETA: 0s - loss: 1.4270 - accuracy: 0.4973
643/782 [=======================>......] - ETA: 0s - loss: 1.4279 - accuracy: 0.4971
655/782 [========================>.....] - ETA: 0s - loss: 1.4276 - accuracy: 0.4971
667/782 [========================>.....] - ETA: 0s - loss: 1.4286 - accuracy: 0.4967
679/782 [=========================>....] - ETA: 0s - loss: 1.4285 - accuracy: 0.4968
691/782 [=========================>....] - ETA: 0s - loss: 1.4284 - accuracy: 0.4967
703/782 [=========================>....] - ETA: 0s - loss: 1.4285 - accuracy: 0.4962
716/782 [==========================>...] - ETA: 0s - loss: 1.4284 - accuracy: 0.4963
728/782 [==========================>...] - ETA: 0s - loss: 1.4283 - accuracy: 0.4967
741/782 [===========================>..] - ETA: 0s - loss: 1.4291 - accuracy: 0.4964
753/782 [===========================>..] - ETA: 0s - loss: 1.4284 - accuracy: 0.4968
766/782 [============================>.] - ETA: 0s - loss: 1.4277 - accuracy: 0.4968
778/782 [============================>.] - ETA: 0s - loss: 1.4283 - accuracy: 0.4964
782/782 [==============================] - 5s 6ms/step - loss: 1.4289 - accuracy: 0.4961 - val_loss: 1.4916 - val_accuracy: 0.4763
Epoch 12/95

  1/782 [..............................] - ETA: 12s - loss: 1.3248 - accuracy: 0.5000
 14/782 [..............................] - ETA: 3s - loss: 1.3645 - accuracy: 0.5290 
 26/782 [..............................] - ETA: 3s - loss: 1.3960 - accuracy: 0.5078
 38/782 [>.............................] - ETA: 3s - loss: 1.3891 - accuracy: 0.5095
 50/782 [>.............................] - ETA: 3s - loss: 1.3730 - accuracy: 0.5153
 63/782 [=>............................] - ETA: 3s - loss: 1.3839 - accuracy: 0.5119
 76/782 [=>............................] - ETA: 3s - loss: 1.3805 - accuracy: 0.5148
 88/782 [==>...........................] - ETA: 3s - loss: 1.3979 - accuracy: 0.5091
100/782 [==>...........................] - ETA: 3s - loss: 1.3994 - accuracy: 0.5061
113/782 [===>..........................] - ETA: 3s - loss: 1.4056 - accuracy: 0.5029
125/782 [===>..........................] - ETA: 3s - loss: 1.4061 - accuracy: 0.5034
138/782 [====>.........................] - ETA: 3s - loss: 1.4095 - accuracy: 0.5014
150/782 [====>.........................] - ETA: 3s - loss: 1.4234 - accuracy: 0.4984
163/782 [=====>........................] - ETA: 3s - loss: 1.4223 - accuracy: 0.4976
175/782 [=====>........................] - ETA: 3s - loss: 1.4252 - accuracy: 0.4963
187/782 [======>.......................] - ETA: 3s - loss: 1.4271 - accuracy: 0.4950
200/782 [======>.......................] - ETA: 2s - loss: 1.4257 - accuracy: 0.4943
212/782 [=======>......................] - ETA: 2s - loss: 1.4201 - accuracy: 0.4957
222/782 [=======>......................] - ETA: 2s - loss: 1.4203 - accuracy: 0.4962
233/782 [=======>......................] - ETA: 2s - loss: 1.4193 - accuracy: 0.4978
245/782 [========>.....................] - ETA: 2s - loss: 1.4193 - accuracy: 0.4985
257/782 [========>.....................] - ETA: 2s - loss: 1.4184 - accuracy: 0.4990
270/782 [=========>....................] - ETA: 2s - loss: 1.4203 - accuracy: 0.4980
282/782 [=========>....................] - ETA: 2s - loss: 1.4211 - accuracy: 0.4978
295/782 [==========>...................] - ETA: 2s - loss: 1.4162 - accuracy: 0.4999
307/782 [==========>...................] - ETA: 2s - loss: 1.4166 - accuracy: 0.5002
320/782 [===========>..................] - ETA: 2s - loss: 1.4163 - accuracy: 0.5000
332/782 [===========>..................] - ETA: 2s - loss: 1.4152 - accuracy: 0.5000
345/782 [============>.................] - ETA: 2s - loss: 1.4137 - accuracy: 0.5007
357/782 [============>.................] - ETA: 2s - loss: 1.4132 - accuracy: 0.5012
370/782 [=============>................] - ETA: 2s - loss: 1.4142 - accuracy: 0.5013
382/782 [=============>................] - ETA: 2s - loss: 1.4137 - accuracy: 0.5013
395/782 [==============>...............] - ETA: 1s - loss: 1.4136 - accuracy: 0.5017
407/782 [==============>...............] - ETA: 1s - loss: 1.4130 - accuracy: 0.5022
419/782 [===============>..............] - ETA: 1s - loss: 1.4137 - accuracy: 0.5026
431/782 [===============>..............] - ETA: 1s - loss: 1.4133 - accuracy: 0.5029
443/782 [===============>..............] - ETA: 1s - loss: 1.4121 - accuracy: 0.5038
456/782 [================>.............] - ETA: 1s - loss: 1.4129 - accuracy: 0.5037
468/782 [================>.............] - ETA: 1s - loss: 1.4149 - accuracy: 0.5031
480/782 [=================>............] - ETA: 1s - loss: 1.4135 - accuracy: 0.5035
490/782 [=================>............] - ETA: 1s - loss: 1.4135 - accuracy: 0.5036
501/782 [==================>...........] - ETA: 1s - loss: 1.4152 - accuracy: 0.5037
514/782 [==================>...........] - ETA: 1s - loss: 1.4156 - accuracy: 0.5042
526/782 [===================>..........] - ETA: 1s - loss: 1.4163 - accuracy: 0.5041
539/782 [===================>..........] - ETA: 1s - loss: 1.4161 - accuracy: 0.5039
552/782 [====================>.........] - ETA: 1s - loss: 1.4177 - accuracy: 0.5034
564/782 [====================>.........] - ETA: 1s - loss: 1.4173 - accuracy: 0.5032
576/782 [=====================>........] - ETA: 1s - loss: 1.4193 - accuracy: 0.5025
589/782 [=====================>........] - ETA: 0s - loss: 1.4187 - accuracy: 0.5023
601/782 [======================>.......] - ETA: 0s - loss: 1.4191 - accuracy: 0.5017
614/782 [======================>.......] - ETA: 0s - loss: 1.4198 - accuracy: 0.5016
626/782 [=======================>......] - ETA: 0s - loss: 1.4201 - accuracy: 0.5015
638/782 [=======================>......] - ETA: 0s - loss: 1.4214 - accuracy: 0.5007
651/782 [=======================>......] - ETA: 0s - loss: 1.4218 - accuracy: 0.5011
663/782 [========================>.....] - ETA: 0s - loss: 1.4214 - accuracy: 0.5012
675/782 [========================>.....] - ETA: 0s - loss: 1.4225 - accuracy: 0.5004
688/782 [=========================>....] - ETA: 0s - loss: 1.4229 - accuracy: 0.5003
700/782 [=========================>....] - ETA: 0s - loss: 1.4225 - accuracy: 0.5003
712/782 [==========================>...] - ETA: 0s - loss: 1.4221 - accuracy: 0.5005
725/782 [==========================>...] - ETA: 0s - loss: 1.4238 - accuracy: 0.5003
736/782 [===========================>..] - ETA: 0s - loss: 1.4246 - accuracy: 0.5000
749/782 [===========================>..] - ETA: 0s - loss: 1.4264 - accuracy: 0.4996
761/782 [============================>.] - ETA: 0s - loss: 1.4271 - accuracy: 0.4993
773/782 [============================>.] - ETA: 0s - loss: 1.4264 - accuracy: 0.4992
782/782 [==============================] - 5s 6ms/step - loss: 1.4280 - accuracy: 0.4986 - val_loss: 1.7673 - val_accuracy: 0.4096
Epoch 13/95

  1/782 [..............................] - ETA: 12s - loss: 1.4980 - accuracy: 0.5312
 13/782 [..............................] - ETA: 4s - loss: 1.4817 - accuracy: 0.4820 
 26/782 [..............................] - ETA: 3s - loss: 1.4496 - accuracy: 0.4922
 38/782 [>.............................] - ETA: 3s - loss: 1.4295 - accuracy: 0.4910
 50/782 [>.............................] - ETA: 3s - loss: 1.4387 - accuracy: 0.4869
 63/782 [=>............................] - ETA: 3s - loss: 1.4198 - accuracy: 0.4928
 75/782 [=>............................] - ETA: 3s - loss: 1.4270 - accuracy: 0.4940
 87/782 [==>...........................] - ETA: 3s - loss: 1.4081 - accuracy: 0.5007
100/782 [==>...........................] - ETA: 3s - loss: 1.4099 - accuracy: 0.5011
112/782 [===>..........................] - ETA: 3s - loss: 1.4129 - accuracy: 0.5008
125/782 [===>..........................] - ETA: 3s - loss: 1.4155 - accuracy: 0.5023
137/782 [====>.........................] - ETA: 3s - loss: 1.4126 - accuracy: 0.5017
149/782 [====>.........................] - ETA: 3s - loss: 1.4134 - accuracy: 0.5001
162/782 [=====>........................] - ETA: 3s - loss: 1.4121 - accuracy: 0.5004
174/782 [=====>........................] - ETA: 3s - loss: 1.4157 - accuracy: 0.4992
186/782 [======>.......................] - ETA: 3s - loss: 1.4161 - accuracy: 0.4986
199/782 [======>.......................] - ETA: 2s - loss: 1.4132 - accuracy: 0.5017
211/782 [=======>......................] - ETA: 2s - loss: 1.4145 - accuracy: 0.5020
224/782 [=======>......................] - ETA: 2s - loss: 1.4093 - accuracy: 0.5030
235/782 [========>.....................] - ETA: 2s - loss: 1.4109 - accuracy: 0.5018
248/782 [========>.....................] - ETA: 2s - loss: 1.4100 - accuracy: 0.5021
260/782 [========>.....................] - ETA: 2s - loss: 1.4112 - accuracy: 0.5022
272/782 [=========>....................] - ETA: 2s - loss: 1.4093 - accuracy: 0.5025
284/782 [=========>....................] - ETA: 2s - loss: 1.4080 - accuracy: 0.5031
297/782 [==========>...................] - ETA: 2s - loss: 1.4081 - accuracy: 0.5031
309/782 [==========>...................] - ETA: 2s - loss: 1.4099 - accuracy: 0.5017
322/782 [===========>..................] - ETA: 2s - loss: 1.4116 - accuracy: 0.5012
335/782 [===========>..................] - ETA: 2s - loss: 1.4114 - accuracy: 0.5017
347/782 [============>.................] - ETA: 2s - loss: 1.4095 - accuracy: 0.5022
359/782 [============>.................] - ETA: 2s - loss: 1.4103 - accuracy: 0.5017
372/782 [=============>................] - ETA: 2s - loss: 1.4096 - accuracy: 0.5022
384/782 [=============>................] - ETA: 2s - loss: 1.4082 - accuracy: 0.5031
397/782 [==============>...............] - ETA: 1s - loss: 1.4104 - accuracy: 0.5019
410/782 [==============>...............] - ETA: 1s - loss: 1.4105 - accuracy: 0.5021
422/782 [===============>..............] - ETA: 1s - loss: 1.4114 - accuracy: 0.5010
434/782 [===============>..............] - ETA: 1s - loss: 1.4099 - accuracy: 0.5012
447/782 [================>.............] - ETA: 1s - loss: 1.4089 - accuracy: 0.5013
459/782 [================>.............] - ETA: 1s - loss: 1.4084 - accuracy: 0.5018
471/782 [=================>............] - ETA: 1s - loss: 1.4108 - accuracy: 0.5013
484/782 [=================>............] - ETA: 1s - loss: 1.4115 - accuracy: 0.5007
496/782 [==================>...........] - ETA: 1s - loss: 1.4117 - accuracy: 0.5005
509/782 [==================>...........] - ETA: 1s - loss: 1.4125 - accuracy: 0.5005
521/782 [==================>...........] - ETA: 1s - loss: 1.4128 - accuracy: 0.5004
533/782 [===================>..........] - ETA: 1s - loss: 1.4130 - accuracy: 0.5003
546/782 [===================>..........] - ETA: 1s - loss: 1.4141 - accuracy: 0.5002
558/782 [====================>.........] - ETA: 1s - loss: 1.4146 - accuracy: 0.5002
571/782 [====================>.........] - ETA: 1s - loss: 1.4160 - accuracy: 0.5001
583/782 [=====================>........] - ETA: 1s - loss: 1.4158 - accuracy: 0.4998
595/782 [=====================>........] - ETA: 0s - loss: 1.4164 - accuracy: 0.4997
608/782 [======================>.......] - ETA: 0s - loss: 1.4168 - accuracy: 0.4999
620/782 [======================>.......] - ETA: 0s - loss: 1.4170 - accuracy: 0.4998
632/782 [=======================>......] - ETA: 0s - loss: 1.4180 - accuracy: 0.4993
645/782 [=======================>......] - ETA: 0s - loss: 1.4173 - accuracy: 0.4995
657/782 [========================>.....] - ETA: 0s - loss: 1.4173 - accuracy: 0.4996
670/782 [========================>.....] - ETA: 0s - loss: 1.4193 - accuracy: 0.4982
682/782 [=========================>....] - ETA: 0s - loss: 1.4187 - accuracy: 0.4986
694/782 [=========================>....] - ETA: 0s - loss: 1.4189 - accuracy: 0.4991
707/782 [==========================>...] - ETA: 0s - loss: 1.4193 - accuracy: 0.4993
719/782 [==========================>...] - ETA: 0s - loss: 1.4203 - accuracy: 0.4992
732/782 [===========================>..] - ETA: 0s - loss: 1.4210 - accuracy: 0.4988
744/782 [===========================>..] - ETA: 0s - loss: 1.4219 - accuracy: 0.4985
758/782 [============================>.] - ETA: 0s - loss: 1.4214 - accuracy: 0.4984
770/782 [============================>.] - ETA: 0s - loss: 1.4223 - accuracy: 0.4982
782/782 [==============================] - 5s 6ms/step - loss: 1.4238 - accuracy: 0.4977 - val_loss: 1.4572 - val_accuracy: 0.4780
Epoch 14/95

  1/782 [..............................] - ETA: 12s - loss: 1.3800 - accuracy: 0.5469
 13/782 [..............................] - ETA: 4s - loss: 1.4538 - accuracy: 0.4700 
 22/782 [..............................] - ETA: 4s - loss: 1.4267 - accuracy: 0.4915
 32/782 [>.............................] - ETA: 4s - loss: 1.4449 - accuracy: 0.4907
 42/782 [>.............................] - ETA: 4s - loss: 1.4155 - accuracy: 0.5026
 53/782 [=>............................] - ETA: 4s - loss: 1.4004 - accuracy: 0.5062
 66/782 [=>............................] - ETA: 4s - loss: 1.3943 - accuracy: 0.5047
 78/782 [=>............................] - ETA: 4s - loss: 1.3960 - accuracy: 0.5058
 91/782 [==>...........................] - ETA: 3s - loss: 1.3953 - accuracy: 0.5074
104/782 [==>...........................] - ETA: 3s - loss: 1.3915 - accuracy: 0.5063
116/782 [===>..........................] - ETA: 3s - loss: 1.3802 - accuracy: 0.5109
128/782 [===>..........................] - ETA: 3s - loss: 1.3831 - accuracy: 0.5100
141/782 [====>.........................] - ETA: 3s - loss: 1.3860 - accuracy: 0.5086
153/782 [====>.........................] - ETA: 3s - loss: 1.3950 - accuracy: 0.5049
165/782 [=====>........................] - ETA: 3s - loss: 1.3988 - accuracy: 0.5031
177/782 [=====>........................] - ETA: 3s - loss: 1.3990 - accuracy: 0.5029
189/782 [======>.......................] - ETA: 3s - loss: 1.3984 - accuracy: 0.5017
202/782 [======>.......................] - ETA: 3s - loss: 1.4050 - accuracy: 0.4995
214/782 [=======>......................] - ETA: 3s - loss: 1.4075 - accuracy: 0.4977
227/782 [=======>......................] - ETA: 2s - loss: 1.4128 - accuracy: 0.4961
239/782 [========>.....................] - ETA: 2s - loss: 1.4149 - accuracy: 0.4961
252/782 [========>.....................] - ETA: 2s - loss: 1.4128 - accuracy: 0.4967
265/782 [=========>....................] - ETA: 2s - loss: 1.4138 - accuracy: 0.4965
277/782 [=========>....................] - ETA: 2s - loss: 1.4154 - accuracy: 0.4970
290/782 [==========>...................] - ETA: 2s - loss: 1.4139 - accuracy: 0.4975
302/782 [==========>...................] - ETA: 2s - loss: 1.4175 - accuracy: 0.4969
314/782 [===========>..................] - ETA: 2s - loss: 1.4204 - accuracy: 0.4960
327/782 [===========>..................] - ETA: 2s - loss: 1.4199 - accuracy: 0.4961
339/782 [============>.................] - ETA: 2s - loss: 1.4206 - accuracy: 0.4970
353/782 [============>.................] - ETA: 2s - loss: 1.4233 - accuracy: 0.4960
365/782 [=============>................] - ETA: 2s - loss: 1.4250 - accuracy: 0.4957
377/782 [=============>................] - ETA: 2s - loss: 1.4258 - accuracy: 0.4961
390/782 [=============>................] - ETA: 2s - loss: 1.4268 - accuracy: 0.4957
402/782 [==============>...............] - ETA: 1s - loss: 1.4290 - accuracy: 0.4957
414/782 [==============>...............] - ETA: 1s - loss: 1.4300 - accuracy: 0.4953
426/782 [===============>..............] - ETA: 1s - loss: 1.4316 - accuracy: 0.4953
438/782 [===============>..............] - ETA: 1s - loss: 1.4294 - accuracy: 0.4961
451/782 [================>.............] - ETA: 1s - loss: 1.4282 - accuracy: 0.4970
464/782 [================>.............] - ETA: 1s - loss: 1.4265 - accuracy: 0.4973
477/782 [=================>............] - ETA: 1s - loss: 1.4273 - accuracy: 0.4969
489/782 [=================>............] - ETA: 1s - loss: 1.4287 - accuracy: 0.4963
502/782 [==================>...........] - ETA: 1s - loss: 1.4283 - accuracy: 0.4964
514/782 [==================>...........] - ETA: 1s - loss: 1.4300 - accuracy: 0.4957
527/782 [===================>..........] - ETA: 1s - loss: 1.4297 - accuracy: 0.4950
539/782 [===================>..........] - ETA: 1s - loss: 1.4296 - accuracy: 0.4956
551/782 [====================>.........] - ETA: 1s - loss: 1.4305 - accuracy: 0.4957
564/782 [====================>.........] - ETA: 1s - loss: 1.4301 - accuracy: 0.4957
576/782 [=====================>........] - ETA: 1s - loss: 1.4302 - accuracy: 0.4957
589/782 [=====================>........] - ETA: 0s - loss: 1.4313 - accuracy: 0.4951
601/782 [======================>.......] - ETA: 0s - loss: 1.4322 - accuracy: 0.4946
613/782 [======================>.......] - ETA: 0s - loss: 1.4309 - accuracy: 0.4955
627/782 [=======================>......] - ETA: 0s - loss: 1.4315 - accuracy: 0.4948
639/782 [=======================>......] - ETA: 0s - loss: 1.4316 - accuracy: 0.4945
651/782 [=======================>......] - ETA: 0s - loss: 1.4320 - accuracy: 0.4945
663/782 [========================>.....] - ETA: 0s - loss: 1.4303 - accuracy: 0.4951
675/782 [========================>.....] - ETA: 0s - loss: 1.4309 - accuracy: 0.4952
687/782 [=========================>....] - ETA: 0s - loss: 1.4308 - accuracy: 0.4950
700/782 [=========================>....] - ETA: 0s - loss: 1.4318 - accuracy: 0.4946
713/782 [==========================>...] - ETA: 0s - loss: 1.4311 - accuracy: 0.4946
725/782 [==========================>...] - ETA: 0s - loss: 1.4319 - accuracy: 0.4944
738/782 [===========================>..] - ETA: 0s - loss: 1.4316 - accuracy: 0.4947
750/782 [===========================>..] - ETA: 0s - loss: 1.4310 - accuracy: 0.4943
762/782 [============================>.] - ETA: 0s - loss: 1.4307 - accuracy: 0.4944
775/782 [============================>.] - ETA: 0s - loss: 1.4304 - accuracy: 0.4945
782/782 [==============================] - 5s 6ms/step - loss: 1.4312 - accuracy: 0.4943 - val_loss: 1.4636 - val_accuracy: 0.4762
Epoch 14: early stopping

  1/313 [..............................] - ETA: 5s - loss: 1.1280 - accuracy: 0.5312
 19/313 [>.............................] - ETA: 0s - loss: 1.4794 - accuracy: 0.4720
 33/313 [==>...........................] - ETA: 0s - loss: 1.4703 - accuracy: 0.4773
 51/313 [===>..........................] - ETA: 0s - loss: 1.4641 - accuracy: 0.4755
 70/313 [=====>........................] - ETA: 0s - loss: 1.4561 - accuracy: 0.4728
 89/313 [=======>......................] - ETA: 0s - loss: 1.4669 - accuracy: 0.4684
107/313 [=========>....................] - ETA: 0s - loss: 1.4634 - accuracy: 0.4734
126/313 [===========>..................] - ETA: 0s - loss: 1.4548 - accuracy: 0.4794
145/313 [============>.................] - ETA: 0s - loss: 1.4514 - accuracy: 0.4815
165/313 [==============>...............] - ETA: 0s - loss: 1.4479 - accuracy: 0.4826
184/313 [================>.............] - ETA: 0s - loss: 1.4529 - accuracy: 0.4805
203/313 [==================>...........] - ETA: 0s - loss: 1.4503 - accuracy: 0.4809
222/313 [====================>.........] - ETA: 0s - loss: 1.4594 - accuracy: 0.4779
240/313 [======================>.......] - ETA: 0s - loss: 1.4526 - accuracy: 0.4809
260/313 [=======================>......] - ETA: 0s - loss: 1.4579 - accuracy: 0.4770
279/313 [=========================>....] - ETA: 0s - loss: 1.4626 - accuracy: 0.4759
297/313 [===========================>..] - ETA: 0s - loss: 1.4616 - accuracy: 0.4771
313/313 [==============================] - ETA: 0s - loss: 1.4636 - accuracy: 0.4762
313/313 [==============================] - 1s 3ms/step - loss: 1.4636 - accuracy: 0.4762
