2024-06-25 22:37:27.966044: I tensorflow/core/platform/cpu_feature_guard.cc:193] This TensorFlow binary is optimized with oneAPI Deep Neural Network Library (oneDNN) to use the following CPU instructions in performance-critical operations:  AVX AVX2
To enable them in other operations, rebuild TensorFlow with the appropriate compiler flags.
2024-06-25 22:37:28.604004: I tensorflow/core/common_runtime/gpu/gpu_device.cc:1616] Created device /job:localhost/replica:0/task:0/device:GPU:0 with 6656 MB memory:  -> device: 0, name: NVIDIA GeForce RTX 4060 Ti, pci bus id: 0000:01:00.0, compute capability: 8.9
1 Physical GPUs, 1 Logical GPUs
Model: "sequential"
_________________________________________________________________
 Layer (type)                Output Shape              Param #   
=================================================================
 conv2d (Conv2D)             (None, 32, 32, 32)        896       
                                                                 
 max_pooling2d (MaxPooling2D  (None, 16, 16, 32)       0         
 )                                                               
                                                                 
 batch_normalization (BatchN  (None, 16, 16, 32)       128       
 ormalization)                                                   
                                                                 
 conv2d_1 (Conv2D)           (None, 16, 16, 64)        51264     
                                                                 
 dropout (Dropout)           (None, 16, 16, 64)        0         
                                                                 
 flatten (Flatten)           (None, 16384)             0         
                                                                 
 dense (Dense)               (None, 10)                163850    
                                                                 
=================================================================
Total params: 216,138
Trainable params: 216,074
Non-trainable params: 64
_________________________________________________________________
Taxa de aprendizado:  0.001 Num de épocas:  22 Tamanho do lote:  1024 Dropout:  0.47389
Epoch 1/22
2024-06-25 22:37:30.056131: I tensorflow/stream_executor/cuda/cuda_dnn.cc:384] Loaded cuDNN version 8100
2024-06-25 22:37:30.908834: W tensorflow/stream_executor/gpu/redzone_allocator.cc:314] INTERNAL: ptxas exited with non-zero error code -1, output: 
Relying on driver to perform ptx compilation. 
Modify $PATH to customize ptxas location.
This message will be only logged once.
2024-06-25 22:37:32.144799: I tensorflow/stream_executor/cuda/cuda_blas.cc:1614] TensorFloat-32 will be used for the matrix multiplication. This will only be logged once.

 1/49 [..............................] - ETA: 3:15 - loss: 2.5721 - accuracy: 0.0996
 2/49 [>.............................] - ETA: 2s - loss: 2.9283 - accuracy: 0.1250  
 4/49 [=>............................] - ETA: 2s - loss: 2.7419 - accuracy: 0.1609
 5/49 [==>...........................] - ETA: 2s - loss: 2.6722 - accuracy: 0.1695
 6/49 [==>...........................] - ETA: 2s - loss: 2.6375 - accuracy: 0.1719
 7/49 [===>..........................] - ETA: 2s - loss: 2.5817 - accuracy: 0.1765
 8/49 [===>..........................] - ETA: 2s - loss: 2.5146 - accuracy: 0.1895
 9/49 [====>.........................] - ETA: 2s - loss: 2.4572 - accuracy: 0.1974
11/49 [=====>........................] - ETA: 2s - loss: 2.3733 - accuracy: 0.2155
13/49 [======>.......................] - ETA: 1s - loss: 2.3107 - accuracy: 0.2301
15/49 [========>.....................] - ETA: 1s - loss: 2.2456 - accuracy: 0.2461
17/49 [=========>....................] - ETA: 1s - loss: 2.1939 - accuracy: 0.2595
19/49 [==========>...................] - ETA: 1s - loss: 2.1470 - accuracy: 0.2714
21/49 [===========>..................] - ETA: 2s - loss: 2.1043 - accuracy: 0.2824
23/49 [=============>................] - ETA: 1s - loss: 2.0675 - accuracy: 0.2925
24/49 [=============>................] - ETA: 1s - loss: 2.0486 - accuracy: 0.2979
26/49 [==============>...............] - ETA: 1s - loss: 2.0135 - accuracy: 0.3086
27/49 [===============>..............] - ETA: 1s - loss: 1.9998 - accuracy: 0.3126
29/49 [================>.............] - ETA: 1s - loss: 1.9712 - accuracy: 0.3214
31/49 [=================>............] - ETA: 1s - loss: 1.9441 - accuracy: 0.3297
32/49 [==================>...........] - ETA: 1s - loss: 1.9333 - accuracy: 0.3329
34/49 [===================>..........] - ETA: 1s - loss: 1.9082 - accuracy: 0.3405
35/49 [====================>.........] - ETA: 0s - loss: 1.8967 - accuracy: 0.3444
37/49 [=====================>........] - ETA: 0s - loss: 1.8754 - accuracy: 0.3509
39/49 [======================>.......] - ETA: 0s - loss: 1.8538 - accuracy: 0.3575
40/49 [=======================>......] - ETA: 0s - loss: 1.8442 - accuracy: 0.3605
42/49 [========================>.....] - ETA: 0s - loss: 1.8239 - accuracy: 0.3675
44/49 [=========================>....] - ETA: 0s - loss: 1.8056 - accuracy: 0.3734
45/49 [==========================>...] - ETA: 0s - loss: 1.7963 - accuracy: 0.3770
47/49 [===========================>..] - ETA: 0s - loss: 1.7771 - accuracy: 0.3830
49/49 [==============================] - ETA: 0s - loss: 1.7593 - accuracy: 0.3884
49/49 [==============================] - 8s 88ms/step - loss: 1.7593 - accuracy: 0.3884 - val_loss: 2.1675 - val_accuracy: 0.3296
Epoch 2/22

 1/49 [..............................] - ETA: 3s - loss: 1.2912 - accuracy: 0.5381
 3/49 [>.............................] - ETA: 2s - loss: 1.3006 - accuracy: 0.5391
 5/49 [==>...........................] - ETA: 1s - loss: 1.2955 - accuracy: 0.5445
 7/49 [===>..........................] - ETA: 1s - loss: 1.2852 - accuracy: 0.5469
 9/49 [====>.........................] - ETA: 1s - loss: 1.2787 - accuracy: 0.5489
11/49 [=====>........................] - ETA: 1s - loss: 1.2831 - accuracy: 0.5480
13/49 [======>.......................] - ETA: 1s - loss: 1.2755 - accuracy: 0.5494
15/49 [========>.....................] - ETA: 1s - loss: 1.2689 - accuracy: 0.5521
17/49 [=========>....................] - ETA: 1s - loss: 1.2627 - accuracy: 0.5537
19/49 [==========>...................] - ETA: 1s - loss: 1.2597 - accuracy: 0.5542
21/49 [===========>..................] - ETA: 1s - loss: 1.2571 - accuracy: 0.5561
23/49 [=============>................] - ETA: 1s - loss: 1.2523 - accuracy: 0.5580
25/49 [==============>...............] - ETA: 1s - loss: 1.2477 - accuracy: 0.5609
27/49 [===============>..............] - ETA: 0s - loss: 1.2445 - accuracy: 0.5612
28/49 [================>.............] - ETA: 0s - loss: 1.2409 - accuracy: 0.5628
30/49 [=================>............] - ETA: 0s - loss: 1.2345 - accuracy: 0.5650
32/49 [==================>...........] - ETA: 0s - loss: 1.2286 - accuracy: 0.5662
33/49 [===================>..........] - ETA: 0s - loss: 1.2272 - accuracy: 0.5672
35/49 [====================>.........] - ETA: 0s - loss: 1.2246 - accuracy: 0.5682
36/49 [=====================>........] - ETA: 0s - loss: 1.2214 - accuracy: 0.5699
38/49 [======================>.......] - ETA: 0s - loss: 1.2160 - accuracy: 0.5716
39/49 [======================>.......] - ETA: 0s - loss: 1.2139 - accuracy: 0.5723
41/49 [========================>.....] - ETA: 0s - loss: 1.2091 - accuracy: 0.5746
42/49 [========================>.....] - ETA: 0s - loss: 1.2074 - accuracy: 0.5755
44/49 [=========================>....] - ETA: 0s - loss: 1.2041 - accuracy: 0.5768
46/49 [===========================>..] - ETA: 0s - loss: 1.1991 - accuracy: 0.5784
48/49 [============================>.] - ETA: 0s - loss: 1.1956 - accuracy: 0.5793
49/49 [==============================] - ETA: 0s - loss: 1.1930 - accuracy: 0.5803
49/49 [==============================] - 3s 66ms/step - loss: 1.1930 - accuracy: 0.5803 - val_loss: 2.0892 - val_accuracy: 0.4392
Epoch 3/22

 1/49 [..............................] - ETA: 3s - loss: 1.1086 - accuracy: 0.6006
 2/49 [>.............................] - ETA: 2s - loss: 1.0604 - accuracy: 0.6255
 4/49 [=>............................] - ETA: 2s - loss: 1.0519 - accuracy: 0.6311
 6/49 [==>...........................] - ETA: 2s - loss: 1.0603 - accuracy: 0.6304
 7/49 [===>..........................] - ETA: 2s - loss: 1.0523 - accuracy: 0.6334
 9/49 [====>.........................] - ETA: 2s - loss: 1.0426 - accuracy: 0.6380
10/49 [=====>........................] - ETA: 2s - loss: 1.0424 - accuracy: 0.6387
12/49 [======>.......................] - ETA: 2s - loss: 1.0406 - accuracy: 0.6364
14/49 [=======>......................] - ETA: 1s - loss: 1.0481 - accuracy: 0.6330
15/49 [========>.....................] - ETA: 1s - loss: 1.0478 - accuracy: 0.6333
16/49 [========>.....................] - ETA: 1s - loss: 1.0450 - accuracy: 0.6355
18/49 [==========>...................] - ETA: 1s - loss: 1.0393 - accuracy: 0.6374
20/49 [===========>..................] - ETA: 1s - loss: 1.0366 - accuracy: 0.6376
22/49 [============>.................] - ETA: 1s - loss: 1.0358 - accuracy: 0.6376
24/49 [=============>................] - ETA: 1s - loss: 1.0341 - accuracy: 0.6393
26/49 [==============>...............] - ETA: 1s - loss: 1.0317 - accuracy: 0.6399
28/49 [================>.............] - ETA: 1s - loss: 1.0300 - accuracy: 0.6408
30/49 [=================>............] - ETA: 0s - loss: 1.0276 - accuracy: 0.6420
32/49 [==================>...........] - ETA: 0s - loss: 1.0254 - accuracy: 0.6422
34/49 [===================>..........] - ETA: 0s - loss: 1.0215 - accuracy: 0.6436
36/49 [=====================>........] - ETA: 0s - loss: 1.0181 - accuracy: 0.6443
38/49 [======================>.......] - ETA: 0s - loss: 1.0172 - accuracy: 0.6446
40/49 [=======================>......] - ETA: 0s - loss: 1.0172 - accuracy: 0.6446
42/49 [========================>.....] - ETA: 0s - loss: 1.0152 - accuracy: 0.6453
44/49 [=========================>....] - ETA: 0s - loss: 1.0138 - accuracy: 0.6459
46/49 [===========================>..] - ETA: 0s - loss: 1.0128 - accuracy: 0.6469
47/49 [===========================>..] - ETA: 0s - loss: 1.0115 - accuracy: 0.6474
49/49 [==============================] - ETA: 0s - loss: 1.0092 - accuracy: 0.6484
49/49 [==============================] - 3s 65ms/step - loss: 1.0092 - accuracy: 0.6484 - val_loss: 2.0727 - val_accuracy: 0.5294
Epoch 4/22

 1/49 [..............................] - ETA: 3s - loss: 0.9183 - accuracy: 0.6660
 2/49 [>.............................] - ETA: 2s - loss: 0.9243 - accuracy: 0.6724
 4/49 [=>............................] - ETA: 2s - loss: 0.9166 - accuracy: 0.6868
 6/49 [==>...........................] - ETA: 2s - loss: 0.9125 - accuracy: 0.6842
 7/49 [===>..........................] - ETA: 2s - loss: 0.9174 - accuracy: 0.6808
 9/49 [====>.........................] - ETA: 2s - loss: 0.9049 - accuracy: 0.6839
11/49 [=====>........................] - ETA: 2s - loss: 0.9043 - accuracy: 0.6828
12/49 [======>.......................] - ETA: 2s - loss: 0.9054 - accuracy: 0.6819
13/49 [======>.......................] - ETA: 2s - loss: 0.9038 - accuracy: 0.6824
15/49 [========>.....................] - ETA: 1s - loss: 0.9042 - accuracy: 0.6827
16/49 [========>.....................] - ETA: 1s - loss: 0.9036 - accuracy: 0.6836
18/49 [==========>...................] - ETA: 1s - loss: 0.9005 - accuracy: 0.6851
19/49 [==========>...................] - ETA: 1s - loss: 0.9041 - accuracy: 0.6833
20/49 [===========>..................] - ETA: 1s - loss: 0.9035 - accuracy: 0.6839
21/49 [===========>..................] - ETA: 1s - loss: 0.9032 - accuracy: 0.6840
22/49 [============>.................] - ETA: 1s - loss: 0.9037 - accuracy: 0.6837
24/49 [=============>................] - ETA: 1s - loss: 0.9010 - accuracy: 0.6847
26/49 [==============>...............] - ETA: 1s - loss: 0.9010 - accuracy: 0.6844
27/49 [===============>..............] - ETA: 1s - loss: 0.9014 - accuracy: 0.6841
29/49 [================>.............] - ETA: 1s - loss: 0.9018 - accuracy: 0.6846
30/49 [=================>............] - ETA: 1s - loss: 0.9021 - accuracy: 0.6847
32/49 [==================>...........] - ETA: 0s - loss: 0.8997 - accuracy: 0.6853
33/49 [===================>..........] - ETA: 0s - loss: 0.9013 - accuracy: 0.6849
35/49 [====================>.........] - ETA: 0s - loss: 0.9021 - accuracy: 0.6840
37/49 [=====================>........] - ETA: 0s - loss: 0.9012 - accuracy: 0.6845
39/49 [======================>.......] - ETA: 0s - loss: 0.9025 - accuracy: 0.6845
41/49 [========================>.....] - ETA: 0s - loss: 0.9011 - accuracy: 0.6851
43/49 [=========================>....] - ETA: 0s - loss: 0.9007 - accuracy: 0.6854
45/49 [==========================>...] - ETA: 0s - loss: 0.9010 - accuracy: 0.6855
46/49 [===========================>..] - ETA: 0s - loss: 0.9002 - accuracy: 0.6860
48/49 [============================>.] - ETA: 0s - loss: 0.9005 - accuracy: 0.6861
49/49 [==============================] - 3s 66ms/step - loss: 0.9011 - accuracy: 0.6859 - val_loss: 2.0527 - val_accuracy: 0.4517
Epoch 5/22

 1/49 [..............................] - ETA: 4s - loss: 0.8271 - accuracy: 0.7070
 3/49 [>.............................] - ETA: 2s - loss: 0.8246 - accuracy: 0.7152
 5/49 [==>...........................] - ETA: 2s - loss: 0.8228 - accuracy: 0.7164
 6/49 [==>...........................] - ETA: 2s - loss: 0.8262 - accuracy: 0.7168
 7/49 [===>..........................] - ETA: 2s - loss: 0.8245 - accuracy: 0.7181
 8/49 [===>..........................] - ETA: 2s - loss: 0.8293 - accuracy: 0.7164
10/49 [=====>........................] - ETA: 2s - loss: 0.8257 - accuracy: 0.7162
12/49 [======>.......................] - ETA: 2s - loss: 0.8280 - accuracy: 0.7145
13/49 [======>.......................] - ETA: 1s - loss: 0.8271 - accuracy: 0.7140
14/49 [=======>......................] - ETA: 1s - loss: 0.8257 - accuracy: 0.7149
16/49 [========>.....................] - ETA: 1s - loss: 0.8257 - accuracy: 0.7153
18/49 [==========>...................] - ETA: 1s - loss: 0.8282 - accuracy: 0.7150
19/49 [==========>...................] - ETA: 1s - loss: 0.8320 - accuracy: 0.7143
21/49 [===========>..................] - ETA: 1s - loss: 0.8332 - accuracy: 0.7132
23/49 [=============>................] - ETA: 1s - loss: 0.8313 - accuracy: 0.7143
24/49 [=============>................] - ETA: 1s - loss: 0.8332 - accuracy: 0.7136
26/49 [==============>...............] - ETA: 1s - loss: 0.8322 - accuracy: 0.7138
27/49 [===============>..............] - ETA: 1s - loss: 0.8312 - accuracy: 0.7136
29/49 [================>.............] - ETA: 1s - loss: 0.8311 - accuracy: 0.7134
31/49 [=================>............] - ETA: 1s - loss: 0.8308 - accuracy: 0.7131
32/49 [==================>...........] - ETA: 0s - loss: 0.8320 - accuracy: 0.7127
34/49 [===================>..........] - ETA: 0s - loss: 0.8330 - accuracy: 0.7114
35/49 [====================>.........] - ETA: 0s - loss: 0.8337 - accuracy: 0.7110
37/49 [=====================>........] - ETA: 0s - loss: 0.8339 - accuracy: 0.7110
38/49 [======================>.......] - ETA: 0s - loss: 0.8320 - accuracy: 0.7117
40/49 [=======================>......] - ETA: 0s - loss: 0.8334 - accuracy: 0.7112
42/49 [========================>.....] - ETA: 0s - loss: 0.8312 - accuracy: 0.7121
43/49 [=========================>....] - ETA: 0s - loss: 0.8316 - accuracy: 0.7120
45/49 [==========================>...] - ETA: 0s - loss: 0.8305 - accuracy: 0.7122
47/49 [===========================>..] - ETA: 0s - loss: 0.8306 - accuracy: 0.7120
48/49 [============================>.] - ETA: 0s - loss: 0.8310 - accuracy: 0.7114
49/49 [==============================] - ETA: 0s - loss: 0.8315 - accuracy: 0.7114
49/49 [==============================] - 3s 69ms/step - loss: 0.8315 - accuracy: 0.7114 - val_loss: 1.9525 - val_accuracy: 0.5333
Epoch 6/22

 1/49 [..............................] - ETA: 4s - loss: 0.7820 - accuracy: 0.7207
 2/49 [>.............................] - ETA: 2s - loss: 0.7891 - accuracy: 0.7202
 4/49 [=>............................] - ETA: 2s - loss: 0.8059 - accuracy: 0.7131
 5/49 [==>...........................] - ETA: 2s - loss: 0.7957 - accuracy: 0.7186
 7/49 [===>..........................] - ETA: 2s - loss: 0.7865 - accuracy: 0.7228
 8/49 [===>..........................] - ETA: 2s - loss: 0.7850 - accuracy: 0.7223
10/49 [=====>........................] - ETA: 2s - loss: 0.7897 - accuracy: 0.7232
12/49 [======>.......................] - ETA: 2s - loss: 0.7879 - accuracy: 0.7245
13/49 [======>.......................] - ETA: 2s - loss: 0.7870 - accuracy: 0.7247
15/49 [========>.....................] - ETA: 1s - loss: 0.7847 - accuracy: 0.7257
16/49 [========>.....................] - ETA: 1s - loss: 0.7806 - accuracy: 0.7281
18/49 [==========>...................] - ETA: 1s - loss: 0.7790 - accuracy: 0.7289
20/49 [===========>..................] - ETA: 1s - loss: 0.7775 - accuracy: 0.7305
22/49 [============>.................] - ETA: 1s - loss: 0.7797 - accuracy: 0.7299
23/49 [=============>................] - ETA: 1s - loss: 0.7770 - accuracy: 0.7307
25/49 [==============>...............] - ETA: 1s - loss: 0.7778 - accuracy: 0.7293
26/49 [==============>...............] - ETA: 1s - loss: 0.7786 - accuracy: 0.7290
28/49 [================>.............] - ETA: 1s - loss: 0.7789 - accuracy: 0.7280
29/49 [================>.............] - ETA: 1s - loss: 0.7785 - accuracy: 0.7287
31/49 [=================>............] - ETA: 1s - loss: 0.7801 - accuracy: 0.7284
32/49 [==================>...........] - ETA: 0s - loss: 0.7811 - accuracy: 0.7278
34/49 [===================>..........] - ETA: 0s - loss: 0.7796 - accuracy: 0.7291
36/49 [=====================>........] - ETA: 0s - loss: 0.7814 - accuracy: 0.7284
37/49 [=====================>........] - ETA: 0s - loss: 0.7813 - accuracy: 0.7282
39/49 [======================>.......] - ETA: 0s - loss: 0.7817 - accuracy: 0.7280
41/49 [========================>.....] - ETA: 0s - loss: 0.7808 - accuracy: 0.7287
42/49 [========================>.....] - ETA: 0s - loss: 0.7803 - accuracy: 0.7290
44/49 [=========================>....] - ETA: 0s - loss: 0.7795 - accuracy: 0.7299
45/49 [==========================>...] - ETA: 0s - loss: 0.7784 - accuracy: 0.7305
47/49 [===========================>..] - ETA: 0s - loss: 0.7792 - accuracy: 0.7298
48/49 [============================>.] - ETA: 0s - loss: 0.7790 - accuracy: 0.7297
49/49 [==============================] - 4s 71ms/step - loss: 0.7782 - accuracy: 0.7301 - val_loss: 1.8491 - val_accuracy: 0.5143
Epoch 7/22

 1/49 [..............................] - ETA: 3s - loss: 0.7510 - accuracy: 0.7461
 3/49 [>.............................] - ETA: 1s - loss: 0.7380 - accuracy: 0.7490
 5/49 [==>...........................] - ETA: 1s - loss: 0.7307 - accuracy: 0.7522
 7/49 [===>..........................] - ETA: 1s - loss: 0.7314 - accuracy: 0.7486
 9/49 [====>.........................] - ETA: 1s - loss: 0.7201 - accuracy: 0.7529
11/49 [=====>........................] - ETA: 1s - loss: 0.7200 - accuracy: 0.7545
13/49 [======>.......................] - ETA: 1s - loss: 0.7186 - accuracy: 0.7553
15/49 [========>.....................] - ETA: 1s - loss: 0.7189 - accuracy: 0.7549
16/49 [========>.....................] - ETA: 1s - loss: 0.7230 - accuracy: 0.7537
17/49 [=========>....................] - ETA: 1s - loss: 0.7241 - accuracy: 0.7532
19/49 [==========>...................] - ETA: 1s - loss: 0.7242 - accuracy: 0.7542
20/49 [===========>..................] - ETA: 1s - loss: 0.7240 - accuracy: 0.7539
22/49 [============>.................] - ETA: 1s - loss: 0.7216 - accuracy: 0.7554
23/49 [=============>................] - ETA: 1s - loss: 0.7221 - accuracy: 0.7551
25/49 [==============>...............] - ETA: 1s - loss: 0.7239 - accuracy: 0.7541
27/49 [===============>..............] - ETA: 1s - loss: 0.7247 - accuracy: 0.7538
28/49 [================>.............] - ETA: 1s - loss: 0.7241 - accuracy: 0.7538
30/49 [=================>............] - ETA: 0s - loss: 0.7215 - accuracy: 0.7545
32/49 [==================>...........] - ETA: 0s - loss: 0.7212 - accuracy: 0.7547
34/49 [===================>..........] - ETA: 0s - loss: 0.7224 - accuracy: 0.7539
35/49 [====================>.........] - ETA: 0s - loss: 0.7231 - accuracy: 0.7531
37/49 [=====================>........] - ETA: 0s - loss: 0.7264 - accuracy: 0.7515
38/49 [======================>.......] - ETA: 0s - loss: 0.7270 - accuracy: 0.7515
40/49 [=======================>......] - ETA: 0s - loss: 0.7264 - accuracy: 0.7515
41/49 [========================>.....] - ETA: 0s - loss: 0.7262 - accuracy: 0.7517
43/49 [=========================>....] - ETA: 0s - loss: 0.7272 - accuracy: 0.7517
44/49 [=========================>....] - ETA: 0s - loss: 0.7274 - accuracy: 0.7516
46/49 [===========================>..] - ETA: 0s - loss: 0.7280 - accuracy: 0.7511
48/49 [============================>.] - ETA: 0s - loss: 0.7294 - accuracy: 0.7504
49/49 [==============================] - ETA: 0s - loss: 0.7298 - accuracy: 0.7502
49/49 [==============================] - 3s 68ms/step - loss: 0.7298 - accuracy: 0.7502 - val_loss: 1.7164 - val_accuracy: 0.5793
Epoch 8/22

 1/49 [..............................] - ETA: 3s - loss: 0.6971 - accuracy: 0.7656
 2/49 [>.............................] - ETA: 2s - loss: 0.7065 - accuracy: 0.7622
 4/49 [=>............................] - ETA: 2s - loss: 0.6896 - accuracy: 0.7671
 5/49 [==>...........................] - ETA: 2s - loss: 0.6934 - accuracy: 0.7666
 7/49 [===>..........................] - ETA: 2s - loss: 0.6849 - accuracy: 0.7694
 9/49 [====>.........................] - ETA: 2s - loss: 0.6761 - accuracy: 0.7695
11/49 [=====>........................] - ETA: 1s - loss: 0.6750 - accuracy: 0.7692
13/49 [======>.......................] - ETA: 1s - loss: 0.6722 - accuracy: 0.7710
15/49 [========>.....................] - ETA: 1s - loss: 0.6751 - accuracy: 0.7703
17/49 [=========>....................] - ETA: 1s - loss: 0.6760 - accuracy: 0.7699
19/49 [==========>...................] - ETA: 1s - loss: 0.6769 - accuracy: 0.7689
21/49 [===========>..................] - ETA: 1s - loss: 0.6798 - accuracy: 0.7667
23/49 [=============>................] - ETA: 1s - loss: 0.6817 - accuracy: 0.7652
25/49 [==============>...............] - ETA: 1s - loss: 0.6764 - accuracy: 0.7668
27/49 [===============>..............] - ETA: 0s - loss: 0.6769 - accuracy: 0.7661
29/49 [================>.............] - ETA: 0s - loss: 0.6814 - accuracy: 0.7643
31/49 [=================>............] - ETA: 0s - loss: 0.6787 - accuracy: 0.7650
33/49 [===================>..........] - ETA: 0s - loss: 0.6799 - accuracy: 0.7644
35/49 [====================>.........] - ETA: 0s - loss: 0.6791 - accuracy: 0.7647
36/49 [=====================>........] - ETA: 0s - loss: 0.6797 - accuracy: 0.7646
38/49 [======================>.......] - ETA: 0s - loss: 0.6821 - accuracy: 0.7643
39/49 [======================>.......] - ETA: 0s - loss: 0.6807 - accuracy: 0.7645
41/49 [========================>.....] - ETA: 0s - loss: 0.6785 - accuracy: 0.7653
42/49 [========================>.....] - ETA: 0s - loss: 0.6790 - accuracy: 0.7652
44/49 [=========================>....] - ETA: 0s - loss: 0.6807 - accuracy: 0.7648
46/49 [===========================>..] - ETA: 0s - loss: 0.6837 - accuracy: 0.7641
48/49 [============================>.] - ETA: 0s - loss: 0.6827 - accuracy: 0.7648
49/49 [==============================] - ETA: 0s - loss: 0.6828 - accuracy: 0.7648
49/49 [==============================] - 3s 65ms/step - loss: 0.6828 - accuracy: 0.7648 - val_loss: 1.4531 - val_accuracy: 0.6367
Epoch 9/22

 1/49 [..............................] - ETA: 3s - loss: 0.6576 - accuracy: 0.7754
 2/49 [>.............................] - ETA: 2s - loss: 0.6479 - accuracy: 0.7798
 4/49 [=>............................] - ETA: 2s - loss: 0.6363 - accuracy: 0.7822
 5/49 [==>...........................] - ETA: 2s - loss: 0.6362 - accuracy: 0.7797
 7/49 [===>..........................] - ETA: 2s - loss: 0.6359 - accuracy: 0.7807
 8/49 [===>..........................] - ETA: 2s - loss: 0.6296 - accuracy: 0.7821
10/49 [=====>........................] - ETA: 2s - loss: 0.6340 - accuracy: 0.7807
11/49 [=====>........................] - ETA: 2s - loss: 0.6343 - accuracy: 0.7803
12/49 [======>.......................] - ETA: 2s - loss: 0.6374 - accuracy: 0.7791
14/49 [=======>......................] - ETA: 1s - loss: 0.6387 - accuracy: 0.7797
15/49 [========>.....................] - ETA: 1s - loss: 0.6415 - accuracy: 0.7789
17/49 [=========>....................] - ETA: 1s - loss: 0.6433 - accuracy: 0.7787
19/49 [==========>...................] - ETA: 1s - loss: 0.6435 - accuracy: 0.7793
20/49 [===========>..................] - ETA: 1s - loss: 0.6449 - accuracy: 0.7787
22/49 [============>.................] - ETA: 1s - loss: 0.6444 - accuracy: 0.7789
24/49 [=============>................] - ETA: 1s - loss: 0.6440 - accuracy: 0.7800
26/49 [==============>...............] - ETA: 1s - loss: 0.6456 - accuracy: 0.7793
28/49 [================>.............] - ETA: 1s - loss: 0.6485 - accuracy: 0.7787
30/49 [=================>............] - ETA: 1s - loss: 0.6486 - accuracy: 0.7789
32/49 [==================>...........] - ETA: 0s - loss: 0.6488 - accuracy: 0.7778
34/49 [===================>..........] - ETA: 0s - loss: 0.6478 - accuracy: 0.7779
36/49 [=====================>........] - ETA: 0s - loss: 0.6474 - accuracy: 0.7781
38/49 [======================>.......] - ETA: 0s - loss: 0.6483 - accuracy: 0.7779
40/49 [=======================>......] - ETA: 0s - loss: 0.6476 - accuracy: 0.7776
42/49 [========================>.....] - ETA: 0s - loss: 0.6473 - accuracy: 0.7778
44/49 [=========================>....] - ETA: 0s - loss: 0.6479 - accuracy: 0.7774
46/49 [===========================>..] - ETA: 0s - loss: 0.6497 - accuracy: 0.7765
48/49 [============================>.] - ETA: 0s - loss: 0.6514 - accuracy: 0.7759
49/49 [==============================] - ETA: 0s - loss: 0.6512 - accuracy: 0.7759
49/49 [==============================] - 3s 65ms/step - loss: 0.6512 - accuracy: 0.7759 - val_loss: 1.2856 - val_accuracy: 0.6411
Epoch 10/22

 1/49 [..............................] - ETA: 4s - loss: 0.6250 - accuracy: 0.7939
 2/49 [>.............................] - ETA: 2s - loss: 0.5934 - accuracy: 0.7983
 4/49 [=>............................] - ETA: 2s - loss: 0.5924 - accuracy: 0.7979
 5/49 [==>...........................] - ETA: 2s - loss: 0.5943 - accuracy: 0.7979
 7/49 [===>..........................] - ETA: 2s - loss: 0.5943 - accuracy: 0.7967
 9/49 [====>.........................] - ETA: 2s - loss: 0.5931 - accuracy: 0.7989
10/49 [=====>........................] - ETA: 2s - loss: 0.5926 - accuracy: 0.7991
12/49 [======>.......................] - ETA: 2s - loss: 0.5941 - accuracy: 0.7986
13/49 [======>.......................] - ETA: 2s - loss: 0.5933 - accuracy: 0.7989
15/49 [========>.....................] - ETA: 1s - loss: 0.5933 - accuracy: 0.7971
17/49 [=========>....................] - ETA: 1s - loss: 0.5977 - accuracy: 0.7948
18/49 [==========>...................] - ETA: 1s - loss: 0.5980 - accuracy: 0.7953
19/49 [==========>...................] - ETA: 1s - loss: 0.5998 - accuracy: 0.7949
20/49 [===========>..................] - ETA: 1s - loss: 0.5996 - accuracy: 0.7946
22/49 [============>.................] - ETA: 1s - loss: 0.6029 - accuracy: 0.7929
24/49 [=============>................] - ETA: 1s - loss: 0.6030 - accuracy: 0.7925
25/49 [==============>...............] - ETA: 1s - loss: 0.6029 - accuracy: 0.7925
27/49 [===============>..............] - ETA: 1s - loss: 0.6010 - accuracy: 0.7926
29/49 [================>.............] - ETA: 1s - loss: 0.6018 - accuracy: 0.7921
30/49 [=================>............] - ETA: 1s - loss: 0.6027 - accuracy: 0.7920
31/49 [=================>............] - ETA: 1s - loss: 0.6047 - accuracy: 0.7914
33/49 [===================>..........] - ETA: 0s - loss: 0.6037 - accuracy: 0.7916
35/49 [====================>.........] - ETA: 0s - loss: 0.6069 - accuracy: 0.7904
37/49 [=====================>........] - ETA: 0s - loss: 0.6090 - accuracy: 0.7896
39/49 [======================>.......] - ETA: 0s - loss: 0.6081 - accuracy: 0.7897
41/49 [========================>.....] - ETA: 0s - loss: 0.6097 - accuracy: 0.7892
43/49 [=========================>....] - ETA: 0s - loss: 0.6119 - accuracy: 0.7889
45/49 [==========================>...] - ETA: 0s - loss: 0.6132 - accuracy: 0.7883
47/49 [===========================>..] - ETA: 0s - loss: 0.6131 - accuracy: 0.7881
49/49 [==============================] - ETA: 0s - loss: 0.6126 - accuracy: 0.7885
49/49 [==============================] - 3s 67ms/step - loss: 0.6126 - accuracy: 0.7885 - val_loss: 1.0973 - val_accuracy: 0.6788
Epoch 11/22

 1/49 [..............................] - ETA: 3s - loss: 0.5447 - accuracy: 0.8203
 2/49 [>.............................] - ETA: 2s - loss: 0.5744 - accuracy: 0.8032
 3/49 [>.............................] - ETA: 2s - loss: 0.5683 - accuracy: 0.8086
 5/49 [==>...........................] - ETA: 2s - loss: 0.5646 - accuracy: 0.8086
 6/49 [==>...........................] - ETA: 2s - loss: 0.5622 - accuracy: 0.8107
 8/49 [===>..........................] - ETA: 2s - loss: 0.5643 - accuracy: 0.8086
 9/49 [====>.........................] - ETA: 2s - loss: 0.5647 - accuracy: 0.8084
11/49 [=====>........................] - ETA: 2s - loss: 0.5673 - accuracy: 0.8050
12/49 [======>.......................] - ETA: 2s - loss: 0.5701 - accuracy: 0.8047
14/49 [=======>......................] - ETA: 2s - loss: 0.5757 - accuracy: 0.8013
15/49 [========>.....................] - ETA: 1s - loss: 0.5774 - accuracy: 0.8011
16/49 [========>.....................] - ETA: 1s - loss: 0.5804 - accuracy: 0.8007
17/49 [=========>....................] - ETA: 1s - loss: 0.5829 - accuracy: 0.8002
19/49 [==========>...................] - ETA: 1s - loss: 0.5882 - accuracy: 0.7974
20/49 [===========>..................] - ETA: 1s - loss: 0.5872 - accuracy: 0.7975
22/49 [============>.................] - ETA: 1s - loss: 0.5858 - accuracy: 0.7983
23/49 [=============>................] - ETA: 1s - loss: 0.5850 - accuracy: 0.7983
25/49 [==============>...............] - ETA: 1s - loss: 0.5849 - accuracy: 0.7989
26/49 [==============>...............] - ETA: 1s - loss: 0.5850 - accuracy: 0.7989
28/49 [================>.............] - ETA: 1s - loss: 0.5851 - accuracy: 0.7987
29/49 [================>.............] - ETA: 1s - loss: 0.5843 - accuracy: 0.7987
31/49 [=================>............] - ETA: 1s - loss: 0.5843 - accuracy: 0.7985
33/49 [===================>..........] - ETA: 0s - loss: 0.5859 - accuracy: 0.7973
34/49 [===================>..........] - ETA: 0s - loss: 0.5856 - accuracy: 0.7972
36/49 [=====================>........] - ETA: 0s - loss: 0.5876 - accuracy: 0.7961
37/49 [=====================>........] - ETA: 0s - loss: 0.5877 - accuracy: 0.7957
39/49 [======================>.......] - ETA: 0s - loss: 0.5882 - accuracy: 0.7952
41/49 [========================>.....] - ETA: 0s - loss: 0.5880 - accuracy: 0.7954
42/49 [========================>.....] - ETA: 0s - loss: 0.5882 - accuracy: 0.7953
44/49 [=========================>....] - ETA: 0s - loss: 0.5886 - accuracy: 0.7956
46/49 [===========================>..] - ETA: 0s - loss: 0.5889 - accuracy: 0.7960
48/49 [============================>.] - ETA: 0s - loss: 0.5907 - accuracy: 0.7953
49/49 [==============================] - ETA: 0s - loss: 0.5923 - accuracy: 0.7946
49/49 [==============================] - 3s 69ms/step - loss: 0.5923 - accuracy: 0.7946 - val_loss: 0.9730 - val_accuracy: 0.6979
Epoch 12/22

 1/49 [..............................] - ETA: 3s - loss: 0.5431 - accuracy: 0.8057
 3/49 [>.............................] - ETA: 2s - loss: 0.5455 - accuracy: 0.8076
 5/49 [==>...........................] - ETA: 2s - loss: 0.5332 - accuracy: 0.8166
 6/49 [==>...........................] - ETA: 2s - loss: 0.5388 - accuracy: 0.8145
 8/49 [===>..........................] - ETA: 2s - loss: 0.5432 - accuracy: 0.8141
10/49 [=====>........................] - ETA: 2s - loss: 0.5427 - accuracy: 0.8136
11/49 [=====>........................] - ETA: 2s - loss: 0.5450 - accuracy: 0.8138
13/49 [======>.......................] - ETA: 1s - loss: 0.5431 - accuracy: 0.8130
14/49 [=======>......................] - ETA: 1s - loss: 0.5424 - accuracy: 0.8128
16/49 [========>.....................] - ETA: 1s - loss: 0.5448 - accuracy: 0.8112
18/49 [==========>...................] - ETA: 1s - loss: 0.5469 - accuracy: 0.8108
19/49 [==========>...................] - ETA: 1s - loss: 0.5491 - accuracy: 0.8103
20/49 [===========>..................] - ETA: 1s - loss: 0.5492 - accuracy: 0.8104
22/49 [============>.................] - ETA: 1s - loss: 0.5522 - accuracy: 0.8096
24/49 [=============>................] - ETA: 1s - loss: 0.5526 - accuracy: 0.8081
25/49 [==============>...............] - ETA: 1s - loss: 0.5544 - accuracy: 0.8079
27/49 [===============>..............] - ETA: 1s - loss: 0.5559 - accuracy: 0.8076
28/49 [================>.............] - ETA: 1s - loss: 0.5565 - accuracy: 0.8074
30/49 [=================>............] - ETA: 1s - loss: 0.5571 - accuracy: 0.8074
32/49 [==================>...........] - ETA: 0s - loss: 0.5572 - accuracy: 0.8075
33/49 [===================>..........] - ETA: 0s - loss: 0.5581 - accuracy: 0.8069
35/49 [====================>.........] - ETA: 0s - loss: 0.5582 - accuracy: 0.8069
36/49 [=====================>........] - ETA: 0s - loss: 0.5580 - accuracy: 0.8071
38/49 [======================>.......] - ETA: 0s - loss: 0.5585 - accuracy: 0.8067
39/49 [======================>.......] - ETA: 0s - loss: 0.5592 - accuracy: 0.8063
41/49 [========================>.....] - ETA: 0s - loss: 0.5595 - accuracy: 0.8061
42/49 [========================>.....] - ETA: 0s - loss: 0.5600 - accuracy: 0.8059
44/49 [=========================>....] - ETA: 0s - loss: 0.5616 - accuracy: 0.8052
45/49 [==========================>...] - ETA: 0s - loss: 0.5612 - accuracy: 0.8052
47/49 [===========================>..] - ETA: 0s - loss: 0.5623 - accuracy: 0.8050
49/49 [==============================] - ETA: 0s - loss: 0.5629 - accuracy: 0.8046
49/49 [==============================] - 4s 72ms/step - loss: 0.5629 - accuracy: 0.8046 - val_loss: 0.8995 - val_accuracy: 0.6941
Epoch 13/22

 1/49 [..............................] - ETA: 3s - loss: 0.4825 - accuracy: 0.8291
 3/49 [>.............................] - ETA: 1s - loss: 0.5332 - accuracy: 0.8154
 5/49 [==>...........................] - ETA: 1s - loss: 0.5292 - accuracy: 0.8201
 7/49 [===>..........................] - ETA: 1s - loss: 0.5269 - accuracy: 0.8213
 9/49 [====>.........................] - ETA: 1s - loss: 0.5242 - accuracy: 0.8219
11/49 [=====>........................] - ETA: 1s - loss: 0.5252 - accuracy: 0.8230
13/49 [======>.......................] - ETA: 1s - loss: 0.5247 - accuracy: 0.8233
15/49 [========>.....................] - ETA: 1s - loss: 0.5239 - accuracy: 0.8217
17/49 [=========>....................] - ETA: 1s - loss: 0.5271 - accuracy: 0.8207
19/49 [==========>...................] - ETA: 1s - loss: 0.5270 - accuracy: 0.8192
20/49 [===========>..................] - ETA: 1s - loss: 0.5279 - accuracy: 0.8186
22/49 [============>.................] - ETA: 1s - loss: 0.5294 - accuracy: 0.8180
23/49 [=============>................] - ETA: 1s - loss: 0.5311 - accuracy: 0.8173
25/49 [==============>...............] - ETA: 1s - loss: 0.5329 - accuracy: 0.8168
26/49 [==============>...............] - ETA: 1s - loss: 0.5352 - accuracy: 0.8160
28/49 [================>.............] - ETA: 0s - loss: 0.5354 - accuracy: 0.8153
29/49 [================>.............] - ETA: 0s - loss: 0.5345 - accuracy: 0.8152
30/49 [=================>............] - ETA: 0s - loss: 0.5353 - accuracy: 0.8148
32/49 [==================>...........] - ETA: 0s - loss: 0.5364 - accuracy: 0.8144
34/49 [===================>..........] - ETA: 0s - loss: 0.5388 - accuracy: 0.8135
35/49 [====================>.........] - ETA: 0s - loss: 0.5402 - accuracy: 0.8130
37/49 [=====================>........] - ETA: 0s - loss: 0.5417 - accuracy: 0.8125
38/49 [======================>.......] - ETA: 0s - loss: 0.5419 - accuracy: 0.8122
40/49 [=======================>......] - ETA: 0s - loss: 0.5433 - accuracy: 0.8112
41/49 [========================>.....] - ETA: 0s - loss: 0.5444 - accuracy: 0.8108
43/49 [=========================>....] - ETA: 0s - loss: 0.5445 - accuracy: 0.8105
44/49 [=========================>....] - ETA: 0s - loss: 0.5453 - accuracy: 0.8101
46/49 [===========================>..] - ETA: 0s - loss: 0.5454 - accuracy: 0.8101
48/49 [============================>.] - ETA: 0s - loss: 0.5474 - accuracy: 0.8090
49/49 [==============================] - ETA: 0s - loss: 0.5474 - accuracy: 0.8091
49/49 [==============================] - 3s 68ms/step - loss: 0.5474 - accuracy: 0.8091 - val_loss: 0.8697 - val_accuracy: 0.7005
Epoch 14/22

 1/49 [..............................] - ETA: 4s - loss: 0.4901 - accuracy: 0.8340
 2/49 [>.............................] - ETA: 2s - loss: 0.5015 - accuracy: 0.8271
 3/49 [>.............................] - ETA: 2s - loss: 0.5093 - accuracy: 0.8258
 5/49 [==>...........................] - ETA: 2s - loss: 0.5164 - accuracy: 0.8250
 7/49 [===>..........................] - ETA: 2s - loss: 0.5169 - accuracy: 0.8223
 9/49 [====>.........................] - ETA: 2s - loss: 0.5171 - accuracy: 0.8229
11/49 [=====>........................] - ETA: 1s - loss: 0.5124 - accuracy: 0.8234
13/49 [======>.......................] - ETA: 1s - loss: 0.5107 - accuracy: 0.8243
15/49 [========>.....................] - ETA: 1s - loss: 0.5105 - accuracy: 0.8230
17/49 [=========>....................] - ETA: 1s - loss: 0.5131 - accuracy: 0.8225
19/49 [==========>...................] - ETA: 1s - loss: 0.5154 - accuracy: 0.8226
21/49 [===========>..................] - ETA: 1s - loss: 0.5168 - accuracy: 0.8229
23/49 [=============>................] - ETA: 1s - loss: 0.5183 - accuracy: 0.8224
25/49 [==============>...............] - ETA: 1s - loss: 0.5182 - accuracy: 0.8216
27/49 [===============>..............] - ETA: 0s - loss: 0.5180 - accuracy: 0.8213
29/49 [================>.............] - ETA: 0s - loss: 0.5177 - accuracy: 0.8213
31/49 [=================>............] - ETA: 0s - loss: 0.5195 - accuracy: 0.8200
33/49 [===================>..........] - ETA: 0s - loss: 0.5212 - accuracy: 0.8194
34/49 [===================>..........] - ETA: 0s - loss: 0.5214 - accuracy: 0.8191
36/49 [=====================>........] - ETA: 0s - loss: 0.5235 - accuracy: 0.8184
37/49 [=====================>........] - ETA: 0s - loss: 0.5242 - accuracy: 0.8181
39/49 [======================>.......] - ETA: 0s - loss: 0.5246 - accuracy: 0.8179
41/49 [========================>.....] - ETA: 0s - loss: 0.5233 - accuracy: 0.8187
42/49 [========================>.....] - ETA: 0s - loss: 0.5232 - accuracy: 0.8186
44/49 [=========================>....] - ETA: 0s - loss: 0.5227 - accuracy: 0.8188
46/49 [===========================>..] - ETA: 0s - loss: 0.5233 - accuracy: 0.8185
47/49 [===========================>..] - ETA: 0s - loss: 0.5237 - accuracy: 0.8184
49/49 [==============================] - ETA: 0s - loss: 0.5258 - accuracy: 0.8177
49/49 [==============================] - 3s 65ms/step - loss: 0.5258 - accuracy: 0.8177 - val_loss: 0.8338 - val_accuracy: 0.7147
Epoch 15/22

 1/49 [..............................] - ETA: 3s - loss: 0.4753 - accuracy: 0.8320
 2/49 [>.............................] - ETA: 2s - loss: 0.4723 - accuracy: 0.8345
 4/49 [=>............................] - ETA: 2s - loss: 0.4972 - accuracy: 0.8286
 5/49 [==>...........................] - ETA: 2s - loss: 0.4992 - accuracy: 0.8262
 7/49 [===>..........................] - ETA: 2s - loss: 0.4895 - accuracy: 0.8306
 8/49 [===>..........................] - ETA: 2s - loss: 0.4877 - accuracy: 0.8322
10/49 [=====>........................] - ETA: 2s - loss: 0.4924 - accuracy: 0.8305
12/49 [======>.......................] - ETA: 2s - loss: 0.4939 - accuracy: 0.8295
13/49 [======>.......................] - ETA: 2s - loss: 0.4975 - accuracy: 0.8277
15/49 [========>.....................] - ETA: 1s - loss: 0.4936 - accuracy: 0.8279
16/49 [========>.....................] - ETA: 1s - loss: 0.4968 - accuracy: 0.8265
18/49 [==========>...................] - ETA: 1s - loss: 0.4972 - accuracy: 0.8263
20/49 [===========>..................] - ETA: 1s - loss: 0.4982 - accuracy: 0.8268
21/49 [===========>..................] - ETA: 1s - loss: 0.4988 - accuracy: 0.8269
23/49 [=============>................] - ETA: 1s - loss: 0.4977 - accuracy: 0.8275
25/49 [==============>...............] - ETA: 1s - loss: 0.4963 - accuracy: 0.8282
27/49 [===============>..............] - ETA: 1s - loss: 0.4943 - accuracy: 0.8295
29/49 [================>.............] - ETA: 1s - loss: 0.4928 - accuracy: 0.8296
31/49 [=================>............] - ETA: 0s - loss: 0.4920 - accuracy: 0.8302
33/49 [===================>..........] - ETA: 0s - loss: 0.4918 - accuracy: 0.8302
35/49 [====================>.........] - ETA: 0s - loss: 0.4916 - accuracy: 0.8308
37/49 [=====================>........] - ETA: 0s - loss: 0.4930 - accuracy: 0.8303
39/49 [======================>.......] - ETA: 0s - loss: 0.4931 - accuracy: 0.8300
41/49 [========================>.....] - ETA: 0s - loss: 0.4945 - accuracy: 0.8291
43/49 [=========================>....] - ETA: 0s - loss: 0.4952 - accuracy: 0.8288
45/49 [==========================>...] - ETA: 0s - loss: 0.4954 - accuracy: 0.8286
47/49 [===========================>..] - ETA: 0s - loss: 0.4961 - accuracy: 0.8286
48/49 [============================>.] - ETA: 0s - loss: 0.4963 - accuracy: 0.8285
49/49 [==============================] - ETA: 0s - loss: 0.4970 - accuracy: 0.8280
49/49 [==============================] - 3s 65ms/step - loss: 0.4970 - accuracy: 0.8280 - val_loss: 0.8241 - val_accuracy: 0.7218
Epoch 16/22

 1/49 [..............................] - ETA: 4s - loss: 0.4900 - accuracy: 0.8438
 2/49 [>.............................] - ETA: 2s - loss: 0.4740 - accuracy: 0.8486
 3/49 [>.............................] - ETA: 2s - loss: 0.4816 - accuracy: 0.8395
 5/49 [==>...........................] - ETA: 2s - loss: 0.4770 - accuracy: 0.8346
 7/49 [===>..........................] - ETA: 2s - loss: 0.4802 - accuracy: 0.8338
 8/49 [===>..........................] - ETA: 2s - loss: 0.4766 - accuracy: 0.8358
10/49 [=====>........................] - ETA: 2s - loss: 0.4748 - accuracy: 0.8374
11/49 [=====>........................] - ETA: 2s - loss: 0.4752 - accuracy: 0.8365
13/49 [======>.......................] - ETA: 2s - loss: 0.4723 - accuracy: 0.8370
15/49 [========>.....................] - ETA: 1s - loss: 0.4728 - accuracy: 0.8365
16/49 [========>.....................] - ETA: 1s - loss: 0.4743 - accuracy: 0.8357
17/49 [=========>....................] - ETA: 1s - loss: 0.4755 - accuracy: 0.8348
19/49 [==========>...................] - ETA: 1s - loss: 0.4757 - accuracy: 0.8343
21/49 [===========>..................] - ETA: 1s - loss: 0.4766 - accuracy: 0.8337
23/49 [=============>................] - ETA: 1s - loss: 0.4784 - accuracy: 0.8320
25/49 [==============>...............] - ETA: 1s - loss: 0.4797 - accuracy: 0.8315
26/49 [==============>...............] - ETA: 1s - loss: 0.4787 - accuracy: 0.8319
28/49 [================>.............] - ETA: 1s - loss: 0.4792 - accuracy: 0.8319
29/49 [================>.............] - ETA: 1s - loss: 0.4787 - accuracy: 0.8320
31/49 [=================>............] - ETA: 1s - loss: 0.4795 - accuracy: 0.8319
32/49 [==================>...........] - ETA: 0s - loss: 0.4789 - accuracy: 0.8324
34/49 [===================>..........] - ETA: 0s - loss: 0.4800 - accuracy: 0.8323
35/49 [====================>.........] - ETA: 0s - loss: 0.4800 - accuracy: 0.8323
36/49 [=====================>........] - ETA: 0s - loss: 0.4804 - accuracy: 0.8321
38/49 [======================>.......] - ETA: 0s - loss: 0.4804 - accuracy: 0.8323
40/49 [=======================>......] - ETA: 0s - loss: 0.4809 - accuracy: 0.8318
42/49 [========================>.....] - ETA: 0s - loss: 0.4830 - accuracy: 0.8311
44/49 [=========================>....] - ETA: 0s - loss: 0.4838 - accuracy: 0.8307
46/49 [===========================>..] - ETA: 0s - loss: 0.4838 - accuracy: 0.8306
48/49 [============================>.] - ETA: 0s - loss: 0.4855 - accuracy: 0.8304
49/49 [==============================] - 3s 67ms/step - loss: 0.4880 - accuracy: 0.8296 - val_loss: 0.8183 - val_accuracy: 0.7294
Epoch 17/22

 1/49 [..............................] - ETA: 3s - loss: 0.4418 - accuracy: 0.8564
 2/49 [>.............................] - ETA: 2s - loss: 0.4216 - accuracy: 0.8579
 3/49 [>.............................] - ETA: 2s - loss: 0.4520 - accuracy: 0.8451
 5/49 [==>...........................] - ETA: 2s - loss: 0.4609 - accuracy: 0.8379
 6/49 [==>...........................] - ETA: 2s - loss: 0.4683 - accuracy: 0.8348
 8/49 [===>..........................] - ETA: 2s - loss: 0.4726 - accuracy: 0.8344
 9/49 [====>.........................] - ETA: 2s - loss: 0.4682 - accuracy: 0.8357
11/49 [=====>........................] - ETA: 2s - loss: 0.4605 - accuracy: 0.8394
12/49 [======>.......................] - ETA: 2s - loss: 0.4627 - accuracy: 0.8389
14/49 [=======>......................] - ETA: 1s - loss: 0.4640 - accuracy: 0.8366
15/49 [========>.....................] - ETA: 1s - loss: 0.4649 - accuracy: 0.8365
17/49 [=========>....................] - ETA: 1s - loss: 0.4673 - accuracy: 0.8354
19/49 [==========>...................] - ETA: 1s - loss: 0.4717 - accuracy: 0.8341
20/49 [===========>..................] - ETA: 1s - loss: 0.4753 - accuracy: 0.8324
22/49 [============>.................] - ETA: 1s - loss: 0.4753 - accuracy: 0.8329
24/49 [=============>................] - ETA: 1s - loss: 0.4752 - accuracy: 0.8328
25/49 [==============>...............] - ETA: 1s - loss: 0.4760 - accuracy: 0.8326
26/49 [==============>...............] - ETA: 1s - loss: 0.4765 - accuracy: 0.8330
27/49 [===============>..............] - ETA: 1s - loss: 0.4761 - accuracy: 0.8329
28/49 [================>.............] - ETA: 1s - loss: 0.4769 - accuracy: 0.8322
30/49 [=================>............] - ETA: 1s - loss: 0.4769 - accuracy: 0.8325
32/49 [==================>...........] - ETA: 0s - loss: 0.4806 - accuracy: 0.8312
33/49 [===================>..........] - ETA: 0s - loss: 0.4805 - accuracy: 0.8310
35/49 [====================>.........] - ETA: 0s - loss: 0.4813 - accuracy: 0.8314
36/49 [=====================>........] - ETA: 0s - loss: 0.4816 - accuracy: 0.8311
38/49 [======================>.......] - ETA: 0s - loss: 0.4824 - accuracy: 0.8312
40/49 [=======================>......] - ETA: 0s - loss: 0.4836 - accuracy: 0.8305
41/49 [========================>.....] - ETA: 0s - loss: 0.4835 - accuracy: 0.8308
43/49 [=========================>....] - ETA: 0s - loss: 0.4817 - accuracy: 0.8313
44/49 [=========================>....] - ETA: 0s - loss: 0.4809 - accuracy: 0.8318
45/49 [==========================>...] - ETA: 0s - loss: 0.4817 - accuracy: 0.8317
46/49 [===========================>..] - ETA: 0s - loss: 0.4830 - accuracy: 0.8315
47/49 [===========================>..] - ETA: 0s - loss: 0.4830 - accuracy: 0.8313
49/49 [==============================] - ETA: 0s - loss: 0.4852 - accuracy: 0.8300
49/49 [==============================] - 3s 69ms/step - loss: 0.4852 - accuracy: 0.8300 - val_loss: 1.1178 - val_accuracy: 0.6542
Epoch 18/22

 1/49 [..............................] - ETA: 3s - loss: 0.4252 - accuracy: 0.8496
 3/49 [>.............................] - ETA: 2s - loss: 0.4406 - accuracy: 0.8512
 5/49 [==>...........................] - ETA: 2s - loss: 0.4331 - accuracy: 0.8519
 7/49 [===>..........................] - ETA: 2s - loss: 0.4367 - accuracy: 0.8504
 8/49 [===>..........................] - ETA: 2s - loss: 0.4341 - accuracy: 0.8512
10/49 [=====>........................] - ETA: 2s - loss: 0.4309 - accuracy: 0.8514
11/49 [=====>........................] - ETA: 2s - loss: 0.4314 - accuracy: 0.8513
13/49 [======>.......................] - ETA: 1s - loss: 0.4371 - accuracy: 0.8499
15/49 [========>.....................] - ETA: 1s - loss: 0.4382 - accuracy: 0.8485
16/49 [========>.....................] - ETA: 1s - loss: 0.4390 - accuracy: 0.8483
18/49 [==========>...................] - ETA: 1s - loss: 0.4391 - accuracy: 0.8477
20/49 [===========>..................] - ETA: 1s - loss: 0.4398 - accuracy: 0.8470
21/49 [===========>..................] - ETA: 1s - loss: 0.4380 - accuracy: 0.8472
23/49 [=============>................] - ETA: 1s - loss: 0.4383 - accuracy: 0.8480
25/49 [==============>...............] - ETA: 1s - loss: 0.4381 - accuracy: 0.8481
26/49 [==============>...............] - ETA: 1s - loss: 0.4391 - accuracy: 0.8480
28/49 [================>.............] - ETA: 1s - loss: 0.4405 - accuracy: 0.8475
29/49 [================>.............] - ETA: 1s - loss: 0.4406 - accuracy: 0.8467
31/49 [=================>............] - ETA: 1s - loss: 0.4414 - accuracy: 0.8462
32/49 [==================>...........] - ETA: 0s - loss: 0.4409 - accuracy: 0.8467
34/49 [===================>..........] - ETA: 0s - loss: 0.4427 - accuracy: 0.8462
35/49 [====================>.........] - ETA: 0s - loss: 0.4436 - accuracy: 0.8458
37/49 [=====================>........] - ETA: 0s - loss: 0.4451 - accuracy: 0.8454
38/49 [======================>.......] - ETA: 0s - loss: 0.4465 - accuracy: 0.8452
40/49 [=======================>......] - ETA: 0s - loss: 0.4485 - accuracy: 0.8443
41/49 [========================>.....] - ETA: 0s - loss: 0.4485 - accuracy: 0.8444
43/49 [=========================>....] - ETA: 0s - loss: 0.4502 - accuracy: 0.8438
44/49 [=========================>....] - ETA: 0s - loss: 0.4507 - accuracy: 0.8432
46/49 [===========================>..] - ETA: 0s - loss: 0.4515 - accuracy: 0.8428
47/49 [===========================>..] - ETA: 0s - loss: 0.4519 - accuracy: 0.8428
49/49 [==============================] - ETA: 0s - loss: 0.4531 - accuracy: 0.8421
49/49 [==============================] - 4s 72ms/step - loss: 0.4531 - accuracy: 0.8421 - val_loss: 0.8105 - val_accuracy: 0.7262
Epoch 19/22

 1/49 [..............................] - ETA: 4s - loss: 0.4224 - accuracy: 0.8545
 3/49 [>.............................] - ETA: 1s - loss: 0.4307 - accuracy: 0.8490
 5/49 [==>...........................] - ETA: 1s - loss: 0.4318 - accuracy: 0.8471
 7/49 [===>..........................] - ETA: 1s - loss: 0.4237 - accuracy: 0.8523
 9/49 [====>.........................] - ETA: 1s - loss: 0.4174 - accuracy: 0.8539
11/49 [=====>........................] - ETA: 1s - loss: 0.4189 - accuracy: 0.8532
13/49 [======>.......................] - ETA: 1s - loss: 0.4203 - accuracy: 0.8539
15/49 [========>.....................] - ETA: 1s - loss: 0.4203 - accuracy: 0.8533
17/49 [=========>....................] - ETA: 1s - loss: 0.4199 - accuracy: 0.8543
18/49 [==========>...................] - ETA: 1s - loss: 0.4193 - accuracy: 0.8539
20/49 [===========>..................] - ETA: 1s - loss: 0.4185 - accuracy: 0.8547
21/49 [===========>..................] - ETA: 1s - loss: 0.4196 - accuracy: 0.8546
23/49 [=============>................] - ETA: 1s - loss: 0.4212 - accuracy: 0.8530
25/49 [==============>...............] - ETA: 1s - loss: 0.4224 - accuracy: 0.8524
26/49 [==============>...............] - ETA: 1s - loss: 0.4224 - accuracy: 0.8519
27/49 [===============>..............] - ETA: 1s - loss: 0.4233 - accuracy: 0.8516
28/49 [================>.............] - ETA: 1s - loss: 0.4236 - accuracy: 0.8510
30/49 [=================>............] - ETA: 0s - loss: 0.4270 - accuracy: 0.8501
31/49 [=================>............] - ETA: 0s - loss: 0.4261 - accuracy: 0.8503
33/49 [===================>..........] - ETA: 0s - loss: 0.4269 - accuracy: 0.8501
34/49 [===================>..........] - ETA: 0s - loss: 0.4289 - accuracy: 0.8495
35/49 [====================>.........] - ETA: 0s - loss: 0.4290 - accuracy: 0.8496
37/49 [=====================>........] - ETA: 0s - loss: 0.4320 - accuracy: 0.8484
38/49 [======================>.......] - ETA: 0s - loss: 0.4325 - accuracy: 0.8484
40/49 [=======================>......] - ETA: 0s - loss: 0.4325 - accuracy: 0.8487
42/49 [========================>.....] - ETA: 0s - loss: 0.4347 - accuracy: 0.8479
44/49 [=========================>....] - ETA: 0s - loss: 0.4351 - accuracy: 0.8476
45/49 [==========================>...] - ETA: 0s - loss: 0.4351 - accuracy: 0.8475
47/49 [===========================>..] - ETA: 0s - loss: 0.4356 - accuracy: 0.8475
48/49 [============================>.] - ETA: 0s - loss: 0.4366 - accuracy: 0.8473
49/49 [==============================] - 3s 69ms/step - loss: 0.4375 - accuracy: 0.8472 - val_loss: 0.8449 - val_accuracy: 0.7266
Epoch 20/22

 1/49 [..............................] - ETA: 3s - loss: 0.4198 - accuracy: 0.8496
 3/49 [>.............................] - ETA: 2s - loss: 0.4127 - accuracy: 0.8548
 4/49 [=>............................] - ETA: 2s - loss: 0.4101 - accuracy: 0.8572
 6/49 [==>...........................] - ETA: 2s - loss: 0.4137 - accuracy: 0.8582
 8/49 [===>..........................] - ETA: 2s - loss: 0.4183 - accuracy: 0.8534
10/49 [=====>........................] - ETA: 1s - loss: 0.4121 - accuracy: 0.8564
12/49 [======>.......................] - ETA: 1s - loss: 0.4170 - accuracy: 0.8560
14/49 [=======>......................] - ETA: 1s - loss: 0.4172 - accuracy: 0.8549
16/49 [========>.....................] - ETA: 1s - loss: 0.4158 - accuracy: 0.8553
18/49 [==========>...................] - ETA: 1s - loss: 0.4165 - accuracy: 0.8539
20/49 [===========>..................] - ETA: 1s - loss: 0.4182 - accuracy: 0.8525
22/49 [============>.................] - ETA: 1s - loss: 0.4189 - accuracy: 0.8526
24/49 [=============>................] - ETA: 1s - loss: 0.4215 - accuracy: 0.8524
26/49 [==============>...............] - ETA: 0s - loss: 0.4216 - accuracy: 0.8519
28/49 [================>.............] - ETA: 0s - loss: 0.4226 - accuracy: 0.8516
30/49 [=================>............] - ETA: 0s - loss: 0.4240 - accuracy: 0.8502
31/49 [=================>............] - ETA: 0s - loss: 0.4247 - accuracy: 0.8498
32/49 [==================>...........] - ETA: 0s - loss: 0.4248 - accuracy: 0.8495
33/49 [===================>..........] - ETA: 0s - loss: 0.4251 - accuracy: 0.8500
35/49 [====================>.........] - ETA: 0s - loss: 0.4254 - accuracy: 0.8498
37/49 [=====================>........] - ETA: 0s - loss: 0.4255 - accuracy: 0.8500
38/49 [======================>.......] - ETA: 0s - loss: 0.4249 - accuracy: 0.8503
40/49 [=======================>......] - ETA: 0s - loss: 0.4242 - accuracy: 0.8506
42/49 [========================>.....] - ETA: 0s - loss: 0.4255 - accuracy: 0.8500
43/49 [=========================>....] - ETA: 0s - loss: 0.4256 - accuracy: 0.8501
45/49 [==========================>...] - ETA: 0s - loss: 0.4265 - accuracy: 0.8493
46/49 [===========================>..] - ETA: 0s - loss: 0.4258 - accuracy: 0.8494
48/49 [============================>.] - ETA: 0s - loss: 0.4269 - accuracy: 0.8490
49/49 [==============================] - 3s 67ms/step - loss: 0.4276 - accuracy: 0.8488 - val_loss: 0.8533 - val_accuracy: 0.7358
Epoch 21/22

 1/49 [..............................] - ETA: 4s - loss: 0.3976 - accuracy: 0.8604
 2/49 [>.............................] - ETA: 2s - loss: 0.3878 - accuracy: 0.8584
 4/49 [=>............................] - ETA: 2s - loss: 0.3922 - accuracy: 0.8625
 5/49 [==>...........................] - ETA: 2s - loss: 0.3932 - accuracy: 0.8621
 7/49 [===>..........................] - ETA: 2s - loss: 0.3941 - accuracy: 0.8630
 8/49 [===>..........................] - ETA: 2s - loss: 0.3978 - accuracy: 0.8618
10/49 [=====>........................] - ETA: 2s - loss: 0.3990 - accuracy: 0.8607
12/49 [======>.......................] - ETA: 2s - loss: 0.3978 - accuracy: 0.8608
13/49 [======>.......................] - ETA: 2s - loss: 0.3986 - accuracy: 0.8598
15/49 [========>.....................] - ETA: 1s - loss: 0.3962 - accuracy: 0.8616
16/49 [========>.....................] - ETA: 1s - loss: 0.3976 - accuracy: 0.8605
18/49 [==========>...................] - ETA: 1s - loss: 0.3998 - accuracy: 0.8602
20/49 [===========>..................] - ETA: 1s - loss: 0.3989 - accuracy: 0.8604
22/49 [============>.................] - ETA: 1s - loss: 0.4004 - accuracy: 0.8599
24/49 [=============>................] - ETA: 1s - loss: 0.3988 - accuracy: 0.8603
26/49 [==============>...............] - ETA: 1s - loss: 0.3989 - accuracy: 0.8605
28/49 [================>.............] - ETA: 1s - loss: 0.3995 - accuracy: 0.8605
30/49 [=================>............] - ETA: 0s - loss: 0.4022 - accuracy: 0.8591
32/49 [==================>...........] - ETA: 0s - loss: 0.4026 - accuracy: 0.8583
34/49 [===================>..........] - ETA: 0s - loss: 0.4055 - accuracy: 0.8573
36/49 [=====================>........] - ETA: 0s - loss: 0.4075 - accuracy: 0.8563
38/49 [======================>.......] - ETA: 0s - loss: 0.4098 - accuracy: 0.8562
40/49 [=======================>......] - ETA: 0s - loss: 0.4113 - accuracy: 0.8558
42/49 [========================>.....] - ETA: 0s - loss: 0.4108 - accuracy: 0.8556
44/49 [=========================>....] - ETA: 0s - loss: 0.4103 - accuracy: 0.8556
46/49 [===========================>..] - ETA: 0s - loss: 0.4129 - accuracy: 0.8550
48/49 [============================>.] - ETA: 0s - loss: 0.4149 - accuracy: 0.8543
49/49 [==============================] - 3s 65ms/step - loss: 0.4151 - accuracy: 0.8542 - val_loss: 0.8518 - val_accuracy: 0.7353
Epoch 22/22

 1/49 [..............................] - ETA: 3s - loss: 0.4063 - accuracy: 0.8457
 2/49 [>.............................] - ETA: 2s - loss: 0.3928 - accuracy: 0.8550
 4/49 [=>............................] - ETA: 2s - loss: 0.3890 - accuracy: 0.8604
 5/49 [==>...........................] - ETA: 2s - loss: 0.3902 - accuracy: 0.8607
 6/49 [==>...........................] - ETA: 2s - loss: 0.3869 - accuracy: 0.8625
 8/49 [===>..........................] - ETA: 2s - loss: 0.3874 - accuracy: 0.8621
10/49 [=====>........................] - ETA: 2s - loss: 0.3787 - accuracy: 0.8652
11/49 [=====>........................] - ETA: 2s - loss: 0.3779 - accuracy: 0.8654
12/49 [======>.......................] - ETA: 2s - loss: 0.3795 - accuracy: 0.8656
13/49 [======>.......................] - ETA: 2s - loss: 0.3808 - accuracy: 0.8659
15/49 [========>.....................] - ETA: 1s - loss: 0.3860 - accuracy: 0.8641
16/49 [========>.....................] - ETA: 1s - loss: 0.3869 - accuracy: 0.8636
18/49 [==========>...................] - ETA: 1s - loss: 0.3894 - accuracy: 0.8627
19/49 [==========>...................] - ETA: 1s - loss: 0.3890 - accuracy: 0.8626
21/49 [===========>..................] - ETA: 1s - loss: 0.3879 - accuracy: 0.8624
22/49 [============>.................] - ETA: 1s - loss: 0.3881 - accuracy: 0.8618
24/49 [=============>................] - ETA: 1s - loss: 0.3900 - accuracy: 0.8615
25/49 [==============>...............] - ETA: 1s - loss: 0.3894 - accuracy: 0.8616
27/49 [===============>..............] - ETA: 1s - loss: 0.3893 - accuracy: 0.8618
29/49 [================>.............] - ETA: 1s - loss: 0.3920 - accuracy: 0.8608
30/49 [=================>............] - ETA: 1s - loss: 0.3932 - accuracy: 0.8601
32/49 [==================>...........] - ETA: 0s - loss: 0.3924 - accuracy: 0.8604
33/49 [===================>..........] - ETA: 0s - loss: 0.3930 - accuracy: 0.8599
35/49 [====================>.........] - ETA: 0s - loss: 0.3941 - accuracy: 0.8597
36/49 [=====================>........] - ETA: 0s - loss: 0.3939 - accuracy: 0.8601
38/49 [======================>.......] - ETA: 0s - loss: 0.3957 - accuracy: 0.8597
40/49 [=======================>......] - ETA: 0s - loss: 0.3965 - accuracy: 0.8596
42/49 [========================>.....] - ETA: 0s - loss: 0.3986 - accuracy: 0.8587
44/49 [=========================>....] - ETA: 0s - loss: 0.4014 - accuracy: 0.8578
46/49 [===========================>..] - ETA: 0s - loss: 0.4019 - accuracy: 0.8573
48/49 [============================>.] - ETA: 0s - loss: 0.4036 - accuracy: 0.8568
49/49 [==============================] - 3s 67ms/step - loss: 0.4044 - accuracy: 0.8568 - val_loss: 0.8822 - val_accuracy: 0.7223

  1/313 [..............................] - ETA: 4s - loss: 0.3229 - accuracy: 0.8125
 23/313 [=>............................] - ETA: 0s - loss: 0.8530 - accuracy: 0.7201
 48/313 [===>..........................] - ETA: 0s - loss: 0.8402 - accuracy: 0.7246
 71/313 [=====>........................] - ETA: 0s - loss: 0.8571 - accuracy: 0.7254
 93/313 [=======>......................] - ETA: 0s - loss: 0.8734 - accuracy: 0.7278
117/313 [==========>...................] - ETA: 0s - loss: 0.8903 - accuracy: 0.7244
141/313 [============>.................] - ETA: 0s - loss: 0.8804 - accuracy: 0.7270
164/313 [==============>...............] - ETA: 0s - loss: 0.8749 - accuracy: 0.7254
187/313 [================>.............] - ETA: 0s - loss: 0.8774 - accuracy: 0.7239
211/313 [===================>..........] - ETA: 0s - loss: 0.8716 - accuracy: 0.7239
235/313 [=====================>........] - ETA: 0s - loss: 0.8743 - accuracy: 0.7234
258/313 [=======================>......] - ETA: 0s - loss: 0.8732 - accuracy: 0.7257
281/313 [=========================>....] - ETA: 0s - loss: 0.8792 - accuracy: 0.7250
304/313 [============================>.] - ETA: 0s - loss: 0.8775 - accuracy: 0.7236
313/313 [==============================] - 1s 3ms/step - loss: 0.8822 - accuracy: 0.7223
