2024-06-25 20:43:45.890150: I tensorflow/core/platform/cpu_feature_guard.cc:193] This TensorFlow binary is optimized with oneAPI Deep Neural Network Library (oneDNN) to use the following CPU instructions in performance-critical operations:  AVX AVX2
To enable them in other operations, rebuild TensorFlow with the appropriate compiler flags.
2024-06-25 20:43:47.213043: I tensorflow/core/common_runtime/gpu/gpu_device.cc:1616] Created device /job:localhost/replica:0/task:0/device:GPU:0 with 6656 MB memory:  -> device: 0, name: NVIDIA GeForce RTX 4060 Ti, pci bus id: 0000:01:00.0, compute capability: 8.9
1 Physical GPUs, 1 Logical GPUs
Model: "sequential"
_________________________________________________________________
 Layer (type)                Output Shape              Param #   
=================================================================
 conv2d (Conv2D)             (None, 32, 32, 32)        896       
                                                                 
 max_pooling2d (MaxPooling2D  (None, 16, 16, 32)       0         
 )                                                               
                                                                 
 batch_normalization (BatchN  (None, 16, 16, 32)       128       
 ormalization)                                                   
                                                                 
 conv2d_1 (Conv2D)           (None, 16, 16, 64)        51264     
                                                                 
 dropout (Dropout)           (None, 16, 16, 64)        0         
                                                                 
 flatten (Flatten)           (None, 16384)             0         
                                                                 
 dense (Dense)               (None, 10)                163850    
                                                                 
=================================================================
Total params: 216,138
Trainable params: 216,074
Non-trainable params: 64
_________________________________________________________________
Taxa de aprendizado:  0.001 Num de épocas:  22 Tamanho do lote:  1024 Dropout:  0.47389
Epoch 1/22
2024-06-25 20:43:49.443098: I tensorflow/stream_executor/cuda/cuda_dnn.cc:384] Loaded cuDNN version 8100
2024-06-25 20:43:51.264422: W tensorflow/stream_executor/gpu/redzone_allocator.cc:314] INTERNAL: ptxas exited with non-zero error code -1, output: 
Relying on driver to perform ptx compilation. 
Modify $PATH to customize ptxas location.
This message will be only logged once.
2024-06-25 20:43:53.528063: I tensorflow/stream_executor/cuda/cuda_blas.cc:1614] TensorFloat-32 will be used for the matrix multiplication. This will only be logged once.

 1/49 [..............................] - ETA: 5:44 - loss: 2.5599 - accuracy: 0.0820
 2/49 [>.............................] - ETA: 2s - loss: 2.7216 - accuracy: 0.1167  
 3/49 [>.............................] - ETA: 3s - loss: 2.5517 - accuracy: 0.1517
 4/49 [=>............................] - ETA: 3s - loss: 2.4587 - accuracy: 0.1707
 5/49 [==>...........................] - ETA: 3s - loss: 2.4063 - accuracy: 0.1848
 6/49 [==>...........................] - ETA: 2s - loss: 2.3563 - accuracy: 0.1968
 7/49 [===>..........................] - ETA: 2s - loss: 2.2940 - accuracy: 0.2119
 8/49 [===>..........................] - ETA: 2s - loss: 2.2458 - accuracy: 0.2274
 9/49 [====>.........................] - ETA: 2s - loss: 2.2100 - accuracy: 0.2395
10/49 [=====>........................] - ETA: 2s - loss: 2.1829 - accuracy: 0.2488
11/49 [=====>........................] - ETA: 2s - loss: 2.1491 - accuracy: 0.2607
12/49 [======>.......................] - ETA: 2s - loss: 2.1183 - accuracy: 0.2692
13/49 [======>.......................] - ETA: 2s - loss: 2.0911 - accuracy: 0.2761
14/49 [=======>......................] - ETA: 2s - loss: 2.0644 - accuracy: 0.2838
15/49 [========>.....................] - ETA: 2s - loss: 2.0369 - accuracy: 0.2913
16/49 [========>.....................] - ETA: 2s - loss: 2.0148 - accuracy: 0.2980
17/49 [=========>....................] - ETA: 4s - loss: 1.9972 - accuracy: 0.3034
18/49 [==========>...................] - ETA: 3s - loss: 1.9790 - accuracy: 0.3088
19/49 [==========>...................] - ETA: 3s - loss: 1.9567 - accuracy: 0.3158
20/49 [===========>..................] - ETA: 3s - loss: 1.9381 - accuracy: 0.3218
21/49 [===========>..................] - ETA: 3s - loss: 1.9183 - accuracy: 0.3275
22/49 [============>.................] - ETA: 3s - loss: 1.9026 - accuracy: 0.3327
23/49 [=============>................] - ETA: 2s - loss: 1.8884 - accuracy: 0.3377
24/49 [=============>................] - ETA: 2s - loss: 1.8759 - accuracy: 0.3416
25/49 [==============>...............] - ETA: 2s - loss: 1.8613 - accuracy: 0.3466
26/49 [==============>...............] - ETA: 2s - loss: 1.8466 - accuracy: 0.3512
27/49 [===============>..............] - ETA: 2s - loss: 1.8331 - accuracy: 0.3558
28/49 [================>.............] - ETA: 2s - loss: 1.8206 - accuracy: 0.3596
29/49 [================>.............] - ETA: 2s - loss: 1.8077 - accuracy: 0.3639
30/49 [=================>............] - ETA: 1s - loss: 1.7969 - accuracy: 0.3674
31/49 [=================>............] - ETA: 1s - loss: 1.7851 - accuracy: 0.3716
32/49 [==================>...........] - ETA: 1s - loss: 1.7746 - accuracy: 0.3749
33/49 [===================>..........] - ETA: 1s - loss: 1.7627 - accuracy: 0.3783
34/49 [===================>..........] - ETA: 1s - loss: 1.7536 - accuracy: 0.3803
35/49 [====================>.........] - ETA: 1s - loss: 1.7435 - accuracy: 0.3834
36/49 [=====================>........] - ETA: 1s - loss: 1.7362 - accuracy: 0.3857
37/49 [=====================>........] - ETA: 1s - loss: 1.7274 - accuracy: 0.3882
38/49 [======================>.......] - ETA: 1s - loss: 1.7186 - accuracy: 0.3913
39/49 [======================>.......] - ETA: 0s - loss: 1.7105 - accuracy: 0.3941
40/49 [=======================>......] - ETA: 0s - loss: 1.7025 - accuracy: 0.3968
41/49 [========================>.....] - ETA: 0s - loss: 1.6951 - accuracy: 0.3994
42/49 [========================>.....] - ETA: 0s - loss: 1.6877 - accuracy: 0.4017
43/49 [=========================>....] - ETA: 0s - loss: 1.6805 - accuracy: 0.4043
44/49 [=========================>....] - ETA: 0s - loss: 1.6732 - accuracy: 0.4074
45/49 [==========================>...] - ETA: 0s - loss: 1.6657 - accuracy: 0.4099
46/49 [===========================>..] - ETA: 0s - loss: 1.6600 - accuracy: 0.4119
47/49 [===========================>..] - ETA: 0s - loss: 1.6525 - accuracy: 0.4145
48/49 [============================>.] - ETA: 0s - loss: 1.6449 - accuracy: 0.4176
49/49 [==============================] - ETA: 0s - loss: 1.6378 - accuracy: 0.4202
49/49 [==============================] - 13s 119ms/step - loss: 1.6378 - accuracy: 0.4202 - val_loss: 2.1791 - val_accuracy: 0.2330
Epoch 2/22

 1/49 [..............................] - ETA: 4s - loss: 1.3290 - accuracy: 0.5371
 2/49 [>.............................] - ETA: 3s - loss: 1.3151 - accuracy: 0.5356
 3/49 [>.............................] - ETA: 3s - loss: 1.3117 - accuracy: 0.5361
 4/49 [=>............................] - ETA: 3s - loss: 1.3111 - accuracy: 0.5325
 5/49 [==>...........................] - ETA: 3s - loss: 1.2948 - accuracy: 0.5371
 6/49 [==>...........................] - ETA: 2s - loss: 1.3031 - accuracy: 0.5330
 7/49 [===>..........................] - ETA: 2s - loss: 1.2881 - accuracy: 0.5391
 8/49 [===>..........................] - ETA: 2s - loss: 1.2788 - accuracy: 0.5432
 9/49 [====>.........................] - ETA: 2s - loss: 1.2754 - accuracy: 0.5451
10/49 [=====>........................] - ETA: 2s - loss: 1.2767 - accuracy: 0.5437
11/49 [=====>........................] - ETA: 2s - loss: 1.2696 - accuracy: 0.5471
12/49 [======>.......................] - ETA: 2s - loss: 1.2682 - accuracy: 0.5470
13/49 [======>.......................] - ETA: 2s - loss: 1.2625 - accuracy: 0.5482
14/49 [=======>......................] - ETA: 2s - loss: 1.2642 - accuracy: 0.5472
15/49 [========>.....................] - ETA: 2s - loss: 1.2612 - accuracy: 0.5483
16/49 [========>.....................] - ETA: 2s - loss: 1.2565 - accuracy: 0.5519
17/49 [=========>....................] - ETA: 2s - loss: 1.2533 - accuracy: 0.5525
18/49 [==========>...................] - ETA: 2s - loss: 1.2531 - accuracy: 0.5519
19/49 [==========>...................] - ETA: 2s - loss: 1.2512 - accuracy: 0.5523
20/49 [===========>..................] - ETA: 2s - loss: 1.2498 - accuracy: 0.5533
21/49 [===========>..................] - ETA: 1s - loss: 1.2460 - accuracy: 0.5556
22/49 [============>.................] - ETA: 1s - loss: 1.2438 - accuracy: 0.5560
23/49 [=============>................] - ETA: 1s - loss: 1.2399 - accuracy: 0.5577
24/49 [=============>................] - ETA: 1s - loss: 1.2369 - accuracy: 0.5585
25/49 [==============>...............] - ETA: 1s - loss: 1.2379 - accuracy: 0.5579
26/49 [==============>...............] - ETA: 1s - loss: 1.2367 - accuracy: 0.5590
27/49 [===============>..............] - ETA: 1s - loss: 1.2345 - accuracy: 0.5607
28/49 [================>.............] - ETA: 1s - loss: 1.2322 - accuracy: 0.5618
29/49 [================>.............] - ETA: 1s - loss: 1.2299 - accuracy: 0.5625
30/49 [=================>............] - ETA: 1s - loss: 1.2276 - accuracy: 0.5632
32/49 [==================>...........] - ETA: 1s - loss: 1.2254 - accuracy: 0.5637
33/49 [===================>..........] - ETA: 1s - loss: 1.2226 - accuracy: 0.5645
34/49 [===================>..........] - ETA: 1s - loss: 1.2194 - accuracy: 0.5660
35/49 [====================>.........] - ETA: 0s - loss: 1.2157 - accuracy: 0.5674
36/49 [=====================>........] - ETA: 0s - loss: 1.2137 - accuracy: 0.5678
37/49 [=====================>........] - ETA: 0s - loss: 1.2108 - accuracy: 0.5688
38/49 [======================>.......] - ETA: 0s - loss: 1.2079 - accuracy: 0.5695
39/49 [======================>.......] - ETA: 0s - loss: 1.2060 - accuracy: 0.5703
40/49 [=======================>......] - ETA: 0s - loss: 1.2033 - accuracy: 0.5716
41/49 [========================>.....] - ETA: 0s - loss: 1.2022 - accuracy: 0.5717
42/49 [========================>.....] - ETA: 0s - loss: 1.2004 - accuracy: 0.5722
43/49 [=========================>....] - ETA: 0s - loss: 1.1980 - accuracy: 0.5729
44/49 [=========================>....] - ETA: 0s - loss: 1.1953 - accuracy: 0.5740
45/49 [==========================>...] - ETA: 0s - loss: 1.1948 - accuracy: 0.5747
46/49 [===========================>..] - ETA: 0s - loss: 1.1930 - accuracy: 0.5753
47/49 [===========================>..] - ETA: 0s - loss: 1.1918 - accuracy: 0.5757
48/49 [============================>.] - ETA: 0s - loss: 1.1921 - accuracy: 0.5758
49/49 [==============================] - ETA: 0s - loss: 1.1898 - accuracy: 0.5768
49/49 [==============================] - 4s 91ms/step - loss: 1.1898 - accuracy: 0.5768 - val_loss: 2.1242 - val_accuracy: 0.3568
Epoch 3/22

 1/49 [..............................] - ETA: 4s - loss: 1.0335 - accuracy: 0.6387
 2/49 [>.............................] - ETA: 2s - loss: 1.0414 - accuracy: 0.6372
 3/49 [>.............................] - ETA: 3s - loss: 1.0630 - accuracy: 0.6289
 4/49 [=>............................] - ETA: 3s - loss: 1.0643 - accuracy: 0.6311
 5/49 [==>...........................] - ETA: 3s - loss: 1.0665 - accuracy: 0.6303
 6/49 [==>...........................] - ETA: 2s - loss: 1.0606 - accuracy: 0.6323
 7/49 [===>..........................] - ETA: 2s - loss: 1.0600 - accuracy: 0.6285
 8/49 [===>..........................] - ETA: 2s - loss: 1.0599 - accuracy: 0.6284
 9/49 [====>.........................] - ETA: 2s - loss: 1.0554 - accuracy: 0.6287
10/49 [=====>........................] - ETA: 2s - loss: 1.0587 - accuracy: 0.6294
11/49 [=====>........................] - ETA: 2s - loss: 1.0597 - accuracy: 0.6288
12/49 [======>.......................] - ETA: 2s - loss: 1.0563 - accuracy: 0.6303
13/49 [======>.......................] - ETA: 2s - loss: 1.0495 - accuracy: 0.6324
14/49 [=======>......................] - ETA: 2s - loss: 1.0451 - accuracy: 0.6343
15/49 [========>.....................] - ETA: 2s - loss: 1.0473 - accuracy: 0.6339
16/49 [========>.....................] - ETA: 2s - loss: 1.0456 - accuracy: 0.6340
17/49 [=========>....................] - ETA: 2s - loss: 1.0424 - accuracy: 0.6356
18/49 [==========>...................] - ETA: 2s - loss: 1.0393 - accuracy: 0.6368
19/49 [==========>...................] - ETA: 2s - loss: 1.0395 - accuracy: 0.6371
20/49 [===========>..................] - ETA: 2s - loss: 1.0389 - accuracy: 0.6375
21/49 [===========>..................] - ETA: 1s - loss: 1.0362 - accuracy: 0.6375
22/49 [============>.................] - ETA: 1s - loss: 1.0373 - accuracy: 0.6372
23/49 [=============>................] - ETA: 1s - loss: 1.0382 - accuracy: 0.6366
24/49 [=============>................] - ETA: 1s - loss: 1.0382 - accuracy: 0.6367
25/49 [==============>...............] - ETA: 1s - loss: 1.0404 - accuracy: 0.6357
26/49 [==============>...............] - ETA: 1s - loss: 1.0395 - accuracy: 0.6362
27/49 [===============>..............] - ETA: 1s - loss: 1.0390 - accuracy: 0.6369
28/49 [================>.............] - ETA: 1s - loss: 1.0384 - accuracy: 0.6371
29/49 [================>.............] - ETA: 1s - loss: 1.0386 - accuracy: 0.6369
30/49 [=================>............] - ETA: 1s - loss: 1.0375 - accuracy: 0.6374
31/49 [=================>............] - ETA: 1s - loss: 1.0367 - accuracy: 0.6377
32/49 [==================>...........] - ETA: 1s - loss: 1.0361 - accuracy: 0.6374
33/49 [===================>..........] - ETA: 1s - loss: 1.0360 - accuracy: 0.6370
34/49 [===================>..........] - ETA: 1s - loss: 1.0373 - accuracy: 0.6363
35/49 [====================>.........] - ETA: 0s - loss: 1.0377 - accuracy: 0.6365
36/49 [=====================>........] - ETA: 0s - loss: 1.0383 - accuracy: 0.6362
37/49 [=====================>........] - ETA: 0s - loss: 1.0369 - accuracy: 0.6368
38/49 [======================>.......] - ETA: 0s - loss: 1.0370 - accuracy: 0.6366
39/49 [======================>.......] - ETA: 0s - loss: 1.0370 - accuracy: 0.6368
40/49 [=======================>......] - ETA: 0s - loss: 1.0372 - accuracy: 0.6370
41/49 [========================>.....] - ETA: 0s - loss: 1.0363 - accuracy: 0.6376
42/49 [========================>.....] - ETA: 0s - loss: 1.0339 - accuracy: 0.6381
43/49 [=========================>....] - ETA: 0s - loss: 1.0344 - accuracy: 0.6379
44/49 [=========================>....] - ETA: 0s - loss: 1.0348 - accuracy: 0.6376
45/49 [==========================>...] - ETA: 0s - loss: 1.0342 - accuracy: 0.6375
46/49 [===========================>..] - ETA: 0s - loss: 1.0332 - accuracy: 0.6376
47/49 [===========================>..] - ETA: 0s - loss: 1.0321 - accuracy: 0.6379
48/49 [============================>.] - ETA: 0s - loss: 1.0315 - accuracy: 0.6382
49/49 [==============================] - ETA: 0s - loss: 1.0312 - accuracy: 0.6386
49/49 [==============================] - 4s 91ms/step - loss: 1.0312 - accuracy: 0.6386 - val_loss: 2.0920 - val_accuracy: 0.4343
Epoch 4/22

 1/49 [..............................] - ETA: 3s - loss: 0.9853 - accuracy: 0.6514
 2/49 [>.............................] - ETA: 3s - loss: 0.9583 - accuracy: 0.6582
 3/49 [>.............................] - ETA: 3s - loss: 0.9476 - accuracy: 0.6598
 4/49 [=>............................] - ETA: 3s - loss: 0.9582 - accuracy: 0.6606
 5/49 [==>...........................] - ETA: 3s - loss: 0.9474 - accuracy: 0.6658
 6/49 [==>...........................] - ETA: 3s - loss: 0.9430 - accuracy: 0.6686
 7/49 [===>..........................] - ETA: 2s - loss: 0.9441 - accuracy: 0.6684
 8/49 [===>..........................] - ETA: 2s - loss: 0.9476 - accuracy: 0.6672
 9/49 [====>.........................] - ETA: 2s - loss: 0.9499 - accuracy: 0.6672
10/49 [=====>........................] - ETA: 2s - loss: 0.9566 - accuracy: 0.6659
11/49 [=====>........................] - ETA: 2s - loss: 0.9536 - accuracy: 0.6667
12/49 [======>.......................] - ETA: 2s - loss: 0.9507 - accuracy: 0.6687
13/49 [======>.......................] - ETA: 2s - loss: 0.9504 - accuracy: 0.6683
14/49 [=======>......................] - ETA: 2s - loss: 0.9501 - accuracy: 0.6692
15/49 [========>.....................] - ETA: 2s - loss: 0.9511 - accuracy: 0.6694
16/49 [========>.....................] - ETA: 2s - loss: 0.9484 - accuracy: 0.6690
17/49 [=========>....................] - ETA: 2s - loss: 0.9472 - accuracy: 0.6695
18/49 [==========>...................] - ETA: 2s - loss: 0.9467 - accuracy: 0.6707
19/49 [==========>...................] - ETA: 2s - loss: 0.9489 - accuracy: 0.6703
20/49 [===========>..................] - ETA: 2s - loss: 0.9479 - accuracy: 0.6700
21/49 [===========>..................] - ETA: 1s - loss: 0.9489 - accuracy: 0.6695
22/49 [============>.................] - ETA: 1s - loss: 0.9506 - accuracy: 0.6692
23/49 [=============>................] - ETA: 1s - loss: 0.9485 - accuracy: 0.6700
24/49 [=============>................] - ETA: 1s - loss: 0.9464 - accuracy: 0.6700
25/49 [==============>...............] - ETA: 1s - loss: 0.9451 - accuracy: 0.6711
26/49 [==============>...............] - ETA: 1s - loss: 0.9454 - accuracy: 0.6710
27/49 [===============>..............] - ETA: 1s - loss: 0.9467 - accuracy: 0.6703
28/49 [================>.............] - ETA: 1s - loss: 0.9469 - accuracy: 0.6707
29/49 [================>.............] - ETA: 1s - loss: 0.9473 - accuracy: 0.6704
30/49 [=================>............] - ETA: 1s - loss: 0.9459 - accuracy: 0.6707
31/49 [=================>............] - ETA: 1s - loss: 0.9454 - accuracy: 0.6707
32/49 [==================>...........] - ETA: 1s - loss: 0.9452 - accuracy: 0.6707
33/49 [===================>..........] - ETA: 1s - loss: 0.9454 - accuracy: 0.6709
34/49 [===================>..........] - ETA: 1s - loss: 0.9464 - accuracy: 0.6707
35/49 [====================>.........] - ETA: 0s - loss: 0.9450 - accuracy: 0.6711
36/49 [=====================>........] - ETA: 0s - loss: 0.9449 - accuracy: 0.6709
37/49 [=====================>........] - ETA: 0s - loss: 0.9441 - accuracy: 0.6713
38/49 [======================>.......] - ETA: 0s - loss: 0.9451 - accuracy: 0.6710
39/49 [======================>.......] - ETA: 0s - loss: 0.9442 - accuracy: 0.6713
40/49 [=======================>......] - ETA: 0s - loss: 0.9417 - accuracy: 0.6719
41/49 [========================>.....] - ETA: 0s - loss: 0.9426 - accuracy: 0.6719
42/49 [========================>.....] - ETA: 0s - loss: 0.9422 - accuracy: 0.6720
43/49 [=========================>....] - ETA: 0s - loss: 0.9417 - accuracy: 0.6717
44/49 [=========================>....] - ETA: 0s - loss: 0.9426 - accuracy: 0.6712
45/49 [==========================>...] - ETA: 0s - loss: 0.9420 - accuracy: 0.6712
46/49 [===========================>..] - ETA: 0s - loss: 0.9405 - accuracy: 0.6720
47/49 [===========================>..] - ETA: 0s - loss: 0.9394 - accuracy: 0.6725
48/49 [============================>.] - ETA: 0s - loss: 0.9394 - accuracy: 0.6727
49/49 [==============================] - ETA: 0s - loss: 0.9404 - accuracy: 0.6726
49/49 [==============================] - 4s 92ms/step - loss: 0.9404 - accuracy: 0.6726 - val_loss: 2.0846 - val_accuracy: 0.4094
Epoch 5/22

 1/49 [..............................] - ETA: 4s - loss: 0.8374 - accuracy: 0.7041
 2/49 [>.............................] - ETA: 2s - loss: 0.8652 - accuracy: 0.6987
 3/49 [>.............................] - ETA: 3s - loss: 0.8777 - accuracy: 0.6950
 4/49 [=>............................] - ETA: 3s - loss: 0.8744 - accuracy: 0.6980
 5/49 [==>...........................] - ETA: 3s - loss: 0.8670 - accuracy: 0.6980
 6/49 [==>...........................] - ETA: 2s - loss: 0.8658 - accuracy: 0.7002
 7/49 [===>..........................] - ETA: 2s - loss: 0.8644 - accuracy: 0.6991
 8/49 [===>..........................] - ETA: 2s - loss: 0.8622 - accuracy: 0.7014
 9/49 [====>.........................] - ETA: 2s - loss: 0.8625 - accuracy: 0.7003
10/49 [=====>........................] - ETA: 2s - loss: 0.8640 - accuracy: 0.6994
11/49 [=====>........................] - ETA: 2s - loss: 0.8632 - accuracy: 0.6998
12/49 [======>.......................] - ETA: 2s - loss: 0.8647 - accuracy: 0.6991
13/49 [======>.......................] - ETA: 2s - loss: 0.8639 - accuracy: 0.7002
14/49 [=======>......................] - ETA: 2s - loss: 0.8644 - accuracy: 0.6988
15/49 [========>.....................] - ETA: 2s - loss: 0.8635 - accuracy: 0.6989
16/49 [========>.....................] - ETA: 2s - loss: 0.8657 - accuracy: 0.6979
17/49 [=========>....................] - ETA: 2s - loss: 0.8636 - accuracy: 0.6984
18/49 [==========>...................] - ETA: 2s - loss: 0.8625 - accuracy: 0.6978
19/49 [==========>...................] - ETA: 2s - loss: 0.8620 - accuracy: 0.6983
20/49 [===========>..................] - ETA: 2s - loss: 0.8640 - accuracy: 0.6977
21/49 [===========>..................] - ETA: 1s - loss: 0.8651 - accuracy: 0.6977
22/49 [============>.................] - ETA: 1s - loss: 0.8634 - accuracy: 0.6986
23/49 [=============>................] - ETA: 1s - loss: 0.8622 - accuracy: 0.6994
24/49 [=============>................] - ETA: 1s - loss: 0.8617 - accuracy: 0.6998
25/49 [==============>...............] - ETA: 1s - loss: 0.8625 - accuracy: 0.6990
26/49 [==============>...............] - ETA: 1s - loss: 0.8611 - accuracy: 0.6997
27/49 [===============>..............] - ETA: 1s - loss: 0.8625 - accuracy: 0.6994
28/49 [================>.............] - ETA: 1s - loss: 0.8637 - accuracy: 0.6988
29/49 [================>.............] - ETA: 1s - loss: 0.8647 - accuracy: 0.6988
30/49 [=================>............] - ETA: 1s - loss: 0.8643 - accuracy: 0.6985
31/49 [=================>............] - ETA: 1s - loss: 0.8626 - accuracy: 0.6994
32/49 [==================>...........] - ETA: 1s - loss: 0.8629 - accuracy: 0.6995
33/49 [===================>..........] - ETA: 1s - loss: 0.8602 - accuracy: 0.7007
34/49 [===================>..........] - ETA: 1s - loss: 0.8602 - accuracy: 0.7003
35/49 [====================>.........] - ETA: 0s - loss: 0.8612 - accuracy: 0.6998
36/49 [=====================>........] - ETA: 0s - loss: 0.8623 - accuracy: 0.6993
37/49 [=====================>........] - ETA: 0s - loss: 0.8617 - accuracy: 0.6995
38/49 [======================>.......] - ETA: 0s - loss: 0.8597 - accuracy: 0.7001
39/49 [======================>.......] - ETA: 0s - loss: 0.8584 - accuracy: 0.7007
40/49 [=======================>......] - ETA: 0s - loss: 0.8582 - accuracy: 0.7008
41/49 [========================>.....] - ETA: 0s - loss: 0.8576 - accuracy: 0.7008
42/49 [========================>.....] - ETA: 0s - loss: 0.8575 - accuracy: 0.7007
43/49 [=========================>....] - ETA: 0s - loss: 0.8573 - accuracy: 0.7008
44/49 [=========================>....] - ETA: 0s - loss: 0.8588 - accuracy: 0.7006
45/49 [==========================>...] - ETA: 0s - loss: 0.8582 - accuracy: 0.7013
46/49 [===========================>..] - ETA: 0s - loss: 0.8571 - accuracy: 0.7019
47/49 [===========================>..] - ETA: 0s - loss: 0.8571 - accuracy: 0.7019
48/49 [============================>.] - ETA: 0s - loss: 0.8563 - accuracy: 0.7022
49/49 [==============================] - ETA: 0s - loss: 0.8568 - accuracy: 0.7021
49/49 [==============================] - 4s 91ms/step - loss: 0.8568 - accuracy: 0.7021 - val_loss: 1.9801 - val_accuracy: 0.4565
Epoch 6/22

 1/49 [..............................] - ETA: 4s - loss: 0.7654 - accuracy: 0.7295
 2/49 [>.............................] - ETA: 3s - loss: 0.7649 - accuracy: 0.7324
 3/49 [>.............................] - ETA: 3s - loss: 0.7849 - accuracy: 0.7298
 4/49 [=>............................] - ETA: 3s - loss: 0.7799 - accuracy: 0.7305
 5/49 [==>...........................] - ETA: 3s - loss: 0.7723 - accuracy: 0.7334
 6/49 [==>...........................] - ETA: 3s - loss: 0.7783 - accuracy: 0.7339
 7/49 [===>..........................] - ETA: 2s - loss: 0.7818 - accuracy: 0.7302
 8/49 [===>..........................] - ETA: 2s - loss: 0.7779 - accuracy: 0.7302
 9/49 [====>.........................] - ETA: 2s - loss: 0.7812 - accuracy: 0.7278
10/49 [=====>........................] - ETA: 2s - loss: 0.7845 - accuracy: 0.7271
11/49 [=====>........................] - ETA: 2s - loss: 0.7832 - accuracy: 0.7283
12/49 [======>.......................] - ETA: 2s - loss: 0.7835 - accuracy: 0.7287
13/49 [======>.......................] - ETA: 2s - loss: 0.7867 - accuracy: 0.7276
14/49 [=======>......................] - ETA: 2s - loss: 0.7882 - accuracy: 0.7284
15/49 [========>.....................] - ETA: 2s - loss: 0.7882 - accuracy: 0.7283
16/49 [========>.....................] - ETA: 2s - loss: 0.7861 - accuracy: 0.7280
17/49 [=========>....................] - ETA: 2s - loss: 0.7865 - accuracy: 0.7278
18/49 [==========>...................] - ETA: 2s - loss: 0.7891 - accuracy: 0.7263
19/49 [==========>...................] - ETA: 2s - loss: 0.7931 - accuracy: 0.7251
20/49 [===========>..................] - ETA: 2s - loss: 0.7918 - accuracy: 0.7250
21/49 [===========>..................] - ETA: 1s - loss: 0.7908 - accuracy: 0.7244
22/49 [============>.................] - ETA: 1s - loss: 0.7926 - accuracy: 0.7232
23/49 [=============>................] - ETA: 1s - loss: 0.7955 - accuracy: 0.7224
24/49 [=============>................] - ETA: 1s - loss: 0.7942 - accuracy: 0.7235
25/49 [==============>...............] - ETA: 1s - loss: 0.7946 - accuracy: 0.7234
26/49 [==============>...............] - ETA: 1s - loss: 0.7954 - accuracy: 0.7232
27/49 [===============>..............] - ETA: 1s - loss: 0.7937 - accuracy: 0.7240
28/49 [================>.............] - ETA: 1s - loss: 0.7910 - accuracy: 0.7245
29/49 [================>.............] - ETA: 1s - loss: 0.7888 - accuracy: 0.7254
31/49 [=================>............] - ETA: 1s - loss: 0.7906 - accuracy: 0.7248
32/49 [==================>...........] - ETA: 1s - loss: 0.7916 - accuracy: 0.7248
33/49 [===================>..........] - ETA: 1s - loss: 0.7919 - accuracy: 0.7244
34/49 [===================>..........] - ETA: 1s - loss: 0.7923 - accuracy: 0.7243
35/49 [====================>.........] - ETA: 0s - loss: 0.7929 - accuracy: 0.7241
36/49 [=====================>........] - ETA: 0s - loss: 0.7918 - accuracy: 0.7244
37/49 [=====================>........] - ETA: 0s - loss: 0.7907 - accuracy: 0.7248
38/49 [======================>.......] - ETA: 0s - loss: 0.7909 - accuracy: 0.7247
39/49 [======================>.......] - ETA: 0s - loss: 0.7925 - accuracy: 0.7242
40/49 [=======================>......] - ETA: 0s - loss: 0.7928 - accuracy: 0.7240
41/49 [========================>.....] - ETA: 0s - loss: 0.7929 - accuracy: 0.7240
42/49 [========================>.....] - ETA: 0s - loss: 0.7943 - accuracy: 0.7236
43/49 [=========================>....] - ETA: 0s - loss: 0.7953 - accuracy: 0.7235
44/49 [=========================>....] - ETA: 0s - loss: 0.7953 - accuracy: 0.7236
45/49 [==========================>...] - ETA: 0s - loss: 0.7965 - accuracy: 0.7231
46/49 [===========================>..] - ETA: 0s - loss: 0.7962 - accuracy: 0.7233
47/49 [===========================>..] - ETA: 0s - loss: 0.7951 - accuracy: 0.7237
48/49 [============================>.] - ETA: 0s - loss: 0.7958 - accuracy: 0.7234
49/49 [==============================] - ETA: 0s - loss: 0.7957 - accuracy: 0.7234
49/49 [==============================] - 4s 91ms/step - loss: 0.7957 - accuracy: 0.7234 - val_loss: 1.9295 - val_accuracy: 0.4492
Epoch 7/22

 1/49 [..............................] - ETA: 4s - loss: 0.7455 - accuracy: 0.7334
 2/49 [>.............................] - ETA: 2s - loss: 0.7534 - accuracy: 0.7329
 3/49 [>.............................] - ETA: 3s - loss: 0.7724 - accuracy: 0.7272
 4/49 [=>............................] - ETA: 3s - loss: 0.7776 - accuracy: 0.7268
 5/49 [==>...........................] - ETA: 3s - loss: 0.7730 - accuracy: 0.7307
 6/49 [==>...........................] - ETA: 2s - loss: 0.7659 - accuracy: 0.7350
 7/49 [===>..........................] - ETA: 2s - loss: 0.7666 - accuracy: 0.7350
 8/49 [===>..........................] - ETA: 2s - loss: 0.7659 - accuracy: 0.7357
 9/49 [====>.........................] - ETA: 2s - loss: 0.7633 - accuracy: 0.7371
10/49 [=====>........................] - ETA: 2s - loss: 0.7594 - accuracy: 0.7391
11/49 [=====>........................] - ETA: 2s - loss: 0.7598 - accuracy: 0.7384
12/49 [======>.......................] - ETA: 2s - loss: 0.7629 - accuracy: 0.7371
13/49 [======>.......................] - ETA: 2s - loss: 0.7557 - accuracy: 0.7409
14/49 [=======>......................] - ETA: 2s - loss: 0.7521 - accuracy: 0.7417
15/49 [========>.....................] - ETA: 2s - loss: 0.7528 - accuracy: 0.7413
16/49 [========>.....................] - ETA: 2s - loss: 0.7518 - accuracy: 0.7418
17/49 [=========>....................] - ETA: 2s - loss: 0.7494 - accuracy: 0.7428
18/49 [==========>...................] - ETA: 2s - loss: 0.7497 - accuracy: 0.7422
19/49 [==========>...................] - ETA: 2s - loss: 0.7495 - accuracy: 0.7423
20/49 [===========>..................] - ETA: 2s - loss: 0.7486 - accuracy: 0.7437
21/49 [===========>..................] - ETA: 1s - loss: 0.7495 - accuracy: 0.7436
22/49 [============>.................] - ETA: 1s - loss: 0.7467 - accuracy: 0.7442
23/49 [=============>................] - ETA: 1s - loss: 0.7462 - accuracy: 0.7441
24/49 [=============>................] - ETA: 1s - loss: 0.7449 - accuracy: 0.7448
25/49 [==============>...............] - ETA: 1s - loss: 0.7442 - accuracy: 0.7444
26/49 [==============>...............] - ETA: 1s - loss: 0.7432 - accuracy: 0.7447
27/49 [===============>..............] - ETA: 1s - loss: 0.7422 - accuracy: 0.7446
28/49 [================>.............] - ETA: 1s - loss: 0.7411 - accuracy: 0.7450
29/49 [================>.............] - ETA: 1s - loss: 0.7405 - accuracy: 0.7444
30/49 [=================>............] - ETA: 1s - loss: 0.7406 - accuracy: 0.7444
31/49 [=================>............] - ETA: 1s - loss: 0.7414 - accuracy: 0.7441
32/49 [==================>...........] - ETA: 1s - loss: 0.7402 - accuracy: 0.7443
33/49 [===================>..........] - ETA: 1s - loss: 0.7404 - accuracy: 0.7443
34/49 [===================>..........] - ETA: 1s - loss: 0.7392 - accuracy: 0.7449
35/49 [====================>.........] - ETA: 0s - loss: 0.7409 - accuracy: 0.7441
36/49 [=====================>........] - ETA: 0s - loss: 0.7412 - accuracy: 0.7443
37/49 [=====================>........] - ETA: 0s - loss: 0.7426 - accuracy: 0.7435
38/49 [======================>.......] - ETA: 0s - loss: 0.7415 - accuracy: 0.7440
39/49 [======================>.......] - ETA: 0s - loss: 0.7403 - accuracy: 0.7444
40/49 [=======================>......] - ETA: 0s - loss: 0.7396 - accuracy: 0.7446
41/49 [========================>.....] - ETA: 0s - loss: 0.7383 - accuracy: 0.7452
42/49 [========================>.....] - ETA: 0s - loss: 0.7386 - accuracy: 0.7450
43/49 [=========================>....] - ETA: 0s - loss: 0.7389 - accuracy: 0.7447
44/49 [=========================>....] - ETA: 0s - loss: 0.7389 - accuracy: 0.7449
45/49 [==========================>...] - ETA: 0s - loss: 0.7388 - accuracy: 0.7450
46/49 [===========================>..] - ETA: 0s - loss: 0.7383 - accuracy: 0.7454
47/49 [===========================>..] - ETA: 0s - loss: 0.7391 - accuracy: 0.7451
48/49 [============================>.] - ETA: 0s - loss: 0.7393 - accuracy: 0.7450
49/49 [==============================] - ETA: 0s - loss: 0.7391 - accuracy: 0.7449
49/49 [==============================] - 4s 90ms/step - loss: 0.7391 - accuracy: 0.7449 - val_loss: 1.7495 - val_accuracy: 0.5241
Epoch 8/22

 1/49 [..............................] - ETA: 4s - loss: 0.6350 - accuracy: 0.7832
 2/49 [>.............................] - ETA: 2s - loss: 0.6669 - accuracy: 0.7754
 3/49 [>.............................] - ETA: 3s - loss: 0.6666 - accuracy: 0.7702
 4/49 [=>............................] - ETA: 3s - loss: 0.6613 - accuracy: 0.7700
 5/49 [==>...........................] - ETA: 3s - loss: 0.6642 - accuracy: 0.7723
 6/49 [==>...........................] - ETA: 2s - loss: 0.6635 - accuracy: 0.7721
 7/49 [===>..........................] - ETA: 2s - loss: 0.6665 - accuracy: 0.7701
 8/49 [===>..........................] - ETA: 2s - loss: 0.6689 - accuracy: 0.7698
 9/49 [====>.........................] - ETA: 2s - loss: 0.6759 - accuracy: 0.7664
10/49 [=====>........................] - ETA: 2s - loss: 0.6832 - accuracy: 0.7630
11/49 [=====>........................] - ETA: 2s - loss: 0.6843 - accuracy: 0.7628
12/49 [======>.......................] - ETA: 2s - loss: 0.6855 - accuracy: 0.7625
13/49 [======>.......................] - ETA: 2s - loss: 0.6835 - accuracy: 0.7628
14/49 [=======>......................] - ETA: 2s - loss: 0.6815 - accuracy: 0.7633
15/49 [========>.....................] - ETA: 2s - loss: 0.6812 - accuracy: 0.7631
16/49 [========>.....................] - ETA: 2s - loss: 0.6829 - accuracy: 0.7626
17/49 [=========>....................] - ETA: 2s - loss: 0.6809 - accuracy: 0.7632
18/49 [==========>...................] - ETA: 2s - loss: 0.6868 - accuracy: 0.7607
19/49 [==========>...................] - ETA: 2s - loss: 0.6846 - accuracy: 0.7615
20/49 [===========>..................] - ETA: 2s - loss: 0.6832 - accuracy: 0.7620
21/49 [===========>..................] - ETA: 1s - loss: 0.6803 - accuracy: 0.7627
22/49 [============>.................] - ETA: 1s - loss: 0.6825 - accuracy: 0.7615
23/49 [=============>................] - ETA: 1s - loss: 0.6817 - accuracy: 0.7618
24/49 [=============>................] - ETA: 1s - loss: 0.6819 - accuracy: 0.7625
25/49 [==============>...............] - ETA: 1s - loss: 0.6809 - accuracy: 0.7630
26/49 [==============>...............] - ETA: 1s - loss: 0.6795 - accuracy: 0.7633
27/49 [===============>..............] - ETA: 1s - loss: 0.6791 - accuracy: 0.7636
28/49 [================>.............] - ETA: 1s - loss: 0.6786 - accuracy: 0.7643
29/49 [================>.............] - ETA: 1s - loss: 0.6793 - accuracy: 0.7634
30/49 [=================>............] - ETA: 1s - loss: 0.6796 - accuracy: 0.7630
31/49 [=================>............] - ETA: 1s - loss: 0.6809 - accuracy: 0.7625
32/49 [==================>...........] - ETA: 1s - loss: 0.6816 - accuracy: 0.7624
33/49 [===================>..........] - ETA: 1s - loss: 0.6839 - accuracy: 0.7616
34/49 [===================>..........] - ETA: 1s - loss: 0.6848 - accuracy: 0.7615
35/49 [====================>.........] - ETA: 0s - loss: 0.6853 - accuracy: 0.7617
36/49 [=====================>........] - ETA: 0s - loss: 0.6868 - accuracy: 0.7611
37/49 [=====================>........] - ETA: 0s - loss: 0.6869 - accuracy: 0.7610
38/49 [======================>.......] - ETA: 0s - loss: 0.6868 - accuracy: 0.7609
39/49 [======================>.......] - ETA: 0s - loss: 0.6868 - accuracy: 0.7608
40/49 [=======================>......] - ETA: 0s - loss: 0.6870 - accuracy: 0.7607
41/49 [========================>.....] - ETA: 0s - loss: 0.6872 - accuracy: 0.7608
42/49 [========================>.....] - ETA: 0s - loss: 0.6872 - accuracy: 0.7611
43/49 [=========================>....] - ETA: 0s - loss: 0.6879 - accuracy: 0.7606
44/49 [=========================>....] - ETA: 0s - loss: 0.6875 - accuracy: 0.7609
45/49 [==========================>...] - ETA: 0s - loss: 0.6877 - accuracy: 0.7605
46/49 [===========================>..] - ETA: 0s - loss: 0.6887 - accuracy: 0.7604
47/49 [===========================>..] - ETA: 0s - loss: 0.6875 - accuracy: 0.7608
48/49 [============================>.] - ETA: 0s - loss: 0.6882 - accuracy: 0.7608
49/49 [==============================] - ETA: 0s - loss: 0.6878 - accuracy: 0.7609
49/49 [==============================] - 4s 89ms/step - loss: 0.6878 - accuracy: 0.7609 - val_loss: 1.5454 - val_accuracy: 0.5811
Epoch 9/22

 1/49 [..............................] - ETA: 3s - loss: 0.6715 - accuracy: 0.7666
 2/49 [>.............................] - ETA: 3s - loss: 0.6516 - accuracy: 0.7744
 3/49 [>.............................] - ETA: 3s - loss: 0.6452 - accuracy: 0.7826
 4/49 [=>............................] - ETA: 3s - loss: 0.6556 - accuracy: 0.7798
 5/49 [==>...........................] - ETA: 3s - loss: 0.6580 - accuracy: 0.7766
 6/49 [==>...........................] - ETA: 3s - loss: 0.6570 - accuracy: 0.7769
 7/49 [===>..........................] - ETA: 3s - loss: 0.6569 - accuracy: 0.7783
 8/49 [===>..........................] - ETA: 2s - loss: 0.6538 - accuracy: 0.7788
 9/49 [====>.........................] - ETA: 2s - loss: 0.6501 - accuracy: 0.7797
10/49 [=====>........................] - ETA: 2s - loss: 0.6415 - accuracy: 0.7821
11/49 [=====>........................] - ETA: 2s - loss: 0.6435 - accuracy: 0.7807
12/49 [======>.......................] - ETA: 2s - loss: 0.6470 - accuracy: 0.7797
13/49 [======>.......................] - ETA: 2s - loss: 0.6508 - accuracy: 0.7778
14/49 [=======>......................] - ETA: 2s - loss: 0.6498 - accuracy: 0.7771
15/49 [========>.....................] - ETA: 2s - loss: 0.6469 - accuracy: 0.7767
16/49 [========>.....................] - ETA: 2s - loss: 0.6445 - accuracy: 0.7765
17/49 [=========>....................] - ETA: 2s - loss: 0.6440 - accuracy: 0.7767
18/49 [==========>...................] - ETA: 2s - loss: 0.6449 - accuracy: 0.7775
19/49 [==========>...................] - ETA: 2s - loss: 0.6450 - accuracy: 0.7769
20/49 [===========>..................] - ETA: 2s - loss: 0.6445 - accuracy: 0.7780
21/49 [===========>..................] - ETA: 1s - loss: 0.6462 - accuracy: 0.7767
22/49 [============>.................] - ETA: 1s - loss: 0.6486 - accuracy: 0.7763
23/49 [=============>................] - ETA: 1s - loss: 0.6494 - accuracy: 0.7763
24/49 [=============>................] - ETA: 1s - loss: 0.6492 - accuracy: 0.7767
25/49 [==============>...............] - ETA: 1s - loss: 0.6481 - accuracy: 0.7772
26/49 [==============>...............] - ETA: 1s - loss: 0.6484 - accuracy: 0.7771
27/49 [===============>..............] - ETA: 1s - loss: 0.6500 - accuracy: 0.7764
28/49 [================>.............] - ETA: 1s - loss: 0.6504 - accuracy: 0.7766
29/49 [================>.............] - ETA: 1s - loss: 0.6506 - accuracy: 0.7765
30/49 [=================>............] - ETA: 1s - loss: 0.6494 - accuracy: 0.7767
31/49 [=================>............] - ETA: 1s - loss: 0.6498 - accuracy: 0.7764
32/49 [==================>...........] - ETA: 1s - loss: 0.6496 - accuracy: 0.7753
33/49 [===================>..........] - ETA: 1s - loss: 0.6485 - accuracy: 0.7756
34/49 [===================>..........] - ETA: 1s - loss: 0.6478 - accuracy: 0.7754
35/49 [====================>.........] - ETA: 0s - loss: 0.6491 - accuracy: 0.7748
36/49 [=====================>........] - ETA: 0s - loss: 0.6494 - accuracy: 0.7745
37/49 [=====================>........] - ETA: 0s - loss: 0.6498 - accuracy: 0.7748
38/49 [======================>.......] - ETA: 0s - loss: 0.6490 - accuracy: 0.7749
39/49 [======================>.......] - ETA: 0s - loss: 0.6498 - accuracy: 0.7748
40/49 [=======================>......] - ETA: 0s - loss: 0.6497 - accuracy: 0.7752
41/49 [========================>.....] - ETA: 0s - loss: 0.6500 - accuracy: 0.7748
42/49 [========================>.....] - ETA: 0s - loss: 0.6507 - accuracy: 0.7746
43/49 [=========================>....] - ETA: 0s - loss: 0.6511 - accuracy: 0.7744
44/49 [=========================>....] - ETA: 0s - loss: 0.6520 - accuracy: 0.7739
45/49 [==========================>...] - ETA: 0s - loss: 0.6520 - accuracy: 0.7738
46/49 [===========================>..] - ETA: 0s - loss: 0.6534 - accuracy: 0.7732
47/49 [===========================>..] - ETA: 0s - loss: 0.6529 - accuracy: 0.7735
48/49 [============================>.] - ETA: 0s - loss: 0.6536 - accuracy: 0.7731
49/49 [==============================] - ETA: 0s - loss: 0.6538 - accuracy: 0.7729
49/49 [==============================] - 4s 92ms/step - loss: 0.6538 - accuracy: 0.7729 - val_loss: 1.3738 - val_accuracy: 0.6005
Epoch 10/22

 1/49 [..............................] - ETA: 4s - loss: 0.5483 - accuracy: 0.8125
 2/49 [>.............................] - ETA: 2s - loss: 0.5931 - accuracy: 0.7964
 3/49 [>.............................] - ETA: 3s - loss: 0.5902 - accuracy: 0.7949
 4/49 [=>............................] - ETA: 3s - loss: 0.5965 - accuracy: 0.7966
 5/49 [==>...........................] - ETA: 3s - loss: 0.6033 - accuracy: 0.7924
 6/49 [==>...........................] - ETA: 2s - loss: 0.5986 - accuracy: 0.7941
 7/49 [===>..........................] - ETA: 2s - loss: 0.6003 - accuracy: 0.7906
 8/49 [===>..........................] - ETA: 2s - loss: 0.6044 - accuracy: 0.7893
 9/49 [====>.........................] - ETA: 2s - loss: 0.6084 - accuracy: 0.7879
10/49 [=====>........................] - ETA: 2s - loss: 0.6088 - accuracy: 0.7885
11/49 [=====>........................] - ETA: 2s - loss: 0.6052 - accuracy: 0.7923
12/49 [======>.......................] - ETA: 2s - loss: 0.6083 - accuracy: 0.7896
13/49 [======>.......................] - ETA: 2s - loss: 0.6066 - accuracy: 0.7891
14/49 [=======>......................] - ETA: 2s - loss: 0.6087 - accuracy: 0.7890
15/49 [========>.....................] - ETA: 2s - loss: 0.6094 - accuracy: 0.7886
16/49 [========>.....................] - ETA: 2s - loss: 0.6089 - accuracy: 0.7886
17/49 [=========>....................] - ETA: 2s - loss: 0.6095 - accuracy: 0.7877
18/49 [==========>...................] - ETA: 2s - loss: 0.6088 - accuracy: 0.7885
19/49 [==========>...................] - ETA: 2s - loss: 0.6112 - accuracy: 0.7880
20/49 [===========>..................] - ETA: 2s - loss: 0.6114 - accuracy: 0.7875
21/49 [===========>..................] - ETA: 1s - loss: 0.6123 - accuracy: 0.7871
22/49 [============>.................] - ETA: 1s - loss: 0.6142 - accuracy: 0.7863
23/49 [=============>................] - ETA: 1s - loss: 0.6157 - accuracy: 0.7864
24/49 [=============>................] - ETA: 1s - loss: 0.6174 - accuracy: 0.7864
25/49 [==============>...............] - ETA: 1s - loss: 0.6167 - accuracy: 0.7866
26/49 [==============>...............] - ETA: 1s - loss: 0.6186 - accuracy: 0.7862
27/49 [===============>..............] - ETA: 1s - loss: 0.6188 - accuracy: 0.7863
28/49 [================>.............] - ETA: 1s - loss: 0.6190 - accuracy: 0.7864
29/49 [================>.............] - ETA: 1s - loss: 0.6194 - accuracy: 0.7860
30/49 [=================>............] - ETA: 1s - loss: 0.6192 - accuracy: 0.7862
31/49 [=================>............] - ETA: 1s - loss: 0.6198 - accuracy: 0.7857
32/49 [==================>...........] - ETA: 1s - loss: 0.6210 - accuracy: 0.7849
33/49 [===================>..........] - ETA: 1s - loss: 0.6209 - accuracy: 0.7848
34/49 [===================>..........] - ETA: 1s - loss: 0.6208 - accuracy: 0.7851
35/49 [====================>.........] - ETA: 0s - loss: 0.6214 - accuracy: 0.7850
36/49 [=====================>........] - ETA: 0s - loss: 0.6218 - accuracy: 0.7854
37/49 [=====================>........] - ETA: 0s - loss: 0.6235 - accuracy: 0.7852
38/49 [======================>.......] - ETA: 0s - loss: 0.6239 - accuracy: 0.7852
39/49 [======================>.......] - ETA: 0s - loss: 0.6254 - accuracy: 0.7848
40/49 [=======================>......] - ETA: 0s - loss: 0.6261 - accuracy: 0.7844
41/49 [========================>.....] - ETA: 0s - loss: 0.6267 - accuracy: 0.7842
42/49 [========================>.....] - ETA: 0s - loss: 0.6282 - accuracy: 0.7839
43/49 [=========================>....] - ETA: 0s - loss: 0.6269 - accuracy: 0.7843
44/49 [=========================>....] - ETA: 0s - loss: 0.6273 - accuracy: 0.7842
45/49 [==========================>...] - ETA: 0s - loss: 0.6278 - accuracy: 0.7843
46/49 [===========================>..] - ETA: 0s - loss: 0.6285 - accuracy: 0.7844
47/49 [===========================>..] - ETA: 0s - loss: 0.6286 - accuracy: 0.7840
48/49 [============================>.] - ETA: 0s - loss: 0.6290 - accuracy: 0.7839
49/49 [==============================] - ETA: 0s - loss: 0.6292 - accuracy: 0.7834
49/49 [==============================] - 5s 92ms/step - loss: 0.6292 - accuracy: 0.7834 - val_loss: 1.1486 - val_accuracy: 0.6457
Epoch 11/22

 1/49 [..............................] - ETA: 4s - loss: 0.6123 - accuracy: 0.7910
 2/49 [>.............................] - ETA: 2s - loss: 0.5882 - accuracy: 0.7998
 3/49 [>.............................] - ETA: 2s - loss: 0.5809 - accuracy: 0.8027
 4/49 [=>............................] - ETA: 3s - loss: 0.5786 - accuracy: 0.8008
 5/49 [==>...........................] - ETA: 2s - loss: 0.5797 - accuracy: 0.8035
 6/49 [==>...........................] - ETA: 2s - loss: 0.5849 - accuracy: 0.8019
 7/49 [===>..........................] - ETA: 2s - loss: 0.5765 - accuracy: 0.8037
 8/49 [===>..........................] - ETA: 2s - loss: 0.5783 - accuracy: 0.8037
 9/49 [====>.........................] - ETA: 2s - loss: 0.5755 - accuracy: 0.8037
10/49 [=====>........................] - ETA: 2s - loss: 0.5785 - accuracy: 0.8025
11/49 [=====>........................] - ETA: 2s - loss: 0.5782 - accuracy: 0.8024
12/49 [======>.......................] - ETA: 2s - loss: 0.5767 - accuracy: 0.8022
13/49 [======>.......................] - ETA: 2s - loss: 0.5768 - accuracy: 0.8029
14/49 [=======>......................] - ETA: 2s - loss: 0.5794 - accuracy: 0.8023
15/49 [========>.....................] - ETA: 2s - loss: 0.5831 - accuracy: 0.8005
16/49 [========>.....................] - ETA: 2s - loss: 0.5825 - accuracy: 0.8009
17/49 [=========>....................] - ETA: 2s - loss: 0.5804 - accuracy: 0.8010
18/49 [==========>...................] - ETA: 2s - loss: 0.5797 - accuracy: 0.8013
19/49 [==========>...................] - ETA: 2s - loss: 0.5793 - accuracy: 0.8015
20/49 [===========>..................] - ETA: 2s - loss: 0.5792 - accuracy: 0.8016
21/49 [===========>..................] - ETA: 1s - loss: 0.5805 - accuracy: 0.8010
22/49 [============>.................] - ETA: 1s - loss: 0.5795 - accuracy: 0.8010
23/49 [=============>................] - ETA: 1s - loss: 0.5788 - accuracy: 0.8006
24/49 [=============>................] - ETA: 1s - loss: 0.5797 - accuracy: 0.7997
25/49 [==============>...............] - ETA: 1s - loss: 0.5803 - accuracy: 0.7996
26/49 [==============>...............] - ETA: 1s - loss: 0.5826 - accuracy: 0.7989
27/49 [===============>..............] - ETA: 1s - loss: 0.5843 - accuracy: 0.7986
28/49 [================>.............] - ETA: 1s - loss: 0.5845 - accuracy: 0.7985
29/49 [================>.............] - ETA: 1s - loss: 0.5833 - accuracy: 0.7991
30/49 [=================>............] - ETA: 1s - loss: 0.5849 - accuracy: 0.7983
31/49 [=================>............] - ETA: 1s - loss: 0.5843 - accuracy: 0.7980
32/49 [==================>...........] - ETA: 1s - loss: 0.5848 - accuracy: 0.7980
33/49 [===================>..........] - ETA: 1s - loss: 0.5853 - accuracy: 0.7977
34/49 [===================>..........] - ETA: 1s - loss: 0.5853 - accuracy: 0.7983
35/49 [====================>.........] - ETA: 0s - loss: 0.5867 - accuracy: 0.7974
36/49 [=====================>........] - ETA: 0s - loss: 0.5871 - accuracy: 0.7972
37/49 [=====================>........] - ETA: 0s - loss: 0.5882 - accuracy: 0.7968
38/49 [======================>.......] - ETA: 0s - loss: 0.5893 - accuracy: 0.7963
39/49 [======================>.......] - ETA: 0s - loss: 0.5891 - accuracy: 0.7963
40/49 [=======================>......] - ETA: 0s - loss: 0.5897 - accuracy: 0.7960
41/49 [========================>.....] - ETA: 0s - loss: 0.5905 - accuracy: 0.7955
42/49 [========================>.....] - ETA: 0s - loss: 0.5912 - accuracy: 0.7952
43/49 [=========================>....] - ETA: 0s - loss: 0.5907 - accuracy: 0.7954
44/49 [=========================>....] - ETA: 0s - loss: 0.5916 - accuracy: 0.7949
45/49 [==========================>...] - ETA: 0s - loss: 0.5920 - accuracy: 0.7948
46/49 [===========================>..] - ETA: 0s - loss: 0.5933 - accuracy: 0.7945
47/49 [===========================>..] - ETA: 0s - loss: 0.5932 - accuracy: 0.7947
48/49 [============================>.] - ETA: 0s - loss: 0.5934 - accuracy: 0.7945
49/49 [==============================] - ETA: 0s - loss: 0.5936 - accuracy: 0.7944
49/49 [==============================] - 4s 91ms/step - loss: 0.5936 - accuracy: 0.7944 - val_loss: 1.0048 - val_accuracy: 0.6890
Epoch 12/22

 1/49 [..............................] - ETA: 5s - loss: 0.5476 - accuracy: 0.8115
 2/49 [>.............................] - ETA: 2s - loss: 0.5515 - accuracy: 0.8145
 3/49 [>.............................] - ETA: 3s - loss: 0.5540 - accuracy: 0.8099
 4/49 [=>............................] - ETA: 3s - loss: 0.5494 - accuracy: 0.8145
 5/49 [==>...........................] - ETA: 3s - loss: 0.5442 - accuracy: 0.8131
 6/49 [==>...........................] - ETA: 2s - loss: 0.5464 - accuracy: 0.8130
 7/49 [===>..........................] - ETA: 2s - loss: 0.5441 - accuracy: 0.8136
 8/49 [===>..........................] - ETA: 2s - loss: 0.5432 - accuracy: 0.8132
 9/49 [====>.........................] - ETA: 2s - loss: 0.5491 - accuracy: 0.8108
10/49 [=====>........................] - ETA: 2s - loss: 0.5496 - accuracy: 0.8095
11/49 [=====>........................] - ETA: 2s - loss: 0.5497 - accuracy: 0.8103
12/49 [======>.......................] - ETA: 2s - loss: 0.5513 - accuracy: 0.8096
13/49 [======>.......................] - ETA: 2s - loss: 0.5520 - accuracy: 0.8090
14/49 [=======>......................] - ETA: 2s - loss: 0.5502 - accuracy: 0.8102
15/49 [========>.....................] - ETA: 2s - loss: 0.5517 - accuracy: 0.8094
16/49 [========>.....................] - ETA: 2s - loss: 0.5536 - accuracy: 0.8096
17/49 [=========>....................] - ETA: 2s - loss: 0.5520 - accuracy: 0.8103
18/49 [==========>...................] - ETA: 2s - loss: 0.5509 - accuracy: 0.8106
19/49 [==========>...................] - ETA: 2s - loss: 0.5532 - accuracy: 0.8099
20/49 [===========>..................] - ETA: 2s - loss: 0.5560 - accuracy: 0.8083
21/49 [===========>..................] - ETA: 1s - loss: 0.5573 - accuracy: 0.8070
22/49 [============>.................] - ETA: 1s - loss: 0.5571 - accuracy: 0.8073
23/49 [=============>................] - ETA: 1s - loss: 0.5576 - accuracy: 0.8068
24/49 [=============>................] - ETA: 1s - loss: 0.5579 - accuracy: 0.8071
25/49 [==============>...............] - ETA: 1s - loss: 0.5564 - accuracy: 0.8079
26/49 [==============>...............] - ETA: 1s - loss: 0.5578 - accuracy: 0.8072
27/49 [===============>..............] - ETA: 1s - loss: 0.5573 - accuracy: 0.8072
28/49 [================>.............] - ETA: 1s - loss: 0.5579 - accuracy: 0.8074
29/49 [================>.............] - ETA: 1s - loss: 0.5580 - accuracy: 0.8072
30/49 [=================>............] - ETA: 1s - loss: 0.5585 - accuracy: 0.8069
31/49 [=================>............] - ETA: 1s - loss: 0.5601 - accuracy: 0.8062
32/49 [==================>...........] - ETA: 1s - loss: 0.5603 - accuracy: 0.8058
33/49 [===================>..........] - ETA: 1s - loss: 0.5614 - accuracy: 0.8051
34/49 [===================>..........] - ETA: 1s - loss: 0.5610 - accuracy: 0.8055
35/49 [====================>.........] - ETA: 0s - loss: 0.5623 - accuracy: 0.8051
36/49 [=====================>........] - ETA: 0s - loss: 0.5634 - accuracy: 0.8049
37/49 [=====================>........] - ETA: 0s - loss: 0.5647 - accuracy: 0.8042
38/49 [======================>.......] - ETA: 0s - loss: 0.5656 - accuracy: 0.8040
39/49 [======================>.......] - ETA: 0s - loss: 0.5653 - accuracy: 0.8043
40/49 [=======================>......] - ETA: 0s - loss: 0.5650 - accuracy: 0.8040
41/49 [========================>.....] - ETA: 0s - loss: 0.5653 - accuracy: 0.8040
42/49 [========================>.....] - ETA: 0s - loss: 0.5665 - accuracy: 0.8038
43/49 [=========================>....] - ETA: 0s - loss: 0.5662 - accuracy: 0.8040
44/49 [=========================>....] - ETA: 0s - loss: 0.5670 - accuracy: 0.8034
45/49 [==========================>...] - ETA: 0s - loss: 0.5678 - accuracy: 0.8032
46/49 [===========================>..] - ETA: 0s - loss: 0.5696 - accuracy: 0.8024
47/49 [===========================>..] - ETA: 0s - loss: 0.5700 - accuracy: 0.8023
48/49 [============================>.] - ETA: 0s - loss: 0.5712 - accuracy: 0.8017
49/49 [==============================] - ETA: 0s - loss: 0.5708 - accuracy: 0.8018
49/49 [==============================] - 4s 91ms/step - loss: 0.5708 - accuracy: 0.8018 - val_loss: 1.0463 - val_accuracy: 0.6491
Epoch 13/22

 1/49 [..............................] - ETA: 4s - loss: 0.5827 - accuracy: 0.7939
 2/49 [>.............................] - ETA: 3s - loss: 0.5464 - accuracy: 0.8120
 3/49 [>.............................] - ETA: 3s - loss: 0.5357 - accuracy: 0.8187
 4/49 [=>............................] - ETA: 3s - loss: 0.5361 - accuracy: 0.8159
 5/49 [==>...........................] - ETA: 3s - loss: 0.5334 - accuracy: 0.8143
 6/49 [==>...........................] - ETA: 3s - loss: 0.5303 - accuracy: 0.8156
 7/49 [===>..........................] - ETA: 2s - loss: 0.5252 - accuracy: 0.8178
 8/49 [===>..........................] - ETA: 2s - loss: 0.5275 - accuracy: 0.8167
 9/49 [====>.........................] - ETA: 2s - loss: 0.5268 - accuracy: 0.8167
10/49 [=====>........................] - ETA: 2s - loss: 0.5244 - accuracy: 0.8177
11/49 [=====>........................] - ETA: 2s - loss: 0.5286 - accuracy: 0.8162
12/49 [======>.......................] - ETA: 2s - loss: 0.5288 - accuracy: 0.8168
13/49 [======>.......................] - ETA: 2s - loss: 0.5315 - accuracy: 0.8155
14/49 [=======>......................] - ETA: 2s - loss: 0.5360 - accuracy: 0.8150
15/49 [========>.....................] - ETA: 2s - loss: 0.5369 - accuracy: 0.8154
16/49 [========>.....................] - ETA: 2s - loss: 0.5377 - accuracy: 0.8154
17/49 [=========>....................] - ETA: 2s - loss: 0.5384 - accuracy: 0.8153
18/49 [==========>...................] - ETA: 2s - loss: 0.5377 - accuracy: 0.8149
19/49 [==========>...................] - ETA: 2s - loss: 0.5392 - accuracy: 0.8139
20/49 [===========>..................] - ETA: 2s - loss: 0.5396 - accuracy: 0.8132
21/49 [===========>..................] - ETA: 1s - loss: 0.5387 - accuracy: 0.8128
22/49 [============>.................] - ETA: 1s - loss: 0.5394 - accuracy: 0.8129
23/49 [=============>................] - ETA: 1s - loss: 0.5404 - accuracy: 0.8117
24/49 [=============>................] - ETA: 1s - loss: 0.5406 - accuracy: 0.8117
25/49 [==============>...............] - ETA: 1s - loss: 0.5398 - accuracy: 0.8121
26/49 [==============>...............] - ETA: 1s - loss: 0.5396 - accuracy: 0.8120
27/49 [===============>..............] - ETA: 1s - loss: 0.5407 - accuracy: 0.8119
28/49 [================>.............] - ETA: 1s - loss: 0.5399 - accuracy: 0.8119
29/49 [================>.............] - ETA: 1s - loss: 0.5413 - accuracy: 0.8110
30/49 [=================>............] - ETA: 1s - loss: 0.5407 - accuracy: 0.8112
31/49 [=================>............] - ETA: 1s - loss: 0.5403 - accuracy: 0.8114
32/49 [==================>...........] - ETA: 1s - loss: 0.5402 - accuracy: 0.8114
33/49 [===================>..........] - ETA: 1s - loss: 0.5402 - accuracy: 0.8111
34/49 [===================>..........] - ETA: 1s - loss: 0.5407 - accuracy: 0.8110
35/49 [====================>.........] - ETA: 0s - loss: 0.5396 - accuracy: 0.8113
36/49 [=====================>........] - ETA: 0s - loss: 0.5399 - accuracy: 0.8110
37/49 [=====================>........] - ETA: 0s - loss: 0.5415 - accuracy: 0.8105
38/49 [======================>.......] - ETA: 0s - loss: 0.5419 - accuracy: 0.8103
39/49 [======================>.......] - ETA: 0s - loss: 0.5425 - accuracy: 0.8097
40/49 [=======================>......] - ETA: 0s - loss: 0.5425 - accuracy: 0.8097
41/49 [========================>.....] - ETA: 0s - loss: 0.5432 - accuracy: 0.8093
42/49 [========================>.....] - ETA: 0s - loss: 0.5441 - accuracy: 0.8091
43/49 [=========================>....] - ETA: 0s - loss: 0.5441 - accuracy: 0.8090
44/49 [=========================>....] - ETA: 0s - loss: 0.5453 - accuracy: 0.8089
45/49 [==========================>...] - ETA: 0s - loss: 0.5449 - accuracy: 0.8089
46/49 [===========================>..] - ETA: 0s - loss: 0.5457 - accuracy: 0.8083
47/49 [===========================>..] - ETA: 0s - loss: 0.5466 - accuracy: 0.8081
48/49 [============================>.] - ETA: 0s - loss: 0.5469 - accuracy: 0.8077
49/49 [==============================] - ETA: 0s - loss: 0.5469 - accuracy: 0.8076
49/49 [==============================] - 4s 92ms/step - loss: 0.5469 - accuracy: 0.8076 - val_loss: 0.8855 - val_accuracy: 0.6956
Epoch 14/22

 1/49 [..............................] - ETA: 4s - loss: 0.4825 - accuracy: 0.8408
 2/49 [>.............................] - ETA: 2s - loss: 0.4853 - accuracy: 0.8413
 3/49 [>.............................] - ETA: 3s - loss: 0.5000 - accuracy: 0.8350
 4/49 [=>............................] - ETA: 3s - loss: 0.4884 - accuracy: 0.8354
 5/49 [==>...........................] - ETA: 3s - loss: 0.4827 - accuracy: 0.8361
 6/49 [==>...........................] - ETA: 2s - loss: 0.4870 - accuracy: 0.8371
 7/49 [===>..........................] - ETA: 2s - loss: 0.4830 - accuracy: 0.8375
 8/49 [===>..........................] - ETA: 2s - loss: 0.4824 - accuracy: 0.8347
 9/49 [====>.........................] - ETA: 2s - loss: 0.4922 - accuracy: 0.8300
10/49 [=====>........................] - ETA: 2s - loss: 0.4907 - accuracy: 0.8305
11/49 [=====>........................] - ETA: 2s - loss: 0.4962 - accuracy: 0.8292
12/49 [======>.......................] - ETA: 2s - loss: 0.4994 - accuracy: 0.8278
13/49 [======>.......................] - ETA: 2s - loss: 0.5031 - accuracy: 0.8265
14/49 [=======>......................] - ETA: 2s - loss: 0.5045 - accuracy: 0.8260
15/49 [========>.....................] - ETA: 2s - loss: 0.5020 - accuracy: 0.8268
16/49 [========>.....................] - ETA: 2s - loss: 0.5026 - accuracy: 0.8272
17/49 [=========>....................] - ETA: 2s - loss: 0.5022 - accuracy: 0.8270
18/49 [==========>...................] - ETA: 2s - loss: 0.5012 - accuracy: 0.8275
19/49 [==========>...................] - ETA: 2s - loss: 0.4991 - accuracy: 0.8287
20/49 [===========>..................] - ETA: 2s - loss: 0.5008 - accuracy: 0.8286
21/49 [===========>..................] - ETA: 1s - loss: 0.5030 - accuracy: 0.8279
22/49 [============>.................] - ETA: 1s - loss: 0.5046 - accuracy: 0.8270
23/49 [=============>................] - ETA: 1s - loss: 0.5044 - accuracy: 0.8273
24/49 [=============>................] - ETA: 1s - loss: 0.5045 - accuracy: 0.8268
25/49 [==============>...............] - ETA: 1s - loss: 0.5057 - accuracy: 0.8263
26/49 [==============>...............] - ETA: 1s - loss: 0.5073 - accuracy: 0.8263
27/49 [===============>..............] - ETA: 1s - loss: 0.5094 - accuracy: 0.8259
28/49 [================>.............] - ETA: 1s - loss: 0.5104 - accuracy: 0.8253
29/49 [================>.............] - ETA: 1s - loss: 0.5107 - accuracy: 0.8248
30/49 [=================>............] - ETA: 1s - loss: 0.5119 - accuracy: 0.8242
31/49 [=================>............] - ETA: 1s - loss: 0.5136 - accuracy: 0.8240
32/49 [==================>...........] - ETA: 1s - loss: 0.5133 - accuracy: 0.8237
33/49 [===================>..........] - ETA: 1s - loss: 0.5140 - accuracy: 0.8232
34/49 [===================>..........] - ETA: 1s - loss: 0.5138 - accuracy: 0.8233
35/49 [====================>.........] - ETA: 0s - loss: 0.5143 - accuracy: 0.8229
36/49 [=====================>........] - ETA: 0s - loss: 0.5152 - accuracy: 0.8225
37/49 [=====================>........] - ETA: 0s - loss: 0.5164 - accuracy: 0.8218
38/49 [======================>.......] - ETA: 0s - loss: 0.5168 - accuracy: 0.8217
39/49 [======================>.......] - ETA: 0s - loss: 0.5179 - accuracy: 0.8212
40/49 [=======================>......] - ETA: 0s - loss: 0.5185 - accuracy: 0.8212
41/49 [========================>.....] - ETA: 0s - loss: 0.5200 - accuracy: 0.8207
42/49 [========================>.....] - ETA: 0s - loss: 0.5209 - accuracy: 0.8204
43/49 [=========================>....] - ETA: 0s - loss: 0.5208 - accuracy: 0.8202
44/49 [=========================>....] - ETA: 0s - loss: 0.5217 - accuracy: 0.8198
45/49 [==========================>...] - ETA: 0s - loss: 0.5230 - accuracy: 0.8195
46/49 [===========================>..] - ETA: 0s - loss: 0.5246 - accuracy: 0.8191
47/49 [===========================>..] - ETA: 0s - loss: 0.5256 - accuracy: 0.8188
48/49 [============================>.] - ETA: 0s - loss: 0.5254 - accuracy: 0.8190
49/49 [==============================] - ETA: 0s - loss: 0.5263 - accuracy: 0.8186
49/49 [==============================] - 5s 94ms/step - loss: 0.5263 - accuracy: 0.8186 - val_loss: 0.9163 - val_accuracy: 0.6829
Epoch 15/22

 1/49 [..............................] - ETA: 4s - loss: 0.5846 - accuracy: 0.7900
 2/49 [>.............................] - ETA: 2s - loss: 0.5302 - accuracy: 0.8154
 3/49 [>.............................] - ETA: 3s - loss: 0.5234 - accuracy: 0.8187
 4/49 [=>............................] - ETA: 3s - loss: 0.5083 - accuracy: 0.8252
 5/49 [==>...........................] - ETA: 3s - loss: 0.5047 - accuracy: 0.8291
 6/49 [==>...........................] - ETA: 2s - loss: 0.5056 - accuracy: 0.8286
 7/49 [===>..........................] - ETA: 2s - loss: 0.5082 - accuracy: 0.8269
 8/49 [===>..........................] - ETA: 2s - loss: 0.5047 - accuracy: 0.8280
 9/49 [====>.........................] - ETA: 2s - loss: 0.5028 - accuracy: 0.8278
10/49 [=====>........................] - ETA: 2s - loss: 0.5022 - accuracy: 0.8282
11/49 [=====>........................] - ETA: 2s - loss: 0.5006 - accuracy: 0.8279
12/49 [======>.......................] - ETA: 2s - loss: 0.5011 - accuracy: 0.8273
13/49 [======>.......................] - ETA: 2s - loss: 0.5005 - accuracy: 0.8270
14/49 [=======>......................] - ETA: 2s - loss: 0.4993 - accuracy: 0.8274
15/49 [========>.....................] - ETA: 2s - loss: 0.4993 - accuracy: 0.8270
16/49 [========>.....................] - ETA: 2s - loss: 0.4986 - accuracy: 0.8261
17/49 [=========>....................] - ETA: 2s - loss: 0.4965 - accuracy: 0.8267
18/49 [==========>...................] - ETA: 2s - loss: 0.4994 - accuracy: 0.8255
19/49 [==========>...................] - ETA: 2s - loss: 0.4984 - accuracy: 0.8258
20/49 [===========>..................] - ETA: 2s - loss: 0.4984 - accuracy: 0.8250
21/49 [===========>..................] - ETA: 1s - loss: 0.4997 - accuracy: 0.8249
22/49 [============>.................] - ETA: 1s - loss: 0.5002 - accuracy: 0.8249
23/49 [=============>................] - ETA: 1s - loss: 0.4999 - accuracy: 0.8252
24/49 [=============>................] - ETA: 1s - loss: 0.5010 - accuracy: 0.8244
25/49 [==============>...............] - ETA: 1s - loss: 0.5015 - accuracy: 0.8242
26/49 [==============>...............] - ETA: 1s - loss: 0.5031 - accuracy: 0.8235
27/49 [===============>..............] - ETA: 1s - loss: 0.5036 - accuracy: 0.8239
28/49 [================>.............] - ETA: 1s - loss: 0.5014 - accuracy: 0.8245
29/49 [================>.............] - ETA: 1s - loss: 0.5030 - accuracy: 0.8237
30/49 [=================>............] - ETA: 1s - loss: 0.5025 - accuracy: 0.8235
31/49 [=================>............] - ETA: 1s - loss: 0.5030 - accuracy: 0.8239
32/49 [==================>...........] - ETA: 1s - loss: 0.5028 - accuracy: 0.8243
33/49 [===================>..........] - ETA: 1s - loss: 0.5034 - accuracy: 0.8242
34/49 [===================>..........] - ETA: 1s - loss: 0.5030 - accuracy: 0.8241
35/49 [====================>.........] - ETA: 0s - loss: 0.5034 - accuracy: 0.8239
36/49 [=====================>........] - ETA: 0s - loss: 0.5041 - accuracy: 0.8235
37/49 [=====================>........] - ETA: 0s - loss: 0.5053 - accuracy: 0.8232
38/49 [======================>.......] - ETA: 0s - loss: 0.5052 - accuracy: 0.8230
39/49 [======================>.......] - ETA: 0s - loss: 0.5062 - accuracy: 0.8228
40/49 [=======================>......] - ETA: 0s - loss: 0.5071 - accuracy: 0.8225
41/49 [========================>.....] - ETA: 0s - loss: 0.5077 - accuracy: 0.8223
42/49 [========================>.....] - ETA: 0s - loss: 0.5071 - accuracy: 0.8227
43/49 [=========================>....] - ETA: 0s - loss: 0.5084 - accuracy: 0.8222
44/49 [=========================>....] - ETA: 0s - loss: 0.5093 - accuracy: 0.8216
45/49 [==========================>...] - ETA: 0s - loss: 0.5099 - accuracy: 0.8214
46/49 [===========================>..] - ETA: 0s - loss: 0.5108 - accuracy: 0.8210
47/49 [===========================>..] - ETA: 0s - loss: 0.5114 - accuracy: 0.8205
48/49 [============================>.] - ETA: 0s - loss: 0.5128 - accuracy: 0.8199
49/49 [==============================] - ETA: 0s - loss: 0.5133 - accuracy: 0.8195
49/49 [==============================] - 5s 92ms/step - loss: 0.5133 - accuracy: 0.8195 - val_loss: 0.8517 - val_accuracy: 0.7165
Epoch 16/22

 1/49 [..............................] - ETA: 4s - loss: 0.4581 - accuracy: 0.8301
 2/49 [>.............................] - ETA: 2s - loss: 0.4754 - accuracy: 0.8271
 3/49 [>.............................] - ETA: 3s - loss: 0.4866 - accuracy: 0.8239
 4/49 [=>............................] - ETA: 3s - loss: 0.4892 - accuracy: 0.8245
 5/49 [==>...........................] - ETA: 3s - loss: 0.4792 - accuracy: 0.8307
 6/49 [==>...........................] - ETA: 2s - loss: 0.4751 - accuracy: 0.8309
 7/49 [===>..........................] - ETA: 2s - loss: 0.4811 - accuracy: 0.8298
 8/49 [===>..........................] - ETA: 2s - loss: 0.4782 - accuracy: 0.8314
 9/49 [====>.........................] - ETA: 2s - loss: 0.4763 - accuracy: 0.8333
10/49 [=====>........................] - ETA: 2s - loss: 0.4730 - accuracy: 0.8342
11/49 [=====>........................] - ETA: 2s - loss: 0.4692 - accuracy: 0.8352
12/49 [======>.......................] - ETA: 2s - loss: 0.4689 - accuracy: 0.8343
13/49 [======>.......................] - ETA: 2s - loss: 0.4673 - accuracy: 0.8359
14/49 [=======>......................] - ETA: 2s - loss: 0.4698 - accuracy: 0.8350
15/49 [========>.....................] - ETA: 2s - loss: 0.4700 - accuracy: 0.8350
16/49 [========>.....................] - ETA: 2s - loss: 0.4731 - accuracy: 0.8342
17/49 [=========>....................] - ETA: 2s - loss: 0.4727 - accuracy: 0.8344
18/49 [==========>...................] - ETA: 2s - loss: 0.4730 - accuracy: 0.8347
19/49 [==========>...................] - ETA: 2s - loss: 0.4730 - accuracy: 0.8352
20/49 [===========>..................] - ETA: 2s - loss: 0.4710 - accuracy: 0.8357
21/49 [===========>..................] - ETA: 1s - loss: 0.4726 - accuracy: 0.8345
22/49 [============>.................] - ETA: 1s - loss: 0.4718 - accuracy: 0.8348
23/49 [=============>................] - ETA: 1s - loss: 0.4712 - accuracy: 0.8350
24/49 [=============>................] - ETA: 1s - loss: 0.4714 - accuracy: 0.8346
25/49 [==============>...............] - ETA: 1s - loss: 0.4721 - accuracy: 0.8344
26/49 [==============>...............] - ETA: 1s - loss: 0.4726 - accuracy: 0.8344
27/49 [===============>..............] - ETA: 1s - loss: 0.4720 - accuracy: 0.8346
28/49 [================>.............] - ETA: 1s - loss: 0.4729 - accuracy: 0.8346
29/49 [================>.............] - ETA: 1s - loss: 0.4747 - accuracy: 0.8341
30/49 [=================>............] - ETA: 1s - loss: 0.4752 - accuracy: 0.8342
31/49 [=================>............] - ETA: 1s - loss: 0.4768 - accuracy: 0.8334
32/49 [==================>...........] - ETA: 1s - loss: 0.4774 - accuracy: 0.8335
33/49 [===================>..........] - ETA: 1s - loss: 0.4771 - accuracy: 0.8335
34/49 [===================>..........] - ETA: 1s - loss: 0.4768 - accuracy: 0.8338
35/49 [====================>.........] - ETA: 0s - loss: 0.4779 - accuracy: 0.8334
37/49 [=====================>........] - ETA: 0s - loss: 0.4809 - accuracy: 0.8318
38/49 [======================>.......] - ETA: 0s - loss: 0.4821 - accuracy: 0.8314
39/49 [======================>.......] - ETA: 0s - loss: 0.4840 - accuracy: 0.8307
40/49 [=======================>......] - ETA: 0s - loss: 0.4837 - accuracy: 0.8309
41/49 [========================>.....] - ETA: 0s - loss: 0.4848 - accuracy: 0.8306
42/49 [========================>.....] - ETA: 0s - loss: 0.4846 - accuracy: 0.8305
43/49 [=========================>....] - ETA: 0s - loss: 0.4868 - accuracy: 0.8295
44/49 [=========================>....] - ETA: 0s - loss: 0.4874 - accuracy: 0.8292
45/49 [==========================>...] - ETA: 0s - loss: 0.4876 - accuracy: 0.8290
46/49 [===========================>..] - ETA: 0s - loss: 0.4883 - accuracy: 0.8285
47/49 [===========================>..] - ETA: 0s - loss: 0.4885 - accuracy: 0.8285
48/49 [============================>.] - ETA: 0s - loss: 0.4894 - accuracy: 0.8280
49/49 [==============================] - ETA: 0s - loss: 0.4889 - accuracy: 0.8282
49/49 [==============================] - 4s 92ms/step - loss: 0.4889 - accuracy: 0.8282 - val_loss: 0.8180 - val_accuracy: 0.7292
Epoch 17/22

 1/49 [..............................] - ETA: 4s - loss: 0.4312 - accuracy: 0.8555
 2/49 [>.............................] - ETA: 2s - loss: 0.4455 - accuracy: 0.8462
 3/49 [>.............................] - ETA: 3s - loss: 0.4602 - accuracy: 0.8405
 4/49 [=>............................] - ETA: 3s - loss: 0.4582 - accuracy: 0.8401
 5/49 [==>...........................] - ETA: 3s - loss: 0.4607 - accuracy: 0.8393
 6/49 [==>...........................] - ETA: 2s - loss: 0.4618 - accuracy: 0.8384
 7/49 [===>..........................] - ETA: 2s - loss: 0.4584 - accuracy: 0.8398
 8/49 [===>..........................] - ETA: 2s - loss: 0.4617 - accuracy: 0.8374
 9/49 [====>.........................] - ETA: 2s - loss: 0.4612 - accuracy: 0.8383
10/49 [=====>........................] - ETA: 2s - loss: 0.4599 - accuracy: 0.8397
11/49 [=====>........................] - ETA: 2s - loss: 0.4566 - accuracy: 0.8403
12/49 [======>.......................] - ETA: 2s - loss: 0.4577 - accuracy: 0.8398
13/49 [======>.......................] - ETA: 2s - loss: 0.4565 - accuracy: 0.8404
14/49 [=======>......................] - ETA: 2s - loss: 0.4585 - accuracy: 0.8395
15/49 [========>.....................] - ETA: 2s - loss: 0.4566 - accuracy: 0.8401
16/49 [========>.....................] - ETA: 2s - loss: 0.4574 - accuracy: 0.8408
17/49 [=========>....................] - ETA: 2s - loss: 0.4573 - accuracy: 0.8414
18/49 [==========>...................] - ETA: 2s - loss: 0.4618 - accuracy: 0.8401
19/49 [==========>...................] - ETA: 2s - loss: 0.4617 - accuracy: 0.8401
20/49 [===========>..................] - ETA: 2s - loss: 0.4632 - accuracy: 0.8393
21/49 [===========>..................] - ETA: 1s - loss: 0.4631 - accuracy: 0.8385
22/49 [============>.................] - ETA: 1s - loss: 0.4622 - accuracy: 0.8387
23/49 [=============>................] - ETA: 1s - loss: 0.4633 - accuracy: 0.8387
24/49 [=============>................] - ETA: 1s - loss: 0.4625 - accuracy: 0.8385
25/49 [==============>...............] - ETA: 1s - loss: 0.4614 - accuracy: 0.8389
26/49 [==============>...............] - ETA: 1s - loss: 0.4613 - accuracy: 0.8387
27/49 [===============>..............] - ETA: 1s - loss: 0.4622 - accuracy: 0.8384
28/49 [================>.............] - ETA: 1s - loss: 0.4651 - accuracy: 0.8372
29/49 [================>.............] - ETA: 1s - loss: 0.4647 - accuracy: 0.8373
30/49 [=================>............] - ETA: 1s - loss: 0.4652 - accuracy: 0.8370
31/49 [=================>............] - ETA: 1s - loss: 0.4668 - accuracy: 0.8362
32/49 [==================>...........] - ETA: 1s - loss: 0.4669 - accuracy: 0.8362
33/49 [===================>..........] - ETA: 1s - loss: 0.4672 - accuracy: 0.8359
34/49 [===================>..........] - ETA: 1s - loss: 0.4672 - accuracy: 0.8361
35/49 [====================>.........] - ETA: 0s - loss: 0.4675 - accuracy: 0.8360
36/49 [=====================>........] - ETA: 0s - loss: 0.4683 - accuracy: 0.8359
37/49 [=====================>........] - ETA: 0s - loss: 0.4691 - accuracy: 0.8354
38/49 [======================>.......] - ETA: 0s - loss: 0.4684 - accuracy: 0.8358
39/49 [======================>.......] - ETA: 0s - loss: 0.4701 - accuracy: 0.8350
40/49 [=======================>......] - ETA: 0s - loss: 0.4710 - accuracy: 0.8346
41/49 [========================>.....] - ETA: 0s - loss: 0.4724 - accuracy: 0.8342
42/49 [========================>.....] - ETA: 0s - loss: 0.4712 - accuracy: 0.8348
43/49 [=========================>....] - ETA: 0s - loss: 0.4727 - accuracy: 0.8342
44/49 [=========================>....] - ETA: 0s - loss: 0.4724 - accuracy: 0.8343
45/49 [==========================>...] - ETA: 0s - loss: 0.4731 - accuracy: 0.8342
46/49 [===========================>..] - ETA: 0s - loss: 0.4732 - accuracy: 0.8341
47/49 [===========================>..] - ETA: 0s - loss: 0.4738 - accuracy: 0.8338
48/49 [============================>.] - ETA: 0s - loss: 0.4756 - accuracy: 0.8334
49/49 [==============================] - ETA: 0s - loss: 0.4765 - accuracy: 0.8331
49/49 [==============================] - 4s 91ms/step - loss: 0.4765 - accuracy: 0.8331 - val_loss: 0.8540 - val_accuracy: 0.7277
Epoch 18/22

 1/49 [..............................] - ETA: 4s - loss: 0.4836 - accuracy: 0.8271
 2/49 [>.............................] - ETA: 3s - loss: 0.4792 - accuracy: 0.8232
 3/49 [>.............................] - ETA: 3s - loss: 0.4669 - accuracy: 0.8252
 4/49 [=>............................] - ETA: 3s - loss: 0.4702 - accuracy: 0.8293
 5/49 [==>...........................] - ETA: 3s - loss: 0.4581 - accuracy: 0.8352
 6/49 [==>...........................] - ETA: 3s - loss: 0.4559 - accuracy: 0.8371
 7/49 [===>..........................] - ETA: 2s - loss: 0.4527 - accuracy: 0.8379
 8/49 [===>..........................] - ETA: 2s - loss: 0.4508 - accuracy: 0.8381
 9/49 [====>.........................] - ETA: 2s - loss: 0.4488 - accuracy: 0.8391
10/49 [=====>........................] - ETA: 2s - loss: 0.4484 - accuracy: 0.8392
11/49 [=====>........................] - ETA: 2s - loss: 0.4473 - accuracy: 0.8399
12/49 [======>.......................] - ETA: 2s - loss: 0.4451 - accuracy: 0.8411
13/49 [======>.......................] - ETA: 2s - loss: 0.4447 - accuracy: 0.8425
14/49 [=======>......................] - ETA: 2s - loss: 0.4443 - accuracy: 0.8430
15/49 [========>.....................] - ETA: 2s - loss: 0.4446 - accuracy: 0.8426
16/49 [========>.....................] - ETA: 2s - loss: 0.4462 - accuracy: 0.8417
17/49 [=========>....................] - ETA: 2s - loss: 0.4453 - accuracy: 0.8421
18/49 [==========>...................] - ETA: 2s - loss: 0.4454 - accuracy: 0.8422
19/49 [==========>...................] - ETA: 2s - loss: 0.4454 - accuracy: 0.8418
20/49 [===========>..................] - ETA: 2s - loss: 0.4450 - accuracy: 0.8417
21/49 [===========>..................] - ETA: 1s - loss: 0.4469 - accuracy: 0.8412
22/49 [============>.................] - ETA: 1s - loss: 0.4475 - accuracy: 0.8411
23/49 [=============>................] - ETA: 1s - loss: 0.4493 - accuracy: 0.8408
24/49 [=============>................] - ETA: 1s - loss: 0.4487 - accuracy: 0.8413
25/49 [==============>...............] - ETA: 1s - loss: 0.4496 - accuracy: 0.8408
26/49 [==============>...............] - ETA: 1s - loss: 0.4488 - accuracy: 0.8407
27/49 [===============>..............] - ETA: 1s - loss: 0.4496 - accuracy: 0.8406
28/49 [================>.............] - ETA: 1s - loss: 0.4508 - accuracy: 0.8402
29/49 [================>.............] - ETA: 1s - loss: 0.4521 - accuracy: 0.8394
30/49 [=================>............] - ETA: 1s - loss: 0.4523 - accuracy: 0.8394
31/49 [=================>............] - ETA: 1s - loss: 0.4527 - accuracy: 0.8390
32/49 [==================>...........] - ETA: 1s - loss: 0.4531 - accuracy: 0.8390
33/49 [===================>..........] - ETA: 1s - loss: 0.4543 - accuracy: 0.8385
34/49 [===================>..........] - ETA: 1s - loss: 0.4543 - accuracy: 0.8381
35/49 [====================>.........] - ETA: 0s - loss: 0.4552 - accuracy: 0.8379
36/49 [=====================>........] - ETA: 0s - loss: 0.4552 - accuracy: 0.8378
37/49 [=====================>........] - ETA: 0s - loss: 0.4566 - accuracy: 0.8374
38/49 [======================>.......] - ETA: 0s - loss: 0.4573 - accuracy: 0.8370
39/49 [======================>.......] - ETA: 0s - loss: 0.4576 - accuracy: 0.8365
40/49 [=======================>......] - ETA: 0s - loss: 0.4589 - accuracy: 0.8358
41/49 [========================>.....] - ETA: 0s - loss: 0.4596 - accuracy: 0.8356
42/49 [========================>.....] - ETA: 0s - loss: 0.4607 - accuracy: 0.8352
43/49 [=========================>....] - ETA: 0s - loss: 0.4603 - accuracy: 0.8356
44/49 [=========================>....] - ETA: 0s - loss: 0.4604 - accuracy: 0.8358
45/49 [==========================>...] - ETA: 0s - loss: 0.4613 - accuracy: 0.8355
46/49 [===========================>..] - ETA: 0s - loss: 0.4613 - accuracy: 0.8356
47/49 [===========================>..] - ETA: 0s - loss: 0.4618 - accuracy: 0.8353
48/49 [============================>.] - ETA: 0s - loss: 0.4620 - accuracy: 0.8352
49/49 [==============================] - ETA: 0s - loss: 0.4632 - accuracy: 0.8350
49/49 [==============================] - 4s 92ms/step - loss: 0.4632 - accuracy: 0.8350 - val_loss: 0.8403 - val_accuracy: 0.7230
Epoch 19/22

 1/49 [..............................] - ETA: 4s - loss: 0.4068 - accuracy: 0.8613
 2/49 [>.............................] - ETA: 2s - loss: 0.4327 - accuracy: 0.8496
 3/49 [>.............................] - ETA: 2s - loss: 0.4286 - accuracy: 0.8483
 4/49 [=>............................] - ETA: 3s - loss: 0.4254 - accuracy: 0.8481
 5/49 [==>...........................] - ETA: 2s - loss: 0.4322 - accuracy: 0.8471
 6/49 [==>...........................] - ETA: 2s - loss: 0.4300 - accuracy: 0.8467
 7/49 [===>..........................] - ETA: 2s - loss: 0.4339 - accuracy: 0.8461
 8/49 [===>..........................] - ETA: 2s - loss: 0.4321 - accuracy: 0.8469
 9/49 [====>.........................] - ETA: 2s - loss: 0.4341 - accuracy: 0.8454
10/49 [=====>........................] - ETA: 2s - loss: 0.4329 - accuracy: 0.8470
11/49 [=====>........................] - ETA: 2s - loss: 0.4338 - accuracy: 0.8463
12/49 [======>.......................] - ETA: 2s - loss: 0.4306 - accuracy: 0.8471
13/49 [======>.......................] - ETA: 2s - loss: 0.4327 - accuracy: 0.8458
14/49 [=======>......................] - ETA: 2s - loss: 0.4333 - accuracy: 0.8463
15/49 [========>.....................] - ETA: 2s - loss: 0.4293 - accuracy: 0.8483
16/49 [========>.....................] - ETA: 2s - loss: 0.4297 - accuracy: 0.8473
17/49 [=========>....................] - ETA: 2s - loss: 0.4308 - accuracy: 0.8476
18/49 [==========>...................] - ETA: 2s - loss: 0.4325 - accuracy: 0.8470
19/49 [==========>...................] - ETA: 2s - loss: 0.4337 - accuracy: 0.8467
20/49 [===========>..................] - ETA: 2s - loss: 0.4346 - accuracy: 0.8462
21/49 [===========>..................] - ETA: 1s - loss: 0.4349 - accuracy: 0.8462
22/49 [============>.................] - ETA: 1s - loss: 0.4357 - accuracy: 0.8461
23/49 [=============>................] - ETA: 1s - loss: 0.4368 - accuracy: 0.8457
24/49 [=============>................] - ETA: 1s - loss: 0.4373 - accuracy: 0.8454
25/49 [==============>...............] - ETA: 1s - loss: 0.4368 - accuracy: 0.8455
26/49 [==============>...............] - ETA: 1s - loss: 0.4367 - accuracy: 0.8455
27/49 [===============>..............] - ETA: 1s - loss: 0.4375 - accuracy: 0.8455
28/49 [================>.............] - ETA: 1s - loss: 0.4381 - accuracy: 0.8453
29/49 [================>.............] - ETA: 1s - loss: 0.4376 - accuracy: 0.8455
30/49 [=================>............] - ETA: 1s - loss: 0.4388 - accuracy: 0.8449
31/49 [=================>............] - ETA: 1s - loss: 0.4382 - accuracy: 0.8453
32/49 [==================>...........] - ETA: 1s - loss: 0.4392 - accuracy: 0.8449
33/49 [===================>..........] - ETA: 1s - loss: 0.4402 - accuracy: 0.8443
34/49 [===================>..........] - ETA: 1s - loss: 0.4413 - accuracy: 0.8436
35/49 [====================>.........] - ETA: 0s - loss: 0.4420 - accuracy: 0.8431
36/49 [=====================>........] - ETA: 0s - loss: 0.4425 - accuracy: 0.8431
37/49 [=====================>........] - ETA: 0s - loss: 0.4422 - accuracy: 0.8431
38/49 [======================>.......] - ETA: 0s - loss: 0.4427 - accuracy: 0.8431
39/49 [======================>.......] - ETA: 0s - loss: 0.4432 - accuracy: 0.8428
40/49 [=======================>......] - ETA: 0s - loss: 0.4439 - accuracy: 0.8430
41/49 [========================>.....] - ETA: 0s - loss: 0.4450 - accuracy: 0.8424
42/49 [========================>.....] - ETA: 0s - loss: 0.4452 - accuracy: 0.8426
43/49 [=========================>....] - ETA: 0s - loss: 0.4458 - accuracy: 0.8422
44/49 [=========================>....] - ETA: 0s - loss: 0.4467 - accuracy: 0.8420
45/49 [==========================>...] - ETA: 0s - loss: 0.4470 - accuracy: 0.8418
46/49 [===========================>..] - ETA: 0s - loss: 0.4472 - accuracy: 0.8416
47/49 [===========================>..] - ETA: 0s - loss: 0.4469 - accuracy: 0.8419
48/49 [============================>.] - ETA: 0s - loss: 0.4473 - accuracy: 0.8419
49/49 [==============================] - ETA: 0s - loss: 0.4480 - accuracy: 0.8416
49/49 [==============================] - 4s 91ms/step - loss: 0.4480 - accuracy: 0.8416 - val_loss: 0.8820 - val_accuracy: 0.7193
Epoch 20/22

 1/49 [..............................] - ETA: 4s - loss: 0.4266 - accuracy: 0.8564
 2/49 [>.............................] - ETA: 2s - loss: 0.4103 - accuracy: 0.8647
 3/49 [>.............................] - ETA: 3s - loss: 0.4152 - accuracy: 0.8613
 4/49 [=>............................] - ETA: 3s - loss: 0.4227 - accuracy: 0.8569
 5/49 [==>...........................] - ETA: 3s - loss: 0.4210 - accuracy: 0.8564
 6/49 [==>...........................] - ETA: 2s - loss: 0.4191 - accuracy: 0.8568
 7/49 [===>..........................] - ETA: 2s - loss: 0.4203 - accuracy: 0.8556
 8/49 [===>..........................] - ETA: 2s - loss: 0.4193 - accuracy: 0.8561
 9/49 [====>.........................] - ETA: 2s - loss: 0.4158 - accuracy: 0.8560
10/49 [=====>........................] - ETA: 2s - loss: 0.4138 - accuracy: 0.8562
11/49 [=====>........................] - ETA: 2s - loss: 0.4125 - accuracy: 0.8563
12/49 [======>.......................] - ETA: 2s - loss: 0.4111 - accuracy: 0.8570
13/49 [======>.......................] - ETA: 2s - loss: 0.4101 - accuracy: 0.8582
14/49 [=======>......................] - ETA: 2s - loss: 0.4122 - accuracy: 0.8578
15/49 [========>.....................] - ETA: 2s - loss: 0.4125 - accuracy: 0.8581
16/49 [========>.....................] - ETA: 2s - loss: 0.4139 - accuracy: 0.8575
17/49 [=========>....................] - ETA: 2s - loss: 0.4120 - accuracy: 0.8579
18/49 [==========>...................] - ETA: 2s - loss: 0.4141 - accuracy: 0.8574
19/49 [==========>...................] - ETA: 2s - loss: 0.4147 - accuracy: 0.8570
20/49 [===========>..................] - ETA: 2s - loss: 0.4169 - accuracy: 0.8561
21/49 [===========>..................] - ETA: 1s - loss: 0.4182 - accuracy: 0.8559
22/49 [============>.................] - ETA: 1s - loss: 0.4185 - accuracy: 0.8558
23/49 [=============>................] - ETA: 1s - loss: 0.4207 - accuracy: 0.8555
24/49 [=============>................] - ETA: 1s - loss: 0.4210 - accuracy: 0.8553
25/49 [==============>...............] - ETA: 1s - loss: 0.4213 - accuracy: 0.8546
26/49 [==============>...............] - ETA: 1s - loss: 0.4210 - accuracy: 0.8542
27/49 [===============>..............] - ETA: 1s - loss: 0.4226 - accuracy: 0.8534
28/49 [================>.............] - ETA: 1s - loss: 0.4234 - accuracy: 0.8530
29/49 [================>.............] - ETA: 1s - loss: 0.4240 - accuracy: 0.8531
30/49 [=================>............] - ETA: 1s - loss: 0.4243 - accuracy: 0.8529
31/49 [=================>............] - ETA: 1s - loss: 0.4250 - accuracy: 0.8524
32/49 [==================>...........] - ETA: 1s - loss: 0.4264 - accuracy: 0.8518
33/49 [===================>..........] - ETA: 1s - loss: 0.4285 - accuracy: 0.8511
34/49 [===================>..........] - ETA: 1s - loss: 0.4297 - accuracy: 0.8508
35/49 [====================>.........] - ETA: 0s - loss: 0.4297 - accuracy: 0.8506
36/49 [=====================>........] - ETA: 0s - loss: 0.4300 - accuracy: 0.8508
37/49 [=====================>........] - ETA: 0s - loss: 0.4298 - accuracy: 0.8508
38/49 [======================>.......] - ETA: 0s - loss: 0.4294 - accuracy: 0.8508
39/49 [======================>.......] - ETA: 0s - loss: 0.4303 - accuracy: 0.8504
40/49 [=======================>......] - ETA: 0s - loss: 0.4306 - accuracy: 0.8501
41/49 [========================>.....] - ETA: 0s - loss: 0.4304 - accuracy: 0.8503
42/49 [========================>.....] - ETA: 0s - loss: 0.4315 - accuracy: 0.8500
43/49 [=========================>....] - ETA: 0s - loss: 0.4313 - accuracy: 0.8501
44/49 [=========================>....] - ETA: 0s - loss: 0.4323 - accuracy: 0.8497
45/49 [==========================>...] - ETA: 0s - loss: 0.4316 - accuracy: 0.8500
46/49 [===========================>..] - ETA: 0s - loss: 0.4319 - accuracy: 0.8499
47/49 [===========================>..] - ETA: 0s - loss: 0.4330 - accuracy: 0.8495
48/49 [============================>.] - ETA: 0s - loss: 0.4327 - accuracy: 0.8496
49/49 [==============================] - ETA: 0s - loss: 0.4342 - accuracy: 0.8489
49/49 [==============================] - 4s 91ms/step - loss: 0.4342 - accuracy: 0.8489 - val_loss: 0.8786 - val_accuracy: 0.7196
Epoch 21/22

 1/49 [..............................] - ETA: 4s - loss: 0.3904 - accuracy: 0.8516
 2/49 [>.............................] - ETA: 2s - loss: 0.4004 - accuracy: 0.8569
 3/49 [>.............................] - ETA: 3s - loss: 0.3995 - accuracy: 0.8613
 4/49 [=>............................] - ETA: 3s - loss: 0.3982 - accuracy: 0.8635
 5/49 [==>...........................] - ETA: 3s - loss: 0.3961 - accuracy: 0.8648
 6/49 [==>...........................] - ETA: 2s - loss: 0.4047 - accuracy: 0.8626
 7/49 [===>..........................] - ETA: 2s - loss: 0.4083 - accuracy: 0.8605
 8/49 [===>..........................] - ETA: 2s - loss: 0.4047 - accuracy: 0.8615
 9/49 [====>.........................] - ETA: 2s - loss: 0.4040 - accuracy: 0.8619
10/49 [=====>........................] - ETA: 2s - loss: 0.4010 - accuracy: 0.8617
11/49 [=====>........................] - ETA: 2s - loss: 0.4024 - accuracy: 0.8620
12/49 [======>.......................] - ETA: 2s - loss: 0.4045 - accuracy: 0.8602
13/49 [======>.......................] - ETA: 2s - loss: 0.4011 - accuracy: 0.8614
14/49 [=======>......................] - ETA: 2s - loss: 0.4003 - accuracy: 0.8615
15/49 [========>.....................] - ETA: 2s - loss: 0.4004 - accuracy: 0.8609
16/49 [========>.....................] - ETA: 2s - loss: 0.3990 - accuracy: 0.8613
17/49 [=========>....................] - ETA: 2s - loss: 0.4012 - accuracy: 0.8605
18/49 [==========>...................] - ETA: 2s - loss: 0.4021 - accuracy: 0.8602
19/49 [==========>...................] - ETA: 2s - loss: 0.4019 - accuracy: 0.8600
20/49 [===========>..................] - ETA: 2s - loss: 0.4020 - accuracy: 0.8596
21/49 [===========>..................] - ETA: 1s - loss: 0.4035 - accuracy: 0.8593
22/49 [============>.................] - ETA: 1s - loss: 0.4053 - accuracy: 0.8586
23/49 [=============>................] - ETA: 1s - loss: 0.4062 - accuracy: 0.8583
24/49 [=============>................] - ETA: 1s - loss: 0.4079 - accuracy: 0.8577
25/49 [==============>...............] - ETA: 1s - loss: 0.4109 - accuracy: 0.8561
26/49 [==============>...............] - ETA: 1s - loss: 0.4106 - accuracy: 0.8559
27/49 [===============>..............] - ETA: 1s - loss: 0.4094 - accuracy: 0.8563
28/49 [================>.............] - ETA: 1s - loss: 0.4106 - accuracy: 0.8559
29/49 [================>.............] - ETA: 1s - loss: 0.4111 - accuracy: 0.8556
30/49 [=================>............] - ETA: 1s - loss: 0.4115 - accuracy: 0.8556
31/49 [=================>............] - ETA: 1s - loss: 0.4124 - accuracy: 0.8551
32/49 [==================>...........] - ETA: 1s - loss: 0.4125 - accuracy: 0.8551
33/49 [===================>..........] - ETA: 1s - loss: 0.4138 - accuracy: 0.8547
34/49 [===================>..........] - ETA: 1s - loss: 0.4152 - accuracy: 0.8541
35/49 [====================>.........] - ETA: 0s - loss: 0.4160 - accuracy: 0.8539
36/49 [=====================>........] - ETA: 0s - loss: 0.4170 - accuracy: 0.8534
37/49 [=====================>........] - ETA: 0s - loss: 0.4170 - accuracy: 0.8535
38/49 [======================>.......] - ETA: 0s - loss: 0.4167 - accuracy: 0.8536
39/49 [======================>.......] - ETA: 0s - loss: 0.4167 - accuracy: 0.8535
40/49 [=======================>......] - ETA: 0s - loss: 0.4174 - accuracy: 0.8533
41/49 [========================>.....] - ETA: 0s - loss: 0.4173 - accuracy: 0.8534
42/49 [========================>.....] - ETA: 0s - loss: 0.4174 - accuracy: 0.8535
43/49 [=========================>....] - ETA: 0s - loss: 0.4179 - accuracy: 0.8533
44/49 [=========================>....] - ETA: 0s - loss: 0.4194 - accuracy: 0.8529
45/49 [==========================>...] - ETA: 0s - loss: 0.4194 - accuracy: 0.8528
46/49 [===========================>..] - ETA: 0s - loss: 0.4198 - accuracy: 0.8523
47/49 [===========================>..] - ETA: 0s - loss: 0.4208 - accuracy: 0.8516
48/49 [============================>.] - ETA: 0s - loss: 0.4215 - accuracy: 0.8512
49/49 [==============================] - ETA: 0s - loss: 0.4224 - accuracy: 0.8509
49/49 [==============================] - 4s 92ms/step - loss: 0.4224 - accuracy: 0.8509 - val_loss: 0.9090 - val_accuracy: 0.7147
Epoch 21: early stopping

  1/313 [..............................] - ETA: 9s - loss: 0.3991 - accuracy: 0.8438
 20/313 [>.............................] - ETA: 0s - loss: 0.8517 - accuracy: 0.7281
 38/313 [==>...........................] - ETA: 0s - loss: 0.8535 - accuracy: 0.7344
 57/313 [====>.........................] - ETA: 0s - loss: 0.8732 - accuracy: 0.7237
 76/313 [======>.......................] - ETA: 0s - loss: 0.9198 - accuracy: 0.7167
 94/313 [========>.....................] - ETA: 0s - loss: 0.9218 - accuracy: 0.7158
109/313 [=========>....................] - ETA: 0s - loss: 0.9132 - accuracy: 0.7167
126/313 [===========>..................] - ETA: 0s - loss: 0.9167 - accuracy: 0.7180
144/313 [============>.................] - ETA: 0s - loss: 0.9118 - accuracy: 0.7211
163/313 [==============>...............] - ETA: 0s - loss: 0.9083 - accuracy: 0.7209
180/313 [================>.............] - ETA: 0s - loss: 0.9027 - accuracy: 0.7201
199/313 [==================>...........] - ETA: 0s - loss: 0.9010 - accuracy: 0.7192
216/313 [===================>..........] - ETA: 0s - loss: 0.9087 - accuracy: 0.7164
235/313 [=====================>........] - ETA: 0s - loss: 0.9070 - accuracy: 0.7173
252/313 [=======================>......] - ETA: 0s - loss: 0.9055 - accuracy: 0.7179
271/313 [========================>.....] - ETA: 0s - loss: 0.9094 - accuracy: 0.7156
289/313 [==========================>...] - ETA: 0s - loss: 0.9051 - accuracy: 0.7166
307/313 [============================>.] - ETA: 0s - loss: 0.9078 - accuracy: 0.7150
313/313 [==============================] - 1s 3ms/step - loss: 0.9090 - accuracy: 0.7147
