2024-06-25 23:15:32.947938: I tensorflow/core/platform/cpu_feature_guard.cc:193] This TensorFlow binary is optimized with oneAPI Deep Neural Network Library (oneDNN) to use the following CPU instructions in performance-critical operations:  AVX AVX2
To enable them in other operations, rebuild TensorFlow with the appropriate compiler flags.
2024-06-25 23:15:33.569035: I tensorflow/core/common_runtime/gpu/gpu_device.cc:1616] Created device /job:localhost/replica:0/task:0/device:GPU:0 with 6656 MB memory:  -> device: 0, name: NVIDIA GeForce RTX 4060 Ti, pci bus id: 0000:01:00.0, compute capability: 8.9
1 Physical GPUs, 1 Logical GPUs
Model: "sequential"
_________________________________________________________________
 Layer (type)                Output Shape              Param #   
=================================================================
 conv2d (Conv2D)             (None, 32, 32, 32)        896       
                                                                 
 max_pooling2d (MaxPooling2D  (None, 16, 16, 32)       0         
 )                                                               
                                                                 
 batch_normalization (BatchN  (None, 16, 16, 32)       128       
 ormalization)                                                   
                                                                 
 conv2d_1 (Conv2D)           (None, 16, 16, 32)        82976     
                                                                 
 dropout (Dropout)           (None, 16, 16, 32)        0         
                                                                 
 flatten (Flatten)           (None, 8192)              0         
                                                                 
 dense (Dense)               (None, 10)                81930     
                                                                 
=================================================================
Total params: 165,930
Trainable params: 165,866
Non-trainable params: 64
_________________________________________________________________
Taxa de aprendizado:  1 Num de épocas:  165 Tamanho do lote:  128 Dropout:  0.4475
Epoch 1/165
2024-06-25 23:15:34.941538: I tensorflow/stream_executor/cuda/cuda_dnn.cc:384] Loaded cuDNN version 8100
2024-06-25 23:15:35.793170: W tensorflow/stream_executor/gpu/redzone_allocator.cc:314] INTERNAL: ptxas exited with non-zero error code -1, output: 
Relying on driver to perform ptx compilation. 
Modify $PATH to customize ptxas location.
This message will be only logged once.
2024-06-25 23:15:36.605027: I tensorflow/stream_executor/cuda/cuda_blas.cc:1614] TensorFloat-32 will be used for the matrix multiplication. This will only be logged once.

  1/391 [..............................] - ETA: 20:01 - loss: 2.5889 - accuracy: 0.1094
  9/391 [..............................] - ETA: 2s - loss: 41552.1172 - accuracy: 0.0938
 17/391 [>.............................] - ETA: 2s - loss: 22002.8418 - accuracy: 0.0947
 26/391 [>.............................] - ETA: 2s - loss: 14392.5879 - accuracy: 0.0971
 34/391 [=>............................] - ETA: 2s - loss: 11006.6475 - accuracy: 0.0979
 41/391 [==>...........................] - ETA: 2s - loss: 9127.8623 - accuracy: 0.0983 
 49/391 [==>...........................] - ETA: 2s - loss: 7637.9785 - accuracy: 0.1009
 57/391 [===>..........................] - ETA: 2s - loss: 6568.3374 - accuracy: 0.1028
 65/391 [===>..........................] - ETA: 2s - loss: 5762.0303 - accuracy: 0.1023
 73/391 [====>.........................] - ETA: 2s - loss: 5130.8320 - accuracy: 0.1011
 82/391 [=====>........................] - ETA: 2s - loss: 4567.9492 - accuracy: 0.0993
 91/391 [=====>........................] - ETA: 2s - loss: 4116.4058 - accuracy: 0.0985
101/391 [======>.......................] - ETA: 2s - loss: 3709.0742 - accuracy: 0.0979
111/391 [=======>......................] - ETA: 2s - loss: 3375.1343 - accuracy: 0.0985
113/391 [=======>......................] - ETA: 2s - loss: 3326.4700 - accuracy: 0.0984
122/391 [========>.....................] - ETA: 2s - loss: 3080.4919 - accuracy: 0.0990
131/391 [=========>....................] - ETA: 2s - loss: 2868.4102 - accuracy: 0.0989
139/391 [=========>....................] - ETA: 1s - loss: 2703.2424 - accuracy: 0.0984
147/391 [==========>...................] - ETA: 1s - loss: 2555.8782 - accuracy: 0.0984
156/391 [==========>...................] - ETA: 1s - loss: 2408.2043 - accuracy: 0.0974
165/391 [===========>..................] - ETA: 1s - loss: 2276.6763 - accuracy: 0.0975
173/391 [============>.................] - ETA: 1s - loss: 2171.2766 - accuracy: 0.0975
183/391 [=============>................] - ETA: 1s - loss: 2052.5117 - accuracy: 0.0978
192/391 [=============>................] - ETA: 1s - loss: 1956.2212 - accuracy: 0.0982
203/391 [==============>...............] - ETA: 1s - loss: 1850.1498 - accuracy: 0.0979
212/391 [===============>..............] - ETA: 1s - loss: 1771.5656 - accuracy: 0.0975
220/391 [===============>..............] - ETA: 1s - loss: 1707.1195 - accuracy: 0.0982
227/391 [================>.............] - ETA: 1s - loss: 1654.4622 - accuracy: 0.0985
236/391 [=================>............] - ETA: 1s - loss: 1591.3578 - accuracy: 0.0985
244/391 [=================>............] - ETA: 1s - loss: 1539.1793 - accuracy: 0.0981
251/391 [==================>...........] - ETA: 1s - loss: 1496.2549 - accuracy: 0.0980
260/391 [==================>...........] - ETA: 0s - loss: 1444.4674 - accuracy: 0.0979
268/391 [===================>..........] - ETA: 0s - loss: 1401.3599 - accuracy: 0.0976
276/391 [====================>.........] - ETA: 0s - loss: 1360.7542 - accuracy: 0.0977
285/391 [====================>.........] - ETA: 0s - loss: 1317.8008 - accuracy: 0.0979
293/391 [=====================>........] - ETA: 0s - loss: 1281.8379 - accuracy: 0.0983
301/391 [======================>.......] - ETA: 0s - loss: 1247.7893 - accuracy: 0.0984
309/391 [======================>.......] - ETA: 0s - loss: 1215.5060 - accuracy: 0.0990
317/391 [=======================>......] - ETA: 0s - loss: 1184.8550 - accuracy: 0.0989
325/391 [=======================>......] - ETA: 0s - loss: 1155.7142 - accuracy: 0.0988
333/391 [========================>.....] - ETA: 0s - loss: 1127.9747 - accuracy: 0.0990
340/391 [=========================>....] - ETA: 0s - loss: 1104.7743 - accuracy: 0.0994
349/391 [=========================>....] - ETA: 0s - loss: 1076.3146 - accuracy: 0.0995
357/391 [==========================>...] - ETA: 0s - loss: 1052.2234 - accuracy: 0.0996
365/391 [===========================>..] - ETA: 0s - loss: 1029.1888 - accuracy: 0.0997
373/391 [===========================>..] - ETA: 0s - loss: 1007.1432 - accuracy: 0.0996
381/391 [============================>.] - ETA: 0s - loss: 986.0250 - accuracy: 0.0997 
389/391 [============================>.] - ETA: 0s - loss: 965.7753 - accuracy: 0.0998
391/391 [==============================] - 7s 10ms/step - loss: 960.8424 - accuracy: 0.1001 - val_loss: 2.3848 - val_accuracy: 0.1000
Epoch 2/165

  1/391 [..............................] - ETA: 6s - loss: 2.3917 - accuracy: 0.0859
  8/391 [..............................] - ETA: 3s - loss: 2.3514 - accuracy: 0.0938
 17/391 [>.............................] - ETA: 2s - loss: 2.3463 - accuracy: 0.0942
 24/391 [>.............................] - ETA: 3s - loss: 2.3427 - accuracy: 0.0980
 33/391 [=>............................] - ETA: 2s - loss: 2.3432 - accuracy: 0.0975
 40/391 [==>...........................] - ETA: 2s - loss: 2.3493 - accuracy: 0.0971
 48/391 [==>...........................] - ETA: 2s - loss: 2.3515 - accuracy: 0.0988
 56/391 [===>..........................] - ETA: 2s - loss: 2.3523 - accuracy: 0.1009
 64/391 [===>..........................] - ETA: 2s - loss: 2.3516 - accuracy: 0.1029
 71/391 [====>.........................] - ETA: 2s - loss: 2.3508 - accuracy: 0.1030
 79/391 [=====>........................] - ETA: 2s - loss: 2.3504 - accuracy: 0.1015
 86/391 [=====>........................] - ETA: 2s - loss: 2.3490 - accuracy: 0.1017
 95/391 [======>.......................] - ETA: 2s - loss: 2.3478 - accuracy: 0.1007
103/391 [======>.......................] - ETA: 2s - loss: 2.3465 - accuracy: 0.0990
111/391 [=======>......................] - ETA: 2s - loss: 2.3465 - accuracy: 0.1001
120/391 [========>.....................] - ETA: 2s - loss: 2.3485 - accuracy: 0.1005
130/391 [========>.....................] - ETA: 2s - loss: 2.3479 - accuracy: 0.1009
140/391 [=========>....................] - ETA: 1s - loss: 2.3481 - accuracy: 0.1015
149/391 [==========>...................] - ETA: 1s - loss: 2.3491 - accuracy: 0.1019
158/391 [===========>..................] - ETA: 1s - loss: 2.3485 - accuracy: 0.1019
168/391 [===========>..................] - ETA: 1s - loss: 2.3478 - accuracy: 0.1011
178/391 [============>.................] - ETA: 1s - loss: 2.3470 - accuracy: 0.1008
189/391 [=============>................] - ETA: 1s - loss: 2.3474 - accuracy: 0.1006
199/391 [==============>...............] - ETA: 1s - loss: 2.3479 - accuracy: 0.1003
209/391 [===============>..............] - ETA: 1s - loss: 2.3482 - accuracy: 0.1010
219/391 [===============>..............] - ETA: 1s - loss: 2.3481 - accuracy: 0.1009
229/391 [================>.............] - ETA: 1s - loss: 2.3474 - accuracy: 0.1007
239/391 [=================>............] - ETA: 1s - loss: 2.3466 - accuracy: 0.1007
247/391 [=================>............] - ETA: 1s - loss: 2.3464 - accuracy: 0.1004
254/391 [==================>...........] - ETA: 0s - loss: 2.3459 - accuracy: 0.1009
262/391 [===================>..........] - ETA: 0s - loss: 2.3459 - accuracy: 0.1010
270/391 [===================>..........] - ETA: 0s - loss: 2.3454 - accuracy: 0.1007
279/391 [====================>.........] - ETA: 0s - loss: 2.3450 - accuracy: 0.1010
286/391 [====================>.........] - ETA: 0s - loss: 2.3451 - accuracy: 0.1009
293/391 [=====================>........] - ETA: 0s - loss: 2.3451 - accuracy: 0.1007
300/391 [======================>.......] - ETA: 0s - loss: 2.3449 - accuracy: 0.1004
308/391 [======================>.......] - ETA: 0s - loss: 2.3447 - accuracy: 0.1007
316/391 [=======================>......] - ETA: 0s - loss: 2.3443 - accuracy: 0.1005
324/391 [=======================>......] - ETA: 0s - loss: 2.3441 - accuracy: 0.1005
333/391 [========================>.....] - ETA: 0s - loss: 2.3443 - accuracy: 0.1003
341/391 [=========================>....] - ETA: 0s - loss: 2.3446 - accuracy: 0.0999
349/391 [=========================>....] - ETA: 0s - loss: 2.3444 - accuracy: 0.0996
351/391 [=========================>....] - ETA: 0s - loss: 2.3444 - accuracy: 0.0995
357/391 [==========================>...] - ETA: 0s - loss: 2.3442 - accuracy: 0.0997
364/391 [==========================>...] - ETA: 0s - loss: 2.3438 - accuracy: 0.1001
372/391 [===========================>..] - ETA: 0s - loss: 2.3436 - accuracy: 0.1003
381/391 [============================>.] - ETA: 0s - loss: 2.3439 - accuracy: 0.1005
389/391 [============================>.] - ETA: 0s - loss: 2.3441 - accuracy: 0.1003
391/391 [==============================] - 4s 9ms/step - loss: 2.3441 - accuracy: 0.1002 - val_loss: 2.3262 - val_accuracy: 0.1000
Epoch 3/165

  1/391 [..............................] - ETA: 2s - loss: 2.3106 - accuracy: 0.1484
  9/391 [..............................] - ETA: 2s - loss: 2.3454 - accuracy: 0.1024
 19/391 [>.............................] - ETA: 2s - loss: 2.3611 - accuracy: 0.1065
 29/391 [=>............................] - ETA: 2s - loss: 2.3543 - accuracy: 0.1043
 37/391 [=>............................] - ETA: 2s - loss: 2.3509 - accuracy: 0.1003
 43/391 [==>...........................] - ETA: 2s - loss: 2.3493 - accuracy: 0.0996
 52/391 [==>...........................] - ETA: 2s - loss: 2.3472 - accuracy: 0.0998
 60/391 [===>..........................] - ETA: 2s - loss: 2.3473 - accuracy: 0.1007
 67/391 [====>.........................] - ETA: 2s - loss: 2.3472 - accuracy: 0.1003
 74/391 [====>.........................] - ETA: 2s - loss: 2.3473 - accuracy: 0.0987
 80/391 [=====>........................] - ETA: 2s - loss: 2.3468 - accuracy: 0.0980
 87/391 [=====>........................] - ETA: 2s - loss: 2.3454 - accuracy: 0.0983
 95/391 [======>.......................] - ETA: 2s - loss: 2.3466 - accuracy: 0.0991
103/391 [======>.......................] - ETA: 2s - loss: 2.3486 - accuracy: 0.1000
109/391 [=======>......................] - ETA: 2s - loss: 2.3498 - accuracy: 0.1005
117/391 [=======>......................] - ETA: 2s - loss: 2.3498 - accuracy: 0.1004
124/391 [========>.....................] - ETA: 2s - loss: 2.3495 - accuracy: 0.1004
130/391 [========>.....................] - ETA: 2s - loss: 2.3497 - accuracy: 0.1010
138/391 [=========>....................] - ETA: 1s - loss: 2.3493 - accuracy: 0.1014
145/391 [==========>...................] - ETA: 1s - loss: 2.3499 - accuracy: 0.1015
152/391 [==========>...................] - ETA: 1s - loss: 2.3507 - accuracy: 0.1006
159/391 [===========>..................] - ETA: 1s - loss: 2.3506 - accuracy: 0.1004
167/391 [===========>..................] - ETA: 1s - loss: 2.3505 - accuracy: 0.1004
174/391 [============>.................] - ETA: 1s - loss: 2.3499 - accuracy: 0.1002
182/391 [============>.................] - ETA: 1s - loss: 2.3495 - accuracy: 0.1003
190/391 [=============>................] - ETA: 1s - loss: 2.3494 - accuracy: 0.1000
197/391 [==============>...............] - ETA: 1s - loss: 2.3487 - accuracy: 0.1004
205/391 [==============>...............] - ETA: 1s - loss: 2.3477 - accuracy: 0.1002
212/391 [===============>..............] - ETA: 1s - loss: 2.3479 - accuracy: 0.1004
221/391 [===============>..............] - ETA: 1s - loss: 2.3478 - accuracy: 0.1004
231/391 [================>.............] - ETA: 1s - loss: 2.3470 - accuracy: 0.1006
240/391 [=================>............] - ETA: 1s - loss: 2.3469 - accuracy: 0.1006
250/391 [==================>...........] - ETA: 1s - loss: 2.3467 - accuracy: 0.1007
260/391 [==================>...........] - ETA: 0s - loss: 2.3467 - accuracy: 0.1000
270/391 [===================>..........] - ETA: 0s - loss: 2.3463 - accuracy: 0.0997
280/391 [====================>.........] - ETA: 0s - loss: 2.3456 - accuracy: 0.0998
288/391 [=====================>........] - ETA: 0s - loss: 2.3456 - accuracy: 0.0996
298/391 [=====================>........] - ETA: 0s - loss: 2.3456 - accuracy: 0.0997
309/391 [======================>.......] - ETA: 0s - loss: 2.3469 - accuracy: 0.0998
317/391 [=======================>......] - ETA: 0s - loss: 2.3473 - accuracy: 0.0997
327/391 [========================>.....] - ETA: 0s - loss: 2.3475 - accuracy: 0.0999
336/391 [========================>.....] - ETA: 0s - loss: 2.3477 - accuracy: 0.1002
343/391 [=========================>....] - ETA: 0s - loss: 2.3476 - accuracy: 0.1005
350/391 [=========================>....] - ETA: 0s - loss: 2.3477 - accuracy: 0.1004
357/391 [==========================>...] - ETA: 0s - loss: 2.3480 - accuracy: 0.1002
365/391 [===========================>..] - ETA: 0s - loss: 2.3481 - accuracy: 0.1003
372/391 [===========================>..] - ETA: 0s - loss: 2.3478 - accuracy: 0.1006
379/391 [============================>.] - ETA: 0s - loss: 2.3478 - accuracy: 0.1007
386/391 [============================>.] - ETA: 0s - loss: 2.3481 - accuracy: 0.1007
391/391 [==============================] - 4s 9ms/step - loss: 2.3479 - accuracy: 0.1007 - val_loss: 2.3287 - val_accuracy: 0.1000
Epoch 4/165

  1/391 [..............................] - ETA: 6s - loss: 2.2958 - accuracy: 0.1406
  9/391 [..............................] - ETA: 2s - loss: 2.3300 - accuracy: 0.0955
 17/391 [>.............................] - ETA: 2s - loss: 2.3312 - accuracy: 0.0938
 27/391 [=>............................] - ETA: 2s - loss: 2.3527 - accuracy: 0.0935
 37/391 [=>............................] - ETA: 2s - loss: 2.3563 - accuracy: 0.0895
 47/391 [==>...........................] - ETA: 2s - loss: 2.3560 - accuracy: 0.0878
 57/391 [===>..........................] - ETA: 2s - loss: 2.3537 - accuracy: 0.0913
 67/391 [====>.........................] - ETA: 2s - loss: 2.3504 - accuracy: 0.0914
 77/391 [====>.........................] - ETA: 2s - loss: 2.3482 - accuracy: 0.0932
 87/391 [=====>........................] - ETA: 1s - loss: 2.3485 - accuracy: 0.0948
 97/391 [======>.......................] - ETA: 1s - loss: 2.3508 - accuracy: 0.0949
107/391 [=======>......................] - ETA: 1s - loss: 2.3510 - accuracy: 0.0951
117/391 [=======>......................] - ETA: 1s - loss: 2.3518 - accuracy: 0.0946
128/391 [========>.....................] - ETA: 1s - loss: 2.3505 - accuracy: 0.0952
138/391 [=========>....................] - ETA: 1s - loss: 2.3510 - accuracy: 0.0948
147/391 [==========>...................] - ETA: 1s - loss: 2.3516 - accuracy: 0.0945
154/391 [==========>...................] - ETA: 1s - loss: 2.3518 - accuracy: 0.0950
161/391 [===========>..................] - ETA: 1s - loss: 2.3506 - accuracy: 0.0956
168/391 [===========>..................] - ETA: 1s - loss: 2.3502 - accuracy: 0.0961
176/391 [============>.................] - ETA: 1s - loss: 2.3497 - accuracy: 0.0961
183/391 [=============>................] - ETA: 1s - loss: 2.3503 - accuracy: 0.0964
190/391 [=============>................] - ETA: 1s - loss: 2.3504 - accuracy: 0.0970
197/391 [==============>...............] - ETA: 1s - loss: 2.3499 - accuracy: 0.0975
204/391 [==============>...............] - ETA: 1s - loss: 2.3504 - accuracy: 0.0975
211/391 [===============>..............] - ETA: 1s - loss: 2.3500 - accuracy: 0.0973
218/391 [===============>..............] - ETA: 1s - loss: 2.3492 - accuracy: 0.0973
226/391 [================>.............] - ETA: 1s - loss: 2.3489 - accuracy: 0.0969
233/391 [================>.............] - ETA: 1s - loss: 2.3489 - accuracy: 0.0968
240/391 [=================>............] - ETA: 1s - loss: 2.3491 - accuracy: 0.0967
247/391 [=================>............] - ETA: 1s - loss: 2.3494 - accuracy: 0.0971
254/391 [==================>...........] - ETA: 0s - loss: 2.3492 - accuracy: 0.0970
260/391 [==================>...........] - ETA: 0s - loss: 2.3491 - accuracy: 0.0973
267/391 [===================>..........] - ETA: 0s - loss: 2.3488 - accuracy: 0.0971
274/391 [====================>.........] - ETA: 0s - loss: 2.3483 - accuracy: 0.0970
280/391 [====================>.........] - ETA: 0s - loss: 2.3480 - accuracy: 0.0971
288/391 [=====================>........] - ETA: 0s - loss: 2.3477 - accuracy: 0.0973
295/391 [=====================>........] - ETA: 0s - loss: 2.3477 - accuracy: 0.0977
301/391 [======================>.......] - ETA: 0s - loss: 2.3476 - accuracy: 0.0980
308/391 [======================>.......] - ETA: 0s - loss: 2.3482 - accuracy: 0.0984
316/391 [=======================>......] - ETA: 0s - loss: 2.3481 - accuracy: 0.0980
323/391 [=======================>......] - ETA: 0s - loss: 2.3483 - accuracy: 0.0980
332/391 [========================>.....] - ETA: 0s - loss: 2.3478 - accuracy: 0.0979
342/391 [=========================>....] - ETA: 0s - loss: 2.3475 - accuracy: 0.0977
352/391 [==========================>...] - ETA: 0s - loss: 2.3475 - accuracy: 0.0978
362/391 [==========================>...] - ETA: 0s - loss: 2.3480 - accuracy: 0.0979
370/391 [===========================>..] - ETA: 0s - loss: 2.3487 - accuracy: 0.0980
379/391 [============================>.] - ETA: 0s - loss: 2.3495 - accuracy: 0.0978
389/391 [============================>.] - ETA: 0s - loss: 2.3496 - accuracy: 0.0981
391/391 [==============================] - 3s 9ms/step - loss: 2.3497 - accuracy: 0.0980 - val_loss: 2.3265 - val_accuracy: 0.1000
Epoch 5/165

  1/391 [..............................] - ETA: 6s - loss: 2.3228 - accuracy: 0.0859
  9/391 [..............................] - ETA: 2s - loss: 2.3370 - accuracy: 0.0938
 17/391 [>.............................] - ETA: 2s - loss: 2.3363 - accuracy: 0.0951
 25/391 [>.............................] - ETA: 2s - loss: 2.3375 - accuracy: 0.0978
 33/391 [=>............................] - ETA: 2s - loss: 2.3389 - accuracy: 0.0975
 41/391 [==>...........................] - ETA: 2s - loss: 2.3354 - accuracy: 0.0979
 49/391 [==>...........................] - ETA: 2s - loss: 2.3377 - accuracy: 0.0982
 57/391 [===>..........................] - ETA: 2s - loss: 2.3380 - accuracy: 0.0985
 66/391 [====>.........................] - ETA: 2s - loss: 2.3405 - accuracy: 0.0987
 74/391 [====>.........................] - ETA: 2s - loss: 2.3454 - accuracy: 0.0996
 80/391 [=====>........................] - ETA: 2s - loss: 2.3480 - accuracy: 0.0992
 88/391 [=====>........................] - ETA: 2s - loss: 2.3463 - accuracy: 0.0996
 96/391 [======>.......................] - ETA: 2s - loss: 2.3459 - accuracy: 0.0998
103/391 [======>.......................] - ETA: 2s - loss: 2.3478 - accuracy: 0.0985
109/391 [=======>......................] - ETA: 2s - loss: 2.3484 - accuracy: 0.0983
116/391 [=======>......................] - ETA: 2s - loss: 2.3503 - accuracy: 0.0980
124/391 [========>.....................] - ETA: 2s - loss: 2.3506 - accuracy: 0.0990
132/391 [=========>....................] - ETA: 1s - loss: 2.3516 - accuracy: 0.0985
142/391 [=========>....................] - ETA: 1s - loss: 2.3509 - accuracy: 0.0989
152/391 [==========>...................] - ETA: 1s - loss: 2.3500 - accuracy: 0.0999
161/391 [===========>..................] - ETA: 1s - loss: 2.3488 - accuracy: 0.0996
171/391 [============>.................] - ETA: 1s - loss: 2.3478 - accuracy: 0.1000
181/391 [============>.................] - ETA: 1s - loss: 2.3491 - accuracy: 0.1000
189/391 [=============>................] - ETA: 1s - loss: 2.3489 - accuracy: 0.0994
199/391 [==============>...............] - ETA: 1s - loss: 2.3496 - accuracy: 0.0990
209/391 [===============>..............] - ETA: 1s - loss: 2.3505 - accuracy: 0.0994
219/391 [===============>..............] - ETA: 1s - loss: 2.3505 - accuracy: 0.0994
230/391 [================>.............] - ETA: 1s - loss: 2.3513 - accuracy: 0.0994
239/391 [=================>............] - ETA: 1s - loss: 2.3506 - accuracy: 0.0994
250/391 [==================>...........] - ETA: 0s - loss: 2.3494 - accuracy: 0.0998
259/391 [==================>...........] - ETA: 0s - loss: 2.3492 - accuracy: 0.0996
267/391 [===================>..........] - ETA: 0s - loss: 2.3502 - accuracy: 0.1000
275/391 [====================>.........] - ETA: 0s - loss: 2.3501 - accuracy: 0.1006
283/391 [====================>.........] - ETA: 0s - loss: 2.3510 - accuracy: 0.1008
292/391 [=====================>........] - ETA: 0s - loss: 2.3508 - accuracy: 0.1006
299/391 [=====================>........] - ETA: 0s - loss: 2.3513 - accuracy: 0.1000
308/391 [======================>.......] - ETA: 0s - loss: 2.3512 - accuracy: 0.0997
316/391 [=======================>......] - ETA: 0s - loss: 2.3506 - accuracy: 0.0997
324/391 [=======================>......] - ETA: 0s - loss: 2.3505 - accuracy: 0.0995
332/391 [========================>.....] - ETA: 0s - loss: 2.3502 - accuracy: 0.0994
340/391 [=========================>....] - ETA: 0s - loss: 2.3496 - accuracy: 0.0994
348/391 [=========================>....] - ETA: 0s - loss: 2.3492 - accuracy: 0.0995
355/391 [==========================>...] - ETA: 0s - loss: 2.3490 - accuracy: 0.0993
364/391 [==========================>...] - ETA: 0s - loss: 2.3488 - accuracy: 0.0993
372/391 [===========================>..] - ETA: 0s - loss: 2.3487 - accuracy: 0.0995
380/391 [============================>.] - ETA: 0s - loss: 2.3487 - accuracy: 0.0996
389/391 [============================>.] - ETA: 0s - loss: 2.3490 - accuracy: 0.0996
391/391 [==============================] - 3s 9ms/step - loss: 2.3490 - accuracy: 0.0995 - val_loss: 2.3323 - val_accuracy: 0.1000
Epoch 6/165

  1/391 [..............................] - ETA: 6s - loss: 2.3298 - accuracy: 0.1016
 11/391 [..............................] - ETA: 2s - loss: 2.3675 - accuracy: 0.1162
 21/391 [>.............................] - ETA: 2s - loss: 2.3495 - accuracy: 0.1170
 32/391 [=>............................] - ETA: 2s - loss: 2.3562 - accuracy: 0.1131
 42/391 [==>...........................] - ETA: 2s - loss: 2.3543 - accuracy: 0.1070
 52/391 [==>...........................] - ETA: 2s - loss: 2.3495 - accuracy: 0.1065
 64/391 [===>..........................] - ETA: 1s - loss: 2.3508 - accuracy: 0.1041
 76/391 [====>.........................] - ETA: 1s - loss: 2.3501 - accuracy: 0.1035
 86/391 [=====>........................] - ETA: 1s - loss: 2.3510 - accuracy: 0.1047
 95/391 [======>.......................] - ETA: 1s - loss: 2.3499 - accuracy: 0.1042
104/391 [======>.......................] - ETA: 1s - loss: 2.3483 - accuracy: 0.1046
115/391 [=======>......................] - ETA: 1s - loss: 2.3486 - accuracy: 0.1052
125/391 [========>.....................] - ETA: 1s - loss: 2.3490 - accuracy: 0.1051
136/391 [=========>....................] - ETA: 1s - loss: 2.3487 - accuracy: 0.1049
146/391 [==========>...................] - ETA: 1s - loss: 2.3486 - accuracy: 0.1042
156/391 [==========>...................] - ETA: 1s - loss: 2.3492 - accuracy: 0.1040
167/391 [===========>..................] - ETA: 1s - loss: 2.3476 - accuracy: 0.1043
175/391 [============>.................] - ETA: 1s - loss: 2.3469 - accuracy: 0.1049
184/391 [=============>................] - ETA: 1s - loss: 2.3465 - accuracy: 0.1047
193/391 [=============>................] - ETA: 1s - loss: 2.3466 - accuracy: 0.1049
202/391 [==============>...............] - ETA: 1s - loss: 2.3480 - accuracy: 0.1040
211/391 [===============>..............] - ETA: 1s - loss: 2.3484 - accuracy: 0.1043
221/391 [===============>..............] - ETA: 1s - loss: 2.3484 - accuracy: 0.1046
234/391 [================>.............] - ETA: 0s - loss: 2.3479 - accuracy: 0.1045
246/391 [=================>............] - ETA: 0s - loss: 2.3472 - accuracy: 0.1043
259/391 [==================>...........] - ETA: 0s - loss: 2.3468 - accuracy: 0.1041
271/391 [===================>..........] - ETA: 0s - loss: 2.3473 - accuracy: 0.1039
284/391 [====================>.........] - ETA: 0s - loss: 2.3472 - accuracy: 0.1032
295/391 [=====================>........] - ETA: 0s - loss: 2.3470 - accuracy: 0.1032
308/391 [======================>.......] - ETA: 0s - loss: 2.3473 - accuracy: 0.1033
321/391 [=======================>......] - ETA: 0s - loss: 2.3477 - accuracy: 0.1031
334/391 [========================>.....] - ETA: 0s - loss: 2.3489 - accuracy: 0.1031
344/391 [=========================>....] - ETA: 0s - loss: 2.3486 - accuracy: 0.1032
354/391 [==========================>...] - ETA: 0s - loss: 2.3486 - accuracy: 0.1029
366/391 [===========================>..] - ETA: 0s - loss: 2.3482 - accuracy: 0.1025
377/391 [===========================>..] - ETA: 0s - loss: 2.3487 - accuracy: 0.1025
390/391 [============================>.] - ETA: 0s - loss: 2.3482 - accuracy: 0.1025
391/391 [==============================] - 3s 7ms/step - loss: 2.3482 - accuracy: 0.1025 - val_loss: 2.3406 - val_accuracy: 0.1000
Epoch 7/165

  1/391 [..............................] - ETA: 6s - loss: 2.3679 - accuracy: 0.0703
 14/391 [>.............................] - ETA: 1s - loss: 2.3681 - accuracy: 0.0898
 27/391 [=>............................] - ETA: 1s - loss: 2.3695 - accuracy: 0.0935
 40/391 [==>...........................] - ETA: 1s - loss: 2.3610 - accuracy: 0.0930
 53/391 [===>..........................] - ETA: 1s - loss: 2.3567 - accuracy: 0.0955
 67/391 [====>.........................] - ETA: 1s - loss: 2.3545 - accuracy: 0.0985
 79/391 [=====>........................] - ETA: 1s - loss: 2.3580 - accuracy: 0.0989
 93/391 [======>.......................] - ETA: 1s - loss: 2.3578 - accuracy: 0.0981
106/391 [=======>......................] - ETA: 1s - loss: 2.3582 - accuracy: 0.0986
119/391 [========>.....................] - ETA: 1s - loss: 2.3578 - accuracy: 0.0983
132/391 [=========>....................] - ETA: 1s - loss: 2.3558 - accuracy: 0.0994
145/391 [==========>...................] - ETA: 1s - loss: 2.3557 - accuracy: 0.0998
156/391 [==========>...................] - ETA: 1s - loss: 2.3557 - accuracy: 0.1001
165/391 [===========>..................] - ETA: 1s - loss: 2.3542 - accuracy: 0.1012
177/391 [============>.................] - ETA: 1s - loss: 2.3535 - accuracy: 0.1005
190/391 [=============>................] - ETA: 0s - loss: 2.3529 - accuracy: 0.1005
203/391 [==============>...............] - ETA: 0s - loss: 2.3518 - accuracy: 0.1001
213/391 [===============>..............] - ETA: 0s - loss: 2.3521 - accuracy: 0.0999
223/391 [================>.............] - ETA: 0s - loss: 2.3540 - accuracy: 0.0995
231/391 [================>.............] - ETA: 0s - loss: 2.3537 - accuracy: 0.0996
239/391 [=================>............] - ETA: 0s - loss: 2.3539 - accuracy: 0.0994
248/391 [==================>...........] - ETA: 0s - loss: 2.3534 - accuracy: 0.0996
255/391 [==================>...........] - ETA: 0s - loss: 2.3539 - accuracy: 0.0990
263/391 [===================>..........] - ETA: 0s - loss: 2.3547 - accuracy: 0.0992
271/391 [===================>..........] - ETA: 0s - loss: 2.3551 - accuracy: 0.0994
279/391 [====================>.........] - ETA: 0s - loss: 2.3552 - accuracy: 0.0997
288/391 [=====================>........] - ETA: 0s - loss: 2.3554 - accuracy: 0.0997
298/391 [=====================>........] - ETA: 0s - loss: 2.3551 - accuracy: 0.0998
309/391 [======================>.......] - ETA: 0s - loss: 2.3549 - accuracy: 0.0998
320/391 [=======================>......] - ETA: 0s - loss: 2.3552 - accuracy: 0.1001
330/391 [========================>.....] - ETA: 0s - loss: 2.3552 - accuracy: 0.1001
342/391 [=========================>....] - ETA: 0s - loss: 2.3553 - accuracy: 0.1003
353/391 [==========================>...] - ETA: 0s - loss: 2.3555 - accuracy: 0.1001
364/391 [==========================>...] - ETA: 0s - loss: 2.3550 - accuracy: 0.0997
375/391 [===========================>..] - ETA: 0s - loss: 2.3546 - accuracy: 0.0997
387/391 [============================>.] - ETA: 0s - loss: 2.3541 - accuracy: 0.0996
391/391 [==============================] - 3s 7ms/step - loss: 2.3541 - accuracy: 0.0996 - val_loss: 2.3197 - val_accuracy: 0.1000
Epoch 8/165

  1/391 [..............................] - ETA: 6s - loss: 2.3315 - accuracy: 0.1250
 13/391 [..............................] - ETA: 1s - loss: 2.3430 - accuracy: 0.0913
 24/391 [>.............................] - ETA: 1s - loss: 2.3472 - accuracy: 0.0954
 35/391 [=>............................] - ETA: 1s - loss: 2.3459 - accuracy: 0.0962
 47/391 [==>...........................] - ETA: 1s - loss: 2.3441 - accuracy: 0.0971
 59/391 [===>..........................] - ETA: 1s - loss: 2.3469 - accuracy: 0.0992
 72/391 [====>.........................] - ETA: 1s - loss: 2.3486 - accuracy: 0.0968
 83/391 [=====>........................] - ETA: 1s - loss: 2.3474 - accuracy: 0.0965
 94/391 [======>.......................] - ETA: 1s - loss: 2.3464 - accuracy: 0.0972
104/391 [======>.......................] - ETA: 1s - loss: 2.3460 - accuracy: 0.0980
114/391 [=======>......................] - ETA: 1s - loss: 2.3458 - accuracy: 0.0991
124/391 [========>.....................] - ETA: 1s - loss: 2.3459 - accuracy: 0.0994
133/391 [=========>....................] - ETA: 1s - loss: 2.3457 - accuracy: 0.0998
141/391 [=========>....................] - ETA: 1s - loss: 2.3464 - accuracy: 0.1007
149/391 [==========>...................] - ETA: 1s - loss: 2.3474 - accuracy: 0.0998
158/391 [===========>..................] - ETA: 1s - loss: 2.3493 - accuracy: 0.0998
167/391 [===========>..................] - ETA: 1s - loss: 2.3506 - accuracy: 0.0994
176/391 [============>.................] - ETA: 1s - loss: 2.3500 - accuracy: 0.0993
186/391 [=============>................] - ETA: 1s - loss: 2.3496 - accuracy: 0.0995
196/391 [==============>...............] - ETA: 1s - loss: 2.3500 - accuracy: 0.0997
206/391 [==============>...............] - ETA: 1s - loss: 2.3502 - accuracy: 0.0993
216/391 [===============>..............] - ETA: 0s - loss: 2.3506 - accuracy: 0.0990
229/391 [================>.............] - ETA: 0s - loss: 2.3502 - accuracy: 0.0995
240/391 [=================>............] - ETA: 0s - loss: 2.3496 - accuracy: 0.0996
252/391 [==================>...........] - ETA: 0s - loss: 2.3505 - accuracy: 0.0994
261/391 [===================>..........] - ETA: 0s - loss: 2.3499 - accuracy: 0.0997
272/391 [===================>..........] - ETA: 0s - loss: 2.3504 - accuracy: 0.1000
282/391 [====================>.........] - ETA: 0s - loss: 2.3508 - accuracy: 0.0996
292/391 [=====================>........] - ETA: 0s - loss: 2.3507 - accuracy: 0.0997
301/391 [======================>.......] - ETA: 0s - loss: 2.3508 - accuracy: 0.0993
311/391 [======================>.......] - ETA: 0s - loss: 2.3516 - accuracy: 0.0992
321/391 [=======================>......] - ETA: 0s - loss: 2.3524 - accuracy: 0.0992
330/391 [========================>.....] - ETA: 0s - loss: 2.3528 - accuracy: 0.0988
340/391 [=========================>....] - ETA: 0s - loss: 2.3528 - accuracy: 0.0987
350/391 [=========================>....] - ETA: 0s - loss: 2.3526 - accuracy: 0.0993
360/391 [==========================>...] - ETA: 0s - loss: 2.3522 - accuracy: 0.0992
371/391 [===========================>..] - ETA: 0s - loss: 2.3522 - accuracy: 0.0991
381/391 [============================>.] - ETA: 0s - loss: 2.3518 - accuracy: 0.0992
391/391 [==============================] - 3s 7ms/step - loss: 2.3516 - accuracy: 0.0994 - val_loss: 2.3525 - val_accuracy: 0.1000
Epoch 9/165

  1/391 [..............................] - ETA: 2s - loss: 2.3750 - accuracy: 0.1328
 11/391 [..............................] - ETA: 2s - loss: 2.3573 - accuracy: 0.0987
 22/391 [>.............................] - ETA: 1s - loss: 2.3489 - accuracy: 0.0998
 34/391 [=>............................] - ETA: 1s - loss: 2.3447 - accuracy: 0.0974
 47/391 [==>...........................] - ETA: 1s - loss: 2.3464 - accuracy: 0.0975
 59/391 [===>..........................] - ETA: 1s - loss: 2.3473 - accuracy: 0.0999
 71/391 [====>.........................] - ETA: 1s - loss: 2.3478 - accuracy: 0.0990
 84/391 [=====>........................] - ETA: 1s - loss: 2.3473 - accuracy: 0.0979
 95/391 [======>.......................] - ETA: 1s - loss: 2.3459 - accuracy: 0.0991
106/391 [=======>......................] - ETA: 1s - loss: 2.3458 - accuracy: 0.0984
118/391 [========>.....................] - ETA: 1s - loss: 2.3442 - accuracy: 0.0986
129/391 [========>.....................] - ETA: 1s - loss: 2.3424 - accuracy: 0.0983
141/391 [=========>....................] - ETA: 1s - loss: 2.3425 - accuracy: 0.0992
151/391 [==========>...................] - ETA: 1s - loss: 2.3428 - accuracy: 0.0990
160/391 [===========>..................] - ETA: 1s - loss: 2.3435 - accuracy: 0.0993
168/391 [===========>..................] - ETA: 1s - loss: 2.3434 - accuracy: 0.0995
180/391 [============>.................] - ETA: 1s - loss: 2.3423 - accuracy: 0.1000
192/391 [=============>................] - ETA: 1s - loss: 2.3424 - accuracy: 0.0995
205/391 [==============>...............] - ETA: 0s - loss: 2.3434 - accuracy: 0.0987
217/391 [===============>..............] - ETA: 0s - loss: 2.3439 - accuracy: 0.0986
226/391 [================>.............] - ETA: 0s - loss: 2.3440 - accuracy: 0.0989
234/391 [================>.............] - ETA: 0s - loss: 2.3445 - accuracy: 0.0986
243/391 [=================>............] - ETA: 0s - loss: 2.3447 - accuracy: 0.0990
251/391 [==================>...........] - ETA: 0s - loss: 2.3451 - accuracy: 0.0991
259/391 [==================>...........] - ETA: 0s - loss: 2.3459 - accuracy: 0.0987
266/391 [===================>..........] - ETA: 0s - loss: 2.3465 - accuracy: 0.0989
274/391 [====================>.........] - ETA: 0s - loss: 2.3473 - accuracy: 0.0986
283/391 [====================>.........] - ETA: 0s - loss: 2.3471 - accuracy: 0.0985
292/391 [=====================>........] - ETA: 0s - loss: 2.3469 - accuracy: 0.0984
301/391 [======================>.......] - ETA: 0s - loss: 2.3474 - accuracy: 0.0992
310/391 [======================>.......] - ETA: 0s - loss: 2.3479 - accuracy: 0.0993
319/391 [=======================>......] - ETA: 0s - loss: 2.3474 - accuracy: 0.0993
327/391 [========================>.....] - ETA: 0s - loss: 2.3475 - accuracy: 0.0993
335/391 [========================>.....] - ETA: 0s - loss: 2.3475 - accuracy: 0.0993
343/391 [=========================>....] - ETA: 0s - loss: 2.3473 - accuracy: 0.0997
352/391 [==========================>...] - ETA: 0s - loss: 2.3470 - accuracy: 0.0995
363/391 [==========================>...] - ETA: 0s - loss: 2.3473 - accuracy: 0.0993
374/391 [===========================>..] - ETA: 0s - loss: 2.3470 - accuracy: 0.0994
386/391 [============================>.] - ETA: 0s - loss: 2.3465 - accuracy: 0.0998
391/391 [==============================] - 3s 7ms/step - loss: 2.3464 - accuracy: 0.0998 - val_loss: 2.3613 - val_accuracy: 0.1000
Epoch 10/165

  1/391 [..............................] - ETA: 6s - loss: 2.3752 - accuracy: 0.1172
 11/391 [..............................] - ETA: 2s - loss: 2.3549 - accuracy: 0.0909
 20/391 [>.............................] - ETA: 2s - loss: 2.3502 - accuracy: 0.1016
 29/391 [=>............................] - ETA: 2s - loss: 2.3444 - accuracy: 0.0991
 39/391 [=>............................] - ETA: 2s - loss: 2.3387 - accuracy: 0.1012
 50/391 [==>...........................] - ETA: 2s - loss: 2.3393 - accuracy: 0.0994
 58/391 [===>..........................] - ETA: 2s - loss: 2.3376 - accuracy: 0.0993
 68/391 [====>.........................] - ETA: 2s - loss: 2.3398 - accuracy: 0.0993
 76/391 [====>.........................] - ETA: 2s - loss: 2.3422 - accuracy: 0.0989
 85/391 [=====>........................] - ETA: 2s - loss: 2.3417 - accuracy: 0.0989
 95/391 [======>.......................] - ETA: 1s - loss: 2.3437 - accuracy: 0.0988
104/391 [======>.......................] - ETA: 1s - loss: 2.3450 - accuracy: 0.0981
114/391 [=======>......................] - ETA: 1s - loss: 2.3452 - accuracy: 0.0991
124/391 [========>.....................] - ETA: 1s - loss: 2.3461 - accuracy: 0.0982
134/391 [=========>....................] - ETA: 1s - loss: 2.3467 - accuracy: 0.0994
144/391 [==========>...................] - ETA: 1s - loss: 2.3462 - accuracy: 0.0992
155/391 [==========>...................] - ETA: 1s - loss: 2.3461 - accuracy: 0.1000
164/391 [===========>..................] - ETA: 1s - loss: 2.3466 - accuracy: 0.0996
173/391 [============>.................] - ETA: 1s - loss: 2.3479 - accuracy: 0.0992
182/391 [============>.................] - ETA: 1s - loss: 2.3495 - accuracy: 0.0990
191/391 [=============>................] - ETA: 1s - loss: 2.3494 - accuracy: 0.0993
202/391 [==============>...............] - ETA: 1s - loss: 2.3488 - accuracy: 0.0990
212/391 [===============>..............] - ETA: 1s - loss: 2.3494 - accuracy: 0.0986
223/391 [================>.............] - ETA: 1s - loss: 2.3505 - accuracy: 0.0986
231/391 [================>.............] - ETA: 1s - loss: 2.3508 - accuracy: 0.0985
242/391 [=================>............] - ETA: 0s - loss: 2.3510 - accuracy: 0.0990
253/391 [==================>...........] - ETA: 0s - loss: 2.3510 - accuracy: 0.0992
262/391 [===================>..........] - ETA: 0s - loss: 2.3517 - accuracy: 0.0991
270/391 [===================>..........] - ETA: 0s - loss: 2.3520 - accuracy: 0.0995
278/391 [====================>.........] - ETA: 0s - loss: 2.3528 - accuracy: 0.0990
287/391 [=====================>........] - ETA: 0s - loss: 2.3538 - accuracy: 0.0988
296/391 [=====================>........] - ETA: 0s - loss: 2.3544 - accuracy: 0.0988
306/391 [======================>.......] - ETA: 0s - loss: 2.3538 - accuracy: 0.0986
316/391 [=======================>......] - ETA: 0s - loss: 2.3529 - accuracy: 0.0987
324/391 [=======================>......] - ETA: 0s - loss: 2.3530 - accuracy: 0.0990
334/391 [========================>.....] - ETA: 0s - loss: 2.3529 - accuracy: 0.0990
343/391 [=========================>....] - ETA: 0s - loss: 2.3532 - accuracy: 0.0989
353/391 [==========================>...] - ETA: 0s - loss: 2.3523 - accuracy: 0.0992
363/391 [==========================>...] - ETA: 0s - loss: 2.3524 - accuracy: 0.0992
372/391 [===========================>..] - ETA: 0s - loss: 2.3520 - accuracy: 0.0995
382/391 [============================>.] - ETA: 0s - loss: 2.3517 - accuracy: 0.0997
391/391 [==============================] - ETA: 0s - loss: 2.3515 - accuracy: 0.0997
391/391 [==============================] - 3s 8ms/step - loss: 2.3515 - accuracy: 0.0997 - val_loss: 2.3480 - val_accuracy: 0.1000
Epoch 11/165

  1/391 [..............................] - ETA: 6s - loss: 2.4019 - accuracy: 0.0859
  9/391 [..............................] - ETA: 2s - loss: 2.3432 - accuracy: 0.0964
 19/391 [>.............................] - ETA: 2s - loss: 2.3469 - accuracy: 0.1007
 29/391 [=>............................] - ETA: 2s - loss: 2.3538 - accuracy: 0.0969
 38/391 [=>............................] - ETA: 2s - loss: 2.3503 - accuracy: 0.1020
 47/391 [==>...........................] - ETA: 2s - loss: 2.3481 - accuracy: 0.1027
 54/391 [===>..........................] - ETA: 2s - loss: 2.3511 - accuracy: 0.1020
 62/391 [===>..........................] - ETA: 2s - loss: 2.3492 - accuracy: 0.1036
 69/391 [====>.........................] - ETA: 2s - loss: 2.3512 - accuracy: 0.1017
 78/391 [====>.........................] - ETA: 2s - loss: 2.3497 - accuracy: 0.1025
 88/391 [=====>........................] - ETA: 2s - loss: 2.3493 - accuracy: 0.0989
 97/391 [======>.......................] - ETA: 2s - loss: 2.3484 - accuracy: 0.0981
107/391 [=======>......................] - ETA: 1s - loss: 2.3486 - accuracy: 0.0973
117/391 [=======>......................] - ETA: 1s - loss: 2.3481 - accuracy: 0.0980
126/391 [========>.....................] - ETA: 1s - loss: 2.3494 - accuracy: 0.0980
136/391 [=========>....................] - ETA: 1s - loss: 2.3502 - accuracy: 0.0976
144/391 [==========>...................] - ETA: 1s - loss: 2.3496 - accuracy: 0.0979
154/391 [==========>...................] - ETA: 1s - loss: 2.3499 - accuracy: 0.0981
163/391 [===========>..................] - ETA: 1s - loss: 2.3498 - accuracy: 0.0988
173/391 [============>.................] - ETA: 1s - loss: 2.3495 - accuracy: 0.0997
183/391 [=============>................] - ETA: 1s - loss: 2.3485 - accuracy: 0.0998
193/391 [=============>................] - ETA: 1s - loss: 2.3486 - accuracy: 0.0994
203/391 [==============>...............] - ETA: 1s - loss: 2.3490 - accuracy: 0.0992
212/391 [===============>..............] - ETA: 1s - loss: 2.3488 - accuracy: 0.0998
222/391 [================>.............] - ETA: 1s - loss: 2.3491 - accuracy: 0.0998
232/391 [================>.............] - ETA: 1s - loss: 2.3490 - accuracy: 0.0997
241/391 [=================>............] - ETA: 0s - loss: 2.3487 - accuracy: 0.0995
250/391 [==================>...........] - ETA: 0s - loss: 2.3483 - accuracy: 0.0998
259/391 [==================>...........] - ETA: 0s - loss: 2.3483 - accuracy: 0.0999
267/391 [===================>..........] - ETA: 0s - loss: 2.3487 - accuracy: 0.1000
277/391 [====================>.........] - ETA: 0s - loss: 2.3479 - accuracy: 0.1003
287/391 [=====================>........] - ETA: 0s - loss: 2.3478 - accuracy: 0.1003
296/391 [=====================>........] - ETA: 0s - loss: 2.3472 - accuracy: 0.1005
306/391 [======================>.......] - ETA: 0s - loss: 2.3475 - accuracy: 0.0999
316/391 [=======================>......] - ETA: 0s - loss: 2.3471 - accuracy: 0.1000
325/391 [=======================>......] - ETA: 0s - loss: 2.3467 - accuracy: 0.1004
334/391 [========================>.....] - ETA: 0s - loss: 2.3462 - accuracy: 0.1006
344/391 [=========================>....] - ETA: 0s - loss: 2.3465 - accuracy: 0.1007
354/391 [==========================>...] - ETA: 0s - loss: 2.3460 - accuracy: 0.1006
365/391 [===========================>..] - ETA: 0s - loss: 2.3461 - accuracy: 0.1007
376/391 [===========================>..] - ETA: 0s - loss: 2.3466 - accuracy: 0.1004
385/391 [============================>.] - ETA: 0s - loss: 2.3462 - accuracy: 0.1007
391/391 [==============================] - 3s 8ms/step - loss: 2.3462 - accuracy: 0.1005 - val_loss: 2.3455 - val_accuracy: 0.1000
Epoch 12/165

  1/391 [..............................] - ETA: 6s - loss: 2.3678 - accuracy: 0.0781
 11/391 [..............................] - ETA: 2s - loss: 2.3409 - accuracy: 0.1087
 19/391 [>.............................] - ETA: 2s - loss: 2.3433 - accuracy: 0.1110
 28/391 [=>............................] - ETA: 2s - loss: 2.3442 - accuracy: 0.1105
 37/391 [=>............................] - ETA: 2s - loss: 2.3477 - accuracy: 0.1047
 46/391 [==>...........................] - ETA: 2s - loss: 2.3491 - accuracy: 0.1031
 56/391 [===>..........................] - ETA: 2s - loss: 2.3468 - accuracy: 0.1003
 65/391 [===>..........................] - ETA: 2s - loss: 2.3456 - accuracy: 0.0982
 75/391 [====>.........................] - ETA: 2s - loss: 2.3480 - accuracy: 0.0985
 85/391 [=====>........................] - ETA: 1s - loss: 2.3521 - accuracy: 0.0997
 94/391 [======>.......................] - ETA: 1s - loss: 2.3537 - accuracy: 0.0994
103/391 [======>.......................] - ETA: 1s - loss: 2.3535 - accuracy: 0.0994
111/391 [=======>......................] - ETA: 1s - loss: 2.3523 - accuracy: 0.0992
119/391 [========>.....................] - ETA: 1s - loss: 2.3511 - accuracy: 0.0997
129/391 [========>.....................] - ETA: 1s - loss: 2.3507 - accuracy: 0.0989
139/391 [=========>....................] - ETA: 1s - loss: 2.3504 - accuracy: 0.1000
148/391 [==========>...................] - ETA: 1s - loss: 2.3503 - accuracy: 0.0996
157/391 [===========>..................] - ETA: 1s - loss: 2.3511 - accuracy: 0.0997
166/391 [===========>..................] - ETA: 1s - loss: 2.3527 - accuracy: 0.1000
176/391 [============>.................] - ETA: 1s - loss: 2.3535 - accuracy: 0.1000
186/391 [=============>................] - ETA: 1s - loss: 2.3531 - accuracy: 0.1002
195/391 [=============>................] - ETA: 1s - loss: 2.3521 - accuracy: 0.1004
205/391 [==============>...............] - ETA: 1s - loss: 2.3521 - accuracy: 0.1000
215/391 [===============>..............] - ETA: 1s - loss: 2.3517 - accuracy: 0.0992
227/391 [================>.............] - ETA: 1s - loss: 2.3520 - accuracy: 0.0988
237/391 [=================>............] - ETA: 1s - loss: 2.3524 - accuracy: 0.0984
246/391 [=================>............] - ETA: 0s - loss: 2.3525 - accuracy: 0.0985
256/391 [==================>...........] - ETA: 0s - loss: 2.3528 - accuracy: 0.0987
265/391 [===================>..........] - ETA: 0s - loss: 2.3532 - accuracy: 0.0990
274/391 [====================>.........] - ETA: 0s - loss: 2.3529 - accuracy: 0.0990
284/391 [====================>.........] - ETA: 0s - loss: 2.3521 - accuracy: 0.0987
294/391 [=====================>........] - ETA: 0s - loss: 2.3519 - accuracy: 0.0986
303/391 [======================>.......] - ETA: 0s - loss: 2.3515 - accuracy: 0.0984
313/391 [=======================>......] - ETA: 0s - loss: 2.3509 - accuracy: 0.0986
322/391 [=======================>......] - ETA: 0s - loss: 2.3500 - accuracy: 0.0986
332/391 [========================>.....] - ETA: 0s - loss: 2.3502 - accuracy: 0.0987
341/391 [=========================>....] - ETA: 0s - loss: 2.3508 - accuracy: 0.0984
351/391 [=========================>....] - ETA: 0s - loss: 2.3507 - accuracy: 0.0985
361/391 [==========================>...] - ETA: 0s - loss: 2.3511 - accuracy: 0.0986
370/391 [===========================>..] - ETA: 0s - loss: 2.3513 - accuracy: 0.0990
380/391 [============================>.] - ETA: 0s - loss: 2.3515 - accuracy: 0.0990
389/391 [============================>.] - ETA: 0s - loss: 2.3516 - accuracy: 0.0991
391/391 [==============================] - 3s 8ms/step - loss: 2.3517 - accuracy: 0.0993 - val_loss: 2.3313 - val_accuracy: 0.1000
Epoch 13/165

  1/391 [..............................] - ETA: 12s - loss: 2.3015 - accuracy: 0.1094
 11/391 [..............................] - ETA: 2s - loss: 2.3608 - accuracy: 0.1015 
 21/391 [>.............................] - ETA: 2s - loss: 2.3613 - accuracy: 0.1053
 31/391 [=>............................] - ETA: 2s - loss: 2.3617 - accuracy: 0.1000
 40/391 [==>...........................] - ETA: 2s - loss: 2.3545 - accuracy: 0.1047
 50/391 [==>...........................] - ETA: 2s - loss: 2.3503 - accuracy: 0.1058
 61/391 [===>..........................] - ETA: 2s - loss: 2.3515 - accuracy: 0.1061
 70/391 [====>.........................] - ETA: 2s - loss: 2.3538 - accuracy: 0.1046
 80/391 [=====>........................] - ETA: 1s - loss: 2.3547 - accuracy: 0.1045
 90/391 [=====>........................] - ETA: 1s - loss: 2.3537 - accuracy: 0.1039
 99/391 [======>.......................] - ETA: 1s - loss: 2.3527 - accuracy: 0.1050
109/391 [=======>......................] - ETA: 1s - loss: 2.3514 - accuracy: 0.1044
118/391 [========>.....................] - ETA: 1s - loss: 2.3524 - accuracy: 0.1041
128/391 [========>.....................] - ETA: 1s - loss: 2.3528 - accuracy: 0.1039
136/391 [=========>....................] - ETA: 1s - loss: 2.3533 - accuracy: 0.1036
145/391 [==========>...................] - ETA: 1s - loss: 2.3542 - accuracy: 0.1039
153/391 [==========>...................] - ETA: 1s - loss: 2.3547 - accuracy: 0.1040
162/391 [===========>..................] - ETA: 1s - loss: 2.3546 - accuracy: 0.1039
171/391 [============>.................] - ETA: 1s - loss: 2.3563 - accuracy: 0.1036
180/391 [============>.................] - ETA: 1s - loss: 2.3563 - accuracy: 0.1036
189/391 [=============>................] - ETA: 1s - loss: 2.3576 - accuracy: 0.1037
199/391 [==============>...............] - ETA: 1s - loss: 2.3591 - accuracy: 0.1033
208/391 [==============>...............] - ETA: 1s - loss: 2.3577 - accuracy: 0.1033
218/391 [===============>..............] - ETA: 1s - loss: 2.3572 - accuracy: 0.1030
227/391 [================>.............] - ETA: 1s - loss: 2.3564 - accuracy: 0.1032
237/391 [=================>............] - ETA: 1s - loss: 2.3563 - accuracy: 0.1031
247/391 [=================>............] - ETA: 0s - loss: 2.3558 - accuracy: 0.1029
256/391 [==================>...........] - ETA: 0s - loss: 2.3565 - accuracy: 0.1030
266/391 [===================>..........] - ETA: 0s - loss: 2.3573 - accuracy: 0.1030
275/391 [====================>.........] - ETA: 0s - loss: 2.3575 - accuracy: 0.1032
285/391 [====================>.........] - ETA: 0s - loss: 2.3570 - accuracy: 0.1032
294/391 [=====================>........] - ETA: 0s - loss: 2.3561 - accuracy: 0.1030
304/391 [======================>.......] - ETA: 0s - loss: 2.3550 - accuracy: 0.1031
313/391 [=======================>......] - ETA: 0s - loss: 2.3543 - accuracy: 0.1032
322/391 [=======================>......] - ETA: 0s - loss: 2.3547 - accuracy: 0.1032
332/391 [========================>.....] - ETA: 0s - loss: 2.3544 - accuracy: 0.1034
342/391 [=========================>....] - ETA: 0s - loss: 2.3545 - accuracy: 0.1035
351/391 [=========================>....] - ETA: 0s - loss: 2.3543 - accuracy: 0.1032
361/391 [==========================>...] - ETA: 0s - loss: 2.3542 - accuracy: 0.1031
371/391 [===========================>..] - ETA: 0s - loss: 2.3544 - accuracy: 0.1031
381/391 [============================>.] - ETA: 0s - loss: 2.3539 - accuracy: 0.1030
390/391 [============================>.] - ETA: 0s - loss: 2.3534 - accuracy: 0.1031
391/391 [==============================] - 3s 8ms/step - loss: 2.3534 - accuracy: 0.1031 - val_loss: 2.3097 - val_accuracy: 0.1000
Epoch 14/165

  1/391 [..............................] - ETA: 12s - loss: 2.3221 - accuracy: 0.0938
 11/391 [..............................] - ETA: 2s - loss: 2.3271 - accuracy: 0.1065 
 21/391 [>.............................] - ETA: 2s - loss: 2.3330 - accuracy: 0.1075
 31/391 [=>............................] - ETA: 2s - loss: 2.3363 - accuracy: 0.1051
 41/391 [==>...........................] - ETA: 2s - loss: 2.3482 - accuracy: 0.1048
 51/391 [==>...........................] - ETA: 2s - loss: 2.3538 - accuracy: 0.1020
 61/391 [===>..........................] - ETA: 2s - loss: 2.3556 - accuracy: 0.1017
 71/391 [====>.........................] - ETA: 2s - loss: 2.3570 - accuracy: 0.1013
 81/391 [=====>........................] - ETA: 1s - loss: 2.3541 - accuracy: 0.1016
 92/391 [======>.......................] - ETA: 1s - loss: 2.3523 - accuracy: 0.1010
102/391 [======>.......................] - ETA: 1s - loss: 2.3515 - accuracy: 0.1008
112/391 [=======>......................] - ETA: 1s - loss: 2.3515 - accuracy: 0.0995
121/391 [========>.....................] - ETA: 1s - loss: 2.3504 - accuracy: 0.0996
129/391 [========>.....................] - ETA: 1s - loss: 2.3538 - accuracy: 0.0986
138/391 [=========>....................] - ETA: 1s - loss: 2.3560 - accuracy: 0.0974
147/391 [==========>...................] - ETA: 1s - loss: 2.3573 - accuracy: 0.0967
156/391 [==========>...................] - ETA: 1s - loss: 2.3571 - accuracy: 0.0965
165/391 [===========>..................] - ETA: 1s - loss: 2.3572 - accuracy: 0.0960
175/391 [============>.................] - ETA: 1s - loss: 2.3566 - accuracy: 0.0959
184/391 [=============>................] - ETA: 1s - loss: 2.3565 - accuracy: 0.0964
194/391 [=============>................] - ETA: 1s - loss: 2.3554 - accuracy: 0.0966
203/391 [==============>...............] - ETA: 1s - loss: 2.3550 - accuracy: 0.0969
213/391 [===============>..............] - ETA: 1s - loss: 2.3548 - accuracy: 0.0966
223/391 [================>.............] - ETA: 1s - loss: 2.3542 - accuracy: 0.0970
232/391 [================>.............] - ETA: 1s - loss: 2.3537 - accuracy: 0.0972
242/391 [=================>............] - ETA: 0s - loss: 2.3537 - accuracy: 0.0971
252/391 [==================>...........] - ETA: 0s - loss: 2.3544 - accuracy: 0.0970
262/391 [===================>..........] - ETA: 0s - loss: 2.3543 - accuracy: 0.0970
272/391 [===================>..........] - ETA: 0s - loss: 2.3539 - accuracy: 0.0971
281/391 [====================>.........] - ETA: 0s - loss: 2.3533 - accuracy: 0.0974
291/391 [=====================>........] - ETA: 0s - loss: 2.3531 - accuracy: 0.0980
300/391 [======================>.......] - ETA: 0s - loss: 2.3535 - accuracy: 0.0983
310/391 [======================>.......] - ETA: 0s - loss: 2.3534 - accuracy: 0.0981
320/391 [=======================>......] - ETA: 0s - loss: 2.3535 - accuracy: 0.0981
329/391 [========================>.....] - ETA: 0s - loss: 2.3535 - accuracy: 0.0981
338/391 [========================>.....] - ETA: 0s - loss: 2.3534 - accuracy: 0.0982
348/391 [=========================>....] - ETA: 0s - loss: 2.3533 - accuracy: 0.0978
358/391 [==========================>...] - ETA: 0s - loss: 2.3538 - accuracy: 0.0976
368/391 [===========================>..] - ETA: 0s - loss: 2.3537 - accuracy: 0.0976
377/391 [===========================>..] - ETA: 0s - loss: 2.3534 - accuracy: 0.0980
387/391 [============================>.] - ETA: 0s - loss: 2.3532 - accuracy: 0.0984
391/391 [==============================] - 3s 8ms/step - loss: 2.3532 - accuracy: 0.0985 - val_loss: 2.3468 - val_accuracy: 0.1000
Epoch 15/165

  1/391 [..............................] - ETA: 7s - loss: 2.3962 - accuracy: 0.0625
 11/391 [..............................] - ETA: 2s - loss: 2.3541 - accuracy: 0.0888
 20/391 [>.............................] - ETA: 2s - loss: 2.3448 - accuracy: 0.0977
 31/391 [=>............................] - ETA: 2s - loss: 2.3432 - accuracy: 0.0959
 41/391 [==>...........................] - ETA: 2s - loss: 2.3447 - accuracy: 0.0946
 52/391 [==>...........................] - ETA: 2s - loss: 2.3466 - accuracy: 0.0978
 62/391 [===>..........................] - ETA: 2s - loss: 2.3459 - accuracy: 0.0990
 73/391 [====>.........................] - ETA: 1s - loss: 2.3456 - accuracy: 0.0965
 83/391 [=====>........................] - ETA: 1s - loss: 2.3470 - accuracy: 0.0969
 94/391 [======>.......................] - ETA: 1s - loss: 2.3489 - accuracy: 0.0967
104/391 [======>.......................] - ETA: 1s - loss: 2.3500 - accuracy: 0.0967
113/391 [=======>......................] - ETA: 1s - loss: 2.3503 - accuracy: 0.0964
120/391 [========>.....................] - ETA: 1s - loss: 2.3495 - accuracy: 0.0963
129/391 [========>.....................] - ETA: 1s - loss: 2.3491 - accuracy: 0.0966
139/391 [=========>....................] - ETA: 1s - loss: 2.3488 - accuracy: 0.0958
149/391 [==========>...................] - ETA: 1s - loss: 2.3504 - accuracy: 0.0960
160/391 [===========>..................] - ETA: 1s - loss: 2.3512 - accuracy: 0.0964
169/391 [===========>..................] - ETA: 1s - loss: 2.3519 - accuracy: 0.0963
179/391 [============>.................] - ETA: 1s - loss: 2.3530 - accuracy: 0.0972
188/391 [=============>................] - ETA: 1s - loss: 2.3528 - accuracy: 0.0972
198/391 [==============>...............] - ETA: 1s - loss: 2.3520 - accuracy: 0.0973
207/391 [==============>...............] - ETA: 1s - loss: 2.3516 - accuracy: 0.0973
217/391 [===============>..............] - ETA: 1s - loss: 2.3520 - accuracy: 0.0973
227/391 [================>.............] - ETA: 1s - loss: 2.3533 - accuracy: 0.0972
237/391 [=================>............] - ETA: 0s - loss: 2.3537 - accuracy: 0.0975
246/391 [=================>............] - ETA: 0s - loss: 2.3541 - accuracy: 0.0978
256/391 [==================>...........] - ETA: 0s - loss: 2.3542 - accuracy: 0.0981
266/391 [===================>..........] - ETA: 0s - loss: 2.3552 - accuracy: 0.0981
274/391 [====================>.........] - ETA: 0s - loss: 2.3558 - accuracy: 0.0980
282/391 [====================>.........] - ETA: 0s - loss: 2.3553 - accuracy: 0.0982
292/391 [=====================>........] - ETA: 0s - loss: 2.3546 - accuracy: 0.0979
300/391 [======================>.......] - ETA: 0s - loss: 2.3540 - accuracy: 0.0985
309/391 [======================>.......] - ETA: 0s - loss: 2.3533 - accuracy: 0.0987
319/391 [=======================>......] - ETA: 0s - loss: 2.3528 - accuracy: 0.0986
329/391 [========================>.....] - ETA: 0s - loss: 2.3531 - accuracy: 0.0989
338/391 [========================>.....] - ETA: 0s - loss: 2.3536 - accuracy: 0.0989
348/391 [=========================>....] - ETA: 0s - loss: 2.3535 - accuracy: 0.0989
358/391 [==========================>...] - ETA: 0s - loss: 2.3527 - accuracy: 0.0989
367/391 [===========================>..] - ETA: 0s - loss: 2.3525 - accuracy: 0.0989
377/391 [===========================>..] - ETA: 0s - loss: 2.3522 - accuracy: 0.0991
387/391 [============================>.] - ETA: 0s - loss: 2.3520 - accuracy: 0.0990
391/391 [==============================] - 3s 8ms/step - loss: 2.3516 - accuracy: 0.0993 - val_loss: 2.3184 - val_accuracy: 0.1000
Epoch 16/165

  1/391 [..............................] - ETA: 6s - loss: 2.2917 - accuracy: 0.1250
 10/391 [..............................] - ETA: 2s - loss: 2.3191 - accuracy: 0.1023
 20/391 [>.............................] - ETA: 2s - loss: 2.3228 - accuracy: 0.1016
 30/391 [=>............................] - ETA: 2s - loss: 2.3386 - accuracy: 0.1026
 40/391 [==>...........................] - ETA: 2s - loss: 2.3377 - accuracy: 0.1031
 49/391 [==>...........................] - ETA: 2s - loss: 2.3372 - accuracy: 0.1025
 59/391 [===>..........................] - ETA: 2s - loss: 2.3368 - accuracy: 0.1025
 69/391 [====>.........................] - ETA: 2s - loss: 2.3389 - accuracy: 0.1029
 79/391 [=====>........................] - ETA: 2s - loss: 2.3382 - accuracy: 0.1027
 89/391 [=====>........................] - ETA: 1s - loss: 2.3387 - accuracy: 0.1016
 98/391 [======>.......................] - ETA: 1s - loss: 2.3375 - accuracy: 0.1016
108/391 [=======>......................] - ETA: 1s - loss: 2.3370 - accuracy: 0.1004
118/391 [========>.....................] - ETA: 1s - loss: 2.3385 - accuracy: 0.1010
128/391 [========>.....................] - ETA: 1s - loss: 2.3403 - accuracy: 0.1003
138/391 [=========>....................] - ETA: 1s - loss: 2.3433 - accuracy: 0.1008
148/391 [==========>...................] - ETA: 1s - loss: 2.3445 - accuracy: 0.1007
157/391 [===========>..................] - ETA: 1s - loss: 2.3449 - accuracy: 0.1003
165/391 [===========>..................] - ETA: 1s - loss: 2.3448 - accuracy: 0.1003
174/391 [============>.................] - ETA: 1s - loss: 2.3459 - accuracy: 0.0991
183/391 [=============>................] - ETA: 1s - loss: 2.3465 - accuracy: 0.0989
193/391 [=============>................] - ETA: 1s - loss: 2.3474 - accuracy: 0.0995
204/391 [==============>...............] - ETA: 1s - loss: 2.3474 - accuracy: 0.0991
215/391 [===============>..............] - ETA: 1s - loss: 2.3478 - accuracy: 0.0988
225/391 [================>.............] - ETA: 1s - loss: 2.3480 - accuracy: 0.0984
234/391 [================>.............] - ETA: 0s - loss: 2.3475 - accuracy: 0.0995
244/391 [=================>............] - ETA: 0s - loss: 2.3472 - accuracy: 0.0997
254/391 [==================>...........] - ETA: 0s - loss: 2.3471 - accuracy: 0.0997
263/391 [===================>..........] - ETA: 0s - loss: 2.3469 - accuracy: 0.0996
273/391 [===================>..........] - ETA: 0s - loss: 2.3461 - accuracy: 0.0995
283/391 [====================>.........] - ETA: 0s - loss: 2.3454 - accuracy: 0.0995
293/391 [=====================>........] - ETA: 0s - loss: 2.3458 - accuracy: 0.0996
303/391 [======================>.......] - ETA: 0s - loss: 2.3458 - accuracy: 0.0995
312/391 [======================>.......] - ETA: 0s - loss: 2.3454 - accuracy: 0.0997
321/391 [=======================>......] - ETA: 0s - loss: 2.3454 - accuracy: 0.0992
331/391 [========================>.....] - ETA: 0s - loss: 2.3451 - accuracy: 0.0995
341/391 [=========================>....] - ETA: 0s - loss: 2.3453 - accuracy: 0.0994
350/391 [=========================>....] - ETA: 0s - loss: 2.3451 - accuracy: 0.0993
358/391 [==========================>...] - ETA: 0s - loss: 2.3452 - accuracy: 0.0994
367/391 [===========================>..] - ETA: 0s - loss: 2.3449 - accuracy: 0.0991
377/391 [===========================>..] - ETA: 0s - loss: 2.3443 - accuracy: 0.0996
387/391 [============================>.] - ETA: 0s - loss: 2.3440 - accuracy: 0.0998
391/391 [==============================] - 3s 8ms/step - loss: 2.3442 - accuracy: 0.0995 - val_loss: 2.3620 - val_accuracy: 0.1000
Epoch 17/165

  1/391 [..............................] - ETA: 6s - loss: 2.3787 - accuracy: 0.0859
 10/391 [..............................] - ETA: 2s - loss: 2.3467 - accuracy: 0.0820
 20/391 [>.............................] - ETA: 2s - loss: 2.3386 - accuracy: 0.0910
 30/391 [=>............................] - ETA: 2s - loss: 2.3389 - accuracy: 0.0891
 39/391 [=>............................] - ETA: 2s - loss: 2.3414 - accuracy: 0.0931
 49/391 [==>...........................] - ETA: 2s - loss: 2.3453 - accuracy: 0.0938
 59/391 [===>..........................] - ETA: 2s - loss: 2.3457 - accuracy: 0.0956
 69/391 [====>.........................] - ETA: 2s - loss: 2.3507 - accuracy: 0.0945
 78/391 [====>.........................] - ETA: 2s - loss: 2.3539 - accuracy: 0.0956
 88/391 [=====>........................] - ETA: 1s - loss: 2.3549 - accuracy: 0.0964
 96/391 [======>.......................] - ETA: 1s - loss: 2.3564 - accuracy: 0.0986
104/391 [======>.......................] - ETA: 1s - loss: 2.3563 - accuracy: 0.0990
113/391 [=======>......................] - ETA: 1s - loss: 2.3569 - accuracy: 0.0993
121/391 [========>.....................] - ETA: 1s - loss: 2.3565 - accuracy: 0.0997
130/391 [========>.....................] - ETA: 1s - loss: 2.3554 - accuracy: 0.0998
140/391 [=========>....................] - ETA: 1s - loss: 2.3552 - accuracy: 0.0996
150/391 [==========>...................] - ETA: 1s - loss: 2.3534 - accuracy: 0.1002
159/391 [===========>..................] - ETA: 1s - loss: 2.3521 - accuracy: 0.1007
167/391 [===========>..................] - ETA: 1s - loss: 2.3514 - accuracy: 0.0999
176/391 [============>.................] - ETA: 1s - loss: 2.3514 - accuracy: 0.0996
185/391 [=============>................] - ETA: 1s - loss: 2.3512 - accuracy: 0.0999
195/391 [=============>................] - ETA: 1s - loss: 2.3513 - accuracy: 0.0999
205/391 [==============>...............] - ETA: 1s - loss: 2.3510 - accuracy: 0.0993
215/391 [===============>..............] - ETA: 1s - loss: 2.3503 - accuracy: 0.0995
225/391 [================>.............] - ETA: 1s - loss: 2.3506 - accuracy: 0.0989
234/391 [================>.............] - ETA: 1s - loss: 2.3510 - accuracy: 0.0990
242/391 [=================>............] - ETA: 0s - loss: 2.3498 - accuracy: 0.0996
252/391 [==================>...........] - ETA: 0s - loss: 2.3494 - accuracy: 0.1000
262/391 [===================>..........] - ETA: 0s - loss: 2.3493 - accuracy: 0.1000
273/391 [===================>..........] - ETA: 0s - loss: 2.3495 - accuracy: 0.1001
282/391 [====================>.........] - ETA: 0s - loss: 2.3486 - accuracy: 0.1002
292/391 [=====================>........] - ETA: 0s - loss: 2.3481 - accuracy: 0.1004
302/391 [======================>.......] - ETA: 0s - loss: 2.3476 - accuracy: 0.1008
312/391 [======================>.......] - ETA: 0s - loss: 2.3472 - accuracy: 0.1006
321/391 [=======================>......] - ETA: 0s - loss: 2.3472 - accuracy: 0.1009
331/391 [========================>.....] - ETA: 0s - loss: 2.3473 - accuracy: 0.1012
342/391 [=========================>....] - ETA: 0s - loss: 2.3477 - accuracy: 0.1012
351/391 [=========================>....] - ETA: 0s - loss: 2.3478 - accuracy: 0.1010
361/391 [==========================>...] - ETA: 0s - loss: 2.3478 - accuracy: 0.1007
371/391 [===========================>..] - ETA: 0s - loss: 2.3479 - accuracy: 0.1007
380/391 [============================>.] - ETA: 0s - loss: 2.3476 - accuracy: 0.1007
390/391 [============================>.] - ETA: 0s - loss: 2.3476 - accuracy: 0.1006
391/391 [==============================] - 3s 8ms/step - loss: 2.3476 - accuracy: 0.1007 - val_loss: 2.3574 - val_accuracy: 0.1000
Epoch 18/165

  1/391 [..............................] - ETA: 12s - loss: 2.3581 - accuracy: 0.0859
 11/391 [..............................] - ETA: 2s - loss: 2.3398 - accuracy: 0.0987 
 20/391 [>.............................] - ETA: 2s - loss: 2.3419 - accuracy: 0.0984
 30/391 [=>............................] - ETA: 2s - loss: 2.3413 - accuracy: 0.0956
 39/391 [=>............................] - ETA: 2s - loss: 2.3367 - accuracy: 0.0972
 49/391 [==>...........................] - ETA: 2s - loss: 2.3350 - accuracy: 0.1032
 58/391 [===>..........................] - ETA: 2s - loss: 2.3401 - accuracy: 0.1037
 68/391 [====>.........................] - ETA: 2s - loss: 2.3448 - accuracy: 0.1020
 78/391 [====>.........................] - ETA: 2s - loss: 2.3431 - accuracy: 0.1027
 87/391 [=====>........................] - ETA: 1s - loss: 2.3419 - accuracy: 0.1015
 97/391 [======>.......................] - ETA: 1s - loss: 2.3405 - accuracy: 0.1016
107/391 [=======>......................] - ETA: 1s - loss: 2.3416 - accuracy: 0.1013
116/391 [=======>......................] - ETA: 1s - loss: 2.3434 - accuracy: 0.1010
126/391 [========>.....................] - ETA: 1s - loss: 2.3460 - accuracy: 0.1006
136/391 [=========>....................] - ETA: 1s - loss: 2.3473 - accuracy: 0.1010
145/391 [==========>...................] - ETA: 1s - loss: 2.3471 - accuracy: 0.1013
155/391 [==========>...................] - ETA: 1s - loss: 2.3486 - accuracy: 0.1004
165/391 [===========>..................] - ETA: 1s - loss: 2.3481 - accuracy: 0.1003
174/391 [============>.................] - ETA: 1s - loss: 2.3496 - accuracy: 0.1007
184/391 [=============>................] - ETA: 1s - loss: 2.3523 - accuracy: 0.1008
195/391 [=============>................] - ETA: 1s - loss: 2.3531 - accuracy: 0.1001
205/391 [==============>...............] - ETA: 1s - loss: 2.3523 - accuracy: 0.0998
215/391 [===============>..............] - ETA: 1s - loss: 2.3515 - accuracy: 0.0995
225/391 [================>.............] - ETA: 1s - loss: 2.3514 - accuracy: 0.0994
234/391 [================>.............] - ETA: 1s - loss: 2.3519 - accuracy: 0.0987
244/391 [=================>............] - ETA: 0s - loss: 2.3517 - accuracy: 0.0985
251/391 [==================>...........] - ETA: 0s - loss: 2.3513 - accuracy: 0.0984
261/391 [===================>..........] - ETA: 0s - loss: 2.3519 - accuracy: 0.0984
271/391 [===================>..........] - ETA: 0s - loss: 2.3516 - accuracy: 0.0979
280/391 [====================>.........] - ETA: 0s - loss: 2.3511 - accuracy: 0.0982
290/391 [=====================>........] - ETA: 0s - loss: 2.3502 - accuracy: 0.0984
301/391 [======================>.......] - ETA: 0s - loss: 2.3503 - accuracy: 0.0982
311/391 [======================>.......] - ETA: 0s - loss: 2.3502 - accuracy: 0.0987
321/391 [=======================>......] - ETA: 0s - loss: 2.3504 - accuracy: 0.0989
331/391 [========================>.....] - ETA: 0s - loss: 2.3506 - accuracy: 0.0989
341/391 [=========================>....] - ETA: 0s - loss: 2.3502 - accuracy: 0.0992
350/391 [=========================>....] - ETA: 0s - loss: 2.3505 - accuracy: 0.0989
360/391 [==========================>...] - ETA: 0s - loss: 2.3510 - accuracy: 0.0989
369/391 [===========================>..] - ETA: 0s - loss: 2.3515 - accuracy: 0.0986
379/391 [============================>.] - ETA: 0s - loss: 2.3518 - accuracy: 0.0987
387/391 [============================>.] - ETA: 0s - loss: 2.3519 - accuracy: 0.0988
391/391 [==============================] - 3s 8ms/step - loss: 2.3515 - accuracy: 0.0989 - val_loss: 2.3586 - val_accuracy: 0.1000
Epoch 19/165

  1/391 [..............................] - ETA: 6s - loss: 2.3667 - accuracy: 0.1016
  9/391 [..............................] - ETA: 2s - loss: 2.3485 - accuracy: 0.0964
 18/391 [>.............................] - ETA: 2s - loss: 2.3467 - accuracy: 0.0968
 27/391 [=>............................] - ETA: 2s - loss: 2.3503 - accuracy: 0.1024
 35/391 [=>............................] - ETA: 2s - loss: 2.3476 - accuracy: 0.1036
 44/391 [==>...........................] - ETA: 2s - loss: 2.3481 - accuracy: 0.1040
 54/391 [===>..........................] - ETA: 2s - loss: 2.3483 - accuracy: 0.1024
 63/391 [===>..........................] - ETA: 2s - loss: 2.3490 - accuracy: 0.1016
 73/391 [====>.........................] - ETA: 2s - loss: 2.3493 - accuracy: 0.1013
 83/391 [=====>........................] - ETA: 2s - loss: 2.3507 - accuracy: 0.1018
 92/391 [======>.......................] - ETA: 2s - loss: 2.3509 - accuracy: 0.1029
102/391 [======>.......................] - ETA: 1s - loss: 2.3522 - accuracy: 0.1023
111/391 [=======>......................] - ETA: 1s - loss: 2.3522 - accuracy: 0.1028
121/391 [========>.....................] - ETA: 1s - loss: 2.3546 - accuracy: 0.1027
131/391 [=========>....................] - ETA: 1s - loss: 2.3537 - accuracy: 0.1033
141/391 [=========>....................] - ETA: 1s - loss: 2.3551 - accuracy: 0.1027
150/391 [==========>...................] - ETA: 1s - loss: 2.3540 - accuracy: 0.1013
158/391 [===========>..................] - ETA: 1s - loss: 2.3527 - accuracy: 0.1020
166/391 [===========>..................] - ETA: 1s - loss: 2.3532 - accuracy: 0.1015
174/391 [============>.................] - ETA: 1s - loss: 2.3529 - accuracy: 0.1009
184/391 [=============>................] - ETA: 1s - loss: 2.3528 - accuracy: 0.1015
193/391 [=============>................] - ETA: 1s - loss: 2.3527 - accuracy: 0.1013
203/391 [==============>...............] - ETA: 1s - loss: 2.3515 - accuracy: 0.1014
212/391 [===============>..............] - ETA: 1s - loss: 2.3516 - accuracy: 0.1008
222/391 [================>.............] - ETA: 1s - loss: 2.3514 - accuracy: 0.1005
232/391 [================>.............] - ETA: 1s - loss: 2.3503 - accuracy: 0.1010
242/391 [=================>............] - ETA: 0s - loss: 2.3503 - accuracy: 0.1007
253/391 [==================>...........] - ETA: 0s - loss: 2.3504 - accuracy: 0.1006
263/391 [===================>..........] - ETA: 0s - loss: 2.3511 - accuracy: 0.1000
271/391 [===================>..........] - ETA: 0s - loss: 2.3508 - accuracy: 0.0997
279/391 [====================>.........] - ETA: 0s - loss: 2.3514 - accuracy: 0.0997
289/391 [=====================>........] - ETA: 0s - loss: 2.3513 - accuracy: 0.0999
299/391 [=====================>........] - ETA: 0s - loss: 2.3514 - accuracy: 0.0999
309/391 [======================>.......] - ETA: 0s - loss: 2.3512 - accuracy: 0.0995
319/391 [=======================>......] - ETA: 0s - loss: 2.3511 - accuracy: 0.0995
329/391 [========================>.....] - ETA: 0s - loss: 2.3514 - accuracy: 0.0999
340/391 [=========================>....] - ETA: 0s - loss: 2.3520 - accuracy: 0.0998
351/391 [=========================>....] - ETA: 0s - loss: 2.3525 - accuracy: 0.0996
360/391 [==========================>...] - ETA: 0s - loss: 2.3524 - accuracy: 0.1001
370/391 [===========================>..] - ETA: 0s - loss: 2.3523 - accuracy: 0.1002
380/391 [============================>.] - ETA: 0s - loss: 2.3525 - accuracy: 0.1000
390/391 [============================>.] - ETA: 0s - loss: 2.3521 - accuracy: 0.0997
391/391 [==============================] - 3s 8ms/step - loss: 2.3521 - accuracy: 0.0997 - val_loss: 2.3383 - val_accuracy: 0.1000
Epoch 20/165

  1/391 [..............................] - ETA: 6s - loss: 2.3261 - accuracy: 0.1250
  9/391 [..............................] - ETA: 2s - loss: 2.3439 - accuracy: 0.0955
 19/391 [>.............................] - ETA: 2s - loss: 2.3472 - accuracy: 0.0933
 28/391 [=>............................] - ETA: 2s - loss: 2.3496 - accuracy: 0.1002
 38/391 [=>............................] - ETA: 2s - loss: 2.3469 - accuracy: 0.0985
 47/391 [==>...........................] - ETA: 2s - loss: 2.3431 - accuracy: 0.0962
 57/391 [===>..........................] - ETA: 2s - loss: 2.3405 - accuracy: 0.0965
 66/391 [====>.........................] - ETA: 2s - loss: 2.3404 - accuracy: 0.0958
 76/391 [====>.........................] - ETA: 2s - loss: 2.3421 - accuracy: 0.0977
 86/391 [=====>........................] - ETA: 2s - loss: 2.3424 - accuracy: 0.1012
 96/391 [======>.......................] - ETA: 1s - loss: 2.3421 - accuracy: 0.1015
106/391 [=======>......................] - ETA: 1s - loss: 2.3415 - accuracy: 0.1011
116/391 [=======>......................] - ETA: 1s - loss: 2.3410 - accuracy: 0.1013
126/391 [========>.....................] - ETA: 1s - loss: 2.3404 - accuracy: 0.1017
135/391 [=========>....................] - ETA: 1s - loss: 2.3407 - accuracy: 0.1014
145/391 [==========>...................] - ETA: 1s - loss: 2.3430 - accuracy: 0.1004
154/391 [==========>...................] - ETA: 1s - loss: 2.3433 - accuracy: 0.1002
164/391 [===========>..................] - ETA: 1s - loss: 2.3429 - accuracy: 0.1005
173/391 [============>.................] - ETA: 1s - loss: 2.3435 - accuracy: 0.1001
183/391 [=============>................] - ETA: 1s - loss: 2.3431 - accuracy: 0.1013
191/391 [=============>................] - ETA: 1s - loss: 2.3437 - accuracy: 0.1013
200/391 [==============>...............] - ETA: 1s - loss: 2.3437 - accuracy: 0.1014
210/391 [===============>..............] - ETA: 1s - loss: 2.3432 - accuracy: 0.1012
220/391 [===============>..............] - ETA: 1s - loss: 2.3438 - accuracy: 0.1006
230/391 [================>.............] - ETA: 1s - loss: 2.3440 - accuracy: 0.1000
240/391 [=================>............] - ETA: 0s - loss: 2.3446 - accuracy: 0.0999
250/391 [==================>...........] - ETA: 0s - loss: 2.3452 - accuracy: 0.0999
260/391 [==================>...........] - ETA: 0s - loss: 2.3454 - accuracy: 0.1000
269/391 [===================>..........] - ETA: 0s - loss: 2.3451 - accuracy: 0.1003
279/391 [====================>.........] - ETA: 0s - loss: 2.3454 - accuracy: 0.1003
290/391 [=====================>........] - ETA: 0s - loss: 2.3454 - accuracy: 0.1004
299/391 [=====================>........] - ETA: 0s - loss: 2.3458 - accuracy: 0.1006
308/391 [======================>.......] - ETA: 0s - loss: 2.3460 - accuracy: 0.1007
317/391 [=======================>......] - ETA: 0s - loss: 2.3463 - accuracy: 0.1002
327/391 [========================>.....] - ETA: 0s - loss: 2.3462 - accuracy: 0.1002
337/391 [========================>.....] - ETA: 0s - loss: 2.3461 - accuracy: 0.0999
347/391 [=========================>....] - ETA: 0s - loss: 2.3462 - accuracy: 0.0998
357/391 [==========================>...] - ETA: 0s - loss: 2.3461 - accuracy: 0.0999
368/391 [===========================>..] - ETA: 0s - loss: 2.3469 - accuracy: 0.0997
378/391 [============================>.] - ETA: 0s - loss: 2.3466 - accuracy: 0.0996
389/391 [============================>.] - ETA: 0s - loss: 2.3463 - accuracy: 0.0994
391/391 [==============================] - 3s 8ms/step - loss: 2.3464 - accuracy: 0.0994 - val_loss: 2.3434 - val_accuracy: 0.1000
Epoch 21/165

  1/391 [..............................] - ETA: 6s - loss: 2.3450 - accuracy: 0.0859
 10/391 [..............................] - ETA: 2s - loss: 2.3348 - accuracy: 0.0969
 19/391 [>.............................] - ETA: 2s - loss: 2.3311 - accuracy: 0.0999
 29/391 [=>............................] - ETA: 2s - loss: 2.3363 - accuracy: 0.0967
 38/391 [=>............................] - ETA: 2s - loss: 2.3323 - accuracy: 0.1026
 48/391 [==>...........................] - ETA: 2s - loss: 2.3309 - accuracy: 0.1064
 57/391 [===>..........................] - ETA: 2s - loss: 2.3313 - accuracy: 0.1051
 65/391 [===>..........................] - ETA: 2s - loss: 2.3363 - accuracy: 0.1048
 74/391 [====>.........................] - ETA: 2s - loss: 2.3399 - accuracy: 0.1026
 83/391 [=====>........................] - ETA: 2s - loss: 2.3443 - accuracy: 0.1036
 93/391 [======>.......................] - ETA: 1s - loss: 2.3469 - accuracy: 0.1028
102/391 [======>.......................] - ETA: 1s - loss: 2.3475 - accuracy: 0.1029
112/391 [=======>......................] - ETA: 1s - loss: 2.3492 - accuracy: 0.1012
121/391 [========>.....................] - ETA: 1s - loss: 2.3505 - accuracy: 0.1022
131/391 [=========>....................] - ETA: 1s - loss: 2.3515 - accuracy: 0.1023
141/391 [=========>....................] - ETA: 1s - loss: 2.3516 - accuracy: 0.1017
151/391 [==========>...................] - ETA: 1s - loss: 2.3523 - accuracy: 0.1004
160/391 [===========>..................] - ETA: 1s - loss: 2.3524 - accuracy: 0.1002
170/391 [============>.................] - ETA: 1s - loss: 2.3513 - accuracy: 0.1000
179/391 [============>.................] - ETA: 1s - loss: 2.3506 - accuracy: 0.1004
189/391 [=============>................] - ETA: 1s - loss: 2.3508 - accuracy: 0.0998
198/391 [==============>...............] - ETA: 1s - loss: 2.3505 - accuracy: 0.0999
207/391 [==============>...............] - ETA: 1s - loss: 2.3502 - accuracy: 0.1002
217/391 [===============>..............] - ETA: 1s - loss: 2.3494 - accuracy: 0.0998
226/391 [================>.............] - ETA: 1s - loss: 2.3491 - accuracy: 0.1007
236/391 [=================>............] - ETA: 1s - loss: 2.3492 - accuracy: 0.1007
246/391 [=================>............] - ETA: 0s - loss: 2.3494 - accuracy: 0.1010
255/391 [==================>...........] - ETA: 0s - loss: 2.3487 - accuracy: 0.1009
264/391 [===================>..........] - ETA: 0s - loss: 2.3487 - accuracy: 0.1007
272/391 [===================>..........] - ETA: 0s - loss: 2.3493 - accuracy: 0.1005
281/391 [====================>.........] - ETA: 0s - loss: 2.3491 - accuracy: 0.1002
289/391 [=====================>........] - ETA: 0s - loss: 2.3491 - accuracy: 0.1000
297/391 [=====================>........] - ETA: 0s - loss: 2.3500 - accuracy: 0.0997
307/391 [======================>.......] - ETA: 0s - loss: 2.3508 - accuracy: 0.1000
316/391 [=======================>......] - ETA: 0s - loss: 2.3511 - accuracy: 0.0999
326/391 [========================>.....] - ETA: 0s - loss: 2.3514 - accuracy: 0.0997
336/391 [========================>.....] - ETA: 0s - loss: 2.3509 - accuracy: 0.0994
346/391 [=========================>....] - ETA: 0s - loss: 2.3505 - accuracy: 0.0996
356/391 [==========================>...] - ETA: 0s - loss: 2.3509 - accuracy: 0.0997
366/391 [===========================>..] - ETA: 0s - loss: 2.3508 - accuracy: 0.0999
375/391 [===========================>..] - ETA: 0s - loss: 2.3507 - accuracy: 0.1003
385/391 [============================>.] - ETA: 0s - loss: 2.3506 - accuracy: 0.1006
391/391 [==============================] - 3s 8ms/step - loss: 2.3503 - accuracy: 0.1009 - val_loss: 2.3527 - val_accuracy: 0.1000
Epoch 21: early stopping

  1/313 [..............................] - ETA: 4s - loss: 2.3747 - accuracy: 0.1250
 24/313 [=>............................] - ETA: 0s - loss: 2.3516 - accuracy: 0.0951
 48/313 [===>..........................] - ETA: 0s - loss: 2.3660 - accuracy: 0.0833
 77/313 [======>.......................] - ETA: 0s - loss: 2.3569 - accuracy: 0.0966
108/313 [=========>....................] - ETA: 0s - loss: 2.3523 - accuracy: 0.0984
138/313 [============>.................] - ETA: 0s - loss: 2.3533 - accuracy: 0.0971
170/313 [===============>..............] - ETA: 0s - loss: 2.3545 - accuracy: 0.0969
199/313 [==================>...........] - ETA: 0s - loss: 2.3522 - accuracy: 0.1005
229/313 [====================>.........] - ETA: 0s - loss: 2.3534 - accuracy: 0.1011
258/313 [=======================>......] - ETA: 0s - loss: 2.3519 - accuracy: 0.1011
285/313 [==========================>...] - ETA: 0s - loss: 2.3540 - accuracy: 0.0997
311/313 [============================>.] - ETA: 0s - loss: 2.3532 - accuracy: 0.0999
313/313 [==============================] - 1s 2ms/step - loss: 2.3527 - accuracy: 0.1000
