2024-06-26 00:32:08.700016: I tensorflow/core/platform/cpu_feature_guard.cc:193] This TensorFlow binary is optimized with oneAPI Deep Neural Network Library (oneDNN) to use the following CPU instructions in performance-critical operations:  AVX AVX2
To enable them in other operations, rebuild TensorFlow with the appropriate compiler flags.
2024-06-26 00:32:09.150383: I tensorflow/core/common_runtime/gpu/gpu_device.cc:1616] Created device /job:localhost/replica:0/task:0/device:GPU:0 with 6656 MB memory:  -> device: 0, name: NVIDIA GeForce RTX 4060 Ti, pci bus id: 0000:01:00.0, compute capability: 8.9
1 Physical GPUs, 1 Logical GPUs
Model: "sequential"
_________________________________________________________________
 Layer (type)                Output Shape              Param #   
=================================================================
 conv2d (Conv2D)             (None, 32, 32, 32)        896       
                                                                 
 max_pooling2d (MaxPooling2D  (None, 16, 16, 32)       0         
 )                                                               
                                                                 
 batch_normalization (BatchN  (None, 16, 16, 32)       128       
 ormalization)                                                   
                                                                 
 dropout (Dropout)           (None, 16, 16, 32)        0         
                                                                 
 flatten (Flatten)           (None, 8192)              0         
                                                                 
 dense (Dense)               (None, 10)                81930     
                                                                 
=================================================================
Total params: 82,954
Trainable params: 82,890
Non-trainable params: 64
_________________________________________________________________
Taxa de aprendizado:  0.0001 Num de épocas:  56 Tamanho do lote:  256 Dropout:  0.30598
Epoch 1/56
2024-06-26 00:32:10.216443: I tensorflow/stream_executor/cuda/cuda_dnn.cc:384] Loaded cuDNN version 8100
2024-06-26 00:32:10.895806: W tensorflow/stream_executor/gpu/redzone_allocator.cc:314] INTERNAL: ptxas exited with non-zero error code -1, output: 
Relying on driver to perform ptx compilation. 
Modify $PATH to customize ptxas location.
This message will be only logged once.
2024-06-26 00:32:11.480241: I tensorflow/stream_executor/cuda/cuda_blas.cc:1614] TensorFloat-32 will be used for the matrix multiplication. This will only be logged once.

  1/196 [..............................] - ETA: 7:16 - loss: 3.2615 - accuracy: 0.0430
 11/196 [>.............................] - ETA: 1s - loss: 2.7653 - accuracy: 0.1037  
 21/196 [==>...........................] - ETA: 1s - loss: 2.5781 - accuracy: 0.1423
 32/196 [===>..........................] - ETA: 0s - loss: 2.4593 - accuracy: 0.1728
 42/196 [=====>........................] - ETA: 0s - loss: 2.3850 - accuracy: 0.1926
 53/196 [=======>......................] - ETA: 0s - loss: 2.3221 - accuracy: 0.2127
 64/196 [========>.....................] - ETA: 0s - loss: 2.2760 - accuracy: 0.2260
 76/196 [==========>...................] - ETA: 0s - loss: 2.2339 - accuracy: 0.2372
 87/196 [============>.................] - ETA: 0s - loss: 2.2006 - accuracy: 0.2490
 99/196 [==============>...............] - ETA: 0s - loss: 2.1714 - accuracy: 0.2569
111/196 [===============>..............] - ETA: 0s - loss: 2.1385 - accuracy: 0.2658
122/196 [=================>............] - ETA: 0s - loss: 2.1167 - accuracy: 0.2730
133/196 [===================>..........] - ETA: 0s - loss: 2.0936 - accuracy: 0.2797
144/196 [=====================>........] - ETA: 0s - loss: 2.0690 - accuracy: 0.2870
156/196 [======================>.......] - ETA: 0s - loss: 2.0468 - accuracy: 0.2947
166/196 [========================>.....] - ETA: 0s - loss: 2.0308 - accuracy: 0.3003
177/196 [==========================>...] - ETA: 0s - loss: 2.0151 - accuracy: 0.3050
188/196 [===========================>..] - ETA: 0s - loss: 2.0006 - accuracy: 0.3096
196/196 [==============================] - 4s 9ms/step - loss: 1.9897 - accuracy: 0.3132 - val_loss: 2.0212 - val_accuracy: 0.3376
Epoch 2/56

  1/196 [..............................] - ETA: 3s - loss: 1.8128 - accuracy: 0.4023
 12/196 [>.............................] - ETA: 1s - loss: 1.7053 - accuracy: 0.4089
 24/196 [==>...........................] - ETA: 0s - loss: 1.6989 - accuracy: 0.4093
 36/196 [====>.........................] - ETA: 0s - loss: 1.6924 - accuracy: 0.4090
 47/196 [======>.......................] - ETA: 0s - loss: 1.6865 - accuracy: 0.4110
 58/196 [=======>......................] - ETA: 0s - loss: 1.6864 - accuracy: 0.4101
 70/196 [=========>....................] - ETA: 0s - loss: 1.6760 - accuracy: 0.4135
 82/196 [===========>..................] - ETA: 0s - loss: 1.6687 - accuracy: 0.4169
 93/196 [=============>................] - ETA: 0s - loss: 1.6632 - accuracy: 0.4179
106/196 [===============>..............] - ETA: 0s - loss: 1.6641 - accuracy: 0.4173
117/196 [================>.............] - ETA: 0s - loss: 1.6585 - accuracy: 0.4185
128/196 [==================>...........] - ETA: 0s - loss: 1.6582 - accuracy: 0.4197
139/196 [====================>.........] - ETA: 0s - loss: 1.6510 - accuracy: 0.4217
150/196 [=====================>........] - ETA: 0s - loss: 1.6446 - accuracy: 0.4238
161/196 [=======================>......] - ETA: 0s - loss: 1.6404 - accuracy: 0.4252
172/196 [=========================>....] - ETA: 0s - loss: 1.6360 - accuracy: 0.4271
183/196 [===========================>..] - ETA: 0s - loss: 1.6326 - accuracy: 0.4283
194/196 [============================>.] - ETA: 0s - loss: 1.6299 - accuracy: 0.4290
196/196 [==============================] - 1s 8ms/step - loss: 1.6290 - accuracy: 0.4294 - val_loss: 1.7070 - val_accuracy: 0.4398
Epoch 3/56

  1/196 [..............................] - ETA: 0s - loss: 1.5772 - accuracy: 0.4570
 10/196 [>.............................] - ETA: 1s - loss: 1.5562 - accuracy: 0.4520
 20/196 [==>...........................] - ETA: 1s - loss: 1.5432 - accuracy: 0.4518
 31/196 [===>..........................] - ETA: 1s - loss: 1.5400 - accuracy: 0.4568
 42/196 [=====>........................] - ETA: 0s - loss: 1.5387 - accuracy: 0.4572
 54/196 [=======>......................] - ETA: 0s - loss: 1.5271 - accuracy: 0.4625
 65/196 [========>.....................] - ETA: 0s - loss: 1.5200 - accuracy: 0.4675
 75/196 [==========>...................] - ETA: 0s - loss: 1.5172 - accuracy: 0.4681
 86/196 [============>.................] - ETA: 0s - loss: 1.5141 - accuracy: 0.4697
 97/196 [=============>................] - ETA: 0s - loss: 1.5065 - accuracy: 0.4720
108/196 [===============>..............] - ETA: 0s - loss: 1.5045 - accuracy: 0.4725
119/196 [=================>............] - ETA: 0s - loss: 1.5055 - accuracy: 0.4716
129/196 [==================>...........] - ETA: 0s - loss: 1.5015 - accuracy: 0.4732
139/196 [====================>.........] - ETA: 0s - loss: 1.4980 - accuracy: 0.4740
151/196 [======================>.......] - ETA: 0s - loss: 1.4959 - accuracy: 0.4746
161/196 [=======================>......] - ETA: 0s - loss: 1.4930 - accuracy: 0.4754
172/196 [=========================>....] - ETA: 0s - loss: 1.4917 - accuracy: 0.4759
183/196 [===========================>..] - ETA: 0s - loss: 1.4915 - accuracy: 0.4754
194/196 [============================>.] - ETA: 0s - loss: 1.4911 - accuracy: 0.4754
196/196 [==============================] - 2s 8ms/step - loss: 1.4904 - accuracy: 0.4755 - val_loss: 1.4206 - val_accuracy: 0.5181
Epoch 4/56

  1/196 [..............................] - ETA: 3s - loss: 1.3454 - accuracy: 0.5273
 12/196 [>.............................] - ETA: 1s - loss: 1.4053 - accuracy: 0.5013
 24/196 [==>...........................] - ETA: 0s - loss: 1.4076 - accuracy: 0.5026
 35/196 [====>.........................] - ETA: 0s - loss: 1.4212 - accuracy: 0.4962
 45/196 [=====>........................] - ETA: 0s - loss: 1.4186 - accuracy: 0.4986
 57/196 [=======>......................] - ETA: 0s - loss: 1.4204 - accuracy: 0.4994
 67/196 [=========>....................] - ETA: 0s - loss: 1.4151 - accuracy: 0.4999
 78/196 [==========>...................] - ETA: 0s - loss: 1.4091 - accuracy: 0.5025
 89/196 [============>.................] - ETA: 0s - loss: 1.4076 - accuracy: 0.5043
100/196 [==============>...............] - ETA: 0s - loss: 1.4060 - accuracy: 0.5048
112/196 [================>.............] - ETA: 0s - loss: 1.4044 - accuracy: 0.5048
123/196 [=================>............] - ETA: 0s - loss: 1.4034 - accuracy: 0.5061
135/196 [===================>..........] - ETA: 0s - loss: 1.4014 - accuracy: 0.5073
147/196 [=====================>........] - ETA: 0s - loss: 1.3992 - accuracy: 0.5079
159/196 [=======================>......] - ETA: 0s - loss: 1.3986 - accuracy: 0.5081
170/196 [=========================>....] - ETA: 0s - loss: 1.3964 - accuracy: 0.5087
181/196 [==========================>...] - ETA: 0s - loss: 1.3951 - accuracy: 0.5098
191/196 [============================>.] - ETA: 0s - loss: 1.3909 - accuracy: 0.5108
196/196 [==============================] - 2s 8ms/step - loss: 1.3898 - accuracy: 0.5111 - val_loss: 1.2969 - val_accuracy: 0.5518
Epoch 5/56

  1/196 [..............................] - ETA: 3s - loss: 1.3297 - accuracy: 0.5430
 13/196 [>.............................] - ETA: 0s - loss: 1.3048 - accuracy: 0.5538
 24/196 [==>...........................] - ETA: 0s - loss: 1.3154 - accuracy: 0.5443
 34/196 [====>.........................] - ETA: 0s - loss: 1.3233 - accuracy: 0.5381
 45/196 [=====>........................] - ETA: 0s - loss: 1.3330 - accuracy: 0.5354
 57/196 [=======>......................] - ETA: 0s - loss: 1.3274 - accuracy: 0.5365
 68/196 [=========>....................] - ETA: 0s - loss: 1.3288 - accuracy: 0.5370
 79/196 [===========>..................] - ETA: 0s - loss: 1.3230 - accuracy: 0.5385
 90/196 [============>.................] - ETA: 0s - loss: 1.3193 - accuracy: 0.5389
101/196 [==============>...............] - ETA: 0s - loss: 1.3171 - accuracy: 0.5406
112/196 [================>.............] - ETA: 0s - loss: 1.3158 - accuracy: 0.5403
122/196 [=================>............] - ETA: 0s - loss: 1.3151 - accuracy: 0.5404
133/196 [===================>..........] - ETA: 0s - loss: 1.3123 - accuracy: 0.5402
143/196 [====================>.........] - ETA: 0s - loss: 1.3127 - accuracy: 0.5407
153/196 [======================>.......] - ETA: 0s - loss: 1.3116 - accuracy: 0.5408
164/196 [========================>.....] - ETA: 0s - loss: 1.3085 - accuracy: 0.5418
175/196 [=========================>....] - ETA: 0s - loss: 1.3076 - accuracy: 0.5414
187/196 [===========================>..] - ETA: 0s - loss: 1.3072 - accuracy: 0.5416
196/196 [==============================] - 2s 8ms/step - loss: 1.3051 - accuracy: 0.5431 - val_loss: 1.2583 - val_accuracy: 0.5576
Epoch 6/56

  1/196 [..............................] - ETA: 3s - loss: 1.3174 - accuracy: 0.5508
 11/196 [>.............................] - ETA: 1s - loss: 1.2632 - accuracy: 0.5625
 21/196 [==>...........................] - ETA: 1s - loss: 1.2571 - accuracy: 0.5632
 30/196 [===>..........................] - ETA: 1s - loss: 1.2484 - accuracy: 0.5645
 41/196 [=====>........................] - ETA: 0s - loss: 1.2583 - accuracy: 0.5605
 51/196 [======>.......................] - ETA: 0s - loss: 1.2593 - accuracy: 0.5603
 62/196 [========>.....................] - ETA: 0s - loss: 1.2597 - accuracy: 0.5601
 72/196 [==========>...................] - ETA: 0s - loss: 1.2573 - accuracy: 0.5603
 83/196 [===========>..................] - ETA: 0s - loss: 1.2570 - accuracy: 0.5604
 95/196 [=============>................] - ETA: 0s - loss: 1.2545 - accuracy: 0.5620
107/196 [===============>..............] - ETA: 0s - loss: 1.2518 - accuracy: 0.5637
116/196 [================>.............] - ETA: 0s - loss: 1.2476 - accuracy: 0.5654
126/196 [==================>...........] - ETA: 0s - loss: 1.2452 - accuracy: 0.5666
136/196 [===================>..........] - ETA: 0s - loss: 1.2443 - accuracy: 0.5665
147/196 [=====================>........] - ETA: 0s - loss: 1.2464 - accuracy: 0.5662
159/196 [=======================>......] - ETA: 0s - loss: 1.2464 - accuracy: 0.5663
170/196 [=========================>....] - ETA: 0s - loss: 1.2475 - accuracy: 0.5655
182/196 [==========================>...] - ETA: 0s - loss: 1.2467 - accuracy: 0.5661
192/196 [============================>.] - ETA: 0s - loss: 1.2441 - accuracy: 0.5669
196/196 [==============================] - 2s 8ms/step - loss: 1.2442 - accuracy: 0.5669 - val_loss: 1.1958 - val_accuracy: 0.5861
Epoch 7/56

  1/196 [..............................] - ETA: 3s - loss: 1.2012 - accuracy: 0.5586
 12/196 [>.............................] - ETA: 1s - loss: 1.2201 - accuracy: 0.5690
 24/196 [==>...........................] - ETA: 0s - loss: 1.2190 - accuracy: 0.5744
 32/196 [===>..........................] - ETA: 0s - loss: 1.2153 - accuracy: 0.5752
 40/196 [=====>........................] - ETA: 0s - loss: 1.2089 - accuracy: 0.5780
 49/196 [======>.......................] - ETA: 0s - loss: 1.2066 - accuracy: 0.5771
 58/196 [=======>......................] - ETA: 0s - loss: 1.2026 - accuracy: 0.5811
 67/196 [=========>....................] - ETA: 0s - loss: 1.2008 - accuracy: 0.5825
 75/196 [==========>...................] - ETA: 0s - loss: 1.2019 - accuracy: 0.5813
 84/196 [===========>..................] - ETA: 0s - loss: 1.1997 - accuracy: 0.5832
 94/196 [=============>................] - ETA: 0s - loss: 1.1977 - accuracy: 0.5852
106/196 [===============>..............] - ETA: 0s - loss: 1.1968 - accuracy: 0.5840
118/196 [=================>............] - ETA: 0s - loss: 1.2013 - accuracy: 0.5826
129/196 [==================>...........] - ETA: 0s - loss: 1.1986 - accuracy: 0.5838
140/196 [====================>.........] - ETA: 0s - loss: 1.1993 - accuracy: 0.5827
151/196 [======================>.......] - ETA: 0s - loss: 1.1984 - accuracy: 0.5831
162/196 [=======================>......] - ETA: 0s - loss: 1.1979 - accuracy: 0.5837
174/196 [=========================>....] - ETA: 0s - loss: 1.1940 - accuracy: 0.5854
186/196 [===========================>..] - ETA: 0s - loss: 1.1928 - accuracy: 0.5857
196/196 [==============================] - 2s 8ms/step - loss: 1.1920 - accuracy: 0.5861 - val_loss: 1.1573 - val_accuracy: 0.5956
Epoch 8/56

  1/196 [..............................] - ETA: 3s - loss: 1.1547 - accuracy: 0.6016
 12/196 [>.............................] - ETA: 1s - loss: 1.1411 - accuracy: 0.6006
 23/196 [==>...........................] - ETA: 0s - loss: 1.1521 - accuracy: 0.5997
 35/196 [====>.........................] - ETA: 0s - loss: 1.1477 - accuracy: 0.5978
 47/196 [======>.......................] - ETA: 0s - loss: 1.1500 - accuracy: 0.5996
 57/196 [=======>......................] - ETA: 0s - loss: 1.1517 - accuracy: 0.5983
 69/196 [=========>....................] - ETA: 0s - loss: 1.1494 - accuracy: 0.6016
 81/196 [===========>..................] - ETA: 0s - loss: 1.1534 - accuracy: 0.5997
 93/196 [=============>................] - ETA: 0s - loss: 1.1509 - accuracy: 0.6003
105/196 [===============>..............] - ETA: 0s - loss: 1.1492 - accuracy: 0.6013
117/196 [================>.............] - ETA: 0s - loss: 1.1505 - accuracy: 0.6008
130/196 [==================>...........] - ETA: 0s - loss: 1.1484 - accuracy: 0.6016
142/196 [====================>.........] - ETA: 0s - loss: 1.1463 - accuracy: 0.6026
154/196 [======================>.......] - ETA: 0s - loss: 1.1486 - accuracy: 0.6021
165/196 [========================>.....] - ETA: 0s - loss: 1.1481 - accuracy: 0.6024
176/196 [=========================>....] - ETA: 0s - loss: 1.1473 - accuracy: 0.6026
187/196 [===========================>..] - ETA: 0s - loss: 1.1487 - accuracy: 0.6023
196/196 [==============================] - 2s 8ms/step - loss: 1.1468 - accuracy: 0.6024 - val_loss: 1.1240 - val_accuracy: 0.6131
Epoch 9/56

  1/196 [..............................] - ETA: 3s - loss: 0.9970 - accuracy: 0.6367
 10/196 [>.............................] - ETA: 1s - loss: 1.1165 - accuracy: 0.6031
 21/196 [==>...........................] - ETA: 1s - loss: 1.1146 - accuracy: 0.6092
 32/196 [===>..........................] - ETA: 0s - loss: 1.1146 - accuracy: 0.6116
 44/196 [=====>........................] - ETA: 0s - loss: 1.1156 - accuracy: 0.6135
 55/196 [=======>......................] - ETA: 0s - loss: 1.1209 - accuracy: 0.6109
 67/196 [=========>....................] - ETA: 0s - loss: 1.1196 - accuracy: 0.6107
 78/196 [==========>...................] - ETA: 0s - loss: 1.1188 - accuracy: 0.6105
 89/196 [============>.................] - ETA: 0s - loss: 1.1209 - accuracy: 0.6090
101/196 [==============>...............] - ETA: 0s - loss: 1.1175 - accuracy: 0.6094
114/196 [================>.............] - ETA: 0s - loss: 1.1154 - accuracy: 0.6096
126/196 [==================>...........] - ETA: 0s - loss: 1.1136 - accuracy: 0.6093
137/196 [===================>..........] - ETA: 0s - loss: 1.1137 - accuracy: 0.6097
148/196 [=====================>........] - ETA: 0s - loss: 1.1126 - accuracy: 0.6103
159/196 [=======================>......] - ETA: 0s - loss: 1.1128 - accuracy: 0.6106
171/196 [=========================>....] - ETA: 0s - loss: 1.1104 - accuracy: 0.6111
183/196 [===========================>..] - ETA: 0s - loss: 1.1119 - accuracy: 0.6100
195/196 [============================>.] - ETA: 0s - loss: 1.1131 - accuracy: 0.6096
196/196 [==============================] - 1s 8ms/step - loss: 1.1130 - accuracy: 0.6098 - val_loss: 1.1191 - val_accuracy: 0.6107
Epoch 10/56

  1/196 [..............................] - ETA: 3s - loss: 1.1379 - accuracy: 0.6016
 11/196 [>.............................] - ETA: 1s - loss: 1.0704 - accuracy: 0.6264
 23/196 [==>...........................] - ETA: 0s - loss: 1.0566 - accuracy: 0.6309
 35/196 [====>.........................] - ETA: 0s - loss: 1.0666 - accuracy: 0.6265
 47/196 [======>.......................] - ETA: 0s - loss: 1.0721 - accuracy: 0.6260
 59/196 [========>.....................] - ETA: 0s - loss: 1.0754 - accuracy: 0.6235
 70/196 [=========>....................] - ETA: 0s - loss: 1.0728 - accuracy: 0.6253
 82/196 [===========>..................] - ETA: 0s - loss: 1.0735 - accuracy: 0.6257
 91/196 [============>.................] - ETA: 0s - loss: 1.0748 - accuracy: 0.6244
102/196 [==============>...............] - ETA: 0s - loss: 1.0757 - accuracy: 0.6246
113/196 [================>.............] - ETA: 0s - loss: 1.0753 - accuracy: 0.6243
123/196 [=================>............] - ETA: 0s - loss: 1.0791 - accuracy: 0.6231
134/196 [===================>..........] - ETA: 0s - loss: 1.0811 - accuracy: 0.6226
146/196 [=====================>........] - ETA: 0s - loss: 1.0823 - accuracy: 0.6221
156/196 [======================>.......] - ETA: 0s - loss: 1.0817 - accuracy: 0.6222
167/196 [========================>.....] - ETA: 0s - loss: 1.0816 - accuracy: 0.6224
179/196 [==========================>...] - ETA: 0s - loss: 1.0804 - accuracy: 0.6228
190/196 [============================>.] - ETA: 0s - loss: 1.0815 - accuracy: 0.6226
196/196 [==============================] - 1s 8ms/step - loss: 1.0813 - accuracy: 0.6232 - val_loss: 1.1007 - val_accuracy: 0.6159
Epoch 11/56

  1/196 [..............................] - ETA: 3s - loss: 0.8863 - accuracy: 0.6719
 13/196 [>.............................] - ETA: 0s - loss: 1.0669 - accuracy: 0.6250
 24/196 [==>...........................] - ETA: 0s - loss: 1.0762 - accuracy: 0.6229
 37/196 [====>.........................] - ETA: 0s - loss: 1.0668 - accuracy: 0.6254
 48/196 [======>.......................] - ETA: 0s - loss: 1.0689 - accuracy: 0.6257
 60/196 [========>.....................] - ETA: 0s - loss: 1.0672 - accuracy: 0.6286
 71/196 [=========>....................] - ETA: 0s - loss: 1.0603 - accuracy: 0.6301
 83/196 [===========>..................] - ETA: 0s - loss: 1.0614 - accuracy: 0.6306
 94/196 [=============>................] - ETA: 0s - loss: 1.0589 - accuracy: 0.6316
106/196 [===============>..............] - ETA: 0s - loss: 1.0584 - accuracy: 0.6314
117/196 [================>.............] - ETA: 0s - loss: 1.0589 - accuracy: 0.6311
128/196 [==================>...........] - ETA: 0s - loss: 1.0565 - accuracy: 0.6322
139/196 [====================>.........] - ETA: 0s - loss: 1.0574 - accuracy: 0.6311
151/196 [======================>.......] - ETA: 0s - loss: 1.0592 - accuracy: 0.6304
162/196 [=======================>......] - ETA: 0s - loss: 1.0618 - accuracy: 0.6295
173/196 [=========================>....] - ETA: 0s - loss: 1.0623 - accuracy: 0.6296
186/196 [===========================>..] - ETA: 0s - loss: 1.0604 - accuracy: 0.6308
196/196 [==============================] - 1s 8ms/step - loss: 1.0591 - accuracy: 0.6310 - val_loss: 1.0846 - val_accuracy: 0.6215
Epoch 12/56

  1/196 [..............................] - ETA: 3s - loss: 1.0728 - accuracy: 0.6328
 12/196 [>.............................] - ETA: 1s - loss: 1.0094 - accuracy: 0.6410
 24/196 [==>...........................] - ETA: 0s - loss: 1.0255 - accuracy: 0.6370
 36/196 [====>.........................] - ETA: 0s - loss: 1.0426 - accuracy: 0.6359
 49/196 [======>.......................] - ETA: 0s - loss: 1.0376 - accuracy: 0.6382
 60/196 [========>.....................] - ETA: 0s - loss: 1.0339 - accuracy: 0.6415
 70/196 [=========>....................] - ETA: 0s - loss: 1.0352 - accuracy: 0.6392
 81/196 [===========>..................] - ETA: 0s - loss: 1.0370 - accuracy: 0.6392
 90/196 [============>.................] - ETA: 0s - loss: 1.0393 - accuracy: 0.6385
101/196 [==============>...............] - ETA: 0s - loss: 1.0401 - accuracy: 0.6379
112/196 [================>.............] - ETA: 0s - loss: 1.0394 - accuracy: 0.6381
124/196 [=================>............] - ETA: 0s - loss: 1.0403 - accuracy: 0.6375
137/196 [===================>..........] - ETA: 0s - loss: 1.0359 - accuracy: 0.6390
149/196 [=====================>........] - ETA: 0s - loss: 1.0365 - accuracy: 0.6388
162/196 [=======================>......] - ETA: 0s - loss: 1.0373 - accuracy: 0.6384
173/196 [=========================>....] - ETA: 0s - loss: 1.0355 - accuracy: 0.6396
184/196 [===========================>..] - ETA: 0s - loss: 1.0363 - accuracy: 0.6401
195/196 [============================>.] - ETA: 0s - loss: 1.0345 - accuracy: 0.6401
196/196 [==============================] - 1s 7ms/step - loss: 1.0349 - accuracy: 0.6399 - val_loss: 1.0706 - val_accuracy: 0.6272
Epoch 13/56

  1/196 [..............................] - ETA: 3s - loss: 0.9600 - accuracy: 0.6797
 11/196 [>.............................] - ETA: 1s - loss: 1.0312 - accuracy: 0.6392
 23/196 [==>...........................] - ETA: 0s - loss: 1.0164 - accuracy: 0.6479
 35/196 [====>.........................] - ETA: 0s - loss: 1.0230 - accuracy: 0.6454
 46/196 [======>.......................] - ETA: 0s - loss: 1.0295 - accuracy: 0.6450
 58/196 [=======>......................] - ETA: 0s - loss: 1.0216 - accuracy: 0.6450
 68/196 [=========>....................] - ETA: 0s - loss: 1.0234 - accuracy: 0.6440
 79/196 [===========>..................] - ETA: 0s - loss: 1.0222 - accuracy: 0.6438
 90/196 [============>.................] - ETA: 0s - loss: 1.0213 - accuracy: 0.6455
102/196 [==============>...............] - ETA: 0s - loss: 1.0199 - accuracy: 0.6463
114/196 [================>.............] - ETA: 0s - loss: 1.0176 - accuracy: 0.6472
126/196 [==================>...........] - ETA: 0s - loss: 1.0131 - accuracy: 0.6496
138/196 [====================>.........] - ETA: 0s - loss: 1.0135 - accuracy: 0.6495
151/196 [======================>.......] - ETA: 0s - loss: 1.0180 - accuracy: 0.6471
163/196 [=======================>......] - ETA: 0s - loss: 1.0176 - accuracy: 0.6467
175/196 [=========================>....] - ETA: 0s - loss: 1.0188 - accuracy: 0.6462
186/196 [===========================>..] - ETA: 0s - loss: 1.0192 - accuracy: 0.6465
196/196 [==============================] - ETA: 0s - loss: 1.0184 - accuracy: 0.6467
196/196 [==============================] - 1s 8ms/step - loss: 1.0184 - accuracy: 0.6467 - val_loss: 1.0685 - val_accuracy: 0.6296
Epoch 14/56

  1/196 [..............................] - ETA: 3s - loss: 1.0068 - accuracy: 0.6719
 10/196 [>.............................] - ETA: 1s - loss: 0.9788 - accuracy: 0.6695
 22/196 [==>...........................] - ETA: 1s - loss: 1.0042 - accuracy: 0.6557
 34/196 [====>.........................] - ETA: 0s - loss: 1.0062 - accuracy: 0.6509
 44/196 [=====>........................] - ETA: 0s - loss: 1.0005 - accuracy: 0.6540
 55/196 [=======>......................] - ETA: 0s - loss: 0.9981 - accuracy: 0.6549
 66/196 [=========>....................] - ETA: 0s - loss: 1.0002 - accuracy: 0.6551
 77/196 [==========>...................] - ETA: 0s - loss: 1.0009 - accuracy: 0.6538
 89/196 [============>.................] - ETA: 0s - loss: 0.9999 - accuracy: 0.6538
100/196 [==============>...............] - ETA: 0s - loss: 0.9984 - accuracy: 0.6548
111/196 [===============>..............] - ETA: 0s - loss: 0.9943 - accuracy: 0.6564
122/196 [=================>............] - ETA: 0s - loss: 0.9921 - accuracy: 0.6577
132/196 [===================>..........] - ETA: 0s - loss: 0.9936 - accuracy: 0.6568
144/196 [=====================>........] - ETA: 0s - loss: 0.9928 - accuracy: 0.6567
155/196 [======================>.......] - ETA: 0s - loss: 0.9932 - accuracy: 0.6566
165/196 [========================>.....] - ETA: 0s - loss: 0.9954 - accuracy: 0.6560
176/196 [=========================>....] - ETA: 0s - loss: 0.9984 - accuracy: 0.6548
187/196 [===========================>..] - ETA: 0s - loss: 0.9992 - accuracy: 0.6547
196/196 [==============================] - 2s 8ms/step - loss: 0.9994 - accuracy: 0.6544 - val_loss: 1.0462 - val_accuracy: 0.6331
Epoch 15/56

  1/196 [..............................] - ETA: 3s - loss: 0.8170 - accuracy: 0.7188
 11/196 [>.............................] - ETA: 1s - loss: 0.9354 - accuracy: 0.6754
 22/196 [==>...........................] - ETA: 1s - loss: 0.9416 - accuracy: 0.6765
 32/196 [===>..........................] - ETA: 0s - loss: 0.9480 - accuracy: 0.6730
 44/196 [=====>........................] - ETA: 0s - loss: 0.9530 - accuracy: 0.6705
 55/196 [=======>......................] - ETA: 0s - loss: 0.9541 - accuracy: 0.6715
 67/196 [=========>....................] - ETA: 0s - loss: 0.9557 - accuracy: 0.6706
 78/196 [==========>...................] - ETA: 0s - loss: 0.9600 - accuracy: 0.6697
 89/196 [============>.................] - ETA: 0s - loss: 0.9601 - accuracy: 0.6695
101/196 [==============>...............] - ETA: 0s - loss: 0.9653 - accuracy: 0.6672
113/196 [================>.............] - ETA: 0s - loss: 0.9688 - accuracy: 0.6650
125/196 [==================>...........] - ETA: 0s - loss: 0.9705 - accuracy: 0.6645
136/196 [===================>..........] - ETA: 0s - loss: 0.9708 - accuracy: 0.6645
148/196 [=====================>........] - ETA: 0s - loss: 0.9761 - accuracy: 0.6623
157/196 [=======================>......] - ETA: 0s - loss: 0.9793 - accuracy: 0.6608
168/196 [========================>.....] - ETA: 0s - loss: 0.9782 - accuracy: 0.6611
179/196 [==========================>...] - ETA: 0s - loss: 0.9794 - accuracy: 0.6603
190/196 [============================>.] - ETA: 0s - loss: 0.9807 - accuracy: 0.6602
196/196 [==============================] - 2s 8ms/step - loss: 0.9809 - accuracy: 0.6602 - val_loss: 1.0741 - val_accuracy: 0.6279
Epoch 16/56

  1/196 [..............................] - ETA: 3s - loss: 0.9294 - accuracy: 0.6836
  8/196 [>.............................] - ETA: 1s - loss: 0.9147 - accuracy: 0.6880
 17/196 [=>............................] - ETA: 1s - loss: 0.9340 - accuracy: 0.6781
 27/196 [===>..........................] - ETA: 1s - loss: 0.9399 - accuracy: 0.6795
 39/196 [====>.........................] - ETA: 0s - loss: 0.9388 - accuracy: 0.6812
 52/196 [======>.......................] - ETA: 0s - loss: 0.9508 - accuracy: 0.6759
 64/196 [========>.....................] - ETA: 0s - loss: 0.9535 - accuracy: 0.6730
 76/196 [==========>...................] - ETA: 0s - loss: 0.9520 - accuracy: 0.6718
 89/196 [============>.................] - ETA: 0s - loss: 0.9561 - accuracy: 0.6703
101/196 [==============>...............] - ETA: 0s - loss: 0.9577 - accuracy: 0.6682
112/196 [================>.............] - ETA: 0s - loss: 0.9568 - accuracy: 0.6680
124/196 [=================>............] - ETA: 0s - loss: 0.9605 - accuracy: 0.6670
136/196 [===================>..........] - ETA: 0s - loss: 0.9610 - accuracy: 0.6670
147/196 [=====================>........] - ETA: 0s - loss: 0.9627 - accuracy: 0.6661
157/196 [=======================>......] - ETA: 0s - loss: 0.9644 - accuracy: 0.6655
168/196 [========================>.....] - ETA: 0s - loss: 0.9660 - accuracy: 0.6653
179/196 [==========================>...] - ETA: 0s - loss: 0.9657 - accuracy: 0.6655
191/196 [============================>.] - ETA: 0s - loss: 0.9657 - accuracy: 0.6654
196/196 [==============================] - 2s 8ms/step - loss: 0.9660 - accuracy: 0.6658 - val_loss: 1.0277 - val_accuracy: 0.6439
Epoch 17/56

  1/196 [..............................] - ETA: 3s - loss: 0.9300 - accuracy: 0.6797
 10/196 [>.............................] - ETA: 1s - loss: 0.9483 - accuracy: 0.6687
 20/196 [==>...........................] - ETA: 1s - loss: 0.9467 - accuracy: 0.6670
 32/196 [===>..........................] - ETA: 0s - loss: 0.9581 - accuracy: 0.6655
 44/196 [=====>........................] - ETA: 0s - loss: 0.9600 - accuracy: 0.6637
 56/196 [=======>......................] - ETA: 0s - loss: 0.9624 - accuracy: 0.6639
 67/196 [=========>....................] - ETA: 0s - loss: 0.9582 - accuracy: 0.6666
 77/196 [==========>...................] - ETA: 0s - loss: 0.9560 - accuracy: 0.6662
 88/196 [============>.................] - ETA: 0s - loss: 0.9545 - accuracy: 0.6679
100/196 [==============>...............] - ETA: 0s - loss: 0.9529 - accuracy: 0.6684
111/196 [===============>..............] - ETA: 0s - loss: 0.9526 - accuracy: 0.6680
122/196 [=================>............] - ETA: 0s - loss: 0.9554 - accuracy: 0.6673
134/196 [===================>..........] - ETA: 0s - loss: 0.9523 - accuracy: 0.6688
145/196 [=====================>........] - ETA: 0s - loss: 0.9514 - accuracy: 0.6695
157/196 [=======================>......] - ETA: 0s - loss: 0.9516 - accuracy: 0.6690
169/196 [========================>.....] - ETA: 0s - loss: 0.9525 - accuracy: 0.6686
181/196 [==========================>...] - ETA: 0s - loss: 0.9520 - accuracy: 0.6687
193/196 [============================>.] - ETA: 0s - loss: 0.9522 - accuracy: 0.6684
196/196 [==============================] - 2s 8ms/step - loss: 0.9528 - accuracy: 0.6683 - val_loss: 1.0266 - val_accuracy: 0.6451
Epoch 18/56

  1/196 [..............................] - ETA: 3s - loss: 0.9104 - accuracy: 0.6758
 11/196 [>.............................] - ETA: 1s - loss: 0.9547 - accuracy: 0.6829
 23/196 [==>...........................] - ETA: 0s - loss: 0.9428 - accuracy: 0.6829
 35/196 [====>.........................] - ETA: 0s - loss: 0.9479 - accuracy: 0.6760
 45/196 [=====>........................] - ETA: 0s - loss: 0.9420 - accuracy: 0.6775
 56/196 [=======>......................] - ETA: 0s - loss: 0.9478 - accuracy: 0.6742
 68/196 [=========>....................] - ETA: 0s - loss: 0.9464 - accuracy: 0.6751
 80/196 [===========>..................] - ETA: 0s - loss: 0.9420 - accuracy: 0.6778
 92/196 [=============>................] - ETA: 0s - loss: 0.9432 - accuracy: 0.6776
104/196 [==============>...............] - ETA: 0s - loss: 0.9416 - accuracy: 0.6779
116/196 [================>.............] - ETA: 0s - loss: 0.9441 - accuracy: 0.6763
129/196 [==================>...........] - ETA: 0s - loss: 0.9412 - accuracy: 0.6765
140/196 [====================>.........] - ETA: 0s - loss: 0.9433 - accuracy: 0.6756
153/196 [======================>.......] - ETA: 0s - loss: 0.9436 - accuracy: 0.6754
163/196 [=======================>......] - ETA: 0s - loss: 0.9441 - accuracy: 0.6751
174/196 [=========================>....] - ETA: 0s - loss: 0.9424 - accuracy: 0.6749
185/196 [===========================>..] - ETA: 0s - loss: 0.9437 - accuracy: 0.6746
195/196 [============================>.] - ETA: 0s - loss: 0.9437 - accuracy: 0.6747
196/196 [==============================] - 1s 8ms/step - loss: 0.9440 - accuracy: 0.6745 - val_loss: 1.0223 - val_accuracy: 0.6468
Epoch 19/56

  1/196 [..............................] - ETA: 3s - loss: 0.8577 - accuracy: 0.7070
 11/196 [>.............................] - ETA: 1s - loss: 0.9436 - accuracy: 0.6658
 22/196 [==>...........................] - ETA: 1s - loss: 0.9423 - accuracy: 0.6710
 33/196 [====>.........................] - ETA: 0s - loss: 0.9354 - accuracy: 0.6725
 44/196 [=====>........................] - ETA: 0s - loss: 0.9344 - accuracy: 0.6744
 53/196 [=======>......................] - ETA: 0s - loss: 0.9295 - accuracy: 0.6756
 63/196 [========>.....................] - ETA: 0s - loss: 0.9356 - accuracy: 0.6735
 74/196 [==========>...................] - ETA: 0s - loss: 0.9345 - accuracy: 0.6744
 85/196 [============>.................] - ETA: 0s - loss: 0.9347 - accuracy: 0.6746
 97/196 [=============>................] - ETA: 0s - loss: 0.9321 - accuracy: 0.6761
108/196 [===============>..............] - ETA: 0s - loss: 0.9312 - accuracy: 0.6766
120/196 [=================>............] - ETA: 0s - loss: 0.9296 - accuracy: 0.6767
131/196 [===================>..........] - ETA: 0s - loss: 0.9312 - accuracy: 0.6765
142/196 [====================>.........] - ETA: 0s - loss: 0.9323 - accuracy: 0.6764
152/196 [======================>.......] - ETA: 0s - loss: 0.9312 - accuracy: 0.6768
164/196 [========================>.....] - ETA: 0s - loss: 0.9322 - accuracy: 0.6765
175/196 [=========================>....] - ETA: 0s - loss: 0.9313 - accuracy: 0.6771
186/196 [===========================>..] - ETA: 0s - loss: 0.9335 - accuracy: 0.6767
196/196 [==============================] - 2s 8ms/step - loss: 0.9331 - accuracy: 0.6768 - val_loss: 1.0208 - val_accuracy: 0.6476
Epoch 20/56

  1/196 [..............................] - ETA: 3s - loss: 0.8856 - accuracy: 0.6914
 10/196 [>.............................] - ETA: 1s - loss: 0.9239 - accuracy: 0.6859
 21/196 [==>...........................] - ETA: 1s - loss: 0.9154 - accuracy: 0.6899
 32/196 [===>..........................] - ETA: 0s - loss: 0.9080 - accuracy: 0.6890
 44/196 [=====>........................] - ETA: 0s - loss: 0.8995 - accuracy: 0.6903
 56/196 [=======>......................] - ETA: 0s - loss: 0.8988 - accuracy: 0.6896
 68/196 [=========>....................] - ETA: 0s - loss: 0.9019 - accuracy: 0.6881
 80/196 [===========>..................] - ETA: 0s - loss: 0.9024 - accuracy: 0.6880
 92/196 [=============>................] - ETA: 0s - loss: 0.9038 - accuracy: 0.6875
104/196 [==============>...............] - ETA: 0s - loss: 0.9049 - accuracy: 0.6869
116/196 [================>.............] - ETA: 0s - loss: 0.9087 - accuracy: 0.6857
128/196 [==================>...........] - ETA: 0s - loss: 0.9102 - accuracy: 0.6848
140/196 [====================>.........] - ETA: 0s - loss: 0.9125 - accuracy: 0.6837
151/196 [======================>.......] - ETA: 0s - loss: 0.9153 - accuracy: 0.6830
162/196 [=======================>......] - ETA: 0s - loss: 0.9174 - accuracy: 0.6821
173/196 [=========================>....] - ETA: 0s - loss: 0.9184 - accuracy: 0.6817
183/196 [===========================>..] - ETA: 0s - loss: 0.9183 - accuracy: 0.6819
194/196 [============================>.] - ETA: 0s - loss: 0.9197 - accuracy: 0.6812
196/196 [==============================] - 1s 7ms/step - loss: 0.9199 - accuracy: 0.6813 - val_loss: 1.0289 - val_accuracy: 0.6447
Epoch 21/56

  1/196 [..............................] - ETA: 1s - loss: 0.8582 - accuracy: 0.7266
 10/196 [>.............................] - ETA: 1s - loss: 0.8694 - accuracy: 0.6984
 21/196 [==>...........................] - ETA: 1s - loss: 0.8873 - accuracy: 0.6899
 31/196 [===>..........................] - ETA: 1s - loss: 0.8760 - accuracy: 0.6952
 43/196 [=====>........................] - ETA: 0s - loss: 0.8810 - accuracy: 0.6965
 53/196 [=======>......................] - ETA: 0s - loss: 0.8813 - accuracy: 0.6957
 65/196 [========>.....................] - ETA: 0s - loss: 0.8867 - accuracy: 0.6927
 75/196 [==========>...................] - ETA: 0s - loss: 0.8913 - accuracy: 0.6903
 87/196 [============>.................] - ETA: 0s - loss: 0.8909 - accuracy: 0.6911
 99/196 [==============>...............] - ETA: 0s - loss: 0.8912 - accuracy: 0.6912
111/196 [===============>..............] - ETA: 0s - loss: 0.8931 - accuracy: 0.6903
122/196 [=================>............] - ETA: 0s - loss: 0.8980 - accuracy: 0.6895
133/196 [===================>..........] - ETA: 0s - loss: 0.9012 - accuracy: 0.6890
144/196 [=====================>........] - ETA: 0s - loss: 0.9032 - accuracy: 0.6880
155/196 [======================>.......] - ETA: 0s - loss: 0.9056 - accuracy: 0.6869
166/196 [========================>.....] - ETA: 0s - loss: 0.9055 - accuracy: 0.6866
177/196 [==========================>...] - ETA: 0s - loss: 0.9091 - accuracy: 0.6848
190/196 [============================>.] - ETA: 0s - loss: 0.9103 - accuracy: 0.6845
196/196 [==============================] - 2s 8ms/step - loss: 0.9114 - accuracy: 0.6847 - val_loss: 1.0145 - val_accuracy: 0.6514
Epoch 22/56

  1/196 [..............................] - ETA: 3s - loss: 0.9263 - accuracy: 0.6992
 12/196 [>.............................] - ETA: 1s - loss: 0.9279 - accuracy: 0.6846
 23/196 [==>...........................] - ETA: 0s - loss: 0.9088 - accuracy: 0.6882
 34/196 [====>.........................] - ETA: 0s - loss: 0.9072 - accuracy: 0.6881
 45/196 [=====>........................] - ETA: 0s - loss: 0.9010 - accuracy: 0.6893
 56/196 [=======>......................] - ETA: 0s - loss: 0.8986 - accuracy: 0.6881
 68/196 [=========>....................] - ETA: 0s - loss: 0.9067 - accuracy: 0.6853
 79/196 [===========>..................] - ETA: 0s - loss: 0.9045 - accuracy: 0.6873
 91/196 [============>.................] - ETA: 0s - loss: 0.9017 - accuracy: 0.6884
102/196 [==============>...............] - ETA: 0s - loss: 0.9045 - accuracy: 0.6870
114/196 [================>.............] - ETA: 0s - loss: 0.9039 - accuracy: 0.6875
125/196 [==================>...........] - ETA: 0s - loss: 0.9051 - accuracy: 0.6866
136/196 [===================>..........] - ETA: 0s - loss: 0.9068 - accuracy: 0.6862
147/196 [=====================>........] - ETA: 0s - loss: 0.9053 - accuracy: 0.6872
157/196 [=======================>......] - ETA: 0s - loss: 0.9026 - accuracy: 0.6883
168/196 [========================>.....] - ETA: 0s - loss: 0.9026 - accuracy: 0.6886
179/196 [==========================>...] - ETA: 0s - loss: 0.9026 - accuracy: 0.6882
190/196 [============================>.] - ETA: 0s - loss: 0.9054 - accuracy: 0.6871
196/196 [==============================] - 2s 8ms/step - loss: 0.9047 - accuracy: 0.6875 - val_loss: 1.0098 - val_accuracy: 0.6529
Epoch 23/56

  1/196 [..............................] - ETA: 3s - loss: 0.8971 - accuracy: 0.6719
 13/196 [>.............................] - ETA: 0s - loss: 0.8782 - accuracy: 0.6907
 25/196 [==>...........................] - ETA: 0s - loss: 0.8725 - accuracy: 0.6987
 37/196 [====>.........................] - ETA: 0s - loss: 0.8749 - accuracy: 0.6989
 48/196 [======>.......................] - ETA: 0s - loss: 0.8761 - accuracy: 0.6990
 59/196 [========>.....................] - ETA: 0s - loss: 0.8765 - accuracy: 0.6992
 70/196 [=========>....................] - ETA: 0s - loss: 0.8796 - accuracy: 0.6965
 81/196 [===========>..................] - ETA: 0s - loss: 0.8794 - accuracy: 0.6965
 93/196 [=============>................] - ETA: 0s - loss: 0.8856 - accuracy: 0.6949
105/196 [===============>..............] - ETA: 0s - loss: 0.8839 - accuracy: 0.6950
117/196 [================>.............] - ETA: 0s - loss: 0.8853 - accuracy: 0.6945
129/196 [==================>...........] - ETA: 0s - loss: 0.8883 - accuracy: 0.6940
141/196 [====================>.........] - ETA: 0s - loss: 0.8884 - accuracy: 0.6937
153/196 [======================>.......] - ETA: 0s - loss: 0.8862 - accuracy: 0.6943
165/196 [========================>.....] - ETA: 0s - loss: 0.8871 - accuracy: 0.6943
177/196 [==========================>...] - ETA: 0s - loss: 0.8898 - accuracy: 0.6929
189/196 [===========================>..] - ETA: 0s - loss: 0.8908 - accuracy: 0.6921
196/196 [==============================] - 1s 8ms/step - loss: 0.8921 - accuracy: 0.6915 - val_loss: 1.0069 - val_accuracy: 0.6520
Epoch 24/56

  1/196 [..............................] - ETA: 3s - loss: 0.9019 - accuracy: 0.6914
 11/196 [>.............................] - ETA: 1s - loss: 0.9066 - accuracy: 0.6921
 22/196 [==>...........................] - ETA: 1s - loss: 0.9070 - accuracy: 0.6887
 34/196 [====>.........................] - ETA: 0s - loss: 0.8990 - accuracy: 0.6943
 46/196 [======>.......................] - ETA: 0s - loss: 0.8970 - accuracy: 0.6964
 57/196 [=======>......................] - ETA: 0s - loss: 0.8994 - accuracy: 0.6915
 68/196 [=========>....................] - ETA: 0s - loss: 0.9009 - accuracy: 0.6918
 80/196 [===========>..................] - ETA: 0s - loss: 0.9002 - accuracy: 0.6910
 92/196 [=============>................] - ETA: 0s - loss: 0.8948 - accuracy: 0.6931
103/196 [==============>...............] - ETA: 0s - loss: 0.8954 - accuracy: 0.6911
115/196 [================>.............] - ETA: 0s - loss: 0.8908 - accuracy: 0.6931
126/196 [==================>...........] - ETA: 0s - loss: 0.8909 - accuracy: 0.6926
138/196 [====================>.........] - ETA: 0s - loss: 0.8909 - accuracy: 0.6921
149/196 [=====================>........] - ETA: 0s - loss: 0.8883 - accuracy: 0.6925
160/196 [=======================>......] - ETA: 0s - loss: 0.8887 - accuracy: 0.6920
170/196 [=========================>....] - ETA: 0s - loss: 0.8889 - accuracy: 0.6926
181/196 [==========================>...] - ETA: 0s - loss: 0.8893 - accuracy: 0.6928
192/196 [============================>.] - ETA: 0s - loss: 0.8901 - accuracy: 0.6922
196/196 [==============================] - 2s 8ms/step - loss: 0.8904 - accuracy: 0.6919 - val_loss: 1.0008 - val_accuracy: 0.6538
Epoch 25/56

  1/196 [..............................] - ETA: 3s - loss: 0.9004 - accuracy: 0.6992
 11/196 [>.............................] - ETA: 1s - loss: 0.8902 - accuracy: 0.7006
 22/196 [==>...........................] - ETA: 1s - loss: 0.8942 - accuracy: 0.7012
 33/196 [====>.........................] - ETA: 0s - loss: 0.8817 - accuracy: 0.6987
 44/196 [=====>........................] - ETA: 0s - loss: 0.8822 - accuracy: 0.6986
 56/196 [=======>......................] - ETA: 0s - loss: 0.8766 - accuracy: 0.7017
 67/196 [=========>....................] - ETA: 0s - loss: 0.8732 - accuracy: 0.7013
 78/196 [==========>...................] - ETA: 0s - loss: 0.8791 - accuracy: 0.6976
 90/196 [============>.................] - ETA: 0s - loss: 0.8818 - accuracy: 0.6963
101/196 [==============>...............] - ETA: 0s - loss: 0.8832 - accuracy: 0.6958
113/196 [================>.............] - ETA: 0s - loss: 0.8843 - accuracy: 0.6953
125/196 [==================>...........] - ETA: 0s - loss: 0.8843 - accuracy: 0.6957
137/196 [===================>..........] - ETA: 0s - loss: 0.8861 - accuracy: 0.6954
147/196 [=====================>........] - ETA: 0s - loss: 0.8841 - accuracy: 0.6960
159/196 [=======================>......] - ETA: 0s - loss: 0.8833 - accuracy: 0.6959
170/196 [=========================>....] - ETA: 0s - loss: 0.8829 - accuracy: 0.6960
182/196 [==========================>...] - ETA: 0s - loss: 0.8811 - accuracy: 0.6967
193/196 [============================>.] - ETA: 0s - loss: 0.8807 - accuracy: 0.6960
196/196 [==============================] - 1s 7ms/step - loss: 0.8810 - accuracy: 0.6957 - val_loss: 1.0075 - val_accuracy: 0.6562
Epoch 26/56

  1/196 [..............................] - ETA: 0s - loss: 0.8445 - accuracy: 0.7227
 10/196 [>.............................] - ETA: 1s - loss: 0.8547 - accuracy: 0.7164
 21/196 [==>...........................] - ETA: 1s - loss: 0.8489 - accuracy: 0.7121
 32/196 [===>..........................] - ETA: 0s - loss: 0.8553 - accuracy: 0.7108
 43/196 [=====>........................] - ETA: 0s - loss: 0.8646 - accuracy: 0.7057
 55/196 [=======>......................] - ETA: 0s - loss: 0.8717 - accuracy: 0.7020
 66/196 [=========>....................] - ETA: 0s - loss: 0.8713 - accuracy: 0.7009
 79/196 [===========>..................] - ETA: 0s - loss: 0.8696 - accuracy: 0.7019
 90/196 [============>.................] - ETA: 0s - loss: 0.8697 - accuracy: 0.7022
102/196 [==============>...............] - ETA: 0s - loss: 0.8706 - accuracy: 0.7016
112/196 [================>.............] - ETA: 0s - loss: 0.8690 - accuracy: 0.7025
124/196 [=================>............] - ETA: 0s - loss: 0.8691 - accuracy: 0.7022
135/196 [===================>..........] - ETA: 0s - loss: 0.8689 - accuracy: 0.7023
145/196 [=====================>........] - ETA: 0s - loss: 0.8703 - accuracy: 0.7016
156/196 [======================>.......] - ETA: 0s - loss: 0.8719 - accuracy: 0.7012
167/196 [========================>.....] - ETA: 0s - loss: 0.8708 - accuracy: 0.7015
179/196 [==========================>...] - ETA: 0s - loss: 0.8698 - accuracy: 0.7013
190/196 [============================>.] - ETA: 0s - loss: 0.8711 - accuracy: 0.7009
196/196 [==============================] - 2s 8ms/step - loss: 0.8720 - accuracy: 0.7003 - val_loss: 1.0216 - val_accuracy: 0.6486
Epoch 27/56

  1/196 [..............................] - ETA: 2s - loss: 0.8537 - accuracy: 0.7266
 12/196 [>.............................] - ETA: 1s - loss: 0.8583 - accuracy: 0.6999
 24/196 [==>...........................] - ETA: 0s - loss: 0.8479 - accuracy: 0.7062
 36/196 [====>.........................] - ETA: 0s - loss: 0.8555 - accuracy: 0.7041
 47/196 [======>.......................] - ETA: 0s - loss: 0.8497 - accuracy: 0.7061
 58/196 [=======>......................] - ETA: 0s - loss: 0.8505 - accuracy: 0.7045
 68/196 [=========>....................] - ETA: 0s - loss: 0.8539 - accuracy: 0.7008
 80/196 [===========>..................] - ETA: 0s - loss: 0.8574 - accuracy: 0.7012
 89/196 [============>.................] - ETA: 0s - loss: 0.8577 - accuracy: 0.7011
101/196 [==============>...............] - ETA: 0s - loss: 0.8626 - accuracy: 0.6998
112/196 [================>.............] - ETA: 0s - loss: 0.8616 - accuracy: 0.7000
123/196 [=================>............] - ETA: 0s - loss: 0.8645 - accuracy: 0.6996
134/196 [===================>..........] - ETA: 0s - loss: 0.8652 - accuracy: 0.6993
145/196 [=====================>........] - ETA: 0s - loss: 0.8645 - accuracy: 0.6993
157/196 [=======================>......] - ETA: 0s - loss: 0.8650 - accuracy: 0.6988
168/196 [========================>.....] - ETA: 0s - loss: 0.8662 - accuracy: 0.6984
178/196 [==========================>...] - ETA: 0s - loss: 0.8673 - accuracy: 0.6981
189/196 [===========================>..] - ETA: 0s - loss: 0.8667 - accuracy: 0.6988
196/196 [==============================] - 1s 8ms/step - loss: 0.8676 - accuracy: 0.6982 - val_loss: 0.9979 - val_accuracy: 0.6578
Epoch 28/56

  1/196 [..............................] - ETA: 3s - loss: 0.7660 - accuracy: 0.7461
 12/196 [>.............................] - ETA: 1s - loss: 0.8228 - accuracy: 0.7214
 24/196 [==>...........................] - ETA: 0s - loss: 0.8264 - accuracy: 0.7178
 35/196 [====>.........................] - ETA: 0s - loss: 0.8343 - accuracy: 0.7166
 46/196 [======>.......................] - ETA: 0s - loss: 0.8356 - accuracy: 0.7148
 58/196 [=======>......................] - ETA: 0s - loss: 0.8414 - accuracy: 0.7127
 69/196 [=========>....................] - ETA: 0s - loss: 0.8465 - accuracy: 0.7107
 79/196 [===========>..................] - ETA: 0s - loss: 0.8505 - accuracy: 0.7080
 90/196 [============>.................] - ETA: 0s - loss: 0.8502 - accuracy: 0.7069
101/196 [==============>...............] - ETA: 0s - loss: 0.8504 - accuracy: 0.7074
113/196 [================>.............] - ETA: 0s - loss: 0.8517 - accuracy: 0.7062
126/196 [==================>...........] - ETA: 0s - loss: 0.8533 - accuracy: 0.7056
137/196 [===================>..........] - ETA: 0s - loss: 0.8558 - accuracy: 0.7044
148/196 [=====================>........] - ETA: 0s - loss: 0.8579 - accuracy: 0.7044
158/196 [=======================>......] - ETA: 0s - loss: 0.8579 - accuracy: 0.7041
170/196 [=========================>....] - ETA: 0s - loss: 0.8583 - accuracy: 0.7037
181/196 [==========================>...] - ETA: 0s - loss: 0.8605 - accuracy: 0.7034
193/196 [============================>.] - ETA: 0s - loss: 0.8615 - accuracy: 0.7031
196/196 [==============================] - 1s 8ms/step - loss: 0.8623 - accuracy: 0.7029 - val_loss: 1.0026 - val_accuracy: 0.6559
Epoch 29/56

  1/196 [..............................] - ETA: 3s - loss: 0.9348 - accuracy: 0.6758
 11/196 [>.............................] - ETA: 1s - loss: 0.8551 - accuracy: 0.7003
 21/196 [==>...........................] - ETA: 1s - loss: 0.8478 - accuracy: 0.7050
 32/196 [===>..........................] - ETA: 0s - loss: 0.8468 - accuracy: 0.7037
 43/196 [=====>........................] - ETA: 0s - loss: 0.8439 - accuracy: 0.7078
 54/196 [=======>......................] - ETA: 0s - loss: 0.8461 - accuracy: 0.7080
 65/196 [========>.....................] - ETA: 0s - loss: 0.8473 - accuracy: 0.7078
 76/196 [==========>...................] - ETA: 0s - loss: 0.8457 - accuracy: 0.7073
 84/196 [===========>..................] - ETA: 0s - loss: 0.8458 - accuracy: 0.7069
 95/196 [=============>................] - ETA: 0s - loss: 0.8433 - accuracy: 0.7074
106/196 [===============>..............] - ETA: 0s - loss: 0.8435 - accuracy: 0.7074
118/196 [=================>............] - ETA: 0s - loss: 0.8423 - accuracy: 0.7071
129/196 [==================>...........] - ETA: 0s - loss: 0.8428 - accuracy: 0.7066
138/196 [====================>.........] - ETA: 0s - loss: 0.8439 - accuracy: 0.7068
148/196 [=====================>........] - ETA: 0s - loss: 0.8435 - accuracy: 0.7073
159/196 [=======================>......] - ETA: 0s - loss: 0.8449 - accuracy: 0.7072
170/196 [=========================>....] - ETA: 0s - loss: 0.8486 - accuracy: 0.7060
181/196 [==========================>...] - ETA: 0s - loss: 0.8505 - accuracy: 0.7054
192/196 [============================>.] - ETA: 0s - loss: 0.8524 - accuracy: 0.7048
196/196 [==============================] - 2s 8ms/step - loss: 0.8540 - accuracy: 0.7045 - val_loss: 0.9871 - val_accuracy: 0.6614
Epoch 30/56

  1/196 [..............................] - ETA: 3s - loss: 0.8762 - accuracy: 0.7109
 11/196 [>.............................] - ETA: 1s - loss: 0.8424 - accuracy: 0.7021
 23/196 [==>...........................] - ETA: 0s - loss: 0.8511 - accuracy: 0.7057
 36/196 [====>.........................] - ETA: 0s - loss: 0.8522 - accuracy: 0.7051
 49/196 [======>.......................] - ETA: 0s - loss: 0.8480 - accuracy: 0.7038
 61/196 [========>.....................] - ETA: 0s - loss: 0.8425 - accuracy: 0.7064
 74/196 [==========>...................] - ETA: 0s - loss: 0.8395 - accuracy: 0.7056
 86/196 [============>.................] - ETA: 0s - loss: 0.8439 - accuracy: 0.7042
 98/196 [==============>...............] - ETA: 0s - loss: 0.8469 - accuracy: 0.7035
110/196 [===============>..............] - ETA: 0s - loss: 0.8480 - accuracy: 0.7034
121/196 [=================>............] - ETA: 0s - loss: 0.8493 - accuracy: 0.7031
132/196 [===================>..........] - ETA: 0s - loss: 0.8484 - accuracy: 0.7033
144/196 [=====================>........] - ETA: 0s - loss: 0.8477 - accuracy: 0.7045
155/196 [======================>.......] - ETA: 0s - loss: 0.8471 - accuracy: 0.7062
167/196 [========================>.....] - ETA: 0s - loss: 0.8481 - accuracy: 0.7059
179/196 [==========================>...] - ETA: 0s - loss: 0.8475 - accuracy: 0.7067
192/196 [============================>.] - ETA: 0s - loss: 0.8482 - accuracy: 0.7064
196/196 [==============================] - 1s 7ms/step - loss: 0.8497 - accuracy: 0.7062 - val_loss: 0.9999 - val_accuracy: 0.6577
Epoch 31/56

  1/196 [..............................] - ETA: 3s - loss: 0.8203 - accuracy: 0.7109
 10/196 [>.............................] - ETA: 1s - loss: 0.8338 - accuracy: 0.7027
 22/196 [==>...........................] - ETA: 1s - loss: 0.8415 - accuracy: 0.7051
 34/196 [====>.........................] - ETA: 0s - loss: 0.8522 - accuracy: 0.7029
 45/196 [=====>........................] - ETA: 0s - loss: 0.8505 - accuracy: 0.7044
 56/196 [=======>......................] - ETA: 0s - loss: 0.8468 - accuracy: 0.7044
 67/196 [=========>....................] - ETA: 0s - loss: 0.8446 - accuracy: 0.7038
 78/196 [==========>...................] - ETA: 0s - loss: 0.8454 - accuracy: 0.7036
 90/196 [============>.................] - ETA: 0s - loss: 0.8439 - accuracy: 0.7040
100/196 [==============>...............] - ETA: 0s - loss: 0.8443 - accuracy: 0.7039
111/196 [===============>..............] - ETA: 0s - loss: 0.8459 - accuracy: 0.7038
123/196 [=================>............] - ETA: 0s - loss: 0.8459 - accuracy: 0.7041
134/196 [===================>..........] - ETA: 0s - loss: 0.8453 - accuracy: 0.7049
145/196 [=====================>........] - ETA: 0s - loss: 0.8439 - accuracy: 0.7058
154/196 [======================>.......] - ETA: 0s - loss: 0.8411 - accuracy: 0.7075
164/196 [========================>.....] - ETA: 0s - loss: 0.8410 - accuracy: 0.7074
176/196 [=========================>....] - ETA: 0s - loss: 0.8407 - accuracy: 0.7072
187/196 [===========================>..] - ETA: 0s - loss: 0.8399 - accuracy: 0.7073
196/196 [==============================] - 2s 8ms/step - loss: 0.8420 - accuracy: 0.7072 - val_loss: 0.9868 - val_accuracy: 0.6648
Epoch 32/56

  1/196 [..............................] - ETA: 3s - loss: 0.8565 - accuracy: 0.7070
 12/196 [>.............................] - ETA: 1s - loss: 0.8120 - accuracy: 0.7220
 23/196 [==>...........................] - ETA: 0s - loss: 0.8030 - accuracy: 0.7204
 34/196 [====>.........................] - ETA: 0s - loss: 0.8138 - accuracy: 0.7138
 46/196 [======>.......................] - ETA: 0s - loss: 0.8196 - accuracy: 0.7130
 58/196 [=======>......................] - ETA: 0s - loss: 0.8301 - accuracy: 0.7101
 71/196 [=========>....................] - ETA: 0s - loss: 0.8297 - accuracy: 0.7102
 83/196 [===========>..................] - ETA: 0s - loss: 0.8338 - accuracy: 0.7095
 96/196 [=============>................] - ETA: 0s - loss: 0.8341 - accuracy: 0.7102
108/196 [===============>..............] - ETA: 0s - loss: 0.8336 - accuracy: 0.7098
120/196 [=================>............] - ETA: 0s - loss: 0.8368 - accuracy: 0.7084
131/196 [===================>..........] - ETA: 0s - loss: 0.8371 - accuracy: 0.7088
142/196 [====================>.........] - ETA: 0s - loss: 0.8389 - accuracy: 0.7076
153/196 [======================>.......] - ETA: 0s - loss: 0.8376 - accuracy: 0.7082
164/196 [========================>.....] - ETA: 0s - loss: 0.8370 - accuracy: 0.7084
175/196 [=========================>....] - ETA: 0s - loss: 0.8368 - accuracy: 0.7089
187/196 [===========================>..] - ETA: 0s - loss: 0.8394 - accuracy: 0.7080
196/196 [==============================] - 1s 8ms/step - loss: 0.8383 - accuracy: 0.7086 - val_loss: 0.9814 - val_accuracy: 0.6618
Epoch 33/56

  1/196 [..............................] - ETA: 3s - loss: 0.7067 - accuracy: 0.7773
 11/196 [>.............................] - ETA: 1s - loss: 0.8081 - accuracy: 0.7244
 22/196 [==>...........................] - ETA: 1s - loss: 0.8230 - accuracy: 0.7166
 34/196 [====>.........................] - ETA: 0s - loss: 0.8275 - accuracy: 0.7152
 46/196 [======>.......................] - ETA: 0s - loss: 0.8248 - accuracy: 0.7172
 57/196 [=======>......................] - ETA: 0s - loss: 0.8288 - accuracy: 0.7168
 67/196 [=========>....................] - ETA: 0s - loss: 0.8303 - accuracy: 0.7145
 79/196 [===========>..................] - ETA: 0s - loss: 0.8303 - accuracy: 0.7131
 91/196 [============>.................] - ETA: 0s - loss: 0.8257 - accuracy: 0.7137
104/196 [==============>...............] - ETA: 0s - loss: 0.8260 - accuracy: 0.7138
117/196 [================>.............] - ETA: 0s - loss: 0.8274 - accuracy: 0.7141
129/196 [==================>...........] - ETA: 0s - loss: 0.8282 - accuracy: 0.7138
142/196 [====================>.........] - ETA: 0s - loss: 0.8286 - accuracy: 0.7141
154/196 [======================>.......] - ETA: 0s - loss: 0.8306 - accuracy: 0.7134
166/196 [========================>.....] - ETA: 0s - loss: 0.8316 - accuracy: 0.7132
176/196 [=========================>....] - ETA: 0s - loss: 0.8313 - accuracy: 0.7131
187/196 [===========================>..] - ETA: 0s - loss: 0.8334 - accuracy: 0.7120
196/196 [==============================] - 1s 7ms/step - loss: 0.8348 - accuracy: 0.7114 - val_loss: 0.9825 - val_accuracy: 0.6670
Epoch 34/56

  1/196 [..............................] - ETA: 3s - loss: 0.6848 - accuracy: 0.7578
 11/196 [>.............................] - ETA: 1s - loss: 0.8221 - accuracy: 0.7102
 21/196 [==>...........................] - ETA: 1s - loss: 0.8161 - accuracy: 0.7165
 32/196 [===>..........................] - ETA: 0s - loss: 0.8205 - accuracy: 0.7142
 42/196 [=====>........................] - ETA: 0s - loss: 0.8289 - accuracy: 0.7124
 54/196 [=======>......................] - ETA: 0s - loss: 0.8192 - accuracy: 0.7158
 65/196 [========>.....................] - ETA: 0s - loss: 0.8137 - accuracy: 0.7189
 77/196 [==========>...................] - ETA: 0s - loss: 0.8165 - accuracy: 0.7173
 89/196 [============>.................] - ETA: 0s - loss: 0.8206 - accuracy: 0.7162
101/196 [==============>...............] - ETA: 0s - loss: 0.8212 - accuracy: 0.7155
114/196 [================>.............] - ETA: 0s - loss: 0.8235 - accuracy: 0.7153
126/196 [==================>...........] - ETA: 0s - loss: 0.8248 - accuracy: 0.7145
138/196 [====================>.........] - ETA: 0s - loss: 0.8246 - accuracy: 0.7147
149/196 [=====================>........] - ETA: 0s - loss: 0.8257 - accuracy: 0.7145
159/196 [=======================>......] - ETA: 0s - loss: 0.8258 - accuracy: 0.7147
171/196 [=========================>....] - ETA: 0s - loss: 0.8267 - accuracy: 0.7145
182/196 [==========================>...] - ETA: 0s - loss: 0.8274 - accuracy: 0.7140
194/196 [============================>.] - ETA: 0s - loss: 0.8271 - accuracy: 0.7140
196/196 [==============================] - 2s 8ms/step - loss: 0.8276 - accuracy: 0.7136 - val_loss: 0.9859 - val_accuracy: 0.6640
Epoch 35/56

  1/196 [..............................] - ETA: 0s - loss: 0.7803 - accuracy: 0.7422
 10/196 [>.............................] - ETA: 1s - loss: 0.7934 - accuracy: 0.7270
 21/196 [==>...........................] - ETA: 1s - loss: 0.7967 - accuracy: 0.7271
 33/196 [====>.........................] - ETA: 0s - loss: 0.8037 - accuracy: 0.7225
 44/196 [=====>........................] - ETA: 0s - loss: 0.8059 - accuracy: 0.7204
 55/196 [=======>......................] - ETA: 0s - loss: 0.8083 - accuracy: 0.7180
 66/196 [=========>....................] - ETA: 0s - loss: 0.8114 - accuracy: 0.7186
 77/196 [==========>...................] - ETA: 0s - loss: 0.8116 - accuracy: 0.7180
 88/196 [============>.................] - ETA: 0s - loss: 0.8159 - accuracy: 0.7164
 99/196 [==============>...............] - ETA: 0s - loss: 0.8178 - accuracy: 0.7158
110/196 [===============>..............] - ETA: 0s - loss: 0.8169 - accuracy: 0.7158
120/196 [=================>............] - ETA: 0s - loss: 0.8174 - accuracy: 0.7162
131/196 [===================>..........] - ETA: 0s - loss: 0.8191 - accuracy: 0.7161
142/196 [====================>.........] - ETA: 0s - loss: 0.8232 - accuracy: 0.7148
153/196 [======================>.......] - ETA: 0s - loss: 0.8195 - accuracy: 0.7164
165/196 [========================>.....] - ETA: 0s - loss: 0.8215 - accuracy: 0.7159
177/196 [==========================>...] - ETA: 0s - loss: 0.8225 - accuracy: 0.7155
189/196 [===========================>..] - ETA: 0s - loss: 0.8228 - accuracy: 0.7155
196/196 [==============================] - 1s 8ms/step - loss: 0.8226 - accuracy: 0.7156 - val_loss: 0.9790 - val_accuracy: 0.6663
Epoch 36/56

  1/196 [..............................] - ETA: 3s - loss: 0.8593 - accuracy: 0.6719
 12/196 [>.............................] - ETA: 1s - loss: 0.7989 - accuracy: 0.7256
 24/196 [==>...........................] - ETA: 0s - loss: 0.8124 - accuracy: 0.7236
 35/196 [====>.........................] - ETA: 0s - loss: 0.8203 - accuracy: 0.7193
 46/196 [======>.......................] - ETA: 0s - loss: 0.8256 - accuracy: 0.7193
 58/196 [=======>......................] - ETA: 0s - loss: 0.8298 - accuracy: 0.7174
 69/196 [=========>....................] - ETA: 0s - loss: 0.8288 - accuracy: 0.7172
 80/196 [===========>..................] - ETA: 0s - loss: 0.8245 - accuracy: 0.7181
 92/196 [=============>................] - ETA: 0s - loss: 0.8235 - accuracy: 0.7181
103/196 [==============>...............] - ETA: 0s - loss: 0.8248 - accuracy: 0.7167
114/196 [================>.............] - ETA: 0s - loss: 0.8261 - accuracy: 0.7162
126/196 [==================>...........] - ETA: 0s - loss: 0.8238 - accuracy: 0.7174
137/196 [===================>..........] - ETA: 0s - loss: 0.8241 - accuracy: 0.7166
148/196 [=====================>........] - ETA: 0s - loss: 0.8230 - accuracy: 0.7165
159/196 [=======================>......] - ETA: 0s - loss: 0.8236 - accuracy: 0.7153
170/196 [=========================>....] - ETA: 0s - loss: 0.8215 - accuracy: 0.7161
181/196 [==========================>...] - ETA: 0s - loss: 0.8224 - accuracy: 0.7157
193/196 [============================>.] - ETA: 0s - loss: 0.8221 - accuracy: 0.7157
196/196 [==============================] - 1s 7ms/step - loss: 0.8229 - accuracy: 0.7153 - val_loss: 0.9808 - val_accuracy: 0.6656
Epoch 37/56

  1/196 [..............................] - ETA: 0s - loss: 0.8360 - accuracy: 0.7188
 10/196 [>.............................] - ETA: 1s - loss: 0.8008 - accuracy: 0.7277
 21/196 [==>...........................] - ETA: 1s - loss: 0.7882 - accuracy: 0.7294
 32/196 [===>..........................] - ETA: 0s - loss: 0.7925 - accuracy: 0.7281
 44/196 [=====>........................] - ETA: 0s - loss: 0.7907 - accuracy: 0.7258
 55/196 [=======>......................] - ETA: 0s - loss: 0.7962 - accuracy: 0.7229
 66/196 [=========>....................] - ETA: 0s - loss: 0.7990 - accuracy: 0.7230
 77/196 [==========>...................] - ETA: 0s - loss: 0.7996 - accuracy: 0.7225
 88/196 [============>.................] - ETA: 0s - loss: 0.8021 - accuracy: 0.7207
 98/196 [==============>...............] - ETA: 0s - loss: 0.8057 - accuracy: 0.7191
110/196 [===============>..............] - ETA: 0s - loss: 0.8057 - accuracy: 0.7190
122/196 [=================>............] - ETA: 0s - loss: 0.8063 - accuracy: 0.7190
132/196 [===================>..........] - ETA: 0s - loss: 0.8057 - accuracy: 0.7196
143/196 [====================>.........] - ETA: 0s - loss: 0.8088 - accuracy: 0.7190
155/196 [======================>.......] - ETA: 0s - loss: 0.8127 - accuracy: 0.7181
166/196 [========================>.....] - ETA: 0s - loss: 0.8139 - accuracy: 0.7174
178/196 [==========================>...] - ETA: 0s - loss: 0.8142 - accuracy: 0.7170
189/196 [===========================>..] - ETA: 0s - loss: 0.8146 - accuracy: 0.7166
196/196 [==============================] - 1s 8ms/step - loss: 0.8161 - accuracy: 0.7165 - val_loss: 1.0311 - val_accuracy: 0.6445
Epoch 38/56

  1/196 [..............................] - ETA: 3s - loss: 0.7708 - accuracy: 0.7344
 10/196 [>.............................] - ETA: 1s - loss: 0.8011 - accuracy: 0.7219
 22/196 [==>...........................] - ETA: 1s - loss: 0.7972 - accuracy: 0.7232
 34/196 [====>.........................] - ETA: 0s - loss: 0.8078 - accuracy: 0.7204
 46/196 [======>.......................] - ETA: 0s - loss: 0.8032 - accuracy: 0.7216
 59/196 [========>.....................] - ETA: 0s - loss: 0.8010 - accuracy: 0.7221
 71/196 [=========>....................] - ETA: 0s - loss: 0.7995 - accuracy: 0.7217
 80/196 [===========>..................] - ETA: 0s - loss: 0.8003 - accuracy: 0.7214
 90/196 [============>.................] - ETA: 0s - loss: 0.8028 - accuracy: 0.7202
101/196 [==============>...............] - ETA: 0s - loss: 0.7998 - accuracy: 0.7212
113/196 [================>.............] - ETA: 0s - loss: 0.7986 - accuracy: 0.7228
125/196 [==================>...........] - ETA: 0s - loss: 0.7996 - accuracy: 0.7227
137/196 [===================>..........] - ETA: 0s - loss: 0.7995 - accuracy: 0.7229
150/196 [=====================>........] - ETA: 0s - loss: 0.8037 - accuracy: 0.7220
161/196 [=======================>......] - ETA: 0s - loss: 0.8057 - accuracy: 0.7215
172/196 [=========================>....] - ETA: 0s - loss: 0.8087 - accuracy: 0.7206
183/196 [===========================>..] - ETA: 0s - loss: 0.8099 - accuracy: 0.7205
195/196 [============================>.] - ETA: 0s - loss: 0.8113 - accuracy: 0.7200
196/196 [==============================] - 1s 7ms/step - loss: 0.8117 - accuracy: 0.7199 - val_loss: 0.9957 - val_accuracy: 0.6600
Epoch 39/56

  1/196 [..............................] - ETA: 3s - loss: 0.9004 - accuracy: 0.6992
 11/196 [>.............................] - ETA: 1s - loss: 0.8061 - accuracy: 0.7216
 22/196 [==>...........................] - ETA: 1s - loss: 0.7994 - accuracy: 0.7250
 34/196 [====>.........................] - ETA: 0s - loss: 0.7938 - accuracy: 0.7248
 46/196 [======>.......................] - ETA: 0s - loss: 0.7887 - accuracy: 0.7258
 59/196 [========>.....................] - ETA: 0s - loss: 0.8021 - accuracy: 0.7225
 69/196 [=========>....................] - ETA: 0s - loss: 0.8037 - accuracy: 0.7218
 80/196 [===========>..................] - ETA: 0s - loss: 0.8038 - accuracy: 0.7222
 92/196 [=============>................] - ETA: 0s - loss: 0.8053 - accuracy: 0.7217
103/196 [==============>...............] - ETA: 0s - loss: 0.8055 - accuracy: 0.7213
114/196 [================>.............] - ETA: 0s - loss: 0.8073 - accuracy: 0.7209
126/196 [==================>...........] - ETA: 0s - loss: 0.8080 - accuracy: 0.7211
137/196 [===================>..........] - ETA: 0s - loss: 0.8086 - accuracy: 0.7207
149/196 [=====================>........] - ETA: 0s - loss: 0.8112 - accuracy: 0.7197
160/196 [=======================>......] - ETA: 0s - loss: 0.8100 - accuracy: 0.7198
171/196 [=========================>....] - ETA: 0s - loss: 0.8079 - accuracy: 0.7200
183/196 [===========================>..] - ETA: 0s - loss: 0.8073 - accuracy: 0.7202
194/196 [============================>.] - ETA: 0s - loss: 0.8094 - accuracy: 0.7200
196/196 [==============================] - 2s 8ms/step - loss: 0.8101 - accuracy: 0.7200 - val_loss: 0.9789 - val_accuracy: 0.6628
Epoch 40/56

  1/196 [..............................] - ETA: 3s - loss: 0.7172 - accuracy: 0.7500
 12/196 [>.............................] - ETA: 1s - loss: 0.7723 - accuracy: 0.7357
 24/196 [==>...........................] - ETA: 0s - loss: 0.7919 - accuracy: 0.7254
 35/196 [====>.........................] - ETA: 0s - loss: 0.7925 - accuracy: 0.7223
 47/196 [======>.......................] - ETA: 0s - loss: 0.7905 - accuracy: 0.7216
 57/196 [=======>......................] - ETA: 0s - loss: 0.7928 - accuracy: 0.7219
 68/196 [=========>....................] - ETA: 0s - loss: 0.7880 - accuracy: 0.7255
 80/196 [===========>..................] - ETA: 0s - loss: 0.7864 - accuracy: 0.7258
 91/196 [============>.................] - ETA: 0s - loss: 0.7876 - accuracy: 0.7249
102/196 [==============>...............] - ETA: 0s - loss: 0.7892 - accuracy: 0.7251
113/196 [================>.............] - ETA: 0s - loss: 0.7931 - accuracy: 0.7228
124/196 [=================>............] - ETA: 0s - loss: 0.7949 - accuracy: 0.7219
136/196 [===================>..........] - ETA: 0s - loss: 0.7961 - accuracy: 0.7212
147/196 [=====================>........] - ETA: 0s - loss: 0.7975 - accuracy: 0.7207
157/196 [=======================>......] - ETA: 0s - loss: 0.7987 - accuracy: 0.7209
169/196 [========================>.....] - ETA: 0s - loss: 0.8001 - accuracy: 0.7202
179/196 [==========================>...] - ETA: 0s - loss: 0.8017 - accuracy: 0.7200
191/196 [============================>.] - ETA: 0s - loss: 0.8028 - accuracy: 0.7199
196/196 [==============================] - 2s 8ms/step - loss: 0.8029 - accuracy: 0.7200 - val_loss: 1.0002 - val_accuracy: 0.6598
Epoch 41/56

  1/196 [..............................] - ETA: 1s - loss: 0.8094 - accuracy: 0.7383
 10/196 [>.............................] - ETA: 1s - loss: 0.7912 - accuracy: 0.7238
 21/196 [==>...........................] - ETA: 1s - loss: 0.8009 - accuracy: 0.7217
 32/196 [===>..........................] - ETA: 0s - loss: 0.7827 - accuracy: 0.7292
 43/196 [=====>........................] - ETA: 0s - loss: 0.7895 - accuracy: 0.7268
 54/196 [=======>......................] - ETA: 0s - loss: 0.7892 - accuracy: 0.7266
 66/196 [=========>....................] - ETA: 0s - loss: 0.7954 - accuracy: 0.7242
 77/196 [==========>...................] - ETA: 0s - loss: 0.7986 - accuracy: 0.7237
 88/196 [============>.................] - ETA: 0s - loss: 0.7957 - accuracy: 0.7257
100/196 [==============>...............] - ETA: 0s - loss: 0.7983 - accuracy: 0.7241
111/196 [===============>..............] - ETA: 0s - loss: 0.7981 - accuracy: 0.7240
124/196 [=================>............] - ETA: 0s - loss: 0.7990 - accuracy: 0.7233
136/196 [===================>..........] - ETA: 0s - loss: 0.8002 - accuracy: 0.7225
146/196 [=====================>........] - ETA: 0s - loss: 0.8009 - accuracy: 0.7221
158/196 [=======================>......] - ETA: 0s - loss: 0.7999 - accuracy: 0.7225
169/196 [========================>.....] - ETA: 0s - loss: 0.8004 - accuracy: 0.7226
180/196 [==========================>...] - ETA: 0s - loss: 0.8001 - accuracy: 0.7223
192/196 [============================>.] - ETA: 0s - loss: 0.7997 - accuracy: 0.7225
196/196 [==============================] - 2s 8ms/step - loss: 0.8000 - accuracy: 0.7221 - val_loss: 0.9913 - val_accuracy: 0.6597
Epoch 42/56

  1/196 [..............................] - ETA: 3s - loss: 0.7910 - accuracy: 0.7031
 12/196 [>.............................] - ETA: 1s - loss: 0.8013 - accuracy: 0.7165
 24/196 [==>...........................] - ETA: 0s - loss: 0.8126 - accuracy: 0.7151
 35/196 [====>.........................] - ETA: 0s - loss: 0.8053 - accuracy: 0.7164
 47/196 [======>.......................] - ETA: 0s - loss: 0.8071 - accuracy: 0.7168
 59/196 [========>.....................] - ETA: 0s - loss: 0.8052 - accuracy: 0.7192
 71/196 [=========>....................] - ETA: 0s - loss: 0.8062 - accuracy: 0.7183
 83/196 [===========>..................] - ETA: 0s - loss: 0.7985 - accuracy: 0.7226
 95/196 [=============>................] - ETA: 0s - loss: 0.7972 - accuracy: 0.7237
107/196 [===============>..............] - ETA: 0s - loss: 0.7970 - accuracy: 0.7241
117/196 [================>.............] - ETA: 0s - loss: 0.7954 - accuracy: 0.7251
129/196 [==================>...........] - ETA: 0s - loss: 0.7957 - accuracy: 0.7248
139/196 [====================>.........] - ETA: 0s - loss: 0.7924 - accuracy: 0.7253
150/196 [=====================>........] - ETA: 0s - loss: 0.7959 - accuracy: 0.7234
161/196 [=======================>......] - ETA: 0s - loss: 0.7977 - accuracy: 0.7220
172/196 [=========================>....] - ETA: 0s - loss: 0.7973 - accuracy: 0.7223
184/196 [===========================>..] - ETA: 0s - loss: 0.7977 - accuracy: 0.7227
195/196 [============================>.] - ETA: 0s - loss: 0.7984 - accuracy: 0.7228
196/196 [==============================] - 2s 8ms/step - loss: 0.7981 - accuracy: 0.7228 - val_loss: 0.9869 - val_accuracy: 0.6666
Epoch 43/56

  1/196 [..............................] - ETA: 3s - loss: 0.7506 - accuracy: 0.7227
 11/196 [>.............................] - ETA: 1s - loss: 0.7687 - accuracy: 0.7287
 24/196 [==>...........................] - ETA: 0s - loss: 0.7672 - accuracy: 0.7301
 36/196 [====>.........................] - ETA: 0s - loss: 0.7772 - accuracy: 0.7301
 47/196 [======>.......................] - ETA: 0s - loss: 0.7818 - accuracy: 0.7310
 58/196 [=======>......................] - ETA: 0s - loss: 0.7947 - accuracy: 0.7269
 69/196 [=========>....................] - ETA: 0s - loss: 0.7904 - accuracy: 0.7288
 81/196 [===========>..................] - ETA: 0s - loss: 0.7904 - accuracy: 0.7295
 93/196 [=============>................] - ETA: 0s - loss: 0.7935 - accuracy: 0.7290
106/196 [===============>..............] - ETA: 0s - loss: 0.7924 - accuracy: 0.7290
119/196 [=================>............] - ETA: 0s - loss: 0.7945 - accuracy: 0.7289
132/196 [===================>..........] - ETA: 0s - loss: 0.7938 - accuracy: 0.7295
144/196 [=====================>........] - ETA: 0s - loss: 0.7939 - accuracy: 0.7286
155/196 [======================>.......] - ETA: 0s - loss: 0.7952 - accuracy: 0.7271
166/196 [========================>.....] - ETA: 0s - loss: 0.7929 - accuracy: 0.7280
177/196 [==========================>...] - ETA: 0s - loss: 0.7933 - accuracy: 0.7281
188/196 [===========================>..] - ETA: 0s - loss: 0.7949 - accuracy: 0.7272
196/196 [==============================] - 1s 7ms/step - loss: 0.7959 - accuracy: 0.7269 - val_loss: 0.9908 - val_accuracy: 0.6637
Epoch 44/56

  1/196 [..............................] - ETA: 3s - loss: 0.6227 - accuracy: 0.7891
 12/196 [>.............................] - ETA: 1s - loss: 0.7741 - accuracy: 0.7269
 23/196 [==>...........................] - ETA: 0s - loss: 0.7927 - accuracy: 0.7237
 35/196 [====>.........................] - ETA: 0s - loss: 0.7991 - accuracy: 0.7227
 47/196 [======>.......................] - ETA: 0s - loss: 0.7881 - accuracy: 0.7289
 59/196 [========>.....................] - ETA: 0s - loss: 0.7939 - accuracy: 0.7262
 71/196 [=========>....................] - ETA: 0s - loss: 0.7922 - accuracy: 0.7276
 83/196 [===========>..................] - ETA: 0s - loss: 0.7930 - accuracy: 0.7280
 96/196 [=============>................] - ETA: 0s - loss: 0.7905 - accuracy: 0.7265
108/196 [===============>..............] - ETA: 0s - loss: 0.7909 - accuracy: 0.7262
120/196 [=================>............] - ETA: 0s - loss: 0.7890 - accuracy: 0.7266
132/196 [===================>..........] - ETA: 0s - loss: 0.7888 - accuracy: 0.7263
143/196 [====================>.........] - ETA: 0s - loss: 0.7908 - accuracy: 0.7253
154/196 [======================>.......] - ETA: 0s - loss: 0.7894 - accuracy: 0.7263
165/196 [========================>.....] - ETA: 0s - loss: 0.7911 - accuracy: 0.7260
176/196 [=========================>....] - ETA: 0s - loss: 0.7915 - accuracy: 0.7256
187/196 [===========================>..] - ETA: 0s - loss: 0.7928 - accuracy: 0.7252
196/196 [==============================] - 2s 8ms/step - loss: 0.7942 - accuracy: 0.7250 - val_loss: 0.9874 - val_accuracy: 0.6620
Epoch 44: early stopping

  1/313 [..............................] - ETA: 4s - loss: 0.6785 - accuracy: 0.7812
 36/313 [==>...........................] - ETA: 0s - loss: 0.9487 - accuracy: 0.6623
 77/313 [======>.......................] - ETA: 0s - loss: 0.9715 - accuracy: 0.6615
119/313 [==========>...................] - ETA: 0s - loss: 0.9816 - accuracy: 0.6644
166/313 [==============>...............] - ETA: 0s - loss: 0.9674 - accuracy: 0.6734
206/313 [==================>...........] - ETA: 0s - loss: 0.9715 - accuracy: 0.6682
250/313 [======================>.......] - ETA: 0s - loss: 0.9794 - accuracy: 0.6661
297/313 [===========================>..] - ETA: 0s - loss: 0.9847 - accuracy: 0.6638
313/313 [==============================] - 0s 1ms/step - loss: 0.9874 - accuracy: 0.6620
