2024-06-26 03:20:43.380815: I tensorflow/core/platform/cpu_feature_guard.cc:193] This TensorFlow binary is optimized with oneAPI Deep Neural Network Library (oneDNN) to use the following CPU instructions in performance-critical operations:  AVX AVX2
To enable them in other operations, rebuild TensorFlow with the appropriate compiler flags.
2024-06-26 03:20:43.958224: I tensorflow/core/common_runtime/gpu/gpu_device.cc:1616] Created device /job:localhost/replica:0/task:0/device:GPU:0 with 6656 MB memory:  -> device: 0, name: NVIDIA GeForce RTX 4060 Ti, pci bus id: 0000:01:00.0, compute capability: 8.9
1 Physical GPUs, 1 Logical GPUs
Model: "sequential"
_________________________________________________________________
 Layer (type)                Output Shape              Param #   
=================================================================
 conv2d (Conv2D)             (None, 32, 32, 32)        896       
                                                                 
 max_pooling2d (MaxPooling2D  (None, 16, 16, 32)       0         
 )                                                               
                                                                 
 batch_normalization (BatchN  (None, 16, 16, 32)       128       
 ormalization)                                                   
                                                                 
 conv2d_1 (Conv2D)           (None, 16, 16, 64)        51264     
                                                                 
 dropout (Dropout)           (None, 16, 16, 64)        0         
                                                                 
 flatten (Flatten)           (None, 16384)             0         
                                                                 
 dense (Dense)               (None, 10)                163850    
                                                                 
=================================================================
Total params: 216,138
Trainable params: 216,074
Non-trainable params: 64
_________________________________________________________________
Taxa de aprendizado:  0.001 Num de épocas:  31 Tamanho do lote:  512 Dropout:  0.45788
Epoch 1/31
2024-06-26 03:20:45.244591: I tensorflow/stream_executor/cuda/cuda_dnn.cc:384] Loaded cuDNN version 8100
2024-06-26 03:20:46.127077: W tensorflow/stream_executor/gpu/redzone_allocator.cc:314] INTERNAL: ptxas exited with non-zero error code -1, output: 
Relying on driver to perform ptx compilation. 
Modify $PATH to customize ptxas location.
This message will be only logged once.
2024-06-26 03:20:46.967409: I tensorflow/stream_executor/cuda/cuda_blas.cc:1614] TensorFloat-32 will be used for the matrix multiplication. This will only be logged once.

 1/98 [..............................] - ETA: 5:24 - loss: 2.4689 - accuracy: 0.1055
 3/98 [..............................] - ETA: 3s - loss: 2.5993 - accuracy: 0.1641  
 5/98 [>.............................] - ETA: 3s - loss: 2.4438 - accuracy: 0.1863
 7/98 [=>............................] - ETA: 3s - loss: 2.3510 - accuracy: 0.2084
 9/98 [=>............................] - ETA: 3s - loss: 2.2638 - accuracy: 0.2331
11/98 [==>...........................] - ETA: 2s - loss: 2.2015 - accuracy: 0.2564
13/98 [==>...........................] - ETA: 2s - loss: 2.1440 - accuracy: 0.2689
15/98 [===>..........................] - ETA: 2s - loss: 2.0888 - accuracy: 0.2849
17/98 [====>.........................] - ETA: 2s - loss: 2.0447 - accuracy: 0.2938
19/98 [====>.........................] - ETA: 2s - loss: 2.0064 - accuracy: 0.3064
21/98 [=====>........................] - ETA: 2s - loss: 1.9700 - accuracy: 0.3158
23/98 [======>.......................] - ETA: 2s - loss: 1.9388 - accuracy: 0.3267
25/98 [======>.......................] - ETA: 2s - loss: 1.9084 - accuracy: 0.3358
27/98 [=======>......................] - ETA: 2s - loss: 1.8891 - accuracy: 0.3418
29/98 [=======>......................] - ETA: 2s - loss: 1.8652 - accuracy: 0.3485
32/98 [========>.....................] - ETA: 2s - loss: 1.8333 - accuracy: 0.3577
36/98 [==========>...................] - ETA: 1s - loss: 1.8023 - accuracy: 0.3679
40/98 [===========>..................] - ETA: 1s - loss: 1.7693 - accuracy: 0.3788
43/98 [============>.................] - ETA: 1s - loss: 1.7437 - accuracy: 0.3867
47/98 [=============>................] - ETA: 1s - loss: 1.7160 - accuracy: 0.3963
50/98 [==============>...............] - ETA: 1s - loss: 1.6961 - accuracy: 0.4024
53/98 [===============>..............] - ETA: 1s - loss: 1.6770 - accuracy: 0.4080
56/98 [================>.............] - ETA: 1s - loss: 1.6589 - accuracy: 0.4140
59/98 [=================>............] - ETA: 1s - loss: 1.6431 - accuracy: 0.4198
62/98 [=================>............] - ETA: 1s - loss: 1.6293 - accuracy: 0.4241
65/98 [==================>...........] - ETA: 0s - loss: 1.6134 - accuracy: 0.4294
68/98 [===================>..........] - ETA: 0s - loss: 1.5974 - accuracy: 0.4350
71/98 [====================>.........] - ETA: 0s - loss: 1.5848 - accuracy: 0.4396
74/98 [=====================>........] - ETA: 0s - loss: 1.5714 - accuracy: 0.4443
77/98 [======================>.......] - ETA: 0s - loss: 1.5598 - accuracy: 0.4488
80/98 [=======================>......] - ETA: 0s - loss: 1.5473 - accuracy: 0.4532
83/98 [========================>.....] - ETA: 0s - loss: 1.5378 - accuracy: 0.4563
87/98 [=========================>....] - ETA: 0s - loss: 1.5231 - accuracy: 0.4615
89/98 [==========================>...] - ETA: 0s - loss: 1.5155 - accuracy: 0.4642
91/98 [==========================>...] - ETA: 0s - loss: 1.5099 - accuracy: 0.4657
93/98 [===========================>..] - ETA: 0s - loss: 1.5018 - accuracy: 0.4684
95/98 [============================>.] - ETA: 0s - loss: 1.4970 - accuracy: 0.4701
97/98 [============================>.] - ETA: 0s - loss: 1.4910 - accuracy: 0.4723
98/98 [==============================] - 7s 38ms/step - loss: 1.4876 - accuracy: 0.4735 - val_loss: 2.1647 - val_accuracy: 0.2469
Epoch 2/31

 1/98 [..............................] - ETA: 4s - loss: 1.1584 - accuracy: 0.5840
 4/98 [>.............................] - ETA: 1s - loss: 1.1325 - accuracy: 0.6040
 8/98 [=>............................] - ETA: 1s - loss: 1.1346 - accuracy: 0.6069
11/98 [==>...........................] - ETA: 1s - loss: 1.1287 - accuracy: 0.6096
14/98 [===>..........................] - ETA: 1s - loss: 1.1307 - accuracy: 0.6067
17/98 [====>.........................] - ETA: 1s - loss: 1.1299 - accuracy: 0.6068
21/98 [=====>........................] - ETA: 1s - loss: 1.1342 - accuracy: 0.6037
25/98 [======>.......................] - ETA: 1s - loss: 1.1339 - accuracy: 0.6039
27/98 [=======>......................] - ETA: 1s - loss: 1.1328 - accuracy: 0.6034
29/98 [=======>......................] - ETA: 1s - loss: 1.1314 - accuracy: 0.6024
31/98 [========>.....................] - ETA: 1s - loss: 1.1253 - accuracy: 0.6038
33/98 [=========>....................] - ETA: 1s - loss: 1.1212 - accuracy: 0.6056
35/98 [=========>....................] - ETA: 1s - loss: 1.1154 - accuracy: 0.6081
37/98 [==========>...................] - ETA: 1s - loss: 1.1127 - accuracy: 0.6091
39/98 [==========>...................] - ETA: 1s - loss: 1.1120 - accuracy: 0.6099
41/98 [===========>..................] - ETA: 1s - loss: 1.1124 - accuracy: 0.6098
43/98 [============>.................] - ETA: 1s - loss: 1.1112 - accuracy: 0.6106
45/98 [============>.................] - ETA: 1s - loss: 1.1109 - accuracy: 0.6104
47/98 [=============>................] - ETA: 1s - loss: 1.1071 - accuracy: 0.6112
49/98 [==============>...............] - ETA: 1s - loss: 1.1043 - accuracy: 0.6126
51/98 [==============>...............] - ETA: 1s - loss: 1.1028 - accuracy: 0.6130
53/98 [===============>..............] - ETA: 1s - loss: 1.1000 - accuracy: 0.6148
55/98 [===============>..............] - ETA: 1s - loss: 1.1005 - accuracy: 0.6151
57/98 [================>.............] - ETA: 1s - loss: 1.1005 - accuracy: 0.6152
59/98 [=================>............] - ETA: 1s - loss: 1.0996 - accuracy: 0.6151
61/98 [=================>............] - ETA: 1s - loss: 1.0985 - accuracy: 0.6156
63/98 [==================>...........] - ETA: 0s - loss: 1.0956 - accuracy: 0.6167
65/98 [==================>...........] - ETA: 0s - loss: 1.0925 - accuracy: 0.6179
67/98 [===================>..........] - ETA: 0s - loss: 1.0906 - accuracy: 0.6186
69/98 [====================>.........] - ETA: 0s - loss: 1.0909 - accuracy: 0.6187
71/98 [====================>.........] - ETA: 0s - loss: 1.0899 - accuracy: 0.6184
73/98 [=====================>........] - ETA: 0s - loss: 1.0888 - accuracy: 0.6191
76/98 [======================>.......] - ETA: 0s - loss: 1.0867 - accuracy: 0.6200
79/98 [=======================>......] - ETA: 0s - loss: 1.0845 - accuracy: 0.6205
82/98 [========================>.....] - ETA: 0s - loss: 1.0827 - accuracy: 0.6206
86/98 [=========================>....] - ETA: 0s - loss: 1.0799 - accuracy: 0.6216
89/98 [==========================>...] - ETA: 0s - loss: 1.0778 - accuracy: 0.6224
92/98 [===========================>..] - ETA: 0s - loss: 1.0760 - accuracy: 0.6230
95/98 [============================>.] - ETA: 0s - loss: 1.0730 - accuracy: 0.6239
98/98 [==============================] - ETA: 0s - loss: 1.0708 - accuracy: 0.6246
98/98 [==============================] - 3s 34ms/step - loss: 1.0708 - accuracy: 0.6246 - val_loss: 2.1704 - val_accuracy: 0.2974
Epoch 3/31

 1/98 [..............................] - ETA: 4s - loss: 0.9841 - accuracy: 0.6582
 3/98 [..............................] - ETA: 2s - loss: 0.9681 - accuracy: 0.6647
 5/98 [>.............................] - ETA: 2s - loss: 0.9450 - accuracy: 0.6699
 7/98 [=>............................] - ETA: 2s - loss: 0.9374 - accuracy: 0.6730
 9/98 [=>............................] - ETA: 2s - loss: 0.9277 - accuracy: 0.6756
11/98 [==>...........................] - ETA: 2s - loss: 0.9218 - accuracy: 0.6783
13/98 [==>...........................] - ETA: 2s - loss: 0.9192 - accuracy: 0.6771
15/98 [===>..........................] - ETA: 2s - loss: 0.9154 - accuracy: 0.6755
17/98 [====>.........................] - ETA: 2s - loss: 0.9162 - accuracy: 0.6759
19/98 [====>.........................] - ETA: 2s - loss: 0.9126 - accuracy: 0.6759
21/98 [=====>........................] - ETA: 2s - loss: 0.9100 - accuracy: 0.6768
23/98 [======>.......................] - ETA: 2s - loss: 0.9113 - accuracy: 0.6770
26/98 [======>.......................] - ETA: 2s - loss: 0.9185 - accuracy: 0.6743
29/98 [=======>......................] - ETA: 2s - loss: 0.9198 - accuracy: 0.6751
32/98 [========>.....................] - ETA: 1s - loss: 0.9254 - accuracy: 0.6749
35/98 [=========>....................] - ETA: 1s - loss: 0.9279 - accuracy: 0.6745
38/98 [==========>...................] - ETA: 1s - loss: 0.9269 - accuracy: 0.6748
41/98 [===========>..................] - ETA: 1s - loss: 0.9293 - accuracy: 0.6745
44/98 [============>.................] - ETA: 1s - loss: 0.9311 - accuracy: 0.6741
47/98 [=============>................] - ETA: 1s - loss: 0.9311 - accuracy: 0.6736
50/98 [==============>...............] - ETA: 1s - loss: 0.9332 - accuracy: 0.6729
53/98 [===============>..............] - ETA: 1s - loss: 0.9322 - accuracy: 0.6729
56/98 [================>.............] - ETA: 1s - loss: 0.9309 - accuracy: 0.6739
59/98 [=================>............] - ETA: 0s - loss: 0.9302 - accuracy: 0.6742
62/98 [=================>............] - ETA: 0s - loss: 0.9322 - accuracy: 0.6735
65/98 [==================>...........] - ETA: 0s - loss: 0.9319 - accuracy: 0.6741
68/98 [===================>..........] - ETA: 0s - loss: 0.9312 - accuracy: 0.6743
72/98 [=====================>........] - ETA: 0s - loss: 0.9281 - accuracy: 0.6765
74/98 [=====================>........] - ETA: 0s - loss: 0.9271 - accuracy: 0.6765
76/98 [======================>.......] - ETA: 0s - loss: 0.9265 - accuracy: 0.6768
78/98 [======================>.......] - ETA: 0s - loss: 0.9259 - accuracy: 0.6767
80/98 [=======================>......] - ETA: 0s - loss: 0.9255 - accuracy: 0.6766
82/98 [========================>.....] - ETA: 0s - loss: 0.9254 - accuracy: 0.6766
84/98 [========================>.....] - ETA: 0s - loss: 0.9262 - accuracy: 0.6768
86/98 [=========================>....] - ETA: 0s - loss: 0.9275 - accuracy: 0.6758
88/98 [=========================>....] - ETA: 0s - loss: 0.9271 - accuracy: 0.6760
90/98 [==========================>...] - ETA: 0s - loss: 0.9259 - accuracy: 0.6763
92/98 [===========================>..] - ETA: 0s - loss: 0.9241 - accuracy: 0.6771
94/98 [===========================>..] - ETA: 0s - loss: 0.9250 - accuracy: 0.6770
96/98 [============================>.] - ETA: 0s - loss: 0.9240 - accuracy: 0.6775
98/98 [==============================] - ETA: 0s - loss: 0.9248 - accuracy: 0.6773
98/98 [==============================] - 3s 34ms/step - loss: 0.9248 - accuracy: 0.6773 - val_loss: 2.0175 - val_accuracy: 0.4425
Epoch 4/31

 1/98 [..............................] - ETA: 4s - loss: 0.8652 - accuracy: 0.7090
 4/98 [>.............................] - ETA: 1s - loss: 0.8393 - accuracy: 0.7134
 7/98 [=>............................] - ETA: 1s - loss: 0.8178 - accuracy: 0.7190
10/98 [==>...........................] - ETA: 1s - loss: 0.8041 - accuracy: 0.7246
13/98 [==>...........................] - ETA: 1s - loss: 0.8115 - accuracy: 0.7221
16/98 [===>..........................] - ETA: 1s - loss: 0.8280 - accuracy: 0.7168
20/98 [=====>........................] - ETA: 1s - loss: 0.8187 - accuracy: 0.7187
24/98 [======>.......................] - ETA: 1s - loss: 0.8212 - accuracy: 0.7164
26/98 [======>.......................] - ETA: 1s - loss: 0.8279 - accuracy: 0.7135
28/98 [=======>......................] - ETA: 1s - loss: 0.8258 - accuracy: 0.7145
30/98 [========>.....................] - ETA: 1s - loss: 0.8259 - accuracy: 0.7144
32/98 [========>.....................] - ETA: 1s - loss: 0.8280 - accuracy: 0.7134
34/98 [=========>....................] - ETA: 1s - loss: 0.8303 - accuracy: 0.7128
36/98 [==========>...................] - ETA: 1s - loss: 0.8272 - accuracy: 0.7141
38/98 [==========>...................] - ETA: 1s - loss: 0.8261 - accuracy: 0.7145
40/98 [===========>..................] - ETA: 1s - loss: 0.8261 - accuracy: 0.7140
42/98 [===========>..................] - ETA: 1s - loss: 0.8297 - accuracy: 0.7127
44/98 [============>.................] - ETA: 1s - loss: 0.8297 - accuracy: 0.7129
46/98 [=============>................] - ETA: 1s - loss: 0.8289 - accuracy: 0.7134
48/98 [=============>................] - ETA: 1s - loss: 0.8268 - accuracy: 0.7139
50/98 [==============>...............] - ETA: 1s - loss: 0.8263 - accuracy: 0.7142
52/98 [==============>...............] - ETA: 1s - loss: 0.8268 - accuracy: 0.7147
55/98 [===============>..............] - ETA: 1s - loss: 0.8290 - accuracy: 0.7135
57/98 [================>.............] - ETA: 1s - loss: 0.8263 - accuracy: 0.7142
59/98 [=================>............] - ETA: 1s - loss: 0.8275 - accuracy: 0.7143
61/98 [=================>............] - ETA: 1s - loss: 0.8266 - accuracy: 0.7142
63/98 [==================>...........] - ETA: 0s - loss: 0.8274 - accuracy: 0.7143
65/98 [==================>...........] - ETA: 0s - loss: 0.8292 - accuracy: 0.7133
67/98 [===================>..........] - ETA: 0s - loss: 0.8314 - accuracy: 0.7124
69/98 [====================>.........] - ETA: 0s - loss: 0.8299 - accuracy: 0.7126
71/98 [====================>.........] - ETA: 0s - loss: 0.8302 - accuracy: 0.7124
74/98 [=====================>........] - ETA: 0s - loss: 0.8296 - accuracy: 0.7126
77/98 [======================>.......] - ETA: 0s - loss: 0.8296 - accuracy: 0.7129
80/98 [=======================>......] - ETA: 0s - loss: 0.8304 - accuracy: 0.7127
83/98 [========================>.....] - ETA: 0s - loss: 0.8308 - accuracy: 0.7120
86/98 [=========================>....] - ETA: 0s - loss: 0.8305 - accuracy: 0.7121
89/98 [==========================>...] - ETA: 0s - loss: 0.8295 - accuracy: 0.7118
92/98 [===========================>..] - ETA: 0s - loss: 0.8298 - accuracy: 0.7117
95/98 [============================>.] - ETA: 0s - loss: 0.8292 - accuracy: 0.7119
98/98 [==============================] - ETA: 0s - loss: 0.8291 - accuracy: 0.7118
98/98 [==============================] - 3s 34ms/step - loss: 0.8291 - accuracy: 0.7118 - val_loss: 1.7242 - val_accuracy: 0.5834
Epoch 5/31

 1/98 [..............................] - ETA: 4s - loss: 0.7679 - accuracy: 0.7227
 3/98 [..............................] - ETA: 2s - loss: 0.7438 - accuracy: 0.7467
 5/98 [>.............................] - ETA: 2s - loss: 0.7330 - accuracy: 0.7469
 7/98 [=>............................] - ETA: 2s - loss: 0.7418 - accuracy: 0.7416
 9/98 [=>............................] - ETA: 2s - loss: 0.7512 - accuracy: 0.7368
11/98 [==>...........................] - ETA: 2s - loss: 0.7471 - accuracy: 0.7383
13/98 [==>...........................] - ETA: 2s - loss: 0.7539 - accuracy: 0.7366
15/98 [===>..........................] - ETA: 2s - loss: 0.7536 - accuracy: 0.7358
17/98 [====>.........................] - ETA: 2s - loss: 0.7559 - accuracy: 0.7351
19/98 [====>.........................] - ETA: 2s - loss: 0.7548 - accuracy: 0.7353
21/98 [=====>........................] - ETA: 2s - loss: 0.7596 - accuracy: 0.7339
23/98 [======>.......................] - ETA: 2s - loss: 0.7565 - accuracy: 0.7351
25/98 [======>.......................] - ETA: 2s - loss: 0.7572 - accuracy: 0.7348
28/98 [=======>......................] - ETA: 2s - loss: 0.7533 - accuracy: 0.7360
31/98 [========>.....................] - ETA: 2s - loss: 0.7534 - accuracy: 0.7360
34/98 [=========>....................] - ETA: 1s - loss: 0.7501 - accuracy: 0.7367
37/98 [==========>...................] - ETA: 1s - loss: 0.7520 - accuracy: 0.7363
40/98 [===========>..................] - ETA: 1s - loss: 0.7500 - accuracy: 0.7369
43/98 [============>.................] - ETA: 1s - loss: 0.7496 - accuracy: 0.7372
46/98 [=============>................] - ETA: 1s - loss: 0.7497 - accuracy: 0.7376
49/98 [==============>...............] - ETA: 1s - loss: 0.7539 - accuracy: 0.7359
52/98 [==============>...............] - ETA: 1s - loss: 0.7569 - accuracy: 0.7346
55/98 [===============>..............] - ETA: 1s - loss: 0.7588 - accuracy: 0.7336
58/98 [================>.............] - ETA: 1s - loss: 0.7581 - accuracy: 0.7336
61/98 [=================>............] - ETA: 0s - loss: 0.7577 - accuracy: 0.7338
64/98 [==================>...........] - ETA: 0s - loss: 0.7579 - accuracy: 0.7342
68/98 [===================>..........] - ETA: 0s - loss: 0.7606 - accuracy: 0.7331
71/98 [====================>.........] - ETA: 0s - loss: 0.7629 - accuracy: 0.7323
75/98 [=====================>........] - ETA: 0s - loss: 0.7643 - accuracy: 0.7321
77/98 [======================>.......] - ETA: 0s - loss: 0.7650 - accuracy: 0.7316
79/98 [=======================>......] - ETA: 0s - loss: 0.7640 - accuracy: 0.7321
81/98 [=======================>......] - ETA: 0s - loss: 0.7638 - accuracy: 0.7324
83/98 [========================>.....] - ETA: 0s - loss: 0.7641 - accuracy: 0.7325
85/98 [=========================>....] - ETA: 0s - loss: 0.7639 - accuracy: 0.7325
87/98 [=========================>....] - ETA: 0s - loss: 0.7637 - accuracy: 0.7327
89/98 [==========================>...] - ETA: 0s - loss: 0.7637 - accuracy: 0.7326
91/98 [==========================>...] - ETA: 0s - loss: 0.7643 - accuracy: 0.7326
93/98 [===========================>..] - ETA: 0s - loss: 0.7641 - accuracy: 0.7323
95/98 [============================>.] - ETA: 0s - loss: 0.7642 - accuracy: 0.7321
97/98 [============================>.] - ETA: 0s - loss: 0.7645 - accuracy: 0.7321
98/98 [==============================] - 3s 34ms/step - loss: 0.7647 - accuracy: 0.7320 - val_loss: 1.2427 - val_accuracy: 0.6064
Epoch 6/31

 1/98 [..............................] - ETA: 3s - loss: 0.7420 - accuracy: 0.7321
 4/98 [>.............................] - ETA: 1s - loss: 0.7029 - accuracy: 0.7569
 7/98 [=>............................] - ETA: 1s - loss: 0.7033 - accuracy: 0.7559
10/98 [==>...........................] - ETA: 1s - loss: 0.7151 - accuracy: 0.7510
13/98 [==>...........................] - ETA: 1s - loss: 0.7145 - accuracy: 0.7520
16/98 [===>..........................] - ETA: 1s - loss: 0.7141 - accuracy: 0.7536
19/98 [====>.........................] - ETA: 1s - loss: 0.7071 - accuracy: 0.7553
22/98 [=====>........................] - ETA: 1s - loss: 0.7008 - accuracy: 0.7569
25/98 [======>.......................] - ETA: 1s - loss: 0.6941 - accuracy: 0.7593
29/98 [=======>......................] - ETA: 1s - loss: 0.6942 - accuracy: 0.7592
31/98 [========>.....................] - ETA: 1s - loss: 0.6941 - accuracy: 0.7591
33/98 [=========>....................] - ETA: 1s - loss: 0.6938 - accuracy: 0.7589
35/98 [=========>....................] - ETA: 1s - loss: 0.6945 - accuracy: 0.7589
37/98 [==========>...................] - ETA: 1s - loss: 0.6950 - accuracy: 0.7587
39/98 [==========>...................] - ETA: 1s - loss: 0.6955 - accuracy: 0.7576
41/98 [===========>..................] - ETA: 1s - loss: 0.6945 - accuracy: 0.7586
43/98 [============>.................] - ETA: 1s - loss: 0.6941 - accuracy: 0.7584
45/98 [============>.................] - ETA: 1s - loss: 0.6945 - accuracy: 0.7577
47/98 [=============>................] - ETA: 1s - loss: 0.6948 - accuracy: 0.7575
49/98 [==============>...............] - ETA: 1s - loss: 0.6979 - accuracy: 0.7569
51/98 [==============>...............] - ETA: 1s - loss: 0.7006 - accuracy: 0.7558
53/98 [===============>..............] - ETA: 1s - loss: 0.7000 - accuracy: 0.7559
55/98 [===============>..............] - ETA: 1s - loss: 0.7015 - accuracy: 0.7551
57/98 [================>.............] - ETA: 1s - loss: 0.7007 - accuracy: 0.7554
59/98 [=================>............] - ETA: 1s - loss: 0.7005 - accuracy: 0.7555
61/98 [=================>............] - ETA: 1s - loss: 0.7010 - accuracy: 0.7556
63/98 [==================>...........] - ETA: 0s - loss: 0.6999 - accuracy: 0.7559
65/98 [==================>...........] - ETA: 0s - loss: 0.7006 - accuracy: 0.7559
67/98 [===================>..........] - ETA: 0s - loss: 0.7008 - accuracy: 0.7557
69/98 [====================>.........] - ETA: 0s - loss: 0.7007 - accuracy: 0.7556
71/98 [====================>.........] - ETA: 0s - loss: 0.7019 - accuracy: 0.7551
73/98 [=====================>........] - ETA: 0s - loss: 0.7051 - accuracy: 0.7539
75/98 [=====================>........] - ETA: 0s - loss: 0.7056 - accuracy: 0.7537
77/98 [======================>.......] - ETA: 0s - loss: 0.7064 - accuracy: 0.7535
81/98 [=======================>......] - ETA: 0s - loss: 0.7054 - accuracy: 0.7541
84/98 [========================>.....] - ETA: 0s - loss: 0.7063 - accuracy: 0.7536
87/98 [=========================>....] - ETA: 0s - loss: 0.7076 - accuracy: 0.7529
90/98 [==========================>...] - ETA: 0s - loss: 0.7081 - accuracy: 0.7524
93/98 [===========================>..] - ETA: 0s - loss: 0.7068 - accuracy: 0.7528
96/98 [============================>.] - ETA: 0s - loss: 0.7076 - accuracy: 0.7528
98/98 [==============================] - 3s 34ms/step - loss: 0.7085 - accuracy: 0.7527 - val_loss: 1.0084 - val_accuracy: 0.6717
Epoch 7/31

 1/98 [..............................] - ETA: 4s - loss: 0.6122 - accuracy: 0.7930
 3/98 [..............................] - ETA: 3s - loss: 0.6445 - accuracy: 0.7747
 5/98 [>.............................] - ETA: 3s - loss: 0.6357 - accuracy: 0.7785
 7/98 [=>............................] - ETA: 3s - loss: 0.6352 - accuracy: 0.7757
 9/98 [=>............................] - ETA: 2s - loss: 0.6305 - accuracy: 0.7797
11/98 [==>...........................] - ETA: 2s - loss: 0.6286 - accuracy: 0.7807
13/98 [==>...........................] - ETA: 2s - loss: 0.6313 - accuracy: 0.7794
15/98 [===>..........................] - ETA: 2s - loss: 0.6385 - accuracy: 0.7780
17/98 [====>.........................] - ETA: 2s - loss: 0.6440 - accuracy: 0.7763
19/98 [====>.........................] - ETA: 2s - loss: 0.6445 - accuracy: 0.7767
21/98 [=====>........................] - ETA: 2s - loss: 0.6430 - accuracy: 0.7776
23/98 [======>.......................] - ETA: 2s - loss: 0.6428 - accuracy: 0.7778
25/98 [======>.......................] - ETA: 2s - loss: 0.6475 - accuracy: 0.7759
27/98 [=======>......................] - ETA: 2s - loss: 0.6482 - accuracy: 0.7749
29/98 [=======>......................] - ETA: 2s - loss: 0.6513 - accuracy: 0.7738
32/98 [========>.....................] - ETA: 2s - loss: 0.6556 - accuracy: 0.7720
35/98 [=========>....................] - ETA: 1s - loss: 0.6568 - accuracy: 0.7719
38/98 [==========>...................] - ETA: 1s - loss: 0.6537 - accuracy: 0.7725
41/98 [===========>..................] - ETA: 1s - loss: 0.6562 - accuracy: 0.7714
44/98 [============>.................] - ETA: 1s - loss: 0.6548 - accuracy: 0.7727
47/98 [=============>................] - ETA: 1s - loss: 0.6545 - accuracy: 0.7725
51/98 [==============>...............] - ETA: 1s - loss: 0.6573 - accuracy: 0.7720
54/98 [===============>..............] - ETA: 1s - loss: 0.6558 - accuracy: 0.7724
57/98 [================>.............] - ETA: 1s - loss: 0.6561 - accuracy: 0.7725
60/98 [=================>............] - ETA: 1s - loss: 0.6566 - accuracy: 0.7726
63/98 [==================>...........] - ETA: 0s - loss: 0.6565 - accuracy: 0.7725
66/98 [===================>..........] - ETA: 0s - loss: 0.6588 - accuracy: 0.7717
69/98 [====================>.........] - ETA: 0s - loss: 0.6582 - accuracy: 0.7714
72/98 [=====================>........] - ETA: 0s - loss: 0.6585 - accuracy: 0.7713
76/98 [======================>.......] - ETA: 0s - loss: 0.6585 - accuracy: 0.7713
78/98 [======================>.......] - ETA: 0s - loss: 0.6595 - accuracy: 0.7713
80/98 [=======================>......] - ETA: 0s - loss: 0.6593 - accuracy: 0.7712
83/98 [========================>.....] - ETA: 0s - loss: 0.6589 - accuracy: 0.7714
85/98 [=========================>....] - ETA: 0s - loss: 0.6602 - accuracy: 0.7711
87/98 [=========================>....] - ETA: 0s - loss: 0.6622 - accuracy: 0.7704
89/98 [==========================>...] - ETA: 0s - loss: 0.6630 - accuracy: 0.7699
91/98 [==========================>...] - ETA: 0s - loss: 0.6639 - accuracy: 0.7695
93/98 [===========================>..] - ETA: 0s - loss: 0.6648 - accuracy: 0.7694
95/98 [============================>.] - ETA: 0s - loss: 0.6650 - accuracy: 0.7690
97/98 [============================>.] - ETA: 0s - loss: 0.6659 - accuracy: 0.7684
98/98 [==============================] - 3s 34ms/step - loss: 0.6661 - accuracy: 0.7681 - val_loss: 0.8831 - val_accuracy: 0.6966
Epoch 8/31

 1/98 [..............................] - ETA: 3s - loss: 0.5699 - accuracy: 0.7812
 4/98 [>.............................] - ETA: 1s - loss: 0.6024 - accuracy: 0.7773
 7/98 [=>............................] - ETA: 1s - loss: 0.5928 - accuracy: 0.7882
10/98 [==>...........................] - ETA: 1s - loss: 0.5875 - accuracy: 0.7939
13/98 [==>...........................] - ETA: 1s - loss: 0.5884 - accuracy: 0.7916
16/98 [===>..........................] - ETA: 1s - loss: 0.5884 - accuracy: 0.7917
19/98 [====>.........................] - ETA: 1s - loss: 0.5905 - accuracy: 0.7899
22/98 [=====>........................] - ETA: 1s - loss: 0.5908 - accuracy: 0.7909
25/98 [======>.......................] - ETA: 1s - loss: 0.5974 - accuracy: 0.7895
28/98 [=======>......................] - ETA: 1s - loss: 0.6011 - accuracy: 0.7892
30/98 [========>.....................] - ETA: 1s - loss: 0.6003 - accuracy: 0.7903
32/98 [========>.....................] - ETA: 1s - loss: 0.6030 - accuracy: 0.7895
34/98 [=========>....................] - ETA: 1s - loss: 0.6050 - accuracy: 0.7892
36/98 [==========>...................] - ETA: 1s - loss: 0.6077 - accuracy: 0.7881
38/98 [==========>...................] - ETA: 1s - loss: 0.6076 - accuracy: 0.7878
40/98 [===========>..................] - ETA: 1s - loss: 0.6083 - accuracy: 0.7881
42/98 [===========>..................] - ETA: 1s - loss: 0.6123 - accuracy: 0.7873
44/98 [============>.................] - ETA: 1s - loss: 0.6122 - accuracy: 0.7870
46/98 [=============>................] - ETA: 1s - loss: 0.6131 - accuracy: 0.7869
48/98 [=============>................] - ETA: 1s - loss: 0.6124 - accuracy: 0.7874
50/98 [==============>...............] - ETA: 1s - loss: 0.6125 - accuracy: 0.7873
52/98 [==============>...............] - ETA: 1s - loss: 0.6124 - accuracy: 0.7876
54/98 [===============>..............] - ETA: 1s - loss: 0.6131 - accuracy: 0.7870
55/98 [===============>..............] - ETA: 1s - loss: 0.6144 - accuracy: 0.7864
57/98 [================>.............] - ETA: 1s - loss: 0.6156 - accuracy: 0.7861
59/98 [=================>............] - ETA: 1s - loss: 0.6180 - accuracy: 0.7850
61/98 [=================>............] - ETA: 1s - loss: 0.6171 - accuracy: 0.7855
63/98 [==================>...........] - ETA: 0s - loss: 0.6148 - accuracy: 0.7862
65/98 [==================>...........] - ETA: 0s - loss: 0.6159 - accuracy: 0.7858
67/98 [===================>..........] - ETA: 0s - loss: 0.6158 - accuracy: 0.7857
69/98 [====================>.........] - ETA: 0s - loss: 0.6164 - accuracy: 0.7856
71/98 [====================>.........] - ETA: 0s - loss: 0.6156 - accuracy: 0.7858
73/98 [=====================>........] - ETA: 0s - loss: 0.6165 - accuracy: 0.7855
76/98 [======================>.......] - ETA: 0s - loss: 0.6162 - accuracy: 0.7855
79/98 [=======================>......] - ETA: 0s - loss: 0.6168 - accuracy: 0.7852
82/98 [========================>.....] - ETA: 0s - loss: 0.6180 - accuracy: 0.7844
85/98 [=========================>....] - ETA: 0s - loss: 0.6217 - accuracy: 0.7832
88/98 [=========================>....] - ETA: 0s - loss: 0.6236 - accuracy: 0.7827
91/98 [==========================>...] - ETA: 0s - loss: 0.6253 - accuracy: 0.7816
94/98 [===========================>..] - ETA: 0s - loss: 0.6254 - accuracy: 0.7818
97/98 [============================>.] - ETA: 0s - loss: 0.6258 - accuracy: 0.7814
98/98 [==============================] - 3s 34ms/step - loss: 0.6253 - accuracy: 0.7815 - val_loss: 1.1358 - val_accuracy: 0.6252
Epoch 9/31

 1/98 [..............................] - ETA: 4s - loss: 0.5646 - accuracy: 0.7969
 3/98 [..............................] - ETA: 3s - loss: 0.5818 - accuracy: 0.8027
 5/98 [>.............................] - ETA: 3s - loss: 0.5733 - accuracy: 0.8098
 7/98 [=>............................] - ETA: 3s - loss: 0.5649 - accuracy: 0.8092
 9/98 [=>............................] - ETA: 3s - loss: 0.5828 - accuracy: 0.8014
11/98 [==>...........................] - ETA: 2s - loss: 0.5798 - accuracy: 0.8010
13/98 [==>...........................] - ETA: 2s - loss: 0.5844 - accuracy: 0.7994
15/98 [===>..........................] - ETA: 2s - loss: 0.5770 - accuracy: 0.8017
17/98 [====>.........................] - ETA: 2s - loss: 0.5760 - accuracy: 0.8007
19/98 [====>.........................] - ETA: 2s - loss: 0.5786 - accuracy: 0.7978
21/98 [=====>........................] - ETA: 2s - loss: 0.5750 - accuracy: 0.7985
23/98 [======>.......................] - ETA: 2s - loss: 0.5783 - accuracy: 0.7974
25/98 [======>.......................] - ETA: 2s - loss: 0.5777 - accuracy: 0.7982
27/98 [=======>......................] - ETA: 2s - loss: 0.5793 - accuracy: 0.7967
30/98 [========>.....................] - ETA: 2s - loss: 0.5853 - accuracy: 0.7940
33/98 [=========>....................] - ETA: 2s - loss: 0.5839 - accuracy: 0.7953
36/98 [==========>...................] - ETA: 1s - loss: 0.5856 - accuracy: 0.7949
40/98 [===========>..................] - ETA: 1s - loss: 0.5878 - accuracy: 0.7947
43/98 [============>.................] - ETA: 1s - loss: 0.5878 - accuracy: 0.7951
46/98 [=============>................] - ETA: 1s - loss: 0.5860 - accuracy: 0.7952
49/98 [==============>...............] - ETA: 1s - loss: 0.5826 - accuracy: 0.7964
52/98 [==============>...............] - ETA: 1s - loss: 0.5846 - accuracy: 0.7963
55/98 [===============>..............] - ETA: 1s - loss: 0.5854 - accuracy: 0.7966
58/98 [================>.............] - ETA: 1s - loss: 0.5858 - accuracy: 0.7964
61/98 [=================>............] - ETA: 0s - loss: 0.5855 - accuracy: 0.7971
64/98 [==================>...........] - ETA: 0s - loss: 0.5861 - accuracy: 0.7971
67/98 [===================>..........] - ETA: 0s - loss: 0.5863 - accuracy: 0.7964
70/98 [====================>.........] - ETA: 0s - loss: 0.5863 - accuracy: 0.7963
74/98 [=====================>........] - ETA: 0s - loss: 0.5862 - accuracy: 0.7960
76/98 [======================>.......] - ETA: 0s - loss: 0.5872 - accuracy: 0.7956
78/98 [======================>.......] - ETA: 0s - loss: 0.5880 - accuracy: 0.7951
81/98 [=======================>......] - ETA: 0s - loss: 0.5875 - accuracy: 0.7953
83/98 [========================>.....] - ETA: 0s - loss: 0.5874 - accuracy: 0.7953
85/98 [=========================>....] - ETA: 0s - loss: 0.5882 - accuracy: 0.7946
87/98 [=========================>....] - ETA: 0s - loss: 0.5894 - accuracy: 0.7945
89/98 [==========================>...] - ETA: 0s - loss: 0.5914 - accuracy: 0.7938
91/98 [==========================>...] - ETA: 0s - loss: 0.5917 - accuracy: 0.7937
93/98 [===========================>..] - ETA: 0s - loss: 0.5930 - accuracy: 0.7930
95/98 [============================>.] - ETA: 0s - loss: 0.5930 - accuracy: 0.7930
97/98 [============================>.] - ETA: 0s - loss: 0.5926 - accuracy: 0.7927
98/98 [==============================] - 3s 35ms/step - loss: 0.5926 - accuracy: 0.7926 - val_loss: 0.8856 - val_accuracy: 0.7001
Epoch 10/31

 1/98 [..............................] - ETA: 3s - loss: 0.3976 - accuracy: 0.8887
 4/98 [>.............................] - ETA: 1s - loss: 0.5006 - accuracy: 0.8403
 7/98 [=>............................] - ETA: 1s - loss: 0.4992 - accuracy: 0.8362
10/98 [==>...........................] - ETA: 1s - loss: 0.5103 - accuracy: 0.8291
13/98 [==>...........................] - ETA: 1s - loss: 0.5117 - accuracy: 0.8275
17/98 [====>.........................] - ETA: 1s - loss: 0.5231 - accuracy: 0.8238
20/98 [=====>........................] - ETA: 1s - loss: 0.5250 - accuracy: 0.8214
23/98 [======>.......................] - ETA: 1s - loss: 0.5240 - accuracy: 0.8216
26/98 [======>.......................] - ETA: 1s - loss: 0.5274 - accuracy: 0.8206
29/98 [=======>......................] - ETA: 1s - loss: 0.5259 - accuracy: 0.8207
31/98 [========>.....................] - ETA: 1s - loss: 0.5284 - accuracy: 0.8201
33/98 [=========>....................] - ETA: 1s - loss: 0.5319 - accuracy: 0.8188
35/98 [=========>....................] - ETA: 1s - loss: 0.5318 - accuracy: 0.8186
37/98 [==========>...................] - ETA: 1s - loss: 0.5323 - accuracy: 0.8176
39/98 [==========>...................] - ETA: 1s - loss: 0.5361 - accuracy: 0.8165
41/98 [===========>..................] - ETA: 1s - loss: 0.5374 - accuracy: 0.8154
43/98 [============>.................] - ETA: 1s - loss: 0.5386 - accuracy: 0.8155
45/98 [============>.................] - ETA: 1s - loss: 0.5418 - accuracy: 0.8147
47/98 [=============>................] - ETA: 1s - loss: 0.5424 - accuracy: 0.8140
49/98 [==============>...............] - ETA: 1s - loss: 0.5435 - accuracy: 0.8132
51/98 [==============>...............] - ETA: 1s - loss: 0.5450 - accuracy: 0.8125
53/98 [===============>..............] - ETA: 1s - loss: 0.5463 - accuracy: 0.8123
55/98 [===============>..............] - ETA: 1s - loss: 0.5451 - accuracy: 0.8126
57/98 [================>.............] - ETA: 1s - loss: 0.5457 - accuracy: 0.8124
59/98 [=================>............] - ETA: 1s - loss: 0.5476 - accuracy: 0.8118
61/98 [=================>............] - ETA: 0s - loss: 0.5471 - accuracy: 0.8117
63/98 [==================>...........] - ETA: 0s - loss: 0.5488 - accuracy: 0.8105
65/98 [==================>...........] - ETA: 0s - loss: 0.5494 - accuracy: 0.8107
67/98 [===================>..........] - ETA: 0s - loss: 0.5499 - accuracy: 0.8107
69/98 [====================>.........] - ETA: 0s - loss: 0.5502 - accuracy: 0.8100
71/98 [====================>.........] - ETA: 0s - loss: 0.5523 - accuracy: 0.8093
73/98 [=====================>........] - ETA: 0s - loss: 0.5539 - accuracy: 0.8089
75/98 [=====================>........] - ETA: 0s - loss: 0.5548 - accuracy: 0.8085
77/98 [======================>.......] - ETA: 0s - loss: 0.5558 - accuracy: 0.8081
81/98 [=======================>......] - ETA: 0s - loss: 0.5591 - accuracy: 0.8068
84/98 [========================>.....] - ETA: 0s - loss: 0.5584 - accuracy: 0.8070
87/98 [=========================>....] - ETA: 0s - loss: 0.5596 - accuracy: 0.8068
91/98 [==========================>...] - ETA: 0s - loss: 0.5601 - accuracy: 0.8065
94/98 [===========================>..] - ETA: 0s - loss: 0.5599 - accuracy: 0.8062
97/98 [============================>.] - ETA: 0s - loss: 0.5609 - accuracy: 0.8058
98/98 [==============================] - 3s 34ms/step - loss: 0.5610 - accuracy: 0.8057 - val_loss: 0.8582 - val_accuracy: 0.7161
Epoch 11/31

 1/98 [..............................] - ETA: 4s - loss: 0.4869 - accuracy: 0.8281
 3/98 [..............................] - ETA: 2s - loss: 0.5043 - accuracy: 0.8138
 5/98 [>.............................] - ETA: 3s - loss: 0.5131 - accuracy: 0.8117
 7/98 [=>............................] - ETA: 3s - loss: 0.5119 - accuracy: 0.8119
 9/98 [=>............................] - ETA: 2s - loss: 0.5075 - accuracy: 0.8175
11/98 [==>...........................] - ETA: 2s - loss: 0.5063 - accuracy: 0.8182
13/98 [==>...........................] - ETA: 2s - loss: 0.5079 - accuracy: 0.8170
15/98 [===>..........................] - ETA: 2s - loss: 0.5114 - accuracy: 0.8177
17/98 [====>.........................] - ETA: 2s - loss: 0.5093 - accuracy: 0.8173
19/98 [====>.........................] - ETA: 2s - loss: 0.5138 - accuracy: 0.8152
21/98 [=====>........................] - ETA: 2s - loss: 0.5128 - accuracy: 0.8157
23/98 [======>.......................] - ETA: 2s - loss: 0.5124 - accuracy: 0.8163
25/98 [======>.......................] - ETA: 2s - loss: 0.5166 - accuracy: 0.8145
27/98 [=======>......................] - ETA: 2s - loss: 0.5196 - accuracy: 0.8129
29/98 [=======>......................] - ETA: 2s - loss: 0.5186 - accuracy: 0.8140
32/98 [========>.....................] - ETA: 2s - loss: 0.5204 - accuracy: 0.8138
35/98 [=========>....................] - ETA: 1s - loss: 0.5237 - accuracy: 0.8122
38/98 [==========>...................] - ETA: 1s - loss: 0.5241 - accuracy: 0.8125
42/98 [===========>..................] - ETA: 1s - loss: 0.5226 - accuracy: 0.8137
45/98 [============>.................] - ETA: 1s - loss: 0.5233 - accuracy: 0.8138
48/98 [=============>................] - ETA: 1s - loss: 0.5237 - accuracy: 0.8141
51/98 [==============>...............] - ETA: 1s - loss: 0.5285 - accuracy: 0.8130
54/98 [===============>..............] - ETA: 1s - loss: 0.5287 - accuracy: 0.8130
57/98 [================>.............] - ETA: 1s - loss: 0.5286 - accuracy: 0.8127
60/98 [=================>............] - ETA: 0s - loss: 0.5297 - accuracy: 0.8128
63/98 [==================>...........] - ETA: 0s - loss: 0.5305 - accuracy: 0.8125
66/98 [===================>..........] - ETA: 0s - loss: 0.5293 - accuracy: 0.8133
69/98 [====================>.........] - ETA: 0s - loss: 0.5293 - accuracy: 0.8134
72/98 [=====================>........] - ETA: 0s - loss: 0.5307 - accuracy: 0.8128
75/98 [=====================>........] - ETA: 0s - loss: 0.5300 - accuracy: 0.8135
78/98 [======================>.......] - ETA: 0s - loss: 0.5308 - accuracy: 0.8134
80/98 [=======================>......] - ETA: 0s - loss: 0.5307 - accuracy: 0.8135
82/98 [========================>.....] - ETA: 0s - loss: 0.5322 - accuracy: 0.8130
84/98 [========================>.....] - ETA: 0s - loss: 0.5328 - accuracy: 0.8129
86/98 [=========================>....] - ETA: 0s - loss: 0.5334 - accuracy: 0.8125
88/98 [=========================>....] - ETA: 0s - loss: 0.5329 - accuracy: 0.8130
90/98 [==========================>...] - ETA: 0s - loss: 0.5343 - accuracy: 0.8128
92/98 [===========================>..] - ETA: 0s - loss: 0.5355 - accuracy: 0.8125
94/98 [===========================>..] - ETA: 0s - loss: 0.5358 - accuracy: 0.8124
96/98 [============================>.] - ETA: 0s - loss: 0.5352 - accuracy: 0.8127
98/98 [==============================] - ETA: 0s - loss: 0.5366 - accuracy: 0.8119
98/98 [==============================] - 3s 35ms/step - loss: 0.5366 - accuracy: 0.8119 - val_loss: 0.8636 - val_accuracy: 0.7134
Epoch 12/31

 1/98 [..............................] - ETA: 3s - loss: 0.4891 - accuracy: 0.8203
 4/98 [>.............................] - ETA: 2s - loss: 0.4715 - accuracy: 0.8394
 7/98 [=>............................] - ETA: 2s - loss: 0.4720 - accuracy: 0.8340
10/98 [==>...........................] - ETA: 1s - loss: 0.4883 - accuracy: 0.8277
13/98 [==>...........................] - ETA: 1s - loss: 0.4889 - accuracy: 0.8277
16/98 [===>..........................] - ETA: 1s - loss: 0.4802 - accuracy: 0.8315
20/98 [=====>........................] - ETA: 1s - loss: 0.4890 - accuracy: 0.8288
23/98 [======>.......................] - ETA: 1s - loss: 0.4863 - accuracy: 0.8297
27/98 [=======>......................] - ETA: 1s - loss: 0.4831 - accuracy: 0.8320
29/98 [=======>......................] - ETA: 1s - loss: 0.4848 - accuracy: 0.8315
31/98 [========>.....................] - ETA: 1s - loss: 0.4843 - accuracy: 0.8313
33/98 [=========>....................] - ETA: 1s - loss: 0.4866 - accuracy: 0.8304
35/98 [=========>....................] - ETA: 1s - loss: 0.4864 - accuracy: 0.8308
37/98 [==========>...................] - ETA: 1s - loss: 0.4892 - accuracy: 0.8299
39/98 [==========>...................] - ETA: 1s - loss: 0.4882 - accuracy: 0.8304
41/98 [===========>..................] - ETA: 1s - loss: 0.4879 - accuracy: 0.8301
43/98 [============>.................] - ETA: 1s - loss: 0.4902 - accuracy: 0.8299
45/98 [============>.................] - ETA: 1s - loss: 0.4916 - accuracy: 0.8294
47/98 [=============>................] - ETA: 1s - loss: 0.4909 - accuracy: 0.8300
49/98 [==============>...............] - ETA: 1s - loss: 0.4913 - accuracy: 0.8298
51/98 [==============>...............] - ETA: 1s - loss: 0.4930 - accuracy: 0.8293
53/98 [===============>..............] - ETA: 1s - loss: 0.4957 - accuracy: 0.8287
55/98 [===============>..............] - ETA: 1s - loss: 0.4967 - accuracy: 0.8287
57/98 [================>.............] - ETA: 1s - loss: 0.4974 - accuracy: 0.8284
59/98 [=================>............] - ETA: 1s - loss: 0.4975 - accuracy: 0.8281
61/98 [=================>............] - ETA: 1s - loss: 0.4978 - accuracy: 0.8278
63/98 [==================>...........] - ETA: 0s - loss: 0.4973 - accuracy: 0.8281
65/98 [==================>...........] - ETA: 0s - loss: 0.4975 - accuracy: 0.8281
67/98 [===================>..........] - ETA: 0s - loss: 0.4992 - accuracy: 0.8274
69/98 [====================>.........] - ETA: 0s - loss: 0.4999 - accuracy: 0.8271
71/98 [====================>.........] - ETA: 0s - loss: 0.5002 - accuracy: 0.8270
73/98 [=====================>........] - ETA: 0s - loss: 0.5013 - accuracy: 0.8268
75/98 [=====================>........] - ETA: 0s - loss: 0.5015 - accuracy: 0.8263
78/98 [======================>.......] - ETA: 0s - loss: 0.5019 - accuracy: 0.8260
81/98 [=======================>......] - ETA: 0s - loss: 0.5041 - accuracy: 0.8251
84/98 [========================>.....] - ETA: 0s - loss: 0.5064 - accuracy: 0.8244
87/98 [=========================>....] - ETA: 0s - loss: 0.5052 - accuracy: 0.8250
90/98 [==========================>...] - ETA: 0s - loss: 0.5058 - accuracy: 0.8245
93/98 [===========================>..] - ETA: 0s - loss: 0.5067 - accuracy: 0.8243
96/98 [============================>.] - ETA: 0s - loss: 0.5087 - accuracy: 0.8233
98/98 [==============================] - 3s 34ms/step - loss: 0.5092 - accuracy: 0.8230 - val_loss: 0.8079 - val_accuracy: 0.7304
Epoch 13/31

 1/98 [..............................] - ETA: 4s - loss: 0.4823 - accuracy: 0.8203
 3/98 [..............................] - ETA: 2s - loss: 0.4398 - accuracy: 0.8490
 5/98 [>.............................] - ETA: 3s - loss: 0.4521 - accuracy: 0.8438
 8/98 [=>............................] - ETA: 2s - loss: 0.4580 - accuracy: 0.8421
10/98 [==>...........................] - ETA: 2s - loss: 0.4542 - accuracy: 0.8418
12/98 [==>...........................] - ETA: 2s - loss: 0.4545 - accuracy: 0.8398
14/98 [===>..........................] - ETA: 2s - loss: 0.4508 - accuracy: 0.8405
16/98 [===>..........................] - ETA: 2s - loss: 0.4492 - accuracy: 0.8407
18/98 [====>.........................] - ETA: 2s - loss: 0.4506 - accuracy: 0.8410
20/98 [=====>........................] - ETA: 2s - loss: 0.4609 - accuracy: 0.8370
22/98 [=====>........................] - ETA: 2s - loss: 0.4576 - accuracy: 0.8380
24/98 [======>.......................] - ETA: 2s - loss: 0.4586 - accuracy: 0.8379
26/98 [======>.......................] - ETA: 2s - loss: 0.4589 - accuracy: 0.8391
28/98 [=======>......................] - ETA: 2s - loss: 0.4623 - accuracy: 0.8382
30/98 [========>.....................] - ETA: 2s - loss: 0.4654 - accuracy: 0.8373
33/98 [=========>....................] - ETA: 2s - loss: 0.4658 - accuracy: 0.8368
36/98 [==========>...................] - ETA: 1s - loss: 0.4680 - accuracy: 0.8360
40/98 [===========>..................] - ETA: 1s - loss: 0.4693 - accuracy: 0.8350
43/98 [============>.................] - ETA: 1s - loss: 0.4716 - accuracy: 0.8350
46/98 [=============>................] - ETA: 1s - loss: 0.4728 - accuracy: 0.8344
49/98 [==============>...............] - ETA: 1s - loss: 0.4738 - accuracy: 0.8343
53/98 [===============>..............] - ETA: 1s - loss: 0.4762 - accuracy: 0.8333
56/98 [================>.............] - ETA: 1s - loss: 0.4763 - accuracy: 0.8327
59/98 [=================>............] - ETA: 1s - loss: 0.4789 - accuracy: 0.8315
62/98 [=================>............] - ETA: 0s - loss: 0.4796 - accuracy: 0.8312
65/98 [==================>...........] - ETA: 0s - loss: 0.4788 - accuracy: 0.8311
68/98 [===================>..........] - ETA: 0s - loss: 0.4798 - accuracy: 0.8307
72/98 [=====================>........] - ETA: 0s - loss: 0.4811 - accuracy: 0.8301
75/98 [=====================>........] - ETA: 0s - loss: 0.4804 - accuracy: 0.8304
78/98 [======================>.......] - ETA: 0s - loss: 0.4820 - accuracy: 0.8299
80/98 [=======================>......] - ETA: 0s - loss: 0.4832 - accuracy: 0.8295
82/98 [========================>.....] - ETA: 0s - loss: 0.4831 - accuracy: 0.8291
84/98 [========================>.....] - ETA: 0s - loss: 0.4838 - accuracy: 0.8287
86/98 [=========================>....] - ETA: 0s - loss: 0.4860 - accuracy: 0.8278
88/98 [=========================>....] - ETA: 0s - loss: 0.4873 - accuracy: 0.8272
90/98 [==========================>...] - ETA: 0s - loss: 0.4889 - accuracy: 0.8265
92/98 [===========================>..] - ETA: 0s - loss: 0.4894 - accuracy: 0.8262
94/98 [===========================>..] - ETA: 0s - loss: 0.4912 - accuracy: 0.8257
96/98 [============================>.] - ETA: 0s - loss: 0.4922 - accuracy: 0.8256
98/98 [==============================] - ETA: 0s - loss: 0.4926 - accuracy: 0.8253
98/98 [==============================] - 3s 35ms/step - loss: 0.4926 - accuracy: 0.8253 - val_loss: 0.8704 - val_accuracy: 0.7166
Epoch 14/31

 1/98 [..............................] - ETA: 3s - loss: 0.4610 - accuracy: 0.8398
 4/98 [>.............................] - ETA: 2s - loss: 0.4342 - accuracy: 0.8467
 7/98 [=>............................] - ETA: 1s - loss: 0.4436 - accuracy: 0.8465
10/98 [==>...........................] - ETA: 1s - loss: 0.4437 - accuracy: 0.8508
13/98 [==>...........................] - ETA: 1s - loss: 0.4425 - accuracy: 0.8495
16/98 [===>..........................] - ETA: 1s - loss: 0.4425 - accuracy: 0.8481
19/98 [====>.........................] - ETA: 1s - loss: 0.4407 - accuracy: 0.8491
22/98 [=====>........................] - ETA: 1s - loss: 0.4377 - accuracy: 0.8494
25/98 [======>.......................] - ETA: 1s - loss: 0.4422 - accuracy: 0.8477
29/98 [=======>......................] - ETA: 1s - loss: 0.4443 - accuracy: 0.8462
31/98 [========>.....................] - ETA: 1s - loss: 0.4449 - accuracy: 0.8464
33/98 [=========>....................] - ETA: 1s - loss: 0.4447 - accuracy: 0.8458
35/98 [=========>....................] - ETA: 1s - loss: 0.4438 - accuracy: 0.8460
37/98 [==========>...................] - ETA: 1s - loss: 0.4444 - accuracy: 0.8454
39/98 [==========>...................] - ETA: 1s - loss: 0.4458 - accuracy: 0.8447
41/98 [===========>..................] - ETA: 1s - loss: 0.4475 - accuracy: 0.8444
43/98 [============>.................] - ETA: 1s - loss: 0.4476 - accuracy: 0.8440
45/98 [============>.................] - ETA: 1s - loss: 0.4485 - accuracy: 0.8435
47/98 [=============>................] - ETA: 1s - loss: 0.4515 - accuracy: 0.8419
49/98 [==============>...............] - ETA: 1s - loss: 0.4541 - accuracy: 0.8412
51/98 [==============>...............] - ETA: 1s - loss: 0.4553 - accuracy: 0.8408
53/98 [===============>..............] - ETA: 1s - loss: 0.4552 - accuracy: 0.8409
55/98 [===============>..............] - ETA: 1s - loss: 0.4561 - accuracy: 0.8404
57/98 [================>.............] - ETA: 1s - loss: 0.4571 - accuracy: 0.8403
59/98 [=================>............] - ETA: 1s - loss: 0.4572 - accuracy: 0.8398
61/98 [=================>............] - ETA: 1s - loss: 0.4562 - accuracy: 0.8403
63/98 [==================>...........] - ETA: 0s - loss: 0.4590 - accuracy: 0.8390
65/98 [==================>...........] - ETA: 0s - loss: 0.4598 - accuracy: 0.8392
67/98 [===================>..........] - ETA: 0s - loss: 0.4608 - accuracy: 0.8384
69/98 [====================>.........] - ETA: 0s - loss: 0.4620 - accuracy: 0.8380
71/98 [====================>.........] - ETA: 0s - loss: 0.4613 - accuracy: 0.8382
73/98 [=====================>........] - ETA: 0s - loss: 0.4618 - accuracy: 0.8382
75/98 [=====================>........] - ETA: 0s - loss: 0.4617 - accuracy: 0.8383
77/98 [======================>.......] - ETA: 0s - loss: 0.4619 - accuracy: 0.8380
80/98 [=======================>......] - ETA: 0s - loss: 0.4629 - accuracy: 0.8375
83/98 [========================>.....] - ETA: 0s - loss: 0.4620 - accuracy: 0.8376
86/98 [=========================>....] - ETA: 0s - loss: 0.4617 - accuracy: 0.8375
89/98 [==========================>...] - ETA: 0s - loss: 0.4623 - accuracy: 0.8373
92/98 [===========================>..] - ETA: 0s - loss: 0.4616 - accuracy: 0.8378
95/98 [============================>.] - ETA: 0s - loss: 0.4634 - accuracy: 0.8371
98/98 [==============================] - ETA: 0s - loss: 0.4652 - accuracy: 0.8365
98/98 [==============================] - 3s 33ms/step - loss: 0.4652 - accuracy: 0.8365 - val_loss: 0.8799 - val_accuracy: 0.7236
Epoch 15/31

 1/98 [..............................] - ETA: 4s - loss: 0.4222 - accuracy: 0.8672
 3/98 [..............................] - ETA: 3s - loss: 0.4185 - accuracy: 0.8659
 5/98 [>.............................] - ETA: 3s - loss: 0.4067 - accuracy: 0.8660
 7/98 [=>............................] - ETA: 3s - loss: 0.4198 - accuracy: 0.8571
 9/98 [=>............................] - ETA: 2s - loss: 0.4205 - accuracy: 0.8596
11/98 [==>...........................] - ETA: 2s - loss: 0.4237 - accuracy: 0.8578
13/98 [==>...........................] - ETA: 2s - loss: 0.4217 - accuracy: 0.8580
15/98 [===>..........................] - ETA: 2s - loss: 0.4183 - accuracy: 0.8579
17/98 [====>.........................] - ETA: 2s - loss: 0.4196 - accuracy: 0.8565
19/98 [====>.........................] - ETA: 2s - loss: 0.4210 - accuracy: 0.8551
21/98 [=====>........................] - ETA: 2s - loss: 0.4219 - accuracy: 0.8552
23/98 [======>.......................] - ETA: 2s - loss: 0.4215 - accuracy: 0.8552
25/98 [======>.......................] - ETA: 2s - loss: 0.4203 - accuracy: 0.8551
27/98 [=======>......................] - ETA: 2s - loss: 0.4195 - accuracy: 0.8555
29/98 [=======>......................] - ETA: 2s - loss: 0.4169 - accuracy: 0.8555
31/98 [========>.....................] - ETA: 2s - loss: 0.4190 - accuracy: 0.8546
33/98 [=========>....................] - ETA: 2s - loss: 0.4192 - accuracy: 0.8543
36/98 [==========>...................] - ETA: 1s - loss: 0.4206 - accuracy: 0.8534
40/98 [===========>..................] - ETA: 1s - loss: 0.4242 - accuracy: 0.8520
43/98 [============>.................] - ETA: 1s - loss: 0.4258 - accuracy: 0.8511
46/98 [=============>................] - ETA: 1s - loss: 0.4297 - accuracy: 0.8495
49/98 [==============>...............] - ETA: 1s - loss: 0.4294 - accuracy: 0.8492
52/98 [==============>...............] - ETA: 1s - loss: 0.4332 - accuracy: 0.8481
55/98 [===============>..............] - ETA: 1s - loss: 0.4334 - accuracy: 0.8482
58/98 [================>.............] - ETA: 1s - loss: 0.4371 - accuracy: 0.8471
61/98 [=================>............] - ETA: 1s - loss: 0.4382 - accuracy: 0.8461
64/98 [==================>...........] - ETA: 0s - loss: 0.4400 - accuracy: 0.8451
68/98 [===================>..........] - ETA: 0s - loss: 0.4403 - accuracy: 0.8454
71/98 [====================>.........] - ETA: 0s - loss: 0.4411 - accuracy: 0.8448
74/98 [=====================>........] - ETA: 0s - loss: 0.4423 - accuracy: 0.8446
77/98 [======================>.......] - ETA: 0s - loss: 0.4429 - accuracy: 0.8439
80/98 [=======================>......] - ETA: 0s - loss: 0.4459 - accuracy: 0.8425
83/98 [========================>.....] - ETA: 0s - loss: 0.4471 - accuracy: 0.8420
85/98 [=========================>....] - ETA: 0s - loss: 0.4468 - accuracy: 0.8423
87/98 [=========================>....] - ETA: 0s - loss: 0.4484 - accuracy: 0.8418
89/98 [==========================>...] - ETA: 0s - loss: 0.4481 - accuracy: 0.8422
91/98 [==========================>...] - ETA: 0s - loss: 0.4491 - accuracy: 0.8419
93/98 [===========================>..] - ETA: 0s - loss: 0.4493 - accuracy: 0.8419
95/98 [============================>.] - ETA: 0s - loss: 0.4495 - accuracy: 0.8420
97/98 [============================>.] - ETA: 0s - loss: 0.4500 - accuracy: 0.8418
98/98 [==============================] - 3s 35ms/step - loss: 0.4504 - accuracy: 0.8416 - val_loss: 1.0075 - val_accuracy: 0.6847
Epoch 16/31

 1/98 [..............................] - ETA: 3s - loss: 0.4257 - accuracy: 0.8574
 4/98 [>.............................] - ETA: 1s - loss: 0.4465 - accuracy: 0.8486
 7/98 [=>............................] - ETA: 1s - loss: 0.4309 - accuracy: 0.8518
10/98 [==>...........................] - ETA: 1s - loss: 0.4339 - accuracy: 0.8477
13/98 [==>...........................] - ETA: 1s - loss: 0.4259 - accuracy: 0.8508
16/98 [===>..........................] - ETA: 1s - loss: 0.4242 - accuracy: 0.8505
19/98 [====>.........................] - ETA: 1s - loss: 0.4202 - accuracy: 0.8522
22/98 [=====>........................] - ETA: 1s - loss: 0.4208 - accuracy: 0.8522
25/98 [======>.......................] - ETA: 1s - loss: 0.4210 - accuracy: 0.8523
28/98 [=======>......................] - ETA: 1s - loss: 0.4208 - accuracy: 0.8518
31/98 [========>.....................] - ETA: 1s - loss: 0.4225 - accuracy: 0.8507
35/98 [=========>....................] - ETA: 1s - loss: 0.4230 - accuracy: 0.8506
37/98 [==========>...................] - ETA: 1s - loss: 0.4231 - accuracy: 0.8509
39/98 [==========>...................] - ETA: 1s - loss: 0.4261 - accuracy: 0.8500
41/98 [===========>..................] - ETA: 1s - loss: 0.4248 - accuracy: 0.8499
43/98 [============>.................] - ETA: 1s - loss: 0.4266 - accuracy: 0.8496
45/98 [============>.................] - ETA: 1s - loss: 0.4246 - accuracy: 0.8499
47/98 [=============>................] - ETA: 1s - loss: 0.4256 - accuracy: 0.8497
49/98 [==============>...............] - ETA: 1s - loss: 0.4266 - accuracy: 0.8495
51/98 [==============>...............] - ETA: 1s - loss: 0.4282 - accuracy: 0.8496
53/98 [===============>..............] - ETA: 1s - loss: 0.4273 - accuracy: 0.8497
55/98 [===============>..............] - ETA: 1s - loss: 0.4269 - accuracy: 0.8496
57/98 [================>.............] - ETA: 1s - loss: 0.4258 - accuracy: 0.8504
59/98 [=================>............] - ETA: 0s - loss: 0.4259 - accuracy: 0.8504
61/98 [=================>............] - ETA: 0s - loss: 0.4261 - accuracy: 0.8503
63/98 [==================>...........] - ETA: 0s - loss: 0.4261 - accuracy: 0.8501
65/98 [==================>...........] - ETA: 0s - loss: 0.4250 - accuracy: 0.8505
68/98 [===================>..........] - ETA: 0s - loss: 0.4249 - accuracy: 0.8507
70/98 [====================>.........] - ETA: 0s - loss: 0.4250 - accuracy: 0.8501
72/98 [=====================>........] - ETA: 0s - loss: 0.4255 - accuracy: 0.8503
74/98 [=====================>........] - ETA: 0s - loss: 0.4261 - accuracy: 0.8502
76/98 [======================>.......] - ETA: 0s - loss: 0.4258 - accuracy: 0.8505
78/98 [======================>.......] - ETA: 0s - loss: 0.4253 - accuracy: 0.8508
80/98 [=======================>......] - ETA: 0s - loss: 0.4249 - accuracy: 0.8508
82/98 [========================>.....] - ETA: 0s - loss: 0.4249 - accuracy: 0.8508
85/98 [=========================>....] - ETA: 0s - loss: 0.4260 - accuracy: 0.8506
88/98 [=========================>....] - ETA: 0s - loss: 0.4256 - accuracy: 0.8512
91/98 [==========================>...] - ETA: 0s - loss: 0.4265 - accuracy: 0.8508
94/98 [===========================>..] - ETA: 0s - loss: 0.4293 - accuracy: 0.8498
97/98 [============================>.] - ETA: 0s - loss: 0.4297 - accuracy: 0.8493
98/98 [==============================] - 3s 33ms/step - loss: 0.4299 - accuracy: 0.8492 - val_loss: 0.8349 - val_accuracy: 0.7342
Epoch 17/31

 1/98 [..............................] - ETA: 4s - loss: 0.3607 - accuracy: 0.8750
 3/98 [..............................] - ETA: 2s - loss: 0.4113 - accuracy: 0.8431
 5/98 [>.............................] - ETA: 2s - loss: 0.4027 - accuracy: 0.8547
 7/98 [=>............................] - ETA: 3s - loss: 0.3900 - accuracy: 0.8610
 9/98 [=>............................] - ETA: 2s - loss: 0.3935 - accuracy: 0.8624
11/98 [==>...........................] - ETA: 2s - loss: 0.3919 - accuracy: 0.8652
13/98 [==>...........................] - ETA: 2s - loss: 0.3918 - accuracy: 0.8646
15/98 [===>..........................] - ETA: 2s - loss: 0.3953 - accuracy: 0.8628
17/98 [====>.........................] - ETA: 2s - loss: 0.3943 - accuracy: 0.8628
19/98 [====>.........................] - ETA: 2s - loss: 0.3926 - accuracy: 0.8623
21/98 [=====>........................] - ETA: 2s - loss: 0.3908 - accuracy: 0.8622
23/98 [======>.......................] - ETA: 2s - loss: 0.3913 - accuracy: 0.8618
25/98 [======>.......................] - ETA: 2s - loss: 0.3895 - accuracy: 0.8631
27/98 [=======>......................] - ETA: 2s - loss: 0.3918 - accuracy: 0.8618
29/98 [=======>......................] - ETA: 2s - loss: 0.3918 - accuracy: 0.8623
31/98 [========>.....................] - ETA: 2s - loss: 0.3912 - accuracy: 0.8630
33/98 [=========>....................] - ETA: 2s - loss: 0.3926 - accuracy: 0.8627
36/98 [==========>...................] - ETA: 1s - loss: 0.3953 - accuracy: 0.8614
40/98 [===========>..................] - ETA: 1s - loss: 0.3982 - accuracy: 0.8603
44/98 [============>.................] - ETA: 1s - loss: 0.3997 - accuracy: 0.8596
47/98 [=============>................] - ETA: 1s - loss: 0.3997 - accuracy: 0.8592
50/98 [==============>...............] - ETA: 1s - loss: 0.4011 - accuracy: 0.8588
54/98 [===============>..............] - ETA: 1s - loss: 0.4025 - accuracy: 0.8581
57/98 [================>.............] - ETA: 1s - loss: 0.4030 - accuracy: 0.8581
60/98 [=================>............] - ETA: 1s - loss: 0.4035 - accuracy: 0.8578
63/98 [==================>...........] - ETA: 0s - loss: 0.4046 - accuracy: 0.8572
66/98 [===================>..........] - ETA: 0s - loss: 0.4052 - accuracy: 0.8572
69/98 [====================>.........] - ETA: 0s - loss: 0.4044 - accuracy: 0.8573
72/98 [=====================>........] - ETA: 0s - loss: 0.4067 - accuracy: 0.8566
75/98 [=====================>........] - ETA: 0s - loss: 0.4082 - accuracy: 0.8563
78/98 [======================>.......] - ETA: 0s - loss: 0.4099 - accuracy: 0.8558
82/98 [========================>.....] - ETA: 0s - loss: 0.4122 - accuracy: 0.8549
86/98 [=========================>....] - ETA: 0s - loss: 0.4155 - accuracy: 0.8539
88/98 [=========================>....] - ETA: 0s - loss: 0.4162 - accuracy: 0.8536
90/98 [==========================>...] - ETA: 0s - loss: 0.4177 - accuracy: 0.8532
92/98 [===========================>..] - ETA: 0s - loss: 0.4188 - accuracy: 0.8529
94/98 [===========================>..] - ETA: 0s - loss: 0.4198 - accuracy: 0.8524
96/98 [============================>.] - ETA: 0s - loss: 0.4200 - accuracy: 0.8522
98/98 [==============================] - ETA: 0s - loss: 0.4202 - accuracy: 0.8523
98/98 [==============================] - 3s 35ms/step - loss: 0.4202 - accuracy: 0.8523 - val_loss: 0.9976 - val_accuracy: 0.6867
Epoch 17: early stopping

  1/313 [..............................] - ETA: 4s - loss: 0.5196 - accuracy: 0.7500
 33/313 [==>...........................] - ETA: 0s - loss: 0.9927 - accuracy: 0.6941
 63/313 [=====>........................] - ETA: 0s - loss: 0.9802 - accuracy: 0.6939
 95/313 [========>.....................] - ETA: 0s - loss: 0.9874 - accuracy: 0.6931
129/313 [===========>..................] - ETA: 0s - loss: 0.9866 - accuracy: 0.6916
164/313 [==============>...............] - ETA: 0s - loss: 0.9832 - accuracy: 0.6959
187/313 [================>.............] - ETA: 0s - loss: 0.9838 - accuracy: 0.6933
207/313 [==================>...........] - ETA: 0s - loss: 0.9822 - accuracy: 0.6902
228/313 [====================>.........] - ETA: 0s - loss: 0.9915 - accuracy: 0.6885
248/313 [======================>.......] - ETA: 0s - loss: 0.9849 - accuracy: 0.6914
268/313 [========================>.....] - ETA: 0s - loss: 0.9890 - accuracy: 0.6897
289/313 [==========================>...] - ETA: 0s - loss: 0.9945 - accuracy: 0.6872
305/313 [============================>.] - ETA: 0s - loss: 0.9960 - accuracy: 0.6867
313/313 [==============================] - 1s 2ms/step - loss: 0.9976 - accuracy: 0.6867
