2024-06-26 01:55:18.491566: I tensorflow/core/platform/cpu_feature_guard.cc:193] This TensorFlow binary is optimized with oneAPI Deep Neural Network Library (oneDNN) to use the following CPU instructions in performance-critical operations:  AVX AVX2
To enable them in other operations, rebuild TensorFlow with the appropriate compiler flags.
2024-06-26 01:55:19.754637: I tensorflow/core/common_runtime/gpu/gpu_device.cc:1616] Created device /job:localhost/replica:0/task:0/device:GPU:0 with 6656 MB memory:  -> device: 0, name: NVIDIA GeForce RTX 4060 Ti, pci bus id: 0000:01:00.0, compute capability: 8.9
1 Physical GPUs, 1 Logical GPUs
Model: "sequential"
_________________________________________________________________
 Layer (type)                Output Shape              Param #   
=================================================================
 conv2d (Conv2D)             (None, 32, 32, 32)        896       
                                                                 
 max_pooling2d (MaxPooling2D  (None, 16, 16, 32)       0         
 )                                                               
                                                                 
 batch_normalization (BatchN  (None, 16, 16, 32)       128       
 ormalization)                                                   
                                                                 
 dropout (Dropout)           (None, 16, 16, 32)        0         
                                                                 
 flatten (Flatten)           (None, 8192)              0         
                                                                 
 dense (Dense)               (None, 10)                81930     
                                                                 
=================================================================
Total params: 82,954
Trainable params: 82,890
Non-trainable params: 64
_________________________________________________________________
Taxa de aprendizado:  0.001 Num de épocas:  78 Tamanho do lote:  256 Dropout:  0.48874
Epoch 1/78
2024-06-26 01:55:21.067676: I tensorflow/stream_executor/cuda/cuda_dnn.cc:384] Loaded cuDNN version 8100
2024-06-26 01:55:22.343882: W tensorflow/stream_executor/gpu/redzone_allocator.cc:314] INTERNAL: ptxas exited with non-zero error code -1, output: 
Relying on driver to perform ptx compilation. 
Modify $PATH to customize ptxas location.
This message will be only logged once.
2024-06-26 01:55:23.672629: I tensorflow/stream_executor/cuda/cuda_blas.cc:1614] TensorFloat-32 will be used for the matrix multiplication. This will only be logged once.

  1/196 [..............................] - ETA: 12:21 - loss: 3.0893 - accuracy: 0.0781
 10/196 [>.............................] - ETA: 1s - loss: 2.5404 - accuracy: 0.2266   
 20/196 [==>...........................] - ETA: 1s - loss: 2.3344 - accuracy: 0.2771
 29/196 [===>..........................] - ETA: 1s - loss: 2.2195 - accuracy: 0.2951
 38/196 [====>.........................] - ETA: 1s - loss: 2.1365 - accuracy: 0.3118
 48/196 [======>.......................] - ETA: 0s - loss: 2.0637 - accuracy: 0.3288
 54/196 [=======>......................] - ETA: 0s - loss: 2.0318 - accuracy: 0.3373
 60/196 [========>.....................] - ETA: 1s - loss: 2.0037 - accuracy: 0.3441
 67/196 [=========>....................] - ETA: 1s - loss: 1.9763 - accuracy: 0.3516
 73/196 [==========>...................] - ETA: 0s - loss: 1.9519 - accuracy: 0.3563
 78/196 [==========>...................] - ETA: 0s - loss: 1.9368 - accuracy: 0.3585
 85/196 [============>.................] - ETA: 0s - loss: 1.9152 - accuracy: 0.3622
 92/196 [=============>................] - ETA: 0s - loss: 1.8962 - accuracy: 0.3668
 99/196 [==============>...............] - ETA: 0s - loss: 1.8706 - accuracy: 0.3739
106/196 [===============>..............] - ETA: 0s - loss: 1.8531 - accuracy: 0.3785
113/196 [================>.............] - ETA: 0s - loss: 1.8385 - accuracy: 0.3832
119/196 [=================>............] - ETA: 0s - loss: 1.8221 - accuracy: 0.3869
127/196 [==================>...........] - ETA: 0s - loss: 1.8060 - accuracy: 0.3919
134/196 [===================>..........] - ETA: 0s - loss: 1.7885 - accuracy: 0.3960
141/196 [====================>.........] - ETA: 0s - loss: 1.7727 - accuracy: 0.4003
148/196 [=====================>........] - ETA: 0s - loss: 1.7601 - accuracy: 0.4035
155/196 [======================>.......] - ETA: 0s - loss: 1.7454 - accuracy: 0.4078
162/196 [=======================>......] - ETA: 0s - loss: 1.7333 - accuracy: 0.4113
169/196 [========================>.....] - ETA: 0s - loss: 1.7190 - accuracy: 0.4155
175/196 [=========================>....] - ETA: 0s - loss: 1.7092 - accuracy: 0.4180
182/196 [==========================>...] - ETA: 0s - loss: 1.7002 - accuracy: 0.4208
189/196 [===========================>..] - ETA: 0s - loss: 1.6896 - accuracy: 0.4241
195/196 [============================>.] - ETA: 0s - loss: 1.6826 - accuracy: 0.4262
196/196 [==============================] - 7s 14ms/step - loss: 1.6810 - accuracy: 0.4266 - val_loss: 1.9379 - val_accuracy: 0.4612
Epoch 2/78

  1/196 [..............................] - ETA: 3s - loss: 1.3963 - accuracy: 0.5234
 10/196 [>.............................] - ETA: 1s - loss: 1.3196 - accuracy: 0.5266
 21/196 [==>...........................] - ETA: 1s - loss: 1.3326 - accuracy: 0.5244
 29/196 [===>..........................] - ETA: 1s - loss: 1.3242 - accuracy: 0.5290
 38/196 [====>.........................] - ETA: 1s - loss: 1.3317 - accuracy: 0.5294
 46/196 [======>.......................] - ETA: 0s - loss: 1.3328 - accuracy: 0.5301
 55/196 [=======>......................] - ETA: 0s - loss: 1.3290 - accuracy: 0.5307
 65/196 [========>.....................] - ETA: 0s - loss: 1.3323 - accuracy: 0.5275
 76/196 [==========>...................] - ETA: 0s - loss: 1.3338 - accuracy: 0.5285
 84/196 [===========>..................] - ETA: 0s - loss: 1.3295 - accuracy: 0.5309
 91/196 [============>.................] - ETA: 0s - loss: 1.3261 - accuracy: 0.5317
 97/196 [=============>................] - ETA: 0s - loss: 1.3260 - accuracy: 0.5320
103/196 [==============>...............] - ETA: 0s - loss: 1.3254 - accuracy: 0.5332
110/196 [===============>..............] - ETA: 0s - loss: 1.3226 - accuracy: 0.5349
116/196 [================>.............] - ETA: 0s - loss: 1.3238 - accuracy: 0.5338
123/196 [=================>............] - ETA: 0s - loss: 1.3223 - accuracy: 0.5345
130/196 [==================>...........] - ETA: 0s - loss: 1.3181 - accuracy: 0.5358
137/196 [===================>..........] - ETA: 0s - loss: 1.3150 - accuracy: 0.5365
144/196 [=====================>........] - ETA: 0s - loss: 1.3140 - accuracy: 0.5374
151/196 [======================>.......] - ETA: 0s - loss: 1.3125 - accuracy: 0.5384
158/196 [=======================>......] - ETA: 0s - loss: 1.3133 - accuracy: 0.5378
165/196 [========================>.....] - ETA: 0s - loss: 1.3127 - accuracy: 0.5383
172/196 [=========================>....] - ETA: 0s - loss: 1.3117 - accuracy: 0.5388
179/196 [==========================>...] - ETA: 0s - loss: 1.3111 - accuracy: 0.5393
185/196 [===========================>..] - ETA: 0s - loss: 1.3108 - accuracy: 0.5394
192/196 [============================>.] - ETA: 0s - loss: 1.3077 - accuracy: 0.5405
196/196 [==============================] - 3s 13ms/step - loss: 1.3080 - accuracy: 0.5404 - val_loss: 1.5501 - val_accuracy: 0.5261
Epoch 3/78

  1/196 [..............................] - ETA: 6s - loss: 1.1083 - accuracy: 0.6055
  8/196 [>.............................] - ETA: 1s - loss: 1.1834 - accuracy: 0.5791
 16/196 [=>............................] - ETA: 1s - loss: 1.2015 - accuracy: 0.5798
 22/196 [==>...........................] - ETA: 1s - loss: 1.2083 - accuracy: 0.5762
 30/196 [===>..........................] - ETA: 1s - loss: 1.1986 - accuracy: 0.5763
 39/196 [====>.........................] - ETA: 1s - loss: 1.1963 - accuracy: 0.5782
 50/196 [======>.......................] - ETA: 1s - loss: 1.1966 - accuracy: 0.5783
 60/196 [========>.....................] - ETA: 1s - loss: 1.1948 - accuracy: 0.5769
 69/196 [=========>....................] - ETA: 0s - loss: 1.1926 - accuracy: 0.5774
 79/196 [===========>..................] - ETA: 0s - loss: 1.1858 - accuracy: 0.5798
 89/196 [============>.................] - ETA: 0s - loss: 1.1884 - accuracy: 0.5813
 99/196 [==============>...............] - ETA: 0s - loss: 1.1879 - accuracy: 0.5824
109/196 [===============>..............] - ETA: 0s - loss: 1.1857 - accuracy: 0.5839
119/196 [=================>............] - ETA: 0s - loss: 1.1889 - accuracy: 0.5832
127/196 [==================>...........] - ETA: 0s - loss: 1.1917 - accuracy: 0.5824
135/196 [===================>..........] - ETA: 0s - loss: 1.1941 - accuracy: 0.5819
146/196 [=====================>........] - ETA: 0s - loss: 1.1952 - accuracy: 0.5824
154/196 [======================>.......] - ETA: 0s - loss: 1.1951 - accuracy: 0.5825
161/196 [=======================>......] - ETA: 0s - loss: 1.1955 - accuracy: 0.5821
167/196 [========================>.....] - ETA: 0s - loss: 1.1962 - accuracy: 0.5821
174/196 [=========================>....] - ETA: 0s - loss: 1.1967 - accuracy: 0.5816
182/196 [==========================>...] - ETA: 0s - loss: 1.1990 - accuracy: 0.5812
188/196 [===========================>..] - ETA: 0s - loss: 1.1982 - accuracy: 0.5812
195/196 [============================>.] - ETA: 0s - loss: 1.1987 - accuracy: 0.5813
196/196 [==============================] - 2s 12ms/step - loss: 1.1989 - accuracy: 0.5811 - val_loss: 1.3193 - val_accuracy: 0.5364
Epoch 4/78

  1/196 [..............................] - ETA: 6s - loss: 1.1853 - accuracy: 0.6055
  8/196 [>.............................] - ETA: 1s - loss: 1.1234 - accuracy: 0.6128
 15/196 [=>............................] - ETA: 1s - loss: 1.1031 - accuracy: 0.6177
 21/196 [==>...........................] - ETA: 1s - loss: 1.1046 - accuracy: 0.6174
 29/196 [===>..........................] - ETA: 1s - loss: 1.1108 - accuracy: 0.6111
 35/196 [====>.........................] - ETA: 1s - loss: 1.1078 - accuracy: 0.6135
 42/196 [=====>........................] - ETA: 1s - loss: 1.1194 - accuracy: 0.6082
 49/196 [======>.......................] - ETA: 1s - loss: 1.1306 - accuracy: 0.6051
 56/196 [=======>......................] - ETA: 1s - loss: 1.1330 - accuracy: 0.6029
 63/196 [========>.....................] - ETA: 1s - loss: 1.1311 - accuracy: 0.6042
 69/196 [=========>....................] - ETA: 1s - loss: 1.1303 - accuracy: 0.6044
 76/196 [==========>...................] - ETA: 1s - loss: 1.1291 - accuracy: 0.6048
 83/196 [===========>..................] - ETA: 1s - loss: 1.1284 - accuracy: 0.6051
 88/196 [============>.................] - ETA: 0s - loss: 1.1284 - accuracy: 0.6055
 94/196 [=============>................] - ETA: 0s - loss: 1.1296 - accuracy: 0.6048
103/196 [==============>...............] - ETA: 0s - loss: 1.1304 - accuracy: 0.6038
113/196 [================>.............] - ETA: 0s - loss: 1.1311 - accuracy: 0.6045
121/196 [=================>............] - ETA: 0s - loss: 1.1318 - accuracy: 0.6045
132/196 [===================>..........] - ETA: 0s - loss: 1.1350 - accuracy: 0.6038
142/196 [====================>.........] - ETA: 0s - loss: 1.1370 - accuracy: 0.6029
151/196 [======================>.......] - ETA: 0s - loss: 1.1381 - accuracy: 0.6028
161/196 [=======================>......] - ETA: 0s - loss: 1.1393 - accuracy: 0.6027
169/196 [========================>.....] - ETA: 0s - loss: 1.1407 - accuracy: 0.6024
177/196 [==========================>...] - ETA: 0s - loss: 1.1418 - accuracy: 0.6019
186/196 [===========================>..] - ETA: 0s - loss: 1.1441 - accuracy: 0.6011
196/196 [==============================] - ETA: 0s - loss: 1.1438 - accuracy: 0.6010
196/196 [==============================] - 2s 13ms/step - loss: 1.1438 - accuracy: 0.6010 - val_loss: 1.1895 - val_accuracy: 0.5891
Epoch 5/78

  1/196 [..............................] - ETA: 3s - loss: 1.1613 - accuracy: 0.5938
  7/196 [>.............................] - ETA: 1s - loss: 1.1106 - accuracy: 0.6200
 14/196 [=>............................] - ETA: 1s - loss: 1.0799 - accuracy: 0.6289
 22/196 [==>...........................] - ETA: 1s - loss: 1.0707 - accuracy: 0.6293
 28/196 [===>..........................] - ETA: 1s - loss: 1.0654 - accuracy: 0.6306
 35/196 [====>.........................] - ETA: 1s - loss: 1.0632 - accuracy: 0.6306
 42/196 [=====>........................] - ETA: 1s - loss: 1.0700 - accuracy: 0.6259
 49/196 [======>.......................] - ETA: 1s - loss: 1.0665 - accuracy: 0.6271
 55/196 [=======>......................] - ETA: 1s - loss: 1.0721 - accuracy: 0.6237
 63/196 [========>.....................] - ETA: 1s - loss: 1.0747 - accuracy: 0.6224
 70/196 [=========>....................] - ETA: 1s - loss: 1.0771 - accuracy: 0.6226
 77/196 [==========>...................] - ETA: 1s - loss: 1.0739 - accuracy: 0.6240
 83/196 [===========>..................] - ETA: 1s - loss: 1.0737 - accuracy: 0.6233
 90/196 [============>.................] - ETA: 0s - loss: 1.0768 - accuracy: 0.6218
 97/196 [=============>................] - ETA: 0s - loss: 1.0803 - accuracy: 0.6204
104/196 [==============>...............] - ETA: 0s - loss: 1.0822 - accuracy: 0.6197
111/196 [===============>..............] - ETA: 0s - loss: 1.0860 - accuracy: 0.6188
117/196 [================>.............] - ETA: 0s - loss: 1.0894 - accuracy: 0.6187
124/196 [=================>............] - ETA: 0s - loss: 1.0889 - accuracy: 0.6186
131/196 [===================>..........] - ETA: 0s - loss: 1.0852 - accuracy: 0.6201
138/196 [====================>.........] - ETA: 0s - loss: 1.0862 - accuracy: 0.6196
145/196 [=====================>........] - ETA: 0s - loss: 1.0873 - accuracy: 0.6197
152/196 [======================>.......] - ETA: 0s - loss: 1.0883 - accuracy: 0.6195
159/196 [=======================>......] - ETA: 0s - loss: 1.0888 - accuracy: 0.6195
166/196 [========================>.....] - ETA: 0s - loss: 1.0894 - accuracy: 0.6196
175/196 [=========================>....] - ETA: 0s - loss: 1.0917 - accuracy: 0.6194
184/196 [===========================>..] - ETA: 0s - loss: 1.0922 - accuracy: 0.6191
194/196 [============================>.] - ETA: 0s - loss: 1.0937 - accuracy: 0.6186
196/196 [==============================] - 2s 11ms/step - loss: 1.0941 - accuracy: 0.6185 - val_loss: 1.1416 - val_accuracy: 0.6017
Epoch 6/78

  1/196 [..............................] - ETA: 6s - loss: 0.9977 - accuracy: 0.6445
  7/196 [>.............................] - ETA: 1s - loss: 1.0298 - accuracy: 0.6429
 13/196 [>.............................] - ETA: 1s - loss: 1.0238 - accuracy: 0.6442
 20/196 [==>...........................] - ETA: 1s - loss: 1.0246 - accuracy: 0.6414
 27/196 [===>..........................] - ETA: 1s - loss: 1.0357 - accuracy: 0.6361
 33/196 [====>.........................] - ETA: 1s - loss: 1.0309 - accuracy: 0.6368
 41/196 [=====>........................] - ETA: 1s - loss: 1.0340 - accuracy: 0.6362
 47/196 [======>.......................] - ETA: 1s - loss: 1.0332 - accuracy: 0.6361
 54/196 [=======>......................] - ETA: 1s - loss: 1.0331 - accuracy: 0.6368
 61/196 [========>.....................] - ETA: 1s - loss: 1.0334 - accuracy: 0.6375
 68/196 [=========>....................] - ETA: 1s - loss: 1.0404 - accuracy: 0.6359
 75/196 [==========>...................] - ETA: 1s - loss: 1.0445 - accuracy: 0.6351
 81/196 [===========>..................] - ETA: 1s - loss: 1.0478 - accuracy: 0.6344
 88/196 [============>.................] - ETA: 0s - loss: 1.0465 - accuracy: 0.6351
 95/196 [=============>................] - ETA: 0s - loss: 1.0470 - accuracy: 0.6348
102/196 [==============>...............] - ETA: 0s - loss: 1.0475 - accuracy: 0.6350
109/196 [===============>..............] - ETA: 0s - loss: 1.0458 - accuracy: 0.6352
116/196 [================>.............] - ETA: 0s - loss: 1.0458 - accuracy: 0.6349
122/196 [=================>............] - ETA: 0s - loss: 1.0483 - accuracy: 0.6342
129/196 [==================>...........] - ETA: 0s - loss: 1.0484 - accuracy: 0.6340
136/196 [===================>..........] - ETA: 0s - loss: 1.0487 - accuracy: 0.6332
143/196 [====================>.........] - ETA: 0s - loss: 1.0521 - accuracy: 0.6323
150/196 [=====================>........] - ETA: 0s - loss: 1.0551 - accuracy: 0.6317
156/196 [======================>.......] - ETA: 0s - loss: 1.0553 - accuracy: 0.6321
163/196 [=======================>......] - ETA: 0s - loss: 1.0582 - accuracy: 0.6313
171/196 [=========================>....] - ETA: 0s - loss: 1.0592 - accuracy: 0.6308
177/196 [==========================>...] - ETA: 0s - loss: 1.0604 - accuracy: 0.6301
184/196 [===========================>..] - ETA: 0s - loss: 1.0580 - accuracy: 0.6308
191/196 [============================>.] - ETA: 0s - loss: 1.0582 - accuracy: 0.6307
196/196 [==============================] - 3s 13ms/step - loss: 1.0595 - accuracy: 0.6307 - val_loss: 1.2214 - val_accuracy: 0.5741
Epoch 7/78

  1/196 [..............................] - ETA: 3s - loss: 1.0802 - accuracy: 0.6250
  9/196 [>.............................] - ETA: 1s - loss: 0.9983 - accuracy: 0.6463
 19/196 [=>............................] - ETA: 1s - loss: 0.9892 - accuracy: 0.6540
 29/196 [===>..........................] - ETA: 1s - loss: 1.0014 - accuracy: 0.6515
 37/196 [====>.........................] - ETA: 1s - loss: 1.0157 - accuracy: 0.6465
 45/196 [=====>........................] - ETA: 1s - loss: 1.0198 - accuracy: 0.6440
 56/196 [=======>......................] - ETA: 0s - loss: 1.0163 - accuracy: 0.6456
 65/196 [========>.....................] - ETA: 0s - loss: 1.0187 - accuracy: 0.6450
 72/196 [==========>...................] - ETA: 0s - loss: 1.0211 - accuracy: 0.6446
 79/196 [===========>..................] - ETA: 0s - loss: 1.0233 - accuracy: 0.6435
 86/196 [============>.................] - ETA: 0s - loss: 1.0291 - accuracy: 0.6422
 92/196 [=============>................] - ETA: 0s - loss: 1.0296 - accuracy: 0.6423
 98/196 [==============>...............] - ETA: 0s - loss: 1.0277 - accuracy: 0.6430
105/196 [===============>..............] - ETA: 0s - loss: 1.0285 - accuracy: 0.6428
111/196 [===============>..............] - ETA: 0s - loss: 1.0294 - accuracy: 0.6420
119/196 [=================>............] - ETA: 0s - loss: 1.0297 - accuracy: 0.6415
126/196 [==================>...........] - ETA: 0s - loss: 1.0327 - accuracy: 0.6408
132/196 [===================>..........] - ETA: 0s - loss: 1.0305 - accuracy: 0.6418
138/196 [====================>.........] - ETA: 0s - loss: 1.0278 - accuracy: 0.6428
145/196 [=====================>........] - ETA: 0s - loss: 1.0276 - accuracy: 0.6426
152/196 [======================>.......] - ETA: 0s - loss: 1.0288 - accuracy: 0.6421
159/196 [=======================>......] - ETA: 0s - loss: 1.0318 - accuracy: 0.6420
165/196 [========================>.....] - ETA: 0s - loss: 1.0325 - accuracy: 0.6416
172/196 [=========================>....] - ETA: 0s - loss: 1.0319 - accuracy: 0.6411
179/196 [==========================>...] - ETA: 0s - loss: 1.0336 - accuracy: 0.6400
186/196 [===========================>..] - ETA: 0s - loss: 1.0354 - accuracy: 0.6398
193/196 [============================>.] - ETA: 0s - loss: 1.0375 - accuracy: 0.6387
196/196 [==============================] - 3s 13ms/step - loss: 1.0391 - accuracy: 0.6378 - val_loss: 1.1080 - val_accuracy: 0.6146
Epoch 8/78

  1/196 [..............................] - ETA: 3s - loss: 0.9734 - accuracy: 0.6680
  7/196 [>.............................] - ETA: 1s - loss: 1.0021 - accuracy: 0.6546
 13/196 [>.............................] - ETA: 1s - loss: 0.9972 - accuracy: 0.6538
 22/196 [==>...........................] - ETA: 1s - loss: 0.9930 - accuracy: 0.6547
 32/196 [===>..........................] - ETA: 1s - loss: 0.9972 - accuracy: 0.6567
 35/196 [====>.........................] - ETA: 1s - loss: 0.9960 - accuracy: 0.6560
 45/196 [=====>........................] - ETA: 1s - loss: 0.9936 - accuracy: 0.6595
 56/196 [=======>......................] - ETA: 1s - loss: 0.9971 - accuracy: 0.6556
 65/196 [========>.....................] - ETA: 0s - loss: 0.9967 - accuracy: 0.6572
 75/196 [==========>...................] - ETA: 0s - loss: 0.9992 - accuracy: 0.6555
 86/196 [============>.................] - ETA: 0s - loss: 0.9977 - accuracy: 0.6551
 97/196 [=============>................] - ETA: 0s - loss: 1.0004 - accuracy: 0.6542
108/196 [===============>..............] - ETA: 0s - loss: 0.9998 - accuracy: 0.6535
118/196 [=================>............] - ETA: 0s - loss: 1.0011 - accuracy: 0.6526
127/196 [==================>...........] - ETA: 0s - loss: 1.0051 - accuracy: 0.6500
136/196 [===================>..........] - ETA: 0s - loss: 1.0055 - accuracy: 0.6497
143/196 [====================>.........] - ETA: 0s - loss: 1.0064 - accuracy: 0.6489
150/196 [=====================>........] - ETA: 0s - loss: 1.0063 - accuracy: 0.6491
157/196 [=======================>......] - ETA: 0s - loss: 1.0061 - accuracy: 0.6489
163/196 [=======================>......] - ETA: 0s - loss: 1.0061 - accuracy: 0.6488
170/196 [=========================>....] - ETA: 0s - loss: 1.0062 - accuracy: 0.6487
177/196 [==========================>...] - ETA: 0s - loss: 1.0049 - accuracy: 0.6494
184/196 [===========================>..] - ETA: 0s - loss: 1.0045 - accuracy: 0.6494
191/196 [============================>.] - ETA: 0s - loss: 1.0060 - accuracy: 0.6490
196/196 [==============================] - 2s 12ms/step - loss: 1.0073 - accuracy: 0.6488 - val_loss: 1.0888 - val_accuracy: 0.6244
Epoch 9/78

  1/196 [..............................] - ETA: 2s - loss: 0.9614 - accuracy: 0.6562
  7/196 [>.............................] - ETA: 1s - loss: 0.9992 - accuracy: 0.6501
 14/196 [=>............................] - ETA: 1s - loss: 0.9737 - accuracy: 0.6596
 21/196 [==>...........................] - ETA: 1s - loss: 0.9690 - accuracy: 0.6594
 28/196 [===>..........................] - ETA: 1s - loss: 0.9641 - accuracy: 0.6578
 33/196 [====>.........................] - ETA: 1s - loss: 0.9694 - accuracy: 0.6566
 40/196 [=====>........................] - ETA: 1s - loss: 0.9635 - accuracy: 0.6593
 47/196 [======>.......................] - ETA: 1s - loss: 0.9639 - accuracy: 0.6598
 54/196 [=======>......................] - ETA: 1s - loss: 0.9683 - accuracy: 0.6571
 61/196 [========>.....................] - ETA: 1s - loss: 0.9693 - accuracy: 0.6580
 68/196 [=========>....................] - ETA: 1s - loss: 0.9736 - accuracy: 0.6563
 75/196 [==========>...................] - ETA: 1s - loss: 0.9759 - accuracy: 0.6567
 81/196 [===========>..................] - ETA: 1s - loss: 0.9750 - accuracy: 0.6573
 88/196 [============>.................] - ETA: 0s - loss: 0.9761 - accuracy: 0.6582
 98/196 [==============>...............] - ETA: 0s - loss: 0.9763 - accuracy: 0.6583
108/196 [===============>..............] - ETA: 0s - loss: 0.9788 - accuracy: 0.6581
117/196 [================>.............] - ETA: 0s - loss: 0.9806 - accuracy: 0.6572
126/196 [==================>...........] - ETA: 0s - loss: 0.9827 - accuracy: 0.6564
136/196 [===================>..........] - ETA: 0s - loss: 0.9838 - accuracy: 0.6560
144/196 [=====================>........] - ETA: 0s - loss: 0.9849 - accuracy: 0.6559
155/196 [======================>.......] - ETA: 0s - loss: 0.9870 - accuracy: 0.6555
164/196 [========================>.....] - ETA: 0s - loss: 0.9892 - accuracy: 0.6550
173/196 [=========================>....] - ETA: 0s - loss: 0.9909 - accuracy: 0.6545
183/196 [===========================>..] - ETA: 0s - loss: 0.9916 - accuracy: 0.6539
193/196 [============================>.] - ETA: 0s - loss: 0.9932 - accuracy: 0.6527
196/196 [==============================] - 2s 12ms/step - loss: 0.9922 - accuracy: 0.6530 - val_loss: 1.0830 - val_accuracy: 0.6289
Epoch 10/78

  1/196 [..............................] - ETA: 3s - loss: 0.9765 - accuracy: 0.6797
  8/196 [>.............................] - ETA: 1s - loss: 0.8967 - accuracy: 0.6953
 15/196 [=>............................] - ETA: 1s - loss: 0.9517 - accuracy: 0.6779
 21/196 [==>...........................] - ETA: 1s - loss: 0.9482 - accuracy: 0.6762
 28/196 [===>..........................] - ETA: 1s - loss: 0.9473 - accuracy: 0.6733
 35/196 [====>.........................] - ETA: 1s - loss: 0.9419 - accuracy: 0.6751
 42/196 [=====>........................] - ETA: 1s - loss: 0.9451 - accuracy: 0.6737
 49/196 [======>.......................] - ETA: 1s - loss: 0.9444 - accuracy: 0.6744
 56/196 [=======>......................] - ETA: 1s - loss: 0.9473 - accuracy: 0.6736
 63/196 [========>.....................] - ETA: 1s - loss: 0.9498 - accuracy: 0.6741
 69/196 [=========>....................] - ETA: 1s - loss: 0.9526 - accuracy: 0.6720
 76/196 [==========>...................] - ETA: 1s - loss: 0.9525 - accuracy: 0.6723
 83/196 [===========>..................] - ETA: 1s - loss: 0.9537 - accuracy: 0.6711
 90/196 [============>.................] - ETA: 0s - loss: 0.9541 - accuracy: 0.6712
 96/196 [=============>................] - ETA: 0s - loss: 0.9542 - accuracy: 0.6713
104/196 [==============>...............] - ETA: 0s - loss: 0.9574 - accuracy: 0.6697
110/196 [===============>..............] - ETA: 0s - loss: 0.9576 - accuracy: 0.6690
117/196 [================>.............] - ETA: 0s - loss: 0.9617 - accuracy: 0.6680
124/196 [=================>............] - ETA: 0s - loss: 0.9635 - accuracy: 0.6669
131/196 [===================>..........] - ETA: 0s - loss: 0.9676 - accuracy: 0.6654
138/196 [====================>.........] - ETA: 0s - loss: 0.9683 - accuracy: 0.6643
144/196 [=====================>........] - ETA: 0s - loss: 0.9685 - accuracy: 0.6646
151/196 [======================>.......] - ETA: 0s - loss: 0.9708 - accuracy: 0.6641
158/196 [=======================>......] - ETA: 0s - loss: 0.9721 - accuracy: 0.6643
165/196 [========================>.....] - ETA: 0s - loss: 0.9722 - accuracy: 0.6642
171/196 [=========================>....] - ETA: 0s - loss: 0.9723 - accuracy: 0.6644
181/196 [==========================>...] - ETA: 0s - loss: 0.9713 - accuracy: 0.6637
192/196 [============================>.] - ETA: 0s - loss: 0.9747 - accuracy: 0.6622
196/196 [==============================] - 2s 11ms/step - loss: 0.9769 - accuracy: 0.6618 - val_loss: 1.0715 - val_accuracy: 0.6392
Epoch 11/78

  1/196 [..............................] - ETA: 2s - loss: 0.8296 - accuracy: 0.7148
  7/196 [>.............................] - ETA: 1s - loss: 0.9216 - accuracy: 0.6741
 14/196 [=>............................] - ETA: 1s - loss: 0.9334 - accuracy: 0.6688
 20/196 [==>...........................] - ETA: 1s - loss: 0.9215 - accuracy: 0.6734
 27/196 [===>..........................] - ETA: 1s - loss: 0.9301 - accuracy: 0.6739
 34/196 [====>.........................] - ETA: 1s - loss: 0.9254 - accuracy: 0.6741
 41/196 [=====>........................] - ETA: 1s - loss: 0.9315 - accuracy: 0.6701
 48/196 [======>.......................] - ETA: 1s - loss: 0.9311 - accuracy: 0.6705
 55/196 [=======>......................] - ETA: 1s - loss: 0.9346 - accuracy: 0.6705
 61/196 [========>.....................] - ETA: 1s - loss: 0.9352 - accuracy: 0.6698
 68/196 [=========>....................] - ETA: 1s - loss: 0.9398 - accuracy: 0.6684
 75/196 [==========>...................] - ETA: 1s - loss: 0.9443 - accuracy: 0.6657
 82/196 [===========>..................] - ETA: 1s - loss: 0.9510 - accuracy: 0.6644
 89/196 [============>.................] - ETA: 0s - loss: 0.9516 - accuracy: 0.6656
 96/196 [=============>................] - ETA: 0s - loss: 0.9517 - accuracy: 0.6660
103/196 [==============>...............] - ETA: 0s - loss: 0.9510 - accuracy: 0.6665
110/196 [===============>..............] - ETA: 0s - loss: 0.9501 - accuracy: 0.6661
117/196 [================>.............] - ETA: 0s - loss: 0.9530 - accuracy: 0.6655
124/196 [=================>............] - ETA: 0s - loss: 0.9533 - accuracy: 0.6659
130/196 [==================>...........] - ETA: 0s - loss: 0.9530 - accuracy: 0.6658
137/196 [===================>..........] - ETA: 0s - loss: 0.9571 - accuracy: 0.6649
145/196 [=====================>........] - ETA: 0s - loss: 0.9589 - accuracy: 0.6638
151/196 [======================>.......] - ETA: 0s - loss: 0.9600 - accuracy: 0.6632
158/196 [=======================>......] - ETA: 0s - loss: 0.9636 - accuracy: 0.6623
165/196 [========================>.....] - ETA: 0s - loss: 0.9646 - accuracy: 0.6624
172/196 [=========================>....] - ETA: 0s - loss: 0.9673 - accuracy: 0.6618
179/196 [==========================>...] - ETA: 0s - loss: 0.9670 - accuracy: 0.6620
185/196 [===========================>..] - ETA: 0s - loss: 0.9687 - accuracy: 0.6613
192/196 [============================>.] - ETA: 0s - loss: 0.9707 - accuracy: 0.6610
196/196 [==============================] - 3s 13ms/step - loss: 0.9712 - accuracy: 0.6607 - val_loss: 1.1053 - val_accuracy: 0.6157
Epoch 12/78

  1/196 [..............................] - ETA: 3s - loss: 0.9299 - accuracy: 0.7031
  9/196 [>.............................] - ETA: 1s - loss: 0.9433 - accuracy: 0.6576
 18/196 [=>............................] - ETA: 1s - loss: 0.9411 - accuracy: 0.6608
 25/196 [==>...........................] - ETA: 1s - loss: 0.9431 - accuracy: 0.6633
 35/196 [====>.........................] - ETA: 1s - loss: 0.9280 - accuracy: 0.6693
 44/196 [=====>........................] - ETA: 1s - loss: 0.9279 - accuracy: 0.6681
 55/196 [=======>......................] - ETA: 0s - loss: 0.9378 - accuracy: 0.6675
 65/196 [========>.....................] - ETA: 0s - loss: 0.9409 - accuracy: 0.6675
 73/196 [==========>...................] - ETA: 0s - loss: 0.9429 - accuracy: 0.6672
 80/196 [===========>..................] - ETA: 0s - loss: 0.9426 - accuracy: 0.6679
 87/196 [============>.................] - ETA: 0s - loss: 0.9460 - accuracy: 0.6676
 95/196 [=============>................] - ETA: 0s - loss: 0.9443 - accuracy: 0.6686
101/196 [==============>...............] - ETA: 0s - loss: 0.9465 - accuracy: 0.6682
108/196 [===============>..............] - ETA: 0s - loss: 0.9489 - accuracy: 0.6681
115/196 [================>.............] - ETA: 0s - loss: 0.9500 - accuracy: 0.6670
122/196 [=================>............] - ETA: 0s - loss: 0.9530 - accuracy: 0.6659
128/196 [==================>...........] - ETA: 0s - loss: 0.9535 - accuracy: 0.6657
135/196 [===================>..........] - ETA: 0s - loss: 0.9545 - accuracy: 0.6655
142/196 [====================>.........] - ETA: 0s - loss: 0.9534 - accuracy: 0.6663
149/196 [=====================>........] - ETA: 0s - loss: 0.9519 - accuracy: 0.6669
156/196 [======================>.......] - ETA: 0s - loss: 0.9518 - accuracy: 0.6674
163/196 [=======================>......] - ETA: 0s - loss: 0.9515 - accuracy: 0.6675
170/196 [=========================>....] - ETA: 0s - loss: 0.9517 - accuracy: 0.6676
176/196 [=========================>....] - ETA: 0s - loss: 0.9525 - accuracy: 0.6671
184/196 [===========================>..] - ETA: 0s - loss: 0.9534 - accuracy: 0.6669
191/196 [============================>.] - ETA: 0s - loss: 0.9537 - accuracy: 0.6665
196/196 [==============================] - 3s 13ms/step - loss: 0.9554 - accuracy: 0.6660 - val_loss: 1.0804 - val_accuracy: 0.6276
Epoch 13/78

  1/196 [..............................] - ETA: 6s - loss: 0.9219 - accuracy: 0.6758
  8/196 [>.............................] - ETA: 1s - loss: 0.9143 - accuracy: 0.6821
 15/196 [=>............................] - ETA: 1s - loss: 0.8946 - accuracy: 0.6878
 21/196 [==>...........................] - ETA: 1s - loss: 0.8969 - accuracy: 0.6866
 31/196 [===>..........................] - ETA: 1s - loss: 0.9092 - accuracy: 0.6837
 41/196 [=====>........................] - ETA: 1s - loss: 0.9237 - accuracy: 0.6762
 49/196 [======>.......................] - ETA: 1s - loss: 0.9210 - accuracy: 0.6754
 60/196 [========>.....................] - ETA: 0s - loss: 0.9203 - accuracy: 0.6757
 69/196 [=========>....................] - ETA: 0s - loss: 0.9219 - accuracy: 0.6750
 78/196 [==========>...................] - ETA: 0s - loss: 0.9214 - accuracy: 0.6758
 88/196 [============>.................] - ETA: 0s - loss: 0.9280 - accuracy: 0.6747
 97/196 [=============>................] - ETA: 0s - loss: 0.9327 - accuracy: 0.6729
106/196 [===============>..............] - ETA: 0s - loss: 0.9324 - accuracy: 0.6717
114/196 [================>.............] - ETA: 0s - loss: 0.9329 - accuracy: 0.6716
126/196 [==================>...........] - ETA: 0s - loss: 0.9332 - accuracy: 0.6720
135/196 [===================>..........] - ETA: 0s - loss: 0.9352 - accuracy: 0.6713
145/196 [=====================>........] - ETA: 0s - loss: 0.9367 - accuracy: 0.6707
152/196 [======================>.......] - ETA: 0s - loss: 0.9388 - accuracy: 0.6700
159/196 [=======================>......] - ETA: 0s - loss: 0.9397 - accuracy: 0.6699
166/196 [========================>.....] - ETA: 0s - loss: 0.9409 - accuracy: 0.6694
172/196 [=========================>....] - ETA: 0s - loss: 0.9435 - accuracy: 0.6691
179/196 [==========================>...] - ETA: 0s - loss: 0.9443 - accuracy: 0.6690
186/196 [===========================>..] - ETA: 0s - loss: 0.9456 - accuracy: 0.6686
193/196 [============================>.] - ETA: 0s - loss: 0.9471 - accuracy: 0.6684
196/196 [==============================] - 2s 12ms/step - loss: 0.9466 - accuracy: 0.6685 - val_loss: 1.0895 - val_accuracy: 0.6238
Epoch 14/78

  1/196 [..............................] - ETA: 3s - loss: 0.8156 - accuracy: 0.6953
  7/196 [>.............................] - ETA: 1s - loss: 0.8658 - accuracy: 0.6920
 15/196 [=>............................] - ETA: 1s - loss: 0.8713 - accuracy: 0.6951
 21/196 [==>...........................] - ETA: 1s - loss: 0.8890 - accuracy: 0.6899
 28/196 [===>..........................] - ETA: 1s - loss: 0.8923 - accuracy: 0.6865
 35/196 [====>.........................] - ETA: 1s - loss: 0.8955 - accuracy: 0.6862
 41/196 [=====>........................] - ETA: 1s - loss: 0.8999 - accuracy: 0.6839
 47/196 [======>.......................] - ETA: 1s - loss: 0.9003 - accuracy: 0.6832
 54/196 [=======>......................] - ETA: 1s - loss: 0.9025 - accuracy: 0.6831
 61/196 [========>.....................] - ETA: 1s - loss: 0.9003 - accuracy: 0.6847
 68/196 [=========>....................] - ETA: 1s - loss: 0.9014 - accuracy: 0.6847
 74/196 [==========>...................] - ETA: 1s - loss: 0.9068 - accuracy: 0.6817
 80/196 [===========>..................] - ETA: 1s - loss: 0.9074 - accuracy: 0.6816
 86/196 [============>.................] - ETA: 1s - loss: 0.9074 - accuracy: 0.6808
 94/196 [=============>................] - ETA: 0s - loss: 0.9117 - accuracy: 0.6794
102/196 [==============>...............] - ETA: 0s - loss: 0.9141 - accuracy: 0.6790
111/196 [===============>..............] - ETA: 0s - loss: 0.9199 - accuracy: 0.6776
120/196 [=================>............] - ETA: 0s - loss: 0.9202 - accuracy: 0.6775
129/196 [==================>...........] - ETA: 0s - loss: 0.9181 - accuracy: 0.6783
139/196 [====================>.........] - ETA: 0s - loss: 0.9213 - accuracy: 0.6769
149/196 [=====================>........] - ETA: 0s - loss: 0.9220 - accuracy: 0.6763
159/196 [=======================>......] - ETA: 0s - loss: 0.9277 - accuracy: 0.6741
168/196 [========================>.....] - ETA: 0s - loss: 0.9282 - accuracy: 0.6740
180/196 [==========================>...] - ETA: 0s - loss: 0.9290 - accuracy: 0.6740
191/196 [============================>.] - ETA: 0s - loss: 0.9304 - accuracy: 0.6735
196/196 [==============================] - 2s 12ms/step - loss: 0.9319 - accuracy: 0.6733 - val_loss: 1.0534 - val_accuracy: 0.6383
Epoch 15/78

  1/196 [..............................] - ETA: 4s - loss: 0.7889 - accuracy: 0.7148
  7/196 [>.............................] - ETA: 1s - loss: 0.8664 - accuracy: 0.6998
 14/196 [=>............................] - ETA: 1s - loss: 0.8750 - accuracy: 0.6920
 21/196 [==>...........................] - ETA: 1s - loss: 0.8880 - accuracy: 0.6879
 28/196 [===>..........................] - ETA: 1s - loss: 0.8854 - accuracy: 0.6885
 35/196 [====>.........................] - ETA: 1s - loss: 0.8906 - accuracy: 0.6886
 42/196 [=====>........................] - ETA: 1s - loss: 0.8843 - accuracy: 0.6923
 48/196 [======>.......................] - ETA: 1s - loss: 0.8885 - accuracy: 0.6907
 55/196 [=======>......................] - ETA: 1s - loss: 0.8886 - accuracy: 0.6902
 61/196 [========>.....................] - ETA: 1s - loss: 0.8926 - accuracy: 0.6890
 68/196 [=========>....................] - ETA: 1s - loss: 0.8964 - accuracy: 0.6856
 75/196 [==========>...................] - ETA: 1s - loss: 0.9024 - accuracy: 0.6835
 82/196 [===========>..................] - ETA: 1s - loss: 0.9042 - accuracy: 0.6829
 88/196 [============>.................] - ETA: 0s - loss: 0.9074 - accuracy: 0.6816
 95/196 [=============>................] - ETA: 0s - loss: 0.9099 - accuracy: 0.6814
102/196 [==============>...............] - ETA: 0s - loss: 0.9121 - accuracy: 0.6805
109/196 [===============>..............] - ETA: 0s - loss: 0.9125 - accuracy: 0.6802
116/196 [================>.............] - ETA: 0s - loss: 0.9120 - accuracy: 0.6800
123/196 [=================>............] - ETA: 0s - loss: 0.9136 - accuracy: 0.6795
130/196 [==================>...........] - ETA: 0s - loss: 0.9151 - accuracy: 0.6784
136/196 [===================>..........] - ETA: 0s - loss: 0.9172 - accuracy: 0.6782
143/196 [====================>.........] - ETA: 0s - loss: 0.9178 - accuracy: 0.6787
150/196 [=====================>........] - ETA: 0s - loss: 0.9183 - accuracy: 0.6783
157/196 [=======================>......] - ETA: 0s - loss: 0.9210 - accuracy: 0.6779
164/196 [========================>.....] - ETA: 0s - loss: 0.9233 - accuracy: 0.6777
170/196 [=========================>....] - ETA: 0s - loss: 0.9238 - accuracy: 0.6779
177/196 [==========================>...] - ETA: 0s - loss: 0.9246 - accuracy: 0.6776
183/196 [===========================>..] - ETA: 0s - loss: 0.9244 - accuracy: 0.6778
190/196 [============================>.] - ETA: 0s - loss: 0.9258 - accuracy: 0.6774
196/196 [==============================] - 2s 12ms/step - loss: 0.9262 - accuracy: 0.6771 - val_loss: 1.2912 - val_accuracy: 0.5701
Epoch 16/78

  1/196 [..............................] - ETA: 3s - loss: 1.0138 - accuracy: 0.6484
  7/196 [>.............................] - ETA: 1s - loss: 0.9089 - accuracy: 0.6830
 13/196 [>.............................] - ETA: 1s - loss: 0.8955 - accuracy: 0.6824
 19/196 [=>............................] - ETA: 1s - loss: 0.8902 - accuracy: 0.6840
 26/196 [==>...........................] - ETA: 1s - loss: 0.8914 - accuracy: 0.6855
 33/196 [====>.........................] - ETA: 1s - loss: 0.8919 - accuracy: 0.6844
 40/196 [=====>........................] - ETA: 1s - loss: 0.9016 - accuracy: 0.6810
 47/196 [======>.......................] - ETA: 1s - loss: 0.9031 - accuracy: 0.6810
 54/196 [=======>......................] - ETA: 1s - loss: 0.9051 - accuracy: 0.6803
 61/196 [========>.....................] - ETA: 1s - loss: 0.9079 - accuracy: 0.6811
 67/196 [=========>....................] - ETA: 1s - loss: 0.9120 - accuracy: 0.6808
 74/196 [==========>...................] - ETA: 1s - loss: 0.9123 - accuracy: 0.6796
 81/196 [===========>..................] - ETA: 1s - loss: 0.9130 - accuracy: 0.6788
 88/196 [============>.................] - ETA: 0s - loss: 0.9133 - accuracy: 0.6798
 95/196 [=============>................] - ETA: 0s - loss: 0.9106 - accuracy: 0.6811
103/196 [==============>...............] - ETA: 0s - loss: 0.9139 - accuracy: 0.6806
109/196 [===============>..............] - ETA: 0s - loss: 0.9128 - accuracy: 0.6803
116/196 [================>.............] - ETA: 0s - loss: 0.9109 - accuracy: 0.6818
124/196 [=================>............] - ETA: 0s - loss: 0.9117 - accuracy: 0.6813
131/196 [===================>..........] - ETA: 0s - loss: 0.9124 - accuracy: 0.6807
138/196 [====================>.........] - ETA: 0s - loss: 0.9122 - accuracy: 0.6806
145/196 [=====================>........] - ETA: 0s - loss: 0.9143 - accuracy: 0.6792
151/196 [======================>.......] - ETA: 0s - loss: 0.9149 - accuracy: 0.6790
158/196 [=======================>......] - ETA: 0s - loss: 0.9177 - accuracy: 0.6782
165/196 [========================>.....] - ETA: 0s - loss: 0.9182 - accuracy: 0.6782
172/196 [=========================>....] - ETA: 0s - loss: 0.9223 - accuracy: 0.6771
179/196 [==========================>...] - ETA: 0s - loss: 0.9241 - accuracy: 0.6763
185/196 [===========================>..] - ETA: 0s - loss: 0.9249 - accuracy: 0.6757
193/196 [============================>.] - ETA: 0s - loss: 0.9272 - accuracy: 0.6747
196/196 [==============================] - 3s 13ms/step - loss: 0.9279 - accuracy: 0.6743 - val_loss: 1.2388 - val_accuracy: 0.5856
Epoch 17/78

  1/196 [..............................] - ETA: 3s - loss: 0.8723 - accuracy: 0.7070
 11/196 [>.............................] - ETA: 1s - loss: 0.9046 - accuracy: 0.6854
 20/196 [==>...........................] - ETA: 1s - loss: 0.9156 - accuracy: 0.6807
 31/196 [===>..........................] - ETA: 1s - loss: 0.8988 - accuracy: 0.6856
 42/196 [=====>........................] - ETA: 0s - loss: 0.9063 - accuracy: 0.6822
 51/196 [======>.......................] - ETA: 0s - loss: 0.9031 - accuracy: 0.6828
 59/196 [========>.....................] - ETA: 0s - loss: 0.9014 - accuracy: 0.6829
 70/196 [=========>....................] - ETA: 0s - loss: 0.9035 - accuracy: 0.6831
 80/196 [===========>..................] - ETA: 0s - loss: 0.9036 - accuracy: 0.6826
 91/196 [============>.................] - ETA: 0s - loss: 0.9065 - accuracy: 0.6819
 98/196 [==============>...............] - ETA: 0s - loss: 0.9083 - accuracy: 0.6814
105/196 [===============>..............] - ETA: 0s - loss: 0.9060 - accuracy: 0.6823
112/196 [================>.............] - ETA: 0s - loss: 0.9080 - accuracy: 0.6817
119/196 [=================>............] - ETA: 0s - loss: 0.9090 - accuracy: 0.6815
126/196 [==================>...........] - ETA: 0s - loss: 0.9089 - accuracy: 0.6810
133/196 [===================>..........] - ETA: 0s - loss: 0.9101 - accuracy: 0.6810
140/196 [====================>.........] - ETA: 0s - loss: 0.9102 - accuracy: 0.6811
147/196 [=====================>........] - ETA: 0s - loss: 0.9146 - accuracy: 0.6790
154/196 [======================>.......] - ETA: 0s - loss: 0.9143 - accuracy: 0.6791
161/196 [=======================>......] - ETA: 0s - loss: 0.9147 - accuracy: 0.6786
168/196 [========================>.....] - ETA: 0s - loss: 0.9153 - accuracy: 0.6779
175/196 [=========================>....] - ETA: 0s - loss: 0.9149 - accuracy: 0.6783
182/196 [==========================>...] - ETA: 0s - loss: 0.9158 - accuracy: 0.6777
189/196 [===========================>..] - ETA: 0s - loss: 0.9146 - accuracy: 0.6783
195/196 [============================>.] - ETA: 0s - loss: 0.9163 - accuracy: 0.6782
196/196 [==============================] - 2s 13ms/step - loss: 0.9168 - accuracy: 0.6780 - val_loss: 1.0631 - val_accuracy: 0.6444
Epoch 18/78

  1/196 [..............................] - ETA: 6s - loss: 0.9449 - accuracy: 0.6289
  8/196 [>.............................] - ETA: 1s - loss: 0.8718 - accuracy: 0.6992
 14/196 [=>............................] - ETA: 1s - loss: 0.8735 - accuracy: 0.6936
 20/196 [==>...........................] - ETA: 1s - loss: 0.8761 - accuracy: 0.6932
 27/196 [===>..........................] - ETA: 1s - loss: 0.8795 - accuracy: 0.6884
 33/196 [====>.........................] - ETA: 1s - loss: 0.8868 - accuracy: 0.6879
 39/196 [====>.........................] - ETA: 1s - loss: 0.8814 - accuracy: 0.6882
 46/196 [======>.......................] - ETA: 1s - loss: 0.8874 - accuracy: 0.6865
 54/196 [=======>......................] - ETA: 1s - loss: 0.8895 - accuracy: 0.6863
 63/196 [========>.....................] - ETA: 1s - loss: 0.8899 - accuracy: 0.6874
 73/196 [==========>...................] - ETA: 0s - loss: 0.8912 - accuracy: 0.6872
 84/196 [===========>..................] - ETA: 0s - loss: 0.8947 - accuracy: 0.6862
 94/196 [=============>................] - ETA: 0s - loss: 0.8900 - accuracy: 0.6870
106/196 [===============>..............] - ETA: 0s - loss: 0.8963 - accuracy: 0.6846
116/196 [================>.............] - ETA: 0s - loss: 0.8972 - accuracy: 0.6841
124/196 [=================>............] - ETA: 0s - loss: 0.8986 - accuracy: 0.6843
132/196 [===================>..........] - ETA: 0s - loss: 0.9009 - accuracy: 0.6833
143/196 [====================>.........] - ETA: 0s - loss: 0.9044 - accuracy: 0.6817
154/196 [======================>.......] - ETA: 0s - loss: 0.9033 - accuracy: 0.6815
164/196 [========================>.....] - ETA: 0s - loss: 0.9019 - accuracy: 0.6821
172/196 [=========================>....] - ETA: 0s - loss: 0.9054 - accuracy: 0.6806
179/196 [==========================>...] - ETA: 0s - loss: 0.9071 - accuracy: 0.6801
185/196 [===========================>..] - ETA: 0s - loss: 0.9098 - accuracy: 0.6799
191/196 [============================>.] - ETA: 0s - loss: 0.9110 - accuracy: 0.6798
196/196 [==============================] - 2s 12ms/step - loss: 0.9118 - accuracy: 0.6798 - val_loss: 1.0602 - val_accuracy: 0.6385
Epoch 19/78

  1/196 [..............................] - ETA: 6s - loss: 0.7567 - accuracy: 0.7266
  8/196 [>.............................] - ETA: 1s - loss: 0.8686 - accuracy: 0.6934
 14/196 [=>............................] - ETA: 1s - loss: 0.8701 - accuracy: 0.7001
 21/196 [==>...........................] - ETA: 1s - loss: 0.8920 - accuracy: 0.6895
 28/196 [===>..........................] - ETA: 1s - loss: 0.8856 - accuracy: 0.6928
 34/196 [====>.........................] - ETA: 1s - loss: 0.8902 - accuracy: 0.6922
 40/196 [=====>........................] - ETA: 1s - loss: 0.8874 - accuracy: 0.6922
 47/196 [======>.......................] - ETA: 1s - loss: 0.8856 - accuracy: 0.6916
 54/196 [=======>......................] - ETA: 1s - loss: 0.8884 - accuracy: 0.6902
 61/196 [========>.....................] - ETA: 1s - loss: 0.8899 - accuracy: 0.6896
 67/196 [=========>....................] - ETA: 1s - loss: 0.8891 - accuracy: 0.6894
 74/196 [==========>...................] - ETA: 1s - loss: 0.8827 - accuracy: 0.6909
 81/196 [===========>..................] - ETA: 1s - loss: 0.8864 - accuracy: 0.6893
 88/196 [============>.................] - ETA: 0s - loss: 0.8883 - accuracy: 0.6895
 95/196 [=============>................] - ETA: 0s - loss: 0.8889 - accuracy: 0.6888
102/196 [==============>...............] - ETA: 0s - loss: 0.8921 - accuracy: 0.6869
109/196 [===============>..............] - ETA: 0s - loss: 0.8882 - accuracy: 0.6886
116/196 [================>.............] - ETA: 0s - loss: 0.8868 - accuracy: 0.6890
121/196 [=================>............] - ETA: 0s - loss: 0.8835 - accuracy: 0.6899
129/196 [==================>...........] - ETA: 0s - loss: 0.8853 - accuracy: 0.6896
139/196 [====================>.........] - ETA: 0s - loss: 0.8879 - accuracy: 0.6885
148/196 [=====================>........] - ETA: 0s - loss: 0.8910 - accuracy: 0.6873
157/196 [=======================>......] - ETA: 0s - loss: 0.8944 - accuracy: 0.6867
167/196 [========================>.....] - ETA: 0s - loss: 0.8938 - accuracy: 0.6865
175/196 [=========================>....] - ETA: 0s - loss: 0.8966 - accuracy: 0.6855
184/196 [===========================>..] - ETA: 0s - loss: 0.8981 - accuracy: 0.6844
193/196 [============================>.] - ETA: 0s - loss: 0.8984 - accuracy: 0.6849
196/196 [==============================] - 2s 12ms/step - loss: 0.8990 - accuracy: 0.6847 - val_loss: 1.0368 - val_accuracy: 0.6476
Epoch 20/78

  1/196 [..............................] - ETA: 3s - loss: 0.7535 - accuracy: 0.7539
  7/196 [>.............................] - ETA: 1s - loss: 0.8114 - accuracy: 0.7266
 14/196 [=>............................] - ETA: 1s - loss: 0.8296 - accuracy: 0.7143
 20/196 [==>...........................] - ETA: 1s - loss: 0.8441 - accuracy: 0.7088
 26/196 [==>...........................] - ETA: 1s - loss: 0.8470 - accuracy: 0.7067
 33/196 [====>.........................] - ETA: 1s - loss: 0.8559 - accuracy: 0.7015
 40/196 [=====>........................] - ETA: 1s - loss: 0.8584 - accuracy: 0.6991
 45/196 [=====>........................] - ETA: 1s - loss: 0.8589 - accuracy: 0.6980
 53/196 [=======>......................] - ETA: 1s - loss: 0.8602 - accuracy: 0.6981
 60/196 [========>.....................] - ETA: 1s - loss: 0.8643 - accuracy: 0.6979
 67/196 [=========>....................] - ETA: 1s - loss: 0.8706 - accuracy: 0.6956
 73/196 [==========>...................] - ETA: 1s - loss: 0.8746 - accuracy: 0.6934
 79/196 [===========>..................] - ETA: 1s - loss: 0.8750 - accuracy: 0.6931
 86/196 [============>.................] - ETA: 0s - loss: 0.8771 - accuracy: 0.6929
 92/196 [=============>................] - ETA: 0s - loss: 0.8776 - accuracy: 0.6922
 99/196 [==============>...............] - ETA: 0s - loss: 0.8810 - accuracy: 0.6913
106/196 [===============>..............] - ETA: 0s - loss: 0.8839 - accuracy: 0.6902
113/196 [================>.............] - ETA: 0s - loss: 0.8839 - accuracy: 0.6908
120/196 [=================>............] - ETA: 0s - loss: 0.8855 - accuracy: 0.6902
126/196 [==================>...........] - ETA: 0s - loss: 0.8888 - accuracy: 0.6895
133/196 [===================>..........] - ETA: 0s - loss: 0.8895 - accuracy: 0.6890
140/196 [====================>.........] - ETA: 0s - loss: 0.8899 - accuracy: 0.6895
147/196 [=====================>........] - ETA: 0s - loss: 0.8919 - accuracy: 0.6889
154/196 [======================>.......] - ETA: 0s - loss: 0.8936 - accuracy: 0.6884
161/196 [=======================>......] - ETA: 0s - loss: 0.8954 - accuracy: 0.6880
168/196 [========================>.....] - ETA: 0s - loss: 0.8957 - accuracy: 0.6876
175/196 [=========================>....] - ETA: 0s - loss: 0.8965 - accuracy: 0.6878
180/196 [==========================>...] - ETA: 0s - loss: 0.8969 - accuracy: 0.6877
186/196 [===========================>..] - ETA: 0s - loss: 0.8983 - accuracy: 0.6871
194/196 [============================>.] - ETA: 0s - loss: 0.8985 - accuracy: 0.6873
196/196 [==============================] - 2s 12ms/step - loss: 0.8989 - accuracy: 0.6871 - val_loss: 1.1370 - val_accuracy: 0.6134
Epoch 21/78

  1/196 [..............................] - ETA: 3s - loss: 0.8414 - accuracy: 0.7227
 11/196 [>.............................] - ETA: 1s - loss: 0.8565 - accuracy: 0.7038
 22/196 [==>...........................] - ETA: 1s - loss: 0.8572 - accuracy: 0.7022
 30/196 [===>..........................] - ETA: 1s - loss: 0.8560 - accuracy: 0.6992
 37/196 [====>.........................] - ETA: 1s - loss: 0.8610 - accuracy: 0.6972
 43/196 [=====>........................] - ETA: 1s - loss: 0.8639 - accuracy: 0.6966
 50/196 [======>.......................] - ETA: 1s - loss: 0.8634 - accuracy: 0.6972
 56/196 [=======>......................] - ETA: 1s - loss: 0.8661 - accuracy: 0.6948
 62/196 [========>.....................] - ETA: 1s - loss: 0.8713 - accuracy: 0.6945
 69/196 [=========>....................] - ETA: 1s - loss: 0.8738 - accuracy: 0.6943
 76/196 [==========>...................] - ETA: 0s - loss: 0.8722 - accuracy: 0.6951
 83/196 [===========>..................] - ETA: 0s - loss: 0.8745 - accuracy: 0.6938
 90/196 [============>.................] - ETA: 0s - loss: 0.8754 - accuracy: 0.6931
 97/196 [=============>................] - ETA: 0s - loss: 0.8787 - accuracy: 0.6931
104/196 [==============>...............] - ETA: 0s - loss: 0.8796 - accuracy: 0.6924
111/196 [===============>..............] - ETA: 0s - loss: 0.8809 - accuracy: 0.6923
117/196 [================>.............] - ETA: 0s - loss: 0.8824 - accuracy: 0.6918
124/196 [=================>............] - ETA: 0s - loss: 0.8844 - accuracy: 0.6900
130/196 [==================>...........] - ETA: 0s - loss: 0.8854 - accuracy: 0.6900
136/196 [===================>..........] - ETA: 0s - loss: 0.8837 - accuracy: 0.6907
143/196 [====================>.........] - ETA: 0s - loss: 0.8845 - accuracy: 0.6903
151/196 [======================>.......] - ETA: 0s - loss: 0.8866 - accuracy: 0.6896
157/196 [=======================>......] - ETA: 0s - loss: 0.8869 - accuracy: 0.6891
165/196 [========================>.....] - ETA: 0s - loss: 0.8904 - accuracy: 0.6879
171/196 [=========================>....] - ETA: 0s - loss: 0.8892 - accuracy: 0.6884
177/196 [==========================>...] - ETA: 0s - loss: 0.8879 - accuracy: 0.6884
183/196 [===========================>..] - ETA: 0s - loss: 0.8891 - accuracy: 0.6882
190/196 [============================>.] - ETA: 0s - loss: 0.8887 - accuracy: 0.6884
196/196 [==============================] - 3s 13ms/step - loss: 0.8910 - accuracy: 0.6875 - val_loss: 1.0963 - val_accuracy: 0.6350
Epoch 22/78

  1/196 [..............................] - ETA: 4s - loss: 0.8853 - accuracy: 0.6836
 11/196 [>.............................] - ETA: 1s - loss: 0.8678 - accuracy: 0.6928
 21/196 [==>...........................] - ETA: 1s - loss: 0.8470 - accuracy: 0.7020
 32/196 [===>..........................] - ETA: 1s - loss: 0.8623 - accuracy: 0.6956
 43/196 [=====>........................] - ETA: 0s - loss: 0.8587 - accuracy: 0.6991
 54/196 [=======>......................] - ETA: 0s - loss: 0.8525 - accuracy: 0.7007
 64/196 [========>.....................] - ETA: 0s - loss: 0.8560 - accuracy: 0.7007
 74/196 [==========>...................] - ETA: 0s - loss: 0.8591 - accuracy: 0.7001
 84/196 [===========>..................] - ETA: 0s - loss: 0.8591 - accuracy: 0.7001
 93/196 [=============>................] - ETA: 0s - loss: 0.8620 - accuracy: 0.6991
104/196 [==============>...............] - ETA: 0s - loss: 0.8662 - accuracy: 0.6972
111/196 [===============>..............] - ETA: 0s - loss: 0.8678 - accuracy: 0.6959
118/196 [=================>............] - ETA: 0s - loss: 0.8686 - accuracy: 0.6952
126/196 [==================>...........] - ETA: 0s - loss: 0.8701 - accuracy: 0.6952
132/196 [===================>..........] - ETA: 0s - loss: 0.8701 - accuracy: 0.6949
140/196 [====================>.........] - ETA: 0s - loss: 0.8728 - accuracy: 0.6937
146/196 [=====================>........] - ETA: 0s - loss: 0.8731 - accuracy: 0.6935
153/196 [======================>.......] - ETA: 0s - loss: 0.8757 - accuracy: 0.6932
159/196 [=======================>......] - ETA: 0s - loss: 0.8760 - accuracy: 0.6930
165/196 [========================>.....] - ETA: 0s - loss: 0.8786 - accuracy: 0.6922
171/196 [=========================>....] - ETA: 0s - loss: 0.8802 - accuracy: 0.6914
178/196 [==========================>...] - ETA: 0s - loss: 0.8812 - accuracy: 0.6909
185/196 [===========================>..] - ETA: 0s - loss: 0.8821 - accuracy: 0.6908
192/196 [============================>.] - ETA: 0s - loss: 0.8830 - accuracy: 0.6904
196/196 [==============================] - 2s 12ms/step - loss: 0.8835 - accuracy: 0.6905 - val_loss: 1.1104 - val_accuracy: 0.6215
Epoch 23/78

  1/196 [..............................] - ETA: 6s - loss: 0.8084 - accuracy: 0.7461
  8/196 [>.............................] - ETA: 1s - loss: 0.8648 - accuracy: 0.7017
 15/196 [=>............................] - ETA: 1s - loss: 0.8659 - accuracy: 0.6995
 22/196 [==>...........................] - ETA: 1s - loss: 0.8697 - accuracy: 0.6978
 29/196 [===>..........................] - ETA: 1s - loss: 0.8756 - accuracy: 0.6959
 35/196 [====>.........................] - ETA: 1s - loss: 0.8704 - accuracy: 0.6990
 41/196 [=====>........................] - ETA: 1s - loss: 0.8736 - accuracy: 0.6967
 48/196 [======>.......................] - ETA: 1s - loss: 0.8691 - accuracy: 0.6983
 54/196 [=======>......................] - ETA: 1s - loss: 0.8645 - accuracy: 0.6993
 62/196 [========>.....................] - ETA: 1s - loss: 0.8599 - accuracy: 0.7014
 71/196 [=========>....................] - ETA: 1s - loss: 0.8556 - accuracy: 0.7030
 82/196 [===========>..................] - ETA: 0s - loss: 0.8538 - accuracy: 0.7034
 91/196 [============>.................] - ETA: 0s - loss: 0.8547 - accuracy: 0.7024
102/196 [==============>...............] - ETA: 0s - loss: 0.8607 - accuracy: 0.7006
112/196 [================>.............] - ETA: 0s - loss: 0.8629 - accuracy: 0.6993
123/196 [=================>............] - ETA: 0s - loss: 0.8628 - accuracy: 0.6995
132/196 [===================>..........] - ETA: 0s - loss: 0.8648 - accuracy: 0.6995
142/196 [====================>.........] - ETA: 0s - loss: 0.8618 - accuracy: 0.7007
153/196 [======================>.......] - ETA: 0s - loss: 0.8689 - accuracy: 0.6977
162/196 [=======================>......] - ETA: 0s - loss: 0.8685 - accuracy: 0.6979
172/196 [=========================>....] - ETA: 0s - loss: 0.8708 - accuracy: 0.6970
179/196 [==========================>...] - ETA: 0s - loss: 0.8713 - accuracy: 0.6968
188/196 [===========================>..] - ETA: 0s - loss: 0.8755 - accuracy: 0.6950
195/196 [============================>.] - ETA: 0s - loss: 0.8773 - accuracy: 0.6939
196/196 [==============================] - 2s 12ms/step - loss: 0.8774 - accuracy: 0.6939 - val_loss: 1.0985 - val_accuracy: 0.6368
Epoch 24/78

  1/196 [..............................] - ETA: 3s - loss: 0.9077 - accuracy: 0.7109
  8/196 [>.............................] - ETA: 1s - loss: 0.8835 - accuracy: 0.6914
 15/196 [=>............................] - ETA: 1s - loss: 0.8624 - accuracy: 0.6979
 22/196 [==>...........................] - ETA: 1s - loss: 0.8569 - accuracy: 0.7012
 28/196 [===>..........................] - ETA: 1s - loss: 0.8559 - accuracy: 0.7015
 36/196 [====>.........................] - ETA: 1s - loss: 0.8631 - accuracy: 0.7013
 42/196 [=====>........................] - ETA: 1s - loss: 0.8619 - accuracy: 0.6995
 49/196 [======>.......................] - ETA: 1s - loss: 0.8599 - accuracy: 0.6979
 56/196 [=======>......................] - ETA: 1s - loss: 0.8676 - accuracy: 0.6950
 62/196 [========>.....................] - ETA: 1s - loss: 0.8677 - accuracy: 0.6960
 69/196 [=========>....................] - ETA: 1s - loss: 0.8712 - accuracy: 0.6942
 76/196 [==========>...................] - ETA: 1s - loss: 0.8738 - accuracy: 0.6933
 83/196 [===========>..................] - ETA: 1s - loss: 0.8716 - accuracy: 0.6944
 89/196 [============>.................] - ETA: 0s - loss: 0.8721 - accuracy: 0.6936
 96/196 [=============>................] - ETA: 0s - loss: 0.8706 - accuracy: 0.6939
103/196 [==============>...............] - ETA: 0s - loss: 0.8733 - accuracy: 0.6922
110/196 [===============>..............] - ETA: 0s - loss: 0.8745 - accuracy: 0.6916
117/196 [================>.............] - ETA: 0s - loss: 0.8727 - accuracy: 0.6932
124/196 [=================>............] - ETA: 0s - loss: 0.8721 - accuracy: 0.6936
131/196 [===================>..........] - ETA: 0s - loss: 0.8727 - accuracy: 0.6938
138/196 [====================>.........] - ETA: 0s - loss: 0.8731 - accuracy: 0.6935
145/196 [=====================>........] - ETA: 0s - loss: 0.8730 - accuracy: 0.6933
154/196 [======================>.......] - ETA: 0s - loss: 0.8729 - accuracy: 0.6934
163/196 [=======================>......] - ETA: 0s - loss: 0.8767 - accuracy: 0.6927
173/196 [=========================>....] - ETA: 0s - loss: 0.8769 - accuracy: 0.6924
182/196 [==========================>...] - ETA: 0s - loss: 0.8791 - accuracy: 0.6923
190/196 [============================>.] - ETA: 0s - loss: 0.8789 - accuracy: 0.6928
196/196 [==============================] - 2s 11ms/step - loss: 0.8801 - accuracy: 0.6925 - val_loss: 1.0409 - val_accuracy: 0.6512
Epoch 24: early stopping

  1/313 [..............................] - ETA: 4s - loss: 0.6779 - accuracy: 0.7812
 28/313 [=>............................] - ETA: 0s - loss: 1.0396 - accuracy: 0.6384
 64/313 [=====>........................] - ETA: 0s - loss: 1.0238 - accuracy: 0.6475
 97/313 [========>.....................] - ETA: 0s - loss: 1.0366 - accuracy: 0.6527
131/313 [===========>..................] - ETA: 0s - loss: 1.0350 - accuracy: 0.6543
166/313 [==============>...............] - ETA: 0s - loss: 1.0189 - accuracy: 0.6596
202/313 [==================>...........] - ETA: 0s - loss: 1.0230 - accuracy: 0.6547
238/313 [=====================>........] - ETA: 0s - loss: 1.0288 - accuracy: 0.6538
277/313 [=========================>....] - ETA: 0s - loss: 1.0395 - accuracy: 0.6508
313/313 [==============================] - 1s 2ms/step - loss: 1.0409 - accuracy: 0.6512
