2024-06-26 03:23:14.094880: I tensorflow/core/platform/cpu_feature_guard.cc:193] This TensorFlow binary is optimized with oneAPI Deep Neural Network Library (oneDNN) to use the following CPU instructions in performance-critical operations:  AVX AVX2
To enable them in other operations, rebuild TensorFlow with the appropriate compiler flags.
2024-06-26 03:23:14.923311: I tensorflow/core/common_runtime/gpu/gpu_device.cc:1616] Created device /job:localhost/replica:0/task:0/device:GPU:0 with 6656 MB memory:  -> device: 0, name: NVIDIA GeForce RTX 4060 Ti, pci bus id: 0000:01:00.0, compute capability: 8.9
1 Physical GPUs, 1 Logical GPUs
Model: "sequential"
_________________________________________________________________
 Layer (type)                Output Shape              Param #   
=================================================================
 conv2d (Conv2D)             (None, 32, 32, 32)        896       
                                                                 
 max_pooling2d (MaxPooling2D  (None, 16, 16, 32)       0         
 )                                                               
                                                                 
 batch_normalization (BatchN  (None, 16, 16, 32)       128       
 ormalization)                                                   
                                                                 
 dropout (Dropout)           (None, 16, 16, 32)        0         
                                                                 
 flatten (Flatten)           (None, 8192)              0         
                                                                 
 dense (Dense)               (None, 10)                81930     
                                                                 
=================================================================
Total params: 82,954
Trainable params: 82,890
Non-trainable params: 64
_________________________________________________________________
Taxa de aprendizado:  0.001 Num de épocas:  78 Tamanho do lote:  256 Dropout:  0.48874
Epoch 1/78
2024-06-26 03:23:16.534377: I tensorflow/stream_executor/cuda/cuda_dnn.cc:384] Loaded cuDNN version 8100
2024-06-26 03:23:17.480110: W tensorflow/stream_executor/gpu/redzone_allocator.cc:314] INTERNAL: ptxas exited with non-zero error code -1, output: 
Relying on driver to perform ptx compilation. 
Modify $PATH to customize ptxas location.
This message will be only logged once.
2024-06-26 03:23:18.486988: I tensorflow/stream_executor/cuda/cuda_blas.cc:1614] TensorFloat-32 will be used for the matrix multiplication. This will only be logged once.

  1/196 [..............................] - ETA: 11:17 - loss: 3.0572 - accuracy: 0.1289
  9/196 [>.............................] - ETA: 1s - loss: 2.4622 - accuracy: 0.2244   
 17/196 [=>............................] - ETA: 1s - loss: 2.3069 - accuracy: 0.2606
 24/196 [==>...........................] - ETA: 1s - loss: 2.2089 - accuracy: 0.2808
 32/196 [===>..........................] - ETA: 1s - loss: 2.1243 - accuracy: 0.3013
 39/196 [====>.........................] - ETA: 1s - loss: 2.0656 - accuracy: 0.3142
 47/196 [======>.......................] - ETA: 1s - loss: 2.0098 - accuracy: 0.3294
 53/196 [=======>......................] - ETA: 1s - loss: 1.9748 - accuracy: 0.3390
 56/196 [=======>......................] - ETA: 1s - loss: 1.9581 - accuracy: 0.3431
 64/196 [========>.....................] - ETA: 1s - loss: 1.9228 - accuracy: 0.3517
 71/196 [=========>....................] - ETA: 1s - loss: 1.8934 - accuracy: 0.3616
 78/196 [==========>...................] - ETA: 1s - loss: 1.8701 - accuracy: 0.3693
 85/196 [============>.................] - ETA: 0s - loss: 1.8506 - accuracy: 0.3732
 93/196 [=============>................] - ETA: 0s - loss: 1.8257 - accuracy: 0.3805
100/196 [==============>...............] - ETA: 0s - loss: 1.8088 - accuracy: 0.3857
107/196 [===============>..............] - ETA: 0s - loss: 1.7904 - accuracy: 0.3912
114/196 [================>.............] - ETA: 0s - loss: 1.7751 - accuracy: 0.3940
120/196 [=================>............] - ETA: 0s - loss: 1.7635 - accuracy: 0.3974
127/196 [==================>...........] - ETA: 0s - loss: 1.7470 - accuracy: 0.4022
134/196 [===================>..........] - ETA: 0s - loss: 1.7343 - accuracy: 0.4058
142/196 [====================>.........] - ETA: 0s - loss: 1.7195 - accuracy: 0.4101
149/196 [=====================>........] - ETA: 0s - loss: 1.7073 - accuracy: 0.4137
157/196 [=======================>......] - ETA: 0s - loss: 1.6933 - accuracy: 0.4178
167/196 [========================>.....] - ETA: 0s - loss: 1.6776 - accuracy: 0.4234
176/196 [=========================>....] - ETA: 0s - loss: 1.6639 - accuracy: 0.4279
186/196 [===========================>..] - ETA: 0s - loss: 1.6511 - accuracy: 0.4313
196/196 [==============================] - ETA: 0s - loss: 1.6397 - accuracy: 0.4350
196/196 [==============================] - 6s 14ms/step - loss: 1.6397 - accuracy: 0.4350 - val_loss: 1.9406 - val_accuracy: 0.4734
Epoch 2/78

  1/196 [..............................] - ETA: 3s - loss: 1.3455 - accuracy: 0.5781
  7/196 [>.............................] - ETA: 1s - loss: 1.3415 - accuracy: 0.5307
 13/196 [>.............................] - ETA: 1s - loss: 1.3540 - accuracy: 0.5267
 20/196 [==>...........................] - ETA: 1s - loss: 1.3288 - accuracy: 0.5418
 27/196 [===>..........................] - ETA: 1s - loss: 1.3401 - accuracy: 0.5353
 35/196 [====>.........................] - ETA: 1s - loss: 1.3410 - accuracy: 0.5316
 46/196 [======>.......................] - ETA: 1s - loss: 1.3329 - accuracy: 0.5330
 57/196 [=======>......................] - ETA: 1s - loss: 1.3285 - accuracy: 0.5341
 67/196 [=========>....................] - ETA: 0s - loss: 1.3252 - accuracy: 0.5343
 77/196 [==========>...................] - ETA: 0s - loss: 1.3270 - accuracy: 0.5351
 86/196 [============>.................] - ETA: 0s - loss: 1.3228 - accuracy: 0.5369
 95/196 [=============>................] - ETA: 0s - loss: 1.3165 - accuracy: 0.5388
105/196 [===============>..............] - ETA: 0s - loss: 1.3150 - accuracy: 0.5403
115/196 [================>.............] - ETA: 0s - loss: 1.3088 - accuracy: 0.5421
125/196 [==================>...........] - ETA: 0s - loss: 1.3097 - accuracy: 0.5424
134/196 [===================>..........] - ETA: 0s - loss: 1.3095 - accuracy: 0.5415
144/196 [=====================>........] - ETA: 0s - loss: 1.3048 - accuracy: 0.5434
154/196 [======================>.......] - ETA: 0s - loss: 1.3012 - accuracy: 0.5446
161/196 [=======================>......] - ETA: 0s - loss: 1.3007 - accuracy: 0.5451
169/196 [========================>.....] - ETA: 0s - loss: 1.2999 - accuracy: 0.5451
176/196 [=========================>....] - ETA: 0s - loss: 1.3002 - accuracy: 0.5451
183/196 [===========================>..] - ETA: 0s - loss: 1.2995 - accuracy: 0.5454
191/196 [============================>.] - ETA: 0s - loss: 1.2968 - accuracy: 0.5463
196/196 [==============================] - 2s 11ms/step - loss: 1.2963 - accuracy: 0.5463 - val_loss: 1.5374 - val_accuracy: 0.5460
Epoch 3/78

  1/196 [..............................] - ETA: 3s - loss: 1.1727 - accuracy: 0.5898
 10/196 [>.............................] - ETA: 1s - loss: 1.2200 - accuracy: 0.5691
 20/196 [==>...........................] - ETA: 1s - loss: 1.2171 - accuracy: 0.5693
 29/196 [===>..........................] - ETA: 1s - loss: 1.2107 - accuracy: 0.5733
 39/196 [====>.........................] - ETA: 1s - loss: 1.2055 - accuracy: 0.5766
 49/196 [======>.......................] - ETA: 0s - loss: 1.1983 - accuracy: 0.5808
 58/196 [=======>......................] - ETA: 0s - loss: 1.1963 - accuracy: 0.5806
 67/196 [=========>....................] - ETA: 0s - loss: 1.2004 - accuracy: 0.5794
 77/196 [==========>...................] - ETA: 0s - loss: 1.2016 - accuracy: 0.5791
 86/196 [============>.................] - ETA: 0s - loss: 1.1996 - accuracy: 0.5800
 94/196 [=============>................] - ETA: 0s - loss: 1.2013 - accuracy: 0.5800
101/196 [==============>...............] - ETA: 0s - loss: 1.1985 - accuracy: 0.5805
108/196 [===============>..............] - ETA: 0s - loss: 1.1974 - accuracy: 0.5806
115/196 [================>.............] - ETA: 0s - loss: 1.1996 - accuracy: 0.5802
122/196 [=================>............] - ETA: 0s - loss: 1.1990 - accuracy: 0.5806
129/196 [==================>...........] - ETA: 0s - loss: 1.1987 - accuracy: 0.5809
136/196 [===================>..........] - ETA: 0s - loss: 1.1997 - accuracy: 0.5810
144/196 [=====================>........] - ETA: 0s - loss: 1.2005 - accuracy: 0.5815
151/196 [======================>.......] - ETA: 0s - loss: 1.2036 - accuracy: 0.5806
158/196 [=======================>......] - ETA: 0s - loss: 1.2033 - accuracy: 0.5805
166/196 [========================>.....] - ETA: 0s - loss: 1.2031 - accuracy: 0.5805
172/196 [=========================>....] - ETA: 0s - loss: 1.2028 - accuracy: 0.5806
178/196 [==========================>...] - ETA: 0s - loss: 1.2040 - accuracy: 0.5803
185/196 [===========================>..] - ETA: 0s - loss: 1.2054 - accuracy: 0.5803
191/196 [============================>.] - ETA: 0s - loss: 1.2051 - accuracy: 0.5808
196/196 [==============================] - 2s 11ms/step - loss: 1.2034 - accuracy: 0.5817 - val_loss: 1.2214 - val_accuracy: 0.5850
Epoch 4/78

  1/196 [..............................] - ETA: 2s - loss: 1.2059 - accuracy: 0.5703
 11/196 [>.............................] - ETA: 1s - loss: 1.1563 - accuracy: 0.5888
 20/196 [==>...........................] - ETA: 1s - loss: 1.1480 - accuracy: 0.6008
 31/196 [===>..........................] - ETA: 1s - loss: 1.1603 - accuracy: 0.5926
 40/196 [=====>........................] - ETA: 1s - loss: 1.1545 - accuracy: 0.5961
 46/196 [======>.......................] - ETA: 1s - loss: 1.1535 - accuracy: 0.5962
 53/196 [=======>......................] - ETA: 0s - loss: 1.1479 - accuracy: 0.5986
 59/196 [========>.....................] - ETA: 0s - loss: 1.1479 - accuracy: 0.5995
 65/196 [========>.....................] - ETA: 0s - loss: 1.1489 - accuracy: 0.6007
 72/196 [==========>...................] - ETA: 0s - loss: 1.1484 - accuracy: 0.6021
 79/196 [===========>..................] - ETA: 0s - loss: 1.1498 - accuracy: 0.6013
 86/196 [============>.................] - ETA: 0s - loss: 1.1465 - accuracy: 0.6026
 93/196 [=============>................] - ETA: 0s - loss: 1.1481 - accuracy: 0.6013
 99/196 [==============>...............] - ETA: 0s - loss: 1.1473 - accuracy: 0.6001
106/196 [===============>..............] - ETA: 0s - loss: 1.1456 - accuracy: 0.6001
113/196 [================>.............] - ETA: 0s - loss: 1.1463 - accuracy: 0.5999
118/196 [=================>............] - ETA: 0s - loss: 1.1451 - accuracy: 0.6007
125/196 [==================>...........] - ETA: 0s - loss: 1.1465 - accuracy: 0.6000
132/196 [===================>..........] - ETA: 0s - loss: 1.1449 - accuracy: 0.6012
140/196 [====================>.........] - ETA: 0s - loss: 1.1456 - accuracy: 0.6016
147/196 [=====================>........] - ETA: 0s - loss: 1.1460 - accuracy: 0.6012
155/196 [======================>.......] - ETA: 0s - loss: 1.1459 - accuracy: 0.6007
162/196 [=======================>......] - ETA: 0s - loss: 1.1463 - accuracy: 0.6011
169/196 [========================>.....] - ETA: 0s - loss: 1.1454 - accuracy: 0.6017
177/196 [==========================>...] - ETA: 0s - loss: 1.1475 - accuracy: 0.6011
184/196 [===========================>..] - ETA: 0s - loss: 1.1471 - accuracy: 0.6015
195/196 [============================>.] - ETA: 0s - loss: 1.1495 - accuracy: 0.6007
196/196 [==============================] - 2s 11ms/step - loss: 1.1495 - accuracy: 0.6006 - val_loss: 1.1571 - val_accuracy: 0.5890
Epoch 5/78

  1/196 [..............................] - ETA: 6s - loss: 1.0068 - accuracy: 0.6133
  9/196 [>.............................] - ETA: 1s - loss: 1.0843 - accuracy: 0.6189
 16/196 [=>............................] - ETA: 1s - loss: 1.0959 - accuracy: 0.6118
 22/196 [==>...........................] - ETA: 1s - loss: 1.0895 - accuracy: 0.6154
 29/196 [===>..........................] - ETA: 1s - loss: 1.1039 - accuracy: 0.6111
 36/196 [====>.........................] - ETA: 1s - loss: 1.0944 - accuracy: 0.6160
 43/196 [=====>........................] - ETA: 1s - loss: 1.1009 - accuracy: 0.6096
 51/196 [======>.......................] - ETA: 1s - loss: 1.0979 - accuracy: 0.6135
 58/196 [=======>......................] - ETA: 1s - loss: 1.1014 - accuracy: 0.6142
 65/196 [========>.....................] - ETA: 1s - loss: 1.1036 - accuracy: 0.6146
 73/196 [==========>...................] - ETA: 1s - loss: 1.0980 - accuracy: 0.6160
 80/196 [===========>..................] - ETA: 0s - loss: 1.0993 - accuracy: 0.6151
 87/196 [============>.................] - ETA: 0s - loss: 1.0951 - accuracy: 0.6157
 94/196 [=============>................] - ETA: 0s - loss: 1.0965 - accuracy: 0.6149
102/196 [==============>...............] - ETA: 0s - loss: 1.0967 - accuracy: 0.6138
109/196 [===============>..............] - ETA: 0s - loss: 1.0987 - accuracy: 0.6136
117/196 [================>.............] - ETA: 0s - loss: 1.0999 - accuracy: 0.6132
124/196 [=================>............] - ETA: 0s - loss: 1.1028 - accuracy: 0.6119
132/196 [===================>..........] - ETA: 0s - loss: 1.1049 - accuracy: 0.6109
139/196 [====================>.........] - ETA: 0s - loss: 1.1052 - accuracy: 0.6113
146/196 [=====================>........] - ETA: 0s - loss: 1.1059 - accuracy: 0.6115
157/196 [=======================>......] - ETA: 0s - loss: 1.1049 - accuracy: 0.6124
167/196 [========================>.....] - ETA: 0s - loss: 1.1053 - accuracy: 0.6126
177/196 [==========================>...] - ETA: 0s - loss: 1.1067 - accuracy: 0.6117
187/196 [===========================>..] - ETA: 0s - loss: 1.1079 - accuracy: 0.6116
196/196 [==============================] - 2s 11ms/step - loss: 1.1083 - accuracy: 0.6112 - val_loss: 1.1585 - val_accuracy: 0.5987
Epoch 6/78

  1/196 [..............................] - ETA: 3s - loss: 1.0584 - accuracy: 0.6445
  8/196 [>.............................] - ETA: 1s - loss: 1.1084 - accuracy: 0.6055
 15/196 [=>............................] - ETA: 1s - loss: 1.0692 - accuracy: 0.6195
 22/196 [==>...........................] - ETA: 1s - loss: 1.0562 - accuracy: 0.6234
 29/196 [===>..........................] - ETA: 1s - loss: 1.0541 - accuracy: 0.6280
 36/196 [====>.........................] - ETA: 1s - loss: 1.0602 - accuracy: 0.6306
 44/196 [=====>........................] - ETA: 1s - loss: 1.0642 - accuracy: 0.6297
 51/196 [======>.......................] - ETA: 1s - loss: 1.0636 - accuracy: 0.6286
 58/196 [=======>......................] - ETA: 1s - loss: 1.0624 - accuracy: 0.6268
 65/196 [========>.....................] - ETA: 1s - loss: 1.0676 - accuracy: 0.6260
 72/196 [==========>...................] - ETA: 1s - loss: 1.0667 - accuracy: 0.6261
 79/196 [===========>..................] - ETA: 1s - loss: 1.0670 - accuracy: 0.6258
 87/196 [============>.................] - ETA: 0s - loss: 1.0701 - accuracy: 0.6258
 94/196 [=============>................] - ETA: 0s - loss: 1.0716 - accuracy: 0.6252
101/196 [==============>...............] - ETA: 0s - loss: 1.0719 - accuracy: 0.6242
112/196 [================>.............] - ETA: 0s - loss: 1.0747 - accuracy: 0.6232
123/196 [=================>............] - ETA: 0s - loss: 1.0778 - accuracy: 0.6221
132/196 [===================>..........] - ETA: 0s - loss: 1.0804 - accuracy: 0.6218
142/196 [====================>.........] - ETA: 0s - loss: 1.0810 - accuracy: 0.6214
152/196 [======================>.......] - ETA: 0s - loss: 1.0822 - accuracy: 0.6214
162/196 [=======================>......] - ETA: 0s - loss: 1.0807 - accuracy: 0.6219
170/196 [=========================>....] - ETA: 0s - loss: 1.0811 - accuracy: 0.6221
179/196 [==========================>...] - ETA: 0s - loss: 1.0813 - accuracy: 0.6223
190/196 [============================>.] - ETA: 0s - loss: 1.0851 - accuracy: 0.6216
196/196 [==============================] - 2s 12ms/step - loss: 1.0857 - accuracy: 0.6212 - val_loss: 1.1439 - val_accuracy: 0.5996
Epoch 7/78

  1/196 [..............................] - ETA: 3s - loss: 1.0920 - accuracy: 0.5977
  8/196 [>.............................] - ETA: 1s - loss: 1.0459 - accuracy: 0.6255
 15/196 [=>............................] - ETA: 1s - loss: 1.0351 - accuracy: 0.6339
 23/196 [==>...........................] - ETA: 1s - loss: 1.0484 - accuracy: 0.6291
 30/196 [===>..........................] - ETA: 1s - loss: 1.0449 - accuracy: 0.6346
 37/196 [====>.........................] - ETA: 1s - loss: 1.0484 - accuracy: 0.6341
 44/196 [=====>........................] - ETA: 1s - loss: 1.0507 - accuracy: 0.6336
 55/196 [=======>......................] - ETA: 1s - loss: 1.0599 - accuracy: 0.6313
 65/196 [========>.....................] - ETA: 1s - loss: 1.0603 - accuracy: 0.6307
 75/196 [==========>...................] - ETA: 0s - loss: 1.0577 - accuracy: 0.6316
 85/196 [============>.................] - ETA: 0s - loss: 1.0620 - accuracy: 0.6304
 95/196 [=============>................] - ETA: 0s - loss: 1.0604 - accuracy: 0.6298
106/196 [===============>..............] - ETA: 0s - loss: 1.0574 - accuracy: 0.6308
116/196 [================>.............] - ETA: 0s - loss: 1.0611 - accuracy: 0.6293
126/196 [==================>...........] - ETA: 0s - loss: 1.0614 - accuracy: 0.6287
135/196 [===================>..........] - ETA: 0s - loss: 1.0633 - accuracy: 0.6279
146/196 [=====================>........] - ETA: 0s - loss: 1.0632 - accuracy: 0.6287
156/196 [======================>.......] - ETA: 0s - loss: 1.0637 - accuracy: 0.6289
165/196 [========================>.....] - ETA: 0s - loss: 1.0623 - accuracy: 0.6288
172/196 [=========================>....] - ETA: 0s - loss: 1.0628 - accuracy: 0.6285
180/196 [==========================>...] - ETA: 0s - loss: 1.0630 - accuracy: 0.6287
187/196 [===========================>..] - ETA: 0s - loss: 1.0630 - accuracy: 0.6291
195/196 [============================>.] - ETA: 0s - loss: 1.0646 - accuracy: 0.6288
196/196 [==============================] - 2s 11ms/step - loss: 1.0648 - accuracy: 0.6288 - val_loss: 1.5812 - val_accuracy: 0.4767
Epoch 8/78

  1/196 [..............................] - ETA: 3s - loss: 1.0778 - accuracy: 0.6289
 10/196 [>.............................] - ETA: 1s - loss: 1.0114 - accuracy: 0.6457
 21/196 [==>...........................] - ETA: 1s - loss: 1.0105 - accuracy: 0.6514
 31/196 [===>..........................] - ETA: 1s - loss: 1.0113 - accuracy: 0.6532
 32/196 [===>..........................] - ETA: 1s - loss: 1.0137 - accuracy: 0.6520
 41/196 [=====>........................] - ETA: 1s - loss: 1.0086 - accuracy: 0.6506
 51/196 [======>.......................] - ETA: 1s - loss: 1.0194 - accuracy: 0.6461
 61/196 [========>.....................] - ETA: 0s - loss: 1.0212 - accuracy: 0.6443
 71/196 [=========>....................] - ETA: 0s - loss: 1.0236 - accuracy: 0.6421
 80/196 [===========>..................] - ETA: 0s - loss: 1.0233 - accuracy: 0.6418
 87/196 [============>.................] - ETA: 0s - loss: 1.0223 - accuracy: 0.6418
 95/196 [=============>................] - ETA: 0s - loss: 1.0244 - accuracy: 0.6414
102/196 [==============>...............] - ETA: 0s - loss: 1.0295 - accuracy: 0.6398
108/196 [===============>..............] - ETA: 0s - loss: 1.0333 - accuracy: 0.6387
115/196 [================>.............] - ETA: 0s - loss: 1.0371 - accuracy: 0.6382
122/196 [=================>............] - ETA: 0s - loss: 1.0364 - accuracy: 0.6395
129/196 [==================>...........] - ETA: 0s - loss: 1.0379 - accuracy: 0.6387
136/196 [===================>..........] - ETA: 0s - loss: 1.0368 - accuracy: 0.6390
144/196 [=====================>........] - ETA: 0s - loss: 1.0367 - accuracy: 0.6390
151/196 [======================>.......] - ETA: 0s - loss: 1.0386 - accuracy: 0.6390
158/196 [=======================>......] - ETA: 0s - loss: 1.0410 - accuracy: 0.6381
164/196 [========================>.....] - ETA: 0s - loss: 1.0405 - accuracy: 0.6383
171/196 [=========================>....] - ETA: 0s - loss: 1.0408 - accuracy: 0.6379
178/196 [==========================>...] - ETA: 0s - loss: 1.0419 - accuracy: 0.6380
185/196 [===========================>..] - ETA: 0s - loss: 1.0449 - accuracy: 0.6377
191/196 [============================>.] - ETA: 0s - loss: 1.0438 - accuracy: 0.6385
196/196 [==============================] - 2s 11ms/step - loss: 1.0419 - accuracy: 0.6389 - val_loss: 1.1077 - val_accuracy: 0.6090
Epoch 9/78

  1/196 [..............................] - ETA: 3s - loss: 0.9758 - accuracy: 0.6250
 10/196 [>.............................] - ETA: 1s - loss: 0.9820 - accuracy: 0.6488
 20/196 [==>...........................] - ETA: 1s - loss: 1.0207 - accuracy: 0.6402
 29/196 [===>..........................] - ETA: 1s - loss: 1.0102 - accuracy: 0.6432
 38/196 [====>.........................] - ETA: 1s - loss: 1.0019 - accuracy: 0.6475
 45/196 [=====>........................] - ETA: 1s - loss: 1.0030 - accuracy: 0.6468
 52/196 [======>.......................] - ETA: 1s - loss: 1.0017 - accuracy: 0.6478
 60/196 [========>.....................] - ETA: 0s - loss: 1.0012 - accuracy: 0.6471
 68/196 [=========>....................] - ETA: 0s - loss: 1.0034 - accuracy: 0.6454
 75/196 [==========>...................] - ETA: 0s - loss: 1.0063 - accuracy: 0.6440
 82/196 [===========>..................] - ETA: 0s - loss: 1.0054 - accuracy: 0.6454
 88/196 [============>.................] - ETA: 0s - loss: 1.0077 - accuracy: 0.6453
 94/196 [=============>................] - ETA: 0s - loss: 1.0100 - accuracy: 0.6440
100/196 [==============>...............] - ETA: 0s - loss: 1.0100 - accuracy: 0.6448
107/196 [===============>..............] - ETA: 0s - loss: 1.0118 - accuracy: 0.6435
114/196 [================>.............] - ETA: 0s - loss: 1.0146 - accuracy: 0.6429
120/196 [=================>............] - ETA: 0s - loss: 1.0189 - accuracy: 0.6409
128/196 [==================>...........] - ETA: 0s - loss: 1.0225 - accuracy: 0.6406
135/196 [===================>..........] - ETA: 0s - loss: 1.0252 - accuracy: 0.6394
142/196 [====================>.........] - ETA: 0s - loss: 1.0245 - accuracy: 0.6392
150/196 [=====================>........] - ETA: 0s - loss: 1.0230 - accuracy: 0.6403
156/196 [======================>.......] - ETA: 0s - loss: 1.0252 - accuracy: 0.6399
163/196 [=======================>......] - ETA: 0s - loss: 1.0259 - accuracy: 0.6399
170/196 [=========================>....] - ETA: 0s - loss: 1.0274 - accuracy: 0.6397
178/196 [==========================>...] - ETA: 0s - loss: 1.0270 - accuracy: 0.6398
185/196 [===========================>..] - ETA: 0s - loss: 1.0288 - accuracy: 0.6397
195/196 [============================>.] - ETA: 0s - loss: 1.0314 - accuracy: 0.6386
196/196 [==============================] - 2s 11ms/step - loss: 1.0310 - accuracy: 0.6389 - val_loss: 1.3071 - val_accuracy: 0.5584
Epoch 10/78

  1/196 [..............................] - ETA: 6s - loss: 1.1025 - accuracy: 0.6211
  9/196 [>.............................] - ETA: 1s - loss: 1.0423 - accuracy: 0.6424
 15/196 [=>............................] - ETA: 1s - loss: 1.0237 - accuracy: 0.6451
 20/196 [==>...........................] - ETA: 1s - loss: 1.0125 - accuracy: 0.6502
 26/196 [==>...........................] - ETA: 1s - loss: 1.0042 - accuracy: 0.6496
 34/196 [====>.........................] - ETA: 1s - loss: 1.0033 - accuracy: 0.6520
 41/196 [=====>........................] - ETA: 1s - loss: 1.0037 - accuracy: 0.6525
 49/196 [======>.......................] - ETA: 1s - loss: 0.9961 - accuracy: 0.6537
 56/196 [=======>......................] - ETA: 1s - loss: 0.9920 - accuracy: 0.6554
 64/196 [========>.....................] - ETA: 1s - loss: 0.9953 - accuracy: 0.6545
 71/196 [=========>....................] - ETA: 1s - loss: 0.9983 - accuracy: 0.6543
 78/196 [==========>...................] - ETA: 1s - loss: 0.9956 - accuracy: 0.6558
 85/196 [============>.................] - ETA: 0s - loss: 0.9958 - accuracy: 0.6559
 92/196 [=============>................] - ETA: 0s - loss: 0.9993 - accuracy: 0.6554
100/196 [==============>...............] - ETA: 0s - loss: 0.9995 - accuracy: 0.6552
107/196 [===============>..............] - ETA: 0s - loss: 0.9996 - accuracy: 0.6546
114/196 [================>.............] - ETA: 0s - loss: 1.0013 - accuracy: 0.6537
122/196 [=================>............] - ETA: 0s - loss: 1.0027 - accuracy: 0.6523
129/196 [==================>...........] - ETA: 0s - loss: 1.0030 - accuracy: 0.6525
136/196 [===================>..........] - ETA: 0s - loss: 1.0045 - accuracy: 0.6523
143/196 [====================>.........] - ETA: 0s - loss: 1.0040 - accuracy: 0.6524
150/196 [=====================>........] - ETA: 0s - loss: 1.0048 - accuracy: 0.6520
158/196 [=======================>......] - ETA: 0s - loss: 1.0048 - accuracy: 0.6518
168/196 [========================>.....] - ETA: 0s - loss: 1.0083 - accuracy: 0.6506
178/196 [==========================>...] - ETA: 0s - loss: 1.0084 - accuracy: 0.6496
188/196 [===========================>..] - ETA: 0s - loss: 1.0097 - accuracy: 0.6484
196/196 [==============================] - 2s 11ms/step - loss: 1.0088 - accuracy: 0.6483 - val_loss: 1.0757 - val_accuracy: 0.6318
Epoch 11/78

  1/196 [..............................] - ETA: 3s - loss: 1.0179 - accuracy: 0.6289
  8/196 [>.............................] - ETA: 1s - loss: 0.9746 - accuracy: 0.6602
 15/196 [=>............................] - ETA: 1s - loss: 0.9690 - accuracy: 0.6617
 22/196 [==>...........................] - ETA: 1s - loss: 0.9593 - accuracy: 0.6641
 29/196 [===>..........................] - ETA: 1s - loss: 0.9618 - accuracy: 0.6624
 37/196 [====>.........................] - ETA: 1s - loss: 0.9697 - accuracy: 0.6565
 44/196 [=====>........................] - ETA: 1s - loss: 0.9701 - accuracy: 0.6571
 51/196 [======>.......................] - ETA: 1s - loss: 0.9766 - accuracy: 0.6552
 59/196 [========>.....................] - ETA: 1s - loss: 0.9821 - accuracy: 0.6524
 66/196 [=========>....................] - ETA: 1s - loss: 0.9866 - accuracy: 0.6518
 73/196 [==========>...................] - ETA: 1s - loss: 0.9885 - accuracy: 0.6512
 80/196 [===========>..................] - ETA: 1s - loss: 0.9893 - accuracy: 0.6518
 87/196 [============>.................] - ETA: 0s - loss: 0.9867 - accuracy: 0.6536
 95/196 [=============>................] - ETA: 0s - loss: 0.9827 - accuracy: 0.6551
103/196 [==============>...............] - ETA: 0s - loss: 0.9851 - accuracy: 0.6547
112/196 [================>.............] - ETA: 0s - loss: 0.9879 - accuracy: 0.6535
123/196 [=================>............] - ETA: 0s - loss: 0.9884 - accuracy: 0.6542
134/196 [===================>..........] - ETA: 0s - loss: 0.9889 - accuracy: 0.6542
145/196 [=====================>........] - ETA: 0s - loss: 0.9886 - accuracy: 0.6546
155/196 [======================>.......] - ETA: 0s - loss: 0.9929 - accuracy: 0.6541
166/196 [========================>.....] - ETA: 0s - loss: 0.9962 - accuracy: 0.6529
175/196 [=========================>....] - ETA: 0s - loss: 0.9965 - accuracy: 0.6526
185/196 [===========================>..] - ETA: 0s - loss: 0.9983 - accuracy: 0.6523
194/196 [============================>.] - ETA: 0s - loss: 0.9980 - accuracy: 0.6528
196/196 [==============================] - 2s 11ms/step - loss: 0.9978 - accuracy: 0.6530 - val_loss: 1.1013 - val_accuracy: 0.6226
Epoch 12/78

  1/196 [..............................] - ETA: 3s - loss: 0.9233 - accuracy: 0.6836
  7/196 [>.............................] - ETA: 1s - loss: 0.9398 - accuracy: 0.6618
 15/196 [=>............................] - ETA: 1s - loss: 0.9543 - accuracy: 0.6583
 22/196 [==>...........................] - ETA: 1s - loss: 0.9359 - accuracy: 0.6676
 30/196 [===>..........................] - ETA: 1s - loss: 0.9391 - accuracy: 0.6673
 37/196 [====>.........................] - ETA: 1s - loss: 0.9527 - accuracy: 0.6624
 44/196 [=====>........................] - ETA: 1s - loss: 0.9640 - accuracy: 0.6594
 53/196 [=======>......................] - ETA: 1s - loss: 0.9650 - accuracy: 0.6602
 62/196 [========>.....................] - ETA: 1s - loss: 0.9625 - accuracy: 0.6617
 71/196 [=========>....................] - ETA: 1s - loss: 0.9670 - accuracy: 0.6607
 79/196 [===========>..................] - ETA: 0s - loss: 0.9634 - accuracy: 0.6623
 87/196 [============>.................] - ETA: 0s - loss: 0.9630 - accuracy: 0.6619
 97/196 [=============>................] - ETA: 0s - loss: 0.9629 - accuracy: 0.6635
108/196 [===============>..............] - ETA: 0s - loss: 0.9628 - accuracy: 0.6644
118/196 [=================>............] - ETA: 0s - loss: 0.9646 - accuracy: 0.6640
128/196 [==================>...........] - ETA: 0s - loss: 0.9678 - accuracy: 0.6630
137/196 [===================>..........] - ETA: 0s - loss: 0.9697 - accuracy: 0.6617
148/196 [=====================>........] - ETA: 0s - loss: 0.9725 - accuracy: 0.6606
157/196 [=======================>......] - ETA: 0s - loss: 0.9775 - accuracy: 0.6591
164/196 [========================>.....] - ETA: 0s - loss: 0.9787 - accuracy: 0.6591
172/196 [=========================>....] - ETA: 0s - loss: 0.9799 - accuracy: 0.6589
179/196 [==========================>...] - ETA: 0s - loss: 0.9809 - accuracy: 0.6587
186/196 [===========================>..] - ETA: 0s - loss: 0.9820 - accuracy: 0.6582
193/196 [============================>.] - ETA: 0s - loss: 0.9826 - accuracy: 0.6584
196/196 [==============================] - 2s 12ms/step - loss: 0.9833 - accuracy: 0.6582 - val_loss: 1.1104 - val_accuracy: 0.6201
Epoch 13/78

  1/196 [..............................] - ETA: 3s - loss: 0.8499 - accuracy: 0.7070
  9/196 [>.............................] - ETA: 1s - loss: 0.9489 - accuracy: 0.6710
 19/196 [=>............................] - ETA: 1s - loss: 0.9500 - accuracy: 0.6624
 29/196 [===>..........................] - ETA: 1s - loss: 0.9617 - accuracy: 0.6616
 40/196 [=====>........................] - ETA: 1s - loss: 0.9572 - accuracy: 0.6646
 49/196 [======>.......................] - ETA: 0s - loss: 0.9537 - accuracy: 0.6636
 57/196 [=======>......................] - ETA: 0s - loss: 0.9532 - accuracy: 0.6634
 66/196 [=========>....................] - ETA: 0s - loss: 0.9524 - accuracy: 0.6648
 76/196 [==========>...................] - ETA: 0s - loss: 0.9569 - accuracy: 0.6634
 86/196 [============>.................] - ETA: 0s - loss: 0.9624 - accuracy: 0.6632
 94/196 [=============>................] - ETA: 0s - loss: 0.9623 - accuracy: 0.6628
100/196 [==============>...............] - ETA: 0s - loss: 0.9608 - accuracy: 0.6634
106/196 [===============>..............] - ETA: 0s - loss: 0.9617 - accuracy: 0.6639
114/196 [================>.............] - ETA: 0s - loss: 0.9611 - accuracy: 0.6639
121/196 [=================>............] - ETA: 0s - loss: 0.9632 - accuracy: 0.6630
128/196 [==================>...........] - ETA: 0s - loss: 0.9658 - accuracy: 0.6626
135/196 [===================>..........] - ETA: 0s - loss: 0.9685 - accuracy: 0.6620
142/196 [====================>.........] - ETA: 0s - loss: 0.9686 - accuracy: 0.6618
150/196 [=====================>........] - ETA: 0s - loss: 0.9697 - accuracy: 0.6616
157/196 [=======================>......] - ETA: 0s - loss: 0.9699 - accuracy: 0.6611
163/196 [=======================>......] - ETA: 0s - loss: 0.9705 - accuracy: 0.6607
170/196 [=========================>....] - ETA: 0s - loss: 0.9709 - accuracy: 0.6607
178/196 [==========================>...] - ETA: 0s - loss: 0.9723 - accuracy: 0.6600
186/196 [===========================>..] - ETA: 0s - loss: 0.9741 - accuracy: 0.6593
192/196 [============================>.] - ETA: 0s - loss: 0.9765 - accuracy: 0.6584
196/196 [==============================] - 2s 11ms/step - loss: 0.9773 - accuracy: 0.6584 - val_loss: 1.0968 - val_accuracy: 0.6227
Epoch 14/78

  1/196 [..............................] - ETA: 0s - loss: 0.9665 - accuracy: 0.6523
  9/196 [>.............................] - ETA: 1s - loss: 0.9601 - accuracy: 0.6671
 19/196 [=>............................] - ETA: 1s - loss: 0.9488 - accuracy: 0.6750
 29/196 [===>..........................] - ETA: 1s - loss: 0.9459 - accuracy: 0.6716
 39/196 [====>.........................] - ETA: 1s - loss: 0.9502 - accuracy: 0.6690
 46/196 [======>.......................] - ETA: 1s - loss: 0.9530 - accuracy: 0.6696
 53/196 [=======>......................] - ETA: 1s - loss: 0.9551 - accuracy: 0.6683
 60/196 [========>.....................] - ETA: 1s - loss: 0.9532 - accuracy: 0.6690
 67/196 [=========>....................] - ETA: 0s - loss: 0.9540 - accuracy: 0.6672
 74/196 [==========>...................] - ETA: 0s - loss: 0.9533 - accuracy: 0.6671
 81/196 [===========>..................] - ETA: 0s - loss: 0.9532 - accuracy: 0.6667
 88/196 [============>.................] - ETA: 0s - loss: 0.9547 - accuracy: 0.6668
 94/196 [=============>................] - ETA: 0s - loss: 0.9516 - accuracy: 0.6682
101/196 [==============>...............] - ETA: 0s - loss: 0.9513 - accuracy: 0.6680
108/196 [===============>..............] - ETA: 0s - loss: 0.9559 - accuracy: 0.6666
116/196 [================>.............] - ETA: 0s - loss: 0.9589 - accuracy: 0.6659
123/196 [=================>............] - ETA: 0s - loss: 0.9611 - accuracy: 0.6654
131/196 [===================>..........] - ETA: 0s - loss: 0.9634 - accuracy: 0.6643
138/196 [====================>.........] - ETA: 0s - loss: 0.9648 - accuracy: 0.6633
145/196 [=====================>........] - ETA: 0s - loss: 0.9649 - accuracy: 0.6634
152/196 [======================>.......] - ETA: 0s - loss: 0.9649 - accuracy: 0.6634
158/196 [=======================>......] - ETA: 0s - loss: 0.9657 - accuracy: 0.6631
165/196 [========================>.....] - ETA: 0s - loss: 0.9663 - accuracy: 0.6628
173/196 [=========================>....] - ETA: 0s - loss: 0.9671 - accuracy: 0.6618
180/196 [==========================>...] - ETA: 0s - loss: 0.9692 - accuracy: 0.6605
188/196 [===========================>..] - ETA: 0s - loss: 0.9693 - accuracy: 0.6602
196/196 [==============================] - 2s 11ms/step - loss: 0.9700 - accuracy: 0.6599 - val_loss: 1.0909 - val_accuracy: 0.6257
Epoch 15/78

  1/196 [..............................] - ETA: 5s - loss: 0.8868 - accuracy: 0.7070
  9/196 [>.............................] - ETA: 1s - loss: 0.9335 - accuracy: 0.6840
 16/196 [=>............................] - ETA: 1s - loss: 0.9304 - accuracy: 0.6768
 23/196 [==>...........................] - ETA: 1s - loss: 0.9285 - accuracy: 0.6732
 31/196 [===>..........................] - ETA: 1s - loss: 0.9372 - accuracy: 0.6733
 38/196 [====>.........................] - ETA: 1s - loss: 0.9462 - accuracy: 0.6697
 45/196 [=====>........................] - ETA: 1s - loss: 0.9489 - accuracy: 0.6687
 53/196 [=======>......................] - ETA: 1s - loss: 0.9510 - accuracy: 0.6682
 60/196 [========>.....................] - ETA: 1s - loss: 0.9456 - accuracy: 0.6701
 67/196 [=========>....................] - ETA: 1s - loss: 0.9460 - accuracy: 0.6693
 74/196 [==========>...................] - ETA: 1s - loss: 0.9462 - accuracy: 0.6699
 82/196 [===========>..................] - ETA: 0s - loss: 0.9418 - accuracy: 0.6703
 88/196 [============>.................] - ETA: 0s - loss: 0.9429 - accuracy: 0.6694
 95/196 [=============>................] - ETA: 0s - loss: 0.9451 - accuracy: 0.6688
101/196 [==============>...............] - ETA: 0s - loss: 0.9431 - accuracy: 0.6699
107/196 [===============>..............] - ETA: 0s - loss: 0.9432 - accuracy: 0.6707
115/196 [================>.............] - ETA: 0s - loss: 0.9472 - accuracy: 0.6691
121/196 [=================>............] - ETA: 0s - loss: 0.9491 - accuracy: 0.6682
128/196 [==================>...........] - ETA: 0s - loss: 0.9468 - accuracy: 0.6685
135/196 [===================>..........] - ETA: 0s - loss: 0.9492 - accuracy: 0.6679
143/196 [====================>.........] - ETA: 0s - loss: 0.9519 - accuracy: 0.6673
153/196 [======================>.......] - ETA: 0s - loss: 0.9561 - accuracy: 0.6657
164/196 [========================>.....] - ETA: 0s - loss: 0.9586 - accuracy: 0.6649
173/196 [=========================>....] - ETA: 0s - loss: 0.9602 - accuracy: 0.6645
183/196 [===========================>..] - ETA: 0s - loss: 0.9612 - accuracy: 0.6642
191/196 [============================>.] - ETA: 0s - loss: 0.9631 - accuracy: 0.6636
196/196 [==============================] - 2s 11ms/step - loss: 0.9643 - accuracy: 0.6634 - val_loss: 1.2787 - val_accuracy: 0.5721
Epoch 15: early stopping

  1/313 [..............................] - ETA: 4s - loss: 0.9219 - accuracy: 0.5938
 22/313 [=>............................] - ETA: 0s - loss: 1.2101 - accuracy: 0.5767
 42/313 [===>..........................] - ETA: 0s - loss: 1.2430 - accuracy: 0.5714
 61/313 [====>.........................] - ETA: 0s - loss: 1.2474 - accuracy: 0.5712
 82/313 [======>.......................] - ETA: 0s - loss: 1.2640 - accuracy: 0.5697
100/313 [========>.....................] - ETA: 0s - loss: 1.2594 - accuracy: 0.5709
119/313 [==========>...................] - ETA: 0s - loss: 1.2724 - accuracy: 0.5699
140/313 [============>.................] - ETA: 0s - loss: 1.2625 - accuracy: 0.5703
159/313 [==============>...............] - ETA: 0s - loss: 1.2571 - accuracy: 0.5723
176/313 [===============>..............] - ETA: 0s - loss: 1.2612 - accuracy: 0.5740
207/313 [==================>...........] - ETA: 0s - loss: 1.2656 - accuracy: 0.5705
243/313 [======================>.......] - ETA: 0s - loss: 1.2670 - accuracy: 0.5737
280/313 [=========================>....] - ETA: 0s - loss: 1.2781 - accuracy: 0.5725
313/313 [==============================] - 1s 2ms/step - loss: 1.2787 - accuracy: 0.5721
