2024-06-26 02:11:07.246054: I tensorflow/core/platform/cpu_feature_guard.cc:193] This TensorFlow binary is optimized with oneAPI Deep Neural Network Library (oneDNN) to use the following CPU instructions in performance-critical operations:  AVX AVX2
To enable them in other operations, rebuild TensorFlow with the appropriate compiler flags.
2024-06-26 02:11:08.626939: I tensorflow/core/common_runtime/gpu/gpu_device.cc:1616] Created device /job:localhost/replica:0/task:0/device:GPU:0 with 6656 MB memory:  -> device: 0, name: NVIDIA GeForce RTX 4060 Ti, pci bus id: 0000:01:00.0, compute capability: 8.9
1 Physical GPUs, 1 Logical GPUs
Model: "sequential"
_________________________________________________________________
 Layer (type)                Output Shape              Param #   
=================================================================
 conv2d (Conv2D)             (None, 32, 32, 32)        896       
                                                                 
 batch_normalization (BatchN  (None, 32, 32, 32)       128       
 ormalization)                                                   
                                                                 
 conv2d_1 (Conv2D)           (None, 32, 32, 32)        82976     
                                                                 
 max_pooling2d (MaxPooling2D  (None, 16, 16, 32)       0         
 )                                                               
                                                                 
 dropout (Dropout)           (None, 16, 16, 32)        0         
                                                                 
 flatten (Flatten)           (None, 8192)              0         
                                                                 
 dense (Dense)               (None, 10)                81930     
                                                                 
=================================================================
Total params: 165,930
Trainable params: 165,866
Non-trainable params: 64
_________________________________________________________________
Taxa de aprendizado:  0.1 Num de épocas:  170 Tamanho do lote:  1024 Dropout:  0.37354
Epoch 1/170
2024-06-26 02:11:10.307611: I tensorflow/stream_executor/cuda/cuda_dnn.cc:384] Loaded cuDNN version 8100
2024-06-26 02:11:11.493221: W tensorflow/stream_executor/gpu/redzone_allocator.cc:314] INTERNAL: ptxas exited with non-zero error code -1, output: 
Relying on driver to perform ptx compilation. 
Modify $PATH to customize ptxas location.
This message will be only logged once.
2024-06-26 02:11:14.028888: I tensorflow/stream_executor/cuda/cuda_blas.cc:1614] TensorFloat-32 will be used for the matrix multiplication. This will only be logged once.

 1/49 [..............................] - ETA: 8:25 - loss: 2.7437 - accuracy: 0.1143
 2/49 [>.............................] - ETA: 10s - loss: 3413.6331 - accuracy: 0.1060
 3/49 [>.............................] - ETA: 10s - loss: 3068.0938 - accuracy: 0.1038
 4/49 [=>............................] - ETA: 9s - loss: 2323.0923 - accuracy: 0.1013 
 5/49 [==>...........................] - ETA: 9s - loss: 1866.7458 - accuracy: 0.1029
 6/49 [==>...........................] - ETA: 9s - loss: 1558.6549 - accuracy: 0.1009
 7/49 [===>..........................] - ETA: 9s - loss: 1337.9083 - accuracy: 0.1014
 8/49 [===>..........................] - ETA: 8s - loss: 1170.9602 - accuracy: 0.1030
 9/49 [====>.........................] - ETA: 8s - loss: 1041.1105 - accuracy: 0.1041
10/49 [=====>........................] - ETA: 8s - loss: 937.2313 - accuracy: 0.1032 
11/49 [=====>........................] - ETA: 8s - loss: 852.2395 - accuracy: 0.1029
12/49 [======>.......................] - ETA: 7s - loss: 781.4122 - accuracy: 0.1024
13/49 [======>.......................] - ETA: 7s - loss: 721.4821 - accuracy: 0.1013
14/49 [=======>......................] - ETA: 7s - loss: 670.1141 - accuracy: 0.1013
15/49 [========>.....................] - ETA: 7s - loss: 625.5947 - accuracy: 0.1021
16/49 [========>.....................] - ETA: 7s - loss: 586.6402 - accuracy: 0.1016
17/49 [=========>....................] - ETA: 6s - loss: 552.2683 - accuracy: 0.1015
18/49 [==========>...................] - ETA: 6s - loss: 521.7159 - accuracy: 0.1010
19/49 [==========>...................] - ETA: 6s - loss: 494.3796 - accuracy: 0.1013
20/49 [===========>..................] - ETA: 6s - loss: 469.7767 - accuracy: 0.1014
21/49 [===========>..................] - ETA: 6s - loss: 447.5167 - accuracy: 0.1013
22/49 [============>.................] - ETA: 5s - loss: 427.2804 - accuracy: 0.1012
23/49 [=============>................] - ETA: 5s - loss: 408.8036 - accuracy: 0.1008
24/49 [=============>................] - ETA: 5s - loss: 391.8667 - accuracy: 0.1006
25/49 [==============>...............] - ETA: 5s - loss: 376.2844 - accuracy: 0.1009
26/49 [==============>...............] - ETA: 9s - loss: 364.2938 - accuracy: 0.1007
27/49 [===============>..............] - ETA: 8s - loss: 350.8011 - accuracy: 0.1008
28/49 [================>.............] - ETA: 7s - loss: 338.2779 - accuracy: 0.1009
29/49 [================>.............] - ETA: 7s - loss: 326.6235 - accuracy: 0.1006
30/49 [=================>............] - ETA: 6s - loss: 315.7506 - accuracy: 0.1008
31/49 [=================>............] - ETA: 6s - loss: 305.5831 - accuracy: 0.1013
32/49 [==================>...........] - ETA: 5s - loss: 296.0544 - accuracy: 0.1009
33/49 [===================>..........] - ETA: 5s - loss: 287.1063 - accuracy: 0.1011
34/49 [===================>..........] - ETA: 5s - loss: 278.6871 - accuracy: 0.1009
35/49 [====================>.........] - ETA: 4s - loss: 270.7515 - accuracy: 0.1008
36/49 [=====================>........] - ETA: 4s - loss: 263.2589 - accuracy: 0.1006
37/49 [=====================>........] - ETA: 3s - loss: 256.1731 - accuracy: 0.1003
38/49 [======================>.......] - ETA: 3s - loss: 249.4620 - accuracy: 0.1002
39/49 [======================>.......] - ETA: 3s - loss: 243.0966 - accuracy: 0.1002
40/49 [=======================>......] - ETA: 2s - loss: 237.0508 - accuracy: 0.0999
41/49 [========================>.....] - ETA: 2s - loss: 231.3011 - accuracy: 0.0996
42/49 [========================>.....] - ETA: 2s - loss: 225.8264 - accuracy: 0.0996
43/49 [=========================>....] - ETA: 1s - loss: 220.6073 - accuracy: 0.0992
44/49 [=========================>....] - ETA: 1s - loss: 215.6264 - accuracy: 0.0997
45/49 [==========================>...] - ETA: 1s - loss: 210.8678 - accuracy: 0.0997
46/49 [===========================>..] - ETA: 0s - loss: 206.3167 - accuracy: 0.0999
47/49 [===========================>..] - ETA: 0s - loss: 201.9601 - accuracy: 0.1000
48/49 [============================>.] - ETA: 0s - loss: 197.7856 - accuracy: 0.1003
49/49 [==============================] - ETA: 0s - loss: 193.7821 - accuracy: 0.0998
49/49 [==============================] - 26s 328ms/step - loss: 193.7821 - accuracy: 0.0998 - val_loss: 2.3052 - val_accuracy: 0.1000
Epoch 2/170

 1/49 [..............................] - ETA: 12s - loss: 2.3058 - accuracy: 0.0957
 2/49 [>.............................] - ETA: 10s - loss: 2.3049 - accuracy: 0.0981
 3/49 [>.............................] - ETA: 9s - loss: 2.3046 - accuracy: 0.0986 
 4/49 [=>............................] - ETA: 9s - loss: 2.3049 - accuracy: 0.0942
 5/49 [==>...........................] - ETA: 9s - loss: 2.3052 - accuracy: 0.0926
 6/49 [==>...........................] - ETA: 9s - loss: 2.3047 - accuracy: 0.0946
 7/49 [===>..........................] - ETA: 9s - loss: 2.3043 - accuracy: 0.0956
 8/49 [===>..........................] - ETA: 8s - loss: 2.3043 - accuracy: 0.0953
 9/49 [====>.........................] - ETA: 8s - loss: 2.3043 - accuracy: 0.0961
10/49 [=====>........................] - ETA: 8s - loss: 2.3040 - accuracy: 0.0972
11/49 [=====>........................] - ETA: 8s - loss: 2.3039 - accuracy: 0.0976
12/49 [======>.......................] - ETA: 7s - loss: 2.3038 - accuracy: 0.0981
13/49 [======>.......................] - ETA: 7s - loss: 2.3037 - accuracy: 0.0980
14/49 [=======>......................] - ETA: 7s - loss: 2.3036 - accuracy: 0.0989
15/49 [========>.....................] - ETA: 7s - loss: 2.3036 - accuracy: 0.0994
16/49 [========>.....................] - ETA: 7s - loss: 2.3036 - accuracy: 0.0989
17/49 [=========>....................] - ETA: 6s - loss: 2.3036 - accuracy: 0.0991
18/49 [==========>...................] - ETA: 6s - loss: 2.3035 - accuracy: 0.0993
19/49 [==========>...................] - ETA: 6s - loss: 2.3036 - accuracy: 0.0994
20/49 [===========>..................] - ETA: 6s - loss: 2.3036 - accuracy: 0.0993
21/49 [===========>..................] - ETA: 5s - loss: 2.3037 - accuracy: 0.0995
22/49 [============>.................] - ETA: 5s - loss: 2.3036 - accuracy: 0.0994
23/49 [=============>................] - ETA: 5s - loss: 2.3036 - accuracy: 0.0998
24/49 [=============>................] - ETA: 5s - loss: 2.3036 - accuracy: 0.1000
25/49 [==============>...............] - ETA: 5s - loss: 2.3035 - accuracy: 0.1002
26/49 [==============>...............] - ETA: 4s - loss: 2.3035 - accuracy: 0.1004
27/49 [===============>..............] - ETA: 4s - loss: 2.3036 - accuracy: 0.1004
28/49 [================>.............] - ETA: 4s - loss: 2.3036 - accuracy: 0.1004
29/49 [================>.............] - ETA: 4s - loss: 2.3036 - accuracy: 0.1001
30/49 [=================>............] - ETA: 4s - loss: 2.3036 - accuracy: 0.1000
31/49 [=================>............] - ETA: 3s - loss: 2.3037 - accuracy: 0.0998
32/49 [==================>...........] - ETA: 3s - loss: 2.3036 - accuracy: 0.0995
33/49 [===================>..........] - ETA: 3s - loss: 2.3036 - accuracy: 0.0997
34/49 [===================>..........] - ETA: 3s - loss: 2.3035 - accuracy: 0.0997
35/49 [====================>.........] - ETA: 3s - loss: 2.3036 - accuracy: 0.0999
36/49 [=====================>........] - ETA: 2s - loss: 2.3036 - accuracy: 0.0999
37/49 [=====================>........] - ETA: 2s - loss: 2.3036 - accuracy: 0.0999
38/49 [======================>.......] - ETA: 2s - loss: 2.3036 - accuracy: 0.1000
39/49 [======================>.......] - ETA: 2s - loss: 2.3035 - accuracy: 0.1000
40/49 [=======================>......] - ETA: 1s - loss: 2.3036 - accuracy: 0.0998
41/49 [========================>.....] - ETA: 1s - loss: 2.3036 - accuracy: 0.0997
42/49 [========================>.....] - ETA: 1s - loss: 2.3036 - accuracy: 0.0996
43/49 [=========================>....] - ETA: 1s - loss: 2.3036 - accuracy: 0.0993
44/49 [=========================>....] - ETA: 1s - loss: 2.3036 - accuracy: 0.0994
45/49 [==========================>...] - ETA: 0s - loss: 2.3036 - accuracy: 0.0998
46/49 [===========================>..] - ETA: 0s - loss: 2.3036 - accuracy: 0.0998
47/49 [===========================>..] - ETA: 0s - loss: 2.3036 - accuracy: 0.0997
48/49 [============================>.] - ETA: 0s - loss: 2.3036 - accuracy: 0.0996
49/49 [==============================] - ETA: 0s - loss: 2.3036 - accuracy: 0.0996
49/49 [==============================] - 12s 242ms/step - loss: 2.3036 - accuracy: 0.0996 - val_loss: 2.3035 - val_accuracy: 0.1000
Epoch 3/170

 1/49 [..............................] - ETA: 11s - loss: 2.3046 - accuracy: 0.0996
 2/49 [>.............................] - ETA: 10s - loss: 2.3041 - accuracy: 0.1011
 3/49 [>.............................] - ETA: 10s - loss: 2.3032 - accuracy: 0.1019
 4/49 [=>............................] - ETA: 9s - loss: 2.3031 - accuracy: 0.1050 
 5/49 [==>...........................] - ETA: 9s - loss: 2.3032 - accuracy: 0.1012
 6/49 [==>...........................] - ETA: 9s - loss: 2.3035 - accuracy: 0.0988
 7/49 [===>..........................] - ETA: 9s - loss: 2.3036 - accuracy: 0.0981
 8/49 [===>..........................] - ETA: 8s - loss: 2.3036 - accuracy: 0.0968
 9/49 [====>.........................] - ETA: 8s - loss: 2.3034 - accuracy: 0.0977
10/49 [=====>........................] - ETA: 8s - loss: 2.3037 - accuracy: 0.0974
11/49 [=====>........................] - ETA: 8s - loss: 2.3035 - accuracy: 0.0981
12/49 [======>.......................] - ETA: 7s - loss: 2.3034 - accuracy: 0.0984
13/49 [======>.......................] - ETA: 7s - loss: 2.3038 - accuracy: 0.0976
14/49 [=======>......................] - ETA: 7s - loss: 2.3039 - accuracy: 0.0973
15/49 [========>.....................] - ETA: 7s - loss: 2.3039 - accuracy: 0.0984
16/49 [========>.....................] - ETA: 6s - loss: 2.3040 - accuracy: 0.0984
17/49 [=========>....................] - ETA: 6s - loss: 2.3041 - accuracy: 0.0983
18/49 [==========>...................] - ETA: 6s - loss: 2.3041 - accuracy: 0.0988
19/49 [==========>...................] - ETA: 6s - loss: 2.3042 - accuracy: 0.0987
20/49 [===========>..................] - ETA: 5s - loss: 2.3041 - accuracy: 0.0992
21/49 [===========>..................] - ETA: 5s - loss: 2.3040 - accuracy: 0.0993
22/49 [============>.................] - ETA: 5s - loss: 2.3040 - accuracy: 0.0987
23/49 [=============>................] - ETA: 5s - loss: 2.3040 - accuracy: 0.0985
24/49 [=============>................] - ETA: 4s - loss: 2.3039 - accuracy: 0.0988
25/49 [==============>...............] - ETA: 4s - loss: 2.3039 - accuracy: 0.0988
26/49 [==============>...............] - ETA: 4s - loss: 2.3038 - accuracy: 0.0990
27/49 [===============>..............] - ETA: 4s - loss: 2.3039 - accuracy: 0.0989
28/49 [================>.............] - ETA: 4s - loss: 2.3040 - accuracy: 0.0985
29/49 [================>.............] - ETA: 3s - loss: 2.3040 - accuracy: 0.0981
30/49 [=================>............] - ETA: 3s - loss: 2.3040 - accuracy: 0.0980
31/49 [=================>............] - ETA: 3s - loss: 2.3040 - accuracy: 0.0984
32/49 [==================>...........] - ETA: 3s - loss: 2.3040 - accuracy: 0.0982
33/49 [===================>..........] - ETA: 3s - loss: 2.3040 - accuracy: 0.0982
34/49 [===================>..........] - ETA: 2s - loss: 2.3040 - accuracy: 0.0982
35/49 [====================>.........] - ETA: 2s - loss: 2.3040 - accuracy: 0.0979
36/49 [=====================>........] - ETA: 2s - loss: 2.3040 - accuracy: 0.0981
37/49 [=====================>........] - ETA: 2s - loss: 2.3040 - accuracy: 0.0981
38/49 [======================>.......] - ETA: 2s - loss: 2.3039 - accuracy: 0.0986
39/49 [======================>.......] - ETA: 1s - loss: 2.3040 - accuracy: 0.0983
40/49 [=======================>......] - ETA: 1s - loss: 2.3040 - accuracy: 0.0985
41/49 [========================>.....] - ETA: 1s - loss: 2.3041 - accuracy: 0.0982
42/49 [========================>.....] - ETA: 1s - loss: 2.3041 - accuracy: 0.0981
43/49 [=========================>....] - ETA: 1s - loss: 2.3040 - accuracy: 0.0983
44/49 [=========================>....] - ETA: 0s - loss: 2.3040 - accuracy: 0.0981
45/49 [==========================>...] - ETA: 0s - loss: 2.3040 - accuracy: 0.0983
46/49 [===========================>..] - ETA: 0s - loss: 2.3040 - accuracy: 0.0986
47/49 [===========================>..] - ETA: 0s - loss: 2.3040 - accuracy: 0.0986
48/49 [============================>.] - ETA: 0s - loss: 2.3040 - accuracy: 0.0987
49/49 [==============================] - ETA: 0s - loss: 2.3041 - accuracy: 0.0984
49/49 [==============================] - 11s 227ms/step - loss: 2.3041 - accuracy: 0.0984 - val_loss: 2.3043 - val_accuracy: 0.1000
Epoch 4/170

 1/49 [..............................] - ETA: 11s - loss: 2.3039 - accuracy: 0.0977
 2/49 [>.............................] - ETA: 10s - loss: 2.3026 - accuracy: 0.1050
 3/49 [>.............................] - ETA: 10s - loss: 2.3030 - accuracy: 0.1022
 4/49 [=>............................] - ETA: 9s - loss: 2.3033 - accuracy: 0.0994 
 5/49 [==>...........................] - ETA: 9s - loss: 2.3033 - accuracy: 0.0984
 6/49 [==>...........................] - ETA: 9s - loss: 2.3032 - accuracy: 0.1016
 7/49 [===>..........................] - ETA: 9s - loss: 2.3035 - accuracy: 0.1011
 8/49 [===>..........................] - ETA: 8s - loss: 2.3036 - accuracy: 0.1000
 9/49 [====>.........................] - ETA: 8s - loss: 2.3036 - accuracy: 0.0995
10/49 [=====>........................] - ETA: 8s - loss: 2.3034 - accuracy: 0.1011
11/49 [=====>........................] - ETA: 8s - loss: 2.3034 - accuracy: 0.1011
12/49 [======>.......................] - ETA: 7s - loss: 2.3033 - accuracy: 0.1003
13/49 [======>.......................] - ETA: 7s - loss: 2.3034 - accuracy: 0.1010
14/49 [=======>......................] - ETA: 7s - loss: 2.3033 - accuracy: 0.1014
15/49 [========>.....................] - ETA: 7s - loss: 2.3035 - accuracy: 0.1004
16/49 [========>.....................] - ETA: 7s - loss: 2.3039 - accuracy: 0.0994
17/49 [=========>....................] - ETA: 6s - loss: 2.3038 - accuracy: 0.0993
18/49 [==========>...................] - ETA: 6s - loss: 2.3037 - accuracy: 0.0996
19/49 [==========>...................] - ETA: 6s - loss: 2.3039 - accuracy: 0.0984
20/49 [===========>..................] - ETA: 6s - loss: 2.3038 - accuracy: 0.0987
21/49 [===========>..................] - ETA: 6s - loss: 2.3037 - accuracy: 0.0994
22/49 [============>.................] - ETA: 5s - loss: 2.3037 - accuracy: 0.0994
23/49 [=============>................] - ETA: 5s - loss: 2.3036 - accuracy: 0.0998
24/49 [=============>................] - ETA: 5s - loss: 2.3038 - accuracy: 0.0994
25/49 [==============>...............] - ETA: 5s - loss: 2.3038 - accuracy: 0.0997
26/49 [==============>...............] - ETA: 4s - loss: 2.3039 - accuracy: 0.0998
27/49 [===============>..............] - ETA: 4s - loss: 2.3038 - accuracy: 0.0994
28/49 [================>.............] - ETA: 4s - loss: 2.3038 - accuracy: 0.0995
29/49 [================>.............] - ETA: 4s - loss: 2.3039 - accuracy: 0.0989
30/49 [=================>............] - ETA: 4s - loss: 2.3039 - accuracy: 0.0989
31/49 [=================>............] - ETA: 3s - loss: 2.3038 - accuracy: 0.0989
32/49 [==================>...........] - ETA: 3s - loss: 2.3038 - accuracy: 0.0990
33/49 [===================>..........] - ETA: 3s - loss: 2.3038 - accuracy: 0.0990
34/49 [===================>..........] - ETA: 3s - loss: 2.3038 - accuracy: 0.0991
35/49 [====================>.........] - ETA: 3s - loss: 2.3038 - accuracy: 0.0990
36/49 [=====================>........] - ETA: 2s - loss: 2.3039 - accuracy: 0.0990
37/49 [=====================>........] - ETA: 2s - loss: 2.3039 - accuracy: 0.0989
38/49 [======================>.......] - ETA: 2s - loss: 2.3039 - accuracy: 0.0990
39/49 [======================>.......] - ETA: 2s - loss: 2.3039 - accuracy: 0.0989
40/49 [=======================>......] - ETA: 1s - loss: 2.3039 - accuracy: 0.0987
41/49 [========================>.....] - ETA: 1s - loss: 2.3039 - accuracy: 0.0991
42/49 [========================>.....] - ETA: 1s - loss: 2.3038 - accuracy: 0.0987
43/49 [=========================>....] - ETA: 1s - loss: 2.3038 - accuracy: 0.0984
44/49 [=========================>....] - ETA: 1s - loss: 2.3038 - accuracy: 0.0983
45/49 [==========================>...] - ETA: 0s - loss: 2.3038 - accuracy: 0.0982
46/49 [===========================>..] - ETA: 0s - loss: 2.3038 - accuracy: 0.0982
47/49 [===========================>..] - ETA: 0s - loss: 2.3038 - accuracy: 0.0981
48/49 [============================>.] - ETA: 0s - loss: 2.3038 - accuracy: 0.0982
49/49 [==============================] - ETA: 0s - loss: 2.3038 - accuracy: 0.0981
49/49 [==============================] - 12s 246ms/step - loss: 2.3038 - accuracy: 0.0981 - val_loss: 2.3033 - val_accuracy: 0.1000
Epoch 5/170

 1/49 [..............................] - ETA: 11s - loss: 2.3044 - accuracy: 0.0986
 2/49 [>.............................] - ETA: 10s - loss: 2.3036 - accuracy: 0.1055
 3/49 [>.............................] - ETA: 10s - loss: 2.3037 - accuracy: 0.1025
 4/49 [=>............................] - ETA: 9s - loss: 2.3033 - accuracy: 0.1040 
 5/49 [==>...........................] - ETA: 9s - loss: 2.3030 - accuracy: 0.1051
 6/49 [==>...........................] - ETA: 8s - loss: 2.3031 - accuracy: 0.1035
 7/49 [===>..........................] - ETA: 8s - loss: 2.3034 - accuracy: 0.1045
 8/49 [===>..........................] - ETA: 8s - loss: 2.3037 - accuracy: 0.1028
 9/49 [====>.........................] - ETA: 7s - loss: 2.3040 - accuracy: 0.1020
10/49 [=====>........................] - ETA: 7s - loss: 2.3040 - accuracy: 0.1014
11/49 [=====>........................] - ETA: 7s - loss: 2.3041 - accuracy: 0.1000
12/49 [======>.......................] - ETA: 6s - loss: 2.3040 - accuracy: 0.1000
13/49 [======>.......................] - ETA: 6s - loss: 2.3039 - accuracy: 0.0997
14/49 [=======>......................] - ETA: 6s - loss: 2.3039 - accuracy: 0.1000
15/49 [========>.....................] - ETA: 6s - loss: 2.3039 - accuracy: 0.0993
16/49 [========>.....................] - ETA: 6s - loss: 2.3040 - accuracy: 0.0985
17/49 [=========>....................] - ETA: 5s - loss: 2.3040 - accuracy: 0.0985
18/49 [==========>...................] - ETA: 5s - loss: 2.3040 - accuracy: 0.0981
19/49 [==========>...................] - ETA: 5s - loss: 2.3040 - accuracy: 0.0983
20/49 [===========>..................] - ETA: 5s - loss: 2.3039 - accuracy: 0.0988
21/49 [===========>..................] - ETA: 5s - loss: 2.3038 - accuracy: 0.0985
22/49 [============>.................] - ETA: 4s - loss: 2.3038 - accuracy: 0.0981
23/49 [=============>................] - ETA: 4s - loss: 2.3038 - accuracy: 0.0981
24/49 [=============>................] - ETA: 4s - loss: 2.3038 - accuracy: 0.0982
25/49 [==============>...............] - ETA: 4s - loss: 2.3037 - accuracy: 0.0985
26/49 [==============>...............] - ETA: 4s - loss: 2.3037 - accuracy: 0.0980
27/49 [===============>..............] - ETA: 4s - loss: 2.3037 - accuracy: 0.0981
28/49 [================>.............] - ETA: 3s - loss: 2.3037 - accuracy: 0.0989
29/49 [================>.............] - ETA: 3s - loss: 2.3038 - accuracy: 0.0989
30/49 [=================>............] - ETA: 3s - loss: 2.3037 - accuracy: 0.0987
31/49 [=================>............] - ETA: 3s - loss: 2.3037 - accuracy: 0.0988
32/49 [==================>...........] - ETA: 3s - loss: 2.3036 - accuracy: 0.0996
33/49 [===================>..........] - ETA: 3s - loss: 2.3037 - accuracy: 0.0995
34/49 [===================>..........] - ETA: 2s - loss: 2.3037 - accuracy: 0.0992
35/49 [====================>.........] - ETA: 2s - loss: 2.3037 - accuracy: 0.0991
36/49 [=====================>........] - ETA: 2s - loss: 2.3037 - accuracy: 0.0991
37/49 [=====================>........] - ETA: 2s - loss: 2.3037 - accuracy: 0.0990
38/49 [======================>.......] - ETA: 2s - loss: 2.3038 - accuracy: 0.0986
39/49 [======================>.......] - ETA: 1s - loss: 2.3038 - accuracy: 0.0989
40/49 [=======================>......] - ETA: 1s - loss: 2.3038 - accuracy: 0.0990
41/49 [========================>.....] - ETA: 1s - loss: 2.3037 - accuracy: 0.0990
42/49 [========================>.....] - ETA: 1s - loss: 2.3037 - accuracy: 0.0989
43/49 [=========================>....] - ETA: 1s - loss: 2.3037 - accuracy: 0.0987
44/49 [=========================>....] - ETA: 0s - loss: 2.3037 - accuracy: 0.0988
45/49 [==========================>...] - ETA: 0s - loss: 2.3037 - accuracy: 0.0989
46/49 [===========================>..] - ETA: 0s - loss: 2.3036 - accuracy: 0.0989
47/49 [===========================>..] - ETA: 0s - loss: 2.3036 - accuracy: 0.0989
48/49 [============================>.] - ETA: 0s - loss: 2.3036 - accuracy: 0.0990
49/49 [==============================] - ETA: 0s - loss: 2.3036 - accuracy: 0.0991
49/49 [==============================] - 11s 227ms/step - loss: 2.3036 - accuracy: 0.0991 - val_loss: 2.3031 - val_accuracy: 0.1000
Epoch 6/170

 1/49 [..............................] - ETA: 12s - loss: 2.3034 - accuracy: 0.0947
 2/49 [>.............................] - ETA: 9s - loss: 2.3030 - accuracy: 0.0981 
 3/49 [>.............................] - ETA: 9s - loss: 2.3034 - accuracy: 0.0996
 4/49 [=>............................] - ETA: 9s - loss: 2.3029 - accuracy: 0.1033
 5/49 [==>...........................] - ETA: 9s - loss: 2.3028 - accuracy: 0.1041
 6/49 [==>...........................] - ETA: 9s - loss: 2.3028 - accuracy: 0.1017
 7/49 [===>..........................] - ETA: 9s - loss: 2.3029 - accuracy: 0.1032
 8/49 [===>..........................] - ETA: 8s - loss: 2.3030 - accuracy: 0.1050
 9/49 [====>.........................] - ETA: 8s - loss: 2.3030 - accuracy: 0.1035
10/49 [=====>........................] - ETA: 8s - loss: 2.3032 - accuracy: 0.1030
11/49 [=====>........................] - ETA: 8s - loss: 2.3032 - accuracy: 0.1033
12/49 [======>.......................] - ETA: 7s - loss: 2.3032 - accuracy: 0.1033
13/49 [======>.......................] - ETA: 7s - loss: 2.3031 - accuracy: 0.1032
14/49 [=======>......................] - ETA: 7s - loss: 2.3031 - accuracy: 0.1035
15/49 [========>.....................] - ETA: 7s - loss: 2.3032 - accuracy: 0.1029
16/49 [========>.....................] - ETA: 7s - loss: 2.3032 - accuracy: 0.1025
17/49 [=========>....................] - ETA: 6s - loss: 2.3033 - accuracy: 0.1018
18/49 [==========>...................] - ETA: 6s - loss: 2.3034 - accuracy: 0.1024
19/49 [==========>...................] - ETA: 6s - loss: 2.3034 - accuracy: 0.1024
20/49 [===========>..................] - ETA: 6s - loss: 2.3036 - accuracy: 0.1014
21/49 [===========>..................] - ETA: 5s - loss: 2.3036 - accuracy: 0.1013
22/49 [============>.................] - ETA: 5s - loss: 2.3036 - accuracy: 0.1017
23/49 [=============>................] - ETA: 5s - loss: 2.3037 - accuracy: 0.1015
24/49 [=============>................] - ETA: 5s - loss: 2.3038 - accuracy: 0.1011
25/49 [==============>...............] - ETA: 5s - loss: 2.3038 - accuracy: 0.1013
26/49 [==============>...............] - ETA: 4s - loss: 2.3037 - accuracy: 0.1014
27/49 [===============>..............] - ETA: 4s - loss: 2.3036 - accuracy: 0.1016
28/49 [================>.............] - ETA: 4s - loss: 2.3035 - accuracy: 0.1018
29/49 [================>.............] - ETA: 4s - loss: 2.3036 - accuracy: 0.1020
30/49 [=================>............] - ETA: 4s - loss: 2.3037 - accuracy: 0.1021
31/49 [=================>............] - ETA: 3s - loss: 2.3037 - accuracy: 0.1017
32/49 [==================>...........] - ETA: 3s - loss: 2.3038 - accuracy: 0.1018
33/49 [===================>..........] - ETA: 3s - loss: 2.3037 - accuracy: 0.1019
34/49 [===================>..........] - ETA: 3s - loss: 2.3037 - accuracy: 0.1016
35/49 [====================>.........] - ETA: 3s - loss: 2.3038 - accuracy: 0.1013
36/49 [=====================>........] - ETA: 2s - loss: 2.3037 - accuracy: 0.1013
37/49 [=====================>........] - ETA: 2s - loss: 2.3037 - accuracy: 0.1012
38/49 [======================>.......] - ETA: 2s - loss: 2.3037 - accuracy: 0.1014
39/49 [======================>.......] - ETA: 2s - loss: 2.3037 - accuracy: 0.1015
40/49 [=======================>......] - ETA: 1s - loss: 2.3037 - accuracy: 0.1014
41/49 [========================>.....] - ETA: 1s - loss: 2.3037 - accuracy: 0.1015
42/49 [========================>.....] - ETA: 1s - loss: 2.3038 - accuracy: 0.1014
43/49 [=========================>....] - ETA: 1s - loss: 2.3038 - accuracy: 0.1014
44/49 [=========================>....] - ETA: 1s - loss: 2.3037 - accuracy: 0.1014
45/49 [==========================>...] - ETA: 0s - loss: 2.3037 - accuracy: 0.1015
46/49 [===========================>..] - ETA: 0s - loss: 2.3038 - accuracy: 0.1013
47/49 [===========================>..] - ETA: 0s - loss: 2.3039 - accuracy: 0.1013
48/49 [============================>.] - ETA: 0s - loss: 2.3039 - accuracy: 0.1015
49/49 [==============================] - ETA: 0s - loss: 2.3039 - accuracy: 0.1016
49/49 [==============================] - 12s 240ms/step - loss: 2.3039 - accuracy: 0.1016 - val_loss: 2.3042 - val_accuracy: 0.1000
Epoch 7/170

 1/49 [..............................] - ETA: 8s - loss: 2.3039 - accuracy: 0.1055
 2/49 [>.............................] - ETA: 8s - loss: 2.3019 - accuracy: 0.1025
 3/49 [>.............................] - ETA: 7s - loss: 2.3025 - accuracy: 0.1016
 4/49 [=>............................] - ETA: 7s - loss: 2.3029 - accuracy: 0.1013
 5/49 [==>...........................] - ETA: 7s - loss: 2.3032 - accuracy: 0.1025
 6/49 [==>...........................] - ETA: 7s - loss: 2.3033 - accuracy: 0.1035
 7/49 [===>..........................] - ETA: 7s - loss: 2.3039 - accuracy: 0.1014
 8/49 [===>..........................] - ETA: 7s - loss: 2.3040 - accuracy: 0.1017
 9/49 [====>.........................] - ETA: 6s - loss: 2.3037 - accuracy: 0.1043
10/49 [=====>........................] - ETA: 6s - loss: 2.3039 - accuracy: 0.1033
11/49 [=====>........................] - ETA: 6s - loss: 2.3039 - accuracy: 0.1024
12/49 [======>.......................] - ETA: 6s - loss: 2.3039 - accuracy: 0.1034
13/49 [======>.......................] - ETA: 6s - loss: 2.3039 - accuracy: 0.1036
14/49 [=======>......................] - ETA: 5s - loss: 2.3036 - accuracy: 0.1054
15/49 [========>.....................] - ETA: 5s - loss: 2.3038 - accuracy: 0.1044
16/49 [========>.....................] - ETA: 5s - loss: 2.3037 - accuracy: 0.1051
17/49 [=========>....................] - ETA: 5s - loss: 2.3036 - accuracy: 0.1054
18/49 [==========>...................] - ETA: 5s - loss: 2.3035 - accuracy: 0.1056
19/49 [==========>...................] - ETA: 5s - loss: 2.3036 - accuracy: 0.1048
20/49 [===========>..................] - ETA: 5s - loss: 2.3036 - accuracy: 0.1041
21/49 [===========>..................] - ETA: 5s - loss: 2.3037 - accuracy: 0.1033
22/49 [============>.................] - ETA: 5s - loss: 2.3036 - accuracy: 0.1035
23/49 [=============>................] - ETA: 4s - loss: 2.3037 - accuracy: 0.1030
24/49 [=============>................] - ETA: 4s - loss: 2.3036 - accuracy: 0.1036
25/49 [==============>...............] - ETA: 4s - loss: 2.3037 - accuracy: 0.1031
26/49 [==============>...............] - ETA: 4s - loss: 2.3038 - accuracy: 0.1031
27/49 [===============>..............] - ETA: 4s - loss: 2.3038 - accuracy: 0.1032
28/49 [================>.............] - ETA: 4s - loss: 2.3038 - accuracy: 0.1032
29/49 [================>.............] - ETA: 3s - loss: 2.3038 - accuracy: 0.1030
30/49 [=================>............] - ETA: 3s - loss: 2.3038 - accuracy: 0.1033
31/49 [=================>............] - ETA: 3s - loss: 2.3038 - accuracy: 0.1029
32/49 [==================>...........] - ETA: 3s - loss: 2.3038 - accuracy: 0.1031
33/49 [===================>..........] - ETA: 3s - loss: 2.3038 - accuracy: 0.1031
34/49 [===================>..........] - ETA: 2s - loss: 2.3038 - accuracy: 0.1033
35/49 [====================>.........] - ETA: 2s - loss: 2.3037 - accuracy: 0.1037
36/49 [=====================>........] - ETA: 2s - loss: 2.3038 - accuracy: 0.1032
37/49 [=====================>........] - ETA: 2s - loss: 2.3037 - accuracy: 0.1035
38/49 [======================>.......] - ETA: 2s - loss: 2.3037 - accuracy: 0.1035
39/49 [======================>.......] - ETA: 2s - loss: 2.3037 - accuracy: 0.1036
40/49 [=======================>......] - ETA: 1s - loss: 2.3038 - accuracy: 0.1030
41/49 [========================>.....] - ETA: 1s - loss: 2.3038 - accuracy: 0.1032
42/49 [========================>.....] - ETA: 1s - loss: 2.3037 - accuracy: 0.1029
43/49 [=========================>....] - ETA: 1s - loss: 2.3038 - accuracy: 0.1032
44/49 [=========================>....] - ETA: 1s - loss: 2.3037 - accuracy: 0.1030
45/49 [==========================>...] - ETA: 0s - loss: 2.3037 - accuracy: 0.1031
46/49 [===========================>..] - ETA: 0s - loss: 2.3037 - accuracy: 0.1029
47/49 [===========================>..] - ETA: 0s - loss: 2.3037 - accuracy: 0.1033
48/49 [============================>.] - ETA: 0s - loss: 2.3036 - accuracy: 0.1031
49/49 [==============================] - ETA: 0s - loss: 2.3036 - accuracy: 0.1032
49/49 [==============================] - 11s 230ms/step - loss: 2.3036 - accuracy: 0.1032 - val_loss: 2.3036 - val_accuracy: 0.1000
Epoch 8/170

 1/49 [..............................] - ETA: 11s - loss: 2.3047 - accuracy: 0.1094
 2/49 [>.............................] - ETA: 10s - loss: 2.3044 - accuracy: 0.1060
 3/49 [>.............................] - ETA: 9s - loss: 2.3041 - accuracy: 0.1022 
 4/49 [=>............................] - ETA: 9s - loss: 2.3043 - accuracy: 0.0991
 5/49 [==>...........................] - ETA: 9s - loss: 2.3041 - accuracy: 0.0969
 6/49 [==>...........................] - ETA: 9s - loss: 2.3042 - accuracy: 0.0967
 7/49 [===>..........................] - ETA: 9s - loss: 2.3045 - accuracy: 0.0947
 8/49 [===>..........................] - ETA: 8s - loss: 2.3043 - accuracy: 0.0959
 9/49 [====>.........................] - ETA: 8s - loss: 2.3044 - accuracy: 0.0953
10/49 [=====>........................] - ETA: 8s - loss: 2.3045 - accuracy: 0.0961
11/49 [=====>........................] - ETA: 8s - loss: 2.3046 - accuracy: 0.0945
12/49 [======>.......................] - ETA: 7s - loss: 2.3043 - accuracy: 0.0964
13/49 [======>.......................] - ETA: 7s - loss: 2.3042 - accuracy: 0.0964
14/49 [=======>......................] - ETA: 7s - loss: 2.3041 - accuracy: 0.0972
15/49 [========>.....................] - ETA: 7s - loss: 2.3042 - accuracy: 0.0970
16/49 [========>.....................] - ETA: 7s - loss: 2.3042 - accuracy: 0.0970
17/49 [=========>....................] - ETA: 6s - loss: 2.3042 - accuracy: 0.0978
18/49 [==========>...................] - ETA: 6s - loss: 2.3041 - accuracy: 0.0988
19/49 [==========>...................] - ETA: 6s - loss: 2.3040 - accuracy: 0.0997
20/49 [===========>..................] - ETA: 6s - loss: 2.3043 - accuracy: 0.0995
21/49 [===========>..................] - ETA: 6s - loss: 2.3045 - accuracy: 0.0992
22/49 [============>.................] - ETA: 5s - loss: 2.3045 - accuracy: 0.1000
23/49 [=============>................] - ETA: 5s - loss: 2.3044 - accuracy: 0.1002
24/49 [=============>................] - ETA: 5s - loss: 2.3045 - accuracy: 0.1003
25/49 [==============>...............] - ETA: 5s - loss: 2.3045 - accuracy: 0.0998
26/49 [==============>...............] - ETA: 4s - loss: 2.3044 - accuracy: 0.1003
27/49 [===============>..............] - ETA: 4s - loss: 2.3043 - accuracy: 0.1003
28/49 [================>.............] - ETA: 4s - loss: 2.3042 - accuracy: 0.1008
29/49 [================>.............] - ETA: 4s - loss: 2.3043 - accuracy: 0.1011
30/49 [=================>............] - ETA: 4s - loss: 2.3043 - accuracy: 0.1012
31/49 [=================>............] - ETA: 3s - loss: 2.3043 - accuracy: 0.1013
32/49 [==================>...........] - ETA: 3s - loss: 2.3043 - accuracy: 0.1013
33/49 [===================>..........] - ETA: 3s - loss: 2.3045 - accuracy: 0.1008
34/49 [===================>..........] - ETA: 3s - loss: 2.3045 - accuracy: 0.1005
35/49 [====================>.........] - ETA: 3s - loss: 2.3044 - accuracy: 0.1004
36/49 [=====================>........] - ETA: 2s - loss: 2.3044 - accuracy: 0.1002
37/49 [=====================>........] - ETA: 2s - loss: 2.3045 - accuracy: 0.1002
38/49 [======================>.......] - ETA: 2s - loss: 2.3045 - accuracy: 0.1001
39/49 [======================>.......] - ETA: 2s - loss: 2.3046 - accuracy: 0.1000
40/49 [=======================>......] - ETA: 1s - loss: 2.3046 - accuracy: 0.1001
41/49 [========================>.....] - ETA: 1s - loss: 2.3046 - accuracy: 0.1001
42/49 [========================>.....] - ETA: 1s - loss: 2.3046 - accuracy: 0.0999
43/49 [=========================>....] - ETA: 1s - loss: 2.3046 - accuracy: 0.0994
44/49 [=========================>....] - ETA: 1s - loss: 2.3046 - accuracy: 0.0994
45/49 [==========================>...] - ETA: 0s - loss: 2.3046 - accuracy: 0.0992
46/49 [===========================>..] - ETA: 0s - loss: 2.3045 - accuracy: 0.0992
47/49 [===========================>..] - ETA: 0s - loss: 2.3045 - accuracy: 0.0989
48/49 [============================>.] - ETA: 0s - loss: 2.3045 - accuracy: 0.0992
49/49 [==============================] - ETA: 0s - loss: 2.3045 - accuracy: 0.0991
49/49 [==============================] - 12s 235ms/step - loss: 2.3045 - accuracy: 0.0991 - val_loss: 2.3041 - val_accuracy: 0.1000
Epoch 9/170

 1/49 [..............................] - ETA: 9s - loss: 2.3048 - accuracy: 0.0977
 2/49 [>.............................] - ETA: 8s - loss: 2.3053 - accuracy: 0.0986
 3/49 [>.............................] - ETA: 7s - loss: 2.3041 - accuracy: 0.0999
 4/49 [=>............................] - ETA: 7s - loss: 2.3034 - accuracy: 0.1021
 5/49 [==>...........................] - ETA: 7s - loss: 2.3033 - accuracy: 0.0980
 6/49 [==>...........................] - ETA: 7s - loss: 2.3041 - accuracy: 0.0973
 7/49 [===>..........................] - ETA: 7s - loss: 2.3042 - accuracy: 0.0967
 8/49 [===>..........................] - ETA: 7s - loss: 2.3040 - accuracy: 0.0966
 9/49 [====>.........................] - ETA: 7s - loss: 2.3043 - accuracy: 0.0974
10/49 [=====>........................] - ETA: 7s - loss: 2.3043 - accuracy: 0.0976
11/49 [=====>........................] - ETA: 7s - loss: 2.3044 - accuracy: 0.0970
12/49 [======>.......................] - ETA: 7s - loss: 2.3045 - accuracy: 0.0970
13/49 [======>.......................] - ETA: 7s - loss: 2.3044 - accuracy: 0.0981
14/49 [=======>......................] - ETA: 6s - loss: 2.3046 - accuracy: 0.0983
15/49 [========>.....................] - ETA: 6s - loss: 2.3046 - accuracy: 0.0983
16/49 [========>.....................] - ETA: 6s - loss: 2.3046 - accuracy: 0.0984
17/49 [=========>....................] - ETA: 6s - loss: 2.3045 - accuracy: 0.0989
18/49 [==========>...................] - ETA: 6s - loss: 2.3045 - accuracy: 0.0989
19/49 [==========>...................] - ETA: 6s - loss: 2.3045 - accuracy: 0.0987
20/49 [===========>..................] - ETA: 5s - loss: 2.3046 - accuracy: 0.0978
21/49 [===========>..................] - ETA: 5s - loss: 2.3046 - accuracy: 0.0983
22/49 [============>.................] - ETA: 5s - loss: 2.3046 - accuracy: 0.0991
23/49 [=============>................] - ETA: 5s - loss: 2.3045 - accuracy: 0.0997
24/49 [=============>................] - ETA: 5s - loss: 2.3045 - accuracy: 0.0998
25/49 [==============>...............] - ETA: 4s - loss: 2.3044 - accuracy: 0.1003
26/49 [==============>...............] - ETA: 4s - loss: 2.3045 - accuracy: 0.1002
27/49 [===============>..............] - ETA: 4s - loss: 2.3045 - accuracy: 0.1005
28/49 [================>.............] - ETA: 4s - loss: 2.3045 - accuracy: 0.1000
29/49 [================>.............] - ETA: 4s - loss: 2.3045 - accuracy: 0.0999
30/49 [=================>............] - ETA: 3s - loss: 2.3045 - accuracy: 0.0997
31/49 [=================>............] - ETA: 3s - loss: 2.3045 - accuracy: 0.1002
32/49 [==================>...........] - ETA: 3s - loss: 2.3044 - accuracy: 0.1004
33/49 [===================>..........] - ETA: 3s - loss: 2.3044 - accuracy: 0.1002
34/49 [===================>..........] - ETA: 3s - loss: 2.3044 - accuracy: 0.1000
35/49 [====================>.........] - ETA: 2s - loss: 2.3043 - accuracy: 0.1005
36/49 [=====================>........] - ETA: 2s - loss: 2.3044 - accuracy: 0.1003
37/49 [=====================>........] - ETA: 2s - loss: 2.3044 - accuracy: 0.1005
38/49 [======================>.......] - ETA: 2s - loss: 2.3045 - accuracy: 0.1004
39/49 [======================>.......] - ETA: 2s - loss: 2.3044 - accuracy: 0.1007
40/49 [=======================>......] - ETA: 1s - loss: 2.3044 - accuracy: 0.1008
41/49 [========================>.....] - ETA: 1s - loss: 2.3044 - accuracy: 0.1004
42/49 [========================>.....] - ETA: 1s - loss: 2.3043 - accuracy: 0.1009
43/49 [=========================>....] - ETA: 1s - loss: 2.3044 - accuracy: 0.1007
44/49 [=========================>....] - ETA: 1s - loss: 2.3044 - accuracy: 0.1003
45/49 [==========================>...] - ETA: 0s - loss: 2.3043 - accuracy: 0.1003
46/49 [===========================>..] - ETA: 0s - loss: 2.3043 - accuracy: 0.1003
47/49 [===========================>..] - ETA: 0s - loss: 2.3043 - accuracy: 0.1003
48/49 [============================>.] - ETA: 0s - loss: 2.3043 - accuracy: 0.1003
49/49 [==============================] - ETA: 0s - loss: 2.3043 - accuracy: 0.1005
49/49 [==============================] - 12s 238ms/step - loss: 2.3043 - accuracy: 0.1005 - val_loss: 2.3036 - val_accuracy: 0.1000
Epoch 10/170

 1/49 [..............................] - ETA: 12s - loss: 2.3051 - accuracy: 0.0947
 2/49 [>.............................] - ETA: 9s - loss: 2.3034 - accuracy: 0.1050 
 3/49 [>.............................] - ETA: 9s - loss: 2.3033 - accuracy: 0.1022
 4/49 [=>............................] - ETA: 9s - loss: 2.3032 - accuracy: 0.0991
 5/49 [==>...........................] - ETA: 9s - loss: 2.3032 - accuracy: 0.1031
 6/49 [==>...........................] - ETA: 9s - loss: 2.3033 - accuracy: 0.1043
 7/49 [===>..........................] - ETA: 8s - loss: 2.3035 - accuracy: 0.1038
 8/49 [===>..........................] - ETA: 8s - loss: 2.3041 - accuracy: 0.1023
 9/49 [====>.........................] - ETA: 8s - loss: 2.3039 - accuracy: 0.1024
10/49 [=====>........................] - ETA: 8s - loss: 2.3039 - accuracy: 0.1022
11/49 [=====>........................] - ETA: 8s - loss: 2.3042 - accuracy: 0.1021
12/49 [======>.......................] - ETA: 7s - loss: 2.3042 - accuracy: 0.1030
13/49 [======>.......................] - ETA: 7s - loss: 2.3043 - accuracy: 0.1019
14/49 [=======>......................] - ETA: 7s - loss: 2.3045 - accuracy: 0.1011
15/49 [========>.....................] - ETA: 7s - loss: 2.3043 - accuracy: 0.1001
16/49 [========>.....................] - ETA: 7s - loss: 2.3044 - accuracy: 0.0986
17/49 [=========>....................] - ETA: 6s - loss: 2.3044 - accuracy: 0.0986
18/49 [==========>...................] - ETA: 6s - loss: 2.3045 - accuracy: 0.0985
19/49 [==========>...................] - ETA: 6s - loss: 2.3046 - accuracy: 0.0983
20/49 [===========>..................] - ETA: 6s - loss: 2.3047 - accuracy: 0.0975
21/49 [===========>..................] - ETA: 6s - loss: 2.3048 - accuracy: 0.0975
22/49 [============>.................] - ETA: 5s - loss: 2.3047 - accuracy: 0.0982
23/49 [=============>................] - ETA: 5s - loss: 2.3047 - accuracy: 0.0982
24/49 [=============>................] - ETA: 5s - loss: 2.3046 - accuracy: 0.0983
25/49 [==============>...............] - ETA: 5s - loss: 2.3046 - accuracy: 0.0984
26/49 [==============>...............] - ETA: 4s - loss: 2.3046 - accuracy: 0.0991
27/49 [===============>..............] - ETA: 4s - loss: 2.3047 - accuracy: 0.0989
28/49 [================>.............] - ETA: 4s - loss: 2.3046 - accuracy: 0.0989
29/49 [================>.............] - ETA: 4s - loss: 2.3047 - accuracy: 0.0988
30/49 [=================>............] - ETA: 4s - loss: 2.3046 - accuracy: 0.0992
31/49 [=================>............] - ETA: 3s - loss: 2.3045 - accuracy: 0.0998
32/49 [==================>...........] - ETA: 3s - loss: 2.3045 - accuracy: 0.0999
33/49 [===================>..........] - ETA: 3s - loss: 2.3046 - accuracy: 0.0995
34/49 [===================>..........] - ETA: 3s - loss: 2.3045 - accuracy: 0.0996
35/49 [====================>.........] - ETA: 3s - loss: 2.3045 - accuracy: 0.0993
36/49 [=====================>........] - ETA: 2s - loss: 2.3045 - accuracy: 0.0994
37/49 [=====================>........] - ETA: 2s - loss: 2.3044 - accuracy: 0.0995
38/49 [======================>.......] - ETA: 2s - loss: 2.3044 - accuracy: 0.1000
39/49 [======================>.......] - ETA: 2s - loss: 2.3043 - accuracy: 0.0995
40/49 [=======================>......] - ETA: 1s - loss: 2.3044 - accuracy: 0.0996
41/49 [========================>.....] - ETA: 1s - loss: 2.3044 - accuracy: 0.0997
42/49 [========================>.....] - ETA: 1s - loss: 2.3043 - accuracy: 0.0999
43/49 [=========================>....] - ETA: 1s - loss: 2.3043 - accuracy: 0.1000
44/49 [=========================>....] - ETA: 1s - loss: 2.3043 - accuracy: 0.1004
45/49 [==========================>...] - ETA: 0s - loss: 2.3043 - accuracy: 0.1003
46/49 [===========================>..] - ETA: 0s - loss: 2.3043 - accuracy: 0.1005
47/49 [===========================>..] - ETA: 0s - loss: 2.3043 - accuracy: 0.1004
48/49 [============================>.] - ETA: 0s - loss: 2.3042 - accuracy: 0.1005
49/49 [==============================] - ETA: 0s - loss: 2.3042 - accuracy: 0.1005
49/49 [==============================] - 11s 228ms/step - loss: 2.3042 - accuracy: 0.1005 - val_loss: 2.3032 - val_accuracy: 0.1000
Epoch 11/170

 1/49 [..............................] - ETA: 12s - loss: 2.3033 - accuracy: 0.0967
 2/49 [>.............................] - ETA: 9s - loss: 2.3031 - accuracy: 0.0981 
 3/49 [>.............................] - ETA: 9s - loss: 2.3032 - accuracy: 0.1019
 4/49 [=>............................] - ETA: 9s - loss: 2.3032 - accuracy: 0.1042
 5/49 [==>...........................] - ETA: 9s - loss: 2.3034 - accuracy: 0.1039
 6/49 [==>...........................] - ETA: 9s - loss: 2.3033 - accuracy: 0.1024
 7/49 [===>..........................] - ETA: 8s - loss: 2.3032 - accuracy: 0.1039
 8/49 [===>..........................] - ETA: 8s - loss: 2.3037 - accuracy: 0.1022
 9/49 [====>.........................] - ETA: 8s - loss: 2.3039 - accuracy: 0.1010
10/49 [=====>........................] - ETA: 8s - loss: 2.3039 - accuracy: 0.1019
11/49 [=====>........................] - ETA: 8s - loss: 2.3038 - accuracy: 0.1025
12/49 [======>.......................] - ETA: 7s - loss: 2.3039 - accuracy: 0.1032
13/49 [======>.......................] - ETA: 7s - loss: 2.3038 - accuracy: 0.1035
14/49 [=======>......................] - ETA: 7s - loss: 2.3038 - accuracy: 0.1024
15/49 [========>.....................] - ETA: 7s - loss: 2.3041 - accuracy: 0.1025
16/49 [========>.....................] - ETA: 7s - loss: 2.3042 - accuracy: 0.1016
17/49 [=========>....................] - ETA: 6s - loss: 2.3041 - accuracy: 0.1020
18/49 [==========>...................] - ETA: 6s - loss: 2.3040 - accuracy: 0.1021
19/49 [==========>...................] - ETA: 6s - loss: 2.3041 - accuracy: 0.1017
20/49 [===========>..................] - ETA: 6s - loss: 2.3041 - accuracy: 0.1013
21/49 [===========>..................] - ETA: 6s - loss: 2.3041 - accuracy: 0.1015
22/49 [============>.................] - ETA: 5s - loss: 2.3041 - accuracy: 0.1012
23/49 [=============>................] - ETA: 5s - loss: 2.3040 - accuracy: 0.1011
24/49 [=============>................] - ETA: 5s - loss: 2.3040 - accuracy: 0.1007
25/49 [==============>...............] - ETA: 5s - loss: 2.3040 - accuracy: 0.1005
26/49 [==============>...............] - ETA: 4s - loss: 2.3039 - accuracy: 0.1010
27/49 [===============>..............] - ETA: 4s - loss: 2.3039 - accuracy: 0.1013
28/49 [================>.............] - ETA: 4s - loss: 2.3038 - accuracy: 0.1016
29/49 [================>.............] - ETA: 4s - loss: 2.3039 - accuracy: 0.1009
30/49 [=================>............] - ETA: 4s - loss: 2.3039 - accuracy: 0.1006
31/49 [=================>............] - ETA: 3s - loss: 2.3039 - accuracy: 0.1005
32/49 [==================>...........] - ETA: 3s - loss: 2.3039 - accuracy: 0.1004
33/49 [===================>..........] - ETA: 3s - loss: 2.3038 - accuracy: 0.1010
34/49 [===================>..........] - ETA: 3s - loss: 2.3039 - accuracy: 0.1009
35/49 [====================>.........] - ETA: 3s - loss: 2.3039 - accuracy: 0.1009
36/49 [=====================>........] - ETA: 2s - loss: 2.3039 - accuracy: 0.1012
37/49 [=====================>........] - ETA: 2s - loss: 2.3039 - accuracy: 0.1012
38/49 [======================>.......] - ETA: 2s - loss: 2.3039 - accuracy: 0.1012
39/49 [======================>.......] - ETA: 2s - loss: 2.3039 - accuracy: 0.1011
40/49 [=======================>......] - ETA: 1s - loss: 2.3039 - accuracy: 0.1011
41/49 [========================>.....] - ETA: 1s - loss: 2.3039 - accuracy: 0.1012
42/49 [========================>.....] - ETA: 1s - loss: 2.3039 - accuracy: 0.1012
43/49 [=========================>....] - ETA: 1s - loss: 2.3039 - accuracy: 0.1008
44/49 [=========================>....] - ETA: 1s - loss: 2.3040 - accuracy: 0.1006
45/49 [==========================>...] - ETA: 0s - loss: 2.3040 - accuracy: 0.1005
46/49 [===========================>..] - ETA: 0s - loss: 2.3040 - accuracy: 0.1002
47/49 [===========================>..] - ETA: 0s - loss: 2.3039 - accuracy: 0.1003
48/49 [============================>.] - ETA: 0s - loss: 2.3039 - accuracy: 0.1002
49/49 [==============================] - ETA: 0s - loss: 2.3039 - accuracy: 0.1003
49/49 [==============================] - 12s 242ms/step - loss: 2.3039 - accuracy: 0.1003 - val_loss: 2.3032 - val_accuracy: 0.1000
Epoch 12/170

 1/49 [..............................] - ETA: 11s - loss: 2.3030 - accuracy: 0.1074
 2/49 [>.............................] - ETA: 10s - loss: 2.3030 - accuracy: 0.1064
 3/49 [>.............................] - ETA: 9s - loss: 2.3023 - accuracy: 0.1064 
 4/49 [=>............................] - ETA: 9s - loss: 2.3033 - accuracy: 0.1003
 5/49 [==>...........................] - ETA: 8s - loss: 2.3033 - accuracy: 0.1032
 6/49 [==>...........................] - ETA: 8s - loss: 2.3036 - accuracy: 0.1017
 7/49 [===>..........................] - ETA: 8s - loss: 2.3042 - accuracy: 0.1007
 8/49 [===>..........................] - ETA: 8s - loss: 2.3043 - accuracy: 0.1000
 9/49 [====>.........................] - ETA: 8s - loss: 2.3041 - accuracy: 0.1008
10/49 [=====>........................] - ETA: 8s - loss: 2.3041 - accuracy: 0.0996
11/49 [=====>........................] - ETA: 8s - loss: 2.3039 - accuracy: 0.1015
12/49 [======>.......................] - ETA: 7s - loss: 2.3039 - accuracy: 0.1011
13/49 [======>.......................] - ETA: 7s - loss: 2.3039 - accuracy: 0.1012
14/49 [=======>......................] - ETA: 7s - loss: 2.3039 - accuracy: 0.1011
15/49 [========>.....................] - ETA: 7s - loss: 2.3039 - accuracy: 0.1008
16/49 [========>.....................] - ETA: 7s - loss: 2.3037 - accuracy: 0.1011
17/49 [=========>....................] - ETA: 6s - loss: 2.3036 - accuracy: 0.1013
18/49 [==========>...................] - ETA: 6s - loss: 2.3035 - accuracy: 0.1016
19/49 [==========>...................] - ETA: 6s - loss: 2.3036 - accuracy: 0.1015
20/49 [===========>..................] - ETA: 6s - loss: 2.3036 - accuracy: 0.1011
21/49 [===========>..................] - ETA: 5s - loss: 2.3036 - accuracy: 0.1003
22/49 [============>.................] - ETA: 5s - loss: 2.3037 - accuracy: 0.1007
23/49 [=============>................] - ETA: 5s - loss: 2.3037 - accuracy: 0.1009
24/49 [=============>................] - ETA: 5s - loss: 2.3037 - accuracy: 0.1006
25/49 [==============>...............] - ETA: 5s - loss: 2.3038 - accuracy: 0.1003
26/49 [==============>...............] - ETA: 4s - loss: 2.3039 - accuracy: 0.1002
27/49 [===============>..............] - ETA: 4s - loss: 2.3041 - accuracy: 0.0997
28/49 [================>.............] - ETA: 4s - loss: 2.3040 - accuracy: 0.0998
29/49 [================>.............] - ETA: 4s - loss: 2.3039 - accuracy: 0.1003
30/49 [=================>............] - ETA: 4s - loss: 2.3040 - accuracy: 0.0998
31/49 [=================>............] - ETA: 3s - loss: 2.3039 - accuracy: 0.1004
32/49 [==================>...........] - ETA: 3s - loss: 2.3040 - accuracy: 0.1004
33/49 [===================>..........] - ETA: 3s - loss: 2.3041 - accuracy: 0.1001
34/49 [===================>..........] - ETA: 3s - loss: 2.3039 - accuracy: 0.1001
35/49 [====================>.........] - ETA: 2s - loss: 2.3039 - accuracy: 0.1001
36/49 [=====================>........] - ETA: 2s - loss: 2.3039 - accuracy: 0.1003
37/49 [=====================>........] - ETA: 2s - loss: 2.3039 - accuracy: 0.1002
38/49 [======================>.......] - ETA: 2s - loss: 2.3040 - accuracy: 0.1000
39/49 [======================>.......] - ETA: 2s - loss: 2.3039 - accuracy: 0.1001
40/49 [=======================>......] - ETA: 1s - loss: 2.3040 - accuracy: 0.0997
41/49 [========================>.....] - ETA: 1s - loss: 2.3040 - accuracy: 0.0998
42/49 [========================>.....] - ETA: 1s - loss: 2.3040 - accuracy: 0.0999
43/49 [=========================>....] - ETA: 1s - loss: 2.3039 - accuracy: 0.0996
44/49 [=========================>....] - ETA: 1s - loss: 2.3039 - accuracy: 0.0996
45/49 [==========================>...] - ETA: 0s - loss: 2.3039 - accuracy: 0.0995
46/49 [===========================>..] - ETA: 0s - loss: 2.3039 - accuracy: 0.0994
47/49 [===========================>..] - ETA: 0s - loss: 2.3039 - accuracy: 0.0996
48/49 [============================>.] - ETA: 0s - loss: 2.3039 - accuracy: 0.0996
49/49 [==============================] - ETA: 0s - loss: 2.3039 - accuracy: 0.0995
49/49 [==============================] - 11s 227ms/step - loss: 2.3039 - accuracy: 0.0995 - val_loss: 2.3043 - val_accuracy: 0.1000
Epoch 13/170

 1/49 [..............................] - ETA: 11s - loss: 2.3008 - accuracy: 0.1006
 2/49 [>.............................] - ETA: 11s - loss: 2.3042 - accuracy: 0.0962
 3/49 [>.............................] - ETA: 10s - loss: 2.3039 - accuracy: 0.0993
 4/49 [=>............................] - ETA: 9s - loss: 2.3046 - accuracy: 0.0996 
 5/49 [==>...........................] - ETA: 9s - loss: 2.3053 - accuracy: 0.1014
 6/49 [==>...........................] - ETA: 9s - loss: 2.3052 - accuracy: 0.1014
 7/49 [===>..........................] - ETA: 9s - loss: 2.3050 - accuracy: 0.1041
 8/49 [===>..........................] - ETA: 8s - loss: 2.3052 - accuracy: 0.1019
 9/49 [====>.........................] - ETA: 8s - loss: 2.3050 - accuracy: 0.1015
10/49 [=====>........................] - ETA: 8s - loss: 2.3050 - accuracy: 0.1021
11/49 [=====>........................] - ETA: 8s - loss: 2.3048 - accuracy: 0.1032
12/49 [======>.......................] - ETA: 8s - loss: 2.3046 - accuracy: 0.1027
13/49 [======>.......................] - ETA: 7s - loss: 2.3044 - accuracy: 0.1036
14/49 [=======>......................] - ETA: 7s - loss: 2.3047 - accuracy: 0.1033
15/49 [========>.....................] - ETA: 7s - loss: 2.3048 - accuracy: 0.1031
16/49 [========>.....................] - ETA: 7s - loss: 2.3046 - accuracy: 0.1035
17/49 [=========>....................] - ETA: 6s - loss: 2.3047 - accuracy: 0.1048
18/49 [==========>...................] - ETA: 6s - loss: 2.3047 - accuracy: 0.1044
19/49 [==========>...................] - ETA: 6s - loss: 2.3047 - accuracy: 0.1034
20/49 [===========>..................] - ETA: 6s - loss: 2.3045 - accuracy: 0.1045
21/49 [===========>..................] - ETA: 6s - loss: 2.3045 - accuracy: 0.1036
22/49 [============>.................] - ETA: 5s - loss: 2.3045 - accuracy: 0.1025
23/49 [=============>................] - ETA: 5s - loss: 2.3045 - accuracy: 0.1020
24/49 [=============>................] - ETA: 5s - loss: 2.3044 - accuracy: 0.1019
25/49 [==============>...............] - ETA: 5s - loss: 2.3045 - accuracy: 0.1015
26/49 [==============>...............] - ETA: 4s - loss: 2.3045 - accuracy: 0.1016
27/49 [===============>..............] - ETA: 4s - loss: 2.3044 - accuracy: 0.1013
28/49 [================>.............] - ETA: 4s - loss: 2.3044 - accuracy: 0.1017
29/49 [================>.............] - ETA: 4s - loss: 2.3044 - accuracy: 0.1012
30/49 [=================>............] - ETA: 4s - loss: 2.3045 - accuracy: 0.1012
31/49 [=================>............] - ETA: 3s - loss: 2.3045 - accuracy: 0.1008
32/49 [==================>...........] - ETA: 3s - loss: 2.3045 - accuracy: 0.1003
33/49 [===================>..........] - ETA: 3s - loss: 2.3045 - accuracy: 0.1003
34/49 [===================>..........] - ETA: 3s - loss: 2.3045 - accuracy: 0.0999
35/49 [====================>.........] - ETA: 3s - loss: 2.3045 - accuracy: 0.1000
36/49 [=====================>........] - ETA: 2s - loss: 2.3044 - accuracy: 0.0998
37/49 [=====================>........] - ETA: 2s - loss: 2.3044 - accuracy: 0.1000
38/49 [======================>.......] - ETA: 2s - loss: 2.3043 - accuracy: 0.1001
39/49 [======================>.......] - ETA: 2s - loss: 2.3043 - accuracy: 0.0998
40/49 [=======================>......] - ETA: 1s - loss: 2.3043 - accuracy: 0.0996
41/49 [========================>.....] - ETA: 1s - loss: 2.3043 - accuracy: 0.0993
42/49 [========================>.....] - ETA: 1s - loss: 2.3043 - accuracy: 0.0993
43/49 [=========================>....] - ETA: 1s - loss: 2.3044 - accuracy: 0.0989
44/49 [=========================>....] - ETA: 1s - loss: 2.3043 - accuracy: 0.0990
45/49 [==========================>...] - ETA: 0s - loss: 2.3043 - accuracy: 0.0987
46/49 [===========================>..] - ETA: 0s - loss: 2.3043 - accuracy: 0.0989
47/49 [===========================>..] - ETA: 0s - loss: 2.3043 - accuracy: 0.0990
48/49 [============================>.] - ETA: 0s - loss: 2.3043 - accuracy: 0.0990
49/49 [==============================] - ETA: 0s - loss: 2.3042 - accuracy: 0.0993
49/49 [==============================] - 12s 243ms/step - loss: 2.3042 - accuracy: 0.0993 - val_loss: 2.3034 - val_accuracy: 0.1000
Epoch 13: early stopping

  1/313 [..............................] - ETA: 4s - loss: 2.2998 - accuracy: 0.0625
 13/313 [>.............................] - ETA: 1s - loss: 2.3057 - accuracy: 0.0841
 27/313 [=>............................] - ETA: 1s - loss: 2.3058 - accuracy: 0.0810
 42/313 [===>..........................] - ETA: 1s - loss: 2.3039 - accuracy: 0.0967
 57/313 [====>.........................] - ETA: 1s - loss: 2.3034 - accuracy: 0.1014
 72/313 [=====>........................] - ETA: 1s - loss: 2.3041 - accuracy: 0.0972
 87/313 [=======>......................] - ETA: 0s - loss: 2.3044 - accuracy: 0.0959
101/313 [========>.....................] - ETA: 0s - loss: 2.3043 - accuracy: 0.0968
113/313 [=========>....................] - ETA: 0s - loss: 2.3042 - accuracy: 0.0968
128/313 [===========>..................] - ETA: 0s - loss: 2.3044 - accuracy: 0.0977
143/313 [============>.................] - ETA: 0s - loss: 2.3042 - accuracy: 0.0990
158/313 [==============>...............] - ETA: 0s - loss: 2.3038 - accuracy: 0.1007
173/313 [===============>..............] - ETA: 0s - loss: 2.3035 - accuracy: 0.1013
187/313 [================>.............] - ETA: 0s - loss: 2.3035 - accuracy: 0.0991
202/313 [==================>...........] - ETA: 0s - loss: 2.3035 - accuracy: 0.0982
217/313 [===================>..........] - ETA: 0s - loss: 2.3034 - accuracy: 0.0985
231/313 [=====================>........] - ETA: 0s - loss: 2.3033 - accuracy: 0.0990
245/313 [======================>.......] - ETA: 0s - loss: 2.3034 - accuracy: 0.0985
260/313 [=======================>......] - ETA: 0s - loss: 2.3033 - accuracy: 0.0999
274/313 [=========================>....] - ETA: 0s - loss: 2.3034 - accuracy: 0.1012
289/313 [==========================>...] - ETA: 0s - loss: 2.3035 - accuracy: 0.1002
304/313 [============================>.] - ETA: 0s - loss: 2.3034 - accuracy: 0.0998
313/313 [==============================] - 1s 4ms/step - loss: 2.3034 - accuracy: 0.1000
