2024-06-26 05:48:02.653747: I tensorflow/core/platform/cpu_feature_guard.cc:193] This TensorFlow binary is optimized with oneAPI Deep Neural Network Library (oneDNN) to use the following CPU instructions in performance-critical operations:  AVX AVX2
To enable them in other operations, rebuild TensorFlow with the appropriate compiler flags.
2024-06-26 05:48:03.167111: I tensorflow/core/common_runtime/gpu/gpu_device.cc:1616] Created device /job:localhost/replica:0/task:0/device:GPU:0 with 6656 MB memory:  -> device: 0, name: NVIDIA GeForce RTX 4060 Ti, pci bus id: 0000:01:00.0, compute capability: 8.9
1 Physical GPUs, 1 Logical GPUs
Model: "sequential"
_________________________________________________________________
 Layer (type)                Output Shape              Param #   
=================================================================
 conv2d (Conv2D)             (None, 32, 32, 32)        896       
                                                                 
 batch_normalization (BatchN  (None, 32, 32, 32)       128       
 ormalization)                                                   
                                                                 
 conv2d_1 (Conv2D)           (None, 32, 32, 64)        18496     
                                                                 
 max_pooling2d (MaxPooling2D  (None, 16, 16, 64)       0         
 )                                                               
                                                                 
 batch_normalization_1 (Batc  (None, 16, 16, 64)       256       
 hNormalization)                                                 
                                                                 
 dropout (Dropout)           (None, 16, 16, 64)        0         
                                                                 
 flatten (Flatten)           (None, 16384)             0         
                                                                 
 dense (Dense)               (None, 52)                852020    
                                                                 
 dropout_1 (Dropout)         (None, 52)                0         
                                                                 
 dense_1 (Dense)             (None, 10)                530       
                                                                 
=================================================================
Total params: 872,326
Trainable params: 872,134
Non-trainable params: 192
_________________________________________________________________
Taxa de aprendizado:  0.1 Num de épocas:  196 Tamanho do lote:  512 Dropout:  0.12999
Epoch 1/196
2024-06-26 05:48:04.750633: I tensorflow/stream_executor/cuda/cuda_dnn.cc:384] Loaded cuDNN version 8100
2024-06-26 05:48:05.670744: W tensorflow/stream_executor/gpu/redzone_allocator.cc:314] INTERNAL: ptxas exited with non-zero error code -1, output: 
Relying on driver to perform ptx compilation. 
Modify $PATH to customize ptxas location.
This message will be only logged once.
2024-06-26 05:48:06.839144: I tensorflow/stream_executor/cuda/cuda_blas.cc:1614] TensorFloat-32 will be used for the matrix multiplication. This will only be logged once.

 1/98 [..............................] - ETA: 6:33 - loss: 2.7402 - accuracy: 0.1074
 2/98 [..............................] - ETA: 6s - loss: 3.3954 - accuracy: 0.1104  
 3/98 [..............................] - ETA: 5s - loss: 3.2417 - accuracy: 0.1185
 5/98 [>.............................] - ETA: 5s - loss: 3.0507 - accuracy: 0.1242
 6/98 [>.............................] - ETA: 5s - loss: 3.0280 - accuracy: 0.1224
 8/98 [=>............................] - ETA: 5s - loss: 2.9643 - accuracy: 0.1235
10/98 [==>...........................] - ETA: 5s - loss: 2.8942 - accuracy: 0.1301
12/98 [==>...........................] - ETA: 4s - loss: 2.8108 - accuracy: 0.1380
13/98 [==>...........................] - ETA: 4s - loss: 2.7710 - accuracy: 0.1415
14/98 [===>..........................] - ETA: 4s - loss: 2.7331 - accuracy: 0.1456
16/98 [===>..........................] - ETA: 4s - loss: 2.6788 - accuracy: 0.1527
18/98 [====>.........................] - ETA: 4s - loss: 2.6265 - accuracy: 0.1633
20/98 [=====>........................] - ETA: 4s - loss: 2.5805 - accuracy: 0.1721
21/98 [=====>........................] - ETA: 4s - loss: 2.5633 - accuracy: 0.1747
23/98 [======>.......................] - ETA: 4s - loss: 2.5307 - accuracy: 0.1813
24/98 [======>.......................] - ETA: 4s - loss: 2.5211 - accuracy: 0.1815
26/98 [======>.......................] - ETA: 4s - loss: 2.5010 - accuracy: 0.1846
28/98 [=======>......................] - ETA: 3s - loss: 2.4834 - accuracy: 0.1851
30/98 [========>.....................] - ETA: 3s - loss: 2.4655 - accuracy: 0.1862
32/98 [========>.....................] - ETA: 3s - loss: 2.4501 - accuracy: 0.1871
34/98 [=========>....................] - ETA: 3s - loss: 2.4353 - accuracy: 0.1892
36/98 [==========>...................] - ETA: 3s - loss: 2.4184 - accuracy: 0.1921
37/98 [==========>...................] - ETA: 3s - loss: 2.4142 - accuracy: 0.1933
39/98 [==========>...................] - ETA: 3s - loss: 2.4004 - accuracy: 0.1945
41/98 [===========>..................] - ETA: 3s - loss: 2.3848 - accuracy: 0.1973
43/98 [============>.................] - ETA: 3s - loss: 2.3728 - accuracy: 0.1994
44/98 [============>.................] - ETA: 3s - loss: 2.3681 - accuracy: 0.1998
46/98 [=============>................] - ETA: 3s - loss: 2.3561 - accuracy: 0.2015
47/98 [=============>................] - ETA: 3s - loss: 2.3494 - accuracy: 0.2025
48/98 [=============>................] - ETA: 2s - loss: 2.3445 - accuracy: 0.2032
49/98 [==============>...............] - ETA: 2s - loss: 2.3409 - accuracy: 0.2035
51/98 [==============>...............] - ETA: 2s - loss: 2.3322 - accuracy: 0.2049
53/98 [===============>..............] - ETA: 2s - loss: 2.3257 - accuracy: 0.2052
54/98 [===============>..............] - ETA: 2s - loss: 2.3221 - accuracy: 0.2054
56/98 [================>.............] - ETA: 2s - loss: 2.3156 - accuracy: 0.2060
58/98 [================>.............] - ETA: 2s - loss: 2.3088 - accuracy: 0.2069
60/98 [=================>............] - ETA: 2s - loss: 2.3035 - accuracy: 0.2071
62/98 [=================>............] - ETA: 2s - loss: 2.2976 - accuracy: 0.2077
63/98 [==================>...........] - ETA: 2s - loss: 2.2936 - accuracy: 0.2085
65/98 [==================>...........] - ETA: 1s - loss: 2.2882 - accuracy: 0.2095
67/98 [===================>..........] - ETA: 1s - loss: 2.2845 - accuracy: 0.2096
69/98 [====================>.........] - ETA: 1s - loss: 2.2826 - accuracy: 0.2091
70/98 [====================>.........] - ETA: 1s - loss: 2.2819 - accuracy: 0.2089
72/98 [=====================>........] - ETA: 1s - loss: 2.2804 - accuracy: 0.2087
73/98 [=====================>........] - ETA: 1s - loss: 2.2787 - accuracy: 0.2093
74/98 [=====================>........] - ETA: 1s - loss: 2.2781 - accuracy: 0.2091
75/98 [=====================>........] - ETA: 1s - loss: 2.2772 - accuracy: 0.2092
77/98 [======================>.......] - ETA: 1s - loss: 2.2740 - accuracy: 0.2097
79/98 [=======================>......] - ETA: 1s - loss: 2.2714 - accuracy: 0.2099
81/98 [=======================>......] - ETA: 0s - loss: 2.2694 - accuracy: 0.2100
82/98 [========================>.....] - ETA: 0s - loss: 2.2683 - accuracy: 0.2100
84/98 [========================>.....] - ETA: 0s - loss: 2.2669 - accuracy: 0.2098
86/98 [=========================>....] - ETA: 0s - loss: 2.2640 - accuracy: 0.2103
88/98 [=========================>....] - ETA: 0s - loss: 2.2631 - accuracy: 0.2101
89/98 [==========================>...] - ETA: 0s - loss: 2.2620 - accuracy: 0.2102
91/98 [==========================>...] - ETA: 0s - loss: 2.2599 - accuracy: 0.2101
93/98 [===========================>..] - ETA: 0s - loss: 2.2566 - accuracy: 0.2108
95/98 [============================>.] - ETA: 0s - loss: 2.2537 - accuracy: 0.2111
96/98 [============================>.] - ETA: 0s - loss: 2.2525 - accuracy: 0.2109
98/98 [==============================] - ETA: 0s - loss: 2.2493 - accuracy: 0.2113
98/98 [==============================] - 11s 67ms/step - loss: 2.2493 - accuracy: 0.2113 - val_loss: 2.2586 - val_accuracy: 0.1770
Epoch 2/196

 1/98 [..............................] - ETA: 6s - loss: 2.1390 - accuracy: 0.2383
 2/98 [..............................] - ETA: 6s - loss: 2.1058 - accuracy: 0.2422
 4/98 [>.............................] - ETA: 5s - loss: 2.1026 - accuracy: 0.2441
 6/98 [>.............................] - ETA: 5s - loss: 2.1091 - accuracy: 0.2432
 8/98 [=>............................] - ETA: 5s - loss: 2.1133 - accuracy: 0.2380
10/98 [==>...........................] - ETA: 4s - loss: 2.1066 - accuracy: 0.2387
11/98 [==>...........................] - ETA: 4s - loss: 2.1074 - accuracy: 0.2377
13/98 [==>...........................] - ETA: 4s - loss: 2.1063 - accuracy: 0.2351
14/98 [===>..........................] - ETA: 4s - loss: 2.1100 - accuracy: 0.2330
15/98 [===>..........................] - ETA: 4s - loss: 2.1101 - accuracy: 0.2323
17/98 [====>.........................] - ETA: 4s - loss: 2.1135 - accuracy: 0.2316
19/98 [====>.........................] - ETA: 4s - loss: 2.1086 - accuracy: 0.2332
20/98 [=====>........................] - ETA: 4s - loss: 2.1107 - accuracy: 0.2316
21/98 [=====>........................] - ETA: 4s - loss: 2.1067 - accuracy: 0.2334
22/98 [=====>........................] - ETA: 4s - loss: 2.1053 - accuracy: 0.2343
24/98 [======>.......................] - ETA: 4s - loss: 2.1067 - accuracy: 0.2334
26/98 [======>.......................] - ETA: 4s - loss: 2.1071 - accuracy: 0.2326
28/98 [=======>......................] - ETA: 3s - loss: 2.1101 - accuracy: 0.2319
30/98 [========>.....................] - ETA: 3s - loss: 2.1147 - accuracy: 0.2299
31/98 [========>.....................] - ETA: 3s - loss: 2.1135 - accuracy: 0.2301
33/98 [=========>....................] - ETA: 3s - loss: 2.1206 - accuracy: 0.2290
35/98 [=========>....................] - ETA: 3s - loss: 2.1236 - accuracy: 0.2275
36/98 [==========>...................] - ETA: 3s - loss: 2.1264 - accuracy: 0.2256
38/98 [==========>...................] - ETA: 3s - loss: 2.1275 - accuracy: 0.2249
40/98 [===========>..................] - ETA: 3s - loss: 2.1285 - accuracy: 0.2252
41/98 [===========>..................] - ETA: 3s - loss: 2.1298 - accuracy: 0.2241
43/98 [============>.................] - ETA: 3s - loss: 2.1317 - accuracy: 0.2233
45/98 [============>.................] - ETA: 2s - loss: 2.1353 - accuracy: 0.2226
47/98 [=============>................] - ETA: 2s - loss: 2.1373 - accuracy: 0.2215
48/98 [=============>................] - ETA: 2s - loss: 2.1385 - accuracy: 0.2209
50/98 [==============>...............] - ETA: 2s - loss: 2.1406 - accuracy: 0.2212
52/98 [==============>...............] - ETA: 2s - loss: 2.1403 - accuracy: 0.2206
53/98 [===============>..............] - ETA: 2s - loss: 2.1431 - accuracy: 0.2196
54/98 [===============>..............] - ETA: 2s - loss: 2.1431 - accuracy: 0.2201
55/98 [===============>..............] - ETA: 2s - loss: 2.1440 - accuracy: 0.2198
57/98 [================>.............] - ETA: 2s - loss: 2.1451 - accuracy: 0.2197
59/98 [=================>............] - ETA: 2s - loss: 2.1473 - accuracy: 0.2185
60/98 [=================>............] - ETA: 2s - loss: 2.1491 - accuracy: 0.2181
62/98 [=================>............] - ETA: 2s - loss: 2.1495 - accuracy: 0.2175
64/98 [==================>...........] - ETA: 1s - loss: 2.1520 - accuracy: 0.2164
66/98 [===================>..........] - ETA: 1s - loss: 2.1527 - accuracy: 0.2168
68/98 [===================>..........] - ETA: 1s - loss: 2.1532 - accuracy: 0.2163
70/98 [====================>.........] - ETA: 1s - loss: 2.1550 - accuracy: 0.2158
72/98 [=====================>........] - ETA: 1s - loss: 2.1557 - accuracy: 0.2163
74/98 [=====================>........] - ETA: 1s - loss: 2.1567 - accuracy: 0.2161
76/98 [======================>.......] - ETA: 1s - loss: 2.1568 - accuracy: 0.2158
78/98 [======================>.......] - ETA: 1s - loss: 2.1578 - accuracy: 0.2159
80/98 [=======================>......] - ETA: 0s - loss: 2.1577 - accuracy: 0.2153
82/98 [========================>.....] - ETA: 0s - loss: 2.1582 - accuracy: 0.2146
84/98 [========================>.....] - ETA: 0s - loss: 2.1599 - accuracy: 0.2140
86/98 [=========================>....] - ETA: 0s - loss: 2.1622 - accuracy: 0.2134
88/98 [=========================>....] - ETA: 0s - loss: 2.1636 - accuracy: 0.2132
90/98 [==========================>...] - ETA: 0s - loss: 2.1646 - accuracy: 0.2132
91/98 [==========================>...] - ETA: 0s - loss: 2.1653 - accuracy: 0.2129
93/98 [===========================>..] - ETA: 0s - loss: 2.1658 - accuracy: 0.2126
95/98 [============================>.] - ETA: 0s - loss: 2.1672 - accuracy: 0.2120
97/98 [============================>.] - ETA: 0s - loss: 2.1688 - accuracy: 0.2117
98/98 [==============================] - ETA: 0s - loss: 2.1688 - accuracy: 0.2116
98/98 [==============================] - 6s 61ms/step - loss: 2.1688 - accuracy: 0.2116 - val_loss: 2.6046 - val_accuracy: 0.1295
Epoch 3/196

 1/98 [..............................] - ETA: 7s - loss: 2.2698 - accuracy: 0.1953
 2/98 [..............................] - ETA: 6s - loss: 2.2587 - accuracy: 0.1973
 4/98 [>.............................] - ETA: 5s - loss: 2.2362 - accuracy: 0.2012
 6/98 [>.............................] - ETA: 5s - loss: 2.2395 - accuracy: 0.2028
 8/98 [=>............................] - ETA: 5s - loss: 2.2431 - accuracy: 0.2039
10/98 [==>...........................] - ETA: 4s - loss: 2.2391 - accuracy: 0.1998
12/98 [==>...........................] - ETA: 4s - loss: 2.2258 - accuracy: 0.2015
14/98 [===>..........................] - ETA: 4s - loss: 2.2128 - accuracy: 0.2038
15/98 [===>..........................] - ETA: 4s - loss: 2.2088 - accuracy: 0.2043
17/98 [====>.........................] - ETA: 4s - loss: 2.2041 - accuracy: 0.2058
19/98 [====>.........................] - ETA: 4s - loss: 2.1996 - accuracy: 0.2070
21/98 [=====>........................] - ETA: 4s - loss: 2.1952 - accuracy: 0.2068
23/98 [======>.......................] - ETA: 4s - loss: 2.1897 - accuracy: 0.2096
24/98 [======>.......................] - ETA: 4s - loss: 2.1899 - accuracy: 0.2094
26/98 [======>.......................] - ETA: 4s - loss: 2.1877 - accuracy: 0.2085
28/98 [=======>......................] - ETA: 3s - loss: 2.1894 - accuracy: 0.2080
30/98 [========>.....................] - ETA: 3s - loss: 2.1898 - accuracy: 0.2075
32/98 [========>.....................] - ETA: 3s - loss: 2.1934 - accuracy: 0.2072
34/98 [=========>....................] - ETA: 3s - loss: 2.1984 - accuracy: 0.2058
36/98 [==========>...................] - ETA: 3s - loss: 2.2026 - accuracy: 0.2055
38/98 [==========>...................] - ETA: 3s - loss: 2.2072 - accuracy: 0.2039
40/98 [===========>..................] - ETA: 2s - loss: 2.2098 - accuracy: 0.2021
42/98 [===========>..................] - ETA: 2s - loss: 2.2119 - accuracy: 0.2017
44/98 [============>.................] - ETA: 2s - loss: 2.2151 - accuracy: 0.2001
46/98 [=============>................] - ETA: 2s - loss: 2.2147 - accuracy: 0.1995
48/98 [=============>................] - ETA: 2s - loss: 2.2145 - accuracy: 0.1994
50/98 [==============>...............] - ETA: 2s - loss: 2.2178 - accuracy: 0.1977
52/98 [==============>...............] - ETA: 2s - loss: 2.2217 - accuracy: 0.1972
54/98 [===============>..............] - ETA: 2s - loss: 2.2251 - accuracy: 0.1959
55/98 [===============>..............] - ETA: 2s - loss: 2.2258 - accuracy: 0.1951
57/98 [================>.............] - ETA: 1s - loss: 2.2253 - accuracy: 0.1954
58/98 [================>.............] - ETA: 1s - loss: 2.2250 - accuracy: 0.1955
60/98 [=================>............] - ETA: 1s - loss: 2.2251 - accuracy: 0.1954
62/98 [=================>............] - ETA: 1s - loss: 2.2235 - accuracy: 0.1959
64/98 [==================>...........] - ETA: 1s - loss: 2.2237 - accuracy: 0.1960
66/98 [===================>..........] - ETA: 1s - loss: 2.2231 - accuracy: 0.1962
67/98 [===================>..........] - ETA: 1s - loss: 2.2234 - accuracy: 0.1959
69/98 [====================>.........] - ETA: 1s - loss: 2.2230 - accuracy: 0.1966
71/98 [====================>.........] - ETA: 1s - loss: 2.2221 - accuracy: 0.1971
73/98 [=====================>........] - ETA: 1s - loss: 2.2200 - accuracy: 0.1979
74/98 [=====================>........] - ETA: 1s - loss: 2.2194 - accuracy: 0.1981
76/98 [======================>.......] - ETA: 1s - loss: 2.2181 - accuracy: 0.1990
78/98 [======================>.......] - ETA: 1s - loss: 2.2185 - accuracy: 0.1992
79/98 [=======================>......] - ETA: 0s - loss: 2.2185 - accuracy: 0.1994
81/98 [=======================>......] - ETA: 0s - loss: 2.2173 - accuracy: 0.2001
83/98 [========================>.....] - ETA: 0s - loss: 2.2157 - accuracy: 0.2001
85/98 [=========================>....] - ETA: 0s - loss: 2.2158 - accuracy: 0.1999
86/98 [=========================>....] - ETA: 0s - loss: 2.2144 - accuracy: 0.2002
88/98 [=========================>....] - ETA: 0s - loss: 2.2148 - accuracy: 0.2008
89/98 [==========================>...] - ETA: 0s - loss: 2.2137 - accuracy: 0.2007
91/98 [==========================>...] - ETA: 0s - loss: 2.2144 - accuracy: 0.2006
92/98 [===========================>..] - ETA: 0s - loss: 2.2137 - accuracy: 0.2008
94/98 [===========================>..] - ETA: 0s - loss: 2.2124 - accuracy: 0.2015
96/98 [============================>.] - ETA: 0s - loss: 2.2106 - accuracy: 0.2019
98/98 [==============================] - ETA: 0s - loss: 2.2101 - accuracy: 0.2016
98/98 [==============================] - 6s 60ms/step - loss: 2.2101 - accuracy: 0.2016 - val_loss: 2.7136 - val_accuracy: 0.1219
Epoch 4/196

 1/98 [..............................] - ETA: 4s - loss: 2.1475 - accuracy: 0.2246
 3/98 [..............................] - ETA: 4s - loss: 2.1416 - accuracy: 0.2207
 5/98 [>.............................] - ETA: 3s - loss: 2.1485 - accuracy: 0.2125
 7/98 [=>............................] - ETA: 3s - loss: 2.1515 - accuracy: 0.2095
 9/98 [=>............................] - ETA: 3s - loss: 2.1554 - accuracy: 0.2092
11/98 [==>...........................] - ETA: 3s - loss: 2.1538 - accuracy: 0.2124
13/98 [==>...........................] - ETA: 3s - loss: 2.1534 - accuracy: 0.2105
15/98 [===>..........................] - ETA: 3s - loss: 2.1655 - accuracy: 0.2096
17/98 [====>.........................] - ETA: 3s - loss: 2.1680 - accuracy: 0.2097
19/98 [====>.........................] - ETA: 3s - loss: 2.1676 - accuracy: 0.2111
21/98 [=====>........................] - ETA: 3s - loss: 2.1672 - accuracy: 0.2129
23/98 [======>.......................] - ETA: 3s - loss: 2.1636 - accuracy: 0.2137
24/98 [======>.......................] - ETA: 3s - loss: 2.1629 - accuracy: 0.2148
26/98 [======>.......................] - ETA: 3s - loss: 2.1633 - accuracy: 0.2146
28/98 [=======>......................] - ETA: 3s - loss: 2.1570 - accuracy: 0.2171
30/98 [========>.....................] - ETA: 3s - loss: 2.1547 - accuracy: 0.2169
31/98 [========>.....................] - ETA: 3s - loss: 2.1519 - accuracy: 0.2182
33/98 [=========>....................] - ETA: 3s - loss: 2.1527 - accuracy: 0.2183
35/98 [=========>....................] - ETA: 3s - loss: 2.1508 - accuracy: 0.2192
37/98 [==========>...................] - ETA: 2s - loss: 2.1502 - accuracy: 0.2182
39/98 [==========>...................] - ETA: 2s - loss: 2.1478 - accuracy: 0.2184
40/98 [===========>..................] - ETA: 2s - loss: 2.1490 - accuracy: 0.2179
42/98 [===========>..................] - ETA: 2s - loss: 2.1474 - accuracy: 0.2180
44/98 [============>.................] - ETA: 2s - loss: 2.1503 - accuracy: 0.2182
46/98 [=============>................] - ETA: 2s - loss: 2.1497 - accuracy: 0.2179
47/98 [=============>................] - ETA: 2s - loss: 2.1482 - accuracy: 0.2191
49/98 [==============>...............] - ETA: 2s - loss: 2.1450 - accuracy: 0.2201
51/98 [==============>...............] - ETA: 2s - loss: 2.1449 - accuracy: 0.2202
52/98 [==============>...............] - ETA: 2s - loss: 2.1446 - accuracy: 0.2207
54/98 [===============>..............] - ETA: 2s - loss: 2.1455 - accuracy: 0.2203
56/98 [================>.............] - ETA: 2s - loss: 2.1470 - accuracy: 0.2196
58/98 [================>.............] - ETA: 2s - loss: 2.1494 - accuracy: 0.2208
59/98 [=================>............] - ETA: 2s - loss: 2.1496 - accuracy: 0.2210
61/98 [=================>............] - ETA: 1s - loss: 2.1512 - accuracy: 0.2203
63/98 [==================>...........] - ETA: 1s - loss: 2.1504 - accuracy: 0.2200
64/98 [==================>...........] - ETA: 1s - loss: 2.1502 - accuracy: 0.2204
66/98 [===================>..........] - ETA: 1s - loss: 2.1534 - accuracy: 0.2204
68/98 [===================>..........] - ETA: 1s - loss: 2.1506 - accuracy: 0.2214
70/98 [====================>.........] - ETA: 1s - loss: 2.1503 - accuracy: 0.2210
71/98 [====================>.........] - ETA: 1s - loss: 2.1501 - accuracy: 0.2212
72/98 [=====================>........] - ETA: 1s - loss: 2.1507 - accuracy: 0.2216
73/98 [=====================>........] - ETA: 1s - loss: 2.1489 - accuracy: 0.2220
75/98 [=====================>........] - ETA: 1s - loss: 2.1470 - accuracy: 0.2225
77/98 [======================>.......] - ETA: 1s - loss: 2.1466 - accuracy: 0.2230
79/98 [=======================>......] - ETA: 0s - loss: 2.1464 - accuracy: 0.2237
80/98 [=======================>......] - ETA: 0s - loss: 2.1467 - accuracy: 0.2238
82/98 [========================>.....] - ETA: 0s - loss: 2.1466 - accuracy: 0.2239
84/98 [========================>.....] - ETA: 0s - loss: 2.1463 - accuracy: 0.2238
86/98 [=========================>....] - ETA: 0s - loss: 2.1490 - accuracy: 0.2233
88/98 [=========================>....] - ETA: 0s - loss: 2.1521 - accuracy: 0.2233
90/98 [==========================>...] - ETA: 0s - loss: 2.1526 - accuracy: 0.2228
92/98 [===========================>..] - ETA: 0s - loss: 2.1535 - accuracy: 0.2229
94/98 [===========================>..] - ETA: 0s - loss: 2.1535 - accuracy: 0.2228
96/98 [============================>.] - ETA: 0s - loss: 2.1545 - accuracy: 0.2226
98/98 [==============================] - ETA: 0s - loss: 2.1552 - accuracy: 0.2225
98/98 [==============================] - 6s 58ms/step - loss: 2.1552 - accuracy: 0.2225 - val_loss: 2.5406 - val_accuracy: 0.1144
Epoch 5/196

 1/98 [..............................] - ETA: 6s - loss: 2.1820 - accuracy: 0.2344
 2/98 [..............................] - ETA: 6s - loss: 2.1329 - accuracy: 0.2432
 4/98 [>.............................] - ETA: 5s - loss: 2.1530 - accuracy: 0.2319
 5/98 [>.............................] - ETA: 5s - loss: 2.1407 - accuracy: 0.2363
 7/98 [=>............................] - ETA: 5s - loss: 2.1400 - accuracy: 0.2377
 9/98 [=>............................] - ETA: 5s - loss: 2.1382 - accuracy: 0.2335
11/98 [==>...........................] - ETA: 4s - loss: 2.1439 - accuracy: 0.2326
12/98 [==>...........................] - ETA: 4s - loss: 2.1503 - accuracy: 0.2295
14/98 [===>..........................] - ETA: 4s - loss: 2.1569 - accuracy: 0.2246
16/98 [===>..........................] - ETA: 4s - loss: 2.1623 - accuracy: 0.2198
17/98 [====>.........................] - ETA: 4s - loss: 2.1593 - accuracy: 0.2205
19/98 [====>.........................] - ETA: 4s - loss: 2.1658 - accuracy: 0.2194
21/98 [=====>........................] - ETA: 4s - loss: 2.1696 - accuracy: 0.2174
22/98 [=====>........................] - ETA: 4s - loss: 2.1697 - accuracy: 0.2168
24/98 [======>.......................] - ETA: 4s - loss: 2.1708 - accuracy: 0.2163
26/98 [======>.......................] - ETA: 4s - loss: 2.1719 - accuracy: 0.2169
28/98 [=======>......................] - ETA: 3s - loss: 2.1746 - accuracy: 0.2163
30/98 [========>.....................] - ETA: 3s - loss: 2.1745 - accuracy: 0.2158
32/98 [========>.....................] - ETA: 3s - loss: 2.1760 - accuracy: 0.2125
33/98 [=========>....................] - ETA: 3s - loss: 2.1757 - accuracy: 0.2120
35/98 [=========>....................] - ETA: 3s - loss: 2.1717 - accuracy: 0.2117
37/98 [==========>...................] - ETA: 3s - loss: 2.1703 - accuracy: 0.2123
39/98 [==========>...................] - ETA: 3s - loss: 2.1666 - accuracy: 0.2126
40/98 [===========>..................] - ETA: 3s - loss: 2.1658 - accuracy: 0.2122
42/98 [===========>..................] - ETA: 3s - loss: 2.1659 - accuracy: 0.2123
43/98 [============>.................] - ETA: 3s - loss: 2.1675 - accuracy: 0.2122
45/98 [============>.................] - ETA: 2s - loss: 2.1651 - accuracy: 0.2129
47/98 [=============>................] - ETA: 2s - loss: 2.1672 - accuracy: 0.2122
49/98 [==============>...............] - ETA: 2s - loss: 2.1674 - accuracy: 0.2129
50/98 [==============>...............] - ETA: 2s - loss: 2.1674 - accuracy: 0.2134
52/98 [==============>...............] - ETA: 2s - loss: 2.1668 - accuracy: 0.2137
54/98 [===============>..............] - ETA: 2s - loss: 2.1687 - accuracy: 0.2136
56/98 [================>.............] - ETA: 2s - loss: 2.1690 - accuracy: 0.2142
58/98 [================>.............] - ETA: 2s - loss: 2.1692 - accuracy: 0.2140
60/98 [=================>............] - ETA: 2s - loss: 2.1688 - accuracy: 0.2137
62/98 [=================>............] - ETA: 1s - loss: 2.1711 - accuracy: 0.2138
64/98 [==================>...........] - ETA: 1s - loss: 2.1719 - accuracy: 0.2134
66/98 [===================>..........] - ETA: 1s - loss: 2.1713 - accuracy: 0.2137
68/98 [===================>..........] - ETA: 1s - loss: 2.1716 - accuracy: 0.2135
70/98 [====================>.........] - ETA: 1s - loss: 2.1719 - accuracy: 0.2134
72/98 [=====================>........] - ETA: 1s - loss: 2.1707 - accuracy: 0.2138
74/98 [=====================>........] - ETA: 1s - loss: 2.1710 - accuracy: 0.2141
76/98 [======================>.......] - ETA: 1s - loss: 2.1718 - accuracy: 0.2144
78/98 [======================>.......] - ETA: 1s - loss: 2.1711 - accuracy: 0.2149
80/98 [=======================>......] - ETA: 0s - loss: 2.1711 - accuracy: 0.2148
82/98 [========================>.....] - ETA: 0s - loss: 2.1713 - accuracy: 0.2151
83/98 [========================>.....] - ETA: 0s - loss: 2.1706 - accuracy: 0.2154
85/98 [=========================>....] - ETA: 0s - loss: 2.1695 - accuracy: 0.2161
87/98 [=========================>....] - ETA: 0s - loss: 2.1697 - accuracy: 0.2166
88/98 [=========================>....] - ETA: 0s - loss: 2.1690 - accuracy: 0.2168
90/98 [==========================>...] - ETA: 0s - loss: 2.1690 - accuracy: 0.2170
92/98 [===========================>..] - ETA: 0s - loss: 2.1679 - accuracy: 0.2173
93/98 [===========================>..] - ETA: 0s - loss: 2.1678 - accuracy: 0.2175
95/98 [============================>.] - ETA: 0s - loss: 2.1667 - accuracy: 0.2177
97/98 [============================>.] - ETA: 0s - loss: 2.1664 - accuracy: 0.2179
98/98 [==============================] - ETA: 0s - loss: 2.1657 - accuracy: 0.2181
98/98 [==============================] - 6s 61ms/step - loss: 2.1657 - accuracy: 0.2181 - val_loss: 2.4874 - val_accuracy: 0.1671
Epoch 6/196

 1/98 [..............................] - ETA: 7s - loss: 2.1391 - accuracy: 0.2109
 2/98 [..............................] - ETA: 5s - loss: 2.1604 - accuracy: 0.2158
 4/98 [>.............................] - ETA: 5s - loss: 2.1429 - accuracy: 0.2310
 5/98 [>.............................] - ETA: 5s - loss: 2.1359 - accuracy: 0.2309
 7/98 [=>............................] - ETA: 5s - loss: 2.1365 - accuracy: 0.2288
 9/98 [=>............................] - ETA: 5s - loss: 2.1347 - accuracy: 0.2270
11/98 [==>...........................] - ETA: 4s - loss: 2.1403 - accuracy: 0.2264
12/98 [==>...........................] - ETA: 4s - loss: 2.1420 - accuracy: 0.2275
14/98 [===>..........................] - ETA: 4s - loss: 2.1382 - accuracy: 0.2296
16/98 [===>..........................] - ETA: 4s - loss: 2.1401 - accuracy: 0.2284
18/98 [====>.........................] - ETA: 4s - loss: 2.1462 - accuracy: 0.2268
20/98 [=====>........................] - ETA: 4s - loss: 2.1459 - accuracy: 0.2289
22/98 [=====>........................] - ETA: 3s - loss: 2.1455 - accuracy: 0.2275
24/98 [======>.......................] - ETA: 3s - loss: 2.1456 - accuracy: 0.2271
26/98 [======>.......................] - ETA: 3s - loss: 2.1503 - accuracy: 0.2259
28/98 [=======>......................] - ETA: 3s - loss: 2.1488 - accuracy: 0.2263
30/98 [========>.....................] - ETA: 3s - loss: 2.1482 - accuracy: 0.2279
32/98 [========>.....................] - ETA: 3s - loss: 2.1505 - accuracy: 0.2269
34/98 [=========>....................] - ETA: 3s - loss: 2.1476 - accuracy: 0.2280
36/98 [==========>...................] - ETA: 2s - loss: 2.1474 - accuracy: 0.2291
38/98 [==========>...................] - ETA: 2s - loss: 2.1457 - accuracy: 0.2297
40/98 [===========>..................] - ETA: 2s - loss: 2.1472 - accuracy: 0.2286
42/98 [===========>..................] - ETA: 2s - loss: 2.1497 - accuracy: 0.2277
44/98 [============>.................] - ETA: 2s - loss: 2.1494 - accuracy: 0.2271
45/98 [============>.................] - ETA: 2s - loss: 2.1488 - accuracy: 0.2271
47/98 [=============>................] - ETA: 2s - loss: 2.1509 - accuracy: 0.2266
49/98 [==============>...............] - ETA: 2s - loss: 2.1526 - accuracy: 0.2258
51/98 [==============>...............] - ETA: 2s - loss: 2.1520 - accuracy: 0.2267
52/98 [==============>...............] - ETA: 2s - loss: 2.1526 - accuracy: 0.2269
54/98 [===============>..............] - ETA: 2s - loss: 2.1530 - accuracy: 0.2259
56/98 [================>.............] - ETA: 2s - loss: 2.1534 - accuracy: 0.2255
57/98 [================>.............] - ETA: 2s - loss: 2.1540 - accuracy: 0.2254
59/98 [=================>............] - ETA: 1s - loss: 2.1522 - accuracy: 0.2264
60/98 [=================>............] - ETA: 1s - loss: 2.1520 - accuracy: 0.2262
61/98 [=================>............] - ETA: 1s - loss: 2.1528 - accuracy: 0.2256
63/98 [==================>...........] - ETA: 1s - loss: 2.1524 - accuracy: 0.2253
65/98 [==================>...........] - ETA: 1s - loss: 2.1524 - accuracy: 0.2254
66/98 [===================>..........] - ETA: 1s - loss: 2.1522 - accuracy: 0.2256
68/98 [===================>..........] - ETA: 1s - loss: 2.1518 - accuracy: 0.2256
70/98 [====================>.........] - ETA: 1s - loss: 2.1527 - accuracy: 0.2248
71/98 [====================>.........] - ETA: 1s - loss: 2.1533 - accuracy: 0.2246
73/98 [=====================>........] - ETA: 1s - loss: 2.1531 - accuracy: 0.2252
75/98 [=====================>........] - ETA: 1s - loss: 2.1532 - accuracy: 0.2253
76/98 [======================>.......] - ETA: 1s - loss: 2.1530 - accuracy: 0.2254
78/98 [======================>.......] - ETA: 1s - loss: 2.1524 - accuracy: 0.2262
80/98 [=======================>......] - ETA: 0s - loss: 2.1526 - accuracy: 0.2262
81/98 [=======================>......] - ETA: 0s - loss: 2.1527 - accuracy: 0.2261
83/98 [========================>.....] - ETA: 0s - loss: 2.1519 - accuracy: 0.2261
84/98 [========================>.....] - ETA: 0s - loss: 2.1509 - accuracy: 0.2263
86/98 [=========================>....] - ETA: 0s - loss: 2.1507 - accuracy: 0.2258
88/98 [=========================>....] - ETA: 0s - loss: 2.1506 - accuracy: 0.2256
89/98 [==========================>...] - ETA: 0s - loss: 2.1504 - accuracy: 0.2258
91/98 [==========================>...] - ETA: 0s - loss: 2.1501 - accuracy: 0.2253
93/98 [===========================>..] - ETA: 0s - loss: 2.1496 - accuracy: 0.2251
95/98 [============================>.] - ETA: 0s - loss: 2.1496 - accuracy: 0.2250
96/98 [============================>.] - ETA: 0s - loss: 2.1504 - accuracy: 0.2246
98/98 [==============================] - ETA: 0s - loss: 2.1489 - accuracy: 0.2250
98/98 [==============================] - 6s 59ms/step - loss: 2.1489 - accuracy: 0.2250 - val_loss: 2.1621 - val_accuracy: 0.2278
Epoch 7/196

 1/98 [..............................] - ETA: 6s - loss: 2.1351 - accuracy: 0.2051
 3/98 [..............................] - ETA: 3s - loss: 2.1071 - accuracy: 0.2331
 5/98 [>.............................] - ETA: 3s - loss: 2.1147 - accuracy: 0.2316
 7/98 [=>............................] - ETA: 3s - loss: 2.1208 - accuracy: 0.2302
 9/98 [=>............................] - ETA: 3s - loss: 2.1302 - accuracy: 0.2292
10/98 [==>...........................] - ETA: 3s - loss: 2.1304 - accuracy: 0.2305
12/98 [==>...........................] - ETA: 3s - loss: 2.1293 - accuracy: 0.2319
14/98 [===>..........................] - ETA: 3s - loss: 2.1166 - accuracy: 0.2369
15/98 [===>..........................] - ETA: 3s - loss: 2.1155 - accuracy: 0.2376
17/98 [====>.........................] - ETA: 3s - loss: 2.1141 - accuracy: 0.2381
19/98 [====>.........................] - ETA: 3s - loss: 2.1100 - accuracy: 0.2389
21/98 [=====>........................] - ETA: 3s - loss: 2.1030 - accuracy: 0.2422
23/98 [======>.......................] - ETA: 3s - loss: 2.1025 - accuracy: 0.2435
24/98 [======>.......................] - ETA: 3s - loss: 2.1025 - accuracy: 0.2425
26/98 [======>.......................] - ETA: 3s - loss: 2.1011 - accuracy: 0.2411
28/98 [=======>......................] - ETA: 3s - loss: 2.1030 - accuracy: 0.2403
30/98 [========>.....................] - ETA: 3s - loss: 2.1051 - accuracy: 0.2392
32/98 [========>.....................] - ETA: 3s - loss: 2.1015 - accuracy: 0.2391
33/98 [=========>....................] - ETA: 3s - loss: 2.1005 - accuracy: 0.2393
35/98 [=========>....................] - ETA: 3s - loss: 2.0976 - accuracy: 0.2403
37/98 [==========>...................] - ETA: 3s - loss: 2.0969 - accuracy: 0.2390
38/98 [==========>...................] - ETA: 3s - loss: 2.0973 - accuracy: 0.2391
40/98 [===========>..................] - ETA: 3s - loss: 2.0993 - accuracy: 0.2393
42/98 [===========>..................] - ETA: 2s - loss: 2.1002 - accuracy: 0.2391
43/98 [============>.................] - ETA: 2s - loss: 2.1008 - accuracy: 0.2390
45/98 [============>.................] - ETA: 2s - loss: 2.1025 - accuracy: 0.2381
47/98 [=============>................] - ETA: 2s - loss: 2.1040 - accuracy: 0.2378
48/98 [=============>................] - ETA: 2s - loss: 2.1026 - accuracy: 0.2382
50/98 [==============>...............] - ETA: 2s - loss: 2.1031 - accuracy: 0.2383
52/98 [==============>...............] - ETA: 2s - loss: 2.1044 - accuracy: 0.2379
54/98 [===============>..............] - ETA: 2s - loss: 2.1031 - accuracy: 0.2384
55/98 [===============>..............] - ETA: 2s - loss: 2.1032 - accuracy: 0.2388
57/98 [================>.............] - ETA: 2s - loss: 2.1035 - accuracy: 0.2393
59/98 [=================>............] - ETA: 2s - loss: 2.1046 - accuracy: 0.2389
60/98 [=================>............] - ETA: 2s - loss: 2.1068 - accuracy: 0.2381
62/98 [=================>............] - ETA: 1s - loss: 2.1078 - accuracy: 0.2377
64/98 [==================>...........] - ETA: 1s - loss: 2.1084 - accuracy: 0.2382
66/98 [===================>..........] - ETA: 1s - loss: 2.1100 - accuracy: 0.2384
68/98 [===================>..........] - ETA: 1s - loss: 2.1105 - accuracy: 0.2384
69/98 [====================>.........] - ETA: 1s - loss: 2.1115 - accuracy: 0.2379
71/98 [====================>.........] - ETA: 1s - loss: 2.1123 - accuracy: 0.2375
73/98 [=====================>........] - ETA: 1s - loss: 2.1124 - accuracy: 0.2374
75/98 [=====================>........] - ETA: 1s - loss: 2.1138 - accuracy: 0.2370
77/98 [======================>.......] - ETA: 1s - loss: 2.1152 - accuracy: 0.2367
79/98 [=======================>......] - ETA: 1s - loss: 2.1162 - accuracy: 0.2365
81/98 [=======================>......] - ETA: 0s - loss: 2.1170 - accuracy: 0.2357
83/98 [========================>.....] - ETA: 0s - loss: 2.1168 - accuracy: 0.2357
85/98 [=========================>....] - ETA: 0s - loss: 2.1172 - accuracy: 0.2351
87/98 [=========================>....] - ETA: 0s - loss: 2.1172 - accuracy: 0.2350
89/98 [==========================>...] - ETA: 0s - loss: 2.1180 - accuracy: 0.2352
91/98 [==========================>...] - ETA: 0s - loss: 2.1175 - accuracy: 0.2355
93/98 [===========================>..] - ETA: 0s - loss: 2.1179 - accuracy: 0.2358
95/98 [============================>.] - ETA: 0s - loss: 2.1197 - accuracy: 0.2355
97/98 [============================>.] - ETA: 0s - loss: 2.1196 - accuracy: 0.2356
98/98 [==============================] - 6s 60ms/step - loss: 2.1197 - accuracy: 0.2356 - val_loss: 2.3010 - val_accuracy: 0.1800
Epoch 8/196

 1/98 [..............................] - ETA: 6s - loss: 2.1466 - accuracy: 0.2363
 2/98 [..............................] - ETA: 5s - loss: 2.1725 - accuracy: 0.2080
 3/98 [..............................] - ETA: 5s - loss: 2.1746 - accuracy: 0.2142
 5/98 [>.............................] - ETA: 5s - loss: 2.1837 - accuracy: 0.2176
 7/98 [=>............................] - ETA: 5s - loss: 2.1817 - accuracy: 0.2148
 8/98 [=>............................] - ETA: 5s - loss: 2.1810 - accuracy: 0.2166
10/98 [==>...........................] - ETA: 5s - loss: 2.1962 - accuracy: 0.2150
12/98 [==>...........................] - ETA: 4s - loss: 2.2116 - accuracy: 0.2106
14/98 [===>..........................] - ETA: 4s - loss: 2.2217 - accuracy: 0.2044
15/98 [===>..........................] - ETA: 4s - loss: 2.2176 - accuracy: 0.2055
16/98 [===>..........................] - ETA: 4s - loss: 2.2159 - accuracy: 0.2069
18/98 [====>.........................] - ETA: 4s - loss: 2.2130 - accuracy: 0.2054
20/98 [=====>........................] - ETA: 4s - loss: 2.2097 - accuracy: 0.2058
22/98 [=====>........................] - ETA: 4s - loss: 2.2093 - accuracy: 0.2063
23/98 [======>.......................] - ETA: 4s - loss: 2.2091 - accuracy: 0.2069
25/98 [======>.......................] - ETA: 4s - loss: 2.2045 - accuracy: 0.2097
27/98 [=======>......................] - ETA: 4s - loss: 2.2041 - accuracy: 0.2096
29/98 [=======>......................] - ETA: 3s - loss: 2.2002 - accuracy: 0.2109
30/98 [========>.....................] - ETA: 3s - loss: 2.2029 - accuracy: 0.2100
32/98 [========>.....................] - ETA: 3s - loss: 2.2035 - accuracy: 0.2089
33/98 [=========>....................] - ETA: 3s - loss: 2.2051 - accuracy: 0.2085
34/98 [=========>....................] - ETA: 3s - loss: 2.2048 - accuracy: 0.2092
35/98 [=========>....................] - ETA: 3s - loss: 2.2045 - accuracy: 0.2095
37/98 [==========>...................] - ETA: 3s - loss: 2.2033 - accuracy: 0.2092
39/98 [==========>...................] - ETA: 3s - loss: 2.2014 - accuracy: 0.2094
41/98 [===========>..................] - ETA: 3s - loss: 2.1992 - accuracy: 0.2105
43/98 [============>.................] - ETA: 3s - loss: 2.2003 - accuracy: 0.2106
45/98 [============>.................] - ETA: 2s - loss: 2.2014 - accuracy: 0.2102
47/98 [=============>................] - ETA: 2s - loss: 2.2008 - accuracy: 0.2103
49/98 [==============>...............] - ETA: 2s - loss: 2.2013 - accuracy: 0.2097
51/98 [==============>...............] - ETA: 2s - loss: 2.2010 - accuracy: 0.2100
53/98 [===============>..............] - ETA: 2s - loss: 2.2002 - accuracy: 0.2099
55/98 [===============>..............] - ETA: 2s - loss: 2.1998 - accuracy: 0.2105
57/98 [================>.............] - ETA: 2s - loss: 2.1996 - accuracy: 0.2102
59/98 [=================>............] - ETA: 1s - loss: 2.1983 - accuracy: 0.2099
61/98 [=================>............] - ETA: 1s - loss: 2.1965 - accuracy: 0.2105
63/98 [==================>...........] - ETA: 1s - loss: 2.1952 - accuracy: 0.2104
65/98 [==================>...........] - ETA: 1s - loss: 2.1937 - accuracy: 0.2101
66/98 [===================>..........] - ETA: 1s - loss: 2.1931 - accuracy: 0.2101
68/98 [===================>..........] - ETA: 1s - loss: 2.1908 - accuracy: 0.2114
70/98 [====================>.........] - ETA: 1s - loss: 2.1902 - accuracy: 0.2119
71/98 [====================>.........] - ETA: 1s - loss: 2.1892 - accuracy: 0.2123
73/98 [=====================>........] - ETA: 1s - loss: 2.1885 - accuracy: 0.2126
75/98 [=====================>........] - ETA: 1s - loss: 2.1889 - accuracy: 0.2123
77/98 [======================>.......] - ETA: 1s - loss: 2.1893 - accuracy: 0.2126
78/98 [======================>.......] - ETA: 1s - loss: 2.1903 - accuracy: 0.2125
80/98 [=======================>......] - ETA: 0s - loss: 2.1901 - accuracy: 0.2126
81/98 [=======================>......] - ETA: 0s - loss: 2.1911 - accuracy: 0.2122
83/98 [========================>.....] - ETA: 0s - loss: 2.1904 - accuracy: 0.2125
85/98 [=========================>....] - ETA: 0s - loss: 2.1898 - accuracy: 0.2122
87/98 [=========================>....] - ETA: 0s - loss: 2.1899 - accuracy: 0.2120
88/98 [=========================>....] - ETA: 0s - loss: 2.1898 - accuracy: 0.2123
90/98 [==========================>...] - ETA: 0s - loss: 2.1884 - accuracy: 0.2129
92/98 [===========================>..] - ETA: 0s - loss: 2.1889 - accuracy: 0.2126
94/98 [===========================>..] - ETA: 0s - loss: 2.1898 - accuracy: 0.2124
96/98 [============================>.] - ETA: 0s - loss: 2.1900 - accuracy: 0.2122
98/98 [==============================] - ETA: 0s - loss: 2.1901 - accuracy: 0.2117
98/98 [==============================] - 6s 61ms/step - loss: 2.1901 - accuracy: 0.2117 - val_loss: 2.1982 - val_accuracy: 0.2304
Epoch 9/196

 1/98 [..............................] - ETA: 6s - loss: 2.1835 - accuracy: 0.2266
 2/98 [..............................] - ETA: 5s - loss: 2.1825 - accuracy: 0.2393
 4/98 [>.............................] - ETA: 5s - loss: 2.1727 - accuracy: 0.2168
 6/98 [>.............................] - ETA: 4s - loss: 2.1642 - accuracy: 0.2096
 8/98 [=>............................] - ETA: 4s - loss: 2.1546 - accuracy: 0.2126
10/98 [==>...........................] - ETA: 4s - loss: 2.1698 - accuracy: 0.2049
12/98 [==>...........................] - ETA: 4s - loss: 2.1752 - accuracy: 0.2030
14/98 [===>..........................] - ETA: 3s - loss: 2.1806 - accuracy: 0.2035
16/98 [===>..........................] - ETA: 3s - loss: 2.1879 - accuracy: 0.2017
18/98 [====>.........................] - ETA: 3s - loss: 2.1941 - accuracy: 0.2032
20/98 [=====>........................] - ETA: 3s - loss: 2.1985 - accuracy: 0.2024
22/98 [=====>........................] - ETA: 3s - loss: 2.1966 - accuracy: 0.2038
24/98 [======>.......................] - ETA: 3s - loss: 2.1988 - accuracy: 0.2047
26/98 [======>.......................] - ETA: 3s - loss: 2.1951 - accuracy: 0.2049
28/98 [=======>......................] - ETA: 3s - loss: 2.1950 - accuracy: 0.2054
30/98 [========>.....................] - ETA: 2s - loss: 2.1931 - accuracy: 0.2071
31/98 [========>.....................] - ETA: 2s - loss: 2.1911 - accuracy: 0.2077
33/98 [=========>....................] - ETA: 2s - loss: 2.1894 - accuracy: 0.2077
35/98 [=========>....................] - ETA: 2s - loss: 2.1912 - accuracy: 0.2075
37/98 [==========>...................] - ETA: 2s - loss: 2.1880 - accuracy: 0.2082
38/98 [==========>...................] - ETA: 2s - loss: 2.1861 - accuracy: 0.2088
40/98 [===========>..................] - ETA: 2s - loss: 2.1851 - accuracy: 0.2086
42/98 [===========>..................] - ETA: 2s - loss: 2.1841 - accuracy: 0.2092
44/98 [============>.................] - ETA: 2s - loss: 2.1819 - accuracy: 0.2091
45/98 [============>.................] - ETA: 2s - loss: 2.1810 - accuracy: 0.2093
47/98 [=============>................] - ETA: 2s - loss: 2.1812 - accuracy: 0.2093
49/98 [==============>...............] - ETA: 2s - loss: 2.1824 - accuracy: 0.2085
51/98 [==============>...............] - ETA: 2s - loss: 2.1827 - accuracy: 0.2075
52/98 [==============>...............] - ETA: 2s - loss: 2.1822 - accuracy: 0.2081
54/98 [===============>..............] - ETA: 2s - loss: 2.1832 - accuracy: 0.2074
56/98 [================>.............] - ETA: 2s - loss: 2.1824 - accuracy: 0.2069
57/98 [================>.............] - ETA: 2s - loss: 2.1822 - accuracy: 0.2066
59/98 [=================>............] - ETA: 1s - loss: 2.1812 - accuracy: 0.2071
61/98 [=================>............] - ETA: 1s - loss: 2.1803 - accuracy: 0.2076
62/98 [=================>............] - ETA: 1s - loss: 2.1793 - accuracy: 0.2082
64/98 [==================>...........] - ETA: 1s - loss: 2.1776 - accuracy: 0.2089
66/98 [===================>..........] - ETA: 1s - loss: 2.1780 - accuracy: 0.2086
68/98 [===================>..........] - ETA: 1s - loss: 2.1775 - accuracy: 0.2086
69/98 [====================>.........] - ETA: 1s - loss: 2.1781 - accuracy: 0.2090
71/98 [====================>.........] - ETA: 1s - loss: 2.1784 - accuracy: 0.2093
73/98 [=====================>........] - ETA: 1s - loss: 2.1793 - accuracy: 0.2085
75/98 [=====================>........] - ETA: 1s - loss: 2.1792 - accuracy: 0.2088
77/98 [======================>.......] - ETA: 1s - loss: 2.1794 - accuracy: 0.2091
78/98 [======================>.......] - ETA: 1s - loss: 2.1802 - accuracy: 0.2089
80/98 [=======================>......] - ETA: 0s - loss: 2.1806 - accuracy: 0.2096
82/98 [========================>.....] - ETA: 0s - loss: 2.1819 - accuracy: 0.2093
83/98 [========================>.....] - ETA: 0s - loss: 2.1822 - accuracy: 0.2094
85/98 [=========================>....] - ETA: 0s - loss: 2.1833 - accuracy: 0.2093
87/98 [=========================>....] - ETA: 0s - loss: 2.1870 - accuracy: 0.2085
88/98 [=========================>....] - ETA: 0s - loss: 2.1872 - accuracy: 0.2084
90/98 [==========================>...] - ETA: 0s - loss: 2.1888 - accuracy: 0.2080
92/98 [===========================>..] - ETA: 0s - loss: 2.1909 - accuracy: 0.2077
93/98 [===========================>..] - ETA: 0s - loss: 2.1911 - accuracy: 0.2075
95/98 [============================>.] - ETA: 0s - loss: 2.1905 - accuracy: 0.2073
97/98 [============================>.] - ETA: 0s - loss: 2.1900 - accuracy: 0.2071
98/98 [==============================] - 6s 58ms/step - loss: 2.1897 - accuracy: 0.2072 - val_loss: 2.1224 - val_accuracy: 0.2144
Epoch 10/196

 1/98 [..............................] - ETA: 7s - loss: 2.1531 - accuracy: 0.2227
 3/98 [..............................] - ETA: 5s - loss: 2.1547 - accuracy: 0.2057
 5/98 [>.............................] - ETA: 5s - loss: 2.1865 - accuracy: 0.2027
 6/98 [>.............................] - ETA: 5s - loss: 2.1914 - accuracy: 0.1986
 8/98 [=>............................] - ETA: 5s - loss: 2.1790 - accuracy: 0.2078
10/98 [==>...........................] - ETA: 4s - loss: 2.1704 - accuracy: 0.2076
11/98 [==>...........................] - ETA: 4s - loss: 2.1644 - accuracy: 0.2120
13/98 [==>...........................] - ETA: 4s - loss: 2.1620 - accuracy: 0.2114
14/98 [===>..........................] - ETA: 4s - loss: 2.1661 - accuracy: 0.2116
16/98 [===>..........................] - ETA: 4s - loss: 2.1535 - accuracy: 0.2142
18/98 [====>.........................] - ETA: 4s - loss: 2.1466 - accuracy: 0.2180
19/98 [====>.........................] - ETA: 4s - loss: 2.1460 - accuracy: 0.2168
21/98 [=====>........................] - ETA: 4s - loss: 2.1510 - accuracy: 0.2148
22/98 [=====>........................] - ETA: 4s - loss: 2.1515 - accuracy: 0.2151
24/98 [======>.......................] - ETA: 4s - loss: 2.1498 - accuracy: 0.2167
26/98 [======>.......................] - ETA: 4s - loss: 2.1460 - accuracy: 0.2189
28/98 [=======>......................] - ETA: 3s - loss: 2.1428 - accuracy: 0.2206
29/98 [=======>......................] - ETA: 3s - loss: 2.1438 - accuracy: 0.2200
31/98 [========>.....................] - ETA: 3s - loss: 2.1416 - accuracy: 0.2196
32/98 [========>.....................] - ETA: 3s - loss: 2.1417 - accuracy: 0.2198
34/98 [=========>....................] - ETA: 3s - loss: 2.1414 - accuracy: 0.2190
36/98 [==========>...................] - ETA: 3s - loss: 2.1411 - accuracy: 0.2186
38/98 [==========>...................] - ETA: 3s - loss: 2.1395 - accuracy: 0.2185
40/98 [===========>..................] - ETA: 3s - loss: 2.1395 - accuracy: 0.2190
42/98 [===========>..................] - ETA: 3s - loss: 2.1392 - accuracy: 0.2177
43/98 [============>.................] - ETA: 3s - loss: 2.1424 - accuracy: 0.2168
45/98 [============>.................] - ETA: 2s - loss: 2.1447 - accuracy: 0.2156
47/98 [=============>................] - ETA: 2s - loss: 2.1504 - accuracy: 0.2136
49/98 [==============>...............] - ETA: 2s - loss: 2.1587 - accuracy: 0.2107
51/98 [==============>...............] - ETA: 2s - loss: 2.1654 - accuracy: 0.2080
52/98 [==============>...............] - ETA: 2s - loss: 2.1676 - accuracy: 0.2065
54/98 [===============>..............] - ETA: 2s - loss: 2.1732 - accuracy: 0.2041
56/98 [================>.............] - ETA: 2s - loss: 2.1768 - accuracy: 0.2022
57/98 [================>.............] - ETA: 2s - loss: 2.1796 - accuracy: 0.2016
59/98 [=================>............] - ETA: 2s - loss: 2.1817 - accuracy: 0.2010
60/98 [=================>............] - ETA: 2s - loss: 2.1840 - accuracy: 0.2002
61/98 [=================>............] - ETA: 2s - loss: 2.1869 - accuracy: 0.1993
62/98 [=================>............] - ETA: 2s - loss: 2.1900 - accuracy: 0.1982
64/98 [==================>...........] - ETA: 1s - loss: 2.1970 - accuracy: 0.1967
66/98 [===================>..........] - ETA: 1s - loss: 2.2018 - accuracy: 0.1954
68/98 [===================>..........] - ETA: 1s - loss: 2.2079 - accuracy: 0.1939
70/98 [====================>.........] - ETA: 1s - loss: 2.2122 - accuracy: 0.1924
72/98 [=====================>........] - ETA: 1s - loss: 2.2167 - accuracy: 0.1915
74/98 [=====================>........] - ETA: 1s - loss: 2.2220 - accuracy: 0.1902
76/98 [======================>.......] - ETA: 1s - loss: 2.2253 - accuracy: 0.1893
78/98 [======================>.......] - ETA: 1s - loss: 2.2281 - accuracy: 0.1888
80/98 [=======================>......] - ETA: 0s - loss: 2.2310 - accuracy: 0.1878
82/98 [========================>.....] - ETA: 0s - loss: 2.2324 - accuracy: 0.1881
84/98 [========================>.....] - ETA: 0s - loss: 2.2359 - accuracy: 0.1872
86/98 [=========================>....] - ETA: 0s - loss: 2.2411 - accuracy: 0.1861
88/98 [=========================>....] - ETA: 0s - loss: 2.2453 - accuracy: 0.1853
89/98 [==========================>...] - ETA: 0s - loss: 2.2463 - accuracy: 0.1853
90/98 [==========================>...] - ETA: 0s - loss: 2.2486 - accuracy: 0.1847
92/98 [===========================>..] - ETA: 0s - loss: 2.2506 - accuracy: 0.1845
94/98 [===========================>..] - ETA: 0s - loss: 2.2575 - accuracy: 0.1836
96/98 [============================>.] - ETA: 0s - loss: 2.2652 - accuracy: 0.1827
97/98 [============================>.] - ETA: 0s - loss: 2.2673 - accuracy: 0.1825
98/98 [==============================] - 6s 61ms/step - loss: 2.2712 - accuracy: 0.1823 - val_loss: 2.8695 - val_accuracy: 0.1061
Epoch 11/196

 1/98 [..............................] - ETA: 7s - loss: 2.9848 - accuracy: 0.1230
 3/98 [..............................] - ETA: 5s - loss: 2.9278 - accuracy: 0.1445
 5/98 [>.............................] - ETA: 5s - loss: 2.7524 - accuracy: 0.1465
 6/98 [>.............................] - ETA: 5s - loss: 2.7281 - accuracy: 0.1423
 8/98 [=>............................] - ETA: 5s - loss: 2.6680 - accuracy: 0.1470
10/98 [==>...........................] - ETA: 4s - loss: 2.6326 - accuracy: 0.1494
12/98 [==>...........................] - ETA: 4s - loss: 2.5975 - accuracy: 0.1462
13/98 [==>...........................] - ETA: 4s - loss: 2.5896 - accuracy: 0.1487
15/98 [===>..........................] - ETA: 4s - loss: 2.5770 - accuracy: 0.1479
17/98 [====>.........................] - ETA: 4s - loss: 2.5591 - accuracy: 0.1457
19/98 [====>.........................] - ETA: 4s - loss: 2.5499 - accuracy: 0.1450
20/98 [=====>........................] - ETA: 4s - loss: 2.5485 - accuracy: 0.1443
22/98 [=====>........................] - ETA: 4s - loss: 2.5428 - accuracy: 0.1421
24/98 [======>.......................] - ETA: 4s - loss: 2.5282 - accuracy: 0.1424
26/98 [======>.......................] - ETA: 3s - loss: 2.5136 - accuracy: 0.1437
28/98 [=======>......................] - ETA: 3s - loss: 2.5039 - accuracy: 0.1445
29/98 [=======>......................] - ETA: 3s - loss: 2.4994 - accuracy: 0.1446
31/98 [========>.....................] - ETA: 3s - loss: 2.4890 - accuracy: 0.1428
33/98 [=========>....................] - ETA: 3s - loss: 2.4812 - accuracy: 0.1435
35/98 [=========>....................] - ETA: 3s - loss: 2.4735 - accuracy: 0.1433
37/98 [==========>...................] - ETA: 3s - loss: 2.4682 - accuracy: 0.1438
39/98 [==========>...................] - ETA: 3s - loss: 2.4630 - accuracy: 0.1440
41/98 [===========>..................] - ETA: 2s - loss: 2.4584 - accuracy: 0.1436
43/98 [============>.................] - ETA: 2s - loss: 2.4532 - accuracy: 0.1438
45/98 [============>.................] - ETA: 2s - loss: 2.4478 - accuracy: 0.1452
47/98 [=============>................] - ETA: 2s - loss: 2.4422 - accuracy: 0.1457
49/98 [==============>...............] - ETA: 2s - loss: 2.4369 - accuracy: 0.1467
51/98 [==============>...............] - ETA: 2s - loss: 2.4350 - accuracy: 0.1464
53/98 [===============>..............] - ETA: 2s - loss: 2.4326 - accuracy: 0.1459
55/98 [===============>..............] - ETA: 2s - loss: 2.4286 - accuracy: 0.1456
56/98 [================>.............] - ETA: 2s - loss: 2.4275 - accuracy: 0.1453
58/98 [================>.............] - ETA: 1s - loss: 2.4263 - accuracy: 0.1450
60/98 [=================>............] - ETA: 1s - loss: 2.4241 - accuracy: 0.1436
62/98 [=================>............] - ETA: 1s - loss: 2.4210 - accuracy: 0.1435
63/98 [==================>...........] - ETA: 1s - loss: 2.4214 - accuracy: 0.1435
65/98 [==================>...........] - ETA: 1s - loss: 2.4197 - accuracy: 0.1439
67/98 [===================>..........] - ETA: 1s - loss: 2.4185 - accuracy: 0.1434
69/98 [====================>.........] - ETA: 1s - loss: 2.4169 - accuracy: 0.1437
71/98 [====================>.........] - ETA: 1s - loss: 2.4158 - accuracy: 0.1434
72/98 [=====================>........] - ETA: 1s - loss: 2.4141 - accuracy: 0.1431
74/98 [=====================>........] - ETA: 1s - loss: 2.4133 - accuracy: 0.1425
76/98 [======================>.......] - ETA: 1s - loss: 2.4126 - accuracy: 0.1422
78/98 [======================>.......] - ETA: 1s - loss: 2.4122 - accuracy: 0.1417
79/98 [=======================>......] - ETA: 0s - loss: 2.4123 - accuracy: 0.1412
81/98 [=======================>......] - ETA: 0s - loss: 2.4113 - accuracy: 0.1409
83/98 [========================>.....] - ETA: 0s - loss: 2.4101 - accuracy: 0.1409
84/98 [========================>.....] - ETA: 0s - loss: 2.4109 - accuracy: 0.1402
86/98 [=========================>....] - ETA: 0s - loss: 2.4099 - accuracy: 0.1402
88/98 [=========================>....] - ETA: 0s - loss: 2.4080 - accuracy: 0.1403
89/98 [==========================>...] - ETA: 0s - loss: 2.4077 - accuracy: 0.1400
91/98 [==========================>...] - ETA: 0s - loss: 2.4070 - accuracy: 0.1401
93/98 [===========================>..] - ETA: 0s - loss: 2.4068 - accuracy: 0.1400
95/98 [============================>.] - ETA: 0s - loss: 2.4081 - accuracy: 0.1399
96/98 [============================>.] - ETA: 0s - loss: 2.4086 - accuracy: 0.1398
98/98 [==============================] - ETA: 0s - loss: 2.4097 - accuracy: 0.1396
98/98 [==============================] - 6s 60ms/step - loss: 2.4097 - accuracy: 0.1396 - val_loss: 2.9710 - val_accuracy: 0.0999
Epoch 12/196

 1/98 [..............................] - ETA: 6s - loss: 2.4577 - accuracy: 0.1387
 3/98 [..............................] - ETA: 3s - loss: 2.4363 - accuracy: 0.1322
 5/98 [>.............................] - ETA: 3s - loss: 2.4294 - accuracy: 0.1359
 7/98 [=>............................] - ETA: 3s - loss: 2.4074 - accuracy: 0.1406
 9/98 [=>............................] - ETA: 3s - loss: 2.3948 - accuracy: 0.1441
11/98 [==>...........................] - ETA: 3s - loss: 2.3843 - accuracy: 0.1483
13/98 [==>...........................] - ETA: 3s - loss: 2.3839 - accuracy: 0.1451
15/98 [===>..........................] - ETA: 3s - loss: 2.3839 - accuracy: 0.1447
17/98 [====>.........................] - ETA: 3s - loss: 2.3760 - accuracy: 0.1443
19/98 [====>.........................] - ETA: 3s - loss: 2.3714 - accuracy: 0.1411
21/98 [=====>........................] - ETA: 3s - loss: 2.3635 - accuracy: 0.1440
22/98 [=====>........................] - ETA: 3s - loss: 2.3593 - accuracy: 0.1443
24/98 [======>.......................] - ETA: 3s - loss: 2.3515 - accuracy: 0.1442
26/98 [======>.......................] - ETA: 3s - loss: 2.3451 - accuracy: 0.1463
28/98 [=======>......................] - ETA: 3s - loss: 2.3399 - accuracy: 0.1483
29/98 [=======>......................] - ETA: 3s - loss: 2.3409 - accuracy: 0.1472
31/98 [========>.....................] - ETA: 3s - loss: 2.3433 - accuracy: 0.1494
33/98 [=========>....................] - ETA: 3s - loss: 2.3431 - accuracy: 0.1509
34/98 [=========>....................] - ETA: 3s - loss: 2.3417 - accuracy: 0.1518
36/98 [==========>...................] - ETA: 2s - loss: 2.3450 - accuracy: 0.1530
38/98 [==========>...................] - ETA: 2s - loss: 2.3481 - accuracy: 0.1538
39/98 [==========>...................] - ETA: 2s - loss: 2.3475 - accuracy: 0.1544
40/98 [===========>..................] - ETA: 2s - loss: 2.3517 - accuracy: 0.1540
42/98 [===========>..................] - ETA: 2s - loss: 2.3474 - accuracy: 0.1550
43/98 [============>.................] - ETA: 2s - loss: 2.3503 - accuracy: 0.1546
45/98 [============>.................] - ETA: 2s - loss: 2.3513 - accuracy: 0.1545
46/98 [=============>................] - ETA: 2s - loss: 2.3517 - accuracy: 0.1540
48/98 [=============>................] - ETA: 2s - loss: 2.3499 - accuracy: 0.1546
49/98 [==============>...............] - ETA: 2s - loss: 2.3492 - accuracy: 0.1548
50/98 [==============>...............] - ETA: 2s - loss: 2.3487 - accuracy: 0.1547
52/98 [==============>...............] - ETA: 2s - loss: 2.3451 - accuracy: 0.1550
54/98 [===============>..............] - ETA: 2s - loss: 2.3398 - accuracy: 0.1559
56/98 [================>.............] - ETA: 2s - loss: 2.3366 - accuracy: 0.1560
57/98 [================>.............] - ETA: 2s - loss: 2.3338 - accuracy: 0.1567
59/98 [=================>............] - ETA: 2s - loss: 2.3291 - accuracy: 0.1578
61/98 [=================>............] - ETA: 1s - loss: 2.3260 - accuracy: 0.1588
62/98 [=================>............] - ETA: 1s - loss: 2.3247 - accuracy: 0.1588
64/98 [==================>...........] - ETA: 1s - loss: 2.3217 - accuracy: 0.1596
66/98 [===================>..........] - ETA: 1s - loss: 2.3195 - accuracy: 0.1602
68/98 [===================>..........] - ETA: 1s - loss: 2.3191 - accuracy: 0.1598
70/98 [====================>.........] - ETA: 1s - loss: 2.3174 - accuracy: 0.1605
71/98 [====================>.........] - ETA: 1s - loss: 2.3160 - accuracy: 0.1607
73/98 [=====================>........] - ETA: 1s - loss: 2.3135 - accuracy: 0.1606
75/98 [=====================>........] - ETA: 1s - loss: 2.3116 - accuracy: 0.1611
77/98 [======================>.......] - ETA: 1s - loss: 2.3111 - accuracy: 0.1609
78/98 [======================>.......] - ETA: 1s - loss: 2.3112 - accuracy: 0.1606
80/98 [=======================>......] - ETA: 0s - loss: 2.3100 - accuracy: 0.1613
82/98 [========================>.....] - ETA: 0s - loss: 2.3080 - accuracy: 0.1618
83/98 [========================>.....] - ETA: 0s - loss: 2.3087 - accuracy: 0.1615
85/98 [=========================>....] - ETA: 0s - loss: 2.3082 - accuracy: 0.1618
87/98 [=========================>....] - ETA: 0s - loss: 2.3095 - accuracy: 0.1613
89/98 [==========================>...] - ETA: 0s - loss: 2.3095 - accuracy: 0.1610
91/98 [==========================>...] - ETA: 0s - loss: 2.3099 - accuracy: 0.1613
93/98 [===========================>..] - ETA: 0s - loss: 2.3113 - accuracy: 0.1605
95/98 [============================>.] - ETA: 0s - loss: 2.3115 - accuracy: 0.1601
97/98 [============================>.] - ETA: 0s - loss: 2.3130 - accuracy: 0.1598
98/98 [==============================] - 6s 59ms/step - loss: 2.3133 - accuracy: 0.1594 - val_loss: 2.3403 - val_accuracy: 0.1152
Epoch 13/196

 1/98 [..............................] - ETA: 6s - loss: 2.3952 - accuracy: 0.1172
 2/98 [..............................] - ETA: 6s - loss: 2.3435 - accuracy: 0.1309
 4/98 [>.............................] - ETA: 5s - loss: 2.3556 - accuracy: 0.1348
 6/98 [>.............................] - ETA: 5s - loss: 2.3451 - accuracy: 0.1283
 7/98 [=>............................] - ETA: 5s - loss: 2.3344 - accuracy: 0.1331
 9/98 [=>............................] - ETA: 5s - loss: 2.3359 - accuracy: 0.1354
11/98 [==>...........................] - ETA: 4s - loss: 2.3285 - accuracy: 0.1358
13/98 [==>...........................] - ETA: 4s - loss: 2.3273 - accuracy: 0.1367
15/98 [===>..........................] - ETA: 4s - loss: 2.3256 - accuracy: 0.1365
17/98 [====>.........................] - ETA: 4s - loss: 2.3224 - accuracy: 0.1386
19/98 [====>.........................] - ETA: 4s - loss: 2.3193 - accuracy: 0.1397
20/98 [=====>........................] - ETA: 4s - loss: 2.3203 - accuracy: 0.1404
22/98 [=====>........................] - ETA: 4s - loss: 2.3186 - accuracy: 0.1412
24/98 [======>.......................] - ETA: 4s - loss: 2.3202 - accuracy: 0.1405
26/98 [======>.......................] - ETA: 3s - loss: 2.3190 - accuracy: 0.1422
28/98 [=======>......................] - ETA: 3s - loss: 2.3189 - accuracy: 0.1427
30/98 [========>.....................] - ETA: 3s - loss: 2.3177 - accuracy: 0.1449
32/98 [========>.....................] - ETA: 3s - loss: 2.3143 - accuracy: 0.1453
33/98 [=========>....................] - ETA: 3s - loss: 2.3125 - accuracy: 0.1458
35/98 [=========>....................] - ETA: 3s - loss: 2.3102 - accuracy: 0.1470
37/98 [==========>...................] - ETA: 3s - loss: 2.3071 - accuracy: 0.1474
39/98 [==========>...................] - ETA: 3s - loss: 2.3089 - accuracy: 0.1484
40/98 [===========>..................] - ETA: 3s - loss: 2.3075 - accuracy: 0.1486
42/98 [===========>..................] - ETA: 3s - loss: 2.3054 - accuracy: 0.1497
44/98 [============>.................] - ETA: 2s - loss: 2.3036 - accuracy: 0.1502
46/98 [=============>................] - ETA: 2s - loss: 2.3013 - accuracy: 0.1515
47/98 [=============>................] - ETA: 2s - loss: 2.3017 - accuracy: 0.1510
49/98 [==============>...............] - ETA: 2s - loss: 2.2981 - accuracy: 0.1526
51/98 [==============>...............] - ETA: 2s - loss: 2.2950 - accuracy: 0.1536
53/98 [===============>..............] - ETA: 2s - loss: 2.2919 - accuracy: 0.1549
55/98 [===============>..............] - ETA: 2s - loss: 2.2909 - accuracy: 0.1554
57/98 [================>.............] - ETA: 2s - loss: 2.2881 - accuracy: 0.1562
59/98 [=================>............] - ETA: 2s - loss: 2.2856 - accuracy: 0.1565
61/98 [=================>............] - ETA: 1s - loss: 2.2853 - accuracy: 0.1563
63/98 [==================>...........] - ETA: 1s - loss: 2.2856 - accuracy: 0.1554
65/98 [==================>...........] - ETA: 1s - loss: 2.2887 - accuracy: 0.1547
67/98 [===================>..........] - ETA: 1s - loss: 2.2913 - accuracy: 0.1541
69/98 [====================>.........] - ETA: 1s - loss: 2.2942 - accuracy: 0.1531
71/98 [====================>.........] - ETA: 1s - loss: 2.2975 - accuracy: 0.1517
73/98 [=====================>........] - ETA: 1s - loss: 2.2999 - accuracy: 0.1509
75/98 [=====================>........] - ETA: 1s - loss: 2.3024 - accuracy: 0.1501
77/98 [======================>.......] - ETA: 1s - loss: 2.3048 - accuracy: 0.1494
79/98 [=======================>......] - ETA: 0s - loss: 2.3072 - accuracy: 0.1494
80/98 [=======================>......] - ETA: 0s - loss: 2.3076 - accuracy: 0.1492
81/98 [=======================>......] - ETA: 0s - loss: 2.3080 - accuracy: 0.1490
83/98 [========================>.....] - ETA: 0s - loss: 2.3085 - accuracy: 0.1484
85/98 [=========================>....] - ETA: 0s - loss: 2.3093 - accuracy: 0.1481
87/98 [=========================>....] - ETA: 0s - loss: 2.3098 - accuracy: 0.1476
88/98 [=========================>....] - ETA: 0s - loss: 2.3099 - accuracy: 0.1475
90/98 [==========================>...] - ETA: 0s - loss: 2.3113 - accuracy: 0.1472
92/98 [===========================>..] - ETA: 0s - loss: 2.3120 - accuracy: 0.1469
94/98 [===========================>..] - ETA: 0s - loss: 2.3136 - accuracy: 0.1465
96/98 [============================>.] - ETA: 0s - loss: 2.3144 - accuracy: 0.1463
97/98 [============================>.] - ETA: 0s - loss: 2.3144 - accuracy: 0.1461
98/98 [==============================] - 6s 61ms/step - loss: 2.3147 - accuracy: 0.1460 - val_loss: 2.2736 - val_accuracy: 0.1280
Epoch 14/196

 1/98 [..............................] - ETA: 7s - loss: 2.2967 - accuracy: 0.1387
 3/98 [..............................] - ETA: 5s - loss: 2.3436 - accuracy: 0.1400
 5/98 [>.............................] - ETA: 5s - loss: 2.3587 - accuracy: 0.1336
 7/98 [=>............................] - ETA: 4s - loss: 2.3766 - accuracy: 0.1323
 9/98 [=>............................] - ETA: 4s - loss: 2.3874 - accuracy: 0.1286
11/98 [==>...........................] - ETA: 4s - loss: 2.4119 - accuracy: 0.1303
13/98 [==>...........................] - ETA: 4s - loss: 2.4229 - accuracy: 0.1273
14/98 [===>..........................] - ETA: 4s - loss: 2.4267 - accuracy: 0.1261
16/98 [===>..........................] - ETA: 4s - loss: 2.4257 - accuracy: 0.1302
17/98 [====>.........................] - ETA: 4s - loss: 2.4256 - accuracy: 0.1292
19/98 [====>.........................] - ETA: 4s - loss: 2.4155 - accuracy: 0.1290
21/98 [=====>........................] - ETA: 4s - loss: 2.4068 - accuracy: 0.1323
23/98 [======>.......................] - ETA: 3s - loss: 2.4036 - accuracy: 0.1318
25/98 [======>.......................] - ETA: 3s - loss: 2.3998 - accuracy: 0.1317
27/98 [=======>......................] - ETA: 3s - loss: 2.3930 - accuracy: 0.1325
29/98 [=======>......................] - ETA: 3s - loss: 2.3919 - accuracy: 0.1315
31/98 [========>.....................] - ETA: 3s - loss: 2.3928 - accuracy: 0.1311
33/98 [=========>....................] - ETA: 3s - loss: 2.3906 - accuracy: 0.1313
35/98 [=========>....................] - ETA: 3s - loss: 2.3837 - accuracy: 0.1328
37/98 [==========>...................] - ETA: 2s - loss: 2.3789 - accuracy: 0.1338
39/98 [==========>...................] - ETA: 2s - loss: 2.3760 - accuracy: 0.1341
41/98 [===========>..................] - ETA: 2s - loss: 2.3750 - accuracy: 0.1342
43/98 [============>.................] - ETA: 2s - loss: 2.3732 - accuracy: 0.1342
45/98 [============>.................] - ETA: 2s - loss: 2.3713 - accuracy: 0.1339
46/98 [=============>................] - ETA: 2s - loss: 2.3707 - accuracy: 0.1339
48/98 [=============>................] - ETA: 2s - loss: 2.3710 - accuracy: 0.1328
50/98 [==============>...............] - ETA: 2s - loss: 2.3702 - accuracy: 0.1324
51/98 [==============>...............] - ETA: 2s - loss: 2.3697 - accuracy: 0.1325
53/98 [===============>..............] - ETA: 2s - loss: 2.3679 - accuracy: 0.1321
55/98 [===============>..............] - ETA: 2s - loss: 2.3658 - accuracy: 0.1327
57/98 [================>.............] - ETA: 1s - loss: 2.3623 - accuracy: 0.1329
58/98 [================>.............] - ETA: 1s - loss: 2.3618 - accuracy: 0.1328
60/98 [=================>............] - ETA: 1s - loss: 2.3608 - accuracy: 0.1327
62/98 [=================>............] - ETA: 1s - loss: 2.3626 - accuracy: 0.1314
63/98 [==================>...........] - ETA: 1s - loss: 2.3638 - accuracy: 0.1310
65/98 [==================>...........] - ETA: 1s - loss: 2.3664 - accuracy: 0.1303
67/98 [===================>..........] - ETA: 1s - loss: 2.3683 - accuracy: 0.1296
69/98 [====================>.........] - ETA: 1s - loss: 2.3711 - accuracy: 0.1288
70/98 [====================>.........] - ETA: 1s - loss: 2.3724 - accuracy: 0.1286
72/98 [=====================>........] - ETA: 1s - loss: 2.3746 - accuracy: 0.1280
74/98 [=====================>........] - ETA: 1s - loss: 2.3759 - accuracy: 0.1278
76/98 [======================>.......] - ETA: 1s - loss: 2.3789 - accuracy: 0.1278
78/98 [======================>.......] - ETA: 1s - loss: 2.3819 - accuracy: 0.1276
79/98 [=======================>......] - ETA: 0s - loss: 2.3823 - accuracy: 0.1275
81/98 [=======================>......] - ETA: 0s - loss: 2.3848 - accuracy: 0.1272
82/98 [========================>.....] - ETA: 0s - loss: 2.3848 - accuracy: 0.1273
84/98 [========================>.....] - ETA: 0s - loss: 2.3869 - accuracy: 0.1269
86/98 [=========================>....] - ETA: 0s - loss: 2.3902 - accuracy: 0.1271
88/98 [=========================>....] - ETA: 0s - loss: 2.3909 - accuracy: 0.1268
89/98 [==========================>...] - ETA: 0s - loss: 2.3928 - accuracy: 0.1264
91/98 [==========================>...] - ETA: 0s - loss: 2.3940 - accuracy: 0.1259
93/98 [===========================>..] - ETA: 0s - loss: 2.3938 - accuracy: 0.1258
94/98 [===========================>..] - ETA: 0s - loss: 2.3938 - accuracy: 0.1258
96/98 [============================>.] - ETA: 0s - loss: 2.3941 - accuracy: 0.1255
98/98 [==============================] - ETA: 0s - loss: 2.3944 - accuracy: 0.1252
98/98 [==============================] - 6s 59ms/step - loss: 2.3944 - accuracy: 0.1252 - val_loss: 2.4019 - val_accuracy: 0.1054
Epoch 15/196

 1/98 [..............................] - ETA: 6s - loss: 2.3376 - accuracy: 0.1367
 3/98 [..............................] - ETA: 3s - loss: 2.3667 - accuracy: 0.1237
 5/98 [>.............................] - ETA: 3s - loss: 2.3670 - accuracy: 0.1168
 7/98 [=>............................] - ETA: 3s - loss: 2.3575 - accuracy: 0.1152
 9/98 [=>............................] - ETA: 3s - loss: 2.3530 - accuracy: 0.1135
11/98 [==>...........................] - ETA: 3s - loss: 2.3471 - accuracy: 0.1181
13/98 [==>...........................] - ETA: 3s - loss: 2.3450 - accuracy: 0.1155
14/98 [===>..........................] - ETA: 3s - loss: 2.3420 - accuracy: 0.1168
16/98 [===>..........................] - ETA: 3s - loss: 2.3403 - accuracy: 0.1157
18/98 [====>.........................] - ETA: 3s - loss: 2.3426 - accuracy: 0.1134
20/98 [=====>........................] - ETA: 3s - loss: 2.3413 - accuracy: 0.1137
21/98 [=====>........................] - ETA: 3s - loss: 2.3409 - accuracy: 0.1153
23/98 [======>.......................] - ETA: 3s - loss: 2.3426 - accuracy: 0.1157
24/98 [======>.......................] - ETA: 3s - loss: 2.3436 - accuracy: 0.1156
26/98 [======>.......................] - ETA: 3s - loss: 2.3424 - accuracy: 0.1156
28/98 [=======>......................] - ETA: 3s - loss: 2.3413 - accuracy: 0.1162
30/98 [========>.....................] - ETA: 3s - loss: 2.3414 - accuracy: 0.1155
32/98 [========>.....................] - ETA: 3s - loss: 2.3416 - accuracy: 0.1175
33/98 [=========>....................] - ETA: 3s - loss: 2.3415 - accuracy: 0.1170
35/98 [=========>....................] - ETA: 3s - loss: 2.3416 - accuracy: 0.1171
37/98 [==========>...................] - ETA: 3s - loss: 2.3415 - accuracy: 0.1178
38/98 [==========>...................] - ETA: 3s - loss: 2.3429 - accuracy: 0.1175
40/98 [===========>..................] - ETA: 3s - loss: 2.3443 - accuracy: 0.1173
42/98 [===========>..................] - ETA: 2s - loss: 2.3484 - accuracy: 0.1177
44/98 [============>.................] - ETA: 2s - loss: 2.3495 - accuracy: 0.1180
46/98 [=============>................] - ETA: 2s - loss: 2.3503 - accuracy: 0.1180
47/98 [=============>................] - ETA: 2s - loss: 2.3502 - accuracy: 0.1186
49/98 [==============>...............] - ETA: 2s - loss: 2.3490 - accuracy: 0.1194
50/98 [==============>...............] - ETA: 2s - loss: 2.3489 - accuracy: 0.1195
52/98 [==============>...............] - ETA: 2s - loss: 2.3482 - accuracy: 0.1202
54/98 [===============>..............] - ETA: 2s - loss: 2.3499 - accuracy: 0.1203
56/98 [================>.............] - ETA: 2s - loss: 2.3522 - accuracy: 0.1196
57/98 [================>.............] - ETA: 2s - loss: 2.3533 - accuracy: 0.1195
59/98 [=================>............] - ETA: 2s - loss: 2.3542 - accuracy: 0.1198
61/98 [=================>............] - ETA: 1s - loss: 2.3567 - accuracy: 0.1197
63/98 [==================>...........] - ETA: 1s - loss: 2.3566 - accuracy: 0.1201
64/98 [==================>...........] - ETA: 1s - loss: 2.3572 - accuracy: 0.1207
66/98 [===================>..........] - ETA: 1s - loss: 2.3580 - accuracy: 0.1206
67/98 [===================>..........] - ETA: 1s - loss: 2.3580 - accuracy: 0.1208
69/98 [====================>.........] - ETA: 1s - loss: 2.3575 - accuracy: 0.1212
70/98 [====================>.........] - ETA: 1s - loss: 2.3574 - accuracy: 0.1212
71/98 [====================>.........] - ETA: 1s - loss: 2.3582 - accuracy: 0.1213
72/98 [=====================>........] - ETA: 1s - loss: 2.3581 - accuracy: 0.1211
74/98 [=====================>........] - ETA: 1s - loss: 2.3587 - accuracy: 0.1213
76/98 [======================>.......] - ETA: 1s - loss: 2.3594 - accuracy: 0.1214
78/98 [======================>.......] - ETA: 1s - loss: 2.3592 - accuracy: 0.1213
80/98 [=======================>......] - ETA: 0s - loss: 2.3597 - accuracy: 0.1215
82/98 [========================>.....] - ETA: 0s - loss: 2.3605 - accuracy: 0.1213
84/98 [========================>.....] - ETA: 0s - loss: 2.3617 - accuracy: 0.1210
86/98 [=========================>....] - ETA: 0s - loss: 2.3618 - accuracy: 0.1205
88/98 [=========================>....] - ETA: 0s - loss: 2.3617 - accuracy: 0.1201
90/98 [==========================>...] - ETA: 0s - loss: 2.3615 - accuracy: 0.1201
92/98 [===========================>..] - ETA: 0s - loss: 2.3623 - accuracy: 0.1199
94/98 [===========================>..] - ETA: 0s - loss: 2.3625 - accuracy: 0.1198
96/98 [============================>.] - ETA: 0s - loss: 2.3622 - accuracy: 0.1197
98/98 [==============================] - ETA: 0s - loss: 2.3615 - accuracy: 0.1198
98/98 [==============================] - 6s 59ms/step - loss: 2.3615 - accuracy: 0.1198 - val_loss: 2.2794 - val_accuracy: 0.1350
Epoch 16/196

 1/98 [..............................] - ETA: 6s - loss: 2.3441 - accuracy: 0.1230
 2/98 [..............................] - ETA: 6s - loss: 2.3587 - accuracy: 0.1074
 3/98 [..............................] - ETA: 5s - loss: 2.3437 - accuracy: 0.1178
 5/98 [>.............................] - ETA: 5s - loss: 2.3453 - accuracy: 0.1234
 6/98 [>.............................] - ETA: 5s - loss: 2.3503 - accuracy: 0.1224
 8/98 [=>............................] - ETA: 5s - loss: 2.3448 - accuracy: 0.1238
10/98 [==>...........................] - ETA: 5s - loss: 2.3450 - accuracy: 0.1217
12/98 [==>...........................] - ETA: 4s - loss: 2.3420 - accuracy: 0.1257
13/98 [==>...........................] - ETA: 4s - loss: 2.3412 - accuracy: 0.1268
15/98 [===>..........................] - ETA: 4s - loss: 2.3385 - accuracy: 0.1272
17/98 [====>.........................] - ETA: 4s - loss: 2.3404 - accuracy: 0.1255
18/98 [====>.........................] - ETA: 4s - loss: 2.3384 - accuracy: 0.1267
20/98 [=====>........................] - ETA: 4s - loss: 2.3371 - accuracy: 0.1256
22/98 [=====>........................] - ETA: 4s - loss: 2.3383 - accuracy: 0.1275
24/98 [======>.......................] - ETA: 4s - loss: 2.3372 - accuracy: 0.1282
26/98 [======>.......................] - ETA: 4s - loss: 2.3357 - accuracy: 0.1276
28/98 [=======>......................] - ETA: 3s - loss: 2.3369 - accuracy: 0.1269
30/98 [========>.....................] - ETA: 3s - loss: 2.3355 - accuracy: 0.1270
32/98 [========>.....................] - ETA: 3s - loss: 2.3334 - accuracy: 0.1260
33/98 [=========>....................] - ETA: 3s - loss: 2.3335 - accuracy: 0.1261
35/98 [=========>....................] - ETA: 3s - loss: 2.3317 - accuracy: 0.1267
37/98 [==========>...................] - ETA: 3s - loss: 2.3310 - accuracy: 0.1266
39/98 [==========>...................] - ETA: 3s - loss: 2.3310 - accuracy: 0.1264
41/98 [===========>..................] - ETA: 3s - loss: 2.3318 - accuracy: 0.1266
42/98 [===========>..................] - ETA: 3s - loss: 2.3326 - accuracy: 0.1261
44/98 [============>.................] - ETA: 2s - loss: 2.3349 - accuracy: 0.1252
46/98 [=============>................] - ETA: 2s - loss: 2.3348 - accuracy: 0.1249
48/98 [=============>................] - ETA: 2s - loss: 2.3365 - accuracy: 0.1257
50/98 [==============>...............] - ETA: 2s - loss: 2.3419 - accuracy: 0.1257
52/98 [==============>...............] - ETA: 2s - loss: 2.3420 - accuracy: 0.1255
54/98 [===============>..............] - ETA: 2s - loss: 2.3411 - accuracy: 0.1256
56/98 [================>.............] - ETA: 2s - loss: 2.3393 - accuracy: 0.1270
58/98 [================>.............] - ETA: 2s - loss: 2.3390 - accuracy: 0.1267
60/98 [=================>............] - ETA: 1s - loss: 2.3373 - accuracy: 0.1276
62/98 [=================>............] - ETA: 1s - loss: 2.3373 - accuracy: 0.1265
64/98 [==================>...........] - ETA: 1s - loss: 2.3374 - accuracy: 0.1267
66/98 [===================>..........] - ETA: 1s - loss: 2.3368 - accuracy: 0.1274
67/98 [===================>..........] - ETA: 1s - loss: 2.3368 - accuracy: 0.1271
68/98 [===================>..........] - ETA: 1s - loss: 2.3363 - accuracy: 0.1272
70/98 [====================>.........] - ETA: 1s - loss: 2.3355 - accuracy: 0.1277
72/98 [=====================>........] - ETA: 1s - loss: 2.3354 - accuracy: 0.1278
73/98 [=====================>........] - ETA: 1s - loss: 2.3365 - accuracy: 0.1278
75/98 [=====================>........] - ETA: 1s - loss: 2.3375 - accuracy: 0.1275
77/98 [======================>.......] - ETA: 1s - loss: 2.3361 - accuracy: 0.1285
79/98 [=======================>......] - ETA: 0s - loss: 2.3366 - accuracy: 0.1282
81/98 [=======================>......] - ETA: 0s - loss: 2.3365 - accuracy: 0.1284
82/98 [========================>.....] - ETA: 0s - loss: 2.3374 - accuracy: 0.1283
84/98 [========================>.....] - ETA: 0s - loss: 2.3376 - accuracy: 0.1285
86/98 [=========================>....] - ETA: 0s - loss: 2.3364 - accuracy: 0.1284
88/98 [=========================>....] - ETA: 0s - loss: 2.3358 - accuracy: 0.1288
89/98 [==========================>...] - ETA: 0s - loss: 2.3362 - accuracy: 0.1291
91/98 [==========================>...] - ETA: 0s - loss: 2.3362 - accuracy: 0.1288
93/98 [===========================>..] - ETA: 0s - loss: 2.3361 - accuracy: 0.1290
95/98 [============================>.] - ETA: 0s - loss: 2.3357 - accuracy: 0.1294
96/98 [============================>.] - ETA: 0s - loss: 2.3348 - accuracy: 0.1295
98/98 [==============================] - ETA: 0s - loss: 2.3339 - accuracy: 0.1294
98/98 [==============================] - 6s 61ms/step - loss: 2.3339 - accuracy: 0.1294 - val_loss: 2.2437 - val_accuracy: 0.1541
Epoch 17/196

 1/98 [..............................] - ETA: 7s - loss: 2.3077 - accuracy: 0.1289
 2/98 [..............................] - ETA: 6s - loss: 2.3082 - accuracy: 0.1250
 4/98 [>.............................] - ETA: 5s - loss: 2.2873 - accuracy: 0.1323
 6/98 [>.............................] - ETA: 5s - loss: 2.3045 - accuracy: 0.1328
 8/98 [=>............................] - ETA: 4s - loss: 2.3159 - accuracy: 0.1318
10/98 [==>...........................] - ETA: 4s - loss: 2.3131 - accuracy: 0.1352
12/98 [==>...........................] - ETA: 4s - loss: 2.3116 - accuracy: 0.1333
14/98 [===>..........................] - ETA: 3s - loss: 2.3170 - accuracy: 0.1346
16/98 [===>..........................] - ETA: 3s - loss: 2.3154 - accuracy: 0.1342
18/98 [====>.........................] - ETA: 3s - loss: 2.3166 - accuracy: 0.1330
20/98 [=====>........................] - ETA: 3s - loss: 2.3229 - accuracy: 0.1313
22/98 [=====>........................] - ETA: 3s - loss: 2.3288 - accuracy: 0.1298
24/98 [======>.......................] - ETA: 3s - loss: 2.3323 - accuracy: 0.1285
26/98 [======>.......................] - ETA: 3s - loss: 2.3390 - accuracy: 0.1285
28/98 [=======>......................] - ETA: 3s - loss: 2.3445 - accuracy: 0.1277
30/98 [========>.....................] - ETA: 2s - loss: 2.3454 - accuracy: 0.1271
32/98 [========>.....................] - ETA: 2s - loss: 2.3471 - accuracy: 0.1265
33/98 [=========>....................] - ETA: 2s - loss: 2.3467 - accuracy: 0.1263
34/98 [=========>....................] - ETA: 2s - loss: 2.3486 - accuracy: 0.1258
36/98 [==========>...................] - ETA: 2s - loss: 2.3514 - accuracy: 0.1250
37/98 [==========>...................] - ETA: 2s - loss: 2.3516 - accuracy: 0.1249
39/98 [==========>...................] - ETA: 2s - loss: 2.3504 - accuracy: 0.1262
41/98 [===========>..................] - ETA: 2s - loss: 2.3483 - accuracy: 0.1261
43/98 [============>.................] - ETA: 2s - loss: 2.3469 - accuracy: 0.1269
44/98 [============>.................] - ETA: 2s - loss: 2.3460 - accuracy: 0.1274
46/98 [=============>................] - ETA: 2s - loss: 2.3441 - accuracy: 0.1275
48/98 [=============>................] - ETA: 2s - loss: 2.3433 - accuracy: 0.1279
49/98 [==============>...............] - ETA: 2s - loss: 2.3435 - accuracy: 0.1278
51/98 [==============>...............] - ETA: 2s - loss: 2.3458 - accuracy: 0.1277
53/98 [===============>..............] - ETA: 2s - loss: 2.3479 - accuracy: 0.1266
55/98 [===============>..............] - ETA: 2s - loss: 2.3498 - accuracy: 0.1264
56/98 [================>.............] - ETA: 2s - loss: 2.3500 - accuracy: 0.1264
58/98 [================>.............] - ETA: 1s - loss: 2.3517 - accuracy: 0.1267
60/98 [=================>............] - ETA: 1s - loss: 2.3526 - accuracy: 0.1268
61/98 [=================>............] - ETA: 1s - loss: 2.3551 - accuracy: 0.1268
63/98 [==================>...........] - ETA: 1s - loss: 2.3562 - accuracy: 0.1269
64/98 [==================>...........] - ETA: 1s - loss: 2.3582 - accuracy: 0.1270
65/98 [==================>...........] - ETA: 1s - loss: 2.3586 - accuracy: 0.1271
67/98 [===================>..........] - ETA: 1s - loss: 2.3608 - accuracy: 0.1268
69/98 [====================>.........] - ETA: 1s - loss: 2.3644 - accuracy: 0.1262
70/98 [====================>.........] - ETA: 1s - loss: 2.3674 - accuracy: 0.1262
72/98 [=====================>........] - ETA: 1s - loss: 2.3696 - accuracy: 0.1267
74/98 [=====================>........] - ETA: 1s - loss: 2.3723 - accuracy: 0.1264
76/98 [======================>.......] - ETA: 1s - loss: 2.3729 - accuracy: 0.1267
78/98 [======================>.......] - ETA: 1s - loss: 2.3727 - accuracy: 0.1266
79/98 [=======================>......] - ETA: 0s - loss: 2.3729 - accuracy: 0.1266
81/98 [=======================>......] - ETA: 0s - loss: 2.3714 - accuracy: 0.1272
83/98 [========================>.....] - ETA: 0s - loss: 2.3705 - accuracy: 0.1275
84/98 [========================>.....] - ETA: 0s - loss: 2.3704 - accuracy: 0.1274
85/98 [=========================>....] - ETA: 0s - loss: 2.3697 - accuracy: 0.1272
86/98 [=========================>....] - ETA: 0s - loss: 2.3698 - accuracy: 0.1270
88/98 [=========================>....] - ETA: 0s - loss: 2.3682 - accuracy: 0.1268
90/98 [==========================>...] - ETA: 0s - loss: 2.3666 - accuracy: 0.1271
92/98 [===========================>..] - ETA: 0s - loss: 2.3652 - accuracy: 0.1271
93/98 [===========================>..] - ETA: 0s - loss: 2.3641 - accuracy: 0.1272
95/98 [============================>.] - ETA: 0s - loss: 2.3628 - accuracy: 0.1276
97/98 [============================>.] - ETA: 0s - loss: 2.3616 - accuracy: 0.1279
98/98 [==============================] - 6s 58ms/step - loss: 2.3608 - accuracy: 0.1278 - val_loss: 2.2780 - val_accuracy: 0.1656
Epoch 18/196

 1/98 [..............................] - ETA: 5s - loss: 2.2991 - accuracy: 0.1484
 2/98 [..............................] - ETA: 6s - loss: 2.3217 - accuracy: 0.1406
 4/98 [>.............................] - ETA: 5s - loss: 2.3145 - accuracy: 0.1421
 5/98 [>.............................] - ETA: 5s - loss: 2.3062 - accuracy: 0.1375
 7/98 [=>............................] - ETA: 5s - loss: 2.3105 - accuracy: 0.1373
 9/98 [=>............................] - ETA: 5s - loss: 2.3146 - accuracy: 0.1428
11/98 [==>...........................] - ETA: 4s - loss: 2.3072 - accuracy: 0.1397
13/98 [==>...........................] - ETA: 4s - loss: 2.3073 - accuracy: 0.1402
15/98 [===>..........................] - ETA: 4s - loss: 2.3107 - accuracy: 0.1408
17/98 [====>.........................] - ETA: 4s - loss: 2.3149 - accuracy: 0.1381
18/98 [====>.........................] - ETA: 4s - loss: 2.3115 - accuracy: 0.1392
20/98 [=====>........................] - ETA: 4s - loss: 2.3105 - accuracy: 0.1408
22/98 [=====>........................] - ETA: 4s - loss: 2.3088 - accuracy: 0.1380
24/98 [======>.......................] - ETA: 4s - loss: 2.3048 - accuracy: 0.1402
25/98 [======>.......................] - ETA: 4s - loss: 2.3054 - accuracy: 0.1420
27/98 [=======>......................] - ETA: 3s - loss: 2.3079 - accuracy: 0.1393
29/98 [=======>......................] - ETA: 3s - loss: 2.3067 - accuracy: 0.1396
31/98 [========>.....................] - ETA: 3s - loss: 2.3031 - accuracy: 0.1409
33/98 [=========>....................] - ETA: 3s - loss: 2.3024 - accuracy: 0.1415
34/98 [=========>....................] - ETA: 3s - loss: 2.3030 - accuracy: 0.1419
36/98 [==========>...................] - ETA: 3s - loss: 2.3017 - accuracy: 0.1420
38/98 [==========>...................] - ETA: 3s - loss: 2.3026 - accuracy: 0.1418
40/98 [===========>..................] - ETA: 3s - loss: 2.3011 - accuracy: 0.1426
41/98 [===========>..................] - ETA: 3s - loss: 2.3001 - accuracy: 0.1425
42/98 [===========>..................] - ETA: 3s - loss: 2.3007 - accuracy: 0.1423
43/98 [============>.................] - ETA: 3s - loss: 2.3005 - accuracy: 0.1425
45/98 [============>.................] - ETA: 2s - loss: 2.2997 - accuracy: 0.1431
47/98 [=============>................] - ETA: 2s - loss: 2.2995 - accuracy: 0.1431
49/98 [==============>...............] - ETA: 2s - loss: 2.3002 - accuracy: 0.1425
51/98 [==============>...............] - ETA: 2s - loss: 2.3009 - accuracy: 0.1429
52/98 [==============>...............] - ETA: 2s - loss: 2.2999 - accuracy: 0.1433
54/98 [===============>..............] - ETA: 2s - loss: 2.3041 - accuracy: 0.1431
56/98 [================>.............] - ETA: 2s - loss: 2.3056 - accuracy: 0.1434
58/98 [================>.............] - ETA: 2s - loss: 2.3082 - accuracy: 0.1429
59/98 [=================>............] - ETA: 2s - loss: 2.3090 - accuracy: 0.1428
61/98 [=================>............] - ETA: 2s - loss: 2.3091 - accuracy: 0.1426
63/98 [==================>...........] - ETA: 1s - loss: 2.3105 - accuracy: 0.1424
65/98 [==================>...........] - ETA: 1s - loss: 2.3118 - accuracy: 0.1419
67/98 [===================>..........] - ETA: 1s - loss: 2.3127 - accuracy: 0.1419
69/98 [====================>.........] - ETA: 1s - loss: 2.3141 - accuracy: 0.1420
71/98 [====================>.........] - ETA: 1s - loss: 2.3154 - accuracy: 0.1415
73/98 [=====================>........] - ETA: 1s - loss: 2.3171 - accuracy: 0.1413
75/98 [=====================>........] - ETA: 1s - loss: 2.3190 - accuracy: 0.1408
77/98 [======================>.......] - ETA: 1s - loss: 2.3204 - accuracy: 0.1412
79/98 [=======================>......] - ETA: 1s - loss: 2.3207 - accuracy: 0.1410
81/98 [=======================>......] - ETA: 0s - loss: 2.3221 - accuracy: 0.1407
83/98 [========================>.....] - ETA: 0s - loss: 2.3231 - accuracy: 0.1404
85/98 [=========================>....] - ETA: 0s - loss: 2.3257 - accuracy: 0.1403
87/98 [=========================>....] - ETA: 0s - loss: 2.3277 - accuracy: 0.1401
89/98 [==========================>...] - ETA: 0s - loss: 2.3282 - accuracy: 0.1401
91/98 [==========================>...] - ETA: 0s - loss: 2.3299 - accuracy: 0.1401
92/98 [===========================>..] - ETA: 0s - loss: 2.3295 - accuracy: 0.1403
93/98 [===========================>..] - ETA: 0s - loss: 2.3296 - accuracy: 0.1402
95/98 [============================>.] - ETA: 0s - loss: 2.3289 - accuracy: 0.1398
97/98 [============================>.] - ETA: 0s - loss: 2.3297 - accuracy: 0.1398
98/98 [==============================] - 6s 61ms/step - loss: 2.3300 - accuracy: 0.1398 - val_loss: 2.3586 - val_accuracy: 0.1320
Epoch 18: early stopping

  1/313 [..............................] - ETA: 4s - loss: 2.3571 - accuracy: 0.1250
 21/313 [=>............................] - ETA: 0s - loss: 2.4013 - accuracy: 0.1235
 44/313 [===>..........................] - ETA: 0s - loss: 2.3819 - accuracy: 0.1378
 68/313 [=====>........................] - ETA: 0s - loss: 2.3689 - accuracy: 0.1342
 91/313 [=======>......................] - ETA: 0s - loss: 2.3647 - accuracy: 0.1326
114/313 [=========>....................] - ETA: 0s - loss: 2.3658 - accuracy: 0.1299
135/313 [===========>..................] - ETA: 0s - loss: 2.3600 - accuracy: 0.1336
153/313 [=============>................] - ETA: 0s - loss: 2.3609 - accuracy: 0.1321
171/313 [===============>..............] - ETA: 0s - loss: 2.3613 - accuracy: 0.1290
189/313 [=================>............] - ETA: 0s - loss: 2.3609 - accuracy: 0.1288
208/313 [==================>...........] - ETA: 0s - loss: 2.3600 - accuracy: 0.1289
230/313 [=====================>........] - ETA: 0s - loss: 2.3602 - accuracy: 0.1284
252/313 [=======================>......] - ETA: 0s - loss: 2.3623 - accuracy: 0.1281
269/313 [========================>.....] - ETA: 0s - loss: 2.3603 - accuracy: 0.1305
292/313 [==========================>...] - ETA: 0s - loss: 2.3592 - accuracy: 0.1314
313/313 [==============================] - 1s 3ms/step - loss: 2.3586 - accuracy: 0.1320
