2024-06-26 03:56:44.545134: I tensorflow/core/platform/cpu_feature_guard.cc:193] This TensorFlow binary is optimized with oneAPI Deep Neural Network Library (oneDNN) to use the following CPU instructions in performance-critical operations:  AVX AVX2
To enable them in other operations, rebuild TensorFlow with the appropriate compiler flags.
2024-06-26 03:56:45.179400: I tensorflow/core/common_runtime/gpu/gpu_device.cc:1616] Created device /job:localhost/replica:0/task:0/device:GPU:0 with 6656 MB memory:  -> device: 0, name: NVIDIA GeForce RTX 4060 Ti, pci bus id: 0000:01:00.0, compute capability: 8.9
1 Physical GPUs, 1 Logical GPUs
Model: "sequential"
_________________________________________________________________
 Layer (type)                Output Shape              Param #   
=================================================================
 conv2d (Conv2D)             (None, 32, 32, 32)        896       
                                                                 
 max_pooling2d (MaxPooling2D  (None, 16, 16, 32)       0         
 )                                                               
                                                                 
 batch_normalization (BatchN  (None, 16, 16, 32)       128       
 ormalization)                                                   
                                                                 
 dropout (Dropout)           (None, 16, 16, 32)        0         
                                                                 
 flatten (Flatten)           (None, 8192)              0         
                                                                 
 dense (Dense)               (None, 10)                81930     
                                                                 
=================================================================
Total params: 82,954
Trainable params: 82,890
Non-trainable params: 64
_________________________________________________________________
Taxa de aprendizado:  0.001 Num de épocas:  176 Tamanho do lote:  128 Dropout:  0.46211
Epoch 1/176
2024-06-26 03:56:46.591371: I tensorflow/stream_executor/cuda/cuda_dnn.cc:384] Loaded cuDNN version 8100
2024-06-26 03:56:47.431299: W tensorflow/stream_executor/gpu/redzone_allocator.cc:314] INTERNAL: ptxas exited with non-zero error code -1, output: 
Relying on driver to perform ptx compilation. 
Modify $PATH to customize ptxas location.
This message will be only logged once.
2024-06-26 03:56:48.399500: I tensorflow/stream_executor/cuda/cuda_blas.cc:1614] TensorFloat-32 will be used for the matrix multiplication. This will only be logged once.

  1/391 [..............................] - ETA: 20:32 - loss: 3.1435 - accuracy: 0.0938
 15/391 [>.............................] - ETA: 1s - loss: 2.4985 - accuracy: 0.2521   
 30/391 [=>............................] - ETA: 1s - loss: 2.2912 - accuracy: 0.2818
 44/391 [==>...........................] - ETA: 1s - loss: 2.1853 - accuracy: 0.3061
 58/391 [===>..........................] - ETA: 1s - loss: 2.1143 - accuracy: 0.3186
 73/391 [====>.........................] - ETA: 1s - loss: 2.0443 - accuracy: 0.3338
 89/391 [=====>........................] - ETA: 1s - loss: 1.9939 - accuracy: 0.3449
102/391 [======>.......................] - ETA: 1s - loss: 1.9532 - accuracy: 0.3537
115/391 [=======>......................] - ETA: 1s - loss: 1.9218 - accuracy: 0.3613
122/391 [========>.....................] - ETA: 1s - loss: 1.9054 - accuracy: 0.3651
137/391 [=========>....................] - ETA: 1s - loss: 1.8701 - accuracy: 0.3737
150/391 [==========>...................] - ETA: 1s - loss: 1.8472 - accuracy: 0.3798
165/391 [===========>..................] - ETA: 1s - loss: 1.8175 - accuracy: 0.3887
182/391 [============>.................] - ETA: 0s - loss: 1.7892 - accuracy: 0.3956
197/391 [==============>...............] - ETA: 0s - loss: 1.7681 - accuracy: 0.4023
213/391 [===============>..............] - ETA: 0s - loss: 1.7438 - accuracy: 0.4088
230/391 [================>.............] - ETA: 0s - loss: 1.7228 - accuracy: 0.4156
247/391 [=================>............] - ETA: 0s - loss: 1.7022 - accuracy: 0.4221
261/391 [===================>..........] - ETA: 0s - loss: 1.6861 - accuracy: 0.4268
279/391 [====================>.........] - ETA: 0s - loss: 1.6690 - accuracy: 0.4312
295/391 [=====================>........] - ETA: 0s - loss: 1.6526 - accuracy: 0.4361
310/391 [======================>.......] - ETA: 0s - loss: 1.6402 - accuracy: 0.4395
324/391 [=======================>......] - ETA: 0s - loss: 1.6298 - accuracy: 0.4429
336/391 [========================>.....] - ETA: 0s - loss: 1.6207 - accuracy: 0.4457
350/391 [=========================>....] - ETA: 0s - loss: 1.6107 - accuracy: 0.4489
364/391 [==========================>...] - ETA: 0s - loss: 1.5995 - accuracy: 0.4517
378/391 [============================>.] - ETA: 0s - loss: 1.5910 - accuracy: 0.4543
391/391 [==============================] - 6s 7ms/step - loss: 1.5829 - accuracy: 0.4566 - val_loss: 1.6732 - val_accuracy: 0.4340
Epoch 2/176

  1/391 [..............................] - ETA: 6s - loss: 1.2346 - accuracy: 0.5938
 14/391 [>.............................] - ETA: 1s - loss: 1.2925 - accuracy: 0.5497
 28/391 [=>............................] - ETA: 1s - loss: 1.2607 - accuracy: 0.5617
 40/391 [==>...........................] - ETA: 1s - loss: 1.2452 - accuracy: 0.5674
 53/391 [===>..........................] - ETA: 1s - loss: 1.2542 - accuracy: 0.5674
 66/391 [====>.........................] - ETA: 1s - loss: 1.2554 - accuracy: 0.5657
 79/391 [=====>........................] - ETA: 1s - loss: 1.2514 - accuracy: 0.5662
 93/391 [======>.......................] - ETA: 1s - loss: 1.2507 - accuracy: 0.5668
106/391 [=======>......................] - ETA: 1s - loss: 1.2540 - accuracy: 0.5662
120/391 [========>.....................] - ETA: 1s - loss: 1.2545 - accuracy: 0.5663
134/391 [=========>....................] - ETA: 1s - loss: 1.2548 - accuracy: 0.5656
148/391 [==========>...................] - ETA: 1s - loss: 1.2572 - accuracy: 0.5649
162/391 [===========>..................] - ETA: 1s - loss: 1.2523 - accuracy: 0.5666
177/391 [============>.................] - ETA: 0s - loss: 1.2546 - accuracy: 0.5656
192/391 [=============>................] - ETA: 0s - loss: 1.2539 - accuracy: 0.5654
207/391 [==============>...............] - ETA: 0s - loss: 1.2519 - accuracy: 0.5658
221/391 [===============>..............] - ETA: 0s - loss: 1.2517 - accuracy: 0.5661
236/391 [=================>............] - ETA: 0s - loss: 1.2508 - accuracy: 0.5660
250/391 [==================>...........] - ETA: 0s - loss: 1.2526 - accuracy: 0.5665
265/391 [===================>..........] - ETA: 0s - loss: 1.2514 - accuracy: 0.5669
279/391 [====================>.........] - ETA: 0s - loss: 1.2519 - accuracy: 0.5676
293/391 [=====================>........] - ETA: 0s - loss: 1.2514 - accuracy: 0.5676
311/391 [======================>.......] - ETA: 0s - loss: 1.2510 - accuracy: 0.5681
325/391 [=======================>......] - ETA: 0s - loss: 1.2511 - accuracy: 0.5680
339/391 [=========================>....] - ETA: 0s - loss: 1.2490 - accuracy: 0.5688
353/391 [==========================>...] - ETA: 0s - loss: 1.2485 - accuracy: 0.5691
367/391 [===========================>..] - ETA: 0s - loss: 1.2472 - accuracy: 0.5694
381/391 [============================>.] - ETA: 0s - loss: 1.2477 - accuracy: 0.5688
391/391 [==============================] - 3s 6ms/step - loss: 1.2465 - accuracy: 0.5691 - val_loss: 1.2208 - val_accuracy: 0.5733
Epoch 3/176

  1/391 [..............................] - ETA: 6s - loss: 1.0860 - accuracy: 0.6953
 13/391 [..............................] - ETA: 1s - loss: 1.1108 - accuracy: 0.6202
 27/391 [=>............................] - ETA: 1s - loss: 1.1227 - accuracy: 0.6169
 40/391 [==>...........................] - ETA: 1s - loss: 1.1150 - accuracy: 0.6156
 54/391 [===>..........................] - ETA: 1s - loss: 1.1059 - accuracy: 0.6146
 67/391 [====>.........................] - ETA: 1s - loss: 1.1104 - accuracy: 0.6153
 81/391 [=====>........................] - ETA: 1s - loss: 1.1160 - accuracy: 0.6147
 95/391 [======>.......................] - ETA: 1s - loss: 1.1185 - accuracy: 0.6131
109/391 [=======>......................] - ETA: 1s - loss: 1.1158 - accuracy: 0.6130
121/391 [========>.....................] - ETA: 1s - loss: 1.1221 - accuracy: 0.6118
134/391 [=========>....................] - ETA: 1s - loss: 1.1262 - accuracy: 0.6115
146/391 [==========>...................] - ETA: 1s - loss: 1.1294 - accuracy: 0.6096
160/391 [===========>..................] - ETA: 1s - loss: 1.1272 - accuracy: 0.6104
173/391 [============>.................] - ETA: 1s - loss: 1.1308 - accuracy: 0.6078
186/391 [=============>................] - ETA: 0s - loss: 1.1313 - accuracy: 0.6077
201/391 [==============>...............] - ETA: 0s - loss: 1.1367 - accuracy: 0.6062
215/391 [===============>..............] - ETA: 0s - loss: 1.1380 - accuracy: 0.6050
229/391 [================>.............] - ETA: 0s - loss: 1.1409 - accuracy: 0.6047
244/391 [=================>............] - ETA: 0s - loss: 1.1439 - accuracy: 0.6038
258/391 [==================>...........] - ETA: 0s - loss: 1.1457 - accuracy: 0.6031
274/391 [====================>.........] - ETA: 0s - loss: 1.1457 - accuracy: 0.6022
291/391 [=====================>........] - ETA: 0s - loss: 1.1471 - accuracy: 0.6022
306/391 [======================>.......] - ETA: 0s - loss: 1.1473 - accuracy: 0.6021
321/391 [=======================>......] - ETA: 0s - loss: 1.1475 - accuracy: 0.6021
336/391 [========================>.....] - ETA: 0s - loss: 1.1495 - accuracy: 0.6016
350/391 [=========================>....] - ETA: 0s - loss: 1.1510 - accuracy: 0.6014
365/391 [===========================>..] - ETA: 0s - loss: 1.1504 - accuracy: 0.6012
381/391 [============================>.] - ETA: 0s - loss: 1.1522 - accuracy: 0.6005
391/391 [==============================] - 3s 6ms/step - loss: 1.1512 - accuracy: 0.6009 - val_loss: 1.2229 - val_accuracy: 0.5790
Epoch 4/176

  1/391 [..............................] - ETA: 0s - loss: 1.2469 - accuracy: 0.5391
 12/391 [..............................] - ETA: 2s - loss: 1.0790 - accuracy: 0.6198
 25/391 [>.............................] - ETA: 1s - loss: 1.0800 - accuracy: 0.6191
 39/391 [=>............................] - ETA: 1s - loss: 1.0792 - accuracy: 0.6198
 50/391 [==>...........................] - ETA: 1s - loss: 1.0793 - accuracy: 0.6214
 63/391 [===>..........................] - ETA: 1s - loss: 1.0872 - accuracy: 0.6199
 76/391 [====>.........................] - ETA: 1s - loss: 1.0877 - accuracy: 0.6191
 90/391 [=====>........................] - ETA: 1s - loss: 1.0897 - accuracy: 0.6197
 95/391 [======>.......................] - ETA: 1s - loss: 1.0903 - accuracy: 0.6197
108/391 [=======>......................] - ETA: 1s - loss: 1.0897 - accuracy: 0.6198
121/391 [========>.....................] - ETA: 1s - loss: 1.0914 - accuracy: 0.6190
135/391 [=========>....................] - ETA: 1s - loss: 1.0887 - accuracy: 0.6207
149/391 [==========>...................] - ETA: 1s - loss: 1.0902 - accuracy: 0.6213
161/391 [===========>..................] - ETA: 1s - loss: 1.0923 - accuracy: 0.6197
175/391 [============>.................] - ETA: 1s - loss: 1.0948 - accuracy: 0.6180
187/391 [=============>................] - ETA: 1s - loss: 1.0954 - accuracy: 0.6178
198/391 [==============>...............] - ETA: 0s - loss: 1.0993 - accuracy: 0.6176
212/391 [===============>..............] - ETA: 0s - loss: 1.0978 - accuracy: 0.6179
225/391 [================>.............] - ETA: 0s - loss: 1.0978 - accuracy: 0.6184
239/391 [=================>............] - ETA: 0s - loss: 1.1001 - accuracy: 0.6173
253/391 [==================>...........] - ETA: 0s - loss: 1.1031 - accuracy: 0.6175
267/391 [===================>..........] - ETA: 0s - loss: 1.0981 - accuracy: 0.6189
280/391 [====================>.........] - ETA: 0s - loss: 1.0956 - accuracy: 0.6200
294/391 [=====================>........] - ETA: 0s - loss: 1.0968 - accuracy: 0.6195
311/391 [======================>.......] - ETA: 0s - loss: 1.0983 - accuracy: 0.6188
327/391 [========================>.....] - ETA: 0s - loss: 1.0976 - accuracy: 0.6193
342/391 [=========================>....] - ETA: 0s - loss: 1.1000 - accuracy: 0.6189
357/391 [==========================>...] - ETA: 0s - loss: 1.1013 - accuracy: 0.6182
370/391 [===========================>..] - ETA: 0s - loss: 1.1039 - accuracy: 0.6175
380/391 [============================>.] - ETA: 0s - loss: 1.1049 - accuracy: 0.6171
391/391 [==============================] - 3s 6ms/step - loss: 1.1061 - accuracy: 0.6163 - val_loss: 1.1624 - val_accuracy: 0.5897
Epoch 5/176

  1/391 [..............................] - ETA: 6s - loss: 1.1208 - accuracy: 0.5781
 13/391 [..............................] - ETA: 1s - loss: 1.0353 - accuracy: 0.6370
 26/391 [>.............................] - ETA: 1s - loss: 1.0419 - accuracy: 0.6412
 41/391 [==>...........................] - ETA: 1s - loss: 1.0498 - accuracy: 0.6328
 54/391 [===>..........................] - ETA: 1s - loss: 1.0509 - accuracy: 0.6338
 67/391 [====>.........................] - ETA: 1s - loss: 1.0586 - accuracy: 0.6308
 81/391 [=====>........................] - ETA: 1s - loss: 1.0571 - accuracy: 0.6325
 93/391 [======>.......................] - ETA: 1s - loss: 1.0569 - accuracy: 0.6311
104/391 [======>.......................] - ETA: 1s - loss: 1.0569 - accuracy: 0.6322
117/391 [=======>......................] - ETA: 1s - loss: 1.0558 - accuracy: 0.6323
130/391 [========>.....................] - ETA: 1s - loss: 1.0599 - accuracy: 0.6311
144/391 [==========>...................] - ETA: 1s - loss: 1.0559 - accuracy: 0.6315
159/391 [===========>..................] - ETA: 1s - loss: 1.0555 - accuracy: 0.6314
173/391 [============>.................] - ETA: 1s - loss: 1.0563 - accuracy: 0.6298
187/391 [=============>................] - ETA: 0s - loss: 1.0607 - accuracy: 0.6291
200/391 [==============>...............] - ETA: 0s - loss: 1.0627 - accuracy: 0.6282
214/391 [===============>..............] - ETA: 0s - loss: 1.0626 - accuracy: 0.6280
227/391 [================>.............] - ETA: 0s - loss: 1.0640 - accuracy: 0.6280
241/391 [=================>............] - ETA: 0s - loss: 1.0633 - accuracy: 0.6279
252/391 [==================>...........] - ETA: 0s - loss: 1.0649 - accuracy: 0.6277
264/391 [===================>..........] - ETA: 0s - loss: 1.0659 - accuracy: 0.6275
276/391 [====================>.........] - ETA: 0s - loss: 1.0647 - accuracy: 0.6284
289/391 [=====================>........] - ETA: 0s - loss: 1.0645 - accuracy: 0.6285
303/391 [======================>.......] - ETA: 0s - loss: 1.0686 - accuracy: 0.6274
316/391 [=======================>......] - ETA: 0s - loss: 1.0683 - accuracy: 0.6280
331/391 [========================>.....] - ETA: 0s - loss: 1.0685 - accuracy: 0.6284
345/391 [=========================>....] - ETA: 0s - loss: 1.0706 - accuracy: 0.6281
359/391 [==========================>...] - ETA: 0s - loss: 1.0734 - accuracy: 0.6272
373/391 [===========================>..] - ETA: 0s - loss: 1.0750 - accuracy: 0.6264
388/391 [============================>.] - ETA: 0s - loss: 1.0751 - accuracy: 0.6263
391/391 [==============================] - 2s 6ms/step - loss: 1.0753 - accuracy: 0.6262 - val_loss: 1.1618 - val_accuracy: 0.6076
Epoch 6/176

  1/391 [..............................] - ETA: 6s - loss: 0.9752 - accuracy: 0.6250
 15/391 [>.............................] - ETA: 1s - loss: 0.9988 - accuracy: 0.6448
 29/391 [=>............................] - ETA: 1s - loss: 1.0156 - accuracy: 0.6444
 44/391 [==>...........................] - ETA: 1s - loss: 1.0224 - accuracy: 0.6390
 58/391 [===>..........................] - ETA: 1s - loss: 1.0313 - accuracy: 0.6377
 72/391 [====>.........................] - ETA: 1s - loss: 1.0342 - accuracy: 0.6370
 86/391 [=====>........................] - ETA: 1s - loss: 1.0291 - accuracy: 0.6399
 99/391 [======>.......................] - ETA: 1s - loss: 1.0300 - accuracy: 0.6404
112/391 [=======>......................] - ETA: 1s - loss: 1.0302 - accuracy: 0.6413
126/391 [========>.....................] - ETA: 1s - loss: 1.0350 - accuracy: 0.6387
141/391 [=========>....................] - ETA: 1s - loss: 1.0369 - accuracy: 0.6388
155/391 [==========>...................] - ETA: 1s - loss: 1.0365 - accuracy: 0.6392
169/391 [===========>..................] - ETA: 0s - loss: 1.0407 - accuracy: 0.6376
183/391 [=============>................] - ETA: 0s - loss: 1.0447 - accuracy: 0.6366
197/391 [==============>...............] - ETA: 0s - loss: 1.0445 - accuracy: 0.6364
210/391 [===============>..............] - ETA: 0s - loss: 1.0470 - accuracy: 0.6348
224/391 [================>.............] - ETA: 0s - loss: 1.0479 - accuracy: 0.6344
238/391 [=================>............] - ETA: 0s - loss: 1.0482 - accuracy: 0.6343
251/391 [==================>...........] - ETA: 0s - loss: 1.0474 - accuracy: 0.6345
265/391 [===================>..........] - ETA: 0s - loss: 1.0480 - accuracy: 0.6343
279/391 [====================>.........] - ETA: 0s - loss: 1.0501 - accuracy: 0.6337
293/391 [=====================>........] - ETA: 0s - loss: 1.0479 - accuracy: 0.6348
307/391 [======================>.......] - ETA: 0s - loss: 1.0468 - accuracy: 0.6350
321/391 [=======================>......] - ETA: 0s - loss: 1.0466 - accuracy: 0.6350
335/391 [========================>.....] - ETA: 0s - loss: 1.0459 - accuracy: 0.6353
349/391 [=========================>....] - ETA: 0s - loss: 1.0467 - accuracy: 0.6343
362/391 [==========================>...] - ETA: 0s - loss: 1.0498 - accuracy: 0.6336
376/391 [===========================>..] - ETA: 0s - loss: 1.0496 - accuracy: 0.6342
389/391 [============================>.] - ETA: 0s - loss: 1.0505 - accuracy: 0.6340
391/391 [==============================] - 2s 6ms/step - loss: 1.0511 - accuracy: 0.6338 - val_loss: 1.1065 - val_accuracy: 0.6206
Epoch 7/176

  1/391 [..............................] - ETA: 6s - loss: 1.2084 - accuracy: 0.5625
 14/391 [>.............................] - ETA: 1s - loss: 0.9854 - accuracy: 0.6568
 29/391 [=>............................] - ETA: 1s - loss: 0.9826 - accuracy: 0.6606
 43/391 [==>...........................] - ETA: 1s - loss: 0.9783 - accuracy: 0.6621
 59/391 [===>..........................] - ETA: 1s - loss: 0.9720 - accuracy: 0.6655
 74/391 [====>.........................] - ETA: 1s - loss: 0.9744 - accuracy: 0.6643
 89/391 [=====>........................] - ETA: 1s - loss: 0.9756 - accuracy: 0.6644
104/391 [======>.......................] - ETA: 1s - loss: 0.9824 - accuracy: 0.6609
119/391 [========>.....................] - ETA: 1s - loss: 0.9896 - accuracy: 0.6589
135/391 [=========>....................] - ETA: 1s - loss: 0.9975 - accuracy: 0.6550
150/391 [==========>...................] - ETA: 1s - loss: 0.9979 - accuracy: 0.6534
161/391 [===========>..................] - ETA: 0s - loss: 1.0001 - accuracy: 0.6533
175/391 [============>.................] - ETA: 0s - loss: 0.9995 - accuracy: 0.6531
189/391 [=============>................] - ETA: 0s - loss: 1.0045 - accuracy: 0.6515
204/391 [==============>...............] - ETA: 0s - loss: 1.0072 - accuracy: 0.6509
216/391 [===============>..............] - ETA: 0s - loss: 1.0091 - accuracy: 0.6501
229/391 [================>.............] - ETA: 0s - loss: 1.0108 - accuracy: 0.6489
244/391 [=================>............] - ETA: 0s - loss: 1.0130 - accuracy: 0.6491
256/391 [==================>...........] - ETA: 0s - loss: 1.0150 - accuracy: 0.6483
268/391 [===================>..........] - ETA: 0s - loss: 1.0136 - accuracy: 0.6490
281/391 [====================>.........] - ETA: 0s - loss: 1.0154 - accuracy: 0.6487
294/391 [=====================>........] - ETA: 0s - loss: 1.0141 - accuracy: 0.6489
309/391 [======================>.......] - ETA: 0s - loss: 1.0166 - accuracy: 0.6478
323/391 [=======================>......] - ETA: 0s - loss: 1.0176 - accuracy: 0.6479
337/391 [========================>.....] - ETA: 0s - loss: 1.0196 - accuracy: 0.6474
351/391 [=========================>....] - ETA: 0s - loss: 1.0228 - accuracy: 0.6463
365/391 [===========================>..] - ETA: 0s - loss: 1.0253 - accuracy: 0.6455
379/391 [============================>.] - ETA: 0s - loss: 1.0288 - accuracy: 0.6439
391/391 [==============================] - 2s 6ms/step - loss: 1.0314 - accuracy: 0.6429 - val_loss: 1.2928 - val_accuracy: 0.5494
Epoch 8/176

  1/391 [..............................] - ETA: 6s - loss: 0.8885 - accuracy: 0.6484
 13/391 [..............................] - ETA: 1s - loss: 0.9900 - accuracy: 0.6544
 27/391 [=>............................] - ETA: 1s - loss: 0.9533 - accuracy: 0.6597
 42/391 [==>...........................] - ETA: 1s - loss: 0.9785 - accuracy: 0.6568
 55/391 [===>..........................] - ETA: 1s - loss: 0.9775 - accuracy: 0.6562
 69/391 [====>.........................] - ETA: 1s - loss: 0.9777 - accuracy: 0.6556
 84/391 [=====>........................] - ETA: 1s - loss: 0.9871 - accuracy: 0.6539
102/391 [======>.......................] - ETA: 1s - loss: 0.9879 - accuracy: 0.6520
119/391 [========>.....................] - ETA: 1s - loss: 0.9919 - accuracy: 0.6502
135/391 [=========>....................] - ETA: 1s - loss: 0.9942 - accuracy: 0.6501
151/391 [==========>...................] - ETA: 0s - loss: 0.9954 - accuracy: 0.6510
166/391 [===========>..................] - ETA: 0s - loss: 0.9973 - accuracy: 0.6498
182/391 [============>.................] - ETA: 0s - loss: 0.9964 - accuracy: 0.6497
197/391 [==============>...............] - ETA: 0s - loss: 0.9989 - accuracy: 0.6497
211/391 [===============>..............] - ETA: 0s - loss: 1.0008 - accuracy: 0.6490
225/391 [================>.............] - ETA: 0s - loss: 0.9997 - accuracy: 0.6487
239/391 [=================>............] - ETA: 0s - loss: 0.9998 - accuracy: 0.6490
252/391 [==================>...........] - ETA: 0s - loss: 1.0024 - accuracy: 0.6483
265/391 [===================>..........] - ETA: 0s - loss: 0.9996 - accuracy: 0.6497
280/391 [====================>.........] - ETA: 0s - loss: 1.0010 - accuracy: 0.6499
293/391 [=====================>........] - ETA: 0s - loss: 1.0032 - accuracy: 0.6495
307/391 [======================>.......] - ETA: 0s - loss: 1.0038 - accuracy: 0.6496
321/391 [=======================>......] - ETA: 0s - loss: 1.0043 - accuracy: 0.6493
335/391 [========================>.....] - ETA: 0s - loss: 1.0062 - accuracy: 0.6485
349/391 [=========================>....] - ETA: 0s - loss: 1.0084 - accuracy: 0.6482
362/391 [==========================>...] - ETA: 0s - loss: 1.0094 - accuracy: 0.6477
376/391 [===========================>..] - ETA: 0s - loss: 1.0095 - accuracy: 0.6478
391/391 [==============================] - ETA: 0s - loss: 1.0113 - accuracy: 0.6473
391/391 [==============================] - 2s 6ms/step - loss: 1.0113 - accuracy: 0.6473 - val_loss: 1.1253 - val_accuracy: 0.6082
Epoch 9/176

  1/391 [..............................] - ETA: 5s - loss: 0.9896 - accuracy: 0.6641
 14/391 [>.............................] - ETA: 1s - loss: 0.9795 - accuracy: 0.6735
 28/391 [=>............................] - ETA: 1s - loss: 0.9564 - accuracy: 0.6747
 42/391 [==>...........................] - ETA: 1s - loss: 0.9477 - accuracy: 0.6769
 55/391 [===>..........................] - ETA: 1s - loss: 0.9541 - accuracy: 0.6729
 70/391 [====>.........................] - ETA: 1s - loss: 0.9590 - accuracy: 0.6731
 83/391 [=====>........................] - ETA: 1s - loss: 0.9636 - accuracy: 0.6707
 97/391 [======>.......................] - ETA: 1s - loss: 0.9653 - accuracy: 0.6690
111/391 [=======>......................] - ETA: 1s - loss: 0.9628 - accuracy: 0.6683
125/391 [========>.....................] - ETA: 1s - loss: 0.9665 - accuracy: 0.6662
141/391 [=========>....................] - ETA: 1s - loss: 0.9667 - accuracy: 0.6665
156/391 [==========>...................] - ETA: 1s - loss: 0.9678 - accuracy: 0.6667
172/391 [============>.................] - ETA: 0s - loss: 0.9689 - accuracy: 0.6658
188/391 [=============>................] - ETA: 0s - loss: 0.9730 - accuracy: 0.6648
204/391 [==============>...............] - ETA: 0s - loss: 0.9738 - accuracy: 0.6633
220/391 [===============>..............] - ETA: 0s - loss: 0.9791 - accuracy: 0.6613
237/391 [=================>............] - ETA: 0s - loss: 0.9848 - accuracy: 0.6596
254/391 [==================>...........] - ETA: 0s - loss: 0.9864 - accuracy: 0.6585
270/391 [===================>..........] - ETA: 0s - loss: 0.9871 - accuracy: 0.6574
288/391 [=====================>........] - ETA: 0s - loss: 0.9876 - accuracy: 0.6574
301/391 [======================>.......] - ETA: 0s - loss: 0.9907 - accuracy: 0.6558
315/391 [=======================>......] - ETA: 0s - loss: 0.9931 - accuracy: 0.6553
330/391 [========================>.....] - ETA: 0s - loss: 0.9940 - accuracy: 0.6552
344/391 [=========================>....] - ETA: 0s - loss: 0.9935 - accuracy: 0.6557
358/391 [==========================>...] - ETA: 0s - loss: 0.9938 - accuracy: 0.6556
372/391 [===========================>..] - ETA: 0s - loss: 0.9963 - accuracy: 0.6541
386/391 [============================>.] - ETA: 0s - loss: 0.9981 - accuracy: 0.6537
391/391 [==============================] - 2s 6ms/step - loss: 0.9985 - accuracy: 0.6536 - val_loss: 1.0727 - val_accuracy: 0.6328
Epoch 10/176

  1/391 [..............................] - ETA: 6s - loss: 1.1854 - accuracy: 0.6172
 14/391 [>.............................] - ETA: 1s - loss: 0.9374 - accuracy: 0.6691
 28/391 [=>............................] - ETA: 1s - loss: 0.9565 - accuracy: 0.6616
 42/391 [==>...........................] - ETA: 1s - loss: 0.9514 - accuracy: 0.6646
 56/391 [===>..........................] - ETA: 1s - loss: 0.9613 - accuracy: 0.6615
 71/391 [====>.........................] - ETA: 1s - loss: 0.9644 - accuracy: 0.6637
 85/391 [=====>........................] - ETA: 1s - loss: 0.9667 - accuracy: 0.6635
 98/391 [======>.......................] - ETA: 1s - loss: 0.9655 - accuracy: 0.6635
112/391 [=======>......................] - ETA: 1s - loss: 0.9636 - accuracy: 0.6652
126/391 [========>.....................] - ETA: 1s - loss: 0.9629 - accuracy: 0.6659
138/391 [=========>....................] - ETA: 1s - loss: 0.9669 - accuracy: 0.6634
150/391 [==========>...................] - ETA: 1s - loss: 0.9617 - accuracy: 0.6647
163/391 [===========>..................] - ETA: 1s - loss: 0.9614 - accuracy: 0.6642
178/391 [============>.................] - ETA: 0s - loss: 0.9609 - accuracy: 0.6637
191/391 [=============>................] - ETA: 0s - loss: 0.9645 - accuracy: 0.6625
205/391 [==============>...............] - ETA: 0s - loss: 0.9687 - accuracy: 0.6605
222/391 [================>.............] - ETA: 0s - loss: 0.9729 - accuracy: 0.6594
238/391 [=================>............] - ETA: 0s - loss: 0.9756 - accuracy: 0.6582
254/391 [==================>...........] - ETA: 0s - loss: 0.9773 - accuracy: 0.6575
270/391 [===================>..........] - ETA: 0s - loss: 0.9818 - accuracy: 0.6560
285/391 [====================>.........] - ETA: 0s - loss: 0.9814 - accuracy: 0.6564
301/391 [======================>.......] - ETA: 0s - loss: 0.9827 - accuracy: 0.6558
317/391 [=======================>......] - ETA: 0s - loss: 0.9827 - accuracy: 0.6562
332/391 [========================>.....] - ETA: 0s - loss: 0.9859 - accuracy: 0.6552
349/391 [=========================>....] - ETA: 0s - loss: 0.9866 - accuracy: 0.6548
365/391 [===========================>..] - ETA: 0s - loss: 0.9877 - accuracy: 0.6549
380/391 [============================>.] - ETA: 0s - loss: 0.9874 - accuracy: 0.6551
391/391 [==============================] - 2s 6ms/step - loss: 0.9874 - accuracy: 0.6552 - val_loss: 1.0659 - val_accuracy: 0.6398
Epoch 11/176

  1/391 [..............................] - ETA: 0s - loss: 1.0296 - accuracy: 0.6719
 13/391 [..............................] - ETA: 1s - loss: 0.9392 - accuracy: 0.6893
 27/391 [=>............................] - ETA: 1s - loss: 0.9395 - accuracy: 0.6846
 41/391 [==>...........................] - ETA: 1s - loss: 0.9320 - accuracy: 0.6810
 55/391 [===>..........................] - ETA: 1s - loss: 0.9224 - accuracy: 0.6821
 70/391 [====>.........................] - ETA: 1s - loss: 0.9407 - accuracy: 0.6742
 84/391 [=====>........................] - ETA: 1s - loss: 0.9422 - accuracy: 0.6722
 95/391 [======>.......................] - ETA: 1s - loss: 0.9472 - accuracy: 0.6692
108/391 [=======>......................] - ETA: 1s - loss: 0.9472 - accuracy: 0.6698
123/391 [========>.....................] - ETA: 1s - loss: 0.9493 - accuracy: 0.6695
137/391 [=========>....................] - ETA: 1s - loss: 0.9491 - accuracy: 0.6693
151/391 [==========>...................] - ETA: 1s - loss: 0.9532 - accuracy: 0.6668
165/391 [===========>..................] - ETA: 1s - loss: 0.9565 - accuracy: 0.6665
179/391 [============>.................] - ETA: 0s - loss: 0.9603 - accuracy: 0.6652
193/391 [=============>................] - ETA: 0s - loss: 0.9639 - accuracy: 0.6638
208/391 [==============>...............] - ETA: 0s - loss: 0.9652 - accuracy: 0.6643
223/391 [================>.............] - ETA: 0s - loss: 0.9680 - accuracy: 0.6626
237/391 [=================>............] - ETA: 0s - loss: 0.9666 - accuracy: 0.6623
251/391 [==================>...........] - ETA: 0s - loss: 0.9690 - accuracy: 0.6614
262/391 [===================>..........] - ETA: 0s - loss: 0.9719 - accuracy: 0.6602
276/391 [====================>.........] - ETA: 0s - loss: 0.9743 - accuracy: 0.6593
290/391 [=====================>........] - ETA: 0s - loss: 0.9759 - accuracy: 0.6589
306/391 [======================>.......] - ETA: 0s - loss: 0.9747 - accuracy: 0.6593
321/391 [=======================>......] - ETA: 0s - loss: 0.9750 - accuracy: 0.6590
336/391 [========================>.....] - ETA: 0s - loss: 0.9743 - accuracy: 0.6589
353/391 [==========================>...] - ETA: 0s - loss: 0.9760 - accuracy: 0.6584
369/391 [===========================>..] - ETA: 0s - loss: 0.9764 - accuracy: 0.6582
384/391 [============================>.] - ETA: 0s - loss: 0.9792 - accuracy: 0.6577
391/391 [==============================] - 2s 6ms/step - loss: 0.9788 - accuracy: 0.6579 - val_loss: 1.1837 - val_accuracy: 0.5930
Epoch 12/176

  1/391 [..............................] - ETA: 7s - loss: 0.8026 - accuracy: 0.7031
 15/391 [>.............................] - ETA: 1s - loss: 0.9357 - accuracy: 0.6719
 30/391 [=>............................] - ETA: 1s - loss: 0.9464 - accuracy: 0.6771
 44/391 [==>...........................] - ETA: 1s - loss: 0.9477 - accuracy: 0.6755
 58/391 [===>..........................] - ETA: 1s - loss: 0.9476 - accuracy: 0.6748
 72/391 [====>.........................] - ETA: 1s - loss: 0.9440 - accuracy: 0.6767
 86/391 [=====>........................] - ETA: 1s - loss: 0.9503 - accuracy: 0.6726
 99/391 [======>.......................] - ETA: 1s - loss: 0.9452 - accuracy: 0.6732
112/391 [=======>......................] - ETA: 1s - loss: 0.9451 - accuracy: 0.6736
127/391 [========>.....................] - ETA: 1s - loss: 0.9472 - accuracy: 0.6723
140/391 [=========>....................] - ETA: 1s - loss: 0.9457 - accuracy: 0.6732
154/391 [==========>...................] - ETA: 1s - loss: 0.9493 - accuracy: 0.6723
168/391 [===========>..................] - ETA: 0s - loss: 0.9525 - accuracy: 0.6704
183/391 [=============>................] - ETA: 0s - loss: 0.9545 - accuracy: 0.6703
196/391 [==============>...............] - ETA: 0s - loss: 0.9544 - accuracy: 0.6706
210/391 [===============>..............] - ETA: 0s - loss: 0.9566 - accuracy: 0.6691
225/391 [================>.............] - ETA: 0s - loss: 0.9563 - accuracy: 0.6684
238/391 [=================>............] - ETA: 0s - loss: 0.9601 - accuracy: 0.6669
252/391 [==================>...........] - ETA: 0s - loss: 0.9611 - accuracy: 0.6664
266/391 [===================>..........] - ETA: 0s - loss: 0.9585 - accuracy: 0.6667
280/391 [====================>.........] - ETA: 0s - loss: 0.9580 - accuracy: 0.6672
294/391 [=====================>........] - ETA: 0s - loss: 0.9597 - accuracy: 0.6668
307/391 [======================>.......] - ETA: 0s - loss: 0.9605 - accuracy: 0.6664
322/391 [=======================>......] - ETA: 0s - loss: 0.9620 - accuracy: 0.6658
336/391 [========================>.....] - ETA: 0s - loss: 0.9641 - accuracy: 0.6657
349/391 [=========================>....] - ETA: 0s - loss: 0.9651 - accuracy: 0.6653
363/391 [==========================>...] - ETA: 0s - loss: 0.9663 - accuracy: 0.6649
374/391 [===========================>..] - ETA: 0s - loss: 0.9694 - accuracy: 0.6640
386/391 [============================>.] - ETA: 0s - loss: 0.9688 - accuracy: 0.6641
391/391 [==============================] - 2s 6ms/step - loss: 0.9684 - accuracy: 0.6643 - val_loss: 1.3156 - val_accuracy: 0.5654
Epoch 13/176

  1/391 [..............................] - ETA: 0s - loss: 0.9409 - accuracy: 0.7031
 14/391 [>.............................] - ETA: 1s - loss: 0.9203 - accuracy: 0.6864
 29/391 [=>............................] - ETA: 1s - loss: 0.9252 - accuracy: 0.6800
 44/391 [==>...........................] - ETA: 1s - loss: 0.9302 - accuracy: 0.6765
 56/391 [===>..........................] - ETA: 1s - loss: 0.9343 - accuracy: 0.6775
 70/391 [====>.........................] - ETA: 1s - loss: 0.9301 - accuracy: 0.6786
 85/391 [=====>........................] - ETA: 1s - loss: 0.9347 - accuracy: 0.6772
 99/391 [======>.......................] - ETA: 1s - loss: 0.9337 - accuracy: 0.6759
113/391 [=======>......................] - ETA: 1s - loss: 0.9384 - accuracy: 0.6731
128/391 [========>.....................] - ETA: 1s - loss: 0.9412 - accuracy: 0.6720
141/391 [=========>....................] - ETA: 1s - loss: 0.9419 - accuracy: 0.6724
155/391 [==========>...................] - ETA: 1s - loss: 0.9415 - accuracy: 0.6715
171/391 [============>.................] - ETA: 0s - loss: 0.9417 - accuracy: 0.6717
185/391 [=============>................] - ETA: 0s - loss: 0.9434 - accuracy: 0.6713
199/391 [==============>...............] - ETA: 0s - loss: 0.9449 - accuracy: 0.6716
214/391 [===============>..............] - ETA: 0s - loss: 0.9430 - accuracy: 0.6718
227/391 [================>.............] - ETA: 0s - loss: 0.9406 - accuracy: 0.6728
242/391 [=================>............] - ETA: 0s - loss: 0.9432 - accuracy: 0.6718
257/391 [==================>...........] - ETA: 0s - loss: 0.9451 - accuracy: 0.6711
270/391 [===================>..........] - ETA: 0s - loss: 0.9460 - accuracy: 0.6709
285/391 [====================>.........] - ETA: 0s - loss: 0.9477 - accuracy: 0.6703
299/391 [=====================>........] - ETA: 0s - loss: 0.9487 - accuracy: 0.6699
313/391 [=======================>......] - ETA: 0s - loss: 0.9517 - accuracy: 0.6689
327/391 [========================>.....] - ETA: 0s - loss: 0.9527 - accuracy: 0.6686
342/391 [=========================>....] - ETA: 0s - loss: 0.9535 - accuracy: 0.6682
357/391 [==========================>...] - ETA: 0s - loss: 0.9533 - accuracy: 0.6680
371/391 [===========================>..] - ETA: 0s - loss: 0.9532 - accuracy: 0.6681
385/391 [============================>.] - ETA: 0s - loss: 0.9538 - accuracy: 0.6678
391/391 [==============================] - 2s 6ms/step - loss: 0.9547 - accuracy: 0.6675 - val_loss: 1.0458 - val_accuracy: 0.6472
Epoch 14/176

  1/391 [..............................] - ETA: 6s - loss: 0.9295 - accuracy: 0.7031
 17/391 [>.............................] - ETA: 1s - loss: 0.9092 - accuracy: 0.6778
 34/391 [=>............................] - ETA: 1s - loss: 0.9015 - accuracy: 0.6841
 51/391 [==>...........................] - ETA: 1s - loss: 0.8930 - accuracy: 0.6852
 68/391 [====>.........................] - ETA: 1s - loss: 0.9136 - accuracy: 0.6831
 84/391 [=====>........................] - ETA: 1s - loss: 0.9133 - accuracy: 0.6809
100/391 [======>.......................] - ETA: 1s - loss: 0.9168 - accuracy: 0.6787
116/391 [=======>......................] - ETA: 1s - loss: 0.9172 - accuracy: 0.6775
132/391 [=========>....................] - ETA: 0s - loss: 0.9230 - accuracy: 0.6766
147/391 [==========>...................] - ETA: 0s - loss: 0.9248 - accuracy: 0.6756
160/391 [===========>..................] - ETA: 0s - loss: 0.9240 - accuracy: 0.6762
174/391 [============>.................] - ETA: 0s - loss: 0.9250 - accuracy: 0.6756
188/391 [=============>................] - ETA: 0s - loss: 0.9244 - accuracy: 0.6768
202/391 [==============>...............] - ETA: 0s - loss: 0.9238 - accuracy: 0.6777
214/391 [===============>..............] - ETA: 0s - loss: 0.9248 - accuracy: 0.6773
228/391 [================>.............] - ETA: 0s - loss: 0.9245 - accuracy: 0.6770
243/391 [=================>............] - ETA: 0s - loss: 0.9278 - accuracy: 0.6761
257/391 [==================>...........] - ETA: 0s - loss: 0.9291 - accuracy: 0.6754
271/391 [===================>..........] - ETA: 0s - loss: 0.9305 - accuracy: 0.6757
285/391 [====================>.........] - ETA: 0s - loss: 0.9320 - accuracy: 0.6750
300/391 [======================>.......] - ETA: 0s - loss: 0.9352 - accuracy: 0.6742
315/391 [=======================>......] - ETA: 0s - loss: 0.9369 - accuracy: 0.6739
330/391 [========================>.....] - ETA: 0s - loss: 0.9373 - accuracy: 0.6734
344/391 [=========================>....] - ETA: 0s - loss: 0.9407 - accuracy: 0.6719
358/391 [==========================>...] - ETA: 0s - loss: 0.9421 - accuracy: 0.6712
372/391 [===========================>..] - ETA: 0s - loss: 0.9457 - accuracy: 0.6702
385/391 [============================>.] - ETA: 0s - loss: 0.9464 - accuracy: 0.6700
391/391 [==============================] - 2s 6ms/step - loss: 0.9465 - accuracy: 0.6697 - val_loss: 1.0614 - val_accuracy: 0.6354
Epoch 15/176

  1/391 [..............................] - ETA: 6s - loss: 0.9616 - accuracy: 0.6406
 14/391 [>.............................] - ETA: 1s - loss: 0.8936 - accuracy: 0.6819
 27/391 [=>............................] - ETA: 1s - loss: 0.8896 - accuracy: 0.6910
 41/391 [==>...........................] - ETA: 1s - loss: 0.8880 - accuracy: 0.6913
 55/391 [===>..........................] - ETA: 1s - loss: 0.8977 - accuracy: 0.6868
 70/391 [====>.........................] - ETA: 1s - loss: 0.9066 - accuracy: 0.6842
 86/391 [=====>........................] - ETA: 1s - loss: 0.8975 - accuracy: 0.6874
101/391 [======>.......................] - ETA: 1s - loss: 0.9031 - accuracy: 0.6857
117/391 [=======>......................] - ETA: 1s - loss: 0.9148 - accuracy: 0.6819
134/391 [=========>....................] - ETA: 1s - loss: 0.9141 - accuracy: 0.6812
150/391 [==========>...................] - ETA: 1s - loss: 0.9150 - accuracy: 0.6799
165/391 [===========>..................] - ETA: 0s - loss: 0.9180 - accuracy: 0.6789
181/391 [============>.................] - ETA: 0s - loss: 0.9194 - accuracy: 0.6776
195/391 [=============>................] - ETA: 0s - loss: 0.9215 - accuracy: 0.6772
211/391 [===============>..............] - ETA: 0s - loss: 0.9205 - accuracy: 0.6768
226/391 [================>.............] - ETA: 0s - loss: 0.9217 - accuracy: 0.6765
239/391 [=================>............] - ETA: 0s - loss: 0.9202 - accuracy: 0.6773
253/391 [==================>...........] - ETA: 0s - loss: 0.9216 - accuracy: 0.6772
267/391 [===================>..........] - ETA: 0s - loss: 0.9242 - accuracy: 0.6763
278/391 [====================>.........] - ETA: 0s - loss: 0.9254 - accuracy: 0.6759
290/391 [=====================>........] - ETA: 0s - loss: 0.9260 - accuracy: 0.6757
304/391 [======================>.......] - ETA: 0s - loss: 0.9261 - accuracy: 0.6765
318/391 [=======================>......] - ETA: 0s - loss: 0.9259 - accuracy: 0.6766
332/391 [========================>.....] - ETA: 0s - loss: 0.9279 - accuracy: 0.6761
343/391 [=========================>....] - ETA: 0s - loss: 0.9298 - accuracy: 0.6748
356/391 [==========================>...] - ETA: 0s - loss: 0.9295 - accuracy: 0.6749
368/391 [===========================>..] - ETA: 0s - loss: 0.9320 - accuracy: 0.6739
379/391 [============================>.] - ETA: 0s - loss: 0.9336 - accuracy: 0.6734
390/391 [============================>.] - ETA: 0s - loss: 0.9355 - accuracy: 0.6728
391/391 [==============================] - 2s 6ms/step - loss: 0.9356 - accuracy: 0.6727 - val_loss: 2.3022 - val_accuracy: 0.3675
Epoch 16/176

  1/391 [..............................] - ETA: 6s - loss: 0.8959 - accuracy: 0.7109
 12/391 [..............................] - ETA: 1s - loss: 0.9316 - accuracy: 0.6745
 25/391 [>.............................] - ETA: 1s - loss: 0.9191 - accuracy: 0.6803
 39/391 [=>............................] - ETA: 1s - loss: 0.8845 - accuracy: 0.6899
 53/391 [===>..........................] - ETA: 1s - loss: 0.8851 - accuracy: 0.6902
 67/391 [====>.........................] - ETA: 1s - loss: 0.8925 - accuracy: 0.6850
 80/391 [=====>........................] - ETA: 1s - loss: 0.8944 - accuracy: 0.6852
 94/391 [======>.......................] - ETA: 1s - loss: 0.8976 - accuracy: 0.6842
108/391 [=======>......................] - ETA: 1s - loss: 0.9044 - accuracy: 0.6818
122/391 [========>.....................] - ETA: 1s - loss: 0.9043 - accuracy: 0.6818
135/391 [=========>....................] - ETA: 1s - loss: 0.9098 - accuracy: 0.6799
149/391 [==========>...................] - ETA: 1s - loss: 0.9080 - accuracy: 0.6796
164/391 [===========>..................] - ETA: 1s - loss: 0.9127 - accuracy: 0.6791
179/391 [============>.................] - ETA: 0s - loss: 0.9168 - accuracy: 0.6773
193/391 [=============>................] - ETA: 0s - loss: 0.9195 - accuracy: 0.6769
208/391 [==============>...............] - ETA: 0s - loss: 0.9198 - accuracy: 0.6775
224/391 [================>.............] - ETA: 0s - loss: 0.9229 - accuracy: 0.6761
239/391 [=================>............] - ETA: 0s - loss: 0.9234 - accuracy: 0.6763
256/391 [==================>...........] - ETA: 0s - loss: 0.9242 - accuracy: 0.6763
273/391 [===================>..........] - ETA: 0s - loss: 0.9253 - accuracy: 0.6770
286/391 [====================>.........] - ETA: 0s - loss: 0.9295 - accuracy: 0.6764
299/391 [=====================>........] - ETA: 0s - loss: 0.9316 - accuracy: 0.6758
313/391 [=======================>......] - ETA: 0s - loss: 0.9303 - accuracy: 0.6761
327/391 [========================>.....] - ETA: 0s - loss: 0.9315 - accuracy: 0.6757
340/391 [=========================>....] - ETA: 0s - loss: 0.9312 - accuracy: 0.6754
354/391 [==========================>...] - ETA: 0s - loss: 0.9325 - accuracy: 0.6751
368/391 [===========================>..] - ETA: 0s - loss: 0.9328 - accuracy: 0.6746
382/391 [============================>.] - ETA: 0s - loss: 0.9344 - accuracy: 0.6741
391/391 [==============================] - 2s 6ms/step - loss: 0.9359 - accuracy: 0.6734 - val_loss: 1.0840 - val_accuracy: 0.6327
Epoch 17/176

  1/391 [..............................] - ETA: 0s - loss: 0.8736 - accuracy: 0.7422
 11/391 [..............................] - ETA: 2s - loss: 0.8159 - accuracy: 0.7116
 22/391 [>.............................] - ETA: 1s - loss: 0.8444 - accuracy: 0.6992
 35/391 [=>............................] - ETA: 1s - loss: 0.8529 - accuracy: 0.6931
 48/391 [==>...........................] - ETA: 1s - loss: 0.8782 - accuracy: 0.6877
 60/391 [===>..........................] - ETA: 1s - loss: 0.8787 - accuracy: 0.6871
 73/391 [====>.........................] - ETA: 1s - loss: 0.8738 - accuracy: 0.6886
 86/391 [=====>........................] - ETA: 1s - loss: 0.8857 - accuracy: 0.6850
101/391 [======>.......................] - ETA: 1s - loss: 0.8876 - accuracy: 0.6855
114/391 [=======>......................] - ETA: 1s - loss: 0.8900 - accuracy: 0.6867
128/391 [========>.....................] - ETA: 1s - loss: 0.8967 - accuracy: 0.6844
141/391 [=========>....................] - ETA: 1s - loss: 0.8935 - accuracy: 0.6862
155/391 [==========>...................] - ETA: 1s - loss: 0.8967 - accuracy: 0.6855
169/391 [===========>..................] - ETA: 1s - loss: 0.9002 - accuracy: 0.6843
183/391 [=============>................] - ETA: 0s - loss: 0.9017 - accuracy: 0.6830
196/391 [==============>...............] - ETA: 0s - loss: 0.9061 - accuracy: 0.6814
210/391 [===============>..............] - ETA: 0s - loss: 0.9055 - accuracy: 0.6820
226/391 [================>.............] - ETA: 0s - loss: 0.9069 - accuracy: 0.6825
241/391 [=================>............] - ETA: 0s - loss: 0.9083 - accuracy: 0.6820
257/391 [==================>...........] - ETA: 0s - loss: 0.9088 - accuracy: 0.6814
272/391 [===================>..........] - ETA: 0s - loss: 0.9123 - accuracy: 0.6802
288/391 [=====================>........] - ETA: 0s - loss: 0.9118 - accuracy: 0.6805
305/391 [======================>.......] - ETA: 0s - loss: 0.9153 - accuracy: 0.6793
322/391 [=======================>......] - ETA: 0s - loss: 0.9179 - accuracy: 0.6782
336/391 [========================>.....] - ETA: 0s - loss: 0.9189 - accuracy: 0.6778
351/391 [=========================>....] - ETA: 0s - loss: 0.9189 - accuracy: 0.6776
364/391 [==========================>...] - ETA: 0s - loss: 0.9195 - accuracy: 0.6776
378/391 [============================>.] - ETA: 0s - loss: 0.9203 - accuracy: 0.6774
391/391 [==============================] - 2s 6ms/step - loss: 0.9201 - accuracy: 0.6776 - val_loss: 1.2348 - val_accuracy: 0.5861
Epoch 18/176

  1/391 [..............................] - ETA: 5s - loss: 1.0130 - accuracy: 0.7109
 14/391 [>.............................] - ETA: 1s - loss: 0.9245 - accuracy: 0.6858
 27/391 [=>............................] - ETA: 1s - loss: 0.9213 - accuracy: 0.6791
 40/391 [==>...........................] - ETA: 1s - loss: 0.9146 - accuracy: 0.6779
 54/391 [===>..........................] - ETA: 1s - loss: 0.9131 - accuracy: 0.6791
 68/391 [====>.........................] - ETA: 1s - loss: 0.9168 - accuracy: 0.6784
 82/391 [=====>........................] - ETA: 1s - loss: 0.9162 - accuracy: 0.6784
 95/391 [======>.......................] - ETA: 1s - loss: 0.9167 - accuracy: 0.6772
110/391 [=======>......................] - ETA: 1s - loss: 0.9164 - accuracy: 0.6782
124/391 [========>.....................] - ETA: 1s - loss: 0.9191 - accuracy: 0.6797
137/391 [=========>....................] - ETA: 1s - loss: 0.9147 - accuracy: 0.6809
151/391 [==========>...................] - ETA: 1s - loss: 0.9143 - accuracy: 0.6814
166/391 [===========>..................] - ETA: 1s - loss: 0.9174 - accuracy: 0.6812
180/391 [============>.................] - ETA: 0s - loss: 0.9179 - accuracy: 0.6801
194/391 [=============>................] - ETA: 0s - loss: 0.9185 - accuracy: 0.6806
208/391 [==============>...............] - ETA: 0s - loss: 0.9200 - accuracy: 0.6790
222/391 [================>.............] - ETA: 0s - loss: 0.9221 - accuracy: 0.6780
236/391 [=================>............] - ETA: 0s - loss: 0.9198 - accuracy: 0.6794
249/391 [==================>...........] - ETA: 0s - loss: 0.9204 - accuracy: 0.6793
264/391 [===================>..........] - ETA: 0s - loss: 0.9188 - accuracy: 0.6796
278/391 [====================>.........] - ETA: 0s - loss: 0.9165 - accuracy: 0.6804
294/391 [=====================>........] - ETA: 0s - loss: 0.9172 - accuracy: 0.6797
309/391 [======================>.......] - ETA: 0s - loss: 0.9173 - accuracy: 0.6797
325/391 [=======================>......] - ETA: 0s - loss: 0.9196 - accuracy: 0.6787
340/391 [=========================>....] - ETA: 0s - loss: 0.9186 - accuracy: 0.6786
356/391 [==========================>...] - ETA: 0s - loss: 0.9179 - accuracy: 0.6786
371/391 [===========================>..] - ETA: 0s - loss: 0.9206 - accuracy: 0.6778
386/391 [============================>.] - ETA: 0s - loss: 0.9211 - accuracy: 0.6775
391/391 [==============================] - 2s 6ms/step - loss: 0.9219 - accuracy: 0.6771 - val_loss: 1.2567 - val_accuracy: 0.5890
Epoch 19/176

  1/391 [..............................] - ETA: 6s - loss: 0.9087 - accuracy: 0.6719
 14/391 [>.............................] - ETA: 1s - loss: 0.8935 - accuracy: 0.6953
 27/391 [=>............................] - ETA: 1s - loss: 0.8846 - accuracy: 0.6944
 41/391 [==>...........................] - ETA: 1s - loss: 0.8981 - accuracy: 0.6860
 55/391 [===>..........................] - ETA: 1s - loss: 0.8902 - accuracy: 0.6888
 71/391 [====>.........................] - ETA: 1s - loss: 0.8905 - accuracy: 0.6873
 86/391 [=====>........................] - ETA: 1s - loss: 0.8851 - accuracy: 0.6893
 99/391 [======>.......................] - ETA: 1s - loss: 0.8879 - accuracy: 0.6878
113/391 [=======>......................] - ETA: 1s - loss: 0.8902 - accuracy: 0.6870
128/391 [========>.....................] - ETA: 1s - loss: 0.8945 - accuracy: 0.6855
143/391 [=========>....................] - ETA: 1s - loss: 0.9006 - accuracy: 0.6839
157/391 [===========>..................] - ETA: 1s - loss: 0.9003 - accuracy: 0.6844
170/391 [============>.................] - ETA: 0s - loss: 0.9029 - accuracy: 0.6826
184/391 [=============>................] - ETA: 0s - loss: 0.9011 - accuracy: 0.6837
199/391 [==============>...............] - ETA: 0s - loss: 0.8996 - accuracy: 0.6838
214/391 [===============>..............] - ETA: 0s - loss: 0.9021 - accuracy: 0.6826
227/391 [================>.............] - ETA: 0s - loss: 0.9048 - accuracy: 0.6816
243/391 [=================>............] - ETA: 0s - loss: 0.9063 - accuracy: 0.6817
256/391 [==================>...........] - ETA: 0s - loss: 0.9063 - accuracy: 0.6816
270/391 [===================>..........] - ETA: 0s - loss: 0.9084 - accuracy: 0.6820
283/391 [====================>.........] - ETA: 0s - loss: 0.9083 - accuracy: 0.6826
294/391 [=====================>........] - ETA: 0s - loss: 0.9104 - accuracy: 0.6823
309/391 [======================>.......] - ETA: 0s - loss: 0.9113 - accuracy: 0.6816
323/391 [=======================>......] - ETA: 0s - loss: 0.9111 - accuracy: 0.6815
337/391 [========================>.....] - ETA: 0s - loss: 0.9115 - accuracy: 0.6816
352/391 [==========================>...] - ETA: 0s - loss: 0.9133 - accuracy: 0.6809
366/391 [===========================>..] - ETA: 0s - loss: 0.9151 - accuracy: 0.6802
381/391 [============================>.] - ETA: 0s - loss: 0.9157 - accuracy: 0.6799
391/391 [==============================] - 2s 6ms/step - loss: 0.9160 - accuracy: 0.6802 - val_loss: 1.1200 - val_accuracy: 0.6292
Epoch 20/176

  1/391 [..............................] - ETA: 6s - loss: 0.7460 - accuracy: 0.7578
 14/391 [>.............................] - ETA: 1s - loss: 0.8833 - accuracy: 0.7003
 29/391 [=>............................] - ETA: 1s - loss: 0.8814 - accuracy: 0.6932
 44/391 [==>...........................] - ETA: 1s - loss: 0.8904 - accuracy: 0.6900
 59/391 [===>..........................] - ETA: 1s - loss: 0.8961 - accuracy: 0.6879
 74/391 [====>.........................] - ETA: 1s - loss: 0.8906 - accuracy: 0.6889
 88/391 [=====>........................] - ETA: 1s - loss: 0.8913 - accuracy: 0.6895
102/391 [======>.......................] - ETA: 1s - loss: 0.8968 - accuracy: 0.6883
117/391 [=======>......................] - ETA: 1s - loss: 0.8968 - accuracy: 0.6876
130/391 [========>.....................] - ETA: 1s - loss: 0.8944 - accuracy: 0.6877
143/391 [=========>....................] - ETA: 1s - loss: 0.8976 - accuracy: 0.6873
158/391 [===========>..................] - ETA: 1s - loss: 0.8946 - accuracy: 0.6877
172/391 [============>.................] - ETA: 0s - loss: 0.8956 - accuracy: 0.6872
186/391 [=============>................] - ETA: 0s - loss: 0.8970 - accuracy: 0.6863
200/391 [==============>...............] - ETA: 0s - loss: 0.8968 - accuracy: 0.6868
214/391 [===============>..............] - ETA: 0s - loss: 0.8966 - accuracy: 0.6868
229/391 [================>.............] - ETA: 0s - loss: 0.8964 - accuracy: 0.6870
242/391 [=================>............] - ETA: 0s - loss: 0.8951 - accuracy: 0.6880
256/391 [==================>...........] - ETA: 0s - loss: 0.8948 - accuracy: 0.6876
270/391 [===================>..........] - ETA: 0s - loss: 0.8963 - accuracy: 0.6875
284/391 [====================>.........] - ETA: 0s - loss: 0.8983 - accuracy: 0.6870
298/391 [=====================>........] - ETA: 0s - loss: 0.9006 - accuracy: 0.6866
312/391 [======================>.......] - ETA: 0s - loss: 0.9024 - accuracy: 0.6862
326/391 [========================>.....] - ETA: 0s - loss: 0.9039 - accuracy: 0.6856
340/391 [=========================>....] - ETA: 0s - loss: 0.9038 - accuracy: 0.6850
355/391 [==========================>...] - ETA: 0s - loss: 0.9040 - accuracy: 0.6844
369/391 [===========================>..] - ETA: 0s - loss: 0.9059 - accuracy: 0.6837
384/391 [============================>.] - ETA: 0s - loss: 0.9056 - accuracy: 0.6837
391/391 [==============================] - 2s 6ms/step - loss: 0.9064 - accuracy: 0.6836 - val_loss: 1.0614 - val_accuracy: 0.6378
Epoch 21/176

  1/391 [..............................] - ETA: 0s - loss: 0.9956 - accuracy: 0.6875
 13/391 [..............................] - ETA: 1s - loss: 0.8993 - accuracy: 0.6845
 29/391 [=>............................] - ETA: 1s - loss: 0.8967 - accuracy: 0.6905
 44/391 [==>...........................] - ETA: 1s - loss: 0.8843 - accuracy: 0.6937
 58/391 [===>..........................] - ETA: 1s - loss: 0.8983 - accuracy: 0.6872
 74/391 [====>.........................] - ETA: 1s - loss: 0.8991 - accuracy: 0.6857
 90/391 [=====>........................] - ETA: 1s - loss: 0.9000 - accuracy: 0.6872
106/391 [=======>......................] - ETA: 1s - loss: 0.9025 - accuracy: 0.6862
121/391 [========>.....................] - ETA: 1s - loss: 0.9005 - accuracy: 0.6866
134/391 [=========>....................] - ETA: 1s - loss: 0.9015 - accuracy: 0.6853
148/391 [==========>...................] - ETA: 1s - loss: 0.9050 - accuracy: 0.6833
162/391 [===========>..................] - ETA: 0s - loss: 0.9030 - accuracy: 0.6852
177/391 [============>.................] - ETA: 0s - loss: 0.9054 - accuracy: 0.6853
190/391 [=============>................] - ETA: 0s - loss: 0.9020 - accuracy: 0.6863
205/391 [==============>...............] - ETA: 0s - loss: 0.9049 - accuracy: 0.6846
218/391 [===============>..............] - ETA: 0s - loss: 0.9072 - accuracy: 0.6842
232/391 [================>.............] - ETA: 0s - loss: 0.9080 - accuracy: 0.6841
244/391 [=================>............] - ETA: 0s - loss: 0.9081 - accuracy: 0.6835
257/391 [==================>...........] - ETA: 0s - loss: 0.9081 - accuracy: 0.6836
270/391 [===================>..........] - ETA: 0s - loss: 0.9064 - accuracy: 0.6839
284/391 [====================>.........] - ETA: 0s - loss: 0.9065 - accuracy: 0.6842
299/391 [=====================>........] - ETA: 0s - loss: 0.9059 - accuracy: 0.6847
312/391 [======================>.......] - ETA: 0s - loss: 0.9040 - accuracy: 0.6852
326/391 [========================>.....] - ETA: 0s - loss: 0.9053 - accuracy: 0.6851
340/391 [=========================>....] - ETA: 0s - loss: 0.9066 - accuracy: 0.6849
351/391 [=========================>....] - ETA: 0s - loss: 0.9073 - accuracy: 0.6845
364/391 [==========================>...] - ETA: 0s - loss: 0.9069 - accuracy: 0.6847
379/391 [============================>.] - ETA: 0s - loss: 0.9077 - accuracy: 0.6846
391/391 [==============================] - 2s 6ms/step - loss: 0.9073 - accuracy: 0.6848 - val_loss: 1.0778 - val_accuracy: 0.6418
Epoch 21: early stopping

  1/313 [..............................] - ETA: 4s - loss: 0.7577 - accuracy: 0.7188
 30/313 [=>............................] - ETA: 0s - loss: 1.0768 - accuracy: 0.6354
 66/313 [=====>........................] - ETA: 0s - loss: 1.0866 - accuracy: 0.6373
103/313 [========>.....................] - ETA: 0s - loss: 1.0679 - accuracy: 0.6468
137/313 [============>.................] - ETA: 0s - loss: 1.0637 - accuracy: 0.6490
174/313 [===============>..............] - ETA: 0s - loss: 1.0614 - accuracy: 0.6478
209/313 [===================>..........] - ETA: 0s - loss: 1.0617 - accuracy: 0.6459
247/313 [======================>.......] - ETA: 0s - loss: 1.0684 - accuracy: 0.6450
284/313 [==========================>...] - ETA: 0s - loss: 1.0732 - accuracy: 0.6423
313/313 [==============================] - 1s 2ms/step - loss: 1.0778 - accuracy: 0.6418
