2024-06-26 04:09:44.753432: I tensorflow/core/platform/cpu_feature_guard.cc:193] This TensorFlow binary is optimized with oneAPI Deep Neural Network Library (oneDNN) to use the following CPU instructions in performance-critical operations:  AVX AVX2
To enable them in other operations, rebuild TensorFlow with the appropriate compiler flags.
2024-06-26 04:09:45.213698: I tensorflow/core/common_runtime/gpu/gpu_device.cc:1616] Created device /job:localhost/replica:0/task:0/device:GPU:0 with 6656 MB memory:  -> device: 0, name: NVIDIA GeForce RTX 4060 Ti, pci bus id: 0000:01:00.0, compute capability: 8.9
1 Physical GPUs, 1 Logical GPUs
Model: "sequential"
_________________________________________________________________
 Layer (type)                Output Shape              Param #   
=================================================================
 conv2d (Conv2D)             (None, 32, 32, 32)        896       
                                                                 
 dropout (Dropout)           (None, 32, 32, 32)        0         
                                                                 
 flatten (Flatten)           (None, 32768)             0         
                                                                 
 dense (Dense)               (None, 102)               3342438   
                                                                 
 dropout_1 (Dropout)         (None, 102)               0         
                                                                 
 dense_1 (Dense)             (None, 10)                1030      
                                                                 
=================================================================
Total params: 3,344,364
Trainable params: 3,344,364
Non-trainable params: 0
_________________________________________________________________
Taxa de aprendizado:  0.01 Num de épocas:  238 Tamanho do lote:  64 Dropout:  0.25486
Epoch 1/238
2024-06-26 04:09:46.248720: I tensorflow/stream_executor/cuda/cuda_dnn.cc:384] Loaded cuDNN version 8100
2024-06-26 04:09:46.891305: W tensorflow/stream_executor/gpu/redzone_allocator.cc:314] INTERNAL: ptxas exited with non-zero error code -1, output: 
Relying on driver to perform ptx compilation. 
Modify $PATH to customize ptxas location.
This message will be only logged once.
2024-06-26 04:09:47.424430: I tensorflow/stream_executor/cuda/cuda_blas.cc:1614] TensorFloat-32 will be used for the matrix multiplication. This will only be logged once.

  1/782 [..............................] - ETA: 27:56 - loss: 2.3607 - accuracy: 0.0938
 25/782 [..............................] - ETA: 1s - loss: 3.1360 - accuracy: 0.0988   
 48/782 [>.............................] - ETA: 1s - loss: 2.8871 - accuracy: 0.1022
 73/782 [=>............................] - ETA: 1s - loss: 2.7642 - accuracy: 0.1047
 98/782 [==>...........................] - ETA: 1s - loss: 2.7008 - accuracy: 0.1020
124/782 [===>..........................] - ETA: 1s - loss: 2.6542 - accuracy: 0.1019
149/782 [====>.........................] - ETA: 1s - loss: 2.6208 - accuracy: 0.1004
174/782 [=====>........................] - ETA: 1s - loss: 2.5966 - accuracy: 0.1022
199/782 [======>.......................] - ETA: 1s - loss: 2.5763 - accuracy: 0.1014
224/782 [=======>......................] - ETA: 1s - loss: 2.5587 - accuracy: 0.1017
249/782 [========>.....................] - ETA: 1s - loss: 2.5437 - accuracy: 0.1005
274/782 [=========>....................] - ETA: 1s - loss: 2.5294 - accuracy: 0.0989
299/782 [==========>...................] - ETA: 1s - loss: 2.5172 - accuracy: 0.1000
324/782 [===========>..................] - ETA: 1s - loss: 2.5069 - accuracy: 0.0995
349/782 [============>.................] - ETA: 1s - loss: 2.4993 - accuracy: 0.0991
374/782 [=============>................] - ETA: 1s - loss: 2.4930 - accuracy: 0.0991
400/782 [==============>...............] - ETA: 0s - loss: 2.4855 - accuracy: 0.0998
424/782 [===============>..............] - ETA: 0s - loss: 2.4813 - accuracy: 0.0998
449/782 [================>.............] - ETA: 0s - loss: 2.4766 - accuracy: 0.0996
475/782 [=================>............] - ETA: 0s - loss: 2.4730 - accuracy: 0.1001
501/782 [==================>...........] - ETA: 0s - loss: 2.4681 - accuracy: 0.0999
525/782 [===================>..........] - ETA: 0s - loss: 2.4659 - accuracy: 0.0995
551/782 [====================>.........] - ETA: 0s - loss: 2.4613 - accuracy: 0.0996
577/782 [=====================>........] - ETA: 0s - loss: 2.4568 - accuracy: 0.0999
602/782 [======================>.......] - ETA: 0s - loss: 2.4534 - accuracy: 0.0998
628/782 [=======================>......] - ETA: 0s - loss: 2.4514 - accuracy: 0.0994
653/782 [========================>.....] - ETA: 0s - loss: 2.4491 - accuracy: 0.0997
673/782 [========================>.....] - ETA: 0s - loss: 2.4465 - accuracy: 0.1001
698/782 [=========================>....] - ETA: 0s - loss: 2.4442 - accuracy: 0.1001
723/782 [==========================>...] - ETA: 0s - loss: 2.4431 - accuracy: 0.0993
748/782 [===========================>..] - ETA: 0s - loss: 2.4416 - accuracy: 0.0992
773/782 [============================>.] - ETA: 0s - loss: 2.4390 - accuracy: 0.0993
782/782 [==============================] - 5s 3ms/step - loss: 2.4389 - accuracy: 0.0992 - val_loss: 2.3711 - val_accuracy: 0.1000
Epoch 2/238

  1/782 [..............................] - ETA: 12s - loss: 2.4504 - accuracy: 0.1250
 24/782 [..............................] - ETA: 2s - loss: 2.3967 - accuracy: 0.0901 
 49/782 [>.............................] - ETA: 1s - loss: 2.3863 - accuracy: 0.0981
 74/782 [=>............................] - ETA: 1s - loss: 2.3792 - accuracy: 0.1009
 99/782 [==>...........................] - ETA: 1s - loss: 2.3838 - accuracy: 0.1026
125/782 [===>..........................] - ETA: 1s - loss: 2.3968 - accuracy: 0.1010
150/782 [====>.........................] - ETA: 1s - loss: 2.3984 - accuracy: 0.0998
175/782 [=====>........................] - ETA: 1s - loss: 2.3990 - accuracy: 0.0991
200/782 [======>.......................] - ETA: 1s - loss: 2.4047 - accuracy: 0.0991
226/782 [=======>......................] - ETA: 1s - loss: 2.4097 - accuracy: 0.0974
250/782 [========>.....................] - ETA: 1s - loss: 2.4083 - accuracy: 0.0965
276/782 [=========>....................] - ETA: 1s - loss: 2.4071 - accuracy: 0.0974
300/782 [==========>...................] - ETA: 1s - loss: 2.4053 - accuracy: 0.0976
325/782 [===========>..................] - ETA: 1s - loss: 2.4046 - accuracy: 0.0978
351/782 [============>.................] - ETA: 1s - loss: 2.4027 - accuracy: 0.0976
375/782 [=============>................] - ETA: 1s - loss: 2.4018 - accuracy: 0.0975
399/782 [==============>...............] - ETA: 0s - loss: 2.4023 - accuracy: 0.0970
424/782 [===============>..............] - ETA: 0s - loss: 2.4026 - accuracy: 0.0972
450/782 [================>.............] - ETA: 0s - loss: 2.4035 - accuracy: 0.0967
476/782 [=================>............] - ETA: 0s - loss: 2.4029 - accuracy: 0.0966
502/782 [==================>...........] - ETA: 0s - loss: 2.4033 - accuracy: 0.0964
526/782 [===================>..........] - ETA: 0s - loss: 2.4028 - accuracy: 0.0966
551/782 [====================>.........] - ETA: 0s - loss: 2.4019 - accuracy: 0.0972
576/782 [=====================>........] - ETA: 0s - loss: 2.4023 - accuracy: 0.0971
601/782 [======================>.......] - ETA: 0s - loss: 2.4027 - accuracy: 0.0973
626/782 [=======================>......] - ETA: 0s - loss: 2.4023 - accuracy: 0.0974
651/782 [=======================>......] - ETA: 0s - loss: 2.4018 - accuracy: 0.0971
673/782 [========================>.....] - ETA: 0s - loss: 2.4014 - accuracy: 0.0968
696/782 [=========================>....] - ETA: 0s - loss: 2.4020 - accuracy: 0.0966
721/782 [==========================>...] - ETA: 0s - loss: 2.4009 - accuracy: 0.0967
746/782 [===========================>..] - ETA: 0s - loss: 2.3997 - accuracy: 0.0966
771/782 [============================>.] - ETA: 0s - loss: 2.4004 - accuracy: 0.0967
782/782 [==============================] - 2s 3ms/step - loss: 2.4005 - accuracy: 0.0968 - val_loss: 2.4217 - val_accuracy: 0.1000
Epoch 3/238

  1/782 [..............................] - ETA: 0s - loss: 2.4182 - accuracy: 0.0938
 21/782 [..............................] - ETA: 2s - loss: 2.4162 - accuracy: 0.0967
 45/782 [>.............................] - ETA: 2s - loss: 2.4180 - accuracy: 0.1000
 71/782 [=>............................] - ETA: 1s - loss: 2.4073 - accuracy: 0.1026
 95/782 [==>...........................] - ETA: 1s - loss: 2.4085 - accuracy: 0.1030
120/782 [===>..........................] - ETA: 1s - loss: 2.4040 - accuracy: 0.1018
145/782 [====>.........................] - ETA: 1s - loss: 2.4023 - accuracy: 0.1011
170/782 [=====>........................] - ETA: 1s - loss: 2.4044 - accuracy: 0.1004
194/782 [======>.......................] - ETA: 1s - loss: 2.4054 - accuracy: 0.1000
219/782 [=======>......................] - ETA: 1s - loss: 2.4029 - accuracy: 0.0983
245/782 [========>.....................] - ETA: 1s - loss: 2.4013 - accuracy: 0.0978
268/782 [=========>....................] - ETA: 1s - loss: 2.4007 - accuracy: 0.0979
290/782 [==========>...................] - ETA: 1s - loss: 2.3987 - accuracy: 0.0978
314/782 [===========>..................] - ETA: 1s - loss: 2.3975 - accuracy: 0.0987
338/782 [===========>..................] - ETA: 1s - loss: 2.3970 - accuracy: 0.0985
362/782 [============>.................] - ETA: 1s - loss: 2.3941 - accuracy: 0.0988
387/782 [=============>................] - ETA: 1s - loss: 2.3946 - accuracy: 0.0987
412/782 [==============>...............] - ETA: 0s - loss: 2.3938 - accuracy: 0.0986
436/782 [===============>..............] - ETA: 0s - loss: 2.3929 - accuracy: 0.0990
460/782 [================>.............] - ETA: 0s - loss: 2.3926 - accuracy: 0.0989
484/782 [=================>............] - ETA: 0s - loss: 2.3936 - accuracy: 0.0992
508/782 [==================>...........] - ETA: 0s - loss: 2.3942 - accuracy: 0.0992
534/782 [===================>..........] - ETA: 0s - loss: 2.3944 - accuracy: 0.0990
554/782 [====================>.........] - ETA: 0s - loss: 2.3935 - accuracy: 0.0996
577/782 [=====================>........] - ETA: 0s - loss: 2.3924 - accuracy: 0.0997
602/782 [======================>.......] - ETA: 0s - loss: 2.3935 - accuracy: 0.0997
627/782 [=======================>......] - ETA: 0s - loss: 2.3939 - accuracy: 0.0996
651/782 [=======================>......] - ETA: 0s - loss: 2.3940 - accuracy: 0.0993
676/782 [========================>.....] - ETA: 0s - loss: 2.3936 - accuracy: 0.0993
701/782 [=========================>....] - ETA: 0s - loss: 2.3937 - accuracy: 0.0990
725/782 [==========================>...] - ETA: 0s - loss: 2.3952 - accuracy: 0.0994
750/782 [===========================>..] - ETA: 0s - loss: 2.3977 - accuracy: 0.0990
774/782 [============================>.] - ETA: 0s - loss: 2.3979 - accuracy: 0.0985
782/782 [==============================] - 2s 3ms/step - loss: 2.3981 - accuracy: 0.0987 - val_loss: 2.4306 - val_accuracy: 0.1000
Epoch 4/238

  1/782 [..............................] - ETA: 0s - loss: 2.4245 - accuracy: 0.1250
 21/782 [..............................] - ETA: 2s - loss: 2.4191 - accuracy: 0.0930
 48/782 [>.............................] - ETA: 1s - loss: 2.4012 - accuracy: 0.0980
 73/782 [=>............................] - ETA: 1s - loss: 2.3915 - accuracy: 0.1012
 98/782 [==>...........................] - ETA: 1s - loss: 2.3842 - accuracy: 0.1038
124/782 [===>..........................] - ETA: 1s - loss: 2.3874 - accuracy: 0.1003
149/782 [====>.........................] - ETA: 1s - loss: 2.3872 - accuracy: 0.0995
174/782 [=====>........................] - ETA: 1s - loss: 2.3864 - accuracy: 0.0984
199/782 [======>.......................] - ETA: 1s - loss: 2.3864 - accuracy: 0.0990
224/782 [=======>......................] - ETA: 1s - loss: 2.3858 - accuracy: 0.0989
241/782 [========>.....................] - ETA: 1s - loss: 2.3861 - accuracy: 0.0995
254/782 [========>.....................] - ETA: 1s - loss: 2.3867 - accuracy: 0.0990
270/782 [=========>....................] - ETA: 1s - loss: 2.3870 - accuracy: 0.0998
288/782 [==========>...................] - ETA: 1s - loss: 2.3867 - accuracy: 0.0999
307/782 [==========>...................] - ETA: 1s - loss: 2.3861 - accuracy: 0.0988
326/782 [===========>..................] - ETA: 1s - loss: 2.3868 - accuracy: 0.0989
351/782 [============>.................] - ETA: 1s - loss: 2.3864 - accuracy: 0.0992
375/782 [=============>................] - ETA: 1s - loss: 2.3882 - accuracy: 0.0993
401/782 [==============>...............] - ETA: 1s - loss: 2.3885 - accuracy: 0.0989
426/782 [===============>..............] - ETA: 0s - loss: 2.3878 - accuracy: 0.0985
452/782 [================>.............] - ETA: 0s - loss: 2.3872 - accuracy: 0.0977
476/782 [=================>............] - ETA: 0s - loss: 2.3865 - accuracy: 0.0979
501/782 [==================>...........] - ETA: 0s - loss: 2.3863 - accuracy: 0.0977
526/782 [===================>..........] - ETA: 0s - loss: 2.3870 - accuracy: 0.0978
550/782 [====================>.........] - ETA: 0s - loss: 2.3873 - accuracy: 0.0979
575/782 [=====================>........] - ETA: 0s - loss: 2.3876 - accuracy: 0.0979
600/782 [======================>.......] - ETA: 0s - loss: 2.3889 - accuracy: 0.0974
625/782 [======================>.......] - ETA: 0s - loss: 2.3899 - accuracy: 0.0976
650/782 [=======================>......] - ETA: 0s - loss: 2.3905 - accuracy: 0.0974
675/782 [========================>.....] - ETA: 0s - loss: 2.3905 - accuracy: 0.0974
700/782 [=========================>....] - ETA: 0s - loss: 2.3896 - accuracy: 0.0973
725/782 [==========================>...] - ETA: 0s - loss: 2.3892 - accuracy: 0.0978
750/782 [===========================>..] - ETA: 0s - loss: 2.3893 - accuracy: 0.0976
774/782 [============================>.] - ETA: 0s - loss: 2.3886 - accuracy: 0.0980
782/782 [==============================] - 2s 3ms/step - loss: 2.3894 - accuracy: 0.0981 - val_loss: 2.4242 - val_accuracy: 0.1000
Epoch 5/238

  1/782 [..............................] - ETA: 0s - loss: 2.4324 - accuracy: 0.1250
 21/782 [..............................] - ETA: 2s - loss: 2.4041 - accuracy: 0.1168
 41/782 [>.............................] - ETA: 2s - loss: 2.4026 - accuracy: 0.1098
 61/782 [=>............................] - ETA: 2s - loss: 2.4048 - accuracy: 0.1066
 83/782 [==>...........................] - ETA: 2s - loss: 2.4034 - accuracy: 0.1066
109/782 [===>..........................] - ETA: 1s - loss: 2.4021 - accuracy: 0.1026
135/782 [====>.........................] - ETA: 1s - loss: 2.4053 - accuracy: 0.1010
161/782 [=====>........................] - ETA: 1s - loss: 2.4030 - accuracy: 0.1005
185/782 [======>.......................] - ETA: 1s - loss: 2.3967 - accuracy: 0.1005
210/782 [=======>......................] - ETA: 1s - loss: 2.3967 - accuracy: 0.0995
235/782 [========>.....................] - ETA: 1s - loss: 2.3967 - accuracy: 0.0992
261/782 [=========>....................] - ETA: 1s - loss: 2.3948 - accuracy: 0.0993
286/782 [=========>....................] - ETA: 1s - loss: 2.3949 - accuracy: 0.0999
311/782 [==========>...................] - ETA: 1s - loss: 2.3937 - accuracy: 0.0993
336/782 [===========>..................] - ETA: 1s - loss: 2.3944 - accuracy: 0.1004
360/782 [============>.................] - ETA: 1s - loss: 2.3960 - accuracy: 0.1011
386/782 [=============>................] - ETA: 1s - loss: 2.3938 - accuracy: 0.1009
411/782 [==============>...............] - ETA: 0s - loss: 2.3936 - accuracy: 0.1003
437/782 [===============>..............] - ETA: 0s - loss: 2.3920 - accuracy: 0.0997
462/782 [================>.............] - ETA: 0s - loss: 2.3913 - accuracy: 0.1000
488/782 [=================>............] - ETA: 0s - loss: 2.3925 - accuracy: 0.1004
513/782 [==================>...........] - ETA: 0s - loss: 2.3919 - accuracy: 0.1005
538/782 [===================>..........] - ETA: 0s - loss: 2.3924 - accuracy: 0.1005
563/782 [====================>.........] - ETA: 0s - loss: 2.3929 - accuracy: 0.1012
589/782 [=====================>........] - ETA: 0s - loss: 2.3924 - accuracy: 0.1009
614/782 [======================>.......] - ETA: 0s - loss: 2.3931 - accuracy: 0.1010
639/782 [=======================>......] - ETA: 0s - loss: 2.3936 - accuracy: 0.1011
665/782 [========================>.....] - ETA: 0s - loss: 2.3934 - accuracy: 0.1007
690/782 [=========================>....] - ETA: 0s - loss: 2.3934 - accuracy: 0.1003
715/782 [==========================>...] - ETA: 0s - loss: 2.3942 - accuracy: 0.1001
739/782 [===========================>..] - ETA: 0s - loss: 2.3937 - accuracy: 0.1001
764/782 [============================>.] - ETA: 0s - loss: 2.3950 - accuracy: 0.0998
782/782 [==============================] - 2s 3ms/step - loss: 2.3950 - accuracy: 0.0998 - val_loss: 2.3424 - val_accuracy: 0.1000
Epoch 6/238

  1/782 [..............................] - ETA: 12s - loss: 2.4358 - accuracy: 0.0625
 24/782 [..............................] - ETA: 2s - loss: 2.4037 - accuracy: 0.0957 
 49/782 [>.............................] - ETA: 1s - loss: 2.4029 - accuracy: 0.1014
 74/782 [=>............................] - ETA: 1s - loss: 2.3916 - accuracy: 0.0980
 99/782 [==>...........................] - ETA: 1s - loss: 2.3855 - accuracy: 0.1018
124/782 [===>..........................] - ETA: 1s - loss: 2.3827 - accuracy: 0.1008
149/782 [====>.........................] - ETA: 1s - loss: 2.3850 - accuracy: 0.1012
175/782 [=====>........................] - ETA: 1s - loss: 2.3858 - accuracy: 0.1021
200/782 [======>.......................] - ETA: 1s - loss: 2.3866 - accuracy: 0.1032
224/782 [=======>......................] - ETA: 1s - loss: 2.3860 - accuracy: 0.1039
249/782 [========>.....................] - ETA: 1s - loss: 2.3861 - accuracy: 0.1029
273/782 [=========>....................] - ETA: 1s - loss: 2.3870 - accuracy: 0.1042
299/782 [==========>...................] - ETA: 1s - loss: 2.3876 - accuracy: 0.1042
324/782 [===========>..................] - ETA: 1s - loss: 2.3873 - accuracy: 0.1038
344/782 [============>.................] - ETA: 1s - loss: 2.3878 - accuracy: 0.1040
368/782 [=============>................] - ETA: 1s - loss: 2.3894 - accuracy: 0.1041
393/782 [==============>...............] - ETA: 0s - loss: 2.3915 - accuracy: 0.1035
417/782 [==============>...............] - ETA: 0s - loss: 2.3919 - accuracy: 0.1036
443/782 [===============>..............] - ETA: 0s - loss: 2.3919 - accuracy: 0.1031
467/782 [================>.............] - ETA: 0s - loss: 2.3921 - accuracy: 0.1034
492/782 [=================>............] - ETA: 0s - loss: 2.3924 - accuracy: 0.1038
516/782 [==================>...........] - ETA: 0s - loss: 2.3927 - accuracy: 0.1035
540/782 [===================>..........] - ETA: 0s - loss: 2.3944 - accuracy: 0.1035
565/782 [====================>.........] - ETA: 0s - loss: 2.3981 - accuracy: 0.1031
590/782 [=====================>........] - ETA: 0s - loss: 2.3988 - accuracy: 0.1024
615/782 [======================>.......] - ETA: 0s - loss: 2.3994 - accuracy: 0.1019
640/782 [=======================>......] - ETA: 0s - loss: 2.3989 - accuracy: 0.1015
664/782 [========================>.....] - ETA: 0s - loss: 2.3982 - accuracy: 0.1016
689/782 [=========================>....] - ETA: 0s - loss: 2.3983 - accuracy: 0.1012
713/782 [==========================>...] - ETA: 0s - loss: 2.3995 - accuracy: 0.1012
738/782 [===========================>..] - ETA: 0s - loss: 2.3994 - accuracy: 0.1013
758/782 [============================>.] - ETA: 0s - loss: 2.3989 - accuracy: 0.1016
782/782 [==============================] - ETA: 0s - loss: 2.3985 - accuracy: 0.1011
782/782 [==============================] - 2s 3ms/step - loss: 2.3985 - accuracy: 0.1011 - val_loss: 2.3410 - val_accuracy: 0.1000
Epoch 7/238

  1/782 [..............................] - ETA: 10s - loss: 2.3995 - accuracy: 0.0781
 18/782 [..............................] - ETA: 2s - loss: 2.3767 - accuracy: 0.0972 
 40/782 [>.............................] - ETA: 2s - loss: 2.3877 - accuracy: 0.0957
 65/782 [=>............................] - ETA: 1s - loss: 2.3879 - accuracy: 0.0964
 90/782 [==>...........................] - ETA: 1s - loss: 2.3896 - accuracy: 0.1000
114/782 [===>..........................] - ETA: 1s - loss: 2.3893 - accuracy: 0.1031
138/782 [====>.........................] - ETA: 1s - loss: 2.3938 - accuracy: 0.1028
162/782 [=====>........................] - ETA: 1s - loss: 2.3974 - accuracy: 0.1012
186/782 [======>.......................] - ETA: 1s - loss: 2.3979 - accuracy: 0.1004
211/782 [=======>......................] - ETA: 1s - loss: 2.3970 - accuracy: 0.1001
236/782 [========>.....................] - ETA: 1s - loss: 2.3965 - accuracy: 0.0995
259/782 [========>.....................] - ETA: 1s - loss: 2.3989 - accuracy: 0.0995
285/782 [=========>....................] - ETA: 1s - loss: 2.3985 - accuracy: 0.0999
305/782 [==========>...................] - ETA: 1s - loss: 2.3973 - accuracy: 0.1008
327/782 [===========>..................] - ETA: 1s - loss: 2.3982 - accuracy: 0.1009
352/782 [============>.................] - ETA: 1s - loss: 2.3968 - accuracy: 0.1005
375/782 [=============>................] - ETA: 1s - loss: 2.3975 - accuracy: 0.1007
395/782 [==============>...............] - ETA: 1s - loss: 2.3971 - accuracy: 0.1003
419/782 [===============>..............] - ETA: 0s - loss: 2.3964 - accuracy: 0.1009
443/782 [===============>..............] - ETA: 0s - loss: 2.3955 - accuracy: 0.1008
468/782 [================>.............] - ETA: 0s - loss: 2.3966 - accuracy: 0.1012
487/782 [=================>............] - ETA: 0s - loss: 2.3968 - accuracy: 0.1008
511/782 [==================>...........] - ETA: 0s - loss: 2.3971 - accuracy: 0.1007
535/782 [===================>..........] - ETA: 0s - loss: 2.3969 - accuracy: 0.1007
559/782 [====================>.........] - ETA: 0s - loss: 2.3981 - accuracy: 0.1008
583/782 [=====================>........] - ETA: 0s - loss: 2.3995 - accuracy: 0.1011
608/782 [======================>.......] - ETA: 0s - loss: 2.3994 - accuracy: 0.1013
632/782 [=======================>......] - ETA: 0s - loss: 2.3987 - accuracy: 0.1016
656/782 [========================>.....] - ETA: 0s - loss: 2.3986 - accuracy: 0.1018
675/782 [========================>.....] - ETA: 0s - loss: 2.3981 - accuracy: 0.1016
700/782 [=========================>....] - ETA: 0s - loss: 2.3980 - accuracy: 0.1015
722/782 [==========================>...] - ETA: 0s - loss: 2.3980 - accuracy: 0.1014
743/782 [===========================>..] - ETA: 0s - loss: 2.3976 - accuracy: 0.1016
767/782 [============================>.] - ETA: 0s - loss: 2.3967 - accuracy: 0.1017
782/782 [==============================] - 2s 3ms/step - loss: 2.3962 - accuracy: 0.1018 - val_loss: 2.3834 - val_accuracy: 0.1000
Epoch 8/238

  1/782 [..............................] - ETA: 0s - loss: 2.4211 - accuracy: 0.0938
 20/782 [..............................] - ETA: 2s - loss: 2.3867 - accuracy: 0.0953
 39/782 [>.............................] - ETA: 2s - loss: 2.3777 - accuracy: 0.0974
 63/782 [=>............................] - ETA: 2s - loss: 2.3847 - accuracy: 0.0970
 84/782 [==>...........................] - ETA: 1s - loss: 2.3868 - accuracy: 0.0999
105/782 [===>..........................] - ETA: 1s - loss: 2.3884 - accuracy: 0.1003
130/782 [===>..........................] - ETA: 1s - loss: 2.3869 - accuracy: 0.1001
154/782 [====>.........................] - ETA: 1s - loss: 2.3876 - accuracy: 0.0997
179/782 [=====>........................] - ETA: 1s - loss: 2.3936 - accuracy: 0.0995
203/782 [======>.......................] - ETA: 1s - loss: 2.3964 - accuracy: 0.1005
227/782 [=======>......................] - ETA: 1s - loss: 2.3940 - accuracy: 0.1007
253/782 [========>.....................] - ETA: 1s - loss: 2.3959 - accuracy: 0.0998
278/782 [=========>....................] - ETA: 1s - loss: 2.3963 - accuracy: 0.0998
303/782 [==========>...................] - ETA: 1s - loss: 2.3948 - accuracy: 0.1010
327/782 [===========>..................] - ETA: 1s - loss: 2.3948 - accuracy: 0.0998
353/782 [============>.................] - ETA: 1s - loss: 2.3961 - accuracy: 0.0990
373/782 [=============>................] - ETA: 1s - loss: 2.3949 - accuracy: 0.0990
395/782 [==============>...............] - ETA: 1s - loss: 2.3942 - accuracy: 0.0981
420/782 [===============>..............] - ETA: 0s - loss: 2.3950 - accuracy: 0.0978
445/782 [================>.............] - ETA: 0s - loss: 2.3956 - accuracy: 0.0978
465/782 [================>.............] - ETA: 0s - loss: 2.3953 - accuracy: 0.0985
489/782 [=================>............] - ETA: 0s - loss: 2.3951 - accuracy: 0.0991
514/782 [==================>...........] - ETA: 0s - loss: 2.3966 - accuracy: 0.0991
538/782 [===================>..........] - ETA: 0s - loss: 2.3971 - accuracy: 0.0993
563/782 [====================>.........] - ETA: 0s - loss: 2.3973 - accuracy: 0.0991
583/782 [=====================>........] - ETA: 0s - loss: 2.3984 - accuracy: 0.0991
605/782 [======================>.......] - ETA: 0s - loss: 2.3992 - accuracy: 0.0993
628/782 [=======================>......] - ETA: 0s - loss: 2.4001 - accuracy: 0.0998
649/782 [=======================>......] - ETA: 0s - loss: 2.4014 - accuracy: 0.1000
674/782 [========================>.....] - ETA: 0s - loss: 2.4028 - accuracy: 0.1001
698/782 [=========================>....] - ETA: 0s - loss: 2.4032 - accuracy: 0.0996
723/782 [==========================>...] - ETA: 0s - loss: 2.4026 - accuracy: 0.0995
744/782 [===========================>..] - ETA: 0s - loss: 2.4022 - accuracy: 0.0996
769/782 [============================>.] - ETA: 0s - loss: 2.4014 - accuracy: 0.0993
782/782 [==============================] - 2s 3ms/step - loss: 2.4009 - accuracy: 0.0995 - val_loss: 2.3476 - val_accuracy: 0.1000
Epoch 9/238

  1/782 [..............................] - ETA: 0s - loss: 2.3652 - accuracy: 0.0781
 19/782 [..............................] - ETA: 2s - loss: 2.3889 - accuracy: 0.1053
 44/782 [>.............................] - ETA: 2s - loss: 2.3932 - accuracy: 0.1051
 69/782 [=>............................] - ETA: 1s - loss: 2.3986 - accuracy: 0.0987
 95/782 [==>...........................] - ETA: 1s - loss: 2.4080 - accuracy: 0.0997
120/782 [===>..........................] - ETA: 1s - loss: 2.4036 - accuracy: 0.1023
145/782 [====>.........................] - ETA: 1s - loss: 2.4005 - accuracy: 0.1023
170/782 [=====>........................] - ETA: 1s - loss: 2.4038 - accuracy: 0.1005
195/782 [======>.......................] - ETA: 1s - loss: 2.4007 - accuracy: 0.1003
220/782 [=======>......................] - ETA: 1s - loss: 2.4020 - accuracy: 0.0988
244/782 [========>.....................] - ETA: 1s - loss: 2.4000 - accuracy: 0.0978
270/782 [=========>....................] - ETA: 1s - loss: 2.3974 - accuracy: 0.0985
294/782 [==========>...................] - ETA: 1s - loss: 2.3961 - accuracy: 0.0987
320/782 [===========>..................] - ETA: 1s - loss: 2.3980 - accuracy: 0.0984
345/782 [============>.................] - ETA: 1s - loss: 2.4000 - accuracy: 0.0976
369/782 [=============>................] - ETA: 1s - loss: 2.3997 - accuracy: 0.0977
394/782 [==============>...............] - ETA: 0s - loss: 2.4001 - accuracy: 0.0980
418/782 [===============>..............] - ETA: 0s - loss: 2.3996 - accuracy: 0.0980
445/782 [================>.............] - ETA: 0s - loss: 2.4006 - accuracy: 0.0980
470/782 [=================>............] - ETA: 0s - loss: 2.4008 - accuracy: 0.0986
497/782 [==================>...........] - ETA: 0s - loss: 2.3998 - accuracy: 0.0984
522/782 [===================>..........] - ETA: 0s - loss: 2.4002 - accuracy: 0.0984
547/782 [===================>..........] - ETA: 0s - loss: 2.4007 - accuracy: 0.0983
572/782 [====================>.........] - ETA: 0s - loss: 2.3996 - accuracy: 0.0976
597/782 [=====================>........] - ETA: 0s - loss: 2.3990 - accuracy: 0.0973
623/782 [======================>.......] - ETA: 0s - loss: 2.4003 - accuracy: 0.0967
648/782 [=======================>......] - ETA: 0s - loss: 2.3998 - accuracy: 0.0972
673/782 [========================>.....] - ETA: 0s - loss: 2.3992 - accuracy: 0.0971
698/782 [=========================>....] - ETA: 0s - loss: 2.3997 - accuracy: 0.0971
722/782 [==========================>...] - ETA: 0s - loss: 2.3997 - accuracy: 0.0970
746/782 [===========================>..] - ETA: 0s - loss: 2.3992 - accuracy: 0.0969
771/782 [============================>.] - ETA: 0s - loss: 2.3980 - accuracy: 0.0970
782/782 [==============================] - 2s 3ms/step - loss: 2.3979 - accuracy: 0.0972 - val_loss: 2.3703 - val_accuracy: 0.1000
Epoch 10/238

  1/782 [..............................] - ETA: 12s - loss: 2.4324 - accuracy: 0.0625
 25/782 [..............................] - ETA: 1s - loss: 2.4146 - accuracy: 0.0881 
 51/782 [>.............................] - ETA: 1s - loss: 2.3914 - accuracy: 0.0990
 78/782 [=>............................] - ETA: 1s - loss: 2.3881 - accuracy: 0.0996
104/782 [==>...........................] - ETA: 1s - loss: 2.3873 - accuracy: 0.1025
130/782 [===>..........................] - ETA: 1s - loss: 2.3888 - accuracy: 0.1002
156/782 [====>.........................] - ETA: 1s - loss: 2.3925 - accuracy: 0.1001
182/782 [=====>........................] - ETA: 1s - loss: 2.3929 - accuracy: 0.0985
207/782 [======>.......................] - ETA: 1s - loss: 2.3896 - accuracy: 0.0981
233/782 [=======>......................] - ETA: 1s - loss: 2.3898 - accuracy: 0.0988
258/782 [========>.....................] - ETA: 1s - loss: 2.3894 - accuracy: 0.0988
283/782 [=========>....................] - ETA: 1s - loss: 2.3903 - accuracy: 0.0984
308/782 [==========>...................] - ETA: 1s - loss: 2.3900 - accuracy: 0.0979
333/782 [===========>..................] - ETA: 1s - loss: 2.3892 - accuracy: 0.0985
359/782 [============>.................] - ETA: 1s - loss: 2.3891 - accuracy: 0.0980
379/782 [=============>................] - ETA: 0s - loss: 2.3916 - accuracy: 0.0984
403/782 [==============>...............] - ETA: 0s - loss: 2.3938 - accuracy: 0.0981
428/782 [===============>..............] - ETA: 0s - loss: 2.3936 - accuracy: 0.0981
453/782 [================>.............] - ETA: 0s - loss: 2.3937 - accuracy: 0.0985
478/782 [=================>............] - ETA: 0s - loss: 2.3956 - accuracy: 0.0984
503/782 [==================>...........] - ETA: 0s - loss: 2.3977 - accuracy: 0.0988
528/782 [===================>..........] - ETA: 0s - loss: 2.3978 - accuracy: 0.0986
553/782 [====================>.........] - ETA: 0s - loss: 2.3968 - accuracy: 0.0985
578/782 [=====================>........] - ETA: 0s - loss: 2.3960 - accuracy: 0.0978
602/782 [======================>.......] - ETA: 0s - loss: 2.3954 - accuracy: 0.0979
628/782 [=======================>......] - ETA: 0s - loss: 2.3951 - accuracy: 0.0975
652/782 [========================>.....] - ETA: 0s - loss: 2.3959 - accuracy: 0.0978
677/782 [========================>.....] - ETA: 0s - loss: 2.3952 - accuracy: 0.0979
702/782 [=========================>....] - ETA: 0s - loss: 2.3946 - accuracy: 0.0979
726/782 [==========================>...] - ETA: 0s - loss: 2.3949 - accuracy: 0.0978
751/782 [===========================>..] - ETA: 0s - loss: 2.3953 - accuracy: 0.0980
777/782 [============================>.] - ETA: 0s - loss: 2.3951 - accuracy: 0.0982
782/782 [==============================] - 2s 3ms/step - loss: 2.3953 - accuracy: 0.0982 - val_loss: 2.3445 - val_accuracy: 0.1000
Epoch 11/238

  1/782 [..............................] - ETA: 0s - loss: 2.3600 - accuracy: 0.1094
 20/782 [..............................] - ETA: 2s - loss: 2.4026 - accuracy: 0.1031
 45/782 [>.............................] - ETA: 2s - loss: 2.4027 - accuracy: 0.1028
 70/782 [=>............................] - ETA: 1s - loss: 2.3985 - accuracy: 0.1011
 96/782 [==>...........................] - ETA: 1s - loss: 2.3949 - accuracy: 0.1011
122/782 [===>..........................] - ETA: 1s - loss: 2.3905 - accuracy: 0.1007
148/782 [====>.........................] - ETA: 1s - loss: 2.3885 - accuracy: 0.1018
174/782 [=====>........................] - ETA: 1s - loss: 2.3889 - accuracy: 0.1019
198/782 [======>.......................] - ETA: 1s - loss: 2.3879 - accuracy: 0.1001
224/782 [=======>......................] - ETA: 1s - loss: 2.3885 - accuracy: 0.0995
250/782 [========>.....................] - ETA: 1s - loss: 2.3862 - accuracy: 0.0991
276/782 [=========>....................] - ETA: 1s - loss: 2.3871 - accuracy: 0.0995
301/782 [==========>...................] - ETA: 1s - loss: 2.3860 - accuracy: 0.0988
327/782 [===========>..................] - ETA: 1s - loss: 2.3855 - accuracy: 0.0983
353/782 [============>.................] - ETA: 1s - loss: 2.3865 - accuracy: 0.0986
379/782 [=============>................] - ETA: 1s - loss: 2.3887 - accuracy: 0.0987
403/782 [==============>...............] - ETA: 0s - loss: 2.3914 - accuracy: 0.0980
428/782 [===============>..............] - ETA: 0s - loss: 2.3927 - accuracy: 0.0983
453/782 [================>.............] - ETA: 0s - loss: 2.3931 - accuracy: 0.0986
479/782 [=================>............] - ETA: 0s - loss: 2.3930 - accuracy: 0.0984
504/782 [==================>...........] - ETA: 0s - loss: 2.3917 - accuracy: 0.0989
529/782 [===================>..........] - ETA: 0s - loss: 2.3910 - accuracy: 0.0990
554/782 [====================>.........] - ETA: 0s - loss: 2.3906 - accuracy: 0.0994
579/782 [=====================>........] - ETA: 0s - loss: 2.3917 - accuracy: 0.0993
605/782 [======================>.......] - ETA: 0s - loss: 2.3918 - accuracy: 0.0992
630/782 [=======================>......] - ETA: 0s - loss: 2.3916 - accuracy: 0.0993
655/782 [========================>.....] - ETA: 0s - loss: 2.3915 - accuracy: 0.0998
679/782 [=========================>....] - ETA: 0s - loss: 2.3921 - accuracy: 0.0996
704/782 [==========================>...] - ETA: 0s - loss: 2.3919 - accuracy: 0.0998
724/782 [==========================>...] - ETA: 0s - loss: 2.3917 - accuracy: 0.0999
747/782 [===========================>..] - ETA: 0s - loss: 2.3914 - accuracy: 0.0999
772/782 [============================>.] - ETA: 0s - loss: 2.3918 - accuracy: 0.0998
782/782 [==============================] - 2s 3ms/step - loss: 2.3919 - accuracy: 0.0998 - val_loss: 2.4289 - val_accuracy: 0.1000
Epoch 12/238

  1/782 [..............................] - ETA: 12s - loss: 2.4050 - accuracy: 0.0781
 22/782 [..............................] - ETA: 2s - loss: 2.3765 - accuracy: 0.1051 
 47/782 [>.............................] - ETA: 1s - loss: 2.3965 - accuracy: 0.0964
 73/782 [=>............................] - ETA: 1s - loss: 2.3856 - accuracy: 0.1030
 98/782 [==>...........................] - ETA: 1s - loss: 2.3881 - accuracy: 0.1004
123/782 [===>..........................] - ETA: 1s - loss: 2.3891 - accuracy: 0.0993
147/782 [====>.........................] - ETA: 1s - loss: 2.3895 - accuracy: 0.1014
172/782 [=====>........................] - ETA: 1s - loss: 2.3905 - accuracy: 0.0988
197/782 [======>.......................] - ETA: 1s - loss: 2.3903 - accuracy: 0.0988
223/782 [=======>......................] - ETA: 1s - loss: 2.3903 - accuracy: 0.0992
248/782 [========>.....................] - ETA: 1s - loss: 2.3874 - accuracy: 0.0989
274/782 [=========>....................] - ETA: 1s - loss: 2.3873 - accuracy: 0.0992
298/782 [==========>...................] - ETA: 1s - loss: 2.3922 - accuracy: 0.0997
325/782 [===========>..................] - ETA: 1s - loss: 2.3943 - accuracy: 0.0996
349/782 [============>.................] - ETA: 1s - loss: 2.3948 - accuracy: 0.1004
374/782 [=============>................] - ETA: 1s - loss: 2.3945 - accuracy: 0.1007
399/782 [==============>...............] - ETA: 0s - loss: 2.3955 - accuracy: 0.1015
423/782 [===============>..............] - ETA: 0s - loss: 2.3953 - accuracy: 0.1013
447/782 [================>.............] - ETA: 0s - loss: 2.3963 - accuracy: 0.1006
472/782 [=================>............] - ETA: 0s - loss: 2.3979 - accuracy: 0.1010
497/782 [==================>...........] - ETA: 0s - loss: 2.3991 - accuracy: 0.1007
521/782 [==================>...........] - ETA: 0s - loss: 2.3975 - accuracy: 0.1012
546/782 [===================>..........] - ETA: 0s - loss: 2.3975 - accuracy: 0.1012
571/782 [====================>.........] - ETA: 0s - loss: 2.3973 - accuracy: 0.1010
596/782 [=====================>........] - ETA: 0s - loss: 2.3966 - accuracy: 0.1009
621/782 [======================>.......] - ETA: 0s - loss: 2.3965 - accuracy: 0.1007
646/782 [=======================>......] - ETA: 0s - loss: 2.3978 - accuracy: 0.1006
671/782 [========================>.....] - ETA: 0s - loss: 2.3981 - accuracy: 0.1006
696/782 [=========================>....] - ETA: 0s - loss: 2.3977 - accuracy: 0.1003
721/782 [==========================>...] - ETA: 0s - loss: 2.3972 - accuracy: 0.0998
747/782 [===========================>..] - ETA: 0s - loss: 2.3964 - accuracy: 0.0998
772/782 [============================>.] - ETA: 0s - loss: 2.3960 - accuracy: 0.0997
782/782 [==============================] - 2s 3ms/step - loss: 2.3958 - accuracy: 0.0995 - val_loss: 2.3314 - val_accuracy: 0.1000
Epoch 13/238

  1/782 [..............................] - ETA: 12s - loss: 2.3076 - accuracy: 0.1562
 25/782 [..............................] - ETA: 1s - loss: 2.3829 - accuracy: 0.0956 
 50/782 [>.............................] - ETA: 1s - loss: 2.3849 - accuracy: 0.0984
 74/782 [=>............................] - ETA: 1s - loss: 2.3923 - accuracy: 0.0995
 99/782 [==>...........................] - ETA: 1s - loss: 2.3892 - accuracy: 0.1024
124/782 [===>..........................] - ETA: 1s - loss: 2.3926 - accuracy: 0.0990
149/782 [====>.........................] - ETA: 1s - loss: 2.3928 - accuracy: 0.0991
174/782 [=====>........................] - ETA: 1s - loss: 2.3920 - accuracy: 0.0974
199/782 [======>.......................] - ETA: 1s - loss: 2.3931 - accuracy: 0.0977
224/782 [=======>......................] - ETA: 1s - loss: 2.3920 - accuracy: 0.0976
249/782 [========>.....................] - ETA: 1s - loss: 2.3910 - accuracy: 0.0986
274/782 [=========>....................] - ETA: 1s - loss: 2.3910 - accuracy: 0.0983
300/782 [==========>...................] - ETA: 1s - loss: 2.3908 - accuracy: 0.0983
325/782 [===========>..................] - ETA: 1s - loss: 2.3915 - accuracy: 0.0978
350/782 [============>.................] - ETA: 1s - loss: 2.3935 - accuracy: 0.0995
376/782 [=============>................] - ETA: 1s - loss: 2.3936 - accuracy: 0.0993
400/782 [==============>...............] - ETA: 0s - loss: 2.3931 - accuracy: 0.0993
426/782 [===============>..............] - ETA: 0s - loss: 2.3944 - accuracy: 0.0981
451/782 [================>.............] - ETA: 0s - loss: 2.3962 - accuracy: 0.0982
474/782 [=================>............] - ETA: 0s - loss: 2.3979 - accuracy: 0.0986
499/782 [==================>...........] - ETA: 0s - loss: 2.3988 - accuracy: 0.0993
525/782 [===================>..........] - ETA: 0s - loss: 2.3975 - accuracy: 0.0999
549/782 [====================>.........] - ETA: 0s - loss: 2.3970 - accuracy: 0.0996
573/782 [====================>.........] - ETA: 0s - loss: 2.3969 - accuracy: 0.0997
598/782 [=====================>........] - ETA: 0s - loss: 2.3985 - accuracy: 0.0993
624/782 [======================>.......] - ETA: 0s - loss: 2.3984 - accuracy: 0.0995
650/782 [=======================>......] - ETA: 0s - loss: 2.3995 - accuracy: 0.0998
675/782 [========================>.....] - ETA: 0s - loss: 2.4001 - accuracy: 0.0997
701/782 [=========================>....] - ETA: 0s - loss: 2.4003 - accuracy: 0.1003
726/782 [==========================>...] - ETA: 0s - loss: 2.4001 - accuracy: 0.1003
745/782 [===========================>..] - ETA: 0s - loss: 2.3994 - accuracy: 0.1006
769/782 [============================>.] - ETA: 0s - loss: 2.3995 - accuracy: 0.1008
782/782 [==============================] - 2s 3ms/step - loss: 2.3994 - accuracy: 0.1007 - val_loss: 2.3424 - val_accuracy: 0.1000
Epoch 14/238

  1/782 [..............................] - ETA: 11s - loss: 2.4109 - accuracy: 0.0781
 24/782 [..............................] - ETA: 2s - loss: 2.3835 - accuracy: 0.0951 
 49/782 [>.............................] - ETA: 1s - loss: 2.3839 - accuracy: 0.0973
 74/782 [=>............................] - ETA: 1s - loss: 2.3789 - accuracy: 0.0952
100/782 [==>...........................] - ETA: 1s - loss: 2.3749 - accuracy: 0.0961
125/782 [===>..........................] - ETA: 1s - loss: 2.3794 - accuracy: 0.0975
151/782 [====>.........................] - ETA: 1s - loss: 2.3823 - accuracy: 0.0961
177/782 [=====>........................] - ETA: 1s - loss: 2.3848 - accuracy: 0.0967
202/782 [======>.......................] - ETA: 1s - loss: 2.3835 - accuracy: 0.0983
229/782 [=======>......................] - ETA: 1s - loss: 2.3878 - accuracy: 0.0981
254/782 [========>.....................] - ETA: 1s - loss: 2.3896 - accuracy: 0.0987
279/782 [=========>....................] - ETA: 1s - loss: 2.3911 - accuracy: 0.0992
306/782 [==========>...................] - ETA: 1s - loss: 2.3906 - accuracy: 0.0982
333/782 [===========>..................] - ETA: 1s - loss: 2.3914 - accuracy: 0.0982
357/782 [============>.................] - ETA: 1s - loss: 2.3932 - accuracy: 0.0992
383/782 [=============>................] - ETA: 0s - loss: 2.3919 - accuracy: 0.0986
408/782 [==============>...............] - ETA: 0s - loss: 2.3918 - accuracy: 0.0984
432/782 [===============>..............] - ETA: 0s - loss: 2.3920 - accuracy: 0.0983
457/782 [================>.............] - ETA: 0s - loss: 2.3923 - accuracy: 0.0980
482/782 [=================>............] - ETA: 0s - loss: 2.3934 - accuracy: 0.0981
507/782 [==================>...........] - ETA: 0s - loss: 2.3960 - accuracy: 0.0977
532/782 [===================>..........] - ETA: 0s - loss: 2.3966 - accuracy: 0.0981
557/782 [====================>.........] - ETA: 0s - loss: 2.3958 - accuracy: 0.0983
582/782 [=====================>........] - ETA: 0s - loss: 2.3960 - accuracy: 0.0985
602/782 [======================>.......] - ETA: 0s - loss: 2.3962 - accuracy: 0.0985
625/782 [======================>.......] - ETA: 0s - loss: 2.3958 - accuracy: 0.0983
651/782 [=======================>......] - ETA: 0s - loss: 2.3953 - accuracy: 0.0988
676/782 [========================>.....] - ETA: 0s - loss: 2.3956 - accuracy: 0.0986
700/782 [=========================>....] - ETA: 0s - loss: 2.3949 - accuracy: 0.0993
725/782 [==========================>...] - ETA: 0s - loss: 2.3945 - accuracy: 0.0991
750/782 [===========================>..] - ETA: 0s - loss: 2.3946 - accuracy: 0.0990
774/782 [============================>.] - ETA: 0s - loss: 2.3936 - accuracy: 0.0992
782/782 [==============================] - 2s 3ms/step - loss: 2.3934 - accuracy: 0.0993 - val_loss: 2.4223 - val_accuracy: 0.1000
Epoch 15/238

  1/782 [..............................] - ETA: 0s - loss: 2.3906 - accuracy: 0.0938
 21/782 [..............................] - ETA: 2s - loss: 2.3954 - accuracy: 0.1034
 47/782 [>.............................] - ETA: 1s - loss: 2.4018 - accuracy: 0.1027
 74/782 [=>............................] - ETA: 1s - loss: 2.4024 - accuracy: 0.0984
100/782 [==>...........................] - ETA: 1s - loss: 2.3912 - accuracy: 0.1009
126/782 [===>..........................] - ETA: 1s - loss: 2.3932 - accuracy: 0.1015
153/782 [====>.........................] - ETA: 1s - loss: 2.3965 - accuracy: 0.1007
178/782 [=====>........................] - ETA: 1s - loss: 2.3946 - accuracy: 0.1015
203/782 [======>.......................] - ETA: 1s - loss: 2.3919 - accuracy: 0.1025
228/782 [=======>......................] - ETA: 1s - loss: 2.3920 - accuracy: 0.1019
254/782 [========>.....................] - ETA: 1s - loss: 2.3906 - accuracy: 0.1009
280/782 [=========>....................] - ETA: 1s - loss: 2.3912 - accuracy: 0.1017
307/782 [==========>...................] - ETA: 1s - loss: 2.3911 - accuracy: 0.1012
332/782 [===========>..................] - ETA: 1s - loss: 2.3917 - accuracy: 0.1009
357/782 [============>.................] - ETA: 1s - loss: 2.3919 - accuracy: 0.1008
384/782 [=============>................] - ETA: 0s - loss: 2.3912 - accuracy: 0.1016
410/782 [==============>...............] - ETA: 0s - loss: 2.3912 - accuracy: 0.1008
435/782 [===============>..............] - ETA: 0s - loss: 2.3912 - accuracy: 0.1003
459/782 [================>.............] - ETA: 0s - loss: 2.3907 - accuracy: 0.1001
484/782 [=================>............] - ETA: 0s - loss: 2.3910 - accuracy: 0.1010
510/782 [==================>...........] - ETA: 0s - loss: 2.3908 - accuracy: 0.1007
535/782 [===================>..........] - ETA: 0s - loss: 2.3895 - accuracy: 0.1005
559/782 [====================>.........] - ETA: 0s - loss: 2.3895 - accuracy: 0.1010
584/782 [=====================>........] - ETA: 0s - loss: 2.3909 - accuracy: 0.1009
609/782 [======================>.......] - ETA: 0s - loss: 2.3904 - accuracy: 0.1010
635/782 [=======================>......] - ETA: 0s - loss: 2.3905 - accuracy: 0.1005
661/782 [========================>.....] - ETA: 0s - loss: 2.3894 - accuracy: 0.1003
687/782 [=========================>....] - ETA: 0s - loss: 2.3907 - accuracy: 0.0999
712/782 [==========================>...] - ETA: 0s - loss: 2.3903 - accuracy: 0.1000
737/782 [===========================>..] - ETA: 0s - loss: 2.3899 - accuracy: 0.0995
762/782 [============================>.] - ETA: 0s - loss: 2.3897 - accuracy: 0.0998
782/782 [==============================] - 2s 3ms/step - loss: 2.3895 - accuracy: 0.0999 - val_loss: 2.3650 - val_accuracy: 0.1000
Epoch 16/238

  1/782 [..............................] - ETA: 12s - loss: 2.4125 - accuracy: 0.0625
 24/782 [..............................] - ETA: 2s - loss: 2.4248 - accuracy: 0.0951 
 49/782 [>.............................] - ETA: 1s - loss: 2.3994 - accuracy: 0.0953
 73/782 [=>............................] - ETA: 1s - loss: 2.4101 - accuracy: 0.1004
 98/782 [==>...........................] - ETA: 1s - loss: 2.4136 - accuracy: 0.0974
122/782 [===>..........................] - ETA: 1s - loss: 2.4111 - accuracy: 0.0980
146/782 [====>.........................] - ETA: 1s - loss: 2.4071 - accuracy: 0.1002
171/782 [=====>........................] - ETA: 1s - loss: 2.4019 - accuracy: 0.0995
196/782 [======>.......................] - ETA: 1s - loss: 2.4033 - accuracy: 0.1000
220/782 [=======>......................] - ETA: 1s - loss: 2.4027 - accuracy: 0.1011
246/782 [========>.....................] - ETA: 1s - loss: 2.4012 - accuracy: 0.0993
273/782 [=========>....................] - ETA: 1s - loss: 2.3982 - accuracy: 0.0995
298/782 [==========>...................] - ETA: 1s - loss: 2.3968 - accuracy: 0.0998
325/782 [===========>..................] - ETA: 1s - loss: 2.3955 - accuracy: 0.1003
350/782 [============>.................] - ETA: 1s - loss: 2.3938 - accuracy: 0.1009
375/782 [=============>................] - ETA: 1s - loss: 2.3945 - accuracy: 0.1010
401/782 [==============>...............] - ETA: 0s - loss: 2.3947 - accuracy: 0.1002
427/782 [===============>..............] - ETA: 0s - loss: 2.3942 - accuracy: 0.1006
452/782 [================>.............] - ETA: 0s - loss: 2.3940 - accuracy: 0.1006
477/782 [=================>............] - ETA: 0s - loss: 2.3949 - accuracy: 0.1007
502/782 [==================>...........] - ETA: 0s - loss: 2.3961 - accuracy: 0.1011
526/782 [===================>..........] - ETA: 0s - loss: 2.3958 - accuracy: 0.1007
551/782 [====================>.........] - ETA: 0s - loss: 2.3949 - accuracy: 0.1011
576/782 [=====================>........] - ETA: 0s - loss: 2.3946 - accuracy: 0.1013
600/782 [======================>.......] - ETA: 0s - loss: 2.3955 - accuracy: 0.1017
624/782 [======================>.......] - ETA: 0s - loss: 2.3968 - accuracy: 0.1016
648/782 [=======================>......] - ETA: 0s - loss: 2.3981 - accuracy: 0.1016
673/782 [========================>.....] - ETA: 0s - loss: 2.3978 - accuracy: 0.1013
698/782 [=========================>....] - ETA: 0s - loss: 2.3978 - accuracy: 0.1012
724/782 [==========================>...] - ETA: 0s - loss: 2.3968 - accuracy: 0.1015
749/782 [===========================>..] - ETA: 0s - loss: 2.3966 - accuracy: 0.1011
773/782 [============================>.] - ETA: 0s - loss: 2.3959 - accuracy: 0.1013
782/782 [==============================] - 2s 3ms/step - loss: 2.3957 - accuracy: 0.1013 - val_loss: 2.3461 - val_accuracy: 0.1000
Epoch 17/238

  1/782 [..............................] - ETA: 12s - loss: 2.3337 - accuracy: 0.0938
 24/782 [..............................] - ETA: 2s - loss: 2.3807 - accuracy: 0.1009 
 49/782 [>.............................] - ETA: 1s - loss: 2.3858 - accuracy: 0.1020
 73/782 [=>............................] - ETA: 1s - loss: 2.3843 - accuracy: 0.1004
 99/782 [==>...........................] - ETA: 1s - loss: 2.3845 - accuracy: 0.1023
126/782 [===>..........................] - ETA: 1s - loss: 2.3856 - accuracy: 0.0998
150/782 [====>.........................] - ETA: 1s - loss: 2.3894 - accuracy: 0.1005
176/782 [=====>........................] - ETA: 1s - loss: 2.3922 - accuracy: 0.0989
201/782 [======>.......................] - ETA: 1s - loss: 2.3933 - accuracy: 0.0987
227/782 [=======>......................] - ETA: 1s - loss: 2.3947 - accuracy: 0.0980
253/782 [========>.....................] - ETA: 1s - loss: 2.3919 - accuracy: 0.0980
278/782 [=========>....................] - ETA: 1s - loss: 2.3931 - accuracy: 0.0982
303/782 [==========>...................] - ETA: 1s - loss: 2.3940 - accuracy: 0.0986
328/782 [===========>..................] - ETA: 1s - loss: 2.3967 - accuracy: 0.0982
354/782 [============>.................] - ETA: 1s - loss: 2.3959 - accuracy: 0.0985
378/782 [=============>................] - ETA: 1s - loss: 2.3967 - accuracy: 0.0992
404/782 [==============>...............] - ETA: 0s - loss: 2.3974 - accuracy: 0.0990
429/782 [===============>..............] - ETA: 0s - loss: 2.3966 - accuracy: 0.0989
454/782 [================>.............] - ETA: 0s - loss: 2.3954 - accuracy: 0.0983
479/782 [=================>............] - ETA: 0s - loss: 2.3975 - accuracy: 0.0978
504/782 [==================>...........] - ETA: 0s - loss: 2.3983 - accuracy: 0.0974
529/782 [===================>..........] - ETA: 0s - loss: 2.3985 - accuracy: 0.0977
554/782 [====================>.........] - ETA: 0s - loss: 2.3968 - accuracy: 0.0975
579/782 [=====================>........] - ETA: 0s - loss: 2.3964 - accuracy: 0.0980
605/782 [======================>.......] - ETA: 0s - loss: 2.3960 - accuracy: 0.0977
630/782 [=======================>......] - ETA: 0s - loss: 2.3966 - accuracy: 0.0974
655/782 [========================>.....] - ETA: 0s - loss: 2.3980 - accuracy: 0.0970
680/782 [=========================>....] - ETA: 0s - loss: 2.3981 - accuracy: 0.0971
705/782 [==========================>...] - ETA: 0s - loss: 2.3971 - accuracy: 0.0969
730/782 [===========================>..] - ETA: 0s - loss: 2.3969 - accuracy: 0.0970
756/782 [============================>.] - ETA: 0s - loss: 2.3976 - accuracy: 0.0967
781/782 [============================>.] - ETA: 0s - loss: 2.3981 - accuracy: 0.0971
782/782 [==============================] - 2s 3ms/step - loss: 2.3983 - accuracy: 0.0971 - val_loss: 2.4076 - val_accuracy: 0.1000
Epoch 18/238

  1/782 [..............................] - ETA: 12s - loss: 2.4124 - accuracy: 0.0781
 26/782 [..............................] - ETA: 1s - loss: 2.4064 - accuracy: 0.0944 
 51/782 [>.............................] - ETA: 1s - loss: 2.4015 - accuracy: 0.0944
 77/782 [=>............................] - ETA: 1s - loss: 2.3907 - accuracy: 0.0984
102/782 [==>...........................] - ETA: 1s - loss: 2.3873 - accuracy: 0.0993
122/782 [===>..........................] - ETA: 1s - loss: 2.3873 - accuracy: 0.0982
145/782 [====>.........................] - ETA: 1s - loss: 2.3973 - accuracy: 0.0968
170/782 [=====>........................] - ETA: 1s - loss: 2.3963 - accuracy: 0.0970
195/782 [======>.......................] - ETA: 1s - loss: 2.3981 - accuracy: 0.0986
220/782 [=======>......................] - ETA: 1s - loss: 2.4017 - accuracy: 0.0988
245/782 [========>.....................] - ETA: 1s - loss: 2.4010 - accuracy: 0.0992
270/782 [=========>....................] - ETA: 1s - loss: 2.4019 - accuracy: 0.0988
295/782 [==========>...................] - ETA: 1s - loss: 2.3994 - accuracy: 0.0989
320/782 [===========>..................] - ETA: 1s - loss: 2.3966 - accuracy: 0.0997
344/782 [============>.................] - ETA: 1s - loss: 2.3958 - accuracy: 0.0993
370/782 [=============>................] - ETA: 1s - loss: 2.3937 - accuracy: 0.0997
395/782 [==============>...............] - ETA: 0s - loss: 2.3942 - accuracy: 0.1001
419/782 [===============>..............] - ETA: 0s - loss: 2.3951 - accuracy: 0.0999
443/782 [===============>..............] - ETA: 0s - loss: 2.3958 - accuracy: 0.1002
469/782 [================>.............] - ETA: 0s - loss: 2.3961 - accuracy: 0.0994
493/782 [=================>............] - ETA: 0s - loss: 2.3965 - accuracy: 0.0994
517/782 [==================>...........] - ETA: 0s - loss: 2.3965 - accuracy: 0.0998
541/782 [===================>..........] - ETA: 0s - loss: 2.3971 - accuracy: 0.0991
567/782 [====================>.........] - ETA: 0s - loss: 2.3959 - accuracy: 0.0991
592/782 [=====================>........] - ETA: 0s - loss: 2.3958 - accuracy: 0.0988
617/782 [======================>.......] - ETA: 0s - loss: 2.3966 - accuracy: 0.0985
642/782 [=======================>......] - ETA: 0s - loss: 2.3968 - accuracy: 0.0978
667/782 [========================>.....] - ETA: 0s - loss: 2.3958 - accuracy: 0.0979
692/782 [=========================>....] - ETA: 0s - loss: 2.3952 - accuracy: 0.0981
716/782 [==========================>...] - ETA: 0s - loss: 2.3951 - accuracy: 0.0979
741/782 [===========================>..] - ETA: 0s - loss: 2.3942 - accuracy: 0.0985
766/782 [============================>.] - ETA: 0s - loss: 2.3935 - accuracy: 0.0988
782/782 [==============================] - 2s 3ms/step - loss: 2.3938 - accuracy: 0.0986 - val_loss: 2.3486 - val_accuracy: 0.1000
Epoch 19/238

  1/782 [..............................] - ETA: 12s - loss: 2.3246 - accuracy: 0.1406
 23/782 [..............................] - ETA: 2s - loss: 2.3671 - accuracy: 0.0978 
 48/782 [>.............................] - ETA: 1s - loss: 2.3597 - accuracy: 0.1003
 75/782 [=>............................] - ETA: 1s - loss: 2.3698 - accuracy: 0.1013
100/782 [==>...........................] - ETA: 1s - loss: 2.3756 - accuracy: 0.0994
125/782 [===>..........................] - ETA: 1s - loss: 2.3782 - accuracy: 0.0989
151/782 [====>.........................] - ETA: 1s - loss: 2.3793 - accuracy: 0.0972
177/782 [=====>........................] - ETA: 1s - loss: 2.3816 - accuracy: 0.0987
202/782 [======>.......................] - ETA: 1s - loss: 2.3828 - accuracy: 0.0994
228/782 [=======>......................] - ETA: 1s - loss: 2.3814 - accuracy: 0.0983
254/782 [========>.....................] - ETA: 1s - loss: 2.3800 - accuracy: 0.0998
280/782 [=========>....................] - ETA: 1s - loss: 2.3836 - accuracy: 0.1002
305/782 [==========>...................] - ETA: 1s - loss: 2.3876 - accuracy: 0.0999
330/782 [===========>..................] - ETA: 1s - loss: 2.3872 - accuracy: 0.0993
355/782 [============>.................] - ETA: 1s - loss: 2.3887 - accuracy: 0.0986
380/782 [=============>................] - ETA: 0s - loss: 2.3891 - accuracy: 0.0996
406/782 [==============>...............] - ETA: 0s - loss: 2.3897 - accuracy: 0.0998
431/782 [===============>..............] - ETA: 0s - loss: 2.3906 - accuracy: 0.0994
455/782 [================>.............] - ETA: 0s - loss: 2.3921 - accuracy: 0.0994
480/782 [=================>............] - ETA: 0s - loss: 2.3920 - accuracy: 0.1000
505/782 [==================>...........] - ETA: 0s - loss: 2.3920 - accuracy: 0.0998
530/782 [===================>..........] - ETA: 0s - loss: 2.3916 - accuracy: 0.1003
556/782 [====================>.........] - ETA: 0s - loss: 2.3912 - accuracy: 0.1002
581/782 [=====================>........] - ETA: 0s - loss: 2.3909 - accuracy: 0.1002
607/782 [======================>.......] - ETA: 0s - loss: 2.3911 - accuracy: 0.1002
632/782 [=======================>......] - ETA: 0s - loss: 2.3914 - accuracy: 0.1004
656/782 [========================>.....] - ETA: 0s - loss: 2.3908 - accuracy: 0.1005
681/782 [=========================>....] - ETA: 0s - loss: 2.3905 - accuracy: 0.1008
707/782 [==========================>...] - ETA: 0s - loss: 2.3902 - accuracy: 0.1005
734/782 [===========================>..] - ETA: 0s - loss: 2.3893 - accuracy: 0.1006
760/782 [============================>.] - ETA: 0s - loss: 2.3902 - accuracy: 0.0998
782/782 [==============================] - 2s 3ms/step - loss: 2.3911 - accuracy: 0.1000 - val_loss: 2.3476 - val_accuracy: 0.1000
Epoch 20/238

  1/782 [..............................] - ETA: 0s - loss: 2.4018 - accuracy: 0.0938
 21/782 [..............................] - ETA: 2s - loss: 2.3586 - accuracy: 0.1057
 46/782 [>.............................] - ETA: 2s - loss: 2.3723 - accuracy: 0.1097
 72/782 [=>............................] - ETA: 1s - loss: 2.3737 - accuracy: 0.1057
 97/782 [==>...........................] - ETA: 1s - loss: 2.3843 - accuracy: 0.1042
123/782 [===>..........................] - ETA: 1s - loss: 2.3887 - accuracy: 0.1021
147/782 [====>.........................] - ETA: 1s - loss: 2.3883 - accuracy: 0.1030
172/782 [=====>........................] - ETA: 1s - loss: 2.3882 - accuracy: 0.1001
196/782 [======>.......................] - ETA: 1s - loss: 2.3854 - accuracy: 0.1008
222/782 [=======>......................] - ETA: 1s - loss: 2.3858 - accuracy: 0.1001
247/782 [========>.....................] - ETA: 1s - loss: 2.3846 - accuracy: 0.1002
272/782 [=========>....................] - ETA: 1s - loss: 2.3854 - accuracy: 0.1001
295/782 [==========>...................] - ETA: 1s - loss: 2.3858 - accuracy: 0.1015
321/782 [===========>..................] - ETA: 1s - loss: 2.3901 - accuracy: 0.1011
345/782 [============>.................] - ETA: 1s - loss: 2.3945 - accuracy: 0.1010
370/782 [=============>................] - ETA: 1s - loss: 2.3951 - accuracy: 0.1015
394/782 [==============>...............] - ETA: 0s - loss: 2.3960 - accuracy: 0.1018
419/782 [===============>..............] - ETA: 0s - loss: 2.3963 - accuracy: 0.1021
442/782 [===============>..............] - ETA: 0s - loss: 2.3964 - accuracy: 0.1012
468/782 [================>.............] - ETA: 0s - loss: 2.3954 - accuracy: 0.1007
493/782 [=================>............] - ETA: 0s - loss: 2.3948 - accuracy: 0.1013
518/782 [==================>...........] - ETA: 0s - loss: 2.3934 - accuracy: 0.1020
543/782 [===================>..........] - ETA: 0s - loss: 2.3930 - accuracy: 0.1022
568/782 [====================>.........] - ETA: 0s - loss: 2.3921 - accuracy: 0.1028
593/782 [=====================>........] - ETA: 0s - loss: 2.3917 - accuracy: 0.1028
618/782 [======================>.......] - ETA: 0s - loss: 2.3919 - accuracy: 0.1028
644/782 [=======================>......] - ETA: 0s - loss: 2.3914 - accuracy: 0.1031
668/782 [========================>.....] - ETA: 0s - loss: 2.3904 - accuracy: 0.1030
693/782 [=========================>....] - ETA: 0s - loss: 2.3905 - accuracy: 0.1028
719/782 [==========================>...] - ETA: 0s - loss: 2.3917 - accuracy: 0.1026
743/782 [===========================>..] - ETA: 0s - loss: 2.3922 - accuracy: 0.1027
768/782 [============================>.] - ETA: 0s - loss: 2.3925 - accuracy: 0.1026
782/782 [==============================] - 2s 3ms/step - loss: 2.3922 - accuracy: 0.1027 - val_loss: 2.4162 - val_accuracy: 0.1000
Epoch 21/238

  1/782 [..............................] - ETA: 16s - loss: 2.4728 - accuracy: 0.0781
 23/782 [..............................] - ETA: 1s - loss: 2.4134 - accuracy: 0.1094 
 48/782 [>.............................] - ETA: 1s - loss: 2.4189 - accuracy: 0.1038
 72/782 [=>............................] - ETA: 1s - loss: 2.4036 - accuracy: 0.1016
 99/782 [==>...........................] - ETA: 1s - loss: 2.3987 - accuracy: 0.1001
124/782 [===>..........................] - ETA: 1s - loss: 2.3949 - accuracy: 0.0982
150/782 [====>.........................] - ETA: 1s - loss: 2.3933 - accuracy: 0.0990
175/782 [=====>........................] - ETA: 1s - loss: 2.3921 - accuracy: 0.0998
199/782 [======>.......................] - ETA: 1s - loss: 2.3940 - accuracy: 0.0992
225/782 [=======>......................] - ETA: 1s - loss: 2.3922 - accuracy: 0.0997
250/782 [========>.....................] - ETA: 1s - loss: 2.3925 - accuracy: 0.0989
274/782 [=========>....................] - ETA: 1s - loss: 2.3931 - accuracy: 0.0984
298/782 [==========>...................] - ETA: 1s - loss: 2.3942 - accuracy: 0.0986
324/782 [===========>..................] - ETA: 1s - loss: 2.3931 - accuracy: 0.0989
349/782 [============>.................] - ETA: 1s - loss: 2.3923 - accuracy: 0.0982
376/782 [=============>................] - ETA: 1s - loss: 2.3939 - accuracy: 0.0989
401/782 [==============>...............] - ETA: 0s - loss: 2.3937 - accuracy: 0.0985
425/782 [===============>..............] - ETA: 0s - loss: 2.3953 - accuracy: 0.0986
450/782 [================>.............] - ETA: 0s - loss: 2.3959 - accuracy: 0.0993
476/782 [=================>............] - ETA: 0s - loss: 2.3985 - accuracy: 0.0989
500/782 [==================>...........] - ETA: 0s - loss: 2.3986 - accuracy: 0.0987
525/782 [===================>..........] - ETA: 0s - loss: 2.3974 - accuracy: 0.0989
545/782 [===================>..........] - ETA: 0s - loss: 2.3965 - accuracy: 0.0989
568/782 [====================>.........] - ETA: 0s - loss: 2.3957 - accuracy: 0.0989
592/782 [=====================>........] - ETA: 0s - loss: 2.3957 - accuracy: 0.0981
616/782 [======================>.......] - ETA: 0s - loss: 2.3957 - accuracy: 0.0981
641/782 [=======================>......] - ETA: 0s - loss: 2.3950 - accuracy: 0.0985
665/782 [========================>.....] - ETA: 0s - loss: 2.3943 - accuracy: 0.0986
689/782 [=========================>....] - ETA: 0s - loss: 2.3945 - accuracy: 0.0986
714/782 [==========================>...] - ETA: 0s - loss: 2.3951 - accuracy: 0.0985
739/782 [===========================>..] - ETA: 0s - loss: 2.3945 - accuracy: 0.0985
765/782 [============================>.] - ETA: 0s - loss: 2.3954 - accuracy: 0.0987
782/782 [==============================] - 2s 3ms/step - loss: 2.3963 - accuracy: 0.0991 - val_loss: 2.3620 - val_accuracy: 0.1000
Epoch 22/238

  1/782 [..............................] - ETA: 0s - loss: 2.3690 - accuracy: 0.0625
 21/782 [..............................] - ETA: 2s - loss: 2.3822 - accuracy: 0.1027
 46/782 [>.............................] - ETA: 2s - loss: 2.3883 - accuracy: 0.1016
 72/782 [=>............................] - ETA: 1s - loss: 2.3879 - accuracy: 0.0994
 98/782 [==>...........................] - ETA: 1s - loss: 2.3835 - accuracy: 0.1024
121/782 [===>..........................] - ETA: 1s - loss: 2.3840 - accuracy: 0.1019
145/782 [====>.........................] - ETA: 1s - loss: 2.3872 - accuracy: 0.1012
169/782 [=====>........................] - ETA: 1s - loss: 2.3873 - accuracy: 0.1010
194/782 [======>.......................] - ETA: 1s - loss: 2.3886 - accuracy: 0.0995
220/782 [=======>......................] - ETA: 1s - loss: 2.3890 - accuracy: 0.0994
245/782 [========>.....................] - ETA: 1s - loss: 2.3915 - accuracy: 0.1004
270/782 [=========>....................] - ETA: 1s - loss: 2.3914 - accuracy: 0.0998
296/782 [==========>...................] - ETA: 1s - loss: 2.3915 - accuracy: 0.0983
322/782 [===========>..................] - ETA: 1s - loss: 2.3894 - accuracy: 0.0976
346/782 [============>.................] - ETA: 1s - loss: 2.3890 - accuracy: 0.0979
371/782 [=============>................] - ETA: 1s - loss: 2.3905 - accuracy: 0.0971
396/782 [==============>...............] - ETA: 0s - loss: 2.3895 - accuracy: 0.0974
420/782 [===============>..............] - ETA: 0s - loss: 2.3885 - accuracy: 0.0971
446/782 [================>.............] - ETA: 0s - loss: 2.3873 - accuracy: 0.0965
471/782 [=================>............] - ETA: 0s - loss: 2.3860 - accuracy: 0.0971
496/782 [==================>...........] - ETA: 0s - loss: 2.3863 - accuracy: 0.0976
520/782 [==================>...........] - ETA: 0s - loss: 2.3862 - accuracy: 0.0981
545/782 [===================>..........] - ETA: 0s - loss: 2.3854 - accuracy: 0.0984
571/782 [====================>.........] - ETA: 0s - loss: 2.3862 - accuracy: 0.0984
596/782 [=====================>........] - ETA: 0s - loss: 2.3860 - accuracy: 0.0984
621/782 [======================>.......] - ETA: 0s - loss: 2.3859 - accuracy: 0.0980
645/782 [=======================>......] - ETA: 0s - loss: 2.3861 - accuracy: 0.0978
670/782 [========================>.....] - ETA: 0s - loss: 2.3856 - accuracy: 0.0979
694/782 [=========================>....] - ETA: 0s - loss: 2.3857 - accuracy: 0.0985
719/782 [==========================>...] - ETA: 0s - loss: 2.3865 - accuracy: 0.0986
743/782 [===========================>..] - ETA: 0s - loss: 2.3864 - accuracy: 0.0987
767/782 [============================>.] - ETA: 0s - loss: 2.3856 - accuracy: 0.0991
782/782 [==============================] - 2s 3ms/step - loss: 2.3861 - accuracy: 0.0992 - val_loss: 2.3973 - val_accuracy: 0.1000
Epoch 23/238

  1/782 [..............................] - ETA: 12s - loss: 2.4245 - accuracy: 0.0938
 24/782 [..............................] - ETA: 2s - loss: 2.4107 - accuracy: 0.0820 
 49/782 [>.............................] - ETA: 1s - loss: 2.3940 - accuracy: 0.0912
 74/782 [=>............................] - ETA: 1s - loss: 2.4018 - accuracy: 0.0954
100/782 [==>...........................] - ETA: 1s - loss: 2.3998 - accuracy: 0.1003
125/782 [===>..........................] - ETA: 1s - loss: 2.4057 - accuracy: 0.1001
149/782 [====>.........................] - ETA: 1s - loss: 2.4119 - accuracy: 0.1001
174/782 [=====>........................] - ETA: 1s - loss: 2.4069 - accuracy: 0.1007
200/782 [======>.......................] - ETA: 1s - loss: 2.4076 - accuracy: 0.0999
225/782 [=======>......................] - ETA: 1s - loss: 2.4061 - accuracy: 0.1005
250/782 [========>.....................] - ETA: 1s - loss: 2.4103 - accuracy: 0.1018
275/782 [=========>....................] - ETA: 1s - loss: 2.4099 - accuracy: 0.1024
298/782 [==========>...................] - ETA: 1s - loss: 2.4104 - accuracy: 0.1023
324/782 [===========>..................] - ETA: 1s - loss: 2.4082 - accuracy: 0.1033
348/782 [============>.................] - ETA: 1s - loss: 2.4073 - accuracy: 0.1031
373/782 [=============>................] - ETA: 1s - loss: 2.4056 - accuracy: 0.1026
397/782 [==============>...............] - ETA: 0s - loss: 2.4044 - accuracy: 0.1019
423/782 [===============>..............] - ETA: 0s - loss: 2.4033 - accuracy: 0.1010
448/782 [================>.............] - ETA: 0s - loss: 2.4032 - accuracy: 0.1004
473/782 [=================>............] - ETA: 0s - loss: 2.4028 - accuracy: 0.1007
497/782 [==================>...........] - ETA: 0s - loss: 2.4026 - accuracy: 0.1006
521/782 [==================>...........] - ETA: 0s - loss: 2.4018 - accuracy: 0.1000
546/782 [===================>..........] - ETA: 0s - loss: 2.4008 - accuracy: 0.1002
565/782 [====================>.........] - ETA: 0s - loss: 2.4001 - accuracy: 0.1000
589/782 [=====================>........] - ETA: 0s - loss: 2.3997 - accuracy: 0.0997
613/782 [======================>.......] - ETA: 0s - loss: 2.3989 - accuracy: 0.0995
638/782 [=======================>......] - ETA: 0s - loss: 2.3989 - accuracy: 0.0997
662/782 [========================>.....] - ETA: 0s - loss: 2.3992 - accuracy: 0.0997
687/782 [=========================>....] - ETA: 0s - loss: 2.3994 - accuracy: 0.0987
713/782 [==========================>...] - ETA: 0s - loss: 2.3989 - accuracy: 0.0990
738/782 [===========================>..] - ETA: 0s - loss: 2.3981 - accuracy: 0.0988
763/782 [============================>.] - ETA: 0s - loss: 2.3970 - accuracy: 0.0992
782/782 [==============================] - 2s 3ms/step - loss: 2.3966 - accuracy: 0.0995 - val_loss: 2.3646 - val_accuracy: 0.1000
Epoch 23: early stopping

  1/313 [..............................] - ETA: 4s - loss: 2.4023 - accuracy: 0.1250
 47/313 [===>..........................] - ETA: 0s - loss: 2.3730 - accuracy: 0.0991
 92/313 [=======>......................] - ETA: 0s - loss: 2.3733 - accuracy: 0.0982
137/313 [============>.................] - ETA: 0s - loss: 2.3692 - accuracy: 0.0990
181/313 [================>.............] - ETA: 0s - loss: 2.3632 - accuracy: 0.0986
223/313 [====================>.........] - ETA: 0s - loss: 2.3632 - accuracy: 0.1005
267/313 [========================>.....] - ETA: 0s - loss: 2.3632 - accuracy: 0.0995
310/313 [============================>.] - ETA: 0s - loss: 2.3647 - accuracy: 0.0996
313/313 [==============================] - 0s 1ms/step - loss: 2.3646 - accuracy: 0.1000
