2024-06-26 08:44:17.825505: I tensorflow/core/platform/cpu_feature_guard.cc:193] This TensorFlow binary is optimized with oneAPI Deep Neural Network Library (oneDNN) to use the following CPU instructions in performance-critical operations:  AVX AVX2
To enable them in other operations, rebuild TensorFlow with the appropriate compiler flags.
2024-06-26 08:44:18.335531: I tensorflow/core/common_runtime/gpu/gpu_device.cc:1616] Created device /job:localhost/replica:0/task:0/device:GPU:0 with 6656 MB memory:  -> device: 0, name: NVIDIA GeForce RTX 4060 Ti, pci bus id: 0000:01:00.0, compute capability: 8.9
1 Physical GPUs, 1 Logical GPUs
Model: "sequential"
_________________________________________________________________
 Layer (type)                Output Shape              Param #   
=================================================================
 conv2d (Conv2D)             (None, 32, 32, 32)        896       
                                                                 
 max_pooling2d (MaxPooling2D  (None, 16, 16, 32)       0         
 )                                                               
                                                                 
 batch_normalization (BatchN  (None, 16, 16, 32)       128       
 ormalization)                                                   
                                                                 
 dropout (Dropout)           (None, 16, 16, 32)        0         
                                                                 
 flatten (Flatten)           (None, 8192)              0         
                                                                 
 dense (Dense)               (None, 10)                81930     
                                                                 
=================================================================
Total params: 82,954
Trainable params: 82,890
Non-trainable params: 64
_________________________________________________________________
Taxa de aprendizado:  0.01 Num de épocas:  93 Tamanho do lote:  1024 Dropout:  0.33692
Epoch 1/93
2024-06-26 08:44:19.687630: I tensorflow/stream_executor/cuda/cuda_dnn.cc:384] Loaded cuDNN version 8100
2024-06-26 08:44:20.485483: W tensorflow/stream_executor/gpu/redzone_allocator.cc:314] INTERNAL: ptxas exited with non-zero error code -1, output: 
Relying on driver to perform ptx compilation. 
Modify $PATH to customize ptxas location.
This message will be only logged once.
2024-06-26 08:44:21.308143: I tensorflow/stream_executor/cuda/cuda_blas.cc:1614] TensorFloat-32 will be used for the matrix multiplication. This will only be logged once.

 1/49 [..............................] - ETA: 2:17 - loss: 2.9422 - accuracy: 0.0908
 4/49 [=>............................] - ETA: 1s - loss: 5.2176 - accuracy: 0.2021  
 7/49 [===>..........................] - ETA: 0s - loss: 4.4075 - accuracy: 0.2162
10/49 [=====>........................] - ETA: 0s - loss: 3.8327 - accuracy: 0.2336
13/49 [======>.......................] - ETA: 0s - loss: 3.4821 - accuracy: 0.2492
16/49 [========>.....................] - ETA: 0s - loss: 3.2250 - accuracy: 0.2631
19/49 [==========>...................] - ETA: 0s - loss: 3.0336 - accuracy: 0.2762
22/49 [============>.................] - ETA: 0s - loss: 2.8869 - accuracy: 0.2856
25/49 [==============>...............] - ETA: 0s - loss: 2.7686 - accuracy: 0.2962
27/49 [===============>..............] - ETA: 0s - loss: 2.6959 - accuracy: 0.3025
30/49 [=================>............] - ETA: 0s - loss: 2.6084 - accuracy: 0.3096
33/49 [===================>..........] - ETA: 0s - loss: 2.5335 - accuracy: 0.3162
36/49 [=====================>........] - ETA: 0s - loss: 2.4685 - accuracy: 0.3226
39/49 [======================>.......] - ETA: 0s - loss: 2.4071 - accuracy: 0.3299
42/49 [========================>.....] - ETA: 0s - loss: 2.3554 - accuracy: 0.3354
45/49 [==========================>...] - ETA: 0s - loss: 2.3075 - accuracy: 0.3421
48/49 [============================>.] - ETA: 0s - loss: 2.2658 - accuracy: 0.3466
49/49 [==============================] - 5s 40ms/step - loss: 2.2528 - accuracy: 0.3479 - val_loss: 2.2343 - val_accuracy: 0.1977
Epoch 2/93

 1/49 [..............................] - ETA: 2s - loss: 1.5397 - accuracy: 0.4512
 4/49 [=>............................] - ETA: 0s - loss: 1.5822 - accuracy: 0.4487
 7/49 [===>..........................] - ETA: 0s - loss: 1.5662 - accuracy: 0.4558
10/49 [=====>........................] - ETA: 0s - loss: 1.5531 - accuracy: 0.4575
13/49 [======>.......................] - ETA: 0s - loss: 1.5444 - accuracy: 0.4578
16/49 [========>.....................] - ETA: 0s - loss: 1.5424 - accuracy: 0.4592
19/49 [==========>...................] - ETA: 0s - loss: 1.5355 - accuracy: 0.4618
22/49 [============>.................] - ETA: 0s - loss: 1.5331 - accuracy: 0.4622
25/49 [==============>...............] - ETA: 0s - loss: 1.5220 - accuracy: 0.4659
28/49 [================>.............] - ETA: 0s - loss: 1.5181 - accuracy: 0.4669
31/49 [=================>............] - ETA: 0s - loss: 1.5160 - accuracy: 0.4669
34/49 [===================>..........] - ETA: 0s - loss: 1.5141 - accuracy: 0.4687
37/49 [=====================>........] - ETA: 0s - loss: 1.5139 - accuracy: 0.4683
40/49 [=======================>......] - ETA: 0s - loss: 1.5108 - accuracy: 0.4695
43/49 [=========================>....] - ETA: 0s - loss: 1.5062 - accuracy: 0.4706
46/49 [===========================>..] - ETA: 0s - loss: 1.5052 - accuracy: 0.4715
49/49 [==============================] - ETA: 0s - loss: 1.5040 - accuracy: 0.4720
49/49 [==============================] - 2s 35ms/step - loss: 1.5040 - accuracy: 0.4720 - val_loss: 2.0695 - val_accuracy: 0.1919
Epoch 3/93

 1/49 [..............................] - ETA: 2s - loss: 1.4102 - accuracy: 0.5068
 4/49 [=>............................] - ETA: 1s - loss: 1.4060 - accuracy: 0.5022
 8/49 [===>..........................] - ETA: 0s - loss: 1.4012 - accuracy: 0.5034
11/49 [=====>........................] - ETA: 0s - loss: 1.4088 - accuracy: 0.5015
14/49 [=======>......................] - ETA: 0s - loss: 1.4095 - accuracy: 0.5011
17/49 [=========>....................] - ETA: 0s - loss: 1.4080 - accuracy: 0.5013
20/49 [===========>..................] - ETA: 0s - loss: 1.4130 - accuracy: 0.5008
23/49 [=============>................] - ETA: 0s - loss: 1.4131 - accuracy: 0.4999
26/49 [==============>...............] - ETA: 0s - loss: 1.4085 - accuracy: 0.5010
29/49 [================>.............] - ETA: 0s - loss: 1.4092 - accuracy: 0.5013
32/49 [==================>...........] - ETA: 0s - loss: 1.4118 - accuracy: 0.5010
35/49 [====================>.........] - ETA: 0s - loss: 1.4111 - accuracy: 0.5010
38/49 [======================>.......] - ETA: 0s - loss: 1.4112 - accuracy: 0.5010
41/49 [========================>.....] - ETA: 0s - loss: 1.4122 - accuracy: 0.5012
44/49 [=========================>....] - ETA: 0s - loss: 1.4122 - accuracy: 0.5016
47/49 [===========================>..] - ETA: 0s - loss: 1.4122 - accuracy: 0.5024
49/49 [==============================] - 2s 33ms/step - loss: 1.4112 - accuracy: 0.5022 - val_loss: 2.0027 - val_accuracy: 0.2414
Epoch 4/93

 1/49 [..............................] - ETA: 2s - loss: 1.3377 - accuracy: 0.5342
 4/49 [=>............................] - ETA: 0s - loss: 1.3845 - accuracy: 0.5094
 7/49 [===>..........................] - ETA: 0s - loss: 1.3876 - accuracy: 0.5090
10/49 [=====>........................] - ETA: 0s - loss: 1.3743 - accuracy: 0.5154
13/49 [======>.......................] - ETA: 0s - loss: 1.3813 - accuracy: 0.5131
16/49 [========>.....................] - ETA: 0s - loss: 1.3821 - accuracy: 0.5122
19/49 [==========>...................] - ETA: 0s - loss: 1.3796 - accuracy: 0.5121
22/49 [============>.................] - ETA: 0s - loss: 1.3722 - accuracy: 0.5165
25/49 [==============>...............] - ETA: 0s - loss: 1.3700 - accuracy: 0.5170
28/49 [================>.............] - ETA: 0s - loss: 1.3662 - accuracy: 0.5191
31/49 [=================>............] - ETA: 0s - loss: 1.3678 - accuracy: 0.5185
34/49 [===================>..........] - ETA: 0s - loss: 1.3676 - accuracy: 0.5175
37/49 [=====================>........] - ETA: 0s - loss: 1.3662 - accuracy: 0.5179
40/49 [=======================>......] - ETA: 0s - loss: 1.3685 - accuracy: 0.5165
43/49 [=========================>....] - ETA: 0s - loss: 1.3678 - accuracy: 0.5169
46/49 [===========================>..] - ETA: 0s - loss: 1.3665 - accuracy: 0.5183
49/49 [==============================] - ETA: 0s - loss: 1.3679 - accuracy: 0.5181
49/49 [==============================] - 2s 34ms/step - loss: 1.3679 - accuracy: 0.5181 - val_loss: 1.8375 - val_accuracy: 0.3479
Epoch 5/93

 1/49 [..............................] - ETA: 2s - loss: 1.3483 - accuracy: 0.5176
 4/49 [=>............................] - ETA: 0s - loss: 1.3512 - accuracy: 0.5229
 7/49 [===>..........................] - ETA: 0s - loss: 1.3295 - accuracy: 0.5333
10/49 [=====>........................] - ETA: 0s - loss: 1.3265 - accuracy: 0.5347
13/49 [======>.......................] - ETA: 0s - loss: 1.3343 - accuracy: 0.5329
15/49 [========>.....................] - ETA: 0s - loss: 1.3359 - accuracy: 0.5319
18/49 [==========>...................] - ETA: 0s - loss: 1.3406 - accuracy: 0.5303
21/49 [===========>..................] - ETA: 0s - loss: 1.3367 - accuracy: 0.5313
24/49 [=============>................] - ETA: 0s - loss: 1.3326 - accuracy: 0.5326
27/49 [===============>..............] - ETA: 0s - loss: 1.3367 - accuracy: 0.5320
30/49 [=================>............] - ETA: 0s - loss: 1.3317 - accuracy: 0.5327
33/49 [===================>..........] - ETA: 0s - loss: 1.3326 - accuracy: 0.5314
36/49 [=====================>........] - ETA: 0s - loss: 1.3336 - accuracy: 0.5309
39/49 [======================>.......] - ETA: 0s - loss: 1.3359 - accuracy: 0.5303
42/49 [========================>.....] - ETA: 0s - loss: 1.3377 - accuracy: 0.5291
45/49 [==========================>...] - ETA: 0s - loss: 1.3370 - accuracy: 0.5293
48/49 [============================>.] - ETA: 0s - loss: 1.3361 - accuracy: 0.5294
49/49 [==============================] - 2s 35ms/step - loss: 1.3364 - accuracy: 0.5294 - val_loss: 1.8254 - val_accuracy: 0.3247
Epoch 6/93

 1/49 [..............................] - ETA: 2s - loss: 1.3075 - accuracy: 0.5166
 3/49 [>.............................] - ETA: 1s - loss: 1.3151 - accuracy: 0.5339
 6/49 [==>...........................] - ETA: 0s - loss: 1.3041 - accuracy: 0.5381
 9/49 [====>.........................] - ETA: 0s - loss: 1.3040 - accuracy: 0.5406
12/49 [======>.......................] - ETA: 0s - loss: 1.2992 - accuracy: 0.5405
15/49 [========>.....................] - ETA: 0s - loss: 1.3062 - accuracy: 0.5382
18/49 [==========>...................] - ETA: 0s - loss: 1.3106 - accuracy: 0.5360
22/49 [============>.................] - ETA: 0s - loss: 1.3030 - accuracy: 0.5398
25/49 [==============>...............] - ETA: 0s - loss: 1.3043 - accuracy: 0.5391
29/49 [================>.............] - ETA: 0s - loss: 1.3060 - accuracy: 0.5380
32/49 [==================>...........] - ETA: 0s - loss: 1.3040 - accuracy: 0.5382
35/49 [====================>.........] - ETA: 0s - loss: 1.3057 - accuracy: 0.5380
38/49 [======================>.......] - ETA: 0s - loss: 1.3061 - accuracy: 0.5381
41/49 [========================>.....] - ETA: 0s - loss: 1.3067 - accuracy: 0.5381
44/49 [=========================>....] - ETA: 0s - loss: 1.3078 - accuracy: 0.5388
47/49 [===========================>..] - ETA: 0s - loss: 1.3098 - accuracy: 0.5384
49/49 [==============================] - 2s 34ms/step - loss: 1.3065 - accuracy: 0.5398 - val_loss: 1.6696 - val_accuracy: 0.4155
Epoch 7/93

 1/49 [..............................] - ETA: 3s - loss: 1.2765 - accuracy: 0.5654
 4/49 [=>............................] - ETA: 0s - loss: 1.2856 - accuracy: 0.5571
 7/49 [===>..........................] - ETA: 0s - loss: 1.2686 - accuracy: 0.5566
10/49 [=====>........................] - ETA: 0s - loss: 1.2791 - accuracy: 0.5513
12/49 [======>.......................] - ETA: 0s - loss: 1.2821 - accuracy: 0.5484
15/49 [========>.....................] - ETA: 0s - loss: 1.2878 - accuracy: 0.5472
18/49 [==========>...................] - ETA: 0s - loss: 1.2847 - accuracy: 0.5474
21/49 [===========>..................] - ETA: 0s - loss: 1.2842 - accuracy: 0.5463
24/49 [=============>................] - ETA: 0s - loss: 1.2856 - accuracy: 0.5461
27/49 [===============>..............] - ETA: 0s - loss: 1.2908 - accuracy: 0.5448
30/49 [=================>............] - ETA: 0s - loss: 1.2914 - accuracy: 0.5458
33/49 [===================>..........] - ETA: 0s - loss: 1.2955 - accuracy: 0.5440
36/49 [=====================>........] - ETA: 0s - loss: 1.2947 - accuracy: 0.5436
39/49 [======================>.......] - ETA: 0s - loss: 1.2954 - accuracy: 0.5432
42/49 [========================>.....] - ETA: 0s - loss: 1.2976 - accuracy: 0.5434
45/49 [==========================>...] - ETA: 0s - loss: 1.2981 - accuracy: 0.5429
48/49 [============================>.] - ETA: 0s - loss: 1.2989 - accuracy: 0.5427
49/49 [==============================] - 2s 33ms/step - loss: 1.2991 - accuracy: 0.5427 - val_loss: 1.6010 - val_accuracy: 0.4303
Epoch 8/93

 1/49 [..............................] - ETA: 2s - loss: 1.1997 - accuracy: 0.5713
 4/49 [=>............................] - ETA: 0s - loss: 1.2441 - accuracy: 0.5664
 7/49 [===>..........................] - ETA: 0s - loss: 1.2510 - accuracy: 0.5635
10/49 [=====>........................] - ETA: 0s - loss: 1.2590 - accuracy: 0.5594
13/49 [======>.......................] - ETA: 0s - loss: 1.2658 - accuracy: 0.5549
16/49 [========>.....................] - ETA: 0s - loss: 1.2699 - accuracy: 0.5526
19/49 [==========>...................] - ETA: 0s - loss: 1.2708 - accuracy: 0.5538
22/49 [============>.................] - ETA: 0s - loss: 1.2708 - accuracy: 0.5539
25/49 [==============>...............] - ETA: 0s - loss: 1.2720 - accuracy: 0.5536
28/49 [================>.............] - ETA: 0s - loss: 1.2748 - accuracy: 0.5528
31/49 [=================>............] - ETA: 0s - loss: 1.2757 - accuracy: 0.5528
34/49 [===================>..........] - ETA: 0s - loss: 1.2780 - accuracy: 0.5511
37/49 [=====================>........] - ETA: 0s - loss: 1.2773 - accuracy: 0.5507
40/49 [=======================>......] - ETA: 0s - loss: 1.2787 - accuracy: 0.5494
43/49 [=========================>....] - ETA: 0s - loss: 1.2805 - accuracy: 0.5490
46/49 [===========================>..] - ETA: 0s - loss: 1.2811 - accuracy: 0.5487
49/49 [==============================] - ETA: 0s - loss: 1.2800 - accuracy: 0.5490
49/49 [==============================] - 2s 34ms/step - loss: 1.2800 - accuracy: 0.5490 - val_loss: 1.5604 - val_accuracy: 0.4422
Epoch 9/93

 1/49 [..............................] - ETA: 1s - loss: 1.2790 - accuracy: 0.5537
 4/49 [=>............................] - ETA: 1s - loss: 1.2598 - accuracy: 0.5508
 7/49 [===>..........................] - ETA: 0s - loss: 1.2739 - accuracy: 0.5508
10/49 [=====>........................] - ETA: 0s - loss: 1.2723 - accuracy: 0.5500
13/49 [======>.......................] - ETA: 0s - loss: 1.2739 - accuracy: 0.5518
16/49 [========>.....................] - ETA: 0s - loss: 1.2734 - accuracy: 0.5519
19/49 [==========>...................] - ETA: 0s - loss: 1.2738 - accuracy: 0.5521
22/49 [============>.................] - ETA: 0s - loss: 1.2686 - accuracy: 0.5547
25/49 [==============>...............] - ETA: 0s - loss: 1.2684 - accuracy: 0.5547
28/49 [================>.............] - ETA: 0s - loss: 1.2683 - accuracy: 0.5557
31/49 [=================>............] - ETA: 0s - loss: 1.2682 - accuracy: 0.5540
35/49 [====================>.........] - ETA: 0s - loss: 1.2687 - accuracy: 0.5543
38/49 [======================>.......] - ETA: 0s - loss: 1.2682 - accuracy: 0.5547
42/49 [========================>.....] - ETA: 0s - loss: 1.2678 - accuracy: 0.5544
44/49 [=========================>....] - ETA: 0s - loss: 1.2692 - accuracy: 0.5542
47/49 [===========================>..] - ETA: 0s - loss: 1.2671 - accuracy: 0.5555
49/49 [==============================] - 2s 33ms/step - loss: 1.2671 - accuracy: 0.5554 - val_loss: 1.4095 - val_accuracy: 0.5023
Epoch 10/93

 1/49 [..............................] - ETA: 2s - loss: 1.2302 - accuracy: 0.5752
 3/49 [>.............................] - ETA: 1s - loss: 1.2486 - accuracy: 0.5677
 6/49 [==>...........................] - ETA: 1s - loss: 1.2491 - accuracy: 0.5659
 9/49 [====>.........................] - ETA: 0s - loss: 1.2419 - accuracy: 0.5667
12/49 [======>.......................] - ETA: 0s - loss: 1.2444 - accuracy: 0.5649
15/49 [========>.....................] - ETA: 0s - loss: 1.2444 - accuracy: 0.5643
18/49 [==========>...................] - ETA: 0s - loss: 1.2439 - accuracy: 0.5645
21/49 [===========>..................] - ETA: 0s - loss: 1.2472 - accuracy: 0.5647
24/49 [=============>................] - ETA: 0s - loss: 1.2472 - accuracy: 0.5644
27/49 [===============>..............] - ETA: 0s - loss: 1.2474 - accuracy: 0.5649
30/49 [=================>............] - ETA: 0s - loss: 1.2493 - accuracy: 0.5637
33/49 [===================>..........] - ETA: 0s - loss: 1.2518 - accuracy: 0.5624
36/49 [=====================>........] - ETA: 0s - loss: 1.2553 - accuracy: 0.5607
39/49 [======================>.......] - ETA: 0s - loss: 1.2582 - accuracy: 0.5603
42/49 [========================>.....] - ETA: 0s - loss: 1.2604 - accuracy: 0.5600
45/49 [==========================>...] - ETA: 0s - loss: 1.2624 - accuracy: 0.5589
48/49 [============================>.] - ETA: 0s - loss: 1.2619 - accuracy: 0.5594
49/49 [==============================] - 2s 33ms/step - loss: 1.2617 - accuracy: 0.5593 - val_loss: 1.4238 - val_accuracy: 0.5067
Epoch 11/93

 1/49 [..............................] - ETA: 2s - loss: 1.2425 - accuracy: 0.5586
 4/49 [=>............................] - ETA: 1s - loss: 1.2525 - accuracy: 0.5608
 7/49 [===>..........................] - ETA: 0s - loss: 1.2561 - accuracy: 0.5608
10/49 [=====>........................] - ETA: 0s - loss: 1.2577 - accuracy: 0.5624
13/49 [======>.......................] - ETA: 0s - loss: 1.2485 - accuracy: 0.5653
16/49 [========>.....................] - ETA: 0s - loss: 1.2552 - accuracy: 0.5648
19/49 [==========>...................] - ETA: 0s - loss: 1.2562 - accuracy: 0.5640
22/49 [============>.................] - ETA: 0s - loss: 1.2556 - accuracy: 0.5649
25/49 [==============>...............] - ETA: 0s - loss: 1.2497 - accuracy: 0.5662
28/49 [================>.............] - ETA: 0s - loss: 1.2476 - accuracy: 0.5664
31/49 [=================>............] - ETA: 0s - loss: 1.2419 - accuracy: 0.5681
34/49 [===================>..........] - ETA: 0s - loss: 1.2445 - accuracy: 0.5666
37/49 [=====================>........] - ETA: 0s - loss: 1.2460 - accuracy: 0.5656
40/49 [=======================>......] - ETA: 0s - loss: 1.2463 - accuracy: 0.5653
43/49 [=========================>....] - ETA: 0s - loss: 1.2481 - accuracy: 0.5645
46/49 [===========================>..] - ETA: 0s - loss: 1.2462 - accuracy: 0.5645
49/49 [==============================] - ETA: 0s - loss: 1.2467 - accuracy: 0.5648
49/49 [==============================] - 2s 34ms/step - loss: 1.2467 - accuracy: 0.5648 - val_loss: 1.3023 - val_accuracy: 0.5408
Epoch 12/93

 1/49 [..............................] - ETA: 2s - loss: 1.2394 - accuracy: 0.5850
 4/49 [=>............................] - ETA: 0s - loss: 1.2125 - accuracy: 0.5808
 7/49 [===>..........................] - ETA: 0s - loss: 1.1988 - accuracy: 0.5774
10/49 [=====>........................] - ETA: 0s - loss: 1.2199 - accuracy: 0.5715
13/49 [======>.......................] - ETA: 0s - loss: 1.2240 - accuracy: 0.5699
16/49 [========>.....................] - ETA: 0s - loss: 1.2284 - accuracy: 0.5688
19/49 [==========>...................] - ETA: 0s - loss: 1.2343 - accuracy: 0.5676
22/49 [============>.................] - ETA: 0s - loss: 1.2381 - accuracy: 0.5663
25/49 [==============>...............] - ETA: 0s - loss: 1.2383 - accuracy: 0.5665
28/49 [================>.............] - ETA: 0s - loss: 1.2381 - accuracy: 0.5656
31/49 [=================>............] - ETA: 0s - loss: 1.2366 - accuracy: 0.5658
34/49 [===================>..........] - ETA: 0s - loss: 1.2377 - accuracy: 0.5652
37/49 [=====================>........] - ETA: 0s - loss: 1.2380 - accuracy: 0.5663
41/49 [========================>.....] - ETA: 0s - loss: 1.2373 - accuracy: 0.5667
44/49 [=========================>....] - ETA: 0s - loss: 1.2370 - accuracy: 0.5667
47/49 [===========================>..] - ETA: 0s - loss: 1.2372 - accuracy: 0.5659
49/49 [==============================] - 2s 33ms/step - loss: 1.2362 - accuracy: 0.5660 - val_loss: 1.3545 - val_accuracy: 0.5280
Epoch 13/93

 1/49 [..............................] - ETA: 1s - loss: 1.2266 - accuracy: 0.5684
 4/49 [=>............................] - ETA: 1s - loss: 1.2416 - accuracy: 0.5684
 7/49 [===>..........................] - ETA: 0s - loss: 1.2301 - accuracy: 0.5763
 9/49 [====>.........................] - ETA: 0s - loss: 1.2297 - accuracy: 0.5727
12/49 [======>.......................] - ETA: 0s - loss: 1.2258 - accuracy: 0.5736
15/49 [========>.....................] - ETA: 0s - loss: 1.2215 - accuracy: 0.5743
18/49 [==========>...................] - ETA: 0s - loss: 1.2213 - accuracy: 0.5747
21/49 [===========>..................] - ETA: 0s - loss: 1.2142 - accuracy: 0.5778
24/49 [=============>................] - ETA: 0s - loss: 1.2193 - accuracy: 0.5752
27/49 [===============>..............] - ETA: 0s - loss: 1.2218 - accuracy: 0.5749
30/49 [=================>............] - ETA: 0s - loss: 1.2205 - accuracy: 0.5755
33/49 [===================>..........] - ETA: 0s - loss: 1.2239 - accuracy: 0.5744
36/49 [=====================>........] - ETA: 0s - loss: 1.2281 - accuracy: 0.5731
39/49 [======================>.......] - ETA: 0s - loss: 1.2303 - accuracy: 0.5725
42/49 [========================>.....] - ETA: 0s - loss: 1.2320 - accuracy: 0.5715
44/49 [=========================>....] - ETA: 0s - loss: 1.2328 - accuracy: 0.5715
47/49 [===========================>..] - ETA: 0s - loss: 1.2342 - accuracy: 0.5705
49/49 [==============================] - 2s 34ms/step - loss: 1.2352 - accuracy: 0.5699 - val_loss: 2.0875 - val_accuracy: 0.3873
Epoch 14/93

 1/49 [..............................] - ETA: 2s - loss: 1.2301 - accuracy: 0.5615
 4/49 [=>............................] - ETA: 0s - loss: 1.2104 - accuracy: 0.5742
 7/49 [===>..........................] - ETA: 0s - loss: 1.2182 - accuracy: 0.5728
10/49 [=====>........................] - ETA: 0s - loss: 1.2253 - accuracy: 0.5679
13/49 [======>.......................] - ETA: 0s - loss: 1.2229 - accuracy: 0.5716
16/49 [========>.....................] - ETA: 0s - loss: 1.2250 - accuracy: 0.5704
19/49 [==========>...................] - ETA: 0s - loss: 1.2277 - accuracy: 0.5697
22/49 [============>.................] - ETA: 0s - loss: 1.2271 - accuracy: 0.5715
25/49 [==============>...............] - ETA: 0s - loss: 1.2290 - accuracy: 0.5693
28/49 [================>.............] - ETA: 0s - loss: 1.2305 - accuracy: 0.5685
31/49 [=================>............] - ETA: 0s - loss: 1.2299 - accuracy: 0.5693
34/49 [===================>..........] - ETA: 0s - loss: 1.2295 - accuracy: 0.5709
37/49 [=====================>........] - ETA: 0s - loss: 1.2268 - accuracy: 0.5717
40/49 [=======================>......] - ETA: 0s - loss: 1.2269 - accuracy: 0.5716
43/49 [=========================>....] - ETA: 0s - loss: 1.2250 - accuracy: 0.5724
46/49 [===========================>..] - ETA: 0s - loss: 1.2256 - accuracy: 0.5728
49/49 [==============================] - ETA: 0s - loss: 1.2269 - accuracy: 0.5727
49/49 [==============================] - 2s 34ms/step - loss: 1.2269 - accuracy: 0.5727 - val_loss: 1.2307 - val_accuracy: 0.5720
Epoch 15/93

 1/49 [..............................] - ETA: 2s - loss: 1.2208 - accuracy: 0.5605
 4/49 [=>............................] - ETA: 0s - loss: 1.1999 - accuracy: 0.5852
 7/49 [===>..........................] - ETA: 0s - loss: 1.1893 - accuracy: 0.5883
10/49 [=====>........................] - ETA: 0s - loss: 1.1886 - accuracy: 0.5867
13/49 [======>.......................] - ETA: 0s - loss: 1.1994 - accuracy: 0.5810
16/49 [========>.....................] - ETA: 0s - loss: 1.1986 - accuracy: 0.5835
19/49 [==========>...................] - ETA: 0s - loss: 1.2022 - accuracy: 0.5822
22/49 [============>.................] - ETA: 0s - loss: 1.2108 - accuracy: 0.5787
25/49 [==============>...............] - ETA: 0s - loss: 1.2162 - accuracy: 0.5763
28/49 [================>.............] - ETA: 0s - loss: 1.2180 - accuracy: 0.5757
31/49 [=================>............] - ETA: 0s - loss: 1.2144 - accuracy: 0.5777
34/49 [===================>..........] - ETA: 0s - loss: 1.2129 - accuracy: 0.5787
37/49 [=====================>........] - ETA: 0s - loss: 1.2115 - accuracy: 0.5795
40/49 [=======================>......] - ETA: 0s - loss: 1.2139 - accuracy: 0.5786
43/49 [=========================>....] - ETA: 0s - loss: 1.2150 - accuracy: 0.5779
46/49 [===========================>..] - ETA: 0s - loss: 1.2171 - accuracy: 0.5763
49/49 [==============================] - ETA: 0s - loss: 1.2190 - accuracy: 0.5761
49/49 [==============================] - 2s 32ms/step - loss: 1.2190 - accuracy: 0.5761 - val_loss: 1.2968 - val_accuracy: 0.5449
Epoch 16/93

 1/49 [..............................] - ETA: 2s - loss: 1.1672 - accuracy: 0.5996
 4/49 [=>............................] - ETA: 1s - loss: 1.2244 - accuracy: 0.5706
 7/49 [===>..........................] - ETA: 0s - loss: 1.2125 - accuracy: 0.5742
10/49 [=====>........................] - ETA: 0s - loss: 1.2107 - accuracy: 0.5765
13/49 [======>.......................] - ETA: 0s - loss: 1.2122 - accuracy: 0.5759
16/49 [========>.....................] - ETA: 0s - loss: 1.2200 - accuracy: 0.5738
19/49 [==========>...................] - ETA: 0s - loss: 1.2203 - accuracy: 0.5729
22/49 [============>.................] - ETA: 0s - loss: 1.2204 - accuracy: 0.5742
25/49 [==============>...............] - ETA: 0s - loss: 1.2218 - accuracy: 0.5738
28/49 [================>.............] - ETA: 0s - loss: 1.2195 - accuracy: 0.5746
31/49 [=================>............] - ETA: 0s - loss: 1.2186 - accuracy: 0.5743
34/49 [===================>..........] - ETA: 0s - loss: 1.2191 - accuracy: 0.5743
37/49 [=====================>........] - ETA: 0s - loss: 1.2191 - accuracy: 0.5738
39/49 [======================>.......] - ETA: 0s - loss: 1.2185 - accuracy: 0.5741
42/49 [========================>.....] - ETA: 0s - loss: 1.2158 - accuracy: 0.5750
45/49 [==========================>...] - ETA: 0s - loss: 1.2206 - accuracy: 0.5745
48/49 [============================>.] - ETA: 0s - loss: 1.2204 - accuracy: 0.5743
49/49 [==============================] - 2s 34ms/step - loss: 1.2218 - accuracy: 0.5738 - val_loss: 1.2017 - val_accuracy: 0.5859
Epoch 17/93

 1/49 [..............................] - ETA: 2s - loss: 1.2003 - accuracy: 0.5742
 4/49 [=>............................] - ETA: 0s - loss: 1.2149 - accuracy: 0.5735
 7/49 [===>..........................] - ETA: 0s - loss: 1.1905 - accuracy: 0.5826
10/49 [=====>........................] - ETA: 0s - loss: 1.1911 - accuracy: 0.5840
12/49 [======>.......................] - ETA: 0s - loss: 1.1903 - accuracy: 0.5846
15/49 [========>.....................] - ETA: 0s - loss: 1.1882 - accuracy: 0.5860
18/49 [==========>...................] - ETA: 0s - loss: 1.1952 - accuracy: 0.5842
21/49 [===========>..................] - ETA: 0s - loss: 1.1930 - accuracy: 0.5845
24/49 [=============>................] - ETA: 0s - loss: 1.1965 - accuracy: 0.5841
27/49 [===============>..............] - ETA: 0s - loss: 1.2016 - accuracy: 0.5821
30/49 [=================>............] - ETA: 0s - loss: 1.2030 - accuracy: 0.5826
33/49 [===================>..........] - ETA: 0s - loss: 1.2029 - accuracy: 0.5826
36/49 [=====================>........] - ETA: 0s - loss: 1.2035 - accuracy: 0.5821
39/49 [======================>.......] - ETA: 0s - loss: 1.2034 - accuracy: 0.5818
42/49 [========================>.....] - ETA: 0s - loss: 1.2045 - accuracy: 0.5816
45/49 [==========================>...] - ETA: 0s - loss: 1.2019 - accuracy: 0.5823
48/49 [============================>.] - ETA: 0s - loss: 1.2035 - accuracy: 0.5821
49/49 [==============================] - 2s 34ms/step - loss: 1.2035 - accuracy: 0.5817 - val_loss: 1.3318 - val_accuracy: 0.5292
Epoch 18/93

 1/49 [..............................] - ETA: 2s - loss: 1.2052 - accuracy: 0.5713
 4/49 [=>............................] - ETA: 0s - loss: 1.2026 - accuracy: 0.5801
 7/49 [===>..........................] - ETA: 0s - loss: 1.1884 - accuracy: 0.5889
10/49 [=====>........................] - ETA: 0s - loss: 1.1917 - accuracy: 0.5859
13/49 [======>.......................] - ETA: 0s - loss: 1.1951 - accuracy: 0.5823
16/49 [========>.....................] - ETA: 0s - loss: 1.1943 - accuracy: 0.5829
19/49 [==========>...................] - ETA: 0s - loss: 1.1966 - accuracy: 0.5807
22/49 [============>.................] - ETA: 0s - loss: 1.1986 - accuracy: 0.5797
25/49 [==============>...............] - ETA: 0s - loss: 1.1999 - accuracy: 0.5787
28/49 [================>.............] - ETA: 0s - loss: 1.2012 - accuracy: 0.5791
31/49 [=================>............] - ETA: 0s - loss: 1.2008 - accuracy: 0.5803
35/49 [====================>.........] - ETA: 0s - loss: 1.2048 - accuracy: 0.5782
38/49 [======================>.......] - ETA: 0s - loss: 1.2035 - accuracy: 0.5785
41/49 [========================>.....] - ETA: 0s - loss: 1.2051 - accuracy: 0.5786
44/49 [=========================>....] - ETA: 0s - loss: 1.2038 - accuracy: 0.5789
47/49 [===========================>..] - ETA: 0s - loss: 1.2040 - accuracy: 0.5790
49/49 [==============================] - 2s 33ms/step - loss: 1.2042 - accuracy: 0.5786 - val_loss: 1.2216 - val_accuracy: 0.5718
Epoch 19/93

 1/49 [..............................] - ETA: 2s - loss: 1.1754 - accuracy: 0.5723
 4/49 [=>............................] - ETA: 1s - loss: 1.1970 - accuracy: 0.5845
 7/49 [===>..........................] - ETA: 0s - loss: 1.1976 - accuracy: 0.5866
10/49 [=====>........................] - ETA: 0s - loss: 1.1859 - accuracy: 0.5866
13/49 [======>.......................] - ETA: 0s - loss: 1.1873 - accuracy: 0.5871
16/49 [========>.....................] - ETA: 0s - loss: 1.1856 - accuracy: 0.5872
19/49 [==========>...................] - ETA: 0s - loss: 1.1883 - accuracy: 0.5866
22/49 [============>.................] - ETA: 0s - loss: 1.1879 - accuracy: 0.5863
25/49 [==============>...............] - ETA: 0s - loss: 1.1896 - accuracy: 0.5863
28/49 [================>.............] - ETA: 0s - loss: 1.1890 - accuracy: 0.5867
31/49 [=================>............] - ETA: 0s - loss: 1.1939 - accuracy: 0.5855
34/49 [===================>..........] - ETA: 0s - loss: 1.1967 - accuracy: 0.5846
37/49 [=====================>........] - ETA: 0s - loss: 1.1986 - accuracy: 0.5839
40/49 [=======================>......] - ETA: 0s - loss: 1.1975 - accuracy: 0.5838
43/49 [=========================>....] - ETA: 0s - loss: 1.1975 - accuracy: 0.5842
46/49 [===========================>..] - ETA: 0s - loss: 1.1972 - accuracy: 0.5843
49/49 [==============================] - ETA: 0s - loss: 1.1978 - accuracy: 0.5838
49/49 [==============================] - 2s 34ms/step - loss: 1.1978 - accuracy: 0.5838 - val_loss: 1.2337 - val_accuracy: 0.5711
Epoch 20/93

 1/49 [..............................] - ETA: 2s - loss: 1.1680 - accuracy: 0.5811
 4/49 [=>............................] - ETA: 0s - loss: 1.1542 - accuracy: 0.5977
 7/49 [===>..........................] - ETA: 0s - loss: 1.1706 - accuracy: 0.5912
10/49 [=====>........................] - ETA: 0s - loss: 1.1783 - accuracy: 0.5870
13/49 [======>.......................] - ETA: 0s - loss: 1.1859 - accuracy: 0.5856
16/49 [========>.....................] - ETA: 0s - loss: 1.1887 - accuracy: 0.5857
19/49 [==========>...................] - ETA: 0s - loss: 1.1838 - accuracy: 0.5875
22/49 [============>.................] - ETA: 0s - loss: 1.1914 - accuracy: 0.5859
25/49 [==============>...............] - ETA: 0s - loss: 1.1919 - accuracy: 0.5845
28/49 [================>.............] - ETA: 0s - loss: 1.1907 - accuracy: 0.5852
31/49 [=================>............] - ETA: 0s - loss: 1.1929 - accuracy: 0.5851
34/49 [===================>..........] - ETA: 0s - loss: 1.1933 - accuracy: 0.5860
37/49 [=====================>........] - ETA: 0s - loss: 1.1930 - accuracy: 0.5853
40/49 [=======================>......] - ETA: 0s - loss: 1.1959 - accuracy: 0.5842
43/49 [=========================>....] - ETA: 0s - loss: 1.1965 - accuracy: 0.5835
46/49 [===========================>..] - ETA: 0s - loss: 1.1982 - accuracy: 0.5831
49/49 [==============================] - ETA: 0s - loss: 1.1999 - accuracy: 0.5820
49/49 [==============================] - 2s 33ms/step - loss: 1.1999 - accuracy: 0.5820 - val_loss: 1.3046 - val_accuracy: 0.5449
Epoch 21/93

 1/49 [..............................] - ETA: 2s - loss: 1.1841 - accuracy: 0.5723
 4/49 [=>............................] - ETA: 0s - loss: 1.2002 - accuracy: 0.5747
 7/49 [===>..........................] - ETA: 0s - loss: 1.1905 - accuracy: 0.5809
10/49 [=====>........................] - ETA: 0s - loss: 1.2039 - accuracy: 0.5761
13/49 [======>.......................] - ETA: 0s - loss: 1.2021 - accuracy: 0.5751
16/49 [========>.....................] - ETA: 0s - loss: 1.2022 - accuracy: 0.5753
19/49 [==========>...................] - ETA: 0s - loss: 1.1933 - accuracy: 0.5795
22/49 [============>.................] - ETA: 0s - loss: 1.1978 - accuracy: 0.5775
25/49 [==============>...............] - ETA: 0s - loss: 1.1965 - accuracy: 0.5785
28/49 [================>.............] - ETA: 0s - loss: 1.1977 - accuracy: 0.5785
31/49 [=================>............] - ETA: 0s - loss: 1.1979 - accuracy: 0.5789
34/49 [===================>..........] - ETA: 0s - loss: 1.1989 - accuracy: 0.5792
37/49 [=====================>........] - ETA: 0s - loss: 1.1985 - accuracy: 0.5801
40/49 [=======================>......] - ETA: 0s - loss: 1.1989 - accuracy: 0.5793
44/49 [=========================>....] - ETA: 0s - loss: 1.1974 - accuracy: 0.5811
47/49 [===========================>..] - ETA: 0s - loss: 1.1956 - accuracy: 0.5819
49/49 [==============================] - 2s 33ms/step - loss: 1.1950 - accuracy: 0.5822 - val_loss: 1.2634 - val_accuracy: 0.5537
Epoch 21: early stopping

  1/313 [..............................] - ETA: 4s - loss: 0.7932 - accuracy: 0.6562
 29/313 [=>............................] - ETA: 0s - loss: 1.2723 - accuracy: 0.5517
 61/313 [====>.........................] - ETA: 0s - loss: 1.2664 - accuracy: 0.5543
 95/313 [========>.....................] - ETA: 0s - loss: 1.2804 - accuracy: 0.5530
128/313 [===========>..................] - ETA: 0s - loss: 1.2687 - accuracy: 0.5559
161/313 [==============>...............] - ETA: 0s - loss: 1.2510 - accuracy: 0.5615
192/313 [=================>............] - ETA: 0s - loss: 1.2548 - accuracy: 0.5599
225/313 [====================>.........] - ETA: 0s - loss: 1.2639 - accuracy: 0.5526
259/313 [=======================>......] - ETA: 0s - loss: 1.2647 - accuracy: 0.5516
294/313 [===========================>..] - ETA: 0s - loss: 1.2616 - accuracy: 0.5544
313/313 [==============================] - 1s 2ms/step - loss: 1.2634 - accuracy: 0.5537
