2024-06-26 07:53:13.861493: I tensorflow/core/platform/cpu_feature_guard.cc:193] This TensorFlow binary is optimized with oneAPI Deep Neural Network Library (oneDNN) to use the following CPU instructions in performance-critical operations:  AVX AVX2
To enable them in other operations, rebuild TensorFlow with the appropriate compiler flags.
2024-06-26 07:53:14.428534: I tensorflow/core/common_runtime/gpu/gpu_device.cc:1616] Created device /job:localhost/replica:0/task:0/device:GPU:0 with 6656 MB memory:  -> device: 0, name: NVIDIA GeForce RTX 4060 Ti, pci bus id: 0000:01:00.0, compute capability: 8.9
1 Physical GPUs, 1 Logical GPUs
Model: "sequential"
_________________________________________________________________
 Layer (type)                Output Shape              Param #   
=================================================================
 conv2d (Conv2D)             (None, 32, 32, 32)        896       
                                                                 
 batch_normalization (BatchN  (None, 32, 32, 32)       128       
 ormalization)                                                   
                                                                 
 conv2d_1 (Conv2D)           (None, 32, 32, 64)        18496     
                                                                 
 max_pooling2d (MaxPooling2D  (None, 16, 16, 64)       0         
 )                                                               
                                                                 
 dropout (Dropout)           (None, 16, 16, 64)        0         
                                                                 
 flatten (Flatten)           (None, 16384)             0         
                                                                 
 dense (Dense)               (None, 10)                163850    
                                                                 
=================================================================
Total params: 183,370
Trainable params: 183,306
Non-trainable params: 64
_________________________________________________________________
Taxa de aprendizado:  0.001 Num de épocas:  85 Tamanho do lote:  1024 Dropout:  0.368
Epoch 1/85
2024-06-26 07:53:16.005236: I tensorflow/stream_executor/cuda/cuda_dnn.cc:384] Loaded cuDNN version 8100
2024-06-26 07:53:16.970182: W tensorflow/stream_executor/gpu/redzone_allocator.cc:314] INTERNAL: ptxas exited with non-zero error code -1, output: 
Relying on driver to perform ptx compilation. 
Modify $PATH to customize ptxas location.
This message will be only logged once.
2024-06-26 07:53:18.605502: I tensorflow/stream_executor/cuda/cuda_blas.cc:1614] TensorFloat-32 will be used for the matrix multiplication. This will only be logged once.

 1/49 [..............................] - ETA: 4:08 - loss: 2.6511 - accuracy: 0.0801
 2/49 [>.............................] - ETA: 2s - loss: 3.5635 - accuracy: 0.1001  
 3/49 [>.............................] - ETA: 3s - loss: 3.8208 - accuracy: 0.0973
 4/49 [=>............................] - ETA: 3s - loss: 3.7972 - accuracy: 0.1138
 5/49 [==>...........................] - ETA: 3s - loss: 3.7225 - accuracy: 0.1293
 6/49 [==>...........................] - ETA: 3s - loss: 3.6126 - accuracy: 0.1392
 7/49 [===>..........................] - ETA: 2s - loss: 3.4818 - accuracy: 0.1473
 8/49 [===>..........................] - ETA: 2s - loss: 3.4113 - accuracy: 0.1571
 9/49 [====>.........................] - ETA: 2s - loss: 3.3864 - accuracy: 0.1615
10/49 [=====>........................] - ETA: 2s - loss: 3.3495 - accuracy: 0.1658
11/49 [=====>........................] - ETA: 2s - loss: 3.2844 - accuracy: 0.1689
12/49 [======>.......................] - ETA: 2s - loss: 3.2059 - accuracy: 0.1734
13/49 [======>.......................] - ETA: 2s - loss: 3.1293 - accuracy: 0.1803
14/49 [=======>......................] - ETA: 2s - loss: 3.0617 - accuracy: 0.1869
15/49 [========>.....................] - ETA: 2s - loss: 3.0124 - accuracy: 0.1886
16/49 [========>.....................] - ETA: 2s - loss: 2.9610 - accuracy: 0.1920
17/49 [=========>....................] - ETA: 2s - loss: 2.9092 - accuracy: 0.1963
18/49 [==========>...................] - ETA: 2s - loss: 2.8555 - accuracy: 0.2025
19/49 [==========>...................] - ETA: 2s - loss: 2.8048 - accuracy: 0.2085
20/49 [===========>..................] - ETA: 2s - loss: 2.7594 - accuracy: 0.2142
21/49 [===========>..................] - ETA: 2s - loss: 2.7172 - accuracy: 0.2198
22/49 [============>.................] - ETA: 2s - loss: 2.6828 - accuracy: 0.2236
23/49 [=============>................] - ETA: 2s - loss: 2.6495 - accuracy: 0.2272
24/49 [=============>................] - ETA: 2s - loss: 2.6183 - accuracy: 0.2316
25/49 [==============>...............] - ETA: 2s - loss: 2.5866 - accuracy: 0.2363
26/49 [==============>...............] - ETA: 2s - loss: 2.5577 - accuracy: 0.2407
27/49 [===============>..............] - ETA: 2s - loss: 2.5306 - accuracy: 0.2449
28/49 [================>.............] - ETA: 1s - loss: 2.5041 - accuracy: 0.2493
29/49 [================>.............] - ETA: 1s - loss: 2.4810 - accuracy: 0.2532
30/49 [=================>............] - ETA: 1s - loss: 2.4576 - accuracy: 0.2566
31/49 [=================>............] - ETA: 1s - loss: 2.4353 - accuracy: 0.2608
32/49 [==================>...........] - ETA: 1s - loss: 2.4140 - accuracy: 0.2644
33/49 [===================>..........] - ETA: 1s - loss: 2.3920 - accuracy: 0.2690
34/49 [===================>..........] - ETA: 1s - loss: 2.3750 - accuracy: 0.2711
35/49 [====================>.........] - ETA: 1s - loss: 2.3544 - accuracy: 0.2751
36/49 [=====================>........] - ETA: 1s - loss: 2.3359 - accuracy: 0.2790
37/49 [=====================>........] - ETA: 1s - loss: 2.3177 - accuracy: 0.2823
38/49 [======================>.......] - ETA: 0s - loss: 2.3004 - accuracy: 0.2858
39/49 [======================>.......] - ETA: 0s - loss: 2.2834 - accuracy: 0.2895
40/49 [=======================>......] - ETA: 0s - loss: 2.2674 - accuracy: 0.2926
41/49 [========================>.....] - ETA: 0s - loss: 2.2513 - accuracy: 0.2962
42/49 [========================>.....] - ETA: 0s - loss: 2.2374 - accuracy: 0.2983
43/49 [=========================>....] - ETA: 0s - loss: 2.2230 - accuracy: 0.3017
44/49 [=========================>....] - ETA: 0s - loss: 2.2087 - accuracy: 0.3046
45/49 [==========================>...] - ETA: 0s - loss: 2.1975 - accuracy: 0.3070
46/49 [===========================>..] - ETA: 0s - loss: 2.1843 - accuracy: 0.3103
47/49 [===========================>..] - ETA: 0s - loss: 2.1716 - accuracy: 0.3128
48/49 [============================>.] - ETA: 0s - loss: 2.1594 - accuracy: 0.3153
49/49 [==============================] - ETA: 0s - loss: 2.1477 - accuracy: 0.3178
49/49 [==============================] - 12s 142ms/step - loss: 2.1477 - accuracy: 0.3178 - val_loss: 2.1845 - val_accuracy: 0.2723
Epoch 2/85

 1/49 [..............................] - ETA: 6s - loss: 1.5274 - accuracy: 0.4512
 2/49 [>.............................] - ETA: 5s - loss: 1.5426 - accuracy: 0.4463
 3/49 [>.............................] - ETA: 4s - loss: 1.5362 - accuracy: 0.4512
 4/49 [=>............................] - ETA: 3s - loss: 1.5328 - accuracy: 0.4563
 5/49 [==>...........................] - ETA: 3s - loss: 1.5253 - accuracy: 0.4625
 6/49 [==>...........................] - ETA: 3s - loss: 1.5232 - accuracy: 0.4650
 7/49 [===>..........................] - ETA: 3s - loss: 1.5162 - accuracy: 0.4700
 8/49 [===>..........................] - ETA: 3s - loss: 1.5184 - accuracy: 0.4688
 9/49 [====>.........................] - ETA: 3s - loss: 1.5202 - accuracy: 0.4680
10/49 [=====>........................] - ETA: 2s - loss: 1.5125 - accuracy: 0.4705
11/49 [=====>........................] - ETA: 2s - loss: 1.5123 - accuracy: 0.4699
12/49 [======>.......................] - ETA: 2s - loss: 1.5112 - accuracy: 0.4716
13/49 [======>.......................] - ETA: 2s - loss: 1.5100 - accuracy: 0.4725
14/49 [=======>......................] - ETA: 2s - loss: 1.5062 - accuracy: 0.4722
15/49 [========>.....................] - ETA: 2s - loss: 1.5058 - accuracy: 0.4706
16/49 [========>.....................] - ETA: 2s - loss: 1.5017 - accuracy: 0.4715
17/49 [=========>....................] - ETA: 2s - loss: 1.5003 - accuracy: 0.4711
18/49 [==========>...................] - ETA: 2s - loss: 1.5002 - accuracy: 0.4709
19/49 [==========>...................] - ETA: 2s - loss: 1.4968 - accuracy: 0.4722
20/49 [===========>..................] - ETA: 2s - loss: 1.4945 - accuracy: 0.4721
21/49 [===========>..................] - ETA: 2s - loss: 1.4924 - accuracy: 0.4724
22/49 [============>.................] - ETA: 2s - loss: 1.4916 - accuracy: 0.4727
23/49 [=============>................] - ETA: 2s - loss: 1.4909 - accuracy: 0.4730
24/49 [=============>................] - ETA: 2s - loss: 1.4883 - accuracy: 0.4746
25/49 [==============>...............] - ETA: 2s - loss: 1.4835 - accuracy: 0.4767
26/49 [==============>...............] - ETA: 2s - loss: 1.4826 - accuracy: 0.4762
27/49 [===============>..............] - ETA: 1s - loss: 1.4804 - accuracy: 0.4764
28/49 [================>.............] - ETA: 1s - loss: 1.4778 - accuracy: 0.4778
29/49 [================>.............] - ETA: 1s - loss: 1.4738 - accuracy: 0.4798
30/49 [=================>............] - ETA: 1s - loss: 1.4724 - accuracy: 0.4803
31/49 [=================>............] - ETA: 1s - loss: 1.4699 - accuracy: 0.4812
32/49 [==================>...........] - ETA: 1s - loss: 1.4707 - accuracy: 0.4807
33/49 [===================>..........] - ETA: 1s - loss: 1.4678 - accuracy: 0.4820
34/49 [===================>..........] - ETA: 1s - loss: 1.4659 - accuracy: 0.4822
35/49 [====================>.........] - ETA: 1s - loss: 1.4649 - accuracy: 0.4828
36/49 [=====================>........] - ETA: 1s - loss: 1.4618 - accuracy: 0.4841
37/49 [=====================>........] - ETA: 1s - loss: 1.4617 - accuracy: 0.4842
38/49 [======================>.......] - ETA: 0s - loss: 1.4601 - accuracy: 0.4846
39/49 [======================>.......] - ETA: 0s - loss: 1.4577 - accuracy: 0.4858
40/49 [=======================>......] - ETA: 0s - loss: 1.4543 - accuracy: 0.4869
41/49 [========================>.....] - ETA: 0s - loss: 1.4536 - accuracy: 0.4869
42/49 [========================>.....] - ETA: 0s - loss: 1.4507 - accuracy: 0.4883
43/49 [=========================>....] - ETA: 0s - loss: 1.4491 - accuracy: 0.4888
44/49 [=========================>....] - ETA: 0s - loss: 1.4471 - accuracy: 0.4894
45/49 [==========================>...] - ETA: 0s - loss: 1.4446 - accuracy: 0.4900
46/49 [===========================>..] - ETA: 0s - loss: 1.4417 - accuracy: 0.4909
47/49 [===========================>..] - ETA: 0s - loss: 1.4392 - accuracy: 0.4915
48/49 [============================>.] - ETA: 0s - loss: 1.4374 - accuracy: 0.4922
49/49 [==============================] - ETA: 0s - loss: 1.4365 - accuracy: 0.4928
49/49 [==============================] - 5s 107ms/step - loss: 1.4365 - accuracy: 0.4928 - val_loss: 2.1122 - val_accuracy: 0.3441
Epoch 3/85

 1/49 [..............................] - ETA: 4s - loss: 1.2969 - accuracy: 0.5479
 2/49 [>.............................] - ETA: 2s - loss: 1.2811 - accuracy: 0.5610
 3/49 [>.............................] - ETA: 2s - loss: 1.2881 - accuracy: 0.5473
 4/49 [=>............................] - ETA: 3s - loss: 1.2927 - accuracy: 0.5480
 5/49 [==>...........................] - ETA: 2s - loss: 1.2800 - accuracy: 0.5562
 6/49 [==>...........................] - ETA: 2s - loss: 1.2832 - accuracy: 0.5551
 7/49 [===>..........................] - ETA: 2s - loss: 1.2851 - accuracy: 0.5533
 8/49 [===>..........................] - ETA: 2s - loss: 1.2834 - accuracy: 0.5544
 9/49 [====>.........................] - ETA: 2s - loss: 1.2860 - accuracy: 0.5529
10/49 [=====>........................] - ETA: 2s - loss: 1.2825 - accuracy: 0.5543
11/49 [=====>........................] - ETA: 2s - loss: 1.2829 - accuracy: 0.5549
12/49 [======>.......................] - ETA: 2s - loss: 1.2805 - accuracy: 0.5556
13/49 [======>.......................] - ETA: 2s - loss: 1.2807 - accuracy: 0.5557
14/49 [=======>......................] - ETA: 2s - loss: 1.2766 - accuracy: 0.5583
15/49 [========>.....................] - ETA: 2s - loss: 1.2751 - accuracy: 0.5567
16/49 [========>.....................] - ETA: 2s - loss: 1.2761 - accuracy: 0.5562
17/49 [=========>....................] - ETA: 2s - loss: 1.2807 - accuracy: 0.5541
18/49 [==========>...................] - ETA: 2s - loss: 1.2751 - accuracy: 0.5563
19/49 [==========>...................] - ETA: 2s - loss: 1.2745 - accuracy: 0.5563
20/49 [===========>..................] - ETA: 2s - loss: 1.2721 - accuracy: 0.5560
21/49 [===========>..................] - ETA: 2s - loss: 1.2722 - accuracy: 0.5558
22/49 [============>.................] - ETA: 2s - loss: 1.2720 - accuracy: 0.5559
23/49 [=============>................] - ETA: 2s - loss: 1.2696 - accuracy: 0.5563
24/49 [=============>................] - ETA: 2s - loss: 1.2675 - accuracy: 0.5568
25/49 [==============>...............] - ETA: 2s - loss: 1.2667 - accuracy: 0.5569
26/49 [==============>...............] - ETA: 2s - loss: 1.2648 - accuracy: 0.5571
27/49 [===============>..............] - ETA: 2s - loss: 1.2636 - accuracy: 0.5577
28/49 [================>.............] - ETA: 1s - loss: 1.2659 - accuracy: 0.5566
29/49 [================>.............] - ETA: 1s - loss: 1.2653 - accuracy: 0.5573
30/49 [=================>............] - ETA: 1s - loss: 1.2635 - accuracy: 0.5574
31/49 [=================>............] - ETA: 1s - loss: 1.2617 - accuracy: 0.5580
32/49 [==================>...........] - ETA: 1s - loss: 1.2601 - accuracy: 0.5589
33/49 [===================>..........] - ETA: 1s - loss: 1.2585 - accuracy: 0.5596
34/49 [===================>..........] - ETA: 1s - loss: 1.2568 - accuracy: 0.5597
35/49 [====================>.........] - ETA: 1s - loss: 1.2536 - accuracy: 0.5613
36/49 [=====================>........] - ETA: 1s - loss: 1.2517 - accuracy: 0.5623
37/49 [=====================>........] - ETA: 1s - loss: 1.2501 - accuracy: 0.5632
38/49 [======================>.......] - ETA: 0s - loss: 1.2485 - accuracy: 0.5637
39/49 [======================>.......] - ETA: 0s - loss: 1.2453 - accuracy: 0.5647
40/49 [=======================>......] - ETA: 0s - loss: 1.2443 - accuracy: 0.5646
41/49 [========================>.....] - ETA: 0s - loss: 1.2417 - accuracy: 0.5657
42/49 [========================>.....] - ETA: 0s - loss: 1.2400 - accuracy: 0.5661
43/49 [=========================>....] - ETA: 0s - loss: 1.2402 - accuracy: 0.5663
44/49 [=========================>....] - ETA: 0s - loss: 1.2395 - accuracy: 0.5666
45/49 [==========================>...] - ETA: 0s - loss: 1.2385 - accuracy: 0.5670
46/49 [===========================>..] - ETA: 0s - loss: 1.2388 - accuracy: 0.5665
47/49 [===========================>..] - ETA: 0s - loss: 1.2371 - accuracy: 0.5671
48/49 [============================>.] - ETA: 0s - loss: 1.2350 - accuracy: 0.5679
49/49 [==============================] - ETA: 0s - loss: 1.2339 - accuracy: 0.5681
49/49 [==============================] - 5s 108ms/step - loss: 1.2339 - accuracy: 0.5681 - val_loss: 2.0525 - val_accuracy: 0.3676
Epoch 4/85

 1/49 [..............................] - ETA: 5s - loss: 1.1019 - accuracy: 0.6143
 2/49 [>.............................] - ETA: 3s - loss: 1.1189 - accuracy: 0.6099
 3/49 [>.............................] - ETA: 3s - loss: 1.1038 - accuracy: 0.6143
 4/49 [=>............................] - ETA: 3s - loss: 1.1140 - accuracy: 0.6077
 5/49 [==>...........................] - ETA: 3s - loss: 1.1128 - accuracy: 0.6076
 6/49 [==>...........................] - ETA: 3s - loss: 1.1151 - accuracy: 0.6081
 7/49 [===>..........................] - ETA: 3s - loss: 1.1229 - accuracy: 0.6023
 8/49 [===>..........................] - ETA: 3s - loss: 1.1190 - accuracy: 0.6058
 9/49 [====>.........................] - ETA: 3s - loss: 1.1131 - accuracy: 0.6092
10/49 [=====>........................] - ETA: 3s - loss: 1.1078 - accuracy: 0.6113
11/49 [=====>........................] - ETA: 3s - loss: 1.1070 - accuracy: 0.6104
12/49 [======>.......................] - ETA: 3s - loss: 1.1096 - accuracy: 0.6096
13/49 [======>.......................] - ETA: 3s - loss: 1.1072 - accuracy: 0.6102
14/49 [=======>......................] - ETA: 3s - loss: 1.1070 - accuracy: 0.6104
15/49 [========>.....................] - ETA: 3s - loss: 1.1100 - accuracy: 0.6099
16/49 [========>.....................] - ETA: 3s - loss: 1.1098 - accuracy: 0.6107
17/49 [=========>....................] - ETA: 3s - loss: 1.1083 - accuracy: 0.6124
18/49 [==========>...................] - ETA: 3s - loss: 1.1067 - accuracy: 0.6133
19/49 [==========>...................] - ETA: 3s - loss: 1.1047 - accuracy: 0.6143
20/49 [===========>..................] - ETA: 3s - loss: 1.1067 - accuracy: 0.6131
21/49 [===========>..................] - ETA: 2s - loss: 1.1079 - accuracy: 0.6128
22/49 [============>.................] - ETA: 2s - loss: 1.1061 - accuracy: 0.6143
23/49 [=============>................] - ETA: 2s - loss: 1.1032 - accuracy: 0.6152
24/49 [=============>................] - ETA: 2s - loss: 1.1031 - accuracy: 0.6155
25/49 [==============>...............] - ETA: 2s - loss: 1.1045 - accuracy: 0.6147
26/49 [==============>...............] - ETA: 2s - loss: 1.1048 - accuracy: 0.6134
27/49 [===============>..............] - ETA: 2s - loss: 1.1056 - accuracy: 0.6135
28/49 [================>.............] - ETA: 1s - loss: 1.1065 - accuracy: 0.6128
29/49 [================>.............] - ETA: 1s - loss: 1.1042 - accuracy: 0.6131
30/49 [=================>............] - ETA: 1s - loss: 1.1053 - accuracy: 0.6124
31/49 [=================>............] - ETA: 1s - loss: 1.1044 - accuracy: 0.6127
32/49 [==================>...........] - ETA: 1s - loss: 1.1054 - accuracy: 0.6125
33/49 [===================>..........] - ETA: 1s - loss: 1.1071 - accuracy: 0.6121
34/49 [===================>..........] - ETA: 1s - loss: 1.1059 - accuracy: 0.6129
35/49 [====================>.........] - ETA: 1s - loss: 1.1057 - accuracy: 0.6129
36/49 [=====================>........] - ETA: 1s - loss: 1.1064 - accuracy: 0.6125
37/49 [=====================>........] - ETA: 1s - loss: 1.1060 - accuracy: 0.6121
38/49 [======================>.......] - ETA: 1s - loss: 1.1060 - accuracy: 0.6125
39/49 [======================>.......] - ETA: 0s - loss: 1.1060 - accuracy: 0.6126
40/49 [=======================>......] - ETA: 0s - loss: 1.1077 - accuracy: 0.6122
41/49 [========================>.....] - ETA: 0s - loss: 1.1067 - accuracy: 0.6121
42/49 [========================>.....] - ETA: 0s - loss: 1.1050 - accuracy: 0.6126
43/49 [=========================>....] - ETA: 0s - loss: 1.1040 - accuracy: 0.6128
44/49 [=========================>....] - ETA: 0s - loss: 1.1037 - accuracy: 0.6131
45/49 [==========================>...] - ETA: 0s - loss: 1.1032 - accuracy: 0.6135
46/49 [===========================>..] - ETA: 0s - loss: 1.1037 - accuracy: 0.6129
47/49 [===========================>..] - ETA: 0s - loss: 1.1023 - accuracy: 0.6135
48/49 [============================>.] - ETA: 0s - loss: 1.1020 - accuracy: 0.6139
49/49 [==============================] - ETA: 0s - loss: 1.1007 - accuracy: 0.6142
49/49 [==============================] - 5s 110ms/step - loss: 1.1007 - accuracy: 0.6142 - val_loss: 2.0214 - val_accuracy: 0.4918
Epoch 5/85

 1/49 [..............................] - ETA: 6s - loss: 1.0341 - accuracy: 0.6289
 2/49 [>.............................] - ETA: 5s - loss: 1.0600 - accuracy: 0.6240
 3/49 [>.............................] - ETA: 5s - loss: 1.0821 - accuracy: 0.6159
 4/49 [=>............................] - ETA: 5s - loss: 1.0679 - accuracy: 0.6216
 5/49 [==>...........................] - ETA: 5s - loss: 1.0526 - accuracy: 0.6262
 6/49 [==>...........................] - ETA: 4s - loss: 1.0468 - accuracy: 0.6317
 7/49 [===>..........................] - ETA: 4s - loss: 1.0509 - accuracy: 0.6286
 8/49 [===>..........................] - ETA: 4s - loss: 1.0477 - accuracy: 0.6323
 9/49 [====>.........................] - ETA: 4s - loss: 1.0454 - accuracy: 0.6337
10/49 [=====>........................] - ETA: 4s - loss: 1.0399 - accuracy: 0.6360
11/49 [=====>........................] - ETA: 4s - loss: 1.0339 - accuracy: 0.6380
12/49 [======>.......................] - ETA: 4s - loss: 1.0308 - accuracy: 0.6388
13/49 [======>.......................] - ETA: 4s - loss: 1.0285 - accuracy: 0.6391
14/49 [=======>......................] - ETA: 3s - loss: 1.0287 - accuracy: 0.6386
15/49 [========>.....................] - ETA: 3s - loss: 1.0260 - accuracy: 0.6410
16/49 [========>.....................] - ETA: 3s - loss: 1.0293 - accuracy: 0.6404
17/49 [=========>....................] - ETA: 3s - loss: 1.0266 - accuracy: 0.6414
18/49 [==========>...................] - ETA: 3s - loss: 1.0261 - accuracy: 0.6424
19/49 [==========>...................] - ETA: 3s - loss: 1.0253 - accuracy: 0.6429
20/49 [===========>..................] - ETA: 2s - loss: 1.0246 - accuracy: 0.6431
21/49 [===========>..................] - ETA: 2s - loss: 1.0212 - accuracy: 0.6440
22/49 [============>.................] - ETA: 2s - loss: 1.0171 - accuracy: 0.6455
23/49 [=============>................] - ETA: 2s - loss: 1.0143 - accuracy: 0.6475
24/49 [=============>................] - ETA: 2s - loss: 1.0140 - accuracy: 0.6474
25/49 [==============>...............] - ETA: 2s - loss: 1.0134 - accuracy: 0.6473
26/49 [==============>...............] - ETA: 2s - loss: 1.0126 - accuracy: 0.6474
27/49 [===============>..............] - ETA: 2s - loss: 1.0138 - accuracy: 0.6469
28/49 [================>.............] - ETA: 1s - loss: 1.0133 - accuracy: 0.6468
29/49 [================>.............] - ETA: 1s - loss: 1.0119 - accuracy: 0.6472
30/49 [=================>............] - ETA: 1s - loss: 1.0120 - accuracy: 0.6469
31/49 [=================>............] - ETA: 1s - loss: 1.0100 - accuracy: 0.6472
32/49 [==================>...........] - ETA: 1s - loss: 1.0098 - accuracy: 0.6474
33/49 [===================>..........] - ETA: 1s - loss: 1.0079 - accuracy: 0.6482
34/49 [===================>..........] - ETA: 1s - loss: 1.0068 - accuracy: 0.6490
35/49 [====================>.........] - ETA: 1s - loss: 1.0066 - accuracy: 0.6491
36/49 [=====================>........] - ETA: 1s - loss: 1.0074 - accuracy: 0.6496
37/49 [=====================>........] - ETA: 1s - loss: 1.0052 - accuracy: 0.6501
38/49 [======================>.......] - ETA: 1s - loss: 1.0046 - accuracy: 0.6504
39/49 [======================>.......] - ETA: 0s - loss: 1.0035 - accuracy: 0.6507
40/49 [=======================>......] - ETA: 0s - loss: 1.0012 - accuracy: 0.6519
41/49 [========================>.....] - ETA: 0s - loss: 1.0002 - accuracy: 0.6525
42/49 [========================>.....] - ETA: 0s - loss: 1.0002 - accuracy: 0.6524
43/49 [=========================>....] - ETA: 0s - loss: 1.0004 - accuracy: 0.6525
44/49 [=========================>....] - ETA: 0s - loss: 1.0002 - accuracy: 0.6525
45/49 [==========================>...] - ETA: 0s - loss: 1.0007 - accuracy: 0.6522
46/49 [===========================>..] - ETA: 0s - loss: 0.9992 - accuracy: 0.6532
47/49 [===========================>..] - ETA: 0s - loss: 0.9974 - accuracy: 0.6536
48/49 [============================>.] - ETA: 0s - loss: 0.9980 - accuracy: 0.6534
49/49 [==============================] - ETA: 0s - loss: 0.9980 - accuracy: 0.6536
49/49 [==============================] - 5s 107ms/step - loss: 0.9980 - accuracy: 0.6536 - val_loss: 2.0027 - val_accuracy: 0.5295
Epoch 6/85

 1/49 [..............................] - ETA: 4s - loss: 0.9003 - accuracy: 0.6748
 2/49 [>.............................] - ETA: 2s - loss: 0.8966 - accuracy: 0.6797
 3/49 [>.............................] - ETA: 3s - loss: 0.9010 - accuracy: 0.6797
 4/49 [=>............................] - ETA: 3s - loss: 0.9107 - accuracy: 0.6746
 5/49 [==>...........................] - ETA: 3s - loss: 0.9179 - accuracy: 0.6748
 6/49 [==>...........................] - ETA: 2s - loss: 0.9154 - accuracy: 0.6761
 7/49 [===>..........................] - ETA: 2s - loss: 0.9248 - accuracy: 0.6740
 8/49 [===>..........................] - ETA: 2s - loss: 0.9294 - accuracy: 0.6722
 9/49 [====>.........................] - ETA: 2s - loss: 0.9341 - accuracy: 0.6719
10/49 [=====>........................] - ETA: 2s - loss: 0.9334 - accuracy: 0.6719
11/49 [=====>........................] - ETA: 2s - loss: 0.9335 - accuracy: 0.6727
13/49 [======>.......................] - ETA: 2s - loss: 0.9312 - accuracy: 0.6741
15/49 [========>.....................] - ETA: 2s - loss: 0.9344 - accuracy: 0.6740
16/49 [========>.....................] - ETA: 2s - loss: 0.9327 - accuracy: 0.6741
18/49 [==========>...................] - ETA: 1s - loss: 0.9274 - accuracy: 0.6752
20/49 [===========>..................] - ETA: 1s - loss: 0.9262 - accuracy: 0.6753
21/49 [===========>..................] - ETA: 1s - loss: 0.9262 - accuracy: 0.6755
23/49 [=============>................] - ETA: 1s - loss: 0.9244 - accuracy: 0.6756
24/49 [=============>................] - ETA: 1s - loss: 0.9264 - accuracy: 0.6753
26/49 [==============>...............] - ETA: 1s - loss: 0.9260 - accuracy: 0.6749
27/49 [===============>..............] - ETA: 1s - loss: 0.9267 - accuracy: 0.6742
29/49 [================>.............] - ETA: 1s - loss: 0.9251 - accuracy: 0.6748
30/49 [=================>............] - ETA: 1s - loss: 0.9246 - accuracy: 0.6755
32/49 [==================>...........] - ETA: 0s - loss: 0.9259 - accuracy: 0.6751
33/49 [===================>..........] - ETA: 0s - loss: 0.9248 - accuracy: 0.6755
35/49 [====================>.........] - ETA: 0s - loss: 0.9229 - accuracy: 0.6766
36/49 [=====================>........] - ETA: 0s - loss: 0.9218 - accuracy: 0.6766
38/49 [======================>.......] - ETA: 0s - loss: 0.9237 - accuracy: 0.6761
39/49 [======================>.......] - ETA: 0s - loss: 0.9234 - accuracy: 0.6765
41/49 [========================>.....] - ETA: 0s - loss: 0.9231 - accuracy: 0.6770
42/49 [========================>.....] - ETA: 0s - loss: 0.9214 - accuracy: 0.6775
44/49 [=========================>....] - ETA: 0s - loss: 0.9228 - accuracy: 0.6771
46/49 [===========================>..] - ETA: 0s - loss: 0.9240 - accuracy: 0.6764
48/49 [============================>.] - ETA: 0s - loss: 0.9227 - accuracy: 0.6768
49/49 [==============================] - ETA: 0s - loss: 0.9221 - accuracy: 0.6769
49/49 [==============================] - 3s 70ms/step - loss: 0.9221 - accuracy: 0.6769 - val_loss: 1.9129 - val_accuracy: 0.5600
Epoch 7/85

 1/49 [..............................] - ETA: 3s - loss: 0.8801 - accuracy: 0.6904
 3/49 [>.............................] - ETA: 2s - loss: 0.8722 - accuracy: 0.6969
 4/49 [=>............................] - ETA: 2s - loss: 0.8731 - accuracy: 0.6948
 6/49 [==>...........................] - ETA: 2s - loss: 0.8665 - accuracy: 0.6982
 8/49 [===>..........................] - ETA: 2s - loss: 0.8689 - accuracy: 0.6964
10/49 [=====>........................] - ETA: 2s - loss: 0.8663 - accuracy: 0.6951
12/49 [======>.......................] - ETA: 1s - loss: 0.8645 - accuracy: 0.6968
14/49 [=======>......................] - ETA: 1s - loss: 0.8670 - accuracy: 0.6959
16/49 [========>.....................] - ETA: 1s - loss: 0.8719 - accuracy: 0.6961
18/49 [==========>...................] - ETA: 1s - loss: 0.8719 - accuracy: 0.6963
20/49 [===========>..................] - ETA: 1s - loss: 0.8723 - accuracy: 0.6964
22/49 [============>.................] - ETA: 1s - loss: 0.8733 - accuracy: 0.6954
23/49 [=============>................] - ETA: 1s - loss: 0.8716 - accuracy: 0.6956
25/49 [==============>...............] - ETA: 1s - loss: 0.8728 - accuracy: 0.6947
26/49 [==============>...............] - ETA: 1s - loss: 0.8741 - accuracy: 0.6949
28/49 [================>.............] - ETA: 1s - loss: 0.8720 - accuracy: 0.6958
29/49 [================>.............] - ETA: 1s - loss: 0.8727 - accuracy: 0.6954
31/49 [=================>............] - ETA: 0s - loss: 0.8711 - accuracy: 0.6964
32/49 [==================>...........] - ETA: 0s - loss: 0.8701 - accuracy: 0.6969
33/49 [===================>..........] - ETA: 0s - loss: 0.8682 - accuracy: 0.6979
35/49 [====================>.........] - ETA: 0s - loss: 0.8664 - accuracy: 0.6977
36/49 [=====================>........] - ETA: 0s - loss: 0.8642 - accuracy: 0.6991
38/49 [======================>.......] - ETA: 0s - loss: 0.8626 - accuracy: 0.6996
39/49 [======================>.......] - ETA: 0s - loss: 0.8636 - accuracy: 0.6993
41/49 [========================>.....] - ETA: 0s - loss: 0.8642 - accuracy: 0.6990
42/49 [========================>.....] - ETA: 0s - loss: 0.8651 - accuracy: 0.6987
44/49 [=========================>....] - ETA: 0s - loss: 0.8653 - accuracy: 0.6987
45/49 [==========================>...] - ETA: 0s - loss: 0.8643 - accuracy: 0.6990
46/49 [===========================>..] - ETA: 0s - loss: 0.8656 - accuracy: 0.6989
47/49 [===========================>..] - ETA: 0s - loss: 0.8671 - accuracy: 0.6985
48/49 [============================>.] - ETA: 0s - loss: 0.8671 - accuracy: 0.6987
49/49 [==============================] - ETA: 0s - loss: 0.8666 - accuracy: 0.6989
49/49 [==============================] - 3s 63ms/step - loss: 0.8666 - accuracy: 0.6989 - val_loss: 1.7806 - val_accuracy: 0.5888
Epoch 8/85

 1/49 [..............................] - ETA: 3s - loss: 0.8255 - accuracy: 0.7236
 2/49 [>.............................] - ETA: 2s - loss: 0.8332 - accuracy: 0.7197
 3/49 [>.............................] - ETA: 2s - loss: 0.8257 - accuracy: 0.7191
 5/49 [==>...........................] - ETA: 2s - loss: 0.8232 - accuracy: 0.7203
 7/49 [===>..........................] - ETA: 2s - loss: 0.8261 - accuracy: 0.7162
 8/49 [===>..........................] - ETA: 2s - loss: 0.8274 - accuracy: 0.7159
10/49 [=====>........................] - ETA: 2s - loss: 0.8181 - accuracy: 0.7187
12/49 [======>.......................] - ETA: 1s - loss: 0.8195 - accuracy: 0.7178
14/49 [=======>......................] - ETA: 1s - loss: 0.8224 - accuracy: 0.7183
16/49 [========>.....................] - ETA: 1s - loss: 0.8177 - accuracy: 0.7189
17/49 [=========>....................] - ETA: 1s - loss: 0.8186 - accuracy: 0.7179
19/49 [==========>...................] - ETA: 1s - loss: 0.8214 - accuracy: 0.7176
20/49 [===========>..................] - ETA: 1s - loss: 0.8221 - accuracy: 0.7179
22/49 [============>.................] - ETA: 1s - loss: 0.8200 - accuracy: 0.7173
24/49 [=============>................] - ETA: 1s - loss: 0.8237 - accuracy: 0.7155
26/49 [==============>...............] - ETA: 1s - loss: 0.8225 - accuracy: 0.7168
27/49 [===============>..............] - ETA: 1s - loss: 0.8240 - accuracy: 0.7157
28/49 [================>.............] - ETA: 1s - loss: 0.8239 - accuracy: 0.7162
30/49 [=================>............] - ETA: 0s - loss: 0.8263 - accuracy: 0.7154
31/49 [=================>............] - ETA: 0s - loss: 0.8271 - accuracy: 0.7153
32/49 [==================>...........] - ETA: 0s - loss: 0.8264 - accuracy: 0.7156
33/49 [===================>..........] - ETA: 0s - loss: 0.8278 - accuracy: 0.7150
34/49 [===================>..........] - ETA: 0s - loss: 0.8270 - accuracy: 0.7150
35/49 [====================>.........] - ETA: 0s - loss: 0.8263 - accuracy: 0.7153
36/49 [=====================>........] - ETA: 0s - loss: 0.8277 - accuracy: 0.7150
37/49 [=====================>........] - ETA: 0s - loss: 0.8269 - accuracy: 0.7151
38/49 [======================>.......] - ETA: 0s - loss: 0.8275 - accuracy: 0.7148
39/49 [======================>.......] - ETA: 0s - loss: 0.8264 - accuracy: 0.7150
40/49 [=======================>......] - ETA: 0s - loss: 0.8266 - accuracy: 0.7149
41/49 [========================>.....] - ETA: 0s - loss: 0.8265 - accuracy: 0.7149
42/49 [========================>.....] - ETA: 0s - loss: 0.8263 - accuracy: 0.7149
43/49 [=========================>....] - ETA: 0s - loss: 0.8253 - accuracy: 0.7153
44/49 [=========================>....] - ETA: 0s - loss: 0.8243 - accuracy: 0.7156
45/49 [==========================>...] - ETA: 0s - loss: 0.8254 - accuracy: 0.7151
46/49 [===========================>..] - ETA: 0s - loss: 0.8244 - accuracy: 0.7155
47/49 [===========================>..] - ETA: 0s - loss: 0.8242 - accuracy: 0.7154
48/49 [============================>.] - ETA: 0s - loss: 0.8251 - accuracy: 0.7154
49/49 [==============================] - ETA: 0s - loss: 0.8246 - accuracy: 0.7158
49/49 [==============================] - 3s 70ms/step - loss: 0.8246 - accuracy: 0.7158 - val_loss: 1.5937 - val_accuracy: 0.6255
Epoch 9/85

 1/49 [..............................] - ETA: 4s - loss: 0.8063 - accuracy: 0.7129
 2/49 [>.............................] - ETA: 2s - loss: 0.8240 - accuracy: 0.7061
 3/49 [>.............................] - ETA: 3s - loss: 0.8154 - accuracy: 0.7077
 4/49 [=>............................] - ETA: 3s - loss: 0.8146 - accuracy: 0.7092
 5/49 [==>...........................] - ETA: 3s - loss: 0.7980 - accuracy: 0.7166
 6/49 [==>...........................] - ETA: 3s - loss: 0.7971 - accuracy: 0.7173
 7/49 [===>..........................] - ETA: 2s - loss: 0.7991 - accuracy: 0.7171
 8/49 [===>..........................] - ETA: 2s - loss: 0.8008 - accuracy: 0.7173
 9/49 [====>.........................] - ETA: 2s - loss: 0.8008 - accuracy: 0.7189
10/49 [=====>........................] - ETA: 2s - loss: 0.7952 - accuracy: 0.7204
12/49 [======>.......................] - ETA: 2s - loss: 0.7889 - accuracy: 0.7236
13/49 [======>.......................] - ETA: 2s - loss: 0.7904 - accuracy: 0.7236
14/49 [=======>......................] - ETA: 2s - loss: 0.7905 - accuracy: 0.7239
15/49 [========>.....................] - ETA: 2s - loss: 0.7914 - accuracy: 0.7237
16/49 [========>.....................] - ETA: 2s - loss: 0.7868 - accuracy: 0.7259
17/49 [=========>....................] - ETA: 2s - loss: 0.7897 - accuracy: 0.7245
18/49 [==========>...................] - ETA: 2s - loss: 0.7864 - accuracy: 0.7261
19/49 [==========>...................] - ETA: 2s - loss: 0.7862 - accuracy: 0.7265
20/49 [===========>..................] - ETA: 2s - loss: 0.7860 - accuracy: 0.7268
21/49 [===========>..................] - ETA: 1s - loss: 0.7861 - accuracy: 0.7266
22/49 [============>.................] - ETA: 1s - loss: 0.7858 - accuracy: 0.7273
23/49 [=============>................] - ETA: 1s - loss: 0.7850 - accuracy: 0.7279
24/49 [=============>................] - ETA: 1s - loss: 0.7844 - accuracy: 0.7285
25/49 [==============>...............] - ETA: 1s - loss: 0.7832 - accuracy: 0.7289
26/49 [==============>...............] - ETA: 1s - loss: 0.7824 - accuracy: 0.7296
27/49 [===============>..............] - ETA: 1s - loss: 0.7829 - accuracy: 0.7293
28/49 [================>.............] - ETA: 1s - loss: 0.7846 - accuracy: 0.7283
29/49 [================>.............] - ETA: 1s - loss: 0.7843 - accuracy: 0.7279
30/49 [=================>............] - ETA: 1s - loss: 0.7827 - accuracy: 0.7289
31/49 [=================>............] - ETA: 1s - loss: 0.7820 - accuracy: 0.7291
32/49 [==================>...........] - ETA: 1s - loss: 0.7826 - accuracy: 0.7287
33/49 [===================>..........] - ETA: 1s - loss: 0.7831 - accuracy: 0.7287
34/49 [===================>..........] - ETA: 1s - loss: 0.7827 - accuracy: 0.7290
35/49 [====================>.........] - ETA: 0s - loss: 0.7826 - accuracy: 0.7289
36/49 [=====================>........] - ETA: 0s - loss: 0.7812 - accuracy: 0.7294
37/49 [=====================>........] - ETA: 0s - loss: 0.7825 - accuracy: 0.7291
38/49 [======================>.......] - ETA: 0s - loss: 0.7832 - accuracy: 0.7290
39/49 [======================>.......] - ETA: 0s - loss: 0.7821 - accuracy: 0.7298
40/49 [=======================>......] - ETA: 0s - loss: 0.7834 - accuracy: 0.7287
41/49 [========================>.....] - ETA: 0s - loss: 0.7833 - accuracy: 0.7286
42/49 [========================>.....] - ETA: 0s - loss: 0.7835 - accuracy: 0.7289
43/49 [=========================>....] - ETA: 0s - loss: 0.7840 - accuracy: 0.7285
44/49 [=========================>....] - ETA: 0s - loss: 0.7844 - accuracy: 0.7283
45/49 [==========================>...] - ETA: 0s - loss: 0.7844 - accuracy: 0.7280
46/49 [===========================>..] - ETA: 0s - loss: 0.7842 - accuracy: 0.7282
47/49 [===========================>..] - ETA: 0s - loss: 0.7850 - accuracy: 0.7279
48/49 [============================>.] - ETA: 0s - loss: 0.7856 - accuracy: 0.7276
49/49 [==============================] - ETA: 0s - loss: 0.7854 - accuracy: 0.7277
49/49 [==============================] - 4s 83ms/step - loss: 0.7854 - accuracy: 0.7277 - val_loss: 1.4380 - val_accuracy: 0.6378
Epoch 10/85

 1/49 [..............................] - ETA: 3s - loss: 0.7559 - accuracy: 0.7547
 2/49 [>.............................] - ETA: 4s - loss: 0.7609 - accuracy: 0.7473
 3/49 [>.............................] - ETA: 3s - loss: 0.7535 - accuracy: 0.7445
 4/49 [=>............................] - ETA: 3s - loss: 0.7517 - accuracy: 0.7452
 5/49 [==>...........................] - ETA: 3s - loss: 0.7456 - accuracy: 0.7498
 6/49 [==>...........................] - ETA: 3s - loss: 0.7406 - accuracy: 0.7502
 7/49 [===>..........................] - ETA: 3s - loss: 0.7426 - accuracy: 0.7493
 8/49 [===>..........................] - ETA: 3s - loss: 0.7424 - accuracy: 0.7473
 9/49 [====>.........................] - ETA: 3s - loss: 0.7397 - accuracy: 0.7477
10/49 [=====>........................] - ETA: 3s - loss: 0.7414 - accuracy: 0.7465
11/49 [=====>........................] - ETA: 3s - loss: 0.7389 - accuracy: 0.7471
12/49 [======>.......................] - ETA: 3s - loss: 0.7399 - accuracy: 0.7462
13/49 [======>.......................] - ETA: 3s - loss: 0.7414 - accuracy: 0.7447
14/49 [=======>......................] - ETA: 3s - loss: 0.7419 - accuracy: 0.7447
15/49 [========>.....................] - ETA: 3s - loss: 0.7407 - accuracy: 0.7443
16/49 [========>.....................] - ETA: 3s - loss: 0.7400 - accuracy: 0.7442
17/49 [=========>....................] - ETA: 3s - loss: 0.7442 - accuracy: 0.7418
18/49 [==========>...................] - ETA: 2s - loss: 0.7443 - accuracy: 0.7418
19/49 [==========>...................] - ETA: 2s - loss: 0.7446 - accuracy: 0.7412
20/49 [===========>..................] - ETA: 2s - loss: 0.7470 - accuracy: 0.7399
21/49 [===========>..................] - ETA: 2s - loss: 0.7480 - accuracy: 0.7394
22/49 [============>.................] - ETA: 2s - loss: 0.7474 - accuracy: 0.7398
23/49 [=============>................] - ETA: 2s - loss: 0.7485 - accuracy: 0.7397
24/49 [=============>................] - ETA: 2s - loss: 0.7469 - accuracy: 0.7404
25/49 [==============>...............] - ETA: 2s - loss: 0.7483 - accuracy: 0.7402
26/49 [==============>...............] - ETA: 2s - loss: 0.7515 - accuracy: 0.7390
27/49 [===============>..............] - ETA: 2s - loss: 0.7508 - accuracy: 0.7394
28/49 [================>.............] - ETA: 2s - loss: 0.7503 - accuracy: 0.7391
29/49 [================>.............] - ETA: 1s - loss: 0.7503 - accuracy: 0.7392
30/49 [=================>............] - ETA: 1s - loss: 0.7486 - accuracy: 0.7403
31/49 [=================>............] - ETA: 1s - loss: 0.7471 - accuracy: 0.7410
32/49 [==================>...........] - ETA: 1s - loss: 0.7480 - accuracy: 0.7404
33/49 [===================>..........] - ETA: 1s - loss: 0.7478 - accuracy: 0.7401
34/49 [===================>..........] - ETA: 1s - loss: 0.7487 - accuracy: 0.7399
35/49 [====================>.........] - ETA: 1s - loss: 0.7494 - accuracy: 0.7396
36/49 [=====================>........] - ETA: 1s - loss: 0.7497 - accuracy: 0.7396
37/49 [=====================>........] - ETA: 1s - loss: 0.7489 - accuracy: 0.7401
38/49 [======================>.......] - ETA: 1s - loss: 0.7504 - accuracy: 0.7396
39/49 [======================>.......] - ETA: 0s - loss: 0.7504 - accuracy: 0.7392
40/49 [=======================>......] - ETA: 0s - loss: 0.7504 - accuracy: 0.7389
41/49 [========================>.....] - ETA: 0s - loss: 0.7505 - accuracy: 0.7391
42/49 [========================>.....] - ETA: 0s - loss: 0.7516 - accuracy: 0.7385
43/49 [=========================>....] - ETA: 0s - loss: 0.7524 - accuracy: 0.7383
44/49 [=========================>....] - ETA: 0s - loss: 0.7523 - accuracy: 0.7382
45/49 [==========================>...] - ETA: 0s - loss: 0.7518 - accuracy: 0.7386
46/49 [===========================>..] - ETA: 0s - loss: 0.7518 - accuracy: 0.7386
47/49 [===========================>..] - ETA: 0s - loss: 0.7527 - accuracy: 0.7384
48/49 [============================>.] - ETA: 0s - loss: 0.7549 - accuracy: 0.7378
49/49 [==============================] - ETA: 0s - loss: 0.7543 - accuracy: 0.7381
49/49 [==============================] - 6s 116ms/step - loss: 0.7543 - accuracy: 0.7381 - val_loss: 1.2340 - val_accuracy: 0.6639
Epoch 11/85

 1/49 [..............................] - ETA: 6s - loss: 0.7586 - accuracy: 0.7285
 2/49 [>.............................] - ETA: 4s - loss: 0.7041 - accuracy: 0.7607
 3/49 [>.............................] - ETA: 4s - loss: 0.7108 - accuracy: 0.7533
 4/49 [=>............................] - ETA: 4s - loss: 0.7007 - accuracy: 0.7544
 5/49 [==>...........................] - ETA: 4s - loss: 0.6966 - accuracy: 0.7563
 6/49 [==>...........................] - ETA: 4s - loss: 0.6952 - accuracy: 0.7567
 7/49 [===>..........................] - ETA: 4s - loss: 0.6954 - accuracy: 0.7561
 8/49 [===>..........................] - ETA: 4s - loss: 0.6986 - accuracy: 0.7557
 9/49 [====>.........................] - ETA: 3s - loss: 0.6993 - accuracy: 0.7556
10/49 [=====>........................] - ETA: 3s - loss: 0.7080 - accuracy: 0.7529
11/49 [=====>........................] - ETA: 3s - loss: 0.7095 - accuracy: 0.7526
12/49 [======>.......................] - ETA: 3s - loss: 0.7122 - accuracy: 0.7521
13/49 [======>.......................] - ETA: 3s - loss: 0.7114 - accuracy: 0.7523
14/49 [=======>......................] - ETA: 3s - loss: 0.7110 - accuracy: 0.7528
15/49 [========>.....................] - ETA: 3s - loss: 0.7104 - accuracy: 0.7529
16/49 [========>.....................] - ETA: 3s - loss: 0.7127 - accuracy: 0.7524
17/49 [=========>....................] - ETA: 3s - loss: 0.7103 - accuracy: 0.7530
18/49 [==========>...................] - ETA: 3s - loss: 0.7079 - accuracy: 0.7531
19/49 [==========>...................] - ETA: 3s - loss: 0.7077 - accuracy: 0.7532
20/49 [===========>..................] - ETA: 2s - loss: 0.7086 - accuracy: 0.7526
21/49 [===========>..................] - ETA: 2s - loss: 0.7092 - accuracy: 0.7525
22/49 [============>.................] - ETA: 2s - loss: 0.7106 - accuracy: 0.7516
23/49 [=============>................] - ETA: 2s - loss: 0.7093 - accuracy: 0.7523
24/49 [=============>................] - ETA: 2s - loss: 0.7080 - accuracy: 0.7529
25/49 [==============>...............] - ETA: 2s - loss: 0.7095 - accuracy: 0.7524
26/49 [==============>...............] - ETA: 2s - loss: 0.7075 - accuracy: 0.7541
27/49 [===============>..............] - ETA: 2s - loss: 0.7078 - accuracy: 0.7542
28/49 [================>.............] - ETA: 2s - loss: 0.7071 - accuracy: 0.7543
29/49 [================>.............] - ETA: 2s - loss: 0.7073 - accuracy: 0.7538
30/49 [=================>............] - ETA: 1s - loss: 0.7066 - accuracy: 0.7539
31/49 [=================>............] - ETA: 1s - loss: 0.7079 - accuracy: 0.7533
32/49 [==================>...........] - ETA: 1s - loss: 0.7079 - accuracy: 0.7535
33/49 [===================>..........] - ETA: 1s - loss: 0.7092 - accuracy: 0.7530
34/49 [===================>..........] - ETA: 1s - loss: 0.7095 - accuracy: 0.7530
35/49 [====================>.........] - ETA: 1s - loss: 0.7106 - accuracy: 0.7526
36/49 [=====================>........] - ETA: 1s - loss: 0.7100 - accuracy: 0.7528
37/49 [=====================>........] - ETA: 1s - loss: 0.7102 - accuracy: 0.7527
38/49 [======================>.......] - ETA: 1s - loss: 0.7101 - accuracy: 0.7527
40/49 [=======================>......] - ETA: 0s - loss: 0.7110 - accuracy: 0.7526
41/49 [========================>.....] - ETA: 0s - loss: 0.7104 - accuracy: 0.7530
42/49 [========================>.....] - ETA: 0s - loss: 0.7108 - accuracy: 0.7528
43/49 [=========================>....] - ETA: 0s - loss: 0.7126 - accuracy: 0.7526
44/49 [=========================>....] - ETA: 0s - loss: 0.7145 - accuracy: 0.7518
45/49 [==========================>...] - ETA: 0s - loss: 0.7150 - accuracy: 0.7516
46/49 [===========================>..] - ETA: 0s - loss: 0.7162 - accuracy: 0.7511
47/49 [===========================>..] - ETA: 0s - loss: 0.7166 - accuracy: 0.7515
48/49 [============================>.] - ETA: 0s - loss: 0.7174 - accuracy: 0.7512
49/49 [==============================] - ETA: 0s - loss: 0.7183 - accuracy: 0.7513
49/49 [==============================] - 5s 108ms/step - loss: 0.7183 - accuracy: 0.7513 - val_loss: 1.0652 - val_accuracy: 0.6793
Epoch 12/85

 1/49 [..............................] - ETA: 5s - loss: 0.6476 - accuracy: 0.7578
 2/49 [>.............................] - ETA: 5s - loss: 0.6689 - accuracy: 0.7554
 3/49 [>.............................] - ETA: 4s - loss: 0.6837 - accuracy: 0.7591
 4/49 [=>............................] - ETA: 4s - loss: 0.6741 - accuracy: 0.7673
 5/49 [==>...........................] - ETA: 4s - loss: 0.6733 - accuracy: 0.7688
 6/49 [==>...........................] - ETA: 4s - loss: 0.6691 - accuracy: 0.7704
 7/49 [===>..........................] - ETA: 4s - loss: 0.6626 - accuracy: 0.7732
 8/49 [===>..........................] - ETA: 4s - loss: 0.6661 - accuracy: 0.7737
 9/49 [====>.........................] - ETA: 3s - loss: 0.6726 - accuracy: 0.7722
10/49 [=====>........................] - ETA: 3s - loss: 0.6716 - accuracy: 0.7724
11/49 [=====>........................] - ETA: 3s - loss: 0.6699 - accuracy: 0.7725
12/49 [======>.......................] - ETA: 3s - loss: 0.6702 - accuracy: 0.7716
13/49 [======>.......................] - ETA: 3s - loss: 0.6719 - accuracy: 0.7702
14/49 [=======>......................] - ETA: 3s - loss: 0.6715 - accuracy: 0.7703
15/49 [========>.....................] - ETA: 3s - loss: 0.6734 - accuracy: 0.7703
16/49 [========>.....................] - ETA: 3s - loss: 0.6782 - accuracy: 0.7689
17/49 [=========>....................] - ETA: 3s - loss: 0.6788 - accuracy: 0.7694
18/49 [==========>...................] - ETA: 3s - loss: 0.6773 - accuracy: 0.7702
19/49 [==========>...................] - ETA: 2s - loss: 0.6785 - accuracy: 0.7699
20/49 [===========>..................] - ETA: 2s - loss: 0.6791 - accuracy: 0.7699
21/49 [===========>..................] - ETA: 2s - loss: 0.6774 - accuracy: 0.7703
22/49 [============>.................] - ETA: 2s - loss: 0.6808 - accuracy: 0.7689
23/49 [=============>................] - ETA: 2s - loss: 0.6837 - accuracy: 0.7674
24/49 [=============>................] - ETA: 2s - loss: 0.6806 - accuracy: 0.7685
25/49 [==============>...............] - ETA: 2s - loss: 0.6804 - accuracy: 0.7681
26/49 [==============>...............] - ETA: 2s - loss: 0.6835 - accuracy: 0.7670
27/49 [===============>..............] - ETA: 2s - loss: 0.6817 - accuracy: 0.7672
28/49 [================>.............] - ETA: 2s - loss: 0.6823 - accuracy: 0.7673
29/49 [================>.............] - ETA: 2s - loss: 0.6824 - accuracy: 0.7668
30/49 [=================>............] - ETA: 1s - loss: 0.6830 - accuracy: 0.7666
31/49 [=================>............] - ETA: 1s - loss: 0.6831 - accuracy: 0.7667
32/49 [==================>...........] - ETA: 1s - loss: 0.6829 - accuracy: 0.7664
33/49 [===================>..........] - ETA: 1s - loss: 0.6837 - accuracy: 0.7665
34/49 [===================>..........] - ETA: 1s - loss: 0.6851 - accuracy: 0.7657
35/49 [====================>.........] - ETA: 1s - loss: 0.6859 - accuracy: 0.7656
36/49 [=====================>........] - ETA: 1s - loss: 0.6863 - accuracy: 0.7652
37/49 [=====================>........] - ETA: 1s - loss: 0.6865 - accuracy: 0.7652
38/49 [======================>.......] - ETA: 1s - loss: 0.6878 - accuracy: 0.7647
39/49 [======================>.......] - ETA: 1s - loss: 0.6883 - accuracy: 0.7648
40/49 [=======================>......] - ETA: 0s - loss: 0.6879 - accuracy: 0.7651
41/49 [========================>.....] - ETA: 0s - loss: 0.6879 - accuracy: 0.7652
42/49 [========================>.....] - ETA: 0s - loss: 0.6884 - accuracy: 0.7651
43/49 [=========================>....] - ETA: 0s - loss: 0.6892 - accuracy: 0.7651
44/49 [=========================>....] - ETA: 0s - loss: 0.6901 - accuracy: 0.7643
45/49 [==========================>...] - ETA: 0s - loss: 0.6896 - accuracy: 0.7644
46/49 [===========================>..] - ETA: 0s - loss: 0.6906 - accuracy: 0.7638
47/49 [===========================>..] - ETA: 0s - loss: 0.6909 - accuracy: 0.7635
48/49 [============================>.] - ETA: 0s - loss: 0.6919 - accuracy: 0.7632
49/49 [==============================] - ETA: 0s - loss: 0.6912 - accuracy: 0.7633
49/49 [==============================] - 6s 119ms/step - loss: 0.6912 - accuracy: 0.7633 - val_loss: 0.9594 - val_accuracy: 0.6821
Epoch 13/85

 1/49 [..............................] - ETA: 6s - loss: 0.6330 - accuracy: 0.7812
 2/49 [>.............................] - ETA: 5s - loss: 0.6544 - accuracy: 0.7734
 3/49 [>.............................] - ETA: 4s - loss: 0.6618 - accuracy: 0.7676
 4/49 [=>............................] - ETA: 4s - loss: 0.6691 - accuracy: 0.7639
 5/49 [==>...........................] - ETA: 4s - loss: 0.6593 - accuracy: 0.7678
 6/49 [==>...........................] - ETA: 4s - loss: 0.6627 - accuracy: 0.7676
 7/49 [===>..........................] - ETA: 4s - loss: 0.6675 - accuracy: 0.7670
 8/49 [===>..........................] - ETA: 4s - loss: 0.6613 - accuracy: 0.7703
 9/49 [====>.........................] - ETA: 4s - loss: 0.6604 - accuracy: 0.7691
10/49 [=====>........................] - ETA: 4s - loss: 0.6609 - accuracy: 0.7699
11/49 [=====>........................] - ETA: 3s - loss: 0.6693 - accuracy: 0.7677
12/49 [======>.......................] - ETA: 3s - loss: 0.6745 - accuracy: 0.7654
13/49 [======>.......................] - ETA: 3s - loss: 0.6715 - accuracy: 0.7671
14/49 [=======>......................] - ETA: 3s - loss: 0.6705 - accuracy: 0.7688
15/49 [========>.....................] - ETA: 3s - loss: 0.6715 - accuracy: 0.7679
16/49 [========>.....................] - ETA: 3s - loss: 0.6733 - accuracy: 0.7677
17/49 [=========>....................] - ETA: 3s - loss: 0.6706 - accuracy: 0.7698
18/49 [==========>...................] - ETA: 3s - loss: 0.6688 - accuracy: 0.7699
19/49 [==========>...................] - ETA: 2s - loss: 0.6685 - accuracy: 0.7702
20/49 [===========>..................] - ETA: 2s - loss: 0.6684 - accuracy: 0.7696
21/49 [===========>..................] - ETA: 2s - loss: 0.6688 - accuracy: 0.7702
22/49 [============>.................] - ETA: 2s - loss: 0.6673 - accuracy: 0.7704
23/49 [=============>................] - ETA: 2s - loss: 0.6676 - accuracy: 0.7704
24/49 [=============>................] - ETA: 2s - loss: 0.6666 - accuracy: 0.7709
25/49 [==============>...............] - ETA: 2s - loss: 0.6664 - accuracy: 0.7711
26/49 [==============>...............] - ETA: 2s - loss: 0.6669 - accuracy: 0.7706
27/49 [===============>..............] - ETA: 2s - loss: 0.6693 - accuracy: 0.7696
28/49 [================>.............] - ETA: 1s - loss: 0.6680 - accuracy: 0.7704
29/49 [================>.............] - ETA: 1s - loss: 0.6677 - accuracy: 0.7701
30/49 [=================>............] - ETA: 1s - loss: 0.6678 - accuracy: 0.7698
31/49 [=================>............] - ETA: 1s - loss: 0.6672 - accuracy: 0.7700
32/49 [==================>...........] - ETA: 1s - loss: 0.6669 - accuracy: 0.7703
33/49 [===================>..........] - ETA: 1s - loss: 0.6675 - accuracy: 0.7703
34/49 [===================>..........] - ETA: 1s - loss: 0.6677 - accuracy: 0.7704
35/49 [====================>.........] - ETA: 1s - loss: 0.6688 - accuracy: 0.7698
36/49 [=====================>........] - ETA: 1s - loss: 0.6680 - accuracy: 0.7704
37/49 [=====================>........] - ETA: 1s - loss: 0.6685 - accuracy: 0.7702
38/49 [======================>.......] - ETA: 1s - loss: 0.6691 - accuracy: 0.7697
39/49 [======================>.......] - ETA: 0s - loss: 0.6701 - accuracy: 0.7690
40/49 [=======================>......] - ETA: 0s - loss: 0.6695 - accuracy: 0.7693
41/49 [========================>.....] - ETA: 0s - loss: 0.6696 - accuracy: 0.7692
42/49 [========================>.....] - ETA: 0s - loss: 0.6714 - accuracy: 0.7687
43/49 [=========================>....] - ETA: 0s - loss: 0.6720 - accuracy: 0.7686
44/49 [=========================>....] - ETA: 0s - loss: 0.6725 - accuracy: 0.7686
45/49 [==========================>...] - ETA: 0s - loss: 0.6717 - accuracy: 0.7686
46/49 [===========================>..] - ETA: 0s - loss: 0.6719 - accuracy: 0.7684
47/49 [===========================>..] - ETA: 0s - loss: 0.6730 - accuracy: 0.7681
48/49 [============================>.] - ETA: 0s - loss: 0.6730 - accuracy: 0.7681
49/49 [==============================] - ETA: 0s - loss: 0.6730 - accuracy: 0.7679
49/49 [==============================] - 5s 111ms/step - loss: 0.6730 - accuracy: 0.7679 - val_loss: 0.9399 - val_accuracy: 0.6839
Epoch 14/85

 1/49 [..............................] - ETA: 6s - loss: 0.5668 - accuracy: 0.7969
 2/49 [>.............................] - ETA: 4s - loss: 0.5949 - accuracy: 0.7935
 3/49 [>.............................] - ETA: 4s - loss: 0.6116 - accuracy: 0.7874
 4/49 [=>............................] - ETA: 4s - loss: 0.6082 - accuracy: 0.7883
 5/49 [==>...........................] - ETA: 4s - loss: 0.6098 - accuracy: 0.7883
 6/49 [==>...........................] - ETA: 4s - loss: 0.6047 - accuracy: 0.7896
 7/49 [===>..........................] - ETA: 4s - loss: 0.6081 - accuracy: 0.7893
 8/49 [===>..........................] - ETA: 4s - loss: 0.6070 - accuracy: 0.7905
 9/49 [====>.........................] - ETA: 4s - loss: 0.6106 - accuracy: 0.7888
10/49 [=====>........................] - ETA: 3s - loss: 0.6149 - accuracy: 0.7849
11/49 [=====>........................] - ETA: 3s - loss: 0.6147 - accuracy: 0.7843
12/49 [======>.......................] - ETA: 3s - loss: 0.6185 - accuracy: 0.7832
13/49 [======>.......................] - ETA: 3s - loss: 0.6165 - accuracy: 0.7846
14/49 [=======>......................] - ETA: 3s - loss: 0.6183 - accuracy: 0.7842
15/49 [========>.....................] - ETA: 3s - loss: 0.6163 - accuracy: 0.7856
16/49 [========>.....................] - ETA: 3s - loss: 0.6171 - accuracy: 0.7856
17/49 [=========>....................] - ETA: 3s - loss: 0.6153 - accuracy: 0.7869
18/49 [==========>...................] - ETA: 3s - loss: 0.6143 - accuracy: 0.7874
19/49 [==========>...................] - ETA: 3s - loss: 0.6154 - accuracy: 0.7875
20/49 [===========>..................] - ETA: 2s - loss: 0.6134 - accuracy: 0.7885
21/49 [===========>..................] - ETA: 2s - loss: 0.6131 - accuracy: 0.7877
22/49 [============>.................] - ETA: 2s - loss: 0.6172 - accuracy: 0.7864
23/49 [=============>................] - ETA: 2s - loss: 0.6159 - accuracy: 0.7871
24/49 [=============>................] - ETA: 2s - loss: 0.6178 - accuracy: 0.7864
25/49 [==============>...............] - ETA: 2s - loss: 0.6197 - accuracy: 0.7854
26/49 [==============>...............] - ETA: 2s - loss: 0.6205 - accuracy: 0.7847
27/49 [===============>..............] - ETA: 2s - loss: 0.6218 - accuracy: 0.7846
28/49 [================>.............] - ETA: 2s - loss: 0.6237 - accuracy: 0.7842
29/49 [================>.............] - ETA: 2s - loss: 0.6238 - accuracy: 0.7841
30/49 [=================>............] - ETA: 1s - loss: 0.6259 - accuracy: 0.7838
31/49 [=================>............] - ETA: 1s - loss: 0.6275 - accuracy: 0.7830
32/49 [==================>...........] - ETA: 1s - loss: 0.6279 - accuracy: 0.7831
33/49 [===================>..........] - ETA: 1s - loss: 0.6288 - accuracy: 0.7835
34/49 [===================>..........] - ETA: 1s - loss: 0.6299 - accuracy: 0.7829
35/49 [====================>.........] - ETA: 1s - loss: 0.6311 - accuracy: 0.7824
36/49 [=====================>........] - ETA: 1s - loss: 0.6311 - accuracy: 0.7822
37/49 [=====================>........] - ETA: 1s - loss: 0.6323 - accuracy: 0.7814
38/49 [======================>.......] - ETA: 1s - loss: 0.6325 - accuracy: 0.7813
39/49 [======================>.......] - ETA: 1s - loss: 0.6334 - accuracy: 0.7812
40/49 [=======================>......] - ETA: 0s - loss: 0.6348 - accuracy: 0.7804
41/49 [========================>.....] - ETA: 0s - loss: 0.6337 - accuracy: 0.7805
42/49 [========================>.....] - ETA: 0s - loss: 0.6351 - accuracy: 0.7804
43/49 [=========================>....] - ETA: 0s - loss: 0.6358 - accuracy: 0.7796
44/49 [=========================>....] - ETA: 0s - loss: 0.6366 - accuracy: 0.7793
45/49 [==========================>...] - ETA: 0s - loss: 0.6372 - accuracy: 0.7793
46/49 [===========================>..] - ETA: 0s - loss: 0.6375 - accuracy: 0.7793
47/49 [===========================>..] - ETA: 0s - loss: 0.6380 - accuracy: 0.7792
48/49 [============================>.] - ETA: 0s - loss: 0.6372 - accuracy: 0.7796
49/49 [==============================] - ETA: 0s - loss: 0.6388 - accuracy: 0.7791
49/49 [==============================] - 6s 118ms/step - loss: 0.6388 - accuracy: 0.7791 - val_loss: 0.8827 - val_accuracy: 0.6983
Epoch 15/85

 1/49 [..............................] - ETA: 5s - loss: 0.6145 - accuracy: 0.8018
 2/49 [>.............................] - ETA: 3s - loss: 0.6020 - accuracy: 0.7983
 3/49 [>.............................] - ETA: 3s - loss: 0.6039 - accuracy: 0.7926
 4/49 [=>............................] - ETA: 3s - loss: 0.6036 - accuracy: 0.7937
 5/49 [==>...........................] - ETA: 3s - loss: 0.6140 - accuracy: 0.7877
 6/49 [==>...........................] - ETA: 3s - loss: 0.6135 - accuracy: 0.7858
 7/49 [===>..........................] - ETA: 3s - loss: 0.6167 - accuracy: 0.7852
 8/49 [===>..........................] - ETA: 3s - loss: 0.6225 - accuracy: 0.7834
 9/49 [====>.........................] - ETA: 3s - loss: 0.6234 - accuracy: 0.7852
10/49 [=====>........................] - ETA: 3s - loss: 0.6246 - accuracy: 0.7857
11/49 [=====>........................] - ETA: 3s - loss: 0.6198 - accuracy: 0.7872
12/49 [======>.......................] - ETA: 3s - loss: 0.6190 - accuracy: 0.7882
13/49 [======>.......................] - ETA: 3s - loss: 0.6189 - accuracy: 0.7885
14/49 [=======>......................] - ETA: 3s - loss: 0.6196 - accuracy: 0.7882
15/49 [========>.....................] - ETA: 3s - loss: 0.6191 - accuracy: 0.7886
16/49 [========>.....................] - ETA: 2s - loss: 0.6205 - accuracy: 0.7882
17/49 [=========>....................] - ETA: 2s - loss: 0.6213 - accuracy: 0.7869
18/49 [==========>...................] - ETA: 2s - loss: 0.6191 - accuracy: 0.7881
19/49 [==========>...................] - ETA: 2s - loss: 0.6167 - accuracy: 0.7887
20/49 [===========>..................] - ETA: 2s - loss: 0.6155 - accuracy: 0.7893
21/49 [===========>..................] - ETA: 2s - loss: 0.6154 - accuracy: 0.7886
22/49 [============>.................] - ETA: 2s - loss: 0.6171 - accuracy: 0.7881
23/49 [=============>................] - ETA: 2s - loss: 0.6168 - accuracy: 0.7887
24/49 [=============>................] - ETA: 2s - loss: 0.6161 - accuracy: 0.7889
25/49 [==============>...............] - ETA: 2s - loss: 0.6157 - accuracy: 0.7894
26/49 [==============>...............] - ETA: 2s - loss: 0.6161 - accuracy: 0.7894
27/49 [===============>..............] - ETA: 2s - loss: 0.6168 - accuracy: 0.7888
28/49 [================>.............] - ETA: 2s - loss: 0.6165 - accuracy: 0.7889
29/49 [================>.............] - ETA: 1s - loss: 0.6153 - accuracy: 0.7889
30/49 [=================>............] - ETA: 1s - loss: 0.6153 - accuracy: 0.7887
31/49 [=================>............] - ETA: 1s - loss: 0.6156 - accuracy: 0.7885
32/49 [==================>...........] - ETA: 1s - loss: 0.6163 - accuracy: 0.7883
33/49 [===================>..........] - ETA: 1s - loss: 0.6175 - accuracy: 0.7880
34/49 [===================>..........] - ETA: 1s - loss: 0.6194 - accuracy: 0.7871
35/49 [====================>.........] - ETA: 1s - loss: 0.6188 - accuracy: 0.7871
36/49 [=====================>........] - ETA: 1s - loss: 0.6196 - accuracy: 0.7864
37/49 [=====================>........] - ETA: 1s - loss: 0.6190 - accuracy: 0.7865
38/49 [======================>.......] - ETA: 1s - loss: 0.6199 - accuracy: 0.7865
39/49 [======================>.......] - ETA: 0s - loss: 0.6210 - accuracy: 0.7861
40/49 [=======================>......] - ETA: 0s - loss: 0.6215 - accuracy: 0.7859
41/49 [========================>.....] - ETA: 0s - loss: 0.6212 - accuracy: 0.7860
42/49 [========================>.....] - ETA: 0s - loss: 0.6230 - accuracy: 0.7851
43/49 [=========================>....] - ETA: 0s - loss: 0.6224 - accuracy: 0.7851
44/49 [=========================>....] - ETA: 0s - loss: 0.6227 - accuracy: 0.7846
45/49 [==========================>...] - ETA: 0s - loss: 0.6240 - accuracy: 0.7841
46/49 [===========================>..] - ETA: 0s - loss: 0.6244 - accuracy: 0.7839
47/49 [===========================>..] - ETA: 0s - loss: 0.6251 - accuracy: 0.7835
48/49 [============================>.] - ETA: 0s - loss: 0.6253 - accuracy: 0.7834
49/49 [==============================] - ETA: 0s - loss: 0.6250 - accuracy: 0.7835
49/49 [==============================] - 6s 115ms/step - loss: 0.6250 - accuracy: 0.7835 - val_loss: 0.8602 - val_accuracy: 0.7064
Epoch 16/85

 1/49 [..............................] - ETA: 6s - loss: 0.5834 - accuracy: 0.7959
 2/49 [>.............................] - ETA: 5s - loss: 0.5872 - accuracy: 0.7993
 3/49 [>.............................] - ETA: 4s - loss: 0.5769 - accuracy: 0.8040
 4/49 [=>............................] - ETA: 4s - loss: 0.5801 - accuracy: 0.8020
 5/49 [==>...........................] - ETA: 4s - loss: 0.5758 - accuracy: 0.8021
 6/49 [==>...........................] - ETA: 4s - loss: 0.5790 - accuracy: 0.8001
 7/49 [===>..........................] - ETA: 4s - loss: 0.5832 - accuracy: 0.7991
 8/49 [===>..........................] - ETA: 4s - loss: 0.5858 - accuracy: 0.7974
 9/49 [====>.........................] - ETA: 4s - loss: 0.5845 - accuracy: 0.7992
10/49 [=====>........................] - ETA: 4s - loss: 0.5841 - accuracy: 0.7984
11/49 [=====>........................] - ETA: 3s - loss: 0.5899 - accuracy: 0.7958
12/49 [======>.......................] - ETA: 3s - loss: 0.5917 - accuracy: 0.7953
13/49 [======>.......................] - ETA: 3s - loss: 0.5921 - accuracy: 0.7953
14/49 [=======>......................] - ETA: 3s - loss: 0.5916 - accuracy: 0.7956
15/49 [========>.....................] - ETA: 3s - loss: 0.5925 - accuracy: 0.7946
16/49 [========>.....................] - ETA: 3s - loss: 0.5940 - accuracy: 0.7931
17/49 [=========>....................] - ETA: 3s - loss: 0.5920 - accuracy: 0.7942
18/49 [==========>...................] - ETA: 3s - loss: 0.5918 - accuracy: 0.7946
19/49 [==========>...................] - ETA: 3s - loss: 0.5912 - accuracy: 0.7945
20/49 [===========>..................] - ETA: 2s - loss: 0.5921 - accuracy: 0.7942
21/49 [===========>..................] - ETA: 2s - loss: 0.5942 - accuracy: 0.7934
22/49 [============>.................] - ETA: 2s - loss: 0.5940 - accuracy: 0.7934
23/49 [=============>................] - ETA: 2s - loss: 0.5936 - accuracy: 0.7939
24/49 [=============>................] - ETA: 2s - loss: 0.5929 - accuracy: 0.7944
25/49 [==============>...............] - ETA: 2s - loss: 0.5947 - accuracy: 0.7934
26/49 [==============>...............] - ETA: 2s - loss: 0.5960 - accuracy: 0.7931
27/49 [===============>..............] - ETA: 2s - loss: 0.5968 - accuracy: 0.7924
28/49 [================>.............] - ETA: 2s - loss: 0.5981 - accuracy: 0.7924
29/49 [================>.............] - ETA: 2s - loss: 0.5972 - accuracy: 0.7930
30/49 [=================>............] - ETA: 1s - loss: 0.5974 - accuracy: 0.7930
31/49 [=================>............] - ETA: 1s - loss: 0.5963 - accuracy: 0.7933
32/49 [==================>...........] - ETA: 1s - loss: 0.5962 - accuracy: 0.7933
33/49 [===================>..........] - ETA: 1s - loss: 0.5966 - accuracy: 0.7932
34/49 [===================>..........] - ETA: 1s - loss: 0.5962 - accuracy: 0.7933
35/49 [====================>.........] - ETA: 1s - loss: 0.5967 - accuracy: 0.7925
36/49 [=====================>........] - ETA: 1s - loss: 0.5966 - accuracy: 0.7927
37/49 [=====================>........] - ETA: 1s - loss: 0.5973 - accuracy: 0.7923
38/49 [======================>.......] - ETA: 1s - loss: 0.5981 - accuracy: 0.7920
39/49 [======================>.......] - ETA: 0s - loss: 0.5991 - accuracy: 0.7919
40/49 [=======================>......] - ETA: 0s - loss: 0.5981 - accuracy: 0.7925
41/49 [========================>.....] - ETA: 0s - loss: 0.5972 - accuracy: 0.7930
42/49 [========================>.....] - ETA: 0s - loss: 0.5972 - accuracy: 0.7929
43/49 [=========================>....] - ETA: 0s - loss: 0.5971 - accuracy: 0.7926
44/49 [=========================>....] - ETA: 0s - loss: 0.5975 - accuracy: 0.7925
45/49 [==========================>...] - ETA: 0s - loss: 0.5975 - accuracy: 0.7927
46/49 [===========================>..] - ETA: 0s - loss: 0.5978 - accuracy: 0.7926
47/49 [===========================>..] - ETA: 0s - loss: 0.5983 - accuracy: 0.7924
48/49 [============================>.] - ETA: 0s - loss: 0.5991 - accuracy: 0.7920
49/49 [==============================] - ETA: 0s - loss: 0.5994 - accuracy: 0.7921
49/49 [==============================] - 5s 112ms/step - loss: 0.5994 - accuracy: 0.7921 - val_loss: 0.8539 - val_accuracy: 0.7054
Epoch 17/85

 1/49 [..............................] - ETA: 6s - loss: 0.5743 - accuracy: 0.7979
 2/49 [>.............................] - ETA: 4s - loss: 0.5577 - accuracy: 0.8037
 3/49 [>.............................] - ETA: 4s - loss: 0.5501 - accuracy: 0.8109
 4/49 [=>............................] - ETA: 4s - loss: 0.5397 - accuracy: 0.8142
 5/49 [==>...........................] - ETA: 4s - loss: 0.5418 - accuracy: 0.8152
 6/49 [==>...........................] - ETA: 4s - loss: 0.5528 - accuracy: 0.8112
 7/49 [===>..........................] - ETA: 4s - loss: 0.5530 - accuracy: 0.8104
 8/49 [===>..........................] - ETA: 4s - loss: 0.5500 - accuracy: 0.8115
 9/49 [====>.........................] - ETA: 4s - loss: 0.5513 - accuracy: 0.8108
10/49 [=====>........................] - ETA: 3s - loss: 0.5549 - accuracy: 0.8087
11/49 [=====>........................] - ETA: 3s - loss: 0.5548 - accuracy: 0.8080
12/49 [======>.......................] - ETA: 3s - loss: 0.5563 - accuracy: 0.8078
13/49 [======>.......................] - ETA: 3s - loss: 0.5557 - accuracy: 0.8077
14/49 [=======>......................] - ETA: 3s - loss: 0.5554 - accuracy: 0.8085
15/49 [========>.....................] - ETA: 3s - loss: 0.5546 - accuracy: 0.8085
16/49 [========>.....................] - ETA: 3s - loss: 0.5571 - accuracy: 0.8069
17/49 [=========>....................] - ETA: 3s - loss: 0.5590 - accuracy: 0.8065
18/49 [==========>...................] - ETA: 3s - loss: 0.5625 - accuracy: 0.8063
19/49 [==========>...................] - ETA: 3s - loss: 0.5654 - accuracy: 0.8055
20/49 [===========>..................] - ETA: 2s - loss: 0.5649 - accuracy: 0.8050
21/49 [===========>..................] - ETA: 2s - loss: 0.5654 - accuracy: 0.8045
22/49 [============>.................] - ETA: 2s - loss: 0.5655 - accuracy: 0.8042
23/49 [=============>................] - ETA: 2s - loss: 0.5660 - accuracy: 0.8044
24/49 [=============>................] - ETA: 2s - loss: 0.5665 - accuracy: 0.8037
25/49 [==============>...............] - ETA: 2s - loss: 0.5660 - accuracy: 0.8036
26/49 [==============>...............] - ETA: 2s - loss: 0.5669 - accuracy: 0.8030
27/49 [===============>..............] - ETA: 2s - loss: 0.5681 - accuracy: 0.8024
28/49 [================>.............] - ETA: 2s - loss: 0.5699 - accuracy: 0.8020
29/49 [================>.............] - ETA: 2s - loss: 0.5702 - accuracy: 0.8019
30/49 [=================>............] - ETA: 1s - loss: 0.5721 - accuracy: 0.8013
31/49 [=================>............] - ETA: 1s - loss: 0.5727 - accuracy: 0.8009
32/49 [==================>...........] - ETA: 1s - loss: 0.5725 - accuracy: 0.8010
33/49 [===================>..........] - ETA: 1s - loss: 0.5729 - accuracy: 0.8011
34/49 [===================>..........] - ETA: 1s - loss: 0.5746 - accuracy: 0.8002
35/49 [====================>.........] - ETA: 1s - loss: 0.5752 - accuracy: 0.7998
36/49 [=====================>........] - ETA: 1s - loss: 0.5768 - accuracy: 0.7992
37/49 [=====================>........] - ETA: 1s - loss: 0.5769 - accuracy: 0.7989
38/49 [======================>.......] - ETA: 1s - loss: 0.5770 - accuracy: 0.7987
39/49 [======================>.......] - ETA: 1s - loss: 0.5761 - accuracy: 0.7991
40/49 [=======================>......] - ETA: 0s - loss: 0.5773 - accuracy: 0.7989
41/49 [========================>.....] - ETA: 0s - loss: 0.5765 - accuracy: 0.7992
42/49 [========================>.....] - ETA: 0s - loss: 0.5760 - accuracy: 0.7993
43/49 [=========================>....] - ETA: 0s - loss: 0.5767 - accuracy: 0.7991
44/49 [=========================>....] - ETA: 0s - loss: 0.5777 - accuracy: 0.7988
45/49 [==========================>...] - ETA: 0s - loss: 0.5784 - accuracy: 0.7987
46/49 [===========================>..] - ETA: 0s - loss: 0.5803 - accuracy: 0.7982
47/49 [===========================>..] - ETA: 0s - loss: 0.5811 - accuracy: 0.7975
48/49 [============================>.] - ETA: 0s - loss: 0.5815 - accuracy: 0.7970
49/49 [==============================] - ETA: 0s - loss: 0.5824 - accuracy: 0.7965
49/49 [==============================] - 6s 120ms/step - loss: 0.5824 - accuracy: 0.7965 - val_loss: 0.8585 - val_accuracy: 0.7077
Epoch 18/85

 1/49 [..............................] - ETA: 6s - loss: 0.5595 - accuracy: 0.7969
 2/49 [>.............................] - ETA: 5s - loss: 0.5568 - accuracy: 0.8032
 3/49 [>.............................] - ETA: 4s - loss: 0.5522 - accuracy: 0.8092
 4/49 [=>............................] - ETA: 4s - loss: 0.5531 - accuracy: 0.8096
 5/49 [==>...........................] - ETA: 4s - loss: 0.5406 - accuracy: 0.8139
 6/49 [==>...........................] - ETA: 4s - loss: 0.5442 - accuracy: 0.8132
 7/49 [===>..........................] - ETA: 4s - loss: 0.5443 - accuracy: 0.8125
 8/49 [===>..........................] - ETA: 3s - loss: 0.5422 - accuracy: 0.8125
 9/49 [====>.........................] - ETA: 3s - loss: 0.5468 - accuracy: 0.8118
10/49 [=====>........................] - ETA: 3s - loss: 0.5446 - accuracy: 0.8131
11/49 [=====>........................] - ETA: 3s - loss: 0.5439 - accuracy: 0.8135
12/49 [======>.......................] - ETA: 3s - loss: 0.5459 - accuracy: 0.8123
13/49 [======>.......................] - ETA: 3s - loss: 0.5457 - accuracy: 0.8123
14/49 [=======>......................] - ETA: 3s - loss: 0.5469 - accuracy: 0.8108
15/49 [========>.....................] - ETA: 2s - loss: 0.5464 - accuracy: 0.8111
16/49 [========>.....................] - ETA: 2s - loss: 0.5462 - accuracy: 0.8106
17/49 [=========>....................] - ETA: 2s - loss: 0.5453 - accuracy: 0.8110
18/49 [==========>...................] - ETA: 2s - loss: 0.5462 - accuracy: 0.8103
19/49 [==========>...................] - ETA: 2s - loss: 0.5471 - accuracy: 0.8101
20/49 [===========>..................] - ETA: 2s - loss: 0.5450 - accuracy: 0.8106
21/49 [===========>..................] - ETA: 2s - loss: 0.5450 - accuracy: 0.8102
22/49 [============>.................] - ETA: 2s - loss: 0.5452 - accuracy: 0.8097
23/49 [=============>................] - ETA: 2s - loss: 0.5484 - accuracy: 0.8082
24/49 [=============>................] - ETA: 2s - loss: 0.5484 - accuracy: 0.8081
25/49 [==============>...............] - ETA: 2s - loss: 0.5479 - accuracy: 0.8081
26/49 [==============>...............] - ETA: 2s - loss: 0.5509 - accuracy: 0.8068
27/49 [===============>..............] - ETA: 1s - loss: 0.5518 - accuracy: 0.8065
28/49 [================>.............] - ETA: 1s - loss: 0.5503 - accuracy: 0.8075
29/49 [================>.............] - ETA: 1s - loss: 0.5497 - accuracy: 0.8073
30/49 [=================>............] - ETA: 1s - loss: 0.5511 - accuracy: 0.8062
31/49 [=================>............] - ETA: 1s - loss: 0.5512 - accuracy: 0.8062
32/49 [==================>...........] - ETA: 1s - loss: 0.5519 - accuracy: 0.8060
33/49 [===================>..........] - ETA: 1s - loss: 0.5520 - accuracy: 0.8062
34/49 [===================>..........] - ETA: 1s - loss: 0.5524 - accuracy: 0.8065
35/49 [====================>.........] - ETA: 1s - loss: 0.5523 - accuracy: 0.8065
36/49 [=====================>........] - ETA: 1s - loss: 0.5508 - accuracy: 0.8072
37/49 [=====================>........] - ETA: 1s - loss: 0.5516 - accuracy: 0.8067
38/49 [======================>.......] - ETA: 1s - loss: 0.5534 - accuracy: 0.8061
39/49 [======================>.......] - ETA: 0s - loss: 0.5549 - accuracy: 0.8054
40/49 [=======================>......] - ETA: 0s - loss: 0.5553 - accuracy: 0.8053
41/49 [========================>.....] - ETA: 0s - loss: 0.5572 - accuracy: 0.8046
42/49 [========================>.....] - ETA: 0s - loss: 0.5576 - accuracy: 0.8048
43/49 [=========================>....] - ETA: 0s - loss: 0.5580 - accuracy: 0.8046
44/49 [=========================>....] - ETA: 0s - loss: 0.5586 - accuracy: 0.8045
45/49 [==========================>...] - ETA: 0s - loss: 0.5593 - accuracy: 0.8046
46/49 [===========================>..] - ETA: 0s - loss: 0.5595 - accuracy: 0.8045
47/49 [===========================>..] - ETA: 0s - loss: 0.5600 - accuracy: 0.8045
48/49 [============================>.] - ETA: 0s - loss: 0.5617 - accuracy: 0.8038
49/49 [==============================] - ETA: 0s - loss: 0.5620 - accuracy: 0.8037
49/49 [==============================] - 6s 112ms/step - loss: 0.5620 - accuracy: 0.8037 - val_loss: 0.8884 - val_accuracy: 0.6972
Epoch 19/85

 1/49 [..............................] - ETA: 6s - loss: 0.5276 - accuracy: 0.8174
 2/49 [>.............................] - ETA: 4s - loss: 0.5214 - accuracy: 0.8237
 3/49 [>.............................] - ETA: 4s - loss: 0.5213 - accuracy: 0.8258
 4/49 [=>............................] - ETA: 4s - loss: 0.5360 - accuracy: 0.8159
 5/49 [==>...........................] - ETA: 4s - loss: 0.5367 - accuracy: 0.8162
 6/49 [==>...........................] - ETA: 4s - loss: 0.5349 - accuracy: 0.8161
 7/49 [===>..........................] - ETA: 4s - loss: 0.5399 - accuracy: 0.8156
 8/49 [===>..........................] - ETA: 4s - loss: 0.5419 - accuracy: 0.8153
 9/49 [====>.........................] - ETA: 4s - loss: 0.5393 - accuracy: 0.8156
10/49 [=====>........................] - ETA: 3s - loss: 0.5415 - accuracy: 0.8143
11/49 [=====>........................] - ETA: 3s - loss: 0.5392 - accuracy: 0.8161
12/49 [======>.......................] - ETA: 3s - loss: 0.5365 - accuracy: 0.8171
13/49 [======>.......................] - ETA: 3s - loss: 0.5340 - accuracy: 0.8171
14/49 [=======>......................] - ETA: 3s - loss: 0.5316 - accuracy: 0.8175
15/49 [========>.....................] - ETA: 3s - loss: 0.5287 - accuracy: 0.8184
16/49 [========>.....................] - ETA: 3s - loss: 0.5274 - accuracy: 0.8183
17/49 [=========>....................] - ETA: 3s - loss: 0.5286 - accuracy: 0.8174
18/49 [==========>...................] - ETA: 3s - loss: 0.5273 - accuracy: 0.8178
19/49 [==========>...................] - ETA: 3s - loss: 0.5291 - accuracy: 0.8163
20/49 [===========>..................] - ETA: 2s - loss: 0.5299 - accuracy: 0.8155
21/49 [===========>..................] - ETA: 2s - loss: 0.5283 - accuracy: 0.8157
22/49 [============>.................] - ETA: 2s - loss: 0.5302 - accuracy: 0.8148
23/49 [=============>................] - ETA: 2s - loss: 0.5337 - accuracy: 0.8133
24/49 [=============>................] - ETA: 2s - loss: 0.5317 - accuracy: 0.8142
25/49 [==============>...............] - ETA: 2s - loss: 0.5319 - accuracy: 0.8138
26/49 [==============>...............] - ETA: 2s - loss: 0.5327 - accuracy: 0.8133
27/49 [===============>..............] - ETA: 2s - loss: 0.5323 - accuracy: 0.8132
28/49 [================>.............] - ETA: 2s - loss: 0.5340 - accuracy: 0.8127
29/49 [================>.............] - ETA: 2s - loss: 0.5346 - accuracy: 0.8127
30/49 [=================>............] - ETA: 1s - loss: 0.5355 - accuracy: 0.8124
31/49 [=================>............] - ETA: 1s - loss: 0.5351 - accuracy: 0.8125
32/49 [==================>...........] - ETA: 1s - loss: 0.5346 - accuracy: 0.8126
33/49 [===================>..........] - ETA: 1s - loss: 0.5359 - accuracy: 0.8124
34/49 [===================>..........] - ETA: 1s - loss: 0.5364 - accuracy: 0.8124
35/49 [====================>.........] - ETA: 1s - loss: 0.5375 - accuracy: 0.8117
36/49 [=====================>........] - ETA: 1s - loss: 0.5380 - accuracy: 0.8118
37/49 [=====================>........] - ETA: 1s - loss: 0.5390 - accuracy: 0.8111
38/49 [======================>.......] - ETA: 1s - loss: 0.5389 - accuracy: 0.8109
39/49 [======================>.......] - ETA: 1s - loss: 0.5395 - accuracy: 0.8109
40/49 [=======================>......] - ETA: 0s - loss: 0.5398 - accuracy: 0.8107
41/49 [========================>.....] - ETA: 0s - loss: 0.5397 - accuracy: 0.8108
42/49 [========================>.....] - ETA: 0s - loss: 0.5409 - accuracy: 0.8104
43/49 [=========================>....] - ETA: 0s - loss: 0.5421 - accuracy: 0.8100
44/49 [=========================>....] - ETA: 0s - loss: 0.5417 - accuracy: 0.8102
45/49 [==========================>...] - ETA: 0s - loss: 0.5431 - accuracy: 0.8094
46/49 [===========================>..] - ETA: 0s - loss: 0.5439 - accuracy: 0.8091
47/49 [===========================>..] - ETA: 0s - loss: 0.5449 - accuracy: 0.8087
48/49 [============================>.] - ETA: 0s - loss: 0.5476 - accuracy: 0.8077
49/49 [==============================] - ETA: 0s - loss: 0.5489 - accuracy: 0.8072
49/49 [==============================] - 6s 115ms/step - loss: 0.5489 - accuracy: 0.8072 - val_loss: 0.8674 - val_accuracy: 0.7089
Epoch 20/85

 1/49 [..............................] - ETA: 6s - loss: 0.4694 - accuracy: 0.8398
 2/49 [>.............................] - ETA: 5s - loss: 0.4936 - accuracy: 0.8286
 3/49 [>.............................] - ETA: 4s - loss: 0.5066 - accuracy: 0.8203
 4/49 [=>............................] - ETA: 4s - loss: 0.5142 - accuracy: 0.8188
 5/49 [==>...........................] - ETA: 4s - loss: 0.5240 - accuracy: 0.8145
 6/49 [==>...........................] - ETA: 4s - loss: 0.5236 - accuracy: 0.8158
 7/49 [===>..........................] - ETA: 4s - loss: 0.5216 - accuracy: 0.8171
 8/49 [===>..........................] - ETA: 4s - loss: 0.5167 - accuracy: 0.8195
 9/49 [====>.........................] - ETA: 4s - loss: 0.5181 - accuracy: 0.8212
10/49 [=====>........................] - ETA: 4s - loss: 0.5180 - accuracy: 0.8215
11/49 [=====>........................] - ETA: 3s - loss: 0.5183 - accuracy: 0.8209
12/49 [======>.......................] - ETA: 3s - loss: 0.5121 - accuracy: 0.8248
13/49 [======>.......................] - ETA: 3s - loss: 0.5135 - accuracy: 0.8243
14/49 [=======>......................] - ETA: 3s - loss: 0.5134 - accuracy: 0.8241
15/49 [========>.....................] - ETA: 3s - loss: 0.5125 - accuracy: 0.8240
16/49 [========>.....................] - ETA: 3s - loss: 0.5105 - accuracy: 0.8255
17/49 [=========>....................] - ETA: 3s - loss: 0.5102 - accuracy: 0.8254
18/49 [==========>...................] - ETA: 3s - loss: 0.5128 - accuracy: 0.8238
19/49 [==========>...................] - ETA: 3s - loss: 0.5162 - accuracy: 0.8220
20/49 [===========>..................] - ETA: 2s - loss: 0.5158 - accuracy: 0.8225
21/49 [===========>..................] - ETA: 2s - loss: 0.5175 - accuracy: 0.8214
22/49 [============>.................] - ETA: 2s - loss: 0.5166 - accuracy: 0.8220
23/49 [=============>................] - ETA: 2s - loss: 0.5190 - accuracy: 0.8214
24/49 [=============>................] - ETA: 2s - loss: 0.5185 - accuracy: 0.8220
25/49 [==============>...............] - ETA: 2s - loss: 0.5196 - accuracy: 0.8212
26/49 [==============>...............] - ETA: 2s - loss: 0.5170 - accuracy: 0.8224
27/49 [===============>..............] - ETA: 2s - loss: 0.5175 - accuracy: 0.8220
28/49 [================>.............] - ETA: 2s - loss: 0.5181 - accuracy: 0.8221
29/49 [================>.............] - ETA: 2s - loss: 0.5191 - accuracy: 0.8216
30/49 [=================>............] - ETA: 1s - loss: 0.5198 - accuracy: 0.8214
31/49 [=================>............] - ETA: 1s - loss: 0.5204 - accuracy: 0.8210
32/49 [==================>...........] - ETA: 1s - loss: 0.5213 - accuracy: 0.8202
33/49 [===================>..........] - ETA: 1s - loss: 0.5236 - accuracy: 0.8193
34/49 [===================>..........] - ETA: 1s - loss: 0.5221 - accuracy: 0.8197
35/49 [====================>.........] - ETA: 1s - loss: 0.5220 - accuracy: 0.8195
36/49 [=====================>........] - ETA: 1s - loss: 0.5220 - accuracy: 0.8195
37/49 [=====================>........] - ETA: 1s - loss: 0.5211 - accuracy: 0.8197
38/49 [======================>.......] - ETA: 1s - loss: 0.5212 - accuracy: 0.8196
39/49 [======================>.......] - ETA: 1s - loss: 0.5230 - accuracy: 0.8191
40/49 [=======================>......] - ETA: 0s - loss: 0.5231 - accuracy: 0.8190
41/49 [========================>.....] - ETA: 0s - loss: 0.5248 - accuracy: 0.8187
42/49 [========================>.....] - ETA: 0s - loss: 0.5253 - accuracy: 0.8184
43/49 [=========================>....] - ETA: 0s - loss: 0.5261 - accuracy: 0.8178
44/49 [=========================>....] - ETA: 0s - loss: 0.5262 - accuracy: 0.8179
45/49 [==========================>...] - ETA: 0s - loss: 0.5272 - accuracy: 0.8176
46/49 [===========================>..] - ETA: 0s - loss: 0.5281 - accuracy: 0.8176
47/49 [===========================>..] - ETA: 0s - loss: 0.5295 - accuracy: 0.8169
48/49 [============================>.] - ETA: 0s - loss: 0.5293 - accuracy: 0.8168
49/49 [==============================] - ETA: 0s - loss: 0.5292 - accuracy: 0.8169
49/49 [==============================] - 6s 119ms/step - loss: 0.5292 - accuracy: 0.8169 - val_loss: 0.9403 - val_accuracy: 0.6877
Epoch 21/85

 1/49 [..............................] - ETA: 6s - loss: 0.5169 - accuracy: 0.8174
 2/49 [>.............................] - ETA: 5s - loss: 0.5121 - accuracy: 0.8145
 3/49 [>.............................] - ETA: 4s - loss: 0.5058 - accuracy: 0.8200
 4/49 [=>............................] - ETA: 4s - loss: 0.5142 - accuracy: 0.8159
 5/49 [==>...........................] - ETA: 4s - loss: 0.5207 - accuracy: 0.8141
 6/49 [==>...........................] - ETA: 4s - loss: 0.5141 - accuracy: 0.8195
 7/49 [===>..........................] - ETA: 4s - loss: 0.5124 - accuracy: 0.8205
 8/49 [===>..........................] - ETA: 4s - loss: 0.5110 - accuracy: 0.8199
 9/49 [====>.........................] - ETA: 4s - loss: 0.5110 - accuracy: 0.8180
10/49 [=====>........................] - ETA: 4s - loss: 0.5113 - accuracy: 0.8176
11/49 [=====>........................] - ETA: 3s - loss: 0.5130 - accuracy: 0.8179
12/49 [======>.......................] - ETA: 3s - loss: 0.5129 - accuracy: 0.8178
13/49 [======>.......................] - ETA: 3s - loss: 0.5157 - accuracy: 0.8170
14/49 [=======>......................] - ETA: 3s - loss: 0.5184 - accuracy: 0.8168
15/49 [========>.....................] - ETA: 3s - loss: 0.5170 - accuracy: 0.8176
16/49 [========>.....................] - ETA: 3s - loss: 0.5163 - accuracy: 0.8171
17/49 [=========>....................] - ETA: 3s - loss: 0.5168 - accuracy: 0.8172
18/49 [==========>...................] - ETA: 3s - loss: 0.5181 - accuracy: 0.8172
19/49 [==========>...................] - ETA: 3s - loss: 0.5187 - accuracy: 0.8174
20/49 [===========>..................] - ETA: 2s - loss: 0.5190 - accuracy: 0.8168
21/49 [===========>..................] - ETA: 2s - loss: 0.5180 - accuracy: 0.8177
22/49 [============>.................] - ETA: 2s - loss: 0.5193 - accuracy: 0.8173
23/49 [=============>................] - ETA: 2s - loss: 0.5189 - accuracy: 0.8178
24/49 [=============>................] - ETA: 2s - loss: 0.5181 - accuracy: 0.8182
25/49 [==============>...............] - ETA: 2s - loss: 0.5174 - accuracy: 0.8188
26/49 [==============>...............] - ETA: 2s - loss: 0.5177 - accuracy: 0.8187
27/49 [===============>..............] - ETA: 2s - loss: 0.5167 - accuracy: 0.8197
28/49 [================>.............] - ETA: 1s - loss: 0.5178 - accuracy: 0.8198
29/49 [================>.............] - ETA: 1s - loss: 0.5186 - accuracy: 0.8192
30/49 [=================>............] - ETA: 1s - loss: 0.5179 - accuracy: 0.8193
31/49 [=================>............] - ETA: 1s - loss: 0.5173 - accuracy: 0.8195
32/49 [==================>...........] - ETA: 1s - loss: 0.5184 - accuracy: 0.8192
33/49 [===================>..........] - ETA: 1s - loss: 0.5177 - accuracy: 0.8194
34/49 [===================>..........] - ETA: 1s - loss: 0.5198 - accuracy: 0.8187
35/49 [====================>.........] - ETA: 1s - loss: 0.5192 - accuracy: 0.8188
36/49 [=====================>........] - ETA: 1s - loss: 0.5198 - accuracy: 0.8185
37/49 [=====================>........] - ETA: 1s - loss: 0.5198 - accuracy: 0.8185
38/49 [======================>.......] - ETA: 1s - loss: 0.5205 - accuracy: 0.8182
39/49 [======================>.......] - ETA: 0s - loss: 0.5199 - accuracy: 0.8185
40/49 [=======================>......] - ETA: 0s - loss: 0.5206 - accuracy: 0.8180
41/49 [========================>.....] - ETA: 0s - loss: 0.5207 - accuracy: 0.8182
42/49 [========================>.....] - ETA: 0s - loss: 0.5201 - accuracy: 0.8181
43/49 [=========================>....] - ETA: 0s - loss: 0.5209 - accuracy: 0.8178
44/49 [=========================>....] - ETA: 0s - loss: 0.5210 - accuracy: 0.8181
45/49 [==========================>...] - ETA: 0s - loss: 0.5201 - accuracy: 0.8183
46/49 [===========================>..] - ETA: 0s - loss: 0.5193 - accuracy: 0.8186
47/49 [===========================>..] - ETA: 0s - loss: 0.5181 - accuracy: 0.8189
48/49 [============================>.] - ETA: 0s - loss: 0.5186 - accuracy: 0.8185
49/49 [==============================] - ETA: 0s - loss: 0.5190 - accuracy: 0.8182
49/49 [==============================] - 5s 111ms/step - loss: 0.5190 - accuracy: 0.8182 - val_loss: 0.9213 - val_accuracy: 0.7004
Epoch 21: early stopping

  1/313 [..............................] - ETA: 4s - loss: 0.5640 - accuracy: 0.8125
 20/313 [>.............................] - ETA: 0s - loss: 0.8512 - accuracy: 0.7188
 43/313 [===>..........................] - ETA: 0s - loss: 0.8872 - accuracy: 0.7049
 64/313 [=====>........................] - ETA: 0s - loss: 0.8805 - accuracy: 0.7021
 86/313 [=======>......................] - ETA: 0s - loss: 0.9130 - accuracy: 0.7009
106/313 [=========>....................] - ETA: 0s - loss: 0.9171 - accuracy: 0.7017
126/313 [===========>..................] - ETA: 0s - loss: 0.9168 - accuracy: 0.7026
148/313 [=============>................] - ETA: 0s - loss: 0.9128 - accuracy: 0.7054
168/313 [===============>..............] - ETA: 0s - loss: 0.9078 - accuracy: 0.7037
192/313 [=================>............] - ETA: 0s - loss: 0.9062 - accuracy: 0.7031
212/313 [===================>..........] - ETA: 0s - loss: 0.9056 - accuracy: 0.7033
232/313 [=====================>........] - ETA: 0s - loss: 0.9062 - accuracy: 0.7033
254/313 [=======================>......] - ETA: 0s - loss: 0.9123 - accuracy: 0.7025
274/313 [=========================>....] - ETA: 0s - loss: 0.9174 - accuracy: 0.7020
294/313 [===========================>..] - ETA: 0s - loss: 0.9164 - accuracy: 0.7023
313/313 [==============================] - 1s 3ms/step - loss: 0.9213 - accuracy: 0.7004
