2024-06-26 08:46:44.743030: I tensorflow/core/platform/cpu_feature_guard.cc:193] This TensorFlow binary is optimized with oneAPI Deep Neural Network Library (oneDNN) to use the following CPU instructions in performance-critical operations:  AVX AVX2
To enable them in other operations, rebuild TensorFlow with the appropriate compiler flags.
2024-06-26 08:46:45.283430: I tensorflow/core/common_runtime/gpu/gpu_device.cc:1616] Created device /job:localhost/replica:0/task:0/device:GPU:0 with 6656 MB memory:  -> device: 0, name: NVIDIA GeForce RTX 4060 Ti, pci bus id: 0000:01:00.0, compute capability: 8.9
1 Physical GPUs, 1 Logical GPUs
Model: "sequential"
_________________________________________________________________
 Layer (type)                Output Shape              Param #   
=================================================================
 conv2d (Conv2D)             (None, 32, 32, 32)        896       
                                                                 
 max_pooling2d (MaxPooling2D  (None, 16, 16, 32)       0         
 )                                                               
                                                                 
 batch_normalization (BatchN  (None, 16, 16, 32)       128       
 ormalization)                                                   
                                                                 
 conv2d_1 (Conv2D)           (None, 16, 16, 64)        18496     
                                                                 
 dropout (Dropout)           (None, 16, 16, 64)        0         
                                                                 
 flatten (Flatten)           (None, 16384)             0         
                                                                 
 dense (Dense)               (None, 10)                163850    
                                                                 
=================================================================
Total params: 183,370
Trainable params: 183,306
Non-trainable params: 64
_________________________________________________________________
Taxa de aprendizado:  0.001 Num de épocas:  164 Tamanho do lote:  256 Dropout:  0.35794
Epoch 1/164
2024-06-26 08:46:47.487038: I tensorflow/stream_executor/cuda/cuda_dnn.cc:384] Loaded cuDNN version 8100
2024-06-26 08:46:49.055350: W tensorflow/stream_executor/gpu/redzone_allocator.cc:314] INTERNAL: ptxas exited with non-zero error code -1, output: 
Relying on driver to perform ptx compilation. 
Modify $PATH to customize ptxas location.
This message will be only logged once.
2024-06-26 08:46:49.798680: I tensorflow/stream_executor/cuda/cuda_blas.cc:1614] TensorFloat-32 will be used for the matrix multiplication. This will only be logged once.

  1/196 [..............................] - ETA: 14:32 - loss: 2.4880 - accuracy: 0.1133
  9/196 [>.............................] - ETA: 1s - loss: 2.3209 - accuracy: 0.2279   
 17/196 [=>............................] - ETA: 1s - loss: 2.1136 - accuracy: 0.2842
 25/196 [==>...........................] - ETA: 1s - loss: 1.9913 - accuracy: 0.3116
 33/196 [====>.........................] - ETA: 1s - loss: 1.8975 - accuracy: 0.3391
 37/196 [====>.........................] - ETA: 1s - loss: 1.8651 - accuracy: 0.3492
 46/196 [======>.......................] - ETA: 1s - loss: 1.8004 - accuracy: 0.3700
 56/196 [=======>......................] - ETA: 1s - loss: 1.7383 - accuracy: 0.3884
 66/196 [=========>....................] - ETA: 1s - loss: 1.6890 - accuracy: 0.4051
 76/196 [==========>...................] - ETA: 0s - loss: 1.6501 - accuracy: 0.4175
 86/196 [============>.................] - ETA: 0s - loss: 1.6161 - accuracy: 0.4292
 95/196 [=============>................] - ETA: 0s - loss: 1.5905 - accuracy: 0.4380
104/196 [==============>...............] - ETA: 0s - loss: 1.5623 - accuracy: 0.4484
114/196 [================>.............] - ETA: 0s - loss: 1.5399 - accuracy: 0.4562
125/196 [==================>...........] - ETA: 0s - loss: 1.5184 - accuracy: 0.4636
134/196 [===================>..........] - ETA: 0s - loss: 1.5027 - accuracy: 0.4688
144/196 [=====================>........] - ETA: 0s - loss: 1.4876 - accuracy: 0.4733
152/196 [======================>.......] - ETA: 0s - loss: 1.4723 - accuracy: 0.4794
162/196 [=======================>......] - ETA: 0s - loss: 1.4581 - accuracy: 0.4837
172/196 [=========================>....] - ETA: 0s - loss: 1.4433 - accuracy: 0.4892
182/196 [==========================>...] - ETA: 0s - loss: 1.4275 - accuracy: 0.4948
192/196 [============================>.] - ETA: 0s - loss: 1.4155 - accuracy: 0.4998
196/196 [==============================] - 7s 11ms/step - loss: 1.4113 - accuracy: 0.5014 - val_loss: 2.0136 - val_accuracy: 0.3920
Epoch 2/164

  1/196 [..............................] - ETA: 3s - loss: 1.1555 - accuracy: 0.6055
 11/196 [>.............................] - ETA: 1s - loss: 1.0639 - accuracy: 0.6293
 21/196 [==>...........................] - ETA: 1s - loss: 1.0737 - accuracy: 0.6300
 31/196 [===>..........................] - ETA: 1s - loss: 1.0663 - accuracy: 0.6288
 42/196 [=====>........................] - ETA: 0s - loss: 1.0534 - accuracy: 0.6339
 53/196 [=======>......................] - ETA: 0s - loss: 1.0560 - accuracy: 0.6298
 64/196 [========>.....................] - ETA: 0s - loss: 1.0558 - accuracy: 0.6292
 74/196 [==========>...................] - ETA: 0s - loss: 1.0527 - accuracy: 0.6308
 83/196 [===========>..................] - ETA: 0s - loss: 1.0515 - accuracy: 0.6306
 93/196 [=============>................] - ETA: 0s - loss: 1.0486 - accuracy: 0.6322
104/196 [==============>...............] - ETA: 0s - loss: 1.0493 - accuracy: 0.6326
114/196 [================>.............] - ETA: 0s - loss: 1.0440 - accuracy: 0.6339
122/196 [=================>............] - ETA: 0s - loss: 1.0420 - accuracy: 0.6348
132/196 [===================>..........] - ETA: 0s - loss: 1.0388 - accuracy: 0.6362
142/196 [====================>.........] - ETA: 0s - loss: 1.0372 - accuracy: 0.6365
153/196 [======================>.......] - ETA: 0s - loss: 1.0345 - accuracy: 0.6377
163/196 [=======================>......] - ETA: 0s - loss: 1.0306 - accuracy: 0.6396
174/196 [=========================>....] - ETA: 0s - loss: 1.0308 - accuracy: 0.6390
184/196 [===========================>..] - ETA: 0s - loss: 1.0289 - accuracy: 0.6404
194/196 [============================>.] - ETA: 0s - loss: 1.0255 - accuracy: 0.6414
196/196 [==============================] - 2s 9ms/step - loss: 1.0247 - accuracy: 0.6416 - val_loss: 1.5981 - val_accuracy: 0.5166
Epoch 3/164

  1/196 [..............................] - ETA: 3s - loss: 0.8767 - accuracy: 0.7188
 11/196 [>.............................] - ETA: 1s - loss: 0.8855 - accuracy: 0.7038
 21/196 [==>...........................] - ETA: 1s - loss: 0.8632 - accuracy: 0.7059
 32/196 [===>..........................] - ETA: 0s - loss: 0.8677 - accuracy: 0.7014
 42/196 [=====>........................] - ETA: 0s - loss: 0.8604 - accuracy: 0.7060
 52/196 [======>.......................] - ETA: 0s - loss: 0.8586 - accuracy: 0.7061
 62/196 [========>.....................] - ETA: 0s - loss: 0.8612 - accuracy: 0.7038
 72/196 [==========>...................] - ETA: 0s - loss: 0.8673 - accuracy: 0.7013
 83/196 [===========>..................] - ETA: 0s - loss: 0.8717 - accuracy: 0.6996
 93/196 [=============>................] - ETA: 0s - loss: 0.8742 - accuracy: 0.6991
104/196 [==============>...............] - ETA: 0s - loss: 0.8818 - accuracy: 0.6965
114/196 [================>.............] - ETA: 0s - loss: 0.8831 - accuracy: 0.6959
125/196 [==================>...........] - ETA: 0s - loss: 0.8828 - accuracy: 0.6957
135/196 [===================>..........] - ETA: 0s - loss: 0.8842 - accuracy: 0.6949
145/196 [=====================>........] - ETA: 0s - loss: 0.8836 - accuracy: 0.6955
155/196 [======================>.......] - ETA: 0s - loss: 0.8868 - accuracy: 0.6945
164/196 [========================>.....] - ETA: 0s - loss: 0.8869 - accuracy: 0.6943
175/196 [=========================>....] - ETA: 0s - loss: 0.8901 - accuracy: 0.6928
185/196 [===========================>..] - ETA: 0s - loss: 0.8914 - accuracy: 0.6923
195/196 [============================>.] - ETA: 0s - loss: 0.8891 - accuracy: 0.6931
196/196 [==============================] - 2s 9ms/step - loss: 0.8886 - accuracy: 0.6931 - val_loss: 1.1292 - val_accuracy: 0.6122
Epoch 4/164

  1/196 [..............................] - ETA: 3s - loss: 0.7434 - accuracy: 0.7500
 11/196 [>.............................] - ETA: 1s - loss: 0.7739 - accuracy: 0.7333
 20/196 [==>...........................] - ETA: 1s - loss: 0.7806 - accuracy: 0.7279
 29/196 [===>..........................] - ETA: 1s - loss: 0.7763 - accuracy: 0.7307
 37/196 [====>.........................] - ETA: 1s - loss: 0.7734 - accuracy: 0.7331
 45/196 [=====>........................] - ETA: 1s - loss: 0.7716 - accuracy: 0.7316
 53/196 [=======>......................] - ETA: 1s - loss: 0.7658 - accuracy: 0.7342
 60/196 [========>.....................] - ETA: 1s - loss: 0.7671 - accuracy: 0.7340
 62/196 [========>.....................] - ETA: 1s - loss: 0.7693 - accuracy: 0.7332
 67/196 [=========>....................] - ETA: 1s - loss: 0.7729 - accuracy: 0.7309
 74/196 [==========>...................] - ETA: 1s - loss: 0.7761 - accuracy: 0.7305
 81/196 [===========>..................] - ETA: 0s - loss: 0.7799 - accuracy: 0.7289
 88/196 [============>.................] - ETA: 0s - loss: 0.7815 - accuracy: 0.7287
 96/196 [=============>................] - ETA: 0s - loss: 0.7852 - accuracy: 0.7275
104/196 [==============>...............] - ETA: 0s - loss: 0.7842 - accuracy: 0.7284
113/196 [================>.............] - ETA: 0s - loss: 0.7854 - accuracy: 0.7281
123/196 [=================>............] - ETA: 0s - loss: 0.7887 - accuracy: 0.7271
132/196 [===================>..........] - ETA: 0s - loss: 0.7882 - accuracy: 0.7270
143/196 [====================>.........] - ETA: 0s - loss: 0.7905 - accuracy: 0.7272
152/196 [======================>.......] - ETA: 0s - loss: 0.7932 - accuracy: 0.7264
162/196 [=======================>......] - ETA: 0s - loss: 0.7962 - accuracy: 0.7255
171/196 [=========================>....] - ETA: 0s - loss: 0.7976 - accuracy: 0.7246
182/196 [==========================>...] - ETA: 0s - loss: 0.7982 - accuracy: 0.7248
192/196 [============================>.] - ETA: 0s - loss: 0.7985 - accuracy: 0.7244
196/196 [==============================] - 2s 10ms/step - loss: 0.7985 - accuracy: 0.7244 - val_loss: 1.1223 - val_accuracy: 0.6167
Epoch 5/164

  1/196 [..............................] - ETA: 6s - loss: 0.8307 - accuracy: 0.7188
 10/196 [>.............................] - ETA: 1s - loss: 0.7278 - accuracy: 0.7402
 17/196 [=>............................] - ETA: 1s - loss: 0.7297 - accuracy: 0.7491
 24/196 [==>...........................] - ETA: 1s - loss: 0.7279 - accuracy: 0.7502
 31/196 [===>..........................] - ETA: 1s - loss: 0.7143 - accuracy: 0.7547
 40/196 [=====>........................] - ETA: 1s - loss: 0.7139 - accuracy: 0.7565
 48/196 [======>.......................] - ETA: 1s - loss: 0.7130 - accuracy: 0.7547
 55/196 [=======>......................] - ETA: 1s - loss: 0.7125 - accuracy: 0.7544
 63/196 [========>.....................] - ETA: 1s - loss: 0.7116 - accuracy: 0.7544
 70/196 [=========>....................] - ETA: 1s - loss: 0.7121 - accuracy: 0.7554
 79/196 [===========>..................] - ETA: 0s - loss: 0.7174 - accuracy: 0.7528
 87/196 [============>.................] - ETA: 0s - loss: 0.7169 - accuracy: 0.7512
 95/196 [=============>................] - ETA: 0s - loss: 0.7205 - accuracy: 0.7491
103/196 [==============>...............] - ETA: 0s - loss: 0.7227 - accuracy: 0.7487
111/196 [===============>..............] - ETA: 0s - loss: 0.7229 - accuracy: 0.7486
119/196 [=================>............] - ETA: 0s - loss: 0.7244 - accuracy: 0.7474
128/196 [==================>...........] - ETA: 0s - loss: 0.7254 - accuracy: 0.7472
136/196 [===================>..........] - ETA: 0s - loss: 0.7303 - accuracy: 0.7460
144/196 [=====================>........] - ETA: 0s - loss: 0.7322 - accuracy: 0.7455
152/196 [======================>.......] - ETA: 0s - loss: 0.7338 - accuracy: 0.7450
160/196 [=======================>......] - ETA: 0s - loss: 0.7334 - accuracy: 0.7451
168/196 [========================>.....] - ETA: 0s - loss: 0.7348 - accuracy: 0.7442
177/196 [==========================>...] - ETA: 0s - loss: 0.7345 - accuracy: 0.7443
184/196 [===========================>..] - ETA: 0s - loss: 0.7345 - accuracy: 0.7444
192/196 [============================>.] - ETA: 0s - loss: 0.7358 - accuracy: 0.7439
196/196 [==============================] - 2s 11ms/step - loss: 0.7357 - accuracy: 0.7441 - val_loss: 0.9744 - val_accuracy: 0.6695
Epoch 6/164

  1/196 [..............................] - ETA: 6s - loss: 0.6520 - accuracy: 0.7617
  9/196 [>.............................] - ETA: 1s - loss: 0.6509 - accuracy: 0.7730
 17/196 [=>............................] - ETA: 1s - loss: 0.6457 - accuracy: 0.7776
 25/196 [==>...........................] - ETA: 1s - loss: 0.6559 - accuracy: 0.7755
 32/196 [===>..........................] - ETA: 1s - loss: 0.6554 - accuracy: 0.7762
 40/196 [=====>........................] - ETA: 1s - loss: 0.6503 - accuracy: 0.7764
 48/196 [======>.......................] - ETA: 1s - loss: 0.6593 - accuracy: 0.7736
 55/196 [=======>......................] - ETA: 1s - loss: 0.6627 - accuracy: 0.7724
 61/196 [========>.....................] - ETA: 1s - loss: 0.6628 - accuracy: 0.7721
 68/196 [=========>....................] - ETA: 1s - loss: 0.6621 - accuracy: 0.7725
 75/196 [==========>...................] - ETA: 1s - loss: 0.6641 - accuracy: 0.7705
 83/196 [===========>..................] - ETA: 0s - loss: 0.6628 - accuracy: 0.7715
 91/196 [============>.................] - ETA: 0s - loss: 0.6653 - accuracy: 0.7704
 97/196 [=============>................] - ETA: 0s - loss: 0.6693 - accuracy: 0.7695
103/196 [==============>...............] - ETA: 0s - loss: 0.6689 - accuracy: 0.7690
108/196 [===============>..............] - ETA: 0s - loss: 0.6699 - accuracy: 0.7689
115/196 [================>.............] - ETA: 0s - loss: 0.6700 - accuracy: 0.7692
122/196 [=================>............] - ETA: 0s - loss: 0.6704 - accuracy: 0.7687
130/196 [==================>...........] - ETA: 0s - loss: 0.6724 - accuracy: 0.7676
137/196 [===================>..........] - ETA: 0s - loss: 0.6730 - accuracy: 0.7667
144/196 [=====================>........] - ETA: 0s - loss: 0.6735 - accuracy: 0.7669
150/196 [=====================>........] - ETA: 0s - loss: 0.6747 - accuracy: 0.7667
157/196 [=======================>......] - ETA: 0s - loss: 0.6769 - accuracy: 0.7651
165/196 [========================>.....] - ETA: 0s - loss: 0.6791 - accuracy: 0.7643
172/196 [=========================>....] - ETA: 0s - loss: 0.6793 - accuracy: 0.7643
179/196 [==========================>...] - ETA: 0s - loss: 0.6805 - accuracy: 0.7639
185/196 [===========================>..] - ETA: 0s - loss: 0.6820 - accuracy: 0.7631
193/196 [============================>.] - ETA: 0s - loss: 0.6837 - accuracy: 0.7623
196/196 [==============================] - 2s 13ms/step - loss: 0.6844 - accuracy: 0.7617 - val_loss: 0.9262 - val_accuracy: 0.6866
Epoch 7/164

  1/196 [..............................] - ETA: 6s - loss: 0.5650 - accuracy: 0.8203
  9/196 [>.............................] - ETA: 1s - loss: 0.6273 - accuracy: 0.7808
 16/196 [=>............................] - ETA: 1s - loss: 0.6229 - accuracy: 0.7842
 22/196 [==>...........................] - ETA: 1s - loss: 0.6039 - accuracy: 0.7908
 28/196 [===>..........................] - ETA: 1s - loss: 0.6090 - accuracy: 0.7892
 36/196 [====>.........................] - ETA: 1s - loss: 0.6042 - accuracy: 0.7913
 43/196 [=====>........................] - ETA: 1s - loss: 0.5997 - accuracy: 0.7922
 50/196 [======>.......................] - ETA: 1s - loss: 0.6045 - accuracy: 0.7897
 58/196 [=======>......................] - ETA: 1s - loss: 0.6125 - accuracy: 0.7880
 65/196 [========>.....................] - ETA: 1s - loss: 0.6168 - accuracy: 0.7873
 72/196 [==========>...................] - ETA: 1s - loss: 0.6187 - accuracy: 0.7859
 79/196 [===========>..................] - ETA: 1s - loss: 0.6190 - accuracy: 0.7857
 86/196 [============>.................] - ETA: 0s - loss: 0.6221 - accuracy: 0.7847
 93/196 [=============>................] - ETA: 0s - loss: 0.6198 - accuracy: 0.7855
100/196 [==============>...............] - ETA: 0s - loss: 0.6228 - accuracy: 0.7844
107/196 [===============>..............] - ETA: 0s - loss: 0.6226 - accuracy: 0.7847
114/196 [================>.............] - ETA: 0s - loss: 0.6252 - accuracy: 0.7839
121/196 [=================>............] - ETA: 0s - loss: 0.6258 - accuracy: 0.7835
128/196 [==================>...........] - ETA: 0s - loss: 0.6297 - accuracy: 0.7828
136/196 [===================>..........] - ETA: 0s - loss: 0.6292 - accuracy: 0.7829
143/196 [====================>.........] - ETA: 0s - loss: 0.6306 - accuracy: 0.7821
150/196 [=====================>........] - ETA: 0s - loss: 0.6308 - accuracy: 0.7818
157/196 [=======================>......] - ETA: 0s - loss: 0.6326 - accuracy: 0.7810
164/196 [========================>.....] - ETA: 0s - loss: 0.6333 - accuracy: 0.7815
170/196 [=========================>....] - ETA: 0s - loss: 0.6360 - accuracy: 0.7804
177/196 [==========================>...] - ETA: 0s - loss: 0.6369 - accuracy: 0.7801
184/196 [===========================>..] - ETA: 0s - loss: 0.6367 - accuracy: 0.7803
191/196 [============================>.] - ETA: 0s - loss: 0.6379 - accuracy: 0.7799
196/196 [==============================] - 2s 12ms/step - loss: 0.6395 - accuracy: 0.7795 - val_loss: 0.9660 - val_accuracy: 0.6759
Epoch 8/164

  1/196 [..............................] - ETA: 6s - loss: 0.5362 - accuracy: 0.8281
  8/196 [>.............................] - ETA: 1s - loss: 0.5648 - accuracy: 0.8013
 14/196 [=>............................] - ETA: 1s - loss: 0.5519 - accuracy: 0.8083
 22/196 [==>...........................] - ETA: 1s - loss: 0.5385 - accuracy: 0.8155
 29/196 [===>..........................] - ETA: 1s - loss: 0.5367 - accuracy: 0.8175
 35/196 [====>.........................] - ETA: 1s - loss: 0.5449 - accuracy: 0.8144
 41/196 [=====>........................] - ETA: 1s - loss: 0.5454 - accuracy: 0.8151
 48/196 [======>.......................] - ETA: 1s - loss: 0.5533 - accuracy: 0.8125
 55/196 [=======>......................] - ETA: 1s - loss: 0.5546 - accuracy: 0.8114
 62/196 [========>.....................] - ETA: 1s - loss: 0.5559 - accuracy: 0.8109
 69/196 [=========>....................] - ETA: 1s - loss: 0.5608 - accuracy: 0.8081
 76/196 [==========>...................] - ETA: 1s - loss: 0.5609 - accuracy: 0.8076
 83/196 [===========>..................] - ETA: 1s - loss: 0.5669 - accuracy: 0.8052
 91/196 [============>.................] - ETA: 0s - loss: 0.5697 - accuracy: 0.8037
 98/196 [==============>...............] - ETA: 0s - loss: 0.5720 - accuracy: 0.8029
105/196 [===============>..............] - ETA: 0s - loss: 0.5759 - accuracy: 0.8011
112/196 [================>.............] - ETA: 0s - loss: 0.5776 - accuracy: 0.8005
119/196 [=================>............] - ETA: 0s - loss: 0.5814 - accuracy: 0.7994
126/196 [==================>...........] - ETA: 0s - loss: 0.5836 - accuracy: 0.7986
133/196 [===================>..........] - ETA: 0s - loss: 0.5844 - accuracy: 0.7986
140/196 [====================>.........] - ETA: 0s - loss: 0.5858 - accuracy: 0.7973
147/196 [=====================>........] - ETA: 0s - loss: 0.5870 - accuracy: 0.7967
154/196 [======================>.......] - ETA: 0s - loss: 0.5873 - accuracy: 0.7964
161/196 [=======================>......] - ETA: 0s - loss: 0.5873 - accuracy: 0.7962
168/196 [========================>.....] - ETA: 0s - loss: 0.5874 - accuracy: 0.7957
175/196 [=========================>....] - ETA: 0s - loss: 0.5881 - accuracy: 0.7951
182/196 [==========================>...] - ETA: 0s - loss: 0.5898 - accuracy: 0.7944
189/196 [===========================>..] - ETA: 0s - loss: 0.5932 - accuracy: 0.7932
196/196 [==============================] - ETA: 0s - loss: 0.5929 - accuracy: 0.7935
196/196 [==============================] - 2s 12ms/step - loss: 0.5929 - accuracy: 0.7935 - val_loss: 0.9135 - val_accuracy: 0.6961
Epoch 9/164

  1/196 [..............................] - ETA: 3s - loss: 0.4476 - accuracy: 0.8477
  7/196 [>.............................] - ETA: 1s - loss: 0.5232 - accuracy: 0.8242
 14/196 [=>............................] - ETA: 1s - loss: 0.5224 - accuracy: 0.8211
 21/196 [==>...........................] - ETA: 1s - loss: 0.5313 - accuracy: 0.8134
 28/196 [===>..........................] - ETA: 1s - loss: 0.5305 - accuracy: 0.8143
 35/196 [====>.........................] - ETA: 1s - loss: 0.5283 - accuracy: 0.8153
 42/196 [=====>........................] - ETA: 1s - loss: 0.5298 - accuracy: 0.8159
 49/196 [======>.......................] - ETA: 1s - loss: 0.5308 - accuracy: 0.8151
 57/196 [=======>......................] - ETA: 1s - loss: 0.5334 - accuracy: 0.8135
 64/196 [========>.....................] - ETA: 1s - loss: 0.5381 - accuracy: 0.8124
 70/196 [=========>....................] - ETA: 1s - loss: 0.5358 - accuracy: 0.8131
 77/196 [==========>...................] - ETA: 1s - loss: 0.5367 - accuracy: 0.8123
 83/196 [===========>..................] - ETA: 1s - loss: 0.5383 - accuracy: 0.8115
 90/196 [============>.................] - ETA: 0s - loss: 0.5380 - accuracy: 0.8112
 96/196 [=============>................] - ETA: 0s - loss: 0.5413 - accuracy: 0.8096
101/196 [==============>...............] - ETA: 0s - loss: 0.5428 - accuracy: 0.8096
108/196 [===============>..............] - ETA: 0s - loss: 0.5428 - accuracy: 0.8092
114/196 [================>.............] - ETA: 0s - loss: 0.5443 - accuracy: 0.8088
120/196 [=================>............] - ETA: 0s - loss: 0.5436 - accuracy: 0.8091
126/196 [==================>...........] - ETA: 0s - loss: 0.5458 - accuracy: 0.8081
133/196 [===================>..........] - ETA: 0s - loss: 0.5457 - accuracy: 0.8082
139/196 [====================>.........] - ETA: 0s - loss: 0.5495 - accuracy: 0.8069
145/196 [=====================>........] - ETA: 0s - loss: 0.5510 - accuracy: 0.8061
152/196 [======================>.......] - ETA: 0s - loss: 0.5539 - accuracy: 0.8054
159/196 [=======================>......] - ETA: 0s - loss: 0.5564 - accuracy: 0.8044
166/196 [========================>.....] - ETA: 0s - loss: 0.5582 - accuracy: 0.8037
173/196 [=========================>....] - ETA: 0s - loss: 0.5604 - accuracy: 0.8026
179/196 [==========================>...] - ETA: 0s - loss: 0.5611 - accuracy: 0.8023
187/196 [===========================>..] - ETA: 0s - loss: 0.5631 - accuracy: 0.8016
193/196 [============================>.] - ETA: 0s - loss: 0.5642 - accuracy: 0.8011
196/196 [==============================] - 3s 13ms/step - loss: 0.5654 - accuracy: 0.8007 - val_loss: 1.3604 - val_accuracy: 0.6270
Epoch 10/164

  1/196 [..............................] - ETA: 3s - loss: 0.4640 - accuracy: 0.8438
  8/196 [>.............................] - ETA: 1s - loss: 0.4950 - accuracy: 0.8354
 14/196 [=>............................] - ETA: 1s - loss: 0.5018 - accuracy: 0.8278
 20/196 [==>...........................] - ETA: 1s - loss: 0.5165 - accuracy: 0.8195
 27/196 [===>..........................] - ETA: 1s - loss: 0.5096 - accuracy: 0.8184
 34/196 [====>.........................] - ETA: 1s - loss: 0.5028 - accuracy: 0.8222
 41/196 [=====>........................] - ETA: 1s - loss: 0.5087 - accuracy: 0.8189
 47/196 [======>.......................] - ETA: 1s - loss: 0.5105 - accuracy: 0.8194
 54/196 [=======>......................] - ETA: 1s - loss: 0.5145 - accuracy: 0.8183
 61/196 [========>.....................] - ETA: 1s - loss: 0.5118 - accuracy: 0.8187
 68/196 [=========>....................] - ETA: 1s - loss: 0.5109 - accuracy: 0.8189
 75/196 [==========>...................] - ETA: 1s - loss: 0.5120 - accuracy: 0.8179
 82/196 [===========>..................] - ETA: 1s - loss: 0.5120 - accuracy: 0.8181
 89/196 [============>.................] - ETA: 0s - loss: 0.5130 - accuracy: 0.8175
 96/196 [=============>................] - ETA: 0s - loss: 0.5117 - accuracy: 0.8176
103/196 [==============>...............] - ETA: 0s - loss: 0.5141 - accuracy: 0.8177
110/196 [===============>..............] - ETA: 0s - loss: 0.5165 - accuracy: 0.8175
117/196 [================>.............] - ETA: 0s - loss: 0.5186 - accuracy: 0.8171
123/196 [=================>............] - ETA: 0s - loss: 0.5194 - accuracy: 0.8170
129/196 [==================>...........] - ETA: 0s - loss: 0.5209 - accuracy: 0.8168
134/196 [===================>..........] - ETA: 0s - loss: 0.5213 - accuracy: 0.8171
141/196 [====================>.........] - ETA: 0s - loss: 0.5243 - accuracy: 0.8163
150/196 [=====================>........] - ETA: 0s - loss: 0.5274 - accuracy: 0.8149
156/196 [======================>.......] - ETA: 0s - loss: 0.5283 - accuracy: 0.8145
162/196 [=======================>......] - ETA: 0s - loss: 0.5293 - accuracy: 0.8140
168/196 [========================>.....] - ETA: 0s - loss: 0.5298 - accuracy: 0.8141
176/196 [=========================>....] - ETA: 0s - loss: 0.5318 - accuracy: 0.8132
182/196 [==========================>...] - ETA: 0s - loss: 0.5321 - accuracy: 0.8130
189/196 [===========================>..] - ETA: 0s - loss: 0.5351 - accuracy: 0.8118
196/196 [==============================] - ETA: 0s - loss: 0.5376 - accuracy: 0.8107
196/196 [==============================] - 2s 13ms/step - loss: 0.5376 - accuracy: 0.8107 - val_loss: 0.9509 - val_accuracy: 0.6889
Epoch 11/164

  1/196 [..............................] - ETA: 6s - loss: 0.4771 - accuracy: 0.8359
  9/196 [>.............................] - ETA: 1s - loss: 0.4731 - accuracy: 0.8312
 15/196 [=>............................] - ETA: 1s - loss: 0.4703 - accuracy: 0.8354
 23/196 [==>...........................] - ETA: 1s - loss: 0.4644 - accuracy: 0.8373
 30/196 [===>..........................] - ETA: 1s - loss: 0.4631 - accuracy: 0.8385
 37/196 [====>.........................] - ETA: 1s - loss: 0.4582 - accuracy: 0.8407
 44/196 [=====>........................] - ETA: 1s - loss: 0.4599 - accuracy: 0.8387
 51/196 [======>.......................] - ETA: 1s - loss: 0.4643 - accuracy: 0.8364
 57/196 [=======>......................] - ETA: 1s - loss: 0.4690 - accuracy: 0.8347
 65/196 [========>.....................] - ETA: 1s - loss: 0.4738 - accuracy: 0.8326
 72/196 [==========>...................] - ETA: 1s - loss: 0.4803 - accuracy: 0.8296
 79/196 [===========>..................] - ETA: 1s - loss: 0.4821 - accuracy: 0.8298
 86/196 [============>.................] - ETA: 0s - loss: 0.4824 - accuracy: 0.8305
 93/196 [=============>................] - ETA: 0s - loss: 0.4856 - accuracy: 0.8288
100/196 [==============>...............] - ETA: 0s - loss: 0.4885 - accuracy: 0.8275
107/196 [===============>..............] - ETA: 0s - loss: 0.4891 - accuracy: 0.8274
114/196 [================>.............] - ETA: 0s - loss: 0.4920 - accuracy: 0.8270
121/196 [=================>............] - ETA: 0s - loss: 0.4933 - accuracy: 0.8262
128/196 [==================>...........] - ETA: 0s - loss: 0.4955 - accuracy: 0.8257
135/196 [===================>..........] - ETA: 0s - loss: 0.4991 - accuracy: 0.8242
142/196 [====================>.........] - ETA: 0s - loss: 0.5021 - accuracy: 0.8233
149/196 [=====================>........] - ETA: 0s - loss: 0.5036 - accuracy: 0.8223
156/196 [======================>.......] - ETA: 0s - loss: 0.5046 - accuracy: 0.8219
162/196 [=======================>......] - ETA: 0s - loss: 0.5051 - accuracy: 0.8219
170/196 [=========================>....] - ETA: 0s - loss: 0.5072 - accuracy: 0.8211
176/196 [=========================>....] - ETA: 0s - loss: 0.5083 - accuracy: 0.8208
184/196 [===========================>..] - ETA: 0s - loss: 0.5094 - accuracy: 0.8207
191/196 [============================>.] - ETA: 0s - loss: 0.5109 - accuracy: 0.8201
196/196 [==============================] - 2s 12ms/step - loss: 0.5118 - accuracy: 0.8197 - val_loss: 1.0183 - val_accuracy: 0.6780
Epoch 12/164

  1/196 [..............................] - ETA: 3s - loss: 0.4240 - accuracy: 0.8438
  7/196 [>.............................] - ETA: 1s - loss: 0.4371 - accuracy: 0.8443
 13/196 [>.............................] - ETA: 1s - loss: 0.4472 - accuracy: 0.8407
 20/196 [==>...........................] - ETA: 1s - loss: 0.4381 - accuracy: 0.8453
 27/196 [===>..........................] - ETA: 1s - loss: 0.4352 - accuracy: 0.8492
 33/196 [====>.........................] - ETA: 1s - loss: 0.4339 - accuracy: 0.8510
 40/196 [=====>........................] - ETA: 1s - loss: 0.4353 - accuracy: 0.8495
 46/196 [======>.......................] - ETA: 1s - loss: 0.4389 - accuracy: 0.8473
 54/196 [=======>......................] - ETA: 1s - loss: 0.4395 - accuracy: 0.8461
 60/196 [========>.....................] - ETA: 1s - loss: 0.4442 - accuracy: 0.8449
 68/196 [=========>....................] - ETA: 1s - loss: 0.4501 - accuracy: 0.8429
 75/196 [==========>...................] - ETA: 1s - loss: 0.4537 - accuracy: 0.8419
 82/196 [===========>..................] - ETA: 1s - loss: 0.4567 - accuracy: 0.8413
 89/196 [============>.................] - ETA: 0s - loss: 0.4593 - accuracy: 0.8407
 95/196 [=============>................] - ETA: 0s - loss: 0.4616 - accuracy: 0.8398
101/196 [==============>...............] - ETA: 0s - loss: 0.4630 - accuracy: 0.8390
108/196 [===============>..............] - ETA: 0s - loss: 0.4638 - accuracy: 0.8392
115/196 [================>.............] - ETA: 0s - loss: 0.4669 - accuracy: 0.8385
122/196 [=================>............] - ETA: 0s - loss: 0.4681 - accuracy: 0.8375
129/196 [==================>...........] - ETA: 0s - loss: 0.4697 - accuracy: 0.8368
137/196 [===================>..........] - ETA: 0s - loss: 0.4722 - accuracy: 0.8355
144/196 [=====================>........] - ETA: 0s - loss: 0.4730 - accuracy: 0.8347
151/196 [======================>.......] - ETA: 0s - loss: 0.4755 - accuracy: 0.8339
158/196 [=======================>......] - ETA: 0s - loss: 0.4769 - accuracy: 0.8333
165/196 [========================>.....] - ETA: 0s - loss: 0.4778 - accuracy: 0.8327
173/196 [=========================>....] - ETA: 0s - loss: 0.4811 - accuracy: 0.8314
180/196 [==========================>...] - ETA: 0s - loss: 0.4826 - accuracy: 0.8307
186/196 [===========================>..] - ETA: 0s - loss: 0.4833 - accuracy: 0.8303
192/196 [============================>.] - ETA: 0s - loss: 0.4847 - accuracy: 0.8299
196/196 [==============================] - 2s 13ms/step - loss: 0.4859 - accuracy: 0.8294 - val_loss: 0.9639 - val_accuracy: 0.6863
Epoch 13/164

  1/196 [..............................] - ETA: 2s - loss: 0.4349 - accuracy: 0.8555
  8/196 [>.............................] - ETA: 1s - loss: 0.4150 - accuracy: 0.8521
 15/196 [=>............................] - ETA: 1s - loss: 0.4139 - accuracy: 0.8521
 22/196 [==>...........................] - ETA: 1s - loss: 0.4139 - accuracy: 0.8528
 30/196 [===>..........................] - ETA: 1s - loss: 0.4164 - accuracy: 0.8501
 37/196 [====>.........................] - ETA: 1s - loss: 0.4176 - accuracy: 0.8480
 44/196 [=====>........................] - ETA: 1s - loss: 0.4202 - accuracy: 0.8479
 51/196 [======>.......................] - ETA: 1s - loss: 0.4224 - accuracy: 0.8477
 58/196 [=======>......................] - ETA: 1s - loss: 0.4250 - accuracy: 0.8471
 65/196 [========>.....................] - ETA: 1s - loss: 0.4290 - accuracy: 0.8460
 72/196 [==========>...................] - ETA: 1s - loss: 0.4321 - accuracy: 0.8454
 79/196 [===========>..................] - ETA: 1s - loss: 0.4310 - accuracy: 0.8459
 86/196 [============>.................] - ETA: 0s - loss: 0.4340 - accuracy: 0.8449
 93/196 [=============>................] - ETA: 0s - loss: 0.4373 - accuracy: 0.8439
 99/196 [==============>...............] - ETA: 0s - loss: 0.4391 - accuracy: 0.8432
106/196 [===============>..............] - ETA: 0s - loss: 0.4420 - accuracy: 0.8422
114/196 [================>.............] - ETA: 0s - loss: 0.4454 - accuracy: 0.8407
120/196 [=================>............] - ETA: 0s - loss: 0.4449 - accuracy: 0.8413
127/196 [==================>...........] - ETA: 0s - loss: 0.4476 - accuracy: 0.8404
134/196 [===================>..........] - ETA: 0s - loss: 0.4501 - accuracy: 0.8396
142/196 [====================>.........] - ETA: 0s - loss: 0.4540 - accuracy: 0.8378
149/196 [=====================>........] - ETA: 0s - loss: 0.4562 - accuracy: 0.8368
157/196 [=======================>......] - ETA: 0s - loss: 0.4589 - accuracy: 0.8358
164/196 [========================>.....] - ETA: 0s - loss: 0.4599 - accuracy: 0.8360
171/196 [=========================>....] - ETA: 0s - loss: 0.4624 - accuracy: 0.8354
176/196 [=========================>....] - ETA: 0s - loss: 0.4635 - accuracy: 0.8351
182/196 [==========================>...] - ETA: 0s - loss: 0.4637 - accuracy: 0.8349
189/196 [===========================>..] - ETA: 0s - loss: 0.4653 - accuracy: 0.8337
195/196 [============================>.] - ETA: 0s - loss: 0.4671 - accuracy: 0.8331
196/196 [==============================] - 2s 13ms/step - loss: 0.4669 - accuracy: 0.8333 - val_loss: 1.1007 - val_accuracy: 0.6649
Epoch 14/164

  1/196 [..............................] - ETA: 3s - loss: 0.3991 - accuracy: 0.8633
  7/196 [>.............................] - ETA: 1s - loss: 0.4188 - accuracy: 0.8477
 14/196 [=>............................] - ETA: 1s - loss: 0.4145 - accuracy: 0.8530
 22/196 [==>...........................] - ETA: 1s - loss: 0.4116 - accuracy: 0.8546
 29/196 [===>..........................] - ETA: 1s - loss: 0.4137 - accuracy: 0.8539
 36/196 [====>.........................] - ETA: 1s - loss: 0.4107 - accuracy: 0.8542
 43/196 [=====>........................] - ETA: 1s - loss: 0.4069 - accuracy: 0.8551
 50/196 [======>.......................] - ETA: 1s - loss: 0.4119 - accuracy: 0.8530
 57/196 [=======>......................] - ETA: 1s - loss: 0.4131 - accuracy: 0.8527
 64/196 [========>.....................] - ETA: 1s - loss: 0.4189 - accuracy: 0.8499
 71/196 [=========>....................] - ETA: 1s - loss: 0.4233 - accuracy: 0.8482
 79/196 [===========>..................] - ETA: 1s - loss: 0.4263 - accuracy: 0.8469
 86/196 [============>.................] - ETA: 0s - loss: 0.4345 - accuracy: 0.8446
 92/196 [=============>................] - ETA: 0s - loss: 0.4356 - accuracy: 0.8443
 98/196 [==============>...............] - ETA: 0s - loss: 0.4377 - accuracy: 0.8435
105/196 [===============>..............] - ETA: 0s - loss: 0.4395 - accuracy: 0.8428
112/196 [================>.............] - ETA: 0s - loss: 0.4434 - accuracy: 0.8414
119/196 [=================>............] - ETA: 0s - loss: 0.4457 - accuracy: 0.8404
126/196 [==================>...........] - ETA: 0s - loss: 0.4456 - accuracy: 0.8406
133/196 [===================>..........] - ETA: 0s - loss: 0.4476 - accuracy: 0.8395
139/196 [====================>.........] - ETA: 0s - loss: 0.4484 - accuracy: 0.8393
146/196 [=====================>........] - ETA: 0s - loss: 0.4497 - accuracy: 0.8392
153/196 [======================>.......] - ETA: 0s - loss: 0.4499 - accuracy: 0.8387
160/196 [=======================>......] - ETA: 0s - loss: 0.4508 - accuracy: 0.8386
167/196 [========================>.....] - ETA: 0s - loss: 0.4506 - accuracy: 0.8387
175/196 [=========================>....] - ETA: 0s - loss: 0.4503 - accuracy: 0.8385
181/196 [==========================>...] - ETA: 0s - loss: 0.4505 - accuracy: 0.8387
187/196 [===========================>..] - ETA: 0s - loss: 0.4519 - accuracy: 0.8381
194/196 [============================>.] - ETA: 0s - loss: 0.4536 - accuracy: 0.8375
196/196 [==============================] - 2s 12ms/step - loss: 0.4538 - accuracy: 0.8375 - val_loss: 0.9948 - val_accuracy: 0.6923
Epoch 15/164

  1/196 [..............................] - ETA: 6s - loss: 0.3713 - accuracy: 0.8516
  7/196 [>.............................] - ETA: 1s - loss: 0.3981 - accuracy: 0.8532
 14/196 [=>............................] - ETA: 1s - loss: 0.3821 - accuracy: 0.8597
 21/196 [==>...........................] - ETA: 1s - loss: 0.3804 - accuracy: 0.8605
 27/196 [===>..........................] - ETA: 1s - loss: 0.3902 - accuracy: 0.8575
 34/196 [====>.........................] - ETA: 1s - loss: 0.3911 - accuracy: 0.8552
 41/196 [=====>........................] - ETA: 1s - loss: 0.3909 - accuracy: 0.8564
 48/196 [======>.......................] - ETA: 1s - loss: 0.3938 - accuracy: 0.8569
 55/196 [=======>......................] - ETA: 1s - loss: 0.3955 - accuracy: 0.8575
 62/196 [========>.....................] - ETA: 1s - loss: 0.4003 - accuracy: 0.8566
 70/196 [=========>....................] - ETA: 1s - loss: 0.4028 - accuracy: 0.8555
 77/196 [==========>...................] - ETA: 1s - loss: 0.4045 - accuracy: 0.8551
 83/196 [===========>..................] - ETA: 1s - loss: 0.4071 - accuracy: 0.8549
 91/196 [============>.................] - ETA: 0s - loss: 0.4074 - accuracy: 0.8540
 97/196 [=============>................] - ETA: 0s - loss: 0.4077 - accuracy: 0.8537
103/196 [==============>...............] - ETA: 0s - loss: 0.4085 - accuracy: 0.8535
110/196 [===============>..............] - ETA: 0s - loss: 0.4103 - accuracy: 0.8533
117/196 [================>.............] - ETA: 0s - loss: 0.4120 - accuracy: 0.8528
123/196 [=================>............] - ETA: 0s - loss: 0.4141 - accuracy: 0.8519
131/196 [===================>..........] - ETA: 0s - loss: 0.4152 - accuracy: 0.8515
138/196 [====================>.........] - ETA: 0s - loss: 0.4174 - accuracy: 0.8511
145/196 [=====================>........] - ETA: 0s - loss: 0.4216 - accuracy: 0.8496
152/196 [======================>.......] - ETA: 0s - loss: 0.4234 - accuracy: 0.8490
159/196 [=======================>......] - ETA: 0s - loss: 0.4258 - accuracy: 0.8479
166/196 [========================>.....] - ETA: 0s - loss: 0.4268 - accuracy: 0.8478
173/196 [=========================>....] - ETA: 0s - loss: 0.4287 - accuracy: 0.8473
180/196 [==========================>...] - ETA: 0s - loss: 0.4306 - accuracy: 0.8467
187/196 [===========================>..] - ETA: 0s - loss: 0.4329 - accuracy: 0.8457
194/196 [============================>.] - ETA: 0s - loss: 0.4331 - accuracy: 0.8458
196/196 [==============================] - 2s 12ms/step - loss: 0.4334 - accuracy: 0.8456 - val_loss: 1.1288 - val_accuracy: 0.6610
Epoch 16/164

  1/196 [..............................] - ETA: 3s - loss: 0.3678 - accuracy: 0.8633
 11/196 [>.............................] - ETA: 1s - loss: 0.3849 - accuracy: 0.8705
 21/196 [==>...........................] - ETA: 1s - loss: 0.3877 - accuracy: 0.8671
 30/196 [===>..........................] - ETA: 1s - loss: 0.3875 - accuracy: 0.8682
 35/196 [====>.........................] - ETA: 1s - loss: 0.3849 - accuracy: 0.8675
 41/196 [=====>........................] - ETA: 1s - loss: 0.3836 - accuracy: 0.8662
 48/196 [======>.......................] - ETA: 1s - loss: 0.3856 - accuracy: 0.8648
 54/196 [=======>......................] - ETA: 1s - loss: 0.3909 - accuracy: 0.8638
 61/196 [========>.....................] - ETA: 1s - loss: 0.3922 - accuracy: 0.8622
 68/196 [=========>....................] - ETA: 1s - loss: 0.3928 - accuracy: 0.8617
 75/196 [==========>...................] - ETA: 1s - loss: 0.3936 - accuracy: 0.8605
 82/196 [===========>..................] - ETA: 0s - loss: 0.3948 - accuracy: 0.8592
 89/196 [============>.................] - ETA: 0s - loss: 0.3969 - accuracy: 0.8587
 95/196 [=============>................] - ETA: 0s - loss: 0.3964 - accuracy: 0.8591
102/196 [==============>...............] - ETA: 0s - loss: 0.3999 - accuracy: 0.8582
109/196 [===============>..............] - ETA: 0s - loss: 0.4002 - accuracy: 0.8578
116/196 [================>.............] - ETA: 0s - loss: 0.4009 - accuracy: 0.8572
122/196 [=================>............] - ETA: 0s - loss: 0.4013 - accuracy: 0.8566
129/196 [==================>...........] - ETA: 0s - loss: 0.4009 - accuracy: 0.8564
136/196 [===================>..........] - ETA: 0s - loss: 0.4038 - accuracy: 0.8554
143/196 [====================>.........] - ETA: 0s - loss: 0.4054 - accuracy: 0.8547
150/196 [=====================>........] - ETA: 0s - loss: 0.4073 - accuracy: 0.8543
157/196 [=======================>......] - ETA: 0s - loss: 0.4086 - accuracy: 0.8537
164/196 [========================>.....] - ETA: 0s - loss: 0.4102 - accuracy: 0.8531
171/196 [=========================>....] - ETA: 0s - loss: 0.4112 - accuracy: 0.8531
178/196 [==========================>...] - ETA: 0s - loss: 0.4135 - accuracy: 0.8523
184/196 [===========================>..] - ETA: 0s - loss: 0.4136 - accuracy: 0.8524
190/196 [============================>.] - ETA: 0s - loss: 0.4147 - accuracy: 0.8519
196/196 [==============================] - 2s 12ms/step - loss: 0.4154 - accuracy: 0.8515 - val_loss: 0.9750 - val_accuracy: 0.7103
Epoch 16: early stopping

  1/313 [..............................] - ETA: 4s - loss: 0.5765 - accuracy: 0.7188
 23/313 [=>............................] - ETA: 0s - loss: 0.9749 - accuracy: 0.7079
 50/313 [===>..........................] - ETA: 0s - loss: 0.9678 - accuracy: 0.7050
 77/313 [======>.......................] - ETA: 0s - loss: 0.9610 - accuracy: 0.7188
103/313 [========>.....................] - ETA: 0s - loss: 0.9625 - accuracy: 0.7191
130/313 [===========>..................] - ETA: 0s - loss: 0.9802 - accuracy: 0.7185
156/313 [=============>................] - ETA: 0s - loss: 0.9661 - accuracy: 0.7208
185/313 [================>.............] - ETA: 0s - loss: 0.9697 - accuracy: 0.7147
210/313 [===================>..........] - ETA: 0s - loss: 0.9646 - accuracy: 0.7144
235/313 [=====================>........] - ETA: 0s - loss: 0.9717 - accuracy: 0.7140
260/313 [=======================>......] - ETA: 0s - loss: 0.9711 - accuracy: 0.7147
285/313 [==========================>...] - ETA: 0s - loss: 0.9727 - accuracy: 0.7122
307/313 [============================>.] - ETA: 0s - loss: 0.9765 - accuracy: 0.7109
313/313 [==============================] - 1s 2ms/step - loss: 0.9750 - accuracy: 0.7103
