2024-06-26 13:29:24.022568: I tensorflow/core/platform/cpu_feature_guard.cc:193] This TensorFlow binary is optimized with oneAPI Deep Neural Network Library (oneDNN) to use the following CPU instructions in performance-critical operations:  AVX AVX2
To enable them in other operations, rebuild TensorFlow with the appropriate compiler flags.
2024-06-26 13:29:24.560897: I tensorflow/core/common_runtime/gpu/gpu_device.cc:1616] Created device /job:localhost/replica:0/task:0/device:GPU:0 with 6656 MB memory:  -> device: 0, name: NVIDIA GeForce RTX 4060 Ti, pci bus id: 0000:01:00.0, compute capability: 8.9
1 Physical GPUs, 1 Logical GPUs
Model: "sequential"
_________________________________________________________________
 Layer (type)                Output Shape              Param #   
=================================================================
 conv2d (Conv2D)             (None, 32, 32, 32)        896       
                                                                 
 batch_normalization (BatchN  (None, 32, 32, 32)       128       
 ormalization)                                                   
                                                                 
 dropout (Dropout)           (None, 32, 32, 32)        0         
                                                                 
 flatten (Flatten)           (None, 32768)             0         
                                                                 
 dense (Dense)               (None, 10)                327690    
                                                                 
=================================================================
Total params: 328,714
Trainable params: 328,650
Non-trainable params: 64
_________________________________________________________________
Taxa de aprendizado:  0.0001 Num de épocas:  130 Tamanho do lote:  64 Dropout:  0.4014
Epoch 1/130
2024-06-26 13:29:26.453306: I tensorflow/stream_executor/cuda/cuda_dnn.cc:384] Loaded cuDNN version 8100
2024-06-26 13:29:28.044580: W tensorflow/stream_executor/gpu/redzone_allocator.cc:314] INTERNAL: ptxas exited with non-zero error code -1, output: 
Relying on driver to perform ptx compilation. 
Modify $PATH to customize ptxas location.
This message will be only logged once.
2024-06-26 13:29:28.970290: I tensorflow/stream_executor/cuda/cuda_blas.cc:1614] TensorFloat-32 will be used for the matrix multiplication. This will only be logged once.

  1/782 [..............................] - ETA: 58:39 - loss: 3.0703 - accuracy: 0.0625
 12/782 [..............................] - ETA: 4s - loss: 2.4945 - accuracy: 0.1680   
 24/782 [..............................] - ETA: 4s - loss: 2.3578 - accuracy: 0.1927
 36/782 [>.............................] - ETA: 3s - loss: 2.2752 - accuracy: 0.2266
 48/782 [>.............................] - ETA: 3s - loss: 2.2005 - accuracy: 0.2415
 60/782 [=>............................] - ETA: 3s - loss: 2.1671 - accuracy: 0.2531
 73/782 [=>............................] - ETA: 3s - loss: 2.1292 - accuracy: 0.2650
 85/782 [==>...........................] - ETA: 3s - loss: 2.1160 - accuracy: 0.2710
 97/782 [==>...........................] - ETA: 3s - loss: 2.0884 - accuracy: 0.2788
110/782 [===>..........................] - ETA: 3s - loss: 2.0744 - accuracy: 0.2822
121/782 [===>..........................] - ETA: 3s - loss: 2.0516 - accuracy: 0.2877
134/782 [====>.........................] - ETA: 3s - loss: 2.0269 - accuracy: 0.2983
146/782 [====>.........................] - ETA: 3s - loss: 2.0165 - accuracy: 0.3028
158/782 [=====>........................] - ETA: 3s - loss: 2.0064 - accuracy: 0.3094
170/782 [=====>........................] - ETA: 3s - loss: 1.9977 - accuracy: 0.3140
182/782 [=====>........................] - ETA: 3s - loss: 1.9890 - accuracy: 0.3165
195/782 [======>.......................] - ETA: 3s - loss: 1.9757 - accuracy: 0.3202
207/782 [======>.......................] - ETA: 2s - loss: 1.9656 - accuracy: 0.3253
220/782 [=======>......................] - ETA: 2s - loss: 1.9536 - accuracy: 0.3299
233/782 [=======>......................] - ETA: 2s - loss: 1.9452 - accuracy: 0.3331
245/782 [========>.....................] - ETA: 2s - loss: 1.9365 - accuracy: 0.3351
258/782 [========>.....................] - ETA: 2s - loss: 1.9243 - accuracy: 0.3394
270/782 [=========>....................] - ETA: 2s - loss: 1.9177 - accuracy: 0.3416
282/782 [=========>....................] - ETA: 2s - loss: 1.9063 - accuracy: 0.3441
294/782 [==========>...................] - ETA: 2s - loss: 1.9010 - accuracy: 0.3457
307/782 [==========>...................] - ETA: 2s - loss: 1.8941 - accuracy: 0.3485
318/782 [===========>..................] - ETA: 2s - loss: 1.8874 - accuracy: 0.3497
330/782 [===========>..................] - ETA: 2s - loss: 1.8816 - accuracy: 0.3523
342/782 [============>.................] - ETA: 2s - loss: 1.8763 - accuracy: 0.3543
354/782 [============>.................] - ETA: 2s - loss: 1.8704 - accuracy: 0.3565
367/782 [=============>................] - ETA: 2s - loss: 1.8643 - accuracy: 0.3581
379/782 [=============>................] - ETA: 2s - loss: 1.8565 - accuracy: 0.3602
391/782 [==============>...............] - ETA: 2s - loss: 1.8500 - accuracy: 0.3621
404/782 [==============>...............] - ETA: 1s - loss: 1.8448 - accuracy: 0.3633
416/782 [==============>...............] - ETA: 1s - loss: 1.8403 - accuracy: 0.3649
428/782 [===============>..............] - ETA: 1s - loss: 1.8346 - accuracy: 0.3665
440/782 [===============>..............] - ETA: 1s - loss: 1.8299 - accuracy: 0.3683
452/782 [================>.............] - ETA: 1s - loss: 1.8243 - accuracy: 0.3703
464/782 [================>.............] - ETA: 1s - loss: 1.8177 - accuracy: 0.3727
477/782 [=================>............] - ETA: 1s - loss: 1.8124 - accuracy: 0.3741
481/782 [=================>............] - ETA: 1s - loss: 1.8107 - accuracy: 0.3746
493/782 [=================>............] - ETA: 1s - loss: 1.8073 - accuracy: 0.3753
515/782 [==================>...........] - ETA: 1s - loss: 1.8002 - accuracy: 0.3777
536/782 [===================>..........] - ETA: 1s - loss: 1.7922 - accuracy: 0.3800
559/782 [====================>.........] - ETA: 1s - loss: 1.7837 - accuracy: 0.3832
580/782 [=====================>........] - ETA: 0s - loss: 1.7760 - accuracy: 0.3853
601/782 [======================>.......] - ETA: 0s - loss: 1.7672 - accuracy: 0.3875
622/782 [======================>.......] - ETA: 0s - loss: 1.7612 - accuracy: 0.3895
643/782 [=======================>......] - ETA: 0s - loss: 1.7545 - accuracy: 0.3924
663/782 [========================>.....] - ETA: 0s - loss: 1.7469 - accuracy: 0.3954
682/782 [=========================>....] - ETA: 0s - loss: 1.7407 - accuracy: 0.3975
704/782 [==========================>...] - ETA: 0s - loss: 1.7344 - accuracy: 0.4000
727/782 [==========================>...] - ETA: 0s - loss: 1.7280 - accuracy: 0.4025
740/782 [===========================>..] - ETA: 0s - loss: 1.7240 - accuracy: 0.4037
752/782 [===========================>..] - ETA: 0s - loss: 1.7199 - accuracy: 0.4048
765/782 [============================>.] - ETA: 0s - loss: 1.7172 - accuracy: 0.4056
777/782 [============================>.] - ETA: 0s - loss: 1.7144 - accuracy: 0.4068
782/782 [==============================] - 9s 6ms/step - loss: 1.7133 - accuracy: 0.4072 - val_loss: 1.3885 - val_accuracy: 0.5049
Epoch 2/130

  1/782 [..............................] - ETA: 12s - loss: 1.8371 - accuracy: 0.4375
 13/782 [..............................] - ETA: 4s - loss: 1.4830 - accuracy: 0.4844 
 26/782 [..............................] - ETA: 3s - loss: 1.4381 - accuracy: 0.5102
 38/782 [>.............................] - ETA: 3s - loss: 1.4198 - accuracy: 0.5144
 51/782 [>.............................] - ETA: 3s - loss: 1.4026 - accuracy: 0.5172
 63/782 [=>............................] - ETA: 3s - loss: 1.4024 - accuracy: 0.5154
 75/782 [=>............................] - ETA: 3s - loss: 1.4020 - accuracy: 0.5175
 88/782 [==>...........................] - ETA: 3s - loss: 1.4159 - accuracy: 0.5121
101/782 [==>...........................] - ETA: 3s - loss: 1.4171 - accuracy: 0.5093
113/782 [===>..........................] - ETA: 3s - loss: 1.4146 - accuracy: 0.5088
125/782 [===>..........................] - ETA: 3s - loss: 1.4093 - accuracy: 0.5089
138/782 [====>.........................] - ETA: 3s - loss: 1.4119 - accuracy: 0.5088
150/782 [====>.........................] - ETA: 3s - loss: 1.4160 - accuracy: 0.5068
162/782 [=====>........................] - ETA: 3s - loss: 1.4238 - accuracy: 0.5040
175/782 [=====>........................] - ETA: 3s - loss: 1.4216 - accuracy: 0.5048
187/782 [======>.......................] - ETA: 2s - loss: 1.4185 - accuracy: 0.5050
199/782 [======>.......................] - ETA: 2s - loss: 1.4203 - accuracy: 0.5042
211/782 [=======>......................] - ETA: 2s - loss: 1.4185 - accuracy: 0.5024
224/782 [=======>......................] - ETA: 2s - loss: 1.4223 - accuracy: 0.4990
236/782 [========>.....................] - ETA: 2s - loss: 1.4210 - accuracy: 0.5000
249/782 [========>.....................] - ETA: 2s - loss: 1.4187 - accuracy: 0.5011
261/782 [=========>....................] - ETA: 2s - loss: 1.4177 - accuracy: 0.5002
273/782 [=========>....................] - ETA: 2s - loss: 1.4134 - accuracy: 0.5025
285/782 [=========>....................] - ETA: 2s - loss: 1.4146 - accuracy: 0.5022
298/782 [==========>...................] - ETA: 2s - loss: 1.4118 - accuracy: 0.5034
310/782 [==========>...................] - ETA: 2s - loss: 1.4097 - accuracy: 0.5034
322/782 [===========>..................] - ETA: 2s - loss: 1.4067 - accuracy: 0.5046
334/782 [===========>..................] - ETA: 2s - loss: 1.4086 - accuracy: 0.5039
346/782 [============>.................] - ETA: 2s - loss: 1.4076 - accuracy: 0.5049
359/782 [============>.................] - ETA: 2s - loss: 1.4062 - accuracy: 0.5058
381/782 [=============>................] - ETA: 1s - loss: 1.4057 - accuracy: 0.5055
403/782 [==============>...............] - ETA: 1s - loss: 1.4047 - accuracy: 0.5057
423/782 [===============>..............] - ETA: 1s - loss: 1.3997 - accuracy: 0.5073
446/782 [================>.............] - ETA: 1s - loss: 1.3986 - accuracy: 0.5084
467/782 [================>.............] - ETA: 1s - loss: 1.3952 - accuracy: 0.5097
485/782 [=================>............] - ETA: 1s - loss: 1.3948 - accuracy: 0.5100
505/782 [==================>...........] - ETA: 1s - loss: 1.3918 - accuracy: 0.5110
524/782 [===================>..........] - ETA: 1s - loss: 1.3902 - accuracy: 0.5117
544/782 [===================>..........] - ETA: 1s - loss: 1.3877 - accuracy: 0.5123
560/782 [====================>.........] - ETA: 0s - loss: 1.3851 - accuracy: 0.5135
580/782 [=====================>........] - ETA: 0s - loss: 1.3845 - accuracy: 0.5133
603/782 [======================>.......] - ETA: 0s - loss: 1.3808 - accuracy: 0.5144
615/782 [======================>.......] - ETA: 0s - loss: 1.3802 - accuracy: 0.5148
627/782 [=======================>......] - ETA: 0s - loss: 1.3783 - accuracy: 0.5156
641/782 [=======================>......] - ETA: 0s - loss: 1.3763 - accuracy: 0.5162
654/782 [========================>.....] - ETA: 0s - loss: 1.3755 - accuracy: 0.5166
666/782 [========================>.....] - ETA: 0s - loss: 1.3759 - accuracy: 0.5168
679/782 [=========================>....] - ETA: 0s - loss: 1.3748 - accuracy: 0.5170
691/782 [=========================>....] - ETA: 0s - loss: 1.3722 - accuracy: 0.5175
704/782 [==========================>...] - ETA: 0s - loss: 1.3716 - accuracy: 0.5177
716/782 [==========================>...] - ETA: 0s - loss: 1.3704 - accuracy: 0.5180
729/782 [==========================>...] - ETA: 0s - loss: 1.3696 - accuracy: 0.5185
741/782 [===========================>..] - ETA: 0s - loss: 1.3692 - accuracy: 0.5184
754/782 [===========================>..] - ETA: 0s - loss: 1.3681 - accuracy: 0.5189
766/782 [============================>.] - ETA: 0s - loss: 1.3683 - accuracy: 0.5186
778/782 [============================>.] - ETA: 0s - loss: 1.3677 - accuracy: 0.5187
782/782 [==============================] - 4s 6ms/step - loss: 1.3671 - accuracy: 0.5187 - val_loss: 1.2886 - val_accuracy: 0.5434
Epoch 3/130

  1/782 [..............................] - ETA: 12s - loss: 0.8996 - accuracy: 0.7344
 12/782 [..............................] - ETA: 4s - loss: 1.1742 - accuracy: 0.5990 
 24/782 [..............................] - ETA: 4s - loss: 1.2031 - accuracy: 0.5879
 37/782 [>.............................] - ETA: 3s - loss: 1.2173 - accuracy: 0.5811
 49/782 [>.............................] - ETA: 3s - loss: 1.2080 - accuracy: 0.5781
 61/782 [=>............................] - ETA: 3s - loss: 1.2116 - accuracy: 0.5774
 73/782 [=>............................] - ETA: 3s - loss: 1.2119 - accuracy: 0.5781
 85/782 [==>...........................] - ETA: 3s - loss: 1.2159 - accuracy: 0.5767
 99/782 [==>...........................] - ETA: 3s - loss: 1.2023 - accuracy: 0.5797
111/782 [===>..........................] - ETA: 3s - loss: 1.2037 - accuracy: 0.5807
124/782 [===>..........................] - ETA: 3s - loss: 1.2050 - accuracy: 0.5781
136/782 [====>.........................] - ETA: 3s - loss: 1.2064 - accuracy: 0.5778
148/782 [====>.........................] - ETA: 3s - loss: 1.2032 - accuracy: 0.5797
161/782 [=====>........................] - ETA: 3s - loss: 1.2042 - accuracy: 0.5799
173/782 [=====>........................] - ETA: 3s - loss: 1.2057 - accuracy: 0.5788
185/782 [======>.......................] - ETA: 3s - loss: 1.2044 - accuracy: 0.5780
197/782 [======>.......................] - ETA: 2s - loss: 1.2052 - accuracy: 0.5769
209/782 [=======>......................] - ETA: 2s - loss: 1.2080 - accuracy: 0.5750
221/782 [=======>......................] - ETA: 2s - loss: 1.2049 - accuracy: 0.5753
233/782 [=======>......................] - ETA: 2s - loss: 1.2055 - accuracy: 0.5741
246/782 [========>.....................] - ETA: 2s - loss: 1.2048 - accuracy: 0.5740
248/782 [========>.....................] - ETA: 2s - loss: 1.2056 - accuracy: 0.5740
260/782 [========>.....................] - ETA: 2s - loss: 1.2053 - accuracy: 0.5750
273/782 [=========>....................] - ETA: 2s - loss: 1.2075 - accuracy: 0.5752
285/782 [=========>....................] - ETA: 2s - loss: 1.2068 - accuracy: 0.5757
300/782 [==========>...................] - ETA: 2s - loss: 1.2043 - accuracy: 0.5763
323/782 [===========>..................] - ETA: 2s - loss: 1.2018 - accuracy: 0.5766
346/782 [============>.................] - ETA: 2s - loss: 1.2056 - accuracy: 0.5761
367/782 [=============>................] - ETA: 1s - loss: 1.2072 - accuracy: 0.5755
390/782 [=============>................] - ETA: 1s - loss: 1.2080 - accuracy: 0.5748
411/782 [==============>...............] - ETA: 1s - loss: 1.2094 - accuracy: 0.5746
433/782 [===============>..............] - ETA: 1s - loss: 1.2125 - accuracy: 0.5734
454/782 [================>.............] - ETA: 1s - loss: 1.2114 - accuracy: 0.5730
475/782 [=================>............] - ETA: 1s - loss: 1.2101 - accuracy: 0.5735
498/782 [==================>...........] - ETA: 1s - loss: 1.2086 - accuracy: 0.5741
520/782 [==================>...........] - ETA: 1s - loss: 1.2086 - accuracy: 0.5744
543/782 [===================>..........] - ETA: 0s - loss: 1.2088 - accuracy: 0.5747
555/782 [====================>.........] - ETA: 0s - loss: 1.2092 - accuracy: 0.5749
566/782 [====================>.........] - ETA: 0s - loss: 1.2095 - accuracy: 0.5746
579/782 [=====================>........] - ETA: 0s - loss: 1.2105 - accuracy: 0.5748
591/782 [=====================>........] - ETA: 0s - loss: 1.2101 - accuracy: 0.5749
604/782 [======================>.......] - ETA: 0s - loss: 1.2098 - accuracy: 0.5750
615/782 [======================>.......] - ETA: 0s - loss: 1.2100 - accuracy: 0.5750
627/782 [=======================>......] - ETA: 0s - loss: 1.2105 - accuracy: 0.5745
640/782 [=======================>......] - ETA: 0s - loss: 1.2106 - accuracy: 0.5745
652/782 [========================>.....] - ETA: 0s - loss: 1.2101 - accuracy: 0.5746
664/782 [========================>.....] - ETA: 0s - loss: 1.2099 - accuracy: 0.5748
676/782 [========================>.....] - ETA: 0s - loss: 1.2112 - accuracy: 0.5748
688/782 [=========================>....] - ETA: 0s - loss: 1.2126 - accuracy: 0.5748
701/782 [=========================>....] - ETA: 0s - loss: 1.2120 - accuracy: 0.5750
713/782 [==========================>...] - ETA: 0s - loss: 1.2115 - accuracy: 0.5753
726/782 [==========================>...] - ETA: 0s - loss: 1.2126 - accuracy: 0.5746
738/782 [===========================>..] - ETA: 0s - loss: 1.2124 - accuracy: 0.5748
751/782 [===========================>..] - ETA: 0s - loss: 1.2114 - accuracy: 0.5749
763/782 [============================>.] - ETA: 0s - loss: 1.2117 - accuracy: 0.5745
775/782 [============================>.] - ETA: 0s - loss: 1.2120 - accuracy: 0.5744
782/782 [==============================] - 4s 6ms/step - loss: 1.2125 - accuracy: 0.5743 - val_loss: 1.2214 - val_accuracy: 0.5737
Epoch 4/130

  1/782 [..............................] - ETA: 0s - loss: 1.1515 - accuracy: 0.5781
 11/782 [..............................] - ETA: 4s - loss: 1.1410 - accuracy: 0.5952
 24/782 [..............................] - ETA: 4s - loss: 1.1019 - accuracy: 0.6074
 36/782 [>.............................] - ETA: 3s - loss: 1.0861 - accuracy: 0.6150
 48/782 [>.............................] - ETA: 3s - loss: 1.0913 - accuracy: 0.6117
 61/782 [=>............................] - ETA: 3s - loss: 1.0772 - accuracy: 0.6222
 74/782 [=>............................] - ETA: 3s - loss: 1.0816 - accuracy: 0.6157
 87/782 [==>...........................] - ETA: 3s - loss: 1.0697 - accuracy: 0.6218
 99/782 [==>...........................] - ETA: 3s - loss: 1.0799 - accuracy: 0.6173
111/782 [===>..........................] - ETA: 3s - loss: 1.0777 - accuracy: 0.6166
123/782 [===>..........................] - ETA: 3s - loss: 1.0804 - accuracy: 0.6162
136/782 [====>.........................] - ETA: 3s - loss: 1.0816 - accuracy: 0.6165
148/782 [====>.........................] - ETA: 3s - loss: 1.0720 - accuracy: 0.6204
160/782 [=====>........................] - ETA: 3s - loss: 1.0734 - accuracy: 0.6197
172/782 [=====>........................] - ETA: 3s - loss: 1.0771 - accuracy: 0.6188
185/782 [======>.......................] - ETA: 3s - loss: 1.0802 - accuracy: 0.6179
197/782 [======>.......................] - ETA: 2s - loss: 1.0819 - accuracy: 0.6168
209/782 [=======>......................] - ETA: 2s - loss: 1.0862 - accuracy: 0.6163
221/782 [=======>......................] - ETA: 2s - loss: 1.0876 - accuracy: 0.6168
234/782 [=======>......................] - ETA: 2s - loss: 1.0892 - accuracy: 0.6168
246/782 [========>.....................] - ETA: 2s - loss: 1.0891 - accuracy: 0.6179
267/782 [=========>....................] - ETA: 2s - loss: 1.0897 - accuracy: 0.6178
289/782 [==========>...................] - ETA: 2s - loss: 1.0903 - accuracy: 0.6174
311/782 [==========>...................] - ETA: 2s - loss: 1.0921 - accuracy: 0.6166
333/782 [===========>..................] - ETA: 2s - loss: 1.0944 - accuracy: 0.6147
355/782 [============>.................] - ETA: 1s - loss: 1.0970 - accuracy: 0.6141
375/782 [=============>................] - ETA: 1s - loss: 1.0972 - accuracy: 0.6146
397/782 [==============>...............] - ETA: 1s - loss: 1.0960 - accuracy: 0.6152
417/782 [==============>...............] - ETA: 1s - loss: 1.0980 - accuracy: 0.6151
438/782 [===============>..............] - ETA: 1s - loss: 1.1013 - accuracy: 0.6142
461/782 [================>.............] - ETA: 1s - loss: 1.1025 - accuracy: 0.6136
485/782 [=================>............] - ETA: 1s - loss: 1.1041 - accuracy: 0.6126
497/782 [==================>...........] - ETA: 1s - loss: 1.1042 - accuracy: 0.6125
510/782 [==================>...........] - ETA: 1s - loss: 1.1055 - accuracy: 0.6120
523/782 [===================>..........] - ETA: 1s - loss: 1.1052 - accuracy: 0.6122
535/782 [===================>..........] - ETA: 1s - loss: 1.1065 - accuracy: 0.6115
547/782 [===================>..........] - ETA: 0s - loss: 1.1080 - accuracy: 0.6107
560/782 [====================>.........] - ETA: 0s - loss: 1.1094 - accuracy: 0.6100
572/782 [====================>.........] - ETA: 0s - loss: 1.1085 - accuracy: 0.6102
585/782 [=====================>........] - ETA: 0s - loss: 1.1088 - accuracy: 0.6101
597/782 [=====================>........] - ETA: 0s - loss: 1.1092 - accuracy: 0.6100
609/782 [======================>.......] - ETA: 0s - loss: 1.1090 - accuracy: 0.6102
621/782 [======================>.......] - ETA: 0s - loss: 1.1092 - accuracy: 0.6099
633/782 [=======================>......] - ETA: 0s - loss: 1.1099 - accuracy: 0.6099
645/782 [=======================>......] - ETA: 0s - loss: 1.1111 - accuracy: 0.6094
658/782 [========================>.....] - ETA: 0s - loss: 1.1104 - accuracy: 0.6096
671/782 [========================>.....] - ETA: 0s - loss: 1.1110 - accuracy: 0.6094
682/782 [=========================>....] - ETA: 0s - loss: 1.1116 - accuracy: 0.6092
695/782 [=========================>....] - ETA: 0s - loss: 1.1108 - accuracy: 0.6097
707/782 [==========================>...] - ETA: 0s - loss: 1.1108 - accuracy: 0.6098
720/782 [==========================>...] - ETA: 0s - loss: 1.1101 - accuracy: 0.6101
731/782 [===========================>..] - ETA: 0s - loss: 1.1104 - accuracy: 0.6103
743/782 [===========================>..] - ETA: 0s - loss: 1.1101 - accuracy: 0.6100
755/782 [===========================>..] - ETA: 0s - loss: 1.1107 - accuracy: 0.6099
768/782 [============================>.] - ETA: 0s - loss: 1.1097 - accuracy: 0.6101
780/782 [============================>.] - ETA: 0s - loss: 1.1103 - accuracy: 0.6098
782/782 [==============================] - 4s 6ms/step - loss: 1.1103 - accuracy: 0.6097 - val_loss: 1.2047 - val_accuracy: 0.5778
Epoch 5/130

  1/782 [..............................] - ETA: 12s - loss: 1.1488 - accuracy: 0.5625
 12/782 [..............................] - ETA: 4s - loss: 1.0187 - accuracy: 0.6589 
 24/782 [..............................] - ETA: 4s - loss: 1.0112 - accuracy: 0.6530
 37/782 [>.............................] - ETA: 3s - loss: 1.0081 - accuracy: 0.6491
 48/782 [>.............................] - ETA: 3s - loss: 1.0063 - accuracy: 0.6507
 60/782 [=>............................] - ETA: 3s - loss: 1.0025 - accuracy: 0.6529
 72/782 [=>............................] - ETA: 3s - loss: 1.0087 - accuracy: 0.6513
 85/782 [==>...........................] - ETA: 3s - loss: 1.0056 - accuracy: 0.6522
 97/782 [==>...........................] - ETA: 3s - loss: 1.0025 - accuracy: 0.6556
110/782 [===>..........................] - ETA: 3s - loss: 0.9966 - accuracy: 0.6564
123/782 [===>..........................] - ETA: 3s - loss: 0.9951 - accuracy: 0.6564
135/782 [====>.........................] - ETA: 3s - loss: 0.9979 - accuracy: 0.6541
148/782 [====>.........................] - ETA: 3s - loss: 1.0018 - accuracy: 0.6530
161/782 [=====>........................] - ETA: 3s - loss: 1.0004 - accuracy: 0.6525
173/782 [=====>........................] - ETA: 3s - loss: 1.0042 - accuracy: 0.6514
186/782 [======>.......................] - ETA: 3s - loss: 1.0061 - accuracy: 0.6512
207/782 [======>.......................] - ETA: 2s - loss: 1.0031 - accuracy: 0.6511
229/782 [=======>......................] - ETA: 2s - loss: 1.0023 - accuracy: 0.6507
250/782 [========>.....................] - ETA: 2s - loss: 1.0054 - accuracy: 0.6495
271/782 [=========>....................] - ETA: 2s - loss: 1.0106 - accuracy: 0.6471
293/782 [==========>...................] - ETA: 2s - loss: 1.0125 - accuracy: 0.6472
315/782 [===========>..................] - ETA: 1s - loss: 1.0128 - accuracy: 0.6471
336/782 [===========>..................] - ETA: 1s - loss: 1.0173 - accuracy: 0.6459
357/782 [============>.................] - ETA: 1s - loss: 1.0197 - accuracy: 0.6448
378/782 [=============>................] - ETA: 1s - loss: 1.0200 - accuracy: 0.6444
401/782 [==============>...............] - ETA: 1s - loss: 1.0186 - accuracy: 0.6453
424/782 [===============>..............] - ETA: 1s - loss: 1.0205 - accuracy: 0.6448
438/782 [===============>..............] - ETA: 1s - loss: 1.0216 - accuracy: 0.6447
450/782 [================>.............] - ETA: 1s - loss: 1.0232 - accuracy: 0.6437
463/782 [================>.............] - ETA: 1s - loss: 1.0229 - accuracy: 0.6441
473/782 [=================>............] - ETA: 1s - loss: 1.0234 - accuracy: 0.6434
485/782 [=================>............] - ETA: 1s - loss: 1.0234 - accuracy: 0.6429
497/782 [==================>...........] - ETA: 1s - loss: 1.0228 - accuracy: 0.6424
509/782 [==================>...........] - ETA: 1s - loss: 1.0246 - accuracy: 0.6421
522/782 [===================>..........] - ETA: 1s - loss: 1.0250 - accuracy: 0.6424
534/782 [===================>..........] - ETA: 1s - loss: 1.0249 - accuracy: 0.6424
547/782 [===================>..........] - ETA: 0s - loss: 1.0262 - accuracy: 0.6418
558/782 [====================>.........] - ETA: 0s - loss: 1.0265 - accuracy: 0.6417
571/782 [====================>.........] - ETA: 0s - loss: 1.0269 - accuracy: 0.6418
584/782 [=====================>........] - ETA: 0s - loss: 1.0286 - accuracy: 0.6411
596/782 [=====================>........] - ETA: 0s - loss: 1.0302 - accuracy: 0.6408
608/782 [======================>.......] - ETA: 0s - loss: 1.0293 - accuracy: 0.6409
621/782 [======================>.......] - ETA: 0s - loss: 1.0300 - accuracy: 0.6405
634/782 [=======================>......] - ETA: 0s - loss: 1.0304 - accuracy: 0.6402
646/782 [=======================>......] - ETA: 0s - loss: 1.0310 - accuracy: 0.6403
658/782 [========================>.....] - ETA: 0s - loss: 1.0315 - accuracy: 0.6404
671/782 [========================>.....] - ETA: 0s - loss: 1.0318 - accuracy: 0.6405
684/782 [=========================>....] - ETA: 0s - loss: 1.0328 - accuracy: 0.6400
697/782 [=========================>....] - ETA: 0s - loss: 1.0333 - accuracy: 0.6400
709/782 [==========================>...] - ETA: 0s - loss: 1.0333 - accuracy: 0.6400
722/782 [==========================>...] - ETA: 0s - loss: 1.0327 - accuracy: 0.6403
734/782 [===========================>..] - ETA: 0s - loss: 1.0320 - accuracy: 0.6406
746/782 [===========================>..] - ETA: 0s - loss: 1.0324 - accuracy: 0.6407
758/782 [============================>.] - ETA: 0s - loss: 1.0329 - accuracy: 0.6405
771/782 [============================>.] - ETA: 0s - loss: 1.0329 - accuracy: 0.6403
782/782 [==============================] - 4s 6ms/step - loss: 1.0315 - accuracy: 0.6408 - val_loss: 1.1841 - val_accuracy: 0.5887
Epoch 6/130

  1/782 [..............................] - ETA: 12s - loss: 0.8980 - accuracy: 0.6719
 13/782 [..............................] - ETA: 4s - loss: 0.9601 - accuracy: 0.6671 
 24/782 [..............................] - ETA: 4s - loss: 0.9204 - accuracy: 0.6719
 37/782 [>.............................] - ETA: 3s - loss: 0.9371 - accuracy: 0.6698
 50/782 [>.............................] - ETA: 3s - loss: 0.9393 - accuracy: 0.6709
 62/782 [=>............................] - ETA: 3s - loss: 0.9419 - accuracy: 0.6666
 74/782 [=>............................] - ETA: 3s - loss: 0.9437 - accuracy: 0.6670
 86/782 [==>...........................] - ETA: 3s - loss: 0.9429 - accuracy: 0.6681
 99/782 [==>...........................] - ETA: 3s - loss: 0.9331 - accuracy: 0.6730
112/782 [===>..........................] - ETA: 3s - loss: 0.9354 - accuracy: 0.6716
123/782 [===>..........................] - ETA: 3s - loss: 0.9360 - accuracy: 0.6709
140/782 [====>.........................] - ETA: 3s - loss: 0.9390 - accuracy: 0.6682
161/782 [=====>........................] - ETA: 2s - loss: 0.9412 - accuracy: 0.6664
183/782 [======>.......................] - ETA: 2s - loss: 0.9408 - accuracy: 0.6662
206/782 [======>.......................] - ETA: 2s - loss: 0.9409 - accuracy: 0.6663
221/782 [=======>......................] - ETA: 2s - loss: 0.9437 - accuracy: 0.6669
242/782 [========>.....................] - ETA: 2s - loss: 0.9426 - accuracy: 0.6681
260/782 [========>.....................] - ETA: 2s - loss: 0.9431 - accuracy: 0.6682
278/782 [=========>....................] - ETA: 1s - loss: 0.9440 - accuracy: 0.6672
299/782 [==========>...................] - ETA: 1s - loss: 0.9493 - accuracy: 0.6647
322/782 [===========>..................] - ETA: 1s - loss: 0.9476 - accuracy: 0.6654
345/782 [============>.................] - ETA: 1s - loss: 0.9489 - accuracy: 0.6650
368/782 [=============>................] - ETA: 1s - loss: 0.9499 - accuracy: 0.6652
379/782 [=============>................] - ETA: 1s - loss: 0.9507 - accuracy: 0.6648
391/782 [==============>...............] - ETA: 1s - loss: 0.9522 - accuracy: 0.6647
403/782 [==============>...............] - ETA: 1s - loss: 0.9521 - accuracy: 0.6647
415/782 [==============>...............] - ETA: 1s - loss: 0.9523 - accuracy: 0.6653
428/782 [===============>..............] - ETA: 1s - loss: 0.9532 - accuracy: 0.6658
440/782 [===============>..............] - ETA: 1s - loss: 0.9545 - accuracy: 0.6657
452/782 [================>.............] - ETA: 1s - loss: 0.9552 - accuracy: 0.6655
465/782 [================>.............] - ETA: 1s - loss: 0.9555 - accuracy: 0.6648
478/782 [=================>............] - ETA: 1s - loss: 0.9567 - accuracy: 0.6638
489/782 [=================>............] - ETA: 1s - loss: 0.9582 - accuracy: 0.6639
501/782 [==================>...........] - ETA: 1s - loss: 0.9593 - accuracy: 0.6638
513/782 [==================>...........] - ETA: 1s - loss: 0.9597 - accuracy: 0.6640
527/782 [===================>..........] - ETA: 1s - loss: 0.9618 - accuracy: 0.6640
539/782 [===================>..........] - ETA: 1s - loss: 0.9624 - accuracy: 0.6637
552/782 [====================>.........] - ETA: 0s - loss: 0.9648 - accuracy: 0.6630
564/782 [====================>.........] - ETA: 0s - loss: 0.9635 - accuracy: 0.6632
576/782 [=====================>........] - ETA: 0s - loss: 0.9635 - accuracy: 0.6634
588/782 [=====================>........] - ETA: 0s - loss: 0.9658 - accuracy: 0.6619
601/782 [======================>.......] - ETA: 0s - loss: 0.9669 - accuracy: 0.6619
614/782 [======================>.......] - ETA: 0s - loss: 0.9667 - accuracy: 0.6619
627/782 [=======================>......] - ETA: 0s - loss: 0.9690 - accuracy: 0.6610
638/782 [=======================>......] - ETA: 0s - loss: 0.9682 - accuracy: 0.6611
648/782 [=======================>......] - ETA: 0s - loss: 0.9686 - accuracy: 0.6608
658/782 [========================>.....] - ETA: 0s - loss: 0.9690 - accuracy: 0.6607
669/782 [========================>.....] - ETA: 0s - loss: 0.9689 - accuracy: 0.6607
681/782 [=========================>....] - ETA: 0s - loss: 0.9688 - accuracy: 0.6606
693/782 [=========================>....] - ETA: 0s - loss: 0.9680 - accuracy: 0.6609
705/782 [==========================>...] - ETA: 0s - loss: 0.9678 - accuracy: 0.6609
717/782 [==========================>...] - ETA: 0s - loss: 0.9685 - accuracy: 0.6609
730/782 [===========================>..] - ETA: 0s - loss: 0.9686 - accuracy: 0.6608
742/782 [===========================>..] - ETA: 0s - loss: 0.9688 - accuracy: 0.6607
753/782 [===========================>..] - ETA: 0s - loss: 0.9691 - accuracy: 0.6606
766/782 [============================>.] - ETA: 0s - loss: 0.9698 - accuracy: 0.6604
779/782 [============================>.] - ETA: 0s - loss: 0.9696 - accuracy: 0.6602
782/782 [==============================] - 4s 6ms/step - loss: 0.9700 - accuracy: 0.6600 - val_loss: 1.1856 - val_accuracy: 0.5900
Epoch 7/130

  1/782 [..............................] - ETA: 12s - loss: 0.8151 - accuracy: 0.7500
 12/782 [..............................] - ETA: 4s - loss: 0.8745 - accuracy: 0.7057 
 25/782 [..............................] - ETA: 3s - loss: 0.8896 - accuracy: 0.6919
 37/782 [>.............................] - ETA: 3s - loss: 0.9010 - accuracy: 0.6837
 49/782 [>.............................] - ETA: 3s - loss: 0.8925 - accuracy: 0.6856
 62/782 [=>............................] - ETA: 3s - loss: 0.8926 - accuracy: 0.6885
 78/782 [=>............................] - ETA: 3s - loss: 0.8925 - accuracy: 0.6899
 95/782 [==>...........................] - ETA: 3s - loss: 0.8958 - accuracy: 0.6887
117/782 [===>..........................] - ETA: 2s - loss: 0.9011 - accuracy: 0.6892
140/782 [====>.........................] - ETA: 2s - loss: 0.9040 - accuracy: 0.6890
162/782 [=====>........................] - ETA: 2s - loss: 0.9000 - accuracy: 0.6894
181/782 [=====>........................] - ETA: 2s - loss: 0.9069 - accuracy: 0.6873
200/782 [======>.......................] - ETA: 2s - loss: 0.9117 - accuracy: 0.6840
222/782 [=======>......................] - ETA: 2s - loss: 0.9125 - accuracy: 0.6834
245/782 [========>.....................] - ETA: 1s - loss: 0.9139 - accuracy: 0.6833
268/782 [=========>....................] - ETA: 1s - loss: 0.9148 - accuracy: 0.6826
291/782 [==========>...................] - ETA: 1s - loss: 0.9169 - accuracy: 0.6815
309/782 [==========>...................] - ETA: 1s - loss: 0.9176 - accuracy: 0.6807
321/782 [===========>..................] - ETA: 1s - loss: 0.9152 - accuracy: 0.6822
333/782 [===========>..................] - ETA: 1s - loss: 0.9156 - accuracy: 0.6816
346/782 [============>.................] - ETA: 1s - loss: 0.9145 - accuracy: 0.6816
358/782 [============>.................] - ETA: 1s - loss: 0.9154 - accuracy: 0.6810
371/782 [=============>................] - ETA: 1s - loss: 0.9162 - accuracy: 0.6810
383/782 [=============>................] - ETA: 1s - loss: 0.9175 - accuracy: 0.6801
394/782 [==============>...............] - ETA: 1s - loss: 0.9185 - accuracy: 0.6794
404/782 [==============>...............] - ETA: 1s - loss: 0.9188 - accuracy: 0.6794
416/782 [==============>...............] - ETA: 1s - loss: 0.9193 - accuracy: 0.6796
428/782 [===============>..............] - ETA: 1s - loss: 0.9200 - accuracy: 0.6796
440/782 [===============>..............] - ETA: 1s - loss: 0.9191 - accuracy: 0.6799
453/782 [================>.............] - ETA: 1s - loss: 0.9189 - accuracy: 0.6796
465/782 [================>.............] - ETA: 1s - loss: 0.9183 - accuracy: 0.6799
477/782 [=================>............] - ETA: 1s - loss: 0.9178 - accuracy: 0.6798
490/782 [=================>............] - ETA: 1s - loss: 0.9186 - accuracy: 0.6796
502/782 [==================>...........] - ETA: 1s - loss: 0.9179 - accuracy: 0.6802
512/782 [==================>...........] - ETA: 1s - loss: 0.9183 - accuracy: 0.6804
523/782 [===================>..........] - ETA: 1s - loss: 0.9197 - accuracy: 0.6798
535/782 [===================>..........] - ETA: 1s - loss: 0.9198 - accuracy: 0.6795
548/782 [====================>.........] - ETA: 0s - loss: 0.9196 - accuracy: 0.6796
561/782 [====================>.........] - ETA: 0s - loss: 0.9198 - accuracy: 0.6792
574/782 [=====================>........] - ETA: 0s - loss: 0.9200 - accuracy: 0.6793
587/782 [=====================>........] - ETA: 0s - loss: 0.9219 - accuracy: 0.6786
599/782 [=====================>........] - ETA: 0s - loss: 0.9213 - accuracy: 0.6789
611/782 [======================>.......] - ETA: 0s - loss: 0.9228 - accuracy: 0.6788
623/782 [======================>.......] - ETA: 0s - loss: 0.9235 - accuracy: 0.6785
635/782 [=======================>......] - ETA: 0s - loss: 0.9231 - accuracy: 0.6785
648/782 [=======================>......] - ETA: 0s - loss: 0.9235 - accuracy: 0.6782
659/782 [========================>.....] - ETA: 0s - loss: 0.9240 - accuracy: 0.6783
672/782 [========================>.....] - ETA: 0s - loss: 0.9238 - accuracy: 0.6783
684/782 [=========================>....] - ETA: 0s - loss: 0.9244 - accuracy: 0.6783
697/782 [=========================>....] - ETA: 0s - loss: 0.9234 - accuracy: 0.6787
709/782 [==========================>...] - ETA: 0s - loss: 0.9242 - accuracy: 0.6783
722/782 [==========================>...] - ETA: 0s - loss: 0.9245 - accuracy: 0.6782
735/782 [===========================>..] - ETA: 0s - loss: 0.9239 - accuracy: 0.6785
747/782 [===========================>..] - ETA: 0s - loss: 0.9239 - accuracy: 0.6786
759/782 [============================>.] - ETA: 0s - loss: 0.9244 - accuracy: 0.6781
771/782 [============================>.] - ETA: 0s - loss: 0.9237 - accuracy: 0.6783
782/782 [==============================] - 4s 6ms/step - loss: 0.9235 - accuracy: 0.6783 - val_loss: 1.1718 - val_accuracy: 0.5986
Epoch 8/130

  1/782 [..............................] - ETA: 12s - loss: 0.8059 - accuracy: 0.7344
 15/782 [..............................] - ETA: 3s - loss: 0.7926 - accuracy: 0.7333 
 32/782 [>.............................] - ETA: 2s - loss: 0.8233 - accuracy: 0.7256
 52/782 [>.............................] - ETA: 2s - loss: 0.8571 - accuracy: 0.7154
 75/782 [=>............................] - ETA: 2s - loss: 0.8369 - accuracy: 0.7235
 92/782 [==>...........................] - ETA: 2s - loss: 0.8399 - accuracy: 0.7186
113/782 [===>..........................] - ETA: 2s - loss: 0.8372 - accuracy: 0.7161
135/782 [====>.........................] - ETA: 1s - loss: 0.8418 - accuracy: 0.7103
155/782 [====>.........................] - ETA: 1s - loss: 0.8450 - accuracy: 0.7101
177/782 [=====>........................] - ETA: 1s - loss: 0.8516 - accuracy: 0.7086
199/782 [======>.......................] - ETA: 1s - loss: 0.8549 - accuracy: 0.7067
218/782 [=======>......................] - ETA: 1s - loss: 0.8503 - accuracy: 0.7075
237/782 [========>.....................] - ETA: 1s - loss: 0.8524 - accuracy: 0.7068
255/782 [========>.....................] - ETA: 1s - loss: 0.8518 - accuracy: 0.7070
267/782 [=========>....................] - ETA: 1s - loss: 0.8520 - accuracy: 0.7066
280/782 [=========>....................] - ETA: 1s - loss: 0.8534 - accuracy: 0.7064
292/782 [==========>...................] - ETA: 1s - loss: 0.8535 - accuracy: 0.7062
305/782 [==========>...................] - ETA: 1s - loss: 0.8538 - accuracy: 0.7059
317/782 [===========>..................] - ETA: 1s - loss: 0.8524 - accuracy: 0.7064
329/782 [===========>..................] - ETA: 1s - loss: 0.8524 - accuracy: 0.7064
342/782 [============>.................] - ETA: 1s - loss: 0.8542 - accuracy: 0.7052
354/782 [============>.................] - ETA: 1s - loss: 0.8539 - accuracy: 0.7051
366/782 [=============>................] - ETA: 1s - loss: 0.8568 - accuracy: 0.7040
379/782 [=============>................] - ETA: 1s - loss: 0.8570 - accuracy: 0.7031
391/782 [==============>...............] - ETA: 1s - loss: 0.8567 - accuracy: 0.7033
404/782 [==============>...............] - ETA: 1s - loss: 0.8573 - accuracy: 0.7032
415/782 [==============>...............] - ETA: 1s - loss: 0.8595 - accuracy: 0.7024
428/782 [===============>..............] - ETA: 1s - loss: 0.8596 - accuracy: 0.7019
441/782 [===============>..............] - ETA: 1s - loss: 0.8605 - accuracy: 0.7018
454/782 [================>.............] - ETA: 1s - loss: 0.8622 - accuracy: 0.7013
466/782 [================>.............] - ETA: 1s - loss: 0.8618 - accuracy: 0.7011
478/782 [=================>............] - ETA: 1s - loss: 0.8633 - accuracy: 0.7007
490/782 [=================>............] - ETA: 1s - loss: 0.8644 - accuracy: 0.7002
503/782 [==================>...........] - ETA: 1s - loss: 0.8647 - accuracy: 0.7000
514/782 [==================>...........] - ETA: 1s - loss: 0.8666 - accuracy: 0.6994
526/782 [===================>..........] - ETA: 1s - loss: 0.8667 - accuracy: 0.6994
539/782 [===================>..........] - ETA: 0s - loss: 0.8679 - accuracy: 0.6993
551/782 [====================>.........] - ETA: 0s - loss: 0.8692 - accuracy: 0.6988
564/782 [====================>.........] - ETA: 0s - loss: 0.8691 - accuracy: 0.6986
575/782 [=====================>........] - ETA: 0s - loss: 0.8687 - accuracy: 0.6988
589/782 [=====================>........] - ETA: 0s - loss: 0.8688 - accuracy: 0.6989
602/782 [======================>.......] - ETA: 0s - loss: 0.8689 - accuracy: 0.6989
614/782 [======================>.......] - ETA: 0s - loss: 0.8695 - accuracy: 0.6989
626/782 [=======================>......] - ETA: 0s - loss: 0.8691 - accuracy: 0.6988
639/782 [=======================>......] - ETA: 0s - loss: 0.8699 - accuracy: 0.6987
652/782 [========================>.....] - ETA: 0s - loss: 0.8700 - accuracy: 0.6988
664/782 [========================>.....] - ETA: 0s - loss: 0.8700 - accuracy: 0.6989
676/782 [========================>.....] - ETA: 0s - loss: 0.8701 - accuracy: 0.6989
688/782 [=========================>....] - ETA: 0s - loss: 0.8699 - accuracy: 0.6988
702/782 [=========================>....] - ETA: 0s - loss: 0.8707 - accuracy: 0.6982
714/782 [==========================>...] - ETA: 0s - loss: 0.8703 - accuracy: 0.6979
726/782 [==========================>...] - ETA: 0s - loss: 0.8709 - accuracy: 0.6977
738/782 [===========================>..] - ETA: 0s - loss: 0.8713 - accuracy: 0.6975
751/782 [===========================>..] - ETA: 0s - loss: 0.8728 - accuracy: 0.6971
763/782 [============================>.] - ETA: 0s - loss: 0.8733 - accuracy: 0.6970
774/782 [============================>.] - ETA: 0s - loss: 0.8741 - accuracy: 0.6967
782/782 [==============================] - 4s 5ms/step - loss: 0.8747 - accuracy: 0.6965 - val_loss: 1.1573 - val_accuracy: 0.6007
Epoch 9/130

  1/782 [..............................] - ETA: 11s - loss: 0.8087 - accuracy: 0.7812
 17/782 [..............................] - ETA: 2s - loss: 0.7840 - accuracy: 0.7289 
 39/782 [>.............................] - ETA: 2s - loss: 0.8141 - accuracy: 0.7163
 57/782 [=>............................] - ETA: 2s - loss: 0.8088 - accuracy: 0.7171
 76/782 [=>............................] - ETA: 2s - loss: 0.8108 - accuracy: 0.7185
 98/782 [==>...........................] - ETA: 2s - loss: 0.8087 - accuracy: 0.7183
119/782 [===>..........................] - ETA: 2s - loss: 0.8045 - accuracy: 0.7202
139/782 [====>.........................] - ETA: 1s - loss: 0.8016 - accuracy: 0.7211
159/782 [=====>........................] - ETA: 1s - loss: 0.8089 - accuracy: 0.7192
179/782 [=====>........................] - ETA: 1s - loss: 0.8100 - accuracy: 0.7169
191/782 [======>.......................] - ETA: 1s - loss: 0.8101 - accuracy: 0.7170
203/782 [======>.......................] - ETA: 1s - loss: 0.8127 - accuracy: 0.7155
215/782 [=======>......................] - ETA: 1s - loss: 0.8102 - accuracy: 0.7158
227/782 [=======>......................] - ETA: 1s - loss: 0.8077 - accuracy: 0.7172
239/782 [========>.....................] - ETA: 1s - loss: 0.8111 - accuracy: 0.7160
251/782 [========>.....................] - ETA: 1s - loss: 0.8096 - accuracy: 0.7166
263/782 [=========>....................] - ETA: 1s - loss: 0.8083 - accuracy: 0.7167
276/782 [=========>....................] - ETA: 1s - loss: 0.8069 - accuracy: 0.7176
289/782 [==========>...................] - ETA: 1s - loss: 0.8057 - accuracy: 0.7177
301/782 [==========>...................] - ETA: 1s - loss: 0.8072 - accuracy: 0.7171
313/782 [===========>..................] - ETA: 1s - loss: 0.8085 - accuracy: 0.7167
324/782 [===========>..................] - ETA: 1s - loss: 0.8104 - accuracy: 0.7162
337/782 [===========>..................] - ETA: 1s - loss: 0.8105 - accuracy: 0.7164
349/782 [============>.................] - ETA: 1s - loss: 0.8127 - accuracy: 0.7155
362/782 [============>.................] - ETA: 1s - loss: 0.8127 - accuracy: 0.7152
373/782 [=============>................] - ETA: 1s - loss: 0.8124 - accuracy: 0.7155
386/782 [=============>................] - ETA: 1s - loss: 0.8158 - accuracy: 0.7144
397/782 [==============>...............] - ETA: 1s - loss: 0.8152 - accuracy: 0.7149
409/782 [==============>...............] - ETA: 1s - loss: 0.8159 - accuracy: 0.7141
422/782 [===============>..............] - ETA: 1s - loss: 0.8165 - accuracy: 0.7141
435/782 [===============>..............] - ETA: 1s - loss: 0.8186 - accuracy: 0.7131
447/782 [================>.............] - ETA: 1s - loss: 0.8191 - accuracy: 0.7133
459/782 [================>.............] - ETA: 1s - loss: 0.8201 - accuracy: 0.7126
472/782 [=================>............] - ETA: 1s - loss: 0.8214 - accuracy: 0.7121
484/782 [=================>............] - ETA: 1s - loss: 0.8216 - accuracy: 0.7125
497/782 [==================>...........] - ETA: 1s - loss: 0.8237 - accuracy: 0.7122
509/782 [==================>...........] - ETA: 1s - loss: 0.8254 - accuracy: 0.7115
521/782 [==================>...........] - ETA: 1s - loss: 0.8261 - accuracy: 0.7112
533/782 [===================>..........] - ETA: 1s - loss: 0.8262 - accuracy: 0.7112
546/782 [===================>..........] - ETA: 1s - loss: 0.8272 - accuracy: 0.7109
556/782 [====================>.........] - ETA: 1s - loss: 0.8276 - accuracy: 0.7109
567/782 [====================>.........] - ETA: 0s - loss: 0.8288 - accuracy: 0.7107
579/782 [=====================>........] - ETA: 0s - loss: 0.8287 - accuracy: 0.7106
592/782 [=====================>........] - ETA: 0s - loss: 0.8283 - accuracy: 0.7103
604/782 [======================>.......] - ETA: 0s - loss: 0.8303 - accuracy: 0.7095
616/782 [======================>.......] - ETA: 0s - loss: 0.8312 - accuracy: 0.7094
629/782 [=======================>......] - ETA: 0s - loss: 0.8335 - accuracy: 0.7085
641/782 [=======================>......] - ETA: 0s - loss: 0.8335 - accuracy: 0.7083
652/782 [========================>.....] - ETA: 0s - loss: 0.8345 - accuracy: 0.7081
662/782 [========================>.....] - ETA: 0s - loss: 0.8351 - accuracy: 0.7073
674/782 [========================>.....] - ETA: 0s - loss: 0.8361 - accuracy: 0.7068
687/782 [=========================>....] - ETA: 0s - loss: 0.8358 - accuracy: 0.7069
699/782 [=========================>....] - ETA: 0s - loss: 0.8362 - accuracy: 0.7069
711/782 [==========================>...] - ETA: 0s - loss: 0.8369 - accuracy: 0.7067
724/782 [==========================>...] - ETA: 0s - loss: 0.8368 - accuracy: 0.7065
737/782 [===========================>..] - ETA: 0s - loss: 0.8374 - accuracy: 0.7065
749/782 [===========================>..] - ETA: 0s - loss: 0.8377 - accuracy: 0.7064
761/782 [============================>.] - ETA: 0s - loss: 0.8377 - accuracy: 0.7068
774/782 [============================>.] - ETA: 0s - loss: 0.8377 - accuracy: 0.7069
782/782 [==============================] - 4s 5ms/step - loss: 0.8381 - accuracy: 0.7068 - val_loss: 1.1534 - val_accuracy: 0.6077
Epoch 10/130

  1/782 [..............................] - ETA: 0s - loss: 0.6849 - accuracy: 0.7500
 19/782 [..............................] - ETA: 2s - loss: 0.8029 - accuracy: 0.7204
 41/782 [>.............................] - ETA: 2s - loss: 0.7648 - accuracy: 0.7290
 65/782 [=>............................] - ETA: 2s - loss: 0.7555 - accuracy: 0.7341
 82/782 [==>...........................] - ETA: 2s - loss: 0.7574 - accuracy: 0.7349
103/782 [==>...........................] - ETA: 1s - loss: 0.7599 - accuracy: 0.7345
116/782 [===>..........................] - ETA: 2s - loss: 0.7629 - accuracy: 0.7326
129/782 [===>..........................] - ETA: 2s - loss: 0.7631 - accuracy: 0.7338
141/782 [====>.........................] - ETA: 2s - loss: 0.7691 - accuracy: 0.7314
153/782 [====>.........................] - ETA: 2s - loss: 0.7699 - accuracy: 0.7288
166/782 [=====>........................] - ETA: 2s - loss: 0.7736 - accuracy: 0.7285
178/782 [=====>........................] - ETA: 2s - loss: 0.7773 - accuracy: 0.7288
191/782 [======>.......................] - ETA: 2s - loss: 0.7789 - accuracy: 0.7282
202/782 [======>.......................] - ETA: 2s - loss: 0.7798 - accuracy: 0.7276
216/782 [=======>......................] - ETA: 2s - loss: 0.7759 - accuracy: 0.7289
226/782 [=======>......................] - ETA: 2s - loss: 0.7799 - accuracy: 0.7281
237/782 [========>.....................] - ETA: 2s - loss: 0.7792 - accuracy: 0.7287
250/782 [========>.....................] - ETA: 2s - loss: 0.7784 - accuracy: 0.7289
262/782 [=========>....................] - ETA: 2s - loss: 0.7766 - accuracy: 0.7301
274/782 [=========>....................] - ETA: 2s - loss: 0.7785 - accuracy: 0.7296
287/782 [==========>...................] - ETA: 2s - loss: 0.7805 - accuracy: 0.7289
299/782 [==========>...................] - ETA: 2s - loss: 0.7828 - accuracy: 0.7278
311/782 [==========>...................] - ETA: 2s - loss: 0.7832 - accuracy: 0.7278
324/782 [===========>..................] - ETA: 1s - loss: 0.7819 - accuracy: 0.7285
336/782 [===========>..................] - ETA: 1s - loss: 0.7843 - accuracy: 0.7270
348/782 [============>.................] - ETA: 1s - loss: 0.7852 - accuracy: 0.7257
360/782 [============>.................] - ETA: 1s - loss: 0.7860 - accuracy: 0.7251
373/782 [=============>................] - ETA: 1s - loss: 0.7875 - accuracy: 0.7248
384/782 [=============>................] - ETA: 1s - loss: 0.7886 - accuracy: 0.7246
397/782 [==============>...............] - ETA: 1s - loss: 0.7897 - accuracy: 0.7238
410/782 [==============>...............] - ETA: 1s - loss: 0.7894 - accuracy: 0.7235
423/782 [===============>..............] - ETA: 1s - loss: 0.7904 - accuracy: 0.7232
435/782 [===============>..............] - ETA: 1s - loss: 0.7916 - accuracy: 0.7226
448/782 [================>.............] - ETA: 1s - loss: 0.7921 - accuracy: 0.7227
460/782 [================>.............] - ETA: 1s - loss: 0.7930 - accuracy: 0.7225
472/782 [=================>............] - ETA: 1s - loss: 0.7940 - accuracy: 0.7226
484/782 [=================>............] - ETA: 1s - loss: 0.7941 - accuracy: 0.7227
497/782 [==================>...........] - ETA: 1s - loss: 0.7961 - accuracy: 0.7220
509/782 [==================>...........] - ETA: 1s - loss: 0.7971 - accuracy: 0.7217
521/782 [==================>...........] - ETA: 1s - loss: 0.7972 - accuracy: 0.7216
533/782 [===================>..........] - ETA: 1s - loss: 0.7977 - accuracy: 0.7216
546/782 [===================>..........] - ETA: 1s - loss: 0.7983 - accuracy: 0.7212
559/782 [====================>.........] - ETA: 1s - loss: 0.7979 - accuracy: 0.7215
572/782 [====================>.........] - ETA: 0s - loss: 0.7990 - accuracy: 0.7212
584/782 [=====================>........] - ETA: 0s - loss: 0.8002 - accuracy: 0.7207
596/782 [=====================>........] - ETA: 0s - loss: 0.8010 - accuracy: 0.7200
609/782 [======================>.......] - ETA: 0s - loss: 0.8010 - accuracy: 0.7199
622/782 [======================>.......] - ETA: 0s - loss: 0.8011 - accuracy: 0.7201
635/782 [=======================>......] - ETA: 0s - loss: 0.8028 - accuracy: 0.7199
647/782 [=======================>......] - ETA: 0s - loss: 0.8030 - accuracy: 0.7201
659/782 [========================>.....] - ETA: 0s - loss: 0.8025 - accuracy: 0.7202
672/782 [========================>.....] - ETA: 0s - loss: 0.8030 - accuracy: 0.7203
684/782 [=========================>....] - ETA: 0s - loss: 0.8031 - accuracy: 0.7200
696/782 [=========================>....] - ETA: 0s - loss: 0.8036 - accuracy: 0.7198
709/782 [==========================>...] - ETA: 0s - loss: 0.8042 - accuracy: 0.7195
722/782 [==========================>...] - ETA: 0s - loss: 0.8039 - accuracy: 0.7194
734/782 [===========================>..] - ETA: 0s - loss: 0.8052 - accuracy: 0.7190
746/782 [===========================>..] - ETA: 0s - loss: 0.8053 - accuracy: 0.7191
758/782 [============================>.] - ETA: 0s - loss: 0.8054 - accuracy: 0.7187
771/782 [============================>.] - ETA: 0s - loss: 0.8051 - accuracy: 0.7186
782/782 [==============================] - 4s 5ms/step - loss: 0.8058 - accuracy: 0.7184 - val_loss: 1.1267 - val_accuracy: 0.6212
Epoch 11/130

  1/782 [..............................] - ETA: 12s - loss: 0.7385 - accuracy: 0.6875
 21/782 [..............................] - ETA: 2s - loss: 0.7331 - accuracy: 0.7455 
 44/782 [>.............................] - ETA: 2s - loss: 0.7349 - accuracy: 0.7397
 65/782 [=>............................] - ETA: 1s - loss: 0.7455 - accuracy: 0.7373
 78/782 [=>............................] - ETA: 2s - loss: 0.7501 - accuracy: 0.7356
 91/782 [==>...........................] - ETA: 2s - loss: 0.7507 - accuracy: 0.7373
103/782 [==>...........................] - ETA: 2s - loss: 0.7454 - accuracy: 0.7383
115/782 [===>..........................] - ETA: 2s - loss: 0.7449 - accuracy: 0.7389
127/782 [===>..........................] - ETA: 2s - loss: 0.7447 - accuracy: 0.7392
140/782 [====>.........................] - ETA: 2s - loss: 0.7429 - accuracy: 0.7374
151/782 [====>.........................] - ETA: 2s - loss: 0.7464 - accuracy: 0.7363
163/782 [=====>........................] - ETA: 2s - loss: 0.7487 - accuracy: 0.7371
176/782 [=====>........................] - ETA: 2s - loss: 0.7471 - accuracy: 0.7387
188/782 [======>.......................] - ETA: 2s - loss: 0.7488 - accuracy: 0.7382
200/782 [======>.......................] - ETA: 2s - loss: 0.7550 - accuracy: 0.7356
212/782 [=======>......................] - ETA: 2s - loss: 0.7536 - accuracy: 0.7357
225/782 [=======>......................] - ETA: 2s - loss: 0.7524 - accuracy: 0.7356
234/782 [=======>......................] - ETA: 2s - loss: 0.7520 - accuracy: 0.7358
246/782 [========>.....................] - ETA: 2s - loss: 0.7493 - accuracy: 0.7367
258/782 [========>.....................] - ETA: 2s - loss: 0.7508 - accuracy: 0.7364
270/782 [=========>....................] - ETA: 2s - loss: 0.7531 - accuracy: 0.7360
283/782 [=========>....................] - ETA: 2s - loss: 0.7552 - accuracy: 0.7356
295/782 [==========>...................] - ETA: 2s - loss: 0.7582 - accuracy: 0.7351
307/782 [==========>...................] - ETA: 2s - loss: 0.7588 - accuracy: 0.7356
320/782 [===========>..................] - ETA: 2s - loss: 0.7612 - accuracy: 0.7343
332/782 [===========>..................] - ETA: 2s - loss: 0.7615 - accuracy: 0.7339
344/782 [============>.................] - ETA: 2s - loss: 0.7640 - accuracy: 0.7331
356/782 [============>.................] - ETA: 1s - loss: 0.7670 - accuracy: 0.7324
369/782 [=============>................] - ETA: 1s - loss: 0.7676 - accuracy: 0.7316
381/782 [=============>................] - ETA: 1s - loss: 0.7685 - accuracy: 0.7313
393/782 [==============>...............] - ETA: 1s - loss: 0.7693 - accuracy: 0.7309
406/782 [==============>...............] - ETA: 1s - loss: 0.7710 - accuracy: 0.7307
418/782 [===============>..............] - ETA: 1s - loss: 0.7706 - accuracy: 0.7309
430/782 [===============>..............] - ETA: 1s - loss: 0.7696 - accuracy: 0.7311
442/782 [===============>..............] - ETA: 1s - loss: 0.7686 - accuracy: 0.7317
455/782 [================>.............] - ETA: 1s - loss: 0.7683 - accuracy: 0.7314
468/782 [================>.............] - ETA: 1s - loss: 0.7666 - accuracy: 0.7324
480/782 [=================>............] - ETA: 1s - loss: 0.7666 - accuracy: 0.7327
492/782 [=================>............] - ETA: 1s - loss: 0.7678 - accuracy: 0.7322
504/782 [==================>...........] - ETA: 1s - loss: 0.7689 - accuracy: 0.7313
517/782 [==================>...........] - ETA: 1s - loss: 0.7694 - accuracy: 0.7311
530/782 [===================>..........] - ETA: 1s - loss: 0.7704 - accuracy: 0.7307
542/782 [===================>..........] - ETA: 1s - loss: 0.7711 - accuracy: 0.7304
554/782 [====================>.........] - ETA: 1s - loss: 0.7704 - accuracy: 0.7306
566/782 [====================>.........] - ETA: 1s - loss: 0.7711 - accuracy: 0.7304
579/782 [=====================>........] - ETA: 0s - loss: 0.7711 - accuracy: 0.7308
591/782 [=====================>........] - ETA: 0s - loss: 0.7714 - accuracy: 0.7306
603/782 [======================>.......] - ETA: 0s - loss: 0.7712 - accuracy: 0.7305
616/782 [======================>.......] - ETA: 0s - loss: 0.7707 - accuracy: 0.7306
628/782 [=======================>......] - ETA: 0s - loss: 0.7711 - accuracy: 0.7305
641/782 [=======================>......] - ETA: 0s - loss: 0.7722 - accuracy: 0.7303
654/782 [========================>.....] - ETA: 0s - loss: 0.7719 - accuracy: 0.7306
666/782 [========================>.....] - ETA: 0s - loss: 0.7721 - accuracy: 0.7303
679/782 [=========================>....] - ETA: 0s - loss: 0.7712 - accuracy: 0.7308
691/782 [=========================>....] - ETA: 0s - loss: 0.7722 - accuracy: 0.7305
704/782 [==========================>...] - ETA: 0s - loss: 0.7714 - accuracy: 0.7307
717/782 [==========================>...] - ETA: 0s - loss: 0.7717 - accuracy: 0.7306
729/782 [==========================>...] - ETA: 0s - loss: 0.7728 - accuracy: 0.7302
741/782 [===========================>..] - ETA: 0s - loss: 0.7737 - accuracy: 0.7302
754/782 [===========================>..] - ETA: 0s - loss: 0.7741 - accuracy: 0.7299
771/782 [============================>.] - ETA: 0s - loss: 0.7740 - accuracy: 0.7301
782/782 [==============================] - 4s 5ms/step - loss: 0.7743 - accuracy: 0.7302 - val_loss: 1.1430 - val_accuracy: 0.6197
Epoch 12/130

  1/782 [..............................] - ETA: 12s - loss: 0.7034 - accuracy: 0.7500
 14/782 [..............................] - ETA: 3s - loss: 0.7363 - accuracy: 0.7377 
 26/782 [..............................] - ETA: 3s - loss: 0.7178 - accuracy: 0.7464
 39/782 [>.............................] - ETA: 3s - loss: 0.7132 - accuracy: 0.7508
 51/782 [>.............................] - ETA: 3s - loss: 0.7254 - accuracy: 0.7448
 63/782 [=>............................] - ETA: 3s - loss: 0.7195 - accuracy: 0.7483
 76/782 [=>............................] - ETA: 3s - loss: 0.7213 - accuracy: 0.7486
 88/782 [==>...........................] - ETA: 3s - loss: 0.7267 - accuracy: 0.7470
100/782 [==>...........................] - ETA: 3s - loss: 0.7245 - accuracy: 0.7481
113/782 [===>..........................] - ETA: 3s - loss: 0.7229 - accuracy: 0.7497
126/782 [===>..........................] - ETA: 3s - loss: 0.7225 - accuracy: 0.7500
138/782 [====>.........................] - ETA: 3s - loss: 0.7252 - accuracy: 0.7498
150/782 [====>.........................] - ETA: 3s - loss: 0.7274 - accuracy: 0.7482
163/782 [=====>........................] - ETA: 3s - loss: 0.7317 - accuracy: 0.7473
175/782 [=====>........................] - ETA: 3s - loss: 0.7331 - accuracy: 0.7458
188/782 [======>.......................] - ETA: 2s - loss: 0.7365 - accuracy: 0.7448
200/782 [======>.......................] - ETA: 2s - loss: 0.7372 - accuracy: 0.7442
212/782 [=======>......................] - ETA: 2s - loss: 0.7355 - accuracy: 0.7450
225/782 [=======>......................] - ETA: 2s - loss: 0.7347 - accuracy: 0.7453
237/782 [========>.....................] - ETA: 2s - loss: 0.7363 - accuracy: 0.7452
249/782 [========>.....................] - ETA: 2s - loss: 0.7389 - accuracy: 0.7433
262/782 [=========>....................] - ETA: 2s - loss: 0.7402 - accuracy: 0.7423
274/782 [=========>....................] - ETA: 2s - loss: 0.7410 - accuracy: 0.7421
287/782 [==========>...................] - ETA: 2s - loss: 0.7400 - accuracy: 0.7416
299/782 [==========>...................] - ETA: 2s - loss: 0.7403 - accuracy: 0.7414
311/782 [==========>...................] - ETA: 2s - loss: 0.7403 - accuracy: 0.7414
324/782 [===========>..................] - ETA: 2s - loss: 0.7427 - accuracy: 0.7406
335/782 [===========>..................] - ETA: 2s - loss: 0.7415 - accuracy: 0.7412
348/782 [============>.................] - ETA: 2s - loss: 0.7409 - accuracy: 0.7410
361/782 [============>.................] - ETA: 2s - loss: 0.7402 - accuracy: 0.7411
373/782 [=============>................] - ETA: 2s - loss: 0.7389 - accuracy: 0.7410
386/782 [=============>................] - ETA: 1s - loss: 0.7394 - accuracy: 0.7409
398/782 [==============>...............] - ETA: 1s - loss: 0.7399 - accuracy: 0.7405
411/782 [==============>...............] - ETA: 1s - loss: 0.7401 - accuracy: 0.7405
424/782 [===============>..............] - ETA: 1s - loss: 0.7408 - accuracy: 0.7398
436/782 [===============>..............] - ETA: 1s - loss: 0.7406 - accuracy: 0.7399
448/782 [================>.............] - ETA: 1s - loss: 0.7422 - accuracy: 0.7394
460/782 [================>.............] - ETA: 1s - loss: 0.7433 - accuracy: 0.7391
473/782 [=================>............] - ETA: 1s - loss: 0.7434 - accuracy: 0.7389
484/782 [=================>............] - ETA: 1s - loss: 0.7436 - accuracy: 0.7387
497/782 [==================>...........] - ETA: 1s - loss: 0.7427 - accuracy: 0.7395
509/782 [==================>...........] - ETA: 1s - loss: 0.7424 - accuracy: 0.7398
521/782 [==================>...........] - ETA: 1s - loss: 0.7428 - accuracy: 0.7400
534/782 [===================>..........] - ETA: 1s - loss: 0.7427 - accuracy: 0.7404
546/782 [===================>..........] - ETA: 1s - loss: 0.7423 - accuracy: 0.7403
558/782 [====================>.........] - ETA: 1s - loss: 0.7423 - accuracy: 0.7404
571/782 [====================>.........] - ETA: 1s - loss: 0.7427 - accuracy: 0.7407
584/782 [=====================>........] - ETA: 0s - loss: 0.7416 - accuracy: 0.7412
596/782 [=====================>........] - ETA: 0s - loss: 0.7438 - accuracy: 0.7403
607/782 [======================>.......] - ETA: 0s - loss: 0.7443 - accuracy: 0.7402
618/782 [======================>.......] - ETA: 0s - loss: 0.7449 - accuracy: 0.7398
630/782 [=======================>......] - ETA: 0s - loss: 0.7460 - accuracy: 0.7394
642/782 [=======================>......] - ETA: 0s - loss: 0.7454 - accuracy: 0.7398
654/782 [========================>.....] - ETA: 0s - loss: 0.7463 - accuracy: 0.7398
666/782 [========================>.....] - ETA: 0s - loss: 0.7465 - accuracy: 0.7399
678/782 [=========================>....] - ETA: 0s - loss: 0.7467 - accuracy: 0.7399
691/782 [=========================>....] - ETA: 0s - loss: 0.7486 - accuracy: 0.7394
713/782 [==========================>...] - ETA: 0s - loss: 0.7482 - accuracy: 0.7394
733/782 [===========================>..] - ETA: 0s - loss: 0.7477 - accuracy: 0.7398
755/782 [===========================>..] - ETA: 0s - loss: 0.7502 - accuracy: 0.7389
779/782 [============================>.] - ETA: 0s - loss: 0.7508 - accuracy: 0.7383
782/782 [==============================] - 4s 6ms/step - loss: 0.7507 - accuracy: 0.7382 - val_loss: 1.1423 - val_accuracy: 0.6171
Epoch 13/130

  1/782 [..............................] - ETA: 12s - loss: 0.7331 - accuracy: 0.6875
 13/782 [..............................] - ETA: 4s - loss: 0.7109 - accuracy: 0.7440 
 25/782 [..............................] - ETA: 3s - loss: 0.6822 - accuracy: 0.7600
 37/782 [>.............................] - ETA: 3s - loss: 0.6693 - accuracy: 0.7660
 49/782 [>.............................] - ETA: 3s - loss: 0.6761 - accuracy: 0.7659
 62/782 [=>............................] - ETA: 3s - loss: 0.6757 - accuracy: 0.7644
 74/782 [=>............................] - ETA: 3s - loss: 0.6766 - accuracy: 0.7629
 85/782 [==>...........................] - ETA: 3s - loss: 0.6900 - accuracy: 0.7599
 98/782 [==>...........................] - ETA: 3s - loss: 0.6900 - accuracy: 0.7589
111/782 [===>..........................] - ETA: 3s - loss: 0.6859 - accuracy: 0.7600
123/782 [===>..........................] - ETA: 3s - loss: 0.6904 - accuracy: 0.7597
135/782 [====>.........................] - ETA: 3s - loss: 0.6903 - accuracy: 0.7601
148/782 [====>.........................] - ETA: 3s - loss: 0.6920 - accuracy: 0.7603
160/782 [=====>........................] - ETA: 3s - loss: 0.6986 - accuracy: 0.7578
172/782 [=====>........................] - ETA: 3s - loss: 0.7026 - accuracy: 0.7566
184/782 [======>.......................] - ETA: 3s - loss: 0.7068 - accuracy: 0.7546
197/782 [======>.......................] - ETA: 2s - loss: 0.7095 - accuracy: 0.7533
209/782 [=======>......................] - ETA: 2s - loss: 0.7106 - accuracy: 0.7532
222/782 [=======>......................] - ETA: 2s - loss: 0.7048 - accuracy: 0.7559
234/782 [=======>......................] - ETA: 2s - loss: 0.7046 - accuracy: 0.7549
247/782 [========>.....................] - ETA: 2s - loss: 0.7055 - accuracy: 0.7548
259/782 [========>.....................] - ETA: 2s - loss: 0.7045 - accuracy: 0.7552
271/782 [=========>....................] - ETA: 2s - loss: 0.7030 - accuracy: 0.7555
283/782 [=========>....................] - ETA: 2s - loss: 0.7041 - accuracy: 0.7553
296/782 [==========>...................] - ETA: 2s - loss: 0.7040 - accuracy: 0.7551
308/782 [==========>...................] - ETA: 2s - loss: 0.7052 - accuracy: 0.7545
321/782 [===========>..................] - ETA: 2s - loss: 0.7058 - accuracy: 0.7541
332/782 [===========>..................] - ETA: 2s - loss: 0.7058 - accuracy: 0.7543
345/782 [============>.................] - ETA: 2s - loss: 0.7045 - accuracy: 0.7552
357/782 [============>.................] - ETA: 2s - loss: 0.7057 - accuracy: 0.7548
369/782 [=============>................] - ETA: 2s - loss: 0.7070 - accuracy: 0.7545
381/782 [=============>................] - ETA: 2s - loss: 0.7092 - accuracy: 0.7532
393/782 [==============>...............] - ETA: 1s - loss: 0.7093 - accuracy: 0.7532
404/782 [==============>...............] - ETA: 1s - loss: 0.7115 - accuracy: 0.7527
417/782 [==============>...............] - ETA: 1s - loss: 0.7122 - accuracy: 0.7516
430/782 [===============>..............] - ETA: 1s - loss: 0.7128 - accuracy: 0.7512
442/782 [===============>..............] - ETA: 1s - loss: 0.7138 - accuracy: 0.7513
454/782 [================>.............] - ETA: 1s - loss: 0.7149 - accuracy: 0.7510
467/782 [================>.............] - ETA: 1s - loss: 0.7166 - accuracy: 0.7503
479/782 [=================>............] - ETA: 1s - loss: 0.7163 - accuracy: 0.7510
491/782 [=================>............] - ETA: 1s - loss: 0.7183 - accuracy: 0.7505
503/782 [==================>...........] - ETA: 1s - loss: 0.7191 - accuracy: 0.7500
516/782 [==================>...........] - ETA: 1s - loss: 0.7202 - accuracy: 0.7496
528/782 [===================>..........] - ETA: 1s - loss: 0.7210 - accuracy: 0.7493
540/782 [===================>..........] - ETA: 1s - loss: 0.7205 - accuracy: 0.7496
552/782 [====================>.........] - ETA: 1s - loss: 0.7202 - accuracy: 0.7498
564/782 [====================>.........] - ETA: 1s - loss: 0.7208 - accuracy: 0.7499
576/782 [=====================>........] - ETA: 1s - loss: 0.7219 - accuracy: 0.7494
589/782 [=====================>........] - ETA: 0s - loss: 0.7217 - accuracy: 0.7494
601/782 [======================>.......] - ETA: 0s - loss: 0.7218 - accuracy: 0.7496
613/782 [======================>.......] - ETA: 0s - loss: 0.7227 - accuracy: 0.7490
629/782 [=======================>......] - ETA: 0s - loss: 0.7227 - accuracy: 0.7489
652/782 [========================>.....] - ETA: 0s - loss: 0.7239 - accuracy: 0.7491
675/782 [========================>.....] - ETA: 0s - loss: 0.7243 - accuracy: 0.7482
694/782 [=========================>....] - ETA: 0s - loss: 0.7247 - accuracy: 0.7475
715/782 [==========================>...] - ETA: 0s - loss: 0.7241 - accuracy: 0.7479
733/782 [===========================>..] - ETA: 0s - loss: 0.7236 - accuracy: 0.7479
751/782 [===========================>..] - ETA: 0s - loss: 0.7240 - accuracy: 0.7476
772/782 [============================>.] - ETA: 0s - loss: 0.7247 - accuracy: 0.7473
782/782 [==============================] - 4s 6ms/step - loss: 0.7249 - accuracy: 0.7471 - val_loss: 1.1569 - val_accuracy: 0.6165
Epoch 14/130

  1/782 [..............................] - ETA: 12s - loss: 0.5761 - accuracy: 0.8125
 14/782 [..............................] - ETA: 3s - loss: 0.6809 - accuracy: 0.7801 
 26/782 [..............................] - ETA: 3s - loss: 0.6583 - accuracy: 0.7831
 39/782 [>.............................] - ETA: 3s - loss: 0.6588 - accuracy: 0.7804
 50/782 [>.............................] - ETA: 3s - loss: 0.6668 - accuracy: 0.7763
 62/782 [=>............................] - ETA: 3s - loss: 0.6661 - accuracy: 0.7737
 75/782 [=>............................] - ETA: 3s - loss: 0.6602 - accuracy: 0.7744
 88/782 [==>...........................] - ETA: 3s - loss: 0.6665 - accuracy: 0.7731
100/782 [==>...........................] - ETA: 3s - loss: 0.6671 - accuracy: 0.7711
112/782 [===>..........................] - ETA: 3s - loss: 0.6656 - accuracy: 0.7706
125/782 [===>..........................] - ETA: 3s - loss: 0.6671 - accuracy: 0.7686
137/782 [====>.........................] - ETA: 3s - loss: 0.6752 - accuracy: 0.7652
149/782 [====>.........................] - ETA: 3s - loss: 0.6753 - accuracy: 0.7644
161/782 [=====>........................] - ETA: 3s - loss: 0.6802 - accuracy: 0.7619
174/782 [=====>........................] - ETA: 3s - loss: 0.6801 - accuracy: 0.7628
186/782 [======>.......................] - ETA: 3s - loss: 0.6821 - accuracy: 0.7618
198/782 [======>.......................] - ETA: 2s - loss: 0.6824 - accuracy: 0.7629
211/782 [=======>......................] - ETA: 2s - loss: 0.6811 - accuracy: 0.7636
223/782 [=======>......................] - ETA: 2s - loss: 0.6817 - accuracy: 0.7625
236/782 [========>.....................] - ETA: 2s - loss: 0.6815 - accuracy: 0.7635
248/782 [========>.....................] - ETA: 2s - loss: 0.6810 - accuracy: 0.7629
261/782 [=========>....................] - ETA: 2s - loss: 0.6815 - accuracy: 0.7621
273/782 [=========>....................] - ETA: 2s - loss: 0.6839 - accuracy: 0.7617
285/782 [=========>....................] - ETA: 2s - loss: 0.6827 - accuracy: 0.7629
297/782 [==========>...................] - ETA: 2s - loss: 0.6818 - accuracy: 0.7628
309/782 [==========>...................] - ETA: 2s - loss: 0.6824 - accuracy: 0.7622
321/782 [===========>..................] - ETA: 2s - loss: 0.6828 - accuracy: 0.7624
334/782 [===========>..................] - ETA: 2s - loss: 0.6835 - accuracy: 0.7617
346/782 [============>.................] - ETA: 2s - loss: 0.6849 - accuracy: 0.7611
359/782 [============>.................] - ETA: 2s - loss: 0.6854 - accuracy: 0.7610
371/782 [=============>................] - ETA: 2s - loss: 0.6864 - accuracy: 0.7610
384/782 [=============>................] - ETA: 2s - loss: 0.6878 - accuracy: 0.7611
397/782 [==============>...............] - ETA: 1s - loss: 0.6891 - accuracy: 0.7605
409/782 [==============>...............] - ETA: 1s - loss: 0.6915 - accuracy: 0.7597
421/782 [===============>..............] - ETA: 1s - loss: 0.6936 - accuracy: 0.7594
434/782 [===============>..............] - ETA: 1s - loss: 0.6936 - accuracy: 0.7593
444/782 [================>.............] - ETA: 1s - loss: 0.6941 - accuracy: 0.7591
456/782 [================>.............] - ETA: 1s - loss: 0.6948 - accuracy: 0.7593
468/782 [================>.............] - ETA: 1s - loss: 0.6974 - accuracy: 0.7583
481/782 [=================>............] - ETA: 1s - loss: 0.6974 - accuracy: 0.7580
494/782 [=================>............] - ETA: 1s - loss: 0.6981 - accuracy: 0.7580
507/782 [==================>...........] - ETA: 1s - loss: 0.6991 - accuracy: 0.7576
519/782 [==================>...........] - ETA: 1s - loss: 0.6996 - accuracy: 0.7572
530/782 [===================>..........] - ETA: 1s - loss: 0.7000 - accuracy: 0.7570
540/782 [===================>..........] - ETA: 1s - loss: 0.7000 - accuracy: 0.7570
553/782 [====================>.........] - ETA: 1s - loss: 0.6996 - accuracy: 0.7565
565/782 [====================>.........] - ETA: 1s - loss: 0.7002 - accuracy: 0.7565
587/782 [=====================>........] - ETA: 0s - loss: 0.7011 - accuracy: 0.7561
609/782 [======================>.......] - ETA: 0s - loss: 0.7024 - accuracy: 0.7563
630/782 [=======================>......] - ETA: 0s - loss: 0.7027 - accuracy: 0.7564
651/782 [=======================>......] - ETA: 0s - loss: 0.7018 - accuracy: 0.7567
673/782 [========================>.....] - ETA: 0s - loss: 0.7021 - accuracy: 0.7564
696/782 [=========================>....] - ETA: 0s - loss: 0.7029 - accuracy: 0.7562
718/782 [==========================>...] - ETA: 0s - loss: 0.7023 - accuracy: 0.7564
740/782 [===========================>..] - ETA: 0s - loss: 0.7027 - accuracy: 0.7562
758/782 [============================>.] - ETA: 0s - loss: 0.7040 - accuracy: 0.7555
779/782 [============================>.] - ETA: 0s - loss: 0.7043 - accuracy: 0.7553
782/782 [==============================] - 4s 6ms/step - loss: 0.7046 - accuracy: 0.7552 - val_loss: 1.1585 - val_accuracy: 0.6139
Epoch 15/130

  1/782 [..............................] - ETA: 12s - loss: 0.2851 - accuracy: 0.9375
 10/782 [..............................] - ETA: 4s - loss: 0.6154 - accuracy: 0.7812 
 21/782 [..............................] - ETA: 4s - loss: 0.6352 - accuracy: 0.7820
 33/782 [>.............................] - ETA: 3s - loss: 0.6467 - accuracy: 0.7794
 43/782 [>.............................] - ETA: 3s - loss: 0.6455 - accuracy: 0.7816
 55/782 [=>............................] - ETA: 3s - loss: 0.6588 - accuracy: 0.7733
 68/782 [=>............................] - ETA: 3s - loss: 0.6548 - accuracy: 0.7741
 80/782 [==>...........................] - ETA: 3s - loss: 0.6519 - accuracy: 0.7752
 93/782 [==>...........................] - ETA: 3s - loss: 0.6516 - accuracy: 0.7749
105/782 [===>..........................] - ETA: 3s - loss: 0.6497 - accuracy: 0.7743
117/782 [===>..........................] - ETA: 3s - loss: 0.6452 - accuracy: 0.7765
130/782 [===>..........................] - ETA: 3s - loss: 0.6510 - accuracy: 0.7748
142/782 [====>.........................] - ETA: 3s - loss: 0.6490 - accuracy: 0.7742
154/782 [====>.........................] - ETA: 3s - loss: 0.6491 - accuracy: 0.7733
166/782 [=====>........................] - ETA: 3s - loss: 0.6463 - accuracy: 0.7750
178/782 [=====>........................] - ETA: 3s - loss: 0.6463 - accuracy: 0.7745
191/782 [======>.......................] - ETA: 3s - loss: 0.6491 - accuracy: 0.7739
202/782 [======>.......................] - ETA: 2s - loss: 0.6492 - accuracy: 0.7731
214/782 [=======>......................] - ETA: 2s - loss: 0.6506 - accuracy: 0.7726
226/782 [=======>......................] - ETA: 2s - loss: 0.6504 - accuracy: 0.7729
238/782 [========>.....................] - ETA: 2s - loss: 0.6509 - accuracy: 0.7736
251/782 [========>.....................] - ETA: 2s - loss: 0.6516 - accuracy: 0.7735
263/782 [=========>....................] - ETA: 2s - loss: 0.6542 - accuracy: 0.7719
275/782 [=========>....................] - ETA: 2s - loss: 0.6544 - accuracy: 0.7722
287/782 [==========>...................] - ETA: 2s - loss: 0.6554 - accuracy: 0.7724
300/782 [==========>...................] - ETA: 2s - loss: 0.6560 - accuracy: 0.7721
312/782 [==========>...................] - ETA: 2s - loss: 0.6532 - accuracy: 0.7735
324/782 [===========>..................] - ETA: 2s - loss: 0.6547 - accuracy: 0.7731
336/782 [===========>..................] - ETA: 2s - loss: 0.6553 - accuracy: 0.7732
349/782 [============>.................] - ETA: 2s - loss: 0.6550 - accuracy: 0.7729
361/782 [============>.................] - ETA: 2s - loss: 0.6560 - accuracy: 0.7725
373/782 [=============>................] - ETA: 2s - loss: 0.6569 - accuracy: 0.7719
386/782 [=============>................] - ETA: 2s - loss: 0.6577 - accuracy: 0.7713
398/782 [==============>...............] - ETA: 1s - loss: 0.6572 - accuracy: 0.7714
410/782 [==============>...............] - ETA: 1s - loss: 0.6584 - accuracy: 0.7712
422/782 [===============>..............] - ETA: 1s - loss: 0.6572 - accuracy: 0.7716
434/782 [===============>..............] - ETA: 1s - loss: 0.6573 - accuracy: 0.7715
447/782 [================>.............] - ETA: 1s - loss: 0.6607 - accuracy: 0.7705
459/782 [================>.............] - ETA: 1s - loss: 0.6624 - accuracy: 0.7697
471/782 [=================>............] - ETA: 1s - loss: 0.6647 - accuracy: 0.7687
484/782 [=================>............] - ETA: 1s - loss: 0.6664 - accuracy: 0.7679
495/782 [=================>............] - ETA: 1s - loss: 0.6684 - accuracy: 0.7674
509/782 [==================>...........] - ETA: 1s - loss: 0.6690 - accuracy: 0.7671
528/782 [===================>..........] - ETA: 1s - loss: 0.6686 - accuracy: 0.7671
549/782 [====================>.........] - ETA: 1s - loss: 0.6703 - accuracy: 0.7662
572/782 [====================>.........] - ETA: 1s - loss: 0.6719 - accuracy: 0.7656
596/782 [=====================>........] - ETA: 0s - loss: 0.6729 - accuracy: 0.7655
619/782 [======================>.......] - ETA: 0s - loss: 0.6731 - accuracy: 0.7652
637/782 [=======================>......] - ETA: 0s - loss: 0.6746 - accuracy: 0.7645
659/782 [========================>.....] - ETA: 0s - loss: 0.6746 - accuracy: 0.7644
680/782 [=========================>....] - ETA: 0s - loss: 0.6768 - accuracy: 0.7640
703/782 [=========================>....] - ETA: 0s - loss: 0.6787 - accuracy: 0.7634
726/782 [==========================>...] - ETA: 0s - loss: 0.6805 - accuracy: 0.7627
748/782 [===========================>..] - ETA: 0s - loss: 0.6819 - accuracy: 0.7618
761/782 [============================>.] - ETA: 0s - loss: 0.6843 - accuracy: 0.7610
773/782 [============================>.] - ETA: 0s - loss: 0.6850 - accuracy: 0.7609
782/782 [==============================] - 4s 5ms/step - loss: 0.6854 - accuracy: 0.7608 - val_loss: 1.1611 - val_accuracy: 0.6196
Epoch 16/130

  1/782 [..............................] - ETA: 12s - loss: 0.3875 - accuracy: 0.8438
 14/782 [..............................] - ETA: 3s - loss: 0.6278 - accuracy: 0.7746 
 27/782 [>.............................] - ETA: 3s - loss: 0.6230 - accuracy: 0.7778
 37/782 [>.............................] - ETA: 3s - loss: 0.6186 - accuracy: 0.7876
 48/782 [>.............................] - ETA: 3s - loss: 0.6156 - accuracy: 0.7904
 60/782 [=>............................] - ETA: 3s - loss: 0.6248 - accuracy: 0.7883
 72/782 [=>............................] - ETA: 3s - loss: 0.6255 - accuracy: 0.7880
 85/782 [==>...........................] - ETA: 3s - loss: 0.6331 - accuracy: 0.7868
 96/782 [==>...........................] - ETA: 3s - loss: 0.6316 - accuracy: 0.7853
108/782 [===>..........................] - ETA: 3s - loss: 0.6360 - accuracy: 0.7837
121/782 [===>..........................] - ETA: 3s - loss: 0.6309 - accuracy: 0.7843
133/782 [====>.........................] - ETA: 3s - loss: 0.6351 - accuracy: 0.7823
145/782 [====>.........................] - ETA: 3s - loss: 0.6381 - accuracy: 0.7820
157/782 [=====>........................] - ETA: 3s - loss: 0.6420 - accuracy: 0.7803
168/782 [=====>........................] - ETA: 3s - loss: 0.6399 - accuracy: 0.7799
179/782 [=====>........................] - ETA: 3s - loss: 0.6447 - accuracy: 0.7776
191/782 [======>.......................] - ETA: 3s - loss: 0.6445 - accuracy: 0.7763
201/782 [======>.......................] - ETA: 2s - loss: 0.6457 - accuracy: 0.7758
212/782 [=======>......................] - ETA: 2s - loss: 0.6458 - accuracy: 0.7764
224/782 [=======>......................] - ETA: 2s - loss: 0.6460 - accuracy: 0.7766
236/782 [========>.....................] - ETA: 2s - loss: 0.6471 - accuracy: 0.7761
249/782 [========>.....................] - ETA: 2s - loss: 0.6494 - accuracy: 0.7748
261/782 [=========>....................] - ETA: 2s - loss: 0.6465 - accuracy: 0.7764
274/782 [=========>....................] - ETA: 2s - loss: 0.6483 - accuracy: 0.7767
286/782 [=========>....................] - ETA: 2s - loss: 0.6488 - accuracy: 0.7761
298/782 [==========>...................] - ETA: 2s - loss: 0.6476 - accuracy: 0.7767
311/782 [==========>...................] - ETA: 2s - loss: 0.6508 - accuracy: 0.7756
324/782 [===========>..................] - ETA: 2s - loss: 0.6523 - accuracy: 0.7748
335/782 [===========>..................] - ETA: 2s - loss: 0.6510 - accuracy: 0.7750
348/782 [============>.................] - ETA: 2s - loss: 0.6516 - accuracy: 0.7748
362/782 [============>.................] - ETA: 2s - loss: 0.6495 - accuracy: 0.7752
374/782 [=============>................] - ETA: 2s - loss: 0.6510 - accuracy: 0.7740
385/782 [=============>................] - ETA: 2s - loss: 0.6491 - accuracy: 0.7746
397/782 [==============>...............] - ETA: 1s - loss: 0.6482 - accuracy: 0.7752
409/782 [==============>...............] - ETA: 1s - loss: 0.6510 - accuracy: 0.7741
421/782 [===============>..............] - ETA: 1s - loss: 0.6531 - accuracy: 0.7734
434/782 [===============>..............] - ETA: 1s - loss: 0.6529 - accuracy: 0.7731
449/782 [================>.............] - ETA: 1s - loss: 0.6554 - accuracy: 0.7721
473/782 [=================>............] - ETA: 1s - loss: 0.6578 - accuracy: 0.7708
496/782 [==================>...........] - ETA: 1s - loss: 0.6590 - accuracy: 0.7701
517/782 [==================>...........] - ETA: 1s - loss: 0.6591 - accuracy: 0.7696
536/782 [===================>..........] - ETA: 1s - loss: 0.6603 - accuracy: 0.7690
559/782 [====================>.........] - ETA: 1s - loss: 0.6616 - accuracy: 0.7690
581/782 [=====================>........] - ETA: 0s - loss: 0.6627 - accuracy: 0.7687
604/782 [======================>.......] - ETA: 0s - loss: 0.6631 - accuracy: 0.7691
625/782 [======================>.......] - ETA: 0s - loss: 0.6640 - accuracy: 0.7686
648/782 [=======================>......] - ETA: 0s - loss: 0.6644 - accuracy: 0.7684
670/782 [========================>.....] - ETA: 0s - loss: 0.6657 - accuracy: 0.7682
692/782 [=========================>....] - ETA: 0s - loss: 0.6682 - accuracy: 0.7672
704/782 [==========================>...] - ETA: 0s - loss: 0.6689 - accuracy: 0.7668
717/782 [==========================>...] - ETA: 0s - loss: 0.6693 - accuracy: 0.7667
728/782 [==========================>...] - ETA: 0s - loss: 0.6692 - accuracy: 0.7666
740/782 [===========================>..] - ETA: 0s - loss: 0.6695 - accuracy: 0.7664
753/782 [===========================>..] - ETA: 0s - loss: 0.6701 - accuracy: 0.7661
765/782 [============================>.] - ETA: 0s - loss: 0.6704 - accuracy: 0.7659
778/782 [============================>.] - ETA: 0s - loss: 0.6708 - accuracy: 0.7660
782/782 [==============================] - 4s 5ms/step - loss: 0.6716 - accuracy: 0.7655 - val_loss: 1.1475 - val_accuracy: 0.6260
Epoch 16: early stopping

  1/313 [..............................] - ETA: 4s - loss: 0.8565 - accuracy: 0.6875
 19/313 [>.............................] - ETA: 1s - loss: 1.1113 - accuracy: 0.6234
 41/313 [==>...........................] - ETA: 0s - loss: 1.1036 - accuracy: 0.6235
 62/313 [====>.........................] - ETA: 0s - loss: 1.0949 - accuracy: 0.6285
 84/313 [=======>......................] - ETA: 0s - loss: 1.1310 - accuracy: 0.6272
104/313 [========>.....................] - ETA: 0s - loss: 1.1317 - accuracy: 0.6277
126/313 [===========>..................] - ETA: 0s - loss: 1.1267 - accuracy: 0.6272
147/313 [=============>................] - ETA: 0s - loss: 1.1281 - accuracy: 0.6303
169/313 [===============>..............] - ETA: 0s - loss: 1.1229 - accuracy: 0.6311
192/313 [=================>............] - ETA: 0s - loss: 1.1244 - accuracy: 0.6300
213/313 [===================>..........] - ETA: 0s - loss: 1.1281 - accuracy: 0.6287
235/313 [=====================>........] - ETA: 0s - loss: 1.1380 - accuracy: 0.6271
257/313 [=======================>......] - ETA: 0s - loss: 1.1434 - accuracy: 0.6260
276/313 [=========================>....] - ETA: 0s - loss: 1.1478 - accuracy: 0.6257
296/313 [===========================>..] - ETA: 0s - loss: 1.1451 - accuracy: 0.6269
313/313 [==============================] - 1s 3ms/step - loss: 1.1475 - accuracy: 0.6260
