2024-06-26 12:56:16.399810: I tensorflow/core/platform/cpu_feature_guard.cc:193] This TensorFlow binary is optimized with oneAPI Deep Neural Network Library (oneDNN) to use the following CPU instructions in performance-critical operations:  AVX AVX2
To enable them in other operations, rebuild TensorFlow with the appropriate compiler flags.
2024-06-26 12:56:17.015479: I tensorflow/core/common_runtime/gpu/gpu_device.cc:1616] Created device /job:localhost/replica:0/task:0/device:GPU:0 with 6656 MB memory:  -> device: 0, name: NVIDIA GeForce RTX 4060 Ti, pci bus id: 0000:01:00.0, compute capability: 8.9
1 Physical GPUs, 1 Logical GPUs
Model: "sequential"
_________________________________________________________________
 Layer (type)                Output Shape              Param #   
=================================================================
 conv2d (Conv2D)             (None, 32, 32, 32)        896       
                                                                 
 batch_normalization (BatchN  (None, 32, 32, 32)       128       
 ormalization)                                                   
                                                                 
 dropout (Dropout)           (None, 32, 32, 32)        0         
                                                                 
 flatten (Flatten)           (None, 32768)             0         
                                                                 
 dense (Dense)               (None, 10)                327690    
                                                                 
=================================================================
Total params: 328,714
Trainable params: 328,650
Non-trainable params: 64
_________________________________________________________________
Taxa de aprendizado:  0.01 Num de épocas:  140 Tamanho do lote:  128 Dropout:  0.17641
Epoch 1/140
2024-06-26 12:56:18.363974: I tensorflow/stream_executor/cuda/cuda_dnn.cc:384] Loaded cuDNN version 8100
2024-06-26 12:56:19.190431: W tensorflow/stream_executor/gpu/redzone_allocator.cc:314] INTERNAL: ptxas exited with non-zero error code -1, output: 
Relying on driver to perform ptx compilation. 
Modify $PATH to customize ptxas location.
This message will be only logged once.
2024-06-26 12:56:19.967466: I tensorflow/stream_executor/cuda/cuda_blas.cc:1614] TensorFloat-32 will be used for the matrix multiplication. This will only be logged once.

  1/391 [..............................] - ETA: 18:25 - loss: 2.6239 - accuracy: 0.0781
 10/391 [..............................] - ETA: 2s - loss: 8.9178 - accuracy: 0.1477   
 20/391 [>.............................] - ETA: 2s - loss: 5.6661 - accuracy: 0.1418
 30/391 [=>............................] - ETA: 2s - loss: 4.5914 - accuracy: 0.1443
 38/391 [=>............................] - ETA: 2s - loss: 4.1245 - accuracy: 0.1474
 47/391 [==>...........................] - ETA: 2s - loss: 3.7646 - accuracy: 0.1539
 52/391 [==>...........................] - ETA: 2s - loss: 3.6260 - accuracy: 0.1589
 62/391 [===>..........................] - ETA: 2s - loss: 3.3954 - accuracy: 0.1711
 72/391 [====>.........................] - ETA: 2s - loss: 3.2160 - accuracy: 0.1819
 82/391 [=====>........................] - ETA: 2s - loss: 3.0832 - accuracy: 0.1886
 92/391 [======>.......................] - ETA: 2s - loss: 2.9632 - accuracy: 0.1970
103/391 [======>.......................] - ETA: 1s - loss: 2.8578 - accuracy: 0.2043
113/391 [=======>......................] - ETA: 1s - loss: 2.7731 - accuracy: 0.2126
123/391 [========>.....................] - ETA: 1s - loss: 2.7067 - accuracy: 0.2195
133/391 [=========>....................] - ETA: 1s - loss: 2.6466 - accuracy: 0.2251
144/391 [==========>...................] - ETA: 1s - loss: 2.5880 - accuracy: 0.2305
154/391 [==========>...................] - ETA: 1s - loss: 2.5412 - accuracy: 0.2363
165/391 [===========>..................] - ETA: 1s - loss: 2.4952 - accuracy: 0.2426
175/391 [============>.................] - ETA: 1s - loss: 2.4581 - accuracy: 0.2474
186/391 [=============>................] - ETA: 1s - loss: 2.4218 - accuracy: 0.2511
196/391 [==============>...............] - ETA: 1s - loss: 2.3941 - accuracy: 0.2541
206/391 [==============>...............] - ETA: 1s - loss: 2.3660 - accuracy: 0.2574
216/391 [===============>..............] - ETA: 1s - loss: 2.3422 - accuracy: 0.2604
226/391 [================>.............] - ETA: 1s - loss: 2.3190 - accuracy: 0.2646
236/391 [=================>............] - ETA: 0s - loss: 2.2978 - accuracy: 0.2674
247/391 [=================>............] - ETA: 0s - loss: 2.2761 - accuracy: 0.2700
257/391 [==================>...........] - ETA: 0s - loss: 2.2577 - accuracy: 0.2728
266/391 [===================>..........] - ETA: 0s - loss: 2.2445 - accuracy: 0.2745
277/391 [====================>.........] - ETA: 0s - loss: 2.2281 - accuracy: 0.2772
287/391 [=====================>........] - ETA: 0s - loss: 2.2139 - accuracy: 0.2791
297/391 [=====================>........] - ETA: 0s - loss: 2.2005 - accuracy: 0.2808
307/391 [======================>.......] - ETA: 0s - loss: 2.1874 - accuracy: 0.2832
318/391 [=======================>......] - ETA: 0s - loss: 2.1738 - accuracy: 0.2849
329/391 [========================>.....] - ETA: 0s - loss: 2.1608 - accuracy: 0.2873
338/391 [========================>.....] - ETA: 0s - loss: 2.1512 - accuracy: 0.2888
348/391 [=========================>....] - ETA: 0s - loss: 2.1423 - accuracy: 0.2901
358/391 [==========================>...] - ETA: 0s - loss: 2.1325 - accuracy: 0.2917
368/391 [===========================>..] - ETA: 0s - loss: 2.1235 - accuracy: 0.2928
377/391 [===========================>..] - ETA: 0s - loss: 2.1145 - accuracy: 0.2940
386/391 [============================>.] - ETA: 0s - loss: 2.1066 - accuracy: 0.2955
391/391 [==============================] - 6s 9ms/step - loss: 2.1031 - accuracy: 0.2962 - val_loss: 2.0492 - val_accuracy: 0.2240
Epoch 2/140

  1/391 [..............................] - ETA: 6s - loss: 1.8255 - accuracy: 0.3359
 11/391 [..............................] - ETA: 2s - loss: 1.8413 - accuracy: 0.3288
 21/391 [>.............................] - ETA: 2s - loss: 1.7941 - accuracy: 0.3471
 32/391 [=>............................] - ETA: 2s - loss: 1.7883 - accuracy: 0.3555
 43/391 [==>...........................] - ETA: 2s - loss: 1.7748 - accuracy: 0.3630
 53/391 [===>..........................] - ETA: 2s - loss: 1.7701 - accuracy: 0.3642
 63/391 [===>..........................] - ETA: 1s - loss: 1.7718 - accuracy: 0.3660
 74/391 [====>.........................] - ETA: 1s - loss: 1.7756 - accuracy: 0.3639
 84/391 [=====>........................] - ETA: 1s - loss: 1.7844 - accuracy: 0.3610
 95/391 [======>.......................] - ETA: 1s - loss: 1.7832 - accuracy: 0.3612
105/391 [=======>......................] - ETA: 1s - loss: 1.7842 - accuracy: 0.3592
115/391 [=======>......................] - ETA: 1s - loss: 1.7791 - accuracy: 0.3596
125/391 [========>.....................] - ETA: 1s - loss: 1.7766 - accuracy: 0.3601
136/391 [=========>....................] - ETA: 1s - loss: 1.7744 - accuracy: 0.3611
146/391 [==========>...................] - ETA: 1s - loss: 1.7735 - accuracy: 0.3609
157/391 [===========>..................] - ETA: 1s - loss: 1.7732 - accuracy: 0.3612
167/391 [===========>..................] - ETA: 1s - loss: 1.7757 - accuracy: 0.3586
177/391 [============>.................] - ETA: 1s - loss: 1.7765 - accuracy: 0.3583
187/391 [=============>................] - ETA: 1s - loss: 1.7797 - accuracy: 0.3567
197/391 [==============>...............] - ETA: 1s - loss: 1.7845 - accuracy: 0.3551
208/391 [==============>...............] - ETA: 1s - loss: 1.7829 - accuracy: 0.3552
218/391 [===============>..............] - ETA: 1s - loss: 1.7790 - accuracy: 0.3567
228/391 [================>.............] - ETA: 0s - loss: 1.7801 - accuracy: 0.3555
238/391 [=================>............] - ETA: 0s - loss: 1.7811 - accuracy: 0.3549
248/391 [==================>...........] - ETA: 0s - loss: 1.7836 - accuracy: 0.3532
259/391 [==================>...........] - ETA: 0s - loss: 1.7843 - accuracy: 0.3522
267/391 [===================>..........] - ETA: 0s - loss: 1.7843 - accuracy: 0.3522
276/391 [====================>.........] - ETA: 0s - loss: 1.7850 - accuracy: 0.3525
286/391 [====================>.........] - ETA: 0s - loss: 1.7862 - accuracy: 0.3517
296/391 [=====================>........] - ETA: 0s - loss: 1.7859 - accuracy: 0.3516
307/391 [======================>.......] - ETA: 0s - loss: 1.7843 - accuracy: 0.3523
317/391 [=======================>......] - ETA: 0s - loss: 1.7843 - accuracy: 0.3520
328/391 [========================>.....] - ETA: 0s - loss: 1.7847 - accuracy: 0.3519
338/391 [========================>.....] - ETA: 0s - loss: 1.7846 - accuracy: 0.3515
348/391 [=========================>....] - ETA: 0s - loss: 1.7842 - accuracy: 0.3515
358/391 [==========================>...] - ETA: 0s - loss: 1.7842 - accuracy: 0.3515
368/391 [===========================>..] - ETA: 0s - loss: 1.7839 - accuracy: 0.3515
379/391 [============================>.] - ETA: 0s - loss: 1.7834 - accuracy: 0.3517
389/391 [============================>.] - ETA: 0s - loss: 1.7834 - accuracy: 0.3519
391/391 [==============================] - 3s 8ms/step - loss: 1.7841 - accuracy: 0.3516 - val_loss: 1.7718 - val_accuracy: 0.3569
Epoch 3/140

  1/391 [..............................] - ETA: 6s - loss: 1.7540 - accuracy: 0.3516
 10/391 [..............................] - ETA: 2s - loss: 1.7466 - accuracy: 0.3875
 23/391 [>.............................] - ETA: 2s - loss: 1.7508 - accuracy: 0.3784
 37/391 [=>............................] - ETA: 1s - loss: 1.7786 - accuracy: 0.3657
 51/391 [==>...........................] - ETA: 1s - loss: 1.7777 - accuracy: 0.3634
 65/391 [===>..........................] - ETA: 1s - loss: 1.7680 - accuracy: 0.3651
 75/391 [====>.........................] - ETA: 1s - loss: 1.7626 - accuracy: 0.3665
 88/391 [=====>........................] - ETA: 1s - loss: 1.7579 - accuracy: 0.3652
102/391 [======>.......................] - ETA: 1s - loss: 1.7600 - accuracy: 0.3610
116/391 [=======>......................] - ETA: 1s - loss: 1.7582 - accuracy: 0.3634
129/391 [========>.....................] - ETA: 1s - loss: 1.7554 - accuracy: 0.3646
143/391 [=========>....................] - ETA: 1s - loss: 1.7560 - accuracy: 0.3657
157/391 [===========>..................] - ETA: 1s - loss: 1.7580 - accuracy: 0.3656
170/391 [============>.................] - ETA: 1s - loss: 1.7608 - accuracy: 0.3635
183/391 [=============>................] - ETA: 0s - loss: 1.7599 - accuracy: 0.3634
192/391 [=============>................] - ETA: 0s - loss: 1.7617 - accuracy: 0.3630
201/391 [==============>...............] - ETA: 0s - loss: 1.7639 - accuracy: 0.3619
212/391 [===============>..............] - ETA: 0s - loss: 1.7655 - accuracy: 0.3615
222/391 [================>.............] - ETA: 0s - loss: 1.7656 - accuracy: 0.3609
232/391 [================>.............] - ETA: 0s - loss: 1.7663 - accuracy: 0.3605
243/391 [=================>............] - ETA: 0s - loss: 1.7659 - accuracy: 0.3609
253/391 [==================>...........] - ETA: 0s - loss: 1.7666 - accuracy: 0.3607
263/391 [===================>..........] - ETA: 0s - loss: 1.7682 - accuracy: 0.3604
273/391 [===================>..........] - ETA: 0s - loss: 1.7654 - accuracy: 0.3614
284/391 [====================>.........] - ETA: 0s - loss: 1.7649 - accuracy: 0.3616
294/391 [=====================>........] - ETA: 0s - loss: 1.7673 - accuracy: 0.3607
304/391 [======================>.......] - ETA: 0s - loss: 1.7669 - accuracy: 0.3611
314/391 [=======================>......] - ETA: 0s - loss: 1.7666 - accuracy: 0.3612
324/391 [=======================>......] - ETA: 0s - loss: 1.7672 - accuracy: 0.3611
335/391 [========================>.....] - ETA: 0s - loss: 1.7673 - accuracy: 0.3603
343/391 [=========================>....] - ETA: 0s - loss: 1.7675 - accuracy: 0.3603
352/391 [==========================>...] - ETA: 0s - loss: 1.7680 - accuracy: 0.3602
360/391 [==========================>...] - ETA: 0s - loss: 1.7685 - accuracy: 0.3595
371/391 [===========================>..] - ETA: 0s - loss: 1.7693 - accuracy: 0.3592
380/391 [============================>.] - ETA: 0s - loss: 1.7688 - accuracy: 0.3597
390/391 [============================>.] - ETA: 0s - loss: 1.7682 - accuracy: 0.3598
391/391 [==============================] - 3s 7ms/step - loss: 1.7683 - accuracy: 0.3599 - val_loss: 1.9267 - val_accuracy: 0.3349
Epoch 4/140

  1/391 [..............................] - ETA: 6s - loss: 1.7747 - accuracy: 0.3516
 12/391 [..............................] - ETA: 2s - loss: 1.7192 - accuracy: 0.3861
 22/391 [>.............................] - ETA: 2s - loss: 1.7095 - accuracy: 0.3796
 33/391 [=>............................] - ETA: 2s - loss: 1.7292 - accuracy: 0.3693
 43/391 [==>...........................] - ETA: 2s - loss: 1.7406 - accuracy: 0.3668
 51/391 [==>...........................] - ETA: 2s - loss: 1.7460 - accuracy: 0.3654
 60/391 [===>..........................] - ETA: 1s - loss: 1.7476 - accuracy: 0.3646
 69/391 [====>.........................] - ETA: 1s - loss: 1.7516 - accuracy: 0.3645
 79/391 [=====>........................] - ETA: 1s - loss: 1.7550 - accuracy: 0.3633
 89/391 [=====>........................] - ETA: 1s - loss: 1.7488 - accuracy: 0.3654
100/391 [======>.......................] - ETA: 1s - loss: 1.7475 - accuracy: 0.3654
110/391 [=======>......................] - ETA: 1s - loss: 1.7480 - accuracy: 0.3650
118/391 [========>.....................] - ETA: 1s - loss: 1.7474 - accuracy: 0.3666
128/391 [========>.....................] - ETA: 1s - loss: 1.7487 - accuracy: 0.3674
138/391 [=========>....................] - ETA: 1s - loss: 1.7447 - accuracy: 0.3673
149/391 [==========>...................] - ETA: 1s - loss: 1.7425 - accuracy: 0.3677
160/391 [===========>..................] - ETA: 1s - loss: 1.7439 - accuracy: 0.3684
170/391 [============>.................] - ETA: 1s - loss: 1.7428 - accuracy: 0.3688
181/391 [============>.................] - ETA: 1s - loss: 1.7431 - accuracy: 0.3677
192/391 [=============>................] - ETA: 1s - loss: 1.7445 - accuracy: 0.3674
202/391 [==============>...............] - ETA: 1s - loss: 1.7439 - accuracy: 0.3671
212/391 [===============>..............] - ETA: 1s - loss: 1.7445 - accuracy: 0.3674
223/391 [================>.............] - ETA: 1s - loss: 1.7461 - accuracy: 0.3666
231/391 [================>.............] - ETA: 0s - loss: 1.7479 - accuracy: 0.3657
241/391 [=================>............] - ETA: 0s - loss: 1.7487 - accuracy: 0.3657
251/391 [==================>...........] - ETA: 0s - loss: 1.7476 - accuracy: 0.3670
261/391 [===================>..........] - ETA: 0s - loss: 1.7464 - accuracy: 0.3668
272/391 [===================>..........] - ETA: 0s - loss: 1.7462 - accuracy: 0.3666
282/391 [====================>.........] - ETA: 0s - loss: 1.7470 - accuracy: 0.3667
292/391 [=====================>........] - ETA: 0s - loss: 1.7469 - accuracy: 0.3669
303/391 [======================>.......] - ETA: 0s - loss: 1.7458 - accuracy: 0.3674
313/391 [=======================>......] - ETA: 0s - loss: 1.7471 - accuracy: 0.3670
324/391 [=======================>......] - ETA: 0s - loss: 1.7467 - accuracy: 0.3675
334/391 [========================>.....] - ETA: 0s - loss: 1.7453 - accuracy: 0.3674
345/391 [=========================>....] - ETA: 0s - loss: 1.7468 - accuracy: 0.3670
355/391 [==========================>...] - ETA: 0s - loss: 1.7476 - accuracy: 0.3671
365/391 [===========================>..] - ETA: 0s - loss: 1.7479 - accuracy: 0.3669
375/391 [===========================>..] - ETA: 0s - loss: 1.7473 - accuracy: 0.3669
386/391 [============================>.] - ETA: 0s - loss: 1.7475 - accuracy: 0.3668
391/391 [==============================] - 3s 8ms/step - loss: 1.7472 - accuracy: 0.3670 - val_loss: 1.7176 - val_accuracy: 0.3775
Epoch 5/140

  1/391 [..............................] - ETA: 6s - loss: 1.7952 - accuracy: 0.3984
 12/391 [..............................] - ETA: 2s - loss: 1.7252 - accuracy: 0.3763
 23/391 [>.............................] - ETA: 2s - loss: 1.7442 - accuracy: 0.3801
 33/391 [=>............................] - ETA: 2s - loss: 1.7323 - accuracy: 0.3845
 44/391 [==>...........................] - ETA: 2s - loss: 1.7369 - accuracy: 0.3775
 54/391 [===>..........................] - ETA: 1s - loss: 1.7394 - accuracy: 0.3737
 65/391 [===>..........................] - ETA: 1s - loss: 1.7359 - accuracy: 0.3715
 75/391 [====>.........................] - ETA: 1s - loss: 1.7319 - accuracy: 0.3752
 86/391 [=====>........................] - ETA: 1s - loss: 1.7336 - accuracy: 0.3745
 96/391 [======>.......................] - ETA: 1s - loss: 1.7373 - accuracy: 0.3730
107/391 [=======>......................] - ETA: 1s - loss: 1.7423 - accuracy: 0.3713
117/391 [=======>......................] - ETA: 1s - loss: 1.7390 - accuracy: 0.3735
127/391 [========>.....................] - ETA: 1s - loss: 1.7427 - accuracy: 0.3716
137/391 [=========>....................] - ETA: 1s - loss: 1.7442 - accuracy: 0.3719
146/391 [==========>...................] - ETA: 1s - loss: 1.7464 - accuracy: 0.3708
154/391 [==========>...................] - ETA: 1s - loss: 1.7444 - accuracy: 0.3712
164/391 [===========>..................] - ETA: 1s - loss: 1.7475 - accuracy: 0.3700
174/391 [============>.................] - ETA: 1s - loss: 1.7499 - accuracy: 0.3677
183/391 [=============>................] - ETA: 1s - loss: 1.7540 - accuracy: 0.3660
194/391 [=============>................] - ETA: 1s - loss: 1.7550 - accuracy: 0.3656
207/391 [==============>...............] - ETA: 1s - loss: 1.7607 - accuracy: 0.3635
221/391 [===============>..............] - ETA: 1s - loss: 1.7594 - accuracy: 0.3640
235/391 [=================>............] - ETA: 0s - loss: 1.7569 - accuracy: 0.3648
248/391 [==================>...........] - ETA: 0s - loss: 1.7574 - accuracy: 0.3644
261/391 [===================>..........] - ETA: 0s - loss: 1.7576 - accuracy: 0.3644
275/391 [====================>.........] - ETA: 0s - loss: 1.7570 - accuracy: 0.3643
288/391 [=====================>........] - ETA: 0s - loss: 1.7566 - accuracy: 0.3648
301/391 [======================>.......] - ETA: 0s - loss: 1.7558 - accuracy: 0.3655
315/391 [=======================>......] - ETA: 0s - loss: 1.7553 - accuracy: 0.3659
321/391 [=======================>......] - ETA: 0s - loss: 1.7549 - accuracy: 0.3659
330/391 [========================>.....] - ETA: 0s - loss: 1.7543 - accuracy: 0.3665
342/391 [=========================>....] - ETA: 0s - loss: 1.7528 - accuracy: 0.3670
356/391 [==========================>...] - ETA: 0s - loss: 1.7526 - accuracy: 0.3667
369/391 [===========================>..] - ETA: 0s - loss: 1.7529 - accuracy: 0.3673
379/391 [============================>.] - ETA: 0s - loss: 1.7539 - accuracy: 0.3670
390/391 [============================>.] - ETA: 0s - loss: 1.7553 - accuracy: 0.3663
391/391 [==============================] - 3s 7ms/step - loss: 1.7550 - accuracy: 0.3663 - val_loss: 1.7618 - val_accuracy: 0.3631
Epoch 6/140

  1/391 [..............................] - ETA: 6s - loss: 1.7170 - accuracy: 0.3359
 10/391 [..............................] - ETA: 2s - loss: 1.7335 - accuracy: 0.3633
 21/391 [>.............................] - ETA: 2s - loss: 1.7412 - accuracy: 0.3720
 31/391 [=>............................] - ETA: 2s - loss: 1.7407 - accuracy: 0.3750
 41/391 [==>...........................] - ETA: 2s - loss: 1.7545 - accuracy: 0.3700
 51/391 [==>...........................] - ETA: 2s - loss: 1.7550 - accuracy: 0.3678
 62/391 [===>..........................] - ETA: 2s - loss: 1.7569 - accuracy: 0.3658
 72/391 [====>.........................] - ETA: 1s - loss: 1.7615 - accuracy: 0.3624
 82/391 [=====>........................] - ETA: 1s - loss: 1.7614 - accuracy: 0.3619
 92/391 [======>.......................] - ETA: 1s - loss: 1.7593 - accuracy: 0.3617
103/391 [======>.......................] - ETA: 1s - loss: 1.7574 - accuracy: 0.3629
114/391 [=======>......................] - ETA: 1s - loss: 1.7583 - accuracy: 0.3623
124/391 [========>.....................] - ETA: 1s - loss: 1.7540 - accuracy: 0.3650
135/391 [=========>....................] - ETA: 1s - loss: 1.7479 - accuracy: 0.3671
145/391 [==========>...................] - ETA: 1s - loss: 1.7469 - accuracy: 0.3677
155/391 [==========>...................] - ETA: 1s - loss: 1.7476 - accuracy: 0.3669
165/391 [===========>..................] - ETA: 1s - loss: 1.7481 - accuracy: 0.3660
175/391 [============>.................] - ETA: 1s - loss: 1.7491 - accuracy: 0.3669
186/391 [=============>................] - ETA: 1s - loss: 1.7498 - accuracy: 0.3670
197/391 [==============>...............] - ETA: 1s - loss: 1.7536 - accuracy: 0.3651
207/391 [==============>...............] - ETA: 1s - loss: 1.7546 - accuracy: 0.3644
218/391 [===============>..............] - ETA: 1s - loss: 1.7544 - accuracy: 0.3646
228/391 [================>.............] - ETA: 0s - loss: 1.7537 - accuracy: 0.3650
239/391 [=================>............] - ETA: 0s - loss: 1.7556 - accuracy: 0.3632
249/391 [==================>...........] - ETA: 0s - loss: 1.7539 - accuracy: 0.3630
260/391 [==================>...........] - ETA: 0s - loss: 1.7543 - accuracy: 0.3628
271/391 [===================>..........] - ETA: 0s - loss: 1.7541 - accuracy: 0.3621
281/391 [====================>.........] - ETA: 0s - loss: 1.7544 - accuracy: 0.3622
292/391 [=====================>........] - ETA: 0s - loss: 1.7545 - accuracy: 0.3630
303/391 [======================>.......] - ETA: 0s - loss: 1.7541 - accuracy: 0.3630
311/391 [======================>.......] - ETA: 0s - loss: 1.7539 - accuracy: 0.3635
321/391 [=======================>......] - ETA: 0s - loss: 1.7535 - accuracy: 0.3638
332/391 [========================>.....] - ETA: 0s - loss: 1.7538 - accuracy: 0.3639
342/391 [=========================>....] - ETA: 0s - loss: 1.7539 - accuracy: 0.3643
353/391 [==========================>...] - ETA: 0s - loss: 1.7527 - accuracy: 0.3639
363/391 [==========================>...] - ETA: 0s - loss: 1.7515 - accuracy: 0.3644
374/391 [===========================>..] - ETA: 0s - loss: 1.7515 - accuracy: 0.3643
385/391 [============================>.] - ETA: 0s - loss: 1.7519 - accuracy: 0.3649
391/391 [==============================] - 3s 8ms/step - loss: 1.7521 - accuracy: 0.3647 - val_loss: 1.7690 - val_accuracy: 0.3598
Epoch 7/140

  1/391 [..............................] - ETA: 6s - loss: 1.8766 - accuracy: 0.3359
 10/391 [..............................] - ETA: 2s - loss: 1.7119 - accuracy: 0.3688
 21/391 [>.............................] - ETA: 2s - loss: 1.7085 - accuracy: 0.3798
 28/391 [=>............................] - ETA: 2s - loss: 1.7174 - accuracy: 0.3803
 38/391 [=>............................] - ETA: 2s - loss: 1.7263 - accuracy: 0.3762
 49/391 [==>...........................] - ETA: 2s - loss: 1.7231 - accuracy: 0.3723
 59/391 [===>..........................] - ETA: 2s - loss: 1.7273 - accuracy: 0.3689
 70/391 [====>.........................] - ETA: 1s - loss: 1.7321 - accuracy: 0.3696
 81/391 [=====>........................] - ETA: 1s - loss: 1.7245 - accuracy: 0.3728
 91/391 [=====>........................] - ETA: 1s - loss: 1.7236 - accuracy: 0.3723
101/391 [======>.......................] - ETA: 1s - loss: 1.7268 - accuracy: 0.3700
113/391 [=======>......................] - ETA: 1s - loss: 1.7302 - accuracy: 0.3697
123/391 [========>.....................] - ETA: 1s - loss: 1.7287 - accuracy: 0.3707
134/391 [=========>....................] - ETA: 1s - loss: 1.7312 - accuracy: 0.3702
144/391 [==========>...................] - ETA: 1s - loss: 1.7337 - accuracy: 0.3695
154/391 [==========>...................] - ETA: 1s - loss: 1.7345 - accuracy: 0.3696
164/391 [===========>..................] - ETA: 1s - loss: 1.7359 - accuracy: 0.3698
174/391 [============>.................] - ETA: 1s - loss: 1.7381 - accuracy: 0.3680
185/391 [=============>................] - ETA: 1s - loss: 1.7345 - accuracy: 0.3701
195/391 [=============>................] - ETA: 1s - loss: 1.7371 - accuracy: 0.3697
205/391 [==============>...............] - ETA: 1s - loss: 1.7385 - accuracy: 0.3692
216/391 [===============>..............] - ETA: 1s - loss: 1.7374 - accuracy: 0.3696
226/391 [================>.............] - ETA: 0s - loss: 1.7367 - accuracy: 0.3695
237/391 [=================>............] - ETA: 0s - loss: 1.7359 - accuracy: 0.3702
247/391 [=================>............] - ETA: 0s - loss: 1.7367 - accuracy: 0.3704
258/391 [==================>...........] - ETA: 0s - loss: 1.7372 - accuracy: 0.3704
269/391 [===================>..........] - ETA: 0s - loss: 1.7359 - accuracy: 0.3711
280/391 [====================>.........] - ETA: 0s - loss: 1.7357 - accuracy: 0.3712
290/391 [=====================>........] - ETA: 0s - loss: 1.7378 - accuracy: 0.3703
300/391 [======================>.......] - ETA: 0s - loss: 1.7379 - accuracy: 0.3700
311/391 [======================>.......] - ETA: 0s - loss: 1.7395 - accuracy: 0.3701
322/391 [=======================>......] - ETA: 0s - loss: 1.7407 - accuracy: 0.3692
333/391 [========================>.....] - ETA: 0s - loss: 1.7412 - accuracy: 0.3693
343/391 [=========================>....] - ETA: 0s - loss: 1.7425 - accuracy: 0.3683
353/391 [==========================>...] - ETA: 0s - loss: 1.7415 - accuracy: 0.3687
363/391 [==========================>...] - ETA: 0s - loss: 1.7446 - accuracy: 0.3674
378/391 [============================>.] - ETA: 0s - loss: 1.7438 - accuracy: 0.3677
391/391 [==============================] - ETA: 0s - loss: 1.7443 - accuracy: 0.3678
391/391 [==============================] - 3s 7ms/step - loss: 1.7443 - accuracy: 0.3678 - val_loss: 1.8137 - val_accuracy: 0.3567
Epoch 8/140

  1/391 [..............................] - ETA: 6s - loss: 1.7890 - accuracy: 0.3203
 10/391 [..............................] - ETA: 2s - loss: 1.6847 - accuracy: 0.3766
 21/391 [>.............................] - ETA: 2s - loss: 1.7184 - accuracy: 0.3810
 32/391 [=>............................] - ETA: 2s - loss: 1.7159 - accuracy: 0.3835
 42/391 [==>...........................] - ETA: 2s - loss: 1.7107 - accuracy: 0.3830
 52/391 [==>...........................] - ETA: 2s - loss: 1.7300 - accuracy: 0.3762
 63/391 [===>..........................] - ETA: 1s - loss: 1.7299 - accuracy: 0.3746
 72/391 [====>.........................] - ETA: 1s - loss: 1.7316 - accuracy: 0.3715
 83/391 [=====>........................] - ETA: 1s - loss: 1.7368 - accuracy: 0.3698
 93/391 [======>.......................] - ETA: 1s - loss: 1.7428 - accuracy: 0.3710
104/391 [======>.......................] - ETA: 1s - loss: 1.7407 - accuracy: 0.3710
114/391 [=======>......................] - ETA: 1s - loss: 1.7395 - accuracy: 0.3697
125/391 [========>.....................] - ETA: 1s - loss: 1.7362 - accuracy: 0.3706
135/391 [=========>....................] - ETA: 1s - loss: 1.7387 - accuracy: 0.3692
146/391 [==========>...................] - ETA: 1s - loss: 1.7379 - accuracy: 0.3698
156/391 [==========>...................] - ETA: 1s - loss: 1.7394 - accuracy: 0.3681
167/391 [===========>..................] - ETA: 1s - loss: 1.7387 - accuracy: 0.3683
177/391 [============>.................] - ETA: 1s - loss: 1.7408 - accuracy: 0.3669
188/391 [=============>................] - ETA: 1s - loss: 1.7417 - accuracy: 0.3667
198/391 [==============>...............] - ETA: 1s - loss: 1.7432 - accuracy: 0.3665
209/391 [===============>..............] - ETA: 1s - loss: 1.7463 - accuracy: 0.3645
217/391 [===============>..............] - ETA: 1s - loss: 1.7470 - accuracy: 0.3648
227/391 [================>.............] - ETA: 0s - loss: 1.7457 - accuracy: 0.3660
237/391 [=================>............] - ETA: 0s - loss: 1.7442 - accuracy: 0.3669
248/391 [==================>...........] - ETA: 0s - loss: 1.7454 - accuracy: 0.3675
259/391 [==================>...........] - ETA: 0s - loss: 1.7442 - accuracy: 0.3675
270/391 [===================>..........] - ETA: 0s - loss: 1.7439 - accuracy: 0.3677
280/391 [====================>.........] - ETA: 0s - loss: 1.7453 - accuracy: 0.3673
291/391 [=====================>........] - ETA: 0s - loss: 1.7458 - accuracy: 0.3677
301/391 [======================>.......] - ETA: 0s - loss: 1.7449 - accuracy: 0.3678
311/391 [======================>.......] - ETA: 0s - loss: 1.7470 - accuracy: 0.3671
322/391 [=======================>......] - ETA: 0s - loss: 1.7451 - accuracy: 0.3679
332/391 [========================>.....] - ETA: 0s - loss: 1.7460 - accuracy: 0.3679
342/391 [=========================>....] - ETA: 0s - loss: 1.7469 - accuracy: 0.3677
352/391 [==========================>...] - ETA: 0s - loss: 1.7461 - accuracy: 0.3680
363/391 [==========================>...] - ETA: 0s - loss: 1.7474 - accuracy: 0.3678
373/391 [===========================>..] - ETA: 0s - loss: 1.7459 - accuracy: 0.3686
384/391 [============================>.] - ETA: 0s - loss: 1.7449 - accuracy: 0.3686
391/391 [==============================] - 3s 8ms/step - loss: 1.7438 - accuracy: 0.3692 - val_loss: 1.7253 - val_accuracy: 0.3690
Epoch 9/140

  1/391 [..............................] - ETA: 4s - loss: 1.6446 - accuracy: 0.4375
 11/391 [..............................] - ETA: 2s - loss: 1.7112 - accuracy: 0.3906
 22/391 [>.............................] - ETA: 2s - loss: 1.7077 - accuracy: 0.3878
 31/391 [=>............................] - ETA: 2s - loss: 1.7249 - accuracy: 0.3780
 42/391 [==>...........................] - ETA: 2s - loss: 1.7219 - accuracy: 0.3843
 52/391 [==>...........................] - ETA: 2s - loss: 1.7154 - accuracy: 0.3869
 62/391 [===>..........................] - ETA: 2s - loss: 1.7089 - accuracy: 0.3899
 73/391 [====>.........................] - ETA: 1s - loss: 1.7130 - accuracy: 0.3866
 84/391 [=====>........................] - ETA: 1s - loss: 1.7143 - accuracy: 0.3850
 94/391 [======>.......................] - ETA: 1s - loss: 1.7149 - accuracy: 0.3846
104/391 [======>.......................] - ETA: 1s - loss: 1.7165 - accuracy: 0.3842
114/391 [=======>......................] - ETA: 1s - loss: 1.7203 - accuracy: 0.3827
125/391 [========>.....................] - ETA: 1s - loss: 1.7152 - accuracy: 0.3850
135/391 [=========>....................] - ETA: 1s - loss: 1.7154 - accuracy: 0.3843
145/391 [==========>...................] - ETA: 1s - loss: 1.7170 - accuracy: 0.3843
154/391 [==========>...................] - ETA: 1s - loss: 1.7214 - accuracy: 0.3818
164/391 [===========>..................] - ETA: 1s - loss: 1.7231 - accuracy: 0.3809
174/391 [============>.................] - ETA: 1s - loss: 1.7249 - accuracy: 0.3806
186/391 [=============>................] - ETA: 1s - loss: 1.7285 - accuracy: 0.3796
196/391 [==============>...............] - ETA: 1s - loss: 1.7297 - accuracy: 0.3796
207/391 [==============>...............] - ETA: 1s - loss: 1.7310 - accuracy: 0.3780
216/391 [===============>..............] - ETA: 1s - loss: 1.7361 - accuracy: 0.3764
226/391 [================>.............] - ETA: 0s - loss: 1.7399 - accuracy: 0.3746
236/391 [=================>............] - ETA: 0s - loss: 1.7407 - accuracy: 0.3737
246/391 [=================>............] - ETA: 0s - loss: 1.7416 - accuracy: 0.3739
257/391 [==================>...........] - ETA: 0s - loss: 1.7454 - accuracy: 0.3730
266/391 [===================>..........] - ETA: 0s - loss: 1.7446 - accuracy: 0.3729
276/391 [====================>.........] - ETA: 0s - loss: 1.7440 - accuracy: 0.3731
286/391 [====================>.........] - ETA: 0s - loss: 1.7443 - accuracy: 0.3731
296/391 [=====================>........] - ETA: 0s - loss: 1.7443 - accuracy: 0.3727
307/391 [======================>.......] - ETA: 0s - loss: 1.7448 - accuracy: 0.3724
317/391 [=======================>......] - ETA: 0s - loss: 1.7452 - accuracy: 0.3726
328/391 [========================>.....] - ETA: 0s - loss: 1.7506 - accuracy: 0.3704
337/391 [========================>.....] - ETA: 0s - loss: 1.7531 - accuracy: 0.3694
348/391 [=========================>....] - ETA: 0s - loss: 1.7578 - accuracy: 0.3676
358/391 [==========================>...] - ETA: 0s - loss: 1.7584 - accuracy: 0.3675
369/391 [===========================>..] - ETA: 0s - loss: 1.7602 - accuracy: 0.3667
378/391 [============================>.] - ETA: 0s - loss: 1.7596 - accuracy: 0.3662
389/391 [============================>.] - ETA: 0s - loss: 1.7609 - accuracy: 0.3655
391/391 [==============================] - 3s 8ms/step - loss: 1.7608 - accuracy: 0.3655 - val_loss: 1.8051 - val_accuracy: 0.3655
Epoch 10/140

  1/391 [..............................] - ETA: 6s - loss: 1.6058 - accuracy: 0.4141
 14/391 [>.............................] - ETA: 1s - loss: 1.6694 - accuracy: 0.4169
 27/391 [=>............................] - ETA: 1s - loss: 1.7074 - accuracy: 0.3898
 41/391 [==>...........................] - ETA: 1s - loss: 1.7140 - accuracy: 0.3868
 55/391 [===>..........................] - ETA: 1s - loss: 1.7114 - accuracy: 0.3868
 68/391 [====>.........................] - ETA: 1s - loss: 1.7071 - accuracy: 0.3900
 83/391 [=====>........................] - ETA: 1s - loss: 1.7118 - accuracy: 0.3823
 96/391 [======>.......................] - ETA: 1s - loss: 1.7143 - accuracy: 0.3814
110/391 [=======>......................] - ETA: 1s - loss: 1.7212 - accuracy: 0.3808
123/391 [========>.....................] - ETA: 1s - loss: 1.7189 - accuracy: 0.3807
133/391 [=========>....................] - ETA: 1s - loss: 1.7169 - accuracy: 0.3820
146/391 [==========>...................] - ETA: 1s - loss: 1.7186 - accuracy: 0.3811
160/391 [===========>..................] - ETA: 1s - loss: 1.7214 - accuracy: 0.3812
171/391 [============>.................] - ETA: 1s - loss: 1.7207 - accuracy: 0.3801
181/391 [============>.................] - ETA: 1s - loss: 1.7215 - accuracy: 0.3791
191/391 [=============>................] - ETA: 0s - loss: 1.7225 - accuracy: 0.3787
201/391 [==============>...............] - ETA: 0s - loss: 1.7240 - accuracy: 0.3783
211/391 [===============>..............] - ETA: 0s - loss: 1.7244 - accuracy: 0.3784
221/391 [===============>..............] - ETA: 0s - loss: 1.7253 - accuracy: 0.3782
231/391 [================>.............] - ETA: 0s - loss: 1.7248 - accuracy: 0.3787
241/391 [=================>............] - ETA: 0s - loss: 1.7261 - accuracy: 0.3782
251/391 [==================>...........] - ETA: 0s - loss: 1.7292 - accuracy: 0.3771
261/391 [===================>..........] - ETA: 0s - loss: 1.7309 - accuracy: 0.3765
271/391 [===================>..........] - ETA: 0s - loss: 1.7312 - accuracy: 0.3764
281/391 [====================>.........] - ETA: 0s - loss: 1.7331 - accuracy: 0.3752
292/391 [=====================>........] - ETA: 0s - loss: 1.7331 - accuracy: 0.3751
302/391 [======================>.......] - ETA: 0s - loss: 1.7323 - accuracy: 0.3752
312/391 [======================>.......] - ETA: 0s - loss: 1.7322 - accuracy: 0.3758
322/391 [=======================>......] - ETA: 0s - loss: 1.7322 - accuracy: 0.3760
332/391 [========================>.....] - ETA: 0s - loss: 1.7323 - accuracy: 0.3759
343/391 [=========================>....] - ETA: 0s - loss: 1.7319 - accuracy: 0.3755
353/391 [==========================>...] - ETA: 0s - loss: 1.7324 - accuracy: 0.3750
364/391 [==========================>...] - ETA: 0s - loss: 1.7334 - accuracy: 0.3747
374/391 [===========================>..] - ETA: 0s - loss: 1.7344 - accuracy: 0.3742
385/391 [============================>.] - ETA: 0s - loss: 1.7350 - accuracy: 0.3735
391/391 [==============================] - 3s 7ms/step - loss: 1.7354 - accuracy: 0.3729 - val_loss: 1.7677 - val_accuracy: 0.3702
Epoch 11/140

  1/391 [..............................] - ETA: 6s - loss: 1.6378 - accuracy: 0.3984
 12/391 [..............................] - ETA: 2s - loss: 1.7419 - accuracy: 0.3633
 23/391 [>.............................] - ETA: 2s - loss: 1.7130 - accuracy: 0.3757
 33/391 [=>............................] - ETA: 2s - loss: 1.7263 - accuracy: 0.3696
 43/391 [==>...........................] - ETA: 2s - loss: 1.7255 - accuracy: 0.3728
 53/391 [===>..........................] - ETA: 2s - loss: 1.7254 - accuracy: 0.3737
 63/391 [===>..........................] - ETA: 1s - loss: 1.7169 - accuracy: 0.3802
 73/391 [====>.........................] - ETA: 1s - loss: 1.7191 - accuracy: 0.3816
 83/391 [=====>........................] - ETA: 1s - loss: 1.7247 - accuracy: 0.3757
 94/391 [======>.......................] - ETA: 1s - loss: 1.7256 - accuracy: 0.3755
104/391 [======>.......................] - ETA: 1s - loss: 1.7260 - accuracy: 0.3768
114/391 [=======>......................] - ETA: 1s - loss: 1.7252 - accuracy: 0.3775
123/391 [========>.....................] - ETA: 1s - loss: 1.7311 - accuracy: 0.3760
133/391 [=========>....................] - ETA: 1s - loss: 1.7323 - accuracy: 0.3752
144/391 [==========>...................] - ETA: 1s - loss: 1.7328 - accuracy: 0.3752
154/391 [==========>...................] - ETA: 1s - loss: 1.7372 - accuracy: 0.3746
164/391 [===========>..................] - ETA: 1s - loss: 1.7360 - accuracy: 0.3738
173/391 [============>.................] - ETA: 1s - loss: 1.7400 - accuracy: 0.3720
184/391 [=============>................] - ETA: 1s - loss: 1.7434 - accuracy: 0.3703
194/391 [=============>................] - ETA: 1s - loss: 1.7467 - accuracy: 0.3692
204/391 [==============>...............] - ETA: 1s - loss: 1.7479 - accuracy: 0.3682
214/391 [===============>..............] - ETA: 1s - loss: 1.7502 - accuracy: 0.3669
224/391 [================>.............] - ETA: 1s - loss: 1.7478 - accuracy: 0.3671
235/391 [=================>............] - ETA: 0s - loss: 1.7510 - accuracy: 0.3658
245/391 [=================>............] - ETA: 0s - loss: 1.7496 - accuracy: 0.3659
256/391 [==================>...........] - ETA: 0s - loss: 1.7495 - accuracy: 0.3663
267/391 [===================>..........] - ETA: 0s - loss: 1.7517 - accuracy: 0.3656
277/391 [====================>.........] - ETA: 0s - loss: 1.7517 - accuracy: 0.3653
287/391 [=====================>........] - ETA: 0s - loss: 1.7530 - accuracy: 0.3645
298/391 [=====================>........] - ETA: 0s - loss: 1.7532 - accuracy: 0.3651
309/391 [======================>.......] - ETA: 0s - loss: 1.7546 - accuracy: 0.3648
320/391 [=======================>......] - ETA: 0s - loss: 1.7544 - accuracy: 0.3647
331/391 [========================>.....] - ETA: 0s - loss: 1.7556 - accuracy: 0.3638
340/391 [=========================>....] - ETA: 0s - loss: 1.7567 - accuracy: 0.3639
350/391 [=========================>....] - ETA: 0s - loss: 1.7551 - accuracy: 0.3647
361/391 [==========================>...] - ETA: 0s - loss: 1.7578 - accuracy: 0.3639
371/391 [===========================>..] - ETA: 0s - loss: 1.7591 - accuracy: 0.3634
381/391 [============================>.] - ETA: 0s - loss: 1.7607 - accuracy: 0.3630
391/391 [==============================] - 3s 8ms/step - loss: 1.7616 - accuracy: 0.3626 - val_loss: 1.8049 - val_accuracy: 0.3676
Epoch 11: early stopping

  1/313 [..............................] - ETA: 4s - loss: 1.6755 - accuracy: 0.2812
 22/313 [=>............................] - ETA: 0s - loss: 1.8603 - accuracy: 0.3395
 46/313 [===>..........................] - ETA: 0s - loss: 1.8092 - accuracy: 0.3689
 71/313 [=====>........................] - ETA: 0s - loss: 1.8136 - accuracy: 0.3688
 97/313 [========>.....................] - ETA: 0s - loss: 1.8110 - accuracy: 0.3718
123/313 [==========>...................] - ETA: 0s - loss: 1.8118 - accuracy: 0.3735
149/313 [=============>................] - ETA: 0s - loss: 1.8021 - accuracy: 0.3750
175/313 [===============>..............] - ETA: 0s - loss: 1.8092 - accuracy: 0.3696
206/313 [==================>...........] - ETA: 0s - loss: 1.8075 - accuracy: 0.3692
240/313 [======================>.......] - ETA: 0s - loss: 1.8100 - accuracy: 0.3695
273/313 [=========================>....] - ETA: 0s - loss: 1.8130 - accuracy: 0.3670
307/313 [============================>.] - ETA: 0s - loss: 1.8037 - accuracy: 0.3683
313/313 [==============================] - 1s 2ms/step - loss: 1.8049 - accuracy: 0.3676
